Time S I R
0.0  10000 1 0
0.1 9999.97122799 1.01750182212 0.0112701904731 
0.2 9999.94195253 1.03530985207 0.0227376163042 
0.3 9999.91216485 1.05342943001 0.0344057191343 
0.4 9999.88185711 1.07186531853 0.0462775684559 
0.5 9999.85102028 1.09062301259 0.0583567058841 
0.6 9999.81964366 1.10970901504 0.0706473225512 
0.7 9999.78771689 1.12912962907 0.0831534809586 
0.8 9999.75523106 1.14889026799 0.0958786704419 
0.9 9999.72217673 1.16899667389 0.108826592097 
1 9999.68854425 1.18945471642 0.122001029217 
1.1 9999.65432321 1.21027072934 0.135406064642 
1.2 9999.61950326 1.23145099287 0.149045746645 
1.3 9999.58407355 1.25300211753 0.162924336704 
1.4 9999.54802524 1.2749294649 0.17704529015 
1.5 9999.5113456 1.2972407905 0.191413607532 
1.6 9999.47402418 1.31994244105 0.206033380047 
1.7 9999.43605 1.34304109193 0.220908911081 
1.8 9999.3974114 1.36654383175 0.236044770793 
1.9 9999.35809684 1.39045767752 0.251445483095 
2 9999.31809452 1.41478980238 0.267115672691 
2.1 9999.27739239 1.43954753917 0.283060067358 
2.2 9999.23597815 1.46473836512 0.299283488116 
2.3 9999.19383944 1.49036978724 0.315790775421 
2.4 9999.1509636 1.51644950517 0.332586894004 
2.5 9999.1073377 1.54298538351 0.349676915091 
2.6 9999.06294856 1.56998543207 0.36706600365 
2.7 9999.01778278 1.59745780581 0.384759418386 
2.8 9998.97182676 1.62541075838 0.402762481899 
2.9 9998.92506675 1.65385265826 0.421080591065 
3 9998.87748871 1.68279204217 0.439719251302 
3.1 9998.82907836 1.71223758431 0.458684056798 
3.2 9998.77982121 1.74219809626 0.477980690512 
3.3 9998.72970251 1.77268255174 0.497614940165 
3.4 9998.67870706 1.80370018089 0.51759275939 
3.5 9998.62681953 1.8352603069 0.537920161813 
3.6 9998.57402436 1.86737239295 0.558603251486 
3.7 9998.52030572 1.9000460532 0.579648230018 
3.8 9998.4656477 1.93329095995 0.601061336333 
3.9 9998.41003341 1.96711739178 0.622849202277 
4 9998.35344636 2.00153535899 0.645018285256 
4.1 9998.29586954 2.03655520493 0.667575258347 
4.2 9998.23728567 2.07218742983 0.690526895988 
4.3 9998.17767723 2.10844269348 0.713880075761 
4.4 9998.11702631 2.14533187212 0.737641815289 
4.5 9998.05531452 2.18286614972 0.761819331513 
4.6 9997.99252331 2.22105679265 0.78641989441 
4.7 9997.92863386 2.25991524812 0.811450890851 
4.8 9997.86362701 2.29945315587 0.836919832257 
4.9 9997.79748329 2.33968235223 0.862834357174 
5 9997.73018289 2.38061487404 0.889202233863 
5.1 9997.66170567 2.42226296266 0.916031362875 
5.2 9997.59203115 2.4646390694 0.943329780587 
5.3 9997.52113835 2.50775593816 0.971105713129 
5.4 9997.44900594 2.55162653389 0.999367529694 
5.5 9997.37561226 2.59626401805 1.02812372646 
5.6 9997.30093526 2.6416817869 1.0573829516 
5.7 9997.22495252 2.68789347613 1.0871540083 
5.8 9997.14764118 2.73491296561 1.1174458578 
5.9 9997.06897799 2.78275438399 1.14826762241 
6 9996.9889393 2.83143211342 1.17962858858 
6.1 9996.90750104 2.88096077013 1.21153819444 
6.2 9996.82463887 2.93135513891 1.24400598768 
6.3 9996.74032796 2.98263032057 1.27704172042 
6.4 9996.654543 3.03480168555 1.3106553194 
6.5 9996.56725825 3.08788486956 1.34485688322 
6.6 9996.47844754 3.14189577748 1.37965668486 
6.7 9996.38808424 3.19685058729 1.41506517427 
6.8 9996.29614127 3.25276575401 1.45109298087 
6.9 9996.20259107 3.30965801375 1.48775091627 
7 9996.10740556 3.36754443326 1.525050007 
7.1 9996.01055614 3.4264423826 1.56300147637 
7.2 9995.91201377 3.48636950396 1.6016167238 
7.3 9995.81174891 3.54734374291 1.64090734537 
7.4 9995.70973151 3.60938335272 1.68088513677 
7.5 9995.60593101 3.67250689876 1.72156209608 
7.6 9995.50031631 3.73673326286 1.76295042664 
7.7 9995.39285581 3.80208164772 1.80506253993 
7.8 9995.28351733 3.8685715975 1.84791106914 
7.9 9995.17226799 3.93622308146 1.8915089244 
8 9995.05907443 4.00505636182 1.93586920539 
8.1 9994.94390273 4.07509203719 1.98100523006 
8.2 9994.82671839 4.14635106005 2.0269305461 
8.3 9994.70748632 4.21885474176 2.07365893421 
8.4 9994.58617083 4.29262475771 2.12120441149 
8.5 9994.46273561 4.36768315242 2.16958123474 
8.6 9994.33714375 4.4440523446 2.21880390382 
8.7 9994.20935756 4.52175521903 2.26888722267 
8.8 9994.07933877 4.60081500743 2.31984622001 
8.9 9993.94704839 4.68125539128 2.37169621769 
9 9993.81244682 4.76310041073 2.42445277001 
9.1 9993.67549378 4.84637451898 2.47813169983 
9.2 9993.53614831 4.93110258765 2.53274910209 
9.3 9993.39436874 5.0173099123 2.58832134745 
9.4 9993.2501127 5.10502221799 2.64486508589 
9.5 9993.10333705 5.19426568434 2.70239726341 
9.6 9992.95399768 5.28506709957 2.76093522493 
9.7 9992.80204982 5.37745362202 2.82049655477 
9.8 9992.64744804 5.47145284186 2.88109911783 
9.9 9992.49014609 5.56709282118 2.94276108628 
10 9992.33009695 5.66440210113 3.00550094428 
10.1 9992.1672528 5.76340970921 3.0693374928 
10.2 9992.00156498 5.86414516669 3.13428985445 
10.3 9991.83298403 5.96663849615 3.20037747844 
10.4 9991.66145963 6.07092022912 3.26762014566 
10.5 9991.48694061 6.17702141387 3.33603797376 
10.6 9991.30937495 6.28497362333 3.40565142237 
10.7 9991.12870974 6.39480896311 3.47648129838 
10.8 9990.94489112 6.50656010451 3.54854877815 
10.9 9990.75786388 6.62026053825 3.62187557901 
11 9990.56757209 6.73594420316 3.69648370793 
11.1 9990.37395893 6.85364556206 3.77239551261 
11.2 9990.1769666 6.97339967367 3.84963373006 
11.3 9989.9765363 7.09524220311 3.92822149351 
11.4 9989.77260823 7.21920943252 4.00818233946 
11.5 9989.56512151 7.34533827193 4.08954021489 
11.6 9989.35401425 7.47366627028 4.17231948451 
11.7 9989.13922344 7.60423162659 4.25654493822 
11.8 9988.920685 7.7370732014 4.34224179865 
11.9 9988.69833374 7.87223052832 4.42943572881 
12 9988.47210333 8.00974382575 4.51815283988 
12.1 9988.2419263 8.14965400278 4.6084196955 
12.2 9988.00773414 8.29200259218 4.70026327247 
12.3 9987.76945708 8.43683187752 4.7937110376 
12.4 9987.52702416 8.58418489228 4.88879094797 
12.5 9987.28036314 8.73410540956 4.98553144562 
12.6 9987.02940058 8.88663795439 5.08396146571 
12.7 9986.77406174 9.04182781621 5.18411044491 
12.8 9986.51427061 9.19972106152 5.28600832975 
12.9 9986.24994987 9.36036454665 5.38968558519 
13 9985.98102087 9.52380593082 5.49517320328 
13.1 9985.7074036 9.69009368916 5.60250271191 
13.2 9985.42901669 9.85927712613 5.71170618368 
13.3 9985.14577737 10.0314063889 5.82281624489 
13.4 9984.85760143 10.206532483 5.93586608653 
13.5 9984.56440317 10.3847073209 6.05088950659 
13.6 9984.26609544 10.565983689 6.16792087444 
13.7 9983.96258959 10.750415263 6.28699514211 
13.8 9983.6537955 10.9380566345 6.40814786472 
13.9 9983.33962146 11.128963325 6.53141521038 
14 9983.01997423 11.3231918011 6.65683397014 
14.1 9982.69475894 11.5207994896 6.78444156815 
14.2 9982.36387914 11.7218447925 6.91427607187 
14.3 9982.0272367 11.9263871023 7.04637620243 
14.4 9981.68473184 12.1344868179 7.1807813451 
14.5 9981.33626308 12.34620536 7.31753155989 
14.6 9980.98172722 12.5616051873 7.45666759226 
14.7 9980.62101929 12.7807498194 7.59823088937 
14.8 9980.25403223 13.0037040296 7.74226374365 
14.9 9979.88065723 13.2305336382 7.88880913619 
15 9979.50078374 13.4613055183 8.0379107396 
15.1 9979.11429934 13.6960876779 8.1896129786 
15.2 9978.72108968 13.9349492781 8.34396104233 
15.3 9978.32103845 14.1779606514 8.50100089684 
15.4 9977.91402738 14.4251933201 8.66077929771 
15.5 9977.49993618 14.6767200153 8.82334380285 
15.6 9977.07864252 14.932614696 8.98874278546 
15.7 9976.65002199 15.1929525678 9.15702544706 
15.8 9976.21394807 15.4578101031 9.32824183079 
15.9 9975.77029211 15.7272650599 9.50244283477 
16 9975.31892326 16.0013965066 9.67968022916 
16.1 9974.85970821 16.2802849959 9.86000679845 
16.2 9974.39251139 16.5640124057 10.0434762054 
16.3 9973.91719509 16.8526619283 10.2301429795 
16.4 9973.43361926 17.1463181572 10.4200625857 
16.5 9972.94164145 17.4450671084 10.6132914395 
16.6 9972.44111683 17.748996243 10.8098869222 
16.7 9971.93189811 18.0581944897 11.0099073966 
16.8 9971.41383551 18.3727522676 11.2134122226 
16.9 9970.88677672 18.6927615089 11.4204617732 
17 9970.35056687 19.0183156827 11.6311174507 
17.1 9969.80504848 19.3495098177 11.8454417029 
17.2 9969.25006143 19.686440527 12.0634980393 
17.3 9968.68544291 20.0292060343 12.285351051 
17.4 9968.11102703 20.3779063815 12.5110665885 
17.5 9967.52664513 20.7326432595 12.7407116079 
17.6 9966.9321259 21.093519968 12.9743541311 
17.7 9966.32729513 21.4606415301 13.2120633414 
17.8 9965.71197568 21.8341147178 13.4539096025 
17.9 9965.08598744 22.2140480795 13.6999644767 
18 9964.44914729 22.6005519672 13.9503007448 
18.1 9963.80126901 22.9937385635 14.2049924251 
18.2 9963.1421633 23.39372191 14.464114793 
18.3 9962.47163766 23.8006179349 14.7277444012 
18.4 9961.78949642 24.2145444818 14.9959590992 
18.5 9961.09554061 24.6356213379 15.268838054 
18.6 9960.38956796 25.063970265 15.5464617718 
18.7 9959.67137249 25.4997152117 15.8289123018 
18.8 9958.94074474 25.9429821709 16.1162730847 
18.9 9958.19747201 26.3938991117 16.4086288773 
19 9957.44133801 26.8525961119 16.7060658751 
19.1 9956.67212287 27.3192053901 17.008671736 
19.2 9955.88960306 27.7938613373 17.3165356028 
19.3 9955.09355132 28.2767005502 17.6297481273 
19.4 9954.28373664 28.7678618633 17.9484014937 
19.5 9953.45992417 29.267486383 18.272589443 
19.6 9952.62187518 29.7757175202 18.6024072971 
19.7 9951.76934699 30.2927010249 18.9379519832 
19.8 9950.90209292 30.8185850203 19.2793220593 
19.9 9950.01986222 31.3535200377 19.6266177393 
20 9949.12239969 31.897659201 19.9799411079 
20.1 9948.20944586 32.4511581419 20.3393959941 
20.2 9947.28073722 33.0141749235 20.7050878555 
20.3 9946.3360059 33.5868701731 21.0771239268 
20.4 9945.37497963 34.16940712 21.4556132483 
20.5 9944.39738167 34.7619516331 21.8406666942 
20.6 9943.40293074 35.3646722597 22.232397001 
20.7 9942.39134094 35.9777402637 22.6309187966 
20.8 9941.36232171 36.6013296647 23.0363486295 
20.9 9940.31557772 37.2356172779 23.4488049986 
21 9939.25080886 37.8807827535 23.8684083831 
21.1 9938.16771011 38.5370086171 24.2952812725 
21.2 9937.06597158 39.2044802809 24.7295481402 
21.3 9935.94527776 39.8833863167 25.1713359246 
21.4 9934.80530828 40.5739182126 25.6207735079 
21.5 9933.64573765 41.2762704788 26.077991872 
21.6 9932.4662351 41.9906407183 26.5431241854 
21.7 9931.26646449 42.7172296701 27.0163058371 
21.8 9930.04608428 43.4562412535 27.4976744712 
21.9 9928.80474737 44.207882612 27.9873700217 
22 9927.54210109 44.9723641586 28.4855347474 
22.1 9926.25778711 45.7498996206 28.992313268 
22.2 9924.95144132 46.5407060854 29.5078525994 
22.3 9923.62269376 47.3450040459 30.0323021901 
22.4 9922.27116859 48.1630174478 30.565813958 
22.5 9920.89648394 48.9949737355 31.108542327 
22.6 9919.49825163 49.8411039049 31.6606444686 
22.7 9918.07607721 50.7016425484 32.2222802429 
22.8 9916.62956014 51.5768278963 32.7936119611 
22.9 9915.15829352 52.4669018695 33.374804614 
23 9913.66186396 53.3721101289 33.9660259125 
23.1 9912.13985155 54.2927021245 34.5674463291 
23.2 9910.59182972 55.2289311451 35.1792391397 
23.3 9909.01736516 56.181054369 35.8015804662 
23.4 9907.41601777 57.1493329139 36.4346493189 
23.5 9905.78734047 58.1340318885 37.0786276407 
23.6 9904.13087921 59.1354204441 37.7337003502 
23.7 9902.44617279 60.1537718261 38.4000553867 
23.8 9900.73275282 61.1893634266 39.0778837551 
23.9 9898.99014359 62.2424768377 39.7673795718 
24 9897.21786199 63.3133979039 40.4687401101 
24.1 9895.41541738 64.4024167568 41.1821658613 
24.2 9893.58231167 65.5098275154 41.9078608147 
24.3 9891.71803899 66.6359288307 42.6460321823 
24.4 9889.82208562 67.7810239161 43.3968904631 
24.5 9887.89392995 68.9454204835 44.1606495713 
24.6 9885.93304232 70.1294307972 44.9375268875 
24.7 9883.93888496 71.3333717276 45.7277433109 
24.8 9881.91091188 72.5575648058 46.5315233121 
24.9 9879.84856874 73.8023362774 47.3490949862 
25 9877.75129273 75.0680171583 48.1806901073 
25.1 9875.61851253 76.3549432893 49.0265441835 
25.2 9873.4496481 77.6634553917 49.8868965124 
25.3 9871.24411064 78.9938991236 50.7619902375 
25.4 9869.00130246 80.3466251356 51.6520724054 
25.5 9866.72061685 81.7219891277 52.557394024 
25.6 9864.40143797 83.1203519061 53.478210121 
25.7 9862.04314113 84.5420791776 54.414779697 
25.8 9859.64509368 85.9875408446 55.3673654772 
25.9 9857.20665255 87.4571127828 56.336234669 
26 9854.727165 88.9511762411 57.3216587571 
26.1 9852.2059687 90.4701177826 58.3239135192 
26.2 9849.64239158 92.0143293361 59.343279086 
26.3 9847.03575175 93.5842082473 60.380040003 
26.4 9844.38535738 95.1801573307 61.4344852925 
26.5 9841.69050656 96.8025849207 62.5069085161 
26.6 9838.95048724 98.4519049228 63.5976078386 
26.7 9836.16457704 100.128536865 64.7068860916 
26.8 9833.33204321 101.832905949 65.8350508389 
26.9 9830.45214246 103.565443099 66.9824144418 
27 9827.52412086 105.326585018 68.1492941256 
27.1 9824.54721372 107.116774233 69.3360120467 
27.2 9821.52064549 108.936459146 70.54289536 
27.3 9818.44363096 110.786093078 71.7702759619 
27.4 9815.31537494 112.666134455 73.0184906035 
27.5 9812.13506963 114.57704879 74.2878815852 
27.6 9808.90189599 116.519307559 75.5787964482 
27.7 9805.61502373 118.493388231 76.8915880397 
27.8 9802.27361111 120.499774306 78.226614581 
27.9 9798.87680491 122.53895535 79.5842397369 
28 9795.42374028 124.611427033 80.9648326851 
28.1 9791.91354065 126.717691161 82.3687681869 
28.2 9788.34531763 128.858255714 83.7964266574 
28.3 9784.71817089 131.033634877 85.2481942376 
28.4 9781.03118806 133.244349073 86.724462866 
28.5 9777.28344466 135.490924993 88.2256303512 
28.6 9773.47400393 137.773895629 89.7521004453 
28.7 9769.60191678 140.093800302 91.3042829174 
28.8 9765.66622179 142.451184607 92.8825936041 
28.9 9761.66594821 144.846598015 94.4874537739 
29 9757.60011198 147.280596927 96.1192910886 
29.1 9753.46771527 149.753744966 97.7785397594 
29.2 9749.26774763 152.266612029 99.4656403365 
29.3 9744.99918594 154.819774282 101.181039781 
29.4 9740.66099429 157.413814172 102.925191538 
29.5 9736.25212397 160.049320423 104.698555608 
29.6 9731.77151334 162.726888037 106.501598623 
29.7 9727.21808779 165.447118292 108.334793916 
29.8 9722.59075967 168.210618733 110.198621599 
29.9 9717.8884282 171.018003167 112.093568632 
30 9713.10997944 173.869891654 114.020128904 
30.1 9708.25428621 176.766910489 115.978803301 
30.2 9703.32020802 179.709692195 117.970099787 
30.3 9698.30659103 182.698875498 119.994533473 
30.4 9693.21226898 185.735104571 122.05262645 
30.5 9688.03606726 188.819025921 124.14490682 
30.6 9682.77679463 191.95129452 126.271910848 
30.7 9677.43324594 195.132571717 128.43418234 
30.8 9672.00420281 198.363524654 130.632272537 
30.9 9666.48843362 201.644826201 132.86674018 
31 9660.88469352 204.977154897 135.138151578 
31.1 9655.19172444 208.361194878 137.44708068 
31.2 9649.40825505 211.797635811 139.794109135 
31.3 9643.53300082 215.287172812 142.179826365 
31.4 9637.56466401 218.830506365 144.604829629 
31.5 9631.50193367 222.428342243 147.06972409 
31.6 9625.34348571 226.081391407 149.575122883 
31.7 9619.0879829 229.790369922 152.121647177 
31.8 9612.7340749 233.55599885 154.709926245 
31.9 9606.28039833 237.379004149 157.340597526 
32 9599.72558029 241.260114046 160.01430566 
32.1 9593.06823947 245.200058249 162.731702283 
32.2 9586.30697697 249.199574297 165.49344873 
32.3 9579.44038147 253.259403885 168.300214647 
32.4 9572.46702938 257.380292613 171.15267801 
32.5 9565.38548501 261.562989818 174.051525169 
32.6 9558.1943007 265.808248399 176.997450899 
32.7 9550.89201693 270.116824632 179.991158443 
32.8 9543.47716246 274.489477975 183.03335956 
32.9 9535.94825456 278.926970874 186.124774567 
33 9528.30379907 283.430068552 189.266132379 
33.1 9520.54229065 287.999538795 192.458170554 
33.2 9512.66221294 292.63615173 195.70163533 
33.3 9504.66203874 297.340679595 198.997281663 
33.4 9496.54023024 302.113896498 202.345873264 
33.5 9488.29523933 306.956578089 205.748182586 
33.6 9479.92551539 311.869496416 209.20498819 
33.7 9471.42949729 316.853425013 212.717077697 
33.8 9462.80561104 321.909140251 216.285248711 
33.9 9454.05227382 327.037418648 219.91030753 
34 9445.16789429 332.239036552 223.593069155 
34.1 9436.15087291 337.514769798 227.334357297 
34.2 9426.99960227 342.86539336 231.13500437 
34.3 9417.7124675 348.291680994 234.995851502 
34.4 9408.28784661 353.794404866 238.91774852 
34.5 9398.72411088 359.374335169 242.901553948 
34.6 9389.01962527 365.03223973 246.948134997 
34.7 9379.17274885 370.768883602 251.058367549 
34.8 9369.18183521 376.585028648 255.233136143 
34.9 9359.04523293 382.481433112 259.473333955 
35 9348.76128605 388.458851173 263.779862773 
35.1 9338.32833528 394.518032117 268.153632601 
35.2 9327.74472325 400.659717485 272.595559269 
35.3 9317.00878731 406.884644463 277.10656823 
35.4 9306.11886209 413.193544384 281.687593531 
35.5 9295.07328096 419.587141741 286.339577298 
35.6 9283.87037673 426.066153625 291.063469649 
35.7 9272.50848226 432.631289142 295.860228596 
35.8 9260.98593124 439.283248813 300.730819948 
35.9 9249.30105884 446.022723965 305.676217197 
36 9237.4522025 452.850396094 310.697401409 
36.1 9225.43770269 459.766936214 315.795361097 
36.2 9213.25590371 466.773004197 320.971092093 
36.3 9200.90515135 473.86925029 326.225598356 
36.4 9188.38379297 481.056314968 331.559892065 
36.5 9175.69018543 488.334823237 336.974991335 
36.6 9162.82269217 495.705386612 342.471921215 
36.7 9149.77968396 503.168602464 348.051713573 
36.8 9136.55953974 510.725053319 353.715406943 
36.9 9123.16064749 518.375306131 359.464046377 
37 9109.58140518 526.119911545 365.298683279 
37.1 9095.82022161 533.959403147 371.220375246 
37.2 9081.87551742 541.894296697 377.230185887 
37.3 9067.74572601 549.925089345 383.32918465 
37.4 9053.42929464 558.052258847 389.51844651 
37.5 9038.92468756 566.27626302 395.799049423 
37.6 9024.23038439 574.597538582 402.172077026 
37.7 9009.34488125 583.016500314 408.638618438 
37.8 8994.26669245 591.533540282 415.199767267 
37.9 8978.99435168 600.149026969 421.856621348 
38 8963.52641314 608.863304388 428.610282468 
38.1 8947.86145274 617.676691179 435.461856084 
38.2 8931.99806928 626.589479695 442.412451027 
38.3 8915.93488574 635.601935062 449.463179195 
38.4 8899.67055052 644.714294234 456.615155243 
38.5 8883.20373873 653.926765025 463.869496248 
38.6 8866.53315107 663.239527238 471.227321696 
38.7 8849.65751051 672.652735745 478.689753747 
38.8 8832.57557504 682.166509588 486.257915377 
38.9 8815.28613427 691.780935096 493.932930633 
39 8797.78801032 701.496065353 501.715924325 
39.1 8780.0800591 711.311919252 509.608021648 
39.2 8762.16117168 721.228480533 517.610347788 
39.3 8744.03027566 731.245696815 525.724027522 
39.4 8725.68633658 741.363478622 533.950184802 
39.5 8707.12835927 751.581698396 542.289942332 
39.6 8688.35538937 761.900189503 550.744421128 
39.7 8669.36651465 772.318745271 559.314740075 
39.8 8650.16085883 782.83712484 568.002016332 
39.9 8630.73758902 793.455046802 576.807364181 
40 8611.09592224 804.172183768 585.731893993 
40.1 8591.23512246 814.988165311 594.776712226 
40.2 8571.154502 825.902577068 603.942920936 
40.3 8550.8534229 836.914959832 613.23161727 
40.4 8530.33129839 848.024808655 622.643892951 
40.5 8509.58759429 859.231571955 632.18083375 
40.6 8488.62183044 870.534650617 641.843518947 
40.7 8467.43358211 881.933397108 651.633020779 
40.8 8446.02248153 893.427114593 661.550403878 
40.9 8424.38821734 905.015057677 671.596724982 
41 8402.53052562 916.696440452 681.773033927 
41.1 8380.44920905 928.47042057 692.080370383 
41.2 8358.14413337 940.336102639 702.519763992 
41.3 8335.61522689 952.292539059 713.092234048 
41.4 8312.86248177 964.338729344 723.798788886 
41.5 8289.88595527 976.473619462 734.640425268 
41.6 8266.68577105 988.696101198 745.618127751 
41.7 8243.26212041 1001.00501153 756.732868052 
41.8 8219.61526355 1013.39913205 767.985604397 
41.9 8195.74553077 1025.87718837 779.37728086 
42 8171.65332375 1038.43784956 790.908826692 
42.1 8147.3391083 1051.07973381 802.581157892 
42.2 8122.8034149 1063.8014084 814.395176694 
42.3 8098.04685662 1076.60137699 826.351766386 
42.4 8073.07012073 1089.47808613 838.451793141 
42.5 8047.87396954 1102.42992507 850.696105388 
42.6 8022.45924126 1115.4552256 863.085533141 
42.7 7996.82685085 1128.55226183 875.620887326 
42.8 7970.97779079 1141.71925011 888.302959103 
42.9 7944.91313188 1154.95434894 901.132519179 
43 7918.63402395 1168.25565893 914.110317117 
43.1 7892.14169652 1181.62122284 927.237080635 
43.2 7865.43745884 1195.04902598 940.513515183 
43.3 7838.52268974 1208.53700259 953.940307672 
43.4 7811.398852 1222.08302795 967.518120046 
43.5 7784.06749211 1235.68491905 981.247588841 
43.6 7756.53023749 1249.34043669 995.129325821 
43.7 7728.78879672 1263.04728595 1009.16391733 
43.8 7700.84495971 1276.80311667 1023.35192362 
43.9 7672.70059777 1290.60552401 1037.69387822 
44 7644.35766368 1304.45204903 1052.19028729 
44.1 7615.81819165 1318.34017941 1066.84162893 
44.2 7587.08429721 1332.26735021 1081.64835258 
44.3 7558.15817703 1346.23094465 1096.61087831 
44.4 7529.04210757 1360.22829423 1111.7295982 
44.5 7499.73844292 1374.25667845 1127.00487863 
44.6 7470.24961932 1388.31332921 1142.43705146 
44.7 7440.57815252 1402.3954305 1158.02641698 
44.8 7410.72663701 1416.50011935 1173.77324365 
44.9 7380.69774533 1430.62448712 1189.67776755 
45 7350.49422735 1444.76558081 1205.74019185 
45.1 7320.11890934 1458.92040441 1221.96068625 
45.2 7289.57469311 1473.0859204 1238.33938649 
45.3 7258.8645549 1487.25905131 1254.87639379 
45.4 7227.99154431 1501.43668133 1271.57177436 
45.5 7196.95878304 1515.61565802 1288.42555893 
45.6 7165.76946475 1529.79279237 1305.43774289 
45.7 7134.4268647 1543.96484314 1322.60829216 
45.8 7102.93432182 1558.12854481 1339.93713337 
45.9 7071.29523995 1572.28060507 1357.42415499 
46 7039.51308889 1586.41770258 1375.06920853 
46.1 7007.59140277 1600.53648901 1392.87210822 
46.2 6975.53377827 1614.63359107 1410.83263066 
46.3 6943.34387274 1628.70561269 1428.95051457 
46.4 6911.02540228 1642.74913722 1447.2254605 
46.5 6878.58213966 1656.76072974 1465.6571306 
46.6 6846.01791216 1670.73693945 1484.24514839 
46.7 6813.33659933 1684.67430211 1502.98909856 
46.8 6780.54213065 1698.56934256 1521.88852679 
46.9 6747.63851169 1712.4185474 1540.94294091 
47 6714.6298007 1726.21838945 1560.15180985 
47.1 6681.52008407 1739.96535347 1579.51456246 
47.2 6648.31349176 1753.65591986 1599.03058837 
47.3 6615.01419493 1767.28656719 1618.69923788 
47.4 6581.62640335 1780.85377465 1638.519822 
47.5 6548.1543629 1794.35402464 1658.49161246 
47.6 6514.60235282 1807.78380538 1678.6138418 
47.7 6480.974683 1821.13961358 1698.88570342 
47.8 6447.2756911 1834.41795718 1719.30635173 
47.9 6413.50973966 1847.61535805 1739.87490229 
48 6379.68121307 1860.72835493 1760.590432 
48.1 6345.79453338 1873.75348868 1781.45197794 
48.2 6311.85418109 1886.68728304 1802.45853587 
48.3 6277.86461932 1899.52631487 1823.60906581 
48.4 6243.83032383 1912.26718624 1844.90248993 
48.5 6209.75578233 1924.90652498 1866.33769269 
48.6 6175.64549171 1937.44098709 1887.9135212 
48.7 6141.50395519 1949.86725923 1909.62878558 
48.8 6107.33567939 1962.18206123 1931.48225938 
48.9 6073.14517143 1974.38214856 1953.47268 
49 6038.93693595 1986.46431485 1975.5987492 
49.1 6004.71547209 1998.42539433 1997.85913359 
49.2 5970.48527044 2010.26226439 2020.25246517 
49.3 5936.25081556 2021.97184362 2042.77734081 
49.4 5902.01662885 2033.55105772 2065.43231343 
49.5 5867.78719424 2044.99689855 2088.21590721 
49.6 5833.56697007 2056.30641468 2111.12661525 
49.7 5799.36039646 2067.47670543 2134.16289811 
49.8 5765.17189275 2078.5049228 2157.32318445 
49.9 5731.00585494 2089.38827336 2180.6058717 
50 5696.86665318 2100.12402006 2204.00932676 
50.1 5662.75862921 2110.70948407 2227.53188672 
50.2 5628.68609387 2121.14204647 2251.17185966 
50.3 5594.65332464 2131.41914998 2274.92752538 
50.4 5560.66456315 2141.53830056 2298.79713629 
50.5 5526.72401293 2151.49706892 2322.77891815 
50.6 5492.83586034 2161.29308015 2346.87105951 
50.7 5459.00425302 2170.92402495 2371.07172204 
50.8 5425.23328306 2180.38766831 2395.37904863 
50.9 5391.52699827 2189.68184401 2419.79115772 
51 5357.88940022 2198.80445563 2444.30614415 
51.1 5324.32444248 2207.75347753 2468.92207999 
51.2 5290.83602885 2216.52695571 2493.63701544 
51.3 5257.42801165 2225.1230086 2518.44897975 
51.4 5224.10419016 2233.53982774 2543.3559821 
51.5 5190.86830905 2241.77567838 2568.35601257 
51.6 5157.72405694 2249.82889994 2593.44704312 
51.7 5124.67506504 2257.69790644 2618.62702852 
51.8 5091.72490398 2265.38119414 2643.89390187 
51.9 5058.87708077 2272.8773491 2669.24557013 
52 5026.13504408 2280.18502179 2694.67993413 
52.1 4993.50218018 2287.30293917 2720.19488065 
52.2 4960.9818118 2294.22990545 2745.78828275 
52.3 4928.57719725 2300.96480198 2771.45800077 
52.4 4896.29152959 2307.50658717 2797.20188323 
52.5 4864.12793602 2313.85429622 2823.01776776 
52.6 4832.08947722 2320.00704076 2848.90348202 
52.7 4800.17914691 2325.96400841 2874.85684468 
52.8 4768.39987149 2331.72446218 2900.87566634 
52.9 4736.75450973 2337.28773976 2926.95775051 
53 4705.24584817 2342.65325846 2953.10089337 
53.1 4673.87656937 2347.82055426 2979.30287637 
53.2 4642.64930309 2352.78921621 3005.5614807 
53.3 4611.56661412 2357.55890091 3031.87448497 
53.4 4580.63099584 2362.12933977 3058.2396644 
53.5 4549.84487018 2366.50033814 3084.65479168 
53.6 4519.21058774 2370.67177442 3111.11763784 
53.7 4488.73042794 2374.64359901 3137.62597305 
53.8 4458.40659935 2378.41583319 3164.17756746 
53.9 4428.24124002 2381.98856791 3190.77019206 
54 4398.23641807 2385.36196247 3217.40161946 
54.1 4368.3941322 2388.53624309 3244.06962472 
54.2 4338.71631204 2391.51170187 3270.77198609 
54.3 4309.20477657 2394.28873961 3297.50648381 
54.4 4279.86127355 2396.86782376 3324.27090269 
54.5 4250.68750123 2399.2494649 3351.06303387 
54.6 4221.68508732 2401.43423813 3377.88067455 
54.7 4192.85558965 2403.42278169 3404.72162865 
54.8 4164.20049686 2405.21579563 3431.58370751 
54.9 4135.72122914 2406.81404033 3458.46473053 
55 4107.41913916 2408.21833495 3485.36252589 
55.1 4079.29551294 2409.42955594 3512.27493112 
55.2 4051.3515709 2410.44863535 3539.19979375 
55.3 4023.58846898 2411.27655915 3566.13497187 
55.4 3996.00729975 2411.91436549 3593.07833475 
55.5 3968.60907396 2412.36316085 3620.02776519 
55.6 3941.39470722 2412.62413141 3646.98116137 
55.7 3914.36508192 2412.69848625 3673.93643183 
55.8 3887.52101859 2412.58748271 3700.8914987 
55.9 3860.86327578 2412.29242591 3727.84429831 
56 3834.39255103 2411.81466727 3754.7927817 
56.1 3808.109482 2411.15560292 3781.73491508 
56.2 3782.01464754 2410.31667219 3808.66868027 
56.3 3756.10856887 2409.299356 3835.59207513 
56.4 3730.39171077 2408.10517529 3862.50311394 
56.5 3704.86448279 2406.73568941 3889.3998278 
56.6 3679.52724057 2405.19249447 3916.28026495 
56.7 3654.38028303 2403.47722463 3943.14249234 
56.8 3629.42382921 2401.59156748 3969.9846033 
56.9 3604.65806092 2399.53723367 3996.80470541 
57 3580.08311294 2397.31596302 4023.60092404 
57.1 3555.69906968 2394.92952626 4050.37140406 
57.2 3531.50596622 2392.37972361 4077.11431017 
57.3 3507.5037895 2389.66838341 4103.82782709 
57.4 3483.69247938 2386.79736071 4130.5101599 
57.5 3460.07192985 2383.76853596 4157.15953419 
57.6 3436.64199012 2380.58381357 4183.77419631 
57.7 3413.40246579 2377.24512071 4210.3524135 
57.8 3390.35312001 2373.75440589 4236.8924741 
57.9 3367.49367451 2370.11363772 4263.39268777 
58 3344.82380356 2366.32480107 4289.85139537 
58.1 3322.34314253 2362.38989848 4316.26695899 
58.2 3300.05129164 2358.3109499 4342.63775846 
58.3 3277.94781361 2354.08999025 4368.96219614 
58.4 3256.03223472 2349.7290683 4395.23869698 
58.5 3234.30404586 2345.2302455 4421.46570864 
58.6 3212.76270356 2340.59559493 4447.6417015 
58.7 3191.40763101 2335.82720022 4473.76516877 
58.8 3170.23821904 2330.92715451 4499.83462646 
58.9 3149.25382714 2325.89755951 4525.84861335 
59 3128.45378441 2320.74052453 4551.80569106 
59.1 3107.83739049 2315.45816564 4577.70444388 
59.2 3087.40391648 2310.05260473 4603.54347879 
59.3 3067.15260726 2304.52596423 4629.32142851 
59.4 3047.08268832 2298.8803465 4655.03696517 
59.5 3027.19335523 2293.11787079 4680.68877398 
59.6 3007.48377813 2287.24066035 4706.27556152 
59.7 2987.95310358 2281.25083838 4731.79605804 
59.8 2968.60045541 2275.15052721 4757.24901737 
59.9 2949.42493551 2268.94184759 4782.6332169 
60 2930.42562459 2262.62691791 4807.94745749 
60.1 2911.60158295 2256.20785365 4833.1905634 
60.2 2892.95185116 2249.68676667 4858.36138217 
60.3 2874.47545075 2243.06576472 4883.45878453 
60.4 2856.17138483 2236.3469509 4908.48166427 
60.5 2838.03863873 2229.53242319 4933.42893808 
60.6 2820.07618052 2222.62427407 4958.29954541 
60.7 2802.2829783 2215.62456816 4983.09245354 
60.8 2784.65799955 2208.53534346 5007.806657 
60.9 2767.20017954 2201.35865305 5032.44116741 
61 2749.90844076 2194.09654004 5056.9950192 
61.1 2732.78169364 2186.75103685 5081.46726952 
61.2 2715.81883721 2179.32416472 5105.85699807 
61.3 2699.01875969 2171.81793332 5130.16330699 
61.4 2682.38033899 2164.23434036 5154.38532066 
61.5 2665.90244326 2156.5753712 5178.52218554 
61.6 2649.58393137 2148.84299862 5202.57307001 
61.7 2633.42365335 2141.03918248 5226.53716417 
61.8 2617.42045082 2133.16586954 5250.41367963 
61.9 2601.57315734 2125.22499329 5274.20184937 
62 2585.88060029 2117.21847202 5297.90092769 
62.1 2570.34162798 2109.14817744 5321.51019458 
62.2 2554.95507422 2101.01597632 5345.02894946 
62.3 2539.71975991 2092.82372889 5368.4565112 
62.4 2524.63450203 2084.57327861 5391.79221937 
62.5 2509.69811404 2076.26645193 5415.03543403 
62.6 2494.90940632 2067.90505812 5438.18553556 
62.7 2480.26718656 2059.49088901 5461.24192442 
62.8 2465.77026009 2051.02571893 5484.20402098 
62.9 2451.41743021 2042.51130448 5507.07126531 
63 2437.20749852 2033.94938454 5529.84311695 
63.1 2423.13926516 2025.3416801 5552.51905474 
63.2 2409.2115291 2016.68989432 5575.09857658 
63.3 2395.42308833 2007.99571244 5597.58119923 
63.4 2381.77274682 1999.26079508 5619.9664581 
63.5 2368.25932829 1990.48676466 5642.25390705 
63.6 2354.88164216 1981.6752397 5664.44311815 
63.7 2341.63849795 1972.82782061 5686.53368144 
63.8 2328.52870718 1963.94608804 5708.52520478 
63.9 2315.5510836 1955.03160283 5730.41731357 
64 2302.70444348 1946.08590595 5752.20965057 
64.1 2289.98760582 1937.1105185 5773.90187568 
64.2 2277.3993926 1928.10694169 5795.49366571 
64.3 2264.93862894 1919.07665687 5816.98471419 
64.4 2252.60414334 1910.02112552 5838.37473114 
64.5 2240.39476779 1900.94178936 5859.66344285 
64.6 2228.30933795 1891.84007035 5880.8505917 
64.7 2216.34669329 1882.71737079 5901.93593593 
64.8 2204.50568721 1873.57506494 5922.91924785 
64.9 2192.78518005 1864.41450515 5943.8003148 
65 2181.18403046 1855.2370293 5964.57894024 
65.1 2169.7011025 1846.04395499 5985.2549425 
65.2 2158.33526575 1836.83657967 6005.82815458 
65.3 2147.08539545 1827.61618065 6026.29842389 
65.4 2135.95037272 1818.3840152 6046.66561208 
65.5 2124.92908461 1809.14132058 6066.92959481 
65.6 2114.02042427 1799.88931418 6087.09026155 
65.7 2103.22329104 1790.62919357 6107.14751539 
65.8 2092.53659055 1781.36213661 6127.10127284 
65.9 2081.95923483 1772.08930156 6146.95146361 
66 2071.49014237 1762.81182718 6166.69803045 
66.1 2061.12823887 1753.53083262 6186.34092851 
66.2 2050.87246272 1744.24741546 6205.88012183 
66.3 2040.72175628 1734.96265517 6225.31558856 
66.4 2030.67506798 1725.67761247 6244.64731955 
66.5 2020.73135353 1716.39332905 6263.87531742 
66.6 2010.88957602 1707.11082761 6282.99959637 
66.7 2001.14870598 1697.83111206 6302.02018196 
66.8 1991.50772144 1688.55516764 6320.93711092 
66.9 1981.96560804 1679.283961 6339.75043096 
67 1972.52135902 1670.01844039 6358.46020059 
67.1 1963.17397531 1660.75953577 6377.06648892 
67.2 1953.92246559 1651.50815892 6395.56937548 
67.3 1944.76584629 1642.26520364 6413.96895006 
67.4 1935.70314165 1633.03154583 6432.26531252 
67.5 1926.73338405 1623.80804472 6450.45857123 
67.6 1917.85561423 1614.5955437 6468.54884207 
67.7 1909.06888041 1605.39486721 6486.53625238 
67.8 1900.37223876 1596.20682251 6504.42093872 
67.9 1891.76475348 1587.03219992 6522.2030466 
68 1883.24549675 1577.87177295 6539.8827303 
68.1 1874.8135488 1568.72629849 6557.46015271 
68.2 1866.46799793 1559.59651693 6574.93548514 
68.3 1858.20794049 1550.48315236 6592.30890715 
68.4 1850.03248091 1541.38691266 6609.58060642 
68.5 1841.94073172 1532.30848973 6626.75077855 
68.6 1833.93181352 1523.24855957 6643.81962692 
68.7 1826.00485502 1514.20778245 6660.78736253 
68.8 1818.15899303 1505.18680318 6677.6542038 
68.9 1810.39337088 1496.1862552 6694.42037392 
69 1802.70714016 1487.20675637 6711.08610347 
69.1 1795.09946109 1478.24890801 6727.65163091 
69.2 1787.56950182 1469.31329682 6744.11720136 
69.3 1780.11643845 1460.40049509 6760.48306646 
69.4 1772.73945503 1451.51106082 6776.74948416 
69.5 1765.43774348 1442.6455379 6792.91671862 
69.6 1758.21050366 1433.8044563 6808.98504005 
69.7 1751.05694326 1424.98833218 6824.95472456 
69.8 1743.97627786 1416.19766811 6840.82605403 
69.9 1736.96773088 1407.43295315 6856.59931598 
70 1730.03053355 1398.69466306 6872.2748034 
