Time S I R
0.0  10000 1 0
0.1 9999.97691461 0.971170453626 0.0519149402035 
0.2 9999.95449498 0.94317221751 0.10233280263 
0.3 9999.93272231 0.915981813914 0.151295872623 
0.4 9999.91157679 0.889574498645 0.198848716289 
0.5 9999.89104096 0.863928503214 0.2450305399 
0.6 9999.87109721 0.839021827669 0.289880966382 
0.7 9999.85172847 0.8148331762 0.333438350214 
0.8 9999.83291816 0.791341819463 0.37574002543 
0.9 9999.81465014 0.768527647275 0.416822210722 
1 9999.79690879 0.746371126683 0.456720084965 
1.1 9999.77967895 0.724853345945 0.495467707995 
1.2 9999.76294581 0.703955815642 0.533098378955 
1.3 9999.74669515 0.683660790296 0.569644056862 
1.4 9999.73091307 0.663950887212 0.605136047289 
1.5 9999.71558599 0.644809189761 0.639604816304 
1.6 9999.70070083 0.626219336046 0.673079830729 
1.7 9999.68624482 0.608165393548 0.705589784017 
1.8 9999.67220561 0.590631942037 0.737162446832 
1.9 9999.65857116 0.573603948158 0.76782489304 
2 9999.64532981 0.55706685648 0.797603335643 
2.1 9999.63247021 0.541006493953 0.82652329893 
2.2 9999.61998128 0.525409033108 0.854609684781 
2.3 9999.60785236 0.510261144872 0.881886497335 
2.4 9999.59607308 0.495549906558 0.908377008767 
2.5 9999.58463342 0.481262783742 0.934103791945 
2.6 9999.57352364 0.46738761449 0.959088748853 
2.7 9999.56273427 0.453912593579 0.98335313901 
2.8 9999.55225611 0.440826220987 1.00691767223 
2.9 9999.54208017 0.428117278606 1.02980255056 
3 9999.53219774 0.415774882778 1.05202737376 
3.1 9999.52260034 0.403788432737 1.07361123209 
3.2 9999.51327967 0.392147593609 1.094572737 
3.3 9999.50422767 0.380842279739 1.11493005113 
3.4 9999.49543644 0.369862638015 1.13470091834 
3.5 9999.48689847 0.359199278865 1.15390224752 
3.6 9999.47860659 0.348843254866 1.17255015106 
3.7 9999.47055373 0.338785734293 1.19066053313 
3.8 9999.46273304 0.329018159466 1.20824880435 
3.9 9999.45513787 0.319532240965 1.22532989221 
4 9999.44776177 0.310319913578 1.24191832041 
4.1 9999.44059837 0.301373228218 1.25802840363 
4.2 9999.43364153 0.29268451729 1.27367394954 
4.3 9999.42688529 0.284246327975 1.28886837904 
4.4 9999.42032384 0.276051405119 1.30362475706 
4.5 9999.41395151 0.268092689448 1.31795579578 
4.6 9999.4077629 0.260363412995 1.33187368268 
4.7 9999.40175273 0.252856980519 1.34539029421 
4.8 9999.39591583 0.245566963628 1.35851720635 
4.9 9999.39024722 0.238487115381 1.37126566831 
5 9999.38474202 0.231611363732 1.38364661436 
5.1 9999.37939554 0.224933829259 1.39567063187 
5.2 9999.3742032 0.21844881268 1.40734798377 
5.3 9999.36916057 0.212150765123 1.41868866218 
5.4 9999.36426333 0.206034295921 1.42970237428 
5.5 9999.35950728 0.200094166995 1.44039855248 
5.6 9999.35488835 0.194325292881 1.45078635437 
5.7 9999.3504026 0.188722746789 1.46087465175 
5.8 9999.34604619 0.183281733517 1.47067207949 
5.9 9999.34181538 0.177997592103 1.4801870307 
6 9999.33770654 0.172865791397 1.48942766475 
6.1 9999.33371616 0.167881927916 1.49840191109 
6.2 9999.32984082 0.163041750925 1.50711742409 
6.3 9999.32607722 0.158341123562 1.51558165307 
6.4 9999.32242213 0.153776021456 1.52380184477 
6.5 9999.31887242 0.149342533794 1.53178504144 
6.6 9999.31542505 0.145036859209 1.53953808827 
6.7 9999.31207707 0.14085532284 1.54706760259 
6.8 9999.30882564 0.136794358701 1.55438000569 
6.9 9999.30566795 0.132850490534 1.56148155728 
7 9999.30260132 0.12902033901 1.56837834255 
7.1 9999.2996231 0.125300617866 1.57507627906 
7.2 9999.29673075 0.12168813004 1.58158112379 
7.3 9999.29392176 0.118179763824 1.58789847997 
7.4 9999.29119374 0.11477252979 1.59403373067 
7.5 9999.28854438 0.111463539472 1.5999920771 
7.6 9999.28597142 0.108249960808 1.60577861895 
7.7 9999.28347265 0.105129040968 1.61139831322 
7.8 9999.28104592 0.102098103234 1.61685597983 
7.9 9999.27868915 0.0991545438767 1.62215630732 
8 9999.27640031 0.0962958290304 1.62730385837 
8.1 9999.27417746 0.0935195193859 1.63230302542 
8.2 9999.27201869 0.090823262428 1.63715804461 
8.3 9999.26992218 0.0882047507513 1.64187307082 
8.4 9999.26788612 0.0856617414579 1.64645214282 
8.5 9999.26590876 0.0831920536251 1.65089918774 
8.6 9999.26398841 0.0807935657518 1.65521802574 
8.7 9999.26212341 0.0784642132051 1.65941237457 
8.8 9999.26031218 0.0762020058412 1.66348581782 
8.9 9999.25855317 0.0740050282766 1.66744180447 
9 9999.25684488 0.0718714003236 1.67128372014 
9.1 9999.25518585 0.069799294177 1.67501485611 
9.2 9999.25357465 0.0677869324762 1.67863841282 
9.3 9999.25200991 0.065832586222 1.68215750365 
9.4 9999.25049027 0.0639345726933 1.68557515861 
9.5 9999.24901443 0.0620912683303 1.6888943012 
9.6 9999.24758115 0.0603011141046 1.69211773872 
9.7 9999.24618919 0.0585625783449 1.69524822921 
9.8 9999.24483737 0.0568741719523 1.69828845402 
9.9 9999.24352453 0.0552344470545 1.70124102031 
10 9999.24224954 0.0536419953214 1.704108464 
10.1 9999.2410113 0.052095446281 1.70689325286 
10.2 9999.23980875 0.0505934756991 1.70959777139 
10.3 9999.23864088 0.0491348131562 1.71222430719 
10.4 9999.23750668 0.0477182108788 1.71477510707 
10.5 9999.23640519 0.0463424555452 1.71725235583 
10.6 9999.23533545 0.0450063674188 1.71965817777 
10.7 9999.23429656 0.0437087989748 1.72199463919 
10.8 9999.23328762 0.0424486335248 1.72426375088 
10.9 9999.23230775 0.0412247929447 1.72646745417 
11 9999.23135615 0.0400362476202 1.72860760304 
11.1 9999.23043199 0.0388819815233 1.73068602701 
11.2 9999.22953449 0.037761005715 1.73270450683 
11.3 9999.22866287 0.0366723580547 1.73466477497 
11.4 9999.22781638 0.0356151020055 1.73656851784 
11.5 9999.2269943 0.0345883254396 1.73841737785 
11.6 9999.2261959 0.0335911394436 1.74021295563 
11.7 9999.22542051 0.0326226772335 1.74195681198 
11.8 9999.22466746 0.0316821239681 1.74365041412 
11.9 9999.22393613 0.0307686938481 1.74529517703 
12 9999.22322589 0.0298816054442 1.74689250778 
12.1 9999.22253613 0.029020098982 1.74844377445 
12.2 9999.22186626 0.0281834354407 1.74995030779 
12.3 9999.2212157 0.02737089565 1.75141340275 
12.4 9999.2205839 0.026581779389 1.7528343202 
12.5 9999.21997031 0.0258154044831 1.7542142885 
12.6 9999.21937439 0.025071108383 1.75555450067 
12.7 9999.21879566 0.0243482712747 1.75685607278 
12.8 9999.21823361 0.0236462806317 1.75812010777 
12.9 9999.21768778 0.0229645357425 1.75934768732 
13 9999.21715768 0.0223024523825 1.76053986341 
13.1 9999.21664288 0.0216594621031 1.76169765962 
13.2 9999.21614292 0.0210350115215 1.7628220724 
13.3 9999.21565737 0.0204285616098 1.76391407235 
13.4 9999.21518581 0.0198395869845 1.7649746055 
13.5 9999.21472784 0.0192675823086 1.7660045818 
13.6 9999.21428307 0.0187120733627 1.76700485513 
13.7 9999.21385113 0.0181725859914 1.76797627929 
13.8 9999.21343166 0.0176486581046 1.76891968635 
13.9 9999.21302427 0.0171398401828 1.76983588572 
14 9999.21262864 0.0166456947243 1.77072566519 
14.1 9999.21224441 0.0161657956919 1.77158979191 
14.2 9999.21187126 0.0156997279606 1.77242901338 
14.3 9999.21150885 0.0152470867718 1.77324405841 
14.4 9999.21115689 0.0148074900926 1.77403561493 
14.5 9999.21081509 0.0143805709057 1.77480434379 
14.6 9999.21048313 0.0139659639641 1.77555090267 
14.7 9999.21016075 0.0135633141286 1.77627593106 
14.8 9999.20984767 0.0131722759457 1.776980051 
14.9 9999.20954362 0.0127925132246 1.77766386785 
15 9999.20924833 0.0124236986144 1.77832797105 
15.1 9999.20896155 0.0120655131817 1.77897293489 
15.2 9999.20868304 0.011717646934 1.77959931755 
15.3 9999.20841255 0.0113798099619 1.78020764107 
15.4 9999.20814986 0.0110517163066 1.78079842034 
15.5 9999.20789475 0.0107330851514 1.78137216102 
15.6 9999.207647 0.0104236433877 1.78192935489 
15.7 9999.20740639 0.0101231252834 1.78247048043 
15.8 9999.20717272 0.0098312721521 1.78299600344 
15.9 9999.20694579 0.0095478320214 1.78350637765 
16 9999.2067254 0.0092725593018 1.78400204526 
16.1 9999.20651135 0.00900521838398 1.78448343052 
16.2 9999.20630348 0.00874559096025 1.78495092654 
16.3 9999.20610161 0.00849345596648 1.78540493137 
16.4 9999.20590557 0.00824859742727 1.7858458339 
16.5 9999.20571518 0.0080108050483 1.7862740128 
16.6 9999.20553029 0.00777987393504 1.78668983701 
16.7 9999.20535073 0.00755560431155 1.78709366626 
16.8 9999.20517635 0.00733780123915 1.78748585156 
16.9 9999.20500699 0.0071262743352 1.78786673573 
17 9999.20484251 0.00692083749183 1.78823665387 
17.1 9999.20468276 0.00672130859468 1.78859593392 
17.2 9999.2045276 0.00652751714707 1.78894488287 
17.3 9999.20437692 0.00633931432544 1.7892837687 
17.4 9999.20423058 0.0061565404419 1.78961287896 
17.5 9999.20408847 0.00597903919182 1.78993249509 
17.6 9999.20395045 0.00580665848375 1.79024289096 
17.7 9999.20381642 0.00563925024309 1.79054433319 
17.8 9999.20368625 0.0054766702158 1.79083708153 
17.9 9999.20355983 0.00531877777207 1.79112138922 
18 9999.20343706 0.00516543571005 1.7913975033 
18.1 9999.20331782 0.00501651005951 1.791665665 
18.2 9999.20320202 0.00487186988555 1.79192611009 
18.3 9999.20308955 0.00473139254242 1.79217905942 
18.4 9999.20298032 0.00459496775462 1.79242471154 
18.5 9999.20287425 0.00446247949149 1.79266327539 
18.6 9999.20277123 0.00433381449967 1.7928949549 
18.7 9999.20267119 0.00420886254022 1.79311994857 
18.8 9999.20257403 0.00408751624229 1.79333844973 
18.9 9999.20247968 0.00396967095687 1.79355064682 
19 9999.20238805 0.00385522461056 1.79375672364 
19.1 9999.20229906 0.00374407755926 1.79395685962 
19.2 9999.20221264 0.00363613244194 1.79415123005 
19.3 9999.2021287 0.00353129403435 1.79434000642 
19.4 9999.20204718 0.00342947398127 1.79452334781 
19.5 9999.20196801 0.00333059236365 1.79470139813 
19.6 9999.20189113 0.00323456478834 1.79487430934 
19.7 9999.20181646 0.00314130895653 1.79504222964 
19.8 9999.20174395 0.00305074471957 1.79520530334 
19.9 9999.20167353 0.00296279397137 1.79536367108 
20 9999.20160515 0.00287738054085 1.79551747003 
