Time S I R
0.0  10000 1 0
0.1 9999.93749236 1.01145838123 0.0510492584376 
0.2 9999.87426918 1.02304760596 0.102683218161 
0.3 9999.81032162 1.03476927935 0.154909096477 
0.4 9999.7456433 1.04662456653 0.207732133597 
0.5 9999.6802242 1.05861528647 0.261160509626 
0.6 9999.61405534 1.07074307607 0.315201587149 
0.7 9999.54712881 1.08300936922 0.369861818245 
0.8 9999.47943611 1.09541571583 0.425148175645 
0.9 9999.4109684 1.10796372063 0.481067881979 
1 9999.34171688 1.1206549838 0.537628139067 
1.1 9999.27167262 1.13349112749 0.594836249089 
1.2 9999.20082659 1.14647379543 0.652699612581 
1.3 9999.12916967 1.15960464425 0.711225689074 
1.4 9999.05669257 1.17288535873 0.770422066761 
1.5 9998.98338597 1.18631763697 0.830296394717 
1.6 9998.90924042 1.19990319156 0.890856387992 
1.7 9998.83424637 1.21364375936 0.952109872444 
1.8 9998.75839412 1.2275411005 1.01406478025 
1.9 9998.68167393 1.24159698379 1.0767290843 
2 9998.60407592 1.25581320349 1.14011087353 
2.1 9998.52559007 1.27019157945 1.20421835365 
2.2 9998.44620621 1.28473395375 1.26905983188 
2.3 9998.3659141 1.29944218982 1.33464371329 
2.4 9998.2847034 1.31431815881 1.40097843949 
2.5 9998.20256369 1.32936375481 1.46807255696 
2.6 9998.11948438 1.34458089553 1.53593472 
2.7 9998.03545481 1.35997151896 1.60457367578 
2.8 9997.95046415 1.37553758379 1.67399826639 
2.9 9997.86450146 1.39128107723 1.74421746589 
3 9997.77755565 1.40720400656 1.81524034023 
3.1 9997.68961556 1.42330839843 1.88707604401 
3.2 9997.60066987 1.43959630091 1.95973382998 
3.3 9997.51070719 1.45606977913 2.03322302859 
3.4 9997.41971586 1.47273094567 2.10755319239 
3.5 9997.32768422 1.48958191172 2.18273386379 
3.6 9997.23460045 1.5066248202 2.25877473243 
3.7 9997.14045258 1.52386183593 2.33568558866 
3.8 9997.04522853 1.54129514656 2.41347632778 
3.9 9996.94891601 1.5589269766 2.4921570174 
4 9996.85150262 1.57675956994 2.5717378137 
4.1 9996.75297585 1.59479518973 2.65222896064 
4.2 9996.65332306 1.61303612332 2.73364081386 
4.3 9996.55253148 1.6314846826 2.8159838421 
4.4 9996.45058817 1.65014320427 2.89926862866 
4.5 9996.34748008 1.66901405016 2.98350587276 
4.6 9996.243194 1.68809960748 3.06870639099 
4.7 9996.13771659 1.70740228919 3.15488111871 
4.8 9996.03103435 1.72692453423 3.24204111149 
4.9 9995.92313363 1.74666881112 3.3301975626 
5 9995.81400051 1.7666376288 3.41936185672 
5.1 9995.70362102 1.78683351479 3.50954546174 
5.2 9995.59198101 1.80725902333 3.60075996913 
5.3 9995.47906616 1.82791673725 3.69301710309 
5.4 9995.36486201 1.84880926833 3.78632872223 
5.5 9995.24935392 1.86993925766 3.88070682129 
5.6 9995.13252709 1.891309376 3.97616353285 
5.7 9995.01436655 1.91292232411 4.07271112903 
5.8 9994.89485714 1.93478083313 4.17036202324 
5.9 9994.77398356 1.95688766493 4.2691287718 
6 9994.65173036 1.97924560432 4.36902403919 
6.1 9994.52808194 2.00185745988 4.47006060185 
6.2 9994.4030225 2.02472608015 4.57225142096 
6.3 9994.27653605 2.04785434485 4.67560960308 
6.4 9994.14860643 2.07124516509 4.7801484013 
6.5 9994.0192173 2.09490148369 4.88588121662 
6.6 9993.88835213 2.11882627541 4.99282159942 
6.7 9993.7559942 2.14302254735 5.10098325091 
6.8 9993.62212664 2.16749333914 5.21038002458 
6.9 9993.48673235 2.19224172333 5.32102592759 
7 9993.34979407 2.21727080574 5.43293512311 
7.1 9993.21129432 2.24258372951 5.54612195457 
7.2 9993.07121541 2.26818367087 5.66060091941 
7.3 9992.92953949 2.29407383905 5.77638666782 
7.4 9992.78624851 2.32025747794 5.89349401278 
7.5 9992.6413242 2.3467378664 6.01193793161 
7.6 9992.49474811 2.37351831858 6.13173356753 
7.7 9992.34650158 2.40060218426 6.25289623119 
7.8 9992.19656575 2.42799284911 6.37544140222 
7.9 9992.04492153 2.45569373504 6.49938473078 
8 9991.89154966 2.48370830052 6.62474203912 
8.1 9991.73643063 2.5120400425 6.7515293324 
8.2 9991.57954466 2.54069250312 6.87976283634 
8.3 9991.42087182 2.56966925743 7.00945892746 
8.4 9991.26039192 2.59897391789 7.14063415832 
8.5 9991.0980846 2.62861013571 7.27330526481 
8.6 9990.93392923 2.65858160115 7.4074891679 
8.7 9990.76790498 2.68889204395 7.54320297537 
8.8 9990.59999078 2.71954523358 7.68046398354 
8.9 9990.43016534 2.75054497966 7.81928967904 
9 9990.25840713 2.78189513228 7.95969774048 
9.1 9990.08469438 2.81359958236 8.10170604026 
9.2 9989.90900504 2.84566226953 8.2453326925 
9.3 9989.73131687 2.87808716697 8.39059595979 
9.4 9989.55160733 2.91087830021 8.53751436785 
9.5 9989.36985366 2.94403973117 8.68610660738 
9.6 9989.18603286 2.97757556497 8.83639157565 
9.7 9989.00012167 3.01148995032 8.98838837833 
9.8 9988.81209659 3.04578707991 9.14211633122 
9.9 9988.62193385 3.08047119072 9.29759496218 
10 9988.42960942 3.1155465644 9.45484401291 
10.1 9988.23509903 3.15101752766 9.61388344087 
10.2 9988.03837812 3.18688845301 9.77473342369 
10.3 9987.83942177 3.22316377329 9.93741445222 
10.4 9987.63820482 3.25984796366 10.101947214 
10.5 9987.43470188 3.29694553994 10.268352582 
10.6 9987.22888728 3.33446106545 10.4366516581 
10.7 9987.02073507 3.37239915134 10.6068657747 
10.8 9986.81021905 3.41076445708 10.7790164978 
10.9 9986.59731268 3.44956169085 10.9531256283 
11 9986.38198919 3.48879560996 11.1292152046 
11.1 9986.16422147 3.52847102129 11.307307505 
11.2 9985.94398217 3.56859278171 11.4874250498 
11.3 9985.7212436 3.60916579856 11.6695906035 
11.4 9985.49597779 3.65019503001 11.8538271774 
11.5 9985.26815648 3.6916854856 12.0401580316 
11.6 9985.0377511 3.73364222659 12.2286066776 
11.7 9984.80473275 3.77607036649 12.4191968806 
11.8 9984.56907227 3.81897507148 12.6119526619 
11.9 9984.33074014 3.86236156085 12.8068983014 
12 9984.08970655 3.9062351075 13.0040583399 
12.1 9983.84594138 3.95060103837 13.2034575817 
12.2 9983.59941414 3.99546473863 13.4051211243 
12.3 9983.35009376 4.04083167928 13.6090745643 
12.4 9983.097949 4.08670736856 13.8153436327 
12.5 9982.84294834 4.13309736492 14.0239542915 
12.6 9982.58505993 4.18000728429 14.2349327866 
12.7 9982.32425155 4.22744280066 14.448305651 
12.8 9982.06049065 4.27540964656 14.6640997078 
12.9 9981.79374431 4.32391361369 14.8823420731 
13 9981.52397929 4.37296055344 15.1030601596 
13.1 9981.25116194 4.42255637743 15.3262816791 
13.2 9980.9752583 4.47270705815 15.5520346464 
13.3 9980.69623399 4.52341862946 15.7803473821 
13.4 9980.4140543 4.5746971872 16.0112485157 
13.5 9980.12868412 4.62654888978 16.2447669896 
13.6 9979.84008798 4.67897995876 16.4809320614 
13.7 9979.54823001 4.73199667943 16.7197733082 
13.8 9979.25307397 4.78560540144 16.9613206294 
13.9 9978.95458321 4.83981253936 17.2056042503 
14 9978.6527207 4.89462457334 17.4526547257 
14.1 9978.34744901 4.95004804967 17.702502943 
14.2 9978.03873033 5.00608957317 17.9551801013 
14.3 9977.72652655 5.06275579072 18.2107176628 
14.4 9977.41079906 5.12005343914 18.4691474997 
14.5 9977.09150884 5.17798932544 18.7305018355 
14.6 9976.76861643 5.23657032493 18.9948132414 
14.7 9976.44208198 5.2958033818 19.2621146401 
14.8 9976.11186518 5.35569550971 19.5324393086 
14.9 9975.77792533 5.41625379242 19.8058208825 
15 9975.44022126 5.47748538433 20.0822933592 
15.1 9975.09871139 5.53939751113 20.3618911016 
15.2 9974.75335369 5.60199747039 20.6446488419 
15.3 9974.40410568 5.66529263217 20.9306016849 
15.4 9974.05092445 5.72929043963 21.2197851121 
15.5 9973.69376661 5.79399840965 21.5122349853 
15.6 9973.33258832 5.85942413347 21.8079875505 
15.7 9972.96734528 5.92557527728 22.1070794412 
15.8 9972.59799273 5.99245958289 22.409547683 
15.9 9972.22448544 6.06008486831 22.7154296967 
16 9971.84677767 6.12845902844 23.0247633026 
16.1 9971.46482324 6.19759003568 23.3375867245 
16.2 9971.07857551 6.26748592319 23.6539385712 
16.3 9970.68798737 6.33815478524 23.9738578407 
16.4 9970.2930112 6.40960481944 24.2973839762 
16.5 9969.89359886 6.48184430282 24.6245568392 
16.6 9969.48970169 6.55488159198 24.9554167133 
16.7 9969.08127057 6.62872512374 25.2900043076 
16.8 9968.66825582 6.70338341572 25.6283607612 
16.9 9968.25060729 6.77886506693 25.9705276471 
17 9967.82827427 6.85517875838 26.3165469763 
17.1 9967.40120554 6.93233325371 26.6664612018 
17.2 9966.96934938 7.01033739977 27.0203132228 
17.3 9966.53265348 7.08920012726 27.3781463891 
17.4 9966.09106504 7.16893045132 27.7400045048 
17.5 9965.6445307 7.24953747218 28.1059318328 
17.6 9965.19299653 7.33103037573 28.4759730992 
17.7 9964.73640807 7.41341843418 28.8501734971 
17.8 9964.2747103 7.49671100671 29.2285786915 
17.9 9963.80784764 7.58091754 29.611234823 
18 9963.33576392 7.66604756895 29.9981885126 
18.1 9962.85840242 7.75211071716 30.389486866 
18.2 9962.37570581 7.83911667148 30.7851775195 
18.3 9961.88761619 7.92707520884 31.1853086028 
18.4 9961.39407507 8.01599621272 31.5899287184 
18.5 9960.89502337 8.10588965685 31.9990869729 
18.6 9960.39040141 8.19676560588 32.4128329816 
18.7 9959.88014891 8.28863421589 32.8312168729 
18.8 9959.36420497 8.38150573504 33.2542892933 
18.9 9958.84250808 8.4753905041 33.6821014118 
19 9958.31499612 8.57029895706 34.1147049247 
19.1 9957.78160632 8.66624162172 34.5521520606 
19.2 9957.2422753 8.76322912029 34.9944955846 
19.3 9956.69693903 8.86127216993 35.4417888036 
19.4 9956.14553285 8.96038158341 35.894085571 
19.5 9955.58799144 9.06056826963 36.3514402914 
19.6 9955.02424884 9.16184323428 36.8139079257 
19.7 9954.45423842 9.26421758036 37.2815439959 
19.8 9953.8778929 9.36770250885 37.75440459 
19.9 9953.29514431 9.47230931922 38.2325463671 
20 9952.70592403 9.5780494101 38.7160265622 
20.1 9952.11016273 9.68493427564 39.2049029901 
20.2 9951.50779053 9.79297544343 39.6992340298 
20.3 9950.89873677 9.90218457149 40.199078661 
20.4 9950.2829301 10.0125734381 40.7044964662 
20.5 9949.66029845 10.1241539213 41.2155476283 
20.6 9949.03076906 10.2369379995 41.7322929361 
20.7 9948.39426846 10.3509377518 42.2547937894 
20.8 9947.75072244 10.4661653586 42.7831122042 
20.9 9947.10005608 10.5826331021 43.317310818 
21 9946.44219374 10.7003533664 43.8574528948 
21.1 9945.77705903 10.8193386385 44.4036023306 
21.2 9945.10457483 10.9396015085 44.9558236584 
21.3 9944.42466328 11.0611546697 45.5141820541 
21.4 9943.73724574 11.18401092 46.0787433413 
21.5 9943.04224284 11.3081831612 46.6495739967 
21.6 9942.33957444 11.4336844005 47.226741156 
21.7 9941.62915963 11.5605277501 47.8103126188 
21.8 9940.91091672 11.6887264282 48.4003568544 
21.9 9940.18476323 11.8182937594 48.9969430071 
22 9939.45061592 11.9492431748 49.6001409019 
22.1 9938.70839078 12.0815881918 50.2100210308 
22.2 9937.95800319 12.2153423284 50.8266544818 
22.3 9937.1993676 12.3505192878 51.4501131092 
22.4 9936.43239762 12.4871328942 52.0804694815 
22.5 9935.65700605 12.6251970767 52.7177968727 
22.6 9934.87310486 12.7647258701 53.3621692671 
22.7 9934.08060522 12.9057334144 54.0136613657 
22.8 9933.27941745 13.0482339557 54.6723485909 
22.9 9932.46945106 13.1922418458 55.3383070924 
23 9931.6506147 13.3377715429 56.0116137532 
23.1 9930.82281619 13.4848376112 56.6923461946 
23.2 9929.9859625 13.6334547219 57.380582782 
23.3 9929.13995972 13.7836376526 58.076402631 
23.4 9928.2847131 13.9354012879 58.7798856124 
23.5 9927.42012702 14.0887606195 59.4911123585 
23.6 9926.54610499 14.2437307462 60.2101642686 
23.7 9925.66254961 14.4003268744 60.9371235146 
23.8 9924.76936264 14.5585643176 61.6720730471 
23.9 9923.8664449 14.7184584973 62.415096601 
24 9922.95369636 14.8800249427 63.1662787015 
24.1 9922.0310162 15.0432792229 63.9257045774 
24.2 9921.09830303 15.2082368873 64.6934600863 
24.3 9920.1554542 15.374913726 65.4696320736 
24.4 9919.20236616 15.543325639 66.2543082004 
24.5 9918.23893443 15.7134886285 67.0475769393 
24.6 9917.26505362 15.8854187986 67.84952758 
24.7 9916.28061741 16.0591323554 68.6602502349 
24.8 9915.28551855 16.2346456063 69.4798358441 
24.9 9914.27964886 16.4119749602 70.3083761817 
25 9913.26289921 16.5911369265 71.1459638609 
25.1 9912.23515954 16.7721481156 71.9926923399 
25.2 9911.19631883 16.955025238 72.8486559273 
25.3 9910.14626511 17.1397851042 73.7139497875 
25.4 9909.08488543 17.3264446244 74.5886699471 
25.5 9908.01206589 17.5150208077 75.4729132997 
25.6 9906.92769163 17.7055307625 76.366777612 
25.7 9905.83164678 17.8979916953 77.2703615296 
25.8 9904.72381451 18.0924209107 78.1837645822 
25.9 9903.604077 18.2888358111 79.1070871898 
26 9902.47231544 18.4872538958 80.0404306681 
26.1 9901.32841049 18.6876925867 80.9838969265 
26.2 9900.17224203 18.8901693263 81.9375886485 
26.3 9899.00368846 19.094701817 82.9016097203 
26.4 9897.82262722 19.301307848 83.8760649319 
26.5 9896.62893472 19.5100052941 84.8610599817 
26.6 9895.4224864 19.7208121144 85.8567014812 
26.7 9894.20315669 19.9337463518 86.8630969601 
26.8 9892.970819 20.1488261313 87.8803548714 
26.9 9891.72534574 20.3660696595 88.9085845959 
27 9890.46660833 20.5854952229 89.9478964474 
27.1 9889.19447714 20.8071211873 90.9984016774 
27.2 9887.90882152 21.0309659962 92.0602124801 
27.3 9886.60950983 21.2570481699 93.1334419973 
27.4 9885.29640937 21.485386304 94.2182043232 
27.5 9883.96938642 21.7159990684 95.3146145092 
27.6 9882.62830623 21.9489052059 96.4227885691 
27.7 9881.27303299 22.1841235307 97.5428434834 
27.8 9879.90342987 22.4216729277 98.6748972046 
27.9 9878.51935899 22.6615723503 99.8190686618 
28 9877.12068144 22.903840811 100.975477747 
28.1 9875.70725832 23.1484970503 102.144244625 
28.2 9874.27894941 23.3955599587 103.32549063 
28.3 9872.83561298 23.6450486295 104.519338389 
28.4 9871.37710629 23.8969822056 105.725911503 
28.5 9869.90328557 24.1513798771 106.945334551 
28.6 9868.41400603 24.408260879 108.177733095 
28.7 9866.90912183 24.6676444892 109.423233679 
28.8 9865.38848614 24.9295500262 110.681963838 
28.9 9863.85195106 25.1939968465 111.954052096 
29 9862.29936769 25.4610043421 113.239627973 
29.1 9860.73058608 25.7305919387 114.538821984 
29.2 9859.14545526 26.0027790925 115.851765649 
29.3 9857.54382323 26.2775852883 117.178591486 
29.4 9855.92553694 26.5550300362 118.519433025 
29.5 9854.29044233 26.8351328698 119.874424802 
29.6 9852.63838429 27.1179133431 121.243702367 
29.7 9850.96920669 27.4033910278 122.627402286 
29.8 9849.28275235 27.6915855109 124.025662142 
29.9 9847.57886307 27.9825163914 125.438620539 
30 9845.85737981 28.2762032236 126.866416971 
30.1 9844.11814414 28.5726650951 128.30919076 
30.2 9842.36099567 28.8719213736 129.767082958 
30.3 9840.58577261 29.1739915173 131.240235874 
30.4 9838.79231222 29.4788949664 132.728792812 
30.5 9836.98045079 29.7866511389 134.232898069 
30.6 9835.15002364 30.0972794266 135.752696938 
30.7 9833.30086511 30.4107991911 137.288335704 
30.8 9831.43280859 30.7272297598 138.839961649 
30.9 9829.54568653 31.0465904216 140.40772305 
31 9827.6393304 31.3689004229 141.991769177 
31.1 9825.71357074 31.6941789632 143.592250295 
31.2 9823.76823715 32.0224451908 145.209317664 
31.3 9821.80315827 32.3537181983 146.843123536 
31.4 9819.81816182 32.6880170184 148.493821159 
31.5 9817.81307461 33.0253606189 150.161564771 
31.6 9815.7877225 33.3657678989 151.846509602 
31.7 9813.74193044 33.7092576834 153.548811876 
31.8 9811.67552248 34.0558487188 155.268628804 
31.9 9809.58832174 34.4055596684 157.00611859 
32 9807.4801511 34.758408954 158.761439949 
32.1 9805.3508345 35.1144144199 160.534751082 
32.2 9803.20019331 35.4735942267 162.326212463 
32.3 9801.0280479 35.8359664628 164.135985641 
32.4 9798.83421782 36.2015490895 165.964233093 
32.5 9796.61852185 36.5703599345 167.811118215 
32.6 9794.380778 36.9424166862 169.676805317 
32.7 9792.12080349 37.3177368869 171.56145962 
32.8 9789.83841483 37.6963379267 173.465247247 
32.9 9787.53342774 38.0782370367 175.388335224 
33 9785.20565725 38.4634512826 177.330891466 
33.1 9782.85491766 38.8519975577 179.293084781 
33.2 9780.48102257 39.2438925765 181.275084856 
33.3 9778.08378488 39.6391528679 183.277062254 
33.4 9775.66301682 40.0377947675 185.29918841 
33.5 9773.21852997 40.4398344116 187.341635621 
33.6 9770.75013523 40.8452877292 189.404577042 
33.7 9768.25764289 41.2541704354 191.488186678 
33.8 9765.7408626 41.6664980237 193.592639377 
33.9 9763.19960342 42.0822857588 195.718110825 
34 9760.63367524 42.5015483909 197.864776367 
34.1 9758.04288893 42.9243001318 200.032810936 
34.2 9755.42705275 43.3505553321 202.222391917 
34.3 9752.78597447 43.7803280726 204.433697457 
34.4 9750.11946143 44.2136321487 206.666906425 
34.5 9747.42732054 44.6504810604 208.922198397 
34.6 9744.70935835 45.0908880042 211.199753641 
34.7 9741.96538103 45.5348658633 213.49975311 
34.8 9739.19519438 45.9824271988 215.822378426 
34.9 9736.3986039 46.4335842401 218.167811864 
35 9733.57541478 46.8883488756 220.536236343 
35.1 9730.72543195 47.3467326428 222.927835409 
35.2 9727.84846006 47.8087467192 225.342793224 
35.3 9724.94430354 48.2744019118 227.781294546 
35.4 9722.01276663 48.7437086477 230.243524721 
35.5 9719.05365337 49.216676964 232.729669664 
35.6 9716.06676766 49.6933164974 235.239915844 
35.7 9713.05191325 50.1736364744 237.774450271 
35.8 9710.00889382 50.6576457005 240.333460476 
35.9 9706.93751296 51.1453525488 242.917134489 
36 9703.83757672 51.6367646729 245.525658605 
36.1 9700.70889118 52.1318892682 248.159219548 
36.2 9697.55126088 52.6307332391 250.818005877 
36.3 9694.36449049 53.1333030038 253.502206503 
36.4 9691.14838485 53.6396044838 256.212010663 
36.5 9687.90274901 54.1496430913 258.947607895 
36.6 9684.62738826 54.6634237178 261.709188024 
36.7 9681.32210815 55.1809507217 264.496941127 
36.8 9677.98671457 55.7022279166 267.311057517 
36.9 9674.62101372 56.2272585588 270.151727718 
37 9671.22481223 56.7560453348 273.019142435 
37.1 9667.79791712 57.2885903492 275.913492536 
37.2 9664.34013587 57.8248951114 278.83496902 
37.3 9660.85127648 58.3649605235 281.783762998 
37.4 9657.33114747 58.9087868673 284.760065661 
37.5 9653.77955795 59.4563737908 287.764068255 
37.6 9650.19631765 60.0077202957 290.795962056 
37.7 9646.58123693 60.5628247237 293.855938341 
37.8 9642.9341269 61.1216847433 296.944188361 
37.9 9639.25479951 61.6842973464 300.060903141 
38 9635.5430702 62.2506589929 303.20627081 
38.1 9631.79875405 62.8207653558 306.380480597 
38.2 9628.02166627 63.3946113319 309.5837224 
38.3 9624.21162307 63.9721910818 312.816185846 
38.4 9620.36844172 64.553498016 316.078060261 
38.5 9616.49194059 65.1385247811 319.369534632 
38.6 9612.58193919 65.7272632457 322.690797569 
38.7 9608.63825824 66.3197044859 326.042037272 
38.8 9604.66071974 66.9158387717 329.423441491 
38.9 9600.64914696 67.5156555519 332.835197487 
39 9596.60336456 68.1191434399 336.277491997 
39.1 9592.52319861 68.7262901991 339.750511195 
39.2 9588.40847663 69.3370827281 343.254440646 
39.3 9584.25902768 69.9515070456 346.789465276 
39.4 9580.0746824 70.5695482758 350.355769325 
39.5 9575.85527306 71.1911906331 353.953536307 
39.6 9571.60063362 71.8164174065 357.582948969 
39.7 9567.3105998 72.4452109451 361.244189252 
39.8 9562.98500912 73.0775526418 364.937438242 
39.9 9558.62370116 73.7134231211 368.662875718 
40 9554.22651858 74.3528030798 372.420678343 
40.1 9549.79330519 74.9956714574 376.211023348 
40.2 9545.32390675 75.6420060449 380.034087206 
40.3 9540.81817113 76.2917836364 383.890045238 
40.4 9536.27594842 76.9449800141 387.779071571 
40.5 9531.69709099 77.601569935 391.701339079 
40.6 9527.08145354 78.261527116 395.657019342 
40.7 9522.4288932 78.9248242197 399.646282584 
40.8 9517.73926953 79.5914328403 403.669297629 
40.9 9513.01244467 80.2613234886 407.726231845 
41 9508.24828333 80.934465578 411.81725109 
41.1 9503.44665293 81.6108274093 415.94251966 
41.2 9498.60742361 82.2903761566 420.102200233 
41.3 9493.73046833 82.973077852 424.296453813 
41.4 9488.81566295 83.6588973711 428.525439678 
41.5 9483.86288626 84.3477984181 432.789315319 
41.6 9478.8720201 85.0397435106 437.088236387 
41.7 9473.8429494 85.7346939649 441.42235663 
41.8 9468.77556228 86.4326098805 445.791827843 
41.9 9463.66974954 87.1334508411 450.196799616 
42 9458.52540428 87.8371766282 454.637419091 
42.1 9453.34242396 88.5437444138 459.113831623 
42.2 9448.12070953 89.2531100997 463.626180366 
42.3 9442.86016542 89.9652283904 468.174606194 
42.4 9437.56069958 90.6800527845 472.759247633 
42.5 9432.22222364 91.3975355644 477.380240799 
42.6 9426.84465288 92.1176277877 482.037719334 
42.7 9421.42790638 92.8402792782 486.731814338 
42.8 9415.97190708 93.5654386165 491.462654306 
42.9 9410.47658181 94.2930531313 496.230365059 
43 9404.94186143 95.0230688907 501.035069678 
43.1 9399.36768087 95.7554306935 505.876888435 
43.2 9393.75397921 96.4900820605 510.755938725 
43.3 9388.10069978 97.226965226 515.672334997 
43.4 9382.40779019 97.9660211294 520.626188683 
43.5 9376.67520225 98.7071894888 525.617608262 
43.6 9370.9028893 99.4504098183 530.646700877 
43.7 9365.0908105 100.195619838 535.71356966 
43.8 9359.23893029 100.942755688 540.818314023 
43.9 9353.34721769 101.691752224 545.961030089 
44 9347.41564635 102.442543022 551.141810631 
44.1 9341.44419463 103.195060367 556.360744999 
44.2 9335.4328457 103.94923525 561.61791905 
44.3 9329.38158755 104.704997371 566.913415082 
44.4 9323.29041311 105.462275125 572.247311764 
44.5 9317.15932033 106.22099561 577.619684061 
44.6 9310.98831222 106.981084613 583.030603168 
44.7 9304.77739694 107.742466617 588.480136438 
44.8 9298.5265879 108.505064792 593.968347306 
44.9 9292.23590379 109.268800994 599.49529522 
45 9285.90536867 110.033595764 605.06103557 
45.1 9279.53501206 110.799368327 610.66561961 
45.2 9273.12486618 111.566037972 616.309095848 
45.3 9266.67496679 112.333523657 621.991509554 
45.4 9260.18535833 113.101741562 627.712900107 
45.5 9253.65609079 113.870606649 633.473302563 
45.6 9247.08721974 114.640032671 639.272747593 
45.7 9240.4788064 115.409932182 645.111261419 
45.8 9233.83091771 116.180216547 650.988865744 
45.9 9227.14362638 116.950795943 656.905577679 
46 9220.41701095 117.721579371 662.86140968 
46.1 9213.65115586 118.492474665 668.856369476 
46.2 9206.84615151 119.263388498 674.890459996 
46.3 9200.0020943 120.034226393 680.963679305 
46.4 9193.11908674 120.804892733 687.076020531 
46.5 9186.19723744 121.57529077 693.227471793 
46.6 9179.23666123 122.345322634 699.418016132 
46.7 9172.23747922 123.114889346 705.647631439 
46.8 9165.19981755 123.88389117 711.916291277 
46.9 9158.12380216 124.652229116 718.223968728 
47 9151.00956969 125.419801928 724.570628385 
47.1 9143.85726399 126.186507101 730.956228913 
47.2 9136.66703511 126.952241173 737.380723716 
47.3 9129.43903937 127.716899748 743.844060878 
47.4 9122.17343938 128.480377512 750.34618311 
47.5 9114.87040405 129.242568257 756.88702769 
47.6 9107.53010869 130.003364899 763.466526409 
47.7 9100.15273498 130.762659502 770.084605517 
47.8 9092.73847104 131.520343297 776.741185661 
47.9 9085.28751146 132.276306711 783.436181834 
48 9077.8000573 133.030439382 790.16950332 
48.1 9070.27631617 133.782630189 796.941053636 
48.2 9062.71650225 134.532767277 803.750730476 
48.3 9055.12083626 135.280738075 810.598425662 
48.4 9047.48954554 136.026429341 817.484025124 
48.5 9039.82285816 136.76972827 824.407413574 
48.6 9032.121009 137.510521405 831.368469593 
48.7 9024.38424266 138.248694119 838.36706322 
48.8 9016.61281011 138.984131272 845.403058621 
48.9 9008.80696871 139.71671724 852.476314049 
49 9000.96698223 140.446335955 859.586681815 
49.1 8993.09312082 141.172870934 866.734008248 
49.2 8985.18566102 141.896205313 873.918133665 
49.3 8977.24488578 142.616221888 881.138892334 
49.4 8969.27108441 143.332803145 888.396112445 
49.5 8961.26455262 144.045831301 895.689616074 
49.6 8953.2255925 144.755188341 903.019219157 
49.7 8945.15451249 145.460756052 910.384731454 
49.8 8937.05162741 146.162416068 917.785956523 
49.9 8928.9172584 146.860049907 925.222691689 
50 8920.75173297 147.55353901 932.694728017 
50.1 8912.55538264 148.242764781 940.201852575 
50.2 8904.32853974 148.927608623 947.743851642 
50.3 8896.07154768 149.607951995 955.320500326 
50.4 8887.78475625 150.283676448 962.931567304 
50.5 8879.46852113 150.95466367 970.576815199 
50.6 8871.12320389 151.620795527 978.256000585 
50.7 8862.74917191 152.281954114 985.968873981 
50.8 8854.34679836 152.938021792 993.715179852 
50.9 8845.91646214 153.588881246 1001.49465661 
51 8837.45854786 154.234415519 1009.30703662 
51.1 8828.97344572 154.874508073 1017.1520462 
51.2 8820.46155154 155.509042829 1025.02940563 
51.3 8811.92326664 156.137904216 1032.93882915 
51.4 8803.3589978 156.760977229 1040.88002497 
51.5 8794.76915722 157.378147471 1048.85269531 
51.6 8786.15416244 157.989301209 1056.85653636 
51.7 8777.51443605 158.594325318 1064.89123863 
51.8 8768.85040214 159.193105616 1072.95649225 
51.9 8760.1624913 159.785529424 1081.05197928 
52 8751.45114021 160.371485424 1089.17737436 
52.1 8742.71679039 160.950863135 1097.33234647 
52.2 8733.95988806 161.523552965 1105.51655897 
52.3 8725.1808841 162.08944626 1113.72966964 
52.4 8716.38023392 162.648435354 1121.97133072 
52.5 8707.55839742 163.200413624 1130.24118896 
52.6 8698.71583884 163.745275536 1138.53888562 
52.7 8689.85302669 164.282916701 1146.86405661 
52.8 8680.97043366 164.813233927 1155.21633241 
52.9 8672.06853649 165.336125271 1163.59533824 
53 8663.14781588 165.851490097 1172.00069403 
53.1 8654.20875638 166.359229123 1180.43201449 
53.2 8645.25184631 166.859244483 1188.88890921 
53.3 8636.27757758 167.351439779 1197.37098264 
53.4 8627.28644575 167.835718108 1205.87783614 
53.5 8618.27894989 168.31198226 1214.40906784 
53.6 8609.25559221 168.780139098 1222.96426869 
53.7 8600.21687809 169.240097032 1231.54302487 
53.8 8591.16331597 169.691766035 1240.14491799 
53.9 8582.0954172 170.135057692 1248.76952511 
54 8573.01369594 170.569885244 1257.41641882 
54.1 8563.91866901 170.996163639 1266.08516736 
54.2 8554.81085577 171.413809571 1274.77533466 
54.3 8545.69077798 171.822741537 1283.48648048 
54.4 8536.55895968 172.222879879 1292.21816044 
54.5 8527.41592701 172.614146829 1300.96992616 
54.6 8518.26220812 172.996466566 1309.74132531 
54.7 8509.09833299 173.369765255 1318.53190176 
54.8 8499.9248333 173.7339711 1327.3411956 
54.9 8490.74224229 174.08901439 1336.16874332 
55 8481.55109537 174.434826793 1345.01407784 
55.1 8472.35193431 174.771337289 1353.87672841 
55.2 8463.14529887 175.09848004 1362.75622109 
55.3 8453.93172912 175.416192101 1371.65207878 
55.4 8444.71176616 175.724412612 1380.56382123 
55.5 8435.48595198 176.023082833 1389.49096519 
55.6 8426.25482929 176.312146175 1398.43302454 
55.7 8417.01894141 176.591548238 1407.38951035 
55.8 8407.7788321 176.861236842 1416.35993106 
55.9 8398.5350454 177.121162057 1425.34379255 
56 8389.28812548 177.37127624 1434.34059828 
56.1 8380.03861649 177.611534064 1443.34984945 
56.2 8370.7870624 177.841892552 1452.37104504 
56.3 8361.53400685 178.062311109 1461.40368204 
56.4 8352.27999294 178.272751551 1470.44725551 
56.5 8343.02556315 178.473178139 1479.50125871 
56.6 8333.77125911 178.663557594 1488.5651833 
56.7 8324.51762895 178.843855198 1497.63851585 
56.8 8315.26522028 179.014038418 1506.7207413 
56.9 8306.01457496 179.174079624 1515.81134542 
57 8296.76623376 179.323953546 1524.9098127 
57.1 8287.52073627 179.463637284 1534.01562644 
57.2 8278.27862073 179.593110324 1543.12826895 
57.3 8269.04042386 179.712354553 1552.24722159 
57.4 8259.80668074 179.821354263 1561.371965 
57.5 8250.57792466 179.920096172 1570.50197916 
57.6 8241.35468697 180.008569429 1579.6367436 
57.7 8232.13749689 180.086765625 1588.77573749 
57.8 8222.92688142 180.154678804 1597.91843977 
57.9 8213.72336515 180.212305469 1607.06432938 
58 8204.52747011 180.259644594 1616.21288529 
58.1 8195.33971561 180.296697627 1625.36358676 
58.2 8186.16061809 180.323468498 1634.51591341 
58.3 8176.99069446 180.339962561 1643.66934298 
58.4 8167.83046836 180.346184625 1652.82334701 
58.5 8158.68045193 180.342144492 1661.97740357 
58.6 8149.54115353 180.327854556 1671.13099191 
58.7 8140.41307841 180.303329535 1680.28359205 
58.8 8131.29672865 180.268586467 1689.43468488 
58.9 8122.19260296 180.223644697 1698.58375235 
59 8113.10119661 180.168525865 1707.73027753 
59.1 8104.02300128 180.103253898 1716.87374482 
59.2 8094.95850497 180.027854992 1726.01364004 
59.3 8085.90819181 179.942357603 1735.14945059 
59.4 8076.87254199 179.846792427 1744.28066558 
59.5 8067.85203163 179.741192389 1753.40677599 
59.6 8058.84713261 179.62559262 1762.52727477 
59.7 8049.85831252 179.500030446 1771.64165704 
59.8 8040.88603446 179.364545364 1780.74942018 
59.9 8031.93075744 179.219178974 1789.85006358 
60 8022.99294651 179.063973925 1798.94307956 
60.1 8014.07305849 178.898975313 1808.0279662 
60.2 8005.17154197 178.724230654 1817.10422738 
60.3 7996.28884103 178.539789469 1826.1713695 
60.4 7987.42539512 178.345703259 1835.22890162 
60.5 7978.58163898 178.142025469 1844.27633555 
60.6 7969.75800255 177.928811467 1853.31318598 
60.7 7960.95491089 177.7061185 1862.33897061 
60.8 7952.17278409 177.474005673 1871.35321024 
60.9 7943.4120372 177.232533905 1880.3554289 
61 7934.67308013 176.981765899 1889.34515397 
61.1 7925.95631757 176.721766104 1898.32191632 
61.2 7917.26214893 176.452600677 1907.2852504 
61.3 7908.59096822 176.174337446 1916.23469434 
61.4 7899.94316401 175.887045869 1925.16979012 
61.5 7891.31911934 175.590796991 1934.09008367 
61.6 7882.71921577 175.285664174 1942.99512006 
61.7 7874.14383404 174.971723179 1951.88444278 
61.8 7865.59334348 174.649050186 1960.75760633 
61.9 7857.06810789 174.31772284 1969.61416927 
62 7848.56848554 173.977820232 1978.45369422 
62.1 7840.09482923 173.629422857 1987.27574791 
62.2 7831.64748614 173.272612572 1996.07990129 
62.3 7823.22679787 172.907472546 2004.86572958 
62.4 7814.83310035 172.534087223 2013.63281242 
62.5 7806.46672384 172.152542267 2022.38073389 
62.6 7798.12799286 171.762924521 2031.10908262 
62.7 7789.81722617 171.365321955 2039.81745187 
62.8 7781.53473677 170.95982362 2048.50543961 
62.9 7773.28083179 170.546519591 2057.17264862 
63 7765.05581256 170.125500925 2065.81868652 
63.1 7756.8599745 169.6968596 2074.4431659 
63.2 7748.69360766 169.260688934 2083.04570341 
63.3 7740.55700018 168.817086649 2091.62591317 
63.4 7732.450432 168.366149213 2100.18341879 
63.5 7724.3741765 167.907973267 2108.71785023 
63.6 7716.32850126 167.442656277 2117.22884246 
63.7 7708.31366809 166.970296493 2125.71603542 
63.8 7700.32993299 166.490992898 2134.17907411 
63.9 7692.37754619 166.004845159 2142.61760865 
64 7684.45675212 165.511953582 2151.0312943 
64.1 7676.56778944 165.012419063 2159.41979149 
64.2 7668.71089104 164.506343034 2167.78276593 
64.3 7660.88628403 163.993827415 2176.11988855 
64.4 7653.09418978 163.474974565 2184.43083565 
64.5 7645.33482392 162.949887227 2192.71528885 
64.6 7637.60839636 162.418668475 2200.97293517 
64.7 7629.91511129 161.881421666 2209.20346704 
64.8 7622.25516723 161.338250384 2217.40658239 
64.9 7614.62875677 160.789261766 2225.58198146 
65 7607.03606681 160.234563807 2233.72936938 
65.1 7599.47727882 159.674262235 2241.84845895 
65.2 7591.95256865 159.108463 2249.93896835 
65.3 7584.4621066 158.537272233 2258.00062116 
65.4 7577.00605743 157.960796203 2266.03314637 
65.5 7569.58458037 157.379141271 2274.03627836 
65.6 7562.19782922 156.792413849 2282.00975693 
65.7 7554.84595231 156.20072036 2289.95332733 
65.8 7547.52909261 155.604167185 2297.86674021 
65.9 7540.24738771 155.002860627 2305.74975166 
66 7533.00096993 154.396906864 2313.6021232 
66.1 7525.78996631 153.786411903 2321.42362179 
66.2 7518.61449868 153.171481537 2329.21401978 
66.3 7511.47468371 152.552221298 2336.97309499 
66.4 7504.37063298 151.928736415 2344.7006306 
66.5 7497.302452 151.301132883 2352.39641511 
66.6 7490.27023795 150.669520073 2360.06024198 
66.7 7483.27408563 150.034003999 2367.69191037 
66.8 7476.31408518 149.394690005 2375.29122482 
66.9 7469.39032169 148.751683113 2382.8579952 
67 7462.50287532 148.105087987 2390.39203669 
67.1 7455.65182136 147.455008902 2397.89316973 
67.2 7448.83723024 146.801549707 2405.36122005 
67.3 7442.05916762 146.144813796 2412.79601859 
67.4 7435.31769443 145.484904076 2420.19740149 
67.5 7428.61286698 144.82192293 2427.56521009 
67.6 7421.94473695 144.155972188 2434.89929086 
67.7 7415.31335153 143.487153092 2442.19949538 
67.8 7408.71875342 142.815566269 2449.46568031 
67.9 7402.16098096 142.141311693 2456.69770735 
68 7395.64006815 141.464488655 2463.89544319 
68.1 7389.1560446 140.785195826 2471.05875958 
68.2 7382.70893041 140.10353399 2478.1875356 
68.3 7376.29874295 139.419602442 2485.28165461 
68.4 7369.92549739 138.733498664 2492.34100394 
68.5 7363.58920472 138.045319451 2499.36547583 
68.6 7357.28987176 137.355160885 2506.35496736 
68.7 7351.02750124 136.663118312 2513.30938045 
68.8 7344.80209189 135.969286325 2520.22862178 
68.9 7338.61363848 135.273758745 2527.11260278 
69 7332.46213188 134.576628595 2533.96123952 
69.1 7326.34755919 133.877988087 2540.77445272 
69.2 7320.26990372 133.1779286 2547.55216768 
69.3 7314.22914513 132.476540661 2554.29431421 
69.4 7308.2252595 131.773913927 2561.00082658 
69.5 7302.25821936 131.07013717 2567.67164347 
69.6 7296.32799381 130.365298257 2574.30670793 
69.7 7290.43454858 129.65948413 2580.90596729 
69.8 7284.57784338 128.952781494 2587.46937513 
69.9 7278.75783074 128.245277097 2593.99689216 
70 7272.97446428 127.537055655 2600.48848006 
