Time S I R
0.0  10000 1 0
0.1 9999.94582003 0.956725292354 0.09745467685 
0.2 9999.89398656 0.915324288596 0.190689150772 
0.3 9999.84439533 0.87571377784 0.279890894413 
0.4 9999.79695044 0.837817226194 0.365232332441 
0.5 9999.75155893 0.801560429252 0.446880637483 
0.6 9999.70813188 0.766872405929 0.524995716808 
0.7 9999.66658428 0.733685310108 0.599730411592 
0.8 9999.62683478 0.701934200353 0.671231016483 
0.9 9999.58880577 0.671557107998 0.739637126175 
1 9999.55242265 0.642494493556 0.805082860986 
1.1 9999.51761417 0.6146894751 0.867696352259 
1.2 9999.48431222 0.58808765975 0.927600122286 
1.3 9999.45245155 0.56263696832 0.984911479765 
1.4 9999.42196959 0.538287428544 1.03974298603 
1.5 9999.39280667 0.5149914105 1.09220192422 
1.6 9999.3649059 0.492703487127 1.14239061384 
1.7 9999.33821293 0.471380258844 1.19040680628 
1.8 9999.3126757 0.450980141223 1.23634416323 
1.9 9999.28824414 0.431463172229 1.28029269112 
2 9999.2648703 0.412791054122 1.32233864744 
2.1 9999.24250805 0.394926946042 1.3625650081 
2.2 9999.22111298 0.377835391503 1.40105163093 
2.3 9999.20064346 0.361483141197 1.43787339932 
2.4 9999.18105972 0.345838432725 1.47310184697 
2.5 9999.16232366 0.330870841465 1.50680549425 
2.6 9999.14439877 0.316551197563 1.53905003516 
2.7 9999.12724978 0.302851351941 1.569898865 
2.8 9999.11084306 0.289744426857 1.59941251517 
2.9 9999.09514632 0.277204644148 1.62764904044 
3 9999.08012892 0.265207533172 1.65466354979 
3.1 9999.06576149 0.253729632026 1.6805088802 
3.2 9999.05201586 0.242748443893 1.70523569503 
3.3 9999.03886512 0.232242470047 1.72889240956 
3.4 9999.02628356 0.222191177849 1.75152526303 
3.5 9999.01424654 0.212574890148 1.77317856796 
3.6 9999.00273049 0.203374773357 1.79389473696 
3.7 9998.99171288 0.194572836805 1.81371428403 
3.8 9998.98117213 0.186151845579 1.83267602109 
3.9 9998.97108758 0.178095285758 1.85081713629 
4 9998.96143947 0.17038738886 1.86817313887 
4.1 9998.95220895 0.163013087937 1.88477795807 
4.2 9998.94337794 0.155957937322 1.90066412398 
4.3 9998.93492913 0.149208116725 1.91586275826 
4.4 9998.92684602 0.142750452579 1.93040352601 
4.5 9998.9191128 0.136572302344 1.94431489647 
4.6 9998.91171429 0.130661546559 1.95762416094 
4.7 9998.90463594 0.125006560616 1.97035749631 
4.8 9998.89786391 0.119596282532 1.98253981236 
4.9 9998.891385 0.114420182508 1.99419482026 
5 9998.88518653 0.10946812022 2.00534535422 
5.1 9998.87925632 0.104730376281 2.01601330053 
5.2 9998.87358273 0.10019763482 2.02621963678 
5.3 9998.86815469 0.0958610690685 2.03598423904 
5.4 9998.86296161 0.0917122105818 2.04532617645 
5.5 9998.85799331 0.0877429268368 2.05426376176 
5.6 9998.85324003 0.083945420011 2.062814554 
5.7 9998.84869243 0.080312236396 2.07099533728 
5.8 9998.84434167 0.0768363127414 2.07882201636 
5.9 9998.84017924 0.0735108446161 2.08630991324 
6 9998.83619697 0.0703293073727 2.09347371988 
6.1 9998.83238703 0.067285442463 2.10032752904 
6.2 9998.82874196 0.0643733024385 2.10688473288 
6.3 9998.82525468 0.0615872150714 2.11315810382 
6.4 9998.82191834 0.0589217211532 2.1191599346 
6.5 9998.8187264 0.0563715875882 2.1249020088 
6.6 9998.81567258 0.0539318003114 2.1303956168 
6.7 9998.81275094 0.0515976109063 2.13565145075 
6.8 9998.80995576 0.0493644580823 2.14067978143 
6.9 9998.80728157 0.0472279632307 2.14549046828 
7 9998.80472311 0.0451839275874 2.15009296577 
7.1 9998.80227536 0.0432283469195 2.15449629031 
7.2 9998.79993359 0.041357430648 2.15870897719 
7.3 9998.79769321 0.0395675146724 2.16273927692 
7.4 9998.79554981 0.0378550828757 2.1665951068 
7.5 9998.79349917 0.0362167584429 2.17028407044 
7.6 9998.79153723 0.0346492945683 2.17381347874 
7.7 9998.78966017 0.0331496480172 2.17719018413 
7.8 9998.78786437 0.0317149216023 2.18042071021 
7.9 9998.78614631 0.0303423046471 2.18351138579 
8 9998.78450262 0.0290291015863 2.18646828046 
8.1 9998.78293005 0.0277727243802 2.18929722173 
8.2 9998.78142551 0.0265706922229 2.19200379561 
8.3 9998.77998609 0.0254206874728 2.19459322072 
8.4 9998.77860899 0.0243204706739 2.19707053962 
8.5 9998.77729151 0.0232678847913 2.19944060927 
8.6 9998.77603105 0.0222608598883 2.20170809054 
8.7 9998.77482513 0.0212974071381 2.20387746166 
8.8 9998.77367138 0.0203756321857 2.20595298811 
8.9 9998.77256758 0.0194937628862 2.2079386602 
9 9998.77151156 0.0186500739752 2.20983836268 
9.1 9998.77050127 0.0178429089431 2.21165582548 
9.2 9998.76953469 0.0170706773111 2.21339462986 
9.3 9998.76860993 0.016331850033 2.21505821875 
9.4 9998.76772518 0.0156249890002 2.21664983029 
9.5 9998.76687873 0.0149487297577 2.2181725368 
9.6 9998.76606893 0.0143017474405 2.21962932146 
9.7 9998.76529418 0.0136827713992 2.22102304534 
9.8 9998.76455296 0.0130905816201 2.22235645553 
9.9 9998.7638438 0.0125240077037 2.22363218738 
10 9998.76316534 0.0119819561137 2.22485270319 
10.1 9998.76251625 0.0114633722759 2.2260203775 
10.2 9998.76189526 0.0109672393626 2.22713749989 
10.3 9998.76130115 0.010492581655 2.22820626734 
10.4 9998.76073275 0.0100384617317 2.22922879062 
10.5 9998.76018893 0.00960398766407 2.23020707807 
10.6 9998.75966868 0.00918833193675 2.23114299296 
10.7 9998.75917095 0.00879068256455 2.23203836363 
10.8 9998.75869479 0.00841025798081 2.2328949499 
10.9 9998.75823925 0.00804630652988 2.23371444425 
11 9998.75780342 0.00769810407859 2.23449847718 
11.1 9998.75738643 0.00736495162783 2.23524862262 
11.2 9998.75698744 0.00704618284023 2.23596638094 
11.3 9998.75660571 0.00674120990311 2.23665307568 
11.4 9998.75624052 0.00644944344561 2.23731003392 
11.5 9998.75589115 0.00617031169851 2.23793854308 
11.6 9998.75555689 0.00590326555109 2.23853983959 
11.7 9998.75523711 0.00564777687684 2.23911511259 
11.8 9998.75493116 0.00540333685914 2.23966550779 
11.9 9998.75463842 0.00516945721071 2.24019212463 
12 9998.75435835 0.00494569986819 2.24069594949 
12.1 9998.75409041 0.00473163470004 2.24117795087 
12.2 9998.75383408 0.00452684252275 2.24163907265 
12.3 9998.75358886 0.00433092063322 2.24208022156 
12.4 9998.75335425 0.00414348155742 2.24250227007 
12.5 9998.75312979 0.00396415179902 2.24290605917 
12.6 9998.75291503 0.00379257135919 2.24329239945 
12.7 9998.75270956 0.00362841609278 2.24366202078 
12.8 9998.752513 0.00347137292773 2.24401562809 
12.9 9998.75232495 0.00332113376023 2.24435391512 
13 9998.75214505 0.0031774024603 2.24467754866 
13.1 9998.75197294 0.00303989394882 2.24498717061 
13.2 9998.75180827 0.00290833327458 2.24528340007 
13.3 9998.75165071 0.00278245475435 2.24556683527 
13.4 9998.75149996 0.0026620181317 2.24583801717 
13.5 9998.75135575 0.00254679747579 2.2460974545 
13.6 9998.75121778 0.00243656722669 2.24634565515 
13.7 9998.75108578 0.0023311108981 2.24658310657 
13.8 9998.7509595 0.00223022043255 2.24681027722 
13.9 9998.75083869 0.00213369555672 2.24702761807 
14 9998.75072309 0.00204134313657 2.24723556397 
14.1 9998.7506125 0.00195298373167 2.24743451898 
14.2 9998.75050669 0.00186845178341 2.24762485587 
14.3 9998.75040547 0.00178758190051 2.24780694704 
14.4 9998.75030863 0.0017102152317 2.24798115017 
14.5 9998.75021599 0.00163619903043 2.24814780921 
14.6 9998.75012736 0.00156538617056 2.24830725541 
14.7 9998.75004256 0.00149763466202 2.24845980851 
14.8 9998.74996142 0.0014328116163 2.24860576771 
14.9 9998.7498838 0.00137079788866 2.2487454013 
15 9998.74980955 0.00131147236598 2.24887898197 
15.1 9998.74973851 0.00125471826499 2.24900677268 
15.2 9998.74967055 0.00120042311673 2.24912902667 
15.3 9998.74960553 0.00114847839151 2.24924598832 
15.4 9998.74954333 0.00109877912397 2.24935789397 
15.5 9998.7494838 0.00105122353808 2.24946497279 
15.6 9998.74942685 0.00100571917641 2.24956743295 
15.7 9998.74937236 0.00096218538765 2.24966545606 
15.8 9998.74932023 0.000920537289797 2.24975923325 
15.9 9998.74927036 0.000880693263483 2.24984894828 
16 9998.74922265 0.000842574864536 2.2499347778 
16.1 9998.749177 0.000806106575397 2.25001689184 
16.2 9998.74913333 0.000771215556549 2.2500954544 
16.3 9998.74909154 0.000737831397935 2.25017062404 
16.4 9998.74905156 0.000705889994844 2.25024254508 
16.5 9998.74901332 0.000675332866315 2.25031134922 
16.6 9998.74897673 0.000646100315682 2.25037717086 
16.7 9998.74894173 0.000618134964201 2.2504401392 
16.8 9998.74890824 0.000591381579576 2.25050037861 
16.9 9998.7488762 0.000565786892195 2.25055800904 
17 9998.74884555 0.000541299411364 2.25061314642 
17.1 9998.74881623 0.000517869245403 2.25066590308 
17.2 9998.74878817 0.000495452062823 2.25071637886 
17.3 9998.74876133 0.000474006722904 2.25076466638 
17.4 9998.74873565 0.000453491154223 2.25081086038 
17.5 9998.74871108 0.000433864894329 2.25085505196 
17.6 9998.74868758 0.000415088959861 2.2508973289 
17.7 9998.7486651 0.000397125716659 2.25093777594 
17.8 9998.74864359 0.000379938749876 2.25097647507 
17.9 9998.748623 0.000363492775999 2.25101350574 
18 9998.74860331 0.0003477573306 2.25104893654 
18.1 9998.74858446 0.000332703514256 2.25108283255 
18.2 9998.74856644 0.000318301890624 2.25111526005 
18.3 9998.74854919 0.000304524202518 2.25114628266 
18.4 9998.7485327 0.000291343285578 2.25117596155 
18.5 9998.74851691 0.000278732981931 2.25120435561 
18.6 9998.74850181 0.000266668053861 2.25123152167 
18.7 9998.74848734 0.000255109629808 2.25125754726 
18.8 9998.74847353 0.000244072591394 2.25128239887 
18.9 9998.74846031 0.000233511041886 2.25130617984 
19 9998.74844766 0.00022340553668 2.25132893396 
19.1 9998.74843556 0.000213737058961 2.25135070404 
19.2 9998.74842398 0.000204487019708 2.25137153195 
19.3 9998.7484129 0.000195637257691 2.25139145856 
19.4 9998.74840231 0.000187170039473 2.25141052382 
19.5 9998.74839217 0.000179068223957 2.25142876632 
19.6 9998.74838246 0.000171317790731 2.25144621763 
19.7 9998.74837319 0.000163904191088 2.2514629105 
19.8 9998.74836431 0.000156812614177 2.25147887829 
19.9 9998.74835582 0.000150028778118 2.25149415315 
20 9998.7483477 0.000143538930002 2.25150876605 
