Time S I R
0.0  10000 1 0
0.1 9999.85770296 1.07498124841 0.0673157904902 
0.2 9999.7047416 1.15558083069 0.139677569776 
0.3 9999.54031168 1.24222227886 0.217466041097 
0.4 9999.36355723 1.33535634677 0.301086426422 
0.5 9999.17355523 1.43546905749 0.390975711363 
0.6 9998.96931347 1.54308284482 0.487603684026 
0.7 9998.74976404 1.65875995497 0.591476009813 
0.8 9998.51376191 1.78310318362 0.703134909064 
0.9 9998.26007536 1.9167609198 0.823163715841 
1 9997.98738057 2.06042997746 0.952189447912 
1.1 9997.69425416 2.21485949584 1.09088634598 
1.2 9997.37916903 2.38085311796 1.23997784991 
1.3 9997.04048326 2.55927483212 1.40024190984 
1.4 9996.67642938 2.75105455918 1.57251605691 
1.5 9996.28510997 2.95719048405 1.75769954466 
1.6 9995.86448735 3.17875442337 1.95675822941 
1.7 9995.41237083 3.41689849988 2.17073066827 
1.8 9994.92640762 3.67285991272 2.40073246936 
1.9 9994.40406866 3.9479682996 2.64796303873 
2 9993.84263771 4.24365147188 2.91371082121 
2.1 9993.23919564 4.56144356285 3.19936079898 
2.2 9992.59060746 4.90299181875 3.50640071697 
2.3 9991.89350246 5.27006691535 3.83643062814 
2.4 9991.14426304 5.66456876629 4.19116819218 
2.5 9990.33900855 6.08853497806 4.57245646802 
2.6 9989.47356487 6.54415653617 4.98227859331 
2.7 9988.54344773 7.03378649175 5.42276577587 
2.8 9987.54384237 7.5599505446 5.89620708866 
2.9 9986.46957964 8.12535928477 6.40506107087 
3 9985.31511007 8.7329216469 6.95196828674 
3.1 9984.07447502 9.38575980809 7.53976516908 
3.2 9982.74127759 10.0872240798 8.17149832523 
3.3 9981.30865141 10.8409088579 8.8504397279 
3.4 9979.76922952 11.650668767 9.58010171273 
3.5 9978.11510576 12.520638256 10.3642559847 
3.6 9976.33779198 13.4552532846 11.2069547372 
3.7 9974.42818596 14.4592679352 12.112546105 
3.8 9972.37652455 15.5377780365 13.085697411 
3.9 9970.17233164 16.6962470944 14.1314212647 
4 9967.80437755 17.9405272808 15.2550951663 
4.1 9965.26062468 19.2768865836 16.4624887321 
4.2 9962.5281635 20.7120401209 17.7597963778 
4.3 9959.59316313 22.2531754944 19.1536613706 
4.4 9956.44080806 23.907984093 20.6512078444 
4.5 9953.05522221 25.6846973533 22.2600804337 
4.6 9949.41940693 27.5921181054 23.9884749624 
4.7 9945.51516786 29.6396562936 25.8451758426 
4.8 9941.3230284 31.8373690343 27.8396025657 
4.9 9936.82215274 34.1959986553 29.9818486072 
5 9931.99026144 36.7270133255 32.2827252344 
5.1 9926.80353349 39.4426504142 34.7538161003 
5.2 9921.23651391 42.3559606603 37.4075254259 
5.3 9915.26201695 45.4808539775 40.2571290766 
5.4 9908.85101874 48.8321439787 43.3168372842 
5.5 9901.97254974 52.4255966844 46.6018535733 
5.6 9894.59358394 56.277981855 50.1284342045 
5.7 9886.67892555 60.4071155994 53.9139588512 
5.8 9878.19109042 64.8319089154 57.9770006676 
5.9 9869.09017977 69.5724249043 62.3373953297 
6 9859.33376565 74.6499152383 67.0163191083 
6.1 9848.87677219 80.0868590885 72.0363687246 
6.2 9837.67133177 85.9070267282 77.4216415054 
6.3 9825.66667736 92.1355031183 83.1978195199 
6.4 9812.80904266 98.7987025612 89.3922547809 
6.5 9799.04150005 105.924437471 96.0340624771 
6.6 9784.30387185 113.541919736 103.154208414 
6.7 9768.53267765 121.681730691 110.785591655 
6.8 9751.66095911 130.375889214 118.963151675 
6.9 9733.61822619 139.657818998 127.723954816 
7 9714.33049048 149.562247416 137.107262108 
7.1 9693.72009241 160.125259257 147.15464833 
7.2 9671.70570321 171.384215386 157.9100814 
7.3 9648.20249217 183.37754973 169.419958103 
7.4 9623.12198966 196.144782825 181.733227511 
7.5 9596.37216994 209.726374836 194.901455228 
7.6 9567.85780501 224.163390103 208.978804892 
7.7 9537.4804221 239.497428719 224.022149183 
7.8 9505.13849689 255.770394472 240.091108635 
7.9 9470.72804214 273.024004589 257.247953271 
8 9434.14274669 291.299581994 275.557671317 
8.1 9395.27431463 310.637715749 295.08796962 
8.2 9354.0133177 331.077612914 315.909069384 
8.3 9310.24962339 352.656689417 338.093687194 
8.4 9263.87292425 375.410095369 361.716980379 
8.5 9214.77384803 399.369936825 386.856215145 
8.6 9162.84477006 424.564628127 413.590601812 
8.7 9107.98059266 451.018244927 442.001162416 
8.8 9050.08005976 478.749681068 472.170259168 
8.9 8989.0469691 507.771804406 504.181226492 
9 8924.79128641 538.090585779 538.118127811 
9.1 8857.23056525 569.704289422 574.065145332 
9.2 8786.29139514 602.60262314 612.10598172 
9.3 8711.91096826 636.765575029 652.323456708 
9.4 8634.03845962 672.162771349 694.798769031 
9.5 8552.6363091 708.752969823 739.610721073 
9.6 8467.68234939 746.482575541 786.835075069 
9.7 8379.17094389 785.285330817 836.543725298 
9.8 8287.11356657 825.082547892 888.803885534 
9.9 8191.54141644 865.781450425 943.677133139 
10 8092.50620056 907.275265223 1001.21853421 
10.1 7990.07966141 949.444371187 1061.4759674 
10.2 7884.35552751 992.155483484 1124.48898901 
10.3 7775.44952251 1035.2623599 1190.28811759 
10.4 7663.4995265 1078.60647424 1258.89399926 
10.5 7548.66572254 1122.0178112 1330.31646626 
10.6 7431.12899039 1165.31679835 1404.55421126 
10.7 7311.09085022 1208.31532909 1481.59382069 
10.8 7188.77200708 1250.81855357 1561.40943935 
10.9 7064.41048306 1292.62693857 1643.96257836 
11 6938.26003735 1333.53848121 1729.20148144 
11.1 6810.58787749 1373.35069392 1817.06142859 
11.2 6681.67208605 1411.8633745 1907.46453945 
11.3 6551.79906138 1448.88094231 2000.31999632 
11.4 6421.26105534 1484.21429191 2095.52465275 
11.5 6290.35252584 1517.68419538 2192.96327878 
11.6 6159.36825411 1549.12237008 2292.50937582 
11.7 6028.59990152 1578.37411675 2394.02598174 
11.8 5898.33296673 1605.30044924 2497.36658403 
11.9 5768.84546991 1629.77843008 2602.37610001 
12 5640.40396446 1651.70384171 2708.89219383 
12.1 5513.26253466 1670.99120068 2816.74626466 
12.2 5387.66075751 1687.57446208 2925.76478041 
12.3 5263.82141862 1701.40782902 3035.77075235 
12.4 5141.95042858 1712.46499382 3146.5845776 
12.5 5022.23493183 1720.73925727 3258.0258109 
12.6 4904.84306368 1726.24284177 3369.91409455 
12.7 4789.92375691 1729.0059252 3482.07031789 
12.8 4677.60631813 1729.07539127 3594.3182906 
12.9 4568.00089562 1726.51403843 3706.48506595 
13 4461.19900448 1721.39883346 3818.40216206 
13.1 4357.27426119 1713.81891727 3929.90682154 
13.2 4256.28255056 1703.8752674 4040.84218204 
13.3 4158.26360603 1691.67809529 4151.05829868 
13.4 4063.24224225 1677.34496703 4260.41279072 
13.5 3971.22838424 1661.00065706 4368.77095869 
13.6 3882.21939193 1642.77420546 4476.00640261 
13.7 3796.20107634 1622.79767097 4582.00125269 
13.8 3713.14787873 1601.20584435 4686.64627692 
13.9 3633.02535786 1578.13366408 4789.84097806 
14 3555.79080101 1553.71557394 4891.49362506 
14.1 3481.39377865 1528.08497421 4991.52124714 
14.2 3409.7781722 1501.37249794 5089.84932986 
14.3 3340.8825295 1473.70566498 5186.41180552 
14.4 3274.64090426 1445.20826326 5281.15083247 
14.5 3210.98416874 1415.99952569 5374.01630556 
14.6 3149.84033332 1386.19380515 5464.96586152 
14.7 3091.13540916 1355.90021252 5553.96437832 
14.8 3034.79420726 1325.2223672 5640.98342553 
14.9 2980.74064156 1294.25808686 5726.00127158 
15 2928.89821295 1263.09931674 5809.00247031 
15.1 2879.19057795 1231.83228721 5889.97713484 
15.2 2831.54190044 1200.5372702 5968.92082936 
15.3 2785.87719804 1169.2885008 6045.83430115 
15.4 2742.1224952 1138.15474693 6120.72275788 
15.5 2700.20513429 1107.19918947 6193.59567623 
15.6 2660.05409387 1076.4792836 6264.46662253 
15.7 2621.59989459 1046.04750371 6333.3526017 
15.8 2584.77481168 1015.95136196 6400.27382636 
15.9 2549.51318732 986.233262938 6465.25354974 
16 2515.75120169 956.931233964 6528.31756434 
16.1 2483.42698119 928.079063405 6589.49395541 
16.2 2452.48085578 899.706211325 6648.81293289 
16.3 2422.85512486 871.838404319 6706.30647082 
16.4 2394.49407773 844.497855029 6762.00806724 
16.5 2367.34413117 817.703266422 6815.95260241 
16.6 2341.35374143 791.470238733 6868.17601984 
16.7 2316.47324776 765.811547459 6918.71520478 
16.8 2292.65507834 740.737143289 6967.60777837 
16.9 2269.85351913 716.254550101 7014.89193077 
17 2248.02458748 692.369155113 7060.60625741 
17.1 2227.12609826 669.084266233 7104.78963551 
17.2 2207.11786268 646.400980678 7147.48115664 
17.3 2187.9612543 624.318896759 7188.71984894 
17.4 2169.6192641 602.836168945 7228.54456695 
17.5 2152.0564919 581.949333743 7266.99417436 
17.6 2135.23907749 561.653620361 7304.10730215 
17.7 2119.13462645 541.943312028 7339.92206152 
17.8 2103.7121617 522.811733758 7374.47610454 
17.9 2088.94204557 504.251032602 7407.80692182 
18 2074.7959484 486.252745451 7439.95130615 
18.1 2061.24678672 468.807852435 7470.94536085 
18.2 2048.26868116 451.906629797 7500.82468904 
18.3 2035.83690367 435.538729362 7529.62436697 
18.4 2023.92780598 419.693562675 7557.37863134 
18.5 2012.51877889 404.360254616 7584.12096649 
18.6 2001.58825624 389.527423796 7609.88431997 
18.7 1991.11561337 375.183556318 7634.70083031 
18.8 1981.08112013 361.317073093 7658.60180678 
18.9 1971.46593132 347.916243571 7681.61782511 
19 1962.2520746 334.969121229 7703.77880417 
19.1 1953.42233959 322.46386568 7725.11379473 
19.2 1944.96026206 310.388695767 7745.65104217 
19.3 1936.85014872 298.731738527 7765.41811276 
19.4 1929.07699329 287.481212122 7784.44179459 
19.5 1921.62642647 276.625504796 7802.74806874 
19.6 1914.48471164 266.15312545 7820.36216291 
19.7 1907.6387602 256.052611657 7837.30862814 
19.8 1901.07602774 246.312737584 7853.61123467 
19.9 1894.7845035 236.922487405 7869.2930091 
20 1888.75273097 227.870970317 7884.37629871 
