Time S I R
0.0  10000 1 0
0.1 9999.90400042 1.05682209803 0.039177485824 
0.2 9999.80255348 1.11686807125 0.0805784455419 
0.3 9999.69533935 1.18032716823 0.124333484961 
0.4 9999.58203398 1.24739109999 0.170574919685 
0.5 9999.46229382 1.31826313114 0.219443048086 
0.6 9999.33575203 1.39316029092 0.271087683314 
0.7 9999.20202292 1.47231074117 0.325666334903 
0.8 9999.06069862 1.55595578085 0.383345596863 
0.9 9998.91134698 1.64435104548 0.444301977417 
1 9998.75351272 1.73776583614 0.508721439208 
1.1 9998.58671494 1.83648462058 0.576800437491 
1.2 9998.41044498 1.94080825215 0.648746766959 
1.3 9998.22416506 2.05105479936 0.724780139031 
1.4 9998.02730776 2.16755985092 0.805132393985 
1.5 9997.81927208 2.29067882058 0.890049104139 
1.6 9997.59942506 2.42078601594 0.979788925823 
1.7 9997.36709793 2.55827689647 1.07462517194 
1.8 9997.12158225 2.70357035048 1.17484739833 
1.9 9996.86212914 2.85710914426 1.28076171288 
2 9996.58794844 3.01936042716 1.39269113761 
2.1 9996.29820577 3.19081743635 1.51097679343 
2.2 9995.99201952 3.37200131661 1.63597916756 
2.3 9995.66845747 3.56346305606 1.76807947681 
2.4 9995.3265356 3.76578422559 1.90768017567 
2.5 9994.96521422 3.97957923627 2.05520654157 
2.6 9994.58339405 4.2054976537 2.21110830044 
2.7 9994.17991501 4.44422488758 2.3758601015 
2.8 9993.75355077 4.69648542698 2.54996380165 
2.9 9993.30300588 4.96304449705 2.73394962498 
3 9992.82691273 5.24470985238 2.92837742162 
3.1 9992.32382422 5.54233606371 3.13383971141 
3.2 9991.79221395 5.85682444834 3.35096160475 
3.3 9991.23047123 6.18912593841 3.58040282984 
3.4 9990.63689582 6.5402442184 3.82285995769 
3.5 9990.00968723 6.91124192127 4.07907084734 
3.6 9989.34694526 7.30324034906 4.34981438836 
3.7 9988.64666331 7.71742339887 4.63591329514 
3.8 9987.90672184 8.15504135099 4.93823680945 
3.9 9987.12488387 8.61741348629 5.25770264306 
4 9986.29878685 9.10593284515 5.595280301 
4.1 9985.42593594 9.62207016392 5.95199389547 
4.2 9984.50369706 10.167377896 6.32892504017 
4.3 9983.52928859 10.7434949889 6.7272164244 
4.4 9982.49977418 11.3521510895 7.14807473433 
4.5 9981.41205481 11.9951711996 7.59277399233 
4.6 9980.26286006 12.6744807155 8.06265922781 
4.7 9979.0487351 13.3921128491 8.55915204945 
4.8 9977.76603335 14.1502129566 9.08375369568 
4.9 9976.4109077 14.9510436196 9.63804868323 
5 9974.97929914 15.7969912127 10.2237096519 
5.1 9973.46692235 16.6905740201 10.842503625 
5.2 9971.86925513 17.634448399 11.4962964731 
5.3 9970.1815281 18.63141474 12.1870571621 
5.4 9968.39871103 19.6844253063 12.9168636662 
5.5 9966.51549585 20.7965937081 13.6879104406 
5.6 9964.5262824 21.971203039 14.5025145592 
5.7 9962.42516714 23.2117125035 15.363120354 
5.8 9960.20592618 24.5217669829 16.2723068334 
5.9 9957.86199581 25.9052077758 17.2327964124 
6 9955.38645372 27.3660830447 18.2474632333 
6.1 9952.77200656 28.9086552932 19.3193381432 
6.2 9950.01096928 30.5374128 20.4516179205 
6.3 9947.09524395 32.2570812084 21.6476748452 
6.4 9944.01629389 34.0726371698 22.9110689422 
6.5 9940.76513023 35.9893168706 24.2455529024 
6.6 9937.3322876 38.0126291665 25.6550832345 
6.7 9933.70780045 40.1483684624 27.1438310831 
6.8 9929.88117329 42.402629499 28.7161972148 
6.9 9925.84136134 44.7818192621 30.3768194017 
7 9921.57674437 47.2926710825 32.1305845443 
7.1 9917.07509922 49.9422592407 33.9826415406 
7.2 9912.32356849 52.7380134166 35.9384180929 
7.3 9907.30863363 55.6877340414 38.0036323313 
7.4 9902.01608665 58.7996080244 40.1843053291 
7.5 9896.43099856 62.0822246562 42.4867767797 
7.6 9890.53768809 65.54458936 44.9177225478 
7.7 9884.31968938 69.1961387906 47.4841718325 
7.8 9877.75971849 73.0467613978 50.1935201162 
7.9 9870.8396394 77.1068127418 53.0535478549 
8 9863.54043157 81.3871293794 56.072439046 
8.1 9855.84216154 85.8990364404 59.2588020176 
8.2 9847.72393778 90.6543768339 62.6216853902 
8.3 9839.16387705 95.6655241721 66.1705987821 
8.4 9830.13907011 100.945396594 69.9155332944 
8.5 9820.62556683 106.507450499 73.8669826751 
8.6 9810.59831943 112.365715902 78.0359646649 
8.7 9800.03114777 118.534809071 82.434043157 
8.8 9788.89670618 125.029942958 87.0733508636 
8.9 9777.16648653 131.86690513 91.9666083444 
9 9764.81076643 139.062084126 97.1271494451 
9.1 9751.7985618 146.632491383 102.568946819 
9.2 9738.09760549 154.595759312 108.306635202 
9.3 9723.67436064 162.970110664 114.355528699 
9.4 9708.49401819 171.774340492 120.731641316 
9.5 9692.52040957 181.027867952 127.45172248 
9.6 9675.71601493 190.750708204 134.533276866 
9.7 9658.04198057 200.963437744 141.994581689 
9.8 9639.45820634 211.687104024 149.85468964 
9.9 9619.92321392 222.943306807 158.133479268 
10 9599.39418886 234.75414227 166.851668865 
10.1 9577.82701118 247.142156161 176.030832657 
10.2 9555.17644332 260.130178647 185.693378036 
10.3 9531.39600302 273.741394295 195.862602688 
10.4 9506.43801543 287.999277145 206.562707427 
10.5 9480.25368474 302.927510596 217.818804668 
10.6 9452.79335712 318.549771634 229.65687125 
10.7 9424.00650285 334.889713059 242.103784091 
10.8 9393.84173003 351.970922374 255.187347594 
10.9 9362.24694295 369.816777183 268.936279865 
11 9329.16961913 388.45022451 283.380156356 
11.1 9294.55703587 407.893591669 298.549372462 
11.2 9258.35619661 428.168591996 314.475211397 
11.3 9220.51411401 449.296095824 331.189790168 
11.4 9180.97808827 471.295911218 348.726000513 
11.5 9139.6961589 494.186465445 367.117375655 
11.6 9096.61705403 517.984763338 386.398182634 
11.7 9051.69055652 542.70611092 406.603332562 
11.8 9004.86782924 568.363865424 427.76830534 
11.9 8956.10192395 594.969131705 449.928944349 
12 8905.34795245 622.530540898 473.12150665 
12.1 8852.56347206 651.053964107 497.382563831 
12.2 8797.70890043 680.542213767 522.748885802 
12.3 8740.74789999 710.994885423 549.257214583 
12.4 8681.64782053 742.407981647 576.944197828 
12.5 8620.38015851 774.773541745 605.846299748 
12.6 8556.92101856 808.079356927 635.999624513 
12.7 8491.25135165 842.308934707 667.439713639 
12.8 8423.35730534 877.441342442 700.201352222 
12.9 8353.23106277 913.450479992 734.318457241 
13 8280.87117373 950.304972106 769.823854168 
13.1 8206.28283386 987.968086817 806.749079323 
13.2 8129.47764875 1026.39816458 845.124186668 
13.3 8050.47472898 1065.54776318 884.977507846 
13.4 7969.30083397 1105.36373451 926.335431521 
13.5 7885.99035451 1145.78737612 969.222269375 
13.6 7800.58569828 1186.75431243 1013.65998929 
13.7 7713.13762655 1228.19442228 1059.66795117 
13.8 7623.705111 1270.03214657 1107.26274243 
13.9 7532.35482721 1312.18711136 1156.45806142 
14 7439.16191245 1354.57372798 1207.26435957 
14.1 7344.20965117 1397.10167179 1259.68867703 
14.2 7247.58879359 1439.67653629 1313.73467012 
14.3 7149.39760438 1482.20008967 1369.40230595 
14.4 7049.74163391 1524.57071048 1426.6876556 
14.5 6948.73310956 1566.68401291 1485.58287753 
14.6 6846.49026609 1608.4334996 1546.07623431 
14.7 6743.1370422 1649.71117361 1608.15178419 
14.8 6638.80234426 1690.40826491 1671.78939082 
14.9 6533.61940479 1730.41567912 1736.96491609 
15 6427.72495296 1769.62500515 1803.65004189 
15.1 6321.25836503 1807.92936172 1871.81227326 
15.2 6214.36108418 1845.22382092 1941.41509491 
15.3 6107.17595376 1881.40593004 2012.4181162 
15.4 5999.84583453 1916.37711041 2084.77705506 
15.5 5892.51292101 1950.04314751 2158.44393149 
15.6 5785.31871046 1982.31400202 2233.36728752 
15.7 5678.40236556 2013.10528967 2309.49234477 
15.8 5571.8998642 2042.33890094 2386.76123486 
15.9 5465.94392098 2069.94287957 2465.11319945 
16 5360.66340912 2095.85174813 2544.48484275 
16.1 5256.18191288 2120.00761039 2624.81047672 
16.2 5152.61749326 2142.36013252 2706.02237422 
16.3 5050.08302442 2162.8660841 2788.05089148 
16.4 4948.68483067 2181.49019959 2870.82496974 
16.5 4848.52239754 2198.20516256 2954.27243991 
16.6 4749.6885664 2212.99129807 3038.32013553 
16.7 4652.2692583 2225.83651126 3122.89423044 
16.8 4556.34297594 2236.73631591 3207.92070816 
16.9 4461.98090512 2245.69353822 3293.32555666 
17 4369.24708593 2252.71810378 3379.03481029 
17.1 4278.19827226 2257.8266042 3464.97512354 
17.2 4188.88410542 2261.04190536 3551.07398922 
17.3 4101.34714731 2262.39307578 3637.25977691 
17.4 4015.62315865 2261.91479926 3723.46204209 
17.5 3931.74145582 2259.64669345 3809.61185074 
17.6 3849.72506987 2255.63304337 3895.64188676 
17.7 3769.59072109 2249.92278881 3981.48649009 
17.8 3691.34963738 2242.56836084 4067.08200178 
17.9 3615.00781904 2233.62532197 4152.36685898 
18 3540.56592134 2223.1524483 4237.28163036 
18.1 3468.01990936 2211.21092655 4321.76916409 
18.2 3397.36161075 2197.86369243 4405.77469682 
18.3 3328.57884182 2183.17525752 4489.24590066 
18.4 3261.65543246 2167.21164401 4572.13292353 
18.5 3196.57213498 2150.03942787 4654.38843715 
18.6 3133.30681684 2131.72553195 4735.96765121 
18.7 3071.83443355 2112.33720558 4816.82836087 
18.8 3012.12759961 2091.94148853 4896.93091186 
18.9 2954.15692445 2070.60489969 4976.23817587 
19 2897.89122795 2048.39323807 5054.71553398 
19.1 2843.29778531 2025.37131209 5132.33090259 
19.2 2790.34252619 2001.60284258 5209.05463123 
19.3 2738.9901912 1977.15034944 5284.85945936 
19.4 2689.20461797 1952.07490853 5359.7204735 
19.5 2640.9493692 1926.43555305 5433.61507775 
19.6 2594.18729593 1900.28981197 5506.5228921 
19.7 2548.88080701 1873.69349766 5578.42569533 
19.8 2504.99218072 1846.70046728 5649.30735199 
19.9 2462.48390396 1819.36236154 5719.1537345 
20 2421.31839046 1791.72895656 5787.95265298 
