Time S I R
0.0  10000 1 0
0.1 9999.79354264 1.1952154083 0.0112419545642 
0.2 9999.54678657 1.42853488018 0.024678546464 
0.3 9999.2518723 1.70738977155 0.0407379291366 
0.4 9998.89940059 2.04066721792 0.059932189236 
0.5 9998.47814447 2.43898245517 0.0828730730809 
0.6 9997.97469226 2.91501626226 0.110291482462 
0.7 9997.37301292 3.48392585128 0.143061230462 
0.8 9996.65395801 4.16381570745 0.18222628631 
0.9 9995.79465363 4.97631230342 0.229034061638 
1 9994.76777592 5.94724895756 0.28497512155 
1.1 9993.54069024 7.10747934107 0.351830421896 
1.2 9992.07444283 8.49383044549 0.431726729447 
1.3 9990.32250208 10.1502919837 0.527205938438 
1.4 9988.22933638 12.1293600577 0.641303559346 
1.5 9985.72868062 14.4936747296 0.777644653047 
1.6 9982.74148414 17.3179581098 0.940557751739 
1.7 9979.17347467 20.6913147077 1.13521062513 
1.8 9974.9122844 24.71994439 1.3677712103 
1.9 9969.82404342 29.5303571187 1.64559945812 
2 9963.74936951 35.2731557875 1.97747470585 
2.1 9956.49865175 42.1274829355 2.37386531079 
2.2 9947.84652778 50.3062246796 2.84724753612 
2.3 9937.52542948 60.0620876428 3.41248288055 
2.4 9925.21809845 71.6946392917 4.08726225553 
2.5 9910.54895465 85.5584176451 4.8926277095 
2.6 9893.07421534 102.072201214 5.85358344845 
2.7 9872.27069582 121.729495987 6.99980819168 
2.8 9847.52327521 145.110242394 8.36648239927 
2.9 9818.11111488 172.893644766 9.99524035745 
3 9783.19281308 205.871927521 11.9352594028 
3.1 9741.79094684 244.964558776 14.2444943824 
3.2 9692.77635846 291.232585998 16.9910555417 
3.3 9634.85404075 345.89122744 20.2547318068 
3.4 9566.55083993 410.32052907 24.1286309964 
3.5 9486.20824046 486.070850432 28.7209091035 
3.6 9391.98306297 574.860431484 34.1565055468 
3.7 9281.85906912 678.562119791 40.5788110873 
3.8 9153.67288753 799.175966706 48.1511457671 
3.9 9005.162504 938.77967446 57.0578215443 
4 8834.04032385 1099.45510542 67.5045707279 
4.1 8638.09613179 1283.18576197 79.7181062379 
4.2 8415.33277439 1491.72277797 93.9444476428 
4.3 8164.1333715 1726.42091486 110.445713641 
4.4 7883.45371401 1988.05117485 129.495111139 
4.5 7573.02586071 2276.60422129 151.369918 
4.6 7233.55180981 2591.10568117 176.342509023 
4.7 6866.85999055 2929.47035569 204.669653761 
4.8 6475.99295197 3288.42640548 236.580642549 
4.9 6065.19720234 3663.53769333 272.265104329 
5 5639.79483169 4049.34349558 311.861672731 
5.1 5205.93808473 4439.61320997 355.448705304 
5.2 4770.26561719 4827.69630369 403.038079124 
5.3 4339.49669435 5206.93036215 454.572943509 
5.4 3920.01629857 5571.05395306 509.929748371 
5.5 3517.50588573 5914.56979893 568.924315349 
5.6 3136.66480424 6233.01405639 631.321139368 
5.7 2781.04043105 6523.114666 696.844902954 
5.8 2452.97815925 6782.82882505 765.193015702 
5.9 2153.67494543 7011.27717413 836.047880445 
6 1883.31708263 7208.59438104 909.088536329 
6.1 1641.25050831 7375.74994054 983.999551154 
6.2 1426.18279211 7514.33828713 1060.47892076 
6.3 1236.37750314 7626.37913382 1138.24336305 
6.4 1069.81945561 7714.14879175 1217.03175264 
6.5 924.362483402 7780.03047454 1296.60704206 
6.6 797.840939822 7826.40236356 1376.75669662 
6.7 688.149168402 7855.55861238 1457.29221921 
6.8 593.298503418 7869.65345154 1538.04804504 
6.9 511.451513299 7870.66858188 1618.87990482 
7 440.934155123 7860.40312679 1699.66271809 
7.1 380.24918297 7840.461689 1780.28912803 
7.2 328.065167409 7812.26762772 1860.66720487 
7.3 283.212511772 7777.06870148 1940.71878675 
7.4 244.66869775 7735.95363824 2020.37766401 
7.5 211.544197126 7689.86777433 2099.58802854 
7.6 183.070850774 7639.62601137 2178.30313785 
7.7 158.585373457 7585.93061042 2256.48401613 
7.8 137.517834171 7529.38380011 2334.09836572 
7.9 119.379022537 7470.50135846 2411.119619 
8 103.749881897 7409.72401009 2487.52610801 
8.1 90.2720548863 7347.42760362 2563.3003415 
8.2 78.6381261386 7283.93341975 2638.42845411 
8.3 68.5868055591 7219.5135998 2712.89959464 
8.4 59.8928744508 7154.40170827 2786.70541728 
8.5 52.3658877303 7088.79419464 2859.83991763 
8.6 45.8413190646 7022.85985433 2932.2988266 
8.7 40.1798473682 6956.74057192 3004.07958071 
8.8 35.2614259692 6890.55767376 3075.18090027 
8.9 30.9837382 6824.41357728 3145.60268452 
9 27.2589820131 6758.39522584 3215.34579214 
9.1 24.0117516991 6692.57635432 3284.41189398 
9.2 21.1776823516 6627.01893606 3352.80338158 
9.3 18.7011265719 6561.77566762 3420.52320581 
9.4 16.5347386734 6496.89041356 3487.57484777 
9.5 14.6367913383 6432.40107381 3553.96213485 
9.6 12.972556906 6368.33810913 3619.68933397 
9.7 11.5112736467 6304.72778319 3684.76094317 
9.8 10.2268828919 6241.59137791 3749.1817392 
9.9 9.09660296373 6178.94671764 3812.95667939 
10 8.10073727263 6116.80837551 3876.09088722 
10.1 7.22239683229 6055.18797144 3938.58963173 
10.2 6.44664480286 5994.09508677 4000.45826842 
10.3 5.76088077438 5933.53685329 4061.70226594 
10.4 5.15383338409 5873.51903202 4122.3271346 
10.5 4.61606808784 5814.04547079 4182.33846112 
10.6 4.13899338484 5755.11916833 4241.74183829 
10.7 3.7153818861 5696.74171611 4300.54290201 
10.8 3.33882838895 5638.91387916 4358.74729245 
10.9 3.00358979343 5581.63576745 4416.36064276 
11 2.70474059505 5524.90666847 4473.38859093 
11.1 2.4381273846 5468.72509663 4529.83677598 
11.2 2.2002728291 5413.08889638 4585.71083079 
11.3 1.98766935741 5357.99600022 4641.01633042 
11.4 1.79744315717 5303.44371602 4695.75884082 
11.5 1.62722142825 5249.42886919 4749.94390938 
11.6 1.474577838 5195.94839647 4803.5770257 
11.7 1.33757137341 5142.99876916 4856.66365947 
11.8 1.2145487787 5090.5762038 4909.20924743 
11.9 1.10387249866 5038.67695128 4961.21917622 
12 1.00425397962 4987.29694298 5012.69880304 
12.1 0.91451006255 4936.43204962 5063.65344032 
12.2 0.833445282406 4886.07820642 5114.0883483 
12.3 0.760201248781 4836.23104159 5164.00875716 
12.4 0.694112167326 4786.88602998 5213.41985786 
12.5 0.634549845388 4738.03865743 5262.32679272 
12.6 0.580608996908 4689.68475464 5310.73463636 
12.7 0.53170632726 4641.81986165 5358.64843203 
12.8 0.487379601273 4594.43944102 5406.07317938 
12.9 0.447227115852 4547.53894074 5453.01383215 
13 0.41072346812 4501.11398389 5499.47529265 
13.1 0.377489453538 4455.16009076 5545.46241979 
13.2 0.347227706043 4409.67274511 5590.98002719 
13.3 0.319691124567 4364.64742617 5636.03288271 
13.4 0.294566527729 4320.07972386 5680.62570961 
13.5 0.271612132728 4275.96520266 5724.76318521 
13.6 0.250645324055 4232.29941369 5768.44994099 
13.7 0.231309946306 4189.07770149 5811.69098856 
13.8 0.213970717239 4146.29630811 5854.48972117 
13.9 0.19800457414 4103.95044691 5896.85154851 
14 0.18333685098 4062.03585002 5938.78081312 
14.1 0.169892556225 4020.5482508 5980.28185665 
14.2 0.157569454017 3979.48348354 6021.35894701 
14.3 0.146265398293 3938.83738222 6062.01635238 
14.4 0.135891841004 3898.60573043 6102.25837773 
14.5 0.126360234097 3858.78431175 6142.08932802 
14.6 0.117582029527 3819.36890977 6181.5135082 
14.7 0.109474994018 3780.35535057 6220.53517444 
14.8 0.1020166215 3741.73986227 6259.1581211 
14.9 0.0951565842843 3703.51848574 6297.38635768 
15 0.0888322601022 3665.68717905 6335.22398869 
15.1 0.0829810266914 3628.24190031 6372.67511866 
15.2 0.0775402617819 3591.17860761 6409.74385212 
15.3 0.0724681332722 3554.49340325 6446.43412862 
15.4 0.0677804033257 3518.182789 6482.74943059 
15.5 0.0634477532403 3482.24295397 6518.69359828 
15.6 0.0594367327267 3446.67005857 6554.27050469 
15.7 0.0557138914883 3411.46026326 6589.48402285 
15.8 0.0522457792267 3376.60972845 6624.33802577 
15.9 0.0490671394364 3342.1156922 6658.83524066 
16 0.0460469829995 3307.97277362 6692.9811794 
16.1 0.0432606080012 3274.17885159 6726.77788781 
16.2 0.0406801736572 3240.73017518 6760.22914465 
16.3 0.0382801236447 3207.62302958 6793.3386903 
16.4 0.0360374887259 3174.85374707 6826.11021544 
16.5 0.0339399694149 3142.41900144 6858.54705859 
16.6 0.0319760996372 3110.3154497 6890.6525742 
16.7 0.0301342223829 3078.53969485 6922.43017093 
16.8 0.0284054375079 3047.08839315 6953.88320142 
16.9 0.0267836017319 3015.95825419 6985.01496221 
17 0.0252653286407 2985.14604085 7015.82869382 
17.1 0.0238499886818 2954.64856933 7046.32758068 
17.2 0.0225397091708 2924.46270911 7076.51475118 
17.3 0.0213242683985 2894.58524596 7106.39342977 
17.4 0.0201799772658 2865.01287174 7135.96694828 
17.5 0.0191023899552 2835.7424812 7165.23841641 
17.6 0.018088547733 2806.77101086 7194.2109006 
17.7 0.0171367472321 2778.09543692 7222.88742633 
17.8 0.0162465404592 2749.71277527 7251.27097819 
17.9 0.0154187347835 2721.62008149 7279.36449978 
18 0.014655392948 2693.81445081 7307.1708938 
18.1 0.0139561661017 2666.29298654 7334.69305729 
18.2 0.0133029356857 2639.0526675 7361.93402956 
18.3 0.0126894228288 2612.09060353 7388.89670705 
18.4 0.0121120073964 2585.40395625 7415.58393175 
18.5 0.0115672937663 2558.98991805 7441.99851465 
18.6 0.0110521108218 2532.84571215 7468.14323574 
18.7 0.010563511958 2506.96859252 7494.02084397 
18.8 0.0100987750884 2481.35584394 7519.63405729 
18.9 0.00965543301936 2456.00478091 7544.98556366 
19 0.00923247716491 2430.91270628 7570.07806124 
19.1 0.00882900831311 2406.07695764 7594.91421335 
19.2 0.0084439252114 2381.49491806 7619.49663802 
19.3 0.00807642312793 2357.16399889 7643.82792469 
19.4 0.00772599386255 2333.08163981 7667.9106342 
19.5 0.00739242574855 2309.2453088 7691.74729878 
19.6 0.00707580364542 2285.65250216 7715.34042204 
19.7 0.00677650893522 2262.30074449 7738.692479 
19.8 0.0064979434901 2239.18762103 7761.80588103 
19.9 0.0062260979139 2216.31053523 7784.68323868 
20 0.0059680715367 2193.66716576 7807.32686617 
20.1 0.0057230547136 2171.25512228 7829.73915466 
20.2 0.00549047144705 2149.07204199 7851.92246754 
20.3 0.00526995724795 2127.11558939 7873.87914065 
20.4 0.00506133701128 2105.38345603 7895.61148264 
20.5 0.00486460286447 2083.87336022 7917.12177517 
20.6 0.00467962356379 2062.58304006 7938.41228032 
20.7 0.00450475924663 2041.5102188 7959.48527644 
20.8 0.00433941595475 2020.65266949 7980.34299109 
20.9 0.0041832493207 2000.0081952 8000.98762155 
21 0.00403588069457 1979.57462216 8021.42134196 
21.1 0.00389687076859 1959.34979944 8041.64630369 
21.2 0.00376569315995 1939.33159851 8061.6646358 
21.3 0.00364170803005 1919.51791293 8081.47844536 
21.4 0.00352413567998 1899.90665797 8101.0898179 
21.5 0.00341203015523 1880.49577019 8120.50081778 
21.6 0.00330425285938 1861.28320713 8139.71348862 
21.7 0.00319944613693 1842.26694693 8158.72985362 
21.8 0.00309600690161 1823.44498793 8177.55191606 
21.9 0.00299521952911 1804.81534766 8196.18165712 
22 0.0029001671428 1786.37606269 8214.62103715 
22.1 0.00281063512739 1768.12518931 8232.87200006 
22.2 0.00272632026463 1750.06080251 8250.93647117 
22.3 0.00264682831948 1732.18099558 8268.81635759 
22.4 0.00257166080519 1714.48387976 8286.51354858 
22.5 0.00250020173189 1696.96758383 8304.02991597 
22.6 0.0024317043717 1679.63025379 8321.36731451 
22.7 0.0023652780219 1662.47005243 8338.5275823 
22.8 0.00229987476268 1645.485159 8355.51254113 
22.9 0.00223427622223 1628.67376882 8372.3239969 
23 0.00216708033258 1612.03409292 8388.96374 
23.1 0.00209718207043 1595.5643638 8405.43353902 
23.2 0.002028156292 1579.26288983 8421.73508201 
23.3 0.00196108759519 1563.12796576 8437.87007316 
23.4 0.00189599371879 1547.15789015 8453.84021386 
23.5 0.00183290924724 1531.35097877 8469.64718832 
23.6 0.0017718849449 1515.70556431 8485.29266381 
23.7 0.00171298709029 1500.21999619 8500.77829083 
23.8 0.00165629679941 1484.89264034 8516.10570336 
23.9 0.00160190936913 1469.72187902 8531.27651907 
24 0.00154993360229 1454.70611051 8546.29233955 
24.1 0.00150049114018 1439.84374902 8561.15475049 
24.2 0.00145371579674 1425.13322435 8575.86532194 
24.3 0.00140975289469 1410.57298177 8590.42560847 
24.4 0.00136849562477 1396.16148818 8604.83714333 
24.5 0.00132951464366 1381.89723356 8619.10143693 
24.6 0.00129273998391 1367.77871417 8633.21999309 
24.7 0.00125809039855 1353.80444133 8647.19430058 
24.8 0.00122546269995 1339.97294143 8661.02583311 
24.9 0.00119472969163 1326.28275578 8674.71604949 
25 0.00116573811465 1312.73244041 8688.26639386 
25.1 0.00113830659029 1299.32056588 8701.67829582 
25.2 0.00111222356463 1286.04571712 8714.95317066 
25.3 0.00108724524216 1272.90649323 8728.09241952 
25.4 0.00106309354123 1259.90150731 8741.09742959 
25.5 0.00103945402225 1247.02938627 8753.96957427 
25.6 0.00101602183895 1234.28877106 8766.71021291 
25.7 0.00099330694502 1221.67832348 8779.32068322 
25.8 0.000971495546764 1209.19671614 8791.80231237 
25.9 0.000950512445343 1196.84263289 8804.1564166 
26 0.000930283378693 1184.61477087 8816.38429885 
26.1 0.000910735239813 1172.51184039 8828.48724888 
26.2 0.000891796245924 1160.53256473 8840.46654348 
26.3 0.000873396158568 1148.67568 8852.3234466 
26.4 0.000855466461871 1136.93993498 8864.05920955 
26.5 0.000837940569909 1125.32409095 8875.67507111 
26.6 0.000820754017695 1113.8269215 8887.17225775 
26.7 0.000803844654001 1102.44721243 8898.55198372 
26.8 0.000787152845078 1091.18376153 8909.81545131 
26.9 0.000771574463215 1080.0351106 8920.96411782 
27 0.000755029994252 1069.00072916 8931.99851581 
27.1 0.000738859394914 1058.07905633 8942.92020481 
27.2 0.000723042665413 1047.26894787 8953.73032909 
27.3 0.00070757400681 1036.56926983 8964.43002259 
27.4 0.000692461821018 1025.97889853 8975.02040901 
27.5 0.000677728721712 1015.49672054 8985.50260173 
27.6 0.0006634115216 1005.12163273 8995.87770386 
27.7 0.000649561239698 994.852542206 9006.14680823 
27.8 0.000636243099507 984.688366369 9016.31099739 
27.9 0.0006235365272 974.628032879 9026.37134358 
28 0.00061153515162 964.67047967 9036.32890879 
28.1 0.000600341043537 954.814655024 9046.18474463 
28.2 0.000589808452787 945.059521194 9055.939889 
28.3 0.000579741550609 935.404051607 9065.59536865 
28.4 0.000569995820115 925.847229439 9075.15220056 
28.5 0.000560392609259 916.388048818 9084.61139079 
28.6 0.000550836930415 907.025513059 9093.9739361 
28.7 0.000541484521818 897.758632172 9103.24082634 
28.8 0.000532354728421 888.586428647 9112.413039 
28.9 0.000523475946466 879.507935281 9121.49154124 
29 0.000514886432939 870.522194949 9130.47729016 
29.1 0.000506540283823 861.628259305 9139.37123416 
29.2 0.000498412016896 852.825190225 9148.17431136 
29.3 0.000490495916893 844.112059808 9156.8874497 
29.4 0.000482787085275 835.487950107 9165.51156711 
29.5 0.000475278997328 826.951951529 9174.04757319 
29.6 0.000467963114716 818.503162575 9182.49636946 
29.7 0.000460832921817 810.140692504 9190.85884666 
29.8 0.000453882043075 801.863660083 9199.13588603 
29.9 0.000447104095656 793.671193862 9207.32835903 
30 0.000440495081421 785.56242653 9215.43713298 
30.1 0.000434049368778 777.536504451 9223.4630615 
30.2 0.000427762324762 769.592581396 9231.40699084 
30.3 0.000421629527409 761.729820355 9239.26975802 
30.4 0.000415644970417 753.947389124 9247.05219523 
30.5 0.000409802920331 746.244464486 9254.75512571 
30.6 0.000404098871513 738.620234295 9262.37936161 
30.7 0.000398528587539 731.073894996 9269.92570648 
30.8 0.000393088119381 723.604651514 9277.3949554 
30.9 0.000387773856346 716.211717148 9284.78789508 
31 0.000382582553357 708.894313457 9292.10530396 
31.1 0.000377511365514 701.651670153 9299.34795234 
31.2 0.000372557879018 694.483024992 9306.51660245 
31.3 0.000367720151189 687.38762366 9313.61200862 
31.4 0.000362996746844 680.364719672 9320.63491733 
31.5 0.000358386763764 673.413574255 9327.58606736 
31.6 0.000353886518496 666.533454809 9334.4661913 
31.7 0.000349486290361 659.723633397 9341.27601712 
31.8 0.000345182814272 652.983391946 9348.01626287 
31.9 0.000340973361745 646.312019604 9354.68763942 
32 0.000336855415298 639.708812469 9361.29085068 
32.1 0.000332826679369 633.173073476 9367.8265937 
32.2 0.000328885089402 626.704112274 9374.29555884 
32.3 0.000325028828229 620.301245108 9380.69842986 
32.4 0.000321256327879 613.963794698 9387.03588405 
32.5 0.000317566287777 607.691090122 9393.30859231 
32.6 0.000313957687467 601.482466692 9399.51721935 
32.7 0.000310429790261 595.33726584 9405.66242373 
32.8 0.000306981653921 589.25483645 9411.74485657 
32.9 0.000303607608657 583.234547865 9417.76514853 
33 0.000300304598568 577.275768546 9423.72393115 
33.1 0.000297070753732 571.377870126 9429.6218328 
33.2 0.000293904256978 565.540230581 9435.45947552 
33.3 0.00029080335662 559.762234141 9441.23747506 
33.4 0.000287766344627 554.043271218 9446.95644102 
33.5 0.000284791569356 548.382738322 9452.61697689 
33.6 0.00028187742646 542.780037977 9458.21968015 
33.7 0.000279022358882 537.234578649 9463.76514233 
33.8 0.000276224853224 531.745774657 9469.25394912 
33.9 0.000273483432466 526.313046099 9474.68668042 
34 0.000270796661425 520.935818771 9480.06391043 
34.1 0.000268163243163 515.613527534 9485.3862043 
34.2 0.000265581942585 510.345613757 9490.65412066 
34.3 0.000263051480943 505.131521969 9495.86821498 
34.4 0.000260570626779 499.970702331 9501.0290371 
34.5 0.000258138170466 494.862610573 9506.13713129 
34.6 0.000255752936937 489.806707916 9511.19303633 
34.7 0.000253413783867 484.802461015 9516.19728557 
34.8 0.000251119588938 479.849341886 9521.15040699 
34.9 0.000248869260759 474.946827837 9526.05292329 
35 0.000246661726123 470.094401402 9530.90535194 
35.1 0.000244495930019 465.291550275 9535.70820523 
35.2 0.000242370841079 460.537767238 9540.46199039 
35.3 0.000240285506152 455.832550965 9545.16720875 
35.4 0.000238239186729 451.175407583 9549.82435418 
35.5 0.000236231002418 446.565846195 9554.43391757 
35.6 0.000234260078287 442.003380684 9558.99638506 
35.7 0.000232325561228 437.487529849 9563.51223783 
35.8 0.000230426616326 433.017817345 9567.98195223 
35.9 0.000228562419579 428.593771619 9572.40599982 
36 0.000226732168812 424.214925859 9576.78484741 
36.1 0.000224935069127 419.880817923 9581.11895714 
36.2 0.000223170343816 415.590990287 9585.40878654 
36.3 0.000221437219807 411.344989983 9589.65478858 
36.4 0.000219734934944 407.142368537 9593.85741173 
36.5 0.000218062972635 402.98268477 9598.01709717 
36.6 0.000216420297875 398.865495583 9602.134288 
36.7 0.000214806677832 394.790371834 9606.20941336 
36.8 0.000213221468584 390.756883667 9610.24290311 
36.9 0.000211664048038 386.764605617 9614.23518272 
37 0.000210133801374 382.813116551 9618.18667332 
37.1 0.000208630135603 378.901999605 9622.09779176 
37.2 0.000207152465009 375.030842136 9625.96895071 
37.3 0.000205700214792 371.199235657 9629.80055864 
37.4 0.000204272821065 367.406775786 9633.59301994 
37.5 0.000202869730856 363.65306219 9637.34673494 
37.6 0.000201490391191 359.937698528 9641.06209998 
37.7 0.000200134265469 356.260292403 9644.73950746 
37.8 0.000198800986254 352.620458124 9648.37934307 
37.9 0.000197490282517 349.017815208 9651.9819873 
38 0.00019620169769 345.451983931 9655.54781987 
38.1 0.000194934782485 341.922588386 9659.07721668 
38.2 0.000193689096704 338.429256449 9662.57054986 
38.3 0.000192464203792 334.971619732 9666.0281878 
38.4 0.000191259678104 331.549313537 9669.4504952 
38.5 0.000190075099454 328.161976814 9672.83783311 
38.6 0.000188910053112 324.809252115 9676.19055897 
38.7 0.000187764129805 321.490785554 9679.50902668 
38.8 0.000186636925719 318.206226763 9682.7935866 
38.9 0.000185528044312 314.955228849 9686.04458562 
39 0.000184437096323 311.737448357 9689.26236721 
39.1 0.000183363690667 308.552545231 9692.44727141 
39.2 0.000182307447176 305.400182767 9695.59963493 
39.3 0.000181267992957 302.280027584 9698.71979115 
39.4 0.000180244955118 299.19174958 9701.80807017 
39.5 0.00017923796986 296.135021898 9704.86479886 
39.6 0.000178246677024 293.109520886 9707.89030087 
39.7 0.000177270727363 290.114926068 9710.88489666 
39.8 0.000176309769813 287.150920102 9713.84890359 
39.9 0.000175363471499 284.217188749 9716.78263589 
40 0.000174431499545 281.31342084 9719.68640473 
40.1 0.000173513530171 278.439308243 9722.56051824 
40.2 0.000172609259607 275.594547466 9725.40527992 
40.3 0.000171718453203 272.778843758 9728.22098452 
40.4 0.000170840830833 269.991900637 9731.00792852 
40.5 0.000169976132383 267.233424127 9733.7664059 
40.6 0.000169124105014 264.50312337 9736.49670751 
40.7 0.000168284512256 261.800710618 9739.1991211 
40.8 0.000167457132193 259.125901214 9741.87393133 
40.9 0.000166641761098 256.478413583 9744.52141977 
41 0.000165838211615 253.857969216 9747.14186495 
41.1 0.000165046320035 251.26429266 9749.73554229 
41.2 0.000164265933563 248.69711151 9752.30272422 
41.3 0.000163496928508 246.1561564 9754.8436801 
41.4 0.000162739204825 243.641160991 9757.35867627 
41.5 0.00016199268066 241.151861969 9759.84797604 
41.6 0.000161257308719 238.687999038 9762.3118397 
41.7 0.000160533063536 236.249314915 9764.75052455 
41.8 0.000159819948749 233.835555323 9767.16428486 
41.9 0.000159118002557 231.446468994 9769.55337189 
42 0.000158427292263 229.081807664 9771.91803391 
42.1 0.000157747739649 226.741323383 9774.25851887 
42.2 0.000157078553457 224.424760424 9776.5750825 
42.3 0.000156419484483 222.131873284 9778.8679703 
42.4 0.00015577035083 219.862419918 9781.13742431 
42.5 0.000155130961502 217.616160507 9783.38368436 
42.6 0.000154501110956 215.3928574 9785.6069881 
42.7 0.000153880575454 213.192275064 9787.80757106 
42.8 0.000153269116709 211.014180025 9789.98566671 
42.9 0.000152666478243 208.858340814 9792.14150652 
43 0.000152072376295 206.72452791 9794.27532002 
43.1 0.000151486508912 204.61251368 9796.38733483 
43.2 0.000150908543219 202.522072324 9798.47777677 
43.3 0.000150338120875 200.452979815 9800.54686985 
43.4 0.000149774848978 198.405013835 9802.59483639 
43.5 0.000149218454681 196.377956128 9804.62189465 
43.6 0.000148669470946 194.3716034 9806.62824793 
43.7 0.000148127899593 192.385746152 9808.61410572 
43.8 0.000147593642396 190.420175242 9810.57967716 
43.9 0.000147066595673 188.474683778 9812.52516916 
44 0.000146546679389 186.549067099 9814.45078635 
44.1 0.000146033813508 184.643122754 9816.35673121 
44.2 0.000145527932546 182.756650483 9818.24320399 
44.3 0.000145028974657 180.889452194 9820.11040278 
44.4 0.000144536892549 179.041331944 9821.95852352 
44.5 0.000144051649841 177.212095918 9823.78776003 
44.6 0.000143573210153 175.40155241 9825.59830402 
44.7 0.000143101477079 173.609510595 9827.3903463 
44.8 0.000142636197779 171.835779221 9829.16407814 
44.9 0.000142177259477 170.08017117 9830.91968665 
45 0.000141724563946 168.342501285 9832.65735699 
45.1 0.000141278002047 166.622586214 9834.37727251 
45.2 0.000140837466461 164.920244378 9836.07961478 
45.3 0.000140402837133 163.23529594 9837.76456366 
45.4 0.00013997399401 161.567562776 9839.43229725 
45.5 0.000139550809763 159.916868443 9841.08299201 
45.6 0.000139133149787 158.283038149 9842.71682272 
45.7 0.000138720868563 156.665898724 9844.33396256 
45.8 0.000138313816933 155.065278588 9845.9345831 
45.9 0.000137911974889 153.481009945 9847.51885214 
46 0.000137515380629 151.912927738 9849.08693475 
46.1 0.0001371239523 150.36086659 9850.63899629 
46.2 0.000136737615321 148.824662797 9852.17520047 
46.3 0.000136356293297 147.304154307 9853.69570934 
46.4 0.000135979908009 145.799180706 9855.20068331 
46.5 0.000135608386699 144.30958319 9856.6902812 
46.6 0.000135241662065 142.835204553 9858.16466021 
46.7 0.000134879659527 141.375889162 9859.62397596 
46.8 0.00013452231542 139.931482938 9861.06838254 
46.9 0.000134169562443 138.501833336 9862.49803249 
47 0.00013382133875 137.086789351 9863.91307683 
47.1 0.000133477564304 135.686202279 9865.31366424 
47.2 0.000133138175443 134.299924763 9866.6999421 
47.3 0.000132803103043 132.927810628 9868.07205657 
47.4 0.000132472285259 131.569715186 9869.43015234 
47.5 0.000132145658426 130.225495222 9870.77437263 
47.6 0.000131823164338 128.895008974 9872.1048592 
47.7 0.000131504739329 127.578116117 9873.42175238 
47.8 0.000131190327011 126.274677747 9874.72519106 
47.9 0.000130879867356 124.984556359 9876.01531276 
48 0.000130573300339 123.707615838 9877.29225359 
48.1 0.000130270573209 122.443721432 9878.5561483 
48.2 0.000129971627757 121.192739792 9879.80713024 
48.3 0.000129676413053 119.954539312 9881.04533101 
48.4 0.000129384876345 118.728989501 9882.27088111 
48.5 0.000129096963065 117.515961116 9883.48390979 
48.6 0.000128812625917 116.315326219 9884.68454497 
48.7 0.000128531810333 115.126958163 9885.87291331 
48.8 0.00012825446538 113.950731576 9887.04914017 
48.9 0.000127980543766 112.786522346 9888.21334967 
49 0.000127709998196 111.634207604 9889.36566469 
49.1 0.000127442777739 110.493665707 9890.50620685 
49.2 0.000127178840557 109.364776224 9891.6350966 
49.3 0.000126918133901 108.247419919 9892.75245316 
49.4 0.000126660615933 107.141478938 9893.8583944 
49.5 0.000126406242998 106.046837194 9894.9530364 
49.6 0.000126154973259 104.963379308 9896.03649454 
49.7 0.000125906761241 103.890991021 9897.10888307 
49.8 0.000125661568745 102.829559236 9898.1703151 
49.9 0.000125419352116 101.778971997 9899.22090258 
50 0.000125180067698 100.739118481 9900.26075634 
50.1 0.00012494368093 99.7098889827 9901.28998607 
50.2 0.000124710146338 98.691174899 9902.30870039 
50.3 0.00012447942936 97.6828687162 9903.3170068 
50.4 0.000124251486341 96.6848639966 9904.31501175 
50.5 0.000124026284539 95.6970553638 9905.30282061 
50.6 0.000123803785755 94.7193388388 9906.28053736 
50.7 0.000123583953609 93.7516117938 9907.24826462 
50.8 0.000123366753542 92.793772197 9908.20610444 
50.9 0.000123152149172 91.8457190419 9909.15415781 
51 0.000122940105939 90.9073523402 9910.09252472 
51.1 0.000122730587464 89.9785731084 9911.02130416 
51.2 0.000122523564642 89.0592833555 9911.94059412 
51.3 0.000122319001093 88.1493860699 9912.85049161 
51.4 0.000122116865896 87.2487852066 9913.75109268 
51.5 0.00012191712085 86.3573856744 9914.64249241 
51.6 0.00012171974231 85.475093323 9915.52478496 
51.7 0.000121524693895 84.6018149301 9916.39806355 
51.8 0.000121331942864 83.737458189 9917.26242048 
51.9 0.000121141461932 82.8819316951 9918.11794716 
52 0.000120953218357 82.0351449344 9918.96473411 
52.1 0.000120767184853 81.1970091726 9919.80287006 
52.2 0.000120583334137 80.3674367207 9920.6324427 
52.3 0.000120401638924 79.5463401097 9921.45353949 
52.4 0.000120222070109 78.733632755 9922.26624702 
52.5 0.000120044602227 77.929228946 9923.07065101 
52.6 0.000119869202535 77.133043835 9923.8668363 
52.7 0.000119695849207 76.3449934259 9924.65488688 
52.8 0.000119524514957 75.5649945639 9925.43488591 
52.9 0.000119355170682 74.7929649242 9926.20691572 
53 0.000119187796372 74.0288230012 9926.97105781 
53.1 0.000119022362924 73.2724880974 9927.72739288 
53.2 0.000118858843052 72.5238803128 9928.47600083 
53.3 0.00011869721493 71.7829205335 9929.21696077 
53.4 0.000118537453091 71.0495304215 9929.95035104 
53.5 0.000118379537525 70.3236324229 9930.6762492 
53.6 0.000118223439131 69.6051506015 9931.39473118 
53.7 0.000118069139717 68.8940095973 9932.10587233 
53.8 0.000117916613817 68.1901344282 9932.80974766 
53.9 0.000117765841424 67.4934508698 9933.50643136 
54 0.000117616798889 66.8038854462 9934.19599694 
54.1 0.000117469466204 66.1213654203 9934.87851711 
54.2 0.000117323821542 65.4458187842 9935.55406389 
54.3 0.000117179841254 64.7771742504 9936.22270857 
54.4 0.000117037507152 64.115361242 9936.88452172 
54.5 0.000116896799227 63.460309883 9937.53957322 
54.6 0.000116757693831 62.8119509897 9938.18793225 
54.7 0.000116620172776 62.1702160603 9938.82966732 
54.8 0.000116484214232 61.5350372663 9939.46484625 
54.9 0.000116349801829 60.9063474427 9940.09353621 
55 0.00011621691192 60.2840801375 9940.71580365 
55.1 0.000116085531772 59.6681703723 9941.33171354 
55.2 0.000115955637739 59.0585534445 9941.9413306 
55.3 0.000115827217087 58.4551650748 9942.5447191 
55.4 0.00011570024617 57.8579416327 9943.14194267 
55.5 0.000115574712254 57.266820129 9943.7330643 
55.6 0.000115450595331 56.6817382075 9944.31814634 
55.7 0.000115327877211 56.1026341368 9944.89725054 
55.8 0.000115206539704 55.5294468026 9945.47043799 
55.9 0.000115086570077 54.9621156991 9946.03776921 
56 0.00011496795014 54.4005809215 9946.59930411 
56.1 0.000114850659884 53.8447831572 9947.15510199 
56.2 0.000114734688395 53.2946636785 9947.70522159 
56.3 0.000114620013846 52.7501643338 9948.24972105 
56.4 0.000114506623504 52.21122754 9948.78865795 
56.5 0.000114394502816 51.6777963839 9949.32208922 
56.6 0.000114283635412 51.1498152218 9949.85007049 
56.7 0.00011417400674 50.6272285135 9950.37265731 
56.8 0.000114065600428 50.1099811555 9950.88990478 
56.9 0.000113958405564 49.5980186009 9951.40186744 
57 0.000113852403956 49.0912868524 9951.9085993 
57.1 0.000113747582873 48.5897324554 9952.4101538 
57.2 0.000113643925943 48.0933024911 9952.90658386 
57.3 0.000113541424071 47.6019445693 9953.39794189 
57.4 0.000113440060886 47.115606822 9953.88427974 
57.5 0.000113339820018 46.634237896 9954.36564876 
57.6 0.000113240692372 46.1577869461 9954.84209981 
57.7 0.000113142661576 45.6862036283 9955.31368323 
57.8 0.000113045714897 45.2194380928 9955.78044886 
57.9 0.000112949843242 44.7574409769 9956.24244607 
58 0.000112855028419 44.300164317 9956.69972283 
58.1 0.000112761261335 43.8475586288 9957.15232861 
58.2 0.000112668527436 43.3995773592 9957.60030997 
58.3 0.000112576817628 42.9561732479 9958.04371418 
58.4 0.000112486119178 42.5172995166 9958.482588 
58.5 0.000112396417535 42.0829098616 9958.91697774 
58.6 0.000112307703603 41.6529584482 9959.34692924 
58.7 0.000112219966468 41.227399903 9959.77248788 
58.8 0.000112133191578 40.8061893082 9960.19369856 
58.9 0.000112047369839 40.3892821946 9960.61060576 
59 0.000111962492156 39.9766345355 9961.0232535 
59.1 0.000111878542157 39.5682027404 9961.43168538 
59.2 0.000111795510747 39.1639436484 9961.83594456 
59.3 0.000111713390652 38.7638145224 9962.23607376 
59.4 0.000111632167318 38.3677730427 9962.63211533 
59.5 0.000111551831651 37.9757774995 9963.02411095 
59.6 0.000111472374556 37.5877869403 9963.41210159 
59.7 0.000111393785119 37.2037604642 9963.79612814 
59.8 0.000111316050607 36.8236575688 9964.17623112 
59.9 0.000111239167381 36.4474381638 9964.5524506 
60 0.000111163119072 36.0750625659 9964.92482627 
60.1 0.000111087900223 35.7064914953 9965.29339742 
60.2 0.000111013499918 35.3416860712 9965.65820292 
60.3 0.000110939909064 34.9806078085 9966.01928125 
60.4 0.000110867118565 34.6232186131 9966.37667052 
60.5 0.000110795117507 34.269480779 9966.73040843 
60.6 0.000110723898615 33.9193569843 9967.08053229 
60.7 0.000110653450974 33.5728102876 9967.42707906 
60.8 0.000110583770947 33.2298041249 9967.77008529 
60.9 0.000110514842163 32.8903023062 9968.10958718 
61 0.000110446660983 32.5542690121 9968.44562054 
61.1 0.000110379218313 32.2216687912 9968.77822083 
61.2 0.000110312503239 31.8924665381 9969.10742315 
61.3 0.000110246512122 31.5666275064 9969.43326225 
61.4 0.00011018123223 31.2441173209 9969.7557725 
61.5 0.000110116658107 30.9249019617 9970.07498792 
61.6 0.000110052780656 30.6089477615 9970.39094219 
61.7 0.000109989592602 30.2962214036 9970.70366861 
61.8 0.00010992708485 29.9866899188 9971.01320015 
61.9 0.000109865248305 29.6803206834 9971.31956945 
62 0.000109804081148 29.3770814171 9971.62280878 
62.1 0.000109743570647 29.0769401809 9971.92295008 
62.2 0.000109683711344 28.7798653747 9972.22002494 
62.3 0.000109624495963 28.4858257361 9972.51406464 
62.4 0.000109565915409 28.194790338 9972.8051001 
62.5 0.000109507967863 27.9067285872 9973.0931619 
62.6 0.000109450640593 27.6216102229 9973.37828033 
62.7 0.000109393928142 27.339405315 9973.66048529 
62.8 0.000109337826871 27.0600842229 9973.93980644 
62.9 0.000109282325866 26.7836170355 9974.21627368 
63 0.00010922742149 26.5099744154 9974.48991636 
63.1 0.000109173102828 26.239127499 9974.76076333 
63.2 0.000109119366243 25.9710477188 9975.02884316 
63.3 0.000109066204459 25.7057068015 9975.29418413 
63.4 0.000109013613837 25.4430767642 9975.55681422 
63.5 0.000108961581645 25.1831299131 9975.81676113 
63.6 0.000108910106064 24.9258388399 9976.07405225 
63.7 0.000108859183456 24.67117642 9976.32871472 
63.8 0.000108808801087 24.41911581 9976.58077538 
63.9 0.00010875895714 24.169630445 9976.8302608 
64 0.000108709646156 23.9226940369 9977.07719725 
64.1 0.000108660859041 23.6782805715 9977.32161077 
64.2 0.000108612593976 23.436364307 9977.56352708 
64.3 0.000108564841867 23.1969197711 9977.80297166 
64.4 0.000108517600893 22.9599217597 9978.03996972 
64.5 0.000108470860141 22.7253452851 9978.27454624 
64.6 0.000108424619611 22.4931654322 9978.50672614 
64.7 0.00010837886839 22.2633576897 9978.73653393 
64.8 0.000108333602839 22.0358978185 9978.96399385 
64.9 0.00010828881932 21.8107618283 9979.18912988 
65 0.000108244514195 21.5879259742 9979.41196578 
65.1 0.00010820067655 21.3673667552 9979.63252504 
65.2 0.000108157306386 21.1490609112 9979.85083093 
65.3 0.000108114394607 20.9329854213 9980.06690646 
65.4 0.000108071939394 20.7191175012 9980.28077443 
65.5 0.000108029931653 20.5074346011 9980.49245737 
65.6 0.000107988373202 20.2979144034 9980.70197761 
65.7 0.000107947251308 20.0905348211 9980.90935723 
65.8 0.000107906567791 19.8852739948 9981.1146181 
65.9 0.000107866313556 19.6821102917 9981.31778184 
66 0.000107826484964 19.4810223027 9981.51886987 
66.1 0.000107787078377 19.2819888407 9981.71790337 
66.2 0.000107748090159 19.0849888955 9981.91490336 
66.3 0.000107709513031 18.8900016289 9982.10989066 
66.4 0.000107671343358 18.6970064758 9982.30288585 
66.5 0.0001076335775 18.5059830824 9982.49390928 
66.6 0.00010759621 18.3169113037 9982.6829811 
66.7 0.000107559237222 18.1297712014 9982.87012124 
66.8 0.000107522653707 17.9445430415 9983.05534944 
66.9 0.000107486457637 17.7612072929 9983.23868522 
67 0.000107450641735 17.5797446251 9983.42014792 
67.1 0.000107415206003 17.4001359065 9983.59975668 
67.2 0.000107380143163 17.2223622023 9983.77753042 
67.3 0.000107345447759 17.046404773 9983.95348788 
67.4 0.000107311119791 16.8722450724 9984.12764762 
67.5 0.000107277151983 16.6998647456 9984.30002798 
67.6 0.000107243544335 16.5292456278 9984.47064713 
67.7 0.000107210285933 16.3603697419 9984.63952305 
67.8 0.000107177378595 16.1932192966 9984.80667353 
67.9 0.000107144820504 16.0277766214 9984.97211623 
68 0.000107112602564 15.8640242354 9985.13586865 
68.1 0.000107080724774 15.7019448686 9985.29794805 
68.2 0.00010704917986 15.5415214275 9985.45837152 
68.3 0.00010701796964 15.3827369932 9985.61715599 
68.4 0.000106987086838 15.2255748202 9985.77431819 
68.5 0.000106956525997 15.0700183337 9985.92987471 
68.6 0.000106926287117 14.9160511291 9986.08384194 
68.7 0.000106896364741 14.7636569694 9986.23623613 
68.8 0.000106866757051 14.6128197838 9986.38707335 
68.9 0.000106837460407 14.4635236665 9986.5363695 
69 0.000106808469354 14.3157528746 9986.68414032 
69.1 0.000106779783891 14.1694918268 9986.83040139 
69.2 0.000106751398562 14.0247251015 9986.97516815 
69.3 0.000106723311546 13.8814374359 9987.11845584 
69.4 0.000106695517388 13.739613724 9987.26027958 
69.5 0.000106668016087 13.599239012 9987.40065432 
69.6 0.000106640800368 13.4602984729 9987.53959489 
69.7 0.000106613872049 13.3227774468 9987.67711594 
69.8 0.000106587223854 13.1866614298 9987.81323198 
69.9 0.000106560853965 13.0519360664 9987.94795737 
70 0.000106534760562 12.9185871483 9988.08130632 
