Time S I R
0.0  10000 1 0
0.1 9999.94331965 1.01492482898 0.0417555225723 
0.2 9999.88579368 1.03007208112 0.0841342423977 
0.3 9999.82741021 1.04544487224 0.127144915798 
0.4 9999.76815685 1.06104645801 0.170796693034 
0.5 9999.70801868 1.07688075043 0.215100568871 
0.6 9999.64698308 1.09295106327 0.26006585893 
0.7 9999.58503708 1.10926079712 0.305702122681 
0.8 9999.52216704 1.12581353154 0.35201942453 
0.9 9999.45835913 1.14261289708 0.399027973288 
1 9999.3935998 1.15966244622 0.446737756724 
1.1 9999.32787444 1.17696600861 0.495159547154 
1.2 9999.2611689 1.19452730087 0.544303797149 
1.3 9999.19346851 1.21235016894 0.594181325419 
1.4 9999.12475851 1.23043848035 0.644803011758 
1.5 9999.05502389 1.24879617436 0.696179939023 
1.6 9998.98424937 1.26742725522 0.748323374258 
1.7 9998.91241954 1.28633576451 0.801244691006 
1.8 9998.83951869 1.30552582395 0.854955489577 
1.9 9998.76553081 1.32500162437 0.909467565931 
2 9998.69043968 1.34476742198 0.964792901344 
2.1 9998.6142289 1.36482751077 1.02094358515 
2.2 9998.53688187 1.38518624622 1.07793188112 
2.3 9998.4583817 1.40584805299 1.13577024889 
2.4 9998.37871126 1.42681741688 1.19447132156 
2.5 9998.29785316 1.4480988964 1.25404793895 
2.6 9998.2157897 1.46969712954 1.3145131673 
2.7 9998.13250297 1.49161680826 1.37588022543 
2.8 9998.04797479 1.51386268937 1.43816251644 
2.9 9997.96218679 1.53643959219 1.50137362069 
3 9997.8751201 1.55935245262 1.56552745219 
3.1 9997.78675577 1.58260623234 1.63063799616 
3.2 9997.69707454 1.60620597813 1.69671948044 
3.3 9997.60605687 1.63015680495 1.76378632662 
3.4 9997.51368282 1.65446392997 1.83185324875 
3.5 9997.4199322 1.67913264144 1.90093516298 
3.6 9997.32478455 1.70416828822 1.97104715727 
3.7 9997.22821917 1.72957629496 2.04220453532 
3.8 9997.13021502 1.75536216334 2.11442282022 
3.9 9997.03075077 1.78153147336 2.1877177581 
4 9996.92980479 1.80808988454 2.2621053218 
4.1 9996.82735515 1.83504313727 2.33760171449 
4.2 9996.72337954 1.8623970631 2.41422340012 
4.3 9996.61785522 1.89015760742 2.49198717008 
4.4 9996.51075921 1.91833078358 2.57091000807 
4.5 9996.40206816 1.94692269223 2.65100914685 
4.6 9996.2917584 1.97593952504 2.73230207925 
4.7 9996.17980587 2.00538756621 2.81480656257 
4.8 9996.06618618 2.03527319402 2.89854062297 
4.9 9995.95087456 2.06560288231 2.98352255986 
5 9995.83384585 2.09638320165 3.06977094927 
5.1 9995.71507463 2.12762079364 3.1573045719 
5.2 9995.59453512 2.15932239675 3.24614248584 
5.3 9995.47220107 2.19149486024 3.33630406558 
5.4 9995.3480459 2.22414513276 3.42780897046 
5.5 9995.22204259 2.25728026372 3.52067714833 
5.6 9995.09416376 2.29090740447 3.61492883931 
5.7 9994.96438161 2.32503380963 3.71058457943 
5.8 9994.83266796 2.35966683833 3.80766520435 
5.9 9994.69899418 2.39481395855 3.90619186304 
6 9994.56333119 2.43048275707 4.00618604923 
6.1 9994.42564953 2.46668092286 4.10766954775 
6.2 9994.28591929 2.50341625485 4.21066445907 
6.3 9994.14411013 2.54069666428 4.31519320647 
6.4 9994.00019128 2.57853017604 4.42127854006 
6.5 9993.85413153 2.61692493005 4.52894354076 
6.6 9993.70589919 2.65588918263 4.63821162435 
6.7 9993.55546215 2.69543130797 4.74910654591 
6.8 9993.40278772 2.73555981798 4.86165246132 
6.9 9993.24784277 2.77628334864 4.97587388464 
7 9993.09059369 2.81761065078 5.09179565897 
7.1 9992.93100641 2.85955060104 5.20944299033 
7.2 9992.76904634 2.90211220334 5.32884145223 
7.3 9992.60467842 2.94530459046 5.45001699016 
7.4 9992.43786705 2.98913702558 5.57299592619 
7.5 9992.26857613 3.03361890378 5.69780496351 
7.6 9992.096769 3.07875976559 5.82447122946 
7.7 9991.92240848 3.12456928355 5.95302223204 
7.8 9991.74545678 3.17105728649 6.08348593758 
7.9 9991.5658756 3.21823372804 6.21589066898 
8 9991.38362613 3.26610870441 6.35026516262 
8.1 9991.19866897 3.314692456 6.48663857309 
8.2 9991.01096415 3.36399536902 6.62504047804 
8.3 9990.82047114 3.41402797713 6.765500883 
8.4 9990.62714881 3.46480096328 6.90805022702 
8.5 9990.43095527 3.51632520316 7.05271952466 
8.6 9990.23184803 3.56861172772 7.19954024247 
8.7 9990.02978409 3.62167169779 7.34854421542 
8.8 9989.82471983 3.67551643265 7.49976373985 
8.9 9989.61661101 3.73015741193 7.65323157934 
9 9989.40541275 3.78560627752 7.80898097056 
9.1 9989.19107954 3.84187483558 7.9670456292 
9.2 9988.97356519 3.89897505852 8.12745975604 
9.3 9988.75282287 3.95691908701 8.29025804303 
9.4 9988.52880509 4.01571923206 8.45547567951 
9.5 9988.30146366 4.07538797703 8.62314835849 
9.6 9988.07074974 4.13593797977 8.79331228296 
9.7 9987.83661375 4.19738207471 8.96600417238 
9.8 9987.59900546 4.25973327504 9.14126126913 
9.9 9987.35787388 4.32300477482 9.31912134517 
10 9987.11316734 4.38720995123 9.49962270865 
10.1 9986.86483333 4.45236238862 9.68280428574 
10.2 9986.61281814 4.51847596071 9.86870590199 
10.3 9986.35706761 4.58556466791 10.0573677228 
10.4 9986.09752684 4.65364269719 10.2488304584 
10.5 9985.83414015 4.72272443765 10.4431354161 
10.6 9985.56685101 4.79282448344 10.6403245097 
10.7 9985.29560209 4.86395763672 10.8404402686 
10.8 9985.02033524 4.93613891071 11.0435258473 
10.9 9984.74099143 5.00938353268 11.2496250351 
11 9984.45751079 5.08370694711 11.4587822656 
11.1 9984.16983255 5.15912481881 11.6710426269 
11.2 9983.87789509 5.23565303613 11.8864518715 
11.3 9983.58163586 5.31330771414 12.1050564262 
11.4 9983.2809914 5.39210519799 12.3269034029 
11.5 9982.97589753 5.47206201375 12.5520404539 
11.6 9982.66628933 5.55319487654 12.7805157961 
11.7 9982.35210068 5.6355207969 13.012378527 
11.8 9982.03326452 5.71905702305 13.2476784542 
11.9 9981.70971285 5.80382104336 13.4864661035 
12 9981.38137668 5.88983058937 13.7287927285 
12.1 9981.04818604 5.97710363878 13.9747103203 
12.2 9980.71006996 6.0656584186 14.2242716175 
12.3 9980.36695648 6.1555134082 14.4775301161 
12.4 9980.01877258 6.24668734244 14.7345400795 
12.5 9979.66544424 6.33919921487 14.9953565486 
12.6 9979.30689637 6.43306828087 15.260035352 
12.7 9978.94305282 6.52831406085 15.5286331166 
12.8 9978.57383637 6.62495634425 15.8012072823 
12.9 9978.19916857 6.72301520911 16.0778162184 
13 9977.8189699 6.82251100417 16.3585190969 
13.1 9977.43315975 6.92346435162 16.6433759 
13.2 9977.04165637 7.02589615637 16.9324474688 
13.3 9976.64437687 7.12982760962 17.2257955157 
13.4 9976.24123717 7.23528019229 17.5234826356 
13.5 9975.832152 7.34227567857 17.8255723176 
13.6 9975.4170349 7.45083613948 18.1321289572 
13.7 9974.99579819 7.56098394648 18.4432178683 
13.8 9974.56835293 7.67274177506 18.7589052947 
13.9 9974.13460897 7.7861326084 19.0792584233 
14 9973.69447486 7.90117974107 19.4043453956 
14.1 9973.2478579 8.01790678272 19.7342353209 
14.2 9972.79466402 8.13633766431 20.0689983127 
14.3 9972.33479777 8.25649664925 20.4087055761 
14.4 9971.86816242 8.37840832085 20.7534292565 
14.5 9971.39465989 8.50209759233 21.1032425146 
14.6 9970.91419074 8.62758971175 21.45821955 
14.7 9970.42665412 8.75491026602 21.8184356154 
14.8 9969.93194778 8.88408518481 22.1839670303 
14.9 9969.42996806 9.01514074464 22.554891195 
15 9968.92060982 9.14810357288 22.9312866048 
15.1 9968.40376648 9.28300065184 23.3132328642 
15.2 9967.87932998 9.41985932288 23.7008107015 
15.3 9967.34719073 9.55870729059 24.0941019833 
15.4 9966.80723764 9.69957262691 24.4931897291 
15.5 9966.2593581 9.84248377538 24.8981581263 
15.6 9965.70343788 9.98746954282 25.3090925813 
15.7 9965.13936117 10.1345591073 25.7260797243 
15.8 9964.56701059 10.2837820428 26.1492073648 
15.9 9963.98626714 10.4351683108 26.578564545 
16 9963.39701018 10.5887482643 27.0142415556 
16.1 9962.7991174 10.7445526521 27.4563299515 
16.2 9962.19246481 10.9026126233 27.9049225686 
16.3 9961.57692673 11.0629597314 28.3601135393 
16.4 9960.95237575 11.225625939 28.8219983094 
16.5 9960.31868272 11.3906436218 29.2906736546 
16.6 9959.67571673 11.5580455733 29.7662376972 
16.7 9959.02334507 11.7278650092 30.2487899228 
16.8 9958.36143323 11.9001355719 30.7384311977 
16.9 9957.68984488 12.0748913338 31.235263791 
17 9957.00844173 12.2521667812 31.739391489 
17.1 9956.31708367 12.431996847 32.2509194797 
17.2 9955.61562871 12.6144169147 32.7699543765 
17.3 9954.90393292 12.7994628154 33.2966042678 
17.4 9954.18185043 12.9871708328 33.8309787359 
17.5 9953.44923342 13.1775777078 34.3731888749 
17.6 9952.70593205 13.3707206425 34.9233473103 
17.7 9951.95179448 13.5666373057 35.4815682175 
17.8 9951.18666682 13.7653658367 36.047967341 
17.9 9950.41039314 13.9669448504 36.6226620136 
18 9949.62281538 14.171413442 37.2057711761 
18.1 9948.82377341 14.3788111915 37.7974153967 
18.2 9948.01310494 14.5891781686 38.3977168909 
18.3 9947.19064552 14.8025549202 39.0067995569 
18.4 9946.35622853 15.0189824338 39.6247890319 
18.5 9945.50968513 15.2385022421 40.2518126245 
18.6 9944.65084424 15.4611563872 40.8879993706 
18.7 9943.77953252 15.6869874202 41.533480059 
18.8 9942.89557434 15.916038406 42.1883872522 
18.9 9941.99879176 16.1483529269 42.8528553082 
19 9941.08900451 16.3839750884 43.5270204016 
19.1 9940.16602993 16.6229495225 44.2110205455 
19.2 9939.22968299 16.8653213934 44.9049956128 
19.3 9938.27977624 17.1111364011 45.6090873589 
19.4 9937.31611977 17.3604407867 46.3234394431 
19.5 9936.33852121 17.6132813368 47.0481974515 
19.6 9935.34678569 17.8697053879 47.7835089193 
19.7 9934.34071591 18.1297607395 48.5295233554 
19.8 9933.32011203 18.3934957068 49.2863922644 
19.9 9932.28477159 18.6609592456 50.0542691669 
20 9931.2344895 18.932200873 50.8333096244 
