Time S I R
0.0  10000 1 0
0.1 9999.84327403 1.09253403448 0.0641919338689 
0.2 9999.67204976 1.19362699806 0.134323243993 
0.3 9999.48498361 1.30407183049 0.210944560146 
0.4 9999.28061422 1.42473094609 0.294654829161 
0.5 9999.05734161 1.55654852238 0.386109870104 
0.6 9998.81341656 1.7005567179 0.486026718101 
0.7 9998.54693131 1.85788119709 0.595187489547 
0.8 9998.25580134 2.02975181879 0.714446844232 
0.9 9997.93774937 2.21751205926 0.844738575729 
1 9997.59028799 2.42262924048 0.987082769861 
1.1 9997.21070457 2.64670340623 1.14259202216 
1.2 9996.79603009 2.8914856417 1.3124842726 
1.3 9996.34302393 3.15888699238 1.49808907598 
1.4 9995.84814951 3.45099281222 1.7008576761 
1.5 9995.30754325 3.77008095125 1.92237580368 
1.6 9994.71698739 4.11863770781 2.16437490275 
1.7 9994.07187551 4.49937807342 2.42874641346 
1.8 9993.3671782 4.91526582655 2.71755597258 
1.9 9992.59740492 5.36953586632 3.03305921336 
2 9991.75655792 5.86572117093 3.3777209125 
2.1 9990.83809947 6.4076719998 3.75422853323 
2.2 9989.83489101 6.99959138478 4.16551760146 
2.3 9988.73913418 7.64606954549 4.61479627725 
2.4 9987.54232013 8.3521134572 5.1055664123 
2.5 9986.23516671 9.12318332789 5.64164996143 
2.6 9984.80754574 9.96523499417 6.22721926485 
2.7 9983.24840731 10.8847637764 6.86682891563 
2.8 9981.54569865 11.8888513888 7.56544996431 
2.9 9979.68627939 12.9852151922 8.32850541525 
3 9977.65581366 14.1822701444 9.16191619531 
3.1 9975.43867446 15.4891841191 10.0721414164 
3.2 9973.01782978 16.9159432759 11.0662269484 
3.3 9970.3747121 18.4734264117 12.151861492 
3.4 9967.48909934 20.1734736362 13.3374270257 
3.5 9964.33895784 22.0289748858 14.6320672733 
3.6 9960.90029566 24.0539535871 16.045750751 
3.7 9957.14699928 26.2636589377 17.5893417856 
3.8 9953.0506403 28.6746733197 19.2746863811 
3.9 9948.58030331 31.3050103293 21.114686362 
4 9943.70236589 34.1742351318 23.1233989778 
4.1 9938.38027801 37.3035862364 25.3161357487 
4.2 9932.57434091 40.7160985521 27.7095605361 
4.3 9926.24143811 44.4367450429 30.3218168456 
4.4 9919.33478282 48.4925761132 33.1726410648 
4.5 9911.80363675 52.9128681606 36.2834950937 
4.6 9903.59300344 57.729278854 39.6777177106 
4.7 9894.64332778 62.9760107224 43.380661497 
4.8 9884.89016834 68.689967791 47.4198638641 
4.9 9874.2638568 74.9109259735 51.8252172235 
5 9862.6891457 81.6817107317 56.6291435656 
5.1 9850.08487067 89.0483336813 61.8667956495 
5.2 9836.36356021 97.0601870356 67.5762527498 
5.3 9821.431081 105.77018685 73.7987321508 
5.4 9805.1863131 115.234875382 80.5788115171 
5.5 9787.5207174 125.514623108 87.9646594923 
5.6 9768.3180953 136.673641676 96.0082630218 
5.7 9747.45423935 148.780086792 104.765673861 
5.8 9724.79658736 161.906151233 114.297261411 
5.9 9700.20419898 176.127876697 124.667924319 
6 9673.52737285 191.52525543 135.947371723 
6.1 9644.60764797 208.182012234 148.2103398 
6.2 9613.27799739 226.185225067 161.536777547 
6.3 9579.36257675 245.625285793 176.012137458 
6.4 9542.67742382 266.595123747 191.727452429 
6.5 9503.03070381 289.189759644 208.779536551 
6.6 9460.22312792 313.505723314 227.271148762 
6.7 9414.04943606 339.639693116 247.310870827 
6.8 9364.29882391 367.687868451 269.01330764 
6.9 9310.75661013 397.744476543 292.498913329 
7 9253.20627864 429.900011473 317.893709884 
7.1 9191.43070482 464.239986658 345.329308525 
7.2 9125.21530463 500.84249371 374.942201658 
7.3 9054.35040769 539.776165281 406.87342703 
7.4 8978.63409686 581.097873703 441.268029434 
7.5 8897.87624197 624.849889306 478.273868725 
7.6 8811.90179781 671.057135359 518.041066827 
7.7 8720.55492016 719.724413676 560.720666164 
7.8 8623.70335511 770.833484547 606.463160345 
7.9 8521.24315732 824.339531507 655.417311171 
8 8413.10230531 880.169518194 707.728176499 
8.1 8299.24603382 938.218619036 763.535347144 
8.2 8179.68150529 998.347514476 822.97098023 
8.3 8054.45966822 1060.38267471 886.157657075 
8.4 7923.68034122 1124.11359347 953.206065313 
8.5 7787.49409063 1189.29293369 1024.21297568 
8.6 7646.10514889 1255.63614146 1099.25870965 
8.7 7499.77072208 1322.82410327 1178.40517465 
8.8 7348.80166845 1390.50483522 1261.69349633 
8.9 7193.56058636 1458.29703389 1349.14237975 
9 7034.45898526 1525.79466473 1440.74635001 
9.1 6871.95360727 1592.57209223 1536.4743005 
9.2 6706.540626 1658.19069455 1636.26867945 
9.3 6538.74982033 1722.20563262 1740.04454704 
9.4 6369.13705898 1784.17299265 1847.68994837 
9.5 6198.2760247 1843.65833077 1959.06564453 
9.6 6026.75083327 1900.24277847 2074.00638826 
9.7 5855.14571384 1953.53249112 2192.32179504 
9.8 5684.03863515 2003.16312889 2313.79823596 
9.9 5513.99079679 2048.80831407 2438.20088914 
10 5345.54124886 2090.18272746 2565.27602368 
10.1 5179.19838494 2127.0476645 2694.75395056 
10.2 5015.43525602 2159.21307076 2826.35167322 
10.3 4854.68450207 2186.53934061 2959.77615731 
10.4 4697.33455095 2208.93807646 3094.72737259 
10.5 4543.72797878 2226.37073256 3230.90128866 
10.6 4394.1593767 2238.84738824 3367.99323506 
10.7 4248.87595815 2246.42377723 3505.70026462 
10.8 4108.07793551 2249.19755015 3643.72451434 
10.9 3971.92000219 2247.30502965 3781.77496816 
11 3840.51426091 2240.91541519 3919.57032391 
11.1 3713.93201028 2230.22762955 4056.84036017 
11.2 3592.20820767 2215.46382545 4193.32796688 
11.3 3475.34370099 2196.86607601 4328.79022299 
11.4 3363.30991456 2174.69053912 4462.99954632 
11.5 3256.05170966 2149.20384762 4595.74444271 
11.6 3153.49140833 2120.67863605 4726.82995563 
11.7 3055.53219394 2089.38982096 4856.07798509 
11.8 2962.06105636 2055.61163399 4983.32730965 
11.9 2872.95238428 2019.61425546 5108.43336026 
12 2788.07037565 1981.66154738 5231.26807697 
12.1 2707.27108826 1942.0096255 5351.71928625 
12.2 2630.40580805 1900.90393962 5469.69025233 
12.3 2557.32225277 1858.57874893 5585.0989983 
12.4 2487.86619849 1815.25625116 5697.87755036 
12.5 2421.8837355 1771.14510721 5807.97115729 
12.6 2359.22158659 1726.44092523 5915.33748818 
12.7 2299.72879598 1681.32542974 6019.94577428 
12.8 2243.25726786 1635.96673457 6121.77599757 
12.9 2189.66252974 1590.51943905 6220.8180312 
13 2138.80428257 1545.1248802 6317.07083724 
13.1 2090.54675938 1499.91155042 6410.5416902 
13.2 2044.75908836 1454.99559539 6501.24531625 
13.3 2001.31545403 1410.48130091 6589.20324506 
13.4 1960.09520491 1366.46175429 6674.4430408 
13.5 1920.98292664 1323.01941057 6756.99766279 
13.6 1883.86841707 1280.22676399 6836.90481894 
13.7 1848.64662795 1238.14700763 6914.20636442 
13.8 1815.21764536 1196.83454009 6988.94781456 
13.9 1783.48646641 1156.33579328 7061.17774031 
14 1753.36288525 1116.68980365 7130.9473111 
14.1 1724.7614149 1077.92866878 7198.30991632 
14.2 1697.60099421 1040.07830997 7263.32069582 
14.3 1671.80487804 1003.15891624 7326.03620572 
14.4 1647.3004876 967.185412553 7386.51409985 
14.5 1624.01911634 932.168104753 7444.81277891 
14.6 1601.89583169 898.113017221 7500.99115109 
14.7 1580.86928936 865.022327487 7555.10838315 
14.8 1560.88148518 832.894857091 7607.22365773 
14.9 1541.87765308 801.726354361 7657.39599256 
15 1523.80607308 771.509865876 7705.68406104 
15.1 1506.61786861 742.236095138 7752.14603625 
15.2 1490.26690291 713.893641649 7796.83945544 
15.3 1474.70960174 686.469298597 7839.82109966 
15.4 1459.9048005 659.9483106 7881.1468889 
15.5 1445.81363273 634.314574666 7920.8717926 
15.6 1432.39937873 609.550862579 7959.04975869 
15.7 1419.62734451 585.639006632 7995.73364886 
15.8 1407.46475556 562.560062772 8030.97518167 
15.9 1395.88062844 540.294471962 8064.82489959 
16 1384.84568051 518.822193195 8097.33212629 
16.1 1374.33223856 498.122825929 8128.54493552 
16.2 1364.31414233 478.175722793 8158.51013488 
16.3 1354.76661868 458.960096242 8187.27328507 
16.4 1345.66624222 440.455101647 8214.87865613 
16.5 1336.99085245 422.639919754 8241.3692278 
16.6 1328.71947392 405.493821834 8266.78670425 
16.7 1320.83223658 388.996218396 8291.17154502 
16.8 1313.31032933 373.126734834 8314.56293584 
16.9 1306.13593462 357.865254994 8336.99881038 
17 1299.29216844 343.191946683 8358.51588488 
17.1 1292.76302631 329.087294992 8379.1496787 
17.2 1286.53333651 315.53215131 8398.93451218 
17.3 1280.58871122 302.507753824 8417.90353495 
17.4 1274.91550461 289.995725642 8436.08876975 
17.5 1269.50076979 277.978106028 8453.52112418 
17.6 1264.3322188 266.437372818 8470.23040838 
17.7 1259.39818632 255.356448184 8486.2453655 
17.8 1254.6875986 244.718683387 8501.59371802 
17.9 1250.18993737 234.507886853 8516.30217577 
18 1245.89520908 224.708326846 8530.39646407 
18.1 1241.79391745 215.30472721 8543.90135534 
18.2 1237.87704075 206.282252867 8556.84070638 
18.3 1234.13600049 197.626527291 8569.23747222 
18.4 1230.5626386 189.323625566 8581.11373583 
18.5 1227.14919704 181.360062391 8592.49074057 
18.6 1223.88829802 173.722781455 8603.38892053 
18.7 1220.77291989 166.399163033 8613.82791707 
18.8 1217.79637958 159.377012494 8623.82660793 
18.9 1214.9523176 152.644544373 8633.40313802 
19 1212.23468014 146.19037756 8642.5749423 
19.1 1209.6377012 140.003532222 8651.35876658 
19.2 1207.1558896 134.073415732 8659.77069467 
19.3 1204.78401643 128.389809266 8667.82617431 
19.4 1202.51709885 122.942866791 8675.54003436 
19.5 1200.3503887 117.723102216 8682.92650909 
19.6 1198.27936142 112.721373943 8689.99926464 
19.7 1196.29970475 107.928879771 8696.77141547 
19.8 1194.40730873 103.337145441 8703.25554583 
19.9 1192.59825313 98.9380177921 8709.46372908 
20 1190.86879997 94.7236525966 8715.40754743 
