Time S I R
0.0  10000 1 0
0.1 9999.92595146 1.06685220551 0.00719633106793 
0.2 9999.84695895 1.13816785649 0.0148731963167 
0.3 9999.76268288 1.21425351087 0.0230636089381 
0.4 9999.67277364 1.29542479996 0.0318015605468 
0.5 9999.5768555 1.38202091714 0.0411235815985 
0.6 9999.47452711 1.47440419396 0.0510686961514 
0.7 9999.36535995 1.57296148067 0.0616785707699 
0.8 9999.24889663 1.67810568498 0.0729976807494 
0.9 9999.12464925 1.79027727292 0.0850734721436 
1 9998.9920986 1.90994496359 0.0979564369438 
1.1 9998.85068988 2.03760958905 0.111700529636 
1.2 9998.69983116 2.17380552175 0.126363321553 
1.3 9998.53889159 2.31910224181 0.142006170227 
1.4 9998.3671971 2.47410825795 0.158694643136 
1.5 9998.18403112 2.63947043131 0.176498444604 
1.6 9997.98862774 2.81588017171 0.195492085986 
1.7 9997.78016874 3.00407609049 0.215755172129 
1.8 9997.55778175 3.20484566397 0.237372581949 
1.9 9997.32053756 3.41902770517 0.260434736319 
2 9997.06744473 3.64751715329 0.28503811567 
2.1 9996.79744499 3.89126929028 0.31128571802 
2.2 9996.50941068 4.15130201996 0.33928730486 
2.3 9996.20213797 4.42870196412 0.369160063155 
2.4 9995.8743433 4.72462774058 0.401028960255 
2.5 9995.5246579 5.0403148291 0.43502727236 
2.6 9995.15162101 5.37708173673 0.471297254766 
2.7 9994.75367597 5.73633351222 0.509990522544 
2.8 9994.32916 6.11957094562 0.551269053634 
2.9 9993.8763022 6.52839241823 0.595305386676 
3 9993.39321629 6.96450038664 0.64228332661 
3.1 9992.87788845 7.42971240328 0.692399150248 
3.2 9992.3281688 7.92596875868 0.745862439362 
3.3 9991.74176607 8.45533732173 0.802896604675 
3.4 9991.11623651 9.02002351681 0.863739977792 
3.5 9990.44897559 9.62237777367 0.928646634333 
3.6 9989.73720575 10.2649066512 0.997887601485 
3.7 9988.9779655 10.9502825705 1.07175192455 
3.8 9988.16809696 11.6813551178 1.15054791851 
3.9 9987.30423323 12.4611623612 1.23460441178 
4 9986.38278619 13.2929418638 1.32427194543 
4.1 9985.39993161 14.1801441321 1.41992426064 
4.2 9984.35158907 15.126450625 1.52196030723 
4.3 9983.23341083 16.1357838358 1.63080533553 
4.4 9982.04076438 17.212322982 1.74691263303 
4.5 9980.76871081 18.3605234821 1.87076571079 
4.6 9979.41198479 19.5851349072 2.00288030347 
4.7 9977.96497801 20.8912159792 2.14380601001 
4.8 9976.42171552 22.2841558029 2.29412867871 
4.9 9974.77582624 23.7697003293 2.4544734277 
5 9973.02052468 25.3539688738 2.6255064424 
5.1 9971.14858473 27.0434776444 2.80793762272 
5.2 9969.15230694 28.8451690996 3.00252395902 
5.3 9967.02348757 30.766439729 3.21007269838 
5.4 9964.75339385 32.8151623472 3.43144380244 
5.5 9962.33272829 34.9997180752 3.66755363187 
5.6 9959.75158545 37.3290350223 3.91937952994 
5.7 9956.99942294 39.8126143753 4.18796268611 
5.8 9954.06502253 42.4605653028 4.47441216709 
5.9 9950.93644278 45.2836472366 4.77990998093 
6 9947.60097271 48.2933113041 5.10571598896 
6.1 9944.04509422 51.5017341108 5.45317167025 
6.2 9940.25443025 54.9218640581 5.82370569048 
6.3 9936.21368355 58.5674756839 6.21884076361 
6.4 9931.90659199 62.4532098756 6.64019813766 
6.5 9927.31587225 66.5946241029 7.08950364954 
6.6 9922.42315429 71.008250524 7.56859518511 
6.7 9917.20891534 75.7116545362 8.07943012251 
6.8 9911.65242351 80.7234854218 8.62409106843 
6.9 9905.73166601 86.0635399062 9.20479408236 
7 9899.4232694 91.7528319877 9.82389861584 
7.1 9892.70243216 97.8136534196 10.4839144155 
7.2 9885.54284697 104.269642542 11.1875104913 
7.3 9877.9166173 111.145856911 11.9375257888 
7.4 9869.79417229 118.468847729 12.7369799777 
7.5 9861.14418338 126.26673458 13.5890820374 
7.6 9851.93347297 134.569285021 14.4972420074 
7.7 9842.12692467 143.40799226 15.4650830725 
7.8 9831.68739721 152.816147417 16.4964553763 
7.9 9820.57561563 162.828937284 17.5954470892 
8 9808.75007434 173.483526961 18.7663987012 
8.1 9796.16694039 184.819142477 20.0139171309 
8.2 9782.77999648 196.877115746 21.3428877685 
8.3 9768.5404998 209.701007732 22.7584924727 
8.4 9753.39708578 223.336688899 24.2662253207 
8.5 9737.29567409 237.832416999 25.8719089059 
8.6 9720.17943748 253.23885436 27.5817081568 
8.7 9701.98867654 269.609173761 29.402149698 
8.8 9682.6607172 286.99914201 31.3401407951 
8.9 9662.12984306 305.467169649 33.4029872888 
9 9640.32729481 325.074295885 35.5984092997 
9.1 9617.18122267 345.884217428 37.9345599051 
9.2 9592.61657163 367.963380614 40.4200477545 
9.3 9566.55508037 391.38096431 43.0639553151 
9.4 9538.91532454 416.20881997 45.8758554861 
9.5 9509.61283043 442.521344097 48.8658254684 
9.6 9478.55995577 470.395570138 52.0444740951 
9.7 9445.66600449 499.911037751 55.4229577548 
9.8 9410.83735368 531.149650028 59.0129962962 
9.9 9373.97777267 564.195349482 62.8268778442 
10 9334.98839708 599.13411541 66.877487508 
10.1 9293.76798674 636.053694086 71.1783191714 
10.2 9250.21321025 675.043302964 75.743486785 
10.3 9204.21917143 716.19311176 80.5877168058 
10.4 9155.67963784 759.593992847 85.72636931 
10.5 9104.48746861 805.337086897 91.1754444878 
10.6 9050.5351521 853.513265536 96.9515823647 
10.7 8993.71547248 904.212480555 103.072046967 
10.8 8933.92218532 957.523097569 109.554717114 
10.9 8871.05072837 1013.53119171 116.418079927 
11 8804.99900037 1072.31978738 123.681212248 
11.1 8735.66815294 1133.96808398 131.363763081 
11.2 8662.9636887 1198.55039373 139.485917564 
11.3 8586.79643883 1266.13519931 148.06836186 
11.4 8507.08362861 1336.78414522 157.132226162 
11.5 8423.75010626 1410.55084852 166.699045219 
11.6 8336.7295625 1487.47974254 176.790694959 
11.7 8245.96550483 1567.60516484 187.429330323 
11.8 8151.41276767 1650.9499283 198.63730403 
11.9 8053.03884562 1737.52407314 210.437081237 
12 7950.82484219 1827.32400306 222.851154752 
12.1 7844.76684465 1920.33121418 235.901941178 
12.2 7734.87729878 2016.51103366 249.611667558 
12.3 7621.18584445 2115.81189085 264.002264698 
12.4 7503.74022498 2218.16452717 279.095247849 
12.5 7382.6075226 2323.48090303 294.911574371 
12.6 7257.87469171 2431.65378785 311.471520437 
12.7 7129.64878822 2542.55664569 328.794566091 
12.8 6998.05770995 2656.04306366 346.899226396 
12.9 6863.25018484 2771.94689478 365.802920387 
13 6725.39546087 2890.08267549 385.521863636 
13.1 6584.68300642 3010.24609031 406.070903274 
13.2 6441.32177303 3132.21483868 427.463388287 
13.3 6295.53944589 3255.74947723 449.711076885 
13.4 6147.58099275 3380.59500519 472.824002058 
13.5 5997.70697697 3506.48266485 496.810358181 
13.6 5846.19227578 3633.13129706 521.676427159 
13.7 5693.32423002 3760.24926341 547.426506569 
13.8 5539.39966369 3887.53750775 574.062828568 
13.9 5384.72288099 4014.69159932 601.585519687 
14 5229.60429974 4141.40313245 629.992567814 
14.1 5074.35642763 4267.36375419 659.279818178 
14.2 4919.29141648 4392.2676014 689.44098212 
14.3 4764.7197421 4515.81262681 720.467631092 
14.4 4610.94674817 4637.70398788 752.34926395 
14.5 4458.26989714 4757.65672319 785.073379663 
14.6 4306.97711933 4875.39736636 818.625514309 
14.7 4157.34481481 4990.66586014 852.989325055 
14.8 4009.63536975 5103.21788748 888.146742767 
14.9 3864.09569018 5212.82624638 924.078063439 
15 3720.95576735 5319.28221523 960.76201742 
15.1 3580.42764086 5422.39638238 998.175976766 
15.2 3442.70459125 5521.99932581 1036.29608294 
15.3 3307.95970383 5617.94295875 1075.09733742 
15.4 3176.34622323 5710.09998936 1114.55378741 
15.5 3047.99774434 5798.3635742 1154.63868146 
15.6 2923.0274257 5882.64798246 1195.32459184 
15.7 2801.52830472 5962.8881401 1236.58355518 
15.8 2683.57485099 6039.03792153 1278.38722748 
15.9 2569.22315439 6111.06983425 1320.70701136 
16 2458.51076588 6178.97504838 1363.51418574 
16.1 2351.45904122 6242.7609404 1406.78001838 
16.2 2248.07392831 6302.45019536 1450.47587632 
16.3 2148.34631354 6358.08033072 1494.57335574 
16.4 2052.25379549 6409.70185152 1539.04435299 
16.5 1959.76195042 6457.37690663 1583.86114295 
16.6 1870.82530318 6501.17821254 1628.99648427 
16.7 1785.38850308 6541.18781152 1674.4236854 
16.8 1703.38757466 6577.49578881 1720.11663652 
16.9 1624.75105728 6610.19906248 1766.04988024 
17 1549.40127051 6639.40004478 1812.19868471 
17.1 1477.25493579 6665.20604133 1858.53902288 
17.2 1408.22410715 6687.72828757 1905.04760528 
17.3 1342.21747602 6707.08058659 1951.7019374 
17.4 1279.14158547 6723.37804423 1998.4803703 
17.5 1218.90056592 6736.73740378 2045.3620303 
17.6 1161.39701754 6747.27613404 2092.32684843 
17.7 1106.53331843 6755.11109882 2139.35558274 
17.8 1054.21217336 6760.35801168 2186.42981496 
17.9 1004.33629171 6763.13178979 2233.53191851 
18 956.809028204 6763.54591556 2280.64505623 
18.1 911.535453601 6761.71136684 2327.75317956 
18.2 868.422349481 6757.73664271 2374.84100781 
18.3 827.378089346 6751.7279056 2421.89400506 
18.4 788.313015882 6743.78861918 2468.89836494 
18.5 751.14009356 6734.01891856 2515.84098788 
18.6 715.774714551 6722.5158228 2562.70946264 
18.7 682.134720935 6709.37323267 2609.49204639 
18.8 650.140568591 6694.68178936 2656.17764205 
18.9 619.71555922 6678.52868039 2702.75576039 
19 590.785716872 6660.99777131 2749.21651181 
19.1 563.279813735 6642.16960234 2795.55058392 
19.2 537.129387371 6622.12139672 2841.74921591 
19.3 512.268722713 6600.92711496 2887.80416232 
19.4 488.634829957 6578.6574831 2933.70768694 
19.5 466.167412812 6555.38004803 2979.45253916 
19.6 444.808799645 6531.15927144 3025.03192891 
19.7 424.503813063 6506.05669181 3070.43949512 
19.8 405.199813886 6480.13088537 3115.66930074 
19.9 386.846615116 6453.43757503 3160.71580985 
20 369.396364755 6426.02977084 3205.57386441 
