Time S I R
0.0  10000 1 0
0.1 9999.96807829 1.00189261492 0.0300291000739 
0.2 9999.93609618 1.00378871394 0.0601151084415 
0.3 9999.90405368 1.00568829705 0.0902580251601 
0.4 9999.87195073 1.00759136728 0.120457903046 
0.5 9999.83978705 1.00949794024 0.150715013439 
0.6 9999.80756259 1.01140801811 0.181029394734 
0.7 9999.77527807 1.01332156213 0.211400371409 
0.8 9999.74293137 1.01523868732 0.241829947378 
0.9 9999.71052377 1.01715932397 0.272316908314 
1 9999.67805516 1.01908347814 0.302861359683 
1.1 9999.64552542 1.02101115698 0.333463426087 
1.2 9999.61293434 1.02294237108 0.36412329279 
1.3 9999.58028178 1.02487712785 0.394841088724 
1.4 9999.54756763 1.02681543428 0.425616936231 
1.5 9999.51479174 1.02875729741 0.456450957652 
1.6 9999.481954 1.03070272424 0.487343275329 
1.7 9999.44905427 1.03265172179 0.518294011604 
1.8 9999.41609241 1.03460429708 0.549303288819 
1.9 9999.38306831 1.03656045711 0.580371229315 
2 9999.34998184 1.03852020891 0.611497955435 
2.1 9999.31683285 1.04048355949 0.642683589519 
2.2 9999.28362124 1.04245051555 0.673928248499 
2.3 9999.25034693 1.04442108036 0.705231990802 
2.4 9999.21700983 1.04639525919 0.736594909162 
2.5 9999.18360983 1.04837305824 0.768017111776 
2.6 9999.15014681 1.05035448369 0.799498706839 
2.7 9999.11662066 1.05233954173 0.831039802549 
2.8 9999.08303125 1.05432823853 0.862640507102 
2.9 9999.04937849 1.0563205803 0.894300928694 
3 9999.01566225 1.05831657321 0.926021175521 
3.1 9998.98188242 1.06031622345 0.95780135578 
3.2 9998.94803889 1.06231953721 0.989641577668 
3.3 9998.91413153 1.06432652067 1.02154194945 
3.4 9998.88016023 1.06633718038 1.05350258672 
3.5 9998.84612487 1.06835152284 1.08552360419 
3.6 9998.81202533 1.07036955433 1.1176051121 
3.7 9998.7778615 1.07239128113 1.14974722075 
3.8 9998.74363325 1.07441670954 1.18195004038 
3.9 9998.70934047 1.07644584583 1.21421368129 
4 9998.67498305 1.0784786963 1.24653825373 
4.1 9998.64056086 1.08051526723 1.27892386797 
4.2 9998.6060738 1.0825555649 1.31137063429 
4.3 9998.57152174 1.0845995956 1.34387866295 
4.4 9998.53690457 1.08664736562 1.37644806423 
4.5 9998.50222207 1.08869888592 1.4090790462 
4.6 9998.46747434 1.09075415282 1.44177151084 
4.7 9998.43266112 1.09281317906 1.4745257034 
4.8 9998.39778229 1.09487597096 1.50734173458 
4.9 9998.36283775 1.09694253482 1.5402197153 
5 9998.32782737 1.09901287697 1.57315975666 
5.1 9998.29275103 1.10108700375 1.60616196994 
5.2 9998.25760861 1.1031649215 1.63922646663 
5.3 9998.22240001 1.10524663657 1.67235335839 
5.4 9998.18712509 1.10733215533 1.70554275709 
5.5 9998.15178374 1.10942148414 1.73879477476 
5.6 9998.11637584 1.11151462947 1.77210952563 
5.7 9998.08090127 1.11361159814 1.80548713113 
5.8 9998.0453599 1.11571239667 1.83892770635 
5.9 9998.0097516 1.11781703153 1.87243136569 
6 9997.97407627 1.11992550922 1.90599822383 
6.1 9997.93833377 1.12203783624 1.93962839569 
6.2 9997.90252398 1.12415401912 1.97332199646 
6.3 9997.86664679 1.12627406438 2.00707914158 
6.4 9997.83070207 1.12839797857 2.04089994674 
6.5 9997.7946897 1.13052576825 2.07478452789 
6.6 9997.75860956 1.13265743998 2.10873300124 
6.7 9997.72246152 1.13479300033 2.14274548324 
6.8 9997.68624545 1.13693245592 2.17682209062 
6.9 9997.64996125 1.13907581333 2.21096294035 
7 9997.61360877 1.14122307918 2.24516814964 
7.1 9997.5771879 1.1433742601 2.279437836 
7.2 9997.54069852 1.14552936274 2.31377211715 
7.3 9997.5041405 1.14768839375 2.3481711111 
7.4 9997.4675137 1.14985135978 2.38263493609 
7.5 9997.43081802 1.15201826752 2.41716371063 
7.6 9997.39405332 1.15418912366 2.45175755348 
7.7 9997.35721948 1.15636393489 2.48641658366 
7.8 9997.32031637 1.15854270793 2.52114092042 
7.9 9997.28334387 1.16072544937 2.5559306807 
8 9997.24630185 1.16291216582 2.59078598184 
8.1 9997.20919019 1.16510286398 2.62570694327 
8.2 9997.17200876 1.16729755058 2.66069368462 
8.3 9997.13475744 1.16949623237 2.69574632577 
8.4 9997.0974361 1.17169891609 2.73086498682 
8.5 9997.0600446 1.17390560849 2.7660497881 
8.6 9997.02258283 1.17611631636 2.80130085018 
8.7 9996.98505066 1.17833104647 2.83661829383 
8.8 9996.94744795 1.18054980561 2.8720022401 
8.9 9996.90977459 1.18277260059 2.90745281021 
9 9996.87203044 1.18499943821 2.94297012566 
9.1 9996.83421537 1.1872303253 2.97855430815 
9.2 9996.79632925 1.1894652687 3.01420547962 
9.3 9996.75837196 1.19170427525 3.04992376225 
9.4 9996.72034337 1.1939473518 3.08570927842 
9.5 9996.68224334 1.19619450523 3.12156215076 
9.6 9996.64407176 1.1984457424 3.15748250214 
9.7 9996.60582847 1.20070107022 3.19347045564 
9.8 9996.56751337 1.20296049557 3.22952613457 
9.9 9996.52912631 1.20522402537 3.26564966249 
10 9996.49066717 1.20749166654 3.30184116316 
10.1 9996.45213581 1.20976342597 3.33810075992 
10.2 9996.41353212 1.21203931041 3.37442857348 
10.3 9996.37485595 1.21431932675 3.41082472727 
10.4 9996.33610717 1.21660348192 3.44728934537 
10.5 9996.29728567 1.21889178287 3.48382255205 
10.6 9996.25839129 1.22118423654 3.52042447179 
10.7 9996.21942392 1.22348084988 3.55709522927 
10.8 9996.18038342 1.22578162986 3.59383494938 
10.9 9996.14126966 1.22808658347 3.6306437572 
11 9996.1020825 1.23039571767 3.66752177804 
11.1 9996.06282182 1.23270903947 3.70446913738 
11.2 9996.02348748 1.23502655588 3.74148596093 
11.3 9995.98407935 1.23734827389 3.77857237461 
11.4 9995.94459729 1.23967420055 3.81572850451 
11.5 9995.90504118 1.24200434287 3.85295447695 
11.6 9995.86541087 1.2443387079 3.89025041845 
11.7 9995.82570624 1.24667730269 3.92761645574 
11.8 9995.78592715 1.2490201343 3.96505271575 
11.9 9995.74607346 1.2513672098 4.0025593256 
12 9995.70614505 1.25371853627 4.04013641263 
12.1 9995.66614177 1.25607412079 4.07778410438 
12.2 9995.6260635 1.25843397046 4.11550252859 
12.3 9995.58591009 1.26079809239 4.15329181322 
12.4 9995.54568142 1.2631664937 4.19115208701 
12.5 9995.50537734 1.26553918152 4.22908347893 
12.6 9995.46499772 1.267916163 4.26708611769 
12.7 9995.42454242 1.27029744528 4.30516013223 
12.8 9995.38401131 1.27268303551 4.34330565166 
12.9 9995.34340425 1.27507294086 4.38152280533 
13 9995.30272111 1.2774671685 4.4198117228 
13.1 9995.26196174 1.27986572562 4.45817253383 
13.2 9995.22112601 1.28226861941 4.49660536839 
13.3 9995.18021379 1.28467585707 4.53511035667 
13.4 9995.13922493 1.28708744581 4.57368762907 
13.5 9995.09815929 1.28950339286 4.61233731619 
13.6 9995.05701675 1.29192370544 4.65105954884 
13.7 9995.01579715 1.2943483908 4.68985445805 
13.8 9994.97450037 1.29677745619 4.72872217506 
13.9 9994.93312626 1.29921090886 4.76766283133 
14 9994.89167469 1.30164875609 4.80667655849 
14.1 9994.85014551 1.30409100515 4.84576348843 
14.2 9994.80853858 1.30653766333 4.88492375322 
14.3 9994.76685378 1.30898873793 4.92415748516 
14.4 9994.72509095 1.31144423625 4.96346481673 
14.5 9994.68324995 1.3139041656 5.00284588066 
14.6 9994.64133067 1.31636853319 5.04230079773 
14.7 9994.59933292 1.31883734665 5.08182972908 
14.8 9994.55725659 1.32131061316 5.12143279304 
14.9 9994.51510154 1.32378834008 5.16111012339 
15 9994.47286761 1.32627053478 5.20086185411 
15.1 9994.43055468 1.32875720462 5.24068811939 
15.2 9994.38816259 1.33124835699 5.28058905364 
15.3 9994.34569121 1.33374399928 5.32056479148 
15.4 9994.30314039 1.33624413891 5.36061546773 
15.5 9994.26051 1.33874878327 5.40074121743 
15.6 9994.21779988 1.3412579398 5.44094217584 
15.7 9994.17500991 1.34377161593 5.48121847843 
15.8 9994.13213992 1.34628981909 5.52157026087 
15.9 9994.08918978 1.34881255673 5.56199765907 
16 9994.04615935 1.35133983632 5.60250080912 
16.1 9994.00304849 1.35387166532 5.64307984736 
16.2 9993.95985704 1.35640805122 5.68373491031 
16.3 9993.91658486 1.3589490015 5.72446613474 
16.4 9993.87323182 1.36149452366 5.76527365761 
16.5 9993.82979776 1.36404462521 5.8061576161 
16.6 9993.78628254 1.36659931365 5.84711814761 
16.7 9993.74268601 1.36915859653 5.88815538976 
16.8 9993.69900804 1.37172248138 5.92926948037 
16.9 9993.65524847 1.37429097573 5.97046055926 
17 9993.61140715 1.37686408717 6.01172876652 
17.1 9993.56748394 1.37944182324 6.05307424083 
17.2 9993.52347869 1.38202419153 6.09449712107 
17.3 9993.47939125 1.38461119961 6.13599754635 
17.4 9993.43522149 1.38720285508 6.17757565599 
17.5 9993.39096924 1.38979916554 6.21923158956 
17.6 9993.34663437 1.39240013861 6.26096548682 
17.7 9993.30221673 1.39500578191 6.30277748777 
17.8 9993.25771616 1.39761610307 6.34466773264 
17.9 9993.21313253 1.40023110972 6.38663636187 
18 9993.16846567 1.40285080953 6.42868351613 
18.1 9993.12371545 1.40547521014 6.47080933632 
18.2 9993.07888172 1.40810431923 6.51301396354 
18.3 9993.03396432 1.41073814448 6.55529753916 
18.4 9992.9889631 1.41337669358 6.59766020474 
18.5 9992.94387792 1.41601997422 6.64010210207 
18.6 9992.89870863 1.41866799412 6.68262337318 
18.7 9992.85345508 1.42132076099 6.72522416031 
18.8 9992.80811711 1.42397828255 6.76790460593 
18.9 9992.76269458 1.42664056655 6.81066485276 
19 9992.71718734 1.42930762072 6.85350504372 
19.1 9992.67159523 1.43197945283 6.89642532196 
19.2 9992.6259181 1.43465607064 6.93942583088 
19.3 9992.5801558 1.43733748193 6.98250671408 
19.4 9992.53430819 1.44002369448 7.02566811541 
19.5 9992.4883751 1.44271471608 7.06891017894 
19.6 9992.4423564 1.44541055453 7.11223304896 
19.7 9992.39625191 1.44811121766 7.15563687002 
19.8 9992.3500615 1.45081671328 7.19912178687 
19.9 9992.30378501 1.45352704922 7.24268794449 
20 9992.25742228 1.45624223333 7.28633548812 
