Time S I R
0.0  10000 1 0
0.1 9999.98537549 0.958054097954 0.0565704117297 
0.2 9999.97136519 0.9178697825 0.110765029554 
0.3 9999.9579421 0.879369634598 0.162688268336 
0.4 9999.94508206 0.842484382376 0.212433554667 
0.5 9999.93276148 0.807146317777 0.260092205865 
0.6 9999.92095766 0.77329041293 0.305751924364 
0.7 9999.90964896 0.740854532384 0.349496511467 
0.8 9999.89881459 0.709779126279 0.391406281192 
0.9 9999.88843464 0.680007044412 0.431558311067 
1 9999.87849015 0.651483900289 0.470025951113 
1.1 9999.86896279 0.62415717633 0.506880030719 
1.2 9999.85983508 0.597976689031 0.542188231241 
1.3 9999.85109023 0.572894325031 0.576015442007 
1.4 9999.8427122 0.548864055964 0.608423740275 
1.5 9999.8346856 0.525841730109 0.639472672259 
1.6 9999.82699563 0.503784949656 0.669219418662 
1.7 9999.81962816 0.482653133455 0.697718710046 
1.8 9999.81256969 0.462407605857 0.725022707008 
1.9 9999.80580733 0.443011378836 0.751181294048 
2 9999.79932873 0.424429040346 0.776242230148 
2.1 9999.79312201 0.40662650918 0.800251479389 
2.2 9999.78717576 0.389571054201 0.823253185035 
2.3 9999.781479 0.373231200565 0.845289796024 
2.4 9999.77602115 0.357576589397 0.866402256232 
2.5 9999.77079202 0.342577997809 0.886629977462 
2.6 9999.76578213 0.328208215492 0.906009657079 
2.7 9999.76098233 0.314441056781 0.92457661055 
2.8 9999.75638389 0.301251427282 0.942364681573 
2.9 9999.75197841 0.288615264963 0.95940632153 
3 9999.74775776 0.276509236532 0.975732998995 
3.1 9999.74371418 0.26491106195 0.991374762047 
3.2 9999.73984018 0.253799326919 1.00636049117 
3.3 9999.73612866 0.243153613737 1.02071772275 
3.4 9999.73257283 0.232954454064 1.03447271279 
3.5 9999.72916615 0.223183099246 1.04765074668 
3.6 9999.72590236 0.213821570676 1.06027607129 
3.7 9999.72277546 0.204852702391 1.07237183749 
3.8 9999.71977972 0.196260043865 1.08396023128 
3.9 9999.71690965 0.188027813696 1.09506253621 
4 9999.71415996 0.180140887629 1.1056991496 
4.1 9999.71152562 0.17258480092 1.11588957928 
4.2 9999.70900178 0.165345672526 1.12565254589 
4.3 9999.7065838 0.158410182569 1.13500601323 
4.4 9999.70426724 0.151765582631 1.14396717442 
4.5 9999.70204785 0.145399702789 1.15255244236 
4.6 9999.69992156 0.139300847945 1.1607775896 
4.7 9999.69788446 0.133457801965 1.16865774272 
4.8 9999.6959328 0.127859856636 1.1762073433 
4.9 9999.69406302 0.122496752138 1.18344022817 
5 9999.69227168 0.117358628968 1.1903696943 
5.1 9999.69055547 0.112436021884 1.19700850692 
5.2 9999.68891123 0.10771984347 1.20336892172 
5.3 9999.68733597 0.103201482686 1.20946255192 
5.4 9999.68582678 0.0988726688126 1.21530055176 
5.5 9999.6843809 0.0947254436177 1.22089365405 
5.6 9999.68299567 0.0907521672746 1.22625216217 
5.7 9999.68166853 0.0869455120766 1.23138595859 
5.8 9999.68039706 0.0832985355324 1.23630440622 
5.9 9999.67917893 0.0798045529258 1.24101652036 
6 9999.67801189 0.0764571392684 1.24553096601 
6.1 9999.67689381 0.0732501254559 1.24985606307 
6.2 9999.67582262 0.0701776019445 1.2539997814 
6.3 9999.67479636 0.0672339691808 1.25796967277 
6.4 9999.67381315 0.0644138253096 1.26177302235 
6.5 9999.67287119 0.061711981796 1.2654168276 
6.6 9999.67196874 0.0591234556136 1.26890780882 
6.7 9999.67110413 0.0566434828557 1.27225239083 
6.8 9999.67027579 0.0542675453632 1.27545666697 
6.9 9999.6694822 0.0519912799423 1.27852652162 
7 9999.6687219 0.0498104981346 1.28146760351 
7.1 9999.66799348 0.047721177305 1.28428533772 
7.2 9999.66729562 0.0457194806414 1.28698489871 
7.3 9999.66662703 0.0438017572174 1.28957121028 
7.4 9999.66598649 0.0419644833725 1.29204902456 
7.5 9999.66537282 0.0402042771404 1.2944229026 
7.6 9999.66478488 0.0385178900787 1.29669722539 
7.7 9999.66422161 0.0369022417148 1.29887614735 
7.8 9999.66368197 0.0353543876536 1.30096363942 
7.9 9999.66316498 0.0338714819091 1.3029635398 
8 9999.66266967 0.0324507899591 1.30487953637 
8.1 9999.66219514 0.0310896813266 1.30671517669 
8.2 9999.6617405 0.0297856225429 1.30847387749 
8.3 9999.66130492 0.0285362404873 1.31015883925 
8.4 9999.66088762 0.0273392774377 1.31177310683 
8.5 9999.66048782 0.0261925343822 1.31331964589 
8.6 9999.6601048 0.0250938996322 1.31480130433 
8.7 9999.65973784 0.0240413432391 1.31622081982 
8.8 9999.65938626 0.0230329116387 1.31758082701 
8.9 9999.65904943 0.0220667679772 1.31888380314 
9 9999.65872673 0.0211411627989 1.3201321076 
9.1 9999.65841757 0.0202543956486 1.32132803368 
9.2 9999.65812138 0.0194048331929 1.32247378416 
9.3 9999.65783762 0.0185909048373 1.32357147721 
9.4 9999.65756575 0.0178110985089 1.32462315205 
9.5 9999.65730528 0.0170639936538 1.3256307245 
9.6 9999.65705574 0.0163482380458 1.32659601821 
9.7 9999.65681668 0.0156625159782 1.32752080761 
9.8 9999.65658764 0.0150055634525 1.32840679737 
9.9 9999.65636821 0.0143761647776 1.329255627 
10 9999.65615798 0.013773149292 1.33006887532 
10.1 9999.65595656 0.0131954187095 1.3308480235 
10.2 9999.65576359 0.0126419286778 1.33159448 
10.3 9999.65557872 0.0121116622283 1.33230961634 
10.4 9999.65540161 0.0116036427024 1.33299474968 
10.5 9999.65523192 0.0111169311634 1.3336511463 
10.6 9999.65506935 0.0106506238842 1.334280025 
10.7 9999.6549136 0.0102038709848 1.33488253196 
10.8 9999.65476438 0.00977586376362 1.33545975782 
10.9 9999.65462142 0.00936581571334 1.3360127633 
11 9999.65448446 0.00897297136452 1.33654256725 
11.1 9999.65435325 0.00859660426237 1.33705014939 
11.2 9999.65422753 0.00823601501766 1.33753645295 
11.3 9999.65410709 0.00789055150295 1.3380023574 
11.4 9999.65399171 0.00755959305408 1.3384486998 
11.5 9999.65388117 0.00724253118068 1.33887630078 
11.6 9999.65377527 0.00693878042506 1.33928594991 
11.7 9999.65367382 0.006647776646 1.33967840801 
11.8 9999.65357662 0.00636897530275 1.34005440947 
11.9 9999.65348349 0.0061018497389 1.34041466455 
12 9999.65339425 0.00584589636969 1.34075985242 
12.1 9999.65330876 0.00560067676932 1.34109056433 
12.2 9999.65322685 0.00536574894322 1.34140739639 
12.3 9999.65314839 0.00514068130857 1.34171093064 
12.4 9999.65307321 0.00492505887591 1.34200172676 
12.5 9999.65300119 0.00471848205893 1.34228032363 
12.6 9999.65293219 0.00452056548414 1.342547241 
12.7 9999.65286608 0.00433093680063 1.34280298101 
12.8 9999.65280274 0.00414925035383 1.34304800984 
12.9 9999.65274206 0.00397519075544 1.34328275283 
13 9999.65268392 0.00380843922818 1.34350763989 
13.1 9999.65262823 0.00364868908535 1.34372308464 
13.2 9999.65257487 0.0034956450965 1.34392948523 
13.3 9999.65252375 0.00334902260446 1.34412722555 
13.4 9999.65247478 0.0032085466424 1.34431667645 
13.5 9999.65242785 0.00307395213195 1.34449819541 
13.6 9999.6523829 0.00294500355731 1.34467210006 
13.7 9999.65233983 0.00282147031666 1.3448387014 
13.8 9999.65229857 0.00270312504928 1.34499830605 
13.9 9999.65225904 0.00258974889709 1.34515120917 
14 9999.65222117 0.00248113085772 1.34529769534 
14.1 9999.65218489 0.0023770671375 1.34543803938 
14.2 9999.65215013 0.00227736050456 1.3455725073 
14.3 9999.65211683 0.00218182548161 1.34570134924 
14.4 9999.65208492 0.00209029937347 1.34582478462 
14.5 9999.65205435 0.00200261534719 1.34594303843 
14.6 9999.65202506 0.00191861216385 1.34605632811 
14.7 9999.651997 0.00183813475417 1.34616486282 
14.8 9999.65197012 0.00176103377336 1.34626884395 
14.9 9999.65194437 0.00168716515612 1.34636846581 
15 9999.65191969 0.00161638972657 1.34646391607 
15.1 9999.65189605 0.00154858120609 1.34655536506 
15.2 9999.65187341 0.00148361977167 1.34664297437 
15.3 9999.65185171 0.00142138615544 1.34672690484 
15.4 9999.65183092 0.00136176565758 1.34680731117 
15.5 9999.65181101 0.00130464781349 1.34688434234 
15.6 9999.65179193 0.001249926061 1.34695814204 
15.7 9999.65177365 0.00119749740755 1.34702884919 
15.8 9999.65175614 0.00114726357091 1.34709659634 
15.9 9999.65173936 0.00109913859413 1.3471614994 
16 9999.65172329 0.00105303543246 1.34722367577 
16.1 9999.65170789 0.00100886911316 1.34728324004 
16.2 9999.65169314 0.000966557757111 1.34734030264 
16.3 9999.65167901 0.000926022326553 1.34739497017 
16.4 9999.65166547 0.000887186372836 1.34744734572 
16.5 9999.65165249 0.00084997578414 1.34749752925 
16.6 9999.65164006 0.000814319200991 1.34754561699 
16.7 9999.65162815 0.000780156858396 1.34759168954 
16.8 9999.65161674 0.000747428570085 1.34763582808 
16.9 9999.65160581 0.000716074297341 1.34767811357 
17 9999.65159534 0.000686036314761 1.34771862386 
17.1 9999.65158531 0.000657259042866 1.34775743392 
17.2 9999.6515757 0.000629688880714 1.34779461602 
17.3 9999.65156649 0.000603274038508 1.34783024002 
17.4 9999.65155766 0.000577964451414 1.34786437343 
17.5 9999.65154921 0.000553715948919 1.34789707582 
17.6 9999.65154111 0.000530486012737 1.34792840454 
17.7 9999.65153335 0.000508232028723 1.34795841706 
17.8 9999.65152592 0.000486912982688 1.34798716869 
17.9 9999.6515188 0.000466489336418 1.34801471274 
18 9999.65151198 0.000446922903692 1.34804110073 
18.1 9999.65150544 0.000428176726305 1.34806638249 
18.2 9999.65149918 0.000410214950079 1.34809060639 
18.3 9999.65149318 0.000393005569963 1.34811381557 
18.4 9999.65148743 0.000376519208066 1.34813604966 
18.5 9999.65148192 0.00036072554312 1.34815734956 
18.6 9999.65147665 0.000345595385169 1.34817775463 
18.7 9999.6514716 0.000331100588356 1.34819730283 
18.8 9999.65146676 0.000317213963673 1.34821603083 
18.9 9999.65146212 0.000303909191699 1.34823397412 
19 9999.65145767 0.000291160735347 1.34825116714 
19.1 9999.65145341 0.000278945278531 1.34826764134 
19.2 9999.65144933 0.000267242568681 1.34828342404 
19.3 9999.65144542 0.000256031219198 1.34829854406 
19.4 9999.65144168 0.000245290627445 1.34831302921 
19.5 9999.65143809 0.000235000973318 1.3483269062 
19.6 9999.65143466 0.000225143160927 1.3483402008 
19.7 9999.65143136 0.000215698760292 1.34835293785 
19.8 9999.65142821 0.000206649949027 1.3483651414 
19.9 9999.65142518 0.000197971282534 1.34837684576 
20 9999.65142229 0.000189669779085 1.34838804147 
20.1 9999.65141952 0.000181715227133 1.34839876926 
20.2 9999.65141686 0.000174093773547 1.34840904782 
20.3 9999.65141431 0.000166791861747 1.34841889544 
20.4 9999.65141187 0.000159796231715 1.34842833 
20.5 9999.65140954 0.000153093919984 1.34843736897 
20.6 9999.6514073 0.000146672259644 1.34844602945 
20.7 9999.65140515 0.000140519212311 1.34845432767 
20.8 9999.6514031 0.000134625050247 1.34846227675 
20.9 9999.65140113 0.00012897913572 1.34846989103 
21 9999.65139924 0.00012357087742 1.3484771848 
21.1 9999.65139744 0.000118390051783 1.34848417185 
21.2 9999.65139571 0.000113426802985 1.34849086546 
21.3 9999.65139405 0.000108671642942 1.34849727844 
21.4 9999.65139246 0.000104115451315 1.34850342308 
21.5 9999.65139094 9.97494755043e-05 1.34850931119 
21.6 9999.65138948 9.55653306536e-05 1.34851495408 
21.7 9999.65138808 9.15549996475e-05 1.34852036255 
21.8 9999.65138674 8.77112125699e-05 1.34852554642 
21.9 9999.65138546 8.40272241879e-05 1.34853051478 
22 9999.65138423 8.0496350722e-05 1.34853527664 
22.1 9999.65138305 7.71122952892e-05 1.3485398405 
22.2 9999.65138192 7.38691479339e-05 1.34854421432 
22.3 9999.65138083 7.07613856282e-05 1.34854840556 
22.4 9999.65137979 6.77838722718e-05 1.34855242114 
22.5 9999.6513788 6.4931858692e-05 1.34855626747 
22.6 9999.65137785 6.22009826435e-05 1.34855995043 
22.7 9999.65137694 5.95872688087e-05 1.34856347537 
22.8 9999.65137607 5.70864875181e-05 1.34856684802 
22.9 9999.65137523 5.46908496197e-05 1.34857007886 
23 9999.65137443 5.23953032057e-05 1.34857317472 
23.1 9999.65137366 5.01956804384e-05 1.34857614121 
23.2 9999.65137293 4.80880610849e-05 1.34857898362 
23.3 9999.65137222 4.60687725164e-05 1.3485817069 
23.4 9999.65137155 4.41343897085e-05 1.34858431568 
23.5 9999.6513709 4.22817352413e-05 1.34858681423 
23.6 9999.65137029 4.05078792992e-05 1.34858920652 
23.7 9999.65136969 3.8810139671e-05 1.34859149615 
23.8 9999.65136913 3.718608175e-05 1.34859368641 
23.9 9999.65136859 3.56316427113e-05 1.34859578279 
24 9999.65136807 3.41422049673e-05 1.34859779149 
24.1 9999.65136757 3.27149318059e-05 1.34859971637 
24.2 9999.65136709 3.13471389209e-05 1.34860156102 
24.3 9999.65136663 3.00362941361e-05 1.34860332887 
24.4 9999.6513662 2.87800174056e-05 1.34860502313 
24.5 9999.65136578 2.75760808138e-05 1.3486066468 
24.6 9999.65136537 2.64224085752e-05 1.34860820269 
24.7 9999.65136499 2.53170770345e-05 1.34860969338 
24.8 9999.65136462 2.42583146668e-05 1.34861112126 
24.9 9999.65136425 2.31973215095e-05 1.34861255215 
25 9999.65136392 2.2241451869e-05 1.34861384127 
25.1 9999.6513636 2.13210405782e-05 1.34861508257 
25.2 9999.65136329 2.04353792075e-05 1.34861627701 
25.3 9999.65136299 1.95837593274e-05 1.34861742553 
25.4 9999.65136271 1.87654725082e-05 1.3486185291 
25.5 9999.65136243 1.79798103203e-05 1.34861958868 
25.6 9999.65136217 1.72260643342e-05 1.34862060521 
25.7 9999.65136192 1.65035261203e-05 1.34862157965 
25.8 9999.65136168 1.58114872489e-05 1.34862251295 
25.9 9999.65136144 1.51492392905e-05 1.34862340609 
26 9999.65136122 1.45152731272e-05 1.34862426107 
26.1 9999.65136101 1.39078676584e-05 1.34862508024 
26.2 9999.65136081 1.33260692516e-05 1.34862586488 
26.3 9999.65136061 1.27689244673e-05 1.34862661626 
26.4 9999.65136043 1.2235479866e-05 1.34862733569 
26.5 9999.65136025 1.17247820081e-05 1.34862802443 
26.6 9999.65136008 1.12358774541e-05 1.34862868378 
26.7 9999.65135992 1.07678127645e-05 1.34862931503 
26.8 9999.65135976 1.03196344997e-05 1.34862991946 
26.9 9999.65135961 9.89038922026e-06 1.34863049836 
27 9999.65135947 9.47912348658e-06 1.34863105301 
27.1 9999.65135933 9.08488385913e-06 1.34863158469 
27.2 9999.6513592 8.70673217348e-06 1.34863209468 
27.3 9999.65135907 8.3446234407e-06 1.34863258303 
27.4 9999.65135895 7.99828876936e-06 1.34863305011 
27.5 9999.65135884 7.66698726605e-06 1.34863349692 
27.6 9999.65135873 7.34997803739e-06 1.34863392445 
27.7 9999.65135862 7.04652018999e-06 1.3486343337 
27.8 9999.65135852 6.75587283046e-06 1.34863472568 
27.9 9999.65135842 6.4772950654e-06 1.34863510138 
28 9999.65135833 6.21004600142e-06 1.3486354618 
28.1 9999.65135824 5.95338474513e-06 1.34863580794 
28.2 9999.65135815 5.70657040314e-06 1.34863614081 
28.3 9999.65135807 5.46886208205e-06 1.34863646139 
28.4 9999.65135799 5.23951888847e-06 1.34863677069 
28.5 9999.65135791 5.01791917073e-06 1.34863706954 
28.6 9999.65135784 4.80516097762e-06 1.34863735648 
28.7 9999.65135777 4.6014155735e-06 1.34863763126 
28.8 9999.6513577 4.40631332004e-06 1.34863789438 
28.9 9999.65135763 4.21948457888e-06 1.34863814634 
29 9999.65135757 4.04055971169e-06 1.34863838765 
29.1 9999.65135751 3.86916908012e-06 1.34863861879 
29.2 9999.65135745 3.70494304583e-06 1.34863884027 
29.3 9999.6513574 3.54751197047e-06 1.34863905259 
29.4 9999.65135735 3.39650621571e-06 1.34863925624 
29.5 9999.6513573 3.25155614319e-06 1.34863945172 
29.6 9999.65135725 3.11229211458e-06 1.34863963954 
29.7 9999.6513572 2.97834449154e-06 1.34863982019 
29.8 9999.65135713 2.78219803756e-06 1.34864008472 
29.9 9999.6513571 2.6738778084e-06 1.3486402308 
30 9999.65135706 2.56856550802e-06 1.34864037283 
30.1 9999.65135702 2.46626113641e-06 1.3486405108 
30.2 9999.65135699 2.36696469358e-06 1.34864064472 
30.3 9999.65135695 2.27067617953e-06 1.34864077457 
30.4 9999.65135692 2.17739559426e-06 1.34864090038 
30.5 9999.65135689 2.08712293777e-06 1.34864102212 
30.6 9999.65135686 1.99985821005e-06 1.34864113981 
30.7 9999.65135683 1.91560141111e-06 1.34864125344 
30.8 9999.6513568 1.83435254095e-06 1.34864136302 
30.9 9999.65135678 1.75611159956e-06 1.34864146853 
31 9999.65135675 1.68087858695e-06 1.34864157 
31.1 9999.65135672 1.60856075075e-06 1.34864166753 
31.2 9999.6513567 1.53883113843e-06 1.34864176157 
31.3 9999.65135668 1.47166124077e-06 1.34864185215 
31.4 9999.65135665 1.40705105777e-06 1.34864193929 
31.5 9999.65135663 1.34500058944e-06 1.34864202297 
31.6 9999.65135661 1.28550983577e-06 1.34864210321 
31.7 9999.65135659 1.22857879676e-06 1.34864217998 
31.8 9999.65135657 1.17420747241e-06 1.34864225331 
31.9 9999.65135655 1.12239586273e-06 1.34864232319 
32 9999.65135654 1.07314396771e-06 1.34864238961 
32.1 9999.65135652 1.02645178735e-06 1.34864245258 
32.2 9999.65135651 9.82319321653e-07 1.3486425121 
32.3 9999.65135649 9.40746570619e-07 1.34864256817 
32.4 9999.65135648 9.01702857095e-07 1.34864262082 
32.5 9999.65135646 8.64368643409e-07 1.34864267117 
32.6 9999.65135645 8.28378553549e-07 1.34864271971 
32.7 9999.65135644 7.93732587516e-07 1.34864276643 
32.8 9999.65135643 7.60430745309e-07 1.34864281135 
32.9 9999.65135642 7.2847302693e-07 1.34864285444 
33 9999.65135641 6.97859432376e-07 1.34864289573 
33.1 9999.6513564 6.6858996165e-07 1.34864293521 
33.2 9999.65135639 6.4066461475e-07 1.34864297287 
33.3 9999.65135638 6.14083391676e-07 1.34864300871 
33.4 9999.65135637 5.88846292429e-07 1.34864304275 
33.5 9999.65135636 5.64953317009e-07 1.34864307497 
33.6 9999.65135635 5.42404465415e-07 1.34864310538 
33.7 9999.65135634 5.21199737648e-07 1.34864313398 
33.8 9999.65135634 5.01107031501e-07 1.34864316108 
33.9 9999.65135633 4.81657321808e-07 1.34864318731 
34 9999.65135632 4.6283716055e-07 1.34864321269 
34.1 9999.65135632 4.44646547727e-07 1.34864323722 
34.2 9999.65135631 4.27085483337e-07 1.34864326091 
34.3 9999.65135631 4.10153967382e-07 1.34864328374 
34.4 9999.6513563 3.93851999861e-07 1.34864330573 
34.5 9999.65135629 3.78179580774e-07 1.34864332686 
34.6 9999.65135629 3.63136710122e-07 1.34864334715 
34.7 9999.65135628 3.48723387904e-07 1.34864336659 
34.8 9999.65135628 3.3493961412e-07 1.34864338518 
34.9 9999.65135628 3.21785388771e-07 1.34864340292 
35 9999.65135627 3.09260711855e-07 1.34864341981 
35.1 9999.65135627 2.9734491309e-07 1.34864343588 
35.2 9999.65135626 2.85834813566e-07 1.3486434514 
35.3 9999.65135626 2.74678692287e-07 1.34864346645 
35.4 9999.65135626 2.63876549254e-07 1.34864348102 
35.5 9999.65135625 2.53428384467e-07 1.34864349511 
35.6 9999.65135625 2.43334197926e-07 1.34864350872 
35.7 9999.65135624 2.33593989629e-07 1.34864352186 
35.8 9999.65135624 2.24207759579e-07 1.34864353451 
35.9 9999.65135624 2.15175507774e-07 1.3486435467 
36 9999.65135624 2.06497234215e-07 1.3486435584 
36.1 9999.65135623 1.98172938901e-07 1.34864356963 
36.2 9999.65135623 1.90202621833e-07 1.34864358038 
36.3 9999.65135623 1.8258628301e-07 1.34864359065 
36.4 9999.65135622 1.75323922434e-07 1.34864360044 
36.5 9999.65135622 1.68353842322e-07 1.34864360984 
36.6 9999.65135622 1.61606293537e-07 1.34864361894 
36.7 9999.65135622 1.5508121146e-07 1.34864362774 
36.8 9999.65135621 1.48778596092e-07 1.34864363624 
36.9 9999.65135621 1.42698447432e-07 1.34864364444 
37 9999.65135621 1.36840765481e-07 1.34864365234 
37.1 9999.65135621 1.31205550238e-07 1.34864365994 
37.2 9999.65135621 1.25792801704e-07 1.34864366724 
37.3 9999.65135621 1.20602519878e-07 1.34864367424 
37.4 9999.6513562 1.15634704762e-07 1.34864368094 
37.5 9999.6513562 1.10889356353e-07 1.34864368734 
37.6 9999.6513562 1.06366474653e-07 1.34864369344 
37.7 9999.6513562 1.02066059662e-07 1.34864369924 
37.8 9999.6513562 9.79744839148e-08 1.34864370476 
37.9 9999.6513562 9.40243939649e-08 1.34864371008 
38 9999.65135619 9.02066659913e-08 1.34864371523 
38.1 9999.65135619 8.65212999941e-08 1.3486437202 
38.2 9999.65135619 8.29682959733e-08 1.348643725 
38.3 9999.65135619 7.95476539287e-08 1.34864372961 
38.4 9999.65135619 7.62593738605e-08 1.34864373404 
38.5 9999.65135619 7.31034557687e-08 1.3486437383 
38.6 9999.65135619 7.00798996531e-08 1.34864374238 
38.7 9999.65135619 6.7188705514e-08 1.34864374628 
38.8 9999.65135619 6.44298733511e-08 1.34864375 
38.9 9999.65135618 6.18034031646e-08 1.34864375354 
39 9999.65135618 5.93092949545e-08 1.3486437569 
39.1 9999.65135618 5.69470464998e-08 1.34864376009 
39.2 9999.65135618 5.46808868778e-08 1.34864376314 
39.3 9999.65135618 5.24888369968e-08 1.3486437661 
39.4 9999.65135618 5.0370896857e-08 1.34864376896 
39.5 9999.65135618 4.83270664583e-08 1.34864377171 
39.6 9999.65135618 4.63573458007e-08 1.34864377437 
39.7 9999.65135618 4.44617348841e-08 1.34864377693 
39.8 9999.65135618 4.26402337087e-08 1.34864377938 
39.9 9999.65135618 4.08928422744e-08 1.34864378174 
40 9999.65135618 3.92195605811e-08 1.348643784 
40.1 9999.65135618 3.7620388629e-08 1.34864378615 
40.2 9999.65135618 3.60953264179e-08 1.34864378821 
40.3 9999.65135618 3.4644373948e-08 1.34864379017 
40.4 9999.65135617 3.32675312191e-08 1.34864379202 
40.5 9999.65135617 3.11917313214e-08 1.34864379482 
40.6 9999.65135617 2.88533439052e-08 1.34864379798 
40.7 9999.65135617 2.65599005124e-08 1.34864380107 
40.8 9999.65135617 2.4311401143e-08 1.3486438041 
40.9 9999.65135617 2.2107845797e-08 1.34864380707 
41 9999.65135617 1.99492344743e-08 1.34864380999 
41.1 9999.65135617 1.78355671751e-08 1.34864381284 
41.2 9999.65135617 1.57668438992e-08 1.34864381563 
41.3 9999.65135617 1.37430646468e-08 1.34864381836 
41.4 9999.65135617 1.17642294177e-08 1.34864382102 
41.5 9999.65135617 9.83033821206e-09 1.34864382363 
41.6 9999.65135617 7.94139102978e-09 1.34864382618 
41.7 9999.65135617 6.0973878709e-09 1.34864382867 
41.8 9999.65135616 4.29832873542e-09 1.34864383109 
41.9 9999.65135616 2.54421362332e-09 1.34864383346 
42 9999.65135616 8.35042534625e-10 1.34864383576 
42.1 9999.65135616 -8.29184530681e-10 1.34864383801 
42.2 9999.65135616 -2.44846757259e-09 1.34864384019 
42.3 9999.65135616 -4.02280659111e-09 1.34864384231 
42.4 9999.65135616 -5.55220158624e-09 1.34864384438 
42.5 9999.65135616 -7.03665255797e-09 1.34864384638 
42.6 9999.65135616 -8.4761595063e-09 1.34864384832 
42.7 9999.65135616 -9.87072243125e-09 1.3486438502 
42.8 9999.65135616 -1.12203413328e-08 1.34864385202 
42.9 9999.65135616 -1.2525016211e-08 1.34864385378 
43 9999.65135616 -1.37847470657e-08 1.34864385548 
43.1 9999.65135616 -1.49995338971e-08 1.34864385712 
43.2 9999.65135616 -1.61693767051e-08 1.3486438587 
43.3 9999.65135616 -1.72942754896e-08 1.34864386021 
43.4 9999.65135616 -1.83742302508e-08 1.34864386167 
43.5 9999.65135616 -1.94092409886e-08 1.34864386307 
43.6 9999.65135616 -2.0399307703e-08 1.3486438644 
43.7 9999.65135616 -2.1344430394e-08 1.34864386568 
43.8 9999.65135616 -2.22446090617e-08 1.34864386689 
43.9 9999.65135616 -2.30998437059e-08 1.34864386804 
44 9999.65135615 -2.39101343267e-08 1.34864386914 
44.1 9999.65135615 -2.46754809241e-08 1.34864387017 
44.2 9999.65135615 -2.53958834982e-08 1.34864387114 
44.3 9999.65135615 -2.60713420488e-08 1.34864387205 
44.4 9999.65135615 -2.67018565761e-08 1.3486438729 
44.5 9999.65135615 -2.72874270799e-08 1.34864387369 
44.6 9999.65135615 -2.78280535604e-08 1.34864387442 
44.7 9999.65135615 -2.83237360175e-08 1.34864387509 
44.8 9999.65135615 -2.87744744511e-08 1.3486438757 
44.9 9999.65135615 -2.91802688614e-08 1.34864387624 
45 9999.65135615 -2.95411192483e-08 1.34864387673 
45.1 9999.65135615 -2.98570256118e-08 1.34864387716 
45.2 9999.65135615 -3.01279879519e-08 1.34864387752 
45.3 9999.65135615 -3.03540062686e-08 1.34864387783 
45.4 9999.65135615 -3.05350805619e-08 1.34864387807 
45.5 9999.65135615 -3.06712108319e-08 1.34864387825 
45.6 9999.65135615 -3.07623970784e-08 1.34864387838 
45.7 9999.65135615 -3.08086393015e-08 1.34864387844 
45.8 9999.65135615 -3.08099375013e-08 1.34864387844 
45.9 9999.65135615 -3.07662916776e-08 1.34864387838 
46 9999.65135615 -3.06777018306e-08 1.34864387826 
46.1 9999.65135615 -3.05441679601e-08 1.34864387808 
46.2 9999.65135615 -3.03656900663e-08 1.34864387784 
46.3 9999.65135615 -3.01422681491e-08 1.34864387754 
46.4 9999.65135615 -2.98739022084e-08 1.34864387718 
46.5 9999.65135615 -2.95605922444e-08 1.34864387676 
46.6 9999.65135615 -2.9202338257e-08 1.34864387627 
46.7 9999.65135615 -2.87991402462e-08 1.34864387573 
46.8 9999.65135615 -2.8350998212e-08 1.34864387512 
46.9 9999.65135615 -2.78579121544e-08 1.34864387446 
47 9999.65135615 -2.73198820734e-08 1.34864387373 
47.1 9999.65135615 -2.67369079691e-08 1.34864387295 
47.2 9999.65135615 -2.61089898413e-08 1.3486438721 
47.3 9999.65135615 -2.54361276901e-08 1.34864387119 
47.4 9999.65135615 -2.47183215156e-08 1.34864387023 
47.5 9999.65135615 -2.39555713176e-08 1.3486438692 
47.6 9999.65135616 -2.31478770963e-08 1.34864386811 
47.7 9999.65135616 -2.22952388515e-08 1.34864386696 
47.8 9999.65135616 -2.1443529658e-08 1.34864386581 
47.9 9999.65135616 -2.17468964135e-08 1.34864386622 
48 9999.65135616 -2.20386540854e-08 1.34864386661 
48.1 9999.65135616 -2.23188026737e-08 1.34864386699 
48.2 9999.65135616 -2.25873421784e-08 1.34864386735 
48.3 9999.65135616 -2.28442725996e-08 1.3486438677 
48.4 9999.65135616 -2.30895939372e-08 1.34864386803 
48.5 9999.65135615 -2.33233061912e-08 1.34864386834 
48.6 9999.65135615 -2.35454093617e-08 1.34864386864 
48.7 9999.65135615 -2.37559034486e-08 1.34864386893 
48.8 9999.65135615 -2.39547884519e-08 1.3486438692 
48.9 9999.65135615 -2.41420643716e-08 1.34864386945 
49 9999.65135615 -2.43177312078e-08 1.34864386969 
49.1 9999.65135615 -2.44817889604e-08 1.34864386991 
49.2 9999.65135615 -2.46342376294e-08 1.34864387011 
49.3 9999.65135615 -2.47750772149e-08 1.3486438703 
49.4 9999.65135615 -2.49043077168e-08 1.34864387048 
49.5 9999.65135615 -2.50219291351e-08 1.34864387063 
49.6 9999.65135615 -2.51279414698e-08 1.34864387078 
49.7 9999.65135615 -2.5222344721e-08 1.34864387091 
49.8 9999.65135615 -2.53051388885e-08 1.34864387102 
49.9 9999.65135615 -2.53763239726e-08 1.34864387111 
50 9999.65135615 -2.5435899973e-08 1.34864387119 
50.1 9999.65135615 -2.54838668899e-08 1.34864387126 
50.2 9999.65135615 -2.55202247232e-08 1.34864387131 
50.3 9999.65135615 -2.55449734729e-08 1.34864387134 
50.4 9999.65135615 -2.55581131391e-08 1.34864387136 
50.5 9999.65135615 -2.55596437216e-08 1.34864387136 
50.6 9999.65135615 -2.55495652206e-08 1.34864387135 
50.7 9999.65135615 -2.55278776361e-08 1.34864387132 
50.8 9999.65135615 -2.54945809679e-08 1.34864387127 
50.9 9999.65135615 -2.54496752162e-08 1.34864387121 
51 9999.65135615 -2.5393160381e-08 1.34864387114 
51.1 9999.65135615 -2.53250364621e-08 1.34864387104 
51.2 9999.65135615 -2.52453034597e-08 1.34864387094 
51.3 9999.65135615 -2.51539613737e-08 1.34864387081 
51.4 9999.65135615 -2.50510102041e-08 1.34864387067 
51.5 9999.65135615 -2.4936449951e-08 1.34864387052 
51.6 9999.65135615 -2.48102806142e-08 1.34864387035 
51.7 9999.65135615 -2.4672502194e-08 1.34864387016 
51.8 9999.65135615 -2.45231146901e-08 1.34864386996 
51.9 9999.65135615 -2.43621181027e-08 1.34864386975 
52 9999.65135615 -2.41895124317e-08 1.34864386951 
52.1 9999.65135615 -2.40052976771e-08 1.34864386926 
52.2 9999.65135615 -2.38094738389e-08 1.348643869 
52.3 9999.65135615 -2.36020409172e-08 1.34864386872 
52.4 9999.65135615 -2.33829989119e-08 1.34864386842 
52.5 9999.65135616 -2.3152347823e-08 1.34864386811 
52.6 9999.65135616 -2.29100876506e-08 1.34864386779 
52.7 9999.65135616 -2.26562183946e-08 1.34864386744 
52.8 9999.65135616 -2.2390740055e-08 1.34864386709 
52.9 9999.65135616 -2.21136526318e-08 1.34864386671 
53 9999.65135616 -2.18249561251e-08 1.34864386632 
53.1 9999.65135616 -2.15246505348e-08 1.34864386592 
53.2 9999.65135616 -2.12127358609e-08 1.3486438655 
53.3 9999.65135616 -2.08892121035e-08 1.34864386506 
53.4 9999.65135616 -2.05540792625e-08 1.34864386461 
53.5 9999.65135616 -2.02073373379e-08 1.34864386414 
53.6 9999.65135616 -1.98489863297e-08 1.34864386366 
53.7 9999.65135616 -1.9479026238e-08 1.34864386316 
53.8 9999.65135616 -1.90974570626e-08 1.34864386264 
53.9 9999.65135616 -1.87042788038e-08 1.34864386211 
54 9999.65135616 -1.82994914613e-08 1.34864386157 
54.1 9999.65135616 -1.78830950353e-08 1.34864386101 
54.2 9999.65135616 -1.74550895257e-08 1.34864386043 
54.3 9999.65135616 -1.70154749325e-08 1.34864385984 
54.4 9999.65135616 -1.65642512558e-08 1.34864385923 
54.5 9999.65135616 -1.61014184954e-08 1.3486438586 
54.6 9999.65135616 -1.56269766516e-08 1.34864385796 
54.7 9999.65135616 -1.51409257241e-08 1.34864385731 
54.8 9999.65135616 -1.46432657131e-08 1.34864385664 
54.9 9999.65135616 -1.41339966184e-08 1.34864385595 
55 9999.65135616 -1.36131184403e-08 1.34864385525 
55.1 9999.65135616 -1.30806311785e-08 1.34864385453 
55.2 9999.65135616 -1.31205528711e-08 1.34864385458 
55.3 9999.65135616 -1.2984799738e-08 1.3486438544 
55.4 9999.65135616 -1.28490466049e-08 1.34864385422 
55.5 9999.65135616 -1.27132934719e-08 1.34864385404 
55.6 9999.65135616 -1.25775403388e-08 1.34864385385 
55.7 9999.65135616 -1.24417872057e-08 1.34864385367 
55.8 9999.65135616 -1.23060340727e-08 1.34864385349 
55.9 9999.65135616 -1.21702809396e-08 1.3486438533 
56 9999.65135616 -1.20345278065e-08 1.34864385312 
56.1 9999.65135616 -1.18987746734e-08 1.34864385294 
56.2 9999.65135616 -1.17630215404e-08 1.34864385275 
56.3 9999.65135616 -1.16272684073e-08 1.34864385257 
56.4 9999.65135616 -1.14915152742e-08 1.34864385239 
56.5 9999.65135616 -1.13557621412e-08 1.3486438522 
56.6 9999.65135616 -1.12200090081e-08 1.34864385202 
56.7 9999.65135616 -1.1084255875e-08 1.34864385184 
56.8 9999.65135616 -1.0948502742e-08 1.34864385165 
56.9 9999.65135616 -1.08127496089e-08 1.34864385147 
57 9999.65135616 -1.06769964758e-08 1.34864385129 
57.1 9999.65135616 -1.05412433428e-08 1.34864385111 
57.2 9999.65135616 -1.04054902097e-08 1.34864385092 
57.3 9999.65135616 -1.02697370766e-08 1.34864385074 
57.4 9999.65135616 -1.01339839436e-08 1.34864385056 
57.5 9999.65135616 -9.99823081049e-09 1.34864385037 
57.6 9999.65135616 -9.86247767742e-09 1.34864385019 
57.7 9999.65135616 -9.72672454436e-09 1.34864385001 
57.8 9999.65135616 -9.59097141129e-09 1.34864384982 
57.9 9999.65135616 -9.45521827822e-09 1.34864384964 
58 9999.65135616 -9.31946514515e-09 1.34864384946 
58.1 9999.65135616 -9.18371201208e-09 1.34864384927 
58.2 9999.65135616 -9.04795887901e-09 1.34864384909 
58.3 9999.65135616 -8.91220574595e-09 1.34864384891 
58.4 9999.65135616 -8.77645261288e-09 1.34864384873 
58.5 9999.65135616 -8.64069947981e-09 1.34864384854 
58.6 9999.65135616 -8.50494634674e-09 1.34864384836 
58.7 9999.65135616 -8.36919321367e-09 1.34864384818 
58.8 9999.65135616 -8.23344008061e-09 1.34864384799 
58.9 9999.65135616 -8.09768694754e-09 1.34864384781 
59 9999.65135616 -7.96193381447e-09 1.34864384763 
59.1 9999.65135616 -7.8261806814e-09 1.34864384744 
59.2 9999.65135616 -7.69042754833e-09 1.34864384726 
59.3 9999.65135616 -7.55467441526e-09 1.34864384708 
59.4 9999.65135616 -7.4189212822e-09 1.34864384689 
59.5 9999.65135616 -7.28316814913e-09 1.34864384671 
59.6 9999.65135616 -7.14741501606e-09 1.34864384653 
59.7 9999.65135616 -7.01166188299e-09 1.34864384635 
59.8 9999.65135616 -6.87590874992e-09 1.34864384616 
59.9 9999.65135616 -6.74015561685e-09 1.34864384598 
60 9999.65135616 -6.60440248379e-09 1.3486438458 
60.1 9999.65135616 -6.46864935072e-09 1.34864384561 
60.2 9999.65135616 -6.33289621765e-09 1.34864384543 
60.3 9999.65135616 -6.19714308458e-09 1.34864384525 
60.4 9999.65135616 -6.06138995151e-09 1.34864384506 
60.5 9999.65135616 -5.92563681844e-09 1.34864384488 
60.6 9999.65135616 -5.78988368538e-09 1.3486438447 
60.7 9999.65135616 -5.65413055231e-09 1.34864384451 
60.8 9999.65135616 -5.51837741924e-09 1.34864384433 
60.9 9999.65135616 -5.38262428617e-09 1.34864384415 
61 9999.65135616 -5.2468711531e-09 1.34864384397 
61.1 9999.65135616 -5.11111802004e-09 1.34864384378 
61.2 9999.65135616 -4.97536488697e-09 1.3486438436 
61.3 9999.65135616 -4.8396117539e-09 1.34864384342 
61.4 9999.65135616 -4.70385862083e-09 1.34864384323 
61.5 9999.65135616 -4.56810548776e-09 1.34864384305 
61.6 9999.65135616 -4.43235235469e-09 1.34864384287 
61.7 9999.65135616 -4.29659922163e-09 1.34864384268 
61.8 9999.65135616 -4.16084608856e-09 1.3486438425 
61.9 9999.65135616 -4.02509295549e-09 1.34864384232 
62 9999.65135616 -3.88933982242e-09 1.34864384213 
62.1 9999.65135616 -3.75358668935e-09 1.34864384195 
62.2 9999.65135616 -3.61783355628e-09 1.34864384177 
62.3 9999.65135616 -3.48208042322e-09 1.34864384159 
62.4 9999.65135616 -3.34632729015e-09 1.3486438414 
62.5 9999.65135616 -3.21057415708e-09 1.34864384122 
62.6 9999.65135616 -3.16518414283e-09 1.34864384116 
62.7 9999.65135616 -3.1610161529e-09 1.34864384115 
62.8 9999.65135616 -3.15684816296e-09 1.34864384115 
62.9 9999.65135616 -3.15268017303e-09 1.34864384114 
63 9999.65135616 -3.14851218309e-09 1.34864384114 
63.1 9999.65135616 -3.14434419316e-09 1.34864384113 
63.2 9999.65135616 -3.14017620322e-09 1.34864384112 
63.3 9999.65135616 -3.13600821329e-09 1.34864384112 
63.4 9999.65135616 -3.13184022335e-09 1.34864384111 
63.5 9999.65135616 -3.12767223342e-09 1.34864384111 
63.6 9999.65135616 -3.12350424348e-09 1.3486438411 
63.7 9999.65135616 -3.11933625355e-09 1.3486438411 
63.8 9999.65135616 -3.11516826361e-09 1.34864384109 
63.9 9999.65135616 -3.11100027368e-09 1.34864384109 
64 9999.65135616 -3.10683228374e-09 1.34864384108 
64.1 9999.65135616 -3.10266429381e-09 1.34864384107 
64.2 9999.65135616 -3.09849630387e-09 1.34864384107 
64.3 9999.65135616 -3.09432831394e-09 1.34864384106 
64.4 9999.65135616 -3.090160324e-09 1.34864384106 
64.5 9999.65135616 -3.08599233407e-09 1.34864384105 
64.6 9999.65135616 -3.08182434413e-09 1.34864384105 
64.7 9999.65135616 -3.0776563542e-09 1.34864384104 
64.8 9999.65135616 -3.07348836426e-09 1.34864384103 
64.9 9999.65135616 -3.06932037432e-09 1.34864384103 
65 9999.65135616 -3.06515238439e-09 1.34864384102 
65.1 9999.65135616 -3.06098439445e-09 1.34864384102 
65.2 9999.65135616 -3.05681640452e-09 1.34864384101 
65.3 9999.65135616 -3.05264841458e-09 1.34864384101 
65.4 9999.65135616 -3.04848042465e-09 1.348643841 
65.5 9999.65135616 -3.04431243471e-09 1.348643841 
65.6 9999.65135616 -3.04014444478e-09 1.34864384099 
65.7 9999.65135616 -3.03597645484e-09 1.34864384098 
65.8 9999.65135616 -3.03180846491e-09 1.34864384098 
65.9 9999.65135616 -3.02764047497e-09 1.34864384097 
66 9999.65135616 -3.02347248504e-09 1.34864384097 
66.1 9999.65135616 -3.0193044951e-09 1.34864384096 
66.2 9999.65135616 -3.01513650517e-09 1.34864384096 
66.3 9999.65135616 -3.01096851523e-09 1.34864384095 
66.4 9999.65135616 -3.0068005253e-09 1.34864384094 
66.5 9999.65135616 -3.00263253536e-09 1.34864384094 
66.6 9999.65135616 -2.99846454543e-09 1.34864384093 
66.7 9999.65135616 -2.99429655549e-09 1.34864384093 
66.8 9999.65135616 -2.99012856556e-09 1.34864384092 
66.9 9999.65135616 -2.98596057562e-09 1.34864384092 
67 9999.65135616 -2.98179258569e-09 1.34864384091 
67.1 9999.65135616 -2.97762459575e-09 1.34864384091 
67.2 9999.65135616 -2.97345660582e-09 1.3486438409 
67.3 9999.65135616 -2.96928861588e-09 1.34864384089 
67.4 9999.65135616 -2.96512062594e-09 1.34864384089 
67.5 9999.65135616 -2.96095263601e-09 1.34864384088 
67.6 9999.65135616 -2.95678464607e-09 1.34864384088 
67.7 9999.65135616 -2.95261665614e-09 1.34864384087 
67.8 9999.65135616 -2.9484486662e-09 1.34864384087 
67.9 9999.65135616 -2.94428067627e-09 1.34864384086 
68 9999.65135616 -2.94011268633e-09 1.34864384085 
68.1 9999.65135616 -2.9359446964e-09 1.34864384085 
68.2 9999.65135616 -2.93177670646e-09 1.34864384084 
68.3 9999.65135616 -2.92760871653e-09 1.34864384084 
68.4 9999.65135616 -2.92344072659e-09 1.34864384083 
68.5 9999.65135616 -2.91927273666e-09 1.34864384083 
68.6 9999.65135616 -2.91510474672e-09 1.34864384082 
68.7 9999.65135616 -2.91093675679e-09 1.34864384082 
68.8 9999.65135616 -2.90676876685e-09 1.34864384081 
68.9 9999.65135616 -2.90260077692e-09 1.3486438408 
69 9999.65135616 -2.89843278698e-09 1.3486438408 
69.1 9999.65135616 -2.89426479705e-09 1.34864384079 
69.2 9999.65135616 -2.89009680711e-09 1.34864384079 
69.3 9999.65135616 -2.88592881718e-09 1.34864384078 
69.4 9999.65135616 -2.88176082724e-09 1.34864384078 
69.5 9999.65135616 -2.87759283731e-09 1.34864384077 
69.6 9999.65135616 -2.87342484737e-09 1.34864384076 
69.7 9999.65135616 -2.86925685743e-09 1.34864384076 
69.8 9999.65135616 -2.8650888675e-09 1.34864384075 
69.9 9999.65135616 -2.86092087756e-09 1.34864384075 
70 9999.65135616 -2.85675288763e-09 1.34864384074 
