Time S I R
0.0  10000 1 0
0.1 9999.85344638 1.0992148769 0.0473387431231 
0.2 9999.69235732 1.20826925237 0.0993734230106 
0.3 9999.51528699 1.3281416962 0.156571312453 
0.4 9999.32065502 1.45990178859 0.219443193547 
0.5 9999.1067201 1.60472799494 0.288551909131 
0.6 9998.87156667 1.76391665367 0.36451667455 
0.7 9998.61309265 1.93889028035 0.448017065385 
0.8 9998.32898732 2.13121250239 0.539800179822 
0.9 9998.01671071 2.34260197387 0.640687320374 
1 9997.67347145 2.57494735411 0.751581191205 
1.1 9997.29620671 2.83032087284 0.873472421081 
1.2 9996.88154326 3.11100455976 1.00745217801 
1.3 9996.4257773 3.41950392902 1.15471877043 
1.4 9995.92484146 3.7585701903 1.31658834804 
1.5 9995.37426534 4.13122689794 1.49450776678 
1.6 9994.76913796 4.54079523759 1.69006680122 
1.7 9994.10406401 4.99092355931 1.90501242865 
1.8 9993.37311543 5.48561995335 2.14126462118 
1.9 9992.56978081 6.02928632174 2.40093287259 
2 9991.68690576 6.62675852143 2.68633571763 
2.1 9990.71664431 7.28333909134 3.00001660349 
2.2 9989.65036862 8.00485781853 3.34477356082 
2.3 9988.47860321 8.79771603336 3.72368075952 
2.4 9987.19094576 9.66893964815 4.14011459075 
2.5 9985.77597761 10.626239209 4.59778318206 
2.6 9984.22116286 11.6780775102 5.10075963428 
2.7 9982.51274108 12.8337411873 5.65351773254 
2.8 9980.63561661 14.1034149341 6.26096845692 
2.9 9978.57321932 15.4982741368 6.92850653946 
3 9976.30737175 17.0305735853 7.66205466927 
3.1 9973.81813827 18.713747704 8.46811402456 
3.2 9971.08365114 20.5625258156 9.35382304676 
3.3 9968.07994444 22.5930425685 10.3270129876 
3.4 9964.78074022 24.822978569 11.3962812068 
3.5 9961.15725161 27.2716908252 12.571057562 
3.6 9957.17794245 29.9603701079 13.8616874442 
3.7 9952.80827625 32.9122053856 15.279518366 
3.8 9948.01045749 36.1525532409 16.8369892686 
3.9 9942.74312048 39.7091383149 18.5477412056 
4 9936.96103728 43.612244331 20.4267183856 
4.1 9930.61476199 47.8949402057 22.4902978072 
4.2 9923.65027873 52.5933066997 24.7564145678 
4.3 9916.00861676 57.7466799867 27.2447032526 
4.4 9907.62542816 63.3979145817 29.9766572563 
4.5 9898.43056686 69.593651615 32.9757815227 
4.6 9888.34762227 76.3845996818 36.2677780507 
4.7 9877.29342944 83.8258313525 39.8807392031 
4.8 9865.17755211 91.97709874 43.8453491472 
4.9 9851.90179732 100.903108357 48.1950943276 
5 9837.35965304 110.673847041 52.9664999233 
5.1 9821.43570966 121.364908956 58.1993813815 
5.2 9804.00518478 133.057726913 63.9370883032 
5.3 9784.93331349 145.839899171 70.2267873363 
5.4 9764.07480399 159.8054481 77.1197479053 
5.5 9741.27344266 175.054938851 84.6716184902 
5.6 9716.36151255 191.695737995 92.9427494579 
5.7 9689.15942857 209.842075862 101.998495569 
5.8 9659.47556832 229.614931323 111.909500358 
5.9 9627.10586297 251.142093215 122.752043815 
6 9591.83386672 274.557816661 134.60831662 
6.1 9553.43098782 300.002329615 147.566682567 
6.2 9511.65655107 327.621447583 161.722001348 
6.3 9466.25864921 357.56555441 177.175796377 
6.4 9416.97502477 389.988527583 194.036447648 
6.5 9363.53406727 425.04654083 212.419391902 
6.6 9305.65673296 462.896164373 232.447102664 
6.7 9243.05871139 503.692236879 254.249051734 
6.8 9175.45283941 547.585530119 277.961630472 
6.9 9102.55215514 594.719915423 303.72792944 
7 9024.07372388 645.228960482 331.697315638 
7.1 8939.74302949 699.232124763 362.024845745 
7.2 8849.29877638 756.830636993 394.870586627 
7.3 8752.49823864 818.10308197 430.398679385 
7.4 8649.12344516 883.100353714 468.776201125 
7.5 8538.98728399 951.840890914 510.171825094 
7.6 8421.94058053 1024.30520402 554.754215451 
7.7 8297.87858517 1100.43119 602.690224827 
7.8 8166.74830554 1180.10889127 654.14280319 
7.9 8028.55454423 1263.17662381 709.268831959 
8 7883.36641709 1349.41697553 768.216607374 
8.1 7731.32221761 1438.55443314 831.123349258 
8.2 7572.63372664 1530.25380899 898.112464373 
8.3 7407.5888373 1624.12025476 969.290907939 
8.4 7236.55250597 1719.70100509 1044.74648895 
8.5 7059.96607724 1816.48863914 1124.54528363 
8.6 6878.34414446 1913.92642963 1208.72942591 
8.7 6692.26947382 2011.41568484 1297.31484134 
8.8 6502.38655093 2108.32373078 1390.28971829 
8.9 6309.3914114 2203.99550038 1487.61308823 
9 6114.02252982 2297.76337558 1589.2140946 
9.1 5917.0471184 2388.96110638 1694.99177522 
9.2 5719.24965091 2476.93508544 1804.81526365 
9.3 5521.41758524 2561.05761181 1918.52480295 
9.4 5324.32818772 2640.73872701 2035.93308527 
9.5 5128.73626433 2715.43655367 2156.827182 
9.6 4935.36138249 2784.66749913 2280.97111838 
9.7 4744.8783602 2848.01329801 2408.10834179 
9.8 4557.90795947 2905.12679844 2537.96524209 
9.9 4375.00971051 2955.73627773 2670.25401175 
10 4196.67783354 2999.64572006 2804.67644639 
10.1 4023.33664125 3036.73624235 2940.9271164 
10.2 3855.34146797 3066.96156172 3078.69697031 
10.3 3692.97815582 3090.34532199 3217.67652219 
10.4 3536.46379673 3106.97747328 3357.55872999 
10.5 3385.95319735 3117.00492429 3498.04187836 
10.6 3241.53978137 3120.62792674 3638.83229189 
10.7 3103.26319698 3118.0906102 3779.64619281 
10.8 2971.11382906 3109.67440186 3920.21176908 
10.9 2845.03817489 3095.69114267 4060.27068243 
11 2724.94551952 3076.47548573 4199.57899474 
11.1 2610.71325426 3052.37819438 4337.90855136 
11.2 2502.19211223 3023.7608258 4475.04706197 
11.3 2399.21182624 2990.98939582 4610.79877794 
11.4 2301.58548039 2954.42999293 4744.98452668 
11.5 2209.11345446 2914.44506934 4877.44147621 
11.6 2121.58828769 2871.38861164 5008.02310067 
11.7 2038.79661965 2825.60482614 5136.59855421 
11.8 1960.5231501 2777.42459194 5263.05225796 
11.9 1886.55252431 2727.16421211 5387.28326358 
12 1816.67148398 2675.12400024 5509.20451578 
12.1 1750.67094716 2621.58694206 5628.74211078 
12.2 1688.34571653 2566.81968376 5745.83459971 
12.3 1629.49702402 2511.07083691 5860.43213907 
12.4 1573.93433998 2454.57001751 5972.4956425 
12.5 1521.47291108 2397.53101019 6081.99607873 
12.6 1471.93621507 2340.15010856 6188.91367637 
12.7 1425.15683123 2282.60602266 6293.23714611 
12.8 1380.97420588 2225.06298161 6394.96281252 
12.9 1339.23628627 2167.66960258 6494.09411114 
13 1299.79966338 2110.55937551 6590.6409611 
13.1 1262.52794057 2053.85322702 6684.61883241 
13.2 1227.29267531 1997.65891277 6776.04841192 
13.3 1193.97314853 1942.07178439 6864.95506708 
13.4 1162.45516358 1887.1766985 6951.36813792 
13.5 1132.63157045 1833.04786611 7035.32056344 
13.6 1104.40188696 1779.74968237 7116.84843067 
13.7 1077.67141536 1727.33806155 7195.99052309 
13.8 1052.35146504 1675.86058442 7272.78795054 
13.9 1028.35894495 1625.3572519 7347.28380316 
14 1005.61574862 1575.86141019 7419.52284119 
14.1 984.048776199 1527.40006392 7489.55115988 
14.2 963.589564291 1479.99449543 7557.41594028 
14.3 944.173856677 1433.66090181 7623.16524151 
14.4 925.741509266 1388.41077929 7686.84771144 
14.5 908.236183497 1344.25139843 7748.51241807 
14.6 891.605042442 1301.18624836 7808.2087092 
14.7 875.798598412 1259.21542769 7865.9859739 
14.8 860.770472389 1218.33599094 7921.89353667 
14.9 846.477172203 1178.54226679 7975.98056101 
15 832.877924312 1139.82623418 8028.2958415 
15.1 819.934485842 1102.17773457 8078.88777959 
15.2 807.610976028 1065.58469049 8127.80433348 
15.3 795.873721793 1030.03337433 8175.09290388 
15.4 784.691103106 995.508803804 8220.80009309 
15.5 774.033435728 961.994691677 8264.97187259 
15.6 763.872849392 929.473649721 8307.65350089 
15.7 754.183137562 897.927458055 8348.88940438 
15.8 744.939629784 867.337266166 8388.72310405 
15.9 736.119153779 837.683525948 8427.19732027 
16 727.699923953 808.946163496 8464.35391255 
16.1 719.661389829 781.10485151 8500.23375866 
16.2 711.984198257 754.138988655 8534.87681309 
16.3 704.650140816 728.02772416 8568.32213502 
16.4 697.642063949 702.750081903 8600.60785415 
16.5 690.943742301 678.285168996 8631.7710887 
16.6 684.539891853 654.612064154 8661.84804399 
16.7 678.416104808 631.709890859 8690.87400433 
16.8 672.558767537 609.557926127 8718.88330634 
16.9 666.954988458 588.135689571 8745.90932197 
17 661.592609428 567.422858975 8771.9845316 
17.1 656.460146721 547.399335985 8797.14051729 
17.2 651.546712335 528.045352217 8821.40793545 
17.3 646.84199988 509.341445716 8844.8165544 
17.4 642.33626712 491.268445988 8867.39528689 
17.5 638.020292348 473.807513403 8889.17219425 
17.6 633.885311196 456.940216946 8910.17447186 
17.7 629.923026312 440.648472216 8930.42850147 
17.8 626.125577827 424.914556743 8949.95986543 
17.9 622.485505831 409.721141158 8968.79335301 
18 618.995713951 395.051319259 8986.95296679 
18.1 615.64947642 380.888558122 9004.46196546 
18.2 612.440410299 367.216714349 9021.34287535 
18.3 609.362439735 354.020064893 9037.61749537 
18.4 606.409786802 341.283291211 9053.30692199 
18.5 603.576964282 328.991460939 9068.43157478 
18.6 600.858754579 317.130035133 9083.01121029 
18.7 598.250178206 305.684893589 9097.06492821 
18.8 595.746501986 294.642293576 9110.61120444 
18.9 593.343224979 283.988867215 9123.66790781 
19 591.036066578 273.711615997 9136.25231742 
19.1 588.820930228 263.797946999 9148.38112277 
19.2 586.693909637 254.235638551 9160.07045181 
19.3 584.651288697 245.012817272 9171.33589403 
19.4 582.689526981 236.117960139 9182.19251288 
19.5 580.80524255 227.539899338 9192.65485811 
19.6 578.995198898 219.267821737 9202.73697937 
19.7 577.256314352 211.291236586 9212.45244906 
19.8 575.585649054 203.599976048 9221.8143749 
19.9 573.980395913 196.184190521 9230.83541357 
20 572.437862428 189.034357638 9239.52777993 
