Time S I R
0.0  10000 1 0
0.1 9999.82813851 1.07645811332 0.0954033796008 
0.2 9999.64314123 1.15875827087 0.198100500402 
0.3 9999.44400264 1.24734738303 0.308649981374 
0.4 9999.22964511 1.34270435175 0.427650533619 
0.5 9998.99890678 1.44534547517 0.555747740513 
0.6 9998.75053609 1.55582683823 0.693637076438 
0.7 9998.48318703 1.67474641018 0.842066560007 
0.8 9998.19541185 1.8027472955 1.00184085768 
0.9 9997.88565192 1.94052173856 1.17382633959 
1 9997.55222961 2.08881473856 1.35895565634 
1.1 9997.19334132 2.2484270918 1.55823158982 
1.2 9996.80704687 2.42022010118 1.77273302922 
1.3 9996.39125483 2.60512202536 2.00362314194 
1.4 9995.9437168 2.80413059916 2.25215260458 
1.5 9995.46201502 3.01831847039 2.51966650874 
1.6 9994.94354714 3.24883991633 2.80761293898 
1.7 9994.38551471 3.49693588921 3.11754940167 
1.8 9993.78490581 3.76394161484 3.45115257211 
1.9 9993.13848193 4.05129237851 3.81022568878 
2 9992.44275825 4.36053211419 4.19670963124 
2.1 9991.69398722 4.69332060256 4.61269217524 
2.2 9990.8881356 5.05144345614 5.0604209405 
2.3 9990.02087242 5.43681743884 5.54231013762 
2.4 9989.08754276 5.85150183966 6.06095540494 
2.5 9988.08313173 6.29771400087 6.61915427295 
2.6 9987.00225085 6.77783536982 7.21991377952 
2.7 9985.83910679 7.29442497869 7.8664682311 
2.8 9984.58747432 7.850230958 8.56229472418 
2.9 9983.2406616 8.44820567505 9.31113272605 
3 9981.79147709 9.09151991943 10.1170029882 
3.1 9980.23219264 9.78357839313 10.9842289676 
3.2 9978.55450708 10.5280355313 11.9174573903 
3.3 9976.7495058 11.3288127105 12.9216814857 
3.4 9974.80760842 12.1901199964 14.0022715872 
3.5 9972.71852855 13.116473423 15.1649980312 
3.6 9970.47122569 14.1127153237 16.4160589858 
3.7 9968.05384432 15.1840390736 17.7621166064 
3.8 9965.45366182 16.3360111189 19.210327063 
3.9 9962.65703182 17.5745946882 20.7683734899 
4 9959.6493124 18.9061782373 22.4445093577 
4.1 9956.41480124 20.3376021749 24.2475965865 
4.2 9952.93666952 21.8761862453 26.1871442344 
4.3 9949.19687942 23.529761272 28.2733593077 
4.4 9945.17610345 25.3067009361 30.5171956119 
4.5 9940.85364636 27.2159536019 32.9304000356 
4.6 9936.20735236 29.2670762204 35.5255714196 
4.7 9931.21351354 31.4702697376 38.3162167222 
4.8 9925.84677506 33.836415847 41.3168090945 
4.9 9920.08003085 36.3771118236 44.5428573277 
5 9913.88431952 39.104709812 48.0109706653 
5.1 9907.22871582 42.0323561188 51.7389280572 
5.2 9900.08022005 45.1740231212 55.7457568263 
5.3 9892.40363935 48.5445525807 60.0518080738 
5.4 9884.16146854 52.1596937639 64.6788376991 
5.5 9875.31378027 56.0361269554 69.6500927768 
5.6 9865.81809119 60.1915100016 74.9903988077 
5.7 9855.62924146 64.6445079263 80.7262506094 
5.8 9844.69929556 69.414800919 86.8859035245 
5.9 9832.97739497 74.5231314961 93.4994735381 
6 9820.40965345 79.9913134137 100.599033136 
6.1 9806.93908231 85.8422151273 108.218702562 
6.2 9792.50543591 92.0998015512 116.39476254 
6.3 9777.04515125 98.7891035153 125.165745239 
6.4 9760.49131226 105.936167635 134.572520102 
6.5 9742.7735053 113.568079681 144.658415016 
6.6 9723.8178461 121.712868382 155.469285519 
6.7 9703.54699524 130.399414544 167.053590215 
6.8 9681.8800601 139.65743139 179.462508506 
6.9 9658.73276341 149.517272843 192.749963745 
7 9634.01752342 160.009793559 206.972683024 
7.1 9607.64346119 171.166250158 222.190288652 
7.2 9579.51676793 183.01798706 238.465245012 
7.3 9549.54087597 195.596231026 255.862893005 
7.4 9517.61664518 208.931873005 274.451481816 
7.5 9483.6429829 223.055013431 294.302003672 
7.6 9447.51714648 237.99466637 315.488187151 
7.7 9409.13519309 253.778383623 338.086423283 
7.8 9368.39288078 270.431665871 362.175453353 
7.9 9325.18616688 287.977538892 387.836294227 
8 9279.41199234 306.436003328 415.152004333 
8.1 9230.96944275 325.823356988 444.207200263 
8.2 9179.76053526 346.151594359 475.087870386 
8.3 9125.69135027 367.427719407 507.88093032 
8.4 9068.67336595 389.653068525 542.673565528 
8.5 9008.62464016 412.822489945 579.552869896 
8.6 8945.47118275 436.92364885 618.605168401 
8.7 8879.14832209 461.936467774 659.915210134 
8.8 8809.60235062 487.832091898 703.56555748 
8.9 8736.79185505 514.572429041 749.635715909 
9 8660.68897312 542.109806762 798.201220122 
9.1 8581.28142767 570.38585233 849.332720003 
9.2 8498.57335985 599.331587831 903.095052315 
9.3 8412.58641444 628.867334867 959.546250695 
9.4 8323.36180177 658.901838113 1018.73636012 
9.5 8230.96018497 689.333143767 1080.70667127 
9.6 8135.46254289 720.048796105 1145.48866101 
9.7 8036.97165636 750.925634101 1213.10270954 
9.8 7935.61084416 781.831424503 1283.55773134 
9.9 7831.52441007 812.625508946 1356.85008099 
10 7724.87795466 843.159581619 1432.96246373 
10.1 7615.85615221 873.279722694 1511.8641251 
10.2 7504.66239264 902.827767698 1593.50983966 
10.3 7391.51762442 931.643033866 1677.83934171 
10.4 7276.65776722 959.564156352 1764.77807643 
10.5 7160.33203834 986.43144896 1854.2365127 
10.6 7042.80061292 1012.08907239 1946.11031469 
10.7 6924.33238363 1036.38613407 2040.28148231 
10.8 6805.20164856 1059.18003033 2136.61832111 
10.9 6685.68544295 1080.33822793 2234.97632912 
11 6566.06205334 1099.73847003 2335.19947664 
11.1 6446.60633713 1117.272549 2437.12111387 
11.2 6327.58755919 1132.84714499 2540.56529582 
11.3 6209.26857735 1146.38336599 2645.34805666 
11.4 6091.90179781 1157.81906844 2751.27913375 
11.5 5975.72770366 1167.10914196 2858.16315438 
11.6 5860.97262603 1174.22590297 2965.801471 
11.7 5747.84752066 1179.15879221 3073.99368714 
11.8 5636.54723376 1181.91367764 3182.53908861 
11.9 5527.24881045 1182.51267021 3291.23851934 
12 5420.11143377 1180.9933049 3399.89526133 
12.1 5315.27586556 1177.40722732 3508.31690712 
12.2 5212.86446387 1171.81920659 3616.31632954 
12.3 5112.98147194 1164.30565691 3723.71287115 
12.4 5015.71343022 1154.95306335 3830.33350642 
12.5 4921.12958989 1143.85699515 3936.01341496 
12.6 4829.28307996 1131.11989259 4040.59702745 
12.7 4740.21136878 1116.85022118 4143.93841004 
12.8 4653.93762055 1101.16057087 4245.90180858 
12.9 4570.47159264 1084.16641751 4346.36198985 
13 4489.81058684 1065.98499946 4445.20441371 
13.1 4411.94119091 1046.73350098 4542.32530811 
13.2 4336.83998956 1026.5283225 4637.63168794 
13.3 4264.47432593 1005.48441975 4731.04125432 
13.4 4194.8036863 983.714345771 4822.48196793 
13.5 4127.7808185 961.327197945 4911.89198355 
13.6 4063.35306216 938.427383291 4999.21955455 
13.7 4001.46236207 915.115458354 5084.42217958 
13.8 3942.04660953 891.487027812 5167.46636265 
13.9 3885.0409066 867.631848029 5248.32724537 
14 3830.3774271 843.634637692 5326.98793521 
14.1 3777.98643765 819.574511414 5403.43905093 
14.2 3727.79717324 795.524605272 5477.67822149 
14.3 3679.7379161 771.552554104 5549.7095298 
14.4 3633.73661464 747.720378822 5619.54300654 
14.5 3589.72138272 724.084489385 5687.1941279 
14.6 3547.62065908 700.695981054 5752.68335987 
14.7 3507.36359012 677.600766823 5816.03564305 
14.8 3468.88045044 654.839753735 5877.27979582 
14.9 3432.10265603 632.449096239 5936.44824773 
15 3396.96300858 610.460436163 5993.57655525 
15.1 3363.39586865 588.901195505 6048.70293584 
15.2 3331.33724578 567.794771692 6101.86798253 
15.3 3300.72490003 547.160820195 6153.11427977 
15.4 3271.49841987 527.015575543 6202.48600459 
15.5 3243.59926912 507.372022568 6250.02870831 
15.6 3216.97081904 488.240170993 6295.78900997 
15.7 3191.55834363 469.62736764 6339.81428873 
15.8 3167.30905087 451.538442829 6382.1525063 
15.9 3144.17206849 433.975956176 6422.85197534 
16 3122.09840583 416.940475965 6461.9611182 
16.1 3101.04095702 400.430706404 6499.52833658 
16.2 3080.95446312 384.443695494 6535.60184139 
16.3 3061.79544243 368.975064324 6570.22949324 
16.4 3043.52218776 354.019116517 6603.45869572 
16.5 3026.09471815 339.568999524 6635.33628232 
16.6 3009.47471177 325.616879919 6665.90840831 
16.7 2993.62545537 312.154081721 6695.22046291 
16.8 2978.51180112 299.17120424 6723.31699464 
16.9 2964.10010772 286.658246757 6750.24164552 
17 2950.35821796 274.60462954 6776.0371525 
17.1 2937.2553712 262.999382787 6800.74524602 
17.2 2924.76215002 251.831233168 6824.40661681 
17.3 2912.85045081 241.088630764 6847.06091843 
17.4 2901.4934347 230.759816411 6868.74674889 
17.5 2890.66545285 220.832944087 6889.50160306 
17.6 2880.34200577 211.296120742 6909.36187348 
17.7 2870.49971815 202.137402675 6928.36287917 
17.8 2861.11627236 193.344892965 6946.53883467 
17.9 2852.17036577 184.906777604 6963.92285663 
18 2843.64166967 176.811348521 6980.54698181 
18.1 2835.51078669 169.047029916 6996.4421834 
18.2 2827.75920617 161.602415215 7011.63837862 
18.3 2820.36926442 154.46628545 7026.16445013 
18.4 2813.3241221 147.627631085 7040.04824682 
18.5 2806.60771624 141.075667424 7053.31661633 
18.6 2800.20472711 134.79984962 7065.99542327 
18.7 2794.10054416 128.789880919 7078.10957492 
18.8 2788.28123156 123.035718063 7089.68305038 
18.9 2782.73350029 117.527583577 7100.73891613 
19 2777.44467642 112.255968088 7111.29935549 
19.1 2772.40267936 107.211636521 7121.38568412 
19.2 2767.59599024 102.385628007 7131.01838175 
19.3 2763.01362617 97.7692566026 7140.21711723 
19.4 2758.64511579 93.3541104655 7149.00077374 
19.5 2754.48047512 89.1320496309 7157.38747525 
19.6 2750.51018642 85.0952054154 7165.39460817 
19.7 2746.72517627 81.2359767906 7173.03884694 
19.8 2743.11679458 77.5470259086 7180.33617952 
19.9 2739.67679432 74.02127257 7187.30193311 
20 2736.39731331 70.65189108 7193.95079561 
