Time S I R
0.0  10000 1 0
0.1 9999.83931784 1.05856806372 0.102114099874 
0.2 9999.66923051 1.12056249002 0.210207004809 
0.3 9999.48918318 1.18618518952 0.324631632507 
0.4 9999.29859581 1.25564722354 0.445756968493 
0.5 9999.09685255 1.32917264922 0.573974797893 
0.6 9998.88330135 1.40699867104 0.709699983566 
0.7 9998.6572514 1.48937654111 0.853372060769 
0.8 9998.41797199 1.5765719964 1.00545601678 
0.9 9998.16469075 1.66886587138 1.16644338007 
1 9997.89658983 1.76655548877 1.33685468041 
1.1 9997.61280357 1.86995549455 1.5172409364 
1.2 9997.31241559 1.97939890046 1.70818551241 
1.3 9996.99445721 2.09523765604 1.91030513559 
1.4 9996.6579046 2.21784367328 2.12425172493 
1.5 9996.30167203 2.34761124975 2.35071671919 
1.6 9995.92461016 2.48495768094 2.59043215732 
1.7 9995.52550463 2.63032375833 2.844171613 
1.8 9995.10307076 2.78417567085 3.11275356785 
1.9 9994.6559489 2.94700667146 3.39704442771 
2 9994.18270071 3.11933839476 3.69796089608 
2.1 9993.68180514 3.3017222999 4.01647256489 
2.2 9993.151652 3.49474194442 4.35360605565 
2.3 9992.59053925 3.69901397288 4.71044677465 
2.4 9991.99666556 3.9151907298 5.08814371021 
2.5 9991.36812636 4.1439616734 5.4879119697 
2.6 9990.7029059 4.38605616312 5.91103793552 
2.7 9989.99887202 4.64224532604 6.35888265751 
2.8 9989.25377278 4.91334325156 6.83288396393 
2.9 9988.46522931 5.20020953731 7.33456115086 
3 9987.63072353 5.50375350506 7.86552296267 
3.1 9986.74758884 5.82493746342 8.42747369484 
3.2 9985.81300895 6.16477719991 9.02221385349 
3.3 9984.82400601 6.52434609016 9.65164790421 
3.4 9983.77743243 6.9047778833 10.3177896873 
3.5 9982.66996235 7.30726959043 11.0227680626 
3.6 9981.49807977 7.73308574273 11.7688344886 
3.7 9980.25806904 8.18356163189 12.5583693234 
3.8 9978.94600389 8.6601069833 13.3938891269 
3.9 9977.5577357 9.16420974877 14.2780545493 
4 9976.08888258 9.69744017827 15.2136772404 
4.1 9974.53481696 10.2614549235 16.2037281197 
4.2 9972.89065139 10.8580017314 17.2513468826 
4.3 9971.15122028 11.4889252344 18.3598544898 
4.4 9969.31107182 12.1561701059 19.5327580744 
4.5 9967.36445144 12.8617864588 20.7737621036 
4.6 9965.30528525 13.6079351772 22.0867795714 
4.7 9963.12715951 14.3968939763 23.4759465123 
4.8 9960.82330835 15.2310621596 24.9456294937 
4.9 9958.38659505 16.1129665299 26.5004384232 
5 9955.80949276 17.0452674157 28.1452398203 
5.1 9953.08406055 18.0307651235 29.8851743224 
5.2 9950.20192766 19.0724059655 31.7256663772 
5.3 9947.15427209 20.1732888177 33.6724390911 
5.4 9943.93179823 21.3366718204 35.7315299504 
5.5 9940.52471093 22.5659785847 37.9093104819 
5.6 9936.92269408 23.8648055954 40.21250032 
5.7 9933.11488637 25.236929398 42.6481842359 
5.8 9929.08985598 26.6863130899 45.22383093 
5.9 9924.83557556 28.2171122806 47.9473121635 
6 9920.33939434 29.8336841169 50.8269215387 
6.1 9915.58801124 31.5405940045 53.8713947519 
6.2 9910.56744836 33.3426198092 57.0899318263 
6.3 9905.26302177 35.2447601311 60.4922181011 
6.4 9899.65931162 37.2522423546 64.0884460273 
6.5 9893.74013428 39.3705274648 67.8893382528 
6.6 9887.4885185 41.6053110984 71.9061703989 
6.7 9880.88666863 43.9625352424 76.1507961314 
6.8 9873.91593574 46.4483924754 80.6356717822 
6.9 9866.556797 49.069323804 85.3738791956 
7 9858.78882602 51.8320225957 90.379151381 
7.1 9850.59065635 54.7434431408 95.6659005098 
7.2 9841.93995846 57.8107989162 101.249242622 
7.3 9832.81343338 61.0415497871 107.145016835 
7.4 9823.18676809 64.4434136451 113.369818263 
7.5 9813.03461275 68.024363321 119.941023932 
7.6 9802.33057759 71.7926111329 126.876811281 
7.7 9791.04722714 75.7565946606 134.196178202 
7.8 9779.15603556 79.924985241 141.918979199 
7.9 9766.62738599 84.306669732 150.065944276 
8 9753.43060882 88.9107105342 158.65868065 
8.1 9739.53394561 93.7463462925 167.719708095 
8.2 9724.90454518 98.8229741847 177.272480631 
8.3 9709.50850045 104.150110021 187.341389526 
8.4 9693.31091087 109.737334768 197.951754358 
8.5 9676.27583835 115.594295199 209.129866454 
8.6 9658.36635848 121.730654849 220.902986673 
8.7 9639.54467775 128.156013971 233.299308282 
8.8 9619.77215273 134.879874688 246.347972585 
8.9 9599.00932379 141.911598415 260.079077792 
9 9577.21602735 149.260326994 274.52364566 
9.1 9554.35157687 156.934875059 289.713548067 
9.2 9530.37476224 164.943696151 305.68154161 
9.3 9505.24398938 173.294789549 322.461221073 
9.4 9478.91749889 181.995581115 340.086919999 
9.5 9451.35351683 191.052824336 358.593658832 
9.6 9422.51035975 200.472514038 378.017126212 
9.7 9392.34666094 210.259761202 398.393577858 
9.8 9360.82167421 220.418656926 419.759668866 
9.9 9327.89541296 230.9521562 442.152430835 
10 9293.52890564 241.861939894 465.609154461 
10.1 9257.68449809 253.148286777 490.167215133 
10.2 9220.3261605 264.809938408 515.863901088 
10.3 9181.41974566 276.843924564 542.736329772 
10.4 9140.9333268 289.245422312 570.821250886 
10.5 9098.8375025 302.007694425 600.154803073 
10.6 9055.10577058 315.121873044 630.772356377 
10.7 9009.71489854 328.576798106 662.708303352 
10.8 8962.64523387 342.358948195 695.995817938 
10.9 8913.88096214 356.45243399 730.666603874 
11 8863.41065764 370.838690819 766.750651542 
11.1 8811.22761252 385.496421933 804.275965545 
11.2 8757.32990561 400.401747251 843.268347135 
11.3 8701.72089106 415.528026164 883.751082774 
11.4 8644.40965598 430.845716479 925.74462754 
11.5 8585.41117074 446.322470888 969.266358373 
11.6 8524.74611922 461.923444035 1014.33043675 
11.7 8462.44167011 477.610994436 1060.94733546 
11.8 8398.53158525 493.344831053 1109.1235837 
11.9 8333.05591458 509.082374661 1158.86171076 
12 8266.06112003 524.778904635 1210.15997533 
12.1 8197.60049257 540.387565144 1263.01194229 
12.2 8127.73392846 555.859701684 1317.40636986 
12.3 8056.52727599 571.145331844 1373.32739216 
12.4 7984.0527276 586.193279078 1430.75399332 
12.5 7910.38855543 600.951547721 1489.65989685 
12.6 7835.61857975 615.367703907 1550.01371634 
12.7 7759.83166663 629.389275683 1611.77905769 
12.8 7683.12163121 642.964231601 1674.91413719 
12.9 7605.5866278 656.041420436 1739.37195176 
13 7527.32859834 668.570706818 1805.10069484 
13.1 7448.45267786 680.503692061 1872.04363008 
13.2 7369.06653513 691.79423947 1940.1392254 
13.3 7289.27983917 702.398685744 2009.32147508 
13.4 7209.20385939 712.275854792 2079.52028582 
13.5 7128.95027803 721.38812072 2150.66160125 
13.6 7048.63057412 729.70161913 2222.66780675 
13.7 6968.35601612 737.18593261 2295.45805127 
13.8 6888.2366043 743.814704318 2368.94869138 
13.9 6808.38008149 749.566151835 2443.05376667 
14 6728.89160898 754.42300196 2517.68538906 
14.1 6649.87401501 758.372050479 2592.75393451 
14.2 6571.42618216 761.404937464 2668.16888037 
14.3 6493.6427184 763.518032061 2743.83924954 
14.4 6416.61416464 764.712109964 2819.6737254 
14.5 6340.4265454 764.992285723 2895.58116887 
14.6 6265.16049378 764.368091405 2971.47141482 
14.7 6190.89124596 762.853195917 3047.25555813 
14.8 6117.68897773 760.465185449 3122.84583682 
14.9 6045.61812558 757.225281243 3198.15659318 
15 5974.7373531 753.158019818 3273.10462708 
15.1 5905.09964829 748.29110477 3347.60924694 
15.2 5836.75240774 742.655183939 3421.59240832 
15.3 5769.7373816 736.283167586 3494.97945082 
15.4 5704.09084534 729.209971267 3567.69918339 
15.5 5639.84356515 721.472666812 3639.68376804 
15.6 5577.02114511 713.10970802 3710.86914687 
15.7 5515.64429079 704.160492135 3781.19521708 
15.8 5455.72889306 694.665262985 3850.60584395 
15.9 5397.28600447 684.665161967 3919.04883356 
16 5340.3225751 674.201310448 3986.47611445 
16.1 5284.84162739 663.314676559 4052.84369605 
16.2 5230.84211381 652.04620369 4118.1116825 
16.3 5178.31943482 640.436360867 4182.24420432 
16.4 5127.26591549 628.524759566 4245.20932494 
16.5 5077.67092444 616.350088914 4306.97898664 
16.6 5029.5207672 603.950182115 4367.52905068 
16.7 4982.79944442 591.361573351 4426.83898223 
16.8 4937.48882943 578.619433865 4484.89173671 
16.9 4893.56866798 565.757547721 4541.6737843 
17 4851.0168452 552.808223927 4597.17493088 
17.1 4809.80981999 539.802180327 4651.38799968 
17.2 4769.92274157 526.76852281 4704.30873562 
17.3 4731.32945436 513.734680268 4755.93586537 
17.4 4694.00288352 500.726435956 4806.27068053 
17.5 4657.9151928 487.767935266 4855.31687193 
17.6 4623.03786743 474.881614718 4903.08051786 
17.7 4589.3418409 462.088200831 4949.56995827 
17.8 4556.79774263 449.406903072 4994.79535429 
17.9 4525.37598533 436.855421736 5038.76859294 
18 4495.04686657 424.449971766 5081.50316166 
18.1 4465.78056244 412.205029945 5123.01440762 
18.2 4437.54730957 400.13369591 5163.31899452 
18.3 4410.31745325 388.247698319 5202.43484843 
18.4 4384.06160505 376.557455707 5240.38093925 
18.5 4358.75072631 365.072157834 5277.17711586 
18.6 4334.35608802 353.79983831 5312.84407367 
18.7 4310.84936171 342.747444815 5347.40319347 
18.8 4288.20264134 331.920712717 5380.87664594 
18.9 4266.38848887 321.324419199 5413.28709193 
19 4245.37995224 310.962432367 5444.6576154 
19.1 4225.15063452 300.83773447 5475.01163101 
19.2 4205.67473593 290.952475446 5504.37278862 
19.3 4186.92699607 281.308075263 5532.76492867 
19.4 4168.88273456 271.905269482 5560.21199596 
19.5 4151.51791594 262.744113425 5586.73797064 
19.6 4134.80910513 253.824085562 5612.36680931 
19.7 4118.73346917 245.144140816 5637.12239001 
19.8 4103.26879878 236.702740103 5661.02846112 
19.9 4088.39351921 228.497884431 5684.10859636 
20 4074.08665254 220.527187733 5706.38615973 
20.1 4060.3278225 212.787908489 5727.88426901 
20.2 4047.09729161 205.276979087 5748.6257293 
20.3 4034.37591731 197.991050648 5768.63303204 
20.4 4022.14513869 190.926528106 5787.9283332 
20.5 4010.38698665 184.079599489 5806.53341386 
20.6 3999.08408489 177.446264342 5824.46965077 
20.7 3988.21959915 171.02236458 5841.75803627 
20.8 3977.77723467 164.803608196 5858.41915713 
20.9 3967.74121994 158.785592291 5874.47318777 
21 3958.09636711 152.96383193 5889.93980096 
21.1 3948.82800493 147.333773741 5904.83822133 
21.2 3939.92193998 141.890810309 5919.18724971 
21.3 3931.36445948 136.630296747 5933.00524377 
21.4 3923.14232502 131.54756978 5946.3101052 
21.5 3915.24280706 126.637988361 5959.11920458 
21.6 3907.65360587 121.896908227 5971.44948591 
21.7 3900.36285171 117.319699835 5983.31744846 
21.8 3893.35909322 112.901758053 5994.73914873 
21.9 3886.63130225 108.638529064 6005.73016869 
22 3880.16886822 104.525525248 6016.30560654 
22.1 3873.96155264 100.558298186 6026.48014917 
22.2 3867.99948941 96.7324568424 6036.26805375 
22.3 3862.273172 93.043671853 6045.68315614 
22.4 3856.7734594 89.4877108253 6054.73882977 
22.5 3851.49154887 86.0604151486 6063.44803598 
22.6 3846.41896104 82.7576968665 6071.8233421 
22.7 3841.54753193 79.5755461859 6079.87692189 
22.8 3836.8694042 76.5100390155 6087.62055678 
22.9 3832.37702579 73.5573621019 6095.06561211 
23 3828.06312578 70.7137785444 6102.22309567 
23.1 3823.92070801 67.9756373288 6109.10365466 
23.2 3819.9430416 65.3393737213 6115.71758468 
23.3 3816.12365405 62.8015233269 6122.07482262 
23.4 3812.45632214 60.3587219064 6128.18495595 
23.5 3808.93505961 58.0076868026 6134.05725359 
23.6 3805.55411002 55.7452236051 6139.70066638 
23.7 3802.30793835 53.5682251174 6145.12383653 
23.8 3799.1912242 51.4736847928 6150.335091 
23.9 3796.19885293 49.4586833056 6155.34246377 
24 3793.32590808 47.5203861884 6160.15370573 
24.1 3790.56766435 45.656044635 6164.77629102 
24.2 3787.91957909 43.862995975 6169.21742494 
24.3 3785.37728633 42.1386603572 6173.48405331 
24.4 3782.93659056 40.4805379463 6177.58287149 
24.5 3780.59346003 38.8862071338 6181.52033284 
24.6 3778.34402065 37.3533284522 6185.3026509 
24.7 3776.18455014 35.8796406966 6188.93580916 
24.8 3774.11147243 34.4629553329 6192.42557223 
24.9 3772.1213523 33.1011564552 6195.77749125 
25 3770.21088887 31.7922003589 6198.99691077 
25.1 3768.37691043 30.5341137401 6202.08897583 
25.2 3766.61637091 29.3249899017 6205.05863919 
25.3 3764.92634465 28.1629874748 6207.91066787 
25.4 3763.30402107 27.046329551 6210.64964938 
25.5 3761.74669964 25.9733027004 6213.27999766 
25.6 3760.25178715 24.942252799 6215.80596005 
25.7 3758.81679307 23.9515839563 6218.23162297 
25.8 3757.43932539 22.9997573116 6220.56091729 
25.9 3756.11708635 22.0852905027 6222.79762315 
26 3754.84786973 21.2067538476 6224.94537643 
26.1 3753.62955716 20.3627693048 6227.00767353 
26.2 3752.46011443 19.552008964 6228.9878766 
26.3 3751.33758683 18.7731939532 6230.88921921 
26.4 3750.26009795 18.0250920623 6232.71480998 
26.5 3749.22584621 17.3065163473 6234.46763744 
26.6 3748.23310169 16.6163237584 6236.15057455 
26.7 3747.28020214 15.9534144404 6237.76638342 
26.8 3746.36555218 15.3167291013 6239.31771872 
26.9 3745.48762039 14.7052478304 6240.80713178 
27 3744.64493689 14.1179887467 6242.23707436 
27.1 3743.83609115 13.5540065966 6243.60990225 
27.2 3743.05972674 13.0123927017 6244.92788056 
27.3 3742.31454053 12.4922731415 6246.19318633 
27.4 3741.59928294 11.9928066045 6247.40791046 
27.5 3740.91275466 11.5131837637 6248.57406158 
27.6 3740.25380488 11.0526261238 6249.69356899 
27.7 3739.62132874 10.6103849411 6250.76828632 
27.8 3739.01426258 10.1857402802 6251.79999714 
27.9 3738.43158688 9.77799977223 6252.79041335 
28 3737.87232337 9.38649767063 6253.74117896 
28.1 3737.33553332 9.01059389426 6254.65387279 
28.2 3736.82031606 8.64967309344 6255.53001085 
28.3 3736.32580515 8.3031436046 6256.37105124 
28.4 3735.85116853 7.97043666784 6257.17839481 
28.5 3735.39560842 7.65100566078 6257.95338591 
28.6 3734.9583593 7.3443252455 6258.69731546 
28.7 3734.53868666 7.04989060145 6259.41142274 
28.8 3734.13588531 6.76721655211 6260.09689814 
28.9 3733.74927644 6.49583650086 6260.75488706 
29 3733.37820963 6.23530232125 6261.38648805 
29.1 3733.02206081 5.98518350293 6261.99275568 
29.2 3732.68023124 5.74506649922 6262.57470226 
29.3 3732.35214657 5.51455410825 6263.13329932 
29.4 3732.037254 5.29326421485 6263.66948178 
29.5 3731.7350229 5.08082971795 6264.18414738 
29.6 3731.44494458 4.87689817929 6264.67815724 
29.7 3731.16653094 4.68113110134 6265.15233796 
29.8 3730.89931371 4.49320342812 6265.60748286 
29.9 3730.64284327 4.31280284893 6266.04435388 
30 3730.39668684 4.13962893639 6266.46368422 
30.1 3730.16042983 3.97339343976 6266.86617673 
30.2 3729.93367444 3.81381957749 6267.25250598 
30.3 3729.71603906 3.66064160811 6267.62331933 
30.4 3729.50715761 3.51360441429 6267.97923798 
30.5 3729.30667771 3.37246252289 6268.32085977 
30.6 3729.11426128 3.23698025483 6268.64875847 
30.7 3728.92958416 3.10693145676 6268.96348438 
30.8 3728.75233538 2.98209901759 6269.2655656 
30.9 3728.58221663 2.86227454905 6269.55550882 
31 3728.41894139 2.74725783678 6269.83380077 
31.1 3728.26223391 2.63685624497 6270.10090985 
31.2 3728.11183005 2.53088508551 6270.35728486 
31.3 3727.96747642 2.42916707182 6270.60335651 
31.4 3727.8289299 2.33153204412 6270.83953805 
31.5 3727.6959573 2.23781668804 6271.06622602 
31.6 3727.56833409 2.14786383202 6271.28380207 
31.7 3727.44584498 2.06152265686 6271.49263237 
31.8 3727.32828349 1.97864847533 6271.69306804 
31.9 3727.21545155 1.89910242319 6271.88544603 
32 3727.10715919 1.822751255 6272.07008955 
32.1 3727.00322388 1.74946693571 6272.24730918 
32.2 3726.90347002 1.67912629447 6272.41740369 
32.3 3726.80772939 1.61161129014 6272.58065932 
32.4 3726.71584062 1.54680863432 6272.73735074 
32.5 3726.62764892 1.48460961881 6272.88774146 
32.6 3726.54300578 1.42490992312 6273.0320843 
32.7 3726.46176819 1.36760912094 6273.17062269 
32.8 3726.38379907 1.31261089226 6273.30359004 
32.9 3726.30896694 1.25982284518 6273.43121021 
33 3726.23714569 1.2091563207 6273.55369799 
33.1 3726.16821435 1.16052626214 6273.67125938 
33.2 3726.10205667 1.11385092218 6273.7840924 
33.3 3726.03856085 1.06905168711 6273.89238747 
33.4 3725.97761979 1.02605322828 6273.99632698 
33.5 3725.91913075 0.984783259209 6274.09608599 
33.6 3725.86299519 0.945172427248 6274.19183239 
33.7 3725.80911853 0.907154180863 6274.28372729 
33.8 3725.75740973 0.870664439414 6274.37192583 
33.9 3725.70778151 0.835641768936 6274.45657672 
34 3725.66015018 0.802027243364 6274.53782258 
34.1 3725.61443543 0.769764324089 6274.61580024 
34.2 3725.57056027 0.738798776735 6274.69064095 
34.3 3725.52845066 0.709078461086 6274.76247087 
34.4 3725.48803544 0.680553256447 6274.8314113 
34.5 3725.44924643 0.653175137675 6274.89757843 
34.6 3725.41201823 0.626898022972 6274.96108374 
34.7 3725.3762881 0.601677705174 6275.0220342 
34.8 3725.34199583 0.577471760125 6275.08053241 
34.9 3725.30908346 0.554239336666 6275.13667721 
35 3725.27749542 0.531941283936 6275.19056329 
35.1 3725.24717846 0.510540048775 6275.2422815 
35.2 3725.21808144 0.489999602715 6275.29191896 
35.3 3725.19015536 0.470285388791 6275.33955925 
35.4 3725.16335308 0.451364172603 6275.38528275 
35.5 3725.13762929 0.433204021452 6275.42916669 
35.6 3725.11294061 0.415774336336 6275.47128505 
35.7 3725.08924541 0.399045758242 6275.51170884 
35.8 3725.06650373 0.382990124389 6275.55050614 
35.9 3725.04467727 0.367580404763 6275.58774233 
36 3725.02372911 0.352790572018 6275.62348032 
36.1 3725.0036239 0.338595688572 6275.65778041 
36.2 3724.98432772 0.324971833536 6275.69070045 
36.3 3724.96580804 0.311896058587 6275.7222959 
36.4 3724.94803366 0.29934635358 6275.75261998 
36.5 3724.93097457 0.28730154405 6275.78172388 
36.6 3724.91460194 0.275741294331 6275.80965676 
36.7 3724.89888815 0.264646116227 6275.83646573 
36.8 3724.8838067 0.253997312178 6275.86219599 
36.9 3724.86933216 0.243776947452 6275.88689089 
37 3724.85544015 0.233967805908 6275.91059204 
37.1 3724.84210716 0.224553310888 6275.93333952 
37.2 3724.82931071 0.215517583118 6275.95517171 
37.3 3724.81702919 0.206845389976 6275.97612542 
37.4 3724.8052419 0.198522118741 6275.99623598 
37.5 3724.79392899 0.190533754105 6276.01553726 
37.6 3724.78307134 0.182866809278 6276.03406185 
37.7 3724.77265061 0.175508337527 6276.05184105 
37.8 3724.76264923 0.168445930134 6276.06890484 
37.9 3724.75305031 0.161667682243 6276.08528201 
38 3724.74383769 0.155162175184 6276.10100014 
38.1 3724.73499583 0.148918445584 6276.11608573 
38.2 3724.72650978 0.142925938617 6276.13056429 
38.3 3724.71836521 0.137174544997 6276.14446024 
38.4 3724.71054839 0.131654566663 6276.15779704 
38.5 3724.70304615 0.126356700527 6276.17059715 
38.6 3724.69584583 0.12127202341 6276.18288215 
38.7 3724.68893527 0.116391942229 6276.19467279 
38.8 3724.68230279 0.111708213526 6276.205989 
38.9 3724.67593719 0.10721293805 6276.21684987 
39 3724.66982776 0.102898539102 6276.22727371 
39.1 3724.66396419 0.098757751792 6276.23727806 
39.2 3724.65833662 0.0947836123101 6276.24687977 
39.3 3724.65293554 0.0909694009507 6276.25609506 
39.4 3724.6477518 0.0873086648357 6276.26493953 
39.5 3724.64277666 0.0837952283568 6276.27342811 
39.6 3724.63800173 0.0804231669449 6276.2815751 
39.7 3724.63341896 0.0771867983936 6276.28939424 
39.8 3724.62902063 0.0740806747239 6276.2968987 
39.9 3724.62479931 0.0710995483818 6276.30410114 
40 3724.62074786 0.0682383759454 6276.31101377 
40.1 3724.61685944 0.0654923302363 6276.31764823 
40.2 3724.61312749 0.0628567807072 6276.32401573 
40.3 3724.60954572 0.0603272867798 6276.33012699 
40.4 3724.60610811 0.0578995917125 6276.3359923 
40.5 3724.60280885 0.0555695967751 6276.34162155 
40.6 3724.59964236 0.0533333567982 6276.34702429 
40.7 3724.59660328 0.0511870990762 6276.35220962 
40.8 3724.5936865 0.0491272045855 6276.3571863 
40.9 3724.5908871 0.0471502027431 6276.3619627 
41 3724.58820036 0.0452527665767 6276.36654687 
41.1 3724.58562177 0.0434316950497 6276.37094654 
41.2 3724.58314693 0.0416839028819 6276.37516916 
41.3 3724.58077169 0.040006440766 6276.37922187 
41.4 3724.57849203 0.0383964792495 6276.38311149 
41.5 3724.57630411 0.03685130444 6276.38684458 
41.6 3724.57420424 0.0353683141382 6276.39042744 
41.7 3724.57218889 0.033945007385 6276.3938661 
41.8 3724.57025464 0.0325789736432 6276.39716639 
41.9 3724.56839822 0.0312679076126 6276.40033388 
42 3724.5666165 0.0300095980838 6276.4033739 
42.1 3724.56490648 0.0288019244682 6276.40629159 
42.2 3724.56326529 0.0276428538472 6276.40909186 
42.3 3724.56169015 0.0265304331445 6276.41177942 
42.4 3724.5601784 0.0254627767832 6276.41435882 
42.5 3724.55872748 0.0244380826053 6276.41683444 
42.6 3724.55733495 0.0234546221995 6276.41921043 
42.7 3724.55599845 0.0225107378074 6276.42149081 
42.8 3724.55471575 0.0216048399703 6276.42367941 
42.9 3724.55348467 0.0207354025837 6276.42577993 
43 3724.55230313 0.0199009524061 6276.42779591 
43.1 3724.55116914 0.0191000805269 6276.42973078 
43.2 3724.55008078 0.0183314358722 6276.43158778 
43.3 3724.54903622 0.0175937225353 6276.43337006 
43.4 3724.5480337 0.0168856979312 6276.4350806 
43.5 3724.54707153 0.0162061695613 6276.4367223 
43.6 3724.54614807 0.0155539862741 6276.43829794 
43.7 3724.54526178 0.0149280466742 6276.43981017 
43.8 3724.54441115 0.0143272948673 6276.44126155 
43.9 3724.54359475 0.013750718142 6276.44265453 
44 3724.54281121 0.0131973455405 6276.44399144 
44.1 3724.5420592 0.0126662416592 6276.44527455 
44.2 3724.54133747 0.0121565173121 6276.44650602 
44.3 3724.54064477 0.0116673028219 6276.44768793 
44.4 3724.53997995 0.0111977739222 6276.44882228 
44.5 3724.53934188 0.0107471393989 6276.44991098 
44.6 3724.53872949 0.010314640233 6276.45095587 
44.7 3724.53814174 0.00989954814263 6276.45195871 
44.8 3724.53757765 0.00950115850906 6276.45292119 
44.9 3724.53703625 0.00911879761678 6276.45384495 
45 3724.53651664 0.00875182077921 6276.45473154 
45.1 3724.53601793 0.00839961009002 6276.45558246 
45.2 3724.5355393 0.00806157347894 6276.45639913 
45.3 3724.53507993 0.00773714376761 6276.45718293 
45.4 3724.53463905 0.00742577721086 6276.45793517 
45.5 3724.53421593 0.00712694509538 6276.45865713 
45.6 3724.53380983 0.00684014170547 6276.45935002 
45.7 3724.53342009 0.00656488304302 6276.46001503 
45.8 3724.53304603 0.00630070393796 6276.46065327 
45.9 3724.53268702 0.00604715700007 6276.46126582 
46 3724.53234247 0.00580381157078 6276.46185372 
46.1 3724.53201176 0.00557025321869 6276.46241798 
46.2 3724.53169437 0.00534609424497 6276.46295954 
46.3 3724.53138976 0.00513096010498 6276.46347928 
46.4 3724.53109741 0.0049244873629 6276.46397811 
46.5 3724.53081682 0.00472632617062 6276.46445685 
46.6 3724.53054753 0.00453613938268 6276.46491633 
46.7 3724.53028907 0.00435360167124 6276.46535732 
46.8 3724.530041 0.00417839910196 6276.4657806 
46.9 3724.5298029 0.00401024374252 6276.46618685 
47 3724.52957439 0.00384885780996 6276.46657675 
47.1 3724.52935508 0.00369396911307 6276.46695095 
47.2 3724.5291446 0.0035453157343 6276.46731008 
47.3 3724.52894259 0.00340264536982 6276.46765476 
47.4 3724.52874871 0.00326571466961 6276.46798558 
47.5 3724.52856262 0.00313428874133 6276.46830309 
47.6 3724.52838401 0.00300815043899 6276.46860783 
47.7 3724.5282126 0.0028870914181 6276.4689003 
47.8 3724.5280481 0.00277090733613 6276.469181 
47.9 3724.52789021 0.00265940143399 6276.46945039 
48 3724.52773868 0.00255238402745 6276.46970893 
48.1 3724.52759325 0.00244967199868 6276.46995708 
48.2 3724.52745366 0.00235108834513 6276.47019525 
48.3 3724.52731969 0.00225646995079 6276.47042384 
48.4 3724.52719111 0.00216566148315 6276.47064322 
48.5 3724.52706771 0.00207850961398 6276.47085378 
48.6 3724.52694928 0.00199486674598 6276.47105585 
48.7 3724.52683562 0.00191459063882 6276.47124979 
48.8 3724.52672653 0.00183754403528 6276.47143593 
48.9 3724.52662182 0.00176359429613 6276.47161459 
49 3724.52652132 0.00169261969692 6276.47178606 
49.1 3724.52642488 0.00162450508514 6276.47195062 
49.2 3724.52633232 0.00155913546681 6276.47210854 
49.3 3724.52624349 0.00149639998903 6276.47226011 
49.4 3724.52615824 0.00143619163539 6276.47240557 
49.5 3724.52607642 0.00137840692136 6276.47254517 
49.6 3724.52599789 0.00132294558978 6276.47267916 
49.7 3724.52592252 0.00126971030619 6276.47280777 
49.8 3724.52585016 0.00121860856282 6276.47293123 
49.9 3724.52578072 0.0011695629909 6276.47304972 
50 3724.52571407 0.00112249271685 6276.47316344 
50.1 3724.5256501 0.00107731834104 6276.47327258 
50.2 3724.52558872 0.00103396336727 6276.47337732 
50.3 3724.5255298 0.000992353996479 6276.47347784 
50.4 3724.52547326 0.000952418920378 6276.47357432 
50.5 3724.52541899 0.000914089115178 6276.47366693 
50.6 3724.52536689 0.000877297635251 6276.47375581 
50.7 3724.52531689 0.000841984420154 6276.47384113 
50.8 3724.5252689 0.000808093979028 6276.473923 
50.9 3724.52522285 0.000775569276866 6276.47400158 
51 3724.52517866 0.000744355366773 6276.47407699 
51.1 3724.52513624 0.000714399240171 6276.47414936 
51.2 3724.52509553 0.000685649676986 6276.47421882 
51.3 3724.52505646 0.000658057095847 6276.47428548 
51.4 3724.52501897 0.000631573404281 6276.47434946 
51.5 3724.52498297 0.000606152654834 6276.47441088 
51.6 3724.52494843 0.000581755709187 6276.47446982 
51.7 3724.52491528 0.000558342275469 6276.47452638 
51.8 3724.52488346 0.000535872725699 6276.47458067 
51.9 3724.52485293 0.000514308822804 6276.47463276 
52 3724.52482362 0.000493613613485 6276.47468276 
52.1 3724.5247955 0.000473751321076 6276.47473075 
52.2 3724.52476851 0.000454687238399 6276.4747768 
52.3 3724.5247426 0.00043638762063 6276.47482102 
52.4 3724.52471773 0.000418822482289 6276.47486345 
52.5 3724.52469386 0.000401964859984 6276.47490418 
52.6 3724.52467095 0.000385786355672 6276.47494326 
52.7 3724.52464897 0.000370259628558 6276.47498078 
52.8 3724.52462787 0.00035535832896 6276.47501678 
52.9 3724.52460762 0.000341057027034 6276.47505133 
53 3724.52458818 0.000327331141498 6276.47508449 
53.1 3724.52456953 0.000314156868357 6276.47511631 
53.2 3724.5245516 0.000301496286779 6276.4751469 
53.3 3724.52453443 0.000289367242562 6276.4751762 
53.4 3724.52451794 0.000277724181222 6276.47520433 
53.5 3724.52450212 0.000266548591058 6276.47523133 
53.6 3724.52448693 0.000255822347355 6276.47525725 
53.7 3724.52447235 0.000245527712375 6276.47528212 
53.8 3724.52445836 0.000235647335367 6276.47530599 
53.9 3724.52444494 0.000226164252563 6276.4753289 
54 3724.52443205 0.000217061887175 6276.47535089 
54.1 3724.52441968 0.000208325594618 6276.47537199 
54.2 3724.52440781 0.000199942310862 6276.47539225 
54.3 3724.52439642 0.000191897683961 6276.47541168 
54.4 3724.52438549 0.000184177821775 6276.47543033 
54.5 3724.524375 0.000176769304164 6276.47544823 
54.6 3724.52436493 0.000169659182987 6276.47546541 
54.7 3724.52435527 0.000162834982104 6276.4754819 
54.8 3724.52434599 0.000156284697374 6276.47549772 
54.9 3724.52433709 0.000149996796656 6276.47551291 
55 3724.52432854 0.00014396021981 6276.4755275 
55.1 3724.52432034 0.000138164378693 6276.4755415 
55.2 3724.52431246 0.000132599556363 6276.47555494 
55.3 3724.52430489 0.000127256724674 6276.47556785 
55.4 3724.52429763 0.000122126959116 6276.47558024 
55.5 3724.52429066 0.000117201826422 6276.47559214 
55.6 3724.52428396 0.00011247338522 6276.47560357 
55.7 3724.52427753 0.000107934186029 6276.47561453 
55.8 3724.52427136 0.000103577271265 6276.47562506 
55.9 3724.52426544 9.93961752359e-05 6276.47563516 
56 3724.52425976 9.53849241429e-05 6276.47564485 
56.1 3724.52425432 9.15380360817e-05 6276.47565414 
56.2 3724.5242491 8.78505209821e-05 6276.47566305 
56.3 3724.52424409 8.43139887625e-05 6276.4756716 
56.4 3724.52423928 8.09192215087e-05 6276.4756798 
56.5 3724.52423467 7.76605064599e-05 6276.47568767 
56.6 3724.52423024 7.45324463036e-05 6276.47569523 
56.7 3724.52422599 7.15299591754e-05 6276.47570248 
56.8 3724.52422191 6.86482786592e-05 6276.47570944 
56.9 3724.52421799 6.58829537868e-05 6276.47571612 
57 3724.52421424 6.32298490384e-05 6276.47572253 
57.1 3724.52421063 6.06851443423e-05 6276.47572868 
57.2 3724.52420718 5.82453350749e-05 6276.47573458 
57.3 3724.52420387 5.59072262813e-05 6276.47574023 
57.4 3724.52420069 5.36650255125e-05 6276.47574564 
57.5 3724.52419765 5.1512762171e-05 6276.47575084 
57.6 3724.52419472 4.94466734187e-05 6276.47575583 
57.7 3724.52419191 4.74631903048e-05 6276.47576063 
57.8 3724.52418921 4.55589377661e-05 6276.47576523 
57.9 3724.52418663 4.37307346267e-05 6276.47576964 
58 3724.52418414 4.19755935983e-05 6276.47577388 
58.1 3724.52418176 4.02907212798e-05 6276.47577795 
58.2 3724.52417947 3.86735181576e-05 6276.47578186 
58.3 3724.52417727 3.71215786054e-05 6276.47578561 
58.4 3724.52417504 3.55501192591e-05 6276.47578941 
58.5 3724.52417306 3.41473728494e-05 6276.4757928 
58.6 3724.52417114 3.27941875654e-05 6276.47579606 
58.7 3724.52416929 3.1489619012e-05 6276.47579922 
58.8 3724.52416751 3.0232722794e-05 6276.47580225 
58.9 3724.5241658 2.90225545161e-05 6276.47580518 
59 3724.52416415 2.78581697832e-05 6276.47580799 
59.1 3724.52416257 2.67386242001e-05 6276.47581069 
59.2 3724.52416104 2.56629733715e-05 6276.47581329 
59.3 3724.52415958 2.46302729022e-05 6276.47581579 
59.4 3724.52415818 2.36395783971e-05 6276.47581818 
59.5 3724.52415683 2.26899248338e-05 6276.47582048 
59.6 3724.52415554 2.1778952783e-05 6276.47582268 
59.7 3724.52415431 2.09046269385e-05 6276.47582479 
59.8 3724.52415312 2.00656803395e-05 6276.47582682 
59.9 3724.52415198 1.92608460251e-05 6276.47582876 
60 3724.52415089 1.84888570345e-05 6276.47583063 
60.1 3724.52414984 1.77484464069e-05 6276.47583241 
60.2 3724.52414883 1.70383471814e-05 6276.47583413 
60.3 3724.52414787 1.63572923973e-05 6276.47583578 
60.4 3724.52414694 1.57040150936e-05 6276.47583735 
60.5 3724.52414606 1.50772483095e-05 6276.47583887 
60.6 3724.5241452 1.44757250843e-05 6276.47584032 
60.7 3724.52414439 1.3898178457e-05 6276.47584172 
60.8 3724.5241436 1.33433414668e-05 6276.47584306 
60.9 3724.52414285 1.28104983306e-05 6276.47584434 
61 3724.52414212 1.2299884285e-05 6276.47584558 
61.1 3724.52414143 1.18105759968e-05 6276.47584676 
61.2 3724.52414077 1.13415904177e-05 6276.47584789 
61.3 3724.52414013 1.08919444997e-05 6276.47584898 
61.4 3724.52413952 1.04606551946e-05 6276.47585002 
61.5 3724.52413893 1.00467394543e-05 6276.47585102 
61.6 3724.52413837 9.64921423067e-06 6276.47585198 
61.7 3724.52413783 9.26709647556e-06 6276.4758529 
61.8 3724.52413731 8.89940314084e-06 6276.47585379 
61.9 3724.52413681 8.54515117839e-06 6276.47585465 
62 3724.52413632 8.20335754006e-06 6276.47585547 
62.1 3724.52413585 7.87303917774e-06 6276.47585627 
62.2 3724.5241354 7.55342772735e-06 6276.47585704 
62.3 3724.52413497 7.24613956329e-06 6276.47585779 
62.4 3724.52413455 6.9513419744e-06 6276.4758585 
62.5 3724.52413415 6.66854422169e-06 6276.47585918 
62.6 3724.52413377 6.39725556616e-06 6276.47585984 
62.7 3724.5241334 6.13698526879e-06 6276.47586047 
62.8 3724.52413304 5.8872425906e-06 6276.47586107 
62.9 3724.5241327 5.64753679257e-06 6276.47586165 
63 3724.52413238 5.4173771357e-06 6276.47586221 
63.1 3724.52413206 5.19627288099e-06 6276.47586274 
63.2 3724.52413176 4.98373328943e-06 6276.47586325 
63.3 3724.52413147 4.77926762203e-06 6276.47586375 
63.4 3724.5241312 4.58238513978e-06 6276.47586422 
63.5 3724.52413093 4.39259510367e-06 6276.47586468 
63.6 3724.52413054 4.11929291601e-06 6276.47586534 
63.7 3724.52413032 3.96468527923e-06 6276.47586571 
63.8 3724.52413011 3.81424114612e-06 6276.47586608 
63.9 3724.5241299 3.66796051669e-06 6276.47586643 
64 3724.5241297 3.52584339092e-06 6276.47586677 
64.1 3724.5241295 3.38788976881e-06 6276.47586711 
64.2 3724.52412931 3.25409965038e-06 6276.47586743 
64.3 3724.52412913 3.12447303562e-06 6276.47586774 
64.4 3724.52412895 2.99900992452e-06 6276.47586805 
64.5 3724.52412878 2.87771031709e-06 6276.47586834 
64.6 3724.52412862 2.76057421333e-06 6276.47586862 
64.7 3724.52412846 2.64760161324e-06 6276.4758689 
64.8 3724.5241283 2.53879251682e-06 6276.47586916 
64.9 3724.52412815 2.43404362691e-06 6276.47586941 
65 3724.52412801 2.33289452476e-06 6276.47586966 
65.1 3724.52412787 2.23529004378e-06 6276.47586989 
65.2 3724.52412774 2.14123018397e-06 6276.47587012 
65.3 3724.52412761 2.05071494534e-06 6276.47587034 
65.4 3724.52412749 1.96374432787e-06 6276.47587055 
65.5 3724.52412737 1.88031833159e-06 6276.47587075 
65.6 3724.52412726 1.80043695647e-06 6276.47587094 
65.7 3724.52412715 1.72410020253e-06 6276.47587113 
65.8 3724.52412705 1.65130806976e-06 6276.4758713 
65.9 3724.52412695 1.58206055816e-06 6276.47587147 
66 3724.52412685 1.51635766774e-06 6276.47587163 
66.1 3724.52412677 1.45419939849e-06 6276.47587178 
66.2 3724.52412668 1.39558575041e-06 6276.47587192 
66.3 3724.5241266 1.34023449441e-06 6276.47587206 
66.4 3724.52412653 1.28689398408e-06 6276.47587218 
66.5 3724.52412646 1.23541517873e-06 6276.47587231 
66.6 3724.52412639 1.18579807835e-06 6276.47587243 
66.7 3724.52412632 1.13804268296e-06 6276.47587254 
66.8 3724.52412625 1.09214899255e-06 6276.47587265 
66.9 3724.52412619 1.04811700713e-06 6276.47587276 
67 3724.52412613 1.00594672668e-06 6276.47587286 
67.1 3724.52412607 9.65638151212e-07 6276.47587296 
67.2 3724.52412602 9.27191280726e-07 6276.47587305 
67.3 3724.52412597 8.90606115222e-07 6276.47587314 
67.4 3724.52412592 8.55882654699e-07 6276.47587323 
67.5 3724.52412587 8.23020899156e-07 6276.4758733 
67.6 3724.52412583 7.92020848595e-07 6276.47587338 
67.7 3724.52412579 7.62715729246e-07 6276.47587345 
67.8 3724.52412575 7.3436962972e-07 6276.47587352 
67.9 3724.52412571 7.06895465337e-07 6276.47587359 
68 3724.52412567 6.80293236098e-07 6276.47587365 
68.1 3724.52412563 6.54562942003e-07 6276.47587371 
68.2 3724.5241256 6.29704583052e-07 6276.47587377 
68.3 3724.52412556 6.05718159245e-07 6276.47587383 
68.4 3724.52412553 5.82603670581e-07 6276.47587389 
68.5 3724.5241255 5.60361117061e-07 6276.47587394 
68.6 3724.52412547 5.38990498685e-07 6276.47587399 
68.7 3724.52412544 5.18491815453e-07 6276.47587404 
68.8 3724.52412541 4.98865067365e-07 6276.47587409 
68.9 3724.52412539 4.80110254421e-07 6276.47587413 
69 3724.52412536 4.62227376621e-07 6276.47587418 
69.1 3724.52412534 4.45151807688e-07 6276.47587422 
69.2 3724.52412531 4.28599803146e-07 6276.47587426 
69.3 3724.52412529 4.12537995032e-07 6276.4758743 
69.4 3724.52412527 3.96966383348e-07 6276.47587433 
69.5 3724.52412525 3.81884968093e-07 6276.47587437 
69.6 3724.52412523 3.67293749268e-07 6276.47587441 
69.7 3724.52412521 3.53192726872e-07 6276.47587444 
69.8 3724.52412519 3.39581900905e-07 6276.47587447 
69.9 3724.52412517 3.26461271367e-07 6276.4758745 
70 3724.52412515 3.13830838258e-07 6276.47587453 
