Time S I R
0.0  10000 1 0
0.1 9999.8524875 1.07629359339 0.0712189044892 
0.2 9999.69372574 1.15840414357 0.147870118287 
0.3 9999.52285274 1.24677718516 0.230370075625 
0.4 9999.33894805 1.34188845196 0.319163495261 
0.5 9999.14101894 1.44425100385 0.414730054377 
0.6 9998.92799634 1.55441730718 0.517586349544 
0.7 9998.69872892 1.67298229889 0.62828877992 
0.8 9998.45198022 1.80058484853 0.747434932444 
0.9 9998.18641873 1.93791287573 0.875668394355 
1 9997.90061154 2.08570662019 1.01368183998 
1.1 9997.59301622 2.2447628109 1.16222096636 
1.2 9997.26197669 2.41593680056 1.32208650809 
1.3 9996.90570812 2.60015031304 1.49414156345 
1.4 9996.52228835 2.79839587629 1.67931577858 
1.5 9996.10965223 3.01173968446 1.8786080858 
1.6 9995.66557806 3.24132861181 2.09309333013 
1.7 9995.18767476 3.48839674657 2.32392849549 
1.8 9994.67337144 3.75427076251 2.57235779565 
1.9 9994.11990096 4.04037833661 2.83972070815 
2 9993.5242883 4.34825408183 3.12745761735 
2.1 9992.8833322 4.67954896555 3.43711883779 
2.2 9992.19358997 5.03603803239 3.77037199863 
2.3 9991.45135685 5.41963095994 4.12901219401 
2.4 9990.65265483 5.83237777895 4.51496739509 
2.5 9989.7932071 6.27648187156 4.93031103178 
2.6 9988.86840658 6.7543159124 5.37727750422 
2.7 9987.8733028 7.26842864114 5.8582685638 
2.8 9986.80257291 7.82155949282 6.37586759274 
2.9 9985.65049696 8.41665108554 6.9328519551 
3 9984.41092542 9.05686573384 7.53220884995 
3.1 9983.07724881 9.74560076073 8.17715042598 
3.2 9981.64236332 10.4865056265 8.87113105017 
3.3 9980.09863753 11.2834988763 9.61786359693 
3.4 9978.43787396 12.1407873853 10.4213386594 
3.5 9976.65126022 13.0628905221 11.2858492563 
3.6 9974.72933362 14.05465811 12.2160082734 
3.7 9972.66193414 15.1212937829 13.2167720763 
3.8 9970.43814711 16.268382934 14.2934699577 
3.9 9968.04625712 17.5019159009 15.4518269834 
4 9965.4736927 18.8283152573 16.6979920397 
4.1 9962.70695719 20.2544689175 18.0385738945 
4.2 9959.73157172 21.7877584676 19.4806698134 
4.3 9956.53201012 23.4360909936 21.0318988878 
4.4 9953.09161757 25.2079371342 22.7004453006 
4.5 9949.39253948 27.1123657768 24.4950947452 
4.6 9945.41564492 29.1590810194 26.425274062 
4.7 9941.14043369 31.3584642733 28.5011020344 
4.8 9936.54495038 33.7216153094 30.7334343113 
4.9 9931.60569382 36.2603951205 33.1339110642 
5 9926.29751151 38.9874715486 35.7150169377 
5.1 9920.59349834 41.9163662289 38.4901354296 
5.2 9914.46489132 45.0615032006 41.4736054842 
5.3 9907.88095367 48.4382554929 44.6807908331 
5.4 9900.80885802 52.0629968606 48.128145124 
5.5 9893.21356546 55.9531557677 51.833278769 
5.6 9885.05770404 60.1272585421 55.8150374137 
5.7 9876.30143869 64.6049828701 60.0935784355 
5.8 9866.90233517 69.407215772 64.6904490533 
5.9 9856.81524087 74.5560864185 69.628672711 
6 9845.99214791 80.0750154982 74.9328365901 
6.1 9834.38204396 85.9887743897 80.6291816455 
6.2 9821.93080926 92.3234969128 86.745693823 
6.3 9808.58108527 99.1067143396 93.3122003936 
6.4 9794.27211703 106.367410956 100.360472016 
6.5 9778.93968741 114.135999383 107.924313208 
6.6 9762.51601283 122.444324871 116.039662295 
6.7 9744.9295863 131.325709276 124.744704422 
6.8 9726.10517862 140.814869164 134.079952213 
6.9 9705.96379535 150.947865137 144.088339515 
7 9684.42253578 161.762121739 154.815342476 
7.1 9661.3947012 173.296262071 166.309036733 
7.2 9636.78986234 185.589969071 178.620168592 
7.3 9610.51375907 198.68396246 191.802278475 
7.4 9582.46856504 212.619719566 205.911715398 
7.5 9552.55313048 227.439208492 221.007661028 
7.6 9520.66296053 243.184794139 237.15224533 
7.7 9486.69069246 259.898814687 254.410492856 
7.8 9450.52658588 277.623147443 272.850266682 
7.9 9412.05863854 296.399002719 292.54235874 
8 9371.1733281 316.266334589 313.560337308 
8.1 9327.75641424 337.263214875 335.980370884 
8.2 9281.69327562 359.425459016 359.881265364 
8.3 9232.86994766 382.785872398 385.344179946 
8.4 9181.17426352 407.373446591 412.452289893 
8.5 9126.49652164 433.212749156 441.290729206 
8.6 9068.73080639 460.323047516 471.946146092 
8.7 9007.77641413 488.717411542 504.506174326 
8.8 8943.53897583 518.401799348 539.05922482 
8.9 8875.93197545 549.374159246 575.693865308 
9 8804.87827994 581.623620782 614.49809928 
9.1 8730.31182471 615.12923812 655.558937171 
9.2 8652.17915133 649.859237967 698.961610703 
9.3 8570.44070938 685.770581112 744.788709503 
9.4 8485.07313215 722.807406393 793.119461453 
9.5 8396.07052352 760.900646757 844.028829721 
9.6 8303.44508657 799.96828862 897.586624815 
9.7 8207.22984409 839.913708743 953.856447162 
9.8 8107.47946129 880.625802653 1012.89473606 
9.9 8004.26985106 921.980133634 1074.75001531 
10 7897.70019681 963.838149098 1139.46165409 
10.1 7787.89286616 1006.0480173 1207.05911654 
10.2 7674.99367234 1048.44533094 1277.56099672 
10.3 7559.17181322 1090.85410779 1350.97407899 
10.4 7440.61821648 1133.08882333 1427.29296019 
10.5 7319.54550644 1174.95551652 1506.49897704 
10.6 7196.1861379 1216.25382715 1588.56003494 
10.7 7070.79058738 1256.77921778 1673.43019485 
10.8 6943.62544563 1296.32532889 1761.04922548 
10.9 6814.97092581 1334.68613117 1851.34294302 
11 6685.11801385 1371.65903368 1944.22295246 
11.1 6554.36592812 1407.04689857 2039.58717331 
11.2 6423.01897397 1440.66069106 2137.32033498 
11.3 6291.38304737 1472.32248986 2237.29446277 
11.4 6159.76364554 1501.86653012 2339.36982434 
11.5 6028.4615478 1529.14260147 2443.39585072 
11.6 5897.77080279 1554.01702402 2549.21217318 
11.7 5767.97605659 1576.37408049 2656.64986291 
11.8 5639.3491392 1596.11802401 2765.53283678 
11.9 5512.14839627 1613.17269773 2875.678906 
12 5386.61545995 1627.48296991 2986.90157014 
12.1 5262.97434246 1639.01447251 3099.01118503 
12.2 5141.43044902 1647.75320472 3211.81634625 
12.3 5022.16905643 1653.70531645 3325.12562712 
12.4 4905.35551426 1656.896162 3438.74832375 
12.5 4791.1345385 1657.36906055 3552.49640095 
12.6 4679.63039125 1655.18407399 3666.18553476 
12.7 4570.94744976 1650.41701302 3779.63553722 
12.8 4465.17084682 1643.15686839 3892.6722848 
12.9 4362.36697619 1633.50486535 4005.12815846 
13 4262.58428174 1621.57307884 4116.84263942 
13.1 4165.85518079 1607.48138407 4227.66343514 
13.2 4072.19622003 1591.35713734 4337.44664263 
13.3 3981.60969983 1573.33306735 4446.05723282 
13.4 3894.08557713 1553.54494013 4553.36948274 
13.5 3809.60147194 1532.13144397 4659.26708409 
13.6 3728.12486347 1509.23189114 4763.64324539 
13.7 3649.61443343 1484.98486324 4866.40070333 
13.8 3574.02026437 1459.52796008 4967.45177555 
13.9 3501.28598713 1432.99598371 5066.71802915 
14 3431.34954556 1405.52029727 5164.13015718 
14.1 3364.14371612 1377.2283929 5259.62789098 
14.2 3299.59771429 1348.24291276 5353.15937295 
14.3 3237.63762707 1318.68128765 5444.68108528 
14.4 3178.18716751 1288.65537388 5534.15745862 
14.5 3121.16865635 1258.27118475 5621.5601589 
14.6 3066.50339447 1227.62860156 5706.86800397 
14.7 3014.11210144 1196.82122276 5790.06667579 
14.8 2963.91558952 1165.93659257 5871.14781791 
14.9 2915.83512517 1135.05599132 5950.10888351 
15 2869.79282221 1104.25428752 6026.95289027 
15.1 2825.71181209 1073.60058527 6101.68760264 
15.2 2783.51657426 1043.15811886 6174.32530688 
15.3 2743.1332759 1012.98411825 6244.88260585 
15.4 2704.48968913 983.130595231 6313.37971563 
15.5 2667.51542517 953.644364633 6379.84021019 
15.6 2632.14224365 924.566938804 6444.29081754 
15.7 2598.30382445 895.935295047 6506.7608805 
15.8 2565.93590561 867.781997793 6567.2820966 
15.9 2534.97653013 840.135150764 6625.8883191 
16 2505.36578991 813.019046117 6682.61516397 
16.1 2477.04588309 786.454351914 6737.49976499 
16.2 2449.96126292 760.458138941 6790.58059813 
16.3 2424.05846994 735.044367431 6841.89716263 
16.4 2399.28606192 710.22410617 6891.48983191 
16.5 2375.59480474 686.005555555 6939.39963971 
16.6 2352.93734888 662.394548273 6985.66810285 
16.7 2331.26816809 639.394785106 7030.33704681 
16.8 2310.54369729 617.007802879 7073.44849983 
16.9 2290.72241138 595.233014071 7115.04457455 
17 2271.76441096 574.068401446 7155.16718759 
17.1 2253.63150125 553.510533372 7193.85796537 
17.2 2236.2871787 533.554306813 7231.15851449 
17.3 2219.69654043 514.193470257 7267.10998931 
17.4 2203.82622002 495.420877139 7301.75290284 
17.5 2188.64432868 477.228439373 7335.12723194 
17.6 2174.12037417 459.606932204 7367.27269362 
17.7 2160.22523169 442.546644867 7398.22812344 
17.8 2146.93107486 426.037374154 7428.03155099 
17.9 2134.21133567 410.068202183 7456.72046215 
18 2122.04064033 394.627716234 7484.33164343 
18.1 2110.39473928 379.704328885 7510.90093183 
18.2 2099.25046626 365.286221359 7536.46331238 
18.3 2088.58574349 351.361100625 7561.05315589 
18.4 2078.37946494 337.916644879 7584.70389018 
18.5 2068.61145403 324.940528856 7607.44801711 
18.6 2059.26245981 312.420308368 7629.31723183 
18.7 2050.31413264 300.343393932 7650.34247343 
18.8 2041.74891176 288.697367151 7670.55372109 
18.9 2033.55001022 277.469922779 7689.98006701 
19 2025.70144479 266.648699048 7708.64985617 
19.1 2018.18793896 256.221489539 7726.5905715 
19.2 2010.99487523 246.176306804 7743.82881797 
19.3 2004.10829192 236.501326556 7760.39038153 
19.4 1997.51489904 227.184792473 7776.30030849 
19.5 1991.20196659 218.215231398 7791.58280201 
19.6 1985.15731512 209.581419973 7806.26126491 
19.7 1979.36933869 201.272295031 7820.35836628 
19.8 1973.82695516 193.277011692 7833.89603315 
19.9 1968.51954901 185.585016543 7846.89543444 
20 1963.43696831 178.186014901 7859.37701679 
20.1 1958.56955043 171.069894981 7871.36055459 
20.2 1953.90803965 164.226834079 7882.86512627 
20.3 1949.4435733 157.647289401 7893.90913729 
20.4 1945.16769088 151.321958917 7904.51035021 
20.5 1941.07232403 145.241770068 7914.6859059 
20.6 1937.14973614 139.39793837 7924.45232549 
20.7 1933.39252115 133.781944671 7933.82553418 
20.8 1929.79362374 128.385492881 7942.82088338 
20.9 1926.3462899 123.200545661 7951.45316443 
21 1923.04404729 118.219326801 7959.73662591 
21.1 1919.88070656 113.434303178 7967.68499026 
21.2 1916.85036924 108.838162578 7975.31146818 
21.3 1913.94737678 104.4238428 7982.62878042 
21.4 1911.16630826 100.184518402 7989.64917334 
21.5 1908.50199195 96.1135811542 7996.38442689 
21.6 1905.94948198 92.2046430338 8002.84587499 
21.7 1903.50403503 88.4515392295 8009.04442574 
21.8 1901.16111028 84.8483174341 8014.99057228 
21.9 1898.91638181 81.3892233398 8020.69439485 
22 1896.76569776 78.0687086178 8026.16559363 
22.1 1894.70507654 74.8814232428 8031.41350021 
22.2 1892.73070407 71.822208335 8036.44708759 
22.3 1890.83895494 68.8860827918 8041.27496227 
22.4 1889.02634693 66.0682479396 8045.90540513 
22.5 1887.28953957 63.3640803002 8050.34638013 
22.6 1885.625332 60.7691255062 8054.6055425 
22.7 1884.03067837 58.2790928253 8058.6902288 
22.8 1882.50265441 55.8898500816 8062.60749551 
22.9 1881.03845428 53.5974183312 8066.36412739 
23 1879.63538849 51.3979669626 8069.96664455 
23.1 1878.29089728 49.2878116563 8073.42129106 
23.2 1877.00252352 47.2634059591 8076.73407052 
23.3 1875.76790903 45.3213365589 8079.91075442 
23.4 1874.58479281 43.4583191652 8082.95688802 
23.5 1873.45102196 41.6711990943 8085.87777894 
23.6 1872.36453043 39.956941051 8088.67852851 
23.7 1871.32333498 38.3126246788 8091.36404034 
23.8 1870.32553364 36.7354411689 8093.93902519 
23.9 1869.36931473 35.2226955768 8096.4079897 
24 1868.45294016 33.7717961432 8098.7752637 
24.1 1867.57474118 32.3802498911 8101.04500893 
24.2 1866.73311693 31.0456597458 8103.22122332 
24.3 1865.92653969 29.7657262397 8105.30773407 
24.4 1865.15354687 28.5382406979 8107.30821243 
24.5 1864.41273664 27.3610807791 8109.22618259 
24.6 1863.70276497 26.2322074496 8111.06502758 
24.7 1863.02234346 25.149661617 8112.82799492 
24.8 1862.37023673 24.111560935 8114.51820233 
24.9 1861.74526397 23.1160999926 8116.13863604 
25 1861.14629334 22.1615447036 8117.69216196 
25.1 1860.57223954 21.2462293111 8119.18153115 
25.2 1860.02206395 20.3685557092 8120.60938034 
25.3 1859.49477088 19.5269891747 8121.97823994 
25.4 1858.98940579 18.7200558537 8123.29053836 
25.5 1858.50505525 17.9463422444 8124.54860251 
25.6 1858.0408435 17.2044910015 8125.7546655 
25.7 1857.5959309 16.4931988625 8126.91087024 
25.8 1857.16951398 15.8112162016 8128.01926982 
25.9 1856.76082238 15.1573432817 8129.08183434 
26 1856.36911769 14.5304285576 8130.10045375 
26.1 1855.99369419 13.9293691133 8131.07693669 
26.2 1855.63387426 13.3531051158 8132.01302062 
26.3 1855.28900779 12.8006187376 8132.91037347 
26.4 1854.95847102 12.2709324783 8133.77059651 
26.5 1854.6416653 11.7631073965 8134.5952273 
26.6 1854.33801899 11.2762452933 8135.38573572 
26.7 1854.04698538 10.8094858773 8136.14352874 
26.8 1853.76803984 10.362002812 8136.86995735 
26.9 1853.50068054 9.93300438502 8137.56631508 
27 1853.24442794 9.52173262611 8138.23383943 
27.1 1852.99882322 9.12746121018 8138.87371557 
27.2 1852.76342148 8.74948801684 8139.4870905 
27.3 1852.53779762 8.38714094015 8140.07506144 
27.4 1852.32154396 8.03977499802 8140.63868104 
27.5 1852.11426904 7.70677080366 8141.17896016 
27.6 1851.91560019 7.3875369409 8141.69686287 
27.7 1851.72518012 7.08150605815 8142.19331383 
27.8 1851.54266649 6.78813413209 8142.66919938 
27.9 1851.36773197 6.50690020518 8143.12536783 
28 1851.20006128 6.23730312896 8143.56263559 
28.1 1851.03935211 5.97886215418 8143.98178574 
28.2 1850.88531523 5.73111688505 8144.38356788 
28.3 1850.73767344 5.49362587331 8144.76870069 
28.4 1850.59616105 5.26596567882 8145.13787327 
28.5 1850.46052342 5.0477301304 8145.49174645 
28.6 1850.33051644 4.83852974597 8145.83095382 
28.7 1850.2059061 4.63799097164 8146.15610293 
28.8 1850.08646818 4.44575569842 8146.46777613 
28.9 1849.97198786 4.26148081749 8146.76653133 
29 1849.86225931 4.08483735096 8147.05290334 
29.1 1849.75708539 3.91551007107 8147.32740454 
29.2 1849.65627714 3.75319675113 8147.59052611 
29.3 1849.55965307 3.59760698733 8147.84273995 
29.4 1849.46703938 3.44846264074 8148.08449797 
29.5 1849.37826957 3.30549705507 8148.31623338 
29.6 1849.29318399 3.16845456467 8148.53836144 
29.7 1849.21162966 3.03709006245 8148.75128027 
29.8 1849.13345996 2.91116857626 8148.95537146 
29.9 1849.05853439 2.79046487954 8149.15100073 
30 1848.98671833 2.67476308915 8149.33851858 
30.1 1848.91788251 2.56385591293 8149.51826158 
30.2 1848.85190314 2.45754475478 8149.69055211 
30.3 1848.78866166 2.35563937152 8149.85569897 
30.4 1848.72804454 2.2579575038 8150.01399796 
30.5 1848.66994306 2.1643246033 8150.16573234 
30.6 1848.61425312 2.07457343805 8150.31117345 
30.7 1848.56087434 1.98854286609 8150.45058279 
30.8 1848.5097107 1.90607863749 8150.58421066 
30.9 1848.46067019 1.82703293975 8150.71229687 
31 1848.41366459 1.75126401745 8150.8350714 
31.1 1848.36860933 1.67863596991 8150.9527547 
31.2 1848.3254235 1.60901872127 8151.06555778 
31.3 1848.28402952 1.54228754573 8151.17368293 
31.4 1848.24435308 1.47832294567 8151.27732397 
31.5 1848.20632304 1.41701049208 8151.37666647 
31.6 1848.16987118 1.35824046767 8151.47188835 
31.7 1848.13493183 1.30190725011 8151.56316092 
31.8 1848.10144222 1.24790984116 8151.65064794 
31.9 1848.0693422 1.19615145815 8151.73450635 
32 1848.03857411 1.14653934817 8151.81488654 
32.1 1848.00908271 1.09898457098 8151.89193272 
32.2 1847.98081496 1.05340177506 8151.96578326 
32.3 1847.95372008 1.00970920595 8152.03657072 
32.4 1847.92774938 0.96782850838 8152.10442211 
32.5 1847.90285624 0.927684595493 8152.16945916 
32.6 1847.87899594 0.889205460812 8152.2317986 
32.7 1847.85612558 0.852322035277 8152.29155239 
32.8 1847.83420409 0.816968177656 8152.34882774 
32.9 1847.81319212 0.783080522761 8152.40372735 
33 1847.79305201 0.750598383094 8152.4563496 
33.1 1847.77374757 0.719463475784 8152.50678896 
33.2 1847.75524406 0.689619859133 8152.55513608 
33.3 1847.73750827 0.661013990824 8152.60147774 
33.4 1847.72050832 0.633594554416 8152.64589713 
33.5 1847.7042137 0.607312372492 8152.68847392 
33.6 1847.68859514 0.582120267378 8152.72928459 
33.7 1847.67362457 0.557973013071 8152.76840242 
33.8 1847.65927509 0.534827285683 8152.80589762 
33.9 1847.64552096 0.512641574973 8152.84183747 
34 1847.63233749 0.491376112094 8152.87628639 
34.1 1847.61970098 0.470992671766 8152.90930635 
34.2 1847.6075887 0.451454636261 8152.94095667 
34.3 1847.5959789 0.432726953591 8152.97129415 
34.4 1847.58485076 0.414776050365 8153.00037319 
34.5 1847.57418433 0.39756978193 8153.02824589 
34.6 1847.56396053 0.381077364133 8153.05496211 
34.7 1847.55416091 0.365269080768 8153.08057 
34.8 1847.54476786 0.350116507909 8153.10511564 
34.9 1847.53576448 0.335592449532 8153.12864307 
35 1847.52713464 0.321670848698 8153.15119451 
35.1 1847.51886284 0.308326746869 8153.17281041 
35.2 1847.51093426 0.295536228131 8153.19352952 
35.3 1847.5033346 0.283276262521 8153.21338913 
35.4 1847.49605022 0.271524821872 8153.23242496 
35.5 1847.48906803 0.260260816181 8153.25067116 
35.6 1847.4823755 0.249464044772 8153.26816046 
35.7 1847.47596064 0.239115166261 8153.2849242 
35.8 1847.46981195 0.229195641977 8153.30099241 
35.9 1847.46391835 0.21968758928 8153.31639406 
36 1847.45826924 0.210573927417 8153.33115683 
36.1 1847.45285448 0.201838302726 8153.34530721 
36.2 1847.44766437 0.193465051429 8153.35887058 
36.3 1847.44268959 0.185439176113 8153.37187123 
36.4 1847.43792124 0.177746292726 8153.38433246 
36.5 1847.43335071 0.170372530055 8153.39627676 
36.6 1847.4289698 0.163304642647 8153.40772556 
36.7 1847.42477062 0.1565299435 8153.41869944 
36.8 1847.42074565 0.150036278483 8153.42921807 
36.9 1847.41688768 0.143812007673 8153.43930031 
37 1847.41318977 0.137845963382 8153.44896426 
37.1 1847.40964527 0.132127397983 8153.45822733 
37.2 1847.40624781 0.126646042704 8153.46710615 
37.3 1847.40299129 0.12139206161 8153.47561665 
37.4 1847.39986987 0.116356035049 8153.4837741 
37.5 1847.39687796 0.111528945887 8153.4915931 
37.6 1847.39401019 0.106902131627 8153.49908768 
37.7 1847.39126139 0.102467249172 8153.50627136 
37.8 1847.38862662 0.0982163355385 8153.51315704 
37.9 1847.38610116 0.0941417619467 8153.51975708 
38 1847.38368047 0.0902362213704 8153.52608331 
38.1 1847.38136022 0.0864927175423 8153.53214707 
38.2 1847.37913623 0.0829045259916 8153.53795924 
38.3 1847.37700451 0.0794651826183 8153.54353031 
38.4 1847.37496122 0.0761685117583 8153.54887027 
38.5 1847.37300269 0.0730085966697 8153.55398871 
38.6 1847.37112542 0.0699797703489 8153.55889481 
38.7 1847.36932603 0.067076606979 8153.56359736 
38.8 1847.3676013 0.0642938872433 8153.56810481 
38.9 1847.36594812 0.0616266009341 8153.57242528 
39 1847.36436352 0.0590699594699 8153.57656652 
39.1 1847.36284465 0.0566193757321 8153.58053597 
39.2 1847.3613888 0.0542704570986 8153.58434074 
39.3 1847.35999336 0.0520189984956 8153.58798765 
39.4 1847.35865581 0.0498609484013 8153.59148324 
39.5 1847.35737375 0.0477924216195 8153.59483383 
39.6 1847.35614487 0.0458097042023 8153.59804543 
39.7 1847.35496697 0.0439092379991 8153.60112379 
39.8 1847.35383795 0.0420876151329 8153.60407444 
39.9 1847.35275576 0.0403415720302 8153.60690267 
40 1847.35171848 0.038667965608 8153.60961356 
40.1 1847.35072422 0.0370637853231 8153.612212 
40.2 1847.34977121 0.0355261510908 8153.61470264 
40.3 1847.34885773 0.0340523039912 8153.61708996 
40.4 1847.34798216 0.0326396020834 8153.61937824 
40.5 1847.34714291 0.031285515085 8153.62157158 
40.6 1847.34633848 0.0299876035015 8153.62367392 
40.7 1847.34556742 0.02874353326 8153.62568905 
40.8 1847.34482834 0.0275510710448 8153.62762059 
40.9 1847.34411993 0.026408077576 8153.62947199 
41 1847.34344091 0.0253125043668 8153.63124659 
41.1 1847.34279006 0.0242623888378 8153.63294755 
41.2 1847.34216622 0.023255838207 8153.63457795 
41.3 1847.34156825 0.0222910429594 8153.63614071 
41.4 1847.34099509 0.0213662709835 8153.63763864 
41.5 1847.34044571 0.0204798629992 8153.63907443 
41.6 1847.33991912 0.0196302300228 8153.64045065 
41.7 1847.33941438 0.0188158490545 8153.64176977 
41.8 1847.33893057 0.0180352523222 8153.64303417 
41.9 1847.33846684 0.0172870371445 8153.64424612 
42 1847.33802235 0.0165698604409 8153.64540779 
42.1 1847.33759629 0.0158824357899 8153.64652127 
42.2 1847.33718792 0.0152235315055 8153.64758855 
42.3 1847.33679648 0.0145919663912 8153.64861155 
42.4 1847.33642129 0.0139866015002 8153.64959211 
42.5 1847.33606166 0.0134063492808 8153.65053199 
42.6 1847.33571695 0.0128501681708 8153.65143289 
42.7 1847.33538654 0.0123170605104 8153.6522964 
42.8 1847.33506983 0.011806071038 8153.6531241 
42.9 1847.33476627 0.0113162830896 8153.65391745 
43 1847.3344753 0.0108468136372 8153.65467788 
43.1 1847.33419641 0.0103968194472 8153.65540678 
43.2 1847.33392908 0.00996549277474 8153.65610543 
43.3 1847.33367284 0.00955205994275 8153.6567751 
43.4 1847.33342723 0.00915578018227 8153.65741699 
43.5 1847.33319181 0.00877594039115 8153.65803225 
43.6 1847.33296616 0.00841186071758 8153.65862197 
43.7 1847.33274988 0.00806288341685 8153.65918724 
43.8 1847.33254256 0.00772838277359 8153.65972906 
43.9 1847.33234384 0.00740775917774 8153.6602484 
44 1847.33215337 0.00710043843408 8153.66074619 
44.1 1847.3319708 0.00680586726364 8153.66122333 
44.2 1847.3317958 0.00652351337156 8153.66168068 
44.3 1847.33162806 0.00625286995018 8153.66211907 
44.4 1847.33146728 0.00599345191928 8153.66253927 
44.5 1847.33131317 0.00574479516093 8153.66294204 
44.6 1847.33116545 0.00550645575667 8153.66332809 
44.7 1847.33102387 0.00527800922461 8153.66369813 
44.8 1847.33088816 0.00505904694009 8153.6640528 
44.9 1847.33075808 0.0048491713577 8153.66439275 
45 1847.3306334 0.0046480055316 8153.66471859 
45.1 1847.3305139 0.0044551879847 8153.66503091 
45.2 1847.33039935 0.00427037157159 8153.66533028 
45.3 1847.33028956 0.00409322262075 8153.66561722 
45.4 1847.33018432 0.00392342007667 8153.66589226 
45.5 1847.33008344 0.00376065656622 8153.6661559 
45.6 1847.32998675 0.00360464741847 8153.6664086 
45.7 1847.32989407 0.00345511407919 8153.66665081 
45.8 1847.32980524 0.00331178748387 8153.66688297 
45.9 1847.3297201 0.00317440877193 8153.66710549 
46 1847.32963848 0.00304272856933 8153.66731879 
46.1 1847.32956025 0.00291650627129 8153.66752324 
46.2 1847.32948526 0.00279551010636 8153.66771923 
46.3 1847.32941338 0.00267953102328 8153.66790709 
46.4 1847.32934448 0.00256836541311 8153.66808715 
46.5 1847.32927845 0.00246181381697 8153.66825974 
46.6 1847.32921515 0.00235968447845 8153.66842517 
46.7 1847.32915448 0.00226179281821 8153.66858373 
46.8 1847.32909632 0.00216796090853 8153.66873572 
46.9 1847.32904058 0.00207801696746 8153.66888141 
47 1847.32898714 0.00199180252772 8153.66902106 
47.1 1847.32893593 0.00190916760726 8153.66915491 
47.2 1847.32888684 0.00182996383257 8153.6692832 
47.3 1847.32883979 0.00175404845472 8153.66940616 
47.4 1847.32879469 0.00168128394794 8153.66952403 
47.5 1847.32875146 0.00161153760822 8153.669637 
47.6 1847.32871003 0.00154468115192 8153.66974529 
47.7 1847.32867031 0.00148059449813 8153.6698491 
47.8 1847.32863224 0.00141916830711 8153.6699486 
47.9 1847.32859575 0.00136029243023 8153.67004396 
48 1847.32856077 0.00130386080831 8153.67013537 
48.1 1847.32852725 0.00124977133513 8153.67022298 
48.2 1847.32849511 0.00119792556865 8153.67030696 
48.3 1847.32846431 0.00114822844219 8153.67038746 
48.4 1847.32843479 0.00110058969092 8153.67046462 
48.5 1847.32840649 0.00105492904912 8153.67053858 
48.6 1847.32837936 0.00101116528563 8153.67060947 
48.7 1847.32835337 0.000969219596193 8153.67067741 
48.8 1847.32832845 0.000929016039652 8153.67074253 
48.9 1847.32830457 0.000890481311293 8153.67080495 
49 1847.32828167 0.000853544516229 8153.67086478 
49.1 1847.32825973 0.000818136942753 8153.67092213 
49.2 1847.32823869 0.000784192448431 8153.67097712 
49.3 1847.32821853 0.000751655197602 8153.67102982 
49.4 1847.3281992 0.000720468969886 8153.67108033 
49.5 1847.32818067 0.000690577801382 8153.67112875 
49.6 1847.32816291 0.000661927839865 8153.67117516 
49.7 1847.3281459 0.000634467190239 8153.67121964 
49.8 1847.32812958 0.000608145759973 8153.67126227 
49.9 1847.32811394 0.000582915104548 8153.67130314 
50 1847.32809895 0.000558728291682 8153.67134232 
50.1 1847.32808458 0.000535543741809 8153.67137987 
50.2 1847.32807081 0.000513322238902 8153.67141587 
50.3 1847.32805761 0.000492023949916 8153.67145036 
50.4 1847.32804496 0.000471610534954 8153.67148343 
50.5 1847.32803283 0.000452045035425 8153.67151512 
50.6 1847.32802121 0.000433291762188 8153.6715455 
50.7 1847.32801007 0.000415316183705 8153.67157461 
50.8 1847.32799939 0.000398084814189 8153.67160252 
50.9 1847.32798915 0.00038156682369 8153.67162928 
51 1847.32797934 0.000365735086912 8153.67165492 
51.1 1847.32796994 0.000350561246915 8153.6716795 
51.2 1847.32796092 0.000336017932297 8153.67170306 
51.3 1847.32795228 0.000322078751179 8153.67172564 
51.4 1847.327944 0.000308718211772 8153.67174728 
51.5 1847.32793607 0.000295911642943 8153.67176802 
51.6 1847.32792846 0.000283635114782 8153.67178791 
51.7 1847.32792116 0.000271865974596 8153.67180697 
51.8 1847.32791417 0.00026058521309 8153.67182524 
51.9 1847.32790747 0.000249772954871 8153.67184276 
52 1847.32790105 0.000239409775572 8153.67185954 
52.1 1847.32789489 0.000229476981472 8153.67187563 
52.2 1847.32788899 0.000219956555922 8153.67189105 
52.3 1847.32788333 0.000210831105779 8153.67190583 
52.4 1847.32787791 0.000202083807828 8153.67192 
52.5 1847.32787271 0.000193687995927 8153.6719336 
52.6 1847.32786773 0.000185655615971 8153.67194661 
52.7 1847.32786296 0.00017795494087 8153.67195909 
52.8 1847.32785838 0.00017057295967 8153.67197104 
52.9 1847.327854 0.000163496941082 8153.67198251 
53 1847.32784979 0.000156714433481 8153.67199349 
53.1 1847.32784577 0.000150213264907 8153.67200402 
53.2 1847.3278419 0.000143981543066 8153.67201412 
53.3 1847.3278382 0.000138007656971 8153.67202379 
53.4 1847.32783465 0.000132281652904 8153.67203307 
53.5 1847.32783125 0.000126794158746 8153.67204196 
53.6 1847.32782799 0.000121535156966 8153.67205047 
53.7 1847.32782487 0.000116494971888 8153.67205864 
53.8 1847.32782187 0.000111664269691 8153.67206646 
53.9 1847.327819 0.000107034058411 8153.67207396 
54 1847.32781625 0.000102595687939 8153.67208115 
54.1 1847.32781362 9.83408500213e-05 8153.67208804 
54.2 1847.32781109 9.42615782611e-05 8153.67209465 
54.3 1847.32780866 9.03502481166e-05 8153.67210099 
54.4 1847.32780634 8.65996244182e-05 8153.67210706 
54.5 1847.32780411 8.30032241404e-05 8153.67211289 
54.6 1847.32780197 7.9554694007e-05 8153.67211847 
54.7 1847.32779992 7.62479521285e-05 8153.67212383 
54.8 1847.32779796 7.30772724473e-05 8153.67212896 
54.9 1847.32779607 7.00372847383e-05 8153.67213389 
55 1847.32779427 6.71229746084e-05 8153.67213861 
55.1 1847.32779254 6.43296834969e-05 8153.67214313 
55.2 1847.32779088 6.1653108675e-05 8153.67214747 
55.3 1847.32778929 5.90893032464e-05 8153.67215162 
55.4 1847.32778777 5.6634676147e-05 8153.6721556 
55.5 1847.32778631 5.42843525535e-05 8153.67215941 
55.6 1847.32778491 5.20312594769e-05 8153.67216305 
55.7 1847.32778358 4.98712548919e-05 8153.67216655 
55.8 1847.32778229 4.78005222271e-05 8153.67216991 
55.9 1847.32778106 4.58154730957e-05 8153.67217312 
56 1847.32777988 4.39127472949e-05 8153.6721762 
56.1 1847.32777875 4.20892128068e-05 8153.67217916 
56.2 1847.32777767 4.03419657976e-05 8153.67218199 
56.3 1847.32777663 3.86683306181e-05 8153.6721847 
56.4 1847.32777564 3.70658598035e-05 8153.6721873 
56.5 1847.32777469 3.55322818718e-05 8153.67218978 
56.6 1847.32777378 3.40632179594e-05 8153.67219216 
56.7 1847.3277729 3.26548785211e-05 8153.67219444 
56.8 1847.32777207 3.13046490399e-05 8153.67219663 
56.9 1847.32777127 3.0010055372e-05 8153.67219872 
57 1847.3277705 2.87687637471e-05 8153.67220073 
57.1 1847.32776976 2.75785807677e-05 8153.67220266 
57.2 1847.32776905 2.64374534099e-05 8153.67220451 
57.3 1847.32776837 2.53434690229e-05 8153.67220628 
57.4 1847.32776772 2.42948553289e-05 8153.67220798 
57.5 1847.3277671 2.32899804237e-05 8153.67220961 
57.6 1847.32776648 2.22831011649e-05 8153.67221124 
57.7 1847.32776591 2.13746952228e-05 8153.67221271 
57.8 1847.32776537 2.04996632459e-05 8153.67221413 
57.9 1847.32776485 1.96573427356e-05 8153.67221549 
58 1847.32776435 1.88470711937e-05 8153.67221681 
58.1 1847.32776386 1.80681861215e-05 8153.67221807 
58.2 1847.3277634 1.73200250207e-05 8153.67221928 
58.3 1847.32776296 1.66019253928e-05 8153.67222044 
58.4 1847.32776253 1.59132247393e-05 8153.67222156 
58.5 1847.32776212 1.52532605619e-05 8153.67222263 
58.6 1847.32776173 1.4621370362e-05 8153.67222365 
58.7 1847.32776135 1.40162177295e-05 8153.67222463 
58.8 1847.32776099 1.34361363445e-05 8153.67222557 
58.9 1847.32776065 1.28802343384e-05 8153.67222647 
59 1847.32776032 1.23476228739e-05 8153.67222733 
59.1 1847.32776 1.18374131134e-05 8153.67222816 
59.2 1847.3277597 1.13487162196e-05 8153.67222895 
59.3 1847.32775941 1.08806433548e-05 8153.67222971 
59.4 1847.32775913 1.04323056818e-05 8153.67223044 
59.5 1847.32775887 1.0002814363e-05 8153.67223113 
59.6 1847.32775861 9.59128056093e-06 8153.6722318 
59.7 1847.32775837 9.1968154382e-06 8153.67223244 
59.8 1847.32775813 8.81853015732e-06 8153.67223305 
59.9 1847.32775791 8.45553588083e-06 8153.67223364 
60 1847.32775769 8.10756284216e-06 8153.6722342 
60.1 1847.32775748 7.77458570351e-06 8153.67223474 
60.2 1847.32775729 7.45591621981e-06 8153.67223526 
60.3 1847.3277571 7.15086485212e-06 8153.67223575 
60.4 1847.32775692 6.85874206146e-06 8153.67223622 
60.5 1847.32775674 6.57885830889e-06 8153.67223668 
60.6 1847.32775658 6.31052405543e-06 8153.67223711 
60.7 1847.32775642 6.05304976214e-06 8153.67223753 
60.8 1847.32775626 5.80574589005e-06 8153.67223793 
60.9 1847.32775612 5.56792290021e-06 8153.67223832 
61 1847.32775598 5.33889125366e-06 8153.67223869 
61.1 1847.32775584 5.11796141143e-06 8153.67223904 
61.2 1847.32775571 4.90444383457e-06 8153.67223939 
61.3 1847.32775558 4.69876714362e-06 8153.67223972 
61.4 1847.32775546 4.50170084961e-06 8153.67224004 
61.5 1847.32775534 4.31290145929e-06 8153.67224035 
61.6 1847.32775523 4.1320247679e-06 8153.67224064 
61.7 1847.32775512 3.95872657069e-06 8153.67224092 
61.8 1847.32775502 3.7926626629e-06 8153.67224119 
61.9 1847.32775492 3.63348883977e-06 8153.67224145 
62 1847.32775482 3.48086089656e-06 8153.6722417 
62.1 1847.32775473 3.33443462851e-06 8153.67224193 
62.2 1847.32775465 3.19386583085e-06 8153.67224216 
62.3 1847.32775456 3.05881029884e-06 8153.67224238 
62.4 1847.32775448 2.92892382772e-06 8153.67224259 
62.5 1847.3277544 2.80386221274e-06 8153.67224279 
62.6 1847.32775429 2.626554947e-06 8153.67224308 
62.7 1847.32775423 2.52484183316e-06 8153.67224324 
62.8 1847.32775417 2.42595981131e-06 8153.6722434 
62.9 1847.32775411 2.32990888144e-06 8153.67224356 
63 1847.32775405 2.23668904356e-06 8153.67224371 
63.1 1847.327754 2.14630029766e-06 8153.67224386 
63.2 1847.32775394 2.05874264374e-06 8153.672244 
63.3 1847.32775389 1.97401608181e-06 8153.67224414 
63.4 1847.32775384 1.89212061186e-06 8153.67224427 
63.5 1847.32775379 1.8130562339e-06 8153.6722444 
63.6 1847.32775374 1.73682294791e-06 8153.67224452 
63.7 1847.3277537 1.66342075392e-06 8153.67224464 
63.8 1847.32775365 1.59284961114e-06 8153.67224475 
63.9 1847.32775361 1.52489333947e-06 8153.67224486 
64 1847.32775357 1.45934735102e-06 8153.67224497 
64.1 1847.32775353 1.39621164581e-06 8153.67224507 
64.2 1847.32775349 1.33548622383e-06 8153.67224517 
64.3 1847.32775346 1.27717108507e-06 8153.67224527 
64.4 1847.32775342 1.22126622954e-06 8153.67224536 
64.5 1847.32775339 1.16777165724e-06 8153.67224544 
64.6 1847.32775336 1.11668736817e-06 8153.67224553 
64.7 1847.32775333 1.06801336233e-06 8153.6722456 
64.8 1847.3277533 1.02174963972e-06 8153.67224568 
64.9 1847.32775327 9.77896200334e-07 8153.67224575 
65 1847.32775325 9.36453044179e-07 8153.67224582 
65.1 1847.32775322 8.97420171252e-07 8153.67224588 
65.2 1847.3277532 8.60685058478e-07 8153.67224594 
65.3 1847.32775318 8.25393115325e-07 8153.672246 
65.4 1847.32775316 7.91367124792e-07 8153.67224605 
65.5 1847.32775314 7.58607086877e-07 8153.67224611 
65.6 1847.32775312 7.27113001581e-07 8153.67224616 
65.7 1847.3277531 6.96884868904e-07 8153.67224621 
65.8 1847.32775308 6.67922688846e-07 8153.67224625 
65.9 1847.32775306 6.40226461408e-07 8153.6722463 
66 1847.32775305 6.13796186588e-07 8153.67224634 
66.1 1847.32775303 5.88631864387e-07 8153.67224638 
66.2 1847.32775302 5.64733494805e-07 8153.67224642 
66.3 1847.327753 5.42101077841e-07 8153.67224646 
66.4 1847.32775299 5.20734613497e-07 8153.67224649 
66.5 1847.32775298 5.00634101772e-07 8153.67224652 
66.6 1847.32775296 4.81543065803e-07 8153.67224655 
66.7 1847.32775295 4.63050374441e-07 8153.67224658 
66.8 1847.32775294 4.45150601054e-07 8153.67224661 
66.9 1847.32775293 4.27843745642e-07 8153.67224664 
67 1847.32775292 4.11129808205e-07 8153.67224667 
67.1 1847.32775291 3.95008788743e-07 8153.67224669 
67.2 1847.3277529 3.79480687256e-07 8153.67224672 
67.3 1847.32775289 3.64545503744e-07 8153.67224674 
67.4 1847.32775288 3.50203238207e-07 8153.67224677 
67.5 1847.32775287 3.36453890644e-07 8153.67224679 
67.6 1847.32775287 3.23297461057e-07 8153.67224681 
67.7 1847.32775286 3.10733949444e-07 8153.67224683 
67.8 1847.32775285 2.98763355807e-07 8153.67224685 
67.9 1847.32775284 2.87373798639e-07 8153.67224687 
68 1847.32775284 2.76380707838e-07 8153.67224689 
68.1 1847.32775283 2.65720948966e-07 8153.6722469 
68.2 1847.32775282 2.55394522023e-07 8153.67224692 
68.3 1847.32775282 2.4540142701e-07 8153.67224694 
68.4 1847.32775281 2.35741663926e-07 8153.67224695 
68.5 1847.32775281 2.26415232772e-07 8153.67224697 
68.6 1847.3277528 2.17422133546e-07 8153.67224698 
68.7 1847.3277528 2.08762366251e-07 8153.672247 
68.8 1847.32775279 2.00435930884e-07 8153.67224701 
68.9 1847.32775279 1.92442827447e-07 8153.67224702 
69 1847.32775278 1.84783055939e-07 8153.67224703 
69.1 1847.32775278 1.77456616361e-07 8153.67224705 
69.2 1847.32775277 1.70463508712e-07 8153.67224706 
69.3 1847.32775277 1.63770544061e-07 8153.67224707 
69.4 1847.32775276 1.57291511106e-07 8153.67224708 
69.5 1847.32775276 1.51021965857e-07 8153.67224709 
69.6 1847.32775276 1.44961908314e-07 8153.6722471 
69.7 1847.32775275 1.39111338477e-07 8153.67224711 
69.8 1847.32775275 1.33470256347e-07 8153.67224712 
69.9 1847.32775275 1.28038661923e-07 8153.67224713 
70 1847.32775274 1.22816555205e-07 8153.67224713 
