Time S I R
0.0  10000 1 0
0.1 9999.78715465 1.14502594773 0.0678193975694 
0.2 9999.54344475 1.31108023632 0.145475013421 
0.3 9999.26440166 1.50120683477 0.234391502762 
0.4 9998.94490481 1.71889364229 0.336201544287 
0.5 9998.57909039 1.96813459159 0.452775021062 
0.6 9998.16025095 2.25349792011 0.586251126305 
0.7 9997.6807054 2.58021461994 0.739079977222 
0.8 9997.13167035 2.95426585536 0.914063791601 
0.9 9996.50308017 3.38250527783 1.11441454842 
1 9995.78342464 3.87276929183 1.34380606407 
1.1 9994.95953164 4.43402461951 1.60644374456 
1.2 9994.01632888 5.07652997664 1.90714114273 
1.3 9992.93657237 5.81202027805 2.25140735632 
1.4 9991.70053167 6.65391988119 2.64554844477 
1.5 9990.28566009 7.61756607437 3.09677383241 
1.6 9988.66615504 8.72050638037 3.61333857894 
1.7 9986.81251454 9.98279840097 4.20468706011 
1.8 9984.691022 11.4273575768 4.88162042259 
1.9 9982.26314311 13.0803636915 5.65649319415 
2 9979.48486354 14.9717067077 6.54342975398 
2.1 9976.30590327 17.1355142724 7.55858245381 
2.2 9972.66886622 19.6107219561 8.72041182547 
2.3 9968.50825052 22.4417345435 10.0500149389 
2.4 9963.74934517 25.6791613341 11.5714934916 
2.5 9958.30698995 29.3806401584 13.3123698933 
2.6 9952.08415937 33.6117727814 15.3040678459 
2.7 9944.97041576 38.4471441339 17.5824401017 
2.8 9936.84014171 43.9714774315 20.188380858 
2.9 9927.55060752 50.2808895195 23.1685029637 
3 9916.93982265 57.484276283 26.5759010663 
3.1 9904.82416362 65.7048198171 30.4710165658 
3.2 9890.99581806 75.0816073292 34.9225746093 
3.3 9875.21998297 85.771350733 40.0086662961 
3.4 9857.23184976 97.9502297473 45.8179204904 
3.5 9836.73353768 111.815687468 52.4507748507 
3.6 9813.39071579 127.588376241 60.020907965 
3.7 9786.82941555 145.513845947 68.6567385017 
3.8 9756.63261124 165.864303855 78.5030849094 
3.9 9722.33732833 188.939806463 89.7228652034 
4 9683.43171429 215.06935057 102.498935141 
4.1 9639.35324916 244.610876106 117.035874737 
4.2 9589.48722351 277.950896116 133.561880377 
4.3 9533.1672846 315.502287276 152.33042812 
4.4 9469.67678761 357.701250616 173.621961772 
4.5 9398.25344863 405.001484257 197.745067114 
4.6 9318.09554015 457.866913257 225.037546591 
4.7 9228.37302872 516.760480231 255.866491051 
4.8 9128.24141715 582.130631041 290.627951808 
4.9 9016.86035846 654.39406915 329.745572388 
5 8893.41798295 733.914270272 373.667746778 
5.1 8757.15947086 820.976952296 422.863576842 
5.2 8607.42088167 915.762061276 477.817057058 
5.3 8443.6667498 1018.31378656 539.019463635 
5.4 8265.53076268 1128.50948043 606.959756888 
5.5 8072.857347 1246.02965013 682.113002873 
5.6 7865.7406175 1370.33223264 764.927149856 
5.7 7644.55895504 1500.6328198 855.808225156 
5.8 7410.00056398 1635.89486032 955.104575701 
5.9 7163.0764104 1774.83259019 1063.09099941 
6 6905.11856932 1915.92807051 1179.95336017 
6.1 6637.76011255 2057.46502406 1305.77486339 
6.2 6362.89842732 2197.5765511 1440.52502158 
6.3 6082.6406777 2334.30742393 1584.05189837 
6.4 5799.23550164 2465.68562667 1736.07887168 
6.5 5514.99731888 2589.79688963 1896.20579149 
6.6 5232.22425226 2704.86056644 2063.91518129 
6.7 4953.12131738 2809.29584908 2238.58283354 
6.8 4679.73022273 2901.77763209 2419.49214518 
6.9 4413.87214708 2981.27591992 2605.851933 
7 4157.10653975 3047.07782639 2796.81563386 
7.1 3910.70522234 3098.793047 2991.50173066 
7.2 3675.64775026 3136.33814021 3189.01410953 
7.3 3452.62216685 3159.91749257 3388.46034058 
7.4 3242.04823958 3169.98279054 3588.96896988 
7.5 3044.10077261 3167.19514252 3789.70408487 
7.6 2858.74386668 3152.37902793 3989.87710539 
7.7 2685.76448099 3126.47998629 4188.75553272 
7.8 2524.80812311 3090.5221505 4385.66972638 
7.9 2375.41120704 3045.57264585 4580.0161471 
8 2237.03198042 2992.70842374 4771.25959584 
8.1 2109.07601216 2932.99143886 4958.93254898 
8.2 1990.91909147 2867.44715817 5142.63375036 
8.3 1881.92544182 2797.04927081 5322.02528737 
8.4 1781.4620058 2722.70899087 5496.82900332 
8.5 1688.91050007 2645.2673128 5666.82218713 
8.6 1603.67210205 2565.49463444 5831.8332635 
8.7 1525.17912581 2484.08397965 5991.73689454 
8.8 1452.89251158 2401.65800914 6146.44947928 
8.9 1386.30922087 2318.76618043 6295.92459871 
9 1324.9588274 2235.89289751 6440.14827509 
9.1 1268.40651268 2153.45806294 6579.13542438 
9.2 1216.24994649 2071.82457926 6712.92547425 
9.3 1168.11959516 1991.30115582 6841.57924901 
9.4 1123.67593209 1912.14849834 6965.17556957 
9.5 1082.60837454 1834.58330241 7083.80832305 
9.6 1044.6329293 1758.78319604 7197.58387467 
9.7 1009.49039625 1684.89091709 7306.61868666 
9.8 976.944435742 1613.01827357 7411.03729068 
9.9 946.779604878 1543.24999326 7510.97040186 
10 918.79973371 1475.64693051 7606.55333578 
10.1 892.826079954 1410.24932119 7697.92459886 
10.2 868.69593313 1347.07942289 7785.22464398 
10.3 846.261025827 1286.14410953 7868.59486465 
10.4 825.386313715 1227.4370666 7948.17661969 
10.5 805.948678627 1170.9407967 8024.11052468 
10.6 787.835853362 1116.62842172 8096.53572492 
10.7 770.945393281 1064.46500464 8165.58960208 
10.8 755.183738416 1014.40935772 8231.40690386 
10.9 740.46542925 966.414916427 8294.11965432 
11 726.712336483 920.430795841 8353.85686768 
11.1 713.852879691 876.403048166 8410.74407214 
11.2 701.821581346 834.274966273 8464.90345238 
11.3 690.558352049 793.988198326 8516.45344962 
11.4 680.008060392 755.483167831 8565.50877178 
11.5 670.120124815 718.699471266 8612.18040392 
11.6 660.847961605 683.576650803 8656.57538759 
11.7 652.148780169 650.054200277 8698.79701955 
11.8 643.98314162 618.072110914 8738.94474747 
11.9 636.314673378 587.571105683 8777.11422094 
12 629.10986487 558.492720631 8813.3974145 
12.1 622.337710596 530.779712409 8847.882577 
12.2 615.969589112 504.376004546 8880.65440634 
12.3 609.979015611 479.226896023 8911.79408837 
12.4 604.341442865 455.279187715 8941.37936942 
12.5 599.034156495 432.481138104 8969.4847054 
12.6 594.036055123 410.78264622 8996.18129866 
12.7 589.32756559 390.135192748 9021.53724166 
12.8 584.890508366 370.491880934 9045.6176107 
12.9 580.707959648 351.807491934 9068.48454842 
13 576.764193287 334.038405214 9090.1974015 
13.1 573.044541706 317.142667507 9110.81279079 
13.2 569.535347323 301.079914073 9130.3847386 
13.3 566.223900018 285.811320388 9148.96477959 
13.4 563.098301584 271.299683545 9166.60201487 
13.5 560.147446148 257.509315079 9183.34323877 
13.6 557.360977167 244.405979255 9199.23304358 
13.7 554.729189674 231.956919732 9214.31389059 
13.8 552.24300725 220.130780127 9228.62621262 
13.9 549.893948936 208.897543792 9242.20850727 
14 547.674054451 198.228538671 9255.09740688 
14.1 545.575865002 188.0963661 9267.3277689 
14.2 543.592398486 178.474842183 9278.93275933 
14.3 541.717093993 169.338985686 9289.94392032 
14.4 539.943794266 160.664958449 9300.39124728 
14.5 538.266726381 152.430011943 9310.30326168 
14.6 536.680459082 144.612462132 9319.70707879 
14.7 535.179887758 137.19163913 9328.62847311 
14.8 533.760219445 130.147839449 9337.09194111 
14.9 532.416940619 123.462298016 9345.12076136 
15 531.145804008 117.117143879 9352.73705211 
15.1 529.942816493 111.095357418 9359.96182609 
15.2 528.804211569 105.380741535 9366.8150469 
15.3 527.726442289 99.9578808894 9373.31567682 
15.4 526.706173506 94.8121035691 9379.48172293 
15.5 525.740267277 89.9294488951 9385.33028383 
15.6 524.825748864 85.2966474513 9390.87760368 
15.7 523.959817322 80.9010784473 9396.13910423 
15.8 523.139836343 76.7307397364 9401.12942392 
15.9 522.363320396 72.7742209052 9405.8624587 
16 521.627913401 69.0206777586 9410.35140884 
16.1 520.931396588 65.4598033341 9414.60880008 
16.2 520.271678474 62.081803174 9418.64651835 
16.3 519.646783663 58.8773708261 9422.47584551 
16.4 519.054839182 55.8376639105 9426.10749691 
16.5 518.4940804 52.9542833592 9429.55163624 
16.6 517.962842034 50.2192521185 9432.81790585 
16.7 517.459548422 47.6249930126 9435.91545857 
16.8 516.982707145 45.1643089115 9438.85298394 
16.9 516.530910527 42.8303673599 9441.63872211 
17 516.102829126 40.616682285 9444.28048859 
17.1 515.697203066 38.5170928317 9446.7857041 
17.2 515.312840102 36.5257493799 9449.16141052 
17.3 514.948614435 34.6371008542 9451.41428471 
17.4 514.603462015 32.8458790556 9453.55065893 
17.5 514.276373586 31.1470802259 9455.57654619 
17.6 513.966394675 29.5359558245 9457.4976495 
17.7 513.672623188 28.0080007495 9459.31937606 
17.8 513.394205806 26.558940195 9461.046854 
17.9 513.130332469 25.1847133042 9462.68495423 
18 512.880237623 23.8814687284 9464.23829365 
18.1 512.643197504 22.6455537198 9465.71124878 
18.2 512.41852774 21.4735039811 9467.10796828 
18.3 512.205577621 20.3620268974 9468.43239548 
18.4 512.003731561 19.3079996411 9469.6882688 
18.5 511.812407548 18.3084613838 9470.87913107 
18.6 511.631054982 17.360604492 9472.00834053 
18.7 511.459151129 16.4617621519 9473.07908672 
18.8 511.296200737 15.6094040579 9474.09439521 
18.9 511.141735506 14.8011319007 9475.05713259 
19 510.99531234 14.0346719696 9475.97001569 
19.1 510.856510836 13.307865523 9476.83562364 
19.2 510.72493205 12.6186629042 9477.65640505 
19.3 510.60019883 11.965122224 9478.43467895 
19.4 510.481954183 11.3454025863 9479.17264323 
19.5 510.369859709 10.7577573157 9479.87238298 
19.6 510.263593913 10.2005268453 9480.53587924 
19.7 510.162852814 9.67213923611 9481.16500795 
19.8 510.067348603 9.17110432967 9481.76154707 
19.9 509.976808606 8.69600896543 9482.32718243 
20 509.890973681 8.24551022925 9482.86351609 
