Time S I R
0.0  10000 1 0
0.1 9999.86310855 1.0984189204 0.0384725333933 
0.2 9999.71274892 1.20652025699 0.0807308241828 
0.3 9999.54759181 1.32525953548 0.127148651006 
0.4 9999.36618563 1.45568016508 0.17813420647 
0.5 9999.16693213 1.59893092207 0.234136947437 
0.6 9998.94807429 1.75627468569 0.295651026291 
0.7 9998.70768518 1.92909640196 0.363218421785 
0.8 9998.44364833 2.11891719349 0.437434479825 
0.9 9998.15363891 2.32740786908 0.518953223926 
1 9997.83510345 2.55640347445 0.608493078807 
1.1 9997.48524257 2.8079156816 0.706841746403 
1.2 9997.1009754 3.08415833325 0.814866262242 
1.3 9996.67892066 3.38756099731 0.933518342944 
1.4 9996.21536836 3.72078925026 1.06384238499 
1.5 9995.70624332 4.0867708716 1.20698580885 
1.6 9995.14707227 4.48871937748 1.36420835586 
1.7 9994.53294327 4.93016312846 1.5368936051 
1.8 9993.85846349 5.41497555776 1.72656095324 
1.9 9993.11771351 5.94740789965 1.93487859309 
2 9992.30419204 6.53212872838 2.16367923501 
2.1 9991.41077464 7.17425353509 2.41497182103 
2.2 9990.42963424 7.87940151954 2.69096424141 
2.3 9989.35217743 8.65374110723 2.99408146434 
2.4 9988.16897557 9.50403918512 3.32698524686 
2.5 9986.86968602 10.4377172502 3.69259673265 
2.6 9985.44296058 11.4629168079 4.09412260762 
2.7 9983.87634898 12.588568002 4.53508301805 
2.8 9982.15619926 13.8244606267 5.01934011748 
2.9 9980.26753834 15.181329018 5.55113264569 
3 9978.19394267 16.6709438841 6.13511344756 
3.1 9975.91741363 18.3062008838 6.77638548779 
3.2 9973.41821432 20.101235877 7.48054980732 
3.3 9970.67472223 22.0715295376 8.25374823049 
3.4 9967.66324331 24.2340383196 9.10271837091 
3.5 9964.35782145 26.6073287393 10.0348498072 
3.6 9960.73004091 29.2117166599 11.0582424297 
3.7 9956.74878155 32.0694381177 12.1817803275 
3.8 9952.3799974 35.2048053824 13.4151972221 
3.9 9947.58643571 38.6444016338 14.7691626551 
4 9942.32736025 42.4172740046 16.2553657478 
4.1 9936.55825068 46.555141894 17.8866074241 
4.2 9930.23045566 51.0926343129 19.6769100297 
4.3 9923.29086372 56.0675183883 21.6416178876 
4.4 9915.68150607 61.5209663938 23.797527538 
4.5 9907.3391656 67.49782326 26.1630111393 
4.6 9898.19495412 74.0468918333 28.7581540456 
4.7 9888.17385421 81.2212315363 31.6049142498 
4.8 9877.19423915 89.0784804008 34.7272804467 
4.9 9865.1673785 97.68117552 38.1514459836 
5 9851.99695611 107.097055858 41.9059880337 
5.1 9837.5784841 117.399440232 46.0220756706 
5.2 9821.79878938 128.667535821 50.5336747945 
5.3 9804.53549027 140.986743648 55.4777660861 
5.4 9785.65637845 154.4490323 60.8945892498 
5.5 9765.0189534 169.153167842 66.8278787613 
5.6 9742.46989428 185.20498444 73.3251212841 
5.7 9717.84451194 202.717658731 80.4378293273 
5.8 9690.96646346 221.811744189 88.2217923544 
5.9 9661.64731565 242.615318967 96.7373653866 
6 9629.68624523 265.264001824 106.049752945 
6.1 9594.87012778 289.900625393 116.229246831 
6.2 9556.97336963 316.675103876 127.351526491 
6.3 9515.75816084 345.743933884 139.497905277 
6.4 9470.97518892 377.269300177 152.755510899 
6.5 9422.3640581 411.418390198 167.217551704 
6.6 9369.65446299 448.362084006 182.983453009 
6.7 9312.56786772 488.27322264 200.158909642 
6.8 9250.81921414 531.324815514 218.855970348 
6.9 9184.11913513 577.687841915 239.193022957 
7 9112.17686297 627.528466791 261.294670235 
7.1 9034.70376719 681.004788408 285.291444399 
7.2 8951.41728789 738.263226462 311.319485652 
7.3 8862.04540715 799.434562801 339.520030053 
7.4 8766.33193308 864.629313933 370.038752984 
7.5 8664.04206009 933.932994589 403.024945318 
7.6 8554.96865109 1007.40084833 438.630500581 
7.7 8438.93876142 1085.05253151 477.008707075 
7.8 8315.8204772 1166.86669539 518.31282741 
7.9 8185.5299696 1252.77553061 562.694499795 
8 8048.03793663 1342.66009 610.301973377 
8.1 7903.37656568 1436.34535207 661.27808225 
8.2 7751.64467367 1533.59711599 715.75821034 
8.3 7593.01325456 1634.11879856 773.867946883 
8.4 7427.72845173 1737.55063039 835.720917879 
8.5 7256.11425258 1843.4694582 901.416289222 
8.6 7078.57250986 1951.39084459 971.036645546 
8.7 6895.58134967 2060.77296679 1044.64568354 
8.8 6707.69180146 2171.02194789 1122.28625065 
8.9 6515.52176586 2281.49964621 1203.97858794 
9 6319.74820047 2391.53299883 1289.7188007 
9.1 6121.09804305 2500.42410182 1379.47785513 
9.2 5920.33568753 2607.46347786 1473.2008346 
9.3 5718.25241743 2711.94086862 1570.80671395 
9.4 5515.65093342 2813.16036462 1672.18870197 
9.5 5313.33386001 2910.45135068 1777.21478931 
9.6 5112.0887965 3003.18205145 1885.72915206 
9.7 4912.67639839 3090.7700358 1997.55356581 
9.8 4715.8186678 3172.69180258 2112.48952963 
9.9 4522.18838757 3248.49103826 2230.32057417 
10 4332.40112641 3317.78416555 2350.81470805 
10.1 4147.00854911 3380.26407817 2473.72737272 
10.2 3966.49316159 3435.70282359 2598.80401481 
10.3 3791.26821471 3483.94836906 2725.78341623 
10.4 3621.67359968 3524.92634722 2854.40005309 
10.5 3457.97863997 3558.63445532 2984.38690471 
10.6 3300.38605443 3585.13579129 3115.47815428 
10.7 3149.03135663 3604.55709199 3247.41155137 
10.8 3003.99213088 3617.07751817 3379.93035095 
10.9 2865.29071886 3622.92389481 3512.78538633 
11 2732.8998855 3622.3635172 3645.73659729 
11.1 2606.75030419 3615.69557033 3778.55412548 
11.2 2486.73514529 3603.24495674 3911.01989797 
11.3 2372.71633746 3585.35574503 4042.9279175 
11.4 2264.53030506 3562.38461442 4174.08508052 
11.5 2161.9931202 3534.69520441 4304.3116754 
11.6 2064.90441734 3502.65438943 4433.44119323 
11.7 1973.05318571 3466.62610375 4561.32071054 
11.8 1886.22022498 3426.9692537 4687.81052132 
11.9 1804.18172123 3384.03437909 4812.78389968 
12 1726.71299234 3338.16015776 4936.12684991 
12.1 1653.58941023 3289.67304669 5057.73754308 
12.2 1584.58965525 3238.88449075 5177.525854 
12.3 1519.49676426 3186.09041875 5295.41281699 
12.4 1458.09927147 3131.57069213 5411.3300364 
12.5 1400.19278525 3075.58817335 5525.2190414 
12.6 1345.58016633 3018.38908409 5637.03074958 
12.7 1294.07234348 2960.20288581 5746.7247707 
12.8 1245.48862823 2901.24254259 5854.26882918 
12.9 1199.65683444 2841.70496054 5959.63820502 
13 1156.41335726 2781.77157879 6062.81506395 
13.1 1115.60317577 2721.608829 6163.78799522 
13.2 1077.07965164 2661.36892921 6262.55141915 
13.3 1040.70434157 2601.19058292 6359.1050755 
13.4 1006.34683428 2541.19957884 6453.45358687 
13.5 973.884308155 2481.50975421 6545.60593764 
13.6 943.201364666 2422.22353931 6635.57509602 
13.7 914.189596522 2363.43282044 6723.37758304 
13.8 886.747240746 2305.21966511 6809.03309414 
13.9 860.779057176 2247.6567332 6892.56420963 
14 836.19586944 2190.80809315 6973.99603741 
14.1 812.913829753 2134.73036575 7053.3558045 
14.2 790.854641308 2079.47263967 7130.67271902 
14.3 769.945127946 2025.07719081 7205.97768125 
14.4 750.116618807 1971.58037973 7279.30300146 
14.5 731.304936793 1919.01283687 7350.68222634 
14.6 713.450149499 1867.39990432 7420.14994618 
14.7 696.496098986 1816.76231775 7487.74158326 
14.8 680.390218466 1767.11654486 7553.49323668 
14.9 665.083400452 1718.47505302 7617.44154653 
15 650.529687821 1670.8467674 7679.62354478 
15.1 636.686014175 1624.23746246 7740.07652336 
15.2 623.512113098 1578.6499581 7798.8379288 
15.3 610.970296488 1534.08444518 7855.94525834 
15.4 599.025223003 1490.53878923 7911.43598777 
15.5 587.643803131 1448.00872669 7965.34747018 
15.6 576.795037451 1406.48809547 8017.71686707 
15.7 566.449850566 1365.9690672 8068.58108224 
15.8 556.580976971 1326.44232081 8117.97670222 
15.9 547.162842845 1287.8972158 8165.93994135 
16 538.171444365 1250.32194719 8212.50660844 
16.1 529.584238629 1213.7036994 8257.71206197 
16.2 521.380053828 1178.02877643 8301.59116975 
16.3 513.53899401 1143.28272214 8344.17828385 
16.4 506.042354323 1109.4504257 8385.50721998 
16.5 498.872540593 1076.51623859 8425.61122081 
16.6 492.012995474 1044.46406676 8464.52293776 
16.7 485.448131456 1013.27743443 8502.27443411 
16.8 479.163268102 982.939560299 8538.8971716 
16.9 473.144573606 953.433444109 8574.42198229 
17 467.379012817 924.741916918 8608.87907027 
17.1 461.854278216 896.847714655 8642.29800713 
17.2 456.558758354 869.73350992 8674.70773173 
17.3 451.481503483 843.381943832 8706.13655269 
17.4 446.612180366 817.775671047 8736.61214859 
17.5 441.940992114 792.897469016 8766.16153887 
17.6 437.458689531 768.73018912 8794.81112135 
17.7 433.156537759 745.256786057 8822.58667618 
17.8 429.026273797 722.460363486 8849.51336272 
17.9 425.060046432 700.324250462 8875.61570311 
18 421.250436679 678.831940051 8900.91762327 
18.1 417.590423723 657.967122251 8925.44245403 
18.2 414.073346882 637.713724744 8949.21292837 
18.3 410.692873365 618.055944285 8972.25118235 
18.4 407.443008376 598.978204992 8994.57878663 
18.5 404.318067864 580.465182374 9016.21674976 
18.6 401.312643728 562.501840518 9037.18551575 
18.7 398.42159401 545.073427135 9057.50497886 
18.8 395.640040177 528.165457047 9077.19450278 
18.9 392.963347448 511.763725145 9096.27292741 
19 390.38709118 495.854341605 9114.75856722 
19.1 387.907065908 480.423698875 9132.66923522 
19.2 385.519276572 465.458467766 9150.02225566 
19.3 383.219926619 450.94559901 9166.83447437 
19.4 381.005397545 436.872339395 9183.12226306 
19.5 378.872211392 423.226276304 9198.9015123 
19.6 376.817069828 409.9952573 9214.18767287 
19.7 374.836831617 397.167411081 9228.9957573 
19.8 372.928505093 384.73114431 9243.3403506 
19.9 371.089223306 372.675164685 9257.23561201 
20 369.316243586 360.988467594 9270.69528882 
