Time S I R
0.0  10000 1 0
0.1 9999.8048267 1.17785911184 0.0173141861491 
0.2 9999.57494388 1.3873481675 0.0377079521929 
0.3 9999.30418529 1.63408614448 0.0617285615723 
0.4 9998.98528126 1.92469746688 0.0900212753486 
0.5 9998.60967652 2.26697792735 0.123345552253 
0.6 9998.16729479 2.67010920773 0.162596000738 
0.7 9997.64627617 3.14489806998 0.208825756792 
0.8 9997.03264749 3.70407665352 0.263275853876 
0.9 9996.30996503 4.36262789145 0.327407081526 
1 9995.45886935 5.13819094036 0.402939712088 
1.1 9994.45657065 6.05152986102 0.491899484558 
1.2 9993.2762463 7.12708219976 0.596671502546 
1.3 9991.88634456 8.39359282693 0.720062608785 
1.4 9990.24971962 9.88490134478 0.865379034898 
1.5 9988.32268383 11.640804519 1.03651165096 
1.6 9986.05385519 13.7081049063 1.23803990544 
1.7 9983.38282609 16.141821679 1.47535222695 
1.8 9980.23858534 19.006625408 1.75478924935 
1.9 9976.53769554 22.3784944789 2.08380997784 
2 9972.18216483 26.3466484175 2.47118674834 
2.1 9967.05696944 31.0157970662 2.92723349175 
2.2 9961.02716471 36.5087613599 3.46407393053 
2.3 9953.93455775 42.9694892281 4.09595302672 
2.4 9945.59386393 50.5665357614 4.83960030691 
2.5 9935.78827897 59.4970673984 5.71465362727 
2.6 9924.26441324 69.9914353281 6.7441514346 
2.7 9910.72654331 82.318355652 7.95510103743 
2.8 9894.83010959 96.7907552939 9.37913511364 
2.9 9876.17442273 113.772307825 11.053269444 
3 9854.29461348 133.68461894 13.020767583 
3.1 9828.65282438 157.015056629 15.3321189895 
3.2 9798.62875157 184.325082452 18.0461659774 
3.3 9763.50977991 216.258876596 21.231343498 
3.4 9722.48093793 253.551992383 24.9670696847 
3.5 9674.61542031 297.039318224 29.3452614636 
3.6 9618.86584224 347.662172763 34.4719849955 
3.7 9554.05804062 406.472776874 40.4691825062 
3.8 9478.887921 474.635619363 47.4764596378 
3.9 9391.92339903 553.423739596 55.6528613732 
4 9291.61408524 644.20741713 65.1784976263 
4.1 9176.3095517 748.434460698 76.2559876012 
4.2 9044.2912173 867.597366815 89.1114158873 
4.3 8893.81811889 1003.18714842 103.994732688 
4.4 8723.19157272 1156.6292607 121.179166581 
4.5 8530.83678447 1329.20352778 140.959687751 
4.6 8315.40531024 1521.94487076 163.649818998 
4.7 8075.89255882 1735.53055753 189.576883646 
4.8 7811.76593167 1970.15872167 219.075346653 
4.9 7523.09370811 2225.42807932 252.478212576 
5 7210.66101576 2500.23239522 290.106589017 
5.1 6876.05716156 2792.6850206 332.257817838 
5.2 6521.71757169 3100.08970366 379.192724651 
5.3 6150.90534388 3418.97177811 431.122878006 
5.4 5767.62343436 3745.17769255 488.198873088 
5.5 5376.45922354 4074.03999241 550.500784057 
5.6 4982.36964605 4400.59871477 618.031639178 
5.7 4590.42776225 4719.8574523 690.714785448 
5.8 4205.559088 5027.04547796 768.395434036 
5.9 3832.29606802 5317.85776758 850.846164406 
6 3474.57368471 5588.65031189 937.776003407 
6.1 3135.58796887 5836.56993558 1028.84209555 
6.2 2817.72328093 6059.6138595 1123.66285956 
6.3 2522.54367692 6256.62476502 1221.83155805 
6.4 2250.84230957 6427.22831736 1322.92937307 
6.5 2002.73152072 6571.73137717 1426.5371021 
6.6 1777.75653105 6690.99843401 1532.24503494 
6.7 1575.01900006 6786.32014671 1639.66085323 
6.8 1393.29866305 6859.28595484 1748.41538211 
6.9 1231.16112831 6911.67271964 1858.16615205 
7 1087.05407046 6945.34582485 1968.60010469 
7.1 959.382232997 6962.18376586 2079.43400114 
7.2 846.564626146 6964.02109042 2190.41428343 
7.3 747.080257626 6952.60375963 2301.31598274 
7.4 659.491824315 6929.56710142 2411.94107426 
7.5 582.467578363 6896.41585098 2522.11657066 
7.6 514.786955646 6854.52065742 2631.69238693 
7.7 455.344661966 6805.11611963 2740.5392184 
7.8 403.147509015 6749.30615116 2848.54633982 
7.9 357.309824393 6688.07051995 2955.61965566 
8 317.045743736 6622.27452836 3061.6797279 
8.1 281.661502636 6552.67841811 3166.66007925 
8.2 250.54672749 6479.94769837 3270.50557414 
8.3 223.165780124 6404.6632315 3373.17098838 
8.4 199.050019029 6327.33023084 3474.61975013 
8.5 177.789708205 6248.38750215 3574.82278965 
8.6 159.027123834 6168.21532662 3673.75754954 
8.7 142.450756282 6087.14211442 3771.4071293 
8.8 127.789133825 6005.45137018 3867.759496 
8.9 114.805255717 5923.38794541 3962.80679887 
9 103.293165671 5841.16201086 4056.54482347 
9.1 93.0727666825 5758.95479382 4148.97243949 
9.2 83.9874697796 5676.92130898 4240.09122124 
9.3 75.9005231318 5595.19446686 4329.90501001 
9.4 68.692835198 5513.88751668 4418.41964812 
9.5 62.260154141 5433.09724694 4505.64259892 
9.6 56.5115503457 5352.9056691 4591.58278056 
9.7 51.367322942 5273.38238639 4676.25029067 
9.8 46.7578473876 5194.58588373 4759.65626888 
9.9 42.6219636921 5116.5653451 4841.81269121 
10 38.9061282628 5039.36160584 4922.7322659 
10.1 35.5631320973 4963.00859889 5002.42826901 
10.2 32.5518098132 4887.5336783 5080.91451189 
10.3 29.835799728 4812.95901988 5158.20518039 
10.4 27.3828787676 4739.30236959 5234.31475164 
10.5 25.1646605587 4666.57738138 5309.25795806 
10.6 23.1562708018 4594.79398335 5383.04974585 
10.7 21.3353790713 4523.95946796 5455.70515297 
10.8 19.6825440722 4454.07810155 5527.23935438 
10.9 18.1804122174 4385.15202705 5597.66756073 
11 16.8135415959 4317.18146365 5667.00499476 
11.1 15.5683580409 4250.16475733 5735.26688463 
11.2 14.4325758816 4184.09903091 5802.46839321 
11.3 13.3954593056 4118.97988666 5868.62465404 
11.4 12.4473054763 4054.80199021 5933.75070431 
11.5 11.579600171 3991.55889283 5997.861507 
11.6 10.7847082468 3929.24337966 6060.9719121 
11.7 10.0555414465 3867.84784373 6123.09661482 
11.8 9.38571368971 3807.36410756 6184.25017875 
11.9 8.77002057253 3747.78287619 6244.44710323 
12 8.20347521253 3689.09482939 6303.7016954 
12.1 7.68145822172 3631.29044888 6362.0280929 
12.2 7.20005788625 3574.3596314 6419.44031071 
12.3 6.75574544901 3518.29205402 6475.95220053 
12.4 6.34519205968 3463.07737915 6531.57742879 
12.5 5.96539738157 3408.70510714 6586.32949548 
12.6 5.6138235653 3355.1644227 6640.22175373 
12.7 5.28804179845 3302.44459267 6693.26736553 
12.8 4.98579746879 3250.53488993 6745.4793126 
12.9 4.70517421205 3199.42440065 6796.87042513 
13 4.4444152437 3149.10222759 6847.45335716 
13.1 4.20186975622 3099.55754877 6897.24058147 
13.2 3.97604900045 3050.77955126 6946.24439974 
13.3 3.76565572356 3002.75739592 6994.47694836 
13.4 3.56945850109 2955.48035625 7041.95018525 
13.5 3.38631997827 2908.93778433 7088.67589569 
13.6 3.21527624666 2863.11901836 7134.6657054 
13.7 3.05541239839 2818.01352129 7179.93106631 
13.8 2.90585522962 2773.61088673 7224.48325804 
13.9 2.76577105412 2729.9008389 7268.33339004 
14 2.63442818213 2686.87315881 7311.49241301 
14.1 2.51126260342 2644.51760673 7353.97113066 
14.2 2.39567869872 2602.82414702 7395.78017429 
14.3 2.28711542398 2561.78286998 7436.93001459 
14.4 2.18504191463 2521.38399449 7477.43096359 
14.5 2.08902339348 2481.61779317 7517.29318343 
14.6 1.99865565707 2442.47466235 7556.52668199 
14.7 1.91354281976 2403.9451444 7595.14131278 
14.8 1.83330961226 2366.01991195 7633.14677844 
14.9 1.75761061322 2328.68975574 7670.55263365 
15 1.68616676045 2291.94554268 7707.36829056 
15.1 1.61869609256 2255.77828919 7743.60301472 
15.2 1.55493023597 2220.17914113 7779.26592863 
15.3 1.49461347044 2185.13937267 7814.36601386 
15.4 1.43752680378 2150.65035756 7848.91211563 
15.5 1.38347514519 2116.70358113 7882.91294373 
15.6 1.33226516328 2083.29066246 7916.37707237 
15.7 1.28371456378 2050.40334207 7949.31294336 
15.8 1.23763851499 2018.03347598 7981.72888551 
15.9 1.19393004915 1986.17303864 8013.63303131 
16 1.15241590216 1954.81410799 8045.03347611 
16.1 1.1129665189 1923.94889039 8075.93814309 
16.2 1.07545599375 1893.5697078 8106.3548362 
16.3 1.03977465247 1863.6689811 8136.29124424 
16.4 1.00582730634 1834.23923237 8165.75494032 
16.5 0.973511046255 1805.2731144 8194.75337455 
16.6 0.942727855278 1776.76339395 8223.29387819 
16.7 0.913384675825 1748.70295164 8251.38366369 
16.8 0.885393409682 1721.08478195 8279.02982464 
16.9 0.858670918004 1693.90199324 8306.23933584 
17 0.833139324266 1667.14780458 8333.0190561 
17.1 0.808735971927 1640.81544142 8359.37582261 
17.2 0.785402130245 1614.89825393 8385.31634394 
17.3 0.763080906348 1589.38973882 8410.84718027 
17.4 0.741721046476 1564.28349958 8435.97477937 
17.5 0.721276935983 1539.57324641 8460.70547665 
17.6 0.701708599341 1515.2527963 8485.0454951 
17.7 0.682981700136 1491.31607295 8509.00094535 
17.8 0.665061680935 1467.75708235 8532.57785597 
17.9 0.647881908513 1444.56977957 8555.78233852 
18 0.631399315251 1421.74830138 8578.62029931 
18.1 0.615579729738 1399.28690489 8601.09751538 
18.2 0.600392313421 1377.17994436 8623.21966333 
18.3 0.585809560618 1355.42187112 8644.99231932 
18.4 0.571807298502 1334.00723362 8666.42095908 
18.5 0.558364687113 1312.93067744 8687.51095787 
18.6 0.545455109141 1292.18688079 8708.2676641 
18.7 0.533037582274 1271.77049376 8728.69646865 
18.8 0.521087993688 1251.67635936 8748.80255264 
18.9 0.509584868643 1231.89941277 8768.59100236 
19 0.49850866729 1212.43467639 8788.06681495 
19.1 0.487841784658 1193.27725984 8807.23489838 
19.2 0.477568550659 1174.42235997 8826.10007148 
19.3 0.467696153535 1155.86553046 8844.66677339 
19.4 0.458151232284 1137.60134929 8862.94049948 
19.5 0.448948323836 1119.62558942 8880.92546226 
19.6 0.440070887396 1101.9336856 8898.62624352 
19.7 0.431504122171 1084.5211573 8916.04733858 
19.8 0.423234872433 1067.38360747 8933.19315766 
19.9 0.41525153261 1050.51672132 8950.06802714 
20 0.407543952329 1033.9162651 8966.67619095 
