Time S I R
0.0  10000 1 0
0.1 9999.87878654 1.07548360548 0.0457298509277 
0.2 9999.74843063 1.15665989943 0.0949094667557 
0.3 9999.60823347 1.24396390145 0.147802626162 
0.4 9999.45745691 1.33785511045 0.204687976074 
0.5 9999.29530381 1.43882973467 0.265866452602 
0.6 9999.12091593 1.54742199596 0.331662078444 
0.7 9998.9333697 1.66420674425 0.402423556985 
0.8 9998.73167276 1.78980164047 0.478525604247 
0.9 9998.51475884 1.92487029816 0.560370864498 
1 9998.28148108 2.07012646162 0.648392456677 
1.1 9998.03060585 2.2263378367 0.743056313607 
1.2 9997.76080601 2.39433026243 0.844863730521 
1.3 9997.4706581 2.57498946653 0.954352436844 
1.4 9997.1586291 2.76926927722 1.07210161938 
1.5 9996.82306851 2.97819655704 1.19873493402 
1.6 9996.46220403 3.20287383408 1.33492213219 
1.7 9996.07413113 3.44448582375 1.48138304622 
1.8 9995.65680097 3.70430687041 1.63889216301 
1.9 9995.20801211 3.98370610529 1.80828178457 
2 9994.72539679 4.28415594695 1.99044726143 
2.1 9994.20641048 4.60723856205 2.18635096043 
2.2 9993.64831732 4.954654859 2.39702781783 
2.3 9993.04817714 5.32823255294 2.62359030761 
2.4 9992.40282766 5.72993711117 2.86723522472 
2.5 9991.70887116 6.16188004401 3.12924879584 
2.6 9990.96266135 6.62632698934 3.41101166144 
2.7 9990.16027606 7.12571454191 3.71400939387 
2.8 9989.29749661 7.66266298393 4.03984040929 
2.9 9988.36979121 8.23998651278 4.39022228204 
3 9987.37229087 8.86070805115 4.76700107403 
3.1 9986.29976569 9.52807382565 5.17216048911 
3.2 9985.1465961 10.2455710543 5.60783284891 
3.3 9983.9067452 11.0169449081 6.07630988707 
3.4 9982.57372801 11.8462172747 6.58005471774 
3.5 9981.14058175 12.7377050614 7.12171318414 
3.6 9979.59982927 13.6960425343 7.70412819383 
3.7 9977.94343607 14.7262073656 8.33035656134 
3.8 9976.16277962 15.8335395786 9.00368079658 
3.9 9974.24860428 17.0237688834 9.72762683443 
4 9972.19096977 18.3030456725 10.5059845539 
4.1 9969.97921156 19.6779654025 11.3428230371 
4.2 9967.60188804 21.1556004396 12.2425115217 
4.3 9965.04671701 22.7435378977 13.2097450958 
4.4 9962.30052712 24.4499093446 14.2495635396 
4.5 9959.34919566 26.2834280923 15.367376244 
4.6 9956.17757248 28.2534339151 16.568993606 
4.7 9952.76941908 30.3699299719 17.8606509478 
4.8 9949.10733606 32.6436260243 19.2490379205 
4.9 9945.17267446 35.0859895472 20.7413359978 
5 9940.94545959 37.7092913703 22.3452490353 
5.1 9936.40430678 40.5266554357 24.0690377879 
5.2 9931.52631926 43.5521162374 25.9215645073 
5.3 9926.28699528 46.8006734463 27.9123312688 
5.4 9920.66013014 50.288349129 30.0515207309 
5.5 9914.61770198 54.0322498002 32.3500482208 
5.6 9908.12976082 58.0506296332 34.819609546 
5.7 9901.16431582 62.3629557686 37.4727284123 
5.8 9893.68721131 66.9899761317 40.3228125599 
5.9 9885.66200155 71.9537808459 43.3842176016 
6 9877.04981686 77.2778787106 46.6723044294 
6.1 9867.8092251 82.9872711049 50.2035037954 
6.2 9857.8960961 89.108519905 53.9953839915 
6.3 9847.26349345 95.669794158 58.0667123875 
6.4 9835.86149329 102.700967222 62.4375394888 
6.5 9823.63704273 110.233682491 67.1292747806 
6.6 9810.53383648 118.301401978 72.1647615443 
6.7 9796.49220904 126.939439697 77.5683512648 
6.8 9781.44893907 136.185059334 83.3660015981 
6.9 9765.33712805 146.077511398 89.5853605509 
7 9748.08613159 156.658025085 96.2558433277 
7.1 9729.62144316 167.96983391 103.408722929 
7.2 9709.8645405 180.058227031 111.077232471 
7.3 9688.73281844 192.970528718 119.29665284 
7.4 9666.13964341 206.755981332 128.104375259 
7.5 9641.99424009 221.465751777 137.54000813 
7.6 9616.20165703 237.152873173 147.645469801 
7.7 9588.66283074 253.872107833 158.465061425 
7.8 9559.27482516 271.67967781 170.045497031 
7.9 9527.93078185 290.633199233 182.436018915 
8 9494.52011165 310.791435011 195.688453335 
8.1 9458.92881049 332.21395628 209.857233232 
8.2 9421.03991669 354.960700366 224.999382948 
8.3 9380.7336821 379.091709312 241.174608588 
8.4 9337.88810043 404.666619462 258.445280109 
8.5 9292.37956601 431.744068339 276.876365654 
8.6 9244.08362105 460.38103187 296.535347082 
8.7 9192.87569013 490.632146027 317.492163846 
8.8 9138.63187929 522.549001324 339.819119389 
8.9 9081.23000819 556.179264366 363.590727447 
9 9020.55076884 591.565715665 388.883515495 
9.1 8956.47901846 628.745246762 415.775734781 
9.2 8888.90512744 667.747758918 444.347113646 
9.3 8817.72644016 708.595035334 474.678524503 
9.4 8742.84869003 751.29969483 506.851615142 
9.5 8664.18785307 795.8637974 540.948349531 
9.6 8581.67173497 842.277731889 577.050533144 
9.7 8495.24163109 890.519088591 615.239280319 
9.8 8404.85432247 940.551283151 655.594394374 
9.9 8310.48357077 992.322675865 698.193753362 
10 8212.12188876 1045.76550813 743.112603108 
10.1 8109.78231438 1100.79489154 790.422794079 
10.2 8003.49949373 1157.30840408 840.192102191 
10.3 7893.3312254 1215.18540927 892.483365326 
10.4 7779.35954755 1274.28678721 947.353665239 
10.5 7661.6912337 1334.45515148 1004.85361481 
10.6 7540.45853551 1395.51503015 1065.02643434 
10.7 7415.81923531 1457.27354502 1127.90721968 
10.8 7287.95631719 1519.52141966 1193.52226314 
10.9 7157.07736104 1582.03442885 1261.88821011 
11 7023.41354556 1644.57492822 1333.01152622 
11.1 6887.21822792 1706.89375575 1406.88801633 
11.2 6748.76470418 1768.7330578 1483.50223803 
11.3 6608.34442737 1829.82834856 1562.82722406 
11.4 6466.26454273 1889.91118234 1644.82427493 
11.5 6322.84419188 1948.71296343 1729.44284469 
11.6 6178.41229432 2005.96715592 1816.62054976 
11.7 6033.30426038 2061.41238414 1906.28335548 
11.8 5887.857675 2114.79635205 1998.34597296 
11.9 5742.40996328 2165.8778951 2092.71214161 
12 5597.29487035 2214.42988331 2189.27524634 
12.1 5452.83852853 2260.24230153 2287.91916993 
12.2 5309.35719756 2303.12399019 2388.51881226 
12.3 5167.15430709 2342.90461126 2490.94108165 
12.4 5026.51771919 2379.43625315 2595.04602766 
12.5 4887.71765909 2412.59478966 2700.68755125 
12.6 4751.00503579 2442.28035321 2807.714611 
12.7 4616.61018749 2468.4173858 2915.97242671 
12.8 4484.7411611 2490.95550881 3025.3033301 
12.9 4355.583615 2509.86841852 3135.54796648 
13 4229.30083585 2525.15277049 3246.54639366 
13.1 4106.03261744 2536.82838075 3358.13900182 
13.2 3985.89650011 2544.93599207 3470.16750783 
13.3 3868.9886061 2549.53554542 3582.47584849 
13.4 3755.3833391 2550.70558695 3694.91107395 
13.5 3645.13533321 2548.54065296 3807.32401383 
13.6 3538.2806901 2543.14937657 3919.56993332 
13.7 3434.83753445 2534.65317044 4031.50929511 
13.8 3334.80799992 2523.18391794 4143.00808214 
13.9 3238.17960593 2508.88216748 4253.93822659 
14 3144.92646048 2491.8953818 4364.17815772 
14.1 3055.01084637 2472.37630672 4473.61284691 
14.2 2968.3845978 2450.4813679 4582.1340343 
14.3 2884.99059605 2426.36887681 4689.64052714 
14.4 2804.76382958 2400.19810498 4796.03806544 
14.5 2727.63267996 2372.12794534 4901.2393747 
14.6 2653.52036553 2342.31540325 5005.16423122 
14.7 2582.34556641 2310.91519642 5107.73923717 
14.8 2514.0235415 2278.07872797 5208.89773053 
14.9 2448.46729826 2243.95303122 5308.57967052 
15 2385.58794519 2208.68067342 5406.7313814 
15.1 2325.2955799 2172.39906518 5503.30535492 
15.2 2267.50010985 2135.23986701 5598.26002314 
15.3 2212.11146632 2097.3290332 5691.55950048 
15.4 2159.04023843 2058.78644457 5783.173317 
15.5 2108.19817715 2019.72568313 5873.07613972 
15.6 2059.49834334 1980.25413278 5961.24752388 
15.7 2012.85552453 1940.47287127 6047.6716042 
15.8 1968.1864819 1900.47670127 6132.33681683 
15.9 1925.41000813 1860.35431197 6215.2356799 
16 1884.44710361 1820.18837712 6296.36451927 
16.1 1845.22129768 1780.05561813 6375.72308418 
16.2 1807.6585562 1740.02703525 6453.31440855 
16.3 1771.68734457 1700.16807682 6529.14457861 
16.4 1737.23867145 1660.53888819 6603.22244036 
16.5 1704.24608621 1621.19460269 6675.5593111 
16.6 1672.64570487 1582.18541337 6746.16888176 
16.7 1642.37618741 1543.55683328 6815.06697931 
16.8 1613.37863399 1505.35007886 6882.27128715 
16.9 1585.59659437 1467.6021903 6947.80121533 
17 1558.97604252 1430.3462114 7011.67774608 
17.1 1533.46528303 1393.61147554 7073.92324143 
17.2 1509.01480022 1357.42395945 7134.56124032 
17.3 1485.57731556 1321.8063052 7193.61637924 
17.4 1463.10769357 1286.77806458 7251.11424186 
17.5 1441.56279497 1252.35601561 7307.08118942 
17.6 1420.90143485 1218.55430923 7361.54425592 
17.7 1401.0843509 1185.38459322 7414.53105588 
17.8 1382.07410485 1152.85622571 7466.06966944 
17.9 1363.83493903 1120.97652717 7516.1885338 
18 1346.33278581 1089.75084416 7564.91637004 
18.1 1329.53518671 1059.18271364 7612.28209964 
18.2 1313.41118385 1029.27405455 7658.3147616 
18.3 1297.93126063 1000.02530056 7703.0434388 
18.4 1283.06730169 971.435491204 7746.4972071 
18.5 1268.79251952 943.502408324 7788.70507216 
18.6 1255.08135584 916.222727714 7829.69591645 
18.7 1241.90946605 889.59208155 7869.4984524 
18.8 1229.25366564 863.605154952 7908.14117941 
18.9 1217.09184442 838.255812017 7945.65234356 
19 1205.40290075 813.537196626 7982.05990262 
19.1 1194.16674268 789.441758209 8017.39149911 
19.2 1183.36422307 765.961344256 8051.67443267 
19.3 1172.97705864 743.087319155 8084.9356222 
19.4 1162.98781753 720.810583023 8117.20159944 
19.5 1153.37987903 699.121626866 8148.4984941 
19.6 1144.13738562 678.010607551 8178.85200683 
19.7 1135.24520013 657.467416737 8208.28738313 
19.8 1126.6888808 637.481688529 8236.82943067 
19.9 1118.45464419 618.042852908 8264.50250291 
20 1110.52932663 599.140205559 8291.33046781 
20.1 1102.90035879 580.762920363 8317.33672084 
20.2 1095.55573857 562.900074583 8342.54418685 
20.3 1088.48400038 545.540691506 8366.97530812 
20.4 1081.67418335 528.67378733 8390.65202932 
20.5 1075.11581616 512.288363971 8413.59581987 
20.6 1068.79889164 496.373438562 8435.8276698 
20.7 1062.71383703 480.918086074 8457.36807689 
20.8 1056.85149776 465.911443594 8478.23705865 
20.9 1051.2031201 451.342719039 8498.45416086 
21 1045.760329 437.20121519 8518.03845581 
21.1 1040.51510292 423.476361872 8537.00853521 
21.2 1035.45976894 410.15769546 8555.3825356 
21.3 1030.58698395 397.234876492 8573.17813956 
21.4 1025.88971997 384.697697153 8590.41258288 
21.5 1021.361244 372.536103813 8607.10265218 
21.6 1016.99509746 360.740221402 8623.26468114 
21.7 1012.78509637 349.300326386 8638.91457724 
21.8 1008.72531206 338.206870208 8654.06781774 
21.9 1004.81005738 327.450489684 8668.73945294 
22 1001.03388617 317.021974105 8682.94413972 
22.1 997.391581694 306.91227044 8696.69614787 
22.2 993.878132835 297.112530999 8710.00933617 
22.3 990.488729292 287.614097843 8722.89717287 
22.4 987.218750995 278.408507628 8735.37274138 
22.5 984.063773785 269.487452891 8747.44877332 
22.6 981.019552502 260.842805736 8759.13764176 
22.7 978.082006332 252.466636138 8770.45135753 
22.8 975.247215311 244.351200464 8781.40158422 
22.9 972.511413038 236.488941169 8791.99964579 
23 969.870986547 228.872469501 8802.25654395 
23.1 967.322463875 221.494579158 8812.18295697 
23.2 964.862507434 214.34824627 8821.7892463 
23.3 962.487909276 207.426625319 8831.0854654 
23.4 960.195585561 200.723046244 8840.0813682 
23.5 957.982572438 194.231000913 8848.78642665 
23.6 955.84601936 187.944153629 8857.20982701 
23.7 953.783184284 181.856336453 8865.36047926 
23.8 951.791428907 175.961545432 8873.24702566 
23.9 949.868215022 170.253937525 8880.87784745 
24 948.011103505 164.727826344 8888.26107015 
24.1 946.217745682 159.377681654 8895.40457266 
24.2 944.485880817 154.198126073 8902.31599311 
24.3 942.813332569 149.183932428 8909.002735 
24.4 941.198006034 144.330018891 8915.47197507 
24.5 939.637885144 139.6314433 8921.73067156 
24.6 938.131027976 135.083405786 8927.78556624 
24.7 936.675564238 130.681243789 8933.64319197 
24.8 935.269692291 126.420429208 8939.3098785 
24.9 933.911677277 122.296562928 8944.7917598 
25 932.599848445 118.305371833 8950.09477972 
25.1 931.332595362 114.442709133 8955.22469551 
25.2 930.108365968 110.704549984 8960.18708405 
25.3 928.925664104 107.086988808 8964.98734709 
25.4 927.783047559 103.586235923 8969.63071652 
25.5 926.679128529 100.198610228 8974.12226124 
25.6 925.612568313 96.9205419792 8978.46688971 
25.7 924.582075962 93.7485689742 8982.66935506 
25.8 923.586406653 90.6793333871 8986.73425996 
25.9 922.624359821 87.7095792085 8990.66606097 
26 921.694778374 84.8361477703 8994.46907386 
26.1 920.796546899 82.0559754076 8998.14747769 
26.2 919.928589053 79.366092857 9001.70531809 
26.3 919.08986653 76.7636217846 9005.14651169 
26.4 918.279377544 74.2457724054 9008.47485005 
26.5 917.496155598 71.8098408092 9011.69400359 
26.6 916.739269352 69.4532047488 9014.8075259 
26.7 916.007819756 67.1733237274 9017.81885652 
26.8 915.300939156 64.967736207 9020.73132464 
26.9 914.617790208 62.8340572354 9023.54815256 
27 913.957564699 60.7699763329 9026.27245897 
27.1 913.319483042 58.773254448 9028.90726251 
27.2 912.702793052 56.8417221382 9031.45548481 
27.3 912.106768424 54.9732783492 9033.91995323 
27.4 911.53070803 53.1658880026 9036.30340397 
27.5 910.973934958 51.4175800909 9038.60848495 
27.6 910.435795722 49.7264457015 9040.83775858 
27.7 909.91566001 48.0906356421 9042.99370435 
27.8 909.412919027 46.5083593984 9045.07872157 
27.9 908.926984908 44.9778832182 9047.09513187 
28 908.457289992 43.4975283851 9049.04518162 
28.1 908.003286069 42.0656695938 9050.93104434 
28.2 907.564444003 40.6807329126 9052.75482308 
28.3 907.140252913 39.3411943888 9054.5185527 
28.4 906.730219288 38.0455788363 9056.22420188 
28.5 906.333866485 36.7924581709 9057.87367534 
28.6 905.950734108 35.5804499772 9059.46881591 
28.7 905.580377474 34.4082160649 9061.01140646 
28.8 905.222367437 33.2744609948 9062.50317157 
28.9 904.876289254 32.1779308989 9063.94577985 
29 904.541742321 31.1174122059 9065.34084547 
29.1 904.218339635 30.0917303554 9066.68993001 
29.2 903.905707303 29.0997485916 9067.99454411 
29.3 903.603484401 28.1403666415 9069.25614896 
29.4 903.311322283 27.2125196808 9070.47615804 
29.5 903.028883961 26.3151773091 9071.65593873 
29.6 902.755843805 25.4473424211 9072.79681377 
29.7 902.49188712 24.6080501744 9073.90006271 
29.8 902.236709724 23.796366994 9074.96692328 
29.9 901.990017668 23.0113895392 9075.99859279 
30 901.751527763 22.2522431976 9076.99622904 
30.1 901.520966045 21.5180819219 9077.96095203 
30.2 901.298067628 20.8080872323 9078.89384514 
30.3 901.08257654 20.1214672795 9079.79595618 
30.4 900.87424541 19.4574560356 9080.66829855 
30.5 900.672835178 18.8153125192 9081.5118523 
30.6 900.478114843 18.1943196245 9082.32756553 
30.7 900.289861245 17.5937827157 9083.11635604 
30.8 900.107858713 17.0130304214 9083.87911087 
30.9 899.931898861 16.4514133576 9084.61668778 
31 899.761780377 15.9083034322 9085.32991619 
31.1 899.597308807 15.3830932202 9086.01959797 
31.2 899.438296359 14.8751953659 9086.68650827 
31.3 899.284561032 14.3840407122 9087.33139826 
31.4 899.135926707 13.9090782685 9087.95499502 
31.5 898.992223559 13.4497757742 9088.55800067 
31.6 898.853287507 13.0056184539 9089.14109404 
31.7 898.718960042 12.5761085011 9089.70493146 
31.8 898.589088073 12.1607645875 9090.25014734 
31.9 898.463523712 11.7591212716 9090.77735502 
32 898.342123274 11.3707269993 9091.28714973 
32.1 898.224748108 10.9951454155 9091.78010648 
32.2 898.111264397 10.6319548231 9092.25678078 
32.3 898.001542842 10.2807474327 9092.71770973 
32.4 897.89545853 9.94112895489 9093.16341252 
32.5 897.792890812 9.61271821401 9093.59439097 
32.6 897.693722999 9.2951463895 9094.01113061 
32.7 897.597841747 8.98805564869 9094.4141026 
32.8 897.505137848 8.69110061768 9094.80376153 
32.9 897.4155058 8.40394739311 9095.18054681 
33 897.328843658 8.12627312368 9095.54488322 
33.1 897.245052935 7.85776568937 9095.89718138 
33.2 897.164038506 7.59812339826 9096.2378381 
33.3 897.085708178 7.34705393559 9096.56723789 
33.4 897.009972611 7.10427410577 9096.88575328 
33.5 896.936745697 6.86951059412 9097.19374371 
33.6 896.865944217 6.64249912489 9097.49155666 
33.7 896.797487756 6.42298419359 9097.77952805 
33.8 896.731298625 6.21071881396 9098.05798256 
33.9 896.667301766 6.00546423521 9098.327234 
34 896.605424302 5.8069888039 9098.58758689 
34.1 896.545595839 5.61506862802 9098.83933553 
34.2 896.487748432 5.42948744715 9099.08276412 
34.3 896.431816417 5.25003617128 9099.31814741 
34.4 896.377736342 5.07651267074 9099.54575099 
34.5 896.325446906 4.90872157794 9099.76583152 
34.6 896.274888834 4.74647392756 9099.97863724 
34.7 896.226004553 4.5895863005 9100.18440915 
34.8 896.178738556 4.43788170039 9100.38337974 
34.9 896.133037213 4.29118906135 9100.57577373 
35 896.088848697 4.14934300267 9100.7618083 
35.1 896.046122928 4.01218366369 9100.94169341 
35.2 896.004811523 3.87955654822 9101.11563193 
35.3 895.964867624 3.75131202798 9101.28382035 
35.4 895.92624579 3.627305042 9101.44644917 
35.5 895.888902219 3.50739565724 9101.60370212 
35.6 895.852794572 3.39144858753 9101.75575684 
35.7 895.817881934 3.27933305188 9101.90278501 
35.8 895.784124767 3.17092264479 9102.04495259 
35.9 895.751484875 3.06609520217 9102.18241992 
36 895.719925187 2.96473220597 9102.31534261 
36.1 895.689409866 2.86671905618 9102.44387108 
36.2 895.659904327 2.77194510605 9102.56815057 
36.3 895.631375139 2.68030338679 9102.68832147 
36.4 895.603789995 2.59169049979 9102.80451951 
36.5 895.57711768 2.50600651489 9102.9168758 
36.6 895.551328016 2.42315480675 9103.02551718 
36.7 895.526391693 2.34304156489 9103.13056674 
36.8 895.502280437 2.26557625368 9103.23214331 
36.9 895.478966934 2.19067139387 9103.33036167 
37 895.456424784 2.11824241891 9103.4253328 
37.1 895.434628475 2.04820759023 9103.51716393 
37.2 895.413553356 1.9804879175 9103.60595873 
37.3 895.393175564 1.91500693322 9103.6918175 
37.4 895.37347195 1.85169046108 9103.77483759 
37.5 895.354420192 1.79046696318 9103.85511285 
37.6 895.335998717 1.7312672853 9103.932734 
37.7 895.318186676 1.67402457972 9104.00778874 
37.8 895.300963919 1.61867423867 9104.08036184 
37.9 895.284310977 1.56515382981 9104.15053519 
38 895.268208969 1.51340280355 9104.21838823 
38.1 895.252639625 1.4633625742 9104.2839978 
38.2 895.237585315 1.41497659808 9104.34743809 
38.3 895.223029001 1.36819021315 9104.40878079 
38.4 895.208954212 1.32295058371 9104.4680952 
38.5 895.195345035 1.2792066483 9104.52544832 
38.6 895.182186087 1.23690904627 9104.58090487 
38.7 895.169462431 1.19600985383 9104.63452772 
38.8 895.157159648 1.15646280518 9104.68637755 
38.9 895.145263814 1.1182232074 9104.73651298 
39 895.133761467 1.08124785689 9104.78499068 
39.1 895.122639598 1.04549499596 9104.83186541 
39.2 895.111885636 1.01092427196 9104.87719009 
39.3 895.10148742 0.977496636811 9104.92101594 
39.4 895.091433142 0.945174195483 9104.96339266 
39.5 895.081711421 0.913920402514 9105.00436818 
39.6 895.072311254 0.883699934478 9105.04398881 
39.7 895.063222008 0.854478646785 9105.08229935 
39.8 895.054433406 0.826223539665 9105.11934305 
39.9 895.04593552 0.798902726088 9105.15516175 
40 895.037718723 0.772485294939 9105.18979598 
40.1 895.029773696 0.746941314863 9105.22328499 
40.2 895.022091447 0.722241907937 9105.25566665 
40.3 895.014663284 0.698359157593 9105.28697756 
40.4 895.007480807 0.675266080323 9105.31725311 
40.5 895.000535898 0.652936599008 9105.3465275 
40.6 894.993820711 0.631345509813 9105.37483378 
40.7 894.987327629 0.610468345608 9105.40220402 
40.8 894.981049297 0.590281474765 9105.42866923 
40.9 894.97497861 0.570762074751 9105.45425932 
41 894.969108702 0.551888083749 9105.47900321 
41.1 894.963432935 0.533638178459 9105.50292889 
41.2 894.957944897 0.515991753186 9105.52606335 
41.3 894.952638385 0.498928875437 9105.54843274 
41.4 894.947507376 0.482430195306 9105.57006243 
41.5 894.942546062 0.46647705009 9105.59097689 
41.6 894.937748831 0.451051403649 9105.61119977 
41.7 894.933110257 0.436135821838 9105.63075392 
41.8 894.928625097 0.421713455093 9105.64966145 
41.9 894.924288285 0.407768022066 9105.66794369 
42 894.920094913 0.394283748314 9105.68562134 
42.1 894.916040224 0.381245347112 9105.70271443 
42.2 894.91211963 0.368638074418 9105.7192423 
42.3 894.908328697 0.356447677155 9105.73522363 
42.4 894.904663139 0.344660378624 9105.75067648 
42.5 894.901118813 0.333262864863 9105.76561832 
42.6 894.897691716 0.322242269489 9105.78006601 
42.7 894.894377963 0.311586105222 9105.79403593 
42.8 894.8911738 0.301282304332 9105.8075439 
42.9 894.888075602 0.29131921529 9105.82060518 
43 894.885079866 0.281685574931 9105.83323456 
43.1 894.882183204 0.272370497096 9105.8454463 
43.2 894.879382344 0.263363461937 9105.85725419 
43.3 894.876674122 0.254654296357 9105.86867158 
43.4 894.874055465 0.246233122866 9105.87971141 
43.5 894.871523408 0.23809041259 9105.89038618 
43.6 894.869075088 0.230216958048 9105.90070795 
43.7 894.866707736 0.222603859047 9105.9106884 
43.8 894.864418677 0.215242513774 9105.92033881 
43.9 894.862205325 0.208124610416 9105.92967006 
44 894.860065176 0.201242097366 9105.93869273 
44.1 894.857995801 0.194587164536 9105.94741703 
44.2 894.855994857 0.188152284762 9105.95585286 
44.3 894.854060083 0.181930182784 9105.96400973 
44.4 894.852189292 0.175913827692 9105.97189688 
44.5 894.85038037 0.170096426244 9105.9795232 
44.6 894.848631277 0.164471416626 9105.98689731 
44.7 894.84694004 0.159032455286 9105.9940275 
44.8 894.845304735 0.153773357043 9106.00092191 
44.9 894.843723509 0.148688163771 9106.00758833 
45 894.842194574 0.143771124253 9106.0140343 
45.1 894.8407162 0.139016679265 9106.02026712 
45.2 894.839286717 0.134419456067 9106.02629383 
45.3 894.837904509 0.129974263232 9106.03212123 
45.4 894.836568018 0.125676085794 9106.0377559 
45.5 894.835275728 0.121520054384 9106.04320422 
45.6 894.834026174 0.117501451078 9106.04847238 
45.7 894.83281794 0.113615730312 9106.05356633 
45.8 894.831649661 0.109858498335 9106.05849184 
45.9 894.830520016 0.106225508881 9106.06325448 
46 894.829427729 0.102712659128 9106.06785961 
46.1 894.828371567 0.0993159859152 9106.07231245 
46.2 894.827350339 0.0960316543915 9106.07661801 
46.3 894.826362882 0.0928559293445 9106.08078119 
46.4 894.825408079 0.0897852160115 9106.0848067 
46.5 894.82448485 0.086816041992 9106.08869911 
46.6 894.823592151 0.083945051232 9106.0924628 
46.7 894.822728973 0.0811690007696 9106.09610203 
46.8 894.821894343 0.0784847576908 9106.0996209 
46.9 894.821087319 0.0758892956985 9106.10302339 
47 894.820306985 0.0733796690893 9106.10631335 
47.1 894.819552456 0.0709530305483 9106.10949451 
47.2 894.818822879 0.0686066352926 9106.11257049 
47.3 894.818117427 0.0663378300759 9106.11554474 
47.4 894.817435305 0.0641440505425 9106.11842064 
47.5 894.81677574 0.0620228187411 9106.12120144 
47.6 894.81613799 0.0599717407994 9106.12389027 
47.7 894.815521333 0.0579884979918 9106.12649017 
47.8 894.814925067 0.0560708364536 9106.1290041 
47.9 894.814348519 0.0542165865002 9106.13143489 
48 894.813791036 0.0524236513087 9106.13378531 
48.1 894.813251988 0.0506900043948 9106.13605801 
48.2 894.812730766 0.0490136876713 9106.13825555 
48.3 894.812226783 0.0473928096345 9106.14038041 
48.4 894.811739469 0.0458255424058 9106.14243499 
48.5 894.811268271 0.044310104873 9106.14442162 
48.6 894.810812654 0.0428447793906 9106.14634257 
48.7 894.810372105 0.0414279086832 9106.14819999 
48.8 894.809946123 0.0400578908669 9106.14999599 
48.9 894.809534228 0.0387331778727 9106.15173259 
49 894.809135956 0.0374522739677 9106.15341177 
49.1 894.808750856 0.0362137343751 9106.15503541 
49.2 894.808378492 0.035016157091 9106.15660535 
49.3 894.808018442 0.0338581813001 9106.15812338 
49.4 894.807670298 0.032738497085 9106.1595912 
49.5 894.807333667 0.031655838237 9106.16101049 
49.6 894.807008168 0.0306089809763 9106.16238285 
49.7 894.806693433 0.0295967427696 9106.16370982 
49.8 894.806389107 0.0286179812245 9106.16499291 
49.9 894.806094846 0.0276715916356 9106.16623356 
50 894.805810316 0.0267564981795 9106.16743319 
50.1 894.805535196 0.0258716645473 9106.16859314 
50.2 894.805269173 0.0250160900427 9106.16971474 
50.3 894.805011946 0.0241888074839 9106.17079925 
50.4 894.804763226 0.023388882266 9106.17184789 
50.5 894.804522732 0.0226154114839 9106.17286186 
50.6 894.804290192 0.0218675230915 9106.17384228 
50.7 894.804065343 0.0211443692172 9106.17479029 
50.8 894.803847929 0.0204451286397 9106.17570694 
50.9 894.803637705 0.0197690104231 9106.17659328 
51 894.803434432 0.0191152500229 9106.17745032 
51.1 894.803237881 0.0184831085259 9106.17827901 
51.2 894.803047831 0.0178718719364 9106.1790803 
51.3 894.802864065 0.0172808505095 9106.17985508 
51.4 894.802686378 0.0167093767391 9106.18060425 
51.5 894.802514567 0.0161568008497 9106.18132863 
51.6 894.802348437 0.0156224973679 9106.18202907 
51.7 894.802187801 0.0151058620198 9106.18270634 
51.8 894.802032476 0.014606310766 9106.18336121 
51.9 894.801882289 0.0141232792342 9106.18399443 
52 894.801737068 0.0136562221901 9106.18460671 
52.1 894.80159665 0.0132046129333 9106.18519874 
52.2 894.801460876 0.0127679388898 9106.18577119 
52.3 894.801329592 0.0123457046956 9106.1863247 
52.4 894.801202649 0.0119374327742 9106.18685992 
52.5 894.801079904 0.0115426615107 9106.18737743 
52.6 894.800961218 0.0111609447988 9106.18787784 
52.7 894.800846457 0.0107918516148 9106.18836169 
52.8 894.800735491 0.0104349656213 9106.18882954 
52.9 894.800628196 0.0100898834486 9106.18928192 
53 894.800524448 0.00975621262627 9106.18971934 
53.1 894.800424132 0.00943357559755 9106.19014229 
53.2 894.800327133 0.00912160748367 9106.19055126 
53.3 894.800233341 0.00881995562148 9106.1909467 
53.4 894.800142651 0.0085282792204 9106.19132907 
53.5 894.80005496 0.00824624904133 9106.19169879 
53.6 894.799970169 0.00797354386032 9106.19205629 
53.7 894.799888183 0.00770986187388 9106.19240196 
53.8 894.799808908 0.00745489830214 9106.19273619 
53.9 894.799732254 0.00720836528387 9106.19305938 
54 894.799658135 0.00696998437573 9106.19337188 
54.1 894.799586467 0.00673948635932 9106.19367405 
54.2 894.79951717 0.00651661104821 9106.19396622 
54.3 894.799450164 0.00630110709496 9106.19424873 
54.4 894.799385374 0.00609273002418 9106.1945219 
54.5 894.799322726 0.00589124200626 9106.19478603 
54.6 894.799262149 0.00569641511512 9106.19504144 
54.7 894.799203575 0.00550802920456 9106.1952884 
54.8 894.799146937 0.00532587167869 9106.19552719 
54.9 894.799092172 0.00514973727971 9106.19575809 
55 894.799039219 0.00497942787574 9106.19598135 
55.1 894.798988017 0.00481475224866 9106.19619723 
55.2 894.798938509 0.00465552588187 9106.19640597 
55.3 894.79889064 0.00450156967449 9106.19660779 
55.4 894.798844355 0.00435270661766 9106.19680294 
55.5 894.7987996 0.00420876810674 9106.19699163 
55.6 894.798756327 0.00406959136192 9106.19717408 
55.7 894.798714485 0.00393501880435 9106.1973505 
55.8 894.798674027 0.00380489781735 9106.19752108 
55.9 894.798634907 0.00367908050762 9106.19768601 
56 894.79859708 0.00355742346657 9106.1978455 
56.1 894.798560504 0.00343978753152 9106.19799971 
56.2 894.798525136 0.00332603796151 9106.19814883 
56.3 894.798490938 0.00321605031118 9106.19829301 
56.4 894.798457872 0.00310970205839 9106.19843243 
56.5 894.7984259 0.00300687286985 9106.19856723 
56.6 894.798394985 0.00290744611198 9106.19869757 
56.7 894.798365094 0.00281130865205 9106.1988236 
56.8 894.798336191 0.00271835065922 9106.19894546 
56.9 894.798308243 0.00262846540566 9106.19906329 
57 894.798281218 0.00254154906762 9106.19917723 
57.1 894.798255086 0.00245750052888 9106.19928741 
57.2 894.798229816 0.00237622764834 9106.19939396 
57.3 894.798205382 0.0022976434098 9106.19949697 
57.4 894.798181756 0.00222165913785 9106.19959658 
57.5 894.798158913 0.00214818893339 9106.1996929 
57.6 894.798136825 0.00207714952902 9106.19978603 
57.7 894.798115467 0.00200846014438 9106.19987607 
57.8 894.798094816 0.00194204234161 9106.19996314 
57.9 894.798074848 0.00187781988066 9106.20004733 
58 894.798055539 0.00181571857473 9106.20012874 
58.1 894.798036868 0.00175566815211 9106.20020746 
58.2 894.798018814 0.00169760491868 9106.20028358 
58.3 894.798001359 0.00164146357974 9106.20035718 
58.4 894.797984481 0.00158718060584 9106.20042834 
58.5 894.797968161 0.00153469437248 9106.20049714 
58.6 894.797952382 0.00148394504985 9106.20056367 
58.7 894.797937125 0.00143487449283 9106.200628 
58.8 894.797922372 0.00138742613076 9106.2006902 
58.9 894.797908106 0.00134154485733 9106.20075035 
59 894.7978943 0.00129714172855 9106.20080856 
59.1 894.797880966 0.00125425791661 9106.20086478 
59.2 894.797868072 0.00121278754879 9106.20091914 
59.3 894.797855603 0.00117268582356 9106.20097171 
59.4 894.797843547 0.00113390882981 9106.20102254 
59.5 894.797831888 0.00109641354683 9106.2010717 
59.6 894.797820616 0.00106015784432 9106.20111923 
59.7 894.797809715 0.00102510048236 9106.20116518 
59.8 894.797799175 0.000991201111477 9106.20120962 
59.9 894.797788983 0.000958420325925 9106.2012526 
60 894.797779127 0.000926723403028 9106.20129415 
60.1 894.797769598 0.000896076254873 9106.20133433 
60.2 894.797760385 0.000866443927062 9106.20137317 
60.3 894.797751477 0.00083779250618 9106.20141073 
60.4 894.797742863 0.000810089119792 9106.20144705 
60.5 894.797734534 0.000783301936449 9106.20148216 
60.6 894.79772648 0.000757400165681 9106.20151612 
60.7 894.797718693 0.000732354058004 9106.20154895 
60.8 894.797711163 0.000708134904915 9106.2015807 
60.9 894.797703881 0.000684715038893 9106.2016114 
61 894.797696839 0.000662067700186 9106.20164109 
61.1 894.79769003 0.00064016666325 9106.2016698 
61.2 894.797683444 0.000618987108089 9106.20169757 
61.3 894.797677076 0.000598505291174 9106.20172442 
61.4 894.797670918 0.000578698490978 9106.20175038 
61.5 894.797664962 0.000559545007965 9106.20177549 
61.6 894.797659204 0.000541024164599 9106.20179977 
61.7 894.797653636 0.000523116305339 9106.20182325 
61.8 894.797648252 0.000505802796642 9106.20184594 
61.9 894.797643048 0.00048906602696 9106.20186789 
62 894.797638019 0.000472889387085 9106.20188909 
62.1 894.797633156 0.000457250608264 9106.20190959 
62.2 894.797628454 0.000442127472273 9106.20192942 
62.3 894.797623907 0.000427502889743 9106.20194859 
62.4 894.79761951 0.000413360498573 9106.20196713 
62.5 894.797615258 0.000399684663931 9106.20198506 
62.6 894.797611146 0.000386460478257 9106.20200239 
62.7 894.79760717 0.000373673761255 9106.20201916 
62.8 894.797603326 0.000361311059902 9106.20203536 
62.9 894.79759961 0.000349359648442 9106.20205103 
63 894.797596018 0.000337807528388 9106.20206617 
63.1 894.797592547 0.000326642272092 9106.20208081 
63.2 894.79758919 0.000315846016449 9106.20209496 
63.3 894.797585944 0.000305405522857 9106.20210865 
63.4 894.797582804 0.000295308949564 9106.20212189 
63.5 894.797579769 0.00028554496295 9106.20213469 
63.6 894.797576833 0.000276102737523 9106.20214706 
63.7 894.797573994 0.000266971955925 9106.20215903 
63.8 894.797571249 0.000258142808927 9106.20217061 
63.9 894.797568594 0.000249605995432 9106.2021818 
64 894.797566028 0.000241352722473 9106.20219262 
64.1 894.797563547 0.000233374705215 9106.20220308 
64.2 894.797561149 0.000225661487777 9106.20221319 
64.3 894.79755883 0.00021820191617 9106.20222297 
64.4 894.797556587 0.000210987582857 9106.20223243 
64.5 894.797554417 0.000204010452275 9106.20224157 
64.6 894.797552319 0.000197262860042 9106.20225042 
64.7 894.797550291 0.000190737512955 9106.20225897 
64.8 894.797548329 0.000184427488991 9106.20226724 
64.9 894.797546432 0.000178326237307 9106.20227524 
65 894.797544597 0.000172427578239 9106.20228297 
65.1 894.797542825 0.000166725703302 9106.20229045 
65.2 894.797541111 0.000161214621911 9106.20229767 
65.3 894.797539454 0.000155884626571 9106.20230466 
65.4 894.797537851 0.00015072890679 9106.20231142 
65.5 894.7975363 0.000145741740675 9106.20231796 
65.6 894.7975348 0.000140917686281 9106.20232428 
65.7 894.797533349 0.000136251581607 9106.2023304 
65.8 894.797531946 0.000131738544599 9106.20233632 
65.9 894.797530589 0.00012737397315 9106.20234204 
66 894.797529277 0.000123153545099 9106.20234757 
66.1 894.797528008 0.000119073218231 9106.20235292 
66.2 894.797526782 0.000115129230275 9106.20235809 
66.3 894.797525597 0.000111318098909 9106.20236308 
66.4 894.797524452 0.000107636621755 9106.20236791 
66.5 894.797523347 0.000104081862966 9106.20237257 
66.6 894.797522279 0.000100647007268 9106.20237707 
66.7 894.797521246 9.73252489391e-05 9106.20238143 
66.8 894.797520247 9.41127755658e-05 9106.20238564 
66.9 894.797519281 9.10059389204e-05 9106.20238971 
67 894.797518347 8.80012549642e-05 9106.20239365 
67.1 894.797517444 8.50954038464e-05 9106.20239746 
67.2 894.79751657 8.22852299045e-05 9106.20240114 
67.3 894.797515725 7.9567741664e-05 9106.20240471 
67.4 894.797514908 7.69401118387e-05 9106.20240815 
67.5 894.797514118 7.43996773305e-05 9106.20241148 
67.6 894.797513355 7.19439392294e-05 9106.2024147 
67.7 894.797512617 6.95705628137e-05 9106.20241781 
67.8 894.797511904 6.72773775496e-05 9106.20242082 
67.9 894.797511215 6.50615787483e-05 9106.20242372 
68 894.797510548 6.29184931158e-05 9106.20242653 
68.1 894.797509904 6.08454808769e-05 9106.20242925 
68.2 894.79750928 5.88401743454e-05 9106.20243188 
68.3 894.797508677 5.69003151531e-05 9106.20243442 
68.4 894.797508094 5.50237542493e-05 9106.20243688 
68.5 894.797507529 5.32084519007e-05 9106.20243926 
68.6 894.797506983 5.1452477692e-05 9106.20244156 
68.7 894.797506455 4.97540105253e-05 9106.20244379 
68.8 894.797505944 4.81113386204e-05 9106.20244594 
68.9 894.79750545 4.65228595146e-05 9106.20244803 
69 894.797504973 4.4987080063e-05 9106.20245004 
69.1 894.797504511 4.35026164382e-05 9106.20245199 
69.2 894.797504065 4.20680982162e-05 9106.20245387 
69.3 894.797503634 4.0680707841e-05 9106.20245569 
69.4 894.797503217 3.93384070831e-05 9106.20245744 
69.5 894.797502813 3.80397179638e-05 9106.20245915 
69.6 894.797502422 3.67832368162e-05 9106.20246079 
69.7 894.797502044 3.5567634285e-05 9106.20246239 
69.8 894.797501679 3.43916553269e-05 9106.20246393 
69.9 894.797501325 3.325411921e-05 9106.20246542 
70 894.797500983 3.21539195142e-05 9106.20246686 
