Time S I R
0.0  10000 1 0
0.1 9999.86178519 1.04366805545 0.0945467518151 
0.2 9999.71754038 1.08923986077 0.193219762583 
0.3 9999.56699737 1.13679995757 0.29620267204 
0.4 9999.40988371 1.18643422684 0.403682065723 
0.5 9999.2459132 1.23823286108 0.515853934352 
0.6 9999.07478714 1.29228998992 0.632922865715 
0.7 9998.89619393 1.34870378785 0.755102284812 
0.8 9998.70980767 1.4075769138 0.882615416262 
0.9 9998.51528916 1.46901620825 1.01569463077 
1 9998.31228445 1.53313313737 1.15458241725 
1.1 9998.10042409 1.60004402178 1.29953188994 
1.2 9997.87932248 1.66987025278 1.45080726892 
1.3 9997.64857745 1.742738411 1.608684144 
1.4 9997.40776889 1.81878069175 1.77345041939 
1.5 9997.15645969 1.89813462181 1.94540568379 
1.6 9996.89419388 1.98094363203 2.12486248505 
1.7 9996.62049458 2.06735768549 2.3121477333 
1.8 9996.33486429 2.1575331975 2.50760251308 
1.9 9996.03678391 2.25163333398 2.71158275684 
2 9995.72571283 2.34982797795 2.92445919004 
2.1 9995.4010868 2.45229439999 3.14661880215 
2.2 9995.0623172 2.55921746798 3.37846533051 
2.3 9994.70878972 2.67079006353 3.62042021405 
2.4 9994.33986395 2.78721320349 3.87292284244 
2.5 9993.95487199 2.90869647011 4.13643153647 
2.6 9993.55311652 3.03545859339 4.41142488208 
2.7 9993.13387075 3.16772748072 4.69840177245 
2.8 9992.69637673 3.30574071599 4.99788255169 
2.9 9992.23984337 3.44974617996 5.31041045125 
3 9991.76344607 3.60000214761 5.63655177897 
3.1 9991.26632484 3.75677787711 5.97689728639 
3.2 9990.74758131 3.92035447711 6.3320642098 
3.3 9990.20628002 4.09102457239 6.70269540679 
3.4 9989.64144612 4.2690929707 7.08946091298 
3.5 9989.05206383 4.45487713649 7.49305903139 
3.6 9988.4370749 4.6487076686 7.91421743237 
3.7 9987.79537283 4.85092996242 8.35369721011 
3.8 9987.12580344 5.0619040865 8.81229247803 
3.9 9986.42716485 5.2820048089 9.29083033615 
4 9985.69820399 5.51162263788 9.79017337032 
4.1 9984.93761436 5.75116447074 10.3112211709 
4.2 9984.14403406 6.00105417323 10.8549117697 
4.3 9983.31604426 6.26173295277 11.4222227886 
4.4 9982.45216566 6.53366053027 12.0141738123 
4.5 9981.55085638 6.81731572096 12.6318278944 
4.6 9980.61050956 7.113197151 13.2762932898 
4.7 9979.6294507 7.42182402052 13.9487252832 
4.8 9978.60593485 7.74373679176 14.6503283628 
4.9 9977.53814392 8.07949803501 15.3823580446 
5 9976.42418399 8.42969331422 16.1461226989 
5.1 9975.26208226 8.79493199061 16.9429857445 
5.2 9974.04978413 9.17584808777 17.7743677805 
5.3 9972.78514944 9.57310129343 18.6417492627 
5.4 9971.46594678 9.98737836527 19.5466748543 
5.5 9970.08985358 10.4193934142 20.4907530015 
5.6 9968.65445173 10.8698890701 21.4756592038 
5.7 9967.15722366 11.3396375408 22.5031388014 
5.8 9965.5955487 11.8294416505 23.5750096452 
5.9 9963.96669759 12.3401360074 24.6931664067 
6 9962.26782891 12.8725880669 25.8595830262 
6.1 9960.49598645 13.4276991637 27.0763143904 
6.2 9958.6480941 14.0064057079 28.3455001877 
6.3 9956.72095155 14.6096803578 29.6693680895 
6.4 9954.71122942 15.2385331768 31.0502374038 
6.5 9952.61546283 15.8940126481 32.4905245218 
6.6 9950.43004903 16.5772071754 33.9927437928 
6.7 9948.15124193 17.289246282 35.5595117865 
6.8 9945.77514685 18.0313018703 37.1935512803 
6.9 9943.29771536 18.804589527 38.8976951162 
7 9940.71473934 19.610369334 40.6748913267 
7.1 9938.02184547 20.4499471207 42.5282074113 
7.2 9935.21449029 21.3246763258 44.4608333882 
7.3 9932.28795411 22.2359590385 46.476086848 
7.4 9929.23733532 23.1852472128 48.5774174631 
7.5 9926.05754565 24.1740431232 50.7684112285 
7.6 9922.74330285 25.2039015037 53.0527956471 
7.7 9919.28912474 26.2764307149 55.4344445404 
7.8 9915.68932312 27.3932939131 57.9173829664 
7.9 9911.93799822 28.5562093051 60.5057924739 
8 9908.02903288 29.7669507063 63.2040164163 
8.1 9903.95608466 31.0273503405 66.0165649966 
8.2 9899.71257997 32.339299187 68.9481208391 
8.3 9895.29170775 33.7047478065 72.0035444462 
8.4 9890.68641687 35.1257045967 75.1878785317 
8.5 9885.88940624 36.6042389272 78.5063548338 
8.6 9880.89311824 38.1424818678 81.9643998875 
8.7 9875.68973294 39.742626393 85.5676406652 
8.8 9870.27116442 41.4069261519 89.3219094292 
8.9 9864.62905819 43.1376935266 93.2332482842 
9 9858.75477834 44.9373040055 97.3079176587 
9.1 9852.63940424 46.8081944948 101.552401265 
9.2 9846.27372529 48.7528628473 105.973411864 
9.3 9839.64824533 50.7738618812 110.577892789 
9.4 9832.75317052 52.8738025707 115.373026906 
9.5 9825.57840301 55.0553539157 120.366243079 
9.6 9818.11353856 57.3212404965 125.565220943 
9.7 9810.34786771 59.6742382757 130.977894018 
9.8 9802.2703835 62.1171668588 136.612449644 
9.9 9793.86976181 64.652895817 142.477342372 
10 9785.13436518 67.2843388155 148.581296005 
10.1 9776.05224207 70.01445001 154.93330792 
10.2 9766.61114534 72.8462112502 161.542643413 
10.3 9756.79852259 75.7826325304 168.418844881 
10.4 9746.60151073 78.8267503574 175.571738913 
10.5 9736.00694365 81.9816197644 183.011436583 
10.6 9725.00136274 85.2503051912 190.74833207 
10.7 9713.57104592 88.6358631463 198.793090929 
10.8 9701.70198232 92.1413484765 207.156669205 
10.9 9689.3798895 95.7698019082 215.850308587 
11 9676.59022432 99.5242403243 224.885535359 
11.1 9663.31822206 103.407635867 234.274142069 
11.2 9649.54890146 107.422908227 244.028190316 
11.3 9635.26706188 111.572919745 254.160018371 
11.4 9620.457311 115.860458549 264.682230448 
11.5 9605.10409106 120.288222512 275.607686432 
11.6 9589.19173828 124.858792171 286.949469552 
11.7 9572.70446335 129.574629144 298.720907504 
11.8 9555.62638847 134.438055842 310.935555692 
11.9 9537.94157969 139.451236451 323.607183863 
12 9519.63410736 144.616151557 336.749741079 
12.1 9500.68808276 149.93457765 350.377339588 
12.2 9481.08766713 155.408072344 364.504260524 
12.3 9460.81712764 161.037948697 379.144923659 
12.4 9439.86088578 166.825251807 394.313862418 
12.5 9418.20359836 172.77073444 410.025667195 
12.6 9395.83017429 178.874831761 426.294993952 
12.7 9372.72583377 185.137635083 443.136531151 
12.8 9348.87616971 191.558864678 460.564965614 
12.9 9324.2672174 198.137852645 478.594929958 
13 9298.88552191 204.873519144 497.240958943 
13.1 9272.71818955 211.764326198 516.517484256 
13.2 9245.7529644 218.808256381 536.43877922 
13.3 9217.97830093 226.00278279 557.01891628 
13.4 9189.38342807 233.344869352 578.271702575 
13.5 9159.95841716 240.830967644 600.210615194 
13.6 9129.69428472 248.456923694 622.848791583 
13.7 9098.58306444 256.217977675 646.198957888 
13.8 9066.61789137 264.108736505 670.273372129 
13.9 9033.79303734 272.123193496 695.083769159 
14 9000.10392656 280.254768499 720.641304944 
14.1 8965.5473573 288.496159207 746.956483493 
14.2 8930.1215327 296.839371568 774.039095732 
14.3 8893.82614413 305.275703523 801.898152343 
14.4 8856.66239324 313.79577354 830.541833222 
14.5 8818.63292373 322.389614796 859.977461477 
14.6 8779.74209568 331.046528599 890.211375719 
14.7 8739.99598264 339.755135903 921.248881454 
14.8 8699.40241262 348.503393886 953.094193497 
14.9 8657.97092794 357.278641916 985.750430141 
15 8615.71293392 366.067582016 1019.21948406 
15.1 8572.64172646 374.856304948 1053.50196859 
15.2 8528.77251417 383.630321684 1088.59716414 
15.3 8484.12226236 392.374681887 1124.50305575 
15.4 8438.7098394 401.073951569 1161.21620903 
15.5 8392.55605049 409.712245776 1198.73170373 
15.6 8345.68360141 418.273296037 1237.04310255 
15.7 8298.11696866 426.740525102 1276.14250624 
15.8 8249.88239484 435.097105756 1316.0204994 
15.9 8201.00793561 443.326015277 1356.66604911 
16 8151.52336792 451.410115372 1398.06651671 
16.1 8101.46008995 459.332216975 1440.20769308 
16.2 8050.85100774 467.075148572 1483.07384369 
16.3 7999.73053911 474.621866315 1526.64759457 
16.4 7948.13448653 481.955533079 1570.90998039 
16.5 7896.09993067 489.059586279 1615.84048305 
16.6 7843.66510768 495.91774833 1661.41714399 
16.7 7790.86929844 502.514221815 1707.61647975 
16.8 7737.75269201 508.83375396 1754.41355403 
16.9 7684.35625491 514.861710629 1801.78203446 
17 7630.72169014 520.584015168 1849.69429469 
17.1 7576.89118886 525.987375486 1898.12143565 
17.2 7522.90728168 531.059356594 1947.03336172 
17.3 7468.81269339 535.788440523 1996.39886608 
17.4 7414.65036229 540.163934528 2046.18570318 
17.5 7360.4631785 544.176131751 2096.36068975 
17.6 7306.29376708 547.816423913 2146.88980901 
17.7 7252.18436719 551.077318776 2197.73831404 
17.8 7198.17684673 553.952374291 2248.87077898 
17.9 7144.3125738 556.436221947 2300.25120425 
18 7090.6320825 558.524720458 2351.84319704 
18.1 7037.17501607 560.214921035 2403.6100629 
18.2 6983.9800902 561.505037079 2455.51487272 
18.3 6931.0851373 562.394372596 2507.52049011 
18.4 6878.52671392 562.883440449 2559.58984564 
18.5 6826.34009146 562.9739043 2611.68600424 
18.6 6774.5591996 562.668548781 2663.77225162 
18.7 6723.21673464 561.971217452 2715.81204791 
18.8 6672.34386103 560.886812209 2767.76932676 
18.9 6621.97019755 559.421239366 2819.60856309 
19 6572.12378415 557.581358406 2871.29485745 
19.1 6522.8311569 555.374974484 2922.79386861 
19.2 6474.11721925 552.810736475 2974.07204428 
19.3 6426.00521611 549.89806793 3025.09671596 
19.4 6378.51674071 546.647103174 3075.83615612 
19.5 6331.67175094 543.068710513 3126.25953855 
19.6 6285.48856881 539.174380926 3176.33705027 
19.7 6239.98388647 534.976101723 3226.04001181 
19.8 6195.17279694 530.486306028 3275.34089703 
19.9 6151.06879132 525.717875091 3324.21333359 
20 6107.68377624 520.6841082 3372.63211556 
