Time S I R
0.0  10000 1 0
0.1 9999.93486056 0.991373502531 0.0737659355562 
0.2 9999.87028384 0.982821051159 0.146895108009 
0.3 9999.80626397 0.974341884068 0.219394143838 
0.4 9999.74279808 0.965935627354 0.291266293701 
0.5 9999.67988037 0.957601527879 0.362518106654 
0.6 9999.61750536 0.949338874193 0.433155769404 
0.7 9999.55566873 0.941147104837 0.50318416033 
0.8 9999.49436611 0.933025648243 0.572608245996 
0.9 9999.43359282 0.92497390013 0.64143327802 
1 9999.37334439 0.91699127602 0.70966433199 
1.1 9999.3136163 0.909077188101 0.777306513103 
1.2 9999.25440408 0.901231054946 0.84436486992 
1.3 9999.19570317 0.893452285076 0.910844540269 
1.4 9999.13750935 0.885740324341 0.976750330516 
1.5 9999.07981814 0.878094593377 1.04208727096 
1.6 9999.02262526 0.870514533471 1.10686020889 
1.7 9998.96592642 0.862999585036 1.1710739992 
1.8 9998.90971735 0.855549192984 1.23473345685 
1.9 9998.85399385 0.84816280865 1.29784333982 
2 9998.79875176 0.840839889786 1.36040834913 
2.1 9998.74398695 0.833579897766 1.4224331539 
2.2 9998.68969526 0.826382290891 1.48392245138 
2.3 9998.63587262 0.819246538479 1.54488084064 
2.4 9998.58251502 0.812172115885 1.60531286721 
2.5 9998.52961847 0.805158503878 1.66522302868 
2.6 9998.47717904 0.798205188638 1.72461577469 
2.7 9998.4251928 0.791311657412 1.78349554587 
2.8 9998.3736558 0.784477394734 1.84186680758 
2.9 9998.32256417 0.777701895436 1.89973393357 
3 9998.27191408 0.770984658947 1.95710125691 
3.1 9998.22170174 0.764325189079 2.01397307194 
3.2 9998.17192337 0.75772299403 2.0703536343 
3.3 9998.12257524 0.751177585212 2.12624717161 
3.4 9998.07365364 0.74468847736 2.1816578826 
3.5 9998.02515489 0.738255190399 2.23658991981 
3.6 9997.97707535 0.731877248447 2.29104739878 
3.7 9997.92941142 0.725554179811 2.34503439816 
3.8 9997.88215954 0.719285518746 2.39855494352 
3.9 9997.83531611 0.713070795746 2.45161309629 
4 9997.78887764 0.706909553111 2.50421281123 
4.1 9997.74284063 0.70080133414 2.55635803535 
4.2 9997.69720163 0.694745686251 2.60805267938 
4.3 9997.65195722 0.688742160947 2.65930061807 
4.4 9997.60710399 0.682790313576 2.71010569234 
4.5 9997.56263855 0.676889698317 2.76047175492 
4.6 9997.51855752 0.671039875306 2.81040260551 
4.7 9997.4748576 0.665240410551 2.85990199163 
4.8 9997.4315355 0.659490873867 2.90897362732 
4.9 9997.38858797 0.653790838836 2.95762119354 
5 9997.34601178 0.648139882773 3.00584833851 
5.1 9997.30380374 0.642537586686 3.053658678 
5.2 9997.26196067 0.636983535242 3.10105579571 
5.3 9997.22047944 0.63147731673 3.14804324357 
5.4 9997.17935693 0.626018523023 3.19462454213 
5.5 9997.13859007 0.62060674954 3.24080318085 
5.6 9997.09817579 0.615241595211 3.28658261844 
5.7 9997.05811105 0.609922662442 3.33196628323 
5.8 9997.01839287 0.604649557073 3.37695757348 
5.9 9996.97901825 0.599421888345 3.42155985772 
6 9996.93998426 0.594239268863 3.4657764751 
6.1 9996.90128795 0.589101314556 3.50961073571 
6.2 9996.86292643 0.584007644645 3.55306592092 
6.3 9996.82489683 0.578957881603 3.59614528374 
6.4 9996.7871963 0.573951651117 3.63885204912 
6.5 9996.74982199 0.568988579763 3.68118943381 
6.6 9996.71277106 0.564068294984 3.72316064648 
6.7 9996.67604073 0.559190430642 3.76476884066 
6.8 9996.63962823 0.554354623635 3.80601714344 
6.9 9996.60353083 0.549560513799 3.84690865632 
7 9996.5677458 0.544807743867 3.88744645564 
7.1 9996.53227045 0.540095959432 3.92763359289 
7.2 9996.4971021 0.535424808902 3.9674730951 
7.3 9996.46223809 0.530793943468 4.00696796519 
7.4 9996.4276758 0.526203017054 4.04612118231 
7.5 9996.39341261 0.521651686289 4.08493570224 
7.6 9996.35944593 0.517139610458 4.12341445773 
7.7 9996.32577319 0.512666451466 4.16156035886 
7.8 9996.29239183 0.5082318738 4.1993762934 
7.9 9996.25929933 0.503835544486 4.23686512718 
8 9996.22649316 0.499477133052 4.27402970446 
8.1 9996.19397084 0.495156311485 4.31087284825 
8.2 9996.16172989 0.490872754196 4.34739736071 
8.3 9996.12976784 0.486626137976 4.38360602352 
8.4 9996.09808226 0.482416141959 4.41950159819 
8.5 9996.06667075 0.478242449962 4.45508680431 
8.6 9996.03553104 0.474104763458 4.49036419887 
8.7 9996.00466081 0.470002776307 4.52533641126 
8.8 9995.97405774 0.465936182314 4.56000607304 
8.9 9995.94371953 0.461904677957 4.5943757925 
9 9995.91364388 0.45790796237 4.62844815483 
9.1 9995.88382854 0.453945737319 4.66222572231 
9.2 9995.85427126 0.450017707187 4.69571103448 
9.3 9995.82496981 0.446123578951 4.7289066083 
9.4 9995.795922 0.442263062164 4.76181493835 
9.5 9995.76712563 0.438435868935 4.79443849699 
9.6 9995.73857855 0.434641713909 4.82677973454 
9.7 9995.71027861 0.430880314248 4.85884107944 
9.8 9995.68222367 0.42715138961 4.89062493844 
9.9 9995.65441164 0.423454662132 4.92213369679 
10 9995.62684043 0.419789856405 4.95336971839 
10.1 9995.59950795 0.416156698914 4.98433535094 
10.2 9995.57241213 0.412554914511 5.01503295805 
10.3 9995.54555091 0.4089842329 5.04546486014 
10.4 9995.51892226 0.405444386826 5.07563335098 
10.5 9995.49252418 0.401935111253 5.10554070515 
10.6 9995.46635468 0.398456143341 5.13518917821 
10.7 9995.44041177 0.395007222424 5.16458100699 
10.8 9995.4146935 0.391588089979 5.19371840976 
10.9 9995.38919792 0.388198489606 5.22260358646 
11 9995.36392311 0.384838167002 5.25123871895 
11.1 9995.33886716 0.381506869934 5.2796259712 
11.2 9995.31402816 0.378204348217 5.30776748955 
11.3 9995.28940424 0.374930353688 5.33566540289 
11.4 9995.26499354 0.371684640178 5.36332182291 
11.5 9995.24079419 0.368466963495 5.39073884431 
11.6 9995.21680437 0.36527708139 5.41791854504 
11.7 9995.19302226 0.362114754065 5.44486298159 
11.8 9995.1694461 0.358979748079 5.47157415277 
11.9 9995.14607411 0.355871829309 5.49805406497 
12 9995.12290452 0.35279076467 5.52430471625 
12.1 9995.09993559 0.349736323048 5.55032808762 
12.2 9995.07716558 0.346708275285 5.57612614321 
12.3 9995.05459278 0.34370639416 5.60170083042 
12.4 9995.03221547 0.340730454367 5.6270540801 
12.5 9995.01003196 0.337780232497 5.65218780675 
12.6 9994.98804058 0.33485550702 5.67710390864 
12.7 9994.96623967 0.331956058264 5.701804268 
12.8 9994.94462758 0.329081668398 5.72629075121 
12.9 9994.92320267 0.326232121411 5.75056520892 
13 9994.90196332 0.323407203093 5.77462947627 
13.1 9994.88090793 0.320606701016 5.79848537305 
13.2 9994.86003489 0.317830404516 5.82213470383 
13.3 9994.83934264 0.315078104858 5.84557925649 
13.4 9994.81882962 0.312349596844 5.86882078769 
13.5 9994.79849428 0.309644676005 5.8918610482 
13.6 9994.77833508 0.306963139194 5.91470177759 
13.7 9994.75835051 0.304304784991 5.93734470056 
13.8 9994.73853906 0.301669413688 5.95979152702 
13.9 9994.71889922 0.299056827272 5.98204395231 
14 9994.69942951 0.296466829407 6.0041036573 
14.1 9994.68012847 0.29389922542 6.02597230855 
14.2 9994.66099462 0.291353822279 6.04765155848 
14.3 9994.64202653 0.288830428582 6.06914304548 
14.4 9994.62322275 0.286328854538 6.09044839411 
14.5 9994.60458187 0.283848911946 6.11156921518 
14.6 9994.58610248 0.281390414186 6.13250710597 
14.7 9994.56778317 0.278953176195 6.15326365032 
14.8 9994.54962257 0.276537014454 6.17384041883 
14.9 9994.53161929 0.274141747084 6.1942389679 
15 9994.51377198 0.271767194996 6.21446082916 
15.1 9994.49607929 0.269413179949 6.23450752732 
15.2 9994.4785399 0.267079524891 6.25438057712 
15.3 9994.46115247 0.264766054273 6.27408148035 
15.4 9994.44391568 0.262472594031 6.29361172601 
15.5 9994.42682824 0.260198971575 6.31297279043 
15.6 9994.40988885 0.25794501577 6.33216613744 
15.7 9994.39309622 0.255710556922 6.35119321845 
15.8 9994.3764491 0.253495426765 6.37005547264 
15.9 9994.35994621 0.251299458442 6.38875432703 
16 9994.34358632 0.249122486492 6.40729119668 
16.1 9994.32736817 0.246964346834 6.42566748476 
16.2 9994.31129054 0.244824876755 6.44388458274 
16.3 9994.29535221 0.242703914889 6.46194387048 
16.4 9994.27955198 0.240601301206 6.47984671639 
16.5 9994.26388867 0.23851687982 6.49759445223 
16.6 9994.24836105 0.236450488779 6.51518846461 
16.7 9994.23296798 0.234401976794 6.53263004512 
16.8 9994.2177083 0.232371189548 6.54992051294 
16.9 9994.20258085 0.230357974048 6.56706117587 
17 9994.18758449 0.228362178614 6.58405333045 
17.1 9994.17271809 0.22638365286 6.60089826208 
17.2 9994.15798051 0.224422247684 6.61759724513 
17.3 9994.14337064 0.222477815252 6.6341515431 
17.4 9994.12888738 0.22055020898 6.65056240874 
17.5 9994.11452963 0.218639283526 6.66683108415 
17.6 9994.1002963 0.216744894771 6.68295880094 
17.7 9994.08618632 0.214866899809 6.6989467803 
17.8 9994.07219861 0.213005156928 6.71479623317 
17.9 9994.05833211 0.211159525603 6.73050836034 
18 9994.04458578 0.209329866475 6.74608435256 
18.1 9994.03095857 0.207516041446 6.76152538978 
18.2 9994.01744946 0.205717915108 6.77683262825 
18.3 9994.00405743 0.203935352437 6.79200722128 
18.4 9993.99078146 0.202168219068 6.80705031666 
18.5 9993.97762057 0.200416381779 6.82196305238 
18.6 9993.96457373 0.198679708481 6.83674655674 
18.7 9993.95163998 0.196958068204 6.8514019484 
18.8 9993.93881833 0.19525133109 6.86593033652 
18.9 9993.92610781 0.193559368379 6.88033282083 
19 9993.91350746 0.191882052402 6.89461049171 
19.1 9993.90101631 0.190219256568 6.90876443029 
19.2 9993.88863344 0.188570855357 6.92279570853 
19.3 9993.87635789 0.186936724306 6.93670538932 
19.4 9993.86418873 0.185316740004 6.95049452653 
19.5 9993.85212505 0.18371078008 6.96416416514 
19.6 9993.84016594 0.182118723194 6.97771534127 
19.7 9993.82831047 0.180540449027 6.99114908229 
19.8 9993.81655775 0.178975838276 7.00446640689 
19.9 9993.8049069 0.177424772639 7.01766832516 
20 9993.79335703 0.175887134811 7.03075583865 
