Time S I R
0.0  10000 1 0
0.1 9999.86815857 1.04949930355 0.0823421294381 
0.2 9999.72979733 1.10144527543 0.168757398354 
0.3 9999.58458679 1.15596144115 0.259451769848 
0.4 9999.43219138 1.21317359645 0.354635025908 
0.5 9999.27225637 1.27321470104 0.454528929703 
0.6 9999.10440934 1.33622433627 0.559366328518 
0.7 9998.92825935 1.40234900095 0.669391650558 
0.8 9998.74339595 1.47174249467 0.784861554725 
0.9 9998.54938811 1.54456630684 0.906045584489 
1 9998.34578489 1.62098936027 1.03322574501 
1.1 9998.13211229 1.70118920435 1.1666985097 
1.2 9997.90787342 1.78535191954 1.30677466276 
1.3 9997.67254649 1.87367289623 1.453780618 
1.4 9997.42558393 1.96635713746 1.6080589344 
1.5 9997.16641155 2.06361958269 1.7699688644 
1.6 9996.89442826 2.16568520964 1.93988652631 
1.7 9996.60900214 2.27279048552 2.11820737725 
1.8 9996.30946961 2.38518367111 2.30534672274 
1.9 9995.99513424 2.50312527359 2.50174048859 
2 9995.66526678 2.62688801995 2.70784520195 
2.1 9995.31910198 2.75675803728 2.92413997816 
2.2 9994.95583703 2.89303543923 3.15112753454 
2.3 9994.57462931 3.03603512027 3.38933556826 
2.4 9994.17459567 3.18608706503 3.63931726319 
2.5 9993.75480941 3.34353742722 3.90165316342 
2.6 9993.31429806 3.50874935208 4.1769525923 
2.7 9992.85204242 3.68210333305 4.4658542496 
2.8 9992.36697297 3.86399852317 4.76902850766 
2.9 9991.85796788 4.05485346007 5.087178659 
3 9991.32385131 4.25510669436 5.42104199299 
3.1 9990.76338803 4.46521872758 5.77139323884 
3.2 9990.17528399 4.68567183348 6.13904417375 
3.3 9989.55818344 4.91697110546 6.5248454537 
3.4 9988.91066596 5.15964553604 6.92968850144 
3.5 9988.23124218 5.41424955909 7.35450825858 
3.6 9987.51834568 5.68136591937 7.80028840355 
3.7 9986.77033648 5.96160449059 8.26805903223 
3.8 9985.98549536 6.25560431373 8.75890032504 
3.9 9985.16201966 6.56403510767 9.27394523006 
4 9984.29801985 6.88759845667 9.81438169067 
4.1 9983.39151611 7.22702899092 10.3814548951 
4.2 9982.4404326 7.58309655247 10.9764708479 
4.3 9981.4425936 7.95660752357 11.6007988755 
4.4 9980.39571899 8.34840645298 12.2558745529 
4.5 9979.29741917 8.75937772855 12.9432031012 
4.6 9978.14519012 9.19044732079 13.6643625565 
4.7 9976.9364087 9.64258459802 14.4210066974 
4.8 9975.6683272 10.1168041712 15.2148686318 
4.9 9974.3380678 10.6141678277 16.0477643766 
5 9972.94261348 11.1357874816 16.9215990398 
5.1 9971.47880408 11.6828266837 17.838369232 
5.2 9969.94333124 12.2565024627 18.8001662966 
5.3 9968.33273091 12.8580878376 19.8091812539 
5.4 9966.64337641 13.4889141823 20.8677094098 
5.5 9964.87146832 14.1503742173 21.9781574611 
5.6 9963.01303012 14.8439239276 23.1430459514 
5.7 9961.06390048 15.5710851447 24.3650143729 
5.8 9959.01972495 16.3334482793 25.646826766 
5.9 9956.87594721 17.1326751055 26.9913776861 
6 9954.62779754 17.9705018912 28.4017005685 
6.1 9952.27028792 18.8487418584 29.880970224 
6.2 9949.79820196 19.769288244 31.4325097925 
6.3 9947.20608533 20.734117363 33.05979731 
6.4 9944.48823515 21.7452916269 34.7664732263 
6.5 9941.6386882 22.8049625286 36.5563492676 
6.6 9938.65121315 23.9153741432 38.4334127052 
6.7 9935.51929884 25.0788663334 40.4018348306 
6.8 9932.23614323 26.2978779286 42.4659788413 
6.9 9928.79464252 27.574949046 44.6304084298 
7 9925.18737903 28.9127255876 46.8998953851 
7.1 9921.40660933 30.3139624678 49.2794281974 
7.2 9917.4442522 31.7815268866 51.7742209117 
7.3 9913.29187684 33.3183997629 54.3897234017 
7.4 9908.94068966 34.927680477 57.1316298591 
7.5 9904.38152123 36.6125905561 60.0058882134 
7.6 9899.6048131 38.3764766352 63.0187102671 
7.7 9894.6006074 40.2228109229 66.1765816754 
7.8 9889.35853314 42.1551945094 69.48627235 
7.9 9883.86779015 44.1773626184 72.9548472329 
8 9878.11713655 46.2931863234 76.5896771217 
8.1 9872.09487834 48.5066726297 80.398449034 
8.2 9865.78886026 50.8219632714 84.3891764705 
8.3 9859.18644433 53.2433430187 88.5702126498 
8.4 9852.27449934 55.7752391587 92.9502614978 
8.5 9845.03939039 58.4222210586 97.5383885547 
8.6 9837.46697857 61.1889925915 102.344028838 
8.7 9829.54259416 64.0804025024 107.377003341 
8.8 9821.25102817 67.1014419729 112.647529857 
8.9 9812.57652323 70.2572426141 118.166234154 
9 9803.50278434 73.5530619007 123.94415376 
9.1 9794.01295227 76.994291664 129.992756066 
9.2 9784.08959433 80.586455582 136.323950088 
9.3 9773.71470016 84.3352033405 142.950096504 
9.4 9762.86970219 88.2462904806 149.884007326 
9.5 9751.53546293 92.325577209 157.138959857 
9.6 9739.69225778 96.5790295027 164.728712721 
9.7 9727.31978252 101.012705785 172.667511697 
9.8 9714.39717774 105.63273463 180.970087632 
9.9 9700.90305148 110.445293115 189.651655402 
10 9686.81544432 115.456615823 198.727939858 
10.1 9672.11185589 120.672970592 208.215173518 
10.2 9656.76927284 126.100634007 218.130093152 
10.3 9640.76423532 131.745847541 228.489917138 
10.4 9624.07279319 137.614827737 239.312379076 
10.5 9606.67054931 143.713733126 250.615717564 
10.6 9588.53269764 150.048633841 262.418668521 
10.7 9569.63412806 156.625451578 274.740420358 
10.8 9549.94940037 163.449956567 287.600643061 
10.9 9529.45279423 170.527730684 301.019475083 
11 9508.11836882 177.864126034 315.017505144 
11.1 9485.92008982 185.464199316 329.615710863 
11.2 9462.83185646 193.332681285 344.83546225 
11.3 9438.82754686 201.473938897 360.698514239 
11.4 9413.88111186 209.891919286 377.226968855 
11.5 9387.96670372 218.590087812 394.443208463 
11.6 9361.05878242 227.571369251 412.369848328 
11.7 9333.13215586 236.838101142 431.029743 
11.8 9304.16211245 246.391966552 450.445920997 
11.9 9274.12455006 256.233934037 470.6415159 
12 9242.99613231 266.364200605 491.639667084 
12.1 9210.75436722 276.782109516 513.463523262 
12.2 9177.37776123 287.48608396 536.136154812 
12.3 9142.8459626 298.473563337 559.680474067 
12.4 9107.13990108 309.740987653 584.119111262 
12.5 9070.24195462 321.283666584 609.474378801 
12.6 9032.13610993 333.095716588 635.768173483 
12.7 8992.80812575 345.169997901 663.021876344 
12.8 8952.24560537 357.498159429 691.256235205 
12.9 8910.43823338 370.070497039 720.491269577 
13 8867.37796872 382.875869305 750.746161977 
13.1 8823.05920299 395.901659624 782.039137385 
13.2 8777.47877314 409.133859214 814.387367642 
13.3 8730.63613674 422.557017183 847.806846074 
13.4 8682.53368021 436.154082819 882.312236975 
13.5 8633.17681222 449.906433557 917.916754222 
13.6 8582.57397526 463.793952532 954.632072204 
13.7 8530.7365737 477.795167747 992.46825855 
13.8 8477.67946558 491.887007155 1031.43352726 
13.9 8423.42094594 506.044908113 1071.53414595 
14 8367.98276237 520.24289665 1112.77434098 
14.1 8311.38978864 534.453861871 1155.15634949 
14.2 8253.67055074 548.649358645 1198.68009061 
14.3 8194.85715684 562.799748113 1243.34309505 
14.4 8134.98526115 576.874318361 1289.14042049 
14.5 8074.09362792 590.841562169 1336.06480991 
14.6 8012.22443289 604.669173905 1384.10639321 
14.7 7949.42322205 618.324186389 1433.25259156 
14.8 7885.73875392 631.773158545 1483.48808754 
14.9 7821.22263522 644.982354265 1534.79501051 
15 7755.92924684 657.917928197 1587.15282496 
15.1 7689.91571467 670.546123469 1640.53816186 
15.2 7623.24162394 682.833487499 1694.92488856 
15.3 7555.96877125 694.746982883 1750.28424587 
15.4 7488.16089523 706.254114958 1806.58498981 
15.5 7419.88344708 717.323367728 1863.79318519 
15.6 7351.20327633 727.924354106 1921.87236956 
15.7 7282.18838873 738.027940141 1980.78367112 
15.8 7212.90786549 747.606097178 2040.48603733 
15.9 7143.43122116 756.632592561 2100.93618628 
16 7073.82814503 765.083065362 2162.08878961 
16.1 7004.16821291 772.935158484 2223.8966286 
16.2 6934.5211031 780.168157444 2286.31073946 
16.3 6864.95574104 786.763648545 2349.28061042 
16.4 6795.53999245 792.705633385 2412.75437416 
16.5 6726.34040641 797.980584641 2476.67900895 
16.6 6657.42252845 802.57710192 2541.00036963 
16.7 6588.85029228 806.48621255 2605.66349517 
16.8 6520.68549914 809.701597814 2670.61290304 
16.9 6452.98771421 812.219509802 2735.79277599 
17 6385.81441832 814.038595491 2801.14698619 
17.1 6319.22094898 815.159808308 2866.61924272 
17.2 6253.25976605 815.586627134 2932.15360681 
17.3 6187.98052626 815.324879895 2997.69459385 
17.4 6123.43008159 814.382651656 3063.18726676 
17.5 6059.65270415 812.770158735 3128.57713711 
17.6 5996.68952251 810.499665323 3193.81081216 
17.7 5934.57862485 807.585332819 3258.83604233 
17.8 5873.35505834 804.043096734 3323.60184493 
17.9 5813.05096056 799.890729984 3388.05830946 
18 5753.69543355 795.147444619 3452.15712183 
18.1 5695.31460588 789.833747778 3515.85164634 
18.2 5637.93170229 783.971287737 3579.09700997 
18.3 5581.56699621 777.583036384 3641.84996741 
18.4 5526.23797795 770.692865706 3704.06915635 
18.5 5471.95948574 763.325284682 3765.71522958 
18.6 5418.74380213 755.505327567 3826.7508703 
18.7 5366.6005661 747.258673836 3887.14076007 
18.8 5315.53690432 738.611479618 3946.85161606 
18.9 5265.55777408 729.589931296 4005.85229463 
19 5216.66601451 720.220222726 4064.11376276 
19.1 5168.86235384 710.528543344 4121.60910281 
19.2 5122.14532829 700.541162286 4178.31350942 
19.3 5076.51181606 690.283931997 4234.20425194 
19.4 5031.95704777 679.782306601 4289.26064563 
19.5 4988.47469088 669.061279811 4343.46402931 
19.6 4946.05668059 658.145498304 4396.79782111 
19.7 4904.69371348 647.058943428 4449.2473431 
19.8 4864.37530308 635.824912666 4500.79978425 
19.9 4825.0898748 624.465978039 4551.44414716 
20 4786.82464608 613.004018668 4601.17133525 
20.1 4749.56593504 601.460112745 4649.97395221 
20.2 4713.29929055 589.854499015 4697.84621044 
20.3 4678.00955866 578.206567369 4744.78387397 
20.4 4643.68085931 566.534826826 4790.78431386 
20.5 4610.29671251 554.856900057 4835.84638743 
20.6 4577.84020418 543.18953087 4879.97026495 
20.7 4546.29402415 531.548583977 4923.15739187 
20.8 4515.64049478 519.948995777 4965.41050944 
20.9 4485.86161178 508.404751879 5006.73363634 
21 4456.93921024 496.929031168 5047.13175859 
21.1 4428.85498318 485.534178979 5086.61083784 
21.2 4401.59053938 474.231740564 5125.17772005 
21.3 4375.12744742 463.032474752 5162.84007783 
21.4 4349.44717891 451.946121963 5199.60669913 
21.5 4324.53123545 440.981667015 5235.48709754 
21.6 4300.36117359 430.147353371 5270.49147304 
21.7 4276.91861718 419.450674629 5304.63070819 
21.8 4254.1854074 408.898445925 5337.91614668 
21.9 4232.14357024 398.496821549 5370.35960821 
22 4210.77529195 388.251319646 5401.9733884 
22.1 4190.0629776 378.166878066 5432.77014434 
22.2 4169.98925081 368.247790055 5462.76295913 
22.3 4150.53696016 358.497695251 5491.96534459 
22.4 4131.68921783 348.919763582 5520.39101859 
22.5 4113.42939363 339.516661219 5548.05394515 
22.6 4095.7411439 330.290573216 5574.96828288 
22.7 4078.608475 321.243212935 5601.14831207 
22.8 4062.01566335 312.375883707 5626.60845295 
22.9 4045.94728569 303.689499374 5651.36321493 
23 4030.3882288 295.184607387 5675.42716381 
23.1 4015.32373335 286.861372717 5698.81489393 
23.2 4000.73935059 278.719649797 5721.54099961 
23.3 3986.62094851 270.759001036 5743.62005046 
23.4 3972.95471509 262.978716126 5765.06656879 
23.5 3959.72717856 255.377811798 5785.89500964 
23.6 3946.92518913 247.955068821 5806.11974205 
23.7 3934.53590987 240.709057438 5825.75503269 
23.8 3922.54681606 233.638151977 5844.81503196 
23.9 3910.94571571 226.740543567 5863.31374072 
24 3899.72074412 220.014257601 5881.26499827 
24.1 3888.8603348 213.45717545 5898.68248975 
24.2 3878.3532254 207.067047267 5915.57972733 
24.3 3868.18846189 200.841505117 5931.970033 
24.4 3858.35540367 194.778074977 5947.86652135 
24.5 3848.84368935 188.874193063 5963.28211759 
24.6 3839.64324037 183.127216089 5978.22954354 
24.7 3830.74425321 177.534432083 5992.7213147 
24.8 3822.13719386 172.093070688 6006.76973545 
24.9 3813.8128457 166.800317662 6020.38683664 
25 3805.76225027 161.653318538 6033.58443119 
25.1 3797.97669513 156.64918588 6046.37411899 
25.2 3790.44771874 151.785007328 6058.76727393 
25.3 3783.16710266 147.057851641 6070.7750457 
25.4 3776.12687923 142.464783325 6082.40833744 
25.5 3769.319345 138.00288006 6093.67777494 
25.6 3762.73700915 133.669210994 6104.59377985 
25.7 3756.37260443 129.460851437 6115.16654413 
25.8 3750.21908103 125.374886867 6125.4060321 
25.9 3744.26960069 121.408416987 6135.32198232 
26 3738.5175522 117.558582419 6144.92386538 
26.1 3732.95652567 113.822546249 6154.22092808 
26.2 3727.58030356 110.197493116 6163.22220332 
26.3 3722.38285987 106.680636744 6171.93650338 
26.4 3717.35835419 103.269221213 6180.3724246 
26.5 3712.50113072 99.9605312731 6188.53833801 
26.6 3707.8057204 96.751907812 6196.44237179 
26.7 3703.26681992 93.6407195813 6204.0924605 
26.8 3698.87929246 90.6243750902 6211.49633245 
26.9 3694.63816281 87.7003235401 6218.66151365 
27 3690.53861257 84.8660555845 6225.59533184 
27.1 3686.57598223 82.1191233046 6232.30489446 
27.2 3682.74576059 79.457123547 6238.79711586 
27.3 3679.04357896 76.8776942027 6245.07872684 
27.4 3675.46520847 74.3785190433 6251.15627249 
27.5 3672.00655579 71.957327182 6257.03611703 
27.6 3668.66365974 69.611898242 6262.72444202 
27.7 3665.43268884 67.3400721914 6268.22723897 
27.8 3662.3099343 65.1397289621 6273.55033673 
27.9 3659.29180738 63.0087951838 6278.69939744 
28 3656.37483564 60.94524388 6283.67992048 
28.1 3653.55565944 58.9470938848 6288.49724668 
28.2 3650.83102895 57.0124205623 6293.15655049 
28.3 3648.1978003 55.139345777 6297.66285393 
28.4 3645.65293217 53.3260342815 6302.02103355 
28.5 3643.19348276 51.5706959672 6306.23582127 
28.6 3640.81660671 49.8715848153 6310.31180847 
28.7 3638.51955184 48.2270008245 6314.25344734 
28.8 3636.29965574 46.6352951497 6318.06504911 
28.9 3634.15434393 45.0948580233 6321.75079805 
29 3632.08112672 43.6041217706 6325.31475151 
29.1 3630.07759663 42.1615601018 6328.76084327 
29.2 3628.14142579 40.7656871691 6332.09288704 
29.3 3626.2703621 39.4150622529 6335.31457564 
29.4 3624.4622279 38.108284513 6338.42948759 
29.5 3622.71491794 36.8439903191 6341.44109174 
29.6 3621.02639683 35.620853939 6344.35274923 
29.7 3619.39469683 34.4375865064 6347.16771667 
29.8 3617.81791526 33.292936318 6349.88914842 
29.9 3616.29421129 32.1856909338 6352.52009777 
30 3614.821806 31.1146709224 6355.06352307 
30.1 3613.39897976 30.0787307712 6357.52228947 
30.2 3612.0240703 29.0767581286 6359.89917157 
30.3 3610.69547096 28.1076729048 6362.19685614 
30.4 3609.41162735 27.1704288211 6364.41794383 
30.5 3608.17103681 26.2640108269 6366.56495237 
30.6 3606.97224728 25.3874333626 6368.64031935 
30.7 3605.81385531 24.5397402873 6370.64640441 
30.8 3604.69450447 23.7200040271 6372.5854915 
30.9 3603.61288248 22.9273251621 6374.45979235 
31 3602.56772347 22.1608332232 6376.2714433 
31.1 3601.55779943 21.4196832033 6378.02251737 
31.2 3600.58192629 20.7030560169 6379.71501769 
31.3 3599.63895956 20.0101576396 6381.3508828 
31.4 3598.72779313 19.3402183949 6382.93198847 
31.5 3597.84735645 18.6924934952 6384.46015005 
31.6 3596.99661488 18.0662612507 6385.93712387 
31.7 3596.17456932 17.4608218687 6387.36460881 
31.8 3595.38025442 16.875497216 6388.74424837 
31.9 3594.61273741 16.3096301057 6390.07763248 
32 3593.87111706 15.7625835831 6391.36629936 
32.1 3593.15452218 15.2337414597 6392.61173636 
32.2 3592.46210998 14.7225096954 6393.81538032 
32.3 3591.79306619 14.2283109825 6394.97862282 
32.4 3591.14660344 13.7505859446 6396.10281061 
32.5 3590.52196011 13.2887926226 6397.18924727 
32.6 3589.91839916 12.8424058219 6398.23919502 
32.7 3589.33520738 12.4109166442 6399.25387598 
32.8 3588.77170094 11.9938355146 6400.23446354 
32.9 3588.22721823 11.5906882152 6401.18209355 
33 3587.70111807 11.201014875 6402.09786705 
33.1 3587.19278043 10.8243703203 6402.98284925 
33.2 3586.70160551 10.4603235464 6403.83807095 
33.3 3586.22701545 10.1084580188 6404.66452653 
33.4 3585.76845225 9.76837075874 6405.46317699 
33.5 3585.32537514 9.43967126981 6406.2349536 
33.6 3584.89726088 9.12198139785 6406.98075773 
33.7 3584.483603 8.81493482867 6407.70146217 
33.8 3584.08391369 8.51817803664 6408.39790828 
33.9 3583.69772411 8.23137041479 6409.07090548 
34 3583.32457876 7.95418115438 6409.72124008 
34.1 3582.96403708 7.68629005455 6410.34967287 
34.2 3582.61567278 7.42738711216 6410.9569401 
34.3 3582.27907436 7.17717268992 6411.54375296 
34.4 3581.95384659 6.93535829586 6412.11079512 
34.5 3581.63960585 6.70166397847 6412.65873017 
34.6 3581.33598103 6.4758187511 6413.18820022 
34.7 3581.04261305 6.25756029402 6413.69982666 
34.8 3580.75915486 6.04663487071 6414.19421027 
34.9 3580.48527344 5.84279844227 6414.67192811 
35 3580.22064579 5.6458143301 6415.13353988 
35.1 3579.96495926 5.45545335421 6415.57958739 
35.2 3579.71791137 5.27149368579 6416.01059494 
35.3 3579.4792098 5.09372080307 6416.4270694 
35.4 3579.24857306 4.92192789123 6416.82949904 
35.5 3579.02572998 4.75591546649 6417.21835455 
35.6 3578.81041714 4.59548982538 6417.59409303 
35.7 3578.60237981 4.44046355446 6417.95715664 
35.8 3578.40137151 4.2906552587 6418.30797323 
35.9 3578.20715544 4.14589041604 6418.64695414 
36 3578.01950288 4.00600035147 6418.97449677 
36.1 3577.83819204 3.87082152148 6419.29098644 
36.2 3577.66300851 3.74019574428 6419.59679574 
36.3 3577.493745 3.61397002069 6419.89228498 
36.4 3577.33020108 3.49199636829 6420.17780255 
36.5 3577.17218317 3.37413178857 6420.45368504 
36.6 3577.01950462 3.26023835621 6420.72025702 
36.7 3576.87198499 3.15018265674 6420.97783236 
36.8 3576.72945014 3.04383585842 6421.226714 
36.9 3576.59173219 2.94107364401 6421.46719416 
37 3576.4586694 2.84177614344 6421.69955445 
37.1 3576.33010599 2.74582779687 6421.92406621 
37.2 3576.20588934 2.65311562837 6422.14099503 
37.3 3576.08587194 2.5635304048 6422.35059766 
37.4 3575.96991152 2.47696671265 6422.55312177 
37.5 3575.85787024 2.39332242816 6422.74880733 
37.6 3575.74961462 2.3124986613 6422.93788672 
37.7 3575.64501725 2.23440080732 6423.12058194 
37.8 3575.54395478 2.15893727839 6423.29710794 
37.9 3575.44630795 2.08601950964 6423.46767254 
38 3575.35196181 2.01556208909 6423.6324761 
38.1 3575.26080547 1.94748256497 6423.79171197 
38.2 3575.17273059 1.88170052365 6423.94556889 
38.3 3575.08763292 1.81813851163 6424.09422857 
38.4 3575.00541184 1.75672173767 6424.23786642 
38.5 3574.92597005 1.69737788453 6424.37665206 
38.6 3574.84921353 1.64003705212 6424.51074941 
38.7 3574.77505164 1.58463179926 6424.64031656 
38.8 3574.70339666 1.53109688126 6424.76550646 
38.9 3574.63416384 1.47936922606 6424.88646693 
39 3574.56727127 1.42938787038 6425.00334086 
39.1 3574.50263982 1.38109390937 6425.11626627 
39.2 3574.44019307 1.33443046745 6425.22537647 
39.3 3574.3798572 1.28934257898 6425.33080022 
39.4 3574.32156093 1.24577715466 6425.43266191 
39.5 3574.26523544 1.20368293153 6425.53108163 
39.6 3574.21081416 1.16301032858 6425.62617551 
39.7 3574.15823263 1.12371131342 6425.71805606 
39.8 3574.10742865 1.08573954277 6425.80683181 
39.9 3574.05834212 1.04905022472 6425.89260766 
40 3574.01091495 1.01360006313 6425.97548499 
40.1 3573.96509104 0.979347237269 6426.05556172 
40.2 3573.92081621 0.946251357625 6426.13293243 
40.3 3573.87803811 0.914273383166 6426.20768851 
40.4 3573.83670615 0.883375597906 6426.27991825 
40.5 3573.79677149 0.853521570787 6426.34970694 
40.6 3573.75818685 0.82467604501 6426.4171371 
40.7 3573.72090656 0.79680494264 6426.4822885 
40.8 3573.68488651 0.769875373276 6426.54523811 
40.9 3573.65008414 0.743855567924 6426.60606029 
41 3573.61645833 0.718714846647 6426.66482683 
41.1 3573.58396938 0.694423588252 6426.72160703 
41.2 3573.55257892 0.670953149492 6426.77646793 
41.3 3573.52224967 0.648275721464 6426.8294746 
41.4 3573.49294576 0.626364516321 6426.88068972 
41.5 3573.46463252 0.605193659701 6426.93017382 
41.6 3573.43727647 0.584738154559 6426.97798538 
41.7 3573.41084526 0.564973854287 6427.02418089 
41.8 3573.38530766 0.545877434343 6427.06881491 
41.9 3573.36063341 0.527426309242 6427.11194028 
42 3573.33679331 0.509598665524 6427.15360802 
42.1 3573.31375915 0.492373444318 6427.1938674 
42.2 3573.2915037 0.475730304116 6427.23276599 
42.3 3573.27000066 0.459649599677 6427.27034974 
42.4 3573.24922462 0.444112362204 6427.30666301 
42.5 3573.22915103 0.429100237168 6427.34174874 
42.6 3573.20975606 0.414595439853 6427.3756485 
42.7 3573.19101677 0.400580830602 6427.4084024 
42.8 3573.17291101 0.38703985304 6427.44004914 
42.9 3573.15541736 0.373956515697 6427.47062612 
43 3573.13851517 0.36131537535 6427.50016946 
43.1 3573.12218446 0.34910151317 6427.52871403 
43.2 3573.10640586 0.337300460023 6427.55629368 
43.3 3573.09116071 0.325898257378 6427.58294104 
43.4 3573.07643095 0.314881428413 6427.60868762 
43.5 3573.06219918 0.304236954357 6427.63356387 
43.6 3573.04844856 0.293952260608 6427.65759918 
43.7 3573.03516285 0.284015203602 6427.68082195 
43.8 3573.02232632 0.274414028467 6427.70325965 
43.9 3573.00992376 0.265137367308 6427.72493887 
44 3572.9979405 0.256174253789 6427.74588525 
44.1 3572.98636236 0.247514095197 6427.76612355 
44.2 3572.97517566 0.239146661342 6427.78567768 
44.3 3572.96436719 0.231062074132 6427.80457074 
44.4 3572.95392417 0.223250786148 6427.82282505 
44.5 3572.94383421 0.215703535304 6427.84046226 
44.6 3572.93408537 0.208411394491 6427.85750323 
44.7 3572.92466613 0.201365742684 6427.87396813 
44.8 3572.91556533 0.194558252566 6427.88987642 
44.9 3572.90677222 0.187980881729 6427.90524689 
45 3572.89827643 0.181625863392 6427.92009771 
45.1 3572.89006786 0.175485667389 6427.93444647 
45.2 3572.8821368 0.169553021203 6427.94831018 
45.3 3572.87447387 0.163820909456 6427.96170522 
45.4 3572.86706999 0.158282556598 6427.97464745 
45.5 3572.85991643 0.15293142001 6427.98715215 
45.6 3572.85300473 0.147761183569 6427.99923409 
45.7 3572.84632675 0.142765751649 6428.0109075 
45.8 3572.83987456 0.137939209144 6428.02218623 
45.9 3572.83364051 0.133275822096 6428.03308366 
46 3572.82761722 0.128770074785 6428.0436127 
46.1 3572.82179757 0.124416639459 6428.05378579 
46.2 3572.81617466 0.120210370777 6428.06361497 
46.3 3572.81074187 0.116146300591 6428.07311183 
46.4 3572.80549277 0.11221963308 6428.0822876 
46.5 3572.80042116 0.108425727274 6428.09115311 
46.6 3572.79552101 0.104760073916 6428.09971891 
46.7 3572.79078653 0.10121833542 6428.10799514 
46.8 3572.7862121 0.0977963230668 6428.11599157 
46.9 3572.78179233 0.0944899915396 6428.12371768 
47 3572.77752198 0.0912954348337 6428.13118258 
47.1 3572.77339602 0.0882088824399 6428.1383951 
47.2 3572.76940958 0.0852266909566 6428.14536373 
47.3 3572.76555791 0.0823453156627 6428.15209677 
47.4 3572.76183646 0.0795613444536 6428.1586022 
47.5 3572.75824081 0.076871484754 6428.1648877 
47.6 3572.75476673 0.0742725567523 6428.17096071 
47.7 3572.7514101 0.071761490182 6428.17682841 
47.8 3572.74816697 0.0693353213136 6428.18249771 
47.9 3572.7450335 0.0669911889534 6428.18797531 
48 3572.74200598 0.0647263089807 6428.19326771 
48.1 3572.73908081 0.0625379956263 6428.1983812 
48.2 3572.73625453 0.0604236602144 6428.20332181 
48.3 3572.73352381 0.0583808023773 6428.20809539 
48.4 3572.73088541 0.0564070074577 6428.21270759 
48.5 3572.72833621 0.0544999440723 6428.21716385 
48.6 3572.72587321 0.0526573618102 6428.22146943 
48.7 3572.72349349 0.050877077164 6428.22562944 
48.8 3572.72119422 0.0491569769057 6428.22964881 
48.9 3572.71897268 0.0474950260652 6428.2335323 
49 3572.71682624 0.0458892591708 6428.2372845 
49.1 3572.71475238 0.0443377782316 6428.24090984 
49.2 3572.71274863 0.0428387508475 6428.24441262 
49.3 3572.71081263 0.0413904084496 6428.24779696 
49.4 3572.7089421 0.0399910383131 6428.25106686 
49.5 3572.70713481 0.0386389763905 6428.25422622 
49.6 3572.70538861 0.037332622786 6428.25727876 
49.7 3572.70370145 0.0360704324088 6428.26022811 
49.8 3572.70207133 0.034850913116 6428.26307775 
49.9 3572.70049633 0.0336726242049 6428.26583105 
50 3572.69897458 0.0325341750053 6428.26849125 
50.1 3572.69750429 0.031434221196 6428.27106149 
50.2 3572.6960837 0.0303714546759 6428.27354484 
50.3 3572.69471115 0.0293446169409 6428.27594424 
50.4 3572.69338499 0.0283524932733 6428.27826252 
50.5 3572.69210367 0.0273939105002 6428.28050242 
50.6 3572.69086567 0.0264677357961 6428.28266659 
50.7 3572.68966953 0.0255728755634 6428.28475759 
50.8 3572.68851384 0.0247082738916 6428.28677789 
50.9 3572.68739722 0.0238729038161 6428.28872988 
51 3572.68631835 0.023065774933 6428.29061588 
51.1 3572.68527595 0.0222859323812 6428.29243812 
51.2 3572.6842688 0.0215324539606 6428.29419875 
51.3 3572.68329569 0.0208044491924 6428.29589986 
51.4 3572.68235549 0.0201010584407 6428.29754345 
51.5 3572.68144708 0.0194214520852 6428.29913147 
51.6 3572.68056938 0.0187648245452 6428.30066579 
51.7 3572.67972136 0.0181303958304 6428.30214824 
51.8 3572.67890201 0.0175174153112 6428.30358057 
51.9 3572.67811036 0.016925157975 6428.30496448 
52 3572.67734547 0.0163529236741 6428.30630161 
52.1 3572.67660644 0.0158000364222 6428.30759352 
52.2 3572.67589241 0.0152658437374 6428.30884175 
52.3 3572.67520251 0.0147497140124 6428.31004777 
52.4 3572.67453595 0.0142510334753 6428.31121302 
52.5 3572.67389191 0.01376921192 6428.31233888 
52.6 3572.67326965 0.0133036793905 6428.31342667 
52.7 3572.67266843 0.0128538854568 6428.31447769 
52.8 3572.67208753 0.0124192986586 6428.31549317 
52.9 3572.67152628 0.0119994059862 6428.31647432 
53 3572.670984 0.0115937117434 6428.31742229 
53.1 3572.67046006 0.0112017335271 6428.31833821 
53.2 3572.66995383 0.0108230070098 6428.31922316 
53.3 3572.66946471 0.0104570841586 6428.3200782 
53.4 3572.66899213 0.0101035322768 6428.32090433 
53.5 3572.66853553 0.00976193356348 6428.32170253 
53.6 3572.66809437 0.0094318847035 6428.32247374 
53.7 3572.66766813 0.00911299637164 6428.32321888 
53.8 3572.66725629 0.00880488989555 6428.32393882 
53.9 3572.66685838 0.00850719976201 6428.32463442 
54 3572.66647392 0.00821957376071 6428.3253065 
54.1 3572.66610246 0.00794167171121 6428.32595586 
54.2 3572.66574356 0.00767316511244 6428.32658327 
54.3 3572.6653968 0.00741373681445 6428.32718947 
54.4 3572.66506175 0.00716308071261 6428.32777516 
54.5 3572.66473804 0.00692089841884 6428.32834106 
54.6 3572.66442527 0.00668690616671 6428.32888782 
54.7 3572.66412308 0.00646082400499 6428.3294161 
54.8 3572.6638311 0.00624238484866 6428.32992651 
54.9 3572.66354899 0.00603133062322 6428.33041968 
55 3572.66327643 0.0058274120724 6428.33089616 
55.1 3572.66301307 0.00563038856595 6428.33135654 
55.2 3572.66275863 0.00544002691598 6428.33180135 
55.3 3572.66251278 0.00525609957928 6428.33223112 
55.4 3572.66227524 0.00507838874223 6428.33264637 
55.5 3572.66204573 0.00490668431477 6428.33304759 
55.6 3572.66182398 0.00474078356887 6428.33343524 
55.7 3572.66160972 0.00458049092809 6428.33380979 
55.8 3572.66140271 0.00442561775713 6428.33417167 
55.9 3572.6612027 0.00427598215127 6428.33452132 
56 3572.66100946 0.00413140872602 6428.33485914 
56.1 3572.66082275 0.00399172788886 6428.33518552 
56.2 3572.66064236 0.00385677179242 6428.33550087 
56.3 3572.66046807 0.00372638016302 6428.33580555 
56.4 3572.66029968 0.00360039877901 6428.33609992 
56.5 3572.66013698 0.00347867845967 6428.33638434 
56.6 3572.65997979 0.00336107482864 6428.33665914 
56.7 3572.65982791 0.00324744807734 6428.33692465 
56.8 3572.65968116 0.00313766272836 6428.33718118 
56.9 3572.65953938 0.00303158739887 6428.33742904 
57 3572.65940238 0.00292909467024 6428.33766853 
57.1 3572.65927001 0.00283006658776 6428.33789992 
57.2 3572.65914212 0.00273438869975 6428.33812349 
57.3 3572.65901856 0.00264194779101 6428.33833949 
57.4 3572.65889918 0.0025526342036 6428.33854818 
57.5 3572.65878384 0.00246634164042 6428.33874982 
57.6 3572.6586724 0.00238296696883 6428.33894464 
57.7 3572.65856472 0.00230241002419 6428.33913287 
57.8 3572.65846068 0.00222457341348 6428.33931475 
57.9 3572.65836015 0.00214936231887 6428.33949049 
58 3572.65826301 0.00207668913115 6428.3396603 
58.1 3572.65816916 0.00200647380369 6428.33982437 
58.2 3572.65807848 0.00193863355891 6428.33998289 
58.3 3572.65799087 0.00187308820633 6428.34013605 
58.4 3572.65790622 0.00180976006735 6428.34028402 
58.5 3572.65782443 0.00174857383349 6428.34042699 
58.6 3572.65774541 0.00168945642467 6428.34056513 
58.7 3572.65766907 0.00163233684754 6428.3406986 
58.8 3572.6575953 0.00157714605371 6428.34082756 
58.9 3572.65752401 0.00152381819919 6428.34095217 
59 3572.65745515 0.00147229442265 6428.34107256 
59.1 3572.65738861 0.00142251438395 6428.34118888 
59.2 3572.65732432 0.00137441917538 6428.34130126 
59.3 3572.65726221 0.00132795169004 6428.34140984 
59.4 3572.6572022 0.00128305651421 6428.34151474 
59.5 3572.65714422 0.00123967981988 6428.3416161 
59.6 3572.6570882 0.0011977692571 6428.34171403 
59.7 3572.65703407 0.00115727384647 6428.34180865 
59.8 3572.65698172 0.00111810824315 6428.34190017 
59.9 3572.65693121 0.00108031759698 6428.34198847 
60 3572.6568824 0.00104379996212 6428.3420738 
60.1 3572.65683523 0.00100851421295 6428.34215625 
60.2 3572.65678966 0.000974420038937 6428.34223592 
60.3 3572.65674563 0.000941477944597 6428.34231289 
60.4 3572.65670309 0.000909649249531 6428.34238727 
60.5 3572.65666198 0.000878896088403 6428.34245912 
60.6 3572.65662226 0.000849181410952 6428.34252856 
60.7 3572.65658388 0.000820468996319 6428.34259565 
60.8 3572.6565468 0.000792726895654 6428.34266047 
60.9 3572.65651098 0.000765924342132 6428.3427231 
61 3572.65647636 0.000740029346992 6428.34278361 
61.1 3572.65644292 0.000715010884468 6428.34284207 
61.2 3572.65641061 0.000690838891788 6428.34289855 
61.3 3572.6563794 0.000667484269179 6428.34295312 
61.4 3572.65634923 0.000644918879859 6428.34300585 
61.5 3572.65632009 0.000623115550046 6428.34305679 
61.6 3572.65629193 0.00060204806895 6428.34310602 
61.7 3572.65626472 0.000581691188778 6428.34315359 
61.8 3572.65623843 0.000562020571877 6428.34319955 
61.9 3572.65621302 0.000543012483846 6428.34324397 
62 3572.65618847 0.000524644359746 6428.34328689 
62.1 3572.65616474 0.000506894647997 6428.34332836 
62.2 3572.65614182 0.000489742747625 6428.34336844 
62.3 3572.65611966 0.000473169008258 6428.34340717 
62.4 3572.65609826 0.000457154730133 6428.34344459 
62.5 3572.65607758 0.000441682164089 6428.34348074 
62.6 3572.6560576 0.000426734511573 6428.34351567 
62.7 3572.6560383 0.000412295924633 6428.34354941 
62.8 3572.65601966 0.000398351505925 6428.34358199 
62.9 3572.65600166 0.000384883066144 6428.34361346 
63 3572.65598426 0.000371868703834 6428.34364387 
63.1 3572.65596745 0.000359292907239 6428.34367325 
63.2 3572.65595121 0.000347140933125 6428.34370165 
63.3 3572.65593551 0.000335398707507 6428.34372909 
63.4 3572.65592035 0.000324052825646 6428.3437556 
63.5 3572.6559057 0.000313090552049 6428.34378121 
63.6 3572.65589154 0.000302499820471 6428.34380596 
63.7 3572.65587787 0.000292269233916 6428.34382987 
63.8 3572.65586466 0.000282388064631 6428.34385295 
63.9 3572.6558519 0.000272845991512 6428.34387525 
64 3572.65583958 0.000263627532661 6428.34389679 
64.1 3572.65582767 0.000254719620744 6428.34391761 
64.2 3572.65581617 0.000246111645515 6428.34393772 
64.3 3572.65580505 0.00023779345893 6428.34395716 
64.4 3572.65579431 0.000229755375146 6428.34397594 
64.5 3572.65578392 0.000221988170518 6428.34399409 
64.6 3572.65577389 0.000214483083604 6428.34401162 
64.7 3572.6557642 0.000207231815164 6428.34402857 
64.8 3572.65575484 0.000200226528157 6428.34404494 
64.9 3572.65574579 0.000193459847743 6428.34406075 
65 3572.65573706 0.000186923794536 6428.34407602 
65.1 3572.65572861 0.00018060763092 6428.34409078 
65.2 3572.65572045 0.000174503611327 6428.34410504 
65.3 3572.65571257 0.000168604602852 6428.34411883 
65.4 3572.65570495 0.000162903808831 6428.34413215 
65.5 3572.65569759 0.000157394768838 6428.34414502 
65.6 3572.65569047 0.000152071358692 6428.34415746 
65.7 3572.65568359 0.000146927790451 6428.34416948 
65.8 3572.65567695 0.000141958612415 6428.34418109 
65.9 3572.65567054 0.000137158709124 6428.3441923 
66 3572.65566434 0.000132523295773 6428.34420314 
66.1 3572.65565836 0.000128044987344 6428.3442136 
66.2 3572.65565257 0.000123716383169 6428.34422371 
66.3 3572.65564698 0.000119532433645 6428.34423349 
66.4 3572.65564157 0.000115488337984 6428.34424294 
66.5 3572.65563635 0.00011157954421 6428.34425207 
66.6 3572.6556313 0.000107801749167 6428.3442609 
66.7 3572.65562642 0.000104150898508 6428.34426943 
66.8 3572.6556217 0.000100623186705 6428.34427768 
66.9 3572.65561715 9.72150570438e-05 6428.34428564 
67 3572.65561275 9.39232016237e-05 6428.34429333 
67.1 3572.6556085 9.07445613602e-05 6428.34430076 
67.2 3572.6556044 8.76763259828e-05 6428.34430793 
67.3 3572.65560044 8.47159340363e-05 6428.34431484 
67.4 3572.65559662 8.18581253696e-05 6428.34432152 
67.5 3572.65559293 7.90965227317e-05 6428.34432798 
67.6 3572.65558936 7.64278021494e-05 6428.34433421 
67.7 3572.65558591 7.38487888622e-05 6428.34434024 
67.8 3572.65558258 7.13564534611e-05 6428.34434606 
67.9 3572.65557936 6.8947911889e-05 6428.34435169 
68 3572.65557625 6.66204254408e-05 6428.34435713 
68.1 3572.65557325 6.43714007629e-05 6428.34436238 
68.2 3572.65557034 6.21983898537e-05 6428.34436746 
68.3 3572.65556754 6.00990900632e-05 6428.34437237 
68.4 3572.65556482 5.80713440935e-05 6428.3443771 
68.5 3572.65556221 5.61131399982e-05 6428.34438168 
68.6 3572.65555968 5.42226111828e-05 6428.3443861 
68.7 3572.65555724 5.23969032866e-05 6428.34439036 
68.8 3572.65555488 5.06322808672e-05 6428.34439449 
68.9 3572.6555526 4.8926600161e-05 6428.34439847 
69 3572.6555504 4.72778342094e-05 6428.34440232 
69.1 3572.65554827 4.56840534369e-05 6428.34440605 
69.2 3572.65554621 4.41434256517e-05 6428.34440965 
69.3 3572.65554422 4.26542160454e-05 6428.34441313 
69.4 3572.65554229 4.12147871933e-05 6428.34441649 
69.5 3572.65554043 3.98235990539e-05 6428.34441974 
69.6 3572.65553864 3.84792089693e-05 6428.34442288 
69.7 3572.6555369 3.71802716652e-05 6428.34442592 
69.8 3572.65553522 3.59255392506e-05 6428.34442885 
69.9 3572.6555336 3.47138612182e-05 6428.34443168 
70 3572.65553204 3.35435768527e-05 6428.34443442 
