Time S I R
0.0  10000 1 0
0.1 9999.80171137 1.15914206134 0.0391465671697 
0.2 9999.57186983 1.34360681664 0.0845233490799 
0.3 9999.3054616 1.55741773187 0.137120665757 
0.4 9998.99666855 1.80524362277 0.198087824747 
0.5 9998.63875079 2.09249283643 0.268756373407 
0.6 9998.22389801 2.42543245357 0.350669540356 
0.7 9997.74306307 2.81132171923 0.445615212296 
0.8 9997.18575886 3.2585749172 0.555666220216 
0.9 9996.53983392 3.77694121082 0.683224864504 
1 9995.79121381 4.37771190308 0.83107428536 
1.1 9994.92359285 5.07396740501 1.00243974235 
1.2 9993.9180828 5.88085865144 1.20105854887 
1.3 9992.75280355 6.81593480167 1.43126165229 
1.4 9991.40243738 7.89950004731 1.69806257426 
1.5 9989.83764612 9.15507986866 2.00727400982 
1.6 9988.02447226 10.6098999099 2.3656278283 
1.7 9985.92361607 12.2954636886 2.78092024568 
1.8 9983.48960571 14.2482151986 3.26217908784 
1.9 9980.66983991 16.5103028379 3.81985724736 
2 9977.4034894 19.130455095 4.46605550224 
2.1 9973.62023299 22.1649866968 5.21478031701 
2.2 9969.23882273 25.6789395468 6.08223771996 
2.3 9964.16542987 29.7473958353 7.08717429596 
2.4 9958.2917521 34.4569773225 8.25127058071 
2.5 9951.49288398 39.9075292371 9.59958678122 
2.6 9943.62487444 46.2140457702 11.1610797942 
2.7 9934.5219765 53.5088307516 12.9691927435 
2.8 9923.99356914 61.9439083205 15.0625225444 
2.9 9911.82067729 71.6937327388 17.48558997 
3 9897.75213618 82.9581585162 20.2897053067 
3.1 9881.50034986 95.9657039939 23.5339461449 
3.2 9862.73664329 110.97708766 27.2862690547 
3.3 9841.08628017 128.288978976 31.624740858 
3.4 9816.12311761 148.237964646 36.6389177466 
3.5 9787.36412574 171.204506442 42.431367816 
3.6 9754.26371208 197.616943271 49.1193446444 
3.7 9716.20834886 227.955072807 56.8365783297 
3.8 9672.51149819 262.753286108 65.7352157019 
3.9 9622.40944106 302.602714538 75.9878444063 
4 9565.05861421 348.151826472 87.7895593158 
4.1 9499.53468714 400.105256879 101.360055982 
4.2 9424.83505793 459.219376969 116.945565098 
4.3 9339.88464996 526.294706658 134.82064338 
4.4 9243.54726357 602.16319778 155.289538646 
4.5 9134.64289142 687.670091837 178.68701674 
4.6 9011.97253423 783.649001698 205.378464074 
4.7 8874.35183148 890.889357003 235.758811517 
4.8 8720.653745 1010.09599685 270.250258149 
4.9 8549.86068999 1141.84090032 309.29840969 
5 8361.12570575 1286.50793088 353.366363365 
5.1 8153.84007044 1444.23307234 402.926857218 
5.2 7927.70465138 1614.84321029 458.452138335 
5.3 7682.79954095 1797.79879447 520.401664572 
5.4 7419.64568856 1992.14639886 589.207912584 
5.5 7139.25196324 2196.48734258 665.260694181 
5.6 6843.13922836 2408.97002963 748.89074201 
5.7 6533.33530383 2627.31109285 840.353603322 
5.8 6212.33738408 2848.84783528 939.814780641 
5.9 5883.03925055 3070.6234073 1047.33734214 
6 5548.62805443 3289.49861359 1162.87333198 
6.1 5212.45848682 3502.28216099 1286.25935219 
6.2 4877.91112803 3705.87160206 1417.21726991 
6.3 4548.25267292 3897.38734664 1555.35998044 
6.4 4226.50728093 4074.29117367 1700.2015454 
6.5 3915.34868131 4234.47977036 1851.17154832 
6.6 3617.02453505 4376.34342623 2007.63203872 
6.7 3333.31050192 4498.79356929 2168.89592879 
6.8 3065.49881561 4601.2551453 2334.24603909 
6.9 2814.41487787 4683.63201736 2502.95310477 
7 2580.45363371 4746.25407136 2674.29229493 
7.1 2363.63457671 4789.80793785 2847.55748544 
7.2 2163.66307969 4815.26410019 3022.07282011 
7.3 1979.99436631 4823.80382227 3197.20181142 
7.4 1811.89640426 4816.74988529 3372.35371045 
7.5 1658.50477883 4795.50801287 3546.9872083 
7.6 1518.87423082 4761.51272392 3720.61304526 
7.7 1392.01775557 4716.18837083 3892.79387361 
7.8 1276.94009385 4660.9164954 4063.14341076 
7.9 1172.66335144 4597.01223493 4231.32441362 
8 1078.24420147 4525.70981466 4397.04598387 
8.1 992.787853678 4448.15173941 4560.06040691 
8.2 915.455041109 4365.38520898 4720.15974991 
8.3 845.466910348 4278.36072133 4877.17236832 
8.4 782.106274497 4187.93433314 5030.95939236 
8.5 724.717220048 4094.87134961 5181.41143034 
8.6 672.702950321 3999.8517628 5328.44528687 
8.7 625.522893159 3903.47608304 5472.0010238 
8.8 582.689136826 3806.27168935 5612.03917382 
8.9 543.762398046 3708.69941626 5748.5381857 
9 508.348212948 3611.15963934 5881.49214771 
9.1 476.092783344 3513.99853878 6010.90867788 
9.2 446.67913559 3417.51380342 6136.80706099 
9.3 419.823917443 3321.95945858 6259.21662398 
9.4 395.273794942 3227.55098251 6378.17522255 
9.5 372.801821388 3134.47032345 6493.72785516 
9.6 352.20555955 3042.86884179 6605.92559866 
9.7 333.303588097 2952.87188858 6714.82452332 
9.8 315.933947064 2864.58122463 6820.48482831 
9.9 299.951516784 2778.07844536 6922.97003785 
10 285.226425971 2693.42725828 7022.34631574 
10.1 271.642303873 2610.67584258 7118.68185355 
10.2 259.094762181 2529.85891319 7212.04632463 
10.3 247.490139658 2450.99942426 7302.51043608 
10.4 236.744279833 2374.11014909 7390.14557108 
10.5 226.781519735 2299.19507864 7475.02340162 
10.6 217.533744788 2226.25064999 7557.21560522 
10.7 208.939567273 2155.26683584 7636.79359689 
10.8 200.943622473 2086.22804192 7713.82833561 
10.9 193.495903257 2019.11397426 7788.39012249 
11 186.551203377 1953.90034765 7860.54844898 
11.1 180.068603133 1890.55953507 7930.3718618 
11.2 174.011002451 1829.06115526 7997.92784229 
11.3 168.344771587 1769.37248883 8063.28273958 
11.4 163.039345759 1711.45898609 8126.50166815 
11.5 158.066931957 1655.28460544 8187.6484626 
11.6 153.402246992 1600.81211928 8246.78563373 
11.7 149.022228364 1548.00345615 8303.97431549 
11.8 144.905834744 1496.81991811 8359.27424714 
11.9 141.033855755 1447.22238567 8412.74375857 
12 137.388699983 1399.17155411 8464.4397459 
12.1 133.954286841 1352.62802707 8514.41768609 
12.2 130.71585298 1307.5525305 8562.73161652 
12.3 127.659870262 1263.90597078 8609.43415896 
12.4 124.773900163 1221.64958417 8654.57651566 
12.5 122.046509405 1180.74500115 8698.20848944 
12.6 119.467158231 1141.15434939 8740.37849238 
12.7 117.026128969 1102.84030246 8781.13356857 
12.8 114.714498296 1065.76606903 8820.51943267 
12.9 112.524060357 1029.8954513 8858.58048835 
13 110.44712203 995.19308455 8895.35979342 
13.1 108.476606271 961.624245326 8930.8991484 
13.2 106.606004391 929.154872934 8965.23912268 
13.3 104.829268936 897.7516742 8998.41905686 
13.4 103.140724397 867.382204237 9030.47707137 
13.5 101.535153044 838.014706038 9061.45014092 
13.6 100.007727331 809.618163247 9091.37410942 
13.7 98.553907832 782.162400816 9120.28369135 
13.8 97.1694718675 755.61800714 9148.21252099 
13.9 95.8505081846 729.956303773 9175.19318804 
14 94.5933718823 705.149371919 9201.2572562 
14.1 93.3946250349 681.170101674 9226.43527329 
14.2 92.2510767283 657.99209941 9250.75682386 
14.3 91.1597544011 635.58969525 9274.25055035 
14.4 90.1178618803 613.937965757 9296.94417236 
14.5 89.1227742704 593.012710216 9318.86451551 
14.6 88.1720437863 572.790413738 9340.03754248 
14.7 87.2633788359 553.248245357 9360.48837581 
14.8 86.3946122873 534.364071705 9380.24131601 
14.9 85.563715477 516.11641103 9399.31987349 
15 84.7687872816 498.484421057 9417.74679166 
15.1 84.0080328087 481.447900256 9435.54406694 
15.2 83.2797543732 464.987274469 9452.73297116 
15.3 82.582364769 449.083556619 9469.33407861 
15.4 81.9143753536 433.718338361 9485.36728629 
15.5 81.2743905102 418.873774495 9500.85183499 
15.6 80.6610626163 404.532616137 9515.80632125 
15.7 80.0731249748 390.678149687 9530.24872534 
15.8 79.5093903865 377.294178315 9544.1964313 
15.9 78.9687411463 364.365014583 9557.66624427 
16 78.4501191676 351.875471975 9570.67440886 
16.1 77.9525065481 339.810866636 9583.23662682 
16.2 77.4749497444 328.156975477 9595.36807478 
16.3 77.0165484488 316.900030562 9607.08342099 
16.4 76.5764530373 306.026705351 9618.39684161 
16.5 76.1538495439 295.524112945 9629.32203751 
16.6 75.7479622821 285.379788433 9639.87224928 
16.7 75.3580605126 275.581667978 9650.06027151 
16.8 74.9834519293 266.118080628 9659.89846744 
16.9 74.6234799792 256.977736842 9669.39878318 
17 74.277512868 248.149723949 9678.57276318 
17.1 73.9449526082 239.6234864 9687.43156099 
17.2 73.6252320763 231.388815824 9695.9859521 
17.3 73.3178128285 223.43584092 9704.24634625 
17.4 73.0221808791 215.755017469 9712.22280165 
17.5 72.7378426818 208.337118607 9719.92503871 
17.6 72.4643308696 201.173223362 9727.36244577 
17.7 72.2012005615 194.254707469 9734.54409197 
17.8 71.9480283673 187.573233923 9741.47873771 
17.9 71.7044075359 181.120744459 9748.17484801 
18 71.4699498917 174.889450212 9754.6405999 
18.1 71.2442860443 168.871822976 9760.88389098 
18.2 71.027063737 163.060587045 9766.91234922 
18.3 70.8179465004 157.448710852 9772.73334265 
18.4 70.6166103975 152.029397979 9778.35399162 
18.5 70.4227470555 146.796081199 9783.78117175 
18.6 70.2360620936 141.742414699 9789.02152321 
18.7 70.0562744592 136.86226694 9794.0814586 
18.8 69.8831148739 132.149712864 9798.96717226 
18.9 69.7163237694 127.599025858 9803.68465037 
19 69.5556538995 123.20467396 9808.23967214 
19.1 69.4008687459 118.961312623 9812.63781863 
19.2 69.2517420902 114.863778686 9816.88447922 
19.3 69.1080566515 110.907083014 9820.98486033 
19.4 68.9696035116 107.086404522 9824.94399197 
19.5 68.8361831076 103.397086802 9828.76673009 
19.6 68.7076042773 99.8346318679 9832.45776385 
19.7 68.5836839579 96.3946950796 9836.02162096 
19.8 68.4642458801 93.073077903 9839.46267622 
19.9 68.3491207628 89.8657242134 9842.78515502 
20 68.2381465715 86.768716869 9845.99313656 
