Time S I R
0.0  10000 1 0
0.1 9999.86695877 1.06849755365 0.0645436732882 
0.2 9999.72481046 1.14168302798 0.133506508253 
0.3 9999.57292516 1.21988053638 0.207194299971 
0.4 9999.41063968 1.30343129656 0.285929019047 
0.5 9999.23724294 1.3927011463 0.370055909599 
0.6 9999.05197464 1.4880812208 0.459944136875 
0.7 9998.85402174 1.58998975716 0.55598850212 
0.8 9998.64251651 1.69887309219 0.658610394251 
0.9 9998.41653251 1.81520773288 0.768259757513 
1 9998.17507982 1.9395027817 0.885417396117 
1.1 9997.9171006 2.07230223638 1.01059716505 
1.2 9997.64146421 2.21418746151 1.14434832615 
1.3 9997.34696572 2.36577797863 1.2872563 
1.4 9997.03231652 2.52773624725 1.43994723097 
1.5 9996.69613808 2.70077087389 1.60309104288 
1.6 9996.33695917 2.88563802734 1.77740280674 
1.7 9995.95320962 3.08314460896 1.96364576988 
1.8 9995.54321169 3.29415269909 2.16263561304 
1.9 9995.10517344 3.51958289918 2.37524366251 
2 9994.63718169 3.76041795355 2.60240036127 
2.1 9994.13719204 4.01770781307 2.84510014959 
2.2 9993.60302261 4.29257284636 3.10440454428 
2.3 9993.03234196 4.58620996934 3.38144807521 
2.4 9992.42266182 4.89989634472 3.67744183772 
2.5 9991.77132215 5.23499696648 3.99368088069 
2.6 9991.07548637 5.59296711493 4.33154651944 
2.7 9990.33212944 5.97535837758 4.69251217797 
2.8 9989.53801716 6.38382912866 5.07815370933 
2.9 9988.6896949 6.8201502075 5.49015488943 
3 9987.78347629 7.28621070343 5.93031301126 
3.1 9986.81542613 7.78402651962 6.40054735005 
3.2 9985.78134596 8.31574761663 6.90290642377 
3.3 9984.67675396 8.88366821239 7.43957782954 
3.4 9983.49686741 9.4902355882 8.01289700079 
3.5 9982.23658214 10.1380602397 8.62535761868 
3.6 9980.89045291 10.829925814 9.2796212776 
3.7 9979.45267223 11.5687997403 9.97852802992 
3.8 9977.91704397 12.357846273 10.725109757 
3.9 9976.2769554 13.2004402879 11.5226043126 
4 9974.52535744 14.1001773238 12.3744652374 
4.1 9972.65473442 15.0608884642 13.2843771115 
4.2 9970.65706862 16.0866574448 14.2562739337 
4.3 9968.52381465 17.1818336138 15.2943517394 
4.4 9966.24586671 18.3510480182 16.4030852668 
4.5 9963.81351822 19.5992326778 17.5872490977 
4.6 9961.21642443 20.9316387089 18.8519368588 
4.7 9958.44356886 22.3538530547 20.2025780844 
4.8 9955.48321911 23.8718194815 21.6449614128 
4.9 9952.32287614 25.4918619526 23.1852619119 
5 9948.94923669 27.2207035734 24.8300597395 
5.1 9945.34814391 29.0654898331 26.5863662551 
5.2 9941.50453088 31.0338137578 28.4616553671 
5.3 9937.40237061 33.1337399339 30.4638894529 
5.4 9933.02462276 35.3738297475 32.6015474973 
5.5 9928.35317208 37.7631681938 34.8836597262 
5.6 9923.36876522 40.3113913549 37.3198434283 
5.7 9918.05095255 43.0287148004 39.920332649 
5.8 9912.3780207 45.9259623449 42.6960169541 
5.9 9906.32692255 49.0145926566 45.658484793 
6 9899.87320833 52.3067325713 48.8200590979 
6.1 9892.99095237 55.8152077214 52.1938399097 
6.2 9885.65268187 59.55356611 55.7937520183 
6.3 9877.82929879 63.5361111934 59.6345900204 
6.4 9869.48999876 67.7779365826 63.7320646548 
6.5 9860.60219766 72.294948475 68.1028538677 
6.6 9851.13146124 77.103883351 72.7646554061 
6.7 9841.04140808 82.2223528463 77.7362390696 
6.8 9830.29363484 87.6688630754 83.0375020808 
6.9 9818.84766848 93.4628091465 88.6895223719 
7 9806.66086038 99.6245200277 94.7146195891 
7.1 9793.68830812 106.175277068 101.136414811 
7.2 9779.88282886 113.137289107 107.979882028 
7.3 9765.19488872 120.533701796 115.271409485 
7.4 9749.57250545 128.388626736 123.038867811 
7.5 9732.96123264 136.727105325 131.311662033 
7.6 9715.30419108 145.575036245 140.120772671 
7.7 9696.54193689 154.959223763 149.498839348 
7.8 9676.61246904 164.907320246 159.480210709 
7.9 9655.45136387 175.447678115 170.100958015 
8 9632.99169037 186.609354923 181.398954702 
8.1 9609.16402235 198.422048123 193.413929522 
8.2 9583.89663681 210.915902083 206.187461111 
8.3 9557.11563444 224.12136548 219.763000079 
8.4 9528.74490831 238.069147701 234.185943985 
8.5 9498.706393 252.789989028 249.503617974 
8.6 9466.9204794 268.314327359 265.765193238 
8.7 9433.30598282 284.672239391 283.021777785 
8.8 9397.78046728 301.893158329 301.326374389 
8.9 9360.26084788 320.005435188 320.733716934 
9 9320.66360577 339.036111695 341.300282534 
9.1 9278.90513917 359.010612615 363.084248214 
9.2 9234.90243596 379.952275171 386.145288867 
9.3 9188.57373581 401.881879482 410.544384709 
9.4 9139.83888335 424.817305524 436.343811129 
9.5 9088.62010487 448.773009214 463.606885916 
9.6 9034.84292262 473.759492358 492.397585025 
9.7 8978.43675776 499.78277414 522.780468102 
9.8 8919.33580661 526.843817817 554.820375569 
9.9 8857.47992251 554.938115592 588.581961902 
10 8792.81557289 584.05502864 624.129398474 
10.1 8725.29684974 614.177107877 661.526042386 
10.2 8654.88631132 645.279744325 700.83394435 
10.3 8581.55576034 677.330908757 742.113330903 
10.4 8505.28768825 710.290119589 785.422192163 
10.5 8426.07609728 744.108174113 830.81572861 
10.6 8343.92657314 778.727581056 878.345845801 
10.7 8258.85802625 814.081450094 928.06052366 
10.8 8170.90355508 850.093238659 980.003206256 
10.9 8080.11022315 886.677418125 1034.21235873 
11 7986.53958097 923.739551056 1090.72086798 
11.1 7890.26863736 961.176022867 1149.55533977 
11.2 7791.38957211 998.874691838 1210.73573605 
11.3 7690.01004616 1036.71523973 1274.27471411 
11.4 7586.25313626 1074.56977999 1340.17708374 
11.5 7480.25614609 1112.30418823 1408.43966568 
11.6 7372.17075933 1149.77864971 1479.05059097 
11.7 7262.16213567 1186.84881333 1551.989051 
11.8 7150.40759091 1223.36707142 1627.22533767 
11.9 7037.09575552 1259.18395894 1704.72028555 
12 6922.42515506 1294.14945192 1784.42539302 
12.1 6806.6026844 1328.11438864 1866.28292696 
12.2 6689.84186087 1360.93238057 1950.22575856 
12.3 6572.36143253 1392.46075849 2036.17780898 
12.4 6454.38340024 1422.5623013 2124.05429846 
12.5 6336.13084919 1451.10712537 2213.76202544 
12.6 6217.82699231 1477.97306427 2305.19994342 
12.7 6099.69264159 1503.04766451 2398.25969391 
12.8 5981.94433186 1526.22943349 2492.82623465 
12.9 5864.7937558 1547.42778603 2588.77845817 
13 5748.44502315 1566.56489425 2685.9900826 
13.1 5633.09361046 1583.57600558 2784.33038396 
13.2 5518.92590405 1598.40924979 2883.66484616 
13.3 5406.11693167 1611.02672763 2983.8563407 
13.4 5294.83016404 1621.40411265 3084.76572332 
13.5 5185.21696787 1629.53039866 3186.25263347 
13.6 5077.41545482 1635.40787651 3288.17666867 
13.7 4971.55068077 1639.05157823 3390.397741 
13.8 4867.73428545 1640.48860495 3492.7771096 
13.9 4766.06432822 1639.75728777 3595.17838401 
14 4666.62559904 1636.90675373 3697.46764723 
14.1 4569.48993795 1631.9958294 3799.51423265 
14.2 4474.716694 1625.09161099 3901.19169501 
14.3 4382.3528846 1616.26918921 4002.3779262 
14.4 4292.43378917 1605.61062422 4102.95558662 
14.5 4204.98415319 1593.20303756 4202.81280925 
14.6 4120.01833452 1579.13836301 4301.84330247 
14.7 4037.54078279 1563.51269266 4399.94652456 
14.8 3957.54768251 1546.42423342 4497.02808407 
14.9 3880.02716582 1527.97303423 4592.99979995 
15 3804.95956675 1508.26066763 4687.77976562 
15.1 3732.31918025 1487.38843124 4781.29238851 
15.2 3662.07455361 1465.4570546 4873.46839179 
15.3 3594.18863088 1442.56652879 4964.24484033 
15.4 3528.62027071 1418.81483713 5053.56489216 
15.5 3465.3246069 1394.29766639 5141.37772671 
15.6 3404.25318451 1369.10824356 5227.63857193 
15.7 3345.35507782 1343.33665596 5312.30826622 
15.8 3288.57726225 1317.06961831 5395.35311944 
15.9 3233.86479341 1290.39026439 5476.7449422 
16 3181.16157364 1263.37794429 5556.46048206 
16.1 3130.41070662 1236.10811502 5634.48117836 
16.2 3081.55464698 1208.65210322 5710.79324979 
16.3 3034.53556904 1181.07713739 5785.38729357 
16.4 2989.29572184 1153.44646306 5858.2578151 
16.5 2945.77763714 1125.81924062 5929.40312225 
16.6 2903.92439507 1098.25031568 5998.82528925 
16.7 2863.6797017 1070.79074169 6066.52955661 
16.8 2824.98805392 1043.48778954 6132.52415654 
16.9 2787.79502313 1016.38468711 6196.82028976 
17 2752.04723685 989.521037895 6259.43172525 
17.1 2717.69241635 962.933062451 6320.3745212 
17.2 2684.6795594 936.653537745 6379.66690286 
17.3 2652.95907753 910.711809072 6437.3291134 
17.4 2622.48262515 885.134303572 6493.38307128 
17.5 2593.20319608 859.944574423 6547.8522295 
17.6 2565.07532223 835.163199791 6600.76147798 
17.7 2538.0548919 810.808214096 6652.136894 
17.8 2512.0991664 786.895264806 6702.0055688 
17.9 2487.16679083 763.437636242 6750.39557293 
18 2463.21797443 740.446378145 6797.33564743 
18.1 2440.21416795 717.930617837 6842.85521421 
18.2 2418.11819752 695.897608376 6886.98419411 
18.3 2396.89435403 674.352741824 6929.75290415 
18.4 2376.50812611 653.299920533 6971.19195336 
18.5 2356.92620591 632.741654408 7011.33213969 
18.6 2338.11652103 612.679106632 7050.20437234 
18.7 2320.04844728 593.111896763 7087.83965595 
18.8 2302.69242049 574.038701141 7124.26887837 
18.9 2286.01999541 555.457260032 7159.52274456 
19 2270.00383481 537.364397269 7193.63176792 
19.1 2254.61770728 519.755801151 7226.62649157 
19.2 2239.83640979 502.62658176 7258.53700845 
19.3 2225.63574466 485.971266971 7289.39298837 
19.4 2211.99248303 469.783807671 7319.2237093 
19.5 2198.88430997 454.057342249 7348.05834778 
19.6 2186.28981462 438.784707022 7375.92547836 
19.7 2174.18844871 423.95842323 7402.85312806 
19.8 2162.56049357 409.570691109 7428.86881532 
19.9 2151.38704373 395.613155284 7453.99980098 
20 2140.6499502 382.077352397 7478.27269741 
20.1 2130.33179114 368.954694645 7501.71351421 
20.2 2120.41584842 356.236458543 7524.34769304 
20.3 2110.88612225 343.913577051 7546.2003007 
20.4 2101.72724408 331.977002815 7567.2957531 
20.5 2092.9244565 320.417695438 7587.65784807 
20.6 2084.46359625 309.22660819 7607.30979555 
20.7 2076.3311218 298.39451114 7626.27436706 
20.8 2068.51402087 287.912276244 7644.57370289 
20.9 2060.99979434 277.770868765 7662.2293369 
21 2053.77644342 267.961333502 7679.26222308 
21.1 2046.83250225 258.474651199 7695.69284655 
21.2 2040.15694988 249.301953442 7711.54109668 
21.3 2033.73919606 240.434518052 7726.82628589 
21.4 2027.56907146 231.863755914 7741.56717262 
21.5 2021.63686068 223.581098567 7755.78204076 
21.6 2015.93322325 215.578154508 7769.48862224 
21.7 2010.44918055 207.846707572 7782.70411187 
21.8 2005.17610808 200.378704786 7795.44518713 
21.9 2000.10576611 193.166170664 7807.72806322 
22 1995.23023175 186.201317369 7819.56845088 
22.1 1990.54188643 179.476544835 7830.98156874 
22.2 1986.03340969 172.984429823 7841.98216048 
22.3 1981.69780651 166.717662231 7852.58453126 
22.4 1977.52835014 160.669120007 7862.80252986 
22.5 1973.51857011 154.831869993 7872.6495599 
22.6 1969.66224729 149.199158238 7882.13859447 
22.7 1965.95343732 143.764363795 7891.28219888 
22.8 1962.38642352 138.521047547 7900.09252893 
22.9 1958.95570535 133.462953059 7908.58134159 
23 1955.65599442 128.583998091 7916.76000749 
23.1 1952.48223431 123.878241905 7924.63952379 
23.2 1949.42956207 119.339915343 7932.23052258 
23.3 1946.4932974 114.963421201 7939.5432814 
23.4 1943.66893929 110.743326886 7946.58773382 
23.5 1940.9521826 106.67434191 7953.37347549 
23.6 1938.33888689 102.75133486 7959.90977825 
23.7 1935.82506622 98.9693330633 7966.20560072 
23.8 1933.40688647 95.3235162813 7972.26959724 
23.9 1931.08067896 91.8092017179 7978.11011932 
24 1928.84291541 88.4218521369 7983.73523245 
24.1 1926.69019845 85.1570747098 7989.15272684 
24.2 1924.61925954 82.0106156175 7994.37012484 
24.3 1922.62697223 78.9783497968 7999.39467798 
24.4 1920.71032833 76.0562846436 8004.23338703 
24.5 1918.86642922 73.2405580556 8008.89301273 
24.6 1917.09248386 70.5274338926 8013.38008225 
24.7 1915.38581284 67.913296746 8017.70089041 
24.8 1913.74385842 65.3946453454 8021.86149623 
24.9 1912.16414887 62.9680962916 8025.86775484 
25 1910.64430456 60.6303783522 8029.72531708 
25.1 1909.18203427 58.3783291733 8033.43963655 
25.2 1907.77514841 56.2088927013 8037.01595889 
25.3 1906.42154058 54.1191155629 8040.45934386 
25.4 1905.11917937 52.1061437826 8043.77467685 
25.5 1903.8661086 50.1672197771 8046.96667163 
25.6 1902.66044872 48.2996803085 8050.03987098 
25.7 1901.50040409 46.5009555893 8052.99864032 
25.8 1900.38424 44.7685624319 8055.84719757 
25.9 1899.31028583 43.1001025542 8058.58961161 
26 1898.27693251 41.493259805 8061.22980769 
26.1 1897.28264118 39.9458016958 8063.77155712 
26.2 1896.32593194 38.4555734817 8066.21849457 
26.3 1895.40537706 37.0204939117 8068.57412903 
26.4 1894.51960143 35.6385536937 8070.84184488 
26.5 1893.66728348 34.3078147408 8073.02490178 
26.6 1892.84715852 33.0264107265 8075.12643075 
26.7 1892.05800737 31.7925397282 8077.1494529 
26.8 1891.2986542 30.6044618347 8079.09688396 
26.9 1890.56796644 29.4604978664 8080.97153569 
27 1889.86485986 28.3590319515 8082.77610818 
27.1 1889.18829212 27.2985062476 8084.51320163 
27.2 1888.53725785 26.2774166925 8086.18532546 
27.3 1887.91078961 25.2943127183 8087.79489767 
27.4 1887.30795657 24.3477954029 8089.34424803 
27.5 1886.72786328 23.4365165867 8090.83562014 
27.6 1886.16964867 22.5591778391 8092.27117349 
27.7 1885.63248529 21.714527325 8093.65298738 
27.8 1885.11557858 20.9013592147 8094.98306221 
27.9 1884.61816636 20.118512476 8096.26332116 
28 1884.13951565 19.3648682853 8097.49561607 
28.1 1883.67891132 18.6393433273 8098.68174535 
28.2 1883.2356705 17.94089628 8099.82343322 
28.3 1882.80913757 17.2685243819 8100.92233805 
28.4 1882.3986825 16.6212617555 8101.98005574 
28.5 1882.00369993 15.9981781183 8102.99812195 
28.6 1881.62360394 15.398375605 8103.97802045 
28.7 1881.25783147 14.8209895005 8104.92117903 
28.8 1880.90584178 14.265187243 8105.82897097 
28.9 1880.56711486 13.7301669399 8106.7027182 
29 1880.2411507 13.2151563463 8107.54369296 
29.1 1879.92746748 12.7194111435 8108.35312138 
29.2 1879.6256012 12.242214133 8109.13218466 
29.3 1879.33510608 11.7828749673 8109.88201895 
29.4 1879.05555336 11.3407288872 8110.60371775 
29.5 1878.78653074 10.9151358683 8111.29833339 
29.6 1878.52764136 10.5054793396 8111.9668793 
29.7 1878.27850238 10.1111645988 8112.61033302 
29.8 1878.03874609 9.73161947937 8113.22963443 
29.9 1877.80801874 9.36629303166 8113.82568822 
30 1877.58598007 9.01465475129 8114.39936518 
30.1 1877.37230272 8.67619381082 8114.95150347 
30.2 1877.16667116 8.35041794554 8115.48291089 
30.3 1876.96878203 8.03685330976 8115.99436466 
30.4 1876.77834356 7.73504375823 8116.48661268 
30.5 1876.59507512 7.44455019373 8116.96037469 
30.6 1876.41870679 7.16494997686 8117.41634323 
30.7 1876.24897823 6.8958354675 8117.8551863 
30.8 1876.08563893 6.63681421552 8118.27754685 
30.9 1875.92844819 6.38750872675 8118.68404308 
31 1875.77717451 6.14755568702 8119.07526981 
31.1 1875.63159529 5.91660550339 8119.4517992 
31.2 1875.49149661 5.69432187029 8119.81418152 
31.3 1875.35667179 5.4803801081 8120.1629481 
31.4 1875.22692159 5.27446723773 8120.49861117 
31.5 1875.10205488 5.0762825803 8120.82166254 
31.6 1874.98188776 4.88553673349 8121.1325755 
31.7 1874.86624339 4.70195119387 8121.43180542 
31.8 1874.75495169 4.52525800212 8121.7197903 
31.9 1874.64784875 4.35519886067 8121.99695239 
32 1874.54477639 4.19152463862 8122.26369897 
32.1 1874.44558283 4.03399599346 8122.52042117 
32.2 1874.35012207 3.88238260032 8122.76749533 
32.3 1874.25825369 3.73646285387 8123.00528346 
32.4 1874.16984269 3.59602359223 8123.23413372 
32.5 1874.08475902 3.46085943254 8123.45438154 
32.6 1874.00287698 3.33077196406 8123.66635106 
32.7 1873.92407599 3.20557072832 8123.87035328 
32.8 1873.84824011 3.08507246996 8124.06668742 
32.9 1873.77525782 2.96910087404 8124.25564131 
33 1873.70502187 2.85748634342 8124.43749179 
33.1 1873.63742903 2.7500655811 8124.61250539 
33.2 1873.57237948 2.64668074873 8124.78093977 
33.3 1873.50977745 2.54718030147 8124.94304225 
33.4 1873.4495308 2.45141845292 8125.09905075 
33.5 1873.39155094 2.35925493132 8125.24919412 
33.6 1873.33575267 2.27055479987 8125.39369253 
33.7 1873.28205399 2.18518820193 8125.53275781 
33.8 1873.23037567 2.10302966967 8125.66659466 
33.9 1873.18064161 2.02395865949 8125.79539973 
34 1873.13277864 1.94785924628 8125.91936211 
34.1 1873.0867164 1.87461990334 8126.0386637 
34.2 1873.04238722 1.80413336163 8126.15347942 
34.3 1872.99972602 1.73629643633 8126.26397755 
34.4 1872.95866986 1.67100936284 8126.37032078 
34.5 1872.91915827 1.60817624357 8126.47266549 
34.6 1872.88113312 1.54770490271 8126.57116198 
34.7 1872.8445385 1.48950665656 8126.66595484 
34.8 1872.80932065 1.43349619953 8126.75718315 
34.9 1872.77542786 1.37959148705 8126.84498065 
35 1872.74281019 1.32771326924 8126.92947654 
35.1 1872.71141956 1.27778528036 8127.01079516 
35.2 1872.68120981 1.22973424002 8127.08905595 
35.3 1872.65213653 1.18348964469 8127.16437383 
35.4 1872.62415698 1.13898367706 8127.23685934 
35.5 1872.59723011 1.09615112049 8127.30661877 
35.6 1872.57131626 1.05492902643 8127.37375471 
35.7 1872.54637723 1.0152567396 8127.43836603 
35.8 1872.52237634 0.977076012745 8127.50054765 
35.9 1872.49927831 0.94033080743 8127.56039088 
36 1872.47704921 0.904967222052 8127.61798357 
36.1 1872.4556564 0.870933424717 8127.67341018 
36.2 1872.43506842 0.838179429212 8127.72675215 
36.3 1872.4152549 0.806656991028 8127.77808811 
36.4 1872.3961867 0.776319812251 8127.82749349 
36.5 1872.37783579 0.747123348894 8127.87504086 
36.6 1872.36017519 0.719024752226 8127.92080005 
36.7 1872.34317899 0.691982814661 8127.96483819 
36.8 1872.3268222 0.66595783728 8128.00721996 
36.9 1872.31108069 0.640911474704 8128.04800783 
37 1872.29593131 0.616806927552 8128.08726176 
37.1 1872.28135179 0.593608795024 8128.12503941 
37.2 1872.2673207 0.571283024378 8128.16139627 
37.3 1872.25381745 0.549796868061 8128.19638568 
37.4 1872.2408222 0.529118798477 8128.230059 
37.5 1872.22831578 0.509218336456 8128.26246588 
37.6 1872.2162798 0.490066230842 8128.29365397 
37.7 1872.20469655 0.471634348346 8128.32366911 
37.8 1872.19354901 0.453895626273 8128.35255536 
37.9 1872.18282083 0.436824038208 8128.38035513 
38 1872.17249624 0.420394540906 8128.40710921 
38.1 1872.16256003 0.404582919457 8128.43285705 
38.2 1872.15299757 0.389365921082 8128.45763651 
38.3 1872.1437948 0.374721188157 8128.48148402 
38.4 1872.13493819 0.360627212967 8128.5044346 
38.5 1872.12641474 0.347063310242 8128.52652195 
38.6 1872.11821195 0.334009583416 8128.54777847 
38.7 1872.11031771 0.32144680057 8128.56823549 
38.8 1872.10272041 0.309356477429 8128.58792312 
38.9 1872.09540887 0.297720848017 8128.60687028 
39 1872.08837236 0.2865228218 8128.62510482 
39.1 1872.08160054 0.275745961872 8128.6426535 
39.2 1872.07508347 0.265374462187 8128.65954207 
39.3 1872.06881155 0.255393049588 8128.6757954 
39.4 1872.06277555 0.245787028385 8128.69143742 
39.5 1872.05696658 0.236542281213 8128.70649114 
39.6 1872.05137612 0.227645226879 8128.72097866 
39.7 1872.04599594 0.219082802878 8128.73492125 
39.8 1872.04081816 0.210842448873 8128.74833939 
39.9 1872.03583516 0.202912039496 8128.7612528 
40 1872.03103959 0.195279891891 8128.77368052 
40.1 1872.02642439 0.187934788287 8128.78564082 
40.2 1872.0219828 0.18086593674 8128.79715127 
40.3 1872.01770827 0.174062957197 8128.80822877 
40.4 1872.01359454 0.167515868523 8128.81888959 
40.5 1872.00963557 0.161215043032 8128.82914939 
40.6 1872.0058255 0.15515118934 8128.83902331 
40.7 1872.00215874 0.149315394 8128.84852587 
40.8 1871.99862989 0.14369908287 8128.85767102 
40.9 1871.99523378 0.138294010197 8128.86647221 
41 1871.99196543 0.133092248605 8128.87494232 
41.1 1871.98882004 0.128086173139 8128.88309379 
41.2 1871.98579296 0.123268392544 8128.89093865 
41.3 1871.98287974 0.118631813104 8128.89848845 
41.4 1871.9800761 0.11416961952 8128.90575428 
41.5 1871.97737791 0.109875255697 8128.91274683 
41.6 1871.97478122 0.105742416412 8128.91947636 
41.7 1871.97228221 0.101765039576 8128.92595275 
41.8 1871.96987721 0.0979372775498 8128.93218551 
41.9 1871.96756267 0.0942534811924 8128.93818385 
42 1871.96533518 0.0907082344405 8128.94395658 
42.1 1871.96319148 0.0872963273011 8128.9495122 
42.2 1871.96112841 0.0840127490148 8128.95485885 
42.3 1871.95914294 0.0808526819156 8128.96000438 
42.4 1871.95723217 0.0778114927251 8128.96495634 
42.5 1871.95539327 0.0748846931517 8128.96972204 
42.6 1871.95362354 0.0720679732832 8128.97430849 
42.7 1871.95192037 0.0693571929962 8128.97872244 
42.8 1871.95028126 0.0667483699816 8128.98297037 
42.9 1871.94870381 0.0642376747469 8128.98705852 
43 1871.9471857 0.0618214259882 8128.99099287 
43.1 1871.9457247 0.0594960727943 8128.99477923 
43.2 1871.94431866 0.0572581809649 8128.99842316 
43.3 1871.94296549 0.0551044599084 8129.00193005 
43.4 1871.94166323 0.0530317441508 8129.00530503 
43.5 1871.94040995 0.0510369889422 8129.00855306 
43.6 1871.93920381 0.0491172664504 8129.01167892 
43.7 1871.93804305 0.0472697609622 8129.01468719 
43.8 1871.93692595 0.0454917473453 8129.01758231 
43.9 1871.93585086 0.0437806071369 8129.02036853 
44 1871.93481621 0.0421338250183 8129.02304996 
44.1 1871.93382048 0.0405489815689 8129.02563054 
44.2 1871.9328622 0.0390237502452 8129.02811405 
44.3 1871.93193997 0.0375558945866 8129.03050413 
44.4 1871.93105244 0.0361432581124 8129.0328043 
44.5 1871.93019828 0.0347837540857 8129.03501796 
44.6 1871.92937626 0.0334753833878 8129.03714836 
44.7 1871.92858515 0.0322162231023 8129.03919863 
44.8 1871.9278238 0.03100442373 8129.04117178 
44.9 1871.92709109 0.0298382068885 8129.0430707 
45 1871.92638594 0.0287158625517 8129.0448982 
45.1 1871.92570732 0.0276357352487 8129.04665694 
45.2 1871.92505422 0.0265962337163 8129.04834954 
45.3 1871.92442569 0.0255958297693 8129.04997848 
45.4 1871.9238208 0.0246330533775 8129.05154615 
45.5 1871.92323866 0.0237064908055 8129.05305485 
45.6 1871.92267842 0.0228147828891 8129.0545068 
45.7 1871.92213925 0.0219566197412 8129.05590413 
45.8 1871.92162037 0.0211307340589 8129.0572489 
45.9 1871.921121 0.0203359112945 8129.05854309 
46 1871.92064041 0.0195709832992 8129.05978861 
46.1 1871.9201779 0.0188348265754 8129.06098727 
46.2 1871.91973279 0.0181263608921 8129.06214085 
46.3 1871.91930442 0.0174445477044 8129.06325103 
46.4 1871.91889217 0.0167883814203 8129.06431945 
46.5 1871.91849542 0.0161568950354 8129.06534769 
46.6 1871.91811359 0.0155491601898 8129.06633725 
46.7 1871.91774613 0.0149642838377 8129.06728959 
46.8 1871.91739249 0.0144014071124 8129.0682061 
46.9 1871.91705215 0.0138597042736 8129.06908815 
47 1871.91672462 0.0133383797596 8129.069937 
47.1 1871.9164094 0.012836663682 8129.07075394 
47.2 1871.91610604 0.0123538181194 8129.07154014 
47.3 1871.91581409 0.0118891333728 8129.07229678 
47.4 1871.91553312 0.0114419268416 8129.07302495 
47.5 1871.91526272 0.0110115421784 8129.07372574 
47.6 1871.9150025 0.0105973483846 8129.07440016 
47.7 1871.91475206 0.0101987348109 8129.07504921 
47.8 1871.91451104 0.00981511393372 8129.07567385 
47.9 1871.91427908 0.00944592179173 8129.07627499 
48 1871.91405586 0.00909061589423 8129.07685353 
48.1 1871.91384102 0.00874867453575 8129.0774103 
48.2 1871.91363427 0.00841959616076 8129.07794613 
48.3 1871.9134353 0.00810289764993 8129.0784618 
48.4 1871.91324381 0.00779811117577 8129.07895808 
48.5 1871.91305952 0.00750478840062 8129.07943569 
48.6 1871.91288217 0.00722249817043 8129.07989533 
48.7 1871.91271148 0.00695082577596 8129.08033769 
48.8 1871.91254722 0.00668937243453 8129.08076341 
48.9 1871.91238913 0.00643775199153 8129.08117312 
49 1871.912237 0.00619560095687 8129.0815674 
49.1 1871.91209058 0.00596255673551 8129.08194686 
49.2 1871.91194967 0.00573827731314 8129.08231205 
49.3 1871.91181406 0.00552243342408 8129.0826635 
49.4 1871.91168355 0.00531470825235 8129.08300174 
49.5 1871.91155796 0.0051147971328 8129.08332725 
49.6 1871.91143708 0.00492240627139 8129.08364051 
49.7 1871.91132075 0.00473725010523 8129.083942 
49.8 1871.9112088 0.00455905611774 8129.08423214 
49.9 1871.91110106 0.00438756259214 8129.08451138 
50 1871.91099736 0.00422251803874 8129.08478012 
50.1 1871.91089757 0.00406368086803 8129.08503875 
50.2 1871.91080153 0.0039108190638 8129.08528765 
50.3 1871.91070911 0.00376370985626 8129.08552718 
50.4 1871.91062016 0.00362213927192 8129.0857577 
50.5 1871.91053456 0.00348589716708 8129.08597954 
50.6 1871.91045219 0.00335478170055 8129.08619303 
50.7 1871.91037291 0.00322860017943 8129.08639849 
50.8 1871.91029662 0.00310716691147 8129.08659621 
50.9 1871.9102232 0.00299030283714 8129.0867865 
51 1871.91015254 0.0028778351616 8129.08696963 
51.1 1871.91008453 0.00276959698677 8129.08714587 
51.2 1871.91001909 0.0026654269433 8129.08731549 
51.3 1871.9099561 0.00256517175509 8129.08747873 
51.4 1871.90989548 0.00246868971569 8129.08763583 
51.5 1871.90983715 0.00237583934429 8129.08778701 
51.6 1871.90978101 0.00228648382544 8129.08793251 
51.7 1871.90972698 0.00220049100961 8129.08807253 
51.8 1871.90967499 0.00211773310848 8129.08820728 
51.9 1871.90962495 0.00203808639038 8129.08833697 
52 1871.90957679 0.00196143087557 8129.08846178 
52.1 1871.90953043 0.00188765059788 8129.08858192 
52.2 1871.90948582 0.00181664342269 8129.08869754 
52.3 1871.90944289 0.00174830830678 8129.0888088 
52.4 1871.90940157 0.00168254498037 8129.08891588 
52.5 1871.90936181 0.00161925669241 8129.08901894 
52.6 1871.90932354 0.00155834999212 8129.08911811 
52.7 1871.90928672 0.00149973451048 8129.08921355 
52.8 1871.90925127 0.00144332274184 8129.0893054 
52.9 1871.90921716 0.00138902982539 8129.08939381 
53 1871.90918433 0.00133677647255 8129.08947889 
53.1 1871.90915274 0.00128649042089 8129.08956077 
53.2 1871.90912234 0.00123809796783 8129.08963956 
53.3 1871.90909308 0.00119152784565 8129.08971539 
53.4 1871.90906492 0.00114671116239 8129.08978837 
53.5 1871.90903782 0.00110358123646 8129.08985859 
53.6 1871.90901175 0.00106207343123 8129.08992618 
53.7 1871.90898665 0.00102212498965 8129.08999123 
53.8 1871.90896247 0.000983642201363 8129.09005389 
53.9 1871.90893923 0.000946654994755 8129.09011411 
54 1871.90891687 0.000911054096212 8129.09017208 
54.1 1871.90889534 0.000876789617284 8129.09022787 
54.2 1871.90887462 0.000843812754373 8129.09028157 
54.3 1871.90885468 0.000812075788739 8129.09033324 
54.4 1871.90883549 0.000781532086499 8129.09038298 
54.5 1871.90881702 0.000752136098625 8129.09043084 
54.6 1871.90879925 0.000723843360947 8129.09047691 
54.7 1871.90878214 0.000696613609075 8129.09052125 
54.8 1871.90876568 0.000670410005681 8129.09056391 
54.9 1871.90874983 0.000645193687498 8129.09060497 
55 1871.90873459 0.000620927067442 8129.09064449 
55.1 1871.90871991 0.000597573851785 8129.09068251 
55.2 1871.90870579 0.000575099040161 8129.09071911 
55.3 1871.9086922 0.000553468925563 8129.09075433 
55.4 1871.90867913 0.000532651094345 8129.09078822 
55.5 1871.90866654 0.000512614426218 8129.09082085 
55.6 1871.90865442 0.000493329088529 8129.09085225 
55.7 1871.90864276 0.000474766303675 8129.09088248 
55.8 1871.90863153 0.00045689862127 8129.09091157 
55.9 1871.90862073 0.000439699974922 8129.09093957 
56 1871.90861033 0.000423145581138 8129.09096653 
56.1 1871.90860032 0.000407211939326 8129.09099247 
56.2 1871.90859068 0.000391876831791 8129.09101744 
56.3 1871.90858141 0.000377119323737 8129.09104147 
56.4 1871.90857249 0.000362919763267 8129.09106459 
56.5 1871.90856391 0.000349259781384 8129.09108683 
56.6 1871.90855565 0.000336121043121 8129.09110823 
56.7 1871.90854771 0.000323476788393 8129.09112882 
56.8 1871.90854006 0.000311306541914 8129.09114863 
56.9 1871.9085327 0.000299592532758 8129.09116771 
57 1871.90852562 0.000288317884896 8129.09118606 
57.1 1871.9085188 0.000277466617194 8129.09120373 
57.2 1871.90851224 0.00026702364342 8129.09122074 
57.3 1871.90850593 0.000256974772236 8129.0912371 
57.4 1871.90849985 0.000247306707205 8129.09125284 
57.5 1871.90849401 0.000238007046785 8129.09126798 
57.6 1871.90848839 0.000229061944762 8129.09128255 
57.7 1871.90848298 0.000220452551886 8129.09129657 
57.8 1871.90847777 0.000212165658112 8129.09131006 
57.9 1871.90847276 0.000204189061632 8129.09132305 
58 1871.90846794 0.000196511172495 8129.09133555 
58.1 1871.9084633 0.000189121012598 8129.09134758 
58.2 1871.90845883 0.000182008215696 8129.09135916 
58.3 1871.90845453 0.000175163027391 8129.09137031 
58.4 1871.90845039 0.000168576305143 8129.09138104 
58.5 1871.90844641 0.000162239518261 8129.09139135 
58.6 1871.90844258 0.000156142082403 8129.09140128 
58.7 1871.90843889 0.000150272391145 8129.09141084 
58.8 1871.90843534 0.000144621862315 8129.09142004 
58.9 1871.90843192 0.000139182363032 8129.0914289 
59 1871.90842863 0.000133946204234 8129.09143742 
59.1 1871.90842546 0.000128906140682 8129.09144563 
59.2 1871.90842242 0.00012405537096 8129.09145353 
59.3 1871.90841948 0.000119387537473 8129.09146113 
59.4 1871.90841666 0.00011489672645 8129.09146844 
59.5 1871.90841395 0.000110577341641 8129.09147547 
59.6 1871.90841134 0.00010642022723 8129.09148224 
59.7 1871.90840882 0.000102417680062 8129.09148876 
59.8 1871.9084064 9.85639340738e-05 8129.09149503 
59.9 1871.90840407 9.48535459973e-05 8129.09150108 
60 1871.90840183 9.12813953615e-05 8129.09150689 
60.1 1871.90839967 8.78426844926e-05 8129.09151249 
60.2 1871.90839759 8.45329385136e-05 8129.09151788 
60.3 1871.90839559 8.13480053447e-05 8129.09152307 
60.4 1871.90839366 7.82840557029e-05 8129.09152806 
60.5 1871.90839181 7.53375831022e-05 8129.09153285 
60.6 1871.90839003 7.25054038536e-05 8129.09153746 
60.7 1871.90838832 6.97839327253e-05 8129.0915419 
60.8 1871.90838667 6.71652094694e-05 8129.09154616 
60.9 1871.90838509 6.4644489013e-05 8129.09155026 
61 1871.90838357 6.22180314043e-05 8129.09155422 
61.1 1871.9083821 5.98822847495e-05 8129.09155802 
61.2 1871.90838069 5.76338852122e-05 8129.09156168 
61.3 1871.90837933 5.54696570138e-05 8129.0915652 
61.4 1871.90837802 5.33866124333e-05 8129.0915686 
61.5 1871.90837676 5.13819518074e-05 8129.09157186 
61.6 1871.90837555 4.94530635304e-05 8129.091575 
61.7 1871.90837438 4.75975240542e-05 8129.09157802 
61.8 1871.90837326 4.58130978886e-05 8129.09158093 
61.9 1871.90837218 4.40969228257e-05 8129.09158372 
62 1871.90837114 4.24446787285e-05 8129.09158641 
62.1 1871.90837014 4.08538030668e-05 8129.091589 
62.2 1871.90836918 3.93219550626e-05 8129.0915915 
62.3 1871.90836825 3.78469206315e-05 8129.0915939 
62.4 1871.90836736 3.64266123827e-05 8129.09159621 
62.5 1871.9083665 3.50590696194e-05 8129.09159844 
62.6 1871.90836568 3.37424583382e-05 8129.09160058 
62.7 1871.90836488 3.24750712297e-05 8129.09160265 
62.8 1871.90836411 3.12553276778e-05 8129.09160463 
62.9 1871.90836338 3.00817737606e-05 8129.09160654 
63 1871.90836267 2.89530822494e-05 8129.09160838 
63.1 1871.90836198 2.78670137976e-05 8129.09161015 
63.2 1871.90836133 2.68211106798e-05 8129.09161185 
63.3 1871.90836069 2.58138751281e-05 8129.09161349 
63.4 1871.90836009 2.48438944726e-05 8129.09161507 
63.5 1871.9083595 2.39098411406e-05 8129.09161659 
63.6 1871.90835893 2.30104726574e-05 8129.09161806 
63.7 1871.90835839 2.21446316455e-05 8129.09161947 
63.8 1871.90835787 2.13112458253e-05 8129.09162082 
63.9 1871.90835736 2.05093280148e-05 8129.09162213 
64 1871.90835688 1.97379761294e-05 8129.09162338 
64.1 1871.90835641 1.89963731825e-05 8129.09162459 
64.2 1871.90835594 1.82485271926e-05 8129.09162581 
64.3 1871.90835552 1.75736502654e-05 8129.09162691 
64.4 1871.90835511 1.6921663914e-05 8129.09162797 
64.5 1871.90835471 1.62920870051e-05 8129.091629 
64.6 1871.90835433 1.56844384053e-05 8129.09162998 
64.7 1871.90835396 1.50982369812e-05 8129.09163094 
64.8 1871.90835361 1.45330015995e-05 8129.09163186 
64.9 1871.90835327 1.39882511267e-05 8129.09163275 
65 1871.90835294 1.34635044294e-05 8129.0916336 
65.1 1871.90835262 1.29582803744e-05 8129.09163442 
65.2 1871.90835231 1.24720978281e-05 8129.09163522 
65.3 1871.90835202 1.20044756573e-05 8129.09163598 
65.4 1871.90835174 1.15548471762e-05 8129.09163671 
65.5 1871.90835146 1.11222358039e-05 8129.09163741 
65.6 1871.9083512 1.07060102049e-05 8129.09163809 
65.7 1871.90835095 1.03056051895e-05 8129.09163874 
65.8 1871.90835071 9.9204555677e-06 8129.09163937 
65.9 1871.90835048 9.54999614976e-06 8129.09163997 
66 1871.90835025 9.19366174579e-06 8129.09164055 
66.1 1871.90835004 8.85088716596e-06 8129.09164111 
66.2 1871.90834983 8.52110722042e-06 8129.09164165 
66.3 1871.90834963 8.20375671933e-06 8129.09164217 
66.4 1871.90834944 7.89827047284e-06 8129.09164266 
66.5 1871.90834925 7.60408329111e-06 8129.09164314 
66.6 1871.90834908 7.32062998429e-06 8129.0916436 
66.7 1871.9083489 7.04734536254e-06 8129.09164405 
66.8 1871.90834874 6.78368372023e-06 8129.09164448 
66.9 1871.90834858 6.52988820016e-06 8129.09164489 
67 1871.90834843 6.28593778421e-06 8129.09164529 
67.1 1871.90834828 6.05143151929e-06 8129.09164567 
67.2 1871.90834814 5.82596845229e-06 8129.09164604 
67.3 1871.908348 5.60914763013e-06 8129.09164639 
67.4 1871.90834787 5.4005680997e-06 8129.09164673 
67.5 1871.90834774 5.1998289079e-06 8129.09164706 
67.6 1871.90834762 5.00652910165e-06 8129.09164737 
67.7 1871.90834751 4.82026772783e-06 8129.09164767 
67.8 1871.90834739 4.64064383335e-06 8129.09164797 
67.9 1871.90834728 4.46725646511e-06 8129.09164825 
68 1871.90834718 4.29970467002e-06 8129.09164852 
68.1 1871.90834708 4.13758749497e-06 8129.09164879 
68.2 1871.90834698 3.98050398688e-06 8129.09164904 
68.3 1871.90834688 3.82856280769e-06 8129.09164929 
68.4 1871.90834679 3.68240239358e-06 8129.09164953 
68.5 1871.9083467 3.54183631398e-06 8129.09164976 
68.6 1871.90834662 3.40665937807e-06 8129.09164998 
68.7 1871.90834654 3.27666639503e-06 8129.09165019 
68.8 1871.90834646 3.15165217403e-06 8129.09165039 
68.9 1871.90834638 3.03141152425e-06 8129.09165059 
69 1871.90834631 2.91573925489e-06 8129.09165078 
69.1 1871.90834624 2.80443017511e-06 8129.09165096 
69.2 1871.90834617 2.69727909409e-06 8129.09165113 
69.3 1871.90834611 2.59408082103e-06 8129.0916513 
69.4 1871.90834604 2.4946301651e-06 8129.09165146 
69.5 1871.90834598 2.39872193547e-06 8129.09165162 
69.6 1871.90834593 2.30615094133e-06 8129.09165177 
69.7 1871.90834583 2.16157424594e-06 8129.091652 
69.8 1871.90834579 2.086790615e-06 8129.09165213 
69.9 1871.90834574 2.01382596912e-06 8129.09165224 
70 1871.9083457 1.94268030831e-06 8129.09165236 
