Time S I R
0.0  10000 1 0
0.1 9999.98592936 0.947449549441 0.0666210941133 
0.2 9999.9725987 0.897662691661 0.129738606568 
0.3 9999.95996823 0.850490763558 0.189541009439 
0.4 9999.94800152 0.8057977866 0.246200693296 
0.5 9999.93666364 0.763453277104 0.299883082257 
0.6 9999.92592155 0.723333854319 0.350744595312 
0.7 9999.91574394 0.685322586571 0.398933475294 
0.8 9999.90610118 0.649308844527 0.44458997494 
0.9 9999.89696518 0.615187697476 0.487847122297 
1 9999.88830929 0.582859614628 0.528831099426 
1.1 9999.88010827 0.552230367301 0.567661366429 
1.2 9999.87233821 0.523210661601 0.604451127134 
1.3 9999.86497644 0.495715778426 0.639307785519 
1.4 9999.85800144 0.469665432913 0.672333123902 
1.5 9999.85139298 0.444983993995 0.703623024586 
1.6 9999.8451319 0.421599933685 0.733268168068 
1.7 9999.8392 0.399445287512 0.761354717093 
1.8 9999.83357996 0.378455392356 0.78796464904 
1.9 9999.8282553 0.358568656894 0.813176046974 
2 9999.82321025 0.339726228016 0.837063522557 
2.1 9999.81843016 0.321873360615 0.859696479371 
2.2 9999.81390122 0.304958503718 0.881140271538 
2.3 9999.80961035 0.288932768361 0.901456878382 
2.4 9999.80554503 0.273749423961 0.920705542924 
2.5 9999.80169337 0.259364065176 0.938942560329 
2.6 9999.79804409 0.245734551884 0.956221354001 
2.7 9999.79458658 0.232821238507 0.972592184823 
2.8 9999.79131075 0.220586523112 0.988102722822 
2.9 9999.78820706 0.20899469054 1.00279824605 
3 9999.78526647 0.198011997101 1.01672153319 
3.1 9999.78248041 0.1876064548 1.02991313715 
3.2 9999.77984076 0.17774772629 1.04241151819 
3.3 9999.77733982 0.168407100845 1.05425307441 
3.4 9999.77497032 0.159557339896 1.06547233757 
3.5 9999.77272533 0.151172599679 1.07610207117 
3.6 9999.77059831 0.143228481841 1.08617320624 
3.7 9999.76858307 0.135701833749 1.09571509459 
3.8 9999.76667373 0.128570699556 1.10475557075 
3.9 9999.76486474 0.121814348089 1.11332091669 
4 9999.76315081 0.115413082167 1.12143610353 
4.1 9999.76152696 0.109348187553 1.12912485625 
4.2 9999.75998841 0.103601936154 1.13640964964 
4.3 9999.75853073 0.098157677785 1.14331159197 
4.4 9999.75714965 0.0929995395044 1.14985080617 
4.5 9999.75584115 0.0881124398052 1.1560464118 
4.6 9999.75460139 0.0834821170145 1.16191648909 
4.7 9999.7534268 0.079095147345 1.16747805605 
4.8 9999.75231393 0.0749387327761 1.17274733734 
4.9 9999.75125954 0.0710007143983 1.17773974741 
5 9999.75026055 0.0672696203615 1.18246982968 
5.1 9999.74931407 0.063734622221 1.18695131191 
5.2 9999.74841732 0.0603854010944 1.19119727584 
5.3 9999.7475677 0.0572121530434 1.19522015039 
5.4 9999.74676272 0.0542056507991 1.19903163343 
5.5 9999.74600004 0.0513571600295 1.20264279787 
5.6 9999.74527745 0.0486583641205 1.2060641871 
5.7 9999.74459282 0.0461013648931 1.20930581401 
5.8 9999.74394417 0.0436787377168 1.21237709117 
5.9 9999.74332961 0.0413834355575 1.21528695243 
6 9999.74274735 0.0392087540256 1.21804389727 
6.1 9999.74219568 0.0371483327886 1.22065598898 
6.2 9999.74167301 0.0351962144041 1.2231307801 
6.3 9999.74117781 0.0333467166885 1.2254754742 
6.4 9999.74070864 0.0315944277552 1.22769693219 
6.5 9999.74026412 0.0299341932311 1.2298016885 
6.6 9999.73984294 0.0283611417789 1.23179591877 
6.7 9999.7394439 0.0268707684818 1.23368533409 
6.8 9999.73906583 0.0254587336097 1.23547543613 
6.9 9999.73870763 0.0241209074892 1.23717146029 
7 9999.73836825 0.0228533587113 1.23877839058 
7.1 9999.7380467 0.0216523943484 1.24030090872 
7.2 9999.73774205 0.0205145610565 1.24174339266 
7.3 9999.73745341 0.0194365394618 1.24311005054 
7.4 9999.73717994 0.0184151726454 1.24440488452 
7.5 9999.73692084 0.0174474538277 1.24563170644 
7.6 9999.73667535 0.0165305825801 1.24679406653 
7.7 9999.73644277 0.0156619109131 1.24789532178 
7.8 9999.73622241 0.0148389010014 1.2489386895 
7.9 9999.73601363 0.0140591377691 1.24992723141 
8 9999.73581582 0.013320324165 1.25086385957 
8.1 9999.7356284 0.0126203352757 1.25175126784 
8.2 9999.73545083 0.0119571422886 1.25259202824 
8.3 9999.7352826 0.0113288074865 1.2533885973 
8.4 9999.7351232 0.0107334870675 1.25414331251 
8.5 9999.73497218 0.0101694337428 1.25485838896 
8.6 9999.73482909 0.00963502798813 1.25553587983 
8.7 9999.73469353 0.00912871486243 1.25617775636 
8.8 9999.73456509 0.00864901330898 1.25678589618 
8.9 9999.7344434 0.00819451303444 1.25736208717 
9 9999.7343281 0.00776389030283 1.25790800749 
9.1 9999.73421887 0.00735591865695 1.25842521198 
9.2 9999.73411538 0.00696940764561 1.25891520984 
9.3 9999.73401734 0.00660322212295 1.25937944013 
9.4 9999.73392444 0.00625627753806 1.25981927779 
9.5 9999.73383643 0.00592753457424 1.26023604042 
9.6 9999.73375302 0.0056160275478 1.26063095226 
9.7 9999.733674 0.00532089699057 1.26100510289 
9.8 9999.73359914 0.00504128498856 1.26135957993 
9.9 9999.73352821 0.00477637350422 1.26169542044 
10 9999.733461 0.00452538245886 1.26201361337 
10.1 9999.73339733 0.0042875660181 1.26231510425 
10.2 9999.733337 0.00406222632704 1.26260077777 
10.3 9999.73327983 0.0038487365048 1.26287142867 
10.4 9999.73322568 0.00364647666809 1.2631278428 
10.5 9999.73317437 0.003454855179 1.2633707702 
10.6 9999.73312577 0.00327330742859 1.26360092666 
10.7 9999.73307971 0.00310129308337 1.26381899718 
10.8 9999.73303607 0.00293830510395 1.26402562456 
10.9 9999.73299473 0.00278389057236 1.26422138299 
11 9999.73295556 0.00263760047673 1.26440684169 
11.1 9999.73291845 0.00249900538855 1.26458254508 
11.2 9999.73288329 0.002367695067 1.26474901323 
11.3 9999.73284998 0.00224327644255 1.26490674446 
11.4 9999.73281841 0.00212538039826 1.26505620671 
11.5 9999.73278851 0.00201368225392 1.2651978116 
11.6 9999.73276017 0.00190785849126 1.26533196927 
11.7 9999.73273333 0.00180759965017 1.26545907202 
11.8 9999.7327079 0.00171261076521 1.26557949381 
11.9 9999.7326838 0.00162260998044 1.26569359196 
12 9999.73266097 0.00153733138172 1.26580170357 
12.1 9999.73263933 0.0014565371743 1.26590413011 
12.2 9999.73261884 0.00137999333244 1.26600116827 
12.3 9999.73259942 0.00130747585795 1.26609310202 
12.4 9999.73258103 0.00123877102462 1.26618020231 
12.5 9999.7325636 0.00117367434275 1.26626272837 
12.6 9999.73254708 0.001111992714 1.26634092502 
12.7 9999.73253144 0.00105355583918 1.26641500814 
12.8 9999.73251661 0.000998194676317 1.26648519204 
12.9 9999.73250257 0.000945746714922 1.26655168274 
13 9999.73248927 0.000896056606354 1.26661467718 
13.1 9999.73247666 0.000848975380587 1.26667436422 
13.2 9999.73246471 0.000804359743573 1.26673092552 
13.3 9999.7324534 0.00076208400323 1.26678452042 
13.4 9999.73244267 0.000722031559967 1.26683529675 
13.5 9999.73243251 0.000684085729316 1.26688340243 
13.6 9999.73242289 0.000648135403069 1.26692897832 
13.7 9999.73241377 0.000614074529504 1.26697215886 
13.8 9999.73240513 0.000581801593603 1.26701307275 
13.9 9999.73239694 0.000551221010736 1.26705184116 
14 9999.73238918 0.000522248933405 1.2670885704 
14.1 9999.73238183 0.000494801732365 1.26712336648 
14.2 9999.73237487 0.000468799115734 1.2671563312 
14.3 9999.73236827 0.000444164391511 1.26718756178 
14.4 9999.73236202 0.000420824082527 1.26721715136 
14.5 9999.7323561 0.000398707605091 1.26724518944 
14.6 9999.73235049 0.00037775262526 1.26727175503 
14.7 9999.73234518 0.000357900637436 1.26729692231 
14.8 9999.73234014 0.000339093543759 1.26732076493 
14.9 9999.73233537 0.000321275889035 1.2673433532 
15 9999.73233085 0.000304394589857 1.2673647544 
15.1 9999.73232657 0.00028839866372 1.26738503317 
15.2 9999.73232251 0.000273240380777 1.26740425003 
15.3 9999.73231866 0.000258878961644 1.26742245666 
15.4 9999.73231502 0.000245272992168 1.26743970557 
15.5 9999.73231157 0.000232382731306 1.26745604715 
15.6 9999.7323083 0.000220170294671 1.26747152942 
15.7 9999.7323052 0.000208599473407 1.26748619828 
15.8 9999.73230226 0.000197624190035 1.26750011216 
15.9 9999.73229948 0.000187242904012 1.26751327299 
16 9999.73229685 0.000177404919096 1.26752574506 
16.1 9999.73229435 0.000168083086913 1.26753756277 
16.2 9999.73229199 0.000159250989891 1.26754875963 
16.3 9999.73228975 0.000150882941266 1.26755936819 
16.4 9999.73228763 0.000142953985081 1.2675694201 
16.5 9999.73228561 0.00013544090044 1.26757894478 
16.6 9999.73228371 0.000128324094607 1.26758796708 
16.7 9999.7322819 0.000121582680975 1.26759651348 
16.8 9999.73228019 0.00011519647312 1.26760460957 
16.9 9999.73227857 0.000109146191071 1.2676122798 
17 9999.73227704 0.000103413461311 1.26761954744 
17.1 9999.73227558 9.79808167744e-05 1.26762643466 
17.2 9999.73227421 9.28316968496e-05 1.26763296243 
17.3 9999.7322729 8.79505129832e-05 1.26763915053 
17.4 9999.73227166 8.33234679407e-05 1.26764501645 
17.5 9999.73227049 7.89373757249e-05 1.2676505769 
17.6 9999.73226937 7.47797832108e-05 1.26765584767 
17.7 9999.73226832 7.08391910643e-05 1.26766084335 
17.8 9999.73226732 6.71050537419e-05 1.26766557728 
17.9 9999.73226637 6.35677794913e-05 1.26767006165 
18 9999.73226547 6.02187303509e-05 1.26767430739 
18.1 9999.73226463 5.7050222119e-05 1.26767832426 
18.2 9999.73226382 5.40510287112e-05 1.26768212647 
18.3 9999.73226306 5.12088411434e-05 1.26768572964 
18.4 9999.73226234 4.85154574086e-05 1.26768914417 
18.5 9999.73226166 4.59632858409e-05 1.26769237968 
18.6 9999.73226101 4.35453451156e-05 1.26769544501 
18.7 9999.7322604 4.12552642495e-05 1.26769834825 
18.8 9999.73225982 3.90872826003e-05 1.2677010967 
18.9 9999.73225927 3.70362498671e-05 1.26770369689 
19 9999.73225875 3.50963162904e-05 1.26770615624 
19.1 9999.73225826 3.325832225e-05 1.26770848635 
19.2 9999.73225779 3.15164211229e-05 1.26771069463 
19.3 9999.73225735 2.98654323289e-05 1.26771278767 
19.4 9999.73225693 2.83005502968e-05 1.26771477154 
19.5 9999.73225653 2.68173444648e-05 1.26771665187 
19.6 9999.73225615 2.541175928e-05 1.2677184338 
19.7 9999.7322558 2.40801141988e-05 1.26772012198 
19.8 9999.73225545 2.27716768083e-05 1.26772178075 
19.9 9999.73225513 2.15957021217e-05 1.26772327159 
20 9999.73225483 2.04745955868e-05 1.26772469287 
