Time S I R
0.0  10000 1 0
0.1 9999.89754162 1.06764327468 0.0348151065982 
0.2 9999.78816135 1.1398560012 0.0719826449826 
0.3 9999.67137912 1.21695505268 0.111665831984 
0.4 9999.54669921 1.29926759133 0.154033196422 
0.5 9999.41358861 1.38714542014 0.199265972985 
0.6 9999.27147778 1.48096440935 0.247557810325 
0.7 9999.11975816 1.58112618942 0.299115645809 
0.8 9998.9577795 1.6880598922 0.354160606843 
0.9 9998.78484835 1.80222312852 0.41292851837 
1 9998.6002255 1.92410370693 0.475670792153 
1.1 9998.40312107 2.05422284373 0.542656087594 
1.2 9998.19269151 2.19313714875 0.614171341621 
1.3 9997.96803687 2.34144042644 0.690522702635 
1.4 9997.72819595 2.49976686736 0.772037185172 
1.5 9997.4721456 2.66879149549 0.859062902222 
1.6 9997.19879077 2.84923674771 0.951972481863 
1.7 9996.90696149 3.04187443042 1.05116407854 
1.8 9996.59541057 3.24752725048 1.15706217911 
1.9 9996.26280768 3.46707270118 1.27011961782 
2 9995.90773236 3.70144766689 1.39081997345 
2.1 9995.52866812 3.95165228947 1.51967958809 
2.2 9995.12399777 4.21875305793 1.65724917106 
2.3 9994.69199342 4.50388935473 1.80411722506 
2.4 9994.23081281 4.80827588527 1.96091130419 
2.5 9993.73848865 5.13320966877 2.12830168261 
2.6 9993.21292224 5.48007422584 2.30700353804 
2.7 9992.65187335 5.85034621113 2.49778043732 
2.8 9992.05295024 6.2456019763 2.70144778255 
2.9 9991.41360483 6.66752072456 2.9188744434 
3 9990.73112019 7.11789272 3.15098708555 
3.1 9990.00259113 7.59863196639 3.39877690807 
3.2 9989.22491959 8.11177922669 3.66330117913 
3.3 9988.3948002 8.6595115369 3.94568826476 
3.4 9987.50870762 9.24415036809 4.24714201041 
3.5 9986.56288204 9.86817116459 4.56894679371 
3.6 9985.55331234 10.5342143435 4.91247331176 
3.7 9984.47572041 11.2450955212 5.27918407218 
3.8 9983.32554264 12.0038174534 5.67063990622 
3.9 9982.09791355 12.813580852 6.08850560054 
4 9980.7876465 13.6777968803 6.53455662337 
4.1 9979.38920797 14.6001037762 7.01068824945 
4.2 9977.89669736 15.5843800244 7.51892261774 
4.3 9976.30382674 16.6347575088 8.06141575423 
4.4 9974.60389362 17.7556391146 8.6404672651 
4.5 9972.78974984 18.9517186483 9.25853151258 
4.6 9970.85378035 20.2279947717 9.91822487515 
4.7 9968.78787263 21.589790698 10.6223366671 
4.8 9966.58337869 23.0427783121 11.3738429945 
4.9 9964.23108565 24.592997237 12.1759171144 
5 9961.7211836 26.2468755646 13.0319408362 
5.1 9959.04322484 28.0112557151 13.9455194483 
5.2 9956.18607871 29.8934228365 14.9204984516 
5.3 9953.13789957 31.9011258082 15.9609746263 
5.4 9949.88608084 34.0426062179 17.0713129403 
5.5 9946.4172011 36.3266316533 18.2561672457 
5.6 9942.71698125 38.7625232453 19.5204955064 
5.7 9938.77023573 41.360186557 20.8695777151 
5.8 9934.56081459 44.1301471274 22.3090382817 
5.9 9930.07154261 47.0835875723 23.8448698133 
6 9925.28416926 50.2323800792 25.483450659 
6.1 9920.17930427 53.5891256072 27.2315701267 
6.2 9914.73634662 57.1671949776 29.0964584028 
6.3 9908.93342336 60.980768214 31.085808431 
6.4 9902.74731974 65.0448768829 33.2078033801 
6.5 9896.15340564 69.3754479804 35.4711463769 
6.6 9889.12556023 73.9893443864 37.8850953863 
6.7 9881.636093 78.9044137646 40.4594932326 
6.8 9873.65566185 84.1395368785 43.2048012681 
6.9 9865.15318835 89.7146752748 46.1321363769 
7 9856.09579367 95.6509030844 49.2533032433 
7.1 9846.44870324 101.970461288 52.5808354733 
7.2 9836.17514791 108.696813295 56.1280387923 
7.3 9825.23627893 115.854688861 59.9090322049 
7.4 9813.59110557 123.470108075 63.9387863532 
7.5 9801.19640611 131.570425138 68.2331687531 
7.6 9788.00661664 140.184388279 72.8089950773 
7.7 9773.97375421 149.342170548 77.684075241 
7.8 9759.04736432 159.07537856 82.8772571189 
7.9 9743.17446148 169.417065212 88.4084733051 
8 9726.29940962 180.401789966 94.2988004189 
8.1 9708.36387242 192.065619705 100.570507872 
8.2 9689.3067903 204.446106754 107.247102949 
8.3 9669.06438784 217.582240287 114.353371874 
8.4 9647.57005405 231.514497318 121.915448634 
8.5 9624.75435158 246.284788241 129.960860179 
8.6 9600.54504925 261.936382711 138.518568039 
8.7 9574.86724194 278.513765526 147.618992535 
8.8 9547.64326481 296.062647871 157.294087318 
8.9 9518.79279916 314.629828153 167.577372682 
9 9488.23300136 334.263033682 178.503964954 
9.1 9455.87878212 355.010649468 190.110568413 
9.2 9421.64281974 376.921635097 202.435545166 
9.3 9385.43580802 400.045267223 215.518924761 
9.4 9347.16673059 424.430859644 229.402409768 
9.5 9306.74329773 450.127372416 244.129329854 
9.6 9264.07225356 477.183094679 259.74465176 
9.7 9219.05982151 505.64523181 276.294946676 
9.8 9171.61210331 535.559529298 293.828367392 
9.9 9121.63567751 566.969740575 312.394581917 
10 9069.0382081 599.917089031 332.044702867 
10.1 9013.72916515 634.43967392 352.831160929 
10.2 8955.62055305 670.571841062 374.807605886 
10.3 8894.62772641 708.343498202 398.028775386 
10.4 8830.67017495 747.779491237 422.55033381 
10.5 8763.67249112 788.898823709 448.428685169 
10.6 8693.56541049 831.713829887 475.720759626 
10.7 8620.28670003 876.22951325 504.483786719 
10.8 8543.78223583 922.442732467 534.775031706 
10.9 8464.00719066 970.341310516 566.651498819 
11 8380.92696761 1019.90340495 600.169627435 
11.1 8294.51826801 1071.09678208 635.384949912 
11.2 8204.77032947 1123.87796419 672.351706342 
11.3 8111.6857557 1178.19175852 711.122485781 
11.4 8015.28136457 1233.97079839 751.747837039 
11.5 7915.58932321 1291.13488492 794.275791872 
11.6 7812.65773608 1349.59079833 838.751465589 
11.7 7706.55111571 1409.23223435 885.216649938 
11.8 7597.35111535 1469.93959489 933.709289758 
11.9 7485.15670943 1531.58021298 984.263077593 
12 7370.0841738 1594.008747 1036.9070792 
12.1 7252.26714414 1657.06765289 1091.66520297 
12.2 7131.85624029 1720.58793607 1148.55582363 
12.3 7009.01854361 1784.38993063 1207.59152576 
12.4 6883.93671976 1848.28463373 1268.77864652 
12.5 6756.80794288 1912.07507257 1332.11698454 
12.6 6627.84311429 1975.55727037 1397.59961535 
12.7 6497.26508605 2038.52225582 1465.21265813 
12.8 6365.30679184 2100.75808492 1534.93512324 
12.9 6232.21006687 2162.05109519 1606.73883793 
13 6098.22372277 2222.18784095 1680.58843628 
13.1 5963.60084998 2280.95772001 1756.44143001 
13.2 5828.59719039 2338.15451252 1834.24829709 
13.3 5693.46968922 2393.57771404 1913.95259674 
13.4 5558.47331105 2447.03534305 1995.4913459 
13.5 5423.85928931 2498.34541688 2078.79529381 
13.6 5289.87389153 2547.33700295 2163.78910552 
13.7 5156.75582024 2593.85219816 2250.3919816 
13.8 5024.73459422 2637.74728779 2338.518118 
13.9 4894.02925157 2678.89375682 2428.07699161 
14 4764.84691223 2717.17905204 2518.97403573 
14.1 4637.38167285 2752.50706618 2611.11126097 
14.2 4511.81342788 2784.79890002 2704.38767209 
14.3 4388.30720396 2813.99294317 2798.69985286 
14.4 4267.01302934 2840.04430403 2893.94266662 
14.5 4148.06529935 2862.92494215 2990.0097585 
14.6 4031.58215698 2882.62379022 3086.7940528 
14.7 3917.66652946 2899.14508138 3184.18838916 
14.8 3806.40609895 2912.50788949 3282.08601156 
14.9 3697.87281688 2922.74611837 3380.38106475 
15 3592.12442103 2929.90654349 3478.96903549 
15.1 3489.20499375 2934.0478391 3577.74716715 
15.2 3389.14498292 2935.240082 3676.61493508 
15.3 3291.96247108 2933.56320362 3775.4743253 
15.4 3197.6641631 2929.10572649 3874.23011042 
15.5 3106.2459535 2921.96381802 3972.79022848 
15.6 3017.69384344 2912.24015734 4071.06599922 
15.7 2931.98500525 2900.04276881 4168.97222594 
15.8 2849.08861345 2885.48395741 4266.42742914 
15.9 2768.96672895 2868.67922139 4363.35404965 
16 2691.57507838 2849.7465244 4459.67839722 
16.1 2616.86388426 2828.80535694 4555.33075881 
16.2 2544.77886618 2805.97560213 4650.24553169 
16.3 2475.26167912 2781.37720217 4744.36111871 
16.4 2408.25061013 2755.12946231 4837.61992756 
16.5 2343.68157453 2727.3500177 4929.96840776 
16.6 2281.4883452 2698.15472509 5021.35692971 
16.7 2221.60297157 2667.65733186 5111.73969658 
16.8 2163.95642482 2635.96889096 5201.07468422 
16.9 2108.47955966 2603.19682314 5289.3236172 
17 2055.10274911 2569.44548449 5376.4517664 
17.1 2003.75637385 2534.81576292 5462.42786323 
17.2 1954.37139396 2499.40464439 5547.22396165 
17.3 1906.87958929 2463.30510081 5630.8153099 
17.4 1861.21351984 2426.60624609 5713.18023407 
17.5 1817.30680563 2389.39319653 5794.29999784 
17.6 1775.09453699 2351.74682273 5874.15864028 
17.7 1734.51319773 2313.74393816 5952.74286411 
17.8 1695.50076216 2275.45733129 6030.04190654 
17.9 1657.99682811 2236.95578105 6106.04739083 
18 1621.94274074 2198.30410415 6180.7531551 
18.1 1587.28156312 2159.56325481 6254.15518207 
18.2 1553.95813282 2120.79040368 6326.2514635 
18.3 1521.91908738 2082.03908066 6397.04183196 
18.4 1491.11287464 2043.35927925 6466.52784611 
18.5 1461.48975352 2004.79753524 6534.71271124 
18.6 1433.00178642 1966.39706101 6601.60115256 
18.7 1405.60276732 1928.1979573 6667.19927538 
18.8 1379.24824502 1890.23726367 6731.51449131 
18.9 1353.89549752 1852.54907988 6794.5554226 
19 1329.50347801 1815.16472709 6856.3317949 
19.1 1306.03273445 1778.11294552 6916.85432003 
19.2 1283.44543381 1741.41991718 6976.13464901 
19.3 1261.7053028 1705.10941726 7034.18527994 
19.4 1240.77754668 1669.20298508 7091.01946824 
19.5 1220.62880504 1633.72004098 7146.65115398 
19.6 1201.22713537 1598.67796218 7201.09490245 
19.7 1182.54193806 1564.09223244 7254.3658295 
19.8 1164.54391477 1529.97654284 7306.47954238 
19.9 1147.20503576 1496.34287629 7357.45208796 
20 1130.49846467 1463.20165149 7407.29988385 
