Time S I R
0.0  10000 1 0
0.1 9999.93645872 1.04056907114 0.0229722116707 
0.2 9999.87033802 1.08278485792 0.0468771184284 
0.3 9999.80154016 1.12670975614 0.0717500800033 
0.4 9999.72994853 1.17241819401 0.0976332762533 
0.5 9999.65545329 1.21998027285 0.124566436877 
0.6 9999.57793591 1.26947164635 0.152592440741 
0.7 9999.49727549 1.32096948434 0.181755027073 
0.8 9999.4133437 1.37455568152 0.212100616476 
0.9 9999.32600814 1.43031474409 0.243677112011 
1 9999.23513078 1.48833476383 0.27653445159 
1.1 9999.14056819 1.5487072796 0.31072453059 
1.2 9999.04217071 1.61152779516 0.346301495172 
1.3 9998.93978246 1.67689579294 0.383321750528 
1.4 9998.83324199 1.744914299 0.421843715161 
1.5 9998.72238146 1.81569041559 0.461928121827 
1.6 9998.60702548 1.88933607496 0.503638447803 
1.7 9998.48699226 1.96596726509 0.547040473709 
1.8 9998.36209182 2.04570521919 0.592202961666 
1.9 9998.2321272 2.12867560346 0.639197192221 
2 9998.09689353 2.21500914949 0.68809732499 
2.1 9997.95617663 2.30484249305 0.738980877448 
2.2 9997.80975464 2.39831719317 0.79192816507 
2.3 9997.65739713 2.49558026475 0.847022605191 
2.4 9997.49886417 2.59678477217 0.904351056363 
2.5 9997.3339053 2.70209049606 0.964004199963 
2.6 9997.1622601 2.81166356906 1.02607633043 
2.7 9996.98365733 2.9256770111 1.09066566148 
2.8 9996.79781519 3.04431056943 1.15787423728 
2.9 9996.60444097 3.16775095886 1.22780806996 
3 9996.40322985 3.29619259543 1.30057755604 
3.1 9996.19386485 3.42983764436 1.37629750536 
3.2 9995.97601582 3.56889666793 1.45508751542 
3.3 9995.74933933 3.71358867448 1.53707199737 
3.4 9995.51347844 3.86414128851 1.62238027244 
3.5 9995.26806196 4.02079120431 1.71114683318 
3.6 9995.01270296 4.18378514537 1.80351189789 
3.7 9994.74699922 4.35337955536 1.89962122933 
3.8 9994.47053266 4.52984098332 1.99962635611 
3.9 9994.18286837 4.71344670327 2.10368493081 
4 9993.88355319 4.90448557574 2.21196122987 
4.1 9993.57211619 5.10325780521 2.32462600845 
4.2 9993.24806785 5.31007538836 2.44185675891 
4.3 9992.91089849 5.52526317616 2.56383832918 
4.4 9992.56007703 5.74915961558 2.69076335348 
4.5 9992.19505212 5.9821160465 2.82283183558 
4.6 9991.81525059 6.22449768824 2.96025172308 
4.7 9991.42007667 6.47668413747 3.10323919502 
4.8 9991.0089111 6.73906991706 3.25201897961 
4.9 9990.58110784 7.01206657154 3.40682558937 
5 9990.13599479 7.29610218344 3.56790302598 
5.1 9989.67287364 7.59162150893 3.73550485242 
5.2 9989.19101795 7.8990871608 3.90989488623 
5.3 9988.68967204 8.21898033653 4.09134762282 
5.4 9988.16804988 8.55180148649 4.28014862858 
5.5 9987.62533472 8.89807056336 4.4765947138 
5.6 9987.06067678 9.25832847409 4.68099474416 
5.7 9986.47319221 9.63313774828 4.89367003878 
5.8 9985.86196188 10.0230833017 5.11495482019 
5.9 9985.22603 10.4287732889 5.34519671323 
6 9984.56440256 10.850840094 5.58475734911 
6.1 9983.87604563 11.2899413702 5.83401300368 
6.2 9983.15988441 11.7467606778 6.09335490907 
6.3 9982.4148015 12.2220085757 6.36318992331 
6.4 9981.63963526 12.7164236209 6.64394112106 
6.5 9980.8331782 13.2307734 6.93604840336 
6.6 9979.99417357 13.7658566285 7.2399698048 
6.7 9979.12131445 14.3225037364 7.55618180906 
6.8 9978.21324293 14.9015774276 7.88517964571 
6.9 9977.26854741 15.5039743034 8.22747828209 
7 9976.28576073 16.1306261035 8.58361316383 
7.1 9975.26335783 16.782501105 8.95414106513 
7.2 9974.19975179 17.4606065434 9.33964166914 
7.3 9973.09329374 18.1659887524 9.74071750802 
7.4 9971.94227031 18.899734753 10.1579949395 
7.5 9970.74490093 19.6629739053 10.5921251657 
7.6 9969.49933542 20.456879428 11.0437851527 
7.7 9968.20365061 21.2826704461 11.5136789454 
7.8 9966.85584609 22.1416145467 12.0025393606 
7.9 9965.45384452 23.0350277556 12.5111277269 
8 9963.99548762 23.9642769306 13.040235446 
8.1 9962.47853324 24.9307816178 13.590685143 
8.2 9960.90065228 25.9360159082 14.1633318127 
8.3 9959.25942361 26.9815114567 14.7590649335 
8.4 9957.55233132 28.0688592007 15.3788094806 
8.5 9955.77676322 29.1997104108 16.0235263686 
8.6 9953.93000632 30.3757794025 16.6942142821 
8.7 9952.00924322 31.5988457253 17.3919110573 
8.8 9950.0115483 32.8707565028 18.1176952019 
8.9 9947.9338812 34.1934300666 18.8726887289 
9 9945.77308563 35.5688570316 19.658057335 
9.1 9943.52588521 36.9991027806 20.4750120117 
9.2 9941.18887876 38.4863102699 21.3248109694 
9.3 9938.75853603 40.032702635 22.2087613367 
9.4 9936.23119254 41.6405861445 23.1282213172 
9.5 9933.60304274 43.3123538903 24.0846033651 
9.6 9930.87013901 45.0504871 25.079373889 
9.7 9928.02838533 46.8575586242 26.1140560482 
9.8 9925.07353227 48.7362359321 27.1902317954 
9.9 9922.00117188 50.689284163 28.3095439584 
10 9918.80673099 52.7195694878 29.4736995234 
10.1 9915.48546577 54.8300623118 30.6844719228 
10.2 9912.03245803 57.0238402029 31.9437017645 
10.3 9908.44260852 59.3040914079 33.2533000752 
10.4 9904.71063096 61.6741182638 34.6152507808 
10.5 9900.83104606 64.1373406807 36.0316132598 
10.6 9896.79817534 66.6972996775 37.5045249863 
10.7 9892.60613503 69.3576594113 39.0362055603 
10.8 9888.24882947 72.1222118102 40.6289587205 
10.9 9883.71994432 74.9948810416 42.2851746365 
11 9879.0129399 77.9797266213 44.007333477 
11.1 9874.12104423 81.0809472037 45.7980085628 
11.2 9869.03724594 84.3028844361 47.659869621 
11.3 9863.7542875 87.6500264919 49.5956860059 
11.4 9858.26466647 91.1270056441 51.6083278904 
11.5 9852.56061965 94.7386083646 53.7007719886 
11.6 9846.63411548 98.489779322 55.8761052027 
11.7 9840.47684864 102.385623617 58.1375277382 
11.8 9834.08023268 106.431410486 60.4883568334 
11.9 9827.4353924 110.632577005 62.9320305905 
12 9820.53315825 114.994730274 65.4721114809 
12.1 9813.36407127 119.523641131 68.1122875987 
12.2 9805.91835956 124.225260202 70.8563802389 
12.3 9798.18593443 129.105718331 73.7083472369 
12.4 9790.15638513 134.171328141 76.6722867317 
12.5 9781.81897176 139.428586845 79.7524413939 
12.6 9773.16261831 144.88417895 82.9532027391 
12.7 9764.17591109 150.544974462 86.2791144508 
12.8 9754.84710714 156.418019023 89.7348738373 
12.9 9745.16410292 162.510555852 93.3253412312 
13 9735.11443724 168.830020047 97.0555427134 
13.1 9724.68528715 175.384038508 100.930674345 
13.2 9713.86346282 182.180430494 104.956106682 
13.3 9702.63540278 189.227207875 109.137389348 
13.4 9690.98718328 196.532564162 113.480252554 
13.5 9678.90452774 204.104863493 117.990608765 
13.6 9666.37276908 211.952666055 122.674564861 
13.7 9653.37686347 220.084713455 127.538423074 
13.8 9639.90138978 228.509925034 132.588685189 
13.9 9625.93054924 237.23739393 137.832056834 
14 9611.44816573 246.276382518 143.275451756 
14.1 9596.43771643 255.636295068 148.925988506 
14.2 9580.88233049 265.326674078 154.790995428 
14.3 9564.76476034 275.357216873 160.878022787 
14.4 9548.06740632 285.737752231 167.194841451 
14.5 9530.77232405 296.478229795 173.749446154 
14.6 9512.86123295 307.588708419 180.550058626 
14.7 9494.31552699 319.079342736 187.605130274 
14.8 9475.11633318 330.960336413 194.923330411 
14.9 9455.24449207 343.241949196 202.513558738 
15 9434.68055687 355.934490788 210.384952346 
15.1 9413.40482876 369.04828941 218.546881833 
15.2 9391.39737789 382.593670001 227.008952106 
15.3 9368.63806641 396.580930763 235.781002824 
15.4 9345.10657611 411.020316483 244.873107411 
15.5 9320.78247315 425.921969686 254.295557164 
15.6 9295.64521128 441.295917218 264.0588715 
15.7 9269.67416726 457.15203743 274.173795315 
15.8 9242.84868793 473.500020007 284.651292059 
15.9 9215.14813278 490.349328186 295.502539039 
16 9186.55188468 507.709184416 306.738930899 
16.1 9157.03942315 525.588509813 318.372067041 
16.2 9126.59038038 543.995876191 330.413743424 
16.3 9095.18458633 562.939466425 342.875947247 
16.4 9062.80212491 582.427026651 355.770848436 
16.5 9029.42341032 602.465812882 369.110776793 
16.6 8995.0292415 623.062540078 382.908218425 
16.7 8959.60086488 644.22332783 397.175807294 
16.8 8923.12005114 665.953641521 411.926307336 
16.9 8885.5691709 688.258232208 427.17259689 
17 8846.93123538 711.141109344 442.927655281 
17.1 8807.18999231 734.605464407 459.204543285 
17.2 8766.33002835 758.653589763 476.016381885 
17.3 8724.33684155 783.28682587 493.376332583 
17.4 8681.1969297 808.50549524 511.29757506 
17.5 8636.89783628 834.308876453 529.793287267 
17.6 8591.4282491 860.695131293 548.876619605 
17.7 8544.77812516 887.661209375 568.560665465 
17.8 8496.93876382 915.202801302 588.858434878 
17.9 8447.90290057 943.314274503 609.782824924 
18 8397.66475013 971.988655632 631.346594237 
18.1 8346.22009243 1001.21757625 653.562331322 
18.2 8293.56641765 1030.99116747 676.442414878 
18.3 8239.7029862 1061.29803197 699.998981833 
18.4 8184.63091557 1092.12519361 724.243890813 
18.5 8128.35320614 1123.45809664 749.188697214 
18.6 8070.87479007 1155.28058856 774.844621371 
18.7 8012.20269284 1187.57481701 801.222490153 
18.8 7952.34605794 1220.32123551 828.332706555 
18.9 7891.31620751 1253.49858313 856.185209364 
19 7829.12665639 1287.08389843 884.789445181 
19.1 7765.79311831 1321.05254146 914.154340231 
19.2 7701.33362498 1355.37814185 944.288233169 
19.3 7635.76851666 1390.03263721 975.198846125 
19.4 7569.12045819 1424.98629725 1006.89324456 
19.5 7501.4144291 1460.20775981 1039.37781109 
19.6 7432.67769481 1495.66407833 1072.65822686 
19.7 7362.9398352 1531.32076838 1106.73939642 
19.8 7292.23269784 1567.14187583 1141.62542632 
19.9 7220.59035572 1603.09005379 1177.31959049 
20 7148.049058 1639.12664095 1213.82430105 
