Time S I R
0.0  10000 1 0
0.1 9999.83840134 1.0745511874 0.0870474752155 
0.2 9999.66475995 1.15465654139 0.180583505909 
0.3 9999.47817579 1.24073092766 0.281093278412 
0.4 9999.27768732 1.33321751479 0.3890951615 
0.5 9999.06225969 1.43259322068 0.505147093644 
0.6 9998.8307801 1.53937082275 0.629849074441 
0.7 9998.58205292 1.65410123069 0.763845847755 
0.8 9998.31479535 1.7773754403 0.907829214621 
0.9 9998.02762867 1.90982855346 1.06254277262 
1 9997.71907149 2.05214289879 1.22878560928 
1.1 9997.38753231 2.20505140081 1.40741629053 
1.2 9997.03130483 2.36933974561 1.59935542652 
1.3 9996.64855235 2.54585351588 1.80559413238 
1.4 9996.23730147 2.73550107923 2.02719745211 
1.5 9995.79543546 2.93925658798 2.26530795365 
1.6 9995.32068022 3.15816641806 2.52115336609 
1.7 9994.8105931 3.39335424499 2.79605265647 
1.8 9994.26255149 3.64602626161 3.09142224849 
1.9 9993.67373816 3.91747783814 3.4087840032 
2 9993.04112872 4.20909922487 3.74977205103 
2.1 9992.3614751 4.52238306718 4.11614183413 
2.2 9991.6312886 4.85893205885 4.50977934555 
2.3 9990.84682393 5.22046620436 4.93270987006 
2.4 9990.00406618 5.60882874537 5.38710507186 
2.5 9989.09870406 6.02599820418 5.87529773288 
2.6 9988.12610297 6.47410047862 6.39979655599 
2.7 9987.0812916 6.95541497126 6.96329343238 
2.8 9985.95893427 7.47238698405 7.56867874743 
2.9 9984.75330719 8.02763824785 8.21905456044 
3 9983.45826767 8.62398088767 8.91775144491 
3.1 9982.06722543 9.26443015988 9.66834441403 
3.2 9980.57311016 9.95221865531 10.4746711862 
3.3 9978.96834005 10.6908105599 11.3408493883 
3.4 9977.24478619 11.4839173843 12.271296422 
3.5 9975.39372634 12.3355179941 13.2707556642 
3.6 9973.40581087 13.2498738865 14.3443152461 
3.7 9971.27102061 14.2315477227 15.4974316676 
3.8 9968.97861366 15.2854259358 16.7359604006 
3.9 9966.51707986 16.4167387664 18.0661813703 
4 9963.87409234 17.631081476 19.4948261876 
4.1 9961.03644554 18.9344401708 21.0291142852 
4.2 9957.98999677 20.3332167322 22.6767864958 
4.3 9954.71961095 21.8342529423 24.4461361086 
4.4 9951.20909011 23.444859321 26.3460505702 
4.5 9947.44109958 25.172845028 28.3860553878 
4.6 9943.39710351 27.0265459524 30.5763505365 
4.7 9939.05728434 29.014856399 32.9278592615 
4.8 9934.40046036 31.1472613513 35.4522782838 
4.9 9929.40400608 33.4338701602 38.162123764 
5 9924.04376159 35.8854501698 41.0707882443 
5.1 9918.29393897 38.5134611712 44.1925998602 
5.2 9912.12703001 41.3300935279 47.5428764587 
5.3 9905.5137069 44.3483017519 51.1379913488 
5.4 9898.42272052 47.5818386423 54.995440839 
5.5 9890.82079315 51.04529788 59.1339089722 
5.6 9882.67251527 54.7541435042 63.573341228 
5.7 9873.94023969 58.7247401598 68.3350201509 
5.8 9864.58396019 62.9743985645 73.4416412489 
5.9 9854.56121219 67.5213947553 78.9173930538 
6 9843.82696975 72.3849908665 84.788039382 
6.1 9832.33351308 77.5854802774 91.0810066435 
6.2 9820.03034641 83.1441871463 97.8254664418 
6.3 9806.86410966 89.083469188 105.052421149 
6.4 9792.77844093 95.4267571072 112.794801964 
6.5 9777.71393182 102.198520859 121.087547325 
6.6 9761.60807131 109.424242524 129.967686164 
6.7 9744.3951151 117.130440918 139.474443985 
6.8 9726.00610717 125.344586458 149.649306369 
6.9 9706.36888085 134.09502824 160.536090913 
7 9685.40795447 143.410989845 172.181055681 
7.1 9663.04465771 153.322410443 184.632931842 
7.2 9639.19722285 163.859806203 197.942970952 
7.3 9613.78073717 175.054217088 212.16504574 
7.4 9586.70742018 186.936949878 227.355629938 
7.5 9557.88684638 199.539351268 243.573802355 
7.6 9527.22599777 212.892678381 260.881323853 
7.7 9494.62974077 227.027722736 279.34253649 
7.8 9460.00122679 241.974472928 299.024300286 
7.9 9423.24210254 257.761875041 319.996022415 
8 9384.25322621 274.417329928 342.329443864 
8.1 9342.93528998 291.966229998 366.098480021 
8.2 9299.18925816 310.431572834 391.379169008 
8.3 9252.91733223 329.833352354 418.249315414 
8.4 9204.02382578 350.187970603 446.788203617 
8.5 9152.41590269 371.50767377 477.076423539 
8.6 9098.00474436 393.799903885 509.195351756 
8.7 9040.70667472 417.066615623 543.226709655 
8.8 8980.44425445 441.303525815 579.252219732 
8.9 8917.14751852 466.499552511 617.352928967 
9 8850.7552953 492.636109155 657.608595546 
9.1 8781.21666353 519.68620406 700.09713241 
9.2 8708.49203061 547.614151474 744.893817919 
9.3 8632.55451625 576.374965983 792.07051777 
9.4 8553.39168815 605.913420531 841.694891323 
9.5 8471.00617698 636.16423712 893.829585898 
9.6 8385.4169148 667.051749826 948.531335371 
9.7 8296.6609353 698.48911995 1005.84994475 
9.8 8204.79322629 730.379160859 1065.82761285 
9.9 8109.88755029 762.614457211 1128.4979925 
10 8012.03795398 795.077015048 1193.88503098 
10.1 7911.35769301 827.63971922 1262.00258777 
10.2 7807.97935035 860.167065113 1332.85358454 
10.3 7702.05560534 892.515540492 1406.42885417 
10.4 7593.7573309 924.535478071 1482.70719103 
10.5 7483.2727939 956.072458328 1561.65474777 
10.6 7370.8072639 986.96862494 1643.22411116 
10.7 7256.58069456 1017.06447399 1727.35483145 
10.8 7140.82594914 1046.20082848 1813.97322238 
10.9 7023.7870369 1074.22105914 1902.99190396 
11 6905.71699093 1100.97228232 1994.31072675 
11.1 6786.87528516 1126.30762576 2087.81708908 
11.2 6667.52485054 1150.08901244 2183.38613702 
11.3 6547.93070817 1172.18741188 2280.88187995 
11.4 6428.3569686 1192.48497525 2380.15805616 
11.5 6309.06316625 1210.8777801 2481.05905364 
11.6 6190.3035307 1227.27544912 2583.42102019 
11.7 6072.32477787 1241.60207378 2687.07314835 
11.8 5955.36317598 1253.79777458 2791.83904944 
11.9 5839.64321207 1263.8190165 2897.53777142 
12 5725.37548277 1271.63894015 3003.98557707 
12.1 5612.75621613 1277.24675524 3110.99702863 
12.2 5501.96605568 1280.64745061 3218.38649371 
12.3 5393.16895777 1281.86146644 3325.96957578 
12.4 5286.51213958 1280.92394356 3433.56391686 
12.5 5182.12558993 1277.88348022 3540.99092985 
12.6 5080.12218464 1272.80131044 3648.07650492 
12.7 4980.5979905 1265.74983521 3754.65217429 
12.8 4883.63265869 1256.81126938 3860.55607193 
12.9 4789.28982075 1246.07672765 3965.63345159 
13 4697.6182132 1233.64413665 4069.73765015 
13.1 4608.65206578 1219.61751235 4172.73042187 
13.2 4522.41234986 1204.10520221 4274.48244794 
13.3 4438.90768823 1187.21863632 4374.87367545 
13.4 4358.13504293 1169.07146615 4473.79349092 
13.5 4280.08143784 1149.77772268 4571.14083949 
13.6 4204.72471796 1129.45103664 4666.8242454 
13.7 4132.0340002 1108.20417969 4760.76182011 
13.8 4061.97111088 1086.14797933 4852.88090979 
13.9 3994.49134619 1063.39072216 4943.11793164 
14 3929.5451058 1040.03633341 5031.41856079 
14.1 3867.0777654 1016.18530797 5117.73692663 
14.2 3807.03055527 991.934101281 5202.03534345 
14.3 3749.34215062 967.37372543 5284.28412395 
14.4 3693.94853961 942.590457044 5364.46100335 
14.5 3640.78363675 917.665646891 5442.55071636 
14.6 3589.7803183 892.675076658 5518.54460504 
14.7 3540.87059755 867.68925732 5592.44014513 
14.8 3493.98599382 842.773506514 5664.24049967 
14.9 3449.05808995 817.98782543 5733.95408462 
15 3406.01877391 793.387069149 5801.59415694 
15.1 3364.80044415 769.02113037 5867.17842548 
15.2 3325.33642616 744.935050746 5930.72852309 
15.3 3287.56115751 721.169208337 5992.26963415 
15.4 3251.41026823 697.759530244 6051.83020153 
15.5 3216.82078153 674.737728387 6109.44149008 
15.6 3183.7312364 652.131531213 6165.13723239 
15.7 3152.08176331 629.964868522 6218.95336817 
15.8 3121.81416447 608.258141992 6270.92769354 
15.9 3092.87197062 587.028492713 6321.09953666 
16 3065.2004778 566.289955094 6369.50956711 
16.1 3038.74676514 546.053717157 6416.19951771 
16.2 3013.45968362 526.328397553 6461.21191882 
16.3 2989.28988347 507.120171084 6504.58994545 
16.4 2966.18979405 488.432998063 6546.37720788 
16.5 2944.11358249 470.268883421 6586.61753409 
16.6 2923.01715695 452.627987835 6625.35485522 
16.7 2902.85813099 435.508817276 6662.63305174 
16.8 2883.59575255 418.908442316 6698.49580514 
16.9 2865.19090235 402.82259776 6732.98649989 
17 2847.60605143 387.245829066 6766.1481195 
17.1 2830.80520487 372.171647335 6798.0231478 
17.2 2814.75383565 357.592688551 6828.6534758 
17.3 2799.41886242 343.500798279 6858.0803393 
17.4 2784.76858511 329.887172547 6886.34424235 
17.5 2770.77266401 316.742387275 6913.48494872 
17.6 2757.40206095 304.056517439 6939.54142161 
17.7 2744.62897067 291.819273985 6964.55175535 
17.8 2732.42677882 280.02006675 6988.55315443 
17.9 2720.77005345 268.647991926 7011.58195462 
18 2709.63446369 257.691976116 7033.67356019 
18.1 2698.99673389 247.140838792 7054.86242732 
18.2 2688.83460985 236.983324057 7075.18206609 
18.3 2679.12683686 227.208102331 7094.66506081 
18.4 2669.85309209 217.803876282 7113.34303162 
18.5 2660.99395321 208.75940117 7131.24664562 
18.6 2652.53086157 200.063505412 7148.40563302 
18.7 2644.44608412 191.705119706 7164.84879617 
18.8 2636.72267448 183.673311239 7180.60401428 
18.9 2629.34443755 175.957301303 7195.69826115 
19 2622.29591236 168.546487005 7210.15760064 
19.1 2615.56232907 161.430456493 7224.00721444 
19.2 2609.12957879 154.599003895 7237.27141731 
19.3 2602.98418578 148.042140131 7249.97367409 
19.4 2597.1132752 141.750095496 7262.13662931 
19.5 2591.50455029 135.71333496 7273.78211475 
19.6 2586.14626418 129.922561257 7284.93117456 
19.7 2581.02719878 124.368720676 7295.60408054 
19.8 2576.1366425 119.043006808 7305.8203507 
19.9 2571.46436329 113.936860411 7315.59877629 
20 2567.00058916 109.041971199 7324.95743964 
