Time S I R
0.0  10000 1 0
0.1 9999.85061588 1.09708207122 0.0523020528425 
0.2 9999.68673406 1.2035850347 0.109680905618 
0.3 9999.50694362 1.32042556016 0.172630822232 
0.4 9999.30970519 1.44860372022 0.241691094347 
0.5 9999.09332603 1.58921917972 0.317454788253 
0.6 9998.85594765 1.74347924306 0.400573105752 
0.7 9998.59553443 1.91270620023 0.49175936939 
0.8 9998.30985318 2.09835060699 0.59179621649 
0.9 9997.99645394 2.30200371925 0.701542343781 
1 9997.65264928 2.52541091944 0.821939795645 
1.1 9997.27549651 2.770483259 0.954020234021 
1.2 9996.86176111 3.03932110478 1.09891778687 
1.3 9996.40789787 3.33422640334 1.25787573046 
1.4 9995.91002169 3.65772155067 1.4322567627 
1.5 9995.36387051 4.01257339383 1.623556094 
1.6 9994.7647719 4.40181485511 1.83341324589 
1.7 9994.10760184 4.82877155771 2.06362660594 
1.8 9993.3867419 5.2970895061 2.31616858909 
1.9 9992.59603307 5.81076492986 2.59320199516 
2 9991.72871981 6.37418034838 2.89709984047 
2.1 9990.77740834 6.99213154053 3.23046011701 
2.2 9989.73398685 7.66987890863 3.59613423832 
2.3 9988.58956114 8.41318895854 3.99724989722 
2.4 9987.33438552 9.22837876624 4.43723571106 
2.5 9985.95778412 10.12236648 4.91984939974 
2.6 9984.44805894 11.102730504 5.44921055137 
2.7 9982.79239381 12.1777708879 6.02983530615 
2.8 9980.97675468 13.3565733077 6.66667200953 
2.9 9978.98577155 14.64908455 7.36514390427 
3 9976.80260929 16.0661948109 8.13119589889 
3.1 9974.40884458 17.6198164272 8.97133898924 
3.2 9971.78430502 19.3229856418 9.89270933551 
3.3 9968.90692281 21.1899559452 10.9031212435 
3.4 9965.75255332 23.2363124533 12.0111342274 
3.5 9962.29478674 25.4790907398 13.2261225252 
3.6 9958.50475548 27.9368984172 14.5583461015 
3.7 9954.35089596 30.6300632663 16.0190407735 
3.8 9949.79873127 33.5807702555 17.6204984734 
3.9 9944.81060154 36.8132275684 19.3761708964 
4 9939.34539369 40.3538342133 21.300772097 
4.1 9933.35825364 44.2313574271 23.410388934 
4.2 9926.80025409 48.4771327473 25.7226131655 
4.3 9919.61807731 53.1252598558 28.2566628339 
4.4 9911.75364157 58.2128217358 31.0335366981 
4.5 9903.14372833 63.7801095448 34.0761621223 
4.6 9893.7195847 69.870858571 37.4095567244 
4.7 9883.40649908 76.5324837072 41.0610172137 
4.8 9872.12335255 83.8163413166 45.0603061354 
4.9 9859.78215396 91.7779901389 49.439855901 
5 9846.28761833 100.477408778 54.2349728914 
5.1 9831.53663429 109.979287347 59.4840783607 
5.2 9815.41777235 120.353277231 65.2289504147 
5.3 9797.8108803 131.674159909 71.5149597897 
5.4 9778.58652319 144.022125713 78.3913510996 
5.5 9757.60553641 157.482948684 85.911514901 
5.6 9734.71871359 172.148037467 94.1332489402 
5.7 9709.76629469 188.114633455 103.119071858 
5.8 9682.5776908 205.485802593 112.936506605 
5.9 9652.97141543 224.370247261 123.658337309 
6 9620.75474976 244.882310232 135.362940009 
6.1 9585.7238508 267.141614242 148.134534953 
6.2 9547.66412645 291.272477629 162.063395918 
6.3 9506.35031872 317.403527303 177.246153973 
6.4 9461.5472913 345.666762891 193.785945809 
6.5 9413.01111358 376.196378128 211.792508292 
6.6 9360.48992916 409.127697443 231.3823734 
6.7 9303.72570681 444.59546612 252.678827069 
6.8 9242.45644193 482.731799838 275.811758236 
6.9 9176.41843571 523.664025747 300.917538539 
7 9105.34899997 567.512227333 328.138772694 
7.1 9028.98998187 614.386176177 357.623841948 
7.2 8947.09177104 664.381996798 389.526232159 
7.3 8859.41770806 717.578478124 424.003813815 
7.4 8765.74878145 774.033328327 461.217890224 
7.5 8665.88915957 833.778820862 501.332019572 
7.6 8559.67167925 896.817660383 544.510660364 
7.7 8446.96389544 963.118529667 590.917574894 
7.8 8327.6740781 1032.61189087 640.714031033 
7.9 8201.75715477 1105.18606386 694.056781362 
8 8069.22064837 1180.68349961 751.09585202 
8.1 7930.12949002 1258.89825193 811.972258051 
8.2 7784.61110574 1339.5734895 876.815404764 
8.3 7632.85838046 1422.40094363 945.740675902 
8.4 7475.13250615 1507.02080655 1018.84668729 
8.5 7311.7635167 1593.02353637 1096.21294693 
8.6 7143.1497483 1679.9530255 1177.8972262 
8.7 6969.75546503 1767.31101421 1263.93352077 
8.8 6792.10629804 1854.5636523 1354.33004965 
8.9 6610.78340339 1941.14900314 1449.06759348 
9 6426.41616539 2026.48542008 1548.09841453 
9.1 6239.67191001 2109.98264366 1651.34544633 
9.2 6051.24739858 2191.05050365 1758.70209776 
9.3 5861.85553076 2269.11178607 1870.03268317 
9.4 5672.21559928 2343.61131074 1985.17308998 
9.5 5483.04045018 2414.02716164 2103.93238819 
9.6 5295.02540133 2479.88000528 2226.09459339 
9.7 5108.83825327 2540.74080878 2351.42093795 
9.8 4925.10890573 2596.238242 2479.65285227 
9.9 4744.42189132 2646.06360144 2610.51450723 
10 4567.30978075 2689.9736697 2743.71654955 
10.1 4394.24750074 2727.79350408 2878.95899518 
10.2 4225.6502191 2759.41489543 3015.93488547 
10.3 4061.87070728 2784.79577181 3154.33352091 
10.4 3903.19957908 2803.95679038 3293.84363054 
10.5 3749.86712147 2816.97639901 3434.15647952 
10.6 3602.04423593 2823.9871365 3574.96862757 
10.7 3459.8476759 2825.16796712 3715.98435698 
10.8 3323.34237928 2820.73954079 3856.91807992 
10.9 3192.54727848 2810.95675621 3997.49596532 
11 3067.4396395 2796.10262032 4137.45774018 
11.1 2947.96013637 2776.48207272 4276.55779091 
11.2 2834.01804927 2752.41584228 4414.56610845 
11.3 2725.49601887 2724.23490984 4551.26907129 
11.4 2622.25451456 2692.27587715 4686.4696083 
11.5 2524.13662537 2656.87576657 4819.98760806 
11.6 2430.97134647 2618.36901661 4951.65963693 
11.7 2342.57780024 2577.08334846 5081.3388513 
11.8 2258.76793273 2533.33752634 5208.89454094 
11.9 2179.34949006 2487.43888924 5334.2116207 
12 2104.12846859 2439.68149589 5457.19003553 
12.1 2032.91087916 2390.34507409 5577.74404675 
12.2 1965.5048398 2339.69367394 5695.80148626 
12.3 1901.72157703 2287.97543332 5811.30298965 
12.4 1841.37685334 2235.42200571 5924.20114095 
12.5 1784.2916662 2182.24863102 6034.45970278 
12.6 1730.29299834 2128.65424553 6142.05275613 
12.7 1679.21430163 2074.82178199 6246.96391639 
12.8 1630.89580496 2020.91864661 6349.18554842 
12.9 1585.1847377 1967.09728396 6448.71797834 
13 1541.93542354 1913.49576989 6545.56880657 
13.1 1501.00925169 1860.23859256 6639.75215575 
13.2 1462.27465551 1807.43728521 6731.28805928 
13.3 1425.60692649 1755.19127693 6820.20179658 
13.4 1390.8880845 1703.58858495 6906.52333055 
13.5 1358.00662657 1652.70663219 6990.28674125 
13.6 1326.85732137 1602.6129522 7071.52972643 
13.7 1297.3410109 1553.36583806 7150.29315104 
13.8 1269.36418095 1505.0152885 7226.62053055 
13.9 1242.83885512 1457.60343259 7300.55771229 
14 1217.68225434 1411.16529053 7372.15245513 
14.1 1193.81650396 1365.72940548 7441.45409056 
14.2 1171.16838926 1321.31836625 7508.51324449 
14.3 1149.66913699 1277.94935135 7573.38151165 
14.4 1129.25409453 1235.63466449 7636.11124097 
14.5 1109.86253033 1194.38219464 7696.75527503 
14.6 1091.43740218 1154.19585495 7755.36674287 
14.7 1073.92510369 1115.07600132 7811.99889498 
14.8 1057.27528984 1077.01981255 7866.70489761 
14.9 1041.44064996 1040.0216293 7919.53772074 
15 1026.37672793 1004.07329037 7970.54998169 
15.1 1012.04174495 969.164426227 8019.79382882 
15.2 998.396425295 935.282718155 8067.32085655 
15.3 985.403840087 902.414183319 8113.18197659 
15.4 973.029259368 870.543350957 8157.42738968 
15.5 961.240012339 839.65347775 8200.10650991 
15.6 950.005348453 809.726812752 8241.26783879 
15.7 939.296327024 780.744678511 8280.95899446 
15.8 929.085700624 752.687641417 8319.22665796 
15.9 919.347789254 725.535719086 8356.11649166 
16 910.058402771 699.268429176 8391.67316805 
16.1 901.194743571 673.864915973 8425.94034046 
16.2 892.735298325 649.30411693 8458.96058475 
16.3 884.659780519 625.56478202 8490.77543746 
16.4 876.949050467 602.625567244 8521.42538229 
16.5 869.585023803 580.46516217 8550.94981403 
16.6 862.550628235 559.062294456 8579.38707731 
16.7 855.829738065 538.39579645 8606.77446548 
16.8 849.407097613 518.444700421 8633.14820197 
16.9 843.268288016 499.188233854 8658.54347813 
17 837.399673822 480.605865281 8682.9944609 
17.1 831.788339832 462.677374711 8706.53428546 
17.2 826.422064941 445.382842248 8729.19509281 
17.3 821.289277729 428.70268025 8751.00804202 
17.4 816.37900329 412.617685666 8772.00331104 
17.5 811.680846325 397.109017275 8792.2101364 
17.6 807.184956379 382.158212735 8811.65683089 
17.7 802.88199269 367.747208215 8830.37079909 
17.8 798.763080007 353.85837872 8848.37854127 
17.9 794.819796358 340.474514077 8865.70568957 
18 791.044138221 327.578843957 8882.37701782 
18.1 787.428503317 315.155023346 8898.41647334 
18.2 783.965687584 303.187085314 8913.8472271 
18.3 780.648829569 291.65952444 8928.69164599 
18.4 777.471397614 280.557276899 8942.97132549 
18.5 774.427181785 269.865695284 8956.70712293 
18.6 771.510288049 259.570520277 8969.91919167 
18.7 768.715096514 249.657930513 8982.62697297 
18.8 766.03625397 240.114520765 8994.84922526 
18.9 763.468664914 230.92728487 9006.60405022 
19 761.00747967 222.083606268 9017.90891406 
19.1 758.648074033 213.571267965 9028.780658 
19.2 756.386040005 205.378440256 9039.23551974 
19.3 754.217176088 197.493664266 9049.28915965 
19.4 752.137476117 189.905845395 9058.95667849 
19.5 750.143117456 182.604252154 9068.25263039 
19.6 748.230451681 175.578504725 9077.19104359 
19.7 746.395999148 168.818565346 9085.78543551 
19.8 744.63643891 162.314730772 9094.04883032 
19.9 742.948599118 156.057624905 9101.99377598 
20 741.32945032 150.03819046 9109.63235922 
20.1 739.776099889 144.247675405 9116.97622471 
20.2 738.285784249 138.677628068 9124.03658768 
20.3 736.855862106 133.319890012 9130.82424788 
20.4 735.483808726 128.166586786 9137.34960449 
20.5 734.167211993 123.210116028 9143.62267198 
20.6 732.903765236 118.443143061 9149.6530917 
20.7 731.691261963 113.858593144 9155.45014489 
20.8 730.527590988 109.449643563 9161.02276545 
20.9 729.410733503 105.209713346 9166.37955315 
21 728.338759865 101.132453951 9171.52878618 
21.1 727.309822219 97.2117469648 9176.47843082 
21.2 726.322151807 93.4416949738 9181.23615322 
21.3 725.374055304 89.8166144064 9185.80933029 
21.4 724.46391297 86.3310257556 9190.20506127 
21.5 723.590173601 82.979649696 9194.4301767 
21.6 722.751351412 79.7574003714 9198.49124822 
21.7 721.946023094 76.6593787797 9202.39459813 
21.8 721.172825833 73.6808653474 9206.14630882 
21.9 720.430454949 70.8173133566 9209.75223169 
22 719.717659872 68.0643449247 9213.2179952 
22.1 719.033242232 65.4177445262 9216.54901324 
22.2 718.376053547 62.8734533289 9219.75049312 
22.3 717.74499393 60.4275624054 9222.82744366 
22.4 717.139008967 58.0763088659 9225.78468217 
22.5 716.557087778 55.8160705872 9228.62684163 
22.6 715.998261134 53.6433611435 9231.35837772 
22.7 715.4616001 51.5548246367 9233.98357526 
22.8 714.946214386 49.5472309773 9236.50655464 
22.9 714.451250019 47.617471867 9238.93127811 
23 713.975888013 45.7625562582 9241.26155573 
23.1 713.519342882 43.97960609 9243.50105103 
23.2 713.080861687 42.2658516466 9245.65328667 
23.3 712.659722104 40.6186282091 9247.72164969 
23.4 712.255231175 39.0353721374 9249.70939669 
23.5 711.866724032 37.5136171115 9251.61965886 
23.6 711.493563117 36.0509905474 9253.45544634 
23.7 711.135136757 34.6452099597 9255.21965328 
23.8 710.790858013 33.2940799212 9256.91506207 
23.9 710.460163651 31.995488725 9258.54434762 
24 710.142513208 30.7474052685 9260.11008152 
24.1 709.837388433 29.5478759552 9261.61473561 
24.2 709.544291765 28.3950219626 9263.06068627 
24.3 709.262745553 27.2870364285 9264.45021802 
24.4 708.99229121 26.2221817685 9265.78552702 
24.5 708.732488355 25.1987871072 9267.06872454 
24.6 708.482914953 24.2152453773 9268.30183967 
24.7 708.243166072 23.2700111614 9269.48682277 
24.8 708.012852629 22.3615986649 9270.62554871 
24.9 707.791601088 21.4885793711 9271.71981954 
25 707.579052817 20.6495799667 9272.77136722 
25.1 707.37486352 19.84327993 9273.78185655 
25.2 707.178702751 19.0684085223 9274.75288873 
25.3 706.99025325 18.3237447422 9275.68600201 
25.4 706.809210494 17.6081149618 9276.58267454 
25.5 706.635282238 16.9203911855 9277.44432658 
25.6 706.468188055 16.2594893849 9278.27232256 
25.7 706.307657951 15.6243657578 9279.06797629 
25.8 706.153432732 15.0140169894 9279.83255028 
25.9 706.005263818 14.4274792718 9280.56725691 
26 705.862912622 13.8638263497 9281.27326103 
26.1 705.726150211 13.3221682186 9281.95168157 
26.2 705.594756551 12.8016489335 9282.60359452 
26.3 705.468519668 12.3014442534 9283.23003608 
26.4 705.347236493 11.8207629961 9283.83200051 
26.5 705.230712092 11.3588448728 9284.41044304 
26.6 705.118759366 10.9149593719 9284.96628126 
26.7 705.011198727 10.4884045825 9285.50039669 
26.8 704.907857083 10.0785043285 9286.01363859 
26.9 704.808568356 9.68460911854 9286.50682253 
27 704.71317321 9.30609512811 9286.98073166 
27.1 704.62151868 8.94236297099 9287.43611835 
27.2 704.533457956 8.59283685939 9287.87370518 
27.3 704.44884982 8.25696283009 9288.29418735 
27.4 704.367558336 7.93420766374 9288.698234 
27.5 704.289453215 7.62405964863 9289.08648714 
27.6 704.214409352 7.32602711236 9289.45956354 
27.7 704.142306647 7.03963772041 9289.81805563 
27.8 704.073029769 6.76443761408 9290.16253262 
27.9 704.006467554 6.49998951125 9290.49354293 
28 703.942513384 6.24587362797 9290.81161299 
28.1 703.881064916 6.00168675953 9291.11724832 
28.2 703.822023883 5.76704155082 9291.41093457 
28.3 703.76529596 5.54156595124 9291.69313809 
28.4 703.710790345 5.32490183005 9291.96430782 
28.5 703.658419721 5.11670473132 9292.22487555 
28.6 703.608100346 4.91664406653 9292.47525559 
28.7 703.559751804 4.72440223087 9292.71584596 
28.8 703.513296886 4.53967415326 9292.94702896 
28.9 703.468661416 4.3621666437 9293.16917194 
29 703.425773906 4.19159720839 9293.38262889 
29.1 703.384565805 4.02769478298 9293.58773941 
29.2 703.34497129 3.87019899612 9293.78482971 
29.3 703.306927158 3.71885973635 9293.97421311 
29.4 703.270372724 3.57343678637 9294.15619049 
29.5 703.235249546 3.43369880968 9294.33105164 
29.6 703.201501466 3.2994234712 9294.49907506 
29.7 703.169074602 3.17039735291 9294.66052805 
29.8 703.137917208 3.04641543613 9294.81566736 
29.9 703.1079796 2.92728081188 9294.96473959 
30 703.07921402 2.81280417982 9295.1079818 
30.1 703.051574459 2.70280318665 9295.24562235 
30.2 703.025016799 2.59710290334 9295.3778803 
30.3 702.999498672 2.49553529319 9295.50496604 
30.4 702.97497939 2.39793895364 9295.62708166 
30.5 702.951419884 2.30415886132 9295.74442125 
30.6 702.928782511 2.21404566881 9295.85717182 
30.7 702.907031124 2.12745593665 9295.96551294 
30.8 702.886131032 2.04425195439 9296.06961701 
30.9 702.866048912 1.96430143943 9296.16964965 
31 702.846752773 1.8874773506 9296.26576988 
31.1 702.828211846 1.81365750169 9296.35813065 
31.2 702.810396504 1.74272424811 9296.44687925 
31.3 702.793278337 1.6745647404 9296.53215692 
31.4 702.776830057 1.6090705729 9296.61409937 
31.5 702.761025459 1.54613762643 9296.69283691 
31.6 702.745839374 1.4856658839 9296.76849474 
31.7 702.731247548 1.42755896862 9296.84119348 
31.8 702.717226703 1.3717243692 9296.91104893 
31.9 702.70375449 1.31807325405 9296.97817226 
32 702.690809445 1.26652029712 9297.04267026 
32.1 702.678370959 1.21698355806 9297.10464548 
32.2 702.666419198 1.16938418304 9297.16419662 
32.3 702.65493508 1.12364630557 9297.22141861 
32.4 702.643900303 1.07969713913 9297.27640256 
32.5 702.633297284 1.03746676469 9297.32923595 
32.6 702.623109141 0.996888031221 9297.38000283 
32.7 702.613319654 0.957896418644 9297.42878393 
32.8 702.60391319 0.920429753323 9297.47565706 
32.9 702.594874754 0.884428380908 9297.52069687 
33 702.586189945 0.849835011142 9297.56397504 
33.1 702.577844933 0.816594617011 9297.60556045 
33.2 702.569826437 0.784654355832 9297.64551921 
33.3 702.562121669 0.753963346971 9297.68391498 
33.4 702.554718338 0.724472676812 9297.72080898 
33.5 702.547604648 0.69613540558 9297.75625995 
33.6 702.540769268 0.668906444301 9297.79032429 
33.7 702.53420132 0.642742490887 9297.82305619 
33.8 702.527890346 0.617601926273 9297.85450773 
33.9 702.521826272 0.593444651879 9297.88472908 
34 702.515999435 0.57023220433 9297.91376836 
34.1 702.510400553 0.547927640116 9297.94167181 
34.2 702.505020713 0.52649547652 9297.96848381 
34.3 702.499851356 0.505901637521 9297.99424701 
34.4 702.494884236 0.486113298217 9298.01900247 
34.5 702.490111432 0.46709892542 9298.04278964 
34.6 702.485525343 0.448828251072 9298.06564641 
34.7 702.481118665 0.431272201507 9298.08760913 
34.8 702.476884388 0.414402856379 9298.10871276 
34.9 702.472815767 0.398193369021 9298.12899086 
35 702.468906311 0.382617883683 9298.14847581 
35.1 702.46514979 0.367651601322 9298.16719861 
35.2 702.461540223 0.353270700992 9298.18518908 
35.3 702.458071865 0.339452304439 9298.20247583 
35.4 702.454739198 0.326174437587 9298.21908636 
35.5 702.451536905 0.31341592727 9298.23504717 
35.6 702.448459882 0.301156445919 9298.25038367 
35.7 702.445503228 0.289376477219 9298.26512029 
35.8 702.442662237 0.278057275546 9298.27928049 
35.9 702.439932389 0.267180839586 9298.29288677 
36 702.437309333 0.256729845422 9298.30596082 
36.1 702.434788884 0.246687617204 9298.3185235 
36.2 702.432367026 0.237038166086 9298.33059481 
36.3 702.430039905 0.227766136155 9298.34219396 
36.4 702.427803819 0.21885678335 9298.3533394 
36.5 702.425655215 0.210295956054 9298.36404883 
36.6 702.423590672 0.202070029915 9298.3743393 
36.7 702.421606889 0.194165853789 9298.38422726 
36.8 702.419700707 0.186570839975 9298.39372845 
36.9 702.417869088 0.179272898087 9298.40285801 
37 702.41610912 0.172260416971 9298.41163046 
37.1 702.414418003 0.165522248888 9298.42005975 
37.2 702.412793046 0.159047672557 9298.42815928 
37.3 702.411231652 0.1528263426 9298.43594201 
37.4 702.409731333 0.146848349647 9298.44342032 
37.5 702.408289701 0.14110417741 9298.45060612 
37.6 702.406904462 0.135584687641 9298.45751085 
37.7 702.405573413 0.130281107902 9298.46414548 
37.8 702.404294439 0.125185005408 9298.47052056 
37.9 702.403065493 0.120288233835 9298.47664627 
38 702.401884618 0.115582992143 9298.48253239 
38.1 702.400749934 0.111061790448 9298.48818828 
38.2 702.399659636 0.106717436316 9298.49362293 
38.3 702.39861199 0.102543025063 9298.49884499 
38.4 702.397605331 0.0985319224044 9298.50386275 
38.5 702.39663805 0.0946777167321 9298.50868423 
38.6 702.395708605 0.0909742655694 9298.51331713 
38.7 702.394815516 0.0874156724275 9298.51776881 
38.8 702.393957362 0.0839962741672 9298.52204636 
38.9 702.393132778 0.0807106332047 9298.52615659 
39 702.392340452 0.0775535266521 9298.53010602 
39.1 702.39157912 0.0745199117639 9298.53390097 
39.2 702.390847567 0.0716049529775 9298.53754748 
39.3 702.390144629 0.0688040094684 9298.54105136 
39.4 702.389469187 0.0661126245298 9298.54441819 
39.5 702.388820168 0.0635265195527 9298.54765331 
39.6 702.38819654 0.0610415864313 9298.55076187 
39.7 702.387597306 0.0586538557788 9298.55374884 
39.8 702.387021512 0.0563595194726 9298.55661897 
39.9 702.38646824 0.0541549245324 9298.55937684 
40 702.38593661 0.0520365626031 9298.56202683 
40.1 702.385425777 0.050001065135 9298.56457316 
40.2 702.384934928 0.0480451981567 9298.56701987 
40.3 702.38446328 0.0461658390138 9298.56937088 
40.4 702.38401008 0.0443599890723 9298.57162993 
40.5 702.383574608 0.0426247728955 9298.57380062 
40.6 702.383156168 0.0409574289763 9298.5758864 
40.7 702.382754097 0.0393553059861 9298.5778906 
40.8 702.382367756 0.0378158593141 9298.57981638 
40.9 702.381996529 0.0363366356803 9298.58166684 
41 702.381639822 0.0349152707445 9298.58344491 
41.1 702.381297067 0.0335495010542 9298.58515343 
41.2 702.38096772 0.0322371526787 9298.58679513 
41.3 702.380651255 0.0309761382171 9298.58837261 
41.4 702.38034717 0.029764454032 9298.58988838 
41.5 702.380054982 0.0286001729674 9298.59134484 
41.6 702.379774223 0.0274814326793 9298.59274434 
41.7 702.379504446 0.0264064508843 9298.5940891 
41.8 702.379245221 0.0253735161942 9298.59538126 
41.9 702.378996136 0.0243809851862 9298.59662288 
42 702.378756795 0.0234272801973 9298.59781593 
42.1 702.378526817 0.0225108859267 9298.5989623 
42.2 702.378305835 0.0216303373795 9298.60006383 
42.3 702.378093497 0.0207842305829 9298.60112227 
42.4 702.377889464 0.0199712184127 9298.60213932 
42.5 702.377693412 0.0191900071944 9298.60311658 
42.6 702.377505029 0.0184393549575 9298.60405562 
42.7 702.377324016 0.0177180696398 9298.60495791 
42.8 702.377150084 0.0170249997705 9298.60582492 
42.9 702.376982955 0.0163590388471 9298.60665801 
43 702.376822364 0.0157191264216 9298.60745851 
43.1 702.376668054 0.0151042440194 9298.6082277 
43.2 702.37651978 0.014513413744 9298.60896681 
43.3 702.376377307 0.013945696987 9298.609677 
43.4 702.376240407 0.0134001895027 9298.6103594 
43.5 702.376108862 0.0128760192139 9298.61101512 
43.6 702.375982463 0.0123723513516 9298.61164519 
43.7 702.375861007 0.0118883841667 9298.61225061 
43.8 702.375744302 0.0114233478066 9298.61283235 
43.9 702.375632163 0.0109765032937 9298.61339133 
44 702.37552441 0.0105471373815 9298.61392845 
44.1 702.375420873 0.0101345707555 9298.61444456 
44.2 702.375321386 0.009738140101 9298.61494047 
44.3 702.37522579 0.00935721507183 9298.615417 
44.4 702.375133933 0.00899118996142 9298.61587488 
44.5 702.375045669 0.00863948309003 9298.61631485 
44.6 702.374960859 0.00830153562485 9298.61673761 
44.7 702.374879365 0.00797680561793 9298.61714383 
44.8 702.374801059 0.00766477470889 9298.61753417 
44.9 702.374725815 0.00736494640223 9298.61790924 
45 702.374653513 0.00707684428828 9298.61826964 
45.1 702.37458404 0.00680001136613 9298.61861595 
45.2 702.374517285 0.00653400936644 9298.61894871 
45.3 702.374453142 0.00627841807434 9298.61926844 
45.4 702.37439151 0.00603283040543 9298.61957566 
45.5 702.374332289 0.00579685172934 9298.61987086 
45.6 702.374275386 0.00557010638742 9298.62015451 
45.7 702.374220709 0.00535223302342 9298.62042706 
45.8 702.374168171 0.0051428838064 9298.62068894 
45.9 702.374117689 0.00494172367267 9298.62094059 
46 702.37406918 0.00474842956778 9298.62118239 
46.1 702.374022568 0.00456269116912 9298.62141474 
46.2 702.373977779 0.00438421979725 9298.621638 
46.3 702.373934743 0.00421273308213 9298.62185252 
46.4 702.373893391 0.00404795752664 9298.62205865 
46.5 702.373853658 0.00388962950695 9298.62225671 
46.6 702.373815479 0.00373749463559 9298.62244703 
46.7 702.373778792 0.00359130712438 9298.6226299 
46.8 702.373743538 0.00345082914753 9298.62280563 
46.9 702.373709661 0.00331584036444 9298.6229745 
47 702.373677111 0.00318613369616 9298.62313676 
47.1 702.373645834 0.00306150286331 9298.62329266 
47.2 702.37361578 0.00294174919232 9298.62344247 
47.3 702.373586903 0.00282668114448 9298.62358642 
47.4 702.373559156 0.00271611384499 9298.62372473 
47.5 702.373532493 0.00260986861198 9298.62385764 
47.6 702.373506871 0.00250777427099 9298.62398535 
47.7 702.373482253 0.00240967487708 9298.62410807 
47.8 702.373458598 0.00231541557956 9298.62422599 
47.9 702.373435869 0.00222484609616 9298.62433929 
48 702.373414029 0.00213782148771 9298.62444815 
48.1 702.373393044 0.00205420179675 9298.62455275 
48.2 702.37337288 0.00197385168613 9298.62465327 
48.3 702.373353503 0.00189664010343 9298.62474986 
48.4 702.373334884 0.0018224467532 9298.62484267 
48.5 702.373316993 0.00175115746786 9298.62493185 
48.6 702.373299803 0.00168265867689 9298.62501754 
48.7 702.373283285 0.00161684093024 9298.62509987 
48.8 702.373267414 0.00155359863553 9298.62517899 
48.9 702.373252164 0.00149282979511 9298.62525501 
49 702.373237509 0.00143443574323 9298.62532805 
49.1 702.373223428 0.0013783226422 9298.62539825 
49.2 702.373209897 0.00132440655761 9298.6254657 
49.3 702.373196896 0.00127260239147 9298.6255305 
49.4 702.373184405 0.0012228274476 9298.62559277 
49.5 702.373172403 0.00117500187344 9298.6256526 
49.6 702.37316087 0.00112904844962 9298.62571008 
49.7 702.373149789 0.00108489237947 9298.62576532 
49.8 702.373139141 0.00104246107856 9298.6258184 
49.9 702.373128907 0.00100168396428 9298.62586941 
50 702.373119073 0.000962496688179 9298.62591843 
50.1 702.373109624 0.000924843221147 9298.62596553 
50.2 702.373100544 0.000888663901388 9298.62601079 
50.3 702.37309182 0.000853901086486 9298.62605428 
50.4 702.373083438 0.000820499164783 9298.62609606 
50.5 702.373075383 0.000788404412526 9298.62613621 
50.6 702.373067644 0.000757564851034 9298.62617479 
50.7 702.373060207 0.000727930103842 9298.62621186 
50.8 702.37305306 0.000699451266791 9298.62624749 
50.9 702.373046192 0.000672085013199 9298.62628172 
51 702.373039594 0.000645790528156 9298.62631462 
51.1 702.373033253 0.000620526039937 9298.62634622 
51.2 702.373027161 0.000596251261611 9298.62637659 
51.3 702.373021308 0.000572927287415 9298.62640576 
51.4 702.373015684 0.000550516489119 9298.6264338 
51.5 702.37301028 0.000528982412394 9298.62646074 
51.6 702.373005087 0.000508289673184 9298.62648662 
51.7 702.373000096 0.000488404075121 9298.6265115 
51.8 702.372995301 0.000469296382452 9298.6265354 
51.9 702.372990694 0.000450937363882 9298.62655837 
52 702.372986267 0.00043329773184 9298.62658044 
52.1 702.372982014 0.000416349210636 9298.62660164 
52.2 702.372977927 0.000400064462587 9298.62662201 
52.3 702.372974 0.000384417014155 9298.62664158 
52.4 702.372970227 0.000369381182072 9298.62666039 
52.5 702.372966601 0.000354931999472 9298.62667847 
52.6 702.372963116 0.00034104573963 9298.62669584 
52.7 702.372959767 0.000327702696184 9298.62671253 
52.8 702.37295655 0.00031488212134 9298.62672857 
52.9 702.372953458 0.000302563601861 9298.62674398 
53 702.372950488 0.00029072745483 9298.62675878 
53.1 702.372947634 0.000279354678225 9298.62677301 
53.2 702.372944892 0.000268426901504 9298.62678668 
53.3 702.372942256 0.000257926336176 9298.62679982 
53.4 702.372939724 0.000247835726387 9298.62681244 
53.5 702.372937288 0.000238128920435 9298.62682458 
53.6 702.372934951 0.000228816811825 9298.62683623 
53.7 702.372932705 0.00021986759086 9298.62684743 
53.8 702.372930547 0.000211267761532 9298.62685819 
53.9 702.372928473 0.000203004102957 9298.62686852 
54 702.372926481 0.000195063669379 9298.62687846 
54.1 702.372924566 0.000187433790164 9298.626888 
54.2 702.372922726 0.000180102069806 9298.62689717 
54.3 702.372920958 0.000173056387924 9298.62690599 
54.4 702.372919259 0.000166286239312 9298.62691446 
54.5 702.372917626 0.000159781999871 9298.62692259 
54.6 702.372916058 0.000153533152067 9298.62693041 
54.7 702.372914551 0.000147529513687 9298.62693792 
54.8 702.372913104 0.000141761238548 9298.62694513 
54.9 702.372911713 0.000136218816493 9298.62695207 
55 702.372910376 0.000130893073394 9298.62695873 
55.1 702.372909092 0.000125775171154 9298.62696513 
55.2 702.372907858 0.000120856607701 9298.62697129 
55.3 702.372906671 0.000116129216994 9298.6269772 
55.4 702.372905531 0.000111585169019 9298.62698288 
55.5 702.372904435 0.000107217124915 9298.62698835 
55.6 702.372903381 0.000103018458302 9298.6269936 
55.7 702.372902368 9.89825493904e-05 9298.62699865 
55.8 702.372901395 9.51031021692e-05 9298.6270035 
55.9 702.372900459 9.13741707467e-05 9298.62700817 
56 702.372899559 8.77901593496e-05 9298.62701265 
56.1 702.372898695 8.43458223237e-05 9298.62701696 
56.2 702.372897865 8.10362641333e-05 9298.6270211 
56.3 702.372897067 7.78569393618e-05 9298.62702508 
56.4 702.3728963 7.48036527111e-05 9298.6270289 
56.5 702.372895565 7.18725590023e-05 9298.62703256 
56.6 702.372894859 6.90596723608e-05 9298.62703608 
56.7 702.372894181 6.63572409431e-05 9298.62703946 
56.8 702.372893529 6.3760091636e-05 9298.62704271 
56.9 702.372892903 6.12641218367e-05 9298.62704583 
57 702.372892301 5.88654534532e-05 9298.62704883 
57.1 702.372891722 5.65604329047e-05 9298.62705172 
57.2 702.372891166 5.43456311214e-05 9298.62705449 
57.3 702.372890632 5.22178435442e-05 9298.62705715 
57.4 702.372890119 5.01740901253e-05 9298.62705971 
57.5 702.372889627 4.82116153277e-05 9298.62706216 
57.6 702.372889154 4.63278881257e-05 9298.62706452 
57.7 702.372888701 4.45205635442e-05 9298.62706678 
57.8 702.372888265 4.27850269432e-05 9298.62706895 
57.9 702.372887847 4.11171467521e-05 9298.62707104 
58 702.372887444 3.95141726632e-05 9298.62707304 
58.1 702.372887058 3.79734924092e-05 9298.62707497 
58.2 702.372886686 3.64926317633e-05 9298.62707682 
58.3 702.372886329 3.50692545392e-05 9298.6270786 
58.4 702.372885985 3.37011625913e-05 9298.62708031 
58.5 702.372885656 3.23862958145e-05 9298.62708196 
58.6 702.372885338 3.11227321439e-05 9298.62708354 
58.7 702.372885034 2.99086875557e-05 9298.62708506 
58.8 702.372884741 2.87425160661e-05 9298.62708652 
58.9 702.372884447 2.75724800757e-05 9298.62708798 
59 702.372884181 2.65116027279e-05 9298.62708931 
59.1 702.372883924 2.54875967361e-05 9298.62709059 
59.2 702.372883676 2.44997701503e-05 9298.62709182 
59.3 702.372883437 2.35474310207e-05 9298.62709302 
59.4 702.372883207 2.26298873972e-05 9298.62709416 
59.5 702.372882985 2.17464473301e-05 9298.62709527 
59.6 702.372882772 2.08964188693e-05 9298.62709633 
59.7 702.372882567 2.0079110065e-05 9298.62709735 
59.8 702.37288237 1.92938289673e-05 9298.62709834 
59.9 702.372882181 1.85398836262e-05 9298.62709928 
60 702.372881999 1.78162915078e-05 9298.62710018 
60.1 702.372881825 1.71210174002e-05 9298.62710105 
60.2 702.372881657 1.6452997908e-05 9298.62710189 
60.3 702.372881496 1.58113046274e-05 9298.62710269 
60.4 702.372881341 1.51950091547e-05 9298.62710346 
60.5 702.372881193 1.4603183086e-05 9298.6271042 
60.6 702.37288105 1.40348980177e-05 9298.62710492 
60.7 702.372880913 1.3489225546e-05 9298.6271056 
60.8 702.372880782 1.29652372672e-05 9298.62710625 
60.9 702.372880655 1.24620047773e-05 9298.62710688 
61 702.372880534 1.19785996728e-05 9298.62710749 
61.1 702.372880417 1.15140935498e-05 9298.62710807 
61.2 702.372880305 1.10675580046e-05 9298.62710863 
61.3 702.372880198 1.06380646334e-05 9298.62710916 
61.4 702.372880094 1.02251679846e-05 9298.62710968 
61.5 702.372879995 9.82903122512e-06 9298.62711018 
61.6 702.372879899 9.44896096459e-06 9298.62711065 
61.7 702.372879808 9.08423686288e-06 9298.62711111 
61.8 702.37287972 8.73413857987e-06 9298.62711155 
61.9 702.372879635 8.39794577547e-06 9298.62711197 
62 702.372879554 8.07493810957e-06 9298.62711237 
62.1 702.372879476 7.76439524205e-06 9298.62711276 
62.2 702.372879401 7.46559683282e-06 9298.62711313 
62.3 702.372879329 7.17782254176e-06 9298.62711349 
62.4 702.37287926 6.90035202878e-06 9298.62711384 
62.5 702.372879192 6.63246495375e-06 9298.62711418 
62.6 702.372879127 6.37344097657e-06 9298.6271145 
62.7 702.372879064 6.12256033484e-06 9298.62711481 
62.8 702.372879004 5.88046233854e-06 9298.62711512 
62.9 702.372878945 5.64792122962e-06 9298.62711541 
63 702.372878889 5.42457742556e-06 9298.62711569 
63.1 702.372878835 5.21007134381e-06 9298.62711595 
63.2 702.372878784 5.00404340187e-06 9298.62711621 
63.3 702.372878734 4.80613401719e-06 9298.62711646 
63.4 702.372878686 4.61598360725e-06 9298.6271167 
63.5 702.37287864 4.43323258952e-06 9298.62711693 
63.6 702.372878596 4.25752138148e-06 9298.62711715 
63.7 702.372878554 4.08849040059e-06 9298.62711736 
63.8 702.372878513 3.92578006433e-06 9298.62711756 
63.9 702.372878474 3.76903079017e-06 9298.62711776 
64 702.372878436 3.61788299558e-06 9298.62711795 
64.1 702.372878378 3.38574379632e-06 9298.62711824 
64.2 702.372878347 3.26326649098e-06 9298.62711839 
64.3 702.372878317 3.14392974393e-06 9298.62711854 
64.4 702.372878288 3.02773355517e-06 9298.62711868 
64.5 702.372878259 2.91467792471e-06 9298.62711883 
64.6 702.372878232 2.80476285255e-06 9298.62711896 
64.7 702.372878205 2.69798833868e-06 9298.6271191 
64.8 702.372878179 2.5943543831e-06 9298.62711923 
64.9 702.372878154 2.49386098582e-06 9298.62711935 
65 702.372878129 2.39650814684e-06 9298.62711947 
65.1 702.372878106 2.30229586614e-06 9298.62711959 
65.2 702.372878083 2.21122414375e-06 9298.62711971 
65.3 702.372878061 2.12329297964e-06 9298.62711982 
65.4 702.37287804 2.03850237384e-06 9298.62711992 
65.5 702.372878019 1.9568041642e-06 9298.62712002 
65.6 702.372877999 1.87784918844e-06 9298.62712012 
65.7 702.37287798 1.80156791736e-06 9298.62712022 
65.8 702.372877962 1.72796035094e-06 9298.62712031 
65.9 702.372877944 1.65702648919e-06 9298.6271204 
66 702.372877927 1.5887663321e-06 9298.62712048 
66.1 702.37287791 1.52317987969e-06 9298.62712057 
66.2 702.372877894 1.46026713194e-06 9298.62712065 
66.3 702.372877879 1.40002808886e-06 9298.62712072 
66.4 702.372877865 1.34246275045e-06 9298.62712079 
66.5 702.372877851 1.28757111671e-06 9298.62712086 
66.6 702.372877838 1.23535318763e-06 9298.62712093 
66.7 702.372877826 1.18580896323e-06 9298.62712099 
66.8 702.372877814 1.13893844349e-06 9298.62712105 
66.9 702.372877803 1.09474039712e-06 9298.6271211 
67 702.372877792 1.05252666524e-06 9298.62712116 
67.1 702.372877782 1.01171721768e-06 9298.62712121 
67.2 702.372877772 9.72312054429e-07 9298.62712126 
67.3 702.372877762 9.34311175495e-07 9298.6271213 
67.4 702.372877753 8.97714580876e-07 9298.62712135 
67.5 702.372877744 8.62522270572e-07 9298.62712139 
67.6 702.372877736 8.28734244582e-07 9298.62712144 
67.7 702.372877728 7.96350502906e-07 9298.62712148 
67.8 702.37287772 7.65371045545e-07 9298.62712151 
67.9 702.372877713 7.35795872498e-07 9298.62712155 
68 702.372877706 7.07624983766e-07 9298.62712159 
68.1 702.372877699 6.80858379348e-07 9298.62712162 
68.2 702.372877692 6.55496059245e-07 9298.62712165 
68.3 702.372877686 6.31538023456e-07 9298.62712168 
68.4 702.372877681 6.08834293054e-07 9298.62712171 
68.5 702.372877675 5.86838309886e-07 9298.62712174 
68.6 702.37287767 5.6550003062e-07 9298.62712176 
68.7 702.372877665 5.44819455257e-07 9298.62712179 
68.8 702.37287766 5.24796583796e-07 9298.62712182 
68.9 702.372877655 5.05431416237e-07 9298.62712184 
69 702.37287765 4.8672395258e-07 9298.62712186 
69.1 702.372877646 4.68674192825e-07 9298.62712189 
69.2 702.372877641 4.51282136973e-07 9298.62712191 
69.3 702.372877637 4.34547785022e-07 9298.62712193 
69.4 702.372877633 4.18471136974e-07 9298.62712195 
69.5 702.372877629 4.03052192828e-07 9298.62712197 
69.6 702.372877625 3.88290952584e-07 9298.62712199 
69.7 702.372877622 3.74187416243e-07 9298.627122 
69.8 702.372877618 3.60734381016e-07 9298.62712202 
69.9 702.372877615 3.47737873917e-07 9298.62712204 
70 702.372877612 3.35111124105e-07 9298.62712205 
