"Time" "S" "I" "R"
0 10000 1 0
1 9997.09409044 3.61525495117 0.290654605595
2 9986.59998273 13.0590180645 1.34099920424
3 9948.84228781 47.0284319259 5.12928026387
4 9814.77451972 167.527855221 18.6976250617
5 9360.19634697 574.679915464 66.1237375631
6 8031.0805933 1750.63726118 219.282145528
7 5374.52226385 4005.51631449 620.961421665
8 2581.94836245 6064.9113853 1354.14025225
9 1021.17268464 6698.02412883 2281.80318653
10 398.689418872 6379.91397592 3222.39660521
11 167.486659652 5743.7778599 4089.73548045
12 77.4376442308 5062.34096239 4861.22139338
13 39.3626875166 4423.71252872 5537.92478376
14 21.8187994461 3851.14827832 6128.03292223
15 13.061095964 3346.67916348 6641.25974055
16 8.36389003429 2905.6010268 7087.03508316
17 5.68086958454 2521.36572724 7473.95340317
18 4.06123139122 2187.28635808 7809.65241053
19 3.0354462687 1897.12136909 8100.84318464
20 2.35809316313 1645.25303215 8353.38887469
21 1.89462619779 1426.70831541 8572.39705839
22 1.56654345107 1237.1240895 8762.30936705
23 1.32869141778 1072.6901074 8926.98120118
24 1.15185694147 930.084444802 9069.76369826
25 1.01770753667 806.41928541 9193.56300705
26 0.914117597342 699.185041946 9300.90084046
27 0.83289618315 606.202677822 9393.96442599
28 0.768375356369 525.581136331 9474.65048831
29 0.716453673123 455.677149433 9544.60639689
30 0.674298964112 395.06826903 9605.25743201
31 0.639760495109 342.518937597 9657.84130191
32 0.611251553795 296.958045254 9703.43070319
33 0.587564917823 257.456572153 9742.95586293
34 0.567773443296 223.208929396 9777.22329716
35 0.551153735123 193.5164213 9806.93242496
36 0.537139487738 167.773440268 9832.68942024
37 0.525278485233 145.454732805 9855.01998871
38 0.515207592471 126.104856832 9874.37993558
39 0.50663285114 109.328953246 9891.1644139
40 0.499314414086 94.7846658785 9905.71601971
41 0.493055166238 82.1751551837 9918.33178965
42 0.487691964132 71.2430417428 9929.26926629
43 0.48308960243 61.7652502368 9938.75166016
44 0.479134659556 53.5483003782 9946.97256496
45 0.475732072116 46.4244651034 9954.09980282
46 0.472801750444 40.248341899 9960.27885635
47 0.470275867558 34.8938470179 9965.63587711
48 0.468096947179 30.2516861277 9970.28021693
49 0.466216087096 26.2270985492 9974.30668536
50 0.464591562142 22.7379194185 9977.79748902
51 0.463187744232 19.7129268589 9980.8238854
52 0.461974124268 17.0903708075 9983.44765507
53 0.460924532275 14.8167081237 9985.72236734
54 0.460016507355 12.8455266352 9987.69445686
55 0.459230733157 11.1365864299 9989.40418284
56 0.458550581656 9.6549973589 9990.88645206
57 0.457961732753 8.37051611363 9992.17152215
58 0.457451835344 7.25691925801 9993.28562891
59 0.457010232405 6.291471567 9994.2515182
60 0.456627725474 5.45446604485 9995.08890623
61 0.456296365586 4.72881381194 9995.81488982
62 0.456009283436 4.09970016761 9996.44429055
63 0.45576054093 3.55428336053 9996.9899561
64 0.455545000375 3.0814275342 9997.46302747
65 0.455358217301 2.67147924065 9997.87316254
66 0.455196345825 2.3160702307 9998.22873342
67 0.455056055906 2.00794397235 9998.53699997
68 0.454934464864 1.74081016308 9998.80425537
69 0.45482907656 1.50921569386 9999.03595523
70 0.454737728613 1.30843197424 9999.2368303
