"Time" "S" "I" "R"
0 10000 1 0
1 9997.09453516 3.61477843172 0.290686404306
2 9986.60341331 13.0555790966 1.3410075911
3 9948.86136664 47.0099249628 5.12870839495
4 9814.86560353 167.441146518 18.6932499476
5 9360.57349294 574.325716888 66.1007901709
6 8032.27658169 1749.53266876 219.190749549
7 5376.690758 4003.58834544 620.720896566
8 2583.79914813 6063.42193036 1353.77892151
9 1022.12423819 6697.40529647 2281.47046534
10 399.109985816 6379.70217971 3222.18783447
11 167.677654773 5743.6533613 4089.66898393
12 77.5318315978 5062.18663687 4861.28153153
13 39.4135510923 4423.4997194 5538.0867295
14 21.8486929483 3850.87938173 6128.27192532
15 13.0800293306 3346.3659267 6641.55404397
16 8.37668222998 2905.25676425 7087.36655352
17 5.69000571694 2521.00262366 7474.30737062
18 4.06807788217 2186.91466546 7810.01725666
19 3.04079030981 1896.74933086 8101.20987883
20 2.36241297773 1644.8870486 8353.75053842
21 1.89822457943 1426.35319937 8572.74857605
22 1.56961987749 1236.78332696 8762.64705316
23 1.33137995285 1072.36610254 8927.3025175
24 1.1542518081 929.778730138 9070.06701805
25 1.01987594281 806.132702345 9193.84742171
26 0.91610873587 698.917892976 9301.16599829
27 0.834746778524 605.95485279 9394.21040043
28 0.770113268569 525.352213414 9474.87767332
29 0.718100399972 455.466480691 9544.81541891
30 0.67587128215 394.875045221 9605.4490835
31 0.641271682989 342.342243169 9658.01648515
32 0.612712222473 296.796900247 9703.59038753
33 0.588983627369 257.309965326 9743.10105105
34 0.569157155855 223.075843788 9777.35499906
35 0.552508149567 193.395853415 9807.05163844
36 0.538469303976 167.664414645 9832.79711605
37 0.526587594846 145.356311998 9855.11710041
38 0.516499233216 126.016148603 9874.46735216
39 0.507909728187 109.249115189 9891.24297508
40 0.50057879495 94.7129078298 9905.78651338
41 0.494308956888 82.1107402507 9918.39495079
42 0.48893677078 71.1852861603 9929.32577707
43 0.484326781718 61.7135221965 9938.80215102
44 0.480365359093 53.502018371 9947.01761627
45 0.476957263492 46.3830955464 9954.13994719
46 0.47402225824 40.2113968837 9960.31458086
47 0.471492391738 34.8608815558 9965.66762605
48 0.469310082213 30.2222951913 9970.30839473
49 0.467426338719 26.2009145385 9974.33165912
50 0.465799360478 22.7146092859 9977.81959135
51 0.464393455179 19.6921893228 9980.84341722
52 0.463178059463 17.0719339787 9983.46488796
53 0.462126956978 14.8003268948 9985.73754615
54 0.461217647367 12.8309803387 9987.70780201
55 0.460430780866 11.1236768119 9989.41589241
56 0.459749700824 9.64354640679 9990.89670389
57 0.459160062792 8.36036417078 9992.18047577
58 0.458649495002 7.24792339397 9993.29342711
59 0.458207322734 6.28350386119 9994.25828882
60 0.457824332463 5.44741213328 9995.09476353
61 0.457492562429 4.72257159888 9995.81993584
62 0.457205132379 4.09417852436 9996.44861634
63 0.456956094906 3.54940103905 9996.99364287
64 0.456740304397 3.077112168 9997.46614753
65 0.456553309608 2.66766638339 9997.87578031
66 0.456391258911 2.31270255665 9998.23090618
67 0.456250817369 2.00497052122 9998.53877866
68 0.45612909812 1.73818564043 9998.80568526
69 0.456023601488 1.50689988934 9999.03707651
70 0.455932162067 1.30638920161 9999.23767864
