"Time" "S" "I" "R"
0 10000 1 0
1 9997.09375119 3.61551256297 0.290736247362
2 9986.59767271 13.0608766476 1.34145063846
3 9948.83024315 47.0384238893 5.13133296395
4 9814.71913871 167.574523837 18.7063374505
5 9359.9728021 574.868720493 66.158477407
6 8030.3876217 1751.20793658 219.404441717
7 5373.30424835 4006.40571827 621.290033374
8 2580.96571573 6065.29106191 1354.74322236
9 1020.71608122 6697.65892604 2282.62499274
10 398.517842226 6379.12618843 3223.35596935
11 167.425286312 5742.80149437 4090.77321932
12 77.4161591118 5061.28713386 4862.29670703
13 39.3558103014 4422.63581209 5539.0083776
14 21.817387744 3850.07930589 6129.10330636
15 13.0617276269 3345.63706951 6642.30120286
16 8.36524250125 2904.59837568 7088.03638182
17 5.68242187862 2520.41077008 7474.90680804
18 4.06277866799 2186.38426659 7810.55295474
19 3.03691655494 1896.27501846 8101.68806499
20 2.35946713819 1644.46356928 8354.17696358
21 1.8959053077 1425.97558513 8573.12850956
22 1.56773696757 1236.4469679 8762.98529514
23 1.3298113091 1072.066765 8927.60342369
24 1.15291400877 929.512553953 9070.33453204
25 1.01871190118 805.896187649 9194.08510045
26 0.91507792154 698.707877266 9301.37704481
27 0.833819705182 605.768481153 9394.39769914
28 0.769268211305 525.186919483 9475.04381231
29 0.717320957257 455.319959347 9544.9627197
30 0.675144956667 394.745231142 9605.5796239
31 0.640588774144 342.227286979 9658.13212425
32 0.61206508535 296.695148225 9703.69278669
33 0.58836617968 257.219940051 9743.19169377
34 0.568564508654 222.996227131 9777.43520836
35 0.551936327116 193.325469715 9807.12259396
36 0.537915062638 167.602217355 9832.85986758
37 0.526048253094 145.301369034 9855.17258271
38 0.51597256344 125.967630815 9874.51639662
39 0.507393871059 109.206285756 9891.28632037
40 0.500072189479 94.6751120878 9905.82481572
41 0.493810286129 82.077396998 9918.42879272
42 0.488444920036 71.1558797938 9929.35567529
43 0.483840803514 61.6875954604 9938.82856374
44 0.479884445884 53.4791660407 9947.04094951
45 0.476480723801 46.3629584031 9954.16056087
46 0.473549500231 40.1936570222 9960.33279348
47 0.471022906975 34.845257646 9965.68371945
48 0.46884343276 30.2085381334 9970.32261843
49 0.46696214752 26.1888041964 9974.34423366
50 0.465337301974 22.7039510539 9977.83071164
51 0.463933247833 19.6828111139 9980.85325564
52 0.462719459914 17.0636839124 9983.47359663
53 0.461669754397 14.7930708051 9985.74525944
54 0.460761658951 12.8245997277 9987.71463861
55 0.459975848176 11.1180672107 9989.42195694
56 0.45929568632 9.63861560921 9990.9020887
57 0.458706846997 8.35603081698 9992.18526234
58 0.45819697419 7.24411582208 9993.2976872
59 0.457755406725 6.28015887204 9994.26208572
60 0.457372942847 5.44447402016 9995.09815304
61 0.457041631045 4.7199913252 9995.82296704
62 0.456754599914 4.09191287576 9996.45133252
63 0.456505909759 3.5474119663 9996.99608212
64 0.456290421673 3.07536619237 9997.46834339
65 0.456103690223 2.66613402175 9997.87776229
66 0.455941868848 2.3113578748 9998.23270026
67 0.455801627013 2.00379070992 9998.54040766
68 0.455680081681 1.73715062605 9998.80716929
69 0.455574736516 1.50599202931 9999.03843323
70 0.455483429012 1.3055929854 9999.23892359
