"Time" "S" "I" "R"
0 10000 1 0
1 9997.05600672 3.65157438234 0.292418896774
2 9986.31783135 13.3224253965 1.35974325393
3 9947.29983484 48.452530255 5.24763490044
4 9807.46944749 174.223355909 19.3071965995
5 9330.12337868 602.016295087 68.8603262358
6 7936.78285345 1834.72833833 229.488808227
7 5207.91020936 4145.16718938 647.922601258
8 2445.05954231 6157.10633198 1398.83412572
9 953.697813335 6713.45903758 2333.84314908
10 370.257684176 6357.25489443 3273.4874214
11 155.26904557 5709.1819024 4136.54905203
12 71.7707889314 5026.30326795 4902.92594312
13 36.4935295567 4389.88459503 5574.62187541
14 20.2385506753 3820.62812432 6160.133325
15 12.1217490314 3319.62519655 6669.25305442
16 7.76651003787 2881.82847452 7111.40501544
17 5.27783056838 2500.57470164 7495.14746779
18 3.77472682075 2169.1523802 7828.07289298
19 2.82240857673 1881.33093645 8116.84665497
20 2.1933680604 1631.51777733 8367.28885461
21 1.76283038781 1414.76917366 8584.46799596
22 1.45794386806 1226.75126667 8772.79078946
23 1.23687103318 1063.68110976 8936.08201921
24 1.07247501081 922.261983346 9077.66554164
25 0.947746057709 799.62842807 9200.42382587
26 0.851415713572 693.290650757 9306.85793353
27 0.775874655228 601.086950277 9399.13717507
28 0.715858897027 521.14154298 9479.14259812
29 0.667556558565 451.824646149 9548.50779729
30 0.628336205362 391.725385317 9608.64627848
31 0.596199827591 339.618399918 9660.78540025
32 0.569671693342 294.441417454 9705.98891085
33 0.547629528915 255.273108293 9745.17926218
34 0.52921117484 221.314572524 9779.1562163
35 0.51374370986 191.872924052 9808.61333224
36 0.500700722563 166.347617196 9834.15168208
37 0.489661438993 144.21777309 9856.29256547
38 0.480287963228 125.031754594 9875.48795744
39 0.472306845988 108.398015956 9892.1296772
40 0.465494927001 93.9770657423 9906.55743933
41 0.45966877735 81.4745552263 9919.065776
42 0.454676619025 70.6352734467 9929.91004993
43 0.450392607205 61.2380136847 9939.31159371
44 0.44671122123 53.0909314589 9947.46235732
45 0.443543946614 46.0277036365 9954.52875242
46 0.440816265476 39.9041574366 9960.6550263
47 0.438465051902 34.5952769565 9965.96625799
48 0.436436793734 29.9926829466 9970.57088026
49 0.434685986102 26.0024198429 9974.56289417
50 0.433173789677 22.5430184794 9978.02380773
51 0.431867035284 19.5438552975 9981.02427767
52 0.430737330771 16.943707014 9983.62555566
53 0.429760313969 14.6894830226 9985.88075666
54 0.428915074848 12.7351624558 9987.83592247
55 0.428183636172 11.0408498643 9989.5309665
56 0.427550518059 9.57195000595 9991.00049948
57 0.427002389355 8.29847508696 9992.27452252
58 0.426527754656 7.19442673826 9993.37904551
59 0.426116692764 6.23726213729 9994.33662117
60 0.425760640561 5.40744115323 9995.16679821
61 0.425452199555 4.68802185942 9995.88652594
62 0.425184974734 4.06431499546 9996.51050003
63 0.424953438333 3.52358799246 9997.05145857
64 0.42475280828 3.0548007797 9997.52044641
65 0.424578946991 2.64838170263 9997.92703935
66 0.424428274497 2.29603403017 9998.2795377
67 0.424297691137 1.99056356933 9998.58513874
68 0.42418451332 1.72573340733 9998.85008208
69 0.424086417583 1.49613725924 9999.07977632
70 0.424001391089 1.29708710291 9999.27891151
