"Time" "S" "I" "R"
0 10000 1 0
1 9997.24345191 3.53672091981 0.219827168401
2 9987.5041273 12.4988753188 0.996997384221
3 9953.20695212 44.0531874144 3.73986046945
4 9833.81921682 153.818806717 13.3619764682
5 9434.41416438 520.162552096 46.423283519
6 8257.45434993 1590.87562308 152.670026992
7 5773.67486409 3789.35257045 437.972565456
8 2896.58903699 6116.43780142 987.973161583
9 1147.9766138 7127.0638015 1725.9595847
10 430.045620319 7062.09150338 2508.8628763
11 168.245476971 6575.59639256 3257.15813047
12 71.0184600156 5985.11191333 3944.86962665
13 32.5166418475 5400.72780188 4567.75555628
14 16.0912041363 4856.20084288 5128.70795298
15 8.55338018389 4359.7803579 5632.66626192
16 4.85094365602 3911.22445556 6084.92460079
17 2.91671658229 3507.51314383 6490.57013959
18 1.84850944518 3144.84517394 6854.30631662
19 1.22806257351 2819.35854399 7180.41339343
20 0.851134826778 2527.39037426 7472.75849091
21 0.612857864769 2265.56394258 7734.82319956
22 0.456244807765 2030.80759041 7969.73616478
23 0.350275996312 1820.34399633 8180.30572767
24 0.276417142546 1631.67192529 8369.05165756
25 0.223529482102 1462.54232905 8538.23414147
26 0.184784659243 1310.93540381 8689.87981153
27 0.155810625572 1175.03863854 8825.80555083
28 0.133722589113 1053.22580341 8947.640474
29 0.116600554464 944.038430259 9056.84496919
30 0.103127756251 846.168753501 9154.72811874
31 0.0923868731334 758.444369565 9242.46324356
32 0.0837265808641 679.814465871 9321.10180755
33 0.0766441410851 609.335018252 9391.58833761
34 0.0708061538608 546.161974689 9454.76721916
35 0.0659526634445 489.538101198 9511.39594614
36 0.0618857762402 438.784523733 9562.15359049
37 0.0584538152689 393.292670793 9607.64887539
38 0.0555398230517 352.517148233 9648.42731194
39 0.0530516594154 315.969022867 9684.97792547
40 0.050914596457 283.209774076 9717.73931133
41 0.049072808768 253.846958568 9747.10396862
42 0.0474786538362 227.528414791 9773.42410655
43 0.0460943976323 203.938587894 9797.01531771
44 0.0448879613105 182.794475899 9818.16063614
45 0.0438335219405 163.84250752 9837.11365896
46 0.042909482645 146.855447898 9854.10164262
47 0.042097816442 131.629589724 9869.32831246
48 0.0413833731509 117.98232257 9882.97629406
49 0.0407533023044 105.749975174 9895.20927152
50 0.0401966932059 94.785844783 9906.17395852
51 0.0397042295353 84.9584487525 9916.00184702
52 0.0392679985907 76.1499893649 9924.81074264
53 0.0388810575314 68.2547746802 9932.70634426
54 0.0385374888374 61.1781423449 9939.78332017
55 0.0382321103843 54.8351918014 9946.12657609
56 0.0379604632308 49.1498899823 9951.81214955
57 0.0377186148453 44.054023412 9956.90825797
58 0.0375031576241 39.4865120683 9961.47598477
59 0.0373110813289 35.3925499111 9965.57013901
60 0.0371397593626 31.7230553183 9969.23980492
61 0.0369868662983 28.4340021944 9972.52901094
62 0.0368503624868 25.4859667215 9975.47718292
63 0.0367284383192 22.8435775003 9978.11969406
64 0.0366194994185 20.4751569639 9980.48822354
65 0.0365221292177 18.3522896274 9982.61118824
66 0.0364350750951 16.4495243567 9984.51404057
67 0.0363572226943 14.7440339316 9986.21960885
68 0.0362875838237 13.2153717776 9987.74834064
69 0.0362252783234 11.8451999651 9989.11857476
70 0.036169523768 10.6170890305 9990.34674145
