"Time" "S" "I" "R"
0 10000 1 0
1 9997.13226639 3.57879844058 0.288935171072
2 9986.88020009 12.7972514391 1.32254847362
3 9950.35982498 45.6270002879 5.01317473243
4 9821.89994596 160.99666118 18.1033928622
5 9389.38875689 548.140455327 63.4707877784
6 8123.33913522 1668.2803017 209.380563081
7 5542.82220033 3863.73325064 594.444549028
8 2726.22754966 5965.49684584 1309.2756045
9 1094.25994768 6677.87294296 2228.86710936
10 429.854519812 6400.9824043 3170.16307589
11 180.939654193 5778.2196649 4041.84068091
12 83.6881235974 5098.70569264 4818.60618376
13 42.5295692576 4457.96441302 5500.50601772
14 23.5636267129 3882.0512559 6095.38511739
15 14.0985879444 3374.03272835 6612.8686837
16 9.02389233656 2929.5847833 7062.39132437
17 6.12628042053 2542.28796701 7452.58575257
18 4.37803923906 2205.48395963 7791.13800113
19 3.2711100811 1912.92090744 8084.80798248
20 2.54039256934 1658.95474941 8339.50485802
21 2.04051858281 1438.58169642 8560.37778499
22 1.68690904644 1247.40755616 8751.90553479
23 1.43046009406 1081.59299345 8917.97654645
24 1.23988689296 937.790084253 9061.97002885
25 1.09533199273 813.087237438 9186.81743057
26 0.98372036717 704.954022419 9295.06225721
27 0.896218848329 611.193227869 9388.91055328
28 0.826714000294 529.897803797 9470.2754822
29 0.770797808867 459.410768553 9540.81843364
30 0.725399430399 398.2972951 9601.97730547
31 0.688206323348 345.311406477 9655.0003872
32 0.657508406659 299.372854925 9700.96963667
33 0.632004747671 259.544716907 9740.82327835
34 0.610696175885 225.014527088 9775.37477674
35 0.592803787309 195.07767212 9805.32952409
36 0.577716723334 169.123351884 9831.29893139
37 0.564948302077 146.621886393 9853.8131653
38 0.55410742873 127.113977334 9873.33191524
39 0.544877445323 110.201418061 9890.25370449
40 0.537000046405 95.5389684261 9904.92403153
41 0.530262970757 82.8272889968 9917.64244803
42 0.524490544862 71.8068377485 9928.66867171
43 0.5195371297 62.252663686 9938.22779918
44 0.515280632377 53.9696717109 9946.51504766
45 0.511618733521 46.7887434301 9953.69963784
46 0.508465160021 40.5632564615 9959.92827838
47 0.505746908044 35.1660817069 9965.32817139
48 0.503402113698 30.4870264326 9970.00957145
49 0.501378113328 26.4305403405 9974.06808155
50 0.499629999011 22.913783459 9977.58658654
51 0.498119423899 19.8649524471 9980.63692813
52 0.496813538326 17.2217858907 9983.28140057
53 0.49568417814 14.930305766 9985.57401006
54 0.494707168957 12.9437231507 9987.56156968
55 0.49386171593 11.2214675596 9989.28467072
56 0.493129924926 9.72836817993 9990.7785019
57 0.492496383777 8.4339375949 9992.07356602
58 0.491947798131 7.31173924902 9993.19631295
59 0.49147269998 6.33885650218 9994.1696708
60 0.49106118967 5.49542409645 9995.01351471
61 0.490704712371 4.76421593175 9995.74507936
62 0.49039587637 4.13030004605 9996.37930408
63 0.490128291212 3.58073211588 9996.92913959
64 0.489896428197 3.10428786859 9997.4058157
65 0.48969550513 2.69123809466 9997.8190664
66 0.489521383372 2.33314811235 9998.1773305
67 0.489370479776 2.02270439806 9998.48792512
68 0.48923969279 1.75356769044 9998.75719262
69 0.489126336432 1.52024188147 9998.99063178
70 0.489028084154 1.31796164347 9999.19301027
