"Time" "S" "I" "R"
0 10000 1 0
1 9997.09456148 3.61475175899 0.290686763781
2 9986.60361186 13.0553866277 1.34100150734
3 9948.86245926 47.008889412 5.12865133141
4 9814.8707889 167.436297212 18.6929138846
5 9360.59487996 574.305934982 66.0991850586
6 8032.34417869 1749.47123384 219.184587462
7 5376.81280032 4003.48261913 620.704580547
8 2583.90252774 6063.34463798 1353.75283429
9 1022.17670197 6697.380691 2281.44260703
10 399.132741093 6379.70328663 3222.16397228
11 167.687751183 5743.6613951 4089.65085372
12 77.5366843297 5062.19434916 4861.26896651
13 39.4161037547 4423.50494219 5538.07895406
14 21.8501553833 3850.88178945 6128.26805517
15 13.0809336463 3346.36581033 6641.55325602
16 8.37727991947 2905.25458497 7087.36813511
17 5.69042415768 2520.99885026 7474.31072558
18 4.06838593872 2186.90971785 7810.02189621
19 3.04102699217 1896.74356513 8101.21540788
20 2.36260163401 1644.88075683 8353.75664154
21 1.89837979605 1426.34661582 8572.75500439
22 1.5697511451 1236.77663586 8762.65361299
23 1.33149356588 1072.3594461 8927.30906034
24 1.15435215718 929.772215691 9070.07343215
25 1.01996612467 806.126408682 9193.85362519
26 0.916190999125 698.911875795 9301.17193321
27 0.834822790755 605.949149404 9394.2160278
28 0.770184285606 525.346846445 9474.88296927
29 0.718167385707 455.461461356 9544.82037126
30 0.675934984372 394.870375829 9605.45368919
31 0.641332690853 342.33791933 9658.02074798
32 0.612771005237 296.792912582 9703.59431641
33 0.58904056237 257.30630086 9743.10465858
34 0.569212549159 223.072487065 9777.35830039
35 0.552562251332 193.392787388 9807.05465036
36 0.538522319996 167.661621356 9832.79985632
37 0.526639695461 145.353773134 9855.11958717
38 0.516550560102 126.0138459 9874.46960354
39 0.50796039968 109.247030741 9891.24500886
40 0.500628910286 94.7110243169 9905.78834677
41 0.494358599542 82.109041101 9918.3966003
42 0.488986011174 71.1837556556 9929.32725833
43 0.484375679413 61.7121455378 9938.80347878
44 0.480413964558 53.500781713 9947.01880432
45 0.477005619572 46.3819860041 9954.14100838
46 0.474070401367 40.2104025232 9960.31552708
47 0.471540352923 34.8599913695 9965.66846828
48 0.469357887881 30.2214990601 9970.30914305
49 0.467474011419 26.2002031932 9974.3323228
50 0.465846919451 22.7139742591 9977.82017882
51 0.464440916867 19.6916228979 9980.84393619
52 0.463225437916 17.0714291431 9983.46534542
53 0.462174264203 14.7998772869 9985.73794845
54 0.461264893644 12.8305801987 9987.70815491
55 0.460477974981 11.1233209362 9989.41620109
56 0.459796850304 9.64323010043 9990.89697305
57 0.459207174072 8.36008320365 9992.18070962
58 0.458696573596 7.24767396231 9993.29362946
59 0.45825437336 6.28328254732 9994.25846308
60 0.457871359156 5.4472158703 9995.09491277
61 0.457539568652 4.72239763897 9995.82006279
62 0.457252121088 4.09402440696 9996.44872347
63 0.457003068635 3.54926456349 9996.99373237
64 0.456787265315 3.07699136833 9997.46622137
65 0.456600259575 2.66755950408 9997.87584024
66 0.456438199515 2.31260803197 9998.23095377
67 0.45629774997 2.0048869558 9998.53881529
68 0.456176023879 1.7381117912 9998.80571218
69 0.456070521403 1.5068346502 9999.03709483
70 0.455979076989 1.30633158883 9999.23768933
