"Time" "S" "I" "R"
0 10000 1 0
1 9997.05617309 3.65141195309 0.292414954061
2 9986.31908099 13.3212415119 1.35967749661
3 9947.30672937 48.4460982392 5.24717238725
4 9807.50232352 174.192978136 19.3046983402
5 9330.25926675 601.89190813 68.8488251163
6 7937.20784828 1834.34664657 229.445505152
7 5208.65067655 4144.54003604 647.809287412
8 2445.6575721 6156.69098245 1398.65144544
9 953.9906595 6713.37066217 2333.63867833
10 370.381601731 6357.32242326 3273.29597501
11 155.322871335 5709.29427069 4136.38285798
12 71.7961198261 5026.4173827 4902.78649747
13 36.5065700032 4389.98647233 5574.50695767
14 20.2458621572 3820.71441801 6160.03971984
15 12.126174907 3319.69631074 6669.17751436
16 7.7693764405 2881.88604135 7111.34458221
17 5.27979937659 2500.62064221 7495.09955841
18 3.77615019253 2169.18855111 7828.0352987
19 2.82348424635 1881.35900677 8116.81750898
20 2.19421257388 1631.53919632 8367.26659111
21 1.76351585855 1414.78517555 8584.4513086
22 1.45851615659 1226.76289011 8772.77859374
23 1.237360874 1063.68922267 8936.07341646
24 1.07290326524 922.26730441 9077.65979232
25 0.948127390619 799.631550188 9200.42032242
26 0.85176071217 693.292060882 9306.85617841
27 0.776191086992 601.087045842 9399.13676307
28 0.716152600176 521.140647373 9479.14320003
29 0.667831945417 451.823019799 9548.50914826
30 0.628596713139 391.723237771 9608.64816552
31 0.596448138798 339.61589798 9660.78765388
32 0.569909938968 294.438692988 9705.99139707
33 0.547859416023 255.27026446 9745.18187612
34 0.529434084996 221.3116891 9779.15887682
35 0.513960769233 191.870061726 9808.6159775
36 0.500912856824 166.344821273 9834.15426587
37 0.489869413086 144.215076474 9856.29505411
38 0.480492413284 125.029180293 9875.49032729
39 0.472508303355 108.3955791 9892.1319126
40 0.465693837443 93.974775296 9906.55953087
41 0.459865516268 81.4724153475 9919.06771914
42 0.454871503376 70.6332845784 9929.91184392
43 0.45058590573 61.236173525 9939.31324057
44 0.446903161956 53.0892356187 9947.46386122
45 0.443734723693 46.0261462835 9954.53011899
46 0.441006044437 39.9027317386 9960.65626222
47 0.438653974048 34.5939754343 9965.96737059
48 0.436624979935 29.9914977966 9970.57187722
49 0.434873539816 26.0013431362 9974.56378332
50 0.43336079956 22.5420423331 9978.02459687
51 0.432053577391 19.5429720141 9981.02497441
52 0.430923470383 16.9429091602 9983.62616737
53 0.429946107148 14.6887634995 9985.88129039
54 0.429100569785 12.7345145448 9987.83638489
55 0.428368874296 11.0402672446 9989.53136388
56 0.427735535011 9.57142677211 9991.00083769
57 0.427187215797 8.29800575104 9992.27480703
58 0.426712416982 7.1940062192 9993.37928136
59 0.426301213694 6.2368857528 9994.33681303
60 0.425945039668 5.40710460379 9995.16695036
61 0.425636493688 4.68772120704 9995.8866423
62 0.425369178411 4.06404664547 9996.51058418
63 0.425137564062 3.52334867168 9997.05151376
64 0.424936866832 3.05458751343 9997.52047562
65 0.424762947654 2.64819179426 9997.92704526
66 0.424612225268 2.29586503953 9998.27952274
67 0.424481598915 1.99041329181 9998.58510511
68 0.424368384045 1.72559985491 9998.85003176
69 0.424270256375 1.49601864157 9999.0797111
70 0.424185202361 1.29698180997 9999.27883299
