"Time" "S" "I" "R"
0 10000 1 0
1 9997.13226632 3.57879850805 0.288935175474
2 9986.88019957 12.7972519211 1.32254851323
3 9950.35982218 45.6270028554 5.01317496681
4 9821.89993288 160.99667309 18.1033940252
5 9389.38870354 548.140503583 63.470792879
6 8123.33896616 1668.28045186 209.380581988
7 5542.8218875 3863.73351246 594.44460004
8 2726.22727638 5965.49703101 1309.27569261
9 1094.25980793 6677.87297597 2228.8672161
10 429.854460277 6400.98235547 3170.16318425
11 180.939628675 5778.21958809 4041.84078324
12 83.6881118678 5098.70561055 4818.60627758
13 42.529563391 4457.964334 5500.50610261
14 23.5636235265 3882.05118279 6095.38519369
15 14.0985860786 3374.0326619 6612.86875202
16 9.02389116791 2929.58472343 7062.3913854
17 6.12627964423 2542.28791335 7452.58580701
18 4.37803869546 2205.48391168 7791.13804962
19 3.27110968294 1912.92086469 8084.80802563
20 2.54039226588 1658.95471134 8339.50489639
21 2.04051834344 1438.58166258 8560.37781908
22 1.68690885152 1247.40752609 8751.90556506
23 1.43045993143 1081.59296676 8917.97657331
24 1.23988675398 937.790060576 9061.97005267
25 1.09533187155 813.087216448 9186.81745168
26 0.983720259655 704.954003823 9295.06227592
27 0.89621875147 611.193211402 9388.91056985
28 0.826713911863 529.897789223 9470.27549687
29 0.770797727162 459.410755659 9540.81844661
30 0.725399354149 398.297283698 9601.97731695
31 0.688206251558 345.311396398 9655.00039735
32 0.657508338543 299.37284602 9700.96964564
33 0.632004682604 259.544709042 9740.82328628
34 0.610696113365 225.014520143 9775.37478374
35 0.592803726928 195.07766599 9805.32953028
36 0.577716664759 169.123346476 9831.29893686
37 0.564948245035 146.621881623 9853.81317013
38 0.554107372986 127.113973127 9873.3319195
39 0.544877390686 110.201414352 9890.25370826
40 0.536999992715 95.5389651577 9904.92403485
41 0.530262917884 82.8272861171 9917.64245096
42 0.524490492686 71.8068352119 9928.6686743
43 0.519537078126 62.2526614523 9938.22780147
44 0.51528058132 53.9696697444 9946.51504967
45 0.511618682911 46.7887416992 9953.69963962
46 0.508465109795 40.5632549383 9959.92827995
47 0.505746858153 35.1660803668 9965.32817278
48 0.503402064096 30.4870252538 9970.00957268
49 0.501378063977 26.4305393038 9974.06808263
50 0.499629949874 22.9137825475 9977.5865875
51 0.498119374952 19.8649516458 9980.63692898
52 0.496813489546 17.2217851864 9983.28140132
53 0.495684129501 14.9303051472 9985.57401072
54 0.494707120442 12.943722607 9987.56157027
55 0.493861667521 11.221467082 9989.28467125
56 0.493129876611 9.72836776044 9990.77850236
57 0.492496335544 8.43393722654 9992.07356644
58 0.491947749968 7.3117389256 9993.19631332
59 0.491472651876 6.33885621826 9994.16967113
60 0.491061141622 5.49542384726 9995.01351501
61 0.490704664368 4.76421571306 9995.74507962
62 0.490395828409 4.13029985416 9996.37930432
63 0.490128243282 3.58073194753 9996.92913981
64 0.489896380299 3.10428772091 9997.4058159
65 0.489695457258 2.69123796514 9997.81906658
66 0.489521335523 2.33314799876 9998.17733067
67 0.489370431947 2.02270429846 9998.48792527
68 0.489239644981 1.75356760311 9998.75719275
69 0.489126288636 1.52024180492 9998.99063191
70 0.489028036369 1.31796157637 9999.19301039
