"Time" "S" "I" "R"
0 10000 1 0
1 9997.04704146 3.65761702176 0.29534151344
2 9986.25840238 13.3664832361 1.37511438578
3 9946.99344572 48.6917628631 5.3147914162
4 9806.06648761 175.349497953 19.5840144325
5 9324.48612823 606.572108915 69.9417628542
6 7919.62301107 1848.1339087 233.243080226
7 5179.18911496 4163.86938729 657.941497746
8 2423.51451595 6160.10976459 1417.37571946
9 944.486669403 6696.79641783 2359.71691277
10 367.186084176 6329.31791672 3304.4959991
11 154.396328458 5675.76087056 4170.84280098
12 71.6140514888 4990.30724384 4939.07870467
13 36.5558286719 4352.90744308 5611.53672825
14 20.3570396724 3783.67133262 6196.9716277
15 12.2444592704 3283.3719607 6705.38358003
16 7.87841599416 2846.75756027 7146.36402374
17 5.376180394 2467.01783411 7528.60598549
18 3.86058803477 2137.32982368 7859.80958829
19 2.89776016543 1851.37688445 8146.72535538
20 2.26018934905 1603.49979822 8395.24001243
21 1.82278598686 1388.70372061 8610.47349341
22 1.51243384432 1202.61607823 8796.87148792
23 1.28695899864 1041.42515042 8958.28789058
24 1.11902060502 901.813615898 9098.0673635
25 0.991433303003 780.90184871 9219.10671799
26 0.892764128055 676.190364094 9323.91687178
27 0.815318053699 585.512686303 9414.67199564
28 0.753733651021 506.990548866 9493.25571748
29 0.704144831216 438.994670891 9561.30118428
30 0.663858971109 380.115934265 9620.22020676
31 0.630841121832 329.132331615 9671.23682726
32 0.60358150088 284.985757899 9715.4106606
33 0.580931605906 246.759684946 9753.65938345
34 0.562007639817 213.660370719 9786.77762164
35 0.546119519026 185.000318801 9815.45356168
36 0.532726336565 160.184376351 9840.28289731
37 0.52139561643 138.697015829 9861.78158855
38 0.511779714801 120.091811416 9880.39640887
39 0.503597111268 103.982232536 9896.51417035
40 0.496617918307 90.0335549219 9910.46982716
41 0.490653061333 77.9559359986 9922.55341094
42 0.485546179882 67.498412721 9933.0160411
43 0.481167360544 58.4436967851 9942.07513585
44 0.477407907007 50.6036256573 9949.91896644
45 0.474176488413 43.8152509533 9956.71057256
46 0.471396245437 37.9375041893 9962.59109957
47 0.46900215664 32.8482423314 9967.68275551
48 0.466939047865 28.4416855871 9972.09137537
49 0.46516004066 24.6262559605 9975.908584
50 0.46362516742 21.3226604905 9979.21371434
51 0.462300284427 18.4622336143 9982.0754661
52 0.461156196094 15.9855305976 9984.55331321
53 0.460167875959 13.841075322 9986.6987568
54 0.459313847885 11.9842943667 9988.55639179
55 0.458575670036 10.3766008155 9990.16482351
56 0.457937477744 8.98457904767 9991.55748347
57 0.457385615488 7.77929508183 9992.7633193
58 0.456908323937 6.73570065464 9993.80739102
59 0.456495463659 5.83210447829 9994.71140006
60 0.456138289568 5.04972493024 9995.49413678
61 0.455829256884 4.3723024297 9996.17186831
62 0.455561850153 3.78575620434 9996.75868195
63 0.455330442584 3.27789477238 9997.26677479
64 0.455130173801 2.8381637094 9997.70670612
65 0.454956842259 2.45742259652 9998.08762056
66 0.454806816393 2.12775772256 9998.41743546
67 0.454676956781 1.8423179513 9998.70300509
68 0.454564547797 1.59516993843 9998.95026551
69 0.454467240908 1.38117677139 9999.16435599
70 0.454383004761 1.19589116419 9999.34972583
