"Time" "S" "I" "R"
0 10000 1 0
1 9997.09456148 3.61475175544 0.290686763551
2 9986.60361189 13.0553866021 1.34100150525
3 9948.86245941 47.0088892743 5.12865131891
4 9814.87078961 167.436296568 18.692913822
5 9360.59488286 574.30593236 66.0991847823
6 8032.34418781 1749.47122575 219.184586437
7 5376.81281668 4003.4826055 620.704577818
8 2583.90254143 6063.3446289 1353.75282967
9 1022.17670878 6697.3806897 2281.44260152
10 399.132743962 6379.70328932 3222.16396672
11 167.687752408 5743.66139911 4089.65084848
12 77.5366848921 5062.19435339 4861.26896172
13 39.4161040361 4423.50494624 5538.07894972
14 21.8501555362 3850.88179319 6128.26805127
15 13.080933736 3346.36581373 6641.55325253
16 8.37727997564 2905.25458803 7087.36813199
17 5.69042419502 2520.998853 7474.3107228
18 4.06838596489 2186.9097203 7810.02189374
19 3.04102701134 1896.74356731 8101.21540568
20 2.36260164863 1644.88075877 8353.75663958
21 1.89837980759 1426.34661755 8572.75500265
22 1.56975115449 1236.7766374 8762.65361145
23 1.33149357373 1072.35944746 8927.30905897
24 1.15435216389 929.772216902 9070.07343093
25 1.01996613052 806.126409755 9193.85362411
26 0.916191004317 698.911876747 9301.17193225
27 0.834822795432 605.949150247 9394.21602696
28 0.770184289879 525.346847191 9474.88296852
29 0.718167389656 455.461462015 9544.82037059
30 0.675934988058 394.870376412 9605.4536886
31 0.641332694322 342.337919846 9658.02074746
32 0.612771008526 296.792913038 9703.59431595
33 0.589040565514 257.306301263 9743.10465817
34 0.56921255218 223.072487421 9777.35830003
35 0.552562254246 193.392787702 9807.05465004
36 0.538522322826 167.661621633 9832.79985604
37 0.526639698221 145.353773379 9855.11958692
38 0.516550562796 126.013846115 9874.46960332
39 0.507960402321 109.247030931 9891.24500867
40 0.500628912883 94.7110244844 9905.7883466
41 0.494358602102 82.1090412485 9918.39660015
42 0.488986013699 71.1837557856 9929.3272582
43 0.484375681908 61.7121456523 9938.80347867
44 0.480413967032 53.5007818138 9947.01880422
45 0.477005622026 46.3819860929 9954.14100829
46 0.474070403803 40.2104026013 9960.31552699
47 0.471540355342 34.8599914382 9965.66846821
48 0.469357890286 30.2214991205 9970.30914299
49 0.467474013814 26.2002032464 9974.33232274
50 0.465846921836 22.7139743058 9977.82017877
51 0.464440919239 19.691622939 9980.84393614
52 0.46322544028 17.0714291792 9983.46534538
53 0.462174266562 14.7998773186 9985.73794841
54 0.461264895996 12.8305802266 9987.70815488
55 0.460477977327 11.1233209607 9989.41620106
56 0.459796852645 9.64323012195 9990.89697303
57 0.459207176409 8.36008322255 9992.1807096
58 0.45869657593 7.24767397891 9993.29362945
59 0.45825437569 6.28328256189 9994.25846306
60 0.457871361486 5.44721588309 9995.09491276
61 0.457539570978 4.72239765019 9995.82006278
62 0.457252123411 4.09402441681 9996.44872346
63 0.457003070958 3.54926457213 9996.99373236
64 0.456787267638 3.07699137591 9997.46622136
65 0.456600261896 2.66755951073 9997.87584023
66 0.456438201834 2.3126080378 9998.23095376
67 0.456297752289 2.00488696092 9998.53881529
68 0.456176026197 1.73811179568 9998.80571218
69 0.456070523718 1.50683465413 9999.03709482
70 0.455979079305 1.30633159228 9999.23768933
