"Time" "S" "I" "R"
0 10000 1 0
1 9997.09374943 3.61551617825 0.290734387915
2 9986.59765414 13.0609027544 1.34144310912
3 9948.83012666 47.0385645843 5.13130875656
4 9814.71854771 167.575185553 18.7062667383
5 9359.97026015 574.871453904 66.1582859444
6 8030.37930182 1751.21675598 219.403942199
7 5373.28854702 4006.42284579 621.288607195
8 2580.95139774 6065.30931413 1354.73928813
9 1020.70792869 6697.67506772 2282.61700359
10 398.513744771 6379.14256488 3223.34369035
11 167.42315466 5742.81952615 4090.75731919
12 77.4149641104 5061.30692471 4862.27811118
13 39.3550875663 4422.65693863 5538.98797381
14 21.8169198866 3850.10122689 6129.08185323
15 13.0614063025 3345.65927855 6642.27931515
16 8.3650102293 2904.62044824 7088.01454153
17 5.68224637908 2520.43237089 7474.88538273
18 4.06264085527 2186.40514255 7810.53221659
19 3.0368046795 1896.2949871 8101.66820822
20 2.35937366241 1644.48250672 8354.15811962
21 1.89582523489 1425.99341488 8573.11075988
22 1.56766686991 1236.46365114 8762.96868199
23 1.32974878837 1072.08229223 8927.58795898
24 1.15285734061 929.526938144 9070.32020452
25 1.01865981594 805.909458544 9194.07188164
26 0.915029469334 698.720076758 9301.36489377
27 0.833774164259 605.779659629 9394.38656621
28 0.769225023576 525.197132824 9475.03364215
29 0.717279686083 455.329266571 9544.95345374
30 0.675105256421 394.753692628 9605.57120212
31 0.640550368104 342.234963053 9658.12448658
32 0.612027750638 296.702098122 9703.68587413
33 0.588329735105 257.226221138 9743.18544913
34 0.568528805898 223.001894358 9777.42957684
35 0.551901244344 193.33057525 9807.11752351
36 0.537880498799 167.606810335 9832.85530917
37 0.526014124451 145.305495471 9855.1684904
38 0.515938800259 125.971333551 9874.51272765
39 0.507360415057 109.209604488 9891.2830351
40 0.500038991837 94.6780834516 9905.82187756
41 0.493777305895 82.0800546787 9918.42616802
42 0.488412122777 71.158254659 9929.35333322
43 0.48380816025 61.6897157181 9938.82647612
44 0.479851932196 53.4810573967 9947.03909067
45 0.476448319145 46.3646442376 9954.15890744
46 0.473517187251 40.1951585408 9960.33132427
47 0.47099067104 34.8465940473 9965.68241528
48 0.468811261542 30.2097267776 9970.32146196
49 0.466930030609 26.189860742 9974.34320923
50 0.465305230593 22.704889608 9977.82980516
51 0.463901214591 19.683644373 9980.85245441
52 0.462687458577 17.0644232782 9983.47288926
53 0.461637779716 14.7937265108 9985.74463571
54 0.460729706516 12.8251809487 9987.71408934
55 0.459943914275 11.1185821575 9989.42147393
56 0.459263767827 9.63907162788 9990.9016646
57 0.458674941301 8.3564344739 9992.18489058
58 0.458165079095 7.24447297646 9993.29736194
59 0.457723520396 6.2804747523 9994.26180173
60 0.457341063748 5.44475328762 9995.09790565
61 0.457009757889 4.72023812961 9995.82275211
62 0.456722731635 4.09213091198 9996.45114636
63 0.456474045464 3.54760452071 9996.99592143
64 0.45625856062 3.07553618527 9997.46820525
65 0.456071831801 2.66628404835 9997.87764412
66 0.455910012544 2.31149023879 9998.23259975
67 0.45576977241 2.00390745511 9998.54032277
68 0.455648228435 1.73725356572 9998.80709821
69 0.455542884341 1.50608277028 9999.03837435
70 0.455451577676 1.30567295126 9999.23887547
