"Time" "S" "I" "R"
0 10000 1 0
1 9997.10012508 3.60983664088 0.290038281234
2 9986.64346442 13.0199489463 1.33658663476
3 9949.07600715 46.8184286895 5.10556416238
4 9815.86865336 166.546011894 18.585334746
5 9364.66824124 570.688560029 65.6431987296
6 8045.11283416 1738.36034662 217.52681922
7 5399.64476131 3985.08450331 616.270735382
8 2602.89233993 6052.10563546 1346.0020246
9 1031.47817019 6697.85969275 2271.66213706
10 402.946598505 6386.41886454 3211.63453696
11 169.255484375 5752.69304376 4079.05147187
12 78.2223724851 5071.8510259 4850.92660161
13 39.7393115453 4433.10028774 5528.16040071
14 22.0139019303 3860.12307662 6118.86302145
15 13.1694439856 3355.12147347 6632.70908255
16 8.42786133981 2913.46621353 7079.10592513
17 5.72071068654 2528.6452351 7466.63405422
18 4.08726088212 2193.99056694 7802.92217218
19 3.05314754907 1903.27135142 8094.67550103
20 2.37055429631 1650.87590121 8347.7535445
21 1.90366564261 1431.8345387 8567.26179566
22 1.57327862843 1241.78574897 8757.6409724
23 1.33381160037 1076.91976195 8922.74642645
24 1.1558260843 933.914358209 9065.92981571
25 1.02083154471 809.88083836 9190.0983301
26 0.916607870244 702.308372212 9297.77501992
27 0.834902626 609.016478547 9391.14861883
28 0.770005435803 528.112460031 9472.11753453
29 0.717787056827 457.951352522 9542.33086042
30 0.675394304124 397.108949287 9603.21565641
31 0.640662508014 344.347974243 9656.01136325
32 0.611994889476 298.595631216 9701.79237389
33 0.588176686819 258.921277646 9741.49054567
34 0.568275108611 224.51776959 9775.9139553
35 0.55156261652 194.684950074 9805.76348731
36 0.537469501056 168.81582295 9831.64670755
37 0.525541119872 146.383854569 9854.09060431
38 0.515412371667 126.932407881 9873.55217975
39 0.506787711818 110.065515682 9890.42769661
40 0.499426033168 95.4398050234 9905.06076894
41 0.493129203333 82.7575015765 9917.74936922
42 0.487733239039 71.7603698673 9928.75189689
43 0.483102241085 62.2245537344 9938.29234402
44 0.479122215542 53.9558623428 9946.56501544
45 0.475697630802 46.7859263072 9953.73837606
46 0.472747978472 40.5687556109 9959.95849641
47 0.470205089774 35.1777373809 9965.35205753
48 0.468011198735 30.5031022575 9970.02888654
49 0.466117143484 26.4496565883 9974.08422627
50 0.464480982304 22.9348481247 9977.60067089
51 0.463066899865 19.8871080275 9980.64982507
52 0.461844219022 17.2443713133 9983.29378447
53 0.460786627531 14.9528150223 9985.58639835
54 0.459871539708 12.96577639 9987.57435207
55 0.459079527254 11.2427889952 9989.29813148
56 0.458393866262 9.74876230938 9990.79284382
57 0.457800151853 8.45327380569 9992.08892604
58 0.457285957053 7.32993872035 9993.21277532
59 0.45684055924 6.35587943466 9994.18728001
60 0.456454701578 5.51126160053 9995.0322837
61 0.456120383235 4.77888246947 9995.76499715
62 0.455830689636 4.14382680462 9996.40034251
63 0.455579642288 3.59316296433 9996.95125739
64 0.455362067794 3.11567517913 9997.42896275
65 0.455173490336 2.70163944551 9997.84318706
66 0.455010036041 2.34262445037 9998.20236551
67 0.4548683502 2.03131785592 9998.51381379
68 0.454745528408 1.76138008741 9998.78387438
69 0.454639055137 1.52731402452 9999.01804692
70 0.454546750952 1.32435227919 9999.22110097
