"Time" "S" "I" "R"
0 10000 1 0
1 9996.8660995 3.81835771154 0.315542787869
2 9984.91467454 14.5655218465 1.51980361427
3 9939.54048023 55.3545160132 6.10500376026
4 9770.16136325 207.430460821 23.4081759279
5 9175.65738221 738.734132797 86.6084849886
6 7468.42828141 2238.71219502 293.859523571
7 4461.88475528 4726.68468641 812.430558306
8 1904.81855231 6426.85479564 1669.32665205
9 709.983793876 6628.1635199 2662.85268622
10 273.717263993 6104.8876814 3622.39505461
11 116.101838817 5399.12335365 4485.77480754
12 54.7320334309 4703.43151065 5242.83645592
13 28.4907794427 4072.40867609 5900.10054447
14 16.2027524598 3516.46473762 6468.33250992
15 9.95603352936 3032.40430905 6958.63965742
16 6.54278415212 2613.16176611 7381.29544974
17 4.55740456126 2251.0010918 7745.44150364
18 3.33755797024 1938.58090786 8059.08153417
19 2.55224000402 1669.27753874 8329.17022125
20 2.02608714369 1437.24638017 8561.72753268
21 1.6603169593 1237.38605022 8761.95363282
22 1.39898714151 1065.26939334 8934.33161952
23 1.20718705752 917.062666886 9082.73014606
24 1.06328334343 789.455742253 9210.4809744
25 0.953234450435 679.59233144 9320.45443411
26 0.867687318889 585.00969294 9415.12261974
27 0.80025228146 503.585657478 9496.61409024
28 0.74638034019 433.489908466 9566.76371119
29 0.702929784784 373.148538611 9627.1485316
30 0.667557071101 321.204696556 9679.12774637
31 0.638537469269 276.49034744 9723.87111509
32 0.614570080141 237.999672211 9762.38575771
33 0.59466071799 204.866664983 9795.5386743
34 0.578039458062 176.345721089 9824.07623945
35 0.564105124891 151.795068322 9848.64082655
36 0.552380266497 130.662090891 9869.78552884
37 0.542483141873 112.471069178 9887.98644768
38 0.534106067591 96.812508594 9903.65338534
39 0.526998951987 83.3338809313 9917.13912012
40 0.52095692388 71.7317046143 9928.74733846
41 0.515811695646 61.7448083438 9938.73937996
42 0.511423513277 53.1483069683 9947.34026952
43 0.507676192979 45.748634017 9954.74368979
44 0.504472635506 39.379179113 9961.11634825
45 0.501731287888 33.8965079094 9966.6017608
46 0.499383544333 29.1771645919 9971.32345186
47 0.497371486581 25.1148810169 9975.3877475
48 0.49564605558 21.6181742416 9978.8861797
49 0.494165645934 18.6083018432 9981.89753251
50 0.492894899699 16.017490269 9984.48961483
51 0.49180369524 13.7873916107 9986.72080469
52 0.490866351274 11.8677833937 9988.64135026
53 0.490060945978 10.2154408992 9990.29449815
54 0.489368735689 8.79315233371 9991.71747893
55 0.488773683586 7.56888614229 9992.94234017
56 0.488262060268 6.51507358305 9993.99666436
57 0.487822099563 5.60798316367 9994.90419474
58 0.487443711458 4.82718560431 9995.68537068
59 0.487118241283 4.15509786724 9996.35778389
60 0.486838260707 3.57658512772 9996.93657661
61 0.486597390396 3.07861804858 9997.43478456
62 0.486390151766 2.64998253378 9997.86362731
63 0.486211837895 2.28102621596 9998.23276195
64 0.486058402874 1.96343936288 9998.55050223
65 0.485926369263 1.69006984569 9998.82400379
66 0.485812747569 1.45476179282 9999.05942546
67 0.485714966644 1.25221554547 9999.26206949
68 0.485630815425 1.07786961073 9999.43649957
69 0.485558392342 0.927798000596 9999.58664361
70 0.485496061361 0.798620827093 9999.71588311
