"Time" "S" "I" "R"
0 10000 1 0
1 9997.06209806 3.64610530611 0.291796629088
2 9986.3621475 13.2825960379 1.35525646112
3 9947.54033417 48.2363486727 5.22331715735
4 9808.60514063 173.203786439 19.191072928
5 9334.78731621 597.852693442 68.3599903468
6 7951.299079 1822.04023662 227.660684385
7 5233.07256567 4124.82942774 643.098006593
8 2465.16695366 6145.21436343 1390.6186829
9 963.327786473 6713.94338035 2323.72883318
10 374.188447764 6364.00355397 3262.80799826
11 156.894319939 5718.14040852 4125.96527154
12 72.490303254 5035.77782421 4892.73187253
13 36.8384376552 4399.20935499 5564.95220736
14 20.4170720457 3829.53292667 6151.05000129
15 12.2207821319 3327.99876894 6660.78044892
16 7.82492290128 2889.62936406 7103.54571304
17 5.31417219557 2507.79545471 7487.89037309
18 3.79841850294 2175.80360089 7821.39798061
19 2.83848769599 1887.43345666 8110.72805565
20 2.20466077415 1637.09832489 8361.69701433
21 1.77100515832 1419.8577607 8579.37123414
22 1.46400399241 1231.37952518 8768.15647083
23 1.24146463763 1067.88119755 8931.87733781
24 1.07601858665 926.065725119 9073.85825629
25 0.950518991387 803.066827286 9196.98265372
26 0.853611946779 696.393530177 9303.75285788
27 0.777630456632 603.88268547 9396.33968407
28 0.717273357241 523.656944933 9476.62578171
29 0.66870032718 454.084785602 9546.24651407
30 0.629263668901 393.753665488 9606.61707084
31 0.596951528434 341.436504888 9658.96654358
32 0.570279152707 296.069370418 9704.36035043
33 0.54811734726 256.729325106 9743.72255755
34 0.529598892635 222.615937519 9777.85446359
35 0.514046988485 193.034866702 9807.45108631
36 0.500932275423 167.384203081 9833.11486464
37 0.489831677723 145.141793156 9855.36837517
38 0.480405527691 125.854816126 9874.66477835
39 0.472378942372 109.13062842 9891.39699264
40 0.465527618859 94.6287303181 9905.90574206
41 0.459667208008 82.0538460991 9918.48648669
42 0.454645156924 71.1499132199 9929.39544162
43 0.450335018364 61.694954733 9938.85471025
44 0.446630730125 53.4964169016 9947.05695237
45 0.443443357231 46.3873390125 9954.16921763
46 0.440698010172 40.2229672783 9960.33633471
47 0.438331245343 34.8777581182 9965.68391064
48 0.436289289426 30.2428606902 9970.32085002
49 0.434526404299 26.2238904388 9974.34158316
50 0.433003551454 22.7389921195 9977.82800433
51 0.431687392234 19.717197528 9980.85111508
52 0.430549382578 17.0969711063 9983.47247951
53 0.429565029975 14.8249433996 9985.74549157
54 0.428713311117 12.8548445505 9987.71644214
55 0.427976147119 11.1465542981 9989.42546955
56 0.427337970366 9.66527774684 9990.90738428
57 0.426785372616 8.38084908855 9992.19236554
58 0.426306789277 7.26710960426 9993.30658361
59 0.425892239093 6.30137458086 9994.27273318
60 0.425533105927 5.46397762156 9995.11048927
61 0.425221943702 4.73786329292 9995.83691476
62 0.42495231596 4.10824221926 9996.46680546
63 0.42471865824 3.56229281003 9997.01298853
64 0.424516155574 3.08889517357 9997.48658867
65 0.424340641695 2.67840746069 9997.8972519
66 0.424188511115 2.32247043835 9998.25334105
67 0.424056641452 2.01383418206 9998.56210918
68 0.423942329213 1.74621276677 9998.8298449
69 0.423843233206 1.51415624647 9999.06200052
70 0.423757324887 1.3129378736 9999.2633048
