Time S I R
0  891.871358175 1 0
1 482.43349035 386.805496142 23.6323716831 
2 2.80540564713 668.470930597 221.595021931 
3 0.0316568447041 498.747195373 394.092505957 
4 0.00112777471952 370.509872164 522.360358236 
5 7.41471709489e-05 275.227029671 617.644254357 
6 2.47887729756e-05 204.447208797 688.424124589 
7 2.33669363752e-05 151.869969632 741.001365176 
8 1.08321961534e-05 112.813839238 780.057508105 
9 5.16820978191e-06 83.8017109726 809.069642034 
10 4.17650562667e-06 62.2505367145 830.620817284 
11 3.0637315831e-06 46.2416631237 846.629691987 
12 2.22820995077e-06 34.3497671976 858.521588749 
13 1.76900869064e-06 25.5160846071 867.355271799 
14 1.49768152369e-06 18.9541451767 873.9172115 
15 1.31681338189e-06 14.0797351617 878.791621696 
16 1.19881588034e-06 10.4588682454 882.412488731 
17 1.11776637368e-06 7.76917562298 885.102181434 
18 1.06120512555e-06 5.77118771242 887.100169401 
19 1.02102262645e-06 4.28701885538 888.584338298 
20 9.92167997538e-07 3.18453242164 889.686824761 
21 9.71263261818e-07 2.36557058169 890.505786622 
22 9.56020357989e-07 1.75721990508 891.114137314 
23 9.44852672546e-07 1.30531821701 891.566039013 
24 9.36641527005e-07 0.969631281494 891.901725957 
25 9.30588157644e-07 0.720272514255 892.15108473 
26 9.26116854316e-07 0.535041070731 892.336316178 
27 9.22809476833e-07 0.397445259488 892.473911993 
28 9.20360207601e-07 0.295234821698 892.576122433 
29 9.18544969863e-07 0.219309653895 892.652047602 
30 9.17199031392e-07 0.162909982095 892.708447276 
31 9.16200292522e-07 0.12101462892 892.75034263 
32 9.15459281714e-07 0.0898934420328 892.781463817 
33 9.14909151106e-07 0.0667756887383 892.804581571 
34 9.14500787985e-07 0.0496030615754 892.821754199 
35 9.14197471502e-07 0.0368467004003 892.83451056 
36 9.13972257877e-07 0.0273708743653 892.843986386 
37 9.13804797165e-07 0.0203319457283 892.851025315 
38 9.13680537451e-07 0.0151032071682 892.856254054 
39 9.13588337426e-07 0.0112191351638 892.860138126 
40 9.13519784262e-07 0.00833392357982 892.863023338 
41 9.13468852559e-07 0.00619067151112 892.86516659 
42 9.13431108529e-07 0.00459865244326 892.866758609 
43 9.1340302788e-07 0.00341609086528 892.867941171 
44 9.13382109502e-07 0.00253759685037 892.868819665 
45 9.13366534405e-07 0.00188500664269 892.869472255 
46 9.13355052035e-07 0.00140024760929 892.869957014 
47 9.13346525522e-07 0.00104015764079 892.870317104 
48 9.13340159059e-07 0.000772669857082 892.870584592 
49 9.13335270525e-07 0.000573951091942 892.87078331 
50 9.13331746233e-07 0.000426341351972 892.87093092 
51 9.13329131436e-07 0.000316700104046 892.871040561 
52 9.13327085073e-07 0.000235247367957 892.871122014 
53 9.1332572083e-07 0.000174743118242 892.871182518 
54 9.13324697649e-07 0.000129806750079 892.871227455 
55 9.13323901841e-07 9.64317004879e-05 892.87126083 
56 9.13323333407e-07 7.15878261259e-05 892.871285674 
57 9.1332287866e-07 5.31546810936e-05 892.871304107 
58 9.13322537599e-07 3.94818851449e-05 892.87131778 
59 9.13322310225e-07 2.9356411485e-05 892.871327905 
60 9.13322196539e-07 2.1810349459e-05 892.871335451 
61 9.13322082852e-07 1.62137345303e-05 892.871341048 
62 9.13321855478e-07 1.20564728296e-05 892.871345205 
63 9.13321969165e-07 8.97721525848e-06 892.871348284 
64 9.13321855478e-07 6.69696556233e-06 892.871350565 
65 9.13321741791e-07 4.97929454846e-06 892.871352282 
66 9.13321741791e-07 3.68583337103e-06 892.871353576 
67 9.13321741791e-07 2.67727798447e-06 892.871354584 
68 9.13321741791e-07 2.00120453745e-06 892.87135526 
69 9.13321741791e-07 1.47379582166e-06 892.871355788 
70 9.13321741791e-07 1.07814472025e-06 892.871356183 
