Time S I R
0  936.177345784 1 0
1 858.095620325 64.921487557 14.1602379021 
2 165.534380194 489.928506812 281.714458778 
3 18.329694315 279.318491744 639.529159725 
4 6.4191133834 120.630315265 810.127917136 
5 4.1120207823 50.5248044625 882.54052054 
6 3.41470103994 21.0086579257 912.753986819 
7 3.16109143767 8.71464021995 925.301614127 
8 3.06154649757 3.61165987747 930.504139409 
9 3.02122333341 1.49626057802 932.659861873 
10 3.00467524808 0.619788679739 933.552881857 
11 2.99784740061 0.256716289674 933.922782094 
12 2.99502389101 0.106329190029 934.075992703 
13 2.99385520795 0.0440399594266 934.139450617 
14 2.99337129156 0.0182406134527 934.165733879 
15 2.9931708841 0.00755491708005 934.176619983 
16 2.99308788477 0.00312919094643 934.181128709 
17 2.99305350823 0.00129611390638 934.182996162 
18 2.99303926859 0.000536799954316 934.183769716 
19 2.99303337105 0.000222318659735 934.184090095 
20 2.99303092713 9.19988630254e-05 934.184222858 
21 2.99302991577 3.80686038601e-05 934.1842778 
22 2.99302949901 1.58454554467e-05 934.18430044 
23 2.9930293255 6.59315255208e-06 934.184309866 
24 2.99302925203 2.67529630418e-06 934.184313857 
25 2.99302922219 1.08434652095e-06 934.184315478 
26 2.9930292107 4.71488252482e-07 934.184316102 
27 2.99302920566 2.02808796473e-07 934.184316376 
28 2.99302920347 8.61411253864e-08 934.184316495 
29 2.99302920255 3.68287565509e-08 934.184316545 
30 2.99302920186 -3.88534979899e-11 934.184316583 
31 2.99302920141 -2.37597668108e-08 934.184316607 
32 2.99302920129 -3.01319217529e-08 934.184316613 
33 2.99302920146 -2.11475753763e-08 934.184316604 
34 2.9930292014 -2.43481114015e-08 934.184316607 
35 2.99302920142 -2.31601242772e-08 934.184316606 
36 2.99302920153 -1.75836140035e-08 934.1843166 
37 2.99302920165 -1.11127082439e-08 934.184316594 
38 2.9930292017 -8.62010363363e-09 934.184316591 
39 2.99302920174 -6.12749902339e-09 934.184316589 
40 2.99302920179 -3.63489441316e-09 934.184316586 
41 2.99302920181 -2.77773925046e-09 934.184316585 
42 2.99302920181 -2.70363344284e-09 934.184316585 
43 2.99302920181 -2.62952763522e-09 934.184316585 
44 2.99302920181 -2.55542182759e-09 934.184316585 
45 2.99302920181 -2.48131601997e-09 934.184316585 
46 2.99302920181 -2.40721021235e-09 934.184316585 
47 2.99302920181 -2.33310440473e-09 934.184316585 
48 2.99302920182 -2.2589985971e-09 934.184316585 
49 2.99302920182 -2.18489278948e-09 934.184316585 
50 2.99302920182 -2.11078698186e-09 934.184316585 
51 2.99302920182 -2.03668117423e-09 934.184316585 
52 2.99302920182 -1.96257536661e-09 934.184316585 
53 2.99302920182 -1.88846955899e-09 934.184316584 
54 2.99302920182 -1.81436375136e-09 934.184316584 
55 2.99302920183 -1.74025794374e-09 934.184316584 
56 2.99302920183 -1.66615213612e-09 934.184316584 
57 2.99302920183 -1.5920463285e-09 934.184316584 
58 2.99302920183 -1.51794052087e-09 934.184316584 
59 2.99302920183 -1.44383471325e-09 934.184316584 
60 2.99302920183 -1.36972890563e-09 934.184316584 
61 2.99302920183 -1.295623098e-09 934.184316584 
62 2.99302920183 -1.22151729038e-09 934.184316584 
63 2.99302920184 -1.14741148276e-09 934.184316584 
64 2.99302920184 -1.07330567513e-09 934.184316584 
65 2.99302920184 -9.99199867511e-10 934.184316584 
66 2.99302920184 -9.25094059888e-10 934.184316583 
67 2.99302920184 -8.50988252265e-10 934.184316583 
68 2.99302920184 -7.76882444642e-10 934.184316583 
69 2.99302920184 -7.02776637019e-10 934.184316583 
70 2.99302920185 -6.28670829396e-10 934.184316583 
