Time S I R
0  863.831187179 1 0
1 403.333080279 410.575949173 50.9221577269 
2 3.15950209354 486.515466783 375.156218303 
3 0.129344861796 275.857493844 588.844348474 
4 0.0212903022114 155.3727529 709.437143977 
5 0.00770659108173 87.4792631454 777.344217443 
6 0.00435365041483 49.2505229942 815.576310535 
7 0.00315526398902 27.7273440257 837.10068789 
8 0.00263217878808 15.6099911293 849.218563871 
9 0.00237683739351 8.78810804508 856.040702297 
10 0.00224414466277 4.94751928879 859.881423746 
11 0.00217272951807 2.78534615385 862.043668296 
12 0.002133529464 1.5680891526 863.260964497 
13 0.00211177274446 0.882799648442 863.946275758 
14 0.00209962198016 0.496996680817 864.332090877 
15 0.0020928121636 0.279798153692 864.549296213 
16 0.00208898810445 0.157520004454 864.671578187 
17 0.00208683832432 0.0886802672894 864.740420074 
18 0.00208562901992 0.0499250210424 864.779176529 
19 0.00208494851631 0.0281066655477 864.800995565 
20 0.00208456550592 0.0158234244774 864.813279189 
21 0.00208434991077 0.00890823628248 864.820194593 
22 0.00208422854462 0.00501512202355 864.824087829 
23 0.0020841602236 0.00282345621866 864.826279563 
24 0.00208412176028 0.00158956793992 864.82751349 
25 0.00208410010612 0.000894898873829 864.82820818 
26 0.00208408791354 0.00050375128708 864.82859934 
27 0.00208408104936 0.000283548955793 864.828819549 
28 0.00208407718719 0.000159645337979 864.828943457 
29 0.00208407501179 8.9851283537e-05 864.829013253 
30 0.00208407378989 5.0655787345e-05 864.82905245 
31 0.00208407310072 2.85445465098e-05 864.829074562 
32 0.00208407271236 1.60857061028e-05 864.829087021 
33 0.00208407249443 9.09507603963e-06 864.829094012 
34 0.00208407237119 5.13999888054e-06 864.829097967 
35 0.00208407229809 2.79467329084e-06 864.829100312 
36 0.00208407226046 1.59078225787e-06 864.829101516 
37 0.00208407223818 8.77311060498e-07 864.82910223 
38 0.00208407222635 4.99682839069e-07 864.829102607 
39 0.00208407221999 2.91672943346e-07 864.829102815 
40 0.00208407221612 1.69097222473e-07 864.829102938 
41 0.00208407221396 9.68000574286e-08 864.82910301 
42 0.0020840722126 5.53501139309e-08 864.829103052 
43 0.0020840722118 3.06500755486e-08 864.829103076 
44 0.00208407221101 3.00119413798e-09 864.829103104 
45 0.00208407221032 -1.64755522529e-08 864.829103124 
46 0.00208407220998 -2.7780163624e-08 864.829103135 
47 0.00208407220987 -3.09126399753e-08 864.829103138 
48 0.0020840722101 -2.58729813068e-08 864.829103133 
49 0.0020840722101 -2.37136396078e-08 864.829103131 
50 0.0020840722101 -2.55910156612e-08 864.829103133 
51 0.00208407220998 -2.53535571262e-08 864.829103132 
52 0.0020840722101 -2.30012640029e-08 864.82910313 
53 0.00208407221032 -1.85341362911e-08 864.829103126 
54 0.00208407221044 -1.30970520111e-08 864.82910312 
55 0.00208407221044 -1.12525224211e-08 864.829103118 
56 0.00208407221055 -9.40799283101e-09 864.829103117 
57 0.00208407221066 -7.56346324095e-09 864.829103115 
58 0.00208407221066 -5.71893365088e-09 864.829103113 
59 0.00208407221078 -3.87440406082e-09 864.829103111 
60 0.00208407221078 -3.1742404291e-09 864.82910311 
61 0.00208407221066 -3.11745702572e-09 864.82910311 
62 0.00208407221078 -3.06067362234e-09 864.82910311 
63 0.00208407221066 -3.00389021896e-09 864.82910311 
64 0.00208407221078 -2.94710681558e-09 864.82910311 
65 0.00208407221078 -2.89032341219e-09 864.82910311 
66 0.00208407221078 -2.83354000881e-09 864.82910311 
67 0.00208407221078 -2.77675660543e-09 864.82910311 
68 0.00208407221078 -2.71997320205e-09 864.82910311 
69 0.00208407221078 -2.66318979867e-09 864.82910311 
70 0.00208407221078 -2.60640639529e-09 864.82910311 
