Time S I R
0  852.608961193 1 0
1 676.350195254 150.885537771 26.3732281684 
2 35.4596262851 456.024140609 362.125194299 
3 3.37201719972 220.167748915 630.069195079 
4 1.14043755094 98.9347386658 753.533784976 
5 0.70212073745 44.1273201224 808.779520333 
6 0.565634197427 19.646388494 833.396938502 
7 0.513748800918 8.74156880914 844.353643583 
8 0.492222208546 3.88856777801 849.228171206 
9 0.482938956814 1.72959536287 851.396426873 
10 0.478866417734 0.769272812956 852.360821962 
11 0.477066135259 0.342142023636 852.789753034 
12 0.476267620445 0.152169801658 852.980523771 
13 0.475912906009 0.0676781728591 853.065370114 
14 0.475755230454 0.0301001381617 853.103105824 
15 0.475685120428 0.0133871438397 853.119888929 
16 0.475653942061 0.00595397562406 853.127353275 
17 0.475640076219 0.00264809261822 853.130673024 
18 0.475633909402 0.00117777380844 853.13214951 
19 0.475631166582 0.000523812722556 853.132806214 
20 0.475629946477 0.000232906104327 853.13309834 
21 0.475629404079 0.000103583167949 853.133228206 
22 0.475629163091 4.61248132086e-05 853.133285905 
23 0.475629055642 2.05060288527e-05 853.133311631 
24 0.4756290081 9.17060063396e-06 853.133323014 
25 0.475628986801 4.09251310725e-06 853.133328114 
26 0.475628977129 1.78632622594e-06 853.133330429 
27 0.47562897289 7.75595281181e-07 853.133331444 
28 0.475628971122 3.5406415114e-07 853.133331868 
29 0.475628970328 1.64818971002e-07 853.133332058 
30 0.475628969952 7.52369624046e-08 853.133332148 
31 0.47562896978 3.42318346968e-08 853.133332189 
32 0.47562896964 8.32507210862e-10 853.133332222 
33 0.475628969545 -2.18145217062e-08 853.133332245 
34 0.47562896951 -3.01492564783e-08 853.133332254 
35 0.475628969535 -2.41716971055e-08 853.133332248 
36 0.475628969539 -2.33377625044e-08 853.133332247 
37 0.475628969536 -2.39048536999e-08 853.133332247 
38 0.475628969549 -2.08842386438e-08 853.133332244 
39 0.475628969577 -1.42759173362e-08 853.133332238 
40 0.475628969594 -1.01311614395e-08 853.133332233 
41 0.475628969604 -7.91647311356e-09 853.133332231 
42 0.475628969613 -5.70178478767e-09 853.133332229 
43 0.475628969622 -3.48709646177e-09 853.133332227 
44 0.475628969625 -2.69016391863e-09 853.133332226 
45 0.475628969626 -2.62463495215e-09 853.133332226 
46 0.475628969626 -2.55910598567e-09 853.133332226 
47 0.475628969626 -2.4935770192e-09 853.133332226 
48 0.475628969627 -2.42804805272e-09 853.133332226 
49 0.475628969627 -2.36251908624e-09 853.133332226 
50 0.475628969627 -2.29699011977e-09 853.133332226 
51 0.475628969627 -2.23146115329e-09 853.133332225 
52 0.475628969628 -2.16593218682e-09 853.133332225 
53 0.475628969628 -2.10040322034e-09 853.133332225 
54 0.475628969628 -2.03487425386e-09 853.133332225 
55 0.475628969628 -1.96934528739e-09 853.133332225 
56 0.475628969629 -1.90381632091e-09 853.133332225 
57 0.475628969629 -1.83828735443e-09 853.133332225 
58 0.475628969629 -1.77275838796e-09 853.133332225 
59 0.47562896963 -1.70722942148e-09 853.133332225 
60 0.47562896963 -1.64170045501e-09 853.133332225 
61 0.47562896963 -1.57617148853e-09 853.133332225 
62 0.47562896963 -1.51064252205e-09 853.133332225 
63 0.475628969631 -1.44511355558e-09 853.133332225 
64 0.475628969631 -1.3795845891e-09 853.133332225 
65 0.475628969631 -1.31405562263e-09 853.133332225 
66 0.475628969631 -1.24852665615e-09 853.133332225 
67 0.475628969632 -1.18299768967e-09 853.133332224 
68 0.475628969632 -1.1174687232e-09 853.133332224 
69 0.475628969632 -1.05193975672e-09 853.133332224 
70 0.475628969633 -9.86410790244e-10 853.133332224 
