Time S I R
0  910.437154211 1 0
1 659.311704058 230.302898681 21.8225514719 
2 13.8850673621 614.693740974 282.858345875 
3 0.448156141455 395.952221203 515.036776867 
4 0.0508833157299 249.258120191 662.128150705 
5 0.0129467411144 156.758565217 754.665642253 
6 0.00547188095391 98.5731898669 812.858492463 
7 0.00318731348523 61.9833134966 849.450653401 
8 0.00226805543241 38.9749968047 872.459889351 
9 0.00183110350031 24.5072880026 886.928035105 
10 0.00160059018117 15.4100330786 896.025520542 
11 0.00147074551785 9.68971795984 901.745965506 
12 0.00139454953217 6.09282119806 905.342938464 
13 0.00134867415261 3.83111822368 907.604687313 
14 0.00132060445605 2.40897638693 909.02685722 
15 0.00130325452619 1.51474478983 909.921106167 
16 0.00129246198992 0.952459138835 910.48340261 
17 0.00128572156109 0.598898494169 910.836969995 
18 0.00128150125306 0.37658245909 911.059290251 
19 0.00127885465668 0.236791962715 911.199083394 
20 0.00127719329487 0.148892690971 911.286984327 
21 0.0012761497527 0.0936224848392 911.342255577 
22 0.00127549401896 0.0588690397906 911.377009677 
23 0.00127508187165 0.0370163593407 911.39886277 
24 0.00127482278504 0.0232755825794 911.412603806 
25 0.00127465990045 0.0146354919014 911.421244059 
26 0.00127455749066 0.00920267328705 911.42667698 
27 0.00127449310071 0.0057865634257 911.430093155 
28 0.00127445261421 0.00363853562787 911.432241223 
29 0.00127442715916 0.00228797379669 911.43359181 
30 0.00127441115137 0.0014386463267 911.434441154 
31 0.00127440108633 0.000904618595731 911.434975191 
32 0.00127439475739 0.000568806325742 911.43531101 
33 0.00127439077619 0.000357566184405 911.435522254 
34 0.00127438827485 0.000224842068848 911.435654981 
35 0.00127438670199 0.000141385840728 911.435738439 
36 0.00127438571235 8.88771801829e-05 911.435790948 
37 0.00127438509162 5.59430013094e-05 911.435823883 
38 0.00127438470099 3.5217175744e-05 911.435844609 
39 0.00127438445429 2.21299208076e-05 911.435857697 
40 0.00127438430013 1.3948210303e-05 911.435865879 
41 0.00127438420316 8.80442380106e-06 911.435871022 
42 0.00127438414199 5.55961799718e-06 911.435874267 
43 0.00127438410277 3.47402252307e-06 911.435876353 
44 0.00127438407787 2.15099520944e-06 911.435877676 
45 0.00127438406264 1.33936416397e-06 911.435878488 
46 0.00127438405309 8.31103859317e-07 911.435878996 
47 0.00127438404729 5.25960900257e-07 911.435879301 
48 0.00127438404365 3.40211904988e-07 911.435879487 
49 0.00127438404149 2.2024394202e-07 911.435879607 
50 0.0012743840399 1.41193773162e-07 911.435879686 
51 0.00127438403899 8.99217685221e-08 911.435879737 
52 0.00127438403842 5.71722049834e-08 911.43587977 
53 0.00127438403797 3.64909812158e-08 911.435879791 
54 0.00127438403763 1.44710926885e-08 911.435879813 
55 0.00127438403729 -4.81073858723e-09 911.435879832 
56 0.00127438403695 -1.87964345062e-08 911.435879846 
57 0.00127438403683 -2.74859950684e-08 911.435879855 
58 0.00127438403672 -3.08794202738e-08 911.435879858 
59 0.00127438403683 -2.89767101225e-08 911.435879856 
60 0.00127438403695 -2.17778646144e-08 911.435879849 
61 0.00127438403695 -2.41527126635e-08 911.435879851 
62 0.00127438403695 -2.55046206011e-08 911.435879853 
63 0.00127438403695 -2.54881033705e-08 911.435879853 
64 0.00127438403695 -2.41031609716e-08 911.435879851 
65 0.00127438403706 -2.13497934046e-08 911.435879848 
66 0.00127438403706 -1.72280006693e-08 911.435879844 
67 0.00127438403717 -1.29770178992e-08 911.43587984 
68 0.00127438403717 -1.14990975198e-08 911.435879839 
69 0.00127438403717 -1.00211771403e-08 911.435879837 
70 0.00127438403729 -8.5432567609e-09 911.435879836 
