Time S I R
0  872.023088811 1 0
1 864.466977032 5.84723557579 2.70887620299 
2 822.896829114 32.0775294333 18.0487302639 
3 652.730334645 130.134382823 90.1583713437 
4 353.33666212 238.491067343 281.195359348 
5 172.212970555 195.912321635 504.897796621 
6 106.302394269 111.654318674 655.066375868 
7 82.2485249953 55.8555105458 734.91905327 
8 72.577335567 26.5897723601 773.855980884 
9 68.4238699551 12.4001317312 792.199087125 
10 66.577283439 5.73104972952 800.714755642 
11 65.7424296793 2.63810317833 804.642555953 
12 65.3620071227 1.21214596941 806.448935719 
13 65.1880239246 0.556487730841 807.278577156 
14 65.1083199361 0.255382007304 807.659386868 
15 65.0717781628 0.117178626076 807.834132022 
16 65.0550190051 0.053761555623 807.91430825 
17 65.0473314904 0.0246648936278 807.951092427 
18 65.0438049231 0.0113156475162 807.96796824 
19 65.042187081 0.00519126393574 807.975710466 
20 65.0414449087 0.00238168652653 807.979262216 
21 65.0411044043 0.00109265494051 807.980891752 
22 65.0409481881 0.000501271653029 807.981639351 
23 65.0408765196 0.00022995767153 807.981982334 
24 65.0408436432 0.000105497953194 807.98213967 
25 65.040828548 4.83521971029e-05 807.982211911 
26 65.0408216423 2.22092556409e-05 807.982244959 
27 65.0408184717 1.020644548e-05 807.982260133 
28 65.0408170229 4.72170334898e-06 807.982267066 
29 65.0408163349 2.11736581085e-06 807.982270359 
30 65.0408160269 9.51106490303e-07 807.982271833 
31 65.0408158924 4.42062214755e-07 807.982272477 
32 65.0408158318 2.12855756929e-07 807.982272766 
33 65.0408158021 1.00279843175e-07 807.982272909 
34 65.0408157881 4.71114566636e-08 807.982272976 
35 65.0408157796 1.50583582083e-08 807.982273016 
36 65.0408157722 -1.31022789447e-08 807.982273052 
37 65.0408157683 -2.78258275561e-08 807.982273071 
38 65.0408157679 -2.91122876257e-08 807.982273072 
39 65.0408157699 -2.15774978279e-08 807.982273063 
40 65.0408157692 -2.41523419178e-08 807.982273066 
41 65.0408157694 -2.33428522794e-08 807.982273065 
42 65.0408157706 -1.91490289128e-08 807.98227306 
43 65.0408157725 -1.18326728248e-08 807.98227305 
44 65.0408157731 -9.65925872182e-09 807.982273048 
45 65.0408157736 -7.48584461885e-09 807.982273045 
46 65.0408157742 -5.31243051588e-09 807.982273042 
47 65.0408157748 -3.13901641291e-09 807.982273039 
48 65.0408157749 -2.73500235373e-09 807.982273039 
49 65.0408157749 -2.67033573531e-09 807.982273039 
50 65.0408157749 -2.60566911689e-09 807.982273039 
51 65.0408157749 -2.54100249847e-09 807.982273039 
52 65.040815775 -2.47633588005e-09 807.982273038 
53 65.040815775 -2.41166926163e-09 807.982273038 
54 65.040815775 -2.34700264321e-09 807.982273038 
55 65.040815775 -2.28233602478e-09 807.982273038 
56 65.040815775 -2.21766940636e-09 807.982273038 
57 65.040815775 -2.15300278794e-09 807.982273038 
58 65.0408157751 -2.08833616952e-09 807.982273038 
59 65.0408157751 -2.0236695511e-09 807.982273038 
60 65.0408157751 -1.95900293268e-09 807.982273038 
61 65.0408157751 -1.89433631426e-09 807.982273038 
62 65.0408157751 -1.82966969584e-09 807.982273038 
63 65.0408157751 -1.76500307742e-09 807.982273038 
64 65.0408157752 -1.70033645899e-09 807.982273038 
65 65.0408157752 -1.63566984057e-09 807.982273037 
66 65.0408157752 -1.57100322215e-09 807.982273037 
67 65.0408157752 -1.50633660373e-09 807.982273037 
68 65.0408157752 -1.44166998531e-09 807.982273037 
69 65.0408157753 -1.37700336689e-09 807.982273037 
70 65.0408157753 -1.31233674847e-09 807.982273037 
