Time S I R
0  891.360556521 1 0
1 883.546489817 6.14144003927 2.67262666389 
2 838.528854802 35.2859061439 18.5457955745 
3 650.300512589 146.352269296 95.707774636 
4 333.455479868 260.460536262 298.444540391 
5 156.417560445 207.731398026 528.21159805 
6 94.9353589366 117.649707269 679.775490315 
7 72.7970824408 59.1941737504 760.369300329 
8 63.8882177223 28.4798154281 799.99252337 
9 60.0345496138 13.4493884771 818.87661843 
10 58.3034379831 6.29943679914 827.757681738 
11 57.5113389686 2.9395720526 831.909645499 
12 57.1457185559 1.36937796735 833.845459997 
13 56.9762590209 0.637410352871 834.746887147 
14 56.8975658754 0.296589185938 835.166401459 
15 56.8609898411 0.13798029941 835.36158638 
16 56.843982507 0.0641866414429 835.452387372 
17 56.836072796 0.0298576872004 835.494626037 
18 56.8323938447 0.0138886583895 835.514274017 
19 56.8306826174 0.00646039155948 835.523413512 
20 56.8298866735 0.00300518463864 835.527664662 
21 56.8295164211 0.00139789158031 835.529642208 
22 56.8293441923 0.000650229520513 835.530562099 
23 56.8292640786 0.000302447231999 835.530989995 
24 56.8292268177 0.000140693081929 835.53118901 
25 56.8292094672 6.53727356394e-05 835.531281681 
26 56.8292014117 3.04029023911e-05 835.531324706 
27 56.8291976777 1.41929200168e-05 835.53134465 
28 56.8291959405 6.6517843126e-06 835.531353928 
29 56.8291951059 3.02831049556e-06 835.531358386 
30 56.8291947255 1.37723292736e-06 835.531360418 
31 56.8291945579 6.49517754896e-07 835.531361313 
32 56.8291944813 3.16880240386e-07 835.531361722 
33 56.8291944431 1.51354543692e-07 835.531361926 
34 56.8291944249 7.20173782071e-08 835.531362024 
35 56.8291944162 3.44738601044e-08 835.53136207 
36 56.82919441 7.3094077017e-09 835.531362103 
37 56.8291944048 -1.52184088619e-08 835.531362131 
38 56.829194402 -2.70396416226e-08 835.531362146 
39 56.8291944018 -2.81542905805e-08 835.531362147 
40 56.8291944039 -1.91868458627e-08 835.531362136 
41 56.8291944033 -2.17163786402e-08 835.531362139 
42 56.8291944033 -2.16717617086e-08 835.531362139 
43 56.8291944039 -1.90529950679e-08 835.531362136 
44 56.8291944051 -1.3860078718e-08 835.531362129 
45 56.8291944062 -8.9559537244e-09 835.531362123 
46 56.8291944066 -7.28725918127e-09 835.531362121 
47 56.829194407 -5.61856463814e-09 835.531362119 
48 56.8291944074 -3.94987009501e-09 835.531362117 
49 56.8291944077 -2.28117555188e-09 835.531362115 
50 56.8291944078 -2.13641745104e-09 835.531362115 
51 56.8291944078 -2.08980864887e-09 835.531362115 
52 56.8291944078 -2.0431998467e-09 835.531362115 
53 56.8291944078 -1.99659104453e-09 835.531362115 
54 56.8291944078 -1.94998224235e-09 835.531362115 
55 56.8291944078 -1.90337344018e-09 835.531362115 
56 56.8291944078 -1.85676463801e-09 835.531362115 
57 56.8291944079 -1.81015583583e-09 835.531362114 
58 56.8291944079 -1.76354703366e-09 835.531362114 
59 56.8291944079 -1.71693823149e-09 835.531362114 
60 56.8291944079 -1.67032942932e-09 835.531362114 
61 56.8291944079 -1.62372062714e-09 835.531362114 
62 56.8291944079 -1.57711182497e-09 835.531362114 
63 56.8291944079 -1.5305030228e-09 835.531362114 
64 56.8291944079 -1.48389422062e-09 835.531362114 
65 56.8291944079 -1.43728541845e-09 835.531362114 
66 56.829194408 -1.39067661628e-09 835.531362114 
67 56.829194408 -1.34406781411e-09 835.531362114 
68 56.829194408 -1.29745901193e-09 835.531362114 
69 56.829194408 -1.25085020976e-09 835.531362114 
70 56.829194408 -1.20424140759e-09 835.531362114 
