Time S I R
0  816.414183378 1 0
1 779.117768705 34.5115110777 3.78490359527 
2 306.910426078 431.311084226 79.1926730736 
3 23.9960024271 507.926211252 285.491969699 
4 2.91451589104 358.358959475 456.140708012 
5 0.683461708019 243.188867236 573.541854434 
6 0.256235048994 164.190662435 652.967285894 
7 0.132177804609 110.725603727 706.556401847 
8 0.0845957527501 74.6417409568 742.687846669 
9 0.0626158116416 50.3090468081 767.042520758 
10 0.0511225535473 33.9059750331 783.457085792 
11 0.0445927166769 22.8501200719 794.51947059 
12 0.0406692403152 15.3989095655 801.974604572 
13 0.038221487289 10.3772847196 806.998677171 
14 0.0366557326511 6.99316663386 810.384361012 
15 0.0356369297334 4.71260899356 812.665937455 
16 0.0349663921635 3.17575481227 814.203462174 
17 0.0345216577381 2.14008725124 815.239574469 
18 0.0342251542864 1.4421656224 815.937792602 
19 0.0340267841657 0.971847892725 816.408308701 
20 0.0338937554161 0.654909246605 816.725380376 
21 0.0338044034779 0.441330228278 816.939048746 
22 0.0337443239398 0.297403515536 817.083035539 
23 0.0337038977708 0.200414106815 817.180065374 
24 0.0336766827056 0.135054889889 817.245451806 
25 0.0336583554456 0.0910106697938 817.289514353 
26 0.0336460107372 0.0613302311328 817.319207136 
27 0.0336376944283 0.0413291481801 817.339216536 
28 0.0336320914125 0.0278508606827 817.352700426 
29 0.0336283161794 0.0187681133 817.361786949 
30 0.0336257723682 0.0126474400077 817.367910166 
31 0.0336240582558 0.00852284723984 817.372036473 
32 0.0336229031884 0.0057433409316 817.374817134 
33 0.0336221248677 0.00387036823717 817.376690885 
34 0.0336216003853 0.00260821508386 817.377953563 
35 0.0336212469296 0.0017576211642 817.37880451 
36 0.0336210087497 0.00118443509894 817.379377934 
37 0.0336208482503 0.00079818662943 817.379764343 
38 0.0336207400785 0.00053786566965 817.380024772 
39 0.0336206671856 0.000362444876454 817.380200266 
40 0.0336206180682 0.000244240410477 817.38031852 
41 0.0336205849675 0.000164581657249 817.380398212 
42 0.0336205626669 0.000110913349467 817.380451902 
43 0.0336205476307 7.47278373403e-05 817.380488103 
44 0.0336205374876 5.0317806758e-05 817.380512523 
45 0.0336205306704 3.39114068568e-05 817.380528936 
46 0.0336205260862 2.2879516058e-05 817.380539973 
47 0.0336205229886 1.54247821978e-05 817.38054743 
48 0.0336205209046 1.04093414762e-05 817.380552448 
49 0.0336205195052 7.04158609145e-06 817.380555817 
50 0.0336205185587 4.76362486435e-06 817.380558096 
51 0.0336205179067 3.19464948322e-06 817.380559666 
52 0.0336205174594 2.11834973066e-06 817.380560742 
53 0.0336205171691 1.41986409215e-06 817.380561441 
54 0.0336205169693 9.38852750683e-07 817.380561922 
55 0.0336205168423 6.33260353644e-07 817.380562228 
56 0.0336205167599 4.34954303796e-07 817.380562427 
57 0.0336205167039 2.99903960732e-07 817.380562562 
58 0.0336205166653 2.06976177305e-07 817.380562655 
59 0.0336205166383 1.41867404593e-07 817.38056272 
60 0.0336205166194 9.64915250208e-08 817.380562765 
61 0.0336205166066 6.56426376798e-08 817.380562796 
62 0.0336205165979 4.48842114284e-08 817.380562817 
63 0.0336205165918 3.00075376905e-08 817.380562832 
64 0.0336205165838 1.0828983887e-08 817.380562851 
65 0.0336205165773 -4.70832304791e-09 817.380562866 
66 0.0336205165725 -1.66043831141e-08 817.380562878 
67 0.033620516569 -2.48591963117e-08 817.380562887 
68 0.033620516567 -2.94727626406e-08 817.380562891 
69 0.0336205165667 -3.04450821008e-08 817.380562892 
70 0.0336205165678 -2.77761546923e-08 817.380562889 
