Time S I R
0  846.209731326 1 0
1 681.669575868 143.574968308 21.9651871492 
2 35.9449742615 490.375866953 320.888890111 
3 2.70873490584 260.959889053 583.541107367 
4 0.728508454248 129.522101789 716.959121082 
5 0.38053695179 63.8896793211 782.939515053 
6 0.276295186961 31.4717990923 815.461637046 
7 0.235994095218 15.4956872846 831.478049946 
8 0.218369357329 7.62814017412 839.363221794 
9 0.210182914547 3.75480343257 843.244744978 
10 0.206266892086 1.84815892272 845.155305511 
11 0.204366278027 0.909668420484 846.095696627 
12 0.203437232472 0.447735730309 846.558558363 
13 0.202981512926 0.220373003063 846.78637681 
14 0.202757585435 0.108466071321 846.898507669 
15 0.20264746075 0.0533862094525 846.953697655 
16 0.202593280171 0.0262762852851 846.98086176 
17 0.202566618229 0.0129329836428 846.994231724 
18 0.202553496668 0.00636548841788 847.00081234 
19 0.202547038905 0.00313314561558 847.004051141 
20 0.202543860324 0.00154211288415 847.005645352 
21 0.202542295896 0.000759032790613 847.006429997 
22 0.202541525833 0.00037357228404 847.006816227 
23 0.20254114683 0.000183859175085 847.00700632 
24 0.202540960305 9.04928105937e-05 847.007099872 
25 0.202540868401 4.44894481168e-05 847.007145968 
26 0.202540823331 2.19290986273e-05 847.007168573 
27 0.202540801141 1.08217163782e-05 847.007179703 
28 0.202540790237 5.36347708804e-06 847.007185172 
29 0.202540784676 2.57978687912e-06 847.007187961 
30 0.202540782018 1.24946910597e-06 847.007189294 
31 0.202540780748 6.13560168052e-07 847.007189931 
32 0.202540780153 3.16061568678e-07 847.007190229 
33 0.202540779843 1.61004422923e-07 847.007190385 
34 0.202540779683 8.06516384145e-08 847.007190465 
35 0.202540779603 4.05664625113e-08 847.007190505 
36 0.202540779533 5.80129840473e-09 847.00719054 
37 0.202540779484 -1.90057100096e-08 847.007190565 
38 0.202540779461 -3.04410430945e-08 847.007190576 
39 0.202540779465 -2.85047008501e-08 847.007190575 
40 0.202540779473 -2.43933621494e-08 847.00719057 
41 0.202540779469 -2.66366767673e-08 847.007190573 
42 0.202540779471 -2.53537675713e-08 847.007190571 
43 0.202540779481 -2.05446345614e-08 847.007190567 
44 0.202540779494 -1.39739470739e-08 847.00719056 
45 0.202540779499 -1.14826286831e-08 847.007190557 
46 0.202540779504 -8.99131029226e-09 847.007190555 
47 0.202540779509 -6.49999190143e-09 847.007190552 
48 0.202540779514 -4.00867351059e-09 847.00719055 
49 0.202540779515 -3.45148941572e-09 847.007190549 
50 0.202540779515 -3.37298578412e-09 847.007190549 
51 0.202540779515 -3.29448215252e-09 847.007190549 
52 0.202540779515 -3.21597852093e-09 847.007190549 
53 0.202540779516 -3.13747488933e-09 847.007190549 
54 0.202540779516 -3.05897125773e-09 847.007190549 
55 0.202540779516 -2.98046762614e-09 847.007190549 
56 0.202540779516 -2.90196399454e-09 847.007190549 
57 0.202540779516 -2.82346036295e-09 847.007190549 
58 0.202540779516 -2.74495673135e-09 847.007190549 
59 0.202540779516 -2.66645309975e-09 847.007190549 
60 0.202540779517 -2.58794946816e-09 847.007190549 
61 0.202540779517 -2.50944583656e-09 847.007190548 
62 0.202540779517 -2.43094220496e-09 847.007190548 
63 0.202540779517 -2.35243857337e-09 847.007190548 
64 0.202540779517 -2.27393494177e-09 847.007190548 
65 0.202540779517 -2.19543131018e-09 847.007190548 
66 0.202540779518 -2.11692767858e-09 847.007190548 
67 0.202540779518 -2.03842404698e-09 847.007190548 
68 0.202540779518 -1.95992041539e-09 847.007190548 
69 0.202540779518 -1.88141678379e-09 847.007190548 
70 0.202540779518 -1.80291315219e-09 847.007190548 
