Time S I R
0  829.652575962 1 0
1 796.569243928 27.8555456061 6.22778642865 
2 390.230298213 324.986429305 115.435848444 
3 55.1378705384 360.588500808 414.926204616 
4 14.1642665552 193.554359939 622.933949468 
5 7.09521847433 94.8221049134 728.735252574 
6 5.07492130209 45.5568001433 780.020854517 
7 4.3225180463 21.750072615 804.579985301 
8 4.00411169322 10.3581939354 816.290270334 
9 3.86090436889 4.92758942857 821.864082165 
10 3.79460383155 2.34298175071 824.51499038 
11 3.76348335751 1.11378852864 825.775304076 
12 3.74878001902 0.529406428917 826.374389514 
13 3.74181156623 0.251624759744 826.659139636 
14 3.73850407328 0.119593315056 826.794478574 
15 3.73693310722 0.0568401402384 826.858802715 
16 3.73618669458 0.0270147617643 826.889374506 
17 3.7358319952 0.01283943652 826.903904531 
18 3.73566342654 0.00610221821747 826.910810317 
19 3.73558331607 0.0029003168424 826.914092329 
20 3.73554524028 0.00137845714792 826.915652265 
21 3.73552714371 0.000655145915359 826.916393673 
22 3.73551854258 0.000311361544602 826.916746058 
23 3.73551445487 0.000147976855975 826.916913531 
24 3.73551251067 7.02672936092e-05 826.916993184 
25 3.73551158882 3.34213743437e-05 826.917030952 
26 3.73551115058 1.59047911437e-05 826.917048907 
27 3.73551094313 7.61327561674e-06 826.917057406 
28 3.73551084273 3.59999892455e-06 826.91706152 
29 3.73551079455 1.67436363178e-06 826.917063493 
30 3.73551077225 7.83151289695e-07 826.917064407 
31 3.73551076234 3.86889955116e-07 826.917064813 
32 3.73551075745 1.91553305094e-07 826.917065013 
33 3.73551075498 9.28805630691e-08 826.917065114 
34 3.73551075379 4.51183360003e-08 826.917065163 
35 3.73551075281 6.24147256307e-09 826.917065203 
36 3.73551075214 -2.06743817366e-08 826.917065231 
37 3.73551075187 -3.15003368028e-08 826.917065242 
38 3.735510752 -2.62363926356e-08 826.917065236 
39 3.73551075199 -2.66365303337e-08 826.917065237 
40 3.73551075196 -2.77534691557e-08 826.917065238 
41 3.73551075204 -2.45336107981e-08 826.917065235 
42 3.73551075223 -1.69769552608e-08 826.917065227 
43 3.73551075232 -1.34117997995e-08 826.917065223 
44 3.73551075239 -1.04979588469e-08 826.91706522 
45 3.73551075247 -7.5841178942e-09 826.917065217 
46 3.73551075254 -4.67027694154e-09 826.917065214 
47 3.73551075256 -3.84718157481e-09 826.917065214 
48 3.73551075256 -3.75279583293e-09 826.917065213 
49 3.73551075257 -3.65841009105e-09 826.917065213 
50 3.73551075257 -3.56402434918e-09 826.917065213 
51 3.73551075257 -3.4696386073e-09 826.917065213 
52 3.73551075257 -3.37525286542e-09 826.917065213 
53 3.73551075258 -3.28086712354e-09 826.917065213 
54 3.73551075258 -3.18648138166e-09 826.917065213 
55 3.73551075258 -3.09209563978e-09 826.917065213 
56 3.73551075258 -2.99770989791e-09 826.917065213 
57 3.73551075258 -2.90332415603e-09 826.917065213 
58 3.73551075259 -2.80893841415e-09 826.917065212 
59 3.73551075259 -2.71455267227e-09 826.917065212 
60 3.73551075259 -2.62016693039e-09 826.917065212 
61 3.73551075259 -2.52578118851e-09 826.917065212 
62 3.7355107526 -2.43139544663e-09 826.917065212 
63 3.7355107526 -2.33700970476e-09 826.917065212 
64 3.7355107526 -2.24262396288e-09 826.917065212 
65 3.7355107526 -2.148238221e-09 826.917065212 
66 3.73551075261 -2.05385247912e-09 826.917065212 
67 3.73551075261 -1.95946673724e-09 826.917065212 
68 3.73551075261 -1.86508099536e-09 826.917065211 
69 3.73551075261 -1.77069525349e-09 826.917065211 
70 3.73551075262 -1.67630951161e-09 826.917065211 
