Time S I R
0  818.638886092 1 0
1 389.075025309 378.170969914 52.3928908692 
2 3.70060612364 435.658662422 380.279617547 
3 0.197813607167 232.849798719 586.591273766 
4 0.0417175068045 123.387818838 696.209349747 
5 0.0182943552869 65.3449780039 754.275613733 
6 0.0118218146177 34.6020962723 785.024968005 
7 0.00938158118083 18.322155695 801.307348816 
8 0.00830067111406 9.70162100226 809.928964419 
9 0.0077796926646 5.13698974551 814.494116654 
10 0.00751721984011 2.72001753514 816.911351337 
11 0.00738184824377 1.44023701388 818.19126723 
12 0.00731115992642 0.762598384457 818.868976548 
13 0.00727400540814 0.403791896538 819.22782019 
14 0.00725440882195 0.213805663389 819.41782602 
15 0.00724405391259 0.113208842179 819.518433196 
16 0.00723857703952 0.059943439509 819.571704076 
17 0.00723567874604 0.0317397267231 819.599910687 
18 0.00723414458446 0.0168060028312 819.614845945 
19 0.00723333238716 0.00889868785443 819.622754072 
20 0.00723290236965 0.00471180382586 819.626941386 
21 0.00723267469129 0.00249490232094 819.629158515 
22 0.00723255414141 0.00132108054641 819.630332458 
23 0.00723249030693 0.000699502057017 819.6309541 
24 0.00723245650295 0.000370338738432 819.631283297 
25 0.00723243860284 0.000196037547214 819.631457616 
26 0.00723242913273 0.000103822871154 819.63154984 
27 0.0072324241255 5.5065384319e-05 819.631598603 
28 0.00723242146762 2.91829545995e-05 819.631624488 
29 0.00723242005176 1.53959926451e-05 819.631638276 
30 0.00723241929381 8.01644111692e-06 819.631645656 
31 0.00723241891183 4.29840867665e-06 819.631649375 
32 0.00723241871322 2.36305525869e-06 819.63165131 
33 0.00723241860271 1.28773906857e-06 819.631652386 
34 0.00723241854178 6.93816192231e-07 819.63165298 
35 0.00723241850892 3.74439071729e-07 819.631653299 
36 0.00723241849141 2.03034385193e-07 819.631653471 
37 0.00723241848175 1.10096804803e-07 819.631653564 
38 0.00723241847663 5.96140990138e-08 819.631653614 
39 0.0072324184739 3.23010846382e-08 819.631653641 
40 0.00723241847072 1.89940960596e-09 819.631653672 
41 0.00723241846856 -1.8954762075e-08 819.631653693 
42 0.00723241846742 -3.01931122799e-08 819.631653704 
43 0.0072324184672 -3.18156410087e-08 819.631653706 
44 0.00723241846811 -2.38223482614e-08 819.631653698 
45 0.00723241846799 -2.49810367003e-08 819.631653699 
46 0.00723241846788 -2.60345320053e-08 819.6316537 
47 0.00723241846811 -2.46618107954e-08 819.631653698 
48 0.00723241846845 -2.08628730706e-08 819.631653695 
49 0.00723241846913 -1.46377188308e-08 819.631653688 
50 0.00723241846936 -1.13670256048e-08 819.631653685 
51 0.0072324184697 -9.4572147658e-09 819.631653683 
52 0.00723241846993 -7.54740392678e-09 819.631653681 
53 0.00723241847004 -5.63759308775e-09 819.631653679 
54 0.00723241847027 -3.72778224873e-09 819.631653677 
55 0.00723241847038 -2.96834054942e-09 819.631653677 
56 0.00723241847038 -2.91147745434e-09 819.631653677 
57 0.00723241847038 -2.85461435927e-09 819.631653677 
58 0.00723241847038 -2.79775126419e-09 819.631653677 
59 0.00723241847038 -2.74088816911e-09 819.631653677 
60 0.00723241847038 -2.68402507404e-09 819.631653676 
61 0.00723241847049 -2.62716197896e-09 819.631653676 
62 0.00723241847049 -2.57029888388e-09 819.631653676 
63 0.00723241847038 -2.51343578881e-09 819.631653676 
64 0.00723241847038 -2.45657269373e-09 819.631653676 
65 0.00723241847038 -2.39970959865e-09 819.631653676 
66 0.00723241847049 -2.34284650357e-09 819.631653676 
67 0.00723241847049 -2.2859834085e-09 819.631653676 
68 0.00723241847049 -2.22912031342e-09 819.631653676 
69 0.00723241847038 -2.17225721834e-09 819.631653676 
70 0.00723241847049 -2.11539412327e-09 819.631653676 
