Time S I R
0  926.388539001 1 0
1 440.252470527 445.848243961 41.2878245138 
2 2.52034540665 597.04186845 327.826325145 
3 0.0543258957846 386.54512835 540.789084755 
4 0.0045719789739 249.166063121 678.217903901 
5 0.000924498192376 160.59053661 766.797077893 
6 0.000332442363401 103.501458821 823.886747738 
7 0.000172452031393 66.7070562898 860.68131026 
8 0.000111594112582 42.9928744774 884.39555293 
9 8.43055904625e-05 27.709010193 899.679444503 
10 7.05917909727e-05 17.8585221629 909.529946247 
11 6.29521964584e-05 11.5098506622 915.878625387 
12 5.84775399375e-05 7.41812219442 919.970358329 
13 5.57637000611e-05 4.7809953075 922.60748793 
14 5.40817790124e-05 3.08136129199 924.307123628 
15 5.3024771546e-05 1.98594358336 925.402542393 
16 5.23545061242e-05 1.27994467482 926.108541972 
17 5.19270171253e-05 0.824926952292 926.563560122 
18 5.16533517612e-05 0.531667094781 926.856820253 
19 5.14777389071e-05 0.342660519001 927.045827005 
20 5.13648727747e-05 0.220845399127 927.167642237 
21 5.12922613325e-05 0.142335307417 927.246152402 
22 5.12455173975e-05 0.0917353166925 927.296752439 
23 5.12154135777e-05 0.0591235905112 927.329364195 
24 5.11960209906e-05 0.0381052635052 927.350382542 
25 5.1183526125e-05 0.0245589157384 927.363928902 
26 5.11754749368e-05 0.0158282727328 927.372659553 
27 5.11702864969e-05 0.0102013499029 927.378286481 
28 5.11669428533e-05 0.00657479835567 927.381913036 
29 5.1164788033e-05 0.00423754969592 927.384250287 
30 5.11633992346e-05 0.00273112334058 927.385756715 
31 5.11625040645e-05 0.00176022372108 927.386727615 
32 5.11619272174e-05 0.00113450014386 927.387353339 
33 5.11615554615e-05 0.000731163430989 927.387756676 
34 5.11613156959e-05 0.000471235003989 927.388016605 
35 5.11611611955e-05 0.000303687850289 927.388184152 
36 5.11610617195e-05 0.000195733761097 927.388292107 
37 5.11609976002e-05 0.000126132789965 927.388361708 
38 5.11609561045e-05 8.12247133367e-05 927.388406616 
39 5.11609295017e-05 5.23704627002e-05 927.38843547 
40 5.11609124487e-05 3.37691835842e-05 927.388454071 
41 5.11609013074e-05 2.17908672692e-05 927.38846605 
42 5.11608941451e-05 1.40846703444e-05 927.388473756 
43 5.1160889825e-05 9.13287173939e-06 927.388478708 
44 5.11608868692e-05 5.86493267542e-06 927.388481976 
45 5.11608848228e-05 3.71000530125e-06 927.38848413 
46 5.11608835723e-05 2.38132724743e-06 927.388485459 
47 5.11608827765e-05 1.50524751849e-06 927.388486335 
48 5.1160882208e-05 9.72202183468e-07 927.388486868 
49 5.11608819806e-05 6.43025108165e-07 927.388487197 
50 5.11608816396e-05 4.26414616113e-07 927.388487414 
51 5.11608816396e-05 2.80467979859e-07 927.38848756 
52 5.11608814122e-05 1.83037573508e-07 927.388487657 
53 5.11608814122e-05 1.19426112919e-07 927.388487721 
54 5.11608812985e-05 7.81017220833e-08 927.388487762 
55 5.11608814122e-05 5.11104536086e-08 927.388487789 
56 5.11608814122e-05 3.34710258548e-08 927.388487807 
57 5.11608812985e-05 1.4241522531e-08 927.388487826 
58 5.11608812985e-05 -3.07965791114e-09 927.388487844 
59 5.11608812985e-05 -1.61459745845e-08 927.388487857 
60 5.11608812985e-05 -2.49574274891e-08 927.388487865 
61 5.11608812985e-05 -2.9514016625e-08 927.38848787 
62 5.11608812985e-05 -2.9815741992e-08 927.38848787 
63 5.11608812985e-05 -2.58626035903e-08 927.388487866 
64 5.11608812985e-05 -2.13983514953e-08 927.388487862 
65 5.11608812985e-05 -2.33589249734e-08 927.388487864 
66 5.11608812985e-05 -2.42465966631e-08 927.388487865 
67 5.11608812985e-05 -2.40613665643e-08 927.388487865 
68 5.11608812985e-05 -2.28032346771e-08 927.388487863 
69 5.11608812985e-05 -2.04722010014e-08 927.388487861 
70 5.11608812985e-05 -1.70682655373e-08 927.388487858 
