Time S I R
0  876.221705554 1 0
1 856.429635527 16.4479055491 4.34416447797 
2 628.361752049 185.637381618 63.2225718875 
3 163.420096044 394.498311862 319.303297648 
4 41.4622966471 255.667626396 580.091782511 
5 19.1379561025 130.987905349 727.095844102 
6 13.0178478897 63.8354588166 800.368398848 
7 10.8053909857 30.6292614048 835.787053164 
8 9.88423477164 14.6082407092 852.729230073 
9 9.47351755221 6.94919458625 860.798993416 
10 9.28428216465 3.30187694525 864.635546444 
11 9.19572116901 1.56801437044 866.457970015 
12 9.15396654276 0.744437096742 867.323301915 
13 9.13421059226 0.35338937689 867.734105585 
14 9.12484751121 0.16774675497 867.929111288 
15 9.1204064654 0.0796237677202 868.021675321 
16 9.11829922082 0.0377942634926 868.06561207 
17 9.11729916838 0.0179393355189 868.08646705 
18 9.11682452325 0.0085149840999 868.096366047 
19 9.11659924554 0.0040417851466 868.101064523 
20 9.11649231417 0.0019184750365 868.103294765 
21 9.11644155802 0.000910613314475 868.104353383 
22 9.11641746577 0.000432212926653 868.104855875 
23 9.11640603116 0.00020515519538 868.105094368 
24 9.11640059877 9.72837800156e-05 868.105207672 
25 9.11639802746 4.62250143509e-05 868.105261302 
26 9.11639680607 2.19716510948e-05 868.105286776 
27 9.11639622915 1.05157055814e-05 868.105298809 
28 9.11639594354 4.84433754969e-06 868.105304766 
29 9.11639581492 2.29039516647e-06 868.105307449 
30 9.11639575382 1.07707071278e-06 868.105308723 
31 9.11639572652 5.35084686224e-07 868.105309292 
32 9.11639571284 2.63421590601e-07 868.105309578 
33 9.11639570599 1.27290880571e-07 868.105309721 
34 9.1163957027 6.19151930681e-08 868.105309789 
35 9.11639570095 2.73001141616e-08 868.105309826 
36 9.11639569928 -5.91688881299e-09 868.105309861 
37 9.1163956983 -2.53039768172e-08 868.105309881 
38 9.11639569802 -3.08611498509e-08 868.105309887 
39 9.11639569844 -2.25884079142e-08 868.105309878 
40 9.11639569831 -2.52073259551e-08 868.105309881 
41 9.11639569829 -2.56061429204e-08 868.105309881 
42 9.11639569845 -2.2409566096e-08 868.105309878 
43 9.11639569879 -1.56175954819e-08 868.105309871 
44 9.11639569899 -1.1764086055e-08 868.105309867 
45 9.11639569911 -9.34559128722e-09 868.105309864 
46 9.11639569923 -6.92709651943e-09 868.105309862 
47 9.11639569935 -4.50860175165e-09 868.105309859 
48 9.11639569942 -3.21003843651e-09 868.105309858 
49 9.11639569942 -3.13565056832e-09 868.105309858 
50 9.11639569942 -3.06126270013e-09 868.105309858 
51 9.11639569943 -2.98687483194e-09 868.105309858 
52 9.11639569943 -2.91248696376e-09 868.105309858 
53 9.11639569943 -2.83809909557e-09 868.105309857 
54 9.11639569944 -2.76371122738e-09 868.105309857 
55 9.11639569944 -2.68932335919e-09 868.105309857 
56 9.11639569945 -2.61493549101e-09 868.105309857 
57 9.11639569945 -2.54054762282e-09 868.105309857 
58 9.11639569945 -2.46615975463e-09 868.105309857 
59 9.11639569946 -2.39177188644e-09 868.105309857 
60 9.11639569946 -2.31738401826e-09 868.105309857 
61 9.11639569946 -2.24299615007e-09 868.105309857 
62 9.11639569947 -2.16860828188e-09 868.105309857 
63 9.11639569947 -2.09422041369e-09 868.105309857 
64 9.11639569948 -2.01983254551e-09 868.105309857 
65 9.11639569948 -1.94544467732e-09 868.105309857 
66 9.11639569948 -1.87105680913e-09 868.105309856 
67 9.11639569949 -1.79666894094e-09 868.105309856 
68 9.11639569949 -1.72228107276e-09 868.105309856 
69 9.11639569949 -1.64789320457e-09 868.105309856 
70 9.1163956995 -1.57350533638e-09 868.105309856 
