Time S I R
0  917.117232503 1 0
1 382.117500183 457.059370015 78.9403623049 
2 3.64366544427 416.012936962 498.460630097 
3 0.297618849836 193.475126692 724.344486962 
4 0.0934517677904 89.2158887758 828.80789196 
5 0.0547879511061 41.1063002153 876.956144337 
6 0.0428399634715 18.9361909355 899.138201604 
7 0.0382498576629 8.72262643367 909.356356212 
8 0.0363043929091 4.01782506551 914.063103045 
9 0.0354418612446 1.85067147901 916.231119163 
10 0.0350514923047 0.852443571209 917.22973744 
11 0.0348731329141 0.392645723194 917.689713647 
12 0.0347912840331 0.180856969901 917.901584249 
13 0.0347536482143 0.0833047251115 917.99917413 
14 0.0347363264411 0.0383710605124 918.044125116 
15 0.0347283507526 0.0176741305973 918.064830022 
16 0.0347246776792 0.0081408963129 918.074366929 
17 0.0347229859855 0.00374987171387 918.078759646 
18 0.0347222067719 0.00172724229602 918.080783054 
19 0.0347218478678 0.000795608037206 918.081715047 
20 0.0347216825403 0.000366452395502 918.082144368 
21 0.0347216063896 0.000168779915832 918.082342117 
22 0.0347215712962 7.76843449115e-05 918.082433248 
23 0.0347215551615 3.58012902815e-05 918.082475147 
24 0.0347215477311 1.65131808089e-05 918.082494442 
25 0.0347215443221 7.66441287697e-06 918.082503295 
26 0.0347215426868 3.4193408729e-06 918.082507541 
27 0.0347215419762 1.57464198515e-06 918.082509387 
28 0.0347215416464 7.18460760566e-07 918.082510243 
29 0.0347215415036 3.475361631e-07 918.082510614 
30 0.0347215414334 1.65691194753e-07 918.082510796 
31 0.0347215413996 7.77240382874e-08 918.082510884 
32 0.034721541383 3.43155750652e-08 918.082510928 
33 0.0347215413676 -5.6236970583e-09 918.082510968 
34 0.0347215413591 -2.74344813823e-08 918.082510989 
35 0.0347215413577 -3.11167779068e-08 918.082510993 
36 0.0347215413601 -2.50887019575e-08 918.082510987 
37 0.0347215413589 -2.83317447027e-08 918.08251099 
38 0.0347215413594 -2.66443239823e-08 918.082510989 
39 0.0347215413619 -2.00264397963e-08 918.082510982 
40 0.0347215413641 -1.45922318966e-08 918.082510977 
41 0.0347215413653 -1.1417638465e-08 918.082510973 
42 0.0347215413666 -8.24304503336e-09 918.08251097 
43 0.0347215413678 -5.06845160171e-09 918.082510967 
44 0.0347215413682 -4.02306561576e-09 918.082510966 
45 0.0347215413682 -3.91905230073e-09 918.082510966 
46 0.0347215413682 -3.81503898571e-09 918.082510966 
47 0.0347215413683 -3.71102567069e-09 918.082510966 
48 0.0347215413684 -3.60701235567e-09 918.082510966 
49 0.0347215413684 -3.50299904065e-09 918.082510966 
50 0.0347215413684 -3.39898572563e-09 918.082510965 
51 0.0347215413685 -3.29497241061e-09 918.082510965 
52 0.0347215413685 -3.19095909558e-09 918.082510965 
53 0.0347215413685 -3.08694578056e-09 918.082510965 
54 0.0347215413685 -2.98293246554e-09 918.082510965 
55 0.0347215413686 -2.87891915052e-09 918.082510965 
56 0.0347215413686 -2.7749058355e-09 918.082510965 
57 0.0347215413686 -2.67089252048e-09 918.082510965 
58 0.0347215413688 -2.56687920546e-09 918.082510965 
59 0.0347215413689 -2.46286589043e-09 918.082510964 
60 0.0347215413689 -2.35885257541e-09 918.082510964 
61 0.0347215413689 -2.25483926039e-09 918.082510964 
62 0.0347215413689 -2.15082594537e-09 918.082510964 
63 0.034721541369 -2.04681263035e-09 918.082510964 
64 0.034721541369 -1.94279931533e-09 918.082510964 
65 0.034721541369 -1.83878600031e-09 918.082510964 
66 0.0347215413691 -1.73477268528e-09 918.082510964 
67 0.0347215413691 -1.63075937026e-09 918.082510964 
68 0.0347215413691 -1.52674605524e-09 918.082510964 
69 0.0347215413691 -1.42273274022e-09 918.082510963 
70 0.0347215413693 -1.3187194252e-09 918.082510963 
