Time S I R
0  909.527724981 1 0
1 360.878041557 472.137475347 77.5122080769 
2 2.98015920561 427.825725339 479.721840436 
3 0.208880900547 207.694360852 702.624483229 
4 0.0578062110354 100.133600231 810.33631854 
5 0.0311293569476 48.2481278737 862.248467751 
6 0.0231010685959 23.2447107225 887.25991319 
7 0.020009026004 11.1982118292 899.309504126 
8 0.0186706881774 5.39466554241 905.114388751 
9 0.0180582920374 2.59882392562 907.910842764 
10 0.0177704868964 1.25195163985 909.258002855 
11 0.0176334826555 0.60311131127 909.906980187 
12 0.0175678603035 0.290540770118 910.219616351 
13 0.0175363348271 0.139963932676 910.370224714 
14 0.0175211680818 0.0674256788909 910.442778134 
15 0.0175138663991 0.0324813834458 910.477729731 
16 0.0175103500017 0.0156474536529 910.494567178 
17 0.0175086562783 0.00753794210817 910.502678383 
18 0.0175078404076 0.00363129093833 910.50658585 
19 0.0175074474029 0.00174939274745 910.508468141 
20 0.0175072580668 0.000842744934264 910.509374978 
21 0.0175071668377 0.000405884244113 910.50981193 
22 0.0175071229115 0.000195538750354 910.51002232 
23 0.0175071017409 9.41599877001e-05 910.51012372 
24 0.0175070915669 4.5440189421e-05 910.51017245 
25 0.0175070866487 2.18893055393e-05 910.510196005 
26 0.0175070842896 1.0592241411e-05 910.510207305 
27 0.0175070831492 5.13091129861e-06 910.510212767 
28 0.017507082581 2.40983547491e-06 910.510215489 
29 0.0175070823169 1.14521120426e-06 910.510216754 
30 0.0175070821925 5.50411504491e-07 910.510217349 
31 0.0175070821357 2.78021424514e-07 910.510217621 
32 0.0175070821065 1.38440435796e-07 910.510217761 
33 0.0175070820918 6.78577940185e-08 910.510217831 
34 0.0175070820845 3.35145873452e-08 910.510217866 
35 0.0175070820774 -5.65167695559e-10 910.5102179 
36 0.0175070820728 -2.21681008476e-08 910.510217921 
37 0.0175070820711 -3.07329175489e-08 910.51021793 
38 0.017507082072 -2.62596177994e-08 910.510217925 
39 0.0175070820725 -2.41466284498e-08 910.510217923 
40 0.0175070820721 -2.55712296308e-08 910.510217925 
41 0.0175070820725 -2.36325515624e-08 910.510217923 
42 0.0175070820737 -1.83305942448e-08 910.510217918 
43 0.0175070820748 -1.2427109599e-08 910.510217912 
44 0.0175070820753 -1.0119703639e-08 910.510217909 
45 0.0175070820758 -7.81229767904e-09 910.510217907 
46 0.0175070820762 -5.50489171906e-09 910.510217905 
47 0.0175070820767 -3.19748575909e-09 910.510217902 
48 0.0175070820767 -3.08970386769e-09 910.510217902 
49 0.0175070820768 -3.01895509994e-09 910.510217902 
50 0.0175070820768 -2.9482063322e-09 910.510217902 
51 0.0175070820767 -2.87745756445e-09 910.510217902 
52 0.0175070820768 -2.8067087967e-09 910.510217902 
53 0.0175070820768 -2.73596002895e-09 910.510217902 
54 0.0175070820768 -2.6652112612e-09 910.510217902 
55 0.0175070820768 -2.59446249345e-09 910.510217902 
56 0.0175070820769 -2.5237137257e-09 910.510217902 
57 0.0175070820769 -2.45296495795e-09 910.510217902 
58 0.0175070820769 -2.38221619021e-09 910.510217902 
59 0.0175070820769 -2.31146742246e-09 910.510217902 
60 0.0175070820769 -2.24071865471e-09 910.510217901 
61 0.0175070820769 -2.16996988696e-09 910.510217901 
62 0.0175070820769 -2.09922111921e-09 910.510217901 
63 0.017507082077 -2.02847235146e-09 910.510217901 
64 0.0175070820769 -1.95772358371e-09 910.510217901 
65 0.017507082077 -1.88697481596e-09 910.510217901 
66 0.017507082077 -1.81622604821e-09 910.510217901 
67 0.017507082077 -1.74547728047e-09 910.510217901 
68 0.017507082077 -1.67472851272e-09 910.510217901 
69 0.017507082077 -1.60397974497e-09 910.510217901 
70 0.017507082077 -1.53323097722e-09 910.510217901 
