Time S I R
0  956.830144022 1 0
1 865.044795816 80.8844068904 11.9009413152 
2 118.120568147 592.837166633 246.872409242 
3 7.96315845798 384.728282895 565.138702668 
4 1.69424930985 208.357596561 747.778298151 
5 0.738096889383 111.245921473 845.846125659 
6 0.473980284677 59.2308040391 898.125359698 
7 0.374439588302 31.5083201827 925.947384251 
8 0.330313959258 16.7550459401 940.744784122 
9 0.309008942708 8.90825446858 948.61288061 
10 0.298247585377 4.73591647799 952.795979958 
11 0.292679998452 2.51765794466 955.019806079 
12 0.289762689958 1.33838181347 956.201999518 
13 0.28822372344 0.71147278589 956.830447512 
14 0.287408955089 0.378210746879 957.16452432 
15 0.286976772624 0.201051814686 957.342115434 
16 0.286747295115 0.10687631131 957.436520415 
17 0.286625382788 0.0568138554783 957.486704783 
18 0.286560597147 0.0302013891546 957.513382035 
19 0.286526164062 0.0160546054825 957.527563252 
20 0.286507861628 0.00853438256446 957.535101777 
21 0.286498132895 0.0045367818423 957.539109107 
22 0.286492961417 0.00241173142243 957.541239329 
23 0.286490212281 0.00128204801476 957.542371761 
24 0.2864887509 0.0006815283022 957.542973742 
25 0.286487973998 0.000362277775041 957.54329377 
26 0.28648756101 0.000192568920496 957.543463892 
27 0.286487341517 0.000102373137892 957.543554307 
28 0.286487224677 5.43600649542e-05 957.543602437 
29 0.2864871628 2.89331046662e-05 957.543627926 
30 0.286487129857 1.53956540839e-05 957.543641496 
31 0.286487112415 8.22830989947e-06 957.543648681 
32 0.286487103039 4.37534159225e-06 957.543652543 
33 0.286487097956 2.28678265821e-06 957.543654637 
34 0.286487095279 1.18660675946e-06 957.54365574 
35 0.286487093933 6.33447416614e-07 957.543656294 
36 0.286487093245 3.50609290755e-07 957.543656578 
37 0.286487092861 1.92718901906e-07 957.543656736 
38 0.286487092646 1.04338485772e-07 957.543656825 
39 0.286487092529 5.6489186234e-08 957.543656873 
40 0.286487092452 2.47345684476e-08 957.543656904 
41 0.286487092378 -5.36290742854e-09 957.543656935 
42 0.286487092333 -2.41077275447e-08 957.543656953 
43 0.286487092315 -3.14998919009e-08 957.543656961 
44 0.286487092324 -2.7539400497e-08 957.543656957 
45 0.28648709233 -2.53314109961e-08 957.543656955 
46 0.286487092325 -2.75017549935e-08 957.543656957 
47 0.286487092327 -2.66289892392e-08 957.543656956 
48 0.286487092336 -2.27131137333e-08 957.543656952 
49 0.286487092353 -1.57541284758e-08 957.543656945 
50 0.286487092359 -1.32861377141e-08 957.543656943 
51 0.286487092365 -1.08775692057e-08 957.54365694 
52 0.286487092371 -8.46900069728e-09 957.543656938 
53 0.286487092377 -6.06043218887e-09 957.543656935 
54 0.286487092382 -3.80653897075e-09 957.543656933 
55 0.286487092382 -3.72906286254e-09 957.543656933 
56 0.286487092383 -3.65158675432e-09 957.543656933 
57 0.286487092383 -3.57411064611e-09 957.543656933 
58 0.286487092383 -3.4966345379e-09 957.543656933 
59 0.286487092383 -3.41915842969e-09 957.543656933 
60 0.286487092383 -3.34168232147e-09 957.543656933 
61 0.286487092384 -3.26420621326e-09 957.543656933 
62 0.286487092384 -3.18673010505e-09 957.543656932 
63 0.286487092384 -3.10925399684e-09 957.543656932 
64 0.286487092384 -3.03177788863e-09 957.543656932 
65 0.286487092384 -2.95430178041e-09 957.543656932 
66 0.286487092385 -2.8768256722e-09 957.543656932 
67 0.286487092385 -2.79934956399e-09 957.543656932 
68 0.286487092385 -2.72187345578e-09 957.543656932 
69 0.286487092385 -2.64439734757e-09 957.543656932 
70 0.286487092385 -2.56692123935e-09 957.543656932 
