Time S I R
0  969.548275089 1 0
1 823.43849631 122.63731006 24.4724687189 
2 67.4675168089 503.772168761 399.308589519 
3 7.46016547708 233.856993601 729.231116011 
4 2.8918677503 96.4367161337 871.219691205 
5 1.96195867196 39.2449044533 929.341411964 
6 1.67589073244 15.9187310864 952.95365327 
7 1.57216362857 6.45002736481 962.526084096 
8 1.5319937958 2.61238605277 966.40389524 
9 1.516019169 1.05789856243 967.974357357 
10 1.50959786929 0.428373789868 968.61030343 
11 1.5070054778 0.173456515804 968.867813095 
12 1.50595704203 0.0702349877207 968.972083059 
13 1.50553272426 0.0284390315749 969.014303333 
14 1.50536094681 0.0115153013188 969.031398841 
15 1.50529139763 0.00466267388063 969.038321017 
16 1.50526323816 0.00188805148543 969.041123799 
17 1.50525183539 0.000764493678726 969.04225876 
18 1.50524721732 0.000309454806177 969.042718417 
19 1.50524534854 0.000125315529984 969.042904425 
20 1.50524459195 5.07659321659e-05 969.042979731 
21 1.50524428571 2.05899576596e-05 969.043010213 
22 1.5052441617 8.37103880988e-06 969.043022556 
23 1.50524411122 3.39700278133e-06 969.043027581 
24 1.50524409044 1.34911316118e-06 969.043029649 
25 1.50524408216 5.34046171733e-07 969.043030473 
26 1.50524407905 2.27376575092e-07 969.043030782 
27 1.50524407771 9.55298942146e-08 969.043030916 
28 1.50524407709 3.44936162875e-08 969.043030977 
29 1.50524407659 -1.56018679644e-08 969.043031028 
30 1.50524407637 -3.67259020032e-08 969.043031049 
31 1.50524407645 -2.88784858289e-08 969.043031041 
32 1.50524407641 -3.28102999536e-08 969.043031045 
33 1.50524407643 -3.14046584049e-08 969.043031044 
34 1.50524407652 -2.21385056636e-08 969.043031035 
35 1.50524407658 -1.59708105253e-08 969.043031028 
36 1.50524407663 -1.16330630529e-08 969.043031024 
37 1.50524407667 -7.29531558057e-09 969.04303102 
38 1.5052440767 -4.73737096188e-09 969.043031017 
39 1.5052440767 -4.59461046727e-09 969.043031017 
40 1.5052440767 -4.45184997267e-09 969.043031017 
41 1.5052440767 -4.30908947807e-09 969.043031016 
42 1.5052440767 -4.16632898346e-09 969.043031016 
43 1.5052440767 -4.02356848886e-09 969.043031016 
44 1.5052440767 -3.88080799426e-09 969.043031016 
45 1.50524407671 -3.73804749965e-09 969.043031016 
46 1.50524407671 -3.59528700505e-09 969.043031016 
47 1.50524407671 -3.45252651045e-09 969.043031016 
48 1.50524407671 -3.30976601585e-09 969.043031015 
49 1.50524407671 -3.16700552124e-09 969.043031015 
50 1.50524407671 -3.02424502664e-09 969.043031015 
51 1.50524407671 -2.88148453204e-09 969.043031015 
52 1.50524407672 -2.73872403743e-09 969.043031015 
53 1.50524407672 -2.59596354283e-09 969.043031015 
54 1.50524407672 -2.45320304823e-09 969.043031015 
55 1.50524407672 -2.31044255363e-09 969.043031014 
56 1.50524407672 -2.16768205902e-09 969.043031014 
57 1.50524407672 -2.02492156442e-09 969.043031014 
58 1.50524407672 -1.88216106982e-09 969.043031014 
59 1.50524407673 -1.73940057521e-09 969.043031014 
60 1.50524407673 -1.59664008061e-09 969.043031014 
61 1.50524407673 -1.45387958601e-09 969.043031014 
62 1.50524407673 -1.31111909141e-09 969.043031013 
63 1.50524407673 -1.1683585968e-09 969.043031013 
64 1.50524407673 -1.0255981022e-09 969.043031013 
65 1.50524407674 -8.82837607597e-10 969.043031013 
66 1.50524407674 -7.40077112995e-10 969.043031013 
67 1.50524407674 -5.97316618392e-10 969.043031013 
68 1.50524407674 -4.54556123789e-10 969.043031013 
69 1.50524407674 -3.11795629186e-10 969.043031012 
70 1.50524407674 -1.69035134583e-10 969.043031012 
