Time S I R
0  849.264252232 1 0
1 817.090257281 27.8572803588 5.31671459285 
2 407.318189409 341.793669207 101.152393616 
3 52.5345509383 414.623492532 383.106208762 
4 11.2125440424 243.331426917 595.720281273 
5 4.73847822566 131.234537803 714.291236204 
6 2.99047537657 69.6191763858 777.65460047 
7 2.34414398727 36.7430816868 811.177026558 
8 2.0617165601 19.3521080641 828.850427608 
9 1.92698640516 10.1829365342 838.154329293 
10 1.85967835774 5.35572711145 843.048846763 
11 1.82522992987 2.81619297158 845.622829331 
12 1.80737380204 1.48065745744 846.976220973 
13 1.79805611089 0.778429500305 847.687766621 
14 1.79317685798 0.409232462196 848.061842912 
15 1.79061709731 0.215136246628 848.258498888 
16 1.78927288686 0.113097573798 848.361881772 
17 1.78856663883 0.0594553235182 848.41623027 
18 1.78819547728 0.0312555690365 848.444801186 
19 1.78800038914 0.0164309712534 848.459820872 
20 1.78789784044 0.00863771729293 848.467716675 
21 1.78784393347 0.00454084050792 848.471867458 
22 1.78781559596 0.00238716772636 848.474049469 
23 1.78780069848 0.0012549333388 848.475196601 
24 1.78779286702 0.000659725535402 848.47579964 
25 1.78778874973 0.000346801469179 848.476116681 
26 1.78778658533 0.000182301100706 848.476283346 
27 1.78778544774 9.58413936884e-05 848.476370943 
28 1.7877848489 5.03274889955e-05 848.476417056 
29 1.78778453528 2.64918161157e-05 848.476441205 
30 1.78778437015 1.39410647068e-05 848.476453921 
31 1.78778428372 7.3727401124e-06 848.476460576 
32 1.78778423766 3.87167319839e-06 848.476464123 
33 1.78778421305 2.00147722334e-06 848.476466018 
34 1.78778420022 1.02604860091e-06 848.476467006 
35 1.7877841939 5.45873998114e-07 848.476467493 
36 1.78778419065 2.9918235116e-07 848.476467743 
37 1.78778418885 1.62078930841e-07 848.476467881 
38 1.78778418786 8.66486764922e-08 848.476467958 
39 1.78778418733 4.64307853001e-08 848.476467999 
40 1.78778418692 1.56059910956e-08 848.47646803 
41 1.78778418657 -1.09476382455e-08 848.476468057 
42 1.78778418637 -2.65581819284e-08 848.476468073 
43 1.78778418631 -3.12256399532e-08 848.476468077 
44 1.78778418639 -2.49500123199e-08 848.476468071 
45 1.78778418639 -2.51640295629e-08 848.476468071 
46 1.78778418637 -2.65963982736e-08 848.476468073 
47 1.78778418639 -2.51468533611e-08 848.476468071 
48 1.78778418644 -2.08153948254e-08 848.476468067 
49 1.78778418654 -1.36020226666e-08 848.476468059 
50 1.78778418656 -1.20188980167e-08 848.476468058 
51 1.78778418659 -9.77409662329e-09 848.476468056 
52 1.78778418662 -7.52929522989e-09 848.476468053 
53 1.78778418665 -5.2844938365e-09 848.476468051 
54 1.78778418667 -3.47677966852e-09 848.476468049 
55 1.78778418667 -3.40616329515e-09 848.476468049 
56 1.78778418667 -3.33554692177e-09 848.476468049 
57 1.78778418667 -3.26493054839e-09 848.476468049 
58 1.78778418667 -3.19431417501e-09 848.476468049 
59 1.78778418668 -3.12369780163e-09 848.476468049 
60 1.78778418668 -3.05308142826e-09 848.476468049 
61 1.78778418668 -2.98246505488e-09 848.476468049 
62 1.78778418668 -2.9118486815e-09 848.476468049 
63 1.78778418668 -2.84123230812e-09 848.476468049 
64 1.78778418668 -2.77061593474e-09 848.476468048 
65 1.78778418668 -2.69999956136e-09 848.476468048 
66 1.78778418668 -2.62938318799e-09 848.476468048 
67 1.78778418668 -2.55876681461e-09 848.476468048 
68 1.78778418668 -2.48815044123e-09 848.476468048 
69 1.78778418669 -2.41753406785e-09 848.476468048 
70 1.78778418669 -2.34691769447e-09 848.476468048 
