Time S I R
0  940.145540843 1 0
1 762.606877925 166.504478393 12.0341845248 
2 27.0517628461 710.068943617 204.02483438 
3 0.648070891601 521.907742841 418.58972711 
4 0.0450461788651 369.22163519 571.878859474 
5 0.00685533610135 260.90234351 680.236341997 
6 0.00180594533913 184.343029616 756.800705282 
7 0.000713862340604 130.247455716 810.897371265 
8 0.000367197205719 92.0260242321 849.119149414 
9 0.000229308057897 65.0206270555 876.124684479 
10 0.000164240916206 45.9400435852 895.205333017 
11 0.000129258213747 32.458705874 908.686705711 
12 0.000109534111743 22.9335422213 918.211889087 
13 9.74356880761e-05 16.2035798164 924.941863591 
14 8.96961098533e-05 11.4485526719 929.696898475 
15 8.46049398433e-05 8.08891589255 933.056540345 
16 8.11831288274e-05 5.71518195602 935.430277704 
17 7.88492720858e-05 4.03803163655 937.107430357 
18 7.72408972125e-05 2.85305057558 938.292413026 
19 7.61243314855e-05 2.01580772419 939.129656994 
20 7.5345179539e-05 1.42425861036 939.721206887 
21 7.47994864696e-05 1.00630238042 940.139163663 
22 7.4416315897e-05 0.710997745241 940.434468681 
23 7.41467725902e-05 0.502351736318 940.64311496 
24 7.39569172765e-05 0.354933984205 940.790532902 
25 7.3823069215e-05 0.250776768745 940.894690251 
26 7.37286455887e-05 0.177184996037 940.968282118 
27 7.36620039561e-05 0.125189130621 941.02027805 
28 7.36149548857e-05 0.0884516456067 941.057015582 
29 7.35817308168e-05 0.0624950523708 941.082972209 
30 7.35582656262e-05 0.0441555463386 941.101311738 
31 7.35416909947e-05 0.0311978589182 941.114269442 
32 7.3529982501e-05 0.0220426880467 941.123424625 
33 7.35217109877e-05 0.0155741417538 941.129893179 
34 7.35158674843e-05 0.0110038273105 941.1344635 
35 7.35117389468e-05 0.00777467429642 941.137692657 
36 7.35088223109e-05 0.00549323347516 941.1399741 
37 7.35067616233e-05 0.00388125427966 941.141586082 
38 7.3505305636e-05 0.00274229352469 941.142725044 
39 7.35042768838e-05 0.00193755826239 941.14352978 
40 7.35035501975e-05 0.00136902128343 941.144098318 
41 7.35030365604e-05 0.000967254920533 941.144500085 
42 7.35026735583e-05 0.00068338869161 941.144783951 
43 7.35024170808e-05 0.000482844363161 941.144984496 
44 7.35022359777e-05 0.000341123620971 941.145126217 
45 7.35021079663e-05 0.000241023374595 941.145226317 
46 7.35020175853e-05 0.000170313635801 941.145297027 
47 7.35019535796e-05 0.000120264627068 941.145347076 
48 7.35019083322e-05 8.49278932422e-05 941.145382413 
49 7.35018764999e-05 6.00189800335e-05 941.145407322 
50 7.35018539899e-05 4.2450089459e-05 941.145424891 
51 7.35018381874e-05 3.00083990699e-05 941.145437333 
52 7.35018269324e-05 2.12176732711e-05 941.145446123 
53 7.35018192017e-05 1.50301433611e-05 941.145452311 
54 7.35018136311e-05 1.06719865702e-05 941.145456669 
55 7.35018097657e-05 7.53592143774e-06 941.145459805 
56 7.35018068099e-05 5.29715201508e-06 941.145462044 
57 7.35018047635e-05 3.69160622862e-06 941.145463649 
58 7.3501803513e-05 2.59384936689e-06 941.145464747 
59 7.35018024898e-05 1.8003367872e-06 941.145465541 
60 7.35018018077e-05 1.27128667924e-06 941.14546607 
61 7.35018012392e-05 9.05062140838e-07 941.145466436 
62 7.35018010118e-05 6.53951177214e-07 941.145466687 
63 7.35018006708e-05 4.72959413734e-07 941.145466868 
64 7.35018004434e-05 3.39699077677e-07 941.145467001 
65 7.35018004434e-05 2.4348178221e-07 941.145467098 
66 7.35018003297e-05 1.73446178059e-07 941.145467168 
67 7.35018003297e-05 1.23601360722e-07 941.145467217 
68 7.3501800216e-05 8.84109514073e-08 941.145467253 
69 7.3501800216e-05 6.30765941632e-08 941.145467278 
70 7.3501800216e-05 4.5292716697e-08 941.145467296 
