Time S I R
0  812.132886657 1 0
1 811.004993954 1.32014418297 0.807748520938 
2 809.519573968 1.74005420027 1.87325848972 
3 807.567839082 2.28880964103 3.27623793428 
4 805.011207811 3.00250068797 5.11917815803 
5 801.675531785 3.92484452426 7.53251034858 
6 797.345947799 5.10699170634 10.6799471518 
7 791.763878698 6.60580023609 14.7632077239 
8 784.628709087 8.47950166625 20.0246759046 
9 775.607542476 10.7795571198 26.7457870619 
10 764.357376767 13.5375353335 35.2379745569 
11 750.563316594 16.7469170999 45.8226529638 
12 733.993981844 20.3417908333 58.7971139807 
13 714.568941176 24.1780081916 74.3859372896 
14 692.424512785 28.0257834062 92.6825904665 
15 667.955749442 31.5841628053 113.59297441 
16 641.812280169 34.5221706945 136.798435794 
17 614.836055136 36.5410576555 161.755773866 
18 587.951029442 37.4389233765 187.742933839 
19 562.034712484 37.154166397 213.944007777 
20 537.809182941 35.771615022 239.552088695 
21 515.777683114 33.4922103937 263.86299315 
22 496.212650883 30.5811020798 286.339133695 
23 479.183745135 27.3138942853 306.635247237 
24 464.606844632 23.9357203627 324.590321663 
25 452.29697266 20.638603653 340.197310344 
26 442.014549042 17.5554048002 353.562932816 
27 433.500368926 14.7649518123 364.867565919 
28 426.49916288 12.3027494909 374.330974287 
29 420.773751052 10.1730263313 382.186109274 
30 416.112112552 8.35964998479 388.661124121 
31 412.329680779 6.834750657 393.968455222 
32 409.269055875 5.5650915023 398.29873928 
33 406.797877433 4.51626078831 401.818748436 
34 404.806071609 3.65529017497 404.671524873 
35 403.202852399 2.95207338031 406.977960878 
36 401.913820228 2.38000744339 408.839058986 
37 400.878306211 1.91612279487 410.338457651 
38 400.047028802 1.54092518983 411.544932666 
39 399.380075424 1.23808152173 412.514729712 
40 398.845199638 0.994039433156 413.293647587 
41 398.416397326 0.797639741033 413.91884959 
42 398.072729539 0.639747463045 414.420409655 
43 397.797358058 0.512919680278 414.822608919 
44 397.576747867 0.411112555822 415.145026235 
45 397.400035006 0.329434119114 415.403417533 
46 397.258501064 0.263932889932 415.610452704 
47 397.145153219 0.211422880218 415.776310558 
48 397.054385059 0.169339114165 415.909162484 
49 396.981702837 0.135618828618 416.015564991 
50 396.92350561 0.108604692231 416.100776355 
51 396.876908346 0.086966056304 416.169012255 
52 396.839599772 0.0696351016555 416.223651784 
53 396.809728509 0.0557553363654 416.267402812 
54 396.785813932 0.0446409729221 416.302431753 
55 396.766667998 0.0357413179518 416.330477342 
56 396.751339636 0.0286152187949 416.352931802 
57 396.739068084 0.0229095932829 416.37090898 
58 396.729243677 0.0183413604431 416.38530162 
59 396.721378454 0.0146838679612 416.396824336 
60 396.715081822 0.0117556386587 416.406049197 
61 396.710040952 0.00941129174195 416.413434414 
62 396.70600537 0.00753440431886 416.419346883 
63 396.702774555 0.00603175928948 416.424080343 
64 396.700188294 0.00482886623325 416.427869497 
65 396.69811784 0.00386586168746 416.430902956 
66 396.696460287 0.00309489336038 416.433331477 
67 396.695133265 0.00247765560278 416.435275737 
68 396.694070897 0.00198351198062 416.436832248 
69 396.69322041 0.0015879181739 416.438078329 
70 396.692539552 0.00127122336666 416.439075882 
