Time S I R
0  902.890580194 1 0
1 897.489019317 4.34099881344 2.06056206362 
2 874.774498349 18.2525660606 10.8635157841 
3 790.622616505 67.6712209864 45.5967427028 
4 581.043341647 171.485232681 151.362005866 
5 334.372414893 228.403892124 341.114273177 
6 192.336912729 180.537662407 531.016005058 
7 131.402947685 110.64319989 661.844432619 
8 105.385094312 60.8908893381 737.614596544 
9 93.6062355964 31.9686788356 778.315665762 
10 88.0191748598 16.4221458298 799.449259504 
11 85.2942654896 8.34802035728 810.248294347 
12 83.945058863 4.2218276966 815.723693635 
13 83.2717348994 2.12963799065 818.489207304 
14 82.9343544819 1.07288936497 819.883336347 
15 82.7649578827 0.540163354035 820.585458957 
16 82.6798172102 0.271866195107 820.938896789 
17 82.6370022178 0.136809060909 821.116768915 
18 82.6154660176 0.0688396607487 821.206274516 
19 82.6046317698 0.034637371586 821.251311053 
20 82.5991810035 0.0174277876268 821.273971403 
21 82.5964386025 0.00876869962783 821.285372892 
22 82.5950588252 0.00441193161431 821.291109437 
23 82.5943646149 0.00221986497859 821.293995714 
24 82.5940153226 0.001116916607 821.295447955 
25 82.5938395733 0.000561956526995 821.296178664 
26 82.593751147 0.000282733908374 821.296546313 
27 82.5937066571 0.00014224873803 821.296731288 
28 82.5936842592 7.15230435322e-05 821.296824412 
29 82.5936730062 3.59893520484e-05 821.296871199 
30 82.5936673511 1.81324165241e-05 821.296894711 
31 82.5936645086 9.15653303621e-06 821.296906529 
32 82.5936630732 4.62397602554e-06 821.296912497 
33 82.5936623322 2.28430900207e-06 821.296915578 
34 82.5936619641 1.12193781353e-06 821.296917108 
35 82.5936617891 5.69131618353e-07 821.296917836 
36 82.5936617037 2.99566261933e-07 821.296918191 
37 82.593661658 1.55405021144e-07 821.296918381 
38 82.593661634 7.95084667968e-08 821.296918481 
39 82.5936616218 4.08710542076e-08 821.296918531 
40 82.593661611 6.77571645385e-09 821.296918576 
41 82.5936616031 -1.79852687875e-08 821.296918609 
42 82.5936615993 -3.00534800756e-08 821.296918625 
43 82.5936615995 -2.94289174105e-08 821.296918624 
44 82.5936616012 -2.39282216715e-08 821.296918617 
45 82.5936616004 -2.66535014035e-08 821.29691862 
46 82.5936616006 -2.60225235135e-08 821.29691862 
47 82.5936616018 -2.20352880014e-08 821.296918614 
48 82.5936616042 -1.46917948672e-08 821.296918605 
49 82.5936616049 -1.22954899972e-08 821.296918601 
50 82.5936616057 -9.84873386765e-09 821.296918598 
51 82.5936616065 -7.40197773809e-09 821.296918595 
52 82.5936616072 -4.95522160854e-09 821.296918592 
53 82.5936616077 -3.52877897668e-09 821.29691859 
54 82.5936616077 -3.45141670624e-09 821.29691859 
55 82.5936616077 -3.37405443581e-09 821.29691859 
56 82.5936616078 -3.29669216537e-09 821.29691859 
57 82.5936616078 -3.21932989494e-09 821.296918589 
58 82.5936616078 -3.14196762451e-09 821.296918589 
59 82.5936616078 -3.06460535407e-09 821.296918589 
60 82.5936616079 -2.98724308364e-09 821.296918589 
61 82.5936616079 -2.90988081321e-09 821.296918589 
62 82.5936616079 -2.83251854277e-09 821.296918589 
63 82.5936616079 -2.75515627234e-09 821.296918589 
64 82.593661608 -2.6777940019e-09 821.296918589 
65 82.593661608 -2.60043173147e-09 821.296918589 
66 82.593661608 -2.52306946104e-09 821.296918589 
67 82.593661608 -2.4457071906e-09 821.296918588 
68 82.5936616081 -2.36834492017e-09 821.296918588 
69 82.5936616081 -2.29098264973e-09 821.296918588 
70 82.5936616081 -2.2136203793e-09 821.296918588 
