Time S I R
0  885.359626822 1 0
1 682.77808287 181.30566888 22.2758750723 
2 23.6505635404 552.125650919 310.583412363 
3 1.23259619928 321.253252294 563.873778329 
4 0.232291790737 179.150008 706.977327031 
5 0.0917249388219 99.6243806272 786.643521256 
6 0.0547217429465 55.3722466328 830.932658446 
7 0.0410642626158 30.7716032718 855.546959288 
8 0.0350089040435 17.0994068006 869.225211118 
9 0.0320388727255 9.5016521551 876.825935794 
10 0.0304987783117 5.27970966588 881.049418378 
11 0.0296752527938 2.93371396351 883.396237606 
12 0.0292273014308 1.63013413466 884.700265386 
13 0.0289813257713 0.905791205712 885.424854291 
14 0.0288455444626 0.503306205811 885.827475072 
15 0.0287703723133 0.279663701406 886.051192748 
16 0.0287286874128 0.155395986673 886.175502148 
17 0.0287055511561 0.0863461711619 886.2445751 
18 0.0286927035081 0.0479784925874 886.282955626 
19 0.0286855671634 0.026659381595 886.304281873 
20 0.0286816025998 0.0148133538315 886.316131866 
21 0.0286793999177 0.00823108071411 886.322716342 
22 0.0286781760617 0.00457361430251 886.326375032 
23 0.0286774960624 0.00254138410992 886.328407942 
24 0.0286771182227 0.00141215988219 886.329537544 
25 0.028676908267 0.000784672710856 886.330165241 
26 0.0286767915915 0.000435966797565 886.330514064 
27 0.0286767267493 0.000242173833009 886.330707922 
28 0.0286766907535 0.000134593269411 886.330815538 
29 0.0286766707344 7.47623622313e-05 886.330875389 
30 0.0286766596397 4.16033620138e-05 886.330908559 
31 0.0286766534621 2.31402699534e-05 886.330927028 
32 0.028676650026 1.28707449647e-05 886.330937301 
33 0.0286766481228 7.18282677062e-06 886.330942991 
34 0.0286766470595 4.00478678155e-06 886.33094617 
35 0.0286766464404 2.15527365216e-06 886.33094802 
36 0.0286766461228 1.20581940763e-06 886.33094897 
37 0.0286766459393 6.57578264002e-07 886.330949519 
38 0.0286766458435 3.71411445991e-07 886.330949805 
39 0.0286766457908 2.1417082562e-07 886.330949962 
40 0.0286766457601 1.22314100862e-07 886.330950054 
41 0.0286766457424 6.90680269943e-08 886.330950107 
42 0.0286766457303 3.34061517409e-08 886.330950143 
43 0.0286766457185 -2.02453631393e-09 886.330950178 
44 0.0286766457107 -2.52960105375e-08 886.330950202 
45 0.028676645707 -3.64082709299e-08 886.330950213 
46 0.0286766457073 -3.5361317491e-08 886.330950212 
47 0.0286766457095 -2.8687394e-08 886.330950205 
48 0.0286766457084 -3.24376407275e-08 886.330950209 
49 0.0286766457081 -3.28940861657e-08 886.330950209 
50 0.0286766457091 -3.00567303146e-08 886.330950207 
51 0.0286766457112 -2.39255731742e-08 886.3309502 
52 0.0286766457132 -1.80304578723e-08 886.330950194 
53 0.0286766457141 -1.5233136454e-08 886.330950192 
54 0.0286766457151 -1.24358150357e-08 886.330950189 
55 0.0286766457159 -9.63849361739e-09 886.330950186 
56 0.0286766457169 -6.84117219909e-09 886.330950183 
57 0.0286766457177 -4.73696141119e-09 886.330950181 
58 0.0286766457177 -4.64508432312e-09 886.330950181 
59 0.0286766457177 -4.55320723504e-09 886.330950181 
60 0.0286766457177 -4.46133014696e-09 886.330950181 
61 0.0286766457178 -4.36945305889e-09 886.330950181 
62 0.0286766457178 -4.27757597081e-09 886.330950181 
63 0.028676645718 -4.18569888273e-09 886.330950181 
64 0.028676645718 -4.09382179466e-09 886.330950181 
65 0.0286766457178 -4.00194470658e-09 886.33095018 
66 0.028676645718 -3.91006761851e-09 886.33095018 
67 0.028676645718 -3.81819053043e-09 886.33095018 
68 0.0286766457181 -3.72631344235e-09 886.33095018 
69 0.0286766457181 -3.63443635428e-09 886.33095018 
70 0.0286766457182 -3.5425592662e-09 886.33095018 
