Time S I R
0  917.676366353 1 0
1 357.811480638 495.982800825 64.8820848905 
2 2.09868449317 497.692920497 418.884761363 
3 0.083856565152 277.890664989 640.701844799 
4 0.0139624027337 154.488091912 764.174312039 
5 0.00515342326912 85.8643940013 832.806818929 
6 0.00296588676167 47.7217799945 870.951620472 
7 0.00218029181576 26.5224913805 892.151694681 
8 0.00183754700242 14.7404291544 903.934099652 
9 0.0016709156381 8.19227215599 910.482423282 
10 0.00158493260358 4.55300797756 914.121773443 
11 0.00153907323806 2.53041566223 916.144411618 
12 0.00151416236451 1.40632353044 917.268528661 
13 0.00150049252852 0.781589350849 917.89327651 
14 0.00149294871176 0.434382136336 918.240491268 
15 0.00148877251547 0.241415539701 918.433462041 
16 0.00148645657555 0.134170971311 918.540708926 
17 0.00148517100672 0.0745678143753 918.600313368 
18 0.00148445701177 0.0414423748902 918.633439522 
19 0.00148406034498 0.023032331808 918.651849961 
20 0.0014838399361 0.0128006198335 918.662081894 
21 0.00148371745354 0.00711413638657 918.6677685 
22 0.00148364938923 0.00395391587771 918.670928788 
23 0.00148361156039 0.00219747093801 918.672685271 
24 0.00148359053765 0.00122133246353 918.67366143 
25 0.00148357885212 0.000678746855287 918.674204028 
26 0.00148357235844 0.000377217602751 918.674505563 
27 0.00148356874922 0.000209635700767 918.674673149 
28 0.00148356674367 0.000116504074203 918.674766283 
29 0.00148356562761 6.46823250028e-05 918.674818105 
30 0.00148356500983 3.59929378701e-05 918.674846795 
31 0.00148356466593 2.00211701534e-05 918.674862768 
32 0.00148356447528 1.11722310583e-05 918.674871617 
33 0.00148356436887 6.23085334192e-06 918.674876558 
34 0.0014835643077 3.3878337918e-06 918.674879401 
35 0.00148356427485 1.86639995616e-06 918.674880923 
36 0.00148356425666 1.02464794623e-06 918.674881765 
37 0.00148356424711 5.83985381378e-07 918.674882205 
38 0.00148356424188 3.36608850485e-07 918.674882453 
39 0.00148356423881 1.91499318793e-07 918.674882598 
40 0.00148356423711 1.08036765784e-07 918.674882681 
41 0.00148356423597 6.11503349147e-08 918.674882728 
42 0.00148356423551 3.47688591988e-08 918.674882754 
43 0.00148356423495 1.29602175609e-08 918.674882776 
44 0.00148356423449 -7.51236364227e-09 918.674882797 
45 0.00148356423426 -2.12858230749e-08 918.67488281 
46 0.00148356423415 -2.83601607371e-08 918.674882818 
47 0.00148356423404 -2.87353766287e-08 918.674882818 
48 0.00148356423415 -2.24114707497e-08 918.674882812 
49 0.00148356423426 -2.14705760325e-08 918.674882811 
50 0.00148356423426 -2.26862493407e-08 918.674882812 
51 0.00148356423426 -2.22662380544e-08 918.674882811 
52 0.00148356423438 -2.02105421737e-08 918.674882809 
53 0.00148356423438 -1.65191616985e-08 918.674882806 
54 0.00148356423449 -1.11920966288e-08 918.6748828 
55 0.00148356423449 -9.14468193277e-09 918.674882798 
56 0.0014835642346 -7.7579822333e-09 918.674882797 
57 0.0014835642346 -6.37128253383e-09 918.674882796 
58 0.00148356423472 -4.98458283436e-09 918.674882794 
59 0.00148356423472 -3.59788313488e-09 918.674882793 
60 0.00148356423483 -2.35646846937e-09 918.674882792 
61 0.00148356423483 -2.31699902142e-09 918.674882791 
62 0.00148356423472 -2.27752957347e-09 918.674882791 
63 0.00148356423472 -2.23806012552e-09 918.674882791 
64 0.00148356423483 -2.19859067757e-09 918.674882791 
65 0.00148356423483 -2.15912122961e-09 918.674882791 
66 0.00148356423483 -2.11965178166e-09 918.674882791 
67 0.00148356423472 -2.08018233371e-09 918.674882791 
68 0.00148356423472 -2.04071288576e-09 918.674882791 
69 0.00148356423483 -2.00124343781e-09 918.674882791 
70 0.00148356423483 -1.96177398986e-09 918.674882791 
