Time S I R
0  974.113542307 1 0
1 967.539214506 5.49862718751 2.07570061356 
2 932.925252473 28.9459342284 13.2423556062 
3 784.980022526 123.966077703 66.1674420777 
4 461.348313729 284.682634983 229.082593595 
5 210.671808251 295.096575189 469.345158867 
6 111.301901715 198.891806962 664.91983363 
7 75.0339823817 114.298665906 785.78089402 
8 60.2479851791 61.8131213571 853.052435771 
9 53.5893283588 32.5729724394 888.951241509 
10 50.4008782296 16.9593615918 907.753302486 
11 48.8212096129 8.77844590837 917.513886786 
12 48.0242565424 4.53058075921 922.558705006 
13 47.6183490102 2.33477552667 925.16041777 
14 47.4105906179 1.20228458309 926.500667106 
15 47.3039807978 0.618871873836 927.190689636 
16 47.2492027451 0.318498638625 927.545840923 
17 47.2210377334 0.163896570985 927.728608003 
18 47.2065511842 0.0843352102488 927.822655913 
19 47.199098772 0.0433946814461 927.871048854 
20 47.1952646198 0.0223284264704 927.895949261 
21 47.1932919105 0.0114888407405 927.908761556 
22 47.1922769083 0.00591142755522 927.915353971 
23 47.1917546777 0.0030417274584 927.918745902 
24 47.1914859609 0.00156509164687 927.920491255 
25 47.1913476978 0.000805313173104 927.921389296 
26 47.1912765504 0.000414345670984 927.921851411 
27 47.1912399432 0.000213182047205 927.922089182 
28 47.1912211099 0.000109689353953 927.922211508 
29 47.191211408 5.63757495363e-05 927.922274523 
30 47.1912064294 2.90172322521e-05 927.922306861 
31 47.1912038731 1.49700628642e-05 927.922323464 
32 47.1912025615 7.76232558237e-06 927.922331983 
33 47.191201871 3.96829685842e-06 927.922336468 
34 47.1912015138 2.00505375757e-06 927.922338788 
35 47.1912013331 1.01203453964e-06 927.922339962 
36 47.1912012461 5.34167573315e-07 927.922340527 
37 47.1912012009 2.85968932447e-07 927.92234082 
38 47.1912011763 1.5049929538e-07 927.92234098 
39 47.1912011632 7.8773908076e-08 927.922341065 
40 47.1912011563 4.05752362994e-08 927.92234111 
41 47.1912011493 2.15747495673e-09 927.922341156 
42 47.1912011449 -2.20132017975e-08 927.922341184 
43 47.1912011431 -3.19367939631e-08 927.922341196 
44 47.1912011439 -2.76133015402e-08 927.922341191 
45 47.1912011439 -2.73507233379e-08 927.922341191 
46 47.1912011436 -2.93450225124e-08 927.922341193 
47 47.1912011439 -2.74004368325e-08 927.922341191 
48 47.191201145 -2.1516966298e-08 927.922341184 
49 47.191201146 -1.62136018403e-08 927.922341177 
50 47.1912011465 -1.32641135018e-08 927.922341174 
51 47.191201147 -1.03146251633e-08 927.92234117 
52 47.1912011476 -7.3651368248e-09 927.922341167 
53 47.1912011481 -4.43795110456e-09 927.922341164 
54 47.1912011481 -4.33927349463e-09 927.922341163 
55 47.1912011481 -4.24059588471e-09 927.922341163 
56 47.1912011482 -4.14191827478e-09 927.922341163 
57 47.1912011482 -4.04324066485e-09 927.922341163 
58 47.1912011482 -3.94456305492e-09 927.922341163 
59 47.1912011482 -3.84588544499e-09 927.922341163 
60 47.1912011482 -3.74720783507e-09 927.922341163 
61 47.1912011482 -3.64853022514e-09 927.922341163 
62 47.1912011483 -3.54985261521e-09 927.922341162 
63 47.1912011483 -3.45117500528e-09 927.922341162 
64 47.1912011483 -3.35249739535e-09 927.922341162 
65 47.1912011483 -3.25381978543e-09 927.922341162 
66 47.1912011483 -3.1551421755e-09 927.922341162 
67 47.1912011484 -3.05646456557e-09 927.922341162 
68 47.1912011484 -2.95778695564e-09 927.922341162 
69 47.1912011484 -2.85910934571e-09 927.922341162 
70 47.1912011484 -2.76043173579e-09 927.922341162 
