Time S I R
0  885.773390625 1 0
1 881.030969548 3.78339006104 1.95903101591 
2 863.536723157 13.9586540204 9.27801344715 
3 804.540504806 47.1312093647 35.1016764536 
4 652.729280296 122.634384554 111.409725775 
5 429.909652893 193.06737012 263.796367611 
6 261.828251371 180.189922923 444.755216331 
7 177.254743676 122.407507189 587.11113976 
8 138.761340737 71.5562251934 676.455824694 
9 120.858729931 39.0510211812 726.863639513 
10 112.221483532 20.6300931954 753.921813897 
11 107.944361819 10.7268872599 768.102141546 
12 105.793743651 5.53357870629 775.446068268 
13 104.703307042 2.84316249312 779.22692109 
14 104.147977232 1.45785567094 781.167557722 
15 103.864515042 0.74675079092 782.162124791 
16 103.719655879 0.382302446822 782.671432299 
17 103.645582911 0.19566864582 782.932139067 
18 103.607694255 0.100132584292 783.065563785 
19 103.58831094 0.0512387775438 783.133840907 
20 103.578393892 0.0262183916089 783.168778341 
21 103.573319851 0.0134154589042 783.186655315 
22 103.570723656 0.00686434406217 783.195802625 
23 103.569395321 0.00351239805902 783.200482906 
24 103.568715625 0.00179721641273 783.202877783 
25 103.568367847 0.000919610305555 783.204103167 
26 103.568189882 0.000470518144059 783.204730224 
27 103.568098825 0.000240735956541 783.205051064 
28 103.56805224 0.000123180217431 783.205215205 
29 103.568028375 6.2956279356e-05 783.205299294 
30 103.568016195 3.22218162609e-05 783.205342208 
31 103.568009978 1.65319575501e-05 783.205364115 
32 103.568006805 8.52522446001e-06 783.205375295 
33 103.568005143 4.33205807277e-06 783.205381149 
34 103.568004289 2.17583719715e-06 783.20538416 
35 103.56800386 1.09290584507e-06 783.205385672 
36 103.568003654 5.74575212167e-07 783.205386396 
37 103.568003548 3.05829725813e-07 783.205386771 
38 103.56800349 1.59977266316e-07 783.205386975 
39 103.56800346 8.33722474286e-08 783.205387082 
40 103.568003444 4.37820909088e-08 783.205387137 
41 103.568003434 1.90697391054e-08 783.205387172 
42 103.568003424 -5.88510255289e-09 783.205387206 
43 103.568003418 -2.19455746297e-08 783.205387229 
44 103.568003415 -2.91116771252e-08 783.205387239 
45 103.568003416 -2.73834100392e-08 783.205387236 
46 103.568003418 -2.04567844656e-08 783.205387227 
47 103.568003417 -2.26825952892e-08 783.20538723 
48 103.568003417 -2.27255911222e-08 783.20538723 
49 103.568003418 -2.05857719646e-08 783.205387227 
50 103.56800342 -1.62631378162e-08 783.205387221 
51 103.568003422 -1.04026908181e-08 783.205387213 
52 103.568003423 -8.77876834756e-09 783.20538721 
53 103.568003424 -7.15484587703e-09 783.205387208 
54 103.568003424 -5.5309234065e-09 783.205387206 
55 103.568003425 -3.90700093598e-09 783.205387204 
56 103.568003426 -2.4194835796e-09 783.205387202 
57 103.568003426 -2.37297154955e-09 783.205387202 
58 103.568003426 -2.3264595195e-09 783.205387201 
59 103.568003426 -2.27994748945e-09 783.205387201 
60 103.568003426 -2.2334354594e-09 783.205387201 
61 103.568003426 -2.18692342935e-09 783.205387201 
62 103.568003426 -2.1404113993e-09 783.205387201 
63 103.568003426 -2.09389936925e-09 783.205387201 
64 103.568003426 -2.0473873392e-09 783.205387201 
65 103.568003426 -2.00087530915e-09 783.205387201 
66 103.568003426 -1.9543632791e-09 783.205387201 
67 103.568003426 -1.90785124905e-09 783.205387201 
68 103.568003426 -1.86133921901e-09 783.205387201 
69 103.568003426 -1.81482718896e-09 783.205387201 
70 103.568003426 -1.76831515891e-09 783.205387201 
