Time S I R
0  822.308132984 1 0
1 396.919770933 388.522831284 37.8655307667 
2 2.67403280083 522.829070281 297.805029902 
3 0.0667469635848 333.566586896 489.674799125 
4 0.00639929235069 211.69111285 611.610620841 
5 0.00144065743416 134.320762754 688.985929572 
6 0.000563762619549 85.2267902428 738.080778978 
7 0.000311099560918 54.0763261647 769.231495719 
8 0.000212289144997 34.3113112123 788.996609482 
9 0.000166621342146 21.7704398652 801.537526497 
10 0.000142972242543 13.8132825459 809.494707466 
11 0.000129735507358 8.7644844837 814.543518765 
12 0.000121981749771 5.56103804511 817.746972957 
13 0.000117304277524 3.52846108507 819.779554594 
14 0.000114429938435 2.23879743518 821.069221119 
15 0.000112642826252 1.42050991516 821.887510426 
16 0.000111523414489 0.901309051511 822.406712409 
17 0.000110818928192 0.571877745552 822.736144419 
18 0.000110374244059 0.36285462274 822.945167987 
19 0.000110093019316 0.230230105652 823.077792785 
20 0.000109914954351 0.146080149387 823.161942919 
21 0.000109802122324 0.0926873545894 823.215335827 
22 0.000109730591134 0.0588098376062 823.249213416 
23 0.000109685228949 0.0373146498991 823.270708649 
24 0.000109656456289 0.0236760213602 823.284347306 
25 0.000109638204322 0.0150223569947 823.293000989 
26 0.000109626624862 0.00953162998123 823.298491727 
27 0.000109619278533 0.00604776326988 823.301975601 
28 0.0001096146176 0.00383734161901 823.304186028 
29 0.000109611660378 0.0024348286602 823.305588543 
30 0.000109609783976 0.00154489316871 823.306478481 
31 0.000109608593334 0.000980245850644 823.307043129 
32 0.000109607837999 0.000621964480839 823.307401411 
33 0.000109607358695 0.000394616784024 823.30762876 
34 0.000109607054583 0.000250378193076 823.307772998 
35 0.000109606861542 0.00015885884588 823.307864518 
36 0.000109606739102 0.000100806016542 823.307922571 
37 0.000109606661226 6.39037803673e-05 823.307959473 
38 0.000109606612 4.05326562532e-05 823.307982844 
39 0.00010960658085 2.57519956132e-05 823.307997625 
40 0.000109606561068 1.6349449664e-05 823.308007028 
41 0.000109606548449 1.039415966e-05 823.308012983 
42 0.000109606540491 6.63101504695e-06 823.308016746 
43 0.000109606535375 4.20577623164e-06 823.308019171 
44 0.000109606532078 2.60459924687e-06 823.308020773 
45 0.000109606530032 1.65780430134e-06 823.308021719 
46 0.000109606528667 1.0294952343e-06 823.308022348 
47 0.000109606527872 6.53569021674e-07 823.308022724 
48 0.000109606527417 4.25003159546e-07 823.308022952 
49 0.000109606526848 2.77644007642e-07 823.3080231 
50 0.000109606526735 1.79966365334e-07 823.308023197 
51 0.000109606526507 1.15684407943e-07 823.308023262 
52 0.000109606526621 7.43181548565e-08 823.308023303 
53 0.000109606526507 4.78905986115e-08 823.308023329 
54 0.000109606526507 2.86536439846e-08 823.308023349 
55 0.000109606526507 6.38819405318e-09 823.308023371 
56 0.000109606526507 -1.06939255952e-08 823.308023388 
57 0.000109606526507 -2.25927149604e-08 823.3080234 
58 0.000109606526394 -2.93081740425e-08 823.308023407 
59 0.000109606526394 -3.08403028415e-08 823.308023408 
60 0.000109606526394 -2.71891013574e-08 823.308023404 
61 0.000109606526507 -2.25930497193e-08 823.3080234 
62 0.000109606526394 -2.48871871179e-08 823.308023402 
63 0.000109606526394 -2.58348101414e-08 823.308023403 
64 0.000109606526394 -2.54359187899e-08 823.308023403 
65 0.000109606526394 -2.36905130633e-08 823.308023401 
66 0.000109606526394 -2.05985929615e-08 823.308023398 
67 0.000109606526394 -1.61601584847e-08 823.308023393 
68 0.000109606526621 -1.28571516814e-08 823.30802339 
69 0.000109606526621 -1.13739944956e-08 823.308023389 
70 0.000109606526621 -9.8908373097e-09 823.308023387 
