Time S I R
0  989.924795739 1 0
1 107.920474218 720.839313062 162.165008459 
2 0.338052790249 406.503144427 584.083598522 
3 0.0191383089319 196.738580096 794.167077335 
4 0.00476994154428 95.1359412366 895.784084561 
5 0.00243903998523 46.0017762737 944.920580426 
6 0.00176283963685 22.2432729961 968.679759904 
7 0.00150669969878 10.7552476596 980.16804138 
8 0.0013965486097 5.20045541057 985.72294378 
9 0.00134621334325 2.51455757307 988.408891953 
10 0.00132252993251 1.2158550751 989.707618134 
11 0.00131122831465 0.587897975348 990.335586536 
12 0.00130579838401 0.284264119954 990.639225821 
13 0.00130318094284 0.137449162513 990.786043396 
14 0.00130191722258 0.0664602216943 990.8570336 
15 0.00130130662171 0.0321352563792 990.891359176 
16 0.00130101148295 0.0155382376349 990.90795649 
17 0.00130086879926 0.00751312648981 990.915981744 
18 0.00130079981545 0.00363288539617 990.919862054 
19 0.00130076646019 0.0017566159038 990.921738357 
20 0.00130075033201 0.000849364833196 990.922645624 
21 0.00130074253332 0.000410676962893 990.92308432 
22 0.00130073876289 0.000198573146364 990.923296427 
23 0.00130073693811 9.59258408561e-05 990.923399077 
24 0.00130073605806 4.64226413827e-05 990.923448581 
25 0.00130073563241 2.24746452014e-05 990.923472529 
26 0.00130073542755 1.09440100822e-05 990.92348406 
27 0.00130073532659 5.2675241356e-06 990.923489737 
28 0.00130073527748 2.4955525411e-06 990.923492509 
29 0.00130073525418 1.18545869355e-06 990.923493819 
30 0.0013007352436 5.93282025335e-07 990.923494411 
31 0.00130073523849 2.9879247799e-07 990.923494705 
32 0.00130073523565 1.477450872e-07 990.923494856 
33 0.00130073523439 7.29424331782e-08 990.923494931 
34 0.00130073523371 3.6232413738e-08 990.923494968 
35 0.00130073523326 3.85906743371e-09 990.923495 
36 0.00130073523292 -1.9121994827e-08 990.923495023 
37 0.00130073523258 -2.97564337932e-08 990.923495034 
38 0.00130073523269 -2.8044249465e-08 990.923495032 
39 0.0013007352328 -2.28188762803e-08 990.923495027 
40 0.00130073523269 -2.49971739755e-08 990.923495029 
41 0.0013007352328 -2.40159211043e-08 990.923495028 
42 0.0013007352328 -1.98751176669e-08 990.923495024 
43 0.00130073523303 -1.25747636632e-08 990.923495017 
44 0.00130073523303 -1.05188984609e-08 990.923495015 
45 0.00130073523314 -8.34025440573e-09 990.923495012 
46 0.00130073523314 -6.1616103506e-09 990.92349501 
47 0.00130073523326 -3.98296629547e-09 990.923495008 
48 0.00130073523314 -2.96220079195e-09 990.923495007 
49 0.00130073523314 -2.89649295345e-09 990.923495007 
50 0.00130073523314 -2.83078511495e-09 990.923495007 
51 0.00130073523314 -2.76507727645e-09 990.923495007 
52 0.00130073523314 -2.69936943795e-09 990.923495007 
53 0.00130073523314 -2.63366159945e-09 990.923495007 
54 0.00130073523314 -2.56795376094e-09 990.923495007 
55 0.00130073523314 -2.50224592244e-09 990.923495007 
56 0.00130073523314 -2.43653808394e-09 990.923495007 
57 0.00130073523314 -2.37083024544e-09 990.923495006 
58 0.00130073523314 -2.30512240694e-09 990.923495006 
59 0.00130073523314 -2.23941456844e-09 990.923495006 
60 0.00130073523314 -2.17370672994e-09 990.923495006 
61 0.00130073523314 -2.10799889144e-09 990.923495006 
62 0.00130073523314 -2.04229105294e-09 990.923495006 
63 0.00130073523314 -1.97658321443e-09 990.923495006 
64 0.00130073523314 -1.91087537593e-09 990.923495006 
65 0.00130073523314 -1.84516753743e-09 990.923495006 
66 0.00130073523314 -1.77945969893e-09 990.923495006 
67 0.00130073523314 -1.71375186043e-09 990.923495006 
68 0.00130073523314 -1.64804402193e-09 990.923495006 
69 0.00130073523314 -1.58233618343e-09 990.923495006 
70 0.00130073523314 -1.51662834493e-09 990.923495006 
