Time S I R
0  814.231204288 1 0
1 590.938965038 219.289182993 5.00305625665 
2 8.27963473302 735.332119321 71.6194502342 
3 0.0546174513731 665.190489766 149.986097071 
4 0.000588909973203 594.992933328 220.23768205 
5 1.32425142283e-05 532.159885174 283.071305871 
6 0 475.961621757 339.269582531 
7 0 425.697984133 389.533220156 
8 0 380.742330484 434.488873804 
9 0 340.534264583 474.696939705 
10 0 304.57221128 510.658993008 
11 0 272.407662104 542.823542184 
12 0 243.640687199 571.59051709 
13 0 217.911678529 597.319525759 
14 0 194.899266904 620.331937384 
15 0 174.317056318 640.91414797 
16 0 155.908416826 659.322787462 
17 0 139.443809844 675.787394444 
18 0 124.717951106 690.513253182 
19 0 111.547197841 703.684006447 
20 0 99.7673117741 715.463892514 
21 0 89.2314357166 725.999768571 
22 0 79.8081942175 735.423010071 
23 0 71.3801010487 743.851103239 
24 0 63.8420518503 751.389152438 
25 0 57.100048026 758.131156262 
26 0 51.0700324611 764.161171827 
27 0 45.6768133873 769.554390901 
28 0 40.8531408675 774.378063421 
29 0 36.538868513 778.692335775 
30 0 32.6801966994 782.551007589 
31 0 29.229024522 786.002179766 
32 0 26.1423100173 789.088894271 
33 0 23.3815666882 791.8496376 
34 0 20.9123696248 794.318834663 
35 0 18.7039297362 796.527274552 
36 0 16.728712462 798.502491826 
37 0 14.96208585 800.269118438 
38 0 13.3820241788 801.849180109 
39 0 11.968822039 803.262382249 
40 0 10.7048620706 804.526342218 
41 0 9.5743806289 805.656823659 
42 0 8.56328408068 806.667920207 
43 0 7.65896318192 807.572241106 
44 0 6.85014272187 808.381061566 
45 0 6.12673732545 809.104466963 
46 0 5.47972656351 809.751477725 
47 0 4.90104338074 810.330160907 
48 0 4.38347120655 810.847733082 
49 0 3.92055746532 811.310646823 
50 0 3.50652895573 811.724675332 
51 0 3.13622417568 812.094980112 
52 0 2.80502485233 812.426179436 
53 0 2.50880190473 812.722402383 
54 0 2.24386125465 812.987343033 
55 0 2.00689956598 813.224304722 
56 0 1.79496210646 813.436242182 
57 0 1.60540609625 813.625798192 
58 0 1.43586816386 813.795336124 
59 0 1.2842340385 813.94697025 
60 0 1.14861330821 814.08259098 
61 0 1.02731457822 814.20388971 
62 0 0.918825667319 814.312378621 
63 0 0.821793561175 814.409410727 
64 0 0.735008547658 814.49619574 
65 0 0.657388376964 814.573815911 
66 0 0.587965249413 814.643239039 
67 0 0.525873523657 814.705330764 
68 0 0.470338929922 814.760865358 
69 0 0.42066905688 814.810535231 
70 0 0.376244381391 814.854959907 
