Time S I R
0  875.336705055 1 0
1 166.491451437 652.202292034 57.642961584 
2 0.22198560399 588.542015368 287.572704083 
3 0.00167768147776 418.981706372 457.353321002 
4 2.19192854729e-05 298.154360784 578.182322352 
5 8.18461739982e-06 212.170690461 664.166006409 
6 3.28598343913e-06 150.983795342 725.352906427 
7 2.40057761403e-06 107.442222434 768.89448022 
8 3.27167481373e-06 76.457396543 799.87930524 
9 2.22144797135e-06 54.4081314159 821.928571418 
10 1.35205675633e-06 38.7175903321 837.619113371 
11 1.02121191503e-06 27.5519800199 848.784724014 
12 8.04501496532e-07 19.6063621306 856.73034212 
13 6.77279672345e-07 13.9521603403 862.384544038 
14 6.05694140177e-07 9.9285494375 866.408155012 
15 5.57163730264e-07 7.0652936144 869.271410884 
16 5.25579139321e-07 5.02776025427 871.308944275 
17 5.04101421939e-07 3.57782408047 872.758880471 
18 4.8934350616e-07 2.54602883396 873.790675732 
19 4.79107256979e-07 1.81178956079 874.524915015 
20 4.71953399028e-07 1.28929436142 875.047410222 
21 4.66927872367e-07 0.917479815305 875.419224773 
22 4.63384253635e-07 0.652891266102 875.683813326 
23 4.60879050479e-07 0.464606497948 875.872098096 
24 4.59104398942e-07 0.330620392297 876.006084204 
25 4.57845771962e-07 0.235274055309 876.101430542 
26 4.56952193417e-07 0.16742411725 876.169280481 
27 4.56317366115e-07 0.119141355043 876.217563244 
28 4.55866143056e-07 0.0847825915142 876.251922008 
29 4.555453188e-07 0.0603324788211 876.276372121 
30 4.55317149317e-07 0.0429334180906 876.293771182 
31 4.55154804513e-07 0.0305520055281 876.306152594 
32 4.55039298686e-07 0.0217412293954 876.314963371 
33 4.54957103102e-07 0.0154713595325 876.321233241 
34 4.54898554381e-07 0.0110096285168 876.325694972 
35 4.54857172372e-07 0.0078346056611 876.328869995 
36 4.54827500107e-07 0.00557519545555 876.331129405 
37 4.54806468042e-07 0.00396740159786 876.332737199 
38 4.54791347693e-07 0.00282333466549 876.333881266 
39 4.5478066113e-07 0.0020091354916 876.334695465 
40 4.54773044112e-07 0.00142973191664 876.335274868 
41 4.5476770083e-07 0.00101741876203 876.335687182 
42 4.54763721791e-07 0.000724014114876 876.335980586 
43 4.54760993307e-07 0.000515113232705 876.336189487 
44 4.54759174318e-07 0.000366525894281 876.336338074 
45 4.54757810076e-07 0.000260841899416 876.336443758 
46 4.54756900581e-07 0.000185620124975 876.33651898 
47 4.5475621846e-07 0.000132054819501 876.336572546 
48 4.54755650026e-07 9.39908888599e-05 876.336610609 
49 4.54755308965e-07 6.69382820923e-05 876.336637662 
50 4.54755081591e-07 4.76736024377e-05 876.336656927 
51 4.54754854218e-07 3.39394947539e-05 876.336670661 
52 4.54754740531e-07 2.41579753245e-05 876.336680442 
53 4.54754513157e-07 1.72124068343e-05 876.336687388 
54 4.54754513157e-07 1.22831677036e-05 876.336692317 
55 4.54754513157e-07 8.76615866927e-06 876.336695834 
56 4.54754513157e-07 6.25106681687e-06 876.336698349 
57 4.54754513157e-07 4.42589274334e-06 876.336700174 
58 4.5475439947e-07 3.07927941318e-06 876.336701521 
59 4.5475439947e-07 2.20584023666e-06 876.336702394 
60 4.5475439947e-07 1.54983956779e-06 876.33670305 
61 4.5475439947e-07 1.09079087221e-06 876.33670351 
62 4.5475439947e-07 7.76240884162e-07 876.336703824 
63 4.5475439947e-07 5.62099559394e-07 876.336704038 
64 4.5475439947e-07 4.07620576525e-07 876.336704193 
65 4.5475439947e-07 2.96905341151e-07 876.336704303 
66 4.54754513157e-07 2.14510175924e-07 876.336704386 
67 4.5475439947e-07 1.54344758382e-07 876.336704446 
68 4.54754513157e-07 1.10964085937e-07 876.336704489 
69 4.54754513157e-07 7.94553173868e-08 876.336704521 
70 4.54754513157e-07 5.7303552307e-08 876.336704543 
