Time S I R
0  822.164191119 1 0
1 820.455139319 1.54794640642 1.16110539402 
2 817.821294632 2.38765007315 2.95524641403 
3 813.786253017 3.66283545261 5.71510265025 
4 807.660319446 5.57252921293 9.93134246071 
5 798.48630164 8.37224312976 16.3056463495 
6 785.023593641 12.3469278786 25.7936695999 
7 765.839817248 17.7257179208 39.5986559509 
8 739.605910985 24.5107490332 59.0475311013 
9 705.647411444 32.2429557309 85.273823944 
10 664.611595243 39.8482650034 118.704330873 
11 618.823809268 45.8057915328 158.534590319 
12 571.876048722 48.7293434279 202.55879897 
13 527.510038727 48.0354787073 247.618673686 
14 488.488080001 44.1747020623 290.501409056 
15 456.107709769 38.2850193538 328.771461997 
16 430.40006903 31.6217709519 361.142351137 
17 410.63230383 25.1547079509 387.377179339 
18 395.769142001 19.446534386 407.948514733 
19 384.765386705 14.716582089 423.682222326 
20 376.704992895 10.9636183285 435.495579895 
21 370.84358242 8.07468462739 444.245924072 
22 366.602662982 5.89777765984 450.663750478 
23 363.544928403 4.28198035062 455.337282366 
24 361.345654856 3.09545072731 458.723085536 
25 359.766538137 2.2307675388 461.166885444 
26 358.634073661 1.60404617415 462.926071284 
27 357.822631555 1.15155846915 464.190001096 
28 357.241551913 0.82576806318 465.096871144 
29 356.825619921 0.591663446309 465.746907752 
30 356.527988397 0.423678861456 466.212523861 
31 356.315056915 0.303260996509 466.545873208 
32 356.162746017 0.217003312306 466.78444179 
33 356.053808719 0.155246734689 466.955135665 
34 355.975900392 0.111048454006 467.077242273 
35 355.920185611 0.0794244557668 467.164581053 
36 355.880344159 0.0568018575266 467.227045103 
37 355.851854238 0.0406205528399 467.271716329 
38 355.831482342 0.0290478152708 467.303660962 
39 355.816915272 0.0207715247473 467.326504323 
40 355.806499011 0.0148529474929 467.34283916 
41 355.79905102 0.0106206642194 467.354519435 
42 355.793725429 0.00759427430354 467.362871416 
43 355.789917717 0.00543037706352 467.368843025 
44 355.787194784 0.00388291314349 467.373113423 
45 355.785247712 0.00277635732775 467.37616705 
46 355.783855604 0.00198518735469 467.378350328 
47 355.78286015 0.00141944084799 467.379911528 
48 355.782148393 0.00101492476184 467.381027802 
49 355.781639516 0.000725711127561 467.381825892 
50 355.781275606 0.000518887373715 467.382396626 
51 355.781015408 0.000371006331832 467.382804705 
52 355.780829378 0.000265277804258 467.383096463 
53 355.780696353 0.000189673989989 467.383305092 
54 355.78060124 0.000135617467922 467.383454261 
55 355.780533249 9.69750043103e-05 467.383560895 
56 355.780484616 6.93345895715e-05 467.383637169 
57 355.780449774 4.95324480691e-05 467.383691813 
58 355.780424921 3.54072745864e-05 467.383730792 
59 355.780407204 2.53380759233e-05 467.383758578 
60 355.780394496 1.81158255019e-05 467.383778507 
61 355.780385441 1.29691146174e-05 467.38379271 
62 355.780378958 9.28474091526e-06 467.383802877 
63 355.780374336 6.65807483657e-06 467.383810125 
64 355.780371041 4.78510929117e-06 467.383815293 
65 355.780368628 3.4136823361e-06 467.383819078 
66 355.780366781 2.36422366117e-06 467.383821974 
67 355.780365638 1.71439766516e-06 467.383823767 
68 355.780364763 1.21709648241e-06 467.383825139 
69 355.780364127 8.55497428403e-07 467.383826137 
70 355.780363698 6.1169977843e-07 467.38382681 
