Time S I R
0  995.288792765 1 0
1 966.819161163 25.6656584994 3.80397310227 
2 562.22184433 359.205706018 74.8612424168 
3 73.0291801916 580.870907266 342.388705307 
4 11.3005851868 398.013431893 586.974775685 
5 3.38859775775 248.053842673 744.846352334 
6 1.61017271955 152.297108335 842.38151171 
7 1.02072325837 93.1342341428 902.133835364 
8 0.772605388988 56.8706190479 938.645568328 
9 0.65180992019 34.7039168994 960.933065945 
10 0.58758179354 21.1700835805 974.531127391 
11 0.551551289 12.9117743514 982.825467124 
12 0.530670528452 7.87415352964 987.883968707 
13 0.518327105806 4.80170115315 990.968764506 
14 0.510941455752 2.92799464635 992.849856663 
15 0.506489634663 1.78540172632 993.996901404 
16 0.503794134813 1.08866904346 994.696329586 
17 0.502157577711 0.663823116081 995.122812071 
18 0.501162289465 0.404768528646 995.382861947 
19 0.500556378344 0.246808307357 995.541428079 
20 0.500187282983 0.150491510333 995.638113971 
21 0.499962360282 0.0917621124309 995.697068292 
22 0.499825263645 0.0559518942035 995.733015607 
23 0.499741687566 0.0341166300155 995.754934447 
24 0.499690733965 0.0208025842781 995.768299447 
25 0.4996596676 0.012684353378 995.776448744 
26 0.499640725841 0.00773426385047 995.781417775 
27 0.499629176848 0.00471604822198 995.78444754 
28 0.499622134738 0.00287562770057 995.786295002 
29 0.499617840934 0.00175345072379 995.787421473 
30 0.499615222687 0.00106917227498 995.78810837 
31 0.499613626078 0.000651897035692 995.788527242 
32 0.499612652637 0.000397486569749 995.788782626 
33 0.499612059074 0.000242357693827 995.788938348 
34 0.499611697147 0.000147767182781 995.7890333 
35 0.499611476185 9.00183385082e-05 995.78909127 
36 0.499611341918 5.49273691574e-05 995.789126495 
37 0.499611260032 3.35261477303e-05 995.789147979 
38 0.499611210073 2.04691698764e-05 995.789161086 
39 0.499611179757 1.25462033612e-05 995.789169039 
40 0.499611161046 7.65588067954e-06 995.789173948 
41 0.499611149204 4.56108685739e-06 995.789177054 
42 0.49961114239 2.7803160534e-06 995.789178842 
43 0.499611138111 1.66189630909e-06 995.789179965 
44 0.499611135648 1.01805076894e-06 995.789180611 
45 0.499611134202 6.40198889468e-07 995.78918099 
46 0.499611133292 4.02513527242e-07 995.789181229 
47 0.49961113271 2.50300858076e-07 995.789181382 
48 0.499611132344 1.54688748334e-07 995.789181478 
49 0.499611132118 9.56580846928e-08 995.789181537 
50 0.499611131979 5.93216630734e-08 995.789181573 
51 0.499611131893 3.68488851033e-08 995.789181596 
52 0.499611131799 1.21787529408e-08 995.789181621 
53 0.499611131722 -7.87504027131e-09 995.789181641 
54 0.499611131669 -2.17235064233e-08 995.789181655 
55 0.49961113164 -2.93666455151e-08 995.789181662 
56 0.499611131634 -3.08044575467e-08 995.789181664 
57 0.499611131653 -2.60369425181e-08 995.789181659 
58 0.499611131662 -2.35135327061e-08 995.789181657 
59 0.499611131654 -2.56068260028e-08 995.789181659 
60 0.499611131652 -2.60797193237e-08 995.789181659 
61 0.499611131657 -2.49322126688e-08 995.789181658 
62 0.499611131667 -2.2164306038e-08 995.789181655 
63 0.499611131684 -1.77759994313e-08 995.789181651 
64 0.499611131701 -1.33831583052e-08 995.789181646 
65 0.499611131707 -1.17414088096e-08 995.789181645 
66 0.499611131714 -1.0099659314e-08 995.789181643 
67 0.49961113172 -8.45790981833e-09 995.789181642 
68 0.499611131726 -6.81616032271e-09 995.78918164 
69 0.499611131732 -5.17441082708e-09 995.789181638 
70 0.499611131739 -3.53266133146e-09 995.789181637 
