Time S I R
0  933.647907898 1 0
1 915.51061118 16.6914314599 2.44586525768 
2 691.864673394 205.416164257 37.3670702467 
3 162.995539233 554.042488204 217.609880461 
4 25.8298453555 461.526301609 447.291760934 
5 6.72069604029 312.777219741 615.149992116 
6 2.74646145359 205.176929127 726.724517317 
7 1.53100948883 133.527730948 799.589167461 
8 1.04725910733 86.66172017 846.93892862 
9 0.818641944953 56.1786502551 877.650615698 
10 0.697868350295 36.3965600915 897.553479456 
11 0.629313277928 23.5727167765 910.445877843 
12 0.588551055028 15.2643324561 918.795024387 
13 0.563576647946 9.88319031712 924.201140933 
14 0.547975156939 6.39862323941 927.701309501 
15 0.538105290464 4.14243325311 929.967369354 
16 0.531810835412 2.68171905831 931.434378004 
17 0.527775297827 1.73605390451 932.384078695 
18 0.525179181497 1.12384922107 932.998879495 
19 0.523505384421 0.727528030311 933.396874483 
20 0.522424694426 0.470965844056 933.654517359 
21 0.521726300032 0.304879184279 933.821302414 
22 0.521274693526 0.197362758418 933.929270446 
23 0.520982555167 0.127761979506 933.999163363 
24 0.520793528274 0.0827061854024 934.044408184 
25 0.520671199275 0.0535395105263 934.073697188 
26 0.520592025358 0.0346585514491 934.092657321 
27 0.520540778905 0.0224360421706 934.104931077 
28 0.520507607483 0.0145238644565 934.112876426 
29 0.520486135254 0.00940195379335 934.118019809 
30 0.520472235768 0.00608630583407 934.121349356 
31 0.520463238225 0.00393994294098 934.123504717 
32 0.520457414145 0.00255058907979 934.124899895 
33 0.520453643585 0.00165110099463 934.125803153 
34 0.520451202835 0.0010688429843 934.126387852 
35 0.520449622794 0.000691911539346 934.126766363 
36 0.520448599548 0.00044780768162 934.127011491 
37 0.52044793755 0.000289882121788 934.127170078 
38 0.520447509038 0.000187656660634 934.127272732 
39 0.520447231435 0.000121431772117 934.127339235 
40 0.520447052106 7.86511351138e-05 934.127382195 
41 0.520446936103 5.09777078723e-05 934.127409984 
42 0.520446860824 3.30190024458e-05 934.127428018 
43 0.520446812074 2.13894009012e-05 934.127439696 
44 0.520446780583 1.38767741727e-05 934.12744724 
45 0.520446760211 9.01700381564e-06 934.127452121 
46 0.520446746929 5.84832936078e-06 934.127455303 
47 0.520446738173 3.7596002418e-06 934.1274574 
48 0.520446732486 2.40279052254e-06 934.127458763 
49 0.520446728852 1.53583817218e-06 934.127459633 
50 0.520446726536 9.83262796146e-07 934.127460188 
51 0.520446725096 6.39730323288e-07 934.127460533 
52 0.520446724197 4.25427511876e-07 934.127460748 
53 0.520446723602 2.83358358374e-07 934.127460891 
54 0.520446723198 1.87060077687e-07 934.127460988 
55 0.520446722927 1.22389102822e-07 934.127461053 
56 0.52044672275 8.00619670377e-08 934.127461095 
57 0.520446722635 5.26461029633e-08 934.127461123 
58 0.520446722544 3.08946916436e-08 934.127461144 
59 0.520446722444 7.18337406112e-09 934.127461168 
60 0.520446722368 -1.09341949184e-08 934.127461186 
61 0.520446722316 -2.34580152949e-08 934.127461199 
62 0.520446722287 -3.03880870685e-08 934.127461206 
63 0.520446722281 -3.1724410239e-08 934.127461207 
64 0.520446722299 -2.74669848066e-08 934.127461203 
65 0.520446722311 -2.46911483076e-08 934.1274612 
66 0.5204467223 -2.71748351133e-08 934.127461203 
67 0.520446722296 -2.81459166685e-08 934.127461204 
68 0.520446722298 -2.76043929732e-08 934.127461203 
69 0.520446722307 -2.55502640274e-08 934.127461201 
70 0.520446722322 -2.1983529831e-08 934.127461197 
