Time S I R
0  843.012872012 1 0
1 786.003590136 55.1835653634 2.82571651304 
2 165.736894246 612.634858604 65.6411191623 
3 5.71885209102 636.791088535 201.502931386 
4 0.301055884195 523.390287888 320.32152824 
5 0.0271458835228 426.583453241 417.402272887 
6 0.00384380316598 347.508896139 496.50013207 
7 0.000748530274791 283.078233055 560.933890427 
8 0.000247361062179 230.591506046 613.421118605 
9 9.60945103543e-05 187.83643375 656.176342168 
10 4.16088490738e-05 153.008830679 691.003999725 
11 2.19591851192e-05 124.638700857 719.374149196 
12 1.13799652581e-05 101.528815813 742.48404482 
13 7.27487372387e-06 82.7038194076 761.30904533 
14 4.98264421367e-06 67.3692581438 776.643608886 
15 3.6405906485e-06 54.8779799003 789.134888471 
16 2.82198277546e-06 44.7028071801 799.31006201 
17 2.29893271353e-06 36.4142342866 807.598635427 
18 1.94494566585e-06 29.6624903189 814.350379749 
19 1.69827364971e-06 24.1626687338 819.85020158 
20 1.51876292875e-06 19.6824870345 824.330383459 
21 1.38801010507e-06 16.033082076 827.979788548 
22 1.28938938815e-06 13.0603035045 830.952567218 
23 1.21429116007e-06 10.6387268922 833.374143906 
24 1.15636407827e-06 8.66614678868 835.346724067 
25 1.11122631097e-06 7.05931410105 836.9535568 
26 1.07576317987e-06 5.75041237552 838.262458561 
27 1.04771345377e-06 4.68420025466 839.32867071 
28 1.02540582247e-06 3.81568010173 840.197190885 
29 1.00758586541e-06 3.10819630053 840.904674704 
30 9.93298840513e-07 2.53188979561 841.480981223 
31 9.81810671874e-07 2.06243741254 841.950433618 
32 9.72550878942e-07 1.68003015402 842.332840886 
33 9.65072558756e-07 1.36852702867 842.644344019 
34 9.59023509495e-07 1.11478134931 842.898089704 
35 9.54123947849e-07 0.908083927494 843.104787131 
36 9.50151161305e-07 0.739710673817 843.273160388 
37 9.46927571022e-07 0.602556874446 843.410314191 
38 9.44309590523e-07 0.490833663278 843.522037405 
39 9.42182396102e-07 0.399825546687 843.613045523 
40 9.404532193e-07 0.325691681714 843.68717939 
41 9.39046913118e-07 0.265303469684 843.747567604 
42 9.3790288247e-07 0.216112082231 843.796758992 
43 9.36972014642e-07 0.176041576506 843.836829499 
44 9.36214519243e-07 0.143400766541 843.86947031 
45 9.35597881835e-07 0.116812055262 843.896059021 
46 9.35095727073e-07 0.0951532981249 843.917717779 
47 9.34687022891e-07 0.0775104032852 843.935360674 
48 9.34354261517e-07 0.0631387720768 843.949732306 
49 9.34083345783e-07 0.0514318802697 843.961439198 
50 9.33862565944e-07 0.0418956254541 843.970975453 
51 9.33682827053e-07 0.0341275326374 843.978743546 
52 9.33536398406e-07 0.0277997595874 843.985071319 
53 9.33417140914e-07 0.022645252778 843.990225826 
54 9.33320166041e-07 0.0184464747786 843.994424604 
55 9.33240926315e-07 0.0150262168077 843.997844862 
56 9.33176465878e-07 0.0122401264593 844.000630953 
57 9.33124056246e-07 0.00997061858222 844.002900461 
58 9.33081423682e-07 0.00812191106516 844.004749168 
59 9.3304663551e-07 0.00661598294155 844.006255096 
60 9.33018327487e-07 0.00538927859615 844.007481801 
61 9.32995021685e-07 0.00439001348624 844.008481066 
62 9.32976263357e-07 0.00357601058811 844.009295069 
63 9.32960915634e-07 0.0029130022279 844.009958077 
64 9.32948296395e-07 0.00237292391253 844.010498155 
65 9.32938178266e-07 0.00193299843959 844.010938081 
66 9.32929879127e-07 0.00157458252922 844.011296497 
67 9.32923057917e-07 0.00128262144864 844.011588458 
68 9.32917600949e-07 0.00104481084419 844.011826269 
69 9.32913167162e-07 0.000851080087418 844.012019999 
70 9.32909415496e-07 0.000693279786744 844.0121778 
