Time S I R
0  820.96791761 1 0
1 505.861524891 269.193335576 46.9130571428 
2 10.9248295569 392.558610739 418.484477314 
3 1.07798428896 178.022400034 642.867533287 
4 0.383824197454 78.6580734872 742.926019925 
5 0.243383006966 34.6578358875 787.066698716 
6 0.199131416686 15.2601765191 806.508609674 
7 0.182293400034 6.71759447196 815.068029738 
8 0.175340221248 2.95683434498 818.835743044 
9 0.17236442328 1.30143558724 820.494117599 
10 0.171070711525 0.572810544853 821.224036354 
11 0.170504385119 0.252113509187 821.545299716 
12 0.170255720337 0.110963283922 821.686698606 
13 0.170146390085 0.0488384902021 821.74893273 
14 0.170098292627 0.0214953708857 821.776323946 
15 0.170077127674 0.00946076536635 821.788379717 
16 0.170067813354 0.00416407378277 821.793685723 
17 0.170063713877 0.00183276793826 821.796021128 
18 0.17006190954 0.000806652841991 821.797049048 
19 0.170061115349 0.000354998294681 821.797501496 
20 0.170060765888 0.000156259545915 821.797700585 
21 0.170060611915 6.86948582447e-05 821.797788303 
22 0.170060544388 3.02922358522e-05 821.797826773 
23 0.170060514681 1.33978621032e-05 821.797843697 
24 0.170060501484 5.89293909823e-06 821.797851216 
25 0.170060495579 2.53441806659e-06 821.79785458 
26 0.170060493053 1.09797856422e-06 821.797856019 
27 0.170060492015 5.07750922338e-07 821.79785661 
28 0.170060491529 2.31604702713e-07 821.797856887 
29 0.170060491305 1.04060053138e-07 821.797857015 
30 0.170060491205 4.73006024196e-08 821.797857071 
31 0.17006049114 1.00628155231e-08 821.797857109 
32 0.17006049109 -1.84438744514e-08 821.797857137 
33 0.170060491069 -3.04246555062e-08 821.797857149 
34 0.170060491077 -2.58795276414e-08 821.797857145 
35 0.170060491079 -2.46468756451e-08 821.797857144 
36 0.170060491077 -2.54824194724e-08 821.797857144 
37 0.170060491083 -2.20376804484e-08 821.797857141 
38 0.170060491097 -1.43126585733e-08 821.797857133 
39 0.170060491103 -1.10465172256e-08 821.79785713 
40 0.170060491107 -8.43228955555e-09 821.797857127 
41 0.170060491112 -5.81806188554e-09 821.797857125 
42 0.170060491116 -3.20383421552e-09 821.797857122 
43 0.170060491116 -3.10596609425e-09 821.797857122 
44 0.170060491117 -3.02593098804e-09 821.797857122 
45 0.170060491117 -2.94589588183e-09 821.797857122 
46 0.170060491117 -2.86586077562e-09 821.797857122 
47 0.170060491117 -2.78582566941e-09 821.797857122 
48 0.170060491117 -2.7057905632e-09 821.797857122 
49 0.170060491117 -2.62575545699e-09 821.797857121 
50 0.170060491118 -2.54572035078e-09 821.797857121 
51 0.170060491118 -2.46568524457e-09 821.797857121 
52 0.170060491118 -2.38565013836e-09 821.797857121 
53 0.170060491118 -2.30561503216e-09 821.797857121 
54 0.170060491118 -2.22557992595e-09 821.797857121 
55 0.170060491118 -2.14554481974e-09 821.797857121 
56 0.170060491118 -2.06550971353e-09 821.797857121 
57 0.170060491118 -1.98547460732e-09 821.797857121 
58 0.170060491119 -1.90543950111e-09 821.797857121 
59 0.170060491119 -1.8254043949e-09 821.797857121 
60 0.170060491119 -1.74536928869e-09 821.797857121 
61 0.170060491119 -1.66533418248e-09 821.797857121 
62 0.170060491119 -1.58529907627e-09 821.79785712 
63 0.170060491119 -1.50526397006e-09 821.79785712 
64 0.170060491119 -1.42522886385e-09 821.79785712 
65 0.17006049112 -1.34519375764e-09 821.79785712 
66 0.17006049112 -1.26515865143e-09 821.79785712 
67 0.17006049112 -1.18512354522e-09 821.79785712 
68 0.17006049112 -1.10508843902e-09 821.79785712 
69 0.17006049112 -1.02505333281e-09 821.79785712 
70 0.17006049112 -9.45018226596e-10 821.79785712 
