Time S I R
0  923.442788096 1 0
1 919.60627522 4.12484611647 0.711666759959 
2 904.071625653 16.7471666771 3.62399576615 
3 845.44103714 63.9161169903 15.0856339654 
4 671.600987671 198.406655787 54.4351446385 
5 383.366235484 390.799146112 150.2774065 
6 166.592925864 465.104150713 292.745711519 
7 71.730267757 415.924577547 436.787942792 
8 35.402701908 331.545814783 557.494271405 
9 20.4452154811 252.650014743 651.347557872 
10 13.5142476966 188.811053574 722.117486825 
11 9.93339111769 139.769542266 774.739854713 
12 7.9139321616 102.938554156 813.590301778 
13 6.69590525936 75.5876577393 842.159225097 
14 5.92326467373 55.4019258836 863.117597539 
15 5.4144814689 40.558568901 878.469737726 
16 5.07007383144 29.6685170677 889.704197197 
17 4.83215421174 21.6906977432 897.919936141 
18 4.66533694666 15.852114101 903.925337048 
19 4.54709339598 11.5820459884 908.313648712 
20 4.46260818152 8.46059872252 911.519581192 
21 4.40189077371 6.17956683369 913.861330489 
22 4.35806816849 4.513075093 915.571644835 
23 4.32634056815 3.29576628072 916.820681247 
24 4.30331740379 2.40667759441 917.732793098 
25 4.28658289701 1.75737049656 918.398834703 
26 4.27440454501 1.28320775827 918.885175793 
27 4.26553400004 0.93696164003 919.240292456 
28 4.25906867199 0.684133123479 919.499586301 
29 4.25435415498 0.49952223857 919.688911703 
30 4.25091514338 0.36472514187 919.827147811 
31 4.24840592142 0.266301889038 919.928080286 
32 4.2465747661 0.194437902934 920.001775427 
33 4.24523826605 0.14196667041 920.05558316 
34 4.24426269974 0.103655073338 920.094870323 
35 4.24355054664 0.0756823052921 920.123555244 
36 4.24303065317 0.0552582905271 920.144499152 
37 4.24265110224 0.0403460100641 920.159790984 
38 4.24237399985 0.0294579939452 920.170956102 
39 4.2421716895 0.0215082753144 920.179108131 
40 4.24202398193 0.0157039094824 920.185060205 
41 4.24191613915 0.0114659525485 920.189406004 
42 4.24183740117 0.00837167303999 920.192579022 
43 4.24177991285 0.00611243487726 920.194895748 
44 4.24173793924 0.00446289061332 920.196587266 
45 4.24170729224 0.00325846657013 920.197822337 
46 4.24168491838 0.00237917074168 920.198724007 
47 4.24166858279 0.00173717626254 920.199382337 
48 4.24165665387 0.00126836433697 920.199863078 
49 4.24164794419 0.000926068969223 920.200214083 
50 4.24164158512 0.000676153160476 920.200470358 
51 4.24163694227 0.000493686036704 920.200657468 
52 4.24163355136 0.000360420649597 920.200794124 
53 4.2416310746 0.000263082085723 920.200893939 
54 4.24162926763 0.000192067048147 920.200966761 
55 4.24162794945 0.000140261529341 920.201019885 
56 4.24162698657 0.000102419468177 920.20105869 
57 4.24162628391 7.48044128748e-05 920.201087008 
58 4.24162577193 5.46830425583e-05 920.201107641 
59 4.24162539844 4.00045499986e-05 920.201122693 
60 4.2416251233 2.91914832734e-05 920.201133781 
61 4.24162491343 2.09434421233e-05 920.201142239 
62 4.24162477469 1.54906788134e-05 920.201147831 
63 4.24162466697 1.12573209627e-05 920.201152172 
64 4.24162458708 8.11748467096e-06 920.201155392 
65 4.24162453134 5.92701343448e-06 920.201157638 
66 4.24162449113 4.34654322271e-06 920.201159258 
67 4.24162446281 3.23368255639e-06 920.2011604 
68 4.24162444173 2.4051433608e-06 920.201161249 
69 4.24162442602 1.78778104488e-06 920.201161882 
70 4.24162441424 1.32481425152e-06 920.201162357 
