Time S I R
0  882.932702545 1 0
1 875.866189272 7.70519115606 0.361322116937 
2 824.674047769 56.1893152286 3.06933954758 
3 569.463310246 294.749883976 19.7195083228 
4 175.578069289 635.728986578 72.6256466779 
5 32.6855649153 703.028659993 148.218477636 
6 6.1732820742 654.597684111 223.16173636 
7 1.34747958906 590.984609191 291.600613765 
8 0.342702547614 530.425393997 353.164606 
9 0.100349353743 475.455701514 408.376651677 
10 0.0333823029689 426.042143675 457.857176567 
11 0.0124600450175 381.72748463 502.19275787 
12 0.0051749795889 342.011660184 541.915867381 
13 0.00233852215115 306.42454255 577.505821473 
14 0.00111839237672 274.53879229 609.392791862 
15 0.000608705564218 245.970304724 637.961789116 
16 0.00038542180971 220.374598375 663.557718748 
17 0.000223907463351 197.44234819 686.490130447 
18 0.000150864244006 176.896386866 707.036164815 
19 0.000110101594032 158.488488173 725.44410427 
20 7.3333675914e-05 141.996137589 741.936491622 
21 5.01318837678e-05 127.219937561 756.712714853 
22 3.91140614511e-05 113.981347978 769.951315453 
23 2.92617681907e-05 102.120377693 781.81229559 
24 2.25459117473e-05 91.4936637325 792.439016267 
25 1.93917662727e-05 81.9727753476 801.959907806 
26 1.64581380204e-05 73.442620491 810.490065596 
27 1.40506338084e-05 65.8001119085 818.132576586 
28 1.22971227938e-05 58.9528970379 824.97979321 
29 1.06993235249e-05 52.8182159652 831.114475881 
30 9.43366012507e-06 47.3219129044 836.610780207 
31 8.37659001718e-06 42.3975571191 841.535137049 
32 7.61223282097e-06 37.9856352943 845.947059639 
33 6.97901748481e-06 34.0328212043 849.899874362 
34 6.44120666493e-06 30.4913391264 853.441356977 
35 5.98690905917e-06 27.3183810968 856.614315461 
36 5.60751004741e-06 24.4756033374 859.4570936 
37 5.30930606146e-06 21.9286506899 862.004046546 
38 5.05556511143e-06 19.6467363654 864.285961124 
39 4.82690745685e-06 17.6022805585 866.33041716 
40 4.63051082988e-06 15.7705719431 868.162125971 
41 4.46527303666e-06 14.1294721704 869.803225909 
42 4.32236845427e-06 12.6591467783 871.273551444 
43 4.19755087933e-06 11.3418254014 872.590872946 
44 4.08872119806e-06 10.1615856435 873.771112813 
45 3.99353086777e-06 9.10416207799 874.828536474 
46 3.91017283619e-06 8.15677508323 875.775923552 
47 3.83712563234e-06 7.30797381394 876.624724894 
48 3.77281958208e-06 6.54749988888 877.385198883 
49 3.71605392502e-06 5.86616134769 878.066537481 
50 3.66592871615e-06 5.25572372337 878.676975156 
51 3.62161222256e-06 4.70880834591 879.223890578 
52 3.58236161446e-06 4.21880578564 879.713893177 
53 3.54755354692e-06 3.77979308055 880.152905917 
54 3.51665551079e-06 3.38646471203 880.546234316 
55 3.4892017311e-06 3.03406613415 880.898632922 
56 3.46478714164e-06 2.71833871848 881.214360362 
57 3.44305817634e-06 2.43546589213 881.49723321 
58 3.42370628914e-06 2.18202932207 881.750669799 
59 3.40646056429e-06 1.95496536017 881.977733778 
60 3.39108328262e-06 1.75153008886 882.181169065 
61 3.37736503297e-06 1.56926424432 882.363434923 
62 3.36512164267e-06 1.40596534186 882.526733838 
63 3.35418997111e-06 1.25965928031 882.673039911 
64 3.34442609073e-06 1.12857813062 882.80412107 
65 3.33570233124e-06 1.01113723867 882.921561971 
66 3.32790568791e-06 0.905917495267 883.026781722 
67 3.32093600264e-06 0.811646867067 883.121052357 
68 3.31470380388e-06 0.727186252742 883.205512978 
69 3.30913007929e-06 0.651514565767 883.28118467 
70 3.30414445671e-06 0.583717449242 883.348981792 
