Time S I R
0  939.148178231 1 0
1 936.151663542 3.40027824435 0.596236444905 
2 926.081900072 11.4523164558 2.61396170319 
3 893.465410787 37.3793089969 9.30345844706 
4 799.217794036 110.829172243 30.1012119524 
5 596.749072314 258.79395865 84.6051472673 
6 343.047113256 409.20501353 187.896051445 
7 167.49684226 451.002879302 321.648456669 
8 82.8551566316 404.322897358 452.970124241 
9 45.5213161282 329.916591904 564.710270199 
10 28.2355059715 258.096201361 653.816470898 
11 19.5109667756 197.864020647 722.773190809 
12 14.7200457147 150.085922514 775.342210002 
13 11.8953792313 113.160388884 815.092410115 
14 10.1331436533 85.0085260722 845.006508505 
15 8.98454319494 63.7117625907 867.451872445 
16 8.2104613889 47.6767995154 884.260917327 
17 7.67543105518 35.6399836037 896.832763572 
18 7.29851623524 26.6225109982 906.227150998 
19 7.02916177862 19.8762442454 913.242772207 
20 6.83459820306 14.8339590061 918.479621022 
21 6.69293055275 11.0678152598 922.387432418 
22 6.58915711069 8.25620775375 925.302813367 
23 6.51280099121 6.15795010064 927.477427139 
24 6.4564299488 4.5924570425 929.09929124 
25 6.4147093492 3.42467714218 930.30879174 
26 6.38377405681 2.55369274335 931.210711431 
27 6.36080406642 1.90413932158 931.883234843 
28 6.3437307841 1.41975941865 932.384688028 
29 6.33103062883 1.0585717577 932.758575844 
30 6.32157804263 0.789256415536 933.037343773 
31 6.31453954638 0.588450541367 933.245188143 
32 6.30929694499 0.438730286782 933.400150999 
33 6.30539107351 0.327101143043 933.515686014 
34 6.30248058028 0.243873190747 933.60182446 
35 6.30031151496 0.181821097748 933.666045618 
36 6.29869484452 0.135557395076 933.713925991 
37 6.29748979817 0.101065010916 933.749623422 
38 6.29659152691 0.0753490891209 933.776237615 
39 6.29592190313 0.0561764698232 933.796079858 
40 6.29542271295 0.0418823189728 933.810873199 
41 6.29505056788 0.0312253000992 933.821902363 
42 6.29477313012 0.02327996477 933.830125136 
43 6.29456629487 0.0173563268653 933.836255609 
44 6.29441209364 0.0129399645485 933.840826173 
45 6.29429713183 0.00964735630902 933.844233743 
46 6.29421142373 0.00719255981307 933.846774247 
47 6.29414752509 0.00536239349504 933.848668312 
48 6.2940998859 0.0039979129713 933.850080432 
49 6.29406436806 0.00298060491902 933.851133258 
50 6.29403789091 0.00222223814021 933.851918102 
51 6.2940181512 0.00165684487788 933.852503235 
52 6.29400343192 0.00123524775847 933.852939551 
53 6.29399245804 0.000920927749681 933.853264845 
54 6.29398427671 0.000686593011724 933.853507361 
55 6.29397817728 0.000511889041259 933.853688165 
56 6.29397362955 0.000381630031398 933.853822971 
57 6.2939702359 0.000284426783221 933.853923568 
58 6.29396770823 0.000212027516633 933.853998495 
59 6.2939658255 0.000158100972402 933.854054304 
60 6.29396441947 0.000117828432816 933.854095983 
61 6.29396337436 8.78935485907e-05 933.854126963 
62 6.29396259513 6.55742410324e-05 933.854150062 
63 6.29396201458 4.89456456917e-05 933.854167271 
64 6.29396158236 3.65657754083e-05 933.854180083 
65 6.29396125657 2.7234326036e-05 933.85418974 
66 6.29396100222 1.99490405695e-05 933.85419728 
67 6.2939608316 1.50620321223e-05 933.854202337 
68 6.29396069659 1.11949284074e-05 933.854206339 
69 6.29396059355 8.24356737815e-06 933.854209394 
70 6.29396052004 6.13815477332e-06 933.854211573 
