Time S I R
0  906.163224066 1 0
1 795.997756385 97.7538414835 13.4116261968 
2 77.1800624965 575.137982437 254.845179132 
3 4.77035008335 359.521626973 542.871247009 
4 0.966637706961 198.147247256 708.049339103 
5 0.403043747445 108.18957032 798.570609998 
6 0.250120652179 58.9666461726 847.946457241 
7 0.192855199823 32.1205789672 874.849789899 
8 0.167388772419 17.4928746469 889.502960646 
9 0.154963582264 9.52559244161 897.482668042 
10 0.148590428272 5.18680643101 901.827827206 
11 0.145231112784 2.82420272101 904.193790232 
12 0.14343404924 1.53774880042 905.482041216 
13 0.142464941897 0.837281672042 906.183477452 
14 0.141940034851 0.455885606419 906.565398424 
15 0.141655046061 0.248221340234 906.773347679 
16 0.141500115664 0.135151744009 906.886572206 
17 0.141415830336 0.0735874796237 906.948220756 
18 0.141369959779 0.0400669426587 906.981787163 
19 0.141344990406 0.0218156517103 907.000063424 
20 0.141331396946 0.0118781926418 907.010014476 
21 0.141323996119 0.00646743795293 907.015432632 
22 0.14131996663 0.0035213535103 907.018382746 
23 0.141317772898 0.00191741260193 907.01998888 
24 0.141316578314 0.00104398489268 907.020863502 
25 0.141315927906 0.000568432150945 907.021339706 
26 0.141315573632 0.000309399903533 907.021599092 
27 0.141315380884 0.000168469325909 907.021740215 
28 0.141315275955 9.17489766742e-05 907.021817041 
29 0.141315218961 5.00766499518e-05 907.02185877 
30 0.141315187745 2.72524289038e-05 907.021881626 
31 0.141315170675 1.47714779578e-05 907.021894124 
32 0.141315161317 7.92911216833e-06 907.021900975 
33 0.141315156473 4.38740256903e-06 907.021904522 
34 0.141315153858 2.47557863844e-06 907.021906436 
35 0.141315152366 1.38452709534e-06 907.021907529 
36 0.141315151521 7.66668281602e-07 907.021908147 
37 0.141315151054 4.25160207765e-07 907.021908489 
38 0.141315150796 2.36821899038e-07 907.021908678 
39 0.141315150653 1.31947763278e-07 907.021908783 
40 0.141315150573 7.33831527233e-08 907.021908842 
41 0.141315150528 4.07946470549e-08 907.021908874 
42 0.141315150487 1.09274613488e-08 907.021908904 
43 0.141315150454 -1.3288430611e-08 907.021908929 
44 0.141315150434 -2.7901362994e-08 907.021908943 
45 0.141315150427 -3.29113358002e-08 907.021908948 
46 0.141315150433 -2.83183490295e-08 907.021908944 
47 0.141315150438 -2.49886219244e-08 907.02190894 
48 0.141315150435 -2.71015438348e-08 907.021908942 
49 0.141315150436 -2.67373136948e-08 907.021908942 
50 0.14131515044 -2.38959315045e-08 907.021908939 
51 0.141315150447 -1.85773972639e-08 907.021908934 
52 0.141315150454 -1.33424543584e-08 907.021908929 
53 0.141315150457 -1.13005548685e-08 907.021908927 
54 0.141315150459 -9.25865537853e-09 907.021908924 
55 0.141315150462 -7.21675588858e-09 907.021908922 
56 0.141315150465 -5.17485639863e-09 907.02190892 
57 0.141315150468 -3.35190119021e-09 907.021908919 
58 0.141315150468 -3.28940913724e-09 907.021908918 
59 0.141315150468 -3.22691708427e-09 907.021908918 
60 0.141315150468 -3.1644250313e-09 907.021908918 
61 0.141315150468 -3.10193297833e-09 907.021908918 
62 0.141315150468 -3.03944092536e-09 907.021908918 
63 0.141315150468 -2.97694887239e-09 907.021908918 
64 0.141315150468 -2.91445681942e-09 907.021908918 
65 0.141315150468 -2.85196476645e-09 907.021908918 
66 0.141315150468 -2.78947271348e-09 907.021908918 
67 0.141315150468 -2.72698066051e-09 907.021908918 
68 0.141315150468 -2.66448860754e-09 907.021908918 
69 0.141315150469 -2.60199655457e-09 907.021908918 
70 0.141315150469 -2.5395045016e-09 907.021908918 
