Time S I R
0  901.971371053 1 0
1 726.954147626 157.110268728 18.9069546992 
2 32.0183572529 578.36582949 292.58718431 
3 1.62030709384 347.247515941 554.103548018 
4 0.288847182227 197.414023757 705.268500114 
5 0.108599640788 111.840215288 791.022556124 
6 0.0624043107463 63.3214111133 839.587555629 
7 0.0456020684446 35.8445361073 867.081232877 
8 0.0381832378746 20.2891319004 882.644055915 
9 0.0345320481969 11.4838793463 891.452959658 
10 0.0326223874156 6.49989139044 896.438857275 
11 0.0315887421983 3.67891347615 899.260868834 
12 0.0310182855435 2.08224081296 900.858111954 
13 0.0306999897168 1.1785312161 901.762139847 
14 0.0305212869392 0.667037853826 902.273811912 
15 0.0304206043843 0.377537032372 902.563413416 
16 0.0303637662404 0.213682066961 902.72732522 
17 0.0303316435497 0.120941882827 902.820097526 
18 0.0303134774944 0.0684518469223 902.872605728 
19 0.030303200522 0.0387430323473 902.90232482 
20 0.030297385409 0.0219281558664 902.919145512 
21 0.0302940946088 0.0124111056227 902.928665853 
22 0.0302922321969 0.00702452066611 902.9340543 
23 0.0302911781912 0.00397591120956 902.937103963 
24 0.0302905816193 0.00225033834246 902.938830133 
25 0.0302902439742 0.00127369033435 902.939807118 
26 0.0302900528626 0.000720890606043 902.940360109 
27 0.030289944695 0.000408008558248 902.9406731 
28 0.0302898834707 0.000230912676605 902.940850257 
29 0.0302898488289 0.000130708938729 902.940950495 
30 0.0302898291916 7.3905677855e-05 902.941007318 
31 0.0302898181083 4.18464456053e-05 902.941039388 
32 0.0302898118398 2.3714148668e-05 902.941057527 
33 0.0302898082904 1.34474983512e-05 902.941067797 
34 0.0302898062914 7.6653517951e-06 902.941073581 
35 0.0302898051342 4.31785875999e-06 902.94107693 
36 0.0302898044731 2.40601702817e-06 902.941078842 
37 0.0302898041011 1.32976297077e-06 902.941079919 
38 0.0302898039023 7.54181256599e-07 902.941080495 
39 0.0302898037943 4.41793984911e-07 902.941080807 
40 0.0302898037307 2.58440942881e-07 902.941080991 
41 0.030289803693 1.49024161593e-07 902.9410811 
42 0.0302898036709 8.55670419689e-08 902.941081164 
43 0.0302898036584 4.93716432188e-08 902.9410812 
44 0.0302898036471 1.64170282394e-08 902.941081233 
45 0.0302898036379 -1.02276176127e-08 902.941081259 
46 0.0302898036323 -2.64310212118e-08 902.941081276 
47 0.0302898036302 -3.21931825578e-08 902.941081281 
48 0.0302898036319 -2.75141016508e-08 902.941081277 
49 0.0302898036323 -2.67641224884e-08 902.941081276 
50 0.0302898036314 -2.91686536023e-08 902.941081278 
51 0.0302898036316 -2.86872974599e-08 902.941081278 
52 0.0302898036327 -2.53200540614e-08 902.941081274 
53 0.0302898036349 -1.90669234066e-08 902.941081268 
54 0.030289803636 -1.57674473642e-08 902.941081265 
55 0.0302898036368 -1.32444386229e-08 902.941081262 
56 0.0302898036379 -1.07214298816e-08 902.94108126 
57 0.0302898036387 -8.19842114026e-09 902.941081257 
58 0.0302898036394 -5.67541239894e-09 902.941081255 
59 0.0302898036399 -4.38989848332e-09 902.941081254 
60 0.03028980364 -4.30551894805e-09 902.941081253 
61 0.03028980364 -4.22113941278e-09 902.941081253 
62 0.0302898036399 -4.13675987751e-09 902.941081253 
63 0.03028980364 -4.05238034224e-09 902.941081253 
64 0.03028980364 -3.96800080697e-09 902.941081253 
65 0.0302898036401 -3.8836212717e-09 902.941081253 
66 0.03028980364 -3.79924173643e-09 902.941081253 
67 0.0302898036401 -3.71486220116e-09 902.941081253 
68 0.0302898036401 -3.63048266589e-09 902.941081253 
69 0.0302898036402 -3.54610313062e-09 902.941081253 
70 0.0302898036402 -3.46172359535e-09 902.941081253 
