Time S I R
0  807.919003302 1 0
1 799.473878742 8.15567165236 1.2894529079 
2 736.450850683 61.1026319504 11.365520669 
3 456.853583835 282.107458431 69.9579610364 
4 136.493084988 454.22100078 218.204917534 
5 36.0699790847 391.336464387 381.512559831 
6 12.7384970721 286.945209553 509.235296677 
7 6.0427378016 202.126470464 600.749795037 
8 3.58674966047 140.572906851 664.759346791 
9 2.49796505561 97.2667990558 709.154239191 
10 1.9453854244 67.139977587 739.833640291 
11 1.63718185314 46.2851661542 760.996655295 
12 1.45374321049 31.8848117551 775.580448337 
13 1.33949342334 21.9548762739 785.624633605 
14 1.2660967155 15.1131490315 792.539757555 
15 1.21792516797 10.4015680454 797.299510089 
16 1.18584361163 7.1579722173 800.575187473 
17 1.16425942404 4.92544847158 802.829295407 
18 1.14963608541 3.38904645004 804.380320767 
19 1.13968129006 2.33180964636 805.447512366 
20 1.132882184 1.60434504446 806.181776074 
21 1.12822783306 1.10381092172 806.686964547 
22 1.12503671445 0.759427963358 807.034538624 
23 1.12284645958 0.522486281584 807.273670561 
24 1.12134204538 0.359468354509 807.438192902 
25 1.1203081888 0.247311844742 807.551383269 
26 1.11959745645 0.170148412798 807.629257433 
27 1.11910874063 0.117060377627 807.682834184 
28 1.11877263353 0.0805362819256 807.719694387 
29 1.11854145407 0.0554080353288 807.745053813 
30 1.11838243326 0.0381200882919 807.762500781 
31 1.1182730418 0.0262261550006 807.774504105 
32 1.11819778811 0.018043277771 807.782762236 
33 1.11814601739 0.0124135500408 807.788443735 
34 1.11811040087 0.00854033315152 807.792352568 
35 1.11808589878 0.00587571397628 807.795041689 
36 1.11806904178 0.00404246785913 807.796891793 
37 1.1180574442 0.00278118344573 807.798164675 
38 1.1180494652 0.00191342646462 807.799040411 
39 1.1180439761 0.0013164548597 807.799642871 
40 1.11804019905 0.00090567724368 807.800057426 
41 1.11803760062 0.000623081130509 807.80034262 
42 1.11803581301 0.000428666551403 807.800538823 
43 1.1180345831 0.000294905000072 807.800673814 
44 1.11803373714 0.000202901028866 807.800766664 
45 1.11803315484 0.000139571493456 807.800830576 
46 1.11803275371 9.59465699652e-05 807.800874602 
47 1.11803247838 6.60019131416e-05 807.800904822 
48 1.11803228951 4.54611133463e-05 807.800925552 
49 1.11803215927 3.12970271533e-05 807.800939846 
50 1.11803206963 2.15481142821e-05 807.800949684 
51 1.1180320082 1.48667339449e-05 807.800956427 
52 1.11803196607 1.02842615896e-05 807.800961052 
53 1.11803193641 7.05937949615e-06 807.800964306 
54 1.11803191495 4.72533425864e-06 807.800966662 
55 1.11803190168 3.28160917506e-06 807.800968119 
56 1.11803189198 2.22677610453e-06 807.800969183 
57 1.11803188545 1.51618537071e-06 807.800969901 
58 1.11803188111 1.04474492771e-06 807.800970376 
59 1.11803187827 7.35584527043e-07 807.800970688 
60 1.11803187627 5.17942390461e-07 807.800970908 
61 1.11803187485 3.63581282401e-07 807.800971064 
62 1.11803187384 2.54130748467e-07 807.800971174 
63 1.11803187313 1.76392521787e-07 807.800971253 
64 1.11803187263 1.22444502911e-07 807.800971307 
65 1.11803187229 8.54076862681e-08 807.800971345 
66 1.11803187205 5.94366519639e-08 807.800971371 
67 1.11803187189 4.1536717466e-08 807.800971389 
68 1.11803187174 2.54970882595e-08 807.800971405 
69 1.11803187157 7.62420231046e-09 807.800971423 
70 1.11803187144 -6.84533945044e-09 807.800971438 
