Time S I R
0  895.717350766 1 0
1 515.701191856 329.415534691 51.6006242188 
2 8.01015920015 447.848226375 440.858965191 
3 0.622176544296 216.400918663 679.694255559 
4 0.183623503259 102.759491719 793.774235544 
5 0.102914697175 48.7183966386 847.89603943 
6 0.0782119970157 23.0889543094 873.55018446 
7 0.0686715804466 10.9410783917 885.707600794 
8 0.0645665642435 5.18434462747 891.468439574 
9 0.0627080660817 2.45650573325 894.198136967 
10 0.0618462383007 1.16395780891 895.491546719 
11 0.0614420290705 0.551511430281 896.104397307 
12 0.0612514289289 0.2613189024 896.394780435 
13 0.0611613247444 0.123818735985 896.532370705 
14 0.0611186777074 0.0586680887805 896.597564 
15 0.0610984809767 0.0277982426198 896.628454042 
16 0.0610889136498 0.0131714227938 896.64309043 
17 0.0610843809619 0.00624091138469 896.650025474 
18 0.0610822334279 0.00295713733673 896.653311395 
19 0.0610812158852 0.00140118190409 896.654868368 
20 0.0610807337416 0.000663912572992 896.65560612 
21 0.0610805052379 0.000314494227514 896.655955767 
22 0.0610803970266 0.000149021801861 896.656121347 
23 0.0610803457639 7.0632577287e-05 896.656199788 
24 0.0610803214967 3.35239242625e-05 896.656236921 
25 0.0610803099777 1.5909558411e-05 896.656254547 
26 0.0610803045361 7.58857127443e-06 896.656262873 
27 0.0610803019085 3.5707471444e-06 896.656266893 
28 0.0610803006585 1.65938229536e-06 896.656268806 
29 0.0610803000787 7.7260735393e-07 896.656269693 
30 0.0610802998218 3.79951457618e-07 896.656270086 
31 0.061080299696 1.87697076221e-07 896.656270279 
32 0.0610802996325 9.07700470935e-08 896.656270376 
33 0.0610802996019 4.39523463202e-08 896.656270423 
34 0.0610802995769 5.64217411828e-09 896.656270461 
35 0.0610802995595 -2.08408918145e-08 896.656270487 
36 0.0610802995527 -3.14809016068e-08 896.656270498 
37 0.061080299556 -2.62778552585e-08 896.656270493 
38 0.061080299556 -2.63561532879e-08 896.656270493 
39 0.0610802995553 -2.74792679238e-08 896.656270494 
40 0.0610802995574 -2.43608822147e-08 896.656270491 
41 0.0610802995621 -1.70009961607e-08 896.656270484 
42 0.0610802995647 -1.31963567885e-08 896.65627048 
43 0.0610802995666 -1.03559819098e-08 896.656270477 
44 0.0610802995684 -7.51560703102e-09 896.656270474 
45 0.0610802995703 -4.67523215228e-09 896.656270471 
46 0.0610802995708 -3.73954974347e-09 896.65627047 
47 0.061080299571 -3.6482979565e-09 896.65627047 
48 0.061080299571 -3.55704616952e-09 896.65627047 
49 0.061080299571 -3.46579438255e-09 896.65627047 
50 0.0610802995711 -3.37454259558e-09 896.65627047 
51 0.0610802995711 -3.2832908086e-09 896.65627047 
52 0.0610802995712 -3.19203902163e-09 896.65627047 
53 0.0610802995714 -3.10078723466e-09 896.65627047 
54 0.0610802995714 -3.00953544768e-09 896.65627047 
55 0.0610802995714 -2.91828366071e-09 896.656270469 
56 0.0610802995715 -2.82703187374e-09 896.656270469 
57 0.0610802995715 -2.73578008676e-09 896.656270469 
58 0.0610802995717 -2.64452829979e-09 896.656270469 
59 0.0610802995717 -2.55327651282e-09 896.656270469 
60 0.0610802995717 -2.46202472584e-09 896.656270469 
61 0.0610802995718 -2.37077293887e-09 896.656270469 
62 0.0610802995718 -2.2795211519e-09 896.656270469 
63 0.0610802995719 -2.18826936492e-09 896.656270469 
64 0.061080299572 -2.09701757795e-09 896.656270469 
65 0.061080299572 -2.00576579098e-09 896.656270468 
66 0.061080299572 -1.914514004e-09 896.656270468 
67 0.0610802995722 -1.82326221703e-09 896.656270468 
68 0.0610802995722 -1.73201043006e-09 896.656270468 
69 0.0610802995723 -1.64075864308e-09 896.656270468 
70 0.0610802995724 -1.54950685611e-09 896.656270468 
