Time S I R
0  887.774407538 1 0
1 869.703416474 18.4349913235 0.635999740035 
2 629.909157811 248.253365831 10.6118838957 
3 108.136764407 715.529263758 65.1083793724 
4 8.44872933724 736.375740493 143.949937708 
5 0.760021442162 669.580840233 218.433545863 
6 0.0862449210638 602.971501123 285.716661494 
7 0.0122407351064 542.492391116 346.269775686 
8 0.00208735207048 488.026848519 400.745471666 
9 0.000426947946607 439.022615415 449.751365175 
10 8.97344625628e-05 394.937986359 493.836331444 
11 0 355.279660001 533.494747537 
12 0 319.603681852 569.170725686 
13 0 287.510208717 601.26419882 
14 0 258.6394516 630.134955937 
15 0 232.667793013 656.106614524 
16 0 209.304273758 679.47013378 
17 0 188.286801409 700.487606128 
18 0 169.37975285 719.394654688 
19 0 152.371281736 736.403125801 
20 0 137.070742933 751.703664605 
21 0 123.306619134 765.467788404 
22 0 110.924642614 777.849764924 
23 0 99.7860618769 788.988345661 
24 0 89.7659078185 799.008499719 
25 0 80.7518495952 808.022557942 
26 0 72.6430496966 816.131357841 
27 0 65.3485408236 823.425866714 
28 0 58.7864643597 829.987943178 
29 0 52.8833404426 835.891067095 
30 0 47.572994847 841.201412691 
31 0 42.7958974942 845.978510043 
32 0 38.4984915772 850.27591596 
33 0 34.6326122591 854.141795279 
34 0 31.1549359815 857.619471556 
35 0 28.0264739432 860.747933594 
36 0 25.2121588558 863.562248682 
37 0 22.6804372636 866.093970274 
38 0 20.4029346935 868.371472844 
39 0 18.3541534343 870.420254103 
40 0 16.5111077503 872.263299787 
41 0 14.8531209781 873.92128656 
42 0 13.3616190481 875.41278849 
43 0 12.0198944748 876.754513063 
44 0 10.8129021463 877.961505391 
45 0 9.72711190794 879.04729563 
46 0 8.75035157154 880.024055966 
47 0 7.87167140067 880.902736137 
48 0 7.08122678249 881.693180755 
49 0 6.37015669367 882.404250844 
50 0 5.73048955503 883.043917983 
51 0 5.15505432769 883.61935321 
52 0 4.63740229343 884.137005244 
53 0 4.17172905974 884.602678478 
54 0 3.75281934863 885.021588189 
55 0 3.37597500909 885.398432529 
56 0 3.0369724061 885.737435132 
57 0 2.73201039196 886.042397146 
58 0 2.45767161957 886.316735918 
59 0 2.21088102917 886.563526508 
60 0 1.98887214648 886.785535391 
61 0 1.7891571411 886.985250397 
62 0 1.6094964151 887.164911123 
63 0 1.44787679225 887.326530745 
64 0 1.30248587258 887.471921665 
65 0 1.17169512398 887.602712414 
66 0 1.05403761841 887.720369919 
67 0 0.948195137608 887.8262124 
68 0 0.852980755344 887.921426782 
69 0 0.767327569447 888.007079968 
70 0 0.690275245816 888.084132292 
