Time S I R
0  808.907006681 1 0
1 793.106501081 12.5054314639 4.29507413588 
2 639.956613381 118.939480549 51.010912751 
3 237.547413853 305.569230241 266.790362587 
4 73.451732394 214.104577693 522.350696594 
5 37.6972661672 104.622994759 667.586745755 
6 27.6152511181 46.9429336528 735.34882191 
7 24.0622580066 20.5092482829 765.335500391 
8 22.6639446056 8.87219398185 778.370868094 
9 22.0856534364 3.82277480184 783.998578443 
10 21.8412589998 1.64437810268 786.421369578 
11 21.7370024701 0.706832831238 787.46317138 
12 21.6923478853 0.303738830518 787.910919965 
13 21.6731884311 0.130505007572 788.103313242 
14 21.6649617739 0.0560699293625 788.185974978 
15 21.6614282911 0.0240892124728 788.221489177 
16 21.6599103922 0.0103492891618 788.236747 
17 21.6592582977 0.00444624336703 788.24330214 
18 21.6589781631 0.00191028095065 788.246118237 
19 21.6588578036 0.000820696635789 788.247328181 
20 21.658806084 0.000352490249419 788.247848107 
21 21.6587838763 0.000151447482827 788.248071357 
22 21.6587743358 6.5079850806e-05 788.248167265 
23 21.6587702412 2.80117458931e-05 788.248208428 
24 21.6587684793 1.20616284963e-05 788.24822614 
25 21.6587677236 5.22023563656e-06 788.248233737 
26 21.658767389 2.19137123454e-06 788.248237101 
27 21.6587672486 9.20527601557e-07 788.248238512 
28 21.6587671917 4.04934038139e-07 788.248239084 
29 21.6587671671 1.82448745043e-07 788.248239331 
30 21.6587671558 8.05617520204e-08 788.248239445 
31 21.6587671509 3.54493999861e-08 788.248239495 
32 21.6587671468 -1.5726292774e-09 788.248239536 
33 21.6587671442 -2.44778289543e-08 788.248239561 
34 21.6587671436 -3.05224277673e-08 788.248239568 
35 21.6587671445 -2.16402332966e-08 788.248239558 
36 21.6587671442 -2.49754276955e-08 788.248239562 
37 21.6587671443 -2.39982319644e-08 788.248239561 
38 21.6587671449 -1.87086461032e-08 788.248239555 
39 21.6587671456 -1.19419284503e-08 788.248239547 
40 21.6587671459 -9.38496232169e-09 788.248239544 
41 21.6587671462 -6.82799619311e-09 788.248239542 
42 21.6587671465 -4.27103006453e-09 788.248239539 
43 21.6587671466 -2.98670727626e-09 788.248239537 
44 21.6587671466 -2.90913618955e-09 788.248239537 
45 21.6587671466 -2.83156510284e-09 788.248239537 
46 21.6587671466 -2.75399401613e-09 788.248239537 
47 21.6587671466 -2.67642292942e-09 788.248239537 
48 21.6587671466 -2.5988518427e-09 788.248239537 
49 21.6587671467 -2.52128075599e-09 788.248239537 
50 21.6587671467 -2.44370966928e-09 788.248239537 
51 21.6587671467 -2.36613858257e-09 788.248239537 
52 21.6587671467 -2.28856749586e-09 788.248239537 
53 21.6587671467 -2.21099640915e-09 788.248239536 
54 21.6587671467 -2.13342532243e-09 788.248239536 
55 21.6587671467 -2.05585423572e-09 788.248239536 
56 21.6587671467 -1.97828314901e-09 788.248239536 
57 21.6587671467 -1.9007120623e-09 788.248239536 
58 21.6587671467 -1.82314097559e-09 788.248239536 
59 21.6587671467 -1.74556988887e-09 788.248239536 
60 21.6587671468 -1.66799880216e-09 788.248239536 
61 21.6587671468 -1.59042771545e-09 788.248239536 
62 21.6587671468 -1.51285662874e-09 788.248239536 
63 21.6587671468 -1.43528554203e-09 788.248239536 
64 21.6587671468 -1.35771445531e-09 788.248239536 
65 21.6587671468 -1.2801433686e-09 788.248239535 
66 21.6587671468 -1.20257228189e-09 788.248239535 
67 21.6587671468 -1.12500119518e-09 788.248239535 
68 21.6587671468 -1.04743010847e-09 788.248239535 
69 21.6587671468 -9.69859021754e-10 788.248239535 
70 21.6587671468 -8.92287935043e-10 788.248239535 
