Time S I R
0  862.747097155 1 0
1 322.956548329 441.317528427 99.473020399 
2 4.11021536832 318.374476466 541.26240532 
3 0.579154702484 123.506412725 739.661529728 
4 0.272226388276 47.3798043703 816.095066396 
5 0.203817860435 18.1496972549 845.39358204 
6 0.182433088306 6.9499396055 856.614724461 
7 0.174852235491 2.66095714972 860.91128777 
8 0.172033910808 1.01876619802 862.556297046 
9 0.170966972967 0.390035350616 863.186094831 
10 0.170560250633 0.149324302178 863.427212602 
11 0.170404794112 0.0571683255326 863.519524035 
12 0.17034531569 0.0218867118122 863.554865128 
13 0.170322550065 0.00837925311557 863.568395352 
14 0.170313835064 0.0032079297614 863.57357539 
15 0.17031049886 0.00122821620867 863.57555844 
16 0.170309221505 0.000470220094326 863.576317713 
17 0.170308732335 0.000179939842101 863.576608483 
18 0.170308545284 6.89406558315e-05 863.576719669 
19 0.170308473693 2.64574444028e-05 863.576762224 
20 0.170308445975 1.00091130652e-05 863.5767787 
21 0.170308435559 3.82810979276e-06 863.576784891 
22 0.170308431714 1.5466111337e-06 863.576787177 
23 0.170308430139 6.11858261081e-07 863.576788113 
24 0.170308429515 2.41625946816e-07 863.576788484 
25 0.170308429269 9.58528922592e-08 863.57678863 
26 0.170308429159 3.05161597269e-08 863.576788695 
27 0.170308429076 -1.87720693453e-08 863.576788745 
28 0.170308429049 -3.51576271011e-08 863.576788761 
29 0.17030842906 -2.82310711632e-08 863.576788754 
30 0.170308429054 -3.22294020174e-08 863.576788758 
31 0.170308429062 -2.70905731428e-08 863.576788753 
32 0.170308429078 -1.79321127423e-08 863.576788744 
33 0.170308429086 -1.32000676846e-08 863.576788739 
34 0.170308429094 -8.46802262686e-09 863.576788734 
35 0.1703084291 -4.8885605564e-09 863.576788731 
36 0.1703084291 -4.72969796973e-09 863.576788731 
37 0.1703084291 -4.57083538307e-09 863.576788731 
38 0.170308429101 -4.4119727964e-09 863.57678873 
39 0.170308429101 -4.25311020974e-09 863.57678873 
40 0.170308429101 -4.09424762307e-09 863.57678873 
41 0.170308429101 -3.9353850364e-09 863.57678873 
42 0.170308429102 -3.77652244974e-09 863.57678873 
43 0.170308429102 -3.61765986307e-09 863.57678873 
44 0.170308429102 -3.45879727641e-09 863.576788729 
45 0.170308429103 -3.29993468974e-09 863.576788729 
46 0.170308429103 -3.14107210308e-09 863.576788729 
47 0.170308429103 -2.98220951641e-09 863.576788729 
48 0.170308429103 -2.82334692975e-09 863.576788729 
49 0.170308429104 -2.66448434308e-09 863.576788729 
50 0.170308429104 -2.50562175642e-09 863.576788728 
51 0.170308429104 -2.34675916975e-09 863.576788728 
52 0.170308429104 -2.18789658309e-09 863.576788728 
53 0.170308429105 -2.02903399642e-09 863.576788728 
54 0.170308429105 -1.87017140976e-09 863.576788728 
55 0.170308429105 -1.71130882309e-09 863.576788728 
56 0.170308429105 -1.55244623643e-09 863.576788728 
57 0.170308429106 -1.39358364976e-09 863.576788727 
58 0.170308429106 -1.23472106309e-09 863.576788727 
59 0.170308429106 -1.07585847643e-09 863.576788727 
60 0.170308429107 -9.16995889764e-10 863.576788727 
61 0.170308429107 -7.58133303099e-10 863.576788727 
62 0.170308429107 -5.99270716433e-10 863.576788727 
63 0.170308429107 -4.40408129768e-10 863.576788726 
64 0.170308429108 -2.81545543103e-10 863.576788726 
65 0.170308429108 -1.6402699828e-10 863.576788726 
66 0.170308429108 -1.58693653848e-10 863.576788726 
67 0.170308429108 -1.53360309416e-10 863.576788726 
68 0.170308429108 -1.48026964984e-10 863.576788726 
69 0.170308429108 -1.42693620552e-10 863.576788726 
70 0.170308429108 -1.3736027612e-10 863.576788726 
