Time S I R
0  842.697633803 1 0
1 746.886184451 84.8631072085 11.9483421437 
2 85.1903489702 531.637067336 226.870217497 
3 5.54052867322 340.751193255 497.405911874 
4 1.13720794554 188.387383206 654.173042652 
5 0.476727145147 102.972956593 740.247950065 
6 0.296590196068 56.1619000895 787.239143517 
7 0.228966439502 30.6097484886 812.858918875 
8 0.198848621498 16.6784176749 826.820367507 
9 0.184140936053 9.08641875681 834.42707411 
10 0.176591695449 4.9499620986 838.571080009 
11 0.172610254251 2.69647374048 840.828549808 
12 0.170479315156 1.46886778819 842.0582867 
13 0.169329612758 0.800137909484 842.728166281 
14 0.168706602925 0.435857756775 843.093069443 
15 0.168368197575 0.237423374684 843.291842231 
16 0.168184144796 0.129330535903 843.400119122 
17 0.168083971445 0.0704496410952 843.45910019 
18 0.168029429558 0.0383756782033 843.491228695 
19 0.167999726699 0.0209041922692 843.508729884 
20 0.167983549016 0.0113870326571 843.518263221 
21 0.167974737279 0.00620279531043 843.52345627 
22 0.167969937455 0.00337878482592 843.526285081 
23 0.167967323163 0.00184061295631 843.527825867 
24 0.16796589892 0.00100262072299 843.528665283 
25 0.167965123124 0.000546157188962 843.529122523 
26 0.167964700354 0.000297406157019 843.529371696 
27 0.167964470245 0.000162014038894 843.529507319 
28 0.167964344933 8.82823465231e-05 843.529581176 
29 0.167964276841 4.8217929715e-05 843.529621308 
30 0.167964238786 2.5826957849e-05 843.529643737 
31 0.167964219033 1.42045247756e-05 843.529655379 
32 0.16796420788 7.64238393672e-06 843.529661953 
33 0.167964202108 4.2457395391e-06 843.529665355 
34 0.167964198964 2.39629290444e-06 843.529667208 
35 0.167964197166 1.33849099756e-06 843.529668267 
36 0.167964196151 7.41115449635e-07 843.529668866 
37 0.167964195591 4.11367991704e-07 843.529669196 
38 0.167964195281 2.29310197907e-07 843.529669378 
39 0.167964195109 1.27810031318e-07 843.52966948 
40 0.167964195012 7.11135674751e-08 843.529669537 
41 0.167964194959 3.95606252249e-08 843.529669568 
42 0.167964194906 8.45535332417e-09 843.5296696 
43 0.167964194866 -1.52618926218e-08 843.529669623 
44 0.167964194842 -2.90971001984e-08 843.529669637 
45 0.167964194835 -3.30502694054e-08 843.529669641 
46 0.167964194845 -2.71214002431e-08 843.529669635 
47 0.167964194848 -2.58126976038e-08 843.529669634 
48 0.167964194845 -2.76247703124e-08 843.529669636 
49 0.167964194846 -2.68685225407e-08 843.529669635 
50 0.167964194851 -2.35439542888e-08 843.529669632 
51 0.167964194861 -1.76510655567e-08 843.529669626 
52 0.167964194869 -1.33379931257e-08 843.529669621 
53 0.167964194872 -1.12193010101e-08 843.529669619 
54 0.167964194876 -9.10060889448e-09 843.529669617 
55 0.16796419488 -6.98191677885e-09 843.529669615 
56 0.167964194883 -4.86322466322e-09 843.529669613 
57 0.167964194886 -3.46475091615e-09 843.529669611 
58 0.167964194886 -3.3992983274e-09 843.529669611 
59 0.167964194886 -3.33384573865e-09 843.529669611 
60 0.167964194886 -3.2683931499e-09 843.529669611 
61 0.167964194886 -3.20294056114e-09 843.529669611 
62 0.167964194886 -3.13748797239e-09 843.529669611 
63 0.167964194886 -3.07203538364e-09 843.529669611 
64 0.167964194886 -3.00658279489e-09 843.529669611 
65 0.167964194886 -2.94113020613e-09 843.529669611 
66 0.167964194887 -2.87567761738e-09 843.529669611 
67 0.167964194887 -2.81022502863e-09 843.529669611 
68 0.167964194887 -2.74477243988e-09 843.529669611 
69 0.167964194887 -2.67931985112e-09 843.529669611 
70 0.167964194887 -2.61386726237e-09 843.529669611 
