Time S I R
0  908.873564843 1 0
1 860.577513006 42.1094671822 7.18658465501 
2 282.602155614 473.521217778 153.750191451 
3 25.8575116842 415.511886861 468.504166297 
4 5.48626678537 231.831362339 672.555935719 
5 2.36104799188 123.981140523 783.531376328 
6 1.50723812187 65.7581378465 842.608188875 
7 1.18832585217 34.7865785073 873.898660484 
8 1.04796360834 18.3830112945 890.44258994 
9 0.980628604269 9.70982055744 899.183115681 
10 0.946831190456 5.12746809639 903.799265556 
11 0.929457317532 2.70733538358 906.236772142 
12 0.920413110506 1.42940150453 907.523750228 
13 0.915673650542 0.754661550819 908.203229642 
14 0.913181298939 0.398421490656 908.561962053 
15 0.91186821329 0.210343670442 908.751352959 
16 0.911175742878 0.111048833943 908.851340266 
17 0.910810372491 0.0586269531573 908.904127517 
18 0.910617538762 0.0309513974541 908.931995907 
19 0.910515751018 0.016340408256 908.946708684 
20 0.910462017861 0.00862668879037 908.954476136 
21 0.9104336523 0.00455445598013 908.958576735 
22 0.9104186768 0.00240448302892 908.960741683 
23 0.910410771023 0.00126946761871 908.961884604 
24 0.910406596744 0.000670171383701 908.962488075 
25 0.910404393106 0.00035379664538 908.962806653 
26 0.910403229802 0.000186781563296 908.962974832 
27 0.910402615109 9.85302290177e-05 908.963063698 
28 0.910402291194 5.20258266614e-05 908.963110526 
29 0.910402120398 2.75047525068e-05 908.963135218 
30 0.910402030243 1.45611786747e-05 908.963148252 
31 0.910401982703 7.73588749125e-06 908.963155124 
32 0.910401956534 3.97879069046e-06 908.963158908 
33 0.910401943376 2.08965051777e-06 908.96316081 
34 0.910401936406 1.08897607011e-06 908.963161818 
35 0.910401932948 5.92465330957e-07 908.963162318 
36 0.910401931083 3.24748242309e-07 908.963162587 
37 0.910401930041 1.7508277561e-07 908.963162738 
38 0.910401929476 9.39861635361e-08 908.96316282 
39 0.910401929175 5.08196819232e-08 908.963162863 
40 0.910401929 2.5762649159e-08 908.963162888 
41 0.910401928813 -1.17684184276e-09 908.963162915 
42 0.910401928686 -1.93216153966e-08 908.963162934 
43 0.910401928621 -2.86716715025e-08 908.963162943 
44 0.910401928617 -2.92270101605e-08 908.963162944 
45 0.910401928675 -2.09876313705e-08 908.963162935 
46 0.910401928659 -2.32114026823e-08 908.963162938 
47 0.910401928654 -2.39945569294e-08 908.963162938 
48 0.910401928664 -2.25727329307e-08 908.963162937 
49 0.910401928689 -1.89459306862e-08 908.963162933 
50 0.91040192873 -1.3114150196e-08 908.963162927 
51 0.910401928749 -1.02652795369e-08 908.963162925 
52 0.910401928762 -8.53872432872e-09 908.963162923 
53 0.910401928774 -6.81216912055e-09 908.963162921 
54 0.910401928786 -5.08561391239e-09 908.963162919 
55 0.910401928798 -3.35905870422e-09 908.963162918 
56 0.910401928802 -2.67143235004e-09 908.963162917 
57 0.910401928803 -2.62066322317e-09 908.963162917 
58 0.910401928803 -2.5698940963e-09 908.963162917 
59 0.910401928803 -2.51912496942e-09 908.963162917 
60 0.910401928804 -2.46835584255e-09 908.963162917 
61 0.910401928804 -2.41758671567e-09 908.963162917 
62 0.910401928805 -2.3668175888e-09 908.963162917 
63 0.910401928805 -2.31604846193e-09 908.963162917 
64 0.910401928805 -2.26527933505e-09 908.963162917 
65 0.910401928806 -2.21451020818e-09 908.963162916 
66 0.910401928806 -2.1637410813e-09 908.963162916 
67 0.910401928806 -2.11297195443e-09 908.963162916 
68 0.910401928807 -2.06220282756e-09 908.963162916 
69 0.910401928807 -2.01143370068e-09 908.963162916 
70 0.910401928807 -1.96066457381e-09 908.963162916 
