Time S I R
0  925.469290046 1 0
1 908.054702272 17.3096337642 1.10495400928 
2 683.436038912 225.399002932 17.6342482015 
3 139.863491876 676.692194564 109.913603606 
4 14.0566819841 668.856501363 243.556106699 
5 1.83274461299 562.575109805 362.061435628 
6 0.336413771186 465.458659324 460.674216951 
7 0.0829136625133 384.238218223 542.148158161 
8 0.0260742373417 317.055273645 609.387942164 
9 0.0100616043153 261.591946971 664.867281471 
10 0.00456886711231 215.823826492 710.640894687 
11 0.00238815166233 178.061060275 748.405841619 
12 0.00139756359533 146.904968603 779.562923879 
13 0.00090994165339 121.200220245 805.26815986 
14 0.000627311107678 99.9930432906 826.475619444 
15 0.000467223099577 82.4965611433 843.97226168 
16 0.000363775819324 68.0615089859 858.407417284 
17 0.00029667229478 56.1522566173 870.316736756 
18 0.000250499559911 46.3268529213 880.142186625 
19 0.000217542007135 38.2206495418 888.248422962 
20 0.000193705562538 31.5328649022 894.936231438 
21 0.000176183022745 26.0152975132 900.45381635 
22 0.000162920376169 21.4631835348 905.005943591 
23 0.000152733421714 17.707590195 908.761547118 
24 0.000144803131661 14.6091368709 911.860008372 
25 0.000138575899882 12.0528504175 914.416301053 
26 0.000133640875106 9.94386040964 916.525295996 
27 0.000129702055347 8.20389761858 918.265262725 
28 0.000126540074461 6.76839093409 919.700772572 
29 0.000123989521285 5.58406753583 920.885098521 
30 0.000121924023915 4.60697472685 921.862193395 
31 0.000120245899097 3.80085231551 922.668317485 
32 0.000118878826584 3.13578439951 923.333386768 
33 0.000117762678428 2.58708913423 923.882083149 
34 0.000116849728784 2.13440387986 924.334769316 
35 0.000116101857998 1.76092886793 924.708245076 
36 0.000115488454298 1.45280392985 925.016370628 
37 0.000114984824108 1.19859423222 925.270580829 
38 0.000114570972983 0.988865805827 925.480309669 
39 0.000114230658824 0.81583534657 925.653340469 
40 0.000113950654054 0.673081570247 925.796094525 
41 0.000113720161153 0.555306687727 925.913869638 
42 0.000113530350745 0.458139891531 926.011036624 
43 0.000113373991553 0.377975201471 926.091201471 
44 0.000113245154012 0.311837613114 926.157339188 
45 0.000113138970505 0.257272674801 926.211904232 
46 0.000113051441417 0.212255292014 926.256921703 
47 0.000112979279493 0.17511514696 926.29406192 
48 0.000112919779099 0.144473757938 926.324703368 
49 0.000112870713565 0.119193925144 926.34998325 
50 0.00011283024935 0.0983375088184 926.370839707 
51 0.000112796876579 0.0811305402698 926.388046709 
52 0.000112769350835 0.0669344223705 926.402242854 
53 0.000112746646437 0.0552223276558 926.413954972 
54 0.000112727918349 0.0455595980212 926.42361772 
55 0.000112712469445 0.0375876260963 926.431589707 
56 0.000112699725491 0.0310105855747 926.438166761 
57 0.000112689212528 0.0255843992771 926.443592958 
58 0.000112680539928 0.021107676708 926.448069689 
59 0.000112673385274 0.0174142800011 926.451763093 
60 0.000112667482767 0.014367149084 926.454810229 
61 0.000112662613333 0.0118532053921 926.457324178 
62 0.000112658596322 0.0097791480592 926.459398239 
63 0.000112655282237 0.0080680024752 926.461109388 
64 0.000112652547955 0.00665623861423 926.462521155 
65 0.000112650292294 0.00549156208803 926.463685834 
66 0.000112648431582 0.00453069799987 926.4646467 
67 0.000112646896355 0.00373797933583 926.46543942 
68 0.000112645629542 0.00308391550468 926.466093485 
69 0.000112644584647 0.00254429928018 926.466633102 
70 0.000112643722446 0.00209910870399 926.467078294 
