Time S I R
0  907.953265216 1 0
1 158.085257988 715.57466342 35.2933438088 
2 0.103706066318 725.57465672 183.27490243 
3 0.000197460026584 599.85872613 309.094341626 
4 9.0418484433e-07 495.852781338 413.100482974 
5 0 409.879156262 499.074108955 
6 0 338.812150693 570.141114523 
7 0 280.066731609 628.886533608 
8 0 231.508087422 677.445177794 
9 0 191.367887888 717.585377329 
10 0 158.187568557 750.76569666 
11 0 130.760206545 778.193058672 
12 0 108.088339664 800.864925552 
13 0 89.3474552774 819.605809939 
14 0 73.8559552426 835.097309974 
15 0 61.050444975 847.902820241 
16 0 50.4652159123 858.488049304 
17 0 41.715306336 867.23795888 
18 0 34.4824806911 874.470784525 
19 0 28.5037180755 880.449547141 
20 0 23.561596604 885.391668612 
21 0 19.4763636982 889.476901518 
22 0 16.0994514395 892.853813777 
23 0 13.3080444271 895.645220789 
24 0 11.0006202919 897.952644924 
25 0 9.09327423768 899.859990979 
26 0 7.51663445962 901.436630757 
27 0 6.21336024998 902.739904966 
28 0 5.13605484578 903.81721037 
29 0 4.24553858196 904.707726634 
30 0 3.50942414414 905.443841072 
31 0 2.90094129693 906.052323919 
32 0 2.39796066537 906.555304551 
33 0 1.98218948025 906.971075736 
34 0 1.63850698308 907.314758233 
35 0 1.35441398008 907.598851236 
36 0 1.11957846031 907.833686756 
37 0 0.925459942578 908.027805274 
38 0 0.764998734956 908.188266481 
39 0 0.632359144019 908.320906072 
40 0 0.522717360401 908.430547856 
41 0 0.432085862934 908.521179353 
42 0 0.357168526424 908.59609669 
43 0 0.295240745248 908.658024471 
44 0 0.24405032702 908.709214889 
45 0 0.201735569123 908.751529647 
46 0 0.166757434974 908.786507781 
47 0 0.137844140859 908.815421075 
48 0 0.113944011265 908.839321205 
49 0 0.0941877683901 908.859077448 
50 0 0.0778569545371 908.875408262 
51 0 0.0643577198138 908.888907496 
52 0 0.0531990450806 908.900066171 
53 0 0.0439750957381 908.90929012 
54 0 0.0363504474948 908.916914769 
55 0 0.0300478199683 908.923217396 
56 0 0.024837970919 908.928427245 
57 0 0.0205314255846 908.932733791 
58 0 0.016971574039 908.936293642 
59 0 0.0140289530044 908.939236263 
60 0 0.0115965390171 908.941668677 
61 0 0.00958586802963 908.943679348 
62 0 0.00792381375806 908.945341402 
63 0 0.00654994326069 908.946715273 
64 0 0.00541426799439 908.947850948 
65 0 0.00447548515488 908.948789731 
66 0 0.00369953812945 908.949565678 
67 0 0.00305812879976 908.950207087 
68 0 0.00252794795884 908.950737268 
69 0 0.00208963454721 908.951175582 
70 0 0.0017273213339 908.951537895 
