Time S I R
0  905.516364099 1 0
1 110.179845815 764.002521558 32.3339967268 
2 0.0410796511267 752.960948031 153.514336417 
3 6.99409397384e-05 647.033139164 259.483154995 
4 0 555.976527002 350.539837097 
5 0 477.734210363 428.782153737 
6 0 410.502523489 496.013840611 
7 0 352.732521866 553.783842234 
8 0 303.092463242 603.423900858 
9 0 260.438209662 646.078154437 
10 0 223.787226489 682.72913761 
11 0 192.293597432 714.222766668 
12 0 165.232211054 741.284153046 
13 0 141.979123916 764.537240183 
14 0 121.998448232 784.517915867 
15 0 104.829650732 801.686713367 
16 0 90.0770237224 816.439340377 
17 0 77.40052319 829.115840909 
18 0 66.5079815988 840.008382501 
19 0 57.1483427335 849.368021366 
20 0 49.1058814748 857.410482625 
21 0 42.1952304582 864.321133641 
22 0 36.2571045959 870.259259504 
23 0 31.1546328828 875.361731217 
24 0 26.7702454302 879.746118669 
25 0 23.0028758181 883.513488281 
26 0 19.76568523 886.750678869 
27 0 16.9840650501 889.532299049 
28 0 14.593901255 891.922462844 
29 0 12.5401031496 893.97626095 
30 0 10.7753322327 895.741031867 
31 0 9.25892080477 897.257443295 
32 0 7.95591489648 898.560449203 
33 0 6.83627940174 899.680084698 
34 0 5.87420969244 900.642154407 
35 0 5.04753342454 901.468830675 
36 0 4.33719478702 902.179169312 
37 0 3.72682124639 902.789542853 
38 0 3.20234632064 903.314017779 
39 0 2.75168054625 903.764683553 
40 0 2.36443662429 904.151927475 
41 0 2.03168979057 904.484674309 
42 0 1.74577035646 904.770593743 
43 0 1.50008815974 905.01627594 
44 0 1.28898093625 905.227383163 
45 0 1.10758285581 905.408781244 
46 0 0.95171275987 905.56465134 
47 0 0.817778304849 905.698585795 
48 0 0.702692514075 905.813671585 
49 0 0.60380264108 905.912561458 
50 0 0.518829517173 905.997534582 
51 0 0.445814738325 906.070549361 
52 0 0.383075275319 906.133288824 
53 0 0.329165093601 906.187199006 
54 0 0.282841749548 906.23352235 
55 0 0.243037466723 906.273326633 
56 0 0.208834804946 906.307529295 
57 0 0.179445440075 906.336918659 
58 0 0.154192028221 906.362172071 
59 0 0.132492578777 906.383871521 
60 0 0.113846948653 906.402517151 
61 0 0.0978252451956 906.418538854 
62 0 0.0840583035822 906.432305796 
63 0 0.0722287821156 906.444135317 
64 0 0.0620640300822 906.454300069 
65 0 0.053329779197 906.46303432 
66 0 0.0458246646821 906.470539435 
67 0 0.0393757635839 906.476988336 
68 0 0.0338344195761 906.48252968 
69 0 0.0290728993341 906.4872912 
70 0 0.0249814779018 906.491382622 
