Time S I R
0  978.312390577 1 0
1 732.245830391 230.38382979 16.682730397 
2 14.9233075177 723.521129797 240.867953262 
3 0.316742895598 516.27083512 462.724812561 
4 0.0211405083803 360.729070208 618.562179861 
5 0.0031872951198 251.903733903 727.405469379 
6 0.000852742444636 175.900552899 803.410984935 
7 0.000343296549886 122.828005275 856.484042006 
8 0.000180148071195 85.768258844 893.543951585 
9 0.000114937082458 59.8901717 919.42210394 
10 8.23681392603e-05 41.8199893927 937.492318816 
11 6.56488653021e-05 29.2019923288 950.110332599 
12 5.63370218742e-05 20.3911153631 958.921218877 
13 5.06158129383e-05 14.2386644922 965.073675469 
14 4.69766180231e-05 9.94254906204 969.369794538 
15 4.45916730314e-05 6.94266185843 972.369684127 
16 4.29986029076e-05 4.84790916692 974.464438412 
17 4.19200882789e-05 3.38518842765 975.927160229 
18 4.11830752682e-05 2.36380240766 976.948546986 
19 4.06761379281e-05 1.65059154574 977.661758355 
20 4.03258594588e-05 1.15257164029 978.159778611 
21 4.00830589342e-05 0.804815499987 978.507534994 
22 3.99143842742e-05 0.561984992698 978.75036567 
23 3.97970234189e-05 0.392421719621 978.91992906 
24 3.97152778078e-05 0.274019498517 979.038331363 
25 3.96582962594e-05 0.191341774206 979.121009145 
26 3.9618555661e-05 0.133609758956 979.1787412 
27 3.9590829374e-05 0.0932966774063 979.219054309 
28 3.9571480329e-05 0.0651470285332 979.247203977 
29 3.95579749011e-05 0.0454907112264 979.266860308 
30 3.95485469653e-05 0.0317651777517 979.280585851 
31 3.95419651795e-05 0.022180911663 979.290170123 
32 3.95373698439e-05 0.0154884484777 979.296862591 
33 3.95341612602e-05 0.0108152383817 979.301535805 
34 3.95319210611e-05 0.00755200851473 979.304799037 
35 3.95303568439e-05 0.00527346847291 979.307077578 
36 3.95292645408e-05 0.00368239554092 979.308668652 
37 3.95285018158e-05 0.00257134883887 979.3097797 
38 3.95279693066e-05 0.00179552615508 979.310555523 
39 3.95275973233e-05 0.00125382276993 979.311097227 
40 3.95273377762e-05 0.000875499619607 979.31147555 
41 3.9527156332e-05 0.000611322237862 979.311739728 
42 3.95270296849e-05 0.000426871497188 979.311924179 
43 3.95269412365e-05 0.000298051518786 979.312052999 
44 3.95268796183e-05 0.00020812599049 979.312142924 
45 3.95268366447e-05 0.000145346428151 979.312205704 
46 3.9526806404e-05 0.000101419990662 979.31224963 
47 3.95267853719e-05 7.07876837104e-05 979.312280263 
48 3.952677082e-05 4.9454813494e-05 979.312301595 
49 3.95267604745e-05 3.45132656021e-05 979.312316537 
50 3.95267534259e-05 2.4146221995e-05 979.312326904 
51 3.95267485374e-05 1.68824533694e-05 979.312334168 
52 3.95267450131e-05 1.18263302814e-05 979.312339224 
53 3.9526742512e-05 8.3003807126e-06 979.31234275 
54 3.95267409203e-05 5.77581237255e-06 979.312345274 
55 3.95267396698e-05 3.936529633e-06 979.312347114 
56 3.95267387603e-05 2.76665511479e-06 979.312348284 
57 3.95267383055e-05 1.90498053873e-06 979.312349145 
58 3.95267378508e-05 1.31718974641e-06 979.312349733 
59 3.95267376234e-05 9.20860149325e-07 979.312350129 
60 3.95267375097e-05 6.57042094316e-07 979.312350393 
61 3.9526737396e-05 4.68561773913e-07 979.312350582 
62 3.95267372824e-05 3.34357048812e-07 979.312350716 
63 3.95267372824e-05 2.37236159007e-07 979.312350813 
64 3.95267371687e-05 1.66964432061e-07 979.312350883 
65 3.9526737055e-05 1.17849032393e-07 979.312350932 
66 3.9526737055e-05 8.31550609104e-08 979.312350967 
67 3.9526737055e-05 5.87011380348e-08 979.312350992 
68 3.9526737055e-05 4.16699933044e-08 979.312351009 
69 3.95267371687e-05 2.94566541645e-08 979.312351021 
70 3.9526737055e-05 1.33516919638e-08 979.312351037 
