Time S I R
0  964.00861158 1 0
1 780.784851533 172.155386325 12.0683737222 
2 26.5325027089 732.791342678 205.684766193 
3 0.603766060695 542.140837305 422.264008215 
4 0.0395977203586 386.763972213 578.205041647 
5 0.00569429122743 275.629859952 689.373057337 
6 0.0014238851229 196.413004988 768.594182707 
7 0.00054018808305 139.961724609 825.046346783 
8 0.000266589908847 99.7349704636 865.273374527 
9 0.000161361568189 71.0697751359 893.938675083 
10 0.000112460584887 50.6433435819 914.365155538 
11 8.5720495008e-05 36.0876780998 928.92084776 
12 7.15811451073e-05 25.715560768 939.292979231 
13 6.29225285138e-05 18.3245374807 946.684011177 
14 5.73807535602e-05 13.0577913445 951.950762855 
15 5.37404723673e-05 9.30479027316 955.703767567 
16 5.12877040819e-05 6.63045648226 958.37810381 
17 4.9608481504e-05 4.72476526308 960.283796709 
18 4.84455905507e-05 3.3667984397 961.641764695 
19 4.7633605277e-05 2.39913054829 962.609433398 
20 4.70633212899e-05 1.70958531315 963.298979204 
21 4.66611161301e-05 1.21822506358 963.790339856 
22 4.6376611408e-05 0.86808934152 964.140475862 
23 4.61749363012e-05 0.618587556699 964.389977849 
24 4.60317617126e-05 0.440796426388 964.567769122 
25 4.59300082412e-05 0.31410498342 964.694460667 
26 4.58576377014e-05 0.223826604001 964.784739119 
27 4.58061371091e-05 0.159495514243 964.84907026 
28 4.57694740135e-05 0.113654138303 964.894911673 
29 4.57433660586e-05 0.0809881954517 964.927577642 
30 4.5724771212e-05 0.0577109991703 964.950854856 
31 4.57115253312e-05 0.0411240006621 964.967441868 
32 4.57020888689e-05 0.0293043459551 964.979261532 
33 4.56953658841e-05 0.0208818465418 964.987684038 
34 4.56905758028e-05 0.0148800946422 964.993685795 
35 4.56871626966e-05 0.0106033318709 964.997962561 
36 4.56847305941e-05 0.00755574671996 965.001010149 
37 4.56829977793e-05 0.00538417996126 965.003181717 
38 4.56817630266e-05 0.00383673453136 965.004729164 
39 4.56808829767e-05 0.00273401042644 965.005831889 
40 4.56802561075e-05 0.00194822862585 965.006617671 
41 4.56798093182e-05 0.00138832679802 965.007177574 
42 4.56794909951e-05 0.000989295840872 965.007576605 
43 4.56792641899e-05 0.000704933453497 965.007860968 
44 4.56791024135e-05 0.000502321602899 965.00806358 
45 4.56789872487e-05 0.000357937516023 965.008207964 
46 4.56789050531e-05 0.000255051718551 965.00831085 
47 4.56788467318e-05 0.000181754419879 965.008384147 
48 4.5678804895e-05 0.000129505554044 965.008436396 
49 4.56787751091e-05 9.22052839092e-05 965.008473696 
50 4.56787539633e-05 6.56870031166e-05 965.008500215 
51 4.56787389567e-05 4.68483842206e-05 965.008519053 
52 4.56787281564e-05 3.338658643e-05 965.008532515 
53 4.56787205394e-05 2.38157259271e-05 965.008542086 
54 4.56787151961e-05 1.69943519013e-05 965.008548907 
55 4.56787113308e-05 1.21471330528e-05 965.008553755 
56 4.56787086023e-05 8.69912057014e-06 965.008557203 
57 4.56787065559e-05 6.18050752425e-06 965.008559721 
58 4.5678705078e-05 4.28050237892e-06 965.008561621 
59 4.56787040548e-05 3.08410303488e-06 965.008562818 
60 4.5678703259e-05 2.17714745645e-06 965.008563725 
61 4.56787028043e-05 1.52675935447e-06 965.008564375 
62 4.56787024632e-05 1.0890697174e-06 965.008564813 
63 4.56787022358e-05 7.85185628923e-07 965.008565116 
64 4.56787021221e-05 5.71109710256e-07 965.008565331 
65 4.56787020084e-05 4.16537353575e-07 965.008565485 
66 4.56787018948e-05 3.01414849955e-07 965.0085656 
67 4.56787017811e-05 2.17746584558e-07 965.008565684 
68 4.56787017811e-05 1.56434793731e-07 965.008565745 
69 4.56787017811e-05 1.12395518096e-07 965.008565789 
70 4.56787016674e-05 8.10513160342e-08 965.008565821 
