Time S I R
0  836.569161853 1 0
1 211.973956735 596.453091774 29.1421133445 
2 0.250641278456 665.098443527 172.220077048 
3 0.000778884128181 543.013743664 294.554639305 
4 3.00127169339e-06 443.167353177 394.401805675 
5 1.3921178379e-06 361.679645667 475.889514794 
6 9.25816721065e-08 295.175550595 542.393611165 
7 0 240.89975563 596.669406223 
8 0 196.604034941 640.965126911 
9 9.37017148317e-08 160.453519518 677.115642241 
10 0 130.94997608 706.619185773 
11 0 106.871484166 730.697677686 
12 0 87.2204221887 750.348739664 
13 0 71.1827156492 766.386446204 
14 0 58.0939668185 779.475195034 
15 0 47.4119101508 790.157251702 
16 0 38.6940231881 798.875138665 
17 0 31.5791436334 805.990018219 
18 0 25.772508996 811.796652857 
19 0 21.03355622 816.535605633 
20 0 17.1659943977 820.403167455 
21 0 14.0095844611 823.559577392 
22 0 11.4335615069 826.135600346 
23 0 9.33120658028 828.237955273 
24 0 7.61542008491 829.953741768 
25 0 6.21512785837 831.354033994 
26 0 5.07231603112 832.496845822 
27 0 4.13963924616 833.429522607 
28 0 3.37845950623 834.190702347 
29 0 2.75724242521 834.811919428 
30 0 2.25025190223 835.318909951 
31 0 1.83648483532 835.732677017 
32 0 1.49879956079 836.070362292 
33 0 1.22320636999 836.345955483 
34 0 0.998288196082 836.570873657 
35 0 0.814727031208 836.754434822 
36 0 0.664918354548 836.904243498 
37 0 0.542655914546 837.026505938 
38 0 0.442874583317 837.12628727 
39 0 0.36144063247 837.20772122 
40 0 0.294980422746 837.27418143 
41 0 0.240740638527 837.328421214 
42 0 0.196474239605 837.372687613 
43 0 0.160347363883 837.408814489 
44 0 0.130863340707 837.438298512 
45 0 0.106800621915 837.462361231 
46 0 0.0871625558936 837.481999297 
47 0 0.0711354761479 837.498026377 
48 0 0.0580553721467 837.511106481 
49 0 0.0473803803896 837.521781472 
50 0 0.0386682735008 837.530493579 
51 0 0.0315580973216 837.537603756 
52 0 0.0257553232141 837.54340653 
53 0 0.0210195442068 837.548142309 
54 0 0.0171545572066 837.552007296 
55 0 0.014000240214 837.555161613 
56 0 0.0114259337629 837.557735919 
57 0 0.00932495507612 837.559836898 
58 0 0.0076103278383 837.561551525 
59 0 0.00621101911022 837.562950834 
60 0 0.00506902470946 837.564092828 
61 0 0.00413695923114 837.565024894 
62 0 0.00337627383377 837.565785579 
63 0 0.00275547497614 837.566406378 
64 0 0.00224881387174 837.566913039 
65 0 0.00183532057576 837.567326532 
66 0 0.0014979049163 837.567663948 
67 0 0.00122246356187 837.567939389 
68 0 0.000997670654333 837.568164182 
69 0 0.000814205241028 837.568347648 
70 0 0.000664481894256 837.568497371 
