Time S I R
0  963.033943018 1 0
1 573.128989613 357.300846833 33.6041065718 
2 5.64915442838 625.655594364 332.729194225 
3 0.152748378077 397.354494737 566.526699903 
4 0.0156440247775 250.017322789 714.000976204 
5 0.00373021171265 157.258390938 806.771821868 
6 0.00151594761064 98.9100052982 865.122421772 
7 0.000861564180582 62.2105385151 901.822542939 
8 0.000603189182698 39.1278318699 924.905507959 
9 0.000482048787831 24.6097516954 939.423709274 
10 0.000418647618176 15.478481365 948.555043005 
11 0.000383111031283 9.73528607679 954.29827383 
12 0.000362323411423 6.12307106949 957.910509625 
13 0.000349830589357 3.85114211656 960.182451071 
14 0.000342194774589 2.42219930378 961.611401519 
15 0.00033747783084 1.52345692685 962.510148613 
16 0.000334544458042 0.958187359986 963.075421114 
17 0.000332712575755 0.602657673829 963.430952632 
18 0.000331565546048 0.379045151993 963.6545663 
19 0.000330846142106 0.238402717706 963.795209454 
20 0.000330394468847 0.14994481612 963.883667807 
21 0.000330110701839 0.0943086101602 963.939304297 
22 0.000329932350041 0.0593159634024 963.974297122 
23 0.00032982022401 0.037307134942 963.996306063 
24 0.000329749721345 0.0234645385745 964.01014873 
25 0.000329705385752 0.014758157595 964.018855155 
26 0.000329677503714 0.00928223000678 964.02433111 
27 0.000329659968543 0.00583811325512 964.027775245 
28 0.00032964894001 0.00367189924386 964.02994147 
29 0.000329642003976 0.0023095034709 964.031303872 
30 0.000329637641812 0.00145262432273 964.032160756 
31 0.000329634897753 0.000913629472803 964.032699754 
32 0.0003296331721 0.000574630530223 964.033038754 
33 0.000329632086618 0.000361397923377 964.033251988 
34 0.000329631401769 0.000226879864676 964.033386507 
35 0.000329630969532 0.000141980516776 964.033471406 
36 0.000329630699298 8.88723127341e-05 964.033524515 
37 0.000329630530587 5.57351417339e-05 964.033557652 
38 0.000329630424744 3.49641622845e-05 964.033578423 
39 0.000329630358237 2.18837391334e-05 964.033591504 
40 0.000329630316401 1.367736863e-05 964.03359971 
41 0.000329630291048 8.69368515577e-06 964.033604694 
42 0.000329630276042 5.73349363077e-06 964.033607654 
43 0.000329630266265 3.80875541061e-06 964.033609579 
44 0.00032963025933 2.45506154438e-06 964.033610933 
45 0.000329630254555 1.51245010747e-06 964.033611875 
46 0.000329630251485 9.07657053198e-07 964.03361248 
47 0.000329630249666 5.44827465586e-07 964.033612843 
48 0.000329630248643 3.60222609422e-07 964.033613027 
49 0.000329630248189 2.66309404204e-07 964.033613121 
50 0.000329630247734 1.90212471102e-07 964.033613197 
51 0.000329630247279 7.72013017222e-08 964.03361331 
52 0.000329630246597 -4.88992080831e-08 964.033613437 
53 0.000329630245915 -1.69709131395e-07 964.033613557 
54 0.000329630245687 -2.31846193127e-07 964.03361362 
55 0.000329630244892 -3.90670440047e-07 964.033613778 
56 0.000329630243982 -5.64288680479e-07 964.033613952 
57 0.000329630243414 -6.78345671208e-07 964.033614066 
58 0.0003296302433 -6.70883918235e-07 964.033614059 
59 0.000329630242959 -7.54751303206e-07 964.033614142 
60 0.000329630242732 -8.02051436265e-07 964.03361419 
61 0.000329630242732 -7.95340132896e-07 964.033614183 
62 0.000329630243186 -7.27082683851e-07 964.033614115 
63 0.000329630243527 -6.58241909297e-07 964.033614046 
64 0.000329630244096 -5.57961081971e-07 964.033613946 
65 0.000329630244664 -4.29682381053e-07 964.033613817 
66 0.00032963024546 -2.8674779347e-07 964.033613674 
67 0.000329630246142 -1.59437773271e-07 964.033613547 
68 0.000329630246711 -5.55720302795e-08 964.033613443 
69 0.000329630247052 4.52146549639e-09 964.033613383 
70 0.000329630247165 2.21092761775e-08 964.033613366 
