Time S I R
0  848.827193212 1 0
1 825.659430675 19.6495828499 4.51817968686 
2 542.847386875 233.994299209 72.9855071279 
3 108.424241469 405.428417655 335.974534088 
4 25.3267286519 251.098873292 573.401591268 
5 11.1963279929 131.953756332 706.677108887 
6 7.34865950667 67.0529341578 775.425599547 
7 5.94002031764 33.7185691558 810.168603738 
8 5.3384247201 16.8861462404 827.602622251 
9 5.06069865072 8.44106938557 836.325425175 
10 4.92739068928 4.21590652211 840.683896 
11 4.86214380706 2.10476008071 842.860289324 
12 4.82989709332 1.0505702131 843.946725905 
13 4.81388235633 0.524327661566 844.488983194 
14 4.80590966741 0.26167293244 844.759610612 
15 4.80193578006 0.130588173569 844.894669258 
16 4.7999538496 0.0651693690513 844.962069993 
17 4.79896508635 0.0325222372504 844.995705888 
18 4.79847172909 0.0162299008189 845.012491582 
19 4.79822554325 0.00809936018456 845.020868308 
20 4.79810269124 0.00404188553565 845.025048635 
21 4.79804138701 0.00201713025366 845.027134694 
22 4.79801079206 0.00100663038207 845.028175789 
23 4.79799552419 0.000502355750981 845.028695332 
24 4.79798790158 0.000250591951282 845.028954718 
25 4.79798410076 0.00012505602821 845.029084055 
26 4.79798220687 6.25035206625e-05 845.029148501 
27 4.79798126009 3.12326453355e-05 845.029180719 
28 4.79798078462 1.55287810528e-05 845.029196898 
29 4.79798054533 7.62512199303e-06 845.029205041 
30 4.79798043193 3.87971346588e-06 845.0292089 
31 4.79798037544 2.01394499282e-06 845.029210822 
32 4.79798034566 1.03047717432e-06 845.029211836 
33 4.79798033035 5.24607429833e-07 845.029212357 
34 4.7979803226 2.68803650192e-07 845.02921262 
35 4.79798031863 1.37770275055e-07 845.029212755 
36 4.79798031659 7.03907977692e-08 845.029212825 
37 4.79798031555 3.59556950041e-08 845.02921286 
38 4.79798031457 3.37904899042e-09 845.029212894 
39 4.79798031386 -1.97688162801e-08 845.029212918 
40 4.79798031352 -3.11774249735e-08 845.029212929 
41 4.79798031353 -3.08467770897e-08 845.029212929 
42 4.79798031376 -2.32380360573e-08 845.029212921 
43 4.79798031367 -2.60404027099e-08 845.029212924 
44 4.79798031368 -2.58648610975e-08 845.029212924 
45 4.79798031378 -2.27114112199e-08 845.029212921 
46 4.79798031396 -1.65800530771e-08 845.029212914 
47 4.7979803141 -1.18883213648e-08 845.02921291 
48 4.79798031417 -9.74306516317e-09 845.029212907 
49 4.79798031423 -7.59780896158e-09 845.029212905 
50 4.7979803143 -5.45255275998e-09 845.029212903 
51 4.79798031436 -3.30729655839e-09 845.029212901 
52 4.79798031437 -3.02870783679e-09 845.0292129 
53 4.79798031437 -2.96440827971e-09 845.0292129 
54 4.79798031437 -2.90010872263e-09 845.0292129 
55 4.79798031438 -2.83580916555e-09 845.0292129 
56 4.79798031438 -2.77150960847e-09 845.0292129 
57 4.79798031438 -2.70721005139e-09 845.0292129 
58 4.79798031438 -2.64291049431e-09 845.0292129 
59 4.79798031438 -2.57861093723e-09 845.0292129 
60 4.79798031439 -2.51431138015e-09 845.0292129 
61 4.79798031439 -2.45001182307e-09 845.0292129 
62 4.79798031439 -2.38571226599e-09 845.0292129 
63 4.79798031439 -2.32141270891e-09 845.0292129 
64 4.79798031439 -2.25711315183e-09 845.0292129 
65 4.7979803144 -2.19281359475e-09 845.0292129 
66 4.7979803144 -2.12851403767e-09 845.029212899 
67 4.7979803144 -2.06421448059e-09 845.029212899 
68 4.7979803144 -1.99991492351e-09 845.029212899 
69 4.7979803144 -1.93561536643e-09 845.029212899 
70 4.79798031441 -1.87131580935e-09 845.029212899 
