Time S I R
0  914.929263294 1 0
1 890.424077319 19.6986427586 5.80654321614 
2 591.669810675 231.030820994 93.2286316244 
3 131.878992654 369.778376876 414.271893764 
4 38.6838652954 200.658171664 676.587226335 
5 21.2902494699 90.3275002711 804.311513553 
6 16.3679338175 39.0154334878 860.545895988 
7 14.6217831587 16.6343335855 884.67314655 
8 13.9368256651 7.05785953404 894.934578095 
9 13.656255606 2.98880435926 899.284203328 
10 13.5391976311 1.26465682132 901.125408841 
11 13.489977562 0.534935805617 901.904349926 
12 13.4692133506 0.22623969209 902.233810251 
13 13.4604414642 0.0956776265335 902.373144203 
14 13.4567335655 0.040461389979 902.432068338 
15 13.4551658377 0.0171106589031 902.456986797 
16 13.4545029178 0.0072358352128 902.467524541 
17 13.4542225962 0.00306002147894 902.471980676 
18 13.4541040495 0.00129406134226 902.473865183 
19 13.4540539158 0.000547228515914 902.474662149 
20 13.4540327147 0.000231398068256 902.474999181 
21 13.4540237486 9.78309304642e-05 902.475141714 
22 13.454019958 4.13627124075e-05 902.475201973 
23 13.4540183575 1.7520332489e-05 902.475227416 
24 13.4540176832 7.47510004914e-06 902.475238135 
25 13.4540173888 3.08931634704e-06 902.475242816 
26 13.4540172672 1.27738463965e-06 902.475244749 
27 13.4540172186 5.53613840798e-07 902.475245522 
28 13.4540171979 2.45673757248e-07 902.47524585 
29 13.4540171886 1.06753167322e-07 902.475245998 
30 13.4540171845 4.62953508583e-08 902.475246063 
31 13.4540171813 -1.62730019673e-09 902.475246114 
32 13.4540171796 -2.79175495363e-08 902.475246142 
33 13.4540171794 -3.02958773559e-08 902.475246145 
34 13.4540171796 -2.73994445471e-08 902.475246142 
35 13.4540171795 -2.91748797286e-08 902.475246143 
36 13.4540171798 -2.43386248252e-08 902.475246138 
37 13.4540171803 -1.65243484921e-08 902.47524613 
38 13.4540171806 -1.27019563322e-08 902.475246126 
39 13.4540171808 -8.87956417242e-09 902.475246122 
40 13.4540171811 -5.05717201259e-09 902.475246118 
41 13.4540171811 -4.33397663453e-09 902.475246117 
42 13.4540171812 -4.20607621997e-09 902.475246117 
43 13.4540171812 -4.07817580541e-09 902.475246117 
44 13.4540171812 -3.95027539085e-09 902.475246117 
45 13.4540171812 -3.82237497629e-09 902.475246116 
46 13.4540171812 -3.69447456173e-09 902.475246116 
47 13.4540171812 -3.56657414717e-09 902.475246116 
48 13.4540171812 -3.43867373261e-09 902.475246116 
49 13.4540171812 -3.31077331805e-09 902.475246116 
50 13.4540171812 -3.18287290349e-09 902.475246116 
51 13.4540171812 -3.05497248893e-09 902.475246116 
52 13.4540171812 -2.92707207437e-09 902.475246115 
53 13.4540171813 -2.79917165981e-09 902.475246115 
54 13.4540171813 -2.67127124525e-09 902.475246115 
55 13.4540171813 -2.54337083069e-09 902.475246115 
56 13.4540171813 -2.41547041613e-09 902.475246115 
57 13.4540171813 -2.28757000157e-09 902.475246115 
58 13.4540171813 -2.15966958701e-09 902.475246115 
59 13.4540171813 -2.03176917245e-09 902.475246114 
60 13.4540171813 -1.90386875788e-09 902.475246114 
61 13.4540171813 -1.77596834332e-09 902.475246114 
62 13.4540171813 -1.64806792876e-09 902.475246114 
63 13.4540171813 -1.5201675142e-09 902.475246114 
64 13.4540171813 -1.39226709964e-09 902.475246114 
65 13.4540171814 -1.26436668508e-09 902.475246114 
66 13.4540171814 -1.13646627052e-09 902.475246114 
67 13.4540171814 -1.00856585596e-09 902.475246113 
68 13.4540171814 -8.80665441403e-10 902.475246113 
69 13.4540171814 -7.52765026843e-10 902.475246113 
70 13.4540171814 -6.24864612283e-10 902.475246113 
