Time S I R
0  802.093421342 1 0
1 571.264404813 198.037103581 33.7919129475 
2 18.9085389096 411.027925429 373.156957003 
3 1.79425066585 193.645245274 607.653925402 
4 0.609998542383 87.3943106409 715.089112159 
5 0.375344393323 39.2655895909 763.452487358 
6 0.301796296912 17.6224286041 785.169196441 
7 0.273660105881 7.90596926466 794.913791971 
8 0.261905716699 3.54632791345 799.285187712 
9 0.256798629728 1.59064863817 801.245974074 
10 0.254540436523 0.713440298555 802.125440607 
11 0.253534057476 0.319989329155 802.519897955 
12 0.253083975778 0.14351953257 802.696817834 
13 0.252882367894 0.0643702508388 802.776168723 
14 0.25279199659 0.0288708125131 802.811758533 
15 0.252751474508 0.0129488914902 802.827720976 
16 0.252733302003 0.00580772614934 802.834880314 
17 0.252725151869 0.00260483850117 802.838091351 
18 0.252721496618 0.00116834277081 802.839531502 
19 0.252719857105 0.000524015334225 802.840177469 
20 0.252719121515 0.000234927654878 802.840467293 
21 0.252718791912 0.000105392948613 802.840597157 
22 0.252718644289 4.7376855266e-05 802.840655321 
23 0.252718576946 2.09109037843e-05 802.840681854 
24 0.252718547589 9.37356691792e-06 802.840693421 
25 0.252718534467 4.2164812308e-06 802.840698591 
26 0.252718528786 1.98379797466e-06 802.840700829 
27 0.25271852607 9.16410772691e-07 802.840701899 
28 0.25271852481 4.21418576907e-07 802.840702396 
29 0.252718524233 1.94440537548e-07 802.840702623 
30 0.252718523967 8.98833553903e-08 802.840702728 
31 0.252718523844 4.15184319023e-08 802.840702776 
32 0.25271852376 8.61351573338e-09 802.840702809 
33 0.252718523693 -1.79276249405e-08 802.840702836 
34 0.252718523661 -3.05501169496e-08 802.840702849 
35 0.252718523664 -2.92539602939e-08 802.840702847 
36 0.25271852368 -2.28407321846e-08 802.840702841 
37 0.252718523675 -2.4781895983e-08 802.840702843 
38 0.252718523679 -2.32934649331e-08 802.840702841 
39 0.252718523691 -1.83754390347e-08 802.840702837 
40 0.25271852371 -1.12164831623e-08 802.840702829 
41 0.252718523715 -9.08245876109e-09 802.840702827 
42 0.252718523721 -6.94843435988e-09 802.840702825 
43 0.252718523726 -4.81440995868e-09 802.840702823 
44 0.252718523731 -2.68038555748e-09 802.840702821 
45 0.252718523732 -2.60031895799e-09 802.840702821 
46 0.252718523732 -2.53861488458e-09 802.840702821 
47 0.252718523732 -2.47691081117e-09 802.840702821 
48 0.252718523732 -2.41520673776e-09 802.840702821 
49 0.252718523732 -2.35350266434e-09 802.84070282 
50 0.252718523732 -2.29179859093e-09 802.84070282 
51 0.252718523732 -2.23009451752e-09 802.84070282 
52 0.252718523733 -2.16839044411e-09 802.84070282 
53 0.252718523733 -2.1066863707e-09 802.84070282 
54 0.252718523733 -2.04498229729e-09 802.84070282 
55 0.252718523733 -1.98327822387e-09 802.84070282 
56 0.252718523733 -1.92157415046e-09 802.84070282 
57 0.252718523734 -1.85987007705e-09 802.84070282 
58 0.252718523734 -1.79816600364e-09 802.84070282 
59 0.252718523734 -1.73646193023e-09 802.84070282 
60 0.252718523734 -1.67475785681e-09 802.84070282 
61 0.252718523734 -1.6130537834e-09 802.84070282 
62 0.252718523734 -1.55134970999e-09 802.84070282 
63 0.252718523734 -1.48964563658e-09 802.84070282 
64 0.252718523734 -1.42794156317e-09 802.84070282 
65 0.252718523735 -1.36623748976e-09 802.840702819 
66 0.252718523735 -1.30453341634e-09 802.840702819 
67 0.252718523735 -1.24282934293e-09 802.840702819 
68 0.252718523735 -1.18112526952e-09 802.840702819 
69 0.252718523735 -1.11942119611e-09 802.840702819 
70 0.252718523735 -1.0577171227e-09 802.840702819 
