Time S I R
0  985.83499603 1 0
1 872.975436058 92.9976138126 20.8619461591 
2 108.966519235 499.955391178 377.913085616 
3 13.3502189849 235.320964087 738.163812958 
4 5.53866524478 92.1748988588 889.121431926 
5 3.94007637951 35.3396864004 947.55523325 
6 3.45902619744 13.4783098177 969.897660015 
7 3.29158219524 5.13183219895 978.411581636 
8 3.22999931195 1.95274745356 981.652249264 
9 3.20687248022 0.742885704237 982.885237845 
10 3.19811823583 0.282592595761 983.354285198 
11 3.19479446681 0.107494346819 983.532707216 
12 3.19353106543 0.0408888542992 983.60057611 
13 3.19305062353 0.0155532986751 983.626392108 
14 3.19286789298 0.00591619214313 983.636211945 
15 3.19279838897 0.00225044138657 983.639947199 
16 3.19277195064 0.000856021117767 983.641368058 
17 3.1927618936 0.000325585647379 983.64190855 
18 3.19275806778 0.000123801282581 983.642114161 
19 3.19275661368 4.71079205534e-05 983.642192308 
20 3.19275606114 1.79654107993e-05 983.642222003 
21 3.19275585072 6.86713857251e-06 983.642233312 
22 3.19275576887 2.55006496527e-06 983.642237711 
23 3.19275573865 9.56497818242e-07 983.642239335 
24 3.19275572785 3.86539781701e-07 983.642239915 
25 3.1927557234 1.51950618348e-07 983.642240154 
26 3.19275572165 5.94511802913e-08 983.642240249 
27 3.19275572081 1.52621313307e-08 983.642240294 
28 3.19275572016 -1.88376318743e-08 983.642240328 
29 3.19275571994 -3.0665255934e-08 983.64224034 
30 3.19275572011 -2.15459583275e-08 983.642240331 
31 3.19275572004 -2.52432527312e-08 983.642240335 
32 3.19275572008 -2.32134133945e-08 983.642240333 
33 3.19275572023 -1.54564403174e-08 983.642240325 
34 3.19275572032 -1.0688044928e-08 983.64224032 
35 3.19275572037 -7.71862442247e-09 983.642240317 
36 3.19275572043 -4.74920391698e-09 983.642240314 
37 3.19275572046 -3.03286007999e-09 983.642240312 
38 3.19275572046 -2.94276314854e-09 983.642240312 
39 3.19275572046 -2.85266621709e-09 983.642240312 
40 3.19275572047 -2.76256928564e-09 983.642240312 
41 3.19275572047 -2.6724723542e-09 983.642240312 
42 3.19275572047 -2.58237542275e-09 983.642240312 
43 3.19275572047 -2.4922784913e-09 983.642240312 
44 3.19275572047 -2.40218155985e-09 983.642240312 
45 3.19275572047 -2.3120846284e-09 983.642240312 
46 3.19275572048 -2.22198769696e-09 983.642240311 
47 3.19275572048 -2.13189076551e-09 983.642240311 
48 3.19275572048 -2.04179383406e-09 983.642240311 
49 3.19275572048 -1.95169690261e-09 983.642240311 
50 3.19275572048 -1.86159997117e-09 983.642240311 
51 3.19275572049 -1.77150303972e-09 983.642240311 
52 3.19275572049 -1.68140610827e-09 983.642240311 
53 3.19275572049 -1.59130917682e-09 983.642240311 
54 3.19275572049 -1.50121224538e-09 983.642240311 
55 3.19275572049 -1.41111531393e-09 983.642240311 
56 3.19275572049 -1.32101838248e-09 983.642240311 
57 3.1927557205 -1.23092145103e-09 983.64224031 
58 3.1927557205 -1.14082451959e-09 983.64224031 
59 3.1927557205 -1.05072758814e-09 983.64224031 
60 3.1927557205 -9.60630656691e-10 983.64224031 
61 3.1927557205 -8.70533725244e-10 983.64224031 
62 3.1927557205 -7.80436793796e-10 983.64224031 
63 3.19275572051 -6.90339862349e-10 983.64224031 
64 3.19275572051 -6.00242930901e-10 983.64224031 
65 3.19275572051 -5.10145999453e-10 983.64224031 
66 3.19275572051 -4.20049068006e-10 983.64224031 
67 3.19275572051 -3.29952136558e-10 983.64224031 
68 3.19275572051 -2.39855205111e-10 983.642240309 
69 3.19275572052 -1.49758273663e-10 983.642240309 
70 3.19275572052 -9.21936859757e-11 983.642240309 
