Time S I R
0  994.458572567 1 0
1 339.195402114 557.89348381 98.3696866423 
2 2.40187890768 441.955314074 551.101379585 
3 0.180173370667 207.275601743 788.002797453 
4 0.053683861428 96.6912176768 898.713671028 
5 0.0305319045201 45.0836970959 950.344343566 
6 0.0234663274025 21.0186158225 974.416490417 
7 0.0207564096743 9.79878279135 985.639033365 
8 0.0196022926477 4.56807602222 990.870894252 
9 0.0190864138317 2.1295669071 993.309919246 
10 0.018850582282 0.992768740578 994.446953244 
11 0.0187416399505 0.462811667175 994.977019259 
12 0.01869106838 0.215754661214 995.224126837 
13 0.0186675394546 0.10058093208 995.339324095 
14 0.01865658083 0.0468890343301 995.393026951 
15 0.0186514743148 0.0218588283843 995.418062264 
16 0.018649094227 0.0101901953183 995.429733277 
17 0.0186479847687 0.00475044931957 995.435174132 
18 0.0186474676071 0.00221466120745 995.437710438 
19 0.0186472265044 0.00103244345452 995.438892897 
20 0.0186471140861 0.000481208752339 995.439444244 
21 0.0186470617002 0.000224336983456 995.439701168 
22 0.0186470372713 0.000104550797163 995.439820978 
23 0.0186470259068 4.88253920315e-05 995.439876715 
24 0.0186470205962 2.27845093123e-05 995.439902761 
25 0.0186470181263 1.06740970316e-05 995.439914874 
26 0.0186470169648 4.97855573789e-06 995.439920571 
27 0.0186470164147 2.28112647378e-06 995.439923269 
28 0.0186470161614 1.03847956738e-06 995.439924512 
29 0.0186470160507 4.96190848001e-07 995.439925054 
30 0.0186470159988 2.41645098108e-07 995.439925309 
31 0.0186470159732 1.15605115783e-07 995.439925435 
32 0.0186470159607 5.5096575105e-08 995.439925495 
33 0.0186470159524 1.42649271268e-08 995.439925536 
34 0.018647015946 -1.72650408418e-08 995.439925568 
35 0.0186470159432 -3.12371632919e-08 995.439925582 
36 0.018647015944 -2.76514402235e-08 995.439925578 
37 0.0186470159441 -2.69333144667e-08 995.439925577 
38 0.0186470159438 -2.83230563751e-08 995.439925579 
39 0.0186470159446 -2.49428573492e-08 995.439925576 
40 0.0186470159462 -1.6792717389e-08 995.439925567 
41 0.018647015947 -1.35929421635e-08 995.439925564 
42 0.0186470159475 -1.04728750354e-08 995.439925561 
43 0.0186470159482 -7.35280790725e-09 995.439925558 
44 0.0186470159489 -4.23274077912e-09 995.439925555 
45 0.0186470159489 -3.99087103802e-09 995.439925555 
46 0.0186470159489 -3.88875619655e-09 995.439925554 
47 0.018647015949 -3.78664135509e-09 995.439925554 
48 0.0186470159489 -3.68452651363e-09 995.439925554 
49 0.018647015949 -3.58241167216e-09 995.439925554 
50 0.018647015949 -3.4802968307e-09 995.439925554 
51 0.018647015949 -3.37818198923e-09 995.439925554 
52 0.0186470159491 -3.27606714777e-09 995.439925554 
53 0.018647015949 -3.17395230631e-09 995.439925554 
54 0.0186470159491 -3.07183746484e-09 995.439925554 
55 0.0186470159491 -2.96972262338e-09 995.439925554 
56 0.0186470159491 -2.86760778191e-09 995.439925553 
57 0.0186470159492 -2.76549294045e-09 995.439925553 
58 0.0186470159491 -2.66337809899e-09 995.439925553 
59 0.0186470159492 -2.56126325752e-09 995.439925553 
60 0.0186470159492 -2.45914841606e-09 995.439925553 
61 0.0186470159492 -2.35703357459e-09 995.439925553 
62 0.0186470159492 -2.25491873313e-09 995.439925553 
63 0.0186470159492 -2.15280389167e-09 995.439925553 
64 0.0186470159493 -2.0506890502e-09 995.439925553 
65 0.0186470159493 -1.94857420874e-09 995.439925553 
66 0.0186470159493 -1.84645936727e-09 995.439925552 
67 0.0186470159493 -1.74434452581e-09 995.439925552 
68 0.0186470159493 -1.64222968435e-09 995.439925552 
69 0.0186470159493 -1.54011484288e-09 995.439925552 
70 0.0186470159495 -1.43800000142e-09 995.439925552 
