Time S I R
0  802.475246973 1 0
1 799.039342186 3.92505153715 0.510853250334 
2 785.791391267 15.182505621 2.50135008506 
3 737.874111401 55.6089265286 9.99220904353 
4 597.818825611 170.604480639 35.0519407231 
5 354.348826025 351.806842562 97.319578386 
6 154.573338696 452.811177469 196.090730808 
7 62.4952475796 437.073741742 303.906257652 
8 27.6138917676 374.711861512 401.149493694 
9 13.9518930768 307.09307716 482.430276736 
10 8.01855610904 247.086345881 548.370344984 
11 5.14564033342 197.14458135 601.18502529 
12 3.6147055597 156.63114406 643.229397354 
13 2.73136150571 124.151534852 676.592350616 
14 2.18769862231 98.269739986 703.017808365 
15 1.83539260065 77.7150071055 723.924847267 
16 1.5974891077 61.4238672926 740.453890573 
17 1.43150942995 48.5283948091 753.515342734 
18 1.31267537029 38.3294046646 763.833166938 
19 1.22583773634 30.2677024609 771.981706776 
20 1.16135068839 23.8980197828 778.415876502 
21 1.11284226311 18.8666754683 783.495729242 
22 1.07598324693 14.8933356843 787.505928042 
23 1.04775184267 11.7560233671 790.671471764 
24 1.02599112974 9.27911987881 793.170135965 
25 1.00913573294 7.32380625273 795.142304988 
26 0.996027841408 5.78034388938 796.698875243 
27 0.985802985285 4.56205609116 797.927387897 
28 0.977807381112 3.60047295893 798.896966633 
29 0.971542940175 2.84153077204 799.662173261 
30 0.966627283452 2.24253798772 800.266081702 
31 0.96276543923 1.76979807827 800.742683456 
32 0.959728611478 1.39670534782 801.118813014 
33 0.95733875249 1.10225830081 801.41564992 
34 0.9554569245 0.86988192125 801.649908128 
35 0.953974435454 0.686492357203 801.834780181 
36 0.952806112389 0.541763688687 801.980677172 
37 0.951885111764 0.427546428202 802.095815433 
38 0.951158910114 0.337408411787 802.186679651 
39 0.950586202438 0.266273495436 802.258387275 
40 0.95013448126 0.210135579972 802.314976912 
41 0.949778147195 0.165832958706 802.359635867 
42 0.949497033047 0.13087051598 802.394879424 
43 0.949275244898 0.103279137735 802.422692591 
44 0.949100252769 0.0815047927155 802.444641928 
45 0.948962177105 0.0643211203975 802.461963676 
46 0.948853226173 0.0507602739397 802.475633473 
47 0.94876725421 0.0400584527868 802.486421266 
48 0.948699413308 0.0316129022541 802.494934658 
49 0.948645878767 0.0249479282839 802.501653166 
50 0.948603633084 0.0196881332476 802.506955207 
51 0.948570295441 0.0155372660374 802.511139412 
52 0.948543987227 0.0122615287239 802.514441457 
53 0.948523226121 0.00967641839724 802.517047329 
54 0.948506842201 0.00763630215213 802.519103829 
55 0.948493913073 0.00602634943087 802.520726711 
56 0.948483710205 0.00475585859458 802.522007405 
57 0.948475658475 0.00375322392565 802.523018091 
58 0.948469304042 0.00296193755523 802.523815732 
59 0.948464289307 0.00233747359166 802.52444521 
60 0.948460331839 0.00184466421532 802.524941977 
61 0.948457208774 0.0014557586371 802.525334006 
62 0.948454744426 0.00114888009265 802.525643349 
63 0.948452799233 0.000906649939974 802.525887524 
64 0.94845126407 0.000715479498057 802.52608023 
65 0.948450052689 0.000564628677741 802.526232292 
66 0.948449096737 0.000445585793084 802.526352291 
67 0.948448342291 0.000351635929947 802.526446995 
68 0.94844774679 0.000277479146892 802.526521747 
69 0.948447277068 0.000218985474736 802.526580711 
70 0.94844690633 0.000172818084638 802.526627249 
