Time S I R
0  930.176739302 1 0
1 870.597043177 56.5585079731 4.02118815138 
2 191.909283549 643.387044952 95.8804108009 
3 7.7706469611 632.72902597 290.67706637 
4 0.567564522108 480.966057942 449.643116837 
5 0.0788548650792 361.538179927 569.559704509 
6 0.0178821256789 271.512650629 659.646206547 
7 0.00587135757621 203.876087263 727.294780681 
8 0.00254110371475 153.083461488 778.09073671 
9 0.00135691545074 114.943947849 816.231434537 
10 0.000850805088476 86.3065347856 844.869353711 
11 0.000597368625677 64.8036594225 866.37248251 
12 0.000458057308492 48.6581271494 882.518154095 
13 0.000375186296196 36.5351400144 894.641224101 
14 0.00032297609539 27.432543102 903.743873223 
15 0.000288608299229 20.5978229056 910.578627788 
16 0.000265225990233 15.4659374008 915.710536675 
17 0.00024892400404 11.6126486494 919.563841728 
18 0.000237346026438 8.71939379063 922.457108165 
19 0.000229007870075 6.5469816581 924.629528636 
20 0.000222940155709 4.91581912993 926.260697231 
21 0.000218490201405 3.69105736899 927.485463442 
22 0.000215207435303 2.77144080781 928.405083286 
23 0.000212775034697 2.08094406078 929.095582466 
24 0.000210966761756 1.56248283726 929.614045498 
25 0.00020961912594 1.1731947508 930.003334932 
26 0.000208612911479 0.880896505243 930.295634183 
27 0.000207860570413 0.661423620769 930.51510782 
28 0.000207297457905 0.49663183727 930.679900167 
29 0.000206875646086 0.372897408294 930.803635018 
30 0.000206559491858 0.279991041096 930.896541701 
31 0.00020632242456 0.210232079787 930.966300899 
32 0.000206144600156 0.157853231257 931.018679926 
33 0.00020601118149 0.118524556471 931.058008734 
34 0.000205911060334 0.088994465591 931.087538925 
35 0.000205835915949 0.0668217391268 931.109711726 
36 0.000205779511816 0.0501732784848 931.126360244 
37 0.000205737170631 0.0376727472716 931.138860817 
38 0.00020570538436 0.0282866909253 931.148246905 
39 0.000205681521038 0.0212391378274 931.155294482 
40 0.000205663604902 0.0159474658152 931.160586172 
41 0.000205650153475 0.0119741962959 931.164559455 
42 0.000205640053991 0.0089908574457 931.167542804 
43 0.000205632471193 0.00675080943917 931.16978286 
44 0.000205626777529 0.00506882646868 931.171464848 
45 0.000205622502904 0.00380599281678 931.172727686 
46 0.000205619293297 0.00285780537563 931.173675877 
47 0.00020561688325 0.00214579903024 931.174387886 
48 0.000205615073696 0.00161117607298 931.17492251 
49 0.000205613715025 0.00120975947039 931.175323928 
50 0.000205612694913 0.00090835480152 931.175625334 
51 0.000205611928891 0.000682050256687 931.175851639 
52 0.000205611353636 0.000512112567885 931.176021578 
53 0.000205610921739 0.000384513115205 931.176149177 
54 0.000205610597618 0.000288708887209 931.176244982 
55 0.000205610354101 0.000216772929204 931.176316918 
56 0.000205610171406 0.000162757578244 931.176370934 
57 0.000205610033959 0.000122207365242 931.176411484 
58 0.000205609930958 9.1769002998e-05 931.176441923 
59 0.000205609853538 6.88873656861e-05 931.176464804 
60 0.000205609795444 5.16864844701e-05 931.176482005 
61 0.000205609751788 3.88003032183e-05 931.176494891 
62 0.000205609719046 2.91488192493e-05 931.176504543 
63 0.00020560969449 2.19045561661e-05 931.176511787 
64 0.000205609676073 1.64545938825e-05 931.176517237 
65 0.000205609662203 1.2359552588e-05 931.176521332 
66 0.000205609651744 9.29355610442e-06 931.176524398 
67 0.000205609643899 6.99602032851e-06 931.176526696 
68 0.000205609638215 5.27665182852e-06 931.176528415 
69 0.000205609633667 3.95871401995e-06 931.176529733 
70 0.00020560963037 2.96168753716e-06 931.17653073 
