Time S I R
0  836.744050309 1 0
1 613.219847965 195.007403816 29.5167985274 
2 20.0231715366 463.224471912 354.49640686 
3 1.51617586211 236.627668603 599.600205844 
4 0.420662072403 115.944452417 721.378935819 
5 0.224760001827 56.5998719103 780.919418397 
6 0.165529822283 27.6067838591 809.971736628 
7 0.142589102885 13.4614463643 824.140014842 
8 0.132585164039 6.56321451131 831.048250634 
9 0.127965538968 3.19976757516 834.416317195 
10 0.125772085 1.55994618385 836.05833204 
11 0.124716419612 0.760493712156 836.858840177 
12 0.124204989199 0.370748301893 837.249097018 
13 0.123956423328 0.18074302693 837.439350859 
14 0.123835425733 0.0881136061261 837.532101277 
15 0.123776481387 0.0429560600709 837.577317768 
16 0.12374775575 0.0209414024612 837.599361151 
17 0.123733754206 0.0102090898683 837.610107465 
18 0.123726928923 0.00497700679629 837.615346373 
19 0.123723601704 0.00242634344722 837.617900364 
20 0.123721979733 0.00118290660709 837.619145423 
21 0.12372118895 0.000576670053715 837.61975245 
22 0.123720803316 0.000281030366071 837.620048475 
23 0.123720615462 0.000137015473677 837.620192678 
24 0.123720523925 6.68399420364e-05 837.620262945 
25 0.123720479388 3.26968061382e-05 837.620297133 
26 0.123720457369 1.58161140039e-05 837.620314036 
27 0.123720446641 7.59163470907e-06 837.620322271 
28 0.123720441614 3.73721012002e-06 837.62032613 
29 0.123720439219 1.90192057996e-06 837.620327968 
30 0.123720437984 9.54627998229e-07 837.620328916 
31 0.123720437357 4.73950746389e-07 837.620329398 
32 0.123720437048 2.37329844105e-07 837.620329635 
33 0.123720436894 1.19087931806e-07 837.620329753 
34 0.123720436816 5.94972573862e-08 837.620329813 
35 0.123720436758 1.49555606864e-08 837.620329857 
36 0.123720436714 -1.85639416843e-08 837.620329891 
37 0.123720436694 -3.39701464048e-08 837.620329906 
38 0.123720436698 -3.12630534751e-08 837.620329904 
39 0.1237204367 -2.96977922255e-08 837.620329902 
40 0.123720436697 -3.19772602888e-08 837.620329904 
41 0.1237204367 -2.92473527748e-08 837.620329902 
42 0.123720436711 -2.15080696835e-08 837.620329894 
43 0.123720436717 -1.67216134262e-08 837.620329889 
44 0.123720436721 -1.32514509557e-08 837.620329886 
45 0.123720436726 -9.78128848514e-09 837.620329882 
46 0.12372043673 -6.31112601459e-09 837.620329879 
47 0.123720436732 -4.76364945189e-09 837.620329877 
48 0.123720436732 -4.6477632331e-09 837.620329877 
49 0.123720436733 -4.5318770143e-09 837.620329877 
50 0.123720436733 -4.4159907955e-09 837.620329877 
51 0.123720436733 -4.30010457671e-09 837.620329877 
52 0.123720436733 -4.18421835791e-09 837.620329877 
53 0.123720436733 -4.06833213912e-09 837.620329876 
54 0.123720436733 -3.95244592032e-09 837.620329876 
55 0.123720436734 -3.83655970153e-09 837.620329876 
56 0.123720436734 -3.72067348273e-09 837.620329876 
57 0.123720436734 -3.60478726394e-09 837.620329876 
58 0.123720436734 -3.48890104514e-09 837.620329876 
59 0.123720436734 -3.37301482634e-09 837.620329876 
60 0.123720436734 -3.25712860755e-09 837.620329876 
61 0.123720436735 -3.14124238875e-09 837.620329875 
62 0.123720436735 -3.02535616996e-09 837.620329875 
63 0.123720436735 -2.90946995116e-09 837.620329875 
64 0.123720436735 -2.79358373237e-09 837.620329875 
65 0.123720436735 -2.67769751357e-09 837.620329875 
66 0.123720436735 -2.56181129477e-09 837.620329875 
67 0.123720436735 -2.44592507598e-09 837.620329875 
68 0.123720436736 -2.33003885718e-09 837.620329875 
69 0.123720436736 -2.21415263839e-09 837.620329875 
70 0.123720436736 -2.09826641959e-09 837.620329874 
