Time S I R
0  859.660316491 1 0
1 856.579881217 3.21345698397 0.866978290374 
2 846.809175105 10.2134552616 3.63768612486 
3 816.995115787 31.3710725305 12.2941281737 
4 735.752763157 87.3174245031 37.5901288316 
5 568.137396995 192.493909522 100.029009974 
6 356.101129015 291.706445458 212.852742019 
7 199.022682341 308.273045161 353.364588989 
8 115.532705973 260.411539919 484.716070599 
9 74.9849286892 196.560108294 589.115279509 
10 54.6222269774 140.399628228 665.638461286 
11 43.7053366077 97.4659069456 719.489072938 
12 37.4847349328 66.605269117 756.570312442 
13 33.7676077825 45.1005971244 781.792111585 
14 31.4685053367 30.3694062842 798.822404871 
15 30.0117252757 20.3786631723 810.269928044 
16 29.0732303201 13.6441803926 817.942905779 
17 28.4617736985 9.12205693896 823.076485854 
18 28.0603591359 6.09295643718 826.507000918 
19 27.7954787986 4.06718157677 828.797656116 
20 27.6200941307 2.71381807541 830.326404285 
21 27.5037003303 1.81029423062 831.346321931 
22 27.4263376089 1.20736563939 832.026613243 
23 27.3748652903 0.805149789614 832.480301412 
24 27.3405952463 0.536882973879 832.782838271 
25 27.3177679756 0.357980093899 832.984568422 
26 27.3025582158 0.238683922087 833.119074354 
27 27.2924219075 0.159139193092 833.208755391 
28 27.2856658095 0.106102174522 833.268548507 
29 27.2811622967 0.0707402732578 833.308413922 
30 27.2781601478 0.0471635284693 833.334992815 
31 27.2761587612 0.0314444348806 833.352713295 
32 27.2748244983 0.0209642754538 833.364527718 
33 27.2739349716 0.0139770390847 833.372404481 
34 27.2733419332 0.00931857651223 833.377655982 
35 27.2729465566 0.00621273297553 833.381157202 
36 27.2726829671 0.00414210216073 833.383491422 
37 27.2725072346 0.002761620814 833.385047636 
38 27.2723900659 0.00184118598822 833.38608524 
39 27.2723119506 0.00122753920646 833.386777002 
40 27.272259872 0.000818425972124 833.387238193 
41 27.2722251463 0.000545630703351 833.387545715 
42 27.2722019954 0.000363764360802 833.387750732 
43 27.2721865614 0.000242519395665 833.387887411 
44 27.2721762713 0.000161683264486 833.387978537 
45 27.2721694127 0.000107803828602 833.388039275 
46 27.2721648346 7.18397132863e-05 833.388079817 
47 27.2721617828 4.78651525938e-05 833.388106844 
48 27.2721597542 3.19296641313e-05 833.388124808 
49 27.2721584004 2.12945270352e-05 833.388136797 
50 27.2721574991 1.42139276402e-05 833.388144778 
51 27.2721568989 9.49897144141e-06 833.388150094 
52 27.2721565001 6.36593754157e-06 833.388153625 
53 27.2721562298 4.24225883004e-06 833.388156019 
54 27.2721560393 2.74615382912e-06 833.388157706 
55 27.2721559253 1.85057697576e-06 833.388158716 
56 27.2721558443 1.21411986684e-06 833.388159433 
57 27.272155792 8.03368601573e-07 833.388159896 
58 27.2721557583 5.38620770189e-07 833.388160195 
59 27.2721557366 3.68539443992e-07 833.388160386 
60 27.2721557219 2.52435773147e-07 833.388160517 
61 27.2721557116 1.71409659464e-07 833.388160609 
62 27.2721557044 1.15531167107e-07 833.388160672 
63 27.2721556997 7.7943811057e-08 833.388160714 
64 27.2721556964 5.26154757555e-08 833.388160742 
65 27.2721556943 3.55027159355e-08 833.388160762 
66 27.2721556918 1.59371055819e-08 833.388160784 
67 27.2721556895 -1.47960574786e-09 833.388160803 
68 27.2721556878 -1.48584373417e-08 833.388160819 
69 27.2721556867 -2.41993891996e-08 833.388160829 
70 27.272155686 -2.95024613216e-08 833.388160835 
