Time S I R
0  980.690871179 1 0
1 585.509013795 335.16580405 61.0160533339 
2 11.2236126952 441.638698524 528.82855996 
3 1.21729446484 188.848254676 791.625322038 
4 0.477569425969 78.8834309008 902.329870852 
5 0.323253238041 32.8634906894 948.504127252 
6 0.274756197354 13.6820971688 967.734017813 
7 0.256779156963 5.69499245517 975.739099567 
8 0.249647913327 2.37025793262 979.070965333 
9 0.246738637253 0.986467320487 980.457665221 
10 0.245537862918 0.410547822803 981.034785493 
11 0.245039850031 0.170860580347 981.274970749 
12 0.244832886663 0.0711081187112 981.374930174 
13 0.244746804958 0.0295934573196 981.416530917 
14 0.244710988815 0.0123160773552 981.433844113 
15 0.244696084533 0.00512564152498 981.441049453 
16 0.24468988214 0.0021332236084 981.444048073 
17 0.244687300847 0.000887825924594 981.445296052 
18 0.244686226484 0.00036947311161 981.44581548 
19 0.244685779378 0.000153755814937 981.446031644 
20 0.244685593207 6.39323359509e-05 981.446121654 
21 0.24468551579 2.65809224593e-05 981.446159082 
22 0.244685483739 1.11169882746e-05 981.446174578 
23 0.244685470333 4.64885697712e-06 981.44618106 
24 0.244685464627 1.89594727928e-06 981.446183819 
25 0.244685462298 7.71839810154e-07 981.446184945 
26 0.244685461395 3.36513765081e-07 981.446185381 
27 0.244685461 1.45679651176e-07 981.446185572 
28 0.244685460827 6.2101857676e-08 981.446185656 
29 0.244685460734 1.75427825499e-08 981.446185701 
30 0.244685460661 -1.75380129887e-08 981.446185736 
31 0.244685460633 -3.12853406686e-08 981.44618575 
32 0.244685460649 -2.36992004896e-08 981.446185742 
33 0.244685460642 -2.68610136682e-08 981.446185745 
34 0.244685460644 -2.6102148224e-08 981.446185745 
35 0.244685460657 -1.96583942632e-08 981.446185738 
36 0.24468546067 -1.338493514e-08 981.446185732 
37 0.244685460677 -1.01396980269e-08 981.446185729 
38 0.244685460684 -6.89446091373e-09 981.446185725 
39 0.24468546069 -3.70019291497e-09 981.446185722 
40 0.24468546069 -3.59657802545e-09 981.446185722 
41 0.244685460691 -3.49296313594e-09 981.446185722 
42 0.244685460691 -3.38934824643e-09 981.446185722 
43 0.244685460691 -3.28573335691e-09 981.446185722 
44 0.244685460691 -3.1821184674e-09 981.446185722 
45 0.244685460692 -3.07850357788e-09 981.446185721 
46 0.244685460692 -2.97488868837e-09 981.446185721 
47 0.244685460692 -2.87127379886e-09 981.446185721 
48 0.244685460692 -2.76765890934e-09 981.446185721 
49 0.244685460692 -2.66404401983e-09 981.446185721 
50 0.244685460693 -2.56042913032e-09 981.446185721 
51 0.244685460693 -2.4568142408e-09 981.446185721 
52 0.244685460693 -2.35319935129e-09 981.446185721 
53 0.244685460693 -2.24958446177e-09 981.446185721 
54 0.244685460693 -2.14596957226e-09 981.446185721 
55 0.244685460694 -2.04235468275e-09 981.44618572 
56 0.244685460694 -1.93873979323e-09 981.44618572 
57 0.244685460694 -1.83512490372e-09 981.44618572 
58 0.244685460694 -1.73151001421e-09 981.44618572 
59 0.244685460695 -1.62789512469e-09 981.44618572 
60 0.244685460695 -1.52428023518e-09 981.44618572 
61 0.244685460695 -1.42066534566e-09 981.44618572 
62 0.244685460695 -1.31705045615e-09 981.44618572 
63 0.244685460695 -1.21343556664e-09 981.44618572 
64 0.244685460696 -1.10982067712e-09 981.44618572 
65 0.244685460696 -1.00620578761e-09 981.446185719 
66 0.244685460696 -9.02590898096e-10 981.446185719 
67 0.244685460696 -7.98976008582e-10 981.446185719 
68 0.244685460696 -6.95361119069e-10 981.446185719 
69 0.244685460697 -5.91746229555e-10 981.446185719 
70 0.244685460697 -4.88131340041e-10 981.446185719 
