Time S I R
0  830.606829515 1 0
1 807.317234344 21.8125932638 2.47700190717 
2 501.612839337 286.069079648 43.9249105298 
3 70.6685969991 546.320226006 214.618006509 
4 8.93533552295 427.938506268 394.732987724 
5 1.96107939522 302.824665228 526.821084891 
6 0.676522217676 211.406231624 619.524075673 
7 0.322240674857 147.152710501 684.131878339 
8 0.192344221866 102.334116137 729.080369156 
9 0.134366469527 71.1398444958 760.332618549 
10 0.104708468949 49.4458005035 782.056320542 
11 0.0880435521588 34.3641175733 797.154668389 
12 0.0780507475602 23.8812689933 807.647509774 
13 0.0717819965206 16.5956746507 814.939372867 
14 0.067724653235 11.5324952811 820.00660958 
15 0.065041153822 8.01393174372 823.527856617 
16 0.063239254897 5.56882709079 825.974763169 
17 0.0620166194439 3.86971812426 827.675094771 
18 0.0611809731784 2.68901310387 828.856635438 
19 0.0606069392791 1.86855273147 829.677669844 
20 0.0602112284712 1.29842516349 830.248193123 
21 0.0599377786006 0.902251861281 830.644639875 
22 0.0597484955674 0.626957888746 830.92012313 
23 0.0596173184917 0.435660906985 831.111551289 
24 0.0595263357673 0.302732179336 831.244571 
25 0.0594631955175 0.210362603047 831.337003716 
26 0.0594193599211 0.146176610126 831.401233545 
27 0.0593889186197 0.10157521983 831.445865376 
28 0.0593677746987 0.070582520581 831.476879219 
29 0.0593530867026 0.0490463880022 831.49843004 
30 0.0593428824222 0.0340813203393 831.513405312 
31 0.0593357927268 0.0236824234173 831.523811299 
32 0.0593308667319 0.0164564286318 831.531042219 
33 0.0593274440034 0.0114352375366 831.536066833 
34 0.0593250657347 0.00794611282354 831.539558336 
35 0.0593234131801 0.00552159064402 831.541984511 
36 0.0593222648604 0.00383681017333 831.54367044 
37 0.0593214669963 0.0026661883237 831.544841859 
38 0.0593209125612 0.00185271474248 831.545655887 
39 0.0593205272722 0.00128740985472 831.546221578 
40 0.0593202595508 0.000894600375631 831.546614655 
41 0.0593200735187 0.000621647285289 831.546887794 
42 0.0593199441793 0.000431875429284 831.547077695 
43 0.0593198543382 0.000300056791878 831.547209604 
44 0.0593197919544 0.00020852446741 831.547301198 
45 0.0593197485953 0.000144905786128 831.54736486 
46 0.0593197184468 0.000100670516357 831.547409126 
47 0.0593196975258 6.99741008744e-05 831.547439843 
48 0.0593196830062 4.86703452399e-05 831.547461161 
49 0.0593196729039 3.38477948201e-05 831.547475994 
50 0.0593196658687 2.35252170996e-05 831.547486324 
51 0.0593196609851 1.63597186968e-05 831.547493494 
52 0.059319657596 1.13869968985e-05 831.54749847 
53 0.0593196552452 7.93768049541e-06 831.547501922 
54 0.0593196536084 5.53613420355e-06 831.547504325 
55 0.0593196524488 3.83462398161e-06 831.547506028 
56 0.0593196515935 2.57968890496e-06 831.547507283 
57 0.0593196510757 1.8199085587e-06 831.547508044 
58 0.0593196506888 1.25210538971e-06 831.547508612 
59 0.0593196504196 8.57213243053e-07 831.547509007 
60 0.0593196502415 5.95884891697e-07 831.547509269 
61 0.0593196501228 4.21653963301e-07 831.547509443 
62 0.0593196500392 2.99047998898e-07 831.547509566 
63 0.0593196499804 2.12804897716e-07 831.547509652 
64 0.0593196499379 1.50352147547e-07 831.547509714 
65 0.0593196499073 1.05407327863e-07 831.547509759 
66 0.0593196498859 7.40679990146e-08 831.547509791 
67 0.0593196498706 5.19574466865e-08 831.547509813 
68 0.0593196498602 3.65231700026e-08 831.547509828 
69 0.0593196498501 2.16209364834e-08 831.547509843 
70 0.059319649839 5.45037648995e-09 831.547509859 
