Time S I R
0  931.05706647 1 0
1 923.244318141 6.82723891567 1.98550941386 
2 873.211621905 43.7320188782 15.1134256871 
3 647.309413386 199.100098944 85.647554141 
4 281.605690355 368.691724434 281.759651681 
5 105.429431818 313.377536198 513.250098454 
6 51.9090463959 199.947017572 680.201002502 
7 33.7515811908 116.67608173 781.629403549 
8 26.3679613843 65.8893874197 839.799717666 
9 22.9598493017 36.6864706521 872.410746517 
10 21.2625648884 20.2886981635 890.505803418 
11 20.3799425249 11.1816869131 900.495437032 
12 19.9096871475 6.151385024 905.995994299 
13 19.6557496217 3.38077027242 909.020546576 
14 19.5176052446 1.85707441681 910.682386809 
15 19.4421461944 1.01980749741 911.595112779 
16 19.4008354909 0.559936463281 912.096294516 
17 19.378191738 0.307412841276 912.371461891 
18 19.3657715397 0.168765896296 912.522529034 
19 19.3589564754 0.0926479965091 912.605461998 
20 19.3552162323 0.050860564402 912.650989674 
21 19.3531632843 0.0279204987964 912.675982687 
22 19.3520363888 0.015327207891 912.689702874 
23 19.3514177983 0.00841399066556 912.697234681 
24 19.3510782304 0.0046189598804 912.70136928 
25 19.3508918247 0.00253564864677 912.703638997 
26 19.3507894945 0.00139197308739 912.704885003 
27 19.3507333202 0.000764148879015 912.705569001 
28 19.35070248 0.000419466921382 912.705944523 
29 19.3506855503 0.000230254129284 912.706150666 
30 19.3506762593 0.000126414121512 912.706263797 
31 19.3506711513 6.93247598168e-05 912.706325994 
32 19.3506683558 3.80807367912e-05 912.706360034 
33 19.350666821 2.09269069176e-05 912.706378723 
34 19.3506659795 1.15226226679e-05 912.706388968 
35 19.350665518 6.36449058768e-06 912.706394588 
36 19.3506652522 3.39331879756e-06 912.706397825 
37 19.3506651156 1.86695517796e-06 912.706399488 
38 19.3506650387 1.00733263289e-06 912.706400424 
39 19.3506649991 5.64552153425e-07 912.706400907 
40 19.3506649774 3.21810720721e-07 912.706401171 
41 19.3506649648 1.81210279574e-07 912.706401324 
42 19.3506649576 1.01030312777e-07 912.706401412 
43 19.3506649536 5.6480566455e-08 912.70640146 
44 19.3506649507 2.33663268913e-08 912.706401496 
45 19.350664948 -6.42655967523e-09 912.706401529 
46 19.3506649463 -2.48873929162e-08 912.706401549 
47 19.3506649457 -3.20161728315e-08 912.706401557 
48 19.3506649461 -2.78128994213e-08 912.706401552 
49 19.3506649462 -2.65200141702e-08 912.706401551 
50 19.350664946 -2.8897418105e-08 912.706401553 
51 19.350664946 -2.81599812695e-08 912.706401553 
52 19.3506649464 -2.43077036638e-08 912.706401548 
53 19.350664947 -1.73405852877e-08 912.706401541 
54 19.3506649472 -1.48617155328e-08 912.706401538 
55 19.3506649475 -1.22743271051e-08 912.706401535 
56 19.3506649477 -9.68693867735e-09 912.706401532 
57 19.3506649479 -7.09955024963e-09 912.70640153 
58 19.3506649482 -4.51216182192e-09 912.706401527 
59 19.3506649482 -4.23486414537e-09 912.706401526 
60 19.3506649482 -4.14893951367e-09 912.706401526 
61 19.3506649482 -4.06301488197e-09 912.706401526 
62 19.3506649482 -3.97709025028e-09 912.706401526 
63 19.3506649482 -3.89116561858e-09 912.706401526 
64 19.3506649482 -3.80524098688e-09 912.706401526 
65 19.3506649482 -3.71931635518e-09 912.706401526 
66 19.3506649482 -3.63339172349e-09 912.706401526 
67 19.3506649482 -3.54746709179e-09 912.706401526 
68 19.3506649483 -3.46154246009e-09 912.706401526 
69 19.3506649483 -3.37561782839e-09 912.706401526 
70 19.3506649483 -3.28969319669e-09 912.706401525 
