Time S I R
0  806.729566213 1 0
1 805.711254373 1.56060249691 0.45770934237 
2 804.125658447 2.43235404315 1.17155372216 
3 801.66303534 3.78349462943 2.2830362432 
4 797.853327485 5.86698027476 4.00925845345 
5 791.995448792 9.05444081923 6.67967660146 
6 783.071887327 13.8718354747 10.7858434115 
7 769.669032003 21.0186155029 17.0419187073 
8 749.957941847 31.3283441005 26.4432802648 
9 721.843320393 45.5968351414 40.2894106783 
10 683.427048183 64.1953086994 60.1072093302 
11 633.856479128 86.4797551706 87.3933319142 
12 574.312221592 110.275590292 123.141754329 
13 508.450528653 131.997591356 167.281446204 
14 441.631759786 147.760187852 218.337618574 
15 379.153765452 154.962879536 273.612921225 
16 324.643796307 153.226932446 329.85883746 
17 279.537639211 144.124353352 384.06757365 
18 243.550803528 130.171301149 434.007461535 
19 215.481306024 113.866963832 478.381296357 
20 193.853973239 97.1656930855 516.709899888 
21 177.277979698 81.3499171165 549.101669398 
22 164.58604806 67.1222827847 576.021235368 
23 154.854412415 54.767576134 598.107577664 
24 147.373512637 44.3052366045 616.050816971 
25 141.605800776 35.6056579101 630.518107527 
26 137.145888163 28.4687818926 642.114896157 
27 133.687971044 22.6727639259 651.368831243 
28 131.000625819 18.0015216558 658.727418738 
29 128.907959629 14.2586593528 664.56294723 
30 127.275661733 11.2730489716 669.180855508 
31 126.000715255 8.89967827148 672.829172686 
32 125.003781363 7.0180268194 675.707758031 
33 124.223539237 5.52930756469 677.976719411 
34 123.612451755 4.35336447411 679.763749983 
35 123.133571364 3.42565277249 681.170342076 
36 122.758129746 2.69449085363 682.276945613 
37 122.463676235 2.11867792752 683.14721205 
38 122.232672439 1.66547891536 683.831414859 
39 122.051406543 1.30895307069 684.369206599 
40 121.909144002 1.02858199245 684.791840218 
41 121.797476888 0.808162770056 685.123926555 
42 121.709815615 0.634915190439 685.384835408 
43 121.640991751 0.498765514149 685.589808948 
44 121.586956752 0.391789787239 685.750819673 
45 121.544528495 0.307742554242 685.877295163 
46 121.511213269 0.241716538157 685.976636406 
47 121.485052472 0.189850492128 686.054663249 
48 121.464509357 0.149110208619 686.115946647 
49 121.44837713 0.117110159346 686.164078924 
50 121.435708575 0.0919762088353 686.201881428 
51 121.425759945 0.0722357212688 686.231570547 
52 121.417947134 0.0567315116019 686.254887567 
53 121.411811594 0.0445547243032 686.273199894 
54 121.406993218 0.0349913740054 686.287581621 
55 121.403209203 0.0274805880852 686.298876422 
56 121.400237508 0.0215819064526 686.307746798 
57 121.397903739 0.0169493272448 686.314713147 
58 121.396070945 0.0133111003873 686.320184167 
59 121.39463159 0.0104538190516 686.324480804 
60 121.393501194 0.00820982212175 686.327855196 
61 121.392613496 0.00644759076638 686.330505126 
62 121.391916355 0.00506363573151 686.332586222 
63 121.391368839 0.00397670535113 686.334220668 
64 121.390938847 0.00312307808972 686.335504288 
65 121.390601161 0.00245269479772 686.336512357 
66 121.390335962 0.00192621313294 686.337304038 
67 121.390127712 0.00151278853667 686.337925712 
68 121.389964136 0.00118805031048 686.338414026 
69 121.389835667 0.00093300815318 686.338797537 
70 121.389734779 0.000732719505358 686.339098714 
