Time S I R
0  878.435775638 1 0
1 874.34027324 3.85531682478 1.24018557322 
2 858.87491611 14.5845367293 5.97632279849 
3 804.654795139 51.4989599072 23.2820205918 
4 654.61760732 146.771023253 78.0471450646 
5 411.77712751 266.587249397 201.071398731 
6 217.576798149 291.491310861 370.367666628 
7 121.095610858 232.464786417 525.875378362 
8 78.6281772378 160.32555079 640.482047609 
9 58.9668724776 103.621336154 716.847567006 
10 49.106005707 64.918463635 765.411306296 
11 43.8282441927 40.0213032953 795.58622815 
12 40.8740330624 24.4561328763 814.105609699 
13 39.171886601 14.8700267224 825.393862314 
14 38.1732195921 9.0151436213 832.247412424 
15 37.5807083591 5.45617504848 836.39889223 
16 37.2267645439 3.29883240315 838.910178691 
17 37.0144525528 1.99327268458 840.4280504 
18 36.8867768884 1.20396442816 841.345034321 
19 36.8098809735 0.727050578661 841.898844085 
20 36.7635256763 0.438992761544 842.2332572 
21 36.7355657933 0.265042443465 842.435167401 
22 36.7186956886 0.160011980481 842.557067969 
23 36.7085147232 0.0965998813367 842.630661033 
24 36.7023698594 0.0583167418043 842.675089036 
25 36.6986607618 0.0352050760283 842.7019098 
26 36.6964218149 0.0212527171247 842.718101106 
27 36.6950702688 0.012829861293 842.727875508 
28 36.6942543876 0.00774510290145 842.733776147 
29 36.6937618862 0.00467565799578 842.737338093 
30 36.6934645634 0.00282261206615 842.739488462 
31 36.6932850786 0.00170397634507 842.740786583 
32 36.6931767264 0.00102866972093 842.741570242 
33 36.693111309 0.000620954362053 842.742043374 
34 36.693071822 0.00037484978152 842.742328966 
35 36.6930479843 0.000226280085046 842.742501373 
36 36.6930335929 0.000136585440927 842.742605459 
37 36.6930248956 8.23786713828e-05 842.742668363 
38 36.6930196639 4.97722717958e-05 842.742706201 
39 36.6930165036 3.0075285757e-05 842.742729059 
40 36.693014596 1.81862777898e-05 842.742742855 
41 36.6930134501 1.10441882837e-05 842.742751143 
42 36.6930127464 6.65845987165e-06 842.742756233 
43 36.6930123109 3.94416250183e-06 842.742759383 
44 36.693012057 2.3613156201e-06 842.742761219 
45 36.6930119036 1.40537756321e-06 842.742762329 
46 36.6930118159 8.58622470416e-07 842.742762963 
47 36.6930117639 5.34554894847e-07 842.742763339 
48 36.6930117313 3.31801583542e-07 842.742763574 
49 36.6930117108 2.03671124555e-07 842.742763723 
50 36.6930116981 1.24606863074e-07 842.742763815 
51 36.6930116904 7.65005225704e-08 842.742763871 
52 36.6930116857 4.71164490089e-08 842.742763905 
53 36.6930116823 2.60114378367e-08 842.742763929 
54 36.6930116785 2.82094153348e-09 842.742763956 
55 36.6930116758 -1.43033873905e-08 842.742763976 
56 36.693011674 -2.53615489353e-08 842.742763989 
57 36.6930116732 -3.0353543101e-08 842.742763995 
58 36.6930116734 -2.92793698875e-08 842.742763994 
59 36.6930116745 -2.21390292947e-08 842.742763985 
60 36.6930116743 -2.38188659597e-08 842.742763987 
61 36.6930116741 -2.51813510292e-08 842.742763989 
62 36.6930116741 -2.49843724544e-08 842.742763989 
63 36.6930116744 -2.32279302355e-08 842.742763986 
64 36.6930116749 -1.99120243723e-08 842.742763983 
65 36.6930116757 -1.50366548648e-08 842.742763977 
66 36.6930116762 -1.19814978554e-08 842.742763973 
67 36.6930116764 -1.04330362275e-08 842.742763972 
68 36.6930116767 -8.88457459965e-09 842.74276397 
69 36.6930116769 -7.33611297179e-09 842.742763968 
70 36.6930116772 -5.78765134392e-09 842.742763966 
