Time S I R
0  824.382334901 1 0
1 518.605375518 282.131600114 24.6453592691 
2 6.41435300294 560.752243928 258.21573797 
3 0.163541704334 371.887112805 453.331680391 
4 0.0146409775477 243.751983261 581.615710662 
5 0.00300653431384 159.702544453 665.676783913 
6 0.00106867261832 104.630268559 720.750997669 
7 0.000545121026676 68.548908464 756.832881316 
8 0.000349559274014 44.9098952665 780.472090075 
9 0.000261233411607 29.4227319161 795.959341752 
10 0.000215853918121 19.2763045019 806.105814545 
11 0.000190485147186 12.6288599255 812.75328449 
12 0.000175505314701 8.27379226339 817.108367132 
13 0.000166335770928 5.42056790437 819.961600661 
14 0.000160589661505 3.55128055254 821.830893759 
15 0.000156933226435 2.32661843479 823.055559533 
16 0.000154582994696 1.52428205685 823.857898261 
17 0.000153062365598 0.99863214505 824.383549694 
18 0.000152074248376 0.654253026042 824.727929801 
19 0.000151430346477 0.428633314767 824.953550156 
20 0.000151009974047 0.28081875079 825.10136514 
21 0.000150735200236 0.183978146815 825.198206019 
22 0.00015055545316 0.120533006685 825.261651339 
23 0.00015043780877 0.0789670840749 825.303217379 
24 0.000150360784119 0.0517352297482 825.33044931 
25 0.000150310342633 0.0338942719153 825.348290319 
26 0.000150277305352 0.02220580018 825.359978824 
27 0.000150255664835 0.0145481129978 825.367636532 
28 0.000150241488882 0.00953117994571 825.37265348 
29 0.000150232202259 0.00624434287014 825.375940326 
30 0.000150226118194 0.00409094572168 825.378093729 
31 0.000150222132902 0.00268026242031 825.379504416 
32 0.000150219521629 0.0017559941827 825.380428687 
33 0.000150217810756 0.00115042042586 825.381034263 
34 0.000150216690031 0.000753712481562 825.381430972 
35 0.000150215955614 0.00049371790853 825.381690967 
36 0.000150215474491 0.000323400169803 825.381861285 
37 0.000150215159465 0.0002119000022 825.381972786 
38 0.00015021495301 0.000138829503585 825.382045857 
39 0.000150214817836 9.09287692457e-05 825.382093757 
40 0.000150214729274 5.96241169247e-05 825.382125062 
41 0.000150214671294 3.91052269468e-05 825.382145581 
42 0.000150214633322 2.56283657673e-05 825.382159058 
43 0.000150214608425 1.6806058512e-05 825.38216788 
44 0.000150214592168 1.10413298258e-05 825.382173645 
45 0.000150214581481 7.26083160808e-06 825.382177426 
46 0.000150214574319 4.75748014142e-06 825.382179929 
47 0.000150214569658 3.09419190758e-06 825.382181592 
48 0.000150214566588 2.00401528337e-06 825.382182682 
49 0.000150214564428 1.29449331631e-06 825.382183392 
50 0.000150214563064 8.39927863923e-07 825.382183847 
51 0.000150214562268 5.53094726245e-07 825.382184133 
52 0.000150214561813 3.71999500995e-07 825.382184314 
53 0.000150214561359 2.50635328574e-07 825.382184436 
54 0.000150214561359 1.6740642432e-07 825.382184519 
55 0.000150214561131 1.10812474035e-07 825.382184576 
56 0.000150214561017 7.34168535616e-08 825.382184613 
57 0.000150214560904 4.88180380539e-08 825.382184638 
58 0.000150214560904 3.11112844051e-08 825.382184655 
59 0.00015021456079 9.5779877045e-09 825.382184677 
60 0.00015021456079 -7.40089884566e-09 825.382184694 
61 0.00015021456079 -1.98253752454e-08 825.382184706 
62 0.00015021456079 -2.76954414948e-08 825.382184714 
63 0.000150214560676 -3.10110975937e-08 825.382184717 
64 0.000150214560676 -2.97723435423e-08 825.382184716 
65 0.000150214560676 -2.39791793404e-08 825.38218471 
66 0.00015021456079 -2.3863199021e-08 825.38218471 
67 0.00015021456079 -2.55855965573e-08 825.382184712 
68 0.00015021456079 -2.61210860961e-08 825.382184713 
69 0.00015021456079 -2.54696676376e-08 825.382184712 
70 0.000150214560676 -2.36313411817e-08 825.38218471 
