Time S I R
0  952.735209232 1 0
1 670.307347568 247.228888747 36.1989729175 
2 16.7429988372 520.913751902 416.078458493 
3 1.18833112397 264.09535892 688.451519188 
4 0.319627995106 129.751433101 823.664148136 
5 0.167850715315 63.576727971 889.990630546 
6 0.122428405644 31.1333649875 922.479415839 
7 0.104900036841 15.2428586922 938.387450503 
8 0.097257248921 7.4622765252 946.175675458 
9 0.0937213326845 3.65308504995 949.98840285 
10 0.0920375576054 1.7883020528 951.854869622 
11 0.0912243651679 0.875423835743 952.768561031 
12 0.0908289096997 0.428542688886 953.215837634 
13 0.0906359498018 0.209782344351 953.434790938 
14 0.090541640609 0.102693525891 953.541974066 
15 0.0904955098196 0.0502709700245 953.594442752 
16 0.0904729362546 0.0246088497749 953.620127446 
17 0.0904618880051 0.0120466217424 953.632700722 
18 0.090456480114 0.00589710918756 953.638855643 
19 0.0904538329804 0.00288682199569 953.641868577 
20 0.0904525371534 0.00141319128906 953.643343504 
21 0.0904519028128 0.0006918035179 953.644065526 
22 0.0904515921806 0.000338543080362 953.644419097 
23 0.090451440233 0.000165743156302 953.644592049 
24 0.0904513658327 8.1132687534e-05 953.644676734 
25 0.0904513294738 3.97840909282e-05 953.644718119 
26 0.0904513116315 1.94930655905e-05 953.644738427 
27 0.0904513029203 9.5864555724e-06 953.644748343 
28 0.0904512986261 4.70298321732e-06 953.644753231 
29 0.090451296476 2.25773754244e-06 953.644755678 
30 0.0904512954413 1.08115965401e-06 953.644756856 
31 0.0904512949597 5.33420380266e-07 953.644757404 
32 0.0904512947311 2.73438245291e-07 953.644757664 
33 0.0904512946119 1.37898483333e-07 953.6447578 
34 0.0904512945511 6.86609697531e-08 953.644757869 
35 0.090451294521 3.44749471651e-08 953.644757903 
36 0.0904512944903 -3.52935146607e-10 953.644757938 
37 0.0904512944712 -2.22031378574e-08 953.64475796 
38 0.0904512944635 -3.09750892844e-08 953.644757969 
39 0.0904512944672 -2.66687894274e-08 953.644757964 
40 0.0904512944691 -2.46287646593e-08 953.644757962 
41 0.0904512944677 -2.62054365035e-08 953.644757964 
42 0.0904512944694 -2.43683928068e-08 953.644757962 
43 0.090451294474 -1.91176335691e-08 953.644757957 
44 0.0904512944793 -1.31255779029e-08 953.644757951 
45 0.0904512944813 -1.07311273043e-08 953.644757948 
46 0.0904512944834 -8.33667670566e-09 953.644757946 
47 0.0904512944855 -5.94222610706e-09 953.644757944 
48 0.0904512944877 -3.54777550846e-09 953.644757941 
49 0.0904512944878 -3.2836456545e-09 953.644757941 
50 0.0904512944879 -3.20913459998e-09 953.644757941 
51 0.0904512944879 -3.13462354545e-09 953.644757941 
52 0.090451294488 -3.06011249093e-09 953.644757941 
53 0.090451294488 -2.9856014364e-09 953.644757941 
54 0.090451294488 -2.91109038188e-09 953.644757941 
55 0.0904512944882 -2.83657932736e-09 953.644757941 
56 0.0904512944882 -2.76206827283e-09 953.64475794 
57 0.0904512944883 -2.68755721831e-09 953.64475794 
58 0.0904512944884 -2.61304616378e-09 953.64475794 
59 0.0904512944884 -2.53853510926e-09 953.64475794 
60 0.0904512944885 -2.46402405474e-09 953.64475794 
61 0.0904512944885 -2.38951300021e-09 953.64475794 
62 0.0904512944886 -2.31500194569e-09 953.64475794 
63 0.0904512944887 -2.24049089116e-09 953.64475794 
64 0.0904512944887 -2.16597983664e-09 953.64475794 
65 0.0904512944888 -2.09146878211e-09 953.64475794 
66 0.0904512944888 -2.01695772759e-09 953.64475794 
67 0.090451294489 -1.94244667307e-09 953.64475794 
68 0.0904512944891 -1.86793561854e-09 953.64475794 
69 0.0904512944891 -1.79342456402e-09 953.64475794 
70 0.0904512944892 -1.71891350949e-09 953.644757939 
