Time S I R
0  801.802883716 1 0
1 752.166184954 44.9771228879 5.65957587422 
2 208.338613615 475.110073703 119.354196398 
3 14.4641032779 432.74663563 355.592144808 
4 2.15639617562 276.495783903 524.150703638 
5 0.652119551922 172.075715785 630.075048379 
6 0.310369312583 106.652990692 695.839523711 
7 0.195957369169 66.0311285547 736.575797792 
8 0.147409837127 40.8644941718 761.790979707 
9 0.123597657881 25.2849621439 777.394323915 
10 0.110832759975 15.6436121037 787.048438853 
11 0.103603910574 9.6780615465 793.021218259 
12 0.0993701299726 5.98724211504 796.716271471 
13 0.0968380236224 3.70388223635 799.002163456 
14 0.095304018964 2.29130522069 800.416274477 
15 0.0943672481993 1.41744415053 801.291072318 
16 0.0937923624857 0.876853860448 801.832237493 
17 0.0934384844818 0.542434574172 802.167010658 
18 0.0932202395072 0.335557404973 802.374106072 
19 0.0930854856168 0.207580176207 802.502218054 
20 0.0930022226057 0.128411646558 802.581469847 
21 0.0929507524321 0.0794370353634 802.630495929 
22 0.0929189266125 0.0491407183011 802.660824071 
23 0.0928992442349 0.0303990450929 802.679585427 
24 0.0928870705692 0.0188052199545 802.691191426 
25 0.0928795405883 0.0116331355575 802.69837104 
26 0.0928748827564 0.0071963967617 802.702812437 
27 0.0928720014828 0.00445177665762 802.705559938 
28 0.0928702191391 0.00275392406623 802.707259573 
29 0.0928691166615 0.00170369216734 802.708310907 
30 0.0928684345597 0.0010539085117 802.708961373 
31 0.0928680126279 0.000651965515415 802.709363738 
32 0.0928677515964 0.000403299424047 802.709612665 
33 0.0928675900399 0.000249395496832 802.709766731 
34 0.0928674902134 0.000154297653958 802.709861928 
35 0.0928674284513 9.54610507212e-05 802.709920827 
36 0.0928673903207 5.91366381436e-05 802.709957189 
37 0.0928673667181 3.6651999941e-05 802.709979698 
38 0.0928673516866 2.2332468499e-05 802.709994032 
39 0.0928673428854 1.39481820005e-05 802.710002425 
40 0.0928673371553 8.48964197525e-06 802.71000789 
41 0.0928673337625 5.25749623479e-06 802.710011125 
42 0.0928673317463 3.33683315625e-06 802.710013048 
43 0.0928673304757 2.12638971576e-06 802.710014259 
44 0.0928673296547 1.34422196579e-06 802.710015042 
45 0.0928673291287 8.4316392032e-07 802.710015544 
46 0.0928673287973 5.27527923597e-07 802.71001586 
47 0.0928673285916 3.31552919325e-07 802.710016056 
48 0.0928673284632 2.09174816316e-07 802.710016179 
49 0.092867328382 1.31971394388e-07 802.710016256 
50 0.0928673283307 8.31239817133e-08 802.710016305 
51 0.0928673282983 5.22662938695e-08 802.710016336 
52 0.092867328278 3.28231047483e-08 802.710016355 
53 0.0928673282533 9.29220506951e-09 802.710016379 
54 0.0928673282338 -9.31604394676e-09 802.710016397 
55 0.09286732822 -2.2450841021e-08 802.710016411 
56 0.0928673282119 -3.01121861532e-08 802.710016418 
57 0.0928673282096 -3.23000793435e-08 802.71001642 
58 0.0928673282129 -2.90145205917e-08 802.710016417 
59 0.0928673282198 -2.25892232098e-08 802.710016411 
60 0.0928673282173 -2.49711021082e-08 802.710016413 
61 0.0928673282162 -2.59727631389e-08 802.710016414 
62 0.0928673282166 -2.55942063019e-08 802.710016414 
63 0.0928673282185 -2.38354315972e-08 802.710016412 
64 0.0928673282218 -2.06964390248e-08 802.710016409 
65 0.0928673282265 -1.61772285847e-08 802.710016404 
66 0.0928673282307 -1.22225166077e-08 802.7100164 
67 0.0928673282322 -1.07842632362e-08 802.710016399 
68 0.0928673282336 -9.34600986472e-09 802.710016397 
69 0.0928673282351 -7.90775649326e-09 802.710016396 
70 0.0928673282367 -6.46950312179e-09 802.710016395 
