Time S I R
0  834.634828055 1 0
1 788.393222754 38.8195390396 8.42206626214 
2 270.973076672 398.432741497 166.229009886 
3 31.6280125715 320.387107544 483.61970794 
4 9.01559730947 157.545479935 669.073750811 
5 4.95956452136 73.2943610454 757.380902488 
6 3.76262882849 33.6800835196 798.192115707 
7 3.31502650961 15.4136601987 816.906141347 
8 3.12849234656 7.04272085607 825.463614853 
9 3.04682051267 3.21571128688 829.372296256 
10 3.01024709564 1.46784985167 831.156731108 
11 2.99370014056 0.669926022595 831.971201892 
12 2.98617861564 0.305734983972 832.342914456 
13 2.98275233632 0.139524591046 832.512551128 
14 2.98119004404 0.0636723556062 832.589965656 
15 2.98047736269 0.0290568503521 832.625293842 
16 2.98015218806 0.0132600498367 832.641415817 
17 2.98000380626 0.00605116055844 832.648773088 
18 2.97993609761 0.00276152360702 832.652130434 
19 2.97990519777 0.00126022407897 832.653662633 
20 2.97989109646 0.000575092585926 832.654361866 
21 2.97988466135 0.000262432670658 832.654680961 
22 2.97988172508 0.000119769396105 832.654826561 
23 2.97988038361 5.45920233765e-05 832.65489308 
24 2.97987977333 2.49404011877e-05 832.654923342 
25 2.97987949504 1.14189483167e-05 832.654937141 
26 2.97987936783 5.23826864114e-06 832.654943449 
27 2.97987930831 2.34636930479e-06 832.654946401 
28 2.97987928151 1.04459114483e-06 832.654947729 
29 2.97987927008 4.89271223087e-07 832.654948296 
30 2.97987926482 2.33425156751e-07 832.654948557 
31 2.97987926226 1.09337016797e-07 832.654948684 
32 2.97987926106 5.10269042683e-08 832.654948743 
33 2.97987926022 9.94831435031e-09 832.654948785 
34 2.9798792596 -1.98899868472e-08 832.654948816 
35 2.97987925936 -3.16067025339e-08 832.654948828 
36 2.97987925949 -2.52018327097e-08 832.654948821 
37 2.97987925945 -2.72058057092e-08 832.654948823 
38 2.97987925944 -2.76405492518e-08 832.654948823 
39 2.97987925954 -2.31758513762e-08 832.654948819 
40 2.97987925969 -1.55920963321e-08 832.654948811 
41 2.97987925976 -1.24720537984e-08 832.654948808 
42 2.97987925982 -9.35201126472e-09 832.654948805 
43 2.97987925989 -6.23196873104e-09 832.654948802 
44 2.97987925993 -3.94897669583e-09 832.654948799 
45 2.97987925993 -3.84751725768e-09 832.654948799 
46 2.97987925994 -3.74605781953e-09 832.654948799 
47 2.97987925994 -3.64459838138e-09 832.654948799 
48 2.97987925994 -3.54313894322e-09 832.654948799 
49 2.97987925994 -3.44167950507e-09 832.654948799 
50 2.97987925994 -3.34022006692e-09 832.654948799 
51 2.97987925995 -3.23876062877e-09 832.654948799 
52 2.97987925995 -3.13730119062e-09 832.654948798 
53 2.97987925995 -3.03584175247e-09 832.654948798 
54 2.97987925995 -2.93438231432e-09 832.654948798 
55 2.97987925996 -2.83292287617e-09 832.654948798 
56 2.97987925996 -2.73146343802e-09 832.654948798 
57 2.97987925996 -2.63000399987e-09 832.654948798 
58 2.97987925996 -2.52854456171e-09 832.654948798 
59 2.97987925996 -2.42708512356e-09 832.654948798 
60 2.97987925997 -2.32562568541e-09 832.654948798 
61 2.97987925997 -2.22416624726e-09 832.654948798 
62 2.97987925997 -2.12270680911e-09 832.654948797 
63 2.97987925997 -2.02124737096e-09 832.654948797 
64 2.97987925997 -1.91978793281e-09 832.654948797 
65 2.97987925998 -1.81832849466e-09 832.654948797 
66 2.97987925998 -1.71686905651e-09 832.654948797 
67 2.97987925998 -1.61540961835e-09 832.654948797 
68 2.97987925998 -1.5139501802e-09 832.654948797 
69 2.97987925998 -1.41249074205e-09 832.654948797 
70 2.97987925999 -1.3110313039e-09 832.654948797 
