Time S I R
0  958.466647845 1 0
1 953.228582162 5.05299787269 1.18506780975 
2 927.55674123 24.8209937614 7.08891285379 
3 818.063811028 107.149747253 34.2530895637 
4 530.525992183 301.035137426 127.905518236 
5 232.096222969 420.685953621 306.684471254 
6 96.1863475205 366.107115936 497.173184388 
7 48.2322726899 264.790575813 646.443799342 
8 29.8080162988 179.143476405 750.515155141 
9 21.626038487 117.934956736 819.905652621 
10 17.5326052644 76.6514275068 865.282615074 
11 15.3045201298 49.4879875461 894.674140169 
12 14.0211252338 31.8315631144 913.613959497 
13 13.2539114576 20.4298369918 925.782899395 
14 12.7840768543 13.0947254529 933.587845538 
15 12.4918445803 8.38634335063 938.588459914 
16 12.3082550307 5.3681772912 941.790215523 
17 12.1921755884 3.43511398856 943.839358268 
18 12.1184787068 2.19769188153 945.150477256 
19 12.0715663986 1.40584066053 945.989240786 
20 12.0416536284 0.899227327154 946.525766889 
21 12.022559715 0.575148497611 946.868939632 
22 12.0103632782 0.367854317251 947.088430249 
23 12.0025692367 0.235267739459 947.228810869 
24 11.9975870971 0.150467445094 947.318593303 
25 11.9944018315 0.0962319355927 947.376014078 
26 11.992365135 0.0615451121347 947.412737598 
27 11.991062749 0.0393610044255 947.436224091 
28 11.9902298865 0.0251731579561 947.4512448 
29 11.9896972639 0.0160993626322 947.460851218 
30 11.9893566406 0.0102962568228 947.466994947 
31 11.9891388015 0.00658490014763 947.470924143 
32 11.9889994881 0.00421135970598 947.473436997 
33 11.9889103938 0.00269340745408 947.475044044 
34 11.9888534114 0.0017225589383 947.476071874 
35 11.9888169685 0.00110165286892 947.476729223 
36 11.9887936623 0.000704565951567 947.477149617 
37 11.9887787555 0.000450586736429 947.477418503 
38 11.9887692226 0.000288166202585 947.477590456 
39 11.9887631254 0.000184282660606 947.477700437 
40 11.988759227 0.000117862334526 947.477770755 
41 11.9887567321 7.53556864112e-05 947.477815757 
42 11.9887551357 4.81562944514e-05 947.477844553 
43 11.9887541181 3.08189051923e-05 947.477862908 
44 11.9887534671 1.97268118438e-05 947.477874651 
45 11.9887530505 1.26276640172e-05 947.477882167 
46 11.9887527849 8.10372130902e-06 947.477886956 
47 11.9887526152 5.21109311997e-06 947.477890019 
48 11.9887525038 3.31453775413e-06 947.477892026 
49 11.9887524319 2.0882428928e-06 947.477893325 
50 11.9887523867 1.31918232734e-06 947.477894139 
51 11.9887523582 8.33671676358e-07 947.477894653 
52 11.9887523408 5.36515644099e-07 947.477894967 
53 11.98875233 3.52905888425e-07 947.477895162 
54 11.9887523229 2.32268351005e-07 947.47789529 
55 11.9887523182 1.51444151096e-07 947.477895375 
56 11.988752315 9.79662902014e-08 947.477895432 
57 11.988752313 6.32679825049e-08 947.477895468 
58 11.9887523117 4.11180160247e-08 947.477895492 
59 11.9887523105 2.12471856144e-08 947.477895513 
60 11.9887523094 1.04893533226e-09 947.477895534 
61 11.9887523085 -1.42212616328e-08 947.477895551 
62 11.9887523079 -2.45634052807e-08 947.477895561 
63 11.9887523075 -2.99774956115e-08 947.477895567 
64 11.9887523075 -3.04635326252e-08 947.477895568 
65 11.9887523078 -2.60215163217e-08 947.477895563 
66 11.988752308 -2.28368092006e-08 947.47789556 
67 11.9887523078 -2.48829498421e-08 947.477895562 
68 11.9887523078 -2.56537776466e-08 947.477895563 
69 11.9887523078 -2.51492926143e-08 947.477895562 
70 11.9887523079 -2.3369494745e-08 947.47789556 
