Time S I R
0  941.306104604 1 0
1 721.80224616 191.605404401 28.8984540436 
2 26.8187201124 528.220855982 387.266528509 
3 1.99719989716 270.341379728 669.967524979 
4 0.55169240498 131.750640505 810.003771694 
5 0.295196532968 63.9320611141 878.078846957 
6 0.217960442195 30.9930711677 911.095072994 
7 0.188157409863 15.0199301793 927.098017015 
8 0.175217033477 7.27801439006 934.852873181 
9 0.169270971663 3.52640214696 938.610431486 
10 0.166462990196 1.70859337517 940.431048239 
11 0.16511929613 0.827827355173 941.313157953 
12 0.164472174789 0.401086527177 941.740545902 
13 0.164159554726 0.194327886463 941.947617163 
14 0.164008302916 0.0941523445202 942.047943957 
15 0.163935071241 0.045617037225 942.096552496 
16 0.163899602089 0.0221015541807 942.120103448 
17 0.163882419972 0.0107082505648 942.131513934 
18 0.163874095849 0.00518817042051 942.137042338 
19 0.163870062995 0.00251371289977 942.139720828 
20 0.163868109091 0.00121792330826 942.141018572 
21 0.163867162398 0.000590090097002 942.141647352 
22 0.163866703574 0.000285803755665 942.141952097 
23 0.163866481369 0.000138439295583 942.142099683 
24 0.163866373925 6.71834704909e-05 942.142171047 
25 0.163866321763 3.25901807796e-05 942.142205692 
26 0.163866296336 1.57270048268e-05 942.142222581 
27 0.163866283937 7.50448525754e-06 942.142230816 
28 0.163866278248 3.73142986004e-06 942.142234594 
29 0.163866275458 1.8814491989e-06 942.142236447 
30 0.163866274032 9.35189458537e-07 942.142237395 
31 0.163866273319 4.62824477755e-07 942.142237868 
32 0.163866272968 2.30088259275e-07 942.142238101 
33 0.163866272794 1.14537365209e-07 942.142238217 
34 0.163866272707 5.70472525254e-08 942.142238274 
35 0.163866272654 2.16820236043e-08 942.14223831 
36 0.163866272606 -1.04969138563e-08 942.142238342 
37 0.163866272578 -2.86534380706e-08 942.14223836 
38 0.163866272572 -3.27875490387e-08 942.142238364 
39 0.163866272586 -2.31624972052e-08 942.142238355 
40 0.163866272581 -2.70522692477e-08 942.142238359 
41 0.16386627258 -2.73001568047e-08 942.142238359 
42 0.163866272585 -2.39061598761e-08 942.142238355 
43 0.163866272596 -1.68702784619e-08 942.142238348 
44 0.163866272602 -1.26790319004e-08 942.142238344 
45 0.163866272606 -1.01604476912e-08 942.142238342 
46 0.16386627261 -7.6418634819e-09 942.142238339 
47 0.163866272614 -5.12327927263e-09 942.142238337 
48 0.163866272616 -3.4487873333e-09 942.142238335 
49 0.163866272616 -3.37104796849e-09 942.142238335 
50 0.163866272616 -3.29330860368e-09 942.142238335 
51 0.163866272617 -3.21556923887e-09 942.142238335 
52 0.163866272617 -3.13782987406e-09 942.142238335 
53 0.163866272617 -3.06009050926e-09 942.142238335 
54 0.163866272617 -2.98235114445e-09 942.142238335 
55 0.163866272617 -2.90461177964e-09 942.142238334 
56 0.163866272617 -2.82687241483e-09 942.142238334 
57 0.163866272617 -2.74913305002e-09 942.142238334 
58 0.163866272617 -2.67139368522e-09 942.142238334 
59 0.163866272618 -2.59365432041e-09 942.142238334 
60 0.163866272618 -2.5159149556e-09 942.142238334 
61 0.163866272618 -2.43817559079e-09 942.142238334 
62 0.163866272618 -2.36043622598e-09 942.142238334 
63 0.163866272618 -2.28269686117e-09 942.142238334 
64 0.163866272618 -2.20495749637e-09 942.142238334 
65 0.163866272618 -2.12721813156e-09 942.142238334 
66 0.163866272618 -2.04947876675e-09 942.142238334 
67 0.163866272619 -1.97173940194e-09 942.142238334 
68 0.163866272619 -1.89400003713e-09 942.142238333 
69 0.163866272619 -1.81626067233e-09 942.142238333 
70 0.163866272619 -1.73852130752e-09 942.142238333 
