Time S I R
0  935.177511303 1 0
1 821.672937065 99.9438889139 14.5606853242 
2 80.0293274622 579.51166043 276.63652341 
3 5.34153161889 349.594378333 581.241601351 
4 1.19654818101 185.379660764 749.601302357 
5 0.54389900118 97.3010145459 838.332597756 
6 0.359763676446 50.9654331842 884.852314442 
7 0.289745069433 26.6774060281 909.210360205 
8 0.258710501922 13.9602060195 921.958594781 
9 0.243819853377 7.30441711451 928.629274335 
10 0.236373519272 3.8216596746 932.119478109 
11 0.232568756618 1.99942438488 933.945518161 
12 0.230602664812 1.04604635632 934.900862282 
13 0.229580695762 0.547259496793 935.40067111 
14 0.229047840441 0.286308244284 935.662155218 
15 0.22876956133 0.149786730342 935.798955011 
16 0.228624109892 0.0783631816244 935.870524011 
17 0.228548051747 0.0409968818169 935.907966369 
18 0.228508270868 0.0214481284556 935.927554903 
19 0.228487461665 0.0112209021919 935.937802939 
20 0.228476575788 0.00587038141402 935.943164346 
21 0.228470880873 0.00307117041342 935.945969251 
22 0.2284679017 0.00160679491821 935.947436606 
23 0.22846634297 0.000840613062468 935.948204347 
24 0.228465527473 0.00043975950667 935.948606016 
25 0.228465100717 0.000229989393235 935.948816213 
26 0.228464877657 0.000120344728387 935.94892608 
27 0.228464761112 6.30571011016e-05 935.948983485 
28 0.228464699992 3.30137473291e-05 935.949013589 
29 0.228464667846 1.72127056732e-05 935.949029422 
30 0.228464650882 8.87388769917e-06 935.949037778 
31 0.228464642448 4.72841775733e-06 935.949041932 
32 0.228464638053 2.56774577098e-06 935.949044097 
33 0.228464635632 1.37796132963e-06 935.949045289 
34 0.22846463432 7.33129056003e-07 935.949045935 
35 0.228464633626 3.91789654019e-07 935.949046277 
36 0.228464633257 2.10400985532e-07 935.949046459 
37 0.228464633059 1.12919921005e-07 935.949046557 
38 0.228464632952 6.04558393457e-08 935.949046609 
39 0.228464632883 2.65418882439e-08 935.949046643 
40 0.228464632817 -5.78809695985e-09 935.949046676 
41 0.228464632776 -2.58122912274e-08 935.949046696 
42 0.228464632761 -3.35306945588e-08 935.949046704 
43 0.22846463277 -2.8943306954e-08 935.949046699 
44 0.228464632774 -2.6821798421e-08 935.949046697 
45 0.22846463277 -2.89428091374e-08 935.949046699 
46 0.228464632772 -2.77930319306e-08 935.949046698 
47 0.228464632781 -2.33724668007e-08 935.949046693 
48 0.228464632797 -1.56811137477e-08 935.949046686 
49 0.228464632802 -1.34846986724e-08 935.949046683 
50 0.228464632807 -1.09572826091e-08 935.949046681 
51 0.228464632812 -8.42986654574e-09 935.949046678 
52 0.228464632817 -5.90245048241e-09 935.949046676 
53 0.228464632821 -3.8844698633e-09 935.949046674 
54 0.228464632821 -3.80416030997e-09 935.949046674 
55 0.228464632821 -3.72385075664e-09 935.949046674 
56 0.228464632822 -3.6435412033e-09 935.949046674 
57 0.228464632822 -3.56323164997e-09 935.949046673 
58 0.228464632822 -3.48292209664e-09 935.949046673 
59 0.228464632822 -3.4026125433e-09 935.949046673 
60 0.228464632822 -3.32230298997e-09 935.949046673 
61 0.228464632822 -3.24199343664e-09 935.949046673 
62 0.228464632823 -3.1616838833e-09 935.949046673 
63 0.228464632823 -3.08137432997e-09 935.949046673 
64 0.228464632823 -3.00106477664e-09 935.949046673 
65 0.228464632823 -2.92075522331e-09 935.949046673 
66 0.228464632823 -2.84044566997e-09 935.949046673 
67 0.228464632823 -2.76013611664e-09 935.949046673 
68 0.228464632824 -2.67982656331e-09 935.949046673 
69 0.228464632824 -2.59951700997e-09 935.949046673 
70 0.228464632824 -2.51920745664e-09 935.949046672 
