Time S I R
0  888.314826507 1 0
1 708.127342343 152.24089973 28.9465844342 
2 39.5289216283 452.390393796 397.395511083 
3 4.32994045603 205.215559668 679.769326383 
4 1.66789333983 86.0601711262 801.586762041 
5 1.12013950098 35.7733368871 852.421350119 
6 0.949476074731 14.8375218957 873.527828537 
7 0.886581615565 6.149492902 882.27875199 
8 0.861756118437 2.54796906076 885.905101328 
9 0.85167539308 1.05560092854 887.407550186 
10 0.847533773084 0.437305856744 888.029986877 
11 0.84582393988 0.181160062573 888.287842505 
12 0.84511663113 0.0750474349982 888.394662441 
13 0.844823795204 0.0310891108793 888.438913601 
14 0.84470251489 0.0128789294515 888.457245063 
15 0.844652278871 0.00533524398721 888.464838984 
16 0.844631469101 0.00221021471963 888.467984823 
17 0.844622848526 0.000915629467345 888.469288029 
18 0.844619277061 0.000379284692866 888.469827945 
19 0.844617797751 0.00015712867873 888.470051581 
20 0.844617184374 6.5014403974e-05 888.470144308 
21 0.844616931122 2.69822357857e-05 888.470182594 
22 0.844616826238 1.12311638415e-05 888.47019845 
23 0.844616782387 4.64584183994e-06 888.470205079 
24 0.844616763913 1.8714063357e-06 888.470207872 
25 0.844616756597 7.72797858454e-07 888.470208978 
26 0.844616753706 3.38527608291e-07 888.470209415 
27 0.844616752413 1.44535273029e-07 888.47020961 
28 0.84461675186 6.1436568722e-08 888.470209694 
29 0.844616751618 2.51064258955e-08 888.47020973 
30 0.844616751395 -8.48498425804e-09 888.470209764 
31 0.844616751275 -2.64040781452e-08 888.470209782 
32 0.84461675126 -2.8650855766e-08 888.470209785 
33 0.844616751311 -2.09726207088e-08 888.470209777 
34 0.844616751297 -2.31922238348e-08 888.470209779 
35 0.844616751308 -2.15474580211e-08 888.470209777 
36 0.844616751344 -1.60383232678e-08 888.470209772 
37 0.844616751385 -9.94671390657e-09 888.470209766 
38 0.844616751399 -7.75884497706e-09 888.470209763 
39 0.844616751414 -5.57097604756e-09 888.470209761 
40 0.844616751428 -3.38310711805e-09 888.470209759 
41 0.844616751435 -2.44556065437e-09 888.470209758 
42 0.844616751435 -2.38253322351e-09 888.470209758 
43 0.844616751436 -2.31950579266e-09 888.470209758 
44 0.844616751436 -2.25647836181e-09 888.470209758 
45 0.844616751436 -2.19345093096e-09 888.470209758 
46 0.844616751437 -2.13042350011e-09 888.470209758 
47 0.844616751437 -2.06739606926e-09 888.470209758 
48 0.844616751438 -2.0043686384e-09 888.470209758 
49 0.844616751438 -1.94134120755e-09 888.470209758 
50 0.844616751438 -1.8783137767e-09 888.470209758 
51 0.844616751439 -1.81528634585e-09 888.470209757 
52 0.844616751439 -1.752258915e-09 888.470209757 
53 0.84461675144 -1.68923148414e-09 888.470209757 
54 0.84461675144 -1.62620405329e-09 888.470209757 
55 0.844616751441 -1.56317662244e-09 888.470209757 
56 0.844616751441 -1.50014919159e-09 888.470209757 
57 0.844616751441 -1.43712176074e-09 888.470209757 
58 0.844616751442 -1.37409432989e-09 888.470209757 
59 0.844616751442 -1.31106689903e-09 888.470209757 
60 0.844616751443 -1.24803946818e-09 888.470209757 
61 0.844616751443 -1.18501203733e-09 888.470209757 
62 0.844616751443 -1.12198460648e-09 888.470209757 
63 0.844616751444 -1.05895717563e-09 888.470209757 
64 0.844616751444 -9.95929744775e-10 888.470209757 
65 0.844616751445 -9.32902313923e-10 888.470209757 
66 0.844616751445 -8.69874883071e-10 888.470209757 
67 0.844616751446 -8.06847452219e-10 888.470209756 
68 0.844616751446 -7.43820021367e-10 888.470209756 
69 0.844616751446 -6.80792590516e-10 888.470209756 
70 0.844616751447 -6.17765159664e-10 888.470209756 
