Time S I R
0  820.07978023 1 0
1 728.170067315 77.414373695 15.4953392203 
2 99.3200960956 446.566139914 275.193544221 
3 10.3568302654 240.827013055 569.89593691 
4 3.52709454849 107.240286342 710.31239934 
5 2.19550042918 46.7749625189 772.109317282 
6 1.78636409966 20.3008509827 798.992565148 
7 1.6335507738 8.79604665254 810.650182804 
8 1.57148517856 3.80870103827 815.699594013 
9 1.5453511952 1.64872950767 817.885699527 
10 1.53417397184 0.713627173784 818.831979085 
11 1.52936131646 0.30886754137 819.241551372 
12 1.52728304382 0.133679317568 819.418817869 
13 1.52638443811 0.05785650016 819.495539292 
14 1.52599568561 0.0250402224224 819.528744322 
15 1.52582746492 0.0108373633916 819.543115402 
16 1.52575466612 0.00469047593876 819.549335088 
17 1.52572315926 0.00203004902694 819.552027022 
18 1.52570952311 0.00087860061677 819.553192107 
19 1.52570362128 0.000380242278279 819.553696367 
20 1.5257010673 0.000164579235917 819.553914584 
21 1.52569996075 7.11407873823e-05 819.554009129 
22 1.5256994836 3.08490163065e-05 819.554049898 
23 1.52569927713 1.3414621468e-05 819.554067539 
24 1.52569918698 5.80248063711e-06 819.554075241 
25 1.5256991473 2.45150545534e-06 819.554078631 
26 1.52569913066 1.04620746226e-06 819.554080053 
27 1.52569912392 4.7726040029e-07 819.554080629 
28 1.5256991208 2.1349977841e-07 819.554080896 
29 1.52569911939 9.46486889045e-08 819.554081016 
30 1.52569911877 4.22430381271e-08 819.554081069 
31 1.52569911832 4.65207859454e-09 819.554081107 
32 1.52569911801 -2.15665349179e-08 819.554081134 
33 1.5256991179 -3.07652808529e-08 819.554081143 
34 1.525699118 -2.29441592102e-08 819.554081135 
35 1.52569911797 -2.5052964392e-08 819.554081137 
36 1.52569911797 -2.49155229875e-08 819.554081137 
37 1.52569911803 -2.03820401717e-08 819.554081133 
38 1.52569911812 -1.28247289983e-08 819.554081125 
39 1.52569911815 -1.01937790934e-08 819.554081122 
40 1.52569911818 -7.56282918855e-09 819.55408112 
41 1.52569911821 -4.93187928369e-09 819.554081117 
42 1.52569911823 -3.11584813887e-09 819.554081115 
43 1.52569911823 -3.03557821386e-09 819.554081115 
44 1.52569911823 -2.95530828885e-09 819.554081115 
45 1.52569911823 -2.87503836384e-09 819.554081115 
46 1.52569911824 -2.79476843883e-09 819.554081115 
47 1.52569911824 -2.71449851382e-09 819.554081115 
48 1.52569911824 -2.63422858882e-09 819.554081115 
49 1.52569911824 -2.55395866381e-09 819.554081115 
50 1.52569911824 -2.4736887388e-09 819.554081115 
51 1.52569911824 -2.39341881379e-09 819.554081114 
52 1.52569911824 -2.31314888878e-09 819.554081114 
53 1.52569911824 -2.23287896377e-09 819.554081114 
54 1.52569911824 -2.15260903876e-09 819.554081114 
55 1.52569911824 -2.07233911375e-09 819.554081114 
56 1.52569911825 -1.99206918874e-09 819.554081114 
57 1.52569911825 -1.91179926373e-09 819.554081114 
58 1.52569911825 -1.83152933872e-09 819.554081114 
59 1.52569911825 -1.75125941371e-09 819.554081114 
60 1.52569911825 -1.6709894887e-09 819.554081114 
61 1.52569911825 -1.59071956369e-09 819.554081114 
62 1.52569911825 -1.51044963868e-09 819.554081114 
63 1.52569911825 -1.43017971367e-09 819.554081113 
64 1.52569911825 -1.34990978866e-09 819.554081113 
65 1.52569911825 -1.26963986365e-09 819.554081113 
66 1.52569911825 -1.18936993864e-09 819.554081113 
67 1.52569911826 -1.10910001363e-09 819.554081113 
68 1.52569911826 -1.02883008862e-09 819.554081113 
69 1.52569911826 -9.48560163614e-10 819.554081113 
70 1.52569911826 -8.68290238605e-10 819.554081113 
