Time S I R
0  985.100570135 1 0
1 975.28059923 10.2448917109 0.575079194209 
2 884.318703778 95.5867161954 6.19515016132 
3 456.565423113 485.392637584 44.1425094385 
4 86.3115635029 760.028824341 139.760182291 
5 12.9719416499 724.581822864 248.546805621 
6 2.33609644603 636.810974703 346.953498986 
7 0.523886712272 552.807200264 432.769483158 
8 0.143361934942 478.795891972 507.161316228 
9 0.0466547278647 414.48039698 571.573518427 
10 0.0176592597145 358.754087716 627.328823159 
11 0.00763785166873 310.506599029 675.586333254 
12 0.00368274225775 268.743309579 717.353577813 
13 0.00195274292798 232.595242627 753.503374765 
14 0.00113714043243 201.308900692 784.790532302 
15 0.000709776059921 174.230611315 811.869249044 
16 0.000478491774061 150.794542538 835.305549105 
17 0.000339348011266 130.511012666 855.58921812 
18 0.000245616593702 112.955663931 873.144660587 
19 0.000189969304529 97.7617420092 888.338638156 
20 0.000150165997752 84.6115708135 901.488849155 
21 0.000123632900113 73.2302562744 912.870190228 
22 0.000103948425135 63.3798706275 922.720595559 
23 8.89244150812e-05 54.8545168282 931.245964382 
24 7.70130718593e-05 47.4758449073 938.624648214 
25 6.85230248791e-05 41.0897216778 945.010779934 
26 6.26347402886e-05 35.5626445391 950.537862961 
27 5.7286176343e-05 30.7790060579 955.321506791 
28 5.34439042212e-05 26.6388369513 959.46167974 
29 5.01977669956e-05 23.0555765255 963.044943412 
30 4.75413457934e-05 19.9543038663 966.146218727 
31 4.53771597222e-05 17.2701955476 968.83032921 
32 4.35762203779e-05 14.9471335364 971.153393022 
33 4.20716132794e-05 12.9365503684 973.163977695 
34 4.0805283561e-05 11.1964114806 974.904117849 
35 3.97503839622e-05 9.69034904584 976.410181339 
36 3.88588944134e-05 8.38687278252 977.713658493 
37 3.8101777136e-05 7.25872874439 978.841803289 
38 3.74591351147e-05 6.28233633976 979.818196336 
39 3.69117791479e-05 5.43728006018 980.663253163 
40 3.64444110801e-05 4.70589572069 981.39463797 
41 3.60447043022e-05 4.07289257241 982.027641518 
42 3.57022962589e-05 3.52503495603 982.575499476 
43 3.54085896106e-05 3.0508723039 983.049662422 
44 3.51563405729e-05 2.64049059796 983.460044381 
45 3.49394711066e-05 2.28531020743 983.815224988 
46 3.47528573457e-05 1.97790669307 984.122628689 
47 3.45921490634e-05 1.71185238098 984.388683162 
48 3.44536590546e-05 1.48158605635 984.618949625 
49 3.43342459246e-05 1.28229372668 984.818242074 
50 3.4231229165e-05 1.10980841486 984.990727489 
51 3.41423195778e-05 0.960524917496 985.140011075 
52 3.40655559512e-05 0.831321863309 985.269214206 
53 3.39992573117e-05 0.719498234702 985.381037901 
54 3.39419812008e-05 0.622716509464 985.477819683 
55 3.38924869538e-05 0.538952998008 985.561583244 
56 3.38497089842e-05 0.466456847197 985.634079438 
57 3.38127287023e-05 0.403712396641 985.696823925 
58 3.37807551887e-05 0.3494077912 985.751128563 
59 3.37531071182e-05 0.302407964008 985.798128418 
60 3.37291963888e-05 0.261730163589 985.838806242 
61 3.37085155024e-05 0.226524047237 985.874012379 
62 3.36906268785e-05 0.196053659289 985.904482785 
63 3.36751520535e-05 0.169681876132 985.930854584 
64 3.36617646326e-05 0.146857432234 985.953679041 
65 3.36501822176e-05 0.127103164525 985.97343332 
66 3.36401609502e-05 0.110006135109 985.99053036 
67 3.36314902825e-05 0.0952089140497 986.005327589 
68 3.36239875196e-05 0.0824020517821 986.018134459 
69 3.36174954327e-05 0.0713179214581 986.029218596 
70 3.3611877484e-05 0.0617247183703 986.038811805 
