Time S I R
0  851.341582136 1 0
1 698.441779411 137.246314182 16.653488543 
2 36.4341095284 550.803833842 265.103638766 
3 1.89134178393 336.480418622 513.96982173 
4 0.336112848865 192.682826316 659.322642972 
5 0.125307950563 109.874335648 742.341938538 
6 0.0714039770282 62.6076762372 789.662501922 
7 0.0518247251349 35.6666303932 816.623127018 
8 0.0431773615637 20.3169737694 831.981431005 
9 0.0389125547747 11.5727557356 840.729913846 
10 0.036674588514 6.59183711071 845.713070437 
11 0.0354578158374 3.75466230973 848.551462011 
12 0.0347828839521 2.13861400781 850.168185244 
13 0.0344042109363 1.21812695321 851.089050972 
14 0.0341903698485 0.693827990386 851.613563776 
15 0.0340691637404 0.395194112376 851.91231886 
16 0.0340003187703 0.225096605248 852.082485212 
17 0.0339611679345 0.128211568743 852.1794094 
18 0.0339388883596 0.0730272723754 852.234615975 
19 0.0339262048208 0.0415952088188 852.266060723 
20 0.0339189825899 0.0236919819124 852.283971172 
21 0.0339148696063 0.0134945794038 852.294172687 
22 0.0339125271394 0.00768630114687 852.299983308 
23 0.0339111929909 0.00437802601125 852.303292917 
24 0.0339104331159 0.00249371250992 852.305177991 
25 0.0339100002893 0.0014203845003 852.306251751 
26 0.0339097537656 0.000809046295512 852.306863336 
27 0.033909613337 0.000460804478726 852.307211718 
28 0.0339095333542 0.000262458236472 852.307410145 
29 0.0339094877983 0.000149485933311 852.307523162 
30 0.033909461849 8.51353474858e-05 852.307587539 
31 0.0339094470537 4.84447008538e-05 852.307624244 
32 0.0339094386591 2.76271410178e-05 852.30764507 
33 0.0339094338692 1.57488315005e-05 852.307656954 
34 0.0339094311483 9.00154868119e-06 852.307663704 
35 0.0339094295966 5.15327371707e-06 852.307667553 
36 0.0339094286689 2.85266871952e-06 852.307669855 
37 0.033909428176 1.63048518237e-06 852.307671078 
38 0.033909427886 9.11233591759e-07 852.307671797 
39 0.0339094277308 5.26175141487e-07 852.307672182 
40 0.0339094276437 3.10577635061e-07 852.307672398 
41 0.0339094275919 1.81978327648e-07 852.307672527 
42 0.033909427561 1.0532278857e-07 852.307672603 
43 0.033909427543 6.08846517726e-08 852.307672648 
44 0.0339094275328 3.53765989472e-08 852.307672673 
45 0.0339094275209 6.1860123491e-09 852.307672703 
46 0.0339094275125 -1.46514787365e-08 852.307672723 
47 0.0339094275075 -2.71269890702e-08 852.307672736 
48 0.0339094275059 -3.1240518652e-08 852.30767274 
49 0.0339094275075 -2.69920674819e-08 852.307672736 
50 0.0339094275088 -2.40768700471e-08 852.307672733 
51 0.0339094275079 -2.62830310084e-08 852.307672735 
52 0.0339094275079 -2.62884668707e-08 852.307672735 
53 0.0339094275088 -2.40931776337e-08 852.307672733 
54 0.0339094275106 -1.96971632976e-08 852.307672728 
55 0.0339094275128 -1.41044243144e-08 852.307672723 
56 0.0339094275135 -1.21459487918e-08 852.307672721 
57 0.0339094275143 -1.01874732692e-08 852.307672719 
58 0.0339094275151 -8.22899774665e-09 852.307672717 
59 0.0339094275159 -6.27052222404e-09 852.307672715 
60 0.0339094275167 -4.31204670144e-09 852.307672713 
61 0.033909427517 -3.44419184356e-09 852.307672712 
62 0.033909427517 -3.38263337253e-09 852.307672712 
63 0.033909427517 -3.3210749015e-09 852.307672712 
64 0.0339094275171 -3.25951643047e-09 852.307672712 
65 0.0339094275171 -3.19795795944e-09 852.307672712 
66 0.0339094275171 -3.13639948842e-09 852.307672712 
67 0.0339094275172 -3.07484101739e-09 852.307672712 
68 0.0339094275172 -3.01328254636e-09 852.307672712 
69 0.0339094275172 -2.95172407533e-09 852.307672712 
70 0.0339094275172 -2.8901656043e-09 852.307672712 
