Time S I R
0  837.340410985 1 0
1 470.934405646 314.652706007 52.7532993313 
2 7.78541575768 401.753895769 428.801099459 
3 0.691911532115 186.959106337 650.689393116 
4 0.227404340989 85.4078157041 752.70519094 
5 0.13685617329 38.9441930442 799.259361768 
6 0.108571319788 17.7497933389 820.482046326 
7 0.0976982917001 8.08864662136 830.154066072 
8 0.0931117596655 3.68579802776 834.561501198 
9 0.0910938593182 1.67948307966 836.569834046 
10 0.0901889472296 0.765269576752 837.484952461 
11 0.0897796058921 0.348699298333 837.901932081 
12 0.089593704246 0.158886329675 838.091930951 
13 0.0895091250841 0.0723971117963 838.178504748 
14 0.089470612819 0.0329879976232 838.217952375 
15 0.0894530700715 0.0150310934877 838.235926821 
16 0.0894450778005 0.00684896814954 838.244116939 
17 0.0894414363096 0.00312073181309 838.247848817 
18 0.0894397771941 0.00142204346419 838.249549164 
19 0.0894390211487 0.000647954437446 838.250324009 
20 0.0894386765667 0.000295146645809 838.250677162 
21 0.0894385196185 0.000134451330272 838.250838014 
22 0.0894384482441 6.13727979841e-05 838.250911164 
23 0.0894384156384 2.79885603092e-05 838.250944581 
24 0.08943840064 1.26320515218e-05 838.250959952 
25 0.08943839387 5.70041709547e-06 838.250966891 
26 0.0894383909555 2.71644781877e-06 838.250969878 
27 0.089438389555 1.2824042315e-06 838.250971313 
28 0.0894383888846 5.96109191166e-07 838.250972 
29 0.0894383885759 2.79994957262e-07 838.250972316 
30 0.0894383884307 1.31322959201e-07 838.250972465 
31 0.0894383883624 6.14914569953e-08 838.250972535 
32 0.0894383883259 2.39588210223e-08 838.250972573 
33 0.0894383882923 -1.04956891783e-08 838.250972607 
34 0.0894383882739 -2.91513701366e-08 838.250972626 
35 0.0894383882712 -3.20082218528e-08 838.250972629 
36 0.0894383882793 -2.37647714151e-08 838.250972621 
37 0.0894383882763 -2.68860223776e-08 838.250972624 
38 0.0894383882772 -2.59480841855e-08 838.250972623 
39 0.0894383882821 -2.09509568389e-08 838.250972618 
40 0.0894383882895 -1.34149428208e-08 838.25097261 
41 0.089438388292 -1.08273683573e-08 838.250972608 
42 0.0894383882945 -8.23979389388e-09 838.250972605 
43 0.089438388297 -5.65221943043e-09 838.250972602 
44 0.0894383882994 -3.28506480319e-09 838.2509726 
45 0.0894383882995 -3.20626578906e-09 838.2509726 
46 0.0894383882995 -3.12746677493e-09 838.2509726 
47 0.0894383882995 -3.0486677608e-09 838.2509726 
48 0.0894383882996 -2.96986874667e-09 838.2509726 
49 0.0894383882998 -2.89106973254e-09 838.2509726 
50 0.0894383882999 -2.81227071841e-09 838.2509726 
51 0.0894383882999 -2.73347170428e-09 838.250972599 
52 0.0894383883 -2.65467269015e-09 838.250972599 
53 0.0894383883001 -2.57587367602e-09 838.250972599 
54 0.0894383883002 -2.49707466189e-09 838.250972599 
55 0.0894383883002 -2.41827564776e-09 838.250972599 
56 0.0894383883002 -2.33947663363e-09 838.250972599 
57 0.0894383883003 -2.2606776195e-09 838.250972599 
58 0.0894383883004 -2.18187860537e-09 838.250972599 
59 0.0894383883006 -2.10307959124e-09 838.250972599 
60 0.0894383883007 -2.02428057711e-09 838.250972599 
61 0.0894383883007 -1.94548156298e-09 838.250972599 
62 0.0894383883008 -1.86668254885e-09 838.250972599 
63 0.0894383883008 -1.78788353472e-09 838.250972599 
64 0.0894383883009 -1.70908452059e-09 838.250972598 
65 0.089438388301 -1.63028550646e-09 838.250972598 
66 0.089438388301 -1.55148649233e-09 838.250972598 
67 0.0894383883011 -1.4726874782e-09 838.250972598 
68 0.0894383883012 -1.39388846407e-09 838.250972598 
69 0.0894383883013 -1.31508944994e-09 838.250972598 
70 0.0894383883015 -1.23629043581e-09 838.250972598 
