Time S I R
0  935.867821984 1 0
1 928.387979975 6.56345550069 1.91638650796 
2 882.096478324 40.6399057359 14.1314379238 
3 673.036895013 185.099521862 78.7314051091 
4 308.861104353 363.259250369 264.747467262 
5 117.081648389 323.382541413 496.403632182 
6 56.8319534184 211.021141454 669.014727112 
7 36.3540049815 124.796167041 775.717649961 
8 28.0524291192 71.1890903411 837.626302524 
9 24.2249290317 39.9836467405 872.659246212 
10 22.3159285001 22.2905518607 892.261341623 
11 21.3196513205 12.3797952542 903.168375409 
12 20.7862117771 6.86176789792 909.219842309 
13 20.4964662509 3.79917057839 912.572185155 
14 20.3378300451 2.10225621677 914.427735722 
15 20.2505913527 1.16289797598 915.454332655 
16 20.2024990902 0.643162235519 916.022160658 
17 20.1759511463 0.355677674426 916.336193163 
18 20.1612851611 0.19668411606 916.509852707 
19 20.1531798006 0.108759895206 916.605882288 
20 20.1486992377 0.0601396765028 916.65898307 
21 20.1462221129 0.0332544213923 916.68834545 
22 20.1448525133 0.0183880429804 916.704581428 
23 20.1440952342 0.0101676495651 916.7135591 
24 20.1436765092 0.00562217384578 916.718523301 
25 20.1434449879 0.00310884694654 916.721268149 
26 20.1433169635 0.00171903737333 916.722785983 
27 20.1432461748 0.000950564340155 916.723625245 
28 20.1432070282 0.000525592435171 916.724089363 
29 20.1431853831 0.000290615287234 916.724345986 
30 20.143173415 0.000160689787833 916.724487879 
31 20.1431667943 8.88157052712e-05 916.724566374 
32 20.1431631336 4.9075663768e-05 916.724609775 
33 20.1431611144 2.71560818757e-05 916.724633713 
34 20.1431599989 1.50461272002e-05 916.724646939 
35 20.143159384 8.37052092641e-06 916.724654229 
36 20.1431590388 4.62308141482e-06 916.724658322 
37 20.1431588446 2.51425523811e-06 916.724660625 
38 20.1431587382 1.35981369285e-06 916.724661886 
39 20.1431586821 7.51056027067e-07 916.724662551 
40 20.1431586526 4.29927093093e-07 916.724662902 
41 20.1431586356 2.45990881561e-07 916.724663102 
42 20.1431586257 1.38622251205e-07 916.72466322 
43 20.1431586201 7.78185336473e-08 916.724663286 
44 20.143158617 4.39291221525e-08 916.724663323 
45 20.1431586139 1.00934236257e-08 916.72466336 
46 20.1431586116 -1.47372245422e-08 916.724663387 
47 20.1431586103 -2.86954667992e-08 916.724663402 
48 20.14315861 -3.17813031453e-08 916.724663406 
49 20.1431586107 -2.39947335804e-08 916.724663397 
50 20.1431586104 -2.73583183779e-08 916.724663401 
51 20.1431586103 -2.87619827531e-08 916.724663402 
52 20.1431586105 -2.71895822915e-08 916.724663401 
53 20.1431586109 -2.26411169929e-08 916.724663396 
54 20.1431586114 -1.658272343e-08 916.724663389 
55 20.1431586117 -1.40783966661e-08 916.724663386 
56 20.1431586119 -1.15740699022e-08 916.724663384 
57 20.1431586121 -9.06974313824e-09 916.724663381 
58 20.1431586124 -6.56541637432e-09 916.724663378 
59 20.1431586126 -4.22129404445e-09 916.724663376 
60 20.1431586126 -4.13856828213e-09 916.724663376 
61 20.1431586126 -4.0558425198e-09 916.724663375 
62 20.1431586126 -3.97311675748e-09 916.724663375 
63 20.1431586126 -3.89039099515e-09 916.724663375 
64 20.1431586126 -3.80766523283e-09 916.724663375 
65 20.1431586126 -3.7249394705e-09 916.724663375 
66 20.1431586126 -3.64221370818e-09 916.724663375 
67 20.1431586126 -3.55948794585e-09 916.724663375 
68 20.1431586126 -3.47676218353e-09 916.724663375 
69 20.1431586126 -3.39403642121e-09 916.724663375 
70 20.1431586127 -3.31131065888e-09 916.724663375 
