Time S I R
0  847.965037823 1 0
1 843.537943273 3.52563378738 1.9014607627 
2 828.287651506 12.1485792465 8.52880706973 
3 779.654371443 38.8014357953 30.5092305845 
4 655.727342158 99.8472770995 93.3904185652 
5 459.525883822 166.893743559 222.545410442 
6 291.432451441 169.566501992 387.966084389 
7 198.158773046 122.718927651 528.087337125 
8 153.578623986 74.7214558562 620.66495798 
9 132.353135285 41.9167162245 674.695186313 
10 121.960517211 22.6037787211 704.40074189 
11 116.749728838 11.9531745125 720.262134472 
12 114.097846174 6.25888444977 728.608307199 
13 112.736819861 3.26075851313 732.967459448 
14 112.035103354 1.69438754907 735.23554692 
15 111.672440334 0.879274997558 736.413322491 
16 111.484770546 0.455969583084 737.024297694 
17 111.387591471 0.236369364514 737.341076987 
18 111.337252919 0.122508249663 737.505276654 
19 111.311173091 0.0634889112883 737.590375821 
20 111.29766018 0.0329009917785 737.634476651 
21 111.290658301 0.0170493812957 737.657330141 
22 111.287030108 0.00883492018739 737.669172795 
23 111.285150045 0.00457818501504 737.675309593 
24 111.284175844 0.00237241374631 737.678489565 
25 111.283671017 0.00122937851221 737.680137428 
26 111.283409414 0.000637051988418 737.680991357 
27 111.283273809 0.000330012716242 737.681434001 
28 111.283203588 0.000171015229628 737.68166322 
29 111.283167212 8.86514489261e-05 737.68178196 
30 111.283148406 4.60711490411e-05 737.681843346 
31 111.283138506 2.36552327232e-05 737.681875662 
32 111.283133443 1.21917383933e-05 737.681892188 
33 111.283130834 6.28386727305e-06 737.681900705 
34 111.283129546 3.3674480104e-06 737.68190491 
35 111.283128858 1.80962329287e-06 737.681907155 
36 111.283128482 9.58463410323e-07 737.681908382 
37 111.283128282 5.06339087176e-07 737.681909034 
38 111.283128177 2.68724866088e-07 737.681909377 
39 111.283128122 1.42699382674e-07 737.681909559 
40 111.283128092 7.5624549481e-08 737.681909655 
41 111.283128076 4.00826751652e-08 737.681909706 
42 111.283128061 5.71327479354e-09 737.681909756 
43 111.28312805 -1.88263661088e-08 737.681909791 
44 111.283128045 -3.14343170979e-08 737.68190981 
45 111.283128044 -3.21105781737e-08 737.681909811 
46 111.283128048 -2.41869635046e-08 737.681909799 
47 111.283128046 -2.75769490703e-08 737.681909804 
48 111.283128046 -2.78423837006e-08 737.681909804 
49 111.283128047 -2.49832673953e-08 737.6819098 
50 111.28312805 -1.89996001546e-08 737.681909792 
51 111.283128052 -1.3851584818e-08 737.681909784 
52 111.283128053 -1.14702153214e-08 737.681909781 
53 111.283128054 -9.08884582475e-09 737.681909777 
54 111.283128056 -6.70747632812e-09 737.681909774 
55 111.283128057 -4.32610683148e-09 737.68190977 
56 111.283128057 -3.5700017917e-09 737.681909769 
57 111.283128057 -3.49573430473e-09 737.681909769 
58 111.283128057 -3.42146681777e-09 737.681909769 
59 111.283128057 -3.34719933081e-09 737.681909769 
60 111.283128057 -3.27293184385e-09 737.681909769 
61 111.283128057 -3.19866435689e-09 737.681909769 
62 111.283128057 -3.12439686993e-09 737.681909769 
63 111.283128057 -3.05012938297e-09 737.681909769 
64 111.283128057 -2.97586189601e-09 737.681909769 
65 111.283128057 -2.90159440905e-09 737.681909768 
66 111.283128057 -2.82732692208e-09 737.681909768 
67 111.283128057 -2.75305943512e-09 737.681909768 
68 111.283128057 -2.67879194816e-09 737.681909768 
69 111.283128057 -2.6045244612e-09 737.681909768 
70 111.283128057 -2.53025697424e-09 737.681909768 
