Time S I R
0  835.818712879 1 0
1 294.426249726 447.092336737 95.3001264165 
2 3.20467661277 325.42497272 508.189063546 
3 0.383360234916 134.281815414 702.15353723 
4 0.160421012624 54.9177946638 781.740497203 
5 0.112355612492 22.4360286696 814.270328597 
6 0.0971430213503 9.16344854691 827.558121311 
7 0.0915393076328 3.74223446196 832.984939109 
8 0.0893449179507 1.52822603216 835.201141929 
9 0.0884640007885 0.624076890702 836.106171987 
10 0.0881067677013 0.254850871382 836.47575524 
11 0.0879613017206 0.104071739802 836.626679837 
12 0.0879019679164 0.0424990737356 836.688311837 
13 0.0878777496794 0.0173550390759 836.71348009 
14 0.0878678617796 0.0070871561903 836.723757861 
15 0.0878638242416 0.00289412689489 836.727954928 
16 0.087862175558 0.00118189430068 836.729668809 
17 0.0878615022773 0.000482652558334 836.730368724 
18 0.0878612272562 0.000197025518343 836.730654626 
19 0.0878611150647 8.05072084399e-05 836.730771257 
20 0.0878610692703 3.29465196648e-05 836.730818863 
21 0.0878610504009 1.33493548737e-05 836.730838479 
22 0.0878610427438 5.39690203446e-06 836.730846439 
23 0.0878610397847 2.32374042207e-06 836.730849515 
24 0.0878610384913 9.80530407487e-07 836.73085086 
25 0.0878610379434 4.11384384097e-07 836.73085143 
26 0.0878610377148 1.73976349792e-07 836.730851667 
27 0.0878610376179 7.33017763093e-08 836.730851768 
28 0.0878610375742 2.78568164514e-08 836.730851814 
29 0.087861037536 -1.181438436e-08 836.730851853 
30 0.0878610375177 -3.09284569667e-08 836.730851872 
31 0.0878610375189 -2.94854013686e-08 836.730851871 
32 0.0878610375227 -2.57701471826e-08 836.730851867 
33 0.0878610375216 -2.68260883054e-08 836.730851868 
34 0.0878610375256 -2.25973156654e-08 836.730851864 
35 0.0878610375343 -1.37240433177e-08 836.730851855 
36 0.0878610375371 -1.07673652784e-08 836.730851852 
37 0.0878610375399 -7.8106872391e-09 836.730851849 
38 0.0878610375427 -4.85400919981e-09 836.730851846 
39 0.0878610375444 -3.25856026073e-09 836.730851845 
40 0.0878610375444 -3.16845770169e-09 836.730851845 
41 0.0878610375444 -3.07835514265e-09 836.730851845 
42 0.0878610375446 -2.98825258361e-09 836.730851844 
43 0.0878610375446 -2.89815002457e-09 836.730851844 
44 0.0878610375447 -2.80804746552e-09 836.730851844 
45 0.0878610375447 -2.71794490648e-09 836.730851844 
46 0.0878610375449 -2.62784234744e-09 836.730851844 
47 0.0878610375449 -2.5377397884e-09 836.730851844 
48 0.0878610375451 -2.44763722936e-09 836.730851844 
49 0.0878610375452 -2.35753467032e-09 836.730851844 
50 0.0878610375453 -2.26743211127e-09 836.730851844 
51 0.0878610375453 -2.17732955223e-09 836.730851844 
52 0.0878610375454 -2.08722699319e-09 836.730851844 
53 0.0878610375455 -1.99712443415e-09 836.730851843 
54 0.0878610375455 -1.90702187511e-09 836.730851843 
55 0.0878610375457 -1.81691931607e-09 836.730851843 
56 0.0878610375457 -1.72681675702e-09 836.730851843 
57 0.0878610375458 -1.63671419798e-09 836.730851843 
58 0.087861037546 -1.54661163894e-09 836.730851843 
59 0.0878610375461 -1.4565090799e-09 836.730851843 
60 0.0878610375461 -1.36640652086e-09 836.730851843 
61 0.0878610375461 -1.27630396182e-09 836.730851843 
62 0.0878610375463 -1.18620140277e-09 836.730851843 
63 0.0878610375463 -1.09609884373e-09 836.730851843 
64 0.0878610375464 -1.00599628469e-09 836.730851842 
65 0.0878610375465 -9.15893725649e-10 836.730851842 
66 0.0878610375466 -8.25791166607e-10 836.730851842 
67 0.0878610375466 -7.35688607566e-10 836.730851842 
68 0.0878610375469 -6.45586048524e-10 836.730851842 
69 0.0878610375469 -5.55483489482e-10 836.730851842 
70 0.087861037547 -4.65380930441e-10 836.730851842 
