Time S I R
0  821.121834312 1 0
1 240.426794133 511.115240105 70.5798000737 
2 1.05910112055 438.739543019 382.323190173 
3 0.0380532461246 248.641459221 573.442321844 
4 0.00579478285147 140.556736535 681.559302993 
5 0.00200129164591 79.4466632276 742.673169792 
6 0.00109741877475 44.904729469 777.216007424 
7 0.000780589052511 25.3807504998 796.740303223 
8 0.000644224463372 14.3455831025 807.775606985 
9 0.000577958342774 8.10832971757 814.012926636 
10 0.000543564683994 4.5829475331 817.538343214 
11 0.000525038898786 2.59034890501 819.530960368 
12 0.000514848574085 1.464102872 820.657216591 
13 0.000509176589958 0.827532182217 821.293792953 
14 0.000505998387666 0.467733167716 821.653595146 
15 0.000504210809595 0.264370035048 821.856960066 
16 0.000503203240328 0.149426365081 821.971904743 
17 0.000502634638679 0.0844585770481 822.0368731 
18 0.000502313536572 0.0477373418637 822.073594656 
19 0.000502132134329 0.0269818273126 822.094350352 
20 0.000502029631434 0.0152504232955 822.106081859 
21 0.000501971701851 0.00861934671758 822.112712993 
22 0.000501938964362 0.00487163514783 822.116460738 
23 0.000501920466604 0.00275394018905 822.118578451 
24 0.000501910006619 0.00155639778578 822.119776004 
25 0.000501904096041 0.000879704967718 822.120452703 
26 0.000501900754898 0.000497172580101 822.120835238 
27 0.000501898866219 0.000280940541066 822.121051472 
28 0.00050189779995 0.000158836643249 822.121173577 
29 0.000501897196614 8.97623109028e-05 822.121242652 
30 0.000501896856235 5.07783143305e-05 822.121281636 
31 0.00050189666365 2.87428574465e-05 822.121303672 
32 0.00050189655451 1.62549665554e-05 822.12131616 
33 0.00050189649312 9.21549194779e-06 822.1213232 
34 0.000501896458331 5.23700910246e-06 822.121327178 
35 0.000501896438323 2.94384548103e-06 822.121329471 
36 0.000501896426954 1.63970496119e-06 822.121330776 
37 0.000501896420474 9.06732928576e-07 822.121331508 
38 0.000501896416949 5.11526293057e-07 822.121331904 
39 0.000501896415017 2.98631869692e-07 822.121332117 
40 0.00050189641388 1.74645360843e-07 822.121332241 
41 0.000501896413084 1.00693983924e-07 822.121332315 
42 0.000501896412857 5.77389415589e-08 822.121332357 
43 0.000501896412516 1.99496966877e-08 822.121332395 
44 0.000501896412175 -1.14312045648e-08 822.121332427 
45 0.000501896412061 -3.06550367954e-08 822.121332446 
46 0.000501896411834 -3.77218000043e-08 822.121332453 
47 0.000501896412061 -3.26314941914e-08 822.121332448 
48 0.000501896411947 -3.10411481332e-08 822.121332446 
49 0.000501896411947 -3.38729776778e-08 822.121332449 
50 0.000501896411834 -3.33640477731e-08 822.121332449 
51 0.000501896411947 -2.95143584193e-08 822.121332445 
52 0.000501896411947 -2.23239096164e-08 822.121332438 
53 0.000501896412061 -1.82334409139e-08 822.121332433 
54 0.000501896411947 -1.53191119723e-08 822.121332431 
55 0.000501896412061 -1.24047830307e-08 822.121332428 
56 0.000501896412061 -9.49045408906e-09 822.121332425 
57 0.000501896412061 -6.57612514745e-09 822.121332422 
58 0.000501896412061 -5.05952950819e-09 822.12133242 
59 0.000501896412061 -4.96203849613e-09 822.12133242 
60 0.000501896412061 -4.86454748406e-09 822.12133242 
61 0.000501896411947 -4.76705647199e-09 822.12133242 
62 0.000501896412061 -4.66956545992e-09 822.12133242 
63 0.000501896411947 -4.57207444786e-09 822.12133242 
64 0.000501896412061 -4.47458343579e-09 822.12133242 
65 0.000501896411947 -4.37709242372e-09 822.12133242 
66 0.000501896412061 -4.27960141166e-09 822.12133242 
67 0.000501896412061 -4.18211039959e-09 822.121332419 
68 0.000501896412061 -4.08461938752e-09 822.121332419 
69 0.000501896412061 -3.98712837545e-09 822.121332419 
70 0.000501896412061 -3.88963736339e-09 822.121332419 
