Time S I R
0 1000 1 0
1 0 862 139
2 0 757 244
3 0 646 355
4 0 569 432
5 0 489 512
6 0 429 572
7 0 379 622
8 0 330 671
9 0 297 704
10 0 262 739
11 0 226 775
12 0 200 801
13 0 171 830
14 0 147 854
15 0 128 873
16 0 108 893
17 0 90 911
18 0 76 925
19 0 68 933
20 0 59 942
21 0 55 946
22 0 50 951
23 0 41 960
24 0 38 963
25 0 35 966
26 0 28 973
27 0 24 977
28 0 21 980
29 0 19 982
30 0 16 985
31 0 11 990
32 0 10 991
33 0 10 991
34 0 9 992
35 0 9 992
36 0 9 992
37 0 7 994
38 0 7 994
39 0 7 994
40 0 6 995
41 0 5 996
42 0 4 997
43 0 0 1001
44 0 0 1001
45 0 0 1001
46 0 0 1001
47 0 0 1001
48 0 0 1001
49 0 0 1001
50 0 0 1001
51 0 0 1001
52 0 0 1001
53 0 0 1001
54 0 0 1001
55 0 0 1001
56 0 0 1001
57 0 0 1001
58 0 0 1001
59 0 0 1001
60 0 0 1001
61 0 0 1001
62 0 0 1001
63 0 0 1001
64 0 0 1001
65 0 0 1001
66 0 0 1001
67 0 0 1001
68 0 0 1001
69 0 0 1001
70 0 0 1001
71 0 0 1001
