Time S I R
0 1000 1 0
1 0 857 144
2 0 764 237
3 0 668 333
4 0 596 405
5 0 509 492
6 0 435 566
7 0 384 617
8 0 328 673
9 0 267 734
10 0 228 773
11 0 198 803
12 0 176 825
13 0 157 844
14 0 132 869
15 0 109 892
16 0 97 904
17 0 81 920
18 0 68 933
19 0 55 946
20 0 46 955
21 0 43 958
22 0 35 966
23 0 30 971
24 0 24 977
25 0 21 980
26 0 18 983
27 0 14 987
28 0 14 987
29 0 14 987
30 0 13 988
31 0 11 990
32 0 10 991
33 0 8 993
34 0 8 993
35 0 6 995
36 0 5 996
37 0 3 998
38 0 2 999
39 0 2 999
40 0 2 999
41 0 2 999
42 0 2 999
43 0 2 999
44 0 2 999
45 0 1 1000
46 0 0 1001
47 0 0 1001
48 0 0 1001
49 0 0 1001
50 0 0 1001
51 0 0 1001
52 0 0 1001
53 0 0 1001
54 0 0 1001
55 0 0 1001
56 0 0 1001
57 0 0 1001
58 0 0 1001
59 0 0 1001
60 0 0 1001
61 0 0 1001
62 0 0 1001
63 0 0 1001
64 0 0 1001
65 0 0 1001
66 0 0 1001
67 0 0 1001
68 0 0 1001
69 0 0 1001
70 0 0 1001
71 0 0 1001
