Time S I R
0 1000 1 0
1 0 848 153
2 0 751 250
3 0 630 371
4 0 531 470
5 0 451 550
6 0 395 606
7 0 333 668
8 0 290 711
9 0 247 754
10 0 218 783
11 0 182 819
12 0 159 842
13 0 144 857
14 0 125 876
15 0 110 891
16 0 95 906
17 0 77 924
18 0 69 932
19 0 58 943
20 0 53 948
21 0 51 950
22 0 45 956
23 0 42 959
24 0 39 962
25 0 34 967
26 0 30 971
27 0 27 974
28 0 25 976
29 0 19 982
30 0 16 985
31 0 16 985
32 0 15 986
33 0 12 989
34 0 10 991
35 0 7 994
36 0 5 996
37 0 3 998
38 0 2 999
39 0 2 999
40 0 2 999
41 0 2 999
42 0 2 999
43 0 2 999
44 0 2 999
45 0 2 999
46 0 2 999
47 0 2 999
48 0 1 1000
49 0 0 1001
50 0 0 1001
51 0 0 1001
52 0 0 1001
53 0 0 1001
54 0 0 1001
55 0 0 1001
56 0 0 1001
57 0 0 1001
58 0 0 1001
59 0 0 1001
60 0 0 1001
61 0 0 1001
62 0 0 1001
63 0 0 1001
64 0 0 1001
65 0 0 1001
66 0 0 1001
67 0 0 1001
68 0 0 1001
69 0 0 1001
70 0 0 1001
71 0 0 1001
