Time S I R
0 1000 1 0
1 0 856 145
2 0 735 266
3 0 631 370
4 0 560 441
5 0 491 510
6 0 430 571
7 0 381 620
8 0 329 672
9 0 297 704
10 0 248 753
11 0 219 782
12 0 196 805
13 0 166 835
14 0 143 858
15 0 126 875
16 0 109 892
17 0 93 908
18 0 81 920
19 0 71 930
20 0 60 941
21 0 52 949
22 0 40 961
23 0 36 965
24 0 31 970
25 0 26 975
26 0 23 978
27 0 16 985
28 0 14 987
29 0 14 987
30 0 14 987
31 0 13 988
32 0 9 992
33 0 6 995
34 0 4 997
35 0 4 997
36 0 4 997
37 0 2 999
38 0 2 999
39 0 2 999
40 0 2 999
41 0 2 999
42 0 2 999
43 0 0 1001
44 0 0 1001
45 0 0 1001
46 0 0 1001
47 0 0 1001
48 0 0 1001
49 0 0 1001
50 0 0 1001
51 0 0 1001
52 0 0 1001
53 0 0 1001
54 0 0 1001
55 0 0 1001
56 0 0 1001
57 0 0 1001
58 0 0 1001
59 0 0 1001
60 0 0 1001
61 0 0 1001
62 0 0 1001
63 0 0 1001
64 0 0 1001
65 0 0 1001
66 0 0 1001
67 0 0 1001
68 0 0 1001
69 0 0 1001
70 0 0 1001
71 0 0 1001
