Time S I R
0 1000 1 0
1 0 864 137
2 0 760 241
3 0 654 347
4 0 548 453
5 0 469 532
6 0 402 599
7 0 347 654
8 0 311 690
9 0 268 733
10 0 235 766
11 0 210 791
12 0 182 819
13 0 163 838
14 0 137 864
15 0 119 882
16 0 103 898
17 0 90 911
18 0 86 915
19 0 71 930
20 0 60 941
21 0 51 950
22 0 45 956
23 0 38 963
24 0 35 966
25 0 27 974
26 0 24 977
27 0 20 981
28 0 19 982
29 0 18 983
30 0 14 987
31 0 11 990
32 0 10 991
33 0 9 992
34 0 7 994
35 0 7 994
36 0 5 996
37 0 5 996
38 0 5 996
39 0 4 997
40 0 4 997
41 0 2 999
42 0 1 1000
43 0 0 1001
44 0 0 1001
45 0 0 1001
46 0 0 1001
47 0 0 1001
48 0 0 1001
49 0 0 1001
50 0 0 1001
51 0 0 1001
52 0 0 1001
53 0 0 1001
54 0 0 1001
55 0 0 1001
56 0 0 1001
57 0 0 1001
58 0 0 1001
59 0 0 1001
60 0 0 1001
61 0 0 1001
62 0 0 1001
63 0 0 1001
64 0 0 1001
65 0 0 1001
66 0 0 1001
67 0 0 1001
68 0 0 1001
69 0 0 1001
70 0 0 1001
71 0 0 1001
