Time S I R
0 1000 1 0
1 0 859 142
2 0 738 263
3 0 642 359
4 0 561 440
5 0 488 513
6 0 413 588
7 0 349 652
8 0 308 693
9 0 269 732
10 0 247 754
11 0 209 792
12 0 184 817
13 0 162 839
14 0 138 863
15 0 117 884
16 0 102 899
17 0 88 913
18 0 77 924
19 0 66 935
20 0 59 942
21 0 54 947
22 0 51 950
23 0 44 957
24 0 34 967
25 0 30 971
26 0 27 974
27 0 23 978
28 0 19 982
29 0 19 982
30 0 14 987
31 0 11 990
32 0 8 993
33 0 6 995
34 0 4 997
35 0 2 999
36 0 2 999
37 0 2 999
38 0 1 1000
39 0 1 1000
40 0 1 1000
41 0 1 1000
42 0 0 1001
43 0 0 1001
44 0 0 1001
45 0 0 1001
46 0 0 1001
47 0 0 1001
48 0 0 1001
49 0 0 1001
50 0 0 1001
51 0 0 1001
52 0 0 1001
53 0 0 1001
54 0 0 1001
55 0 0 1001
56 0 0 1001
57 0 0 1001
58 0 0 1001
59 0 0 1001
60 0 0 1001
61 0 0 1001
62 0 0 1001
63 0 0 1001
64 0 0 1001
65 0 0 1001
66 0 0 1001
67 0 0 1001
68 0 0 1001
69 0 0 1001
70 0 0 1001
71 0 0 1001
