Time S I R
0 1000 1 0
1 0 880 121
2 0 755 246
3 0 665 336
4 0 576 425
5 0 496 505
6 0 427 574
7 0 366 635
8 0 327 674
9 0 277 724
10 0 235 766
11 0 204 797
12 0 181 820
13 0 153 848
14 0 129 872
15 0 110 891
16 0 95 906
17 0 73 928
18 0 66 935
19 0 58 943
20 0 49 952
21 0 44 957
22 0 35 966
23 0 31 970
24 0 26 975
25 0 24 977
26 0 23 978
27 0 19 982
28 0 17 984
29 0 14 987
30 0 10 991
31 0 10 991
32 0 10 991
33 0 9 992
34 0 8 993
35 0 7 994
36 0 6 995
37 0 5 996
38 0 4 997
39 0 3 998
40 0 3 998
41 0 3 998
42 0 2 999
43 0 2 999
44 0 2 999
45 0 2 999
46 0 2 999
47 0 1 1000
48 0 1 1000
49 0 1 1000
50 0 1 1000
51 0 0 1001
52 0 0 1001
53 0 0 1001
54 0 0 1001
55 0 0 1001
56 0 0 1001
57 0 0 1001
58 0 0 1001
59 0 0 1001
60 0 0 1001
61 0 0 1001
62 0 0 1001
63 0 0 1001
64 0 0 1001
65 0 0 1001
66 0 0 1001
67 0 0 1001
68 0 0 1001
69 0 0 1001
70 0 0 1001
71 0 0 1001
