Time S I R
0 1000 1 0
1 0 850 151
2 0 733 268
3 0 621 380
4 0 524 477
5 0 439 562
6 0 382 619
7 0 338 663
8 0 297 704
9 0 256 745
10 0 215 786
11 0 185 816
12 0 156 845
13 0 130 871
14 0 114 887
15 0 97 904
16 0 89 912
17 0 76 925
18 0 66 935
19 0 60 941
20 0 52 949
21 0 46 955
22 0 41 960
23 0 36 965
24 0 31 970
25 0 27 974
26 0 23 978
27 0 20 981
28 0 19 982
29 0 17 984
30 0 15 986
31 0 14 987
32 0 12 989
33 0 11 990
34 0 9 992
35 0 6 995
36 0 6 995
37 0 6 995
38 0 6 995
39 0 6 995
40 0 5 996
41 0 5 996
42 0 4 997
43 0 4 997
44 0 4 997
45 0 3 998
46 0 1 1000
47 0 0 1001
48 0 0 1001
49 0 0 1001
50 0 0 1001
51 0 0 1001
52 0 0 1001
53 0 0 1001
54 0 0 1001
55 0 0 1001
56 0 0 1001
57 0 0 1001
58 0 0 1001
59 0 0 1001
60 0 0 1001
61 0 0 1001
62 0 0 1001
63 0 0 1001
64 0 0 1001
65 0 0 1001
66 0 0 1001
67 0 0 1001
68 0 0 1001
69 0 0 1001
70 0 0 1001
71 0 0 1001
