Time S I R
0 1000 1 0
1 0 891 110
2 0 770 231
3 0 645 356
4 0 544 457
5 0 467 534
6 0 409 592
7 0 352 649
8 0 305 696
9 0 264 737
10 0 223 778
11 0 198 803
12 0 171 830
13 0 145 856
14 0 129 872
15 0 107 894
16 0 93 908
17 0 82 919
18 0 68 933
19 0 61 940
20 0 48 953
21 0 41 960
22 0 36 965
23 0 31 970
24 0 25 976
25 0 20 981
26 0 16 985
27 0 13 988
28 0 11 990
29 0 11 990
30 0 10 991
31 0 7 994
32 0 6 995
33 0 6 995
34 0 6 995
35 0 4 997
36 0 3 998
37 0 2 999
38 0 1 1000
39 0 0 1001
40 0 0 1001
41 0 0 1001
42 0 0 1001
43 0 0 1001
44 0 0 1001
45 0 0 1001
46 0 0 1001
47 0 0 1001
48 0 0 1001
49 0 0 1001
50 0 0 1001
51 0 0 1001
52 0 0 1001
53 0 0 1001
54 0 0 1001
55 0 0 1001
56 0 0 1001
57 0 0 1001
58 0 0 1001
59 0 0 1001
60 0 0 1001
61 0 0 1001
62 0 0 1001
63 0 0 1001
64 0 0 1001
65 0 0 1001
66 0 0 1001
67 0 0 1001
68 0 0 1001
69 0 0 1001
70 0 0 1001
71 0 0 1001
