Time S I R
0 1000 1 0
1 0 879 122
2 0 759 242
3 0 677 324
4 0 594 407
5 0 529 472
6 0 467 534
7 0 402 599
8 0 343 658
9 0 299 702
10 0 265 736
11 0 227 774
12 0 196 805
13 0 169 832
14 0 157 844
15 0 131 870
16 0 118 883
17 0 101 900
18 0 92 909
19 0 78 923
20 0 70 931
21 0 62 939
22 0 57 944
23 0 47 954
24 0 43 958
25 0 36 965
26 0 32 969
27 0 27 974
28 0 19 982
29 0 18 983
30 0 17 984
31 0 17 984
32 0 13 988
33 0 12 989
34 0 12 989
35 0 11 990
36 0 11 990
37 0 10 991
38 0 10 991
39 0 10 991
40 0 10 991
41 0 9 992
42 0 9 992
43 0 8 993
44 0 7 994
45 0 6 995
46 0 6 995
47 0 5 996
48 0 5 996
49 0 5 996
50 0 5 996
51 0 5 996
52 0 5 996
53 0 5 996
54 0 4 997
55 0 4 997
56 0 3 998
57 0 2 999
58 0 2 999
59 0 2 999
60 0 1 1000
61 0 1 1000
62 0 0 1001
63 0 0 1001
64 0 0 1001
65 0 0 1001
66 0 0 1001
67 0 0 1001
68 0 0 1001
69 0 0 1001
70 0 0 1001
71 0 0 1001
