Time S I R
0 1000 1 0
1 0 857 144
2 0 731 270
3 0 621 380
4 0 545 456
5 0 468 533
6 0 397 604
7 0 339 662
8 0 302 699
9 0 257 744
10 0 231 770
11 0 202 799
12 0 178 823
13 0 159 842
14 0 134 867
15 0 119 882
16 0 100 901
17 0 90 911
18 0 77 924
19 0 66 935
20 0 61 940
21 0 50 951
22 0 41 960
23 0 35 966
24 0 32 969
25 0 27 974
26 0 25 976
27 0 23 978
28 0 17 984
29 0 15 986
30 0 13 988
31 0 10 991
32 0 7 994
33 0 5 996
34 0 5 996
35 0 4 997
36 0 3 998
37 0 2 999
38 0 2 999
39 0 2 999
40 0 2 999
41 0 0 1001
42 0 0 1001
43 0 0 1001
44 0 0 1001
45 0 0 1001
46 0 0 1001
47 0 0 1001
48 0 0 1001
49 0 0 1001
50 0 0 1001
51 0 0 1001
52 0 0 1001
53 0 0 1001
54 0 0 1001
55 0 0 1001
56 0 0 1001
57 0 0 1001
58 0 0 1001
59 0 0 1001
60 0 0 1001
61 0 0 1001
62 0 0 1001
63 0 0 1001
64 0 0 1001
65 0 0 1001
66 0 0 1001
67 0 0 1001
68 0 0 1001
69 0 0 1001
70 0 0 1001
71 0 0 1001
