Time S I R
0 1000 1 0
1 0 864 137
2 0 767 234
3 0 655 346
4 0 547 454
5 0 482 519
6 0 418 583
7 0 361 640
8 0 312 689
9 0 273 728
10 0 248 753
11 0 222 779
12 0 188 813
13 0 162 839
14 0 138 863
15 0 128 873
16 0 112 889
17 0 98 903
18 0 85 916
19 0 74 927
20 0 67 934
21 0 56 945
22 0 49 952
23 0 41 960
24 0 36 965
25 0 32 969
26 0 30 971
27 0 26 975
28 0 24 977
29 0 22 979
30 0 20 981
31 0 19 982
32 0 15 986
33 0 13 988
34 0 12 989
35 0 11 990
36 0 9 992
37 0 8 993
38 0 8 993
39 0 8 993
40 0 7 994
41 0 7 994
42 0 6 995
43 0 5 996
44 0 5 996
45 0 4 997
46 0 4 997
47 0 4 997
48 0 3 998
49 0 2 999
50 0 2 999
51 0 2 999
52 0 2 999
53 0 2 999
54 0 1 1000
55 0 0 1001
56 0 0 1001
57 0 0 1001
58 0 0 1001
59 0 0 1001
60 0 0 1001
61 0 0 1001
62 0 0 1001
63 0 0 1001
64 0 0 1001
65 0 0 1001
66 0 0 1001
67 0 0 1001
68 0 0 1001
69 0 0 1001
70 0 0 1001
71 0 0 1001
