Time S I R
0 1000 1 0
1 0 859 142
2 0 733 268
3 0 636 365
4 0 555 446
5 0 469 532
6 0 411 590
7 0 349 652
8 0 305 696
9 0 262 739
10 0 233 768
11 0 200 801
12 0 179 822
13 0 153 848
14 0 137 864
15 0 126 875
16 0 112 889
17 0 96 905
18 0 76 925
19 0 64 937
20 0 55 946
21 0 43 958
22 0 36 965
23 0 29 972
24 0 27 974
25 0 21 980
26 0 16 985
27 0 14 987
28 0 13 988
29 0 10 991
30 0 9 992
31 0 9 992
32 0 9 992
33 0 7 994
34 0 7 994
35 0 6 995
36 0 6 995
37 0 6 995
38 0 3 998
39 0 1 1000
40 0 0 1001
41 0 0 1001
42 0 0 1001
43 0 0 1001
44 0 0 1001
45 0 0 1001
46 0 0 1001
47 0 0 1001
48 0 0 1001
49 0 0 1001
50 0 0 1001
51 0 0 1001
52 0 0 1001
53 0 0 1001
54 0 0 1001
55 0 0 1001
56 0 0 1001
57 0 0 1001
58 0 0 1001
59 0 0 1001
60 0 0 1001
61 0 0 1001
62 0 0 1001
63 0 0 1001
64 0 0 1001
65 0 0 1001
66 0 0 1001
67 0 0 1001
68 0 0 1001
69 0 0 1001
70 0 0 1001
71 0 0 1001
