Time S I R
0 1000 1 0
1 0 861 140
2 0 740 261
3 0 640 361
4 0 556 445
5 0 478 523
6 0 407 594
7 0 341 660
8 0 307 694
9 0 271 730
10 0 227 774
11 0 207 794
12 0 178 823
13 0 156 845
14 0 133 868
15 0 106 895
16 0 95 906
17 0 86 915
18 0 79 922
19 0 66 935
20 0 60 941
21 0 52 949
22 0 42 959
23 0 40 961
24 0 35 966
25 0 29 972
26 0 26 975
27 0 25 976
28 0 22 979
29 0 16 985
30 0 15 986
31 0 11 990
32 0 10 991
33 0 9 992
34 0 8 993
35 0 5 996
36 0 5 996
37 0 5 996
38 0 5 996
39 0 5 996
40 0 5 996
41 0 4 997
42 0 4 997
43 0 4 997
44 0 4 997
45 0 2 999
46 0 1 1000
47 0 1 1000
48 0 1 1000
49 0 1 1000
50 0 1 1000
51 0 1 1000
52 0 1 1000
53 0 1 1000
54 0 1 1000
55 0 1 1000
56 0 1 1000
57 0 1 1000
58 0 1 1000
59 0 1 1000
60 0 1 1000
61 0 1 1000
62 0 1 1000
63 0 0 1001
64 0 0 1001
65 0 0 1001
66 0 0 1001
67 0 0 1001
68 0 0 1001
69 0 0 1001
70 0 0 1001
71 0 0 1001
