Time S I R
0 1000 1 0
1 0 869 132
2 0 749 252
3 0 644 357
4 0 559 442
5 0 482 519
6 0 410 591
7 0 355 646
8 0 317 684
9 0 277 724
10 0 233 768
11 0 201 800
12 0 181 820
13 0 157 844
14 0 141 860
15 0 114 887
16 0 102 899
17 0 90 911
18 0 77 924
19 0 63 938
20 0 50 951
21 0 47 954
22 0 40 961
23 0 32 969
24 0 25 976
25 0 22 979
26 0 20 981
27 0 19 982
28 0 18 983
29 0 15 986
30 0 13 988
31 0 12 989
32 0 12 989
33 0 12 989
34 0 12 989
35 0 9 992
36 0 9 992
37 0 8 993
38 0 7 994
39 0 7 994
40 0 7 994
41 0 7 994
42 0 5 996
43 0 5 996
44 0 4 997
45 0 4 997
46 0 3 998
47 0 3 998
48 0 3 998
49 0 3 998
50 0 3 998
51 0 3 998
52 0 3 998
53 0 3 998
54 0 3 998
55 0 2 999
56 0 1 1000
57 0 0 1001
58 0 0 1001
59 0 0 1001
60 0 0 1001
61 0 0 1001
62 0 0 1001
63 0 0 1001
64 0 0 1001
65 0 0 1001
66 0 0 1001
67 0 0 1001
68 0 0 1001
69 0 0 1001
70 0 0 1001
71 0 0 1001
