Time S I R
0 1000 1 0
1 0 881 120
2 0 758 243
3 0 653 348
4 0 570 431
5 0 510 491
6 0 446 555
7 0 388 613
8 0 332 669
9 0 290 711
10 0 253 748
11 0 211 790
12 0 186 815
13 0 160 841
14 0 144 857
15 0 131 870
16 0 112 889
17 0 98 903
18 0 82 919
19 0 75 926
20 0 64 937
21 0 53 948
22 0 42 959
23 0 35 966
24 0 30 971
25 0 29 972
26 0 24 977
27 0 20 981
28 0 17 984
29 0 13 988
30 0 12 989
31 0 12 989
32 0 12 989
33 0 8 993
34 0 7 994
35 0 5 996
36 0 4 997
37 0 4 997
38 0 3 998
39 0 2 999
40 0 2 999
41 0 2 999
42 0 2 999
43 0 2 999
44 0 1 1000
45 0 1 1000
46 0 0 1001
47 0 0 1001
48 0 0 1001
49 0 0 1001
50 0 0 1001
51 0 0 1001
52 0 0 1001
53 0 0 1001
54 0 0 1001
55 0 0 1001
56 0 0 1001
57 0 0 1001
58 0 0 1001
59 0 0 1001
60 0 0 1001
61 0 0 1001
62 0 0 1001
63 0 0 1001
64 0 0 1001
65 0 0 1001
66 0 0 1001
67 0 0 1001
68 0 0 1001
69 0 0 1001
70 0 0 1001
71 0 0 1001
