Time S I R
0 1000 1 0
1 0 879 122
2 0 762 239
3 0 661 340
4 0 564 437
5 0 505 496
6 0 445 556
7 0 398 603
8 0 354 647
9 0 304 697
10 0 268 733
11 0 222 779
12 0 197 804
13 0 173 828
14 0 147 854
15 0 128 873
16 0 104 897
17 0 91 910
18 0 79 922
19 0 68 933
20 0 57 944
21 0 47 954
22 0 36 965
23 0 31 970
24 0 25 976
25 0 22 979
26 0 20 981
27 0 18 983
28 0 14 987
29 0 13 988
30 0 12 989
31 0 11 990
32 0 11 990
33 0 9 992
34 0 7 994
35 0 7 994
36 0 7 994
37 0 6 995
38 0 3 998
39 0 3 998
40 0 1 1000
41 0 1 1000
42 0 1 1000
43 0 0 1001
44 0 0 1001
45 0 0 1001
46 0 0 1001
47 0 0 1001
48 0 0 1001
49 0 0 1001
50 0 0 1001
51 0 0 1001
52 0 0 1001
53 0 0 1001
54 0 0 1001
55 0 0 1001
56 0 0 1001
57 0 0 1001
58 0 0 1001
59 0 0 1001
60 0 0 1001
61 0 0 1001
62 0 0 1001
63 0 0 1001
64 0 0 1001
65 0 0 1001
66 0 0 1001
67 0 0 1001
68 0 0 1001
69 0 0 1001
70 0 0 1001
71 0 0 1001
