Time S I R
0 1000 1 0
1 0 843 158
2 0 749 252
3 0 644 357
4 0 555 446
5 0 490 511
6 0 416 585
7 0 355 646
8 0 308 693
9 0 270 731
10 0 233 768
11 0 203 798
12 0 167 834
13 0 144 857
14 0 124 877
15 0 101 900
16 0 93 908
17 0 81 920
18 0 72 929
19 0 62 939
20 0 54 947
21 0 44 957
22 0 38 963
23 0 31 970
24 0 25 976
25 0 24 977
26 0 22 979
27 0 21 980
28 0 16 985
29 0 14 987
30 0 12 989
31 0 10 991
32 0 5 996
33 0 5 996
34 0 5 996
35 0 3 998
36 0 3 998
37 0 2 999
38 0 1 1000
39 0 0 1001
40 0 0 1001
41 0 0 1001
42 0 0 1001
43 0 0 1001
44 0 0 1001
45 0 0 1001
46 0 0 1001
47 0 0 1001
48 0 0 1001
49 0 0 1001
50 0 0 1001
51 0 0 1001
52 0 0 1001
53 0 0 1001
54 0 0 1001
55 0 0 1001
56 0 0 1001
57 0 0 1001
58 0 0 1001
59 0 0 1001
60 0 0 1001
61 0 0 1001
62 0 0 1001
63 0 0 1001
64 0 0 1001
65 0 0 1001
66 0 0 1001
67 0 0 1001
68 0 0 1001
69 0 0 1001
70 0 0 1001
71 0 0 1001
