Time S I R
0 1000 1 0
1 0 869 132
2 0 748 253
3 0 641 360
4 0 561 440
5 0 489 512
6 0 429 572
7 0 376 625
8 0 333 668
9 0 287 714
10 0 255 746
11 0 218 783
12 0 193 808
13 0 172 829
14 0 158 843
15 0 135 866
16 0 122 879
17 0 98 903
18 0 75 926
19 0 68 933
20 0 63 938
21 0 56 945
22 0 48 953
23 0 40 961
24 0 35 966
25 0 32 969
26 0 29 972
27 0 24 977
28 0 22 979
29 0 22 979
30 0 21 980
31 0 19 982
32 0 16 985
33 0 15 986
34 0 13 988
35 0 11 990
36 0 11 990
37 0 9 992
38 0 8 993
39 0 8 993
40 0 7 994
41 0 4 997
42 0 4 997
43 0 4 997
44 0 4 997
45 0 3 998
46 0 2 999
47 0 2 999
48 0 2 999
49 0 2 999
50 0 1 1000
51 0 0 1001
52 0 0 1001
53 0 0 1001
54 0 0 1001
55 0 0 1001
56 0 0 1001
57 0 0 1001
58 0 0 1001
59 0 0 1001
60 0 0 1001
61 0 0 1001
62 0 0 1001
63 0 0 1001
64 0 0 1001
65 0 0 1001
66 0 0 1001
67 0 0 1001
68 0 0 1001
69 0 0 1001
70 0 0 1001
71 0 0 1001
