Time S I R
0 1000 1 0
1 0 882 119
2 0 753 248
3 0 646 355
4 0 548 453
5 0 464 537
6 0 408 593
7 0 354 647
8 0 307 694
9 0 275 726
10 0 234 767
11 0 198 803
12 0 174 827
13 0 151 850
14 0 139 862
15 0 112 889
16 0 95 906
17 0 88 913
18 0 80 921
19 0 66 935
20 0 57 944
21 0 49 952
22 0 44 957
23 0 41 960
24 0 34 967
25 0 28 973
26 0 24 977
27 0 19 982
28 0 18 983
29 0 16 985
30 0 13 988
31 0 12 989
32 0 11 990
33 0 9 992
34 0 5 996
35 0 4 997
36 0 4 997
37 0 4 997
38 0 3 998
39 0 3 998
40 0 2 999
41 0 2 999
42 0 2 999
43 0 2 999
44 0 2 999
45 0 2 999
46 0 2 999
47 0 1 1000
48 0 1 1000
49 0 1 1000
50 0 1 1000
51 0 1 1000
52 0 1 1000
53 0 1 1000
54 0 1 1000
55 0 1 1000
56 0 1 1000
57 0 1 1000
58 0 1 1000
59 0 1 1000
60 0 1 1000
61 0 1 1000
62 0 1 1000
63 0 1 1000
64 0 1 1000
65 0 1 1000
66 0 1 1000
67 0 0 1001
68 0 0 1001
69 0 0 1001
70 0 0 1001
71 0 0 1001
