Time S I R
0 1000 1 0
1 0 886 115
2 0 758 243
3 0 654 347
4 0 562 439
5 0 489 512
6 0 417 584
7 0 372 629
8 0 328 673
9 0 282 719
10 0 240 761
11 0 202 799
12 0 178 823
13 0 151 850
14 0 126 875
15 0 104 897
16 0 89 912
17 0 75 926
18 0 63 938
19 0 50 951
20 0 45 956
21 0 39 962
22 0 33 968
23 0 28 973
24 0 23 978
25 0 20 981
26 0 15 986
27 0 13 988
28 0 10 991
29 0 9 992
30 0 7 994
31 0 7 994
32 0 7 994
33 0 6 995
34 0 5 996
35 0 4 997
36 0 3 998
37 0 3 998
38 0 3 998
39 0 3 998
40 0 3 998
41 0 2 999
42 0 1 1000
43 0 1 1000
44 0 0 1001
45 0 0 1001
46 0 0 1001
47 0 0 1001
48 0 0 1001
49 0 0 1001
50 0 0 1001
51 0 0 1001
52 0 0 1001
53 0 0 1001
54 0 0 1001
55 0 0 1001
56 0 0 1001
57 0 0 1001
58 0 0 1001
59 0 0 1001
60 0 0 1001
61 0 0 1001
62 0 0 1001
63 0 0 1001
64 0 0 1001
65 0 0 1001
66 0 0 1001
67 0 0 1001
68 0 0 1001
69 0 0 1001
70 0 0 1001
71 0 0 1001
