Time S I R
0 1000 1 0
1 0 854 147
2 0 731 270
3 0 643 358
4 0 557 444
5 0 490 511
6 0 438 563
7 0 379 622
8 0 331 670
9 0 281 720
10 0 244 757
11 0 206 795
12 0 177 824
13 0 161 840
14 0 130 871
15 0 116 885
16 0 100 901
17 0 85 916
18 0 75 926
19 0 65 936
20 0 57 944
21 0 49 952
22 0 44 957
23 0 38 963
24 0 34 967
25 0 32 969
26 0 29 972
27 0 24 977
28 0 18 983
29 0 15 986
30 0 14 987
31 0 14 987
32 0 14 987
33 0 13 988
34 0 9 992
35 0 9 992
36 0 9 992
37 0 7 994
38 0 7 994
39 0 7 994
40 0 6 995
41 0 4 997
42 0 2 999
43 0 2 999
44 0 2 999
45 0 1 1000
46 0 1 1000
47 0 1 1000
48 0 1 1000
49 0 1 1000
50 0 1 1000
51 0 1 1000
52 0 1 1000
53 0 1 1000
54 0 1 1000
55 0 1 1000
56 0 1 1000
57 0 1 1000
58 0 1 1000
59 0 1 1000
60 0 0 1001
61 0 0 1001
62 0 0 1001
63 0 0 1001
64 0 0 1001
65 0 0 1001
66 0 0 1001
67 0 0 1001
68 0 0 1001
69 0 0 1001
70 0 0 1001
71 0 0 1001
