Time S I R
0 1000 1 0
1 0 861 140
2 0 743 258
3 0 649 352
4 0 558 443
5 0 483 518
6 0 415 586
7 0 369 632
8 0 330 671
9 0 295 706
10 0 257 744
11 0 227 774
12 0 203 798
13 0 176 825
14 0 156 845
15 0 132 869
16 0 113 888
17 0 101 900
18 0 85 916
19 0 74 927
20 0 67 934
21 0 57 944
22 0 52 949
23 0 49 952
24 0 44 957
25 0 36 965
26 0 32 969
27 0 28 973
28 0 23 978
29 0 19 982
30 0 16 985
31 0 16 985
32 0 13 988
33 0 12 989
34 0 11 990
35 0 10 991
36 0 10 991
37 0 8 993
38 0 8 993
39 0 7 994
40 0 4 997
41 0 4 997
42 0 4 997
43 0 4 997
44 0 2 999
45 0 1 1000
46 0 1 1000
47 0 1 1000
48 0 0 1001
49 0 0 1001
50 0 0 1001
51 0 0 1001
52 0 0 1001
53 0 0 1001
54 0 0 1001
55 0 0 1001
56 0 0 1001
57 0 0 1001
58 0 0 1001
59 0 0 1001
60 0 0 1001
61 0 0 1001
62 0 0 1001
63 0 0 1001
64 0 0 1001
65 0 0 1001
66 0 0 1001
67 0 0 1001
68 0 0 1001
69 0 0 1001
70 0 0 1001
71 0 0 1001
