Time S I R
0 1000 1 0
1 0 861 140
2 0 738 263
3 0 631 370
4 0 535 466
5 0 456 545
6 0 388 613
7 0 351 650
8 0 298 703
9 0 253 748
10 0 223 778
11 0 192 809
12 0 162 839
13 0 139 862
14 0 125 876
15 0 108 893
16 0 92 909
17 0 81 920
18 0 70 931
19 0 60 941
20 0 52 949
21 0 45 956
22 0 39 962
23 0 34 967
24 0 32 969
25 0 28 973
26 0 25 976
27 0 23 978
28 0 21 980
29 0 17 984
30 0 15 986
31 0 13 988
32 0 10 991
33 0 9 992
34 0 8 993
35 0 8 993
36 0 8 993
37 0 8 993
38 0 6 995
39 0 6 995
40 0 6 995
41 0 3 998
42 0 3 998
43 0 2 999
44 0 2 999
45 0 2 999
46 0 2 999
47 0 1 1000
48 0 1 1000
49 0 0 1001
50 0 0 1001
51 0 0 1001
52 0 0 1001
53 0 0 1001
54 0 0 1001
55 0 0 1001
56 0 0 1001
57 0 0 1001
58 0 0 1001
59 0 0 1001
60 0 0 1001
61 0 0 1001
62 0 0 1001
63 0 0 1001
64 0 0 1001
65 0 0 1001
66 0 0 1001
67 0 0 1001
68 0 0 1001
69 0 0 1001
70 0 0 1001
71 0 0 1001
