Time S I R
0 1000 1 0
1 0 871 130
2 0 751 250
3 0 653 348
4 0 560 441
5 0 486 515
6 0 428 573
7 0 369 632
8 0 323 678
9 0 278 723
10 0 241 760
11 0 213 788
12 0 177 824
13 0 146 855
14 0 126 875
15 0 111 890
16 0 96 905
17 0 86 915
18 0 73 928
19 0 66 935
20 0 59 942
21 0 47 954
22 0 41 960
23 0 34 967
24 0 30 971
25 0 27 974
26 0 24 977
27 0 21 980
28 0 18 983
29 0 14 987
30 0 12 989
31 0 12 989
32 0 10 991
33 0 7 994
34 0 6 995
35 0 6 995
36 0 5 996
37 0 4 997
38 0 3 998
39 0 3 998
40 0 3 998
41 0 2 999
42 0 2 999
43 0 1 1000
44 0 1 1000
45 0 1 1000
46 0 1 1000
47 0 1 1000
48 0 1 1000
49 0 1 1000
50 0 1 1000
51 0 1 1000
52 0 1 1000
53 0 1 1000
54 0 0 1001
55 0 0 1001
56 0 0 1001
57 0 0 1001
58 0 0 1001
59 0 0 1001
60 0 0 1001
61 0 0 1001
62 0 0 1001
63 0 0 1001
64 0 0 1001
65 0 0 1001
66 0 0 1001
67 0 0 1001
68 0 0 1001
69 0 0 1001
70 0 0 1001
71 0 0 1001
