Time S I R
0 1000 1 0
1 0 854 147
2 0 747 254
3 0 638 363
4 0 556 445
5 0 485 516
6 0 422 579
7 0 369 632
8 0 320 681
9 0 271 730
10 0 235 766
11 0 212 789
12 0 190 811
13 0 166 835
14 0 144 857
15 0 124 877
16 0 109 892
17 0 95 906
18 0 82 919
19 0 68 933
20 0 55 946
21 0 50 951
22 0 43 958
23 0 37 964
24 0 32 969
25 0 29 972
26 0 26 975
27 0 22 979
28 0 21 980
29 0 15 986
30 0 15 986
31 0 13 988
32 0 12 989
33 0 11 990
34 0 8 993
35 0 6 995
36 0 5 996
37 0 4 997
38 0 3 998
39 0 3 998
40 0 3 998
41 0 3 998
42 0 3 998
43 0 3 998
44 0 3 998
45 0 2 999
46 0 2 999
47 0 1 1000
48 0 1 1000
49 0 1 1000
50 0 1 1000
51 0 1 1000
52 0 1 1000
53 0 1 1000
54 0 0 1001
55 0 0 1001
56 0 0 1001
57 0 0 1001
58 0 0 1001
59 0 0 1001
60 0 0 1001
61 0 0 1001
62 0 0 1001
63 0 0 1001
64 0 0 1001
65 0 0 1001
66 0 0 1001
67 0 0 1001
68 0 0 1001
69 0 0 1001
70 0 0 1001
71 0 0 1001
