Time S I R
0 1000 1 0
1 0 877 124
2 0 767 234
3 0 652 349
4 0 561 440
5 0 475 526
6 0 409 592
7 0 342 659
8 0 300 701
9 0 263 738
10 0 230 771
11 0 204 797
12 0 178 823
13 0 155 846
14 0 139 862
15 0 123 878
16 0 110 891
17 0 89 912
18 0 78 923
19 0 67 934
20 0 62 939
21 0 49 952
22 0 45 956
23 0 36 965
24 0 28 973
25 0 26 975
26 0 22 979
27 0 15 986
28 0 12 989
29 0 10 991
30 0 9 992
31 0 7 994
32 0 5 996
33 0 5 996
34 0 4 997
35 0 4 997
36 0 4 997
37 0 4 997
38 0 2 999
39 0 1 1000
40 0 1 1000
41 0 1 1000
42 0 1 1000
43 0 1 1000
44 0 1 1000
45 0 1 1000
46 0 1 1000
47 0 1 1000
48 0 1 1000
49 0 1 1000
50 0 1 1000
51 0 1 1000
52 0 1 1000
53 0 1 1000
54 0 1 1000
55 0 1 1000
56 0 1 1000
57 0 0 1001
58 0 0 1001
59 0 0 1001
60 0 0 1001
61 0 0 1001
62 0 0 1001
63 0 0 1001
64 0 0 1001
65 0 0 1001
66 0 0 1001
67 0 0 1001
68 0 0 1001
69 0 0 1001
70 0 0 1001
71 0 0 1001
