Time S I R
0 1000 1 0
1 0 874 127
2 0 743 258
3 0 654 347
4 0 578 423
5 0 492 509
6 0 422 579
7 0 361 640
8 0 296 705
9 0 267 734
10 0 239 762
11 0 210 791
12 0 180 821
13 0 159 842
14 0 139 862
15 0 124 877
16 0 107 894
17 0 92 909
18 0 79 922
19 0 71 930
20 0 61 940
21 0 54 947
22 0 45 956
23 0 38 963
24 0 30 971
25 0 22 979
26 0 20 981
27 0 19 982
28 0 16 985
29 0 14 987
30 0 12 989
31 0 10 991
32 0 9 992
33 0 9 992
34 0 8 993
35 0 6 995
36 0 5 996
37 0 5 996
38 0 4 997
39 0 4 997
40 0 4 997
41 0 4 997
42 0 4 997
43 0 2 999
44 0 2 999
45 0 1 1000
46 0 1 1000
47 0 1 1000
48 0 1 1000
49 0 1 1000
50 0 0 1001
51 0 0 1001
52 0 0 1001
53 0 0 1001
54 0 0 1001
55 0 0 1001
56 0 0 1001
57 0 0 1001
58 0 0 1001
59 0 0 1001
60 0 0 1001
61 0 0 1001
62 0 0 1001
63 0 0 1001
64 0 0 1001
65 0 0 1001
66 0 0 1001
67 0 0 1001
68 0 0 1001
69 0 0 1001
70 0 0 1001
71 0 0 1001
