Time S I R
0 1000 1 0
1 0 851 150
2 0 722 279
3 0 635 366
4 0 564 437
5 0 488 513
6 0 422 579
7 0 364 637
8 0 321 680
9 0 285 716
10 0 252 749
11 0 217 784
12 0 184 817
13 0 158 843
14 0 133 868
15 0 112 889
16 0 92 909
17 0 75 926
18 0 67 934
19 0 56 945
20 0 47 954
21 0 38 963
22 0 36 965
23 0 26 975
24 0 24 977
25 0 23 978
26 0 20 981
27 0 17 984
28 0 17 984
29 0 16 985
30 0 14 987
31 0 11 990
32 0 8 993
33 0 7 994
34 0 6 995
35 0 5 996
36 0 4 997
37 0 4 997
38 0 3 998
39 0 2 999
40 0 1 1000
41 0 1 1000
42 0 1 1000
43 0 0 1001
44 0 0 1001
45 0 0 1001
46 0 0 1001
47 0 0 1001
48 0 0 1001
49 0 0 1001
50 0 0 1001
51 0 0 1001
52 0 0 1001
53 0 0 1001
54 0 0 1001
55 0 0 1001
56 0 0 1001
57 0 0 1001
58 0 0 1001
59 0 0 1001
60 0 0 1001
61 0 0 1001
62 0 0 1001
63 0 0 1001
64 0 0 1001
65 0 0 1001
66 0 0 1001
67 0 0 1001
68 0 0 1001
69 0 0 1001
70 0 0 1001
71 0 0 1001
