Time S I R
0 1000 1 0
1 0 858 143
2 0 755 246
3 0 647 354
4 0 557 444
5 0 486 515
6 0 420 581
7 0 360 641
8 0 313 688
9 0 270 731
10 0 241 760
11 0 216 785
12 0 186 815
13 0 169 832
14 0 141 860
15 0 127 874
16 0 103 898
17 0 92 909
18 0 86 915
19 0 77 924
20 0 69 932
21 0 56 945
22 0 46 955
23 0 36 965
24 0 34 967
25 0 29 972
26 0 28 973
27 0 27 974
28 0 20 981
29 0 18 983
30 0 15 986
31 0 15 986
32 0 14 987
33 0 14 987
34 0 13 988
35 0 12 989
36 0 11 990
37 0 7 994
38 0 7 994
39 0 4 997
40 0 3 998
41 0 3 998
42 0 3 998
43 0 3 998
44 0 3 998
45 0 2 999
46 0 1 1000
47 0 1 1000
48 0 1 1000
49 0 1 1000
50 0 1 1000
51 0 1 1000
52 0 1 1000
53 0 1 1000
54 0 1 1000
55 0 1 1000
56 0 1 1000
57 0 0 1001
58 0 0 1001
59 0 0 1001
60 0 0 1001
61 0 0 1001
62 0 0 1001
63 0 0 1001
64 0 0 1001
65 0 0 1001
66 0 0 1001
67 0 0 1001
68 0 0 1001
69 0 0 1001
70 0 0 1001
71 0 0 1001
