Time S I R
0 1000 1 0
1 0 843 158
2 0 728 273
3 0 636 365
4 0 550 451
5 0 481 520
6 0 424 577
7 0 365 636
8 0 309 692
9 0 251 750
10 0 216 785
11 0 192 809
12 0 164 837
13 0 143 858
14 0 127 874
15 0 107 894
16 0 87 914
17 0 79 922
18 0 74 927
19 0 59 942
20 0 53 948
21 0 45 956
22 0 37 964
23 0 34 967
24 0 32 969
25 0 29 972
26 0 29 972
27 0 28 973
28 0 25 976
29 0 23 978
30 0 20 981
31 0 14 987
32 0 13 988
33 0 10 991
34 0 9 992
35 0 8 993
36 0 7 994
37 0 4 997
38 0 3 998
39 0 2 999
40 0 1 1000
41 0 1 1000
42 0 1 1000
43 0 1 1000
44 0 1 1000
45 0 0 1001
46 0 0 1001
47 0 0 1001
48 0 0 1001
49 0 0 1001
50 0 0 1001
51 0 0 1001
52 0 0 1001
53 0 0 1001
54 0 0 1001
55 0 0 1001
56 0 0 1001
57 0 0 1001
58 0 0 1001
59 0 0 1001
60 0 0 1001
61 0 0 1001
62 0 0 1001
63 0 0 1001
64 0 0 1001
65 0 0 1001
66 0 0 1001
67 0 0 1001
68 0 0 1001
69 0 0 1001
70 0 0 1001
71 0 0 1001
