Time S I R
0 1000 1 0
1 0 874 127
2 0 741 260
3 0 659 342
4 0 566 435
5 0 497 504
6 0 430 571
7 0 380 621
8 0 311 690
9 0 265 736
10 0 231 770
11 0 195 806
12 0 169 832
13 0 148 853
14 0 131 870
15 0 115 886
16 0 107 894
17 0 95 906
18 0 84 917
19 0 73 928
20 0 65 936
21 0 58 943
22 0 46 955
23 0 41 960
24 0 34 967
25 0 34 967
26 0 31 970
27 0 27 974
28 0 25 976
29 0 23 978
30 0 19 982
31 0 17 984
32 0 15 986
33 0 12 989
34 0 10 991
35 0 10 991
36 0 7 994
37 0 6 995
38 0 6 995
39 0 5 996
40 0 4 997
41 0 4 997
42 0 4 997
43 0 2 999
44 0 2 999
45 0 2 999
46 0 2 999
47 0 2 999
48 0 2 999
49 0 2 999
50 0 2 999
51 0 2 999
52 0 2 999
53 0 1 1000
54 0 1 1000
55 0 1 1000
56 0 1 1000
57 0 1 1000
58 0 1 1000
59 0 1 1000
60 0 1 1000
61 0 1 1000
62 0 1 1000
63 0 1 1000
64 0 1 1000
65 0 0 1001
66 0 0 1001
67 0 0 1001
68 0 0 1001
69 0 0 1001
70 0 0 1001
71 0 0 1001
