Time S I R
0 1000 1 0
1 0 867 134
2 0 761 240
3 0 673 328
4 0 578 423
5 0 501 500
6 0 453 548
7 0 391 610
8 0 335 666
9 0 291 710
10 0 256 745
11 0 222 779
12 0 193 808
13 0 164 837
14 0 143 858
15 0 125 876
16 0 114 887
17 0 99 902
18 0 84 917
19 0 71 930
20 0 61 940
21 0 56 945
22 0 48 953
23 0 41 960
24 0 38 963
25 0 32 969
26 0 25 976
27 0 23 978
28 0 21 980
29 0 19 982
30 0 17 984
31 0 15 986
32 0 14 987
33 0 12 989
34 0 10 991
35 0 9 992
36 0 8 993
37 0 6 995
38 0 4 997
39 0 3 998
40 0 3 998
41 0 3 998
42 0 3 998
43 0 3 998
44 0 3 998
45 0 3 998
46 0 2 999
47 0 1 1000
48 0 1 1000
49 0 1 1000
50 0 1 1000
51 0 1 1000
52 0 1 1000
53 0 1 1000
54 0 1 1000
55 0 1 1000
56 0 1 1000
57 0 1 1000
58 0 1 1000
59 0 1 1000
60 0 1 1000
61 0 1 1000
62 0 1 1000
63 0 1 1000
64 0 1 1000
65 0 1 1000
66 0 1 1000
67 0 0 1001
68 0 0 1001
69 0 0 1001
70 0 0 1001
71 0 0 1001
