Time S I R
0  972.678339109 1 0
1 100.958032189 790.896835622 81.8234712976 
2 0.0750605914927 631.583159992 342.020118526 
3 0.000426173922506 445.010828878 528.667084057 
4 1.70393764165e-06 313.513261746 660.165075659 
5 2.48162155003e-06 220.872277991 752.806058636 
6 1.238742243e-06 155.606178401 818.072159469 
7 8.89457055564e-07 109.625756514 864.052581705 
8 2.52164966241e-06 77.2319422102 896.446394377 
9 1.4504378214e-06 54.4104765168 919.267861142 
10 8.51102754496e-07 38.3325775359 935.345760722 
11 6.26376731816e-07 27.0055697741 946.672768708 
12 5.49015908291e-07 19.0256064494 954.65273211 
13 4.63944161311e-07 13.4036722835 960.274666361 
14 4.13596239923e-07 9.44297995072 964.235358745 
15 3.83048927688e-07 6.65264458528 967.02569414 
16 3.62747641702e-07 4.68683438306 968.991504363 
17 3.49094420926e-07 3.30190722023 970.37643154 
18 3.39790403814e-07 2.32621635888 971.35212241 
19 3.33385060003e-07 1.63883559608 972.039503179 
20 3.28945247929e-07 1.15457105243 972.523767727 
21 3.2585273857e-07 0.813403273574 972.864935509 
22 3.23691665471e-07 0.573048217126 973.105290568 
23 3.22177584167e-07 0.403716267904 973.274622519 
24 3.21115294355e-07 0.284420834321 973.393917953 
25 3.20369053952e-07 0.200376430977 973.477962357 
26 3.19844275509e-07 0.141166542997 973.537172246 
27 3.1947502066e-07 0.099452776209 973.578886013 
28 3.19215246236e-07 0.0700651084258 973.608273681 
29 3.19032437801e-07 0.0493613581161 973.628977432 
30 3.18903630614e-07 0.0347754032222 973.643563387 
31 3.18812681144e-07 0.0244995059574 973.653839284 
32 3.18749016515e-07 0.0172600695892 973.66107872 
33 3.18703996527e-07 0.0121598311016 973.666178959 
34 3.18672164212e-07 0.00856668223635 973.669772108 
35 3.18649881592e-07 0.00603527752398 973.672303513 
36 3.18634079122e-07 0.00425197666386 973.674086814 
37 3.18623051498e-07 0.00299557135559 973.675343219 
38 3.18615320793e-07 0.00211040681936 973.676228383 
39 3.18609863825e-07 0.00148680000409 973.67685199 
40 3.18605998473e-07 0.00104749140379 973.677291299 
41 3.18603269989e-07 0.000737946313039 973.677600844 
42 3.18601337312e-07 0.000519874271488 973.677818916 
43 3.18600086757e-07 0.000366253317682 973.677972537 
44 3.18599063576e-07 0.000258011235102 973.678080779 
45 3.18598381455e-07 0.000181772365049 973.678157018 
46 3.18597926707e-07 0.000128074085197 973.678210716 
47 3.1859747196e-07 9.01652447557e-05 973.678248625 
48 3.18597244586e-07 6.34941133645e-05 973.678275296 
49 3.18597130899e-07 4.47516563446e-05 973.678294039 
50 3.18597017213e-07 3.14948233905e-05 973.678307295 
51 3.18596903526e-07 2.22425745163e-05 973.678316548 
52 3.18596903526e-07 1.56858762138e-05 973.678323104 
53 3.18596903526e-07 1.10822259545e-05 973.678327708 
54 3.18596903526e-07 7.84865397291e-06 973.678330942 
55 3.18596789839e-07 5.51754773581e-06 973.678333273 
56 3.18596789839e-07 3.76970424616e-06 973.678335021 
57 3.18596676152e-07 2.69022025968e-06 973.6783361 
58 3.18596789839e-07 1.87758237365e-06 973.678336913 
59 3.18596789839e-07 1.30153480048e-06 973.678337489 
60 3.18596676152e-07 9.17999809323e-07 973.678337872 
61 3.18596789839e-07 6.56030781001e-07 973.678338134 
62 3.18596789839e-07 4.7170694553e-07 973.678338319 
63 3.18596789839e-07 3.40398039115e-07 973.67833845 
64 3.18596789839e-07 2.43511374684e-07 973.678338547 
65 3.18596789839e-07 1.73628619605e-07 973.678338617 
66 3.18596789839e-07 1.23577452134e-07 973.678338667 
67 3.18596789839e-07 8.76329455307e-08 973.678338703 
68 3.18596789839e-07 6.25952460582e-08 973.678338728 
69 3.18596789839e-07 4.46089738879e-08 973.678338746 
70 3.18596789839e-07 3.18776795558e-08 973.678338758 
