Time S I R
0  944.299755618 1 0
1 92.7425281336 792.920419458 59.6368080259 
2 0.0439002145977 688.891210402 256.364645001 
3 0.000102470525235 534.083130227 411.21652292 
4 0 414.035943775 531.263811843 
5 0 320.972574637 624.327180981 
6 0 248.8267034 696.473052218 
7 0 192.897272088 752.40248353 
8 0 149.53963451 795.760121108 
9 0 115.927292315 829.372463303 
10 0 89.8700955453 855.429660073 
11 0 69.6698353155 875.629920302 
12 0 54.0100312319 891.289724386 
13 0 41.8701096838 903.429645934 
14 0 32.4588947784 912.84086084 
15 0 25.1630493934 920.136706225 
16 0 19.50708716 925.792668458 
17 0 15.1224408428 930.177314775 
18 0 11.7233392542 933.576416364 
19 0 9.08826067542 936.211494943 
20 0 7.04547027233 938.254285346 
21 0 5.46184515277 939.837910465 
22 0 4.23417406274 941.065581555 
23 0 3.28244948564 942.017306132 
24 0 2.54464604219 942.755109576 
25 0 1.97268038289 943.327075235 
26 0 1.5292768969 943.770478721 
27 0 1.18553800987 944.114217608 
28 0 0.919062088411 944.38069353 
29 0 0.712482475321 944.587273143 
30 0 0.552336216561 944.747419401 
31 0 0.428186385732 944.871569232 
32 0 0.331942012663 944.967813605 
33 0 0.257330703939 945.042424914 
34 0 0.199489927388 945.100265691 
35 0 0.154650142783 945.145105475 
36 0 0.119889043043 945.179866575 
37 0 0.0929412743284 945.206814344 
38 0 0.0720506685404 945.227704949 
39 0 0.0558556666628 945.243899951 
40 0 0.0433008666018 945.256454751 
41 0 0.0335680351603 945.266187583 
42 0 0.0260228682652 945.27373275 
43 0 0.0201736524522 945.279581966 
44 0 0.0156391737244 945.284116444 
45 0 0.0121239213289 945.287631697 
46 0 0.00939877805147 945.29035684 
47 0 0.00728621098452 945.292469407 
48 0 0.00564853097433 945.294107087 
49 0 0.00437893538459 945.295376683 
50 0 0.00339467822139 945.29636094 
51 0 0.00263166139649 945.297123957 
52 0 0.00204014650281 945.297715471 
53 0 0.00158162863986 945.298173989 
54 0 0.00122612063456 945.298529497 
55 0 0.000950503280701 945.298805115 
56 0 0.000736846401147 945.299018772 
57 0 0.000571219350452 945.299184399 
58 0 0.000442817433332 945.299312801 
59 0 0.00034326231063 945.299412356 
60 0 0.000266112799316 945.299489505 
61 0 0.00020630508842 945.299549313 
62 0 0.000159941940963 945.299595676 
63 0 0.000123929526241 945.299631688 
64 0 9.60259855491e-05 945.299659592 
65 0 7.442512098e-05 945.299681193 
66 0 5.77277947966e-05 945.29969789 
67 0 4.47852884806e-05 945.299710833 
68 0 3.47286597813e-05 945.299720889 
69 0 2.69336472121e-05 945.299728684 
70 0 2.08964809762e-05 945.299734721 
