Time S I R
0  875.38298904 1 0
1 861.811208416 13.1425295511 1.42925107235 
2 715.349310032 142.566659991 18.4670190167 
3 237.028390421 519.85004259 119.504556029 
4 36.803781557 549.703298094 289.875909389 
5 7.2554388215 430.715638345 438.411911873 
6 2.10498055402 322.671505404 551.606503082 
7 0.837092850155 239.584698356 635.961197833 
8 0.422529635249 177.453387642 698.507071763 
9 0.254709334175 131.317932134 744.810347571 
10 0.175158740502 97.1395359431 779.068294356 
11 0.132785135908 71.8429444984 804.407259405 
12 0.108190170283 53.1282659121 823.146532957 
13 0.0929813159311 39.2861275552 837.003880169 
14 0.0831277373426 29.0492667538 847.250594549 
15 0.0765198660645 21.4792772258 854.827191948 
16 0.0719733852496 15.8816487818 860.429366873 
17 0.0687866901528 11.7426603906 864.571541959 
18 0.0665216372887 8.6822732589 867.634194143 
19 0.0648950132702 6.41944628691 869.898647739 
20 0.0637179459068 4.74634796492 871.572923129 
21 0.0628614225482 3.5092984001 872.810829217 
22 0.0622355511109 2.59465670003 873.726096789 
23 0.0617768147162 1.9183979629 874.402814262 
24 0.0614398186834 1.41839452767 874.903154693 
25 0.0611918386048 1.04870875078 875.27308845 
26 0.0610091353274 0.775376130395 875.546603774 
27 0.0608744024745 0.573283984451 875.748830653 
28 0.0607749773945 0.423864400362 875.898349662 
29 0.0607015707619 0.31338916508 876.008898304 
30 0.0606473537609 0.231707969516 876.090633716 
31 0.0606072988277 0.171315861436 876.151065879 
32 0.0605777008006 0.126664299245 876.19574704 
33 0.0605558265052 0.0936507091834 876.228782504 
34 0.0605396585636 0.0692417095805 876.253207672 
35 0.0605277073988 0.0511946505799 876.271266682 
36 0.060518872672 0.0378513280988 876.284618839 
37 0.0605123414573 0.0279858070586 876.294490891 
38 0.0605075129828 0.0206916208772 876.301789906 
39 0.0605039432461 0.0152985860283 876.30718651 
40 0.0605013040536 0.0113111798135 876.311176556 
41 0.060499352811 0.00836304641603 876.31412664 
42 0.0604979101786 0.00618331144797 876.316307818 
43 0.0604968435492 0.004571662325 876.317920534 
44 0.0604960550002 0.00338016661075 876.319112818 
45 0.0604954719913 0.00249923150745 876.319994336 
46 0.0604950408967 0.00184783595757 876.320646163 
47 0.0604947221635 0.00136621826301 876.321128099 
48 0.0604944865072 0.0010101313196 876.321484422 
49 0.060494312275 0.00074685776645 876.32174787 
50 0.0604941834196 0.00055215049797 876.321942706 
51 0.0604940881373 0.000408173719522 876.322086778 
52 0.0604940177243 0.000301775779075 876.322193246 
53 0.0604939656804 0.000223134301539 876.32227194 
54 0.0604939271922 0.000164976309753 876.322330136 
55 0.0604938987217 0.000121955741723 876.322373185 
56 0.0604938776875 9.01715808686e-05 876.32240499 
57 0.0604938621568 6.67036872646e-05 876.322428474 
58 0.0604938506832 4.93665222733e-05 876.322445822 
59 0.0604938421835 3.65227494333e-05 876.322458675 
60 0.0604938358846 2.70048189983e-05 876.322468199 
61 0.0604938312347 1.99785011963e-05 876.32247523 
62 0.0604938277994 1.47875169135e-05 876.322480424 
63 0.0604938252676 1.09617176786e-05 876.322484253 
64 0.0604938233897 8.12437742677e-06 876.322487092 
65 0.0604938220002 6.02478651413e-06 876.322489193 
66 0.06049382095 4.43760202772e-06 876.322490781 
67 0.0604938201727 3.26318147871e-06 876.322491956 
68 0.0604938195894 2.38172374748e-06 876.322492838 
69 0.0604938191768 1.75839932361e-06 876.322493462 
70 0.0604938188612 1.28139549702e-06 876.322493939 
