Time S I R
0  955.327664316 1 0
1 950.839886324 4.7185357917 0.76924220009 
2 930.162125832 21.8043967164 4.36114176763 
3 844.158355829 91.9585651569 20.2107433302 
4 596.376172973 282.976298651 76.9751926914 
5 276.220291835 477.393551597 202.713820884 
6 104.025464397 490.051427321 362.250772597 
7 42.8848379288 406.429503757 507.01332263 
8 21.1966878874 312.997721391 622.133255038 
9 12.4210538835 234.462574012 709.44403642 
10 8.34450401495 173.554239195 774.428921106 
11 6.22176174067 127.721880522 822.384022053 
12 5.01474488224 93.695995185 857.616924248 
13 4.28155732981 68.6072812549 883.438825731 
14 3.8138742968 50.1784878528 902.335302166 
15 3.50460506037 36.67238532 916.150673935 
16 3.29460713957 26.7881385811 926.244918595 
17 3.14923149943 19.5612337428 933.617199074 
18 3.047157056 14.2805726429 938.999934617 
19 2.97474028385 10.4236878188 942.929236213 
20 2.92297409994 7.60754939493 945.797140821 
21 2.88576460494 5.55175864807 947.890141063 
22 2.85891040809 4.05125248079 949.417501427 
23 2.83947250965 2.95616319248 950.532028614 
24 2.82537248806 2.15701527338 951.345276554 
25 2.81512850859 1.57386628243 951.938669525 
26 2.80767749739 1.14835168578 952.371635133 
27 2.80225344985 0.837869950148 952.687540916 
28 2.79830254011 0.611327986781 952.918033789 
29 2.79542339904 0.446035200803 953.086205716 
30 2.79332460262 0.325433164363 953.208906549 
31 2.79179429117 0.237439527256 953.298430497 
32 2.79067828788 0.173237868863 953.363748159 
33 2.78986432449 0.126395551734 953.411404439 
34 2.78927060276 0.0922190175288 953.446174695 
35 2.78883749911 0.0672835061187 953.47154331 
36 2.78852154691 0.0490903872017 953.490052382 
37 2.78829104904 0.035816563846 953.503556703 
38 2.78812288918 0.0261319334872 953.513409493 
39 2.78800020519 0.0190659655547 953.520598145 
40 2.78791069789 0.0139106044512 953.525843013 
41 2.78784539478 0.0101492289902 953.529669692 
42 2.78779775043 0.00740491843621 953.532461647 
43 2.78776298924 0.00540264689827 953.53449868 
44 2.78773762761 0.00394178146125 953.535984907 
45 2.7877191251 0.00287600217902 953.537069188 
46 2.78770562513 0.00209837369463 953.537860317 
47 2.78769577488 0.00153097503412 953.538437566 
48 2.78768858824 0.0011170058079 953.538858722 
49 2.78768334495 0.000814978079193 953.539165993 
50 2.78767951909 0.00059459755169 953.539390199 
51 2.78767672646 0.000433733420627 953.539553856 
52 2.78767468999 0.000316426680983 953.539673199 
53 2.78767320493 0.000230882749034 953.539760228 
54 2.78767212119 0.000168456447915 953.539823738 
55 2.7876713301 0.000122887275032 953.539870098 
56 2.78767075326 8.96591682195e-05 953.539903903 
57 2.78767033302 6.54519630252e-05 953.539928531 
58 2.7876700266 4.78013613127e-05 953.539946488 
59 2.7876698026 3.48980465917e-05 953.539959615 
60 2.78766963798 2.54156145333e-05 953.539969262 
61 2.78766951951 1.8591682007e-05 953.539976205 
62 2.78766943258 1.3584038955e-05 953.539981299 
63 2.78766936932 9.94008699293e-06 953.539985006 
64 2.78766932302 7.27284139077e-06 953.53998772 
65 2.78766928894 5.30965453173e-06 953.539989717 
66 2.7876692637 3.85578149967e-06 953.539991196 
67 2.78766924449 2.74959554766e-06 953.539992322 
68 2.78766923185 2.0213989411e-06 953.539993062 
69 2.78766922211 1.46037518268e-06 953.539993633 
70 2.78766921499 1.05006168393e-06 953.539994051 
