Time S I R
0  856.374521786 1 0
1 208.25924954 602.30343567 46.8118365763 
2 0.340186387628 597.766514125 259.267821273 
3 0.0025101524302 435.569481695 421.802529939 
4 3.25730819668e-05 317.194735905 540.179753308 
5 2.49579534284e-06 230.98907204 626.385447251 
6 6.31453224287e-06 168.212255151 689.162260321 
7 2.76639252661e-06 122.496492364 734.878026655 
8 2.43454644533e-06 89.2051359741 768.169383378 
9 2.48925584856e-06 64.9613919763 792.413127321 
10 1.76364858362e-06 47.306545726 810.067974297 
11 1.16876253742e-06 34.4498383285 822.924682289 
12 8.64082380758e-07 25.0872517065 832.287269216 
13 7.15701503395e-07 18.2691781364 839.105342934 
14 6.15906060375e-07 13.3040846813 844.070436489 
15 5.51737571186e-07 9.68837217338 847.686149061 
16 5.09433903062e-07 7.05531952148 850.319201755 
17 4.80767766931e-07 5.13786352767 852.236657778 
18 4.60911110167e-07 3.74152189953 853.632999426 
19 4.46969693257e-07 2.72467128885 854.649850051 
20 4.37083372162e-07 1.98417442911 855.39034692 
21 4.30021941611e-07 1.44492631602 855.92959504 
22 4.24951508649e-07 1.05223185132 856.32228951 
23 4.21296704189e-07 0.766261974652 856.60825939 
24 4.18654963141e-07 0.558011353683 856.816510014 
25 4.16741613662e-07 0.406358032557 856.968163337 
26 4.15353838434e-07 0.295920208697 857.078601162 
27 4.14346118305e-07 0.21549642955 857.159024942 
28 4.13613747696e-07 0.156929987553 857.217591385 
29 4.13081238548e-07 0.114280351498 857.260241022 
30 4.12693907492e-07 0.0832218384495 857.291299535 
31 4.12412191508e-07 0.0606042492696 857.313917125 
32 4.12206986766e-07 0.0441335391764 857.330387835 
33 4.12057602261e-07 0.0321391445868 857.34238223 
34 4.11949031331e-07 0.023404540568 857.351116834 
35 4.11869791606e-07 0.0170437787615 857.357477596 
36 4.11812266066e-07 0.0124117089587 857.362109666 
37 4.11770315623e-07 0.00903851735395 857.365482857 
38 4.11739620176e-07 0.0065820397213 857.367939335 
39 4.11717337556e-07 0.00479326896987 857.369728106 
40 4.11701080338e-07 0.00349063869056 857.371030736 
41 4.11689256907e-07 0.0025419714971 857.371979403 
42 4.11680616708e-07 0.00185113549932 857.372670239 
43 4.11674363932e-07 0.0013480515748 857.373173323 
44 4.11669930145e-07 0.000981710948938 857.373539664 
45 4.11666633227e-07 0.00071489323931 857.373806481 
46 4.11664245803e-07 0.000520591423006 857.374000783 
47 4.116625405e-07 0.000379108359126 857.374142266 
48 4.11661176258e-07 0.000276067161718 857.374245308 
49 4.1166038045e-07 0.00020103273002 857.374320342 
50 4.11659698329e-07 0.000146403937264 857.374374971 
51 4.11659243582e-07 0.000106609377612 857.374414765 
52 4.11658788835e-07 7.75712713378e-05 857.374443803 
53 4.11658675148e-07 5.64744152416e-05 857.3744649 
54 4.11658447774e-07 4.1149480155e-05 857.374480225 
55 4.11658220401e-07 2.99249962791e-05 857.37449145 
56 4.11658220401e-07 2.18508657137e-05 857.374499524 
57 4.11657993027e-07 1.59223689271e-05 857.374505452 
58 4.11657993027e-07 1.16215131661e-05 857.374509753 
59 4.1165787934e-07 8.49668036502e-06 857.374512878 
60 4.11657765653e-07 6.20029974574e-06 857.374515174 
61 4.11657765653e-07 4.49854876205e-06 857.374516876 
62 4.11657765653e-07 3.20490017563e-06 857.37451817 
63 4.11657651966e-07 2.34625242823e-06 857.374519028 
64 4.11657765653e-07 1.6899473667e-06 857.374519685 
65 4.11657651966e-07 1.21345619405e-06 857.374520161 
66 4.11657651966e-07 8.84757322067e-07 857.37452049 
67 4.11657765653e-07 6.50530846529e-07 857.374520724 
68 4.11657765653e-07 4.83354647539e-07 857.374520891 
69 4.11657765653e-07 3.59503623947e-07 857.374521015 
70 4.11657765653e-07 2.66109307619e-07 857.374521109 
