Time S I R
0  982.439549128 1 0
1 706.895166637 242.638648639 33.9057338514 
2 18.1566411819 554.176528532 411.106379414 
3 1.17813118723 289.402841428 692.858576512 
4 0.291291936756 146.330955554 836.817301637 
5 0.143871306382 73.7991385512 909.49653927 
6 0.100806714274 37.1987876687 946.139954745 
7 0.0842602226005 18.7467965654 964.60849234 
8 0.0769805635572 9.44697934397 973.91558922 
9 0.0735541338844 4.76040485489 978.605590139 
10 0.0718857774623 2.39876558603 980.968897764 
11 0.0710594952903 1.20872706397 982.159762568 
12 0.0706467429982 0.609069659876 982.759832725 
13 0.0704396695811 0.306905610457 983.062203848 
14 0.0703355569489 0.154647160155 983.21456641 
15 0.070283153843 0.0779254088089 983.291340565 
16 0.0702567631591 0.0392659460671 983.330026418 
17 0.0702434688761 0.0197857695584 983.349519889 
18 0.070236770959 0.00996988087099 983.359342476 
19 0.0702333961519 0.00502370087164 983.364292031 
20 0.0702316957652 0.00253149159273 983.36678594 
21 0.0702308389109 0.00127560156294 983.368042687 
22 0.0702304071567 0.000642774165145 983.368675946 
23 0.0702301895836 0.000323873186527 983.368995065 
24 0.0702300799547 0.000163187723573 983.36915586 
25 0.0702300247227 8.22327879705e-05 983.36923687 
26 0.0702299968565 4.13886011791e-05 983.369277742 
27 0.0702299828528 2.08629330954e-05 983.369298282 
28 0.0702299758111 1.05417699443e-05 983.36930861 
29 0.0702299722724 5.35503987927e-06 983.3693138 
30 0.0702299704006 2.61163232167e-06 983.369316546 
31 0.07022996952 1.32080133181e-06 983.369317837 
32 0.0702299690658 6.55275559217e-07 983.369318503 
33 0.0702299688515 3.41073047905e-07 983.369318818 
34 0.0702299687408 1.78682399158e-07 983.36931898 
35 0.0702299686816 9.20602652289e-08 983.369319067 
36 0.0702299686512 4.73396979475e-08 983.369319112 
37 0.0702299686316 1.8591858204e-08 983.36931914 
38 0.070229968613 -8.54206442485e-09 983.369319168 
39 0.0702299686019 -2.488532494e-08 983.369319184 
40 0.0702299685981 -3.04379233415e-08 983.369319189 
41 0.0702299686017 -2.51998596293e-08 983.369319184 
42 0.070229968603 -2.33330893294e-08 983.369319182 
43 0.070229968602 -2.47397341526e-08 983.369319184 
44 0.070229968603 -2.34030762182e-08 983.369319182 
45 0.0702299686058 -1.93231155262e-08 983.369319178 
46 0.0702299686104 -1.24998520766e-08 983.369319171 
47 0.0702299686119 -1.04319677512e-08 983.369319169 
48 0.0702299686133 -8.42757404195e-09 983.369319167 
49 0.0702299686146 -6.42318033267e-09 983.369319165 
50 0.070229968616 -4.41878662338e-09 983.369319163 
51 0.070229968617 -2.90908896711e-09 983.369319162 
52 0.070229968617 -2.84875524913e-09 983.369319162 
53 0.070229968617 -2.78842153116e-09 983.369319162 
54 0.0702299686171 -2.72808781319e-09 983.369319162 
55 0.0702299686171 -2.66775409521e-09 983.369319162 
56 0.0702299686171 -2.60742037724e-09 983.369319162 
57 0.0702299686171 -2.54708665926e-09 983.369319162 
58 0.0702299686172 -2.48675294129e-09 983.369319161 
59 0.0702299686172 -2.42641922332e-09 983.369319161 
60 0.0702299686172 -2.36608550534e-09 983.369319161 
61 0.0702299686175 -2.30575178737e-09 983.369319161 
62 0.0702299686175 -2.2454180694e-09 983.369319161 
63 0.0702299686175 -2.18508435142e-09 983.369319161 
64 0.0702299686176 -2.12475063345e-09 983.369319161 
65 0.0702299686176 -2.06441691547e-09 983.369319161 
66 0.0702299686176 -2.0040831975e-09 983.369319161 
67 0.0702299686176 -1.94374947953e-09 983.369319161 
68 0.0702299686177 -1.88341576155e-09 983.369319161 
69 0.0702299686177 -1.82308204358e-09 983.369319161 
70 0.0702299686177 -1.76274832561e-09 983.369319161 
