Time S I R
0  898.965540854 1 0
1 341.327690495 500.936252476 57.7015978836 
2 1.65613422406 523.117218436 375.192188194 
3 0.0477383767585 313.431544906 586.486257571 
4 0.00573012874463 187.177635278 712.782175447 
5 0.00161434044435 111.765363509 788.198563005 
6 0.000761325853773 66.7351791677 833.229600361 
7 0.000484719119754 39.847391315 860.11766482 
8 0.0003702460981 23.7927430592 876.172427549 
9 0.000315225825489 14.2065518021 885.758673826 
10 0.00028635021954 8.48266175935 891.482592745 
11 0.00027038736107 5.06495730624 894.900313161 
12 0.000261283370264 3.02425972009 896.941019851 
13 0.000255994323425 1.80576995431 898.159514906 
14 0.00025288747679 1.07821603808 898.887071929 
15 0.000251050408906 0.643797353715 899.32149245 
16 0.000249959875646 0.38440808987 899.580882805 
17 0.000249310984486 0.229528094852 899.735763448 
18 0.000248924338734 0.137050060585 899.828241869 
19 0.000248693760113 0.0818318380446 899.883460322 
20 0.000248556184829 0.048861355114 899.916430943 
21 0.000248474075647 0.0291748609512 899.936117519 
22 0.000248425061727 0.0174201588688 899.94787227 
23 0.000248395800327 0.0104014857973 899.954890973 
24 0.00024837833007 0.00621067230083 899.959081804 
25 0.000248367899303 0.0037083426421 899.961584144 
26 0.000248361671538 0.00221427749613 899.963078215 
27 0.000248357953183 0.00132217255652 899.963970324 
28 0.000248355732651 0.00078944010572 899.964503058 
29 0.000248354406835 0.000471387206257 899.964821113 
30 0.000248353614893 0.000281356707572 899.965011144 
31 0.000248353142297 0.000167998252737 899.965124503 
32 0.00024835286024 0.000100329676651 899.965192172 
33 0.000248352692211 5.99771097247e-05 899.965232524 
34 0.000248352591825 3.59106711578e-05 899.965256591 
35 0.000248352531344 2.13932522838e-05 899.965271108 
36 0.000248352495191 1.27220126438e-05 899.96527978 
37 0.00024835247325 7.46651809196e-06 899.965285035 
38 0.000248352460744 4.46794718325e-06 899.965288034 
39 0.000248352453468 2.74462178955e-06 899.965289757 
40 0.000248352449262 1.69006112333e-06 899.965290812 
41 0.000248352446647 1.03019185699e-06 899.965291472 
42 0.000248352444714 6.24232470427e-07 899.965291878 
43 0.000248352443691 3.78707923469e-07 899.965292123 
44 0.000248352443009 2.30472318782e-07 899.965292271 
45 0.000248352442554 1.40368456796e-07 899.965292361 
46 0.000248352442327 8.53531603045e-08 899.965292416 
47 0.0002483524421 5.18352553314e-08 899.96529245 
48 0.0002483524421 3.15038610319e-08 899.96529247 
49 0.000248352441986 9.81674054662e-09 899.965292492 
50 0.000248352441872 -8.79629201213e-09 899.965292511 
51 0.000248352441872 -2.18666569272e-08 899.965292524 
52 0.000248352441758 -2.93943541987e-08 899.965292531 
53 0.000248352441758 -3.13793838266e-08 899.965292533 
54 0.000248352441872 -2.78217458108e-08 899.96529253 
55 0.000248352441872 -2.14905551e-08 899.965292523 
56 0.000248352441872 -2.3569975157e-08 899.965292525 
57 0.000248352441758 -2.42967385539e-08 899.965292526 
58 0.000248352441758 -2.3670845291e-08 899.965292525 
59 0.000248352441758 -2.1692295368e-08 899.965292524 
60 0.000248352441872 -1.83610887852e-08 899.96529252 
61 0.000248352441872 -1.36772255424e-08 899.965292515 
62 0.000248352441872 -1.03584316941e-08 899.965292512 
63 0.000248352441872 -9.0521222469e-09 899.965292511 
64 0.000248352441872 -7.74581279969e-09 899.96529251 
65 0.000248352441872 -6.43950335248e-09 899.965292508 
66 0.000248352441872 -5.13319390527e-09 899.965292507 
67 0.000248352441872 -3.82688445805e-09 899.965292506 
68 0.000248352441872 -2.53282476848e-09 899.965292504 
69 0.000248352441872 -2.49549774455e-09 899.965292504 
70 0.000248352441758 -2.45817072061e-09 899.965292504 
