Time S I R
0  807.885996113 1 0
1 795.413802051 10.6019320497 2.87026201223 
2 684.119971381 94.0889099109 30.6771148207 
3 307.032800658 323.372543445 178.480652009 
4 84.500972891 307.887329436 416.497693786 
5 33.0938631838 186.356971495 589.435161434 
6 19.3915839276 101.452220791 688.042191394 
7 14.5670436702 53.5010403845 740.817912058 
8 12.5390411156 27.8726516097 768.474303387 
9 11.5994602037 14.4432780967 782.843257812 
10 11.1411933117 7.46529074555 790.279512055 
11 10.9116165005 3.85372453574 794.120655076 
12 10.7949998232 1.98810290244 796.102893387 
13 10.7353363755 1.02531367465 797.125346062 
14 10.7046978641 0.528690621055 797.652607627 
15 10.6889343763 0.272589868612 797.924471868 
16 10.6808160586 0.140539570378 798.064640484 
17 10.6766329439 0.0724565651671 798.136906604 
18 10.6744769523 0.0373552864411 798.174163874 
19 10.6733655947 0.0192585500427 798.193371968 
20 10.6727926795 0.00992873087729 798.203274702 
21 10.6724973278 0.00511877635992 798.208380008 
22 10.6723450636 0.00263901797756 798.211012031 
23 10.672266564 0.00136056860502 798.21236898 
24 10.6722260915 0.000701426726307 798.213068594 
25 10.6722052262 0.000361609374582 798.213429277 
26 10.6721944691 0.000186417419607 798.213615226 
27 10.6721889212 9.60623863022e-05 798.213711129 
28 10.6721860625 4.95046133829e-05 798.213760546 
29 10.6721845924 2.5562656428e-05 798.213785958 
30 10.6721838341 1.32130275821e-05 798.213799065 
31 10.6721834438 6.85699008265e-06 798.213805812 
32 10.6721832345 3.44720120263e-06 798.213809431 
33 10.672183131 1.76199118961e-06 798.21381122 
34 10.672183078 8.9891872312e-07 798.213812136 
35 10.6721830523 4.79872069143e-07 798.21381258 
36 10.6721830386 2.56831156767e-07 798.213812817 
37 10.6721830311 1.35244941332e-07 798.213812946 
38 10.6721830272 7.10944752026e-08 798.213813014 
39 10.6721830251 3.75753234973e-08 798.21381305 
40 10.6721830236 1.37984716502e-08 798.213813075 
41 10.6721830223 -8.7828305229e-09 798.213813099 
42 10.6721830214 -2.30580858187e-08 798.213813114 
43 10.672183021 -2.90272942371e-08 798.213813121 
44 10.6721830212 -2.66904557783e-08 798.213813118 
45 10.6721830216 -2.01253809812e-08 798.213813111 
46 10.6721830214 -2.21635749382e-08 798.213813113 
47 10.6721830214 -2.21869588256e-08 798.213813113 
48 10.6721830216 -2.01955326434e-08 798.213813111 
49 10.6721830218 -1.61892963916e-08 798.213813107 
50 10.6721830222 -1.0071659061e-08 798.2138131 
51 10.6721830223 -8.55942671527e-09 798.213813099 
52 10.6721830224 -7.04719436951e-09 798.213813097 
53 10.6721830225 -5.53496202376e-09 798.213813096 
54 10.6721830226 -4.022729678e-09 798.213813094 
55 10.6721830226 -2.51049733225e-09 798.213813092 
56 10.6721830227 -2.2462676581e-09 798.213813092 
57 10.6721830227 -2.20356850187e-09 798.213813092 
58 10.6721830227 -2.16086934565e-09 798.213813092 
59 10.6721830227 -2.11817018942e-09 798.213813092 
60 10.6721830227 -2.07547103319e-09 798.213813092 
61 10.6721830227 -2.03277187697e-09 798.213813092 
62 10.6721830227 -1.99007272074e-09 798.213813092 
63 10.6721830227 -1.94737356451e-09 798.213813092 
64 10.6721830227 -1.90467440829e-09 798.213813092 
65 10.6721830227 -1.86197525206e-09 798.213813092 
66 10.6721830227 -1.81927609583e-09 798.213813092 
67 10.6721830227 -1.77657693961e-09 798.213813092 
68 10.6721830227 -1.73387778338e-09 798.213813092 
69 10.6721830227 -1.69117862715e-09 798.213813092 
70 10.6721830227 -1.64847947093e-09 798.213813092 
