Time S I R
0  963.009274006 1 0
1 949.641098877 12.7122952904 1.65587983817 
2 806.866021361 136.187838466 20.9554141791 
3 297.154931812 527.573233957 139.281108237 
4 51.3608194788 565.433012732 347.215441795 
5 11.3932636005 427.023719517 525.592290888 
6 3.79927926877 304.528943693 655.681051044 
7 1.74597959898 214.478567707 747.7847267 
8 1.01096296916 150.482444112 812.515866924 
9 0.689243286647 105.424043879 857.89598684 
10 0.527083638778 73.8058011213 889.676389246 
11 0.436857045401 51.651318413 911.921098548 
12 0.383067378179 36.1393409408 927.486865687 
13 0.349419882838 25.2826512672 938.377202856 
14 0.327654708724 17.6859922384 945.995627059 
15 0.313240023499 12.3712126608 951.324821322 
16 0.303536210219 8.65326316431 955.052474631 
17 0.296928018714 6.0525298398 957.659816147 
18 0.29239163273 4.23337430187 959.483508071 
19 0.289259960691 2.96095064532 960.7590634 
20 0.287089540164 2.07096301506 961.651221451 
21 0.285581189158 1.44847553201 962.275217285 
22 0.284530930738 1.01309054346 962.711652532 
23 0.283798659472 0.708572490298 963.016902856 
24 0.28328761746 0.495586471546 963.230399917 
25 0.282930734235 0.346620334074 963.379722938 
26 0.28268139247 0.242431074568 963.484161539 
27 0.28250712962 0.169559396617 963.55720748 
28 0.282385312165 0.118592083256 963.60829661 
29 0.282300142529 0.082944790831 963.644029073 
30 0.282240589196 0.058012653632 963.669020763 
31 0.282198944252 0.0405747690911 963.686500293 
32 0.282169820925 0.0283784972425 963.698725688 
33 0.282149453505 0.0198482749429 963.707276277 
34 0.282135209141 0.0138821257592 963.713256671 
35 0.282125246898 0.00970933248996 963.717439427 
36 0.282118279382 0.0067908255625 963.720364901 
37 0.282113406229 0.00474954851034 963.722411051 
38 0.282109998175 0.0033219543188 963.723842053 
39 0.28210761454 0.00232346700814 963.724842924 
40 0.282105947271 0.00162505497667 963.725543004 
41 0.282104781195 0.0011365883783 963.726032636 
42 0.282103965641 0.000794953239584 963.726375087 
43 0.28210339505 0.00055593248381 963.726614678 
44 0.282102995989 0.000388765192826 963.726782245 
45 0.282102717051 0.000271917601199 963.726899371 
46 0.282102521949 0.000190189311115 963.726981295 
47 0.282102385423 0.000132998042611 963.727038622 
48 0.282102289997 9.3023826586e-05 963.727078692 
49 0.282102223368 6.51126555747e-05 963.72710667 
50 0.282102176743 4.55815818041e-05 963.727126248 
51 0.282102144068 3.18938149201e-05 963.727139968 
52 0.282102121205 2.23164686455e-05 963.727149568 
53 0.282102105241 1.56292933584e-05 963.727156271 
54 0.282102094109 1.09660966385e-05 963.727160946 
55 0.2821020863 7.69484770048e-06 963.727164225 
56 0.282102080773 5.37960441593e-06 963.727166546 
57 0.282102076863 3.74143979482e-06 963.727168188 
58 0.282102074086 2.57812168056e-06 963.727169354 
59 0.282102072225 1.7986893215e-06 963.727170135 
60 0.282102070881 1.23562510699e-06 963.727170699 
61 0.28210206999 8.62476672957e-07 963.727171073 
62 0.282102069381 6.07430260218e-07 963.727171329 
63 0.282102068968 4.34469614277e-07 963.727171502 
64 0.282102068674 3.11320964659e-07 963.727171626 
65 0.28210206846 2.2139222547e-07 963.727171716 
66 0.282102068306 1.57049825388e-07 963.727171781 
67 0.282102068196 1.10915665257e-07 963.727171827 
68 0.282102068118 7.81409509924e-08 963.72717186 
69 0.282102068064 5.5402087913e-08 963.727171882 
70 0.282102068025 3.91748209391e-08 963.727171899 
