Time S I R
0  896.789701423 1 0
1 455.185077191 416.254132108 26.350492124 
2 2.28202212105 663.375753414 232.131925888 
3 0.0253465920773 490.670405947 407.093948884 
4 0.000909518713684 361.64075174 536.148040164 
5 7.70395079144e-05 266.527346001 631.262278382 
6 2.08242513509e-05 196.428875327 701.360805272 
7 1.71302764329e-05 144.766983106 753.022701187 
8 9.41851351399e-06 106.692389417 791.097302587 
9 5.78700246479e-06 78.6316469549 819.158048681 
10 4.06991318869e-06 57.9510015177 839.838695835 
11 2.79567620964e-06 42.7095260624 855.080172565 
12 2.0865818442e-06 31.476652924 866.313046412 
13 1.68014389601e-06 23.1980838175 874.591615925 
14 1.44198611451e-06 17.0968389733 880.692861007 
15 1.28278963984e-06 12.6002574496 885.18944269 
16 1.17794604648e-06 9.28630965827 888.503390586 
17 1.10613791549e-06 6.84394950981 890.945750807 
18 1.05606727629e-06 5.04394641545 892.745753951 
19 1.02062426777e-06 3.71735602376 894.072344378 
20 9.95264031189e-07 2.73966705703 895.05003337 
21 9.76978526523e-07 2.01911702743 895.770583418 
22 9.63717752711e-07 1.48807613591 896.301624323 
23 9.54060055847e-07 1.09670241574 896.692998053 
24 9.47004309637e-07 0.808262646672 896.981437829 
25 9.4183769761e-07 0.595684269185 897.194016212 
26 9.38047946875e-07 0.439015485297 897.350684999 
27 9.352647794e-07 0.323551559489 897.466148928 
28 9.33218871069e-07 0.23845539061 897.551245099 
29 9.31713998398e-07 0.175739953186 897.613960538 
30 9.30606461225e-07 0.129519215434 897.660181277 
31 9.29790871851e-07 0.0954547758379 897.694245717 
32 9.29190264287e-07 0.0703495536539 897.71935094 
33 9.28747908802e-07 0.0518471616226 897.737853332 
34 9.28422082325e-07 0.0382110188991 897.751489475 
35 9.28181975723e-07 0.0281612626271 897.761539232 
36 9.28005079004e-07 0.0207546629322 897.768945832 
37 9.27874566514e-07 0.0152960525202 897.774404442 
38 9.27778614823e-07 0.0112730916691 897.778427403 
39 9.2770790161e-07 0.00830819407542 897.781392301 
40 9.27655719352e-07 0.00612305903222 897.783577436 
41 9.276172932e-07 0.00451267840598 897.785187817 
42 9.27588871491e-07 0.00332588399273 897.786374611 
43 9.27567953113e-07 0.00245117203152 897.787249323 
44 9.27552719077e-07 0.00180649883548 897.787893996 
45 9.27541236706e-07 0.00133138353337 897.788369112 
46 9.27532937567e-07 0.000981233341753 897.788719262 
47 9.27526912164e-07 0.000723165238395 897.78897733 
48 9.27522251004e-07 0.000532953814467 897.789167541 
49 9.27518954086e-07 0.000392776167598 897.789307719 
50 9.27516339289e-07 0.000289473771993 897.789411021 
51 9.27514520299e-07 0.000213334287718 897.789487161 
52 9.27513269744e-07 0.000157221986496 897.789543273 
53 9.27512246562e-07 0.000115877562996 897.789584618 
54 9.27511450755e-07 8.53953308926e-05 897.7896151 
55 9.2751088232e-07 6.28850622896e-05 897.78963761 
56 9.2751054126e-07 4.63338435049e-05 897.789654161 
57 9.27510427573e-07 3.41625566595e-05 897.789666333 
58 9.27510086512e-07 2.52000250597e-05 897.789675295 
59 9.27509972826e-07 1.8581406015e-05 897.789681914 
60 9.27509972826e-07 1.37003309518e-05 897.789686795 
61 9.27509859139e-07 1.01153175528e-05 897.78969038 
62 9.27509745452e-07 7.47831570157e-06 897.789693017 
63 9.27509745452e-07 5.53517762335e-06 897.78969496 
64 9.27509631765e-07 4.06749934459e-06 897.789696428 
65 9.27509631765e-07 2.9813563636e-06 897.789697514 
66 9.27509631765e-07 2.17016960708e-06 897.789698325 
67 9.27509631765e-07 1.59292292352e-06 897.789698902 
68 9.27509631765e-07 1.15574102037e-06 897.789699339 
69 9.27509631765e-07 8.48106241356e-07 897.789699647 
70 9.27509631765e-07 6.25447201507e-07 897.78969987 
