Time S I R
0  943.709706515 1 0
1 588.699373462 308.962261567 47.0480714857 
2 10.5197627351 485.886756617 448.303187163 
3 0.791174680455 237.630577978 706.287953856 
4 0.227207743619 113.78576732 830.696731451 
5 0.125104147498 54.381835919 890.202766449 
6 0.0940624705071 25.9796190492 918.636024995 
7 0.0820820145501 12.4093104651 932.218314035 
8 0.0769108596786 5.92702034696 938.705775308 
9 0.0745572722101 2.83083002229 941.804319221 
10 0.0734587310232 1.35202839722 943.284219387 
11 0.0729397880934 0.645736478037 943.991030249 
12 0.072693233945 0.30840664313 944.328606638 
13 0.0725757728359 0.147296071331 944.489834671 
14 0.0725197400596 0.0703491093563 944.566837666 
15 0.0724929938931 0.0335989675437 944.603614554 
16 0.0724802233187 0.0160469751483 944.621179317 
17 0.072474124845 0.00766408568241 944.629568305 
18 0.072471212391 0.00366041188201 944.633574891 
19 0.072469821451 0.00174826624152 944.635488427 
20 0.0724691571195 0.000834986875977 944.636402371 
21 0.0724688397512 0.000398687021618 944.636838988 
22 0.0724686882605 0.000190425585226 944.637047401 
23 0.0724686158948 9.09407708936e-05 944.637146958 
24 0.0724685813939 4.35107100469e-05 944.637194423 
25 0.0724685648751 2.08013964004e-05 944.637217149 
26 0.0724685570062 9.98378160698e-06 944.637227974 
27 0.0724685532133 4.76934045565e-06 944.637233193 
28 0.0724685513729 2.23929147918e-06 944.637235724 
29 0.0724685505035 1.04392704469e-06 944.637236921 
30 0.0724685501145 5.0931972237e-07 944.637237456 
31 0.0724685499288 2.54114242881e-07 944.637237711 
32 0.0724685498344 1.24414066918e-07 944.637237841 
33 0.0724685497881 6.07745978112e-08 944.637237905 
34 0.0724685497602 2.23392602488e-08 944.637237943 
35 0.0724685497357 -1.1170001758e-08 944.637237977 
36 0.0724685497229 -2.88312303429e-08 944.637237994 
37 0.0724685497216 -3.06444255057e-08 944.637237996 
38 0.0724685497258 -2.47248711615e-08 944.63723799 
39 0.0724685497236 -2.7793929483e-08 944.637237993 
40 0.0724685497245 -2.65974587667e-08 944.637237992 
41 0.0724685497283 -2.11354590127e-08 944.637237986 
42 0.0724685497331 -1.48005275166e-08 944.63723798 
43 0.0724685497353 -1.19151668253e-08 944.637237977 
44 0.0724685497373 -9.0298061339e-09 944.637237974 
45 0.0724685497394 -6.14444544252e-09 944.637237971 
46 0.0724685497411 -3.88367267897e-09 944.637237969 
47 0.0724685497411 -3.79034796614e-09 944.637237969 
48 0.0724685497412 -3.69702325332e-09 944.637237969 
49 0.0724685497412 -3.60369854049e-09 944.637237969 
50 0.0724685497414 -3.51037382766e-09 944.637237969 
51 0.0724685497414 -3.41704911484e-09 944.637237969 
52 0.0724685497415 -3.32372440201e-09 944.637237969 
53 0.0724685497415 -3.23039968918e-09 944.637237969 
54 0.0724685497416 -3.13707497635e-09 944.637237968 
55 0.0724685497416 -3.04375026353e-09 944.637237968 
56 0.0724685497416 -2.9504255507e-09 944.637237968 
57 0.0724685497418 -2.85710083787e-09 944.637237968 
58 0.0724685497418 -2.76377612505e-09 944.637237968 
59 0.072468549742 -2.67045141222e-09 944.637237968 
60 0.072468549742 -2.57712669939e-09 944.637237968 
61 0.0724685497421 -2.48380198656e-09 944.637237968 
62 0.0724685497421 -2.39047727374e-09 944.637237968 
63 0.0724685497422 -2.29715256091e-09 944.637237968 
64 0.0724685497422 -2.20382784808e-09 944.637237968 
65 0.0724685497423 -2.11050313525e-09 944.637237967 
66 0.0724685497423 -2.01717842243e-09 944.637237967 
67 0.0724685497424 -1.9238537096e-09 944.637237967 
68 0.0724685497426 -1.83052899677e-09 944.637237967 
69 0.0724685497427 -1.73720428395e-09 944.637237967 
70 0.0724685497427 -1.64387957112e-09 944.637237967 
