Time S I R
0  914.90767831 1 0
1 793.087701497 108.831982433 13.9879943798 
2 64.6839543871 591.872908328 259.350815595 
3 3.64092952923 371.242999924 541.023748856 
4 0.679046418108 209.800382889 705.428249002 
5 0.263994516182 117.714228641 797.929455152 
6 0.155444780423 65.9606182255 849.791615304 
7 0.115527786535 36.9460017225 878.846148801 
8 0.0978353732788 20.6909659117 895.118877025 
9 0.0891382210136 11.5867322047 904.231807884 
10 0.0846105609431 6.48821255258 909.334855196 
11 0.0821764188257 3.63312393996 912.192377951 
12 0.0808441452904 2.03437434544 913.792459819 
13 0.0801075966948 1.13914461295 914.6884261 
14 0.0796981039335 0.637860079991 915.190120126 
15 0.0794697252913 0.357166928034 915.471041657 
16 0.0793421317123 0.199993790928 915.628342387 
17 0.0792707758075 0.111985379847 915.716422154 
18 0.0792308485424 0.0627055727655 915.765741889 
19 0.0792085002847 0.0351116142123 915.793358195 
20 0.0791959892745 0.0196605489582 915.808821772 
21 0.079188984668 0.0110088108986 915.817480514 
22 0.079185062748 0.00616431767301 915.822328929 
23 0.0791828667874 0.00345168554652 915.825043757 
24 0.0791816372384 0.0019328116852 915.826563861 
25 0.0791809487138 0.00108226011086 915.827415101 
26 0.0791805631925 0.000606012682225 915.827891734 
27 0.0791803472302 0.000339226475094 915.828158736 
28 0.0791802264116 0.000189974203052 915.828308109 
29 0.0791801587088 0.000106338077622 915.828391813 
30 0.0791801208708 5.95950024668e-05 915.828438594 
31 0.0791800996814 3.34190427763e-05 915.828464791 
32 0.0791800877864 1.87246416388e-05 915.828479497 
33 0.0791800811455 1.05209064331e-05 915.828487708 
34 0.0791800774238 5.92332989573e-06 915.828492309 
35 0.0791800752941 3.29246768793e-06 915.828494942 
36 0.0791800741005 1.81784833817e-06 915.828496418 
37 0.0791800734335 9.93919019381e-07 915.828497242 
38 0.0791800730811 5.58819884993e-07 915.828497678 
39 0.0791800728913 3.24302981672e-07 915.828497913 
40 0.0791800727807 1.87583993048e-07 915.828498049 
41 0.0791800727154 1.06945776864e-07 915.82849813 
42 0.079180072678 6.07882091275e-08 915.828498176 
43 0.0791800726569 3.47376525034e-08 915.828498202 
44 0.079180072634 6.38491933476e-09 915.828498231 
45 0.079180072617 -1.44941044648e-08 915.828498252 
46 0.079180072607 -2.69637657745e-08 915.828498264 
47 0.0791800726037 -3.10240645944e-08 915.828498268 
48 0.0791800726072 -2.66750009244e-08 915.828498264 
49 0.0791800726096 -2.36030292271e-08 915.828498261 
50 0.0791800726081 -2.5664429499e-08 915.828498263 
51 0.0791800726081 -2.55442378646e-08 915.828498263 
52 0.07918007261 -2.32424543238e-08 915.82849826 
53 0.0791800726137 -1.87590788766e-08 915.828498256 
54 0.0791800726181 -1.32401002886e-08 915.82849825 
55 0.0791800726196 -1.13550727651e-08 915.828498249 
56 0.0791800726211 -9.47004524157e-09 915.828498247 
57 0.0791800726226 -7.58501771804e-09 915.828498245 
58 0.0791800726242 -5.69999019451e-09 915.828498243 
59 0.0791800726257 -3.81496267099e-09 915.828498241 
60 0.0791800726262 -3.20973206634e-09 915.82849824 
61 0.0791800726262 -3.15152287903e-09 915.82849824 
62 0.0791800726262 -3.09331369171e-09 915.82849824 
63 0.0791800726263 -3.0351045044e-09 915.82849824 
64 0.0791800726263 -2.97689531708e-09 915.82849824 
65 0.0791800726264 -2.91868612977e-09 915.82849824 
66 0.0791800726264 -2.86047694245e-09 915.82849824 
67 0.0791800726265 -2.80226775514e-09 915.82849824 
68 0.0791800726265 -2.74405856783e-09 915.82849824 
69 0.0791800726265 -2.68584938051e-09 915.82849824 
70 0.0791800726266 -2.6276401932e-09 915.82849824 
