Time Prey Predator
0.0  1.29645597171 1.63394687474
0.1 1.11169438076 1.6673152647 
0.2 0.950868083308 1.67219786219 
0.3 0.814161262547 1.65234150635 
0.4 0.699930632882 1.61239435323 
0.5 0.605588283744 1.55712807416 
0.6 0.528246632874 1.49093801972 
0.7 0.465106567032 1.41760080721 
0.8 0.413661961824 1.34019687796 
0.9 0.371774016932 1.26114074842 
1 0.337670223825 1.18226310707 
1.1 0.309909899022 1.10490770392 
1.2 0.287335744419 1.03002695995 
1.3 0.269024892026 0.95826591634 
1.4 0.254243626239 0.890035448806 
1.5 0.242409953104 0.825567435494 
1.6 0.233062452896 0.764961102576 
1.7 0.225835169308 0.708218731886 
1.8 0.220437827867 0.655272994461 
1.9 0.216640272498 0.606007850616 
2 0.214260361839 0.560274337454 
2.1 0.213154484014 0.517902485222 
2.2 0.213210064884 0.478710348671 
2.3 0.214339797857 0.442510573553 
2.4 0.216477250776 0.409115045658 
2.5 0.219572807854 0.378339082007 
2.6 0.223591601395 0.350002814539 
2.7 0.228510819536 0.323933614733 
2.8 0.23431811422 0.299967023529 
2.9 0.24101034143 0.277947269115 
3 0.248592340153 0.25772779018 
3.1 0.257076158619 0.239171228154 
3.2 0.26648046388 0.222149304578 
3.3 0.276830061421 0.206542606661 
3.4 0.288155252727 0.192240502892 
3.5 0.300491806007 0.17914057754 
3.6 0.313880847895 0.167148114956 
3.7 0.328368433195 0.156175981456 
3.8 0.344005815722 0.146143981793 
3.9 0.360849063763 0.136978612329 
4 0.37895940319 0.128612559819 
4.1 0.398402951878 0.120984357197 
4.2 0.41925103319 0.114038049706 
4.3 0.441580045981 0.107722786597 
4.4 0.465471700174 0.101992638532 
4.5 0.491013004313 0.0968061982738 
4.6 0.518296398656 0.0921265565579 
4.7 0.547419792062 0.0879207769156 
4.8 0.578486625158 0.0841596740477 
4.9 0.611605786633 0.0808184269151 
5 0.646891775347 0.0778758000574 
5.1 0.684464715368 0.0753139387607 
5.2 0.724449357556 0.0731193746752 
5.3 0.766975557866 0.0712823811515 
5.4 0.812178337196 0.0697967411433 
5.5 0.860195187004 0.0686613881244 
5.6 0.911166613 0.0678799604867 
5.7 0.965236554124 0.0674604273416 
5.8 1.02254757466 0.0674174236303 
5.9 1.08323891371 0.067773137895 
6 1.14744550927 0.0685575687659 
6.1 1.2152922157 0.0698108882077 
6.2 1.28689300453 0.0715839126719 
6.3 1.36233801384 0.073943543471 
6.4 1.44168939679 0.0769744422336 
6.5 1.52496811248 0.0807842389137 
6.6 1.61214329497 0.085508027776 
6.7 1.7031080746 0.0913183236698 
6.8 1.79766294 0.0984316833668 
6.9 1.89547507553 0.107125035338 
7 1.9960445967 0.117749347638 
7.1 2.09865391893 0.130749716709 
7.2 2.20230073695 0.14669160983 
7.3 2.30561664472 0.166291540234 
7.4 2.4067752837 0.190450228949 
7.5 2.5033801732 0.220290441503 
7.6 2.5923474111 0.257187852257 
7.7 2.66980712041 0.302785916774 
7.8 2.73105006423 0.358962706144 
7.9 2.77058255153 0.427735662394 
8 2.78239554745 0.511019628592 
8.1 2.76049819145 0.610241530822 
8.2 2.69983249995 0.725753357503 
8.3 2.59749271446 0.8561358218 
8.4 2.45401096497 0.997583919519 
8.5 2.27423981341 1.14369629445 
8.6 2.06729082587 1.28598149146 
8.7 1.84528785054 1.41513096967 
8.8 1.62120031034 1.52273875815 
8.9 1.40654547114 1.6028395153 
9 1.20976820523 1.65271161241 
9.1 1.03570018697 1.67278567055 
9.2 0.885934680852 1.66590731709 
9.3 0.759707478991 1.63634391276 
9.4 0.654852896329 1.588876225 
9.5 0.568586032975 1.52814758558 
9.6 0.498020637951 1.45829482863 
9.7 0.440476438353 1.38277817966 
9.8 0.393610318223 1.30436831613 
9.9 0.355452318825 1.2252032875 
10 0.324386483436 1.14688028145 
10.1 0.29910688808 1.07055429329 
10.2 0.278568459061 0.997028877583 
10.3 0.261939267109 0.926834865727 
10.4 0.248558944585 0.860295001782 
10.5 0.237903516858 0.797576492133 
10.6 0.229557626976 0.738730722827 
10.7 0.223192017098 0.683725039806 
10.8 0.218545429496 0.632467866367 
10.9 0.21541082775 0.584826640207 
11 0.213624546607 0.540641623406 
11.1 0.213057840295 0.499736562002 
11.2 0.213610194638 0.461926430994 
11.3 0.21520409229 0.427023281214 
11.4 0.217781376159 0.394839750239 
11.5 0.221299370748 0.365193221887 
11.6 0.22572892135 0.337906998213 
11.7 0.231052188023 0.312812034362 
11.8 0.237261102392 0.289747829457 
11.9 0.244356275695 0.268562725375 
12 0.252345886006 0.249114393791 
12.1 0.261245068949 0.231269611047 
12.2 0.271075266602 0.214904207217 
12.3 0.281863800769 0.19990281004 
12.4 0.293643554769 0.186158493889 
12.5 0.306452691937 0.173572455758 
12.6 0.320334696635 0.162053341465 
12.7 0.335337926374 0.151517307526 
12.8 0.351515838593 0.1418872432 
12.9 0.368926851771 0.133092498373 
13 0.387634369949 0.125068494311 
13.1 0.407706908362 0.117756267394 
13.2 0.4292180372 0.111102260636 
13.3 0.452246597421 0.105057867172 
13.4 0.476876658596 0.0995792507276 
13.5 0.503197707823 0.0946270230789 
13.6 0.531304653698 0.0901660502067 
13.7 0.561297921821 0.0861652559138 
13.8 0.59328349419 0.0825974727111 
13.9 0.627372839471 0.0794393641576 
14 0.663682941149 0.076671337702 
14.1 0.702335947689 0.0742776131082 
14.2 0.74345935293 0.0722461465277 
14.3 0.787185152436 0.0705689492414 
14.4 0.833649273481 0.0692422982125 
14.5 0.882991814176 0.0682666289577 
14.6 0.935353958717 0.0676479504228 
14.7 0.990878572728 0.0673975212866 
14.8 1.04970840215 0.0675326266725 
14.9 1.11198052988 0.0680790385503 
15 1.17782680304 0.0690707744033 
15.1 1.24736615948 0.0705532728169 
15.2 1.32070353683 0.0725839076479 
15.3 1.39791751448 0.0752371172191 
15.4 1.47905356544 0.0786071894513 
15.5 1.56410979414 0.0828139778302 
15.6 1.65302485404 0.0880079025154 
15.7 1.74565093247 0.094380999902 
15.8 1.84173460549 0.1021746038 
15.9 1.94087208354 0.111697307922 
16 2.04247085895 0.123340353588 
16.1 2.14569275075 0.137600086221 
16.2 2.24938105499 0.155106197116 
16.3 2.35197108631 0.176654845565 
16.4 2.45139106399 0.203243135079 
16.5 2.54494762532 0.236105374464 
16.6 2.6292091712 0.276738968382 
16.7 2.69992510002 0.326902511902 
16.8 2.75201567018 0.388553947332 
16.9 2.77970353245 0.463703462216 
17 2.77690033151 0.554103934925 
17.1 2.73790517752 0.66077534019 
17.2 2.65847640639 0.783351592928 
17.3 2.53712278655 0.919389356939 
17.4 2.37627623667 1.06389242435 
17.5 2.18280575172 1.20939648991 
17.6 1.96741364014 1.34684340404 
17.7 1.7429032707 1.46711908982 
17.8 1.5218437522 1.56277076754 
17.9 1.314494308 1.62926295745 
18 1.12766161525 1.66536580217 
18.1 0.964613897864 1.6727262842 
18.2 0.825752286806 1.65495851933 
18.3 0.709565090836 1.61666083372 
18.4 0.61352269258 1.56261650392 
18.5 0.534744081973 1.4972700249 
18.6 0.470411924072 1.42445908181 
18.7 0.417990471243 1.34732639941 
18.8 0.375305136932 1.26834606024 
18.9 0.340551441117 1.18939766559 
19 0.31226052283 1.11186529498 
19.1 0.289251348332 1.03673346818 
19.2 0.270581618759 0.964672676566 
19.3 0.25550195607 0.89611200733 
19.4 0.24341793131 0.831297859543 
19.5 0.233858201584 0.770340209234 
19.6 0.226448955593 0.713249064952 
19.7 0.220893692908 0.65996255983 
19.8 0.216957319421 0.610368415281 
19.9 0.214453670563 0.564320261814 
20 0.21323573981 0.52164995462 
