Time Prey Predator
0.0  1.03180661215 1.68391269203
0.1 0.881336673776 1.67627233215 
0.2 0.754769466691 1.64573401395 
0.3 0.649831257228 1.59719280068 
0.4 0.563642080635 1.53537921646 
0.5 0.493249267311 1.46448329207 
0.6 0.435925217041 1.38799861354 
0.7 0.389295595353 1.30871231127 
0.8 0.351370984639 1.22876776004 
0.9 0.320524419648 1.14976031629 
1 0.295444337377 1.07283911925 
1.1 0.275083254807 0.998799934241 
1.2 0.258608848448 0.928165036424 
1.3 0.2453614377 0.861248708705 
1.4 0.234818489845 0.798209804211 
1.5 0.226565820399 0.739092997377 
1.6 0.220275948232 0.683858469757 
1.7 0.2156890717 0.632408814065 
1.8 0.212599460335 0.584606403118 
1.9 0.210844627657 0.540287032451 
2 0.210296837928 0.499270514576 
2.1 0.210856486164 0.461368429033 
2.2 0.212446792966 0.426389897788 
2.3 0.215010089459 0.394145227345 
2.4 0.218504278106 0.364449453189 
2.5 0.222900615409 0.337123987349 
2.6 0.228181461064 0.311998318973 
2.7 0.234339060456 0.288910411807 
2.8 0.241374091118 0.267707530858 
2.9 0.249294841755 0.248246252994 
3 0.25811647327 0.230392466333 
3.1 0.267860376325 0.21402126632 
3.2 0.278553825995 0.199016570918 
3.3 0.290229587932 0.18527088378 
3.4 0.302925682012 0.172684890655 
3.5 0.316685327524 0.161166910798 
3.6 0.331556809463 0.150632523816 
3.7 0.347593243853 0.141004402913 
3.8 0.364852869994 0.132211512003 
3.9 0.383398798202 0.124189018978 
4 0.403299261442 0.116877710108 
4.1 0.424627578428 0.110223747964 
4.2 0.447462269662 0.104178325817 
4.3 0.471887183039 0.0986973370367 
4.4 0.497991503721 0.0937411800968 
4.5 0.525869953338 0.0892744634702 
4.6 0.555622741405 0.0852658609999 
4.7 0.587355723482 0.0816879191642 
4.8 0.62118031358 0.0785169997626 
4.9 0.657213498309 0.0757331588005 
5 0.695577698506 0.0733201867093 
5.1 0.736400431687 0.0712656781941 
5.2 0.779814453526 0.0695610022156 
5.3 0.825956422078 0.068201827912 
5.4 0.874966844462 0.0671881440691 
5.5 0.926989509654 0.0665245220423 
5.6 0.9821680452 0.0662216742601 
5.7 1.04064733235 0.066295777635 
5.8 1.10256920092 0.0667703663176 
5.9 1.16806816494 0.0676781998118 
6 1.2372697644 0.0690619059783 
6.1 1.31028300816 0.0709771185599 
6.2 1.38719744199 0.0734937666952 
6.3 1.46806774276 0.0767024606235 
6.4 1.55290646612 0.0807174265828 
6.5 1.64166754654 0.085683187599 
6.6 1.73422542949 0.0917831979009 
6.7 1.83035210023 0.0992492183549 
6.8 1.92967881317 0.108376680216 
6.9 2.03165381601 0.119541706179 
7 2.13549083523 0.133221672341 
7.1 2.24009462133 0.150024260796 
7.2 2.34397768368 0.170718798113 
7.3 2.44515817386 0.196273113942 
7.4 2.54104040818 0.22789218081 
7.5 2.6283017522 0.267045430338 
7.6 2.70278735424 0.315480902743 
7.7 2.75948625572 0.375169278955 
7.8 2.79262090328 0.448184164411 
7.9 2.79598973733 0.536414065591 
8 2.76361091138 0.641112731389 
8.1 2.69076067757 0.762250345312 
8.2 2.57528757461 0.897788050532 
8.3 2.41888476306 1.04311644216 
8.4 2.22779450742 1.19100656098 
8.5 2.01239821611 1.33237092591 
8.6 1.78560791355 1.45775697936 
8.7 1.5604869928 1.55914645502 
8.8 1.34800466805 1.63136834195 
8.9 1.15567482839 1.67265618186 
9 0.98732300518 1.68430917357 
9.1 0.843694932915 1.66979986622 
9.2 0.723433950292 1.63374548321 
9.3 0.624029495858 1.58104662009 
9.4 0.542540863783 1.51630885403 
9.5 0.476056901838 1.44353583209 
9.6 0.421940849381 1.36602078923 
9.7 0.377925041293 1.28636361747 
9.8 0.342125188258 1.20654418071 
9.9 0.313007497537 1.12802317498 
10 0.289339426281 1.05184215186 
10.1 0.270138549937 0.97871291402 
10.2 0.254624533181 0.909093734668 
10.3 0.242179201689 0.843250972615 
10.4 0.232313001227 0.781307741838 
10.5 0.224638135754 0.723282178162 
10.6 0.218847325942 0.669116895389 
10.7 0.214697120242 0.618701493156 
10.8 0.211994819171 0.571889655988 
10.9 0.210588281266 0.528511999972 
11 0.210358479243 0.488384904946 
11.1 0.211212671541 0.451318759782 
11.2 0.213079844675 0.417122682388 
11.3 0.215906853252 0.3856082485 
11.4 0.219655538806 0.356592097953 
11.5 0.224300394144 0.329897822608 
11.6 0.22982672503 0.305357148075 
11.7 0.236229140612 0.282810750548 
11.8 0.243510589607 0.262108383697 
11.9 0.251681395018 0.243109137283 
12 0.260758451372 0.225681600318 
12.1 0.270764904886 0.209703280165 
12.2 0.281729533605 0.195060625246 
12.3 0.293686650422 0.181648387585 
12.4 0.306675731495 0.169369446514 
12.5 0.320741403101 0.158134213714 
12.6 0.335933258148 0.147860364639 
12.7 0.352305899303 0.138472293653 
12.8 0.369918870778 0.12990078693 
12.9 0.388836749973 0.122082571298 
13 0.409129158453 0.114959997283 
13.1 0.430870856014 0.108480665278 
13.2 0.454141814139 0.102597125838 
13.3 0.47902742645 0.0972665142885 
13.4 0.505618403874 0.0924504257209 
13.5 0.534010945452 0.0881146521553 
13.6 0.564306928404 0.084228934249 
13.7 0.596613674617 0.0807669229415 
13.8 0.631044175227 0.0777060074063 
13.9 0.667717040239 0.0750272638825 
14 0.706756033317 0.072715566435 
14.1 0.748290282466 0.0707595176258 
14.2 0.792453677638 0.0691516658661 
14.3 0.839383987122 0.067888843115 
14.4 0.889222901865 0.0669722416981 
14.5 0.942114095738 0.0664081859756 
14.6 0.998201935154 0.0662087124752 
14.7 1.05763064474 0.0663920234698 
14.8 1.12053958372 0.0669843906818 
14.9 1.18706157684 0.0680209525641 
15 1.25731969864 0.0695471218648 
15.1 1.33141783218 0.07162241363 
15.2 1.40943496015 0.0743228541409 
15.3 1.49141574169 0.0777448842413 
15.4 1.57735932429 0.0820099601126 
15.5 1.66719877911 0.0872729990379 
15.6 1.76078383556 0.0937294396751 
15.7 1.85784805114 0.101628410414 
15.8 1.95797865853 0.111284972708 
15.9 2.06056276252 0.123101782697 
16 2.16473811997 0.137588760234 
16.1 2.26930886201 0.155395324183 
16.2 2.37265769672 0.177343441326 
16.3 2.47264290477 0.20446370267 
16.4 2.56647973871 0.238031373137 
16.5 2.6506156657 0.279598166358 
16.6 2.72065744216 0.330979070756 
16.7 2.77136140119 0.394193125464 
16.8 2.79678770743 0.471295272038 
16.9 2.7907126078 0.564052452574 
17 2.74738829679 0.673429661504 
17.1 2.66267128879 0.79890690212 
17.2 2.53537601973 0.937764653575 
17.3 2.36843851239 1.08463379599 
17.4 2.16935329786 1.23165420363 
17.5 1.94942343849 1.36945827991 
17.6 1.72184982975 1.48882281659 
17.7 1.49930418948 1.58241743052 
17.8 1.29187588662 1.64600987516 
17.9 1.10602737121 1.67875548625 
18 0.944636491967 1.68266478219 
18.1 0.807757738011 1.66163114682 
18.2 0.693622990866 1.62042698504 
18.3 0.599539569797 1.56391607395 
18.4 0.522539236301 1.4965562916 
18.5 0.459770431386 1.42215669983 
18.6 0.408694547597 1.34381120898 
18.7 0.367153505316 1.26393590856 
18.8 0.333365528282 1.18435506699 
18.9 0.305886540893 1.1064021929 
19 0.283558803381 1.03101831005 
19.1 0.265460995968 0.958837180092 
19.2 0.250862139969 0.890257646941 
19.3 0.239183202259 0.825501388604 
19.4 0.229965584017 0.764658663095 
19.5 0.222845945165 0.70772390202 
19.6 0.217536291691 0.654623056044 
19.7 0.213808734486 0.605233794446 
19.8 0.211482939796 0.559402143002 
19.9 0.210416712723 0.516954036956 
20 0.210498874191 0.477703748569 
