Time Prey Predator
0.0  1.30211646245 1.37858409407
0.1 1.15547277522 1.41034519988 
0.2 1.02233922438 1.42276840476 
0.3 0.90414434569 1.4173668513 
0.4 0.80104039565 1.39645338211 
0.5 0.712305928788 1.36272649605 
0.6 0.636698863168 1.31894955057 
0.7 0.572749865002 1.26771698763 
0.8 0.518945864296 1.21133653942 
0.9 0.473854381797 1.15176726963 
1 0.436184043849 1.09061609509 
1.1 0.404808882599 1.02916136435 
1.2 0.378767955856 0.968392548264 
1.3 0.357253944284 0.909053418458 
1.4 0.339595624113 0.851684897064 
1.5 0.325239070548 0.796663617338 
1.6 0.313729476663 0.744236036303 
1.7 0.304694944009 0.694546617169 
1.8 0.297831985254 0.647661450601 
1.9 0.292894288943 0.603586132562 
2 0.289682491283 0.562281861905 
2.1 0.2880359284 0.523677600969 
2.2 0.287826284781 0.487679054734 
2.3 0.288952174848 0.454176223086 
2.4 0.291334610797 0.423049434094 
2.5 0.294913561169 0.394173625928 
2.6 0.299645234813 0.367421525144 
2.7 0.305499628282 0.342666439012 
2.8 0.312458760164 0.319784007903 
2.9 0.320515069785 0.298653743755 
3 0.329670290945 0.279159858852 
3.1 0.339934479171 0.261191892995 
3.2 0.351325330498 0.244645088937 
3.3 0.363867317593 0.229420911901 
3.4 0.377591468216 0.215426787182 
3.5 0.392534743233 0.202576379807 
3.6 0.408739843746 0.190789351008 
3.7 0.426254922089 0.179991291427 
3.8 0.445133367338 0.170113554417 
3.9 0.465433719267 0.161093021237 
4 0.487219238248 0.152872099293 
4.1 0.510558037273 0.14539836184 
4.2 0.535522983233 0.13862432937 
4.3 0.562191295932 0.132507452644 
4.4 0.590644514222 0.127010009174 
4.5 0.620968314497 0.122098864543 
4.6 0.653252096419 0.117745529715 
4.7 0.68758851787 0.113926265324 
4.8 0.724073521394 0.11062175872 
4.9 0.762804793528 0.107817816186 
5 0.803881843 0.105505091408 
5.1 0.847404865791 0.103679426171 
5.2 0.893472133429 0.102342916009 
5.3 0.942180892106 0.101503305249 
5.4 0.993622250152 0.101176007789 
5.5 1.04788029024 0.101384349126 
5.6 1.1050304089 0.102160092876 
5.7 1.16512991167 0.103547031597 
5.8 1.22821716108 0.105601205686 
5.9 1.29430216068 0.10839432659 
6 1.3633620777 0.112015438951 
6.1 1.43532437418 0.116577167111 
6.2 1.51006179177 0.122217503292 
6.3 1.58736756928 0.129108725027 
6.4 1.66693971537 0.137463062606 
6.5 1.74835639615 0.147541456285 
6.6 1.83104423189 0.159664459731 
6.7 1.91424470215 0.174223630064 
6.8 1.99696776422 0.191696004529 
6.9 2.07795006682 0.212656125039 
7 2.1556005337 0.237789946645 
7.1 2.22795540566 0.267899252988 
7.2 2.29263534217 0.303904775145 
7.3 2.34684215147 0.346812836218 
7.4 2.38738827048 0.397669772526 
7.5 2.41080998791 0.457459306907 
7.6 2.41358731907 0.526943020946 
7.7 2.39248724474 0.606440190354 
7.8 2.34503995204 0.695554611639 
7.9 2.2700875998 0.79289991152 
8 2.16829583802 0.895904806732 
8.1 2.04246452092 1.00080121262 
8.2 1.89746328238 1.10288886902 
8.3 1.73974472305 1.19706181477 
8.4 1.57649183478 1.27851281825 
8.5 1.41464026339 1.34341373465 
8.6 1.26003344673 1.38939230808 
8.7 1.11693092742 1.41567274617 
8.8 0.987882815133 1.42293519435 
8.9 0.873923782333 1.41295810265 
9 0.774925699727 1.38819807907 
9.1 0.689988733606 1.35139966113 
9.2 0.617784322885 1.30529636211 
9.3 0.5568126912 1.25241439018 
9.4 0.505575046019 1.19496618115 
9.5 0.462674226319 1.13481151329 
9.6 0.426863972578 1.07346235895 
9.7 0.397064774579 1.01211248565 
9.8 0.372359897978 0.951678462617 
9.9 0.351982140562 0.892843230161 
10 0.335294760238 0.836098403132 
10.1 0.321773168067 0.78178135597 
10.2 0.310987145113 0.730107474809 
10.3 0.302585176074 0.681197065566 
10.4 0.29628106371 0.635097229905 
10.5 0.291842353547 0.591800259146 
10.6 0.289080779052 0.551258189357 
10.7 0.287845901659 0.513391074124 
10.8 0.288017197177 0.478100139776 
10.9 0.289499994392 0.445272132871 
11 0.29222093126 0.414785578456 
11.1 0.296124728887 0.386514549413 
11.2 0.301171594917 0.360331707829 
11.3 0.307335051435 0.336110906523 
11.4 0.314600117791 0.313728798728 
11.5 0.322961924205 0.293066115664 
11.6 0.332424626336 0.2740084679 
11.7 0.343000590055 0.256446757682 
11.8 0.354709329375 0.240278186102 
11.9 0.36757730594 0.225405726191 
12 0.381637131719 0.211738696456 
12.1 0.396927469645 0.19919232715 
12.2 0.413492504954 0.18768804014 
12.3 0.431381897914 0.177152993517 
12.4 0.450650427326 0.167520168303 
12.5 0.471357962987 0.158727986097 
12.6 0.493569195885 0.150720273703 
12.7 0.517353607066 0.1434459611 
12.8 0.542785228304 0.136859023591 
12.9 0.569942514443 0.130918282231 
13 0.598908038792 0.125587368823 
13.1 0.629768631877 0.120834389936 
13.2 0.662614884598 0.116632012196 
13.3 0.697539921197 0.11295801872 
13.4 0.734640321973 0.109794472617 
13.5 0.774015158099 0.107128053557 
13.6 0.815763012068 0.104951442163 
13.7 0.859983794652 0.103262139336 
13.8 0.906777495597 0.102062891618 
13.9 0.956238742768 0.101363999818 
14 1.00845722256 0.101182961699 
14.1 1.06351427698 0.101545602226 
14.2 1.12147951367 0.102487288005 
14.3 1.18240823131 0.10405391648 
14.4 1.24633053133 0.10630608448 
14.5 1.31324865782 0.10931991233 
14.6 1.38312568349 0.113191063256 
14.7 1.45587697998 0.118037995745 
14.8 1.53135227024 0.124008602912 
14.9 1.60932356336 0.131284435114 
15 1.68945709001 0.140090719164 
15.1 1.7712911045 0.150704187093 
15.2 1.85420594427 0.163463420819 
15.3 1.93738169786 0.178782870957 
15.4 2.01975778238 0.197165119444 
15.5 2.09998469259 0.219214836161 
15.6 2.1763711775 0.24564991587 
15.7 2.24684146038 0.277306711372 
15.8 2.30889989522 0.315130993289 
15.9 2.3596317346 0.360149677637 
16 2.39575699501 0.413403930185 
16.1 2.41377072245 0.47583299812 
16.2 2.41019274717 0.548099921277 
16.3 2.38194911092 0.630354123812 
16.4 2.32688206945 0.72194782778 
16.5 2.24429610989 0.821178247173 
16.6 2.13543358965 0.925131545422 
16.7 2.00369327703 1.02974306751 
16.8 1.85445491681 1.13013475253 
16.9 1.69447053327 1.22121064018 
17 1.5309504168 1.29837455482 
17.1 1.37059776412 1.35816972688 
17.2 1.21884884563 1.39866659176 
17.3 1.07948180836 1.41952292637 
17.4 0.954593578222 1.42176678702 
17.5 0.844859519198 1.40740403838 
17.6 0.749896427162 1.37900975162 
17.7 0.668655151978 1.33934988021 
17.8 0.599736360867 1.29111666123 
17.9 0.541626617723 1.23675597523 
18 0.492848239854 1.17838323116 
18.1 0.452042690405 1.11775963954 
18.2 0.418009635281 1.05630483052 
18.3 0.389715982653 0.995130816743 
18.4 0.366288465502 0.935084576715 
18.5 0.346998026271 0.876791696472 
18.6 0.331241173779 0.820697132827 
18.7 0.318521382097 0.767101227439 
18.8 0.308432000946 0.716190351638 
18.9 0.300640762972 0.668062511227 
19 0.294877555253 0.62274793124 
19.1 0.290923269873 0.580226014455 
19.2 0.288601057458 0.540438621593 
19.3 0.287769087992 0.503300668821 
19.4 0.288314588867 0.468708451357 
19.5 0.290149114969 0.436546015143 
19.6 0.293204683909 0.406690151683 
19.7 0.297430589135 0.379014291506 
19.8 0.302790863316 0.353391407041 
19.9 0.309262553674 0.329695624528 
20 0.316833526482 0.30780482415 
