Time Prey Predator
0.0  1.42279756162 1.59531779829
0.1 1.22478164826 1.6475383401 
0.2 1.04911315165 1.66992439536 
0.3 0.897623873082 1.66514500489 
0.4 0.769716925872 1.63736651805 
0.5 0.663324421022 1.59133640658 
0.6 0.575708980981 1.53170470461 
0.7 0.503992828359 1.46264385583 
0.8 0.445483335813 1.38766139851 
0.9 0.397815894153 1.30957611441 
1 0.358996493533 1.23057040599 
1.1 0.327385422909 1.15228022268 
1.2 0.301655824825 1.07589251553 
1.3 0.280744732163 1.00223666998 
1.4 0.263805580615 0.931863551474 
1.5 0.250165715647 0.865112329936 
1.6 0.23929159782 0.802162011565 
1.7 0.230760018468 0.743073293417 
1.8 0.224235231175 0.687820886366 
1.9 0.219450907195 0.636318252009 
2 0.216195947227 0.588436442406 
2.1 0.214303521033 0.544018243216 
2.2 0.213642216791 0.502889197418 
2.3 0.214109326861 0.46486547589 
2.4 0.215625651243 0.429759639193 
2.5 0.218131321163 0.397385054344 
2.6 0.221582596648 0.367558878947 
2.7 0.225949229608 0.340104326532 
2.8 0.231212478147 0.314852082284 
2.9 0.237363604253 0.291641143239 
3 0.244402584286 0.270319414846 
3.1 0.2523368559 0.250744264726 
3.2 0.261181135411 0.232781802629 
3.3 0.270956361079 0.216307366498 
3.4 0.281689436574 0.201205032003 
3.5 0.293412882498 0.187367329493 
3.6 0.306164501313 0.174694915045 
3.7 0.31998734951 0.163096088817 
3.8 0.334929466566 0.152486463871 
3.9 0.351043975363 0.142788497576 
4 0.368388983726 0.133931128126 
4.1 0.387027638898 0.125849363856 
4.2 0.407027911031 0.118483880118 
4.3 0.428463141531 0.111780780987 
4.4 0.451411817743 0.105691148761 
4.5 0.47595758968 0.10017074594 
4.6 0.502189627061 0.0951800192259 
4.7 0.530202461968 0.0906834755627 
4.8 0.560096101679 0.0866497881944 
4.9 0.591976102627 0.0830516506088 
5 0.625953614759 0.0798653320409 
5.1 0.6621450415 0.0770711748743 
5.2 0.700672267046 0.0746531222805 
5.3 0.741662325334 0.072598836521 
5.4 0.785246457032 0.0709003439661 
5.5 0.831560776035 0.0695533831892 
5.6 0.88074414726 0.0685585485242 
5.7 0.932937687432 0.0679214858 
5.8 0.988284631829 0.0676528322609 
5.9 1.04692501693 0.0677706605607 
6 1.10899726098 0.0682997199362 
6.1 1.17463402736 0.0692732009962 
6.2 1.24395385403 0.0707362985841 
6.3 1.31706028151 0.0727465329212 
6.4 1.39403194592 0.0753777831886 
6.5 1.47491740651 0.0787225002571 
6.6 1.55971586032 0.0828996349197 
6.7 1.64836577408 0.0880591721166 
6.8 1.74072468709 0.0943902660167 
6.9 1.83653880148 0.102133706228 
7 1.93541525978 0.111593066871 
7.1 2.03676826593 0.123156069522 
7.2 2.13976854723 0.13731456569 
7.3 2.24327427079 0.154691242938 
7.4 2.34574131637 0.176073195175 
7.5 2.44512156207 0.202447287455 
7.6 2.53875240696 0.235034113903 
7.7 2.62324288 0.275316054617 
7.8 2.6943860045 0.325034016726 
7.9 2.74715130372 0.386131895116 
8 2.77580661219 0.460610173219 
8.1 2.77429266984 0.550227282904 
8.2 2.73690493252 0.656032287225 
8.3 2.65934399296 0.777722081254 
8.4 2.53999720823 0.912952464503 
8.5 2.38111507474 1.05685170277 
8.6 2.18935364628 1.20208109446 
8.7 1.97523217977 1.33966458373 
8.8 1.75144772769 1.46050034005 
8.9 1.53056757309 1.55706908778 
9 1.32293450894 1.62471865466 
9.1 1.13549406856 1.6620769511 
9.2 0.971659251395 1.6706668549 
9.3 0.831948512173 1.65401585967 
9.4 0.714932153482 1.61667416409 
9.5 0.61812885434 1.56340779343 
9.6 0.538678792521 1.49866729107 
9.7 0.473769846687 1.42630740231 
9.8 0.420859993788 1.34949466687 
9.9 0.377766185904 1.27072537372 
10 0.342672399517 1.19190141973 
10.1 0.314098902378 1.11442591211 
10.2 0.290854684528 1.03929942545 
10.3 0.271988711702 0.967205623942 
10.4 0.256744688197 0.898584000771 
10.5 0.24452249698 0.833688784191 
10.6 0.234845720376 0.772636929109 
10.7 0.227336729403 0.715443195206 
10.8 0.221696094134 0.662049048571 
10.9 0.217686226795 0.612345169684 
11 0.215118945676 0.566187407224 
11.1 0.213845685582 0.523408991173 
11.2 0.213749901981 0.483829997694 
11.3 0.21474104731 0.447264206997 
11.4 0.216749763881 0.413524310786 
11.5 0.219724621896 0.382424941606 
11.6 0.223628673397 0.353786202873 
11.7 0.228437655723 0.32743472543 
11.8 0.234137811464 0.303205356322 
11.9 0.240724807206 0.280941426376 
12 0.248202441226 0.260495399398 
12.1 0.256581837197 0.241728925809 
12.2 0.265880819996 0.224512722552 
12.3 0.276123300685 0.208726483435 
12.4 0.287338980237 0.194258473838 
12.5 0.299562993908 0.18100528203 
12.6 0.312835693697 0.168871429792 
12.7 0.327202625034 0.157768819827 
12.8 0.342714394843 0.147616393034 
12.9 0.359426466811 0.138339951261 
13 0.377399452953 0.129871386818 
13.1 0.396698871312 0.12214860328 
13.2 0.417395397558 0.115114955584 
13.3 0.439564834189 0.10871901605 
13.4 0.463288211733 0.10291425971 
13.5 0.488651921411 0.0976587427662 
13.6 0.515747694203 0.0929149358694 
13.7 0.544672798408 0.0886494473239 
13.8 0.575529955542 0.0848329040482 
13.9 0.60842746184 0.0814397908264 
14 0.643479089392 0.0784483904555 
14.1 0.680803975132 0.0758407589041 
14.2 0.720526544318 0.0736027196278 
14.3 0.762775974894 0.0717240316552 
14.4 0.807686068084 0.0701984650949 
14.5 0.855394239131 0.0690241941985 
14.6 0.906040914718 0.0682040844738 
14.7 0.959768231961 0.0677462565917 
14.8 1.01671810344 0.067664900921 
14.9 1.07703086144 0.067980917382 
15 1.14084117061 0.0687235910957 
15.1 1.20827559038 0.0699316758909 
15.2 1.27944641435 0.0716559280525 
15.3 1.35444665632 0.0739612130043 
15.4 1.43334063611 0.0769303729677 
15.5 1.51615358642 0.0806684878447 
15.6 1.602858768 0.0853081428429 
15.7 1.69335603787 0.091018111774 
15.8 1.78745532741 0.0980100927326 
15.9 1.88483709408 0.106554651254 
16 1.98501745773 0.116995187567 
16.1 2.08730141557 0.129766513193 
16.2 2.19071549775 0.145421198332 
16.3 2.29393178228 0.164658658673 
16.4 2.39517113367 0.188359792814 
16.5 2.49209862584 0.217621899644 
16.6 2.58170401185 0.25379380545 
16.7 2.66020307816 0.298487109172 
16.8 2.72298077694 0.35355264177 
16.9 2.76462808963 0.420992109914 
17 2.77919261633 0.50273061277 
17.1 2.76067769465 0.600250537732 
17.2 2.70391999027 0.714022243551 
17.3 2.6057791926 0.842818487029 
17.4 2.46642530656 0.983084270977 
17.5 2.29026696791 1.12868299222 
17.6 2.08600644175 1.27131670912 
17.7 1.86550158598 1.40173188401 
17.8 1.64167772052 1.51140758222 
17.9 1.4262212767 1.59412366913 
18 1.22788486439 1.64684274268 
18.1 1.05183234119 1.6697088503 
18.2 0.8999479149 1.66535163138 
18.3 0.771667962451 1.63792111464 
18.4 0.664945867899 1.59215700635 
18.5 0.577045026372 1.53272075488 
18.6 0.505089550589 1.46379128941 
18.7 0.446382576343 1.38888743188 
18.8 0.398553371923 1.31083946697 
18.9 0.359601761483 1.23183962868 
19 0.327882504656 1.15353195282 
19.1 0.302064209395 1.07710988189 
19.2 0.281080048376 1.00340795744 
19.3 0.264080162239 0.932981436207 
19.4 0.250389574255 0.866172131999 
19.5 0.239472542518 0.803161399285 
19.6 0.230904368202 0.744011572474 
19.7 0.224348051672 0.68869860838 
19.8 0.219536252954 0.637136850895 
19.9 0.216257075803 0.589197957182 
20 0.214342942033 0.544725243841 
