Time Prey Predator
0.0  1.43454632799 1.50464006169
0.1 1.24997436952 1.5568219879 
0.2 1.0835038646 1.58273727804 
0.3 0.937525386986 1.58412393468 
0.4 0.812251699545 1.5641626554 
0.5 0.706445545936 1.52673457798 
0.6 0.618076510335 1.47583238199 
0.7 0.544820119542 1.41517212905 
0.8 0.484373072117 1.34798826901 
0.9 0.434630381996 1.27696020209 
1 0.393759807954 1.20422357315 
1.1 0.360216308262 1.13142568987 
1.2 0.33272238898 1.05979943126 
1.3 0.310235984726 0.990237544827 
1.4 0.29191410229 0.923361329429 
1.5 0.277078479213 0.859579231556 
1.6 0.265184423261 0.799137561437 
1.7 0.255795729155 0.742158126163 
1.8 0.24856323822 0.688670596943 
1.9 0.243207745424 0.638637167248 
2 0.239506336693 0.591971693919 
2.1 0.237281579052 0.548554310252 
2.2 0.236392903766 0.508242766962 
2.3 0.236729744115 0.470881062889 
2.4 0.238206062266 0.436306011633 
2.5 0.240756729979 0.404351074492 
2.6 0.244333256121 0.374851429342 
2.7 0.24890167645 0.347645549298 
2.8 0.25444026501 0.322577219743 
2.9 0.260937925354 0.299496734862 
3 0.268392862691 0.278261714819 
3.1 0.276811539733 0.2587375626 
3.2 0.286207810276 0.240797718731 
3.3 0.296602293747 0.224323683532 
3.4 0.308022061133 0.209204606867 
3.5 0.320499840988 0.195337796913 
3.6 0.334074184226 0.18262774313 
3.7 0.348788890261 0.170986323749 
3.8 0.364693090474 0.160332167562 
3.9 0.381841046821 0.150590456914 
4 0.400292119551 0.141692564023 
4.1 0.420110776066 0.13357567525 
4.2 0.441366521444 0.126182576512 
4.3 0.464134002837 0.119461244722 
4.4 0.48849291973 0.1133646771 
4.5 0.514528152447 0.107850563235 
4.6 0.542329660758 0.102881152706 
4.7 0.571992556839 0.0984230217254 
4.8 0.603616895683 0.0944470149549 
4.9 0.637307824954 0.0909280444837 
5 0.673175408831 0.0878450538186 
5.1 0.711333734844 0.085181348601 
5.2 0.751901539238 0.0829241478817 
5.3 0.795001240468 0.0810649858987 
5.4 0.840757189594 0.0796005561857 
5.5 0.889296958712 0.0785318585125 
5.6 0.940748530653 0.0778654946433 
5.7 0.995237597534 0.0776148761502 
5.8 1.05288785504 0.0777999159052 
5.9 1.11381513627 0.0784494272315 
6 1.17812776189 0.0796009845643 
6.1 1.24591777615 0.0813045014554 
6.2 1.31725622474 0.0836241346467 
6.3 1.39218446496 0.0866416168316 
6.4 1.4707068517 0.0904591846382 
6.5 1.55277252778 0.0952068600884 
6.6 1.63826549471 0.101046357131 
6.7 1.72697574531 0.108182300939 
6.8 1.81857502977 0.116871703477 
6.9 1.91258380105 0.127436802329 
7 2.00832459587 0.140282791117 
7.1 2.10487193255 0.155916558655 
7.2 2.20098182994 0.174972051381 
7.3 2.29501803314 0.19823495825 
7.4 2.38486854818 0.226668780272 
7.5 2.46785178079 0.261436577977 
7.6 2.5406494363 0.30390486934 
7.7 2.59927227312 0.355612005616 
7.8 2.63910891443 0.418190135978 
7.9 2.65513804007 0.493175798728 
8 2.64232462986 0.58172453753 
8.1 2.59629484284 0.684178479329 
8.2 2.51423606683 0.799552677915 
8.3 2.39588071614 0.925057776796 
8.4 2.24427073222 1.05586974769 
8.5 2.06591724913 1.18537935913 
8.6 1.87012895249 1.30599767868 
8.7 1.66756658615 1.41038597795 
8.8 1.46847498598 1.49271459646 
8.9 1.28118223395 1.54953075999 
9 1.11129760788 1.57998395496 
9.1 0.961656551742 1.58548168901 
9.2 0.832806763581 1.56900370285 
9.3 0.723715317349 1.53435472623 
9.4 0.632450713346 1.48554167434 
9.5 0.55671103479 1.42634966171 
9.6 0.494173728824 1.3601055223 
9.7 0.442691927135 1.28958653948 
9.8 0.400383754065 1.21702043195 
9.9 0.365653160889 1.14413635847 
10 0.337178108552 1.07223399018 
10.1 0.313878025763 1.00226047041 
10.2 0.294877653295 0.934880121953 
10.3 0.279472105809 0.870535314572 
10.4 0.267095213033 0.80949738633 
10.5 0.2572934405 0.751907434746 
10.6 0.249703715265 0.69780941536 
10.7 0.24403565911 0.64717587491 
10.8 0.240057370674 0.5999279498 
10.9 0.237584117431 0.555950814501 
11 0.236469379112 0.51510551799 
11.1 0.23659767579 0.477238084116 
11.2 0.237879194147 0.442185902867 
11.3 0.24024515878 0.409783156241 
11.4 0.243644457368 0.379864378459 
11.5 0.248040650034 0.352267422156 
11.6 0.253410069479 0.326834929071 
11.7 0.259739838554 0.303416022005 
11.8 0.267026604207 0.281867007049 
11.9 0.275275471528 0.262051866534 
12 0.284499041024 0.243842635281 
12.1 0.294716837555 0.227119328 
12.2 0.305954722937 0.211769961714 
12.3 0.318244465804 0.197690402042 
12.4 0.331623632838 0.184783838467 
12.5 0.346135133166 0.172960837681 
12.6 0.361827141073 0.162138921021 
12.7 0.378753060936 0.152242106523 
12.8 0.39697132495 0.143200750208 
12.9 0.416545535719 0.134951006276 
13 0.437544289278 0.12743472633 
13.1 0.460041342936 0.120598976606 
13.2 0.484115500528 0.114395899094 
13.3 0.509850735092 0.108782381159 
13.4 0.537336118675 0.103719882413 
13.5 0.566665860952 0.099174228276 
13.6 0.597939233224 0.0951154970631 
13.7 0.631260481802 0.0915178919122 
13.8 0.666738665226 0.0883597233922 
13.9 0.704487317544 0.0856234354532 
14 0.744624527141 0.0832955245061 
14.1 0.787271665083 0.0813670002972 
14.2 0.832553223962 0.0798333860507 
14.3 0.880596494811 0.0786948048732 
14.4 0.931528154508 0.077957475629 
14.5 0.985475433175 0.0776330862115 
14.6 1.04256319857 0.077740006742 
14.7 1.10290860691 0.0783055605328 
14.8 1.16662114619 0.0793658969846 
14.9 1.23379487642 0.0809690845667 
15 1.30450706642 0.083175694321 
15.1 1.37880480212 0.0860641846081 
15.2 1.4566990514 0.0897332336473 
15.3 1.53814983045 0.0943074871835 
15.4 1.62305339406 0.0999426965742 
15.5 1.7112173571 0.106835559243 
15.6 1.80233926516 0.115231976876 
15.7 1.89596707915 0.125442343863 
15.8 1.9914616771 0.137855926652 
15.9 2.08794455335 0.152960439477 
16 2.1842342496 0.171365271422 
16.1 2.2787685671 0.193828018993 
16.2 2.36952395597 0.221279218275 
16.3 2.45392664576 0.254845692357 
16.4 2.5287724597 0.295858627289 
16.5 2.59018687079 0.345833816373 
16.6 2.63366405178 0.406391186979 
16.7 2.6542261166 0.479105981417 
16.8 2.64680265308 0.565225685001 
16.9 2.60684426305 0.665270633222 
17 2.53119493352 0.778525301955 
17.1 2.41907536721 0.902543245511 
17.2 2.272915208 1.03285453259 
17.3 2.09864113052 1.16312047339 
17.4 1.90515902477 1.2858427456 
17.5 1.70301764163 1.39354373494 
17.6 1.5026578566 1.48005086557 
17.7 1.31282061056 1.54146352651 
17.8 1.13961640543 1.57648392083 
17.9 0.986341521265 1.58616897238 
18 0.853895509933 1.57327800918 
18.1 0.741470052359 1.5415214081 
18.2 0.647247631782 1.49490679714 
18.3 0.568961923499 1.43727912929 
18.4 0.504275714716 1.37205581198 
18.5 0.451002532481 1.302112248 
18.6 0.407211133924 1.22976957239 
18.7 0.37125648604 1.15683871573 
18.8 0.341770482568 1.08468922749 
18.9 0.317632921028 1.01432474184 
19 0.297935089268 0.946454569386 
19.1 0.281944556577 0.881556043935 
19.2 0.269073046534 0.81992712856 
19.3 0.258849145633 0.761728973683 
19.4 0.250895006067 0.707021162241 
19.5 0.244908613744 0.6557870751 
19.6 0.24064893841 0.607955030267 
19.7 0.237923759461 0.563415594122 
19.8 0.236580371256 0.522033548384 
19.9 0.236498342317 0.483656921219 
20 0.237583660995 0.448124276231 
