Time Prey Predator
0.0  1.23205877629 1.09250039551
0.1 1.1368040625 1.11279578271 
0.2 1.04678377831 1.12300325483 
0.3 0.963212515703 1.12349945296 
0.4 0.886794028083 1.1150352761 
0.5 0.817802938101 1.09861828713 
0.6 0.756184950598 1.07539881577 
0.7 0.701648432131 1.04657830728 
0.8 0.653751403925 1.01333243684 
0.9 0.611973773336 0.976756730109 
1 0.575762355291 0.937841250492 
1.1 0.544570112209 0.897450490061 
1.2 0.517878458022 0.856320843643 
1.3 0.495210381663 0.815065264691 
1.4 0.476137142009 0.774182291586 
1.5 0.460279062453 0.734068877264 
1.6 0.447304564089 0.695032948176 
1.7 0.436927033907 0.657306369527 
1.8 0.428900954469 0.62105701356 
1.9 0.423017681358 0.586399683732 
2 0.419101326481 0.553405480418 
2.1 0.417004742599 0.522111526495 
2.2 0.416606158248 0.492525944482 
2.3 0.417805634201 0.464636018634 
2.4 0.42052278919 0.438411396707 
2.5 0.424693974437 0.413809662062 
2.6 0.430270382371 0.390779079011 
2.7 0.437216300246 0.369261411061 
2.8 0.445507323949 0.349194693194 
2.9 0.455129422809 0.330514299212 
3 0.466077415834 0.313155227623 
3.1 0.478354337334 0.297052591292 
3.2 0.491970379117 0.282142979606 
3.3 0.506942235307 0.268365017145 
3.4 0.523292471087 0.255659880835 
3.5 0.541048854138 0.243971880122 
3.6 0.560243908794 0.233248579025 
3.7 0.580914141201 0.223441574456 
3.8 0.603099810732 0.214505970034 
3.9 0.626844200524 0.206401115217 
4 0.652193041591 0.199090523169 
4.1 0.679193977171 0.192542112688 
4.2 0.707895690497 0.186728380128 
4.3 0.738347201923 0.181626519612 
4.4 0.770596917839 0.177218714913 
4.5 0.804691289788 0.173492405062 
4.6 0.840674005392 0.170440520178 
4.7 0.878583539561 0.168062118809 
4.8 0.918452522124 0.166362532023 
4.9 0.960303904151 0.165354469001 
5 1.00415015854 0.165058188527 
5.1 1.0499880507 0.165503044195 
5.2 1.09779684689 0.166727962751 
5.3 1.14753207582 0.168783267286 
5.4 1.19912122216 0.171731924595 
5.5 1.25245748026 0.175651308179 
5.6 1.30739063854 0.180635816969 
5.7 1.3637220969 0.186798208328 
5.8 1.42118915037 0.194273814223 
5.9 1.47946149561 0.203221510479 
6 1.53812028576 0.213828509448 
6.1 1.59664916685 0.226312352933 
6.2 1.6544188315 0.240923175724 
6.3 1.71067378924 0.257945151436 
6.4 1.76451711324 0.277696450315 
6.5 1.81490361924 0.300525144905 
6.6 1.86063586619 0.326800692752 
6.7 1.90037339002 0.356899398505 
6.8 1.9326531413 0.39118199994 
6.9 1.95593849726 0.429955629048 
7 1.96868296222 0.473430903449 
7.1 1.96943204738 0.521660204054 
7.2 1.95694808021 0.574471028044 
7.3 1.93035521392 0.631397341234 
7.4 1.88928786189 0.691622375757 
7.5 1.83402040293 0.753946797104 
7.6 1.76553828518 0.816809139038 
7.7 1.68553837769 0.878352343364 
7.8 1.59633222263 0.936554825706 
7.9 1.50066396097 0.989401116633 
8 1.40146921944 1.03506877158 
8.1 1.3016186133 1.07209572652 
8.2 1.20369177136 1.09949823364 
8.3 1.10981632779 1.11682170417 
8.4 1.02158700996 1.12412383985 
8.5 0.94006020442 1.12190361765 
8.6 0.865805807832 1.11099751129 
8.7 0.798992915896 1.09246494775 
8.8 0.739487667585 1.06748053584 
8.9 0.6869472271 1.03724398209 
9 0.640900178184 1.0029126467 
9.1 0.600811111802 0.965554431805 
9.2 0.566126061265 0.926122972569 
9.3 0.536304554253 0.885445142682 
9.4 0.510839267249 0.844220402623 
9.5 0.489266941729 0.803027050878 
9.6 0.47117299133 0.762332713698 
9.7 0.456192033037 0.722506843644 
9.8 0.444006245398 0.683833631755 
9.9 0.43434145539 0.646525071686 
10 0.426963360044 0.610732431981 
10.1 0.421673309825 0.576556881868 
10.2 0.418304207881 0.544058805374 
10.3 0.416716683086 0.513265829833 
10.4 0.416795672732 0.484179531117 
10.5 0.418447331126 0.456781322272 
10.6 0.421596219022 0.431037621351 
10.7 0.426183381755 0.406902288195 
10.8 0.432163991381 0.384321476932 
10.9 0.439505836905 0.363235639346 
11 0.448187700338 0.343581903594 
11.1 0.458198231469 0.325295445629 
11.2 0.469534768247 0.30831116519 
11.3 0.482202490693 0.292564556484 
11.4 0.496213586542 0.277992729727 
11.5 0.511586535247 0.264535011755 
11.6 0.528345467808 0.252133485312 
11.7 0.546519531427 0.240733501022 
11.8 0.566142523431 0.23028366132 
11.9 0.587252173688 0.220736404037 
12 0.609889602458 0.212048255734 
12.1 0.634098983091 0.204179628942 
12.2 0.659926580103 0.197095446706 
12.3 0.687420479875 0.19076486449 
12.4 0.716629531267 0.185161757565 
12.5 0.747602662448 0.180264788464 
12.6 0.780387908678 0.176057592548 
12.7 0.815030962219 0.172529249976 
12.8 0.851574256126 0.169674381743 
12.9 0.890054719622 0.167493857607 
13 0.930502357119 0.165995111722 
13.1 0.972937548496 0.165192915093 
13.2 1.01736817303 0.165110204334 
13.3 1.06378688309 0.165778832908 
13.4 1.11216602441 0.167241066594 
13.5 1.1624538575 0.169550669682 
13.6 1.21456819816 0.1727747156 
13.7 1.26839061367 0.176995278382 
13.8 1.32375772831 0.182311835925 
13.9 1.38045291253 0.188843625221 
14 1.43819551417 0.196732364918 
14.1 1.49662913614 0.20614530144 
14.2 1.55530900533 0.217277980294 
14.3 1.61368726413 0.230357188514 
14.4 1.67109906089 0.245643216277 
14.5 1.72674884968 0.263429843331 
14.6 1.77969595964 0.284045382029 
14.7 1.82885230687 0.307843968253 
14.8 1.87297396304 0.335201156197 
14.9 1.910683582 0.366490101812 
15 1.94049198272 0.402059369404 
15.1 1.96085023414 0.442194055342 
15.2 1.97022466024 0.487066038513 
15.3 1.96721268361 0.536667961992 
15.4 1.9506664024 0.590748413787 
15.5 1.91984466794 0.648743381204 
15.6 1.8745579087 0.709725660426 
15.7 1.8152831177 0.772386666017 
15.8 1.74322061592 0.83506610407 
15.9 1.66025973708 0.895844773978 
16 1.56886133826 0.952683365011 
16.1 1.47185209746 1.00360391771 
16.2 1.37217464056 1.04687382249 
16.3 1.27263587069 1.08116110984 
16.4 1.17569632792 1.10563515203 
16.5 1.08333236196 1.1199960115 
16.6 0.996978548022 1.12443996513 
16.7 0.917541389431 1.11957652724 
16.8 0.84546354558 1.1063193552 
16.9 0.78081512954 1.08577216619 
17 0.723391791733 1.05912530952 
17.1 0.672805495703 1.02757199079 
17.2 0.628560389483 0.992247099346 
17.3 0.590111263961 0.954187481031 
17.4 0.556905421667 0.914310197213 
17.5 0.528410513112 0.873404487482 
17.6 0.504131428644 0.832133329692 
17.7 0.483619207962 0.791041170403 
17.8 0.466473089685 0.750566247056 
17.9 0.452342032421 0.711051464964 
18 0.440921306754 0.672758554875 
18.1 0.431948935319 0.635880451653 
18.2 0.425201538646 0.600552692668 
18.3 0.420490121841 0.566863595587 
18.4 0.417656154123 0.534863164321 
18.5 0.416567667403 0.504570754539 
18.6 0.417116073363 0.475981565032 
18.7 0.419213220452 0.449071929679 
18.8 0.422788801583 0.423804081653 
18.9 0.427788141255 0.400129612323 
19 0.434170267527 0.377992829065 
19.1 0.441906317309 0.357332940782 
19.2 0.450978082638 0.338086307635 
19.3 0.461376852346 0.320187904954 
19.4 0.473102379484 0.303572658429 
19.5 0.486161960683 0.288176503301 
19.6 0.50056969636 0.27393711422 
19.7 0.516345721848 0.260794685729 
19.8 0.533515818135 0.248691973391 
19.9 0.552110520672 0.237575310597 
20 0.572164804483 0.227394504539 
