Time Prey Predator
0.0  0.936198382289 1.67378533101
0.1 0.801553432367 1.65165907222 
0.2 0.689242355488 1.60985495115 
0.3 0.596604264884 1.55314895096 
0.4 0.520725538819 1.48590383044 
0.5 0.458815786782 1.41184166794 
0.6 0.408394183982 1.3339829699 
0.7 0.367350639084 1.2546869451 
0.8 0.333942040098 1.17573495899 
0.9 0.306754365623 1.09842950863 
1 0.284653415291 1.02368957065 
1.1 0.266735115532 0.952134403947 
1.2 0.252281510812 0.884153354 
1.3 0.240723290999 0.819962396839 
1.4 0.231609259956 0.759648610112 
1.5 0.224581445445 0.703205517326 
1.6 0.219355534431 0.650559908637 
1.7 0.21570747385 0.601589117347 
1.8 0.213459190233 0.556141152522 
1.9 0.212470398056 0.514043934482 
2 0.212631280725 0.475114025549 
2.1 0.213856771696 0.439163028512 
2.2 0.216082179387 0.40600261424 
2.3 0.219259674207 0.375447638597 
2.4 0.223355489402 0.34731867746 
2.5 0.228348065624 0.321443193841 
2.6 0.234226002933 0.297657191051 
2.7 0.24098698301 0.275805476204 
2.8 0.248636512498 0.255742175807 
2.9 0.257187364107 0.237330453353 
3 0.26665869714 0.220442788438 
3.1 0.277075779004 0.204960435267 
3.2 0.288469482211 0.190773339083 
3.3 0.300876097852 0.17777963216 
3.4 0.314337107644 0.165885285456 
3.5 0.328899068985 0.155003698899 
3.6 0.344613553073 0.145055273138 
3.7 0.361537067943 0.135967047425 
3.8 0.37973121621 0.127672144537 
3.9 0.399262623365 0.12010951466 
4 0.420202899455 0.113223696431 
4.1 0.442628970092 0.106964226073 
4.2 0.46662290973 0.101285545827 
4.3 0.492272168244 0.09614663748 
4.4 0.519669675168 0.0915107686195 
4.5 0.548913755942 0.0873453835556 
4.6 0.580108389131 0.0836218384419 
4.7 0.613363043652 0.0803153493289 
4.8 0.648792685922 0.0774049070199 
4.9 0.686517811676 0.0748732115039 
5 0.726663928011 0.0727068034154 
5.1 0.76936160076 0.0708960631418 
5.2 0.814745802188 0.069435459428 
5.3 0.862955023275 0.0683239059118 
5.4 0.914131007868 0.0675649452578 
5.5 0.96841661312 0.06716760894 
5.6 1.02595470857 0.0671469415027 
5.7 1.08688591094 0.0675249817393 
5.8 1.15134490462 0.0683322899829 
5.9 1.21945824119 0.069608952223 
6 1.29133673083 0.0714076839406 
6.1 1.36707153289 0.0737955176273 
6.2 1.44672396443 0.0768579765787 
6.3 1.53031337187 0.0807040244255 
6.4 1.61780782105 0.0854699258277 
6.5 1.70909719685 0.0913301354061 
6.6 1.80397337414 0.0985053789152 
6.7 1.90209986991 0.10727496991 
6.8 2.00296989262 0.117993617079 
6.9 2.1058511922 0.131113321831 
7 2.20972501136 0.14720709596 
7.1 2.31320220822 0.167001002798 
7.2 2.4144273197 0.191408621647 
7.3 2.51096751635 0.221567929223 
7.4 2.59969384063 0.25887358254 
7.5 2.676682417 0.30498788953 
7.6 2.7371638912 0.361810677361 
7.7 2.77559121485 0.431369373122 
7.8 2.78590616858 0.515582702541 
7.9 2.76210946998 0.615850783124 
8 2.69919087918 0.732461937786 
8.1 2.59436943609 0.863887954052 
8.2 2.44838333226 1.00617548726 
8.3 2.26634394683 1.15276280752 
8.4 2.05761531465 1.29503080899 
8.5 1.83449404359 1.42362285436 
8.6 1.60999900264 1.53018283765 
8.7 1.39556621126 1.60888392635 
8.8 1.19948415945 1.6571752118 
8.9 1.02639460168 1.67565860075 
9 0.877726382191 1.66730707354 
9.1 0.752594670229 1.6364645606 
9.2 0.648759535124 1.58794455187 
9.3 0.563397257921 1.52639235176 
9.4 0.493612698138 1.45592249232 
9.5 0.436729417988 1.37996728154 
9.6 0.390416422362 1.30126621185 
9.7 0.352718411028 1.2219280835 
9.8 0.322034111961 1.14352427723 
9.9 0.297071150441 1.06718797848 
10 0.276796075621 0.993704935129 
10.1 0.260386755955 0.923591684752 
10.2 0.247190870578 0.857159741089 
10.3 0.236691199143 0.794567198446 
10.4 0.228477328899 0.735859431 
10.5 0.222224565622 0.68099799852 
10.6 0.217675115302 0.629887451693 
10.7 0.214624721933 0.582392410667 
10.8 0.212912001255 0.538351028783 
10.9 0.212410045668 0.497585470219 
11 0.213019902346 0.459909621912 
11.1 0.214665334281 0.425134773023 
11.2 0.217289039716 0.393073414917 
11.3 0.220849366669 0.363542404743 
11.4 0.225317865691 0.336365021599 
11.5 0.230677233723 0.311372390358 
11.6 0.236920040278 0.288403974172 
11.7 0.244047248754 0.267308468669 
11.8 0.25206748583 0.247943683513 
11.9 0.260996220177 0.23017668872 
12 0.27085518998 0.213883622841 
12.1 0.28167202334 0.198949361338 
12.2 0.2934798512 0.185267286204 
12.3 0.306317094948 0.172738860274 
12.4 0.320227339453 0.161273179791 
12.5 0.335259324246 0.150786444125 
12.6 0.351466591711 0.14120194591 
12.7 0.368907821275 0.132449226887 
12.8 0.387646612836 0.124463950914 
12.9 0.407751649844 0.11718741817 
13 0.42929676056 0.110566224096 
13.1 0.452360932697 0.104552013531 
13.2 0.477028512047 0.0991010909022 
13.3 0.503389159522 0.0941742598279 
13.4 0.531538052293 0.0897365342596 
13.5 0.561575849883 0.0857569875235 
13.6 0.593608777913 0.0822085924249 
13.7 0.627748631795 0.0790681166609 
13.8 0.664112621765 0.0763161000293 
13.9 0.702823400465 0.073936804253 
14 0.7440085817 0.0719183510324 
14.1 0.787800627421 0.0702527800186 
14.2 0.834336069889 0.0689363530892 
14.3 0.883754835799 0.0679698543028 
14.4 0.936199342197 0.0673590040466 
14.5 0.991812553445 0.0671152648733 
14.6 1.05073695749 0.0672563510878 
14.7 1.11311096147 0.067807714142 
14.8 1.1790665713 0.0688035739532 
14.9 1.24872426036 0.0702890511946 
15 1.32218785313 0.0723223090652 
15.1 1.39953734137 0.0749775386669 
15.2 1.48081785882 0.078349470832 
15.3 1.56603036538 0.082557227263 
15.4 1.65511032604 0.0877529706699 
15.5 1.74791426335 0.0941274179949 
15.6 1.84418538306 0.101923743976 
15.7 1.94351932053 0.111451395718 
15.8 2.04532335746 0.123102364661 
15.9 2.14875700033 0.137374700729 
16 2.25265923806 0.154900852266 
16.1 2.35546032236 0.176479994378 
16.2 2.45508016325 0.203114140132 
16.3 2.54881101365 0.236044633977 
16.4 2.63320548294 0.276777638674 
16.5 2.70399260155 0.32707906477 
16.6 2.75606055165 0.388923933421 
16.7 2.78360651302 0.464329847939 
16.8 2.78050687236 0.555062534828 
16.9 2.74103627195 0.662143826334 
17 2.66094540925 0.785196874834 
17.1 2.53876951643 0.921744197963 
17.2 2.37699353765 1.06674268145 
17.3 2.18257217275 1.21266473145 
17.4 1.96630799859 1.35038956162 
17.5 1.74108797332 1.47076295449 
17.6 1.51952724043 1.56632581463 
17.7 1.3118901239 1.63256646382 
17.8 1.12495527742 1.66829996313 
17.9 0.961947214064 1.67522381776 
18 0.823219679765 1.65699785179 
18.1 0.707217916252 1.6182570115 
18.2 0.611380562101 1.56380737924 
18.3 0.53280588235 1.4981050059 
18.4 0.468665109517 1.424990506 
18.5 0.416416054932 1.34760551979 
18.6 0.373883083431 1.26841883358 
18.7 0.339261864917 1.18930469455 
18.8 0.311084872737 1.11164145794 
18.9 0.288173023782 1.03640806016 
19 0.269585843336 0.964270162328 
19.1 0.254576198017 0.895652484344 
19.2 0.242551286764 0.830797585147 
19.3 0.23304135975 0.769812237786 
19.4 0.225673930117 0.712703854384 
19.5 0.220153611574 0.659408441455 
19.6 0.216246265038 0.609811950135 
19.7 0.21376656369 0.5637664731 
19.8 0.212568298506 0.521102495753 
19.9 0.212536794194 0.481638016352 
20 0.213582972856 0.445185336357 
