Time Prey Predator
0.0  1.41865562405 1.41709159743
0.1 1.25103702035 1.46519416347 
0.2 1.09782146118 1.49077698757 
0.3 0.961481752299 1.4949837193 
0.4 0.842693735207 1.48020124929 
0.5 0.740851751358 1.4494995567 
0.6 0.654560287724 1.40616817698 
0.7 0.582060066331 1.3533623768 
0.8 0.521492835198 1.29392213375 
0.9 0.471089574573 1.23026485038 
1 0.429257626973 1.1643716321 
1.1 0.39461524459 1.09781367591 
1.2 0.365993378948 1.03180041023 
1.3 0.342418340576 0.967236072683 
1.4 0.323088336295 0.904774199993 
1.5 0.307347914994 0.844867336168 
1.6 0.294664013663 0.787809275712 
1.7 0.28460401262 0.733772220403 
1.8 0.276818130271 0.682833863379 
1.9 0.271023960589 0.635001617408 
2 0.266994047974 0.590231051703 
2.1 0.264545930623 0.548440201031 
2.2 0.263534087069 0.509520721169 
2.3 0.263843281364 0.473346877842 
2.4 0.265383471625 0.439782043003 
2.5 0.268085302366 0.408684306773 
2.6 0.271897329258 0.379909383257 
2.7 0.276782936428 0.353314153335 
2.8 0.282718283647 0.328758633767 
2.9 0.289690741699 0.306107243265 
3 0.297697373743 0.285230062875 
3.1 0.30674386836 0.266003470273 
3.2 0.316843770043 0.248310439971 
3.3 0.328017797474 0.232040762925 
3.4 0.340292940187 0.217091508903 
3.5 0.353702598948 0.203366305901 
3.6 0.368285827456 0.190775652925 
3.7 0.384087361975 0.179236517913 
3.8 0.401157200784 0.168672272176 
3.9 0.419550648184 0.159012314374 
4 0.439328057849 0.150191892129 
4.1 0.460554864421 0.142151809103 
4.2 0.483301432382 0.134838185281 
4.3 0.507643047493 0.128202255573 
4.4 0.533659819426 0.122200132196 
4.5 0.561436553592 0.116792761481 
4.6 0.591062719653 0.111945544476 
4.7 0.622632368479 0.107628129316 
4.8 0.656243489392 0.10381495713 
4.9 0.691997982503 0.100484977537 
5 0.730001852251 0.097621071003 
5.1 0.770364091871 0.0952106806779 
5.2 0.813194730553 0.0932468974581 
5.3 0.85860616497 0.0917273353861 
5.4 0.906710023515 0.0906554706732 
5.5 0.957616023262 0.090041022526 
5.6 1.01143213311 0.0898997920615 
5.7 1.06825776577 0.0902565159532 
5.8 1.12818290466 0.0911451173131 
5.9 1.19128268364 0.0926106193391 
6 1.25761355756 0.0947106142456 
6.1 1.32720453141 0.097518727832 
6.2 1.40004827674 0.101128039932 
6.3 1.47609331841 0.105653953532 
6.4 1.55522234923 0.111242372265 
6.5 1.63723949885 0.118074551151 
6.6 1.72184943186 0.126374952313 
6.7 1.80862331548 0.136423817229 
6.8 1.8969705455 0.14856744966 
6.9 1.98609027658 0.163235405027 
7 2.07492685457 0.180955613798 
7.1 2.162104901 0.202375272544 
7.2 2.24587092758 0.228276714719 
7.3 2.3240275941 0.259590935283 
7.4 2.39387826193 0.297401147815 
7.5 2.45220366938 0.342918297085 
7.6 2.49528972748 0.397426211812 
7.7 2.51906197688 0.46215629964 
7.8 2.51934570669 0.538094605494 
7.9 2.49231081456 0.625691628492 
8 2.43508723668 0.724504074496 
8.1 2.34648349273 0.832829385834 
8.2 2.22764529652 0.947452939357 
8.3 2.08240524054 1.06366751195 
8.4 1.9171111652 1.17566611524 
8.5 1.73986393236 1.27729832635 
8.6 1.559321056 1.36301310278 
8.7 1.38343024676 1.4287012807 
8.8 1.21846316965 1.47218544239 
8.9 1.0685670594 1.49326022057 
9 0.935810164839 1.49336795067 
9.1 0.820567394685 1.47507529531 
9.2 0.722033120389 1.44153124167 
9.3 0.638711007263 1.39601833605 
9.4 0.568797780865 1.34164443582 
9.5 0.510445073832 1.28116486622 
9.6 0.4619150509 1.21690740337 
9.7 0.42165719855 1.1507660006 
9.8 0.388332935183 1.08423467458 
9.9 0.360814730935 1.01845573963 
10 0.338166312456 0.954277644565 
10.1 0.319617942664 0.892309025191 
10.2 0.304541096458 0.83296681555 
10.3 0.29242480311 0.776517557829 
10.4 0.282854793446 0.723111611085 
10.5 0.27549615928 0.672810696231 
10.6 0.270078694446 0.625610280104 
10.7 0.266384952307 0.581457161925 
10.8 0.26424063035 0.54026317781 
10.9 0.263506823244 0.501915906909 
11 0.264073809475 0.466286953783 
11.1 0.265856016423 0.433238348334 
11.2 0.268788030124 0.402627353557 
11.3 0.272821734718 0.374309532385 
11.4 0.277923180941 0.348142475633 
11.5 0.284071031084 0.323986889655 
11.6 0.291254681507 0.301708367451 
11.7 0.2994730252 0.2811782565 
11.8 0.308733461129 0.262274191523 
11.9 0.319050960214 0.244880654288 
12 0.330447547403 0.228888925132 
12.1 0.342951654479 0.214197295667 
12.2 0.356597811118 0.200710865753 
12.3 0.37142628471 0.188341469963 
12.4 0.387482809086 0.177007507787 
12.5 0.404818551605 0.166633509244 
12.6 0.423489870517 0.157150039439 
12.7 0.443558111864 0.148493598431 
12.8 0.46508978359 0.140606023571 
12.9 0.488156204813 0.133434571453 
13 0.512833683761 0.126931445996 
13.1 0.539203291473 0.12105375 
13.2 0.567350830302 0.115763276008 
13.3 0.597366749699 0.111026327183 
13.4 0.629345826848 0.106813722409 
13.5 0.663387146787 0.103100632849 
13.6 0.699593513948 0.0998667002802 
13.7 0.738071245719 0.0970960186187 
13.8 0.778929420232 0.0947773372311 
13.9 0.822279076274 0.0929043051319 
14 0.868232444906 0.0914757232059 
14.1 0.916901061762 0.0904962094573 
14.2 0.968394817209 0.0899765650007 
14.3 1.02281890414 0.0899348994206 
14.4 1.08027162904 0.0903974742609 
14.5 1.14084074574 0.0914001014605 
14.6 1.20459796333 0.092990218939 
14.7 1.27159521032 0.0952283540315 
14.8 1.34185447895 0.0981919611797 
14.9 1.41536055676 0.101978210337 
15 1.49204752575 0.10670909002 
15.1 1.57178609472 0.112536220053 
15.2 1.65436173156 0.119649069967 
15.3 1.73945397518 0.128282750375 
15.4 1.82660425531 0.138729735703 
15.5 1.9151818591 0.151352375686 
15.6 2.00433887564 0.166598481182 
15.7 2.0929575743 0.185019571255 
15.8 2.17959379984 0.207287663928 
15.9 2.26240690405 0.234215048574 
16 2.33909828184 0.266767419533 
16.1 2.40686643424 0.306054388426 
16.2 2.46238558308 0.353308814677 
16.3 2.50185498289 0.409814603475 
16.4 2.52115106631 0.476773049201 
16.5 2.51612931242 0.555085812644 
16.6 2.48309826203 0.64505257277 
16.7 2.41947478065 0.745998510002 
16.8 2.32450023854 0.855924851198 
16.9 2.19985510841 0.971299769763 
17 2.04992136018 1.08714515891 
17.1 1.88148745627 1.19751177591 
17.2 1.70287288605 1.29629518072 
17.3 1.52268456498 1.37818246489 
17.4 1.34858810101 1.43943482306 
17.5 1.18644193789 1.47828694971 
17.6 1.03995004561 1.49490633991 
17.7 0.910796152977 1.49101082894 
17.8 0.799070858758 1.46932838499 
17.9 0.703790137154 1.43306763754 
18 0.623367297206 1.38549648957 
18.1 0.555971414579 1.32966174361 
18.2 0.499767109533 1.26823429732 
18.3 0.453050618316 1.20345196462 
18.4 0.414313939603 1.13712316316 
18.5 0.382263472508 1.07066466449 
18.6 0.355812550077 1.00515426107 
18.7 0.334061061539 0.941387033875 
18.8 0.316270283625 0.879928616013 
18.9 0.301837636143 0.82116205445 
19 0.290273478379 0.765327569053 
19.1 0.28118117525 0.712555304402 
19.2 0.274240140075 0.662891841359 
19.3 0.26919182665 0.616321413732 
19.4 0.265828333183 0.572782644064 
19.5 0.263983168748 0.532181602762 
19.6 0.263523866523 0.494402026269 
19.7 0.264346040381 0.459313081737 
19.8 0.266368554078 0.426775462819 
19.9 0.269529823774 0.396645742881 
20 0.273784667697 0.368779999368 
