Time Prey Predator
0.0  1.66187653751 1.29875452695
0.1 1.48604953625 1.37543990762 
0.2 1.31706724231 1.43167881575 
0.3 1.16026411262 1.46608427124 
0.4 1.018918056 1.47907424021 
0.5 0.894433336303 1.47247089005 
0.6 0.786759561982 1.44898724964 
0.7 0.694880101189 1.41173767969 
0.8 0.617244459657 1.36385636264 
0.9 0.552095259994 1.30824530545 
1 0.497683840685 1.24743894056 
1.1 0.452389058727 1.18355934064 
1.2 0.414778480825 1.11831817258 
1.3 0.383622777544 1.05305631463 
1.4 0.357887743206 0.988794104349 
1.5 0.336715355025 0.926284335873 
1.6 0.319399644671 0.866062789043 
1.7 0.305363922952 0.808491654688 
1.8 0.294138722284 0.753797518205 
1.9 0.285343058098 0.702102244811 
2 0.278668487114 0.653448087791 
2.1 0.273865929174 0.607817787984 
2.2 0.270734894812 0.565150481523 
2.3 0.269114648284 0.525354344794 
2.4 0.268877541134 0.488315523691 
2.5 0.269922798232 0.453906817414 
2.6 0.27217254547 0.421992315499 
2.7 0.27556763634 0.392432694652 
2.8 0.280065115601 0.365087805368 
2.9 0.285635722423 0.339819366969 
3 0.292261981942 0.31649282099 
3.1 0.299936868101 0.294978313321 
3.2 0.308662397303 0.275151857277 
3.3 0.31844883404 0.256895634385 
3.4 0.329313837241 0.240098457132 
3.5 0.341281823344 0.224655948734 
3.6 0.354383710919 0.210470210806 
3.7 0.36865626364 0.197450200821 
3.8 0.384141944142 0.185511373586 
3.9 0.400888673824 0.174575469833 
4 0.418949627562 0.164570340926 
4.1 0.438383166628 0.155429632241 
4.2 0.459252648294 0.147092673432 
4.3 0.481626441086 0.139504097238 
4.4 0.505577733445 0.13261375817 
4.5 0.531184565371 0.126376411132 
4.6 0.558529612151 0.120751633616 
4.7 0.587700172172 0.115703600813 
4.8 0.618787876634 0.111201057235 
4.9 0.651888562727 0.107217195289 
5 0.687101739789 0.103729739203 
5.1 0.724530561573 0.100720834169 
5.2 0.764281164617 0.0981772113804 
5.3 0.806461056793 0.0960907698114 
5.4 0.851179884054 0.0944581137163 
5.5 0.898546901823 0.0932815513991 
5.6 0.948668502242 0.0925700709554 
5.7 1.00164972782 0.0923385331432 
5.8 1.05758802398 0.0926102010082 
5.9 1.11657021143 0.0934179016789 
6 1.17866968914 0.0948049683225 
6.1 1.24394034319 0.0968275358204 
6.2 1.31241203169 0.0995562994187 
6.3 1.38407681882 0.103081811908 
6.4 1.45888209006 0.107516949404 
6.5 1.53671638349 0.113002179181 
6.6 1.61739058327 0.11971272106 
6.7 1.70061932783 0.127865482929 
6.8 1.78598882066 0.137730705269 
6.9 1.87293285265 0.149640752285 
7 1.96068168433 0.164008101405 
7.1 2.04822043728 0.181339216955 
7.2 2.13423620307 0.202251325572 
7.3 2.21705272111 0.227490693555 
7.4 2.29457316732 0.257943462899 
7.5 2.36422572909 0.294640500445 
7.6 2.42294083516 0.33873410262 
7.7 2.46717293171 0.391449248937 
7.8 2.49301800206 0.453970998 
7.9 2.49644916786 0.52726753378 
8 2.47371898015 0.611825560131 
8.1 2.42192573655 0.707317921548 
8.2 2.33968547543 0.812256821072 
8.3 2.22776903571 0.92373879098 
8.4 2.08948723628 1.0374205174 
8.5 1.93060180294 1.14784333645 
8.6 1.7586879452 1.24910042867 
8.7 1.5820555652 1.33571329504 
8.8 1.40854110334 1.40345772878 
8.9 1.24452714515 1.44989478454 
9 1.09442172229 1.47448523352 
9.1 0.960612903614 1.47834218494 
9.2 0.843795884168 1.46374829296 
9.3 0.743420628249 1.43365797492 
9.4 0.658183271317 1.39123231608 
9.5 0.586406398723 1.33952436497 
9.6 0.526315686419 1.28128127481 
9.7 0.476209935051 1.2188526108 
9.8 0.434549411257 1.15417179501 
9.9 0.399993032448 1.08877771686 
10 0.371401311709 1.0238599736 
10.1 0.347822347078 0.96031166017 
10.2 0.328469795287 0.898781631374 
10.3 0.312699028499 0.839722130314 
10.4 0.299984326038 0.783429937628 
10.5 0.289898251414 0.730080956435 
10.6 0.282094325711 0.679758361589 
10.7 0.276292413405 0.632475294928 
10.8 0.272266584371 0.588193047385 
10.9 0.26983533054 0.546835343195 
11 0.268853616875 0.50829943369 
11.1 0.269206524048 0.472464725902 
11.2 0.270804130454 0.439199444995 
11.3 0.273577341712 0.408365787209 
11.4 0.277474607888 0.37982373289 
11.5 0.282459560305 0.35343344959 
11.6 0.288508373062 0.329058345622 
11.7 0.295608511531 0.306565787393 
11.8 0.303757139838 0.28582852594 
11.9 0.31296011087 0.266725302656 
12 0.323231125369 0.249141239123 
12.1 0.334590962833 0.232968216599 
12.2 0.347067054545 0.218104770939 
12.3 0.36069292911 0.20445623058 
12.4 0.37550798426 0.191934453103 
12.5 0.391557156714 0.180457765561 
12.6 0.40889072354 0.169950736458 
12.7 0.427564220204 0.160343854691 
12.8 0.447638367339 0.151573233219 
12.9 0.469178699927 0.14358074722 
13 0.492255838963 0.136313359131 
13.1 0.51694514649 0.129723181064 
13.2 0.543326753532 0.123767181803 
13.3 0.571485486298 0.11840698763 
13.4 0.601510553425 0.113608899926 
13.5 0.63349559786 0.109343634359 
13.6 0.667538160087 0.105586428716 
13.7 0.703739523206 0.102316971757 
13.8 0.742204180934 0.0995194992935 
13.9 0.783039024316 0.0971830208937 
14 0.826352923018 0.0953014201616 
14.1 0.872255049051 0.0938740221653 
14.2 0.920854080836 0.0929058747251 
14.3 0.972256074552 0.0924085173783 
14.4 1.02656195128 0.0924009069669 
14.5 1.08386546449 0.092910201634 
14.6 1.14424790917 0.0939737234076 
14.7 1.20777536145 0.0956400369356 
14.8 1.27449090068 0.0979718687606 
14.9 1.34440776004 0.10104870368 
15 1.41750110172 0.104969904101 
15.1 1.49369181278 0.109860771946 
15.2 1.57283788511 0.115875838471 
15.3 1.65470976053 0.123208006499 
15.4 1.73896629553 0.132097460148 
15.5 1.82512830647 0.142841228948 
15.6 1.91254360352 0.155805807521 
15.7 2.00033876964 0.171443817828 
15.8 2.08737208425 0.190309514825 
15.9 2.17217276889 0.213076799887 
16 2.25288308624 0.240553381468 
16.1 2.32719485314 0.273692779541 
16.2 2.39231156322 0.313585177769 
16.3 2.44494205995 0.361424302293 
16.4 2.48135865895 0.418433930126 
16.5 2.49756252094 0.485728667359 
16.6 2.48959385051 0.564096097099 
16.7 2.45400976553 0.653698618186 
16.8 2.38850545009 0.753726349511 
16.9 2.29260903666 0.862068615762 
17 2.16821203758 0.975158104592 
17.1 2.01977738203 1.08808505233 
17.2 1.85399752833 1.19508780833 
17.3 1.67892879773 1.29034207922 
17.4 1.50280919067 1.36884783905 
17.5 1.33291411098 1.42714660166 
17.6 1.17476720088 1.46366827393 
17.7 1.03184529742 1.47866683464 
17.8 0.905718862155 1.4738491845 
17.9 0.796457267166 1.45186492266 
18 0.703116807489 1.41580860124 
18.1 0.624182752764 1.36882520148 
18.2 0.557906822392 1.31384647994 
18.3 0.50253203031 1.25344652646 
18.4 0.456422635092 1.18978619406 
18.5 0.418126894807 1.12461564604 
18.6 0.386395856827 1.05930953586 
18.7 0.360177250855 0.994916821183 
18.8 0.338596926531 0.932213962639 
18.9 0.32093568429 0.871755348659 
19 0.306605032662 0.81391851049 
19.1 0.29512612619 0.758941580971 
19.2 0.286110173227 0.706955370128 
19.3 0.279242356598 0.658008891248 
19.4 0.274268372647 0.612089895949 
19.5 0.270983452972 0.569141141941 
19.6 0.269223456054 0.529073164813 
19.7 0.268857603416 0.491774328491 
19.8 0.269782940012 0.457118058389 
19.9 0.271919495926 0.424969150851 
20 0.275206404154 0.395188657781 
