Time Prey Predator
0.0  1.60326778677 1.82464538161
0.1 1.33522734159 1.91179975321 
0.2 1.10251587202 1.95348741182 
0.3 0.907873212636 1.95388634614 
0.4 0.749323378334 1.9201349009 
0.5 0.62238579471 1.86030443468 
0.6 0.521775958891 1.78202641809 
0.7 0.442400103776 1.69181636374 
0.8 0.379827875242 1.5948674124 
0.9 0.330422632473 1.49512010317 
1 0.29129848211 1.39545026643 
1.1 0.260210864056 1.29788169094 
1.2 0.23543321605 1.20378248095 
1.3 0.215643647365 1.11403097607 
1.4 0.199831407861 1.02914518394 
1.5 0.187222719703 0.949382770497 
1.6 0.177223572556 0.874816634148 
1.7 0.169376347233 0.805390810515 
1.8 0.163327210384 0.74096159876 
1.9 0.158801692827 0.681327628178 
2 0.155586387549 0.626251684564 
2.1 0.153515226409 0.575476442356 
2.2 0.152459275597 0.528735568012 
2.3 0.152318300253 0.485762483508 
2.4 0.153015650996 0.446294746715 
2.5 0.154493306475 0.410078484711 
2.6 0.156708419682 0.376870819317 
2.7 0.159630672334 0.346441337551 
2.8 0.163240218794 0.318572891859 
2.9 0.167526141535 0.2930619049 
3 0.172485247933 0.269718322155 
3.1 0.178120645096 0.248365796818 
3.2 0.184441842505 0.228840383908 
3.3 0.191463450887 0.210990704738 
3.4 0.199205278669 0.194676909701 
3.5 0.207691662677 0.17977028038 
3.6 0.216951469133 0.16615238845 
3.7 0.227017851247 0.153714503619 
3.8 0.237928179781 0.142356880031 
3.9 0.249724059705 0.131988167779 
4 0.262451286977 0.122524771432 
4.1 0.27616002762 0.113890348536 
4.2 0.290904590839 0.106015064931 
4.3 0.306743809171 0.0988352809683 
4.4 0.323741325053 0.0922931700255 
4.5 0.341965296671 0.0863358913651 
4.6 0.361489033316 0.0809156910875 
4.7 0.382390954253 0.0759892046873 
4.8 0.404754764337 0.0715170809859 
4.9 0.428669935712 0.0674640999185 
5 0.454231661725 0.0637983689262 
5.1 0.481541260806 0.0604914444629 
5.2 0.510706441124 0.0575181316394 
5.3 0.541841436288 0.0548559937015 
5.4 0.575067324861 0.052485679786 
5.5 0.610512250302 0.0503904866784 
5.6 0.648311577983 0.0485563057734 
5.7 0.688607958016 0.0469719745168 
5.8 0.73155168562 0.0456288068386 
5.9 0.777300604778 0.0445208621953 
6 0.826019510242 0.0436454003357 
6.1 0.877880753285 0.0430028144936 
6.2 0.933063628612 0.0425970514035 
6.3 0.991752418922 0.0424361355163 
6.4 1.05413713556 0.0425325649363 
6.5 1.12041196026 0.0429040929517 
6.6 1.19077026065 0.0435758353221 
6.7 1.26540529614 0.0445803794905 
6.8 1.34450703699 0.0459593607185 
6.9 1.42825110438 0.0477682373398 
7 1.5167959644 0.0500777811948 
7.1 1.61027044234 0.0529797462809 
7.2 1.70876671253 0.0565900874292 
7.3 1.81231665781 0.0610593614835 
7.4 1.92086535325 0.0665843848966 
7.5 2.03424414282 0.073420062845 
7.6 2.1521271847 0.0818986496143 
7.7 2.27396545598 0.0924587910278 
7.8 2.39891296413 0.105677395231 
7.9 2.52571767849 0.12231740189 
8 2.65258184265 0.14338732213 
8.1 2.77698319596 0.170215681566 
8.2 2.89545579153 0.204538208665 
8.3 3.00333527851 0.248588902718 
8.4 3.09451297799 0.305165577088 
8.5 3.16127585228 0.37761677633 
8.6 3.19439288714 0.469647829331 
8.7 3.18369137637 0.584813389523 
8.8 3.11940285715 0.725548927304 
8.9 2.99444725976 0.891712824662 
9 2.80734807813 1.07894609781 
9.1 2.56473994742 1.27762379815 
9.2 2.28187500754 1.47342040069 
9.3 1.98007954863 1.6499513851 
9.4 1.68178549115 1.79269836383 
9.5 1.40543332672 1.89238813998 
9.6 1.16253119991 1.94630029841 
9.7 0.957506097281 1.95739376383 
9.8 0.789446080026 1.93221625936 
9.9 0.65436321748 1.87874738252 
10 0.54706513012 1.80483357884 
10.1 0.462341841001 1.71733129009 
10.2 0.39555834329 1.62179671909 
10.3 0.342860240839 1.52249768137 
10.4 0.301164943619 1.42258086192 
10.5 0.268064796084 1.32428272015 
10.6 0.24170303676 1.22913367009 
10.7 0.220657092742 1.13813176685 
10.8 0.203839232688 1.05188244087 
10.9 0.19041748361 0.970705861353 
11 0.179752447881 0.894720889476 
11.1 0.171353258388 0.823901306098 
11.2 0.164840636786 0.758123615384 
11.3 0.159920421865 0.697200051801 
11.4 0.156363900101 0.64090179837 
11.5 0.153993099148 0.588975683663 
11.6 0.152669641415 0.541157227086 
11.7 0.152286201855 0.497179107987 
11.8 0.1527600882 0.456777443333 
11.9 0.154028709037 0.419695496504 
12 0.15604526381 0.385687384264 
12.1 0.158776208466 0.354519224141 
12.2 0.162199056227 0.325970119809 
12.3 0.166300514778 0.299832847194 
12.4 0.171075268949 0.275913773561 
12.5 0.176524959762 0.254032651405 
12.6 0.182657335721 0.234022257365 
12.7 0.189485696308 0.215727827993 
12.8 0.197028405241 0.199006484541 
12.9 0.205308560938 0.183726558394 
13 0.214353920408 0.169766722945 
13.1 0.224196372534 0.157015773529 
13.2 0.234872215125 0.145371513375 
13.3 0.246421842847 0.134740399474 
13.4 0.258889915026 0.125036758021 
13.5 0.272325320301 0.116182275212 
13.6 0.286781276653 0.108105430937 
13.7 0.302315453532 0.100740966982 
13.8 0.318990068327 0.0940294500743 
13.9 0.336872093799 0.0879167880875 
14 0.356033383213 0.0823538397807 
14.1 0.376550917356 0.0772960348142 
14.2 0.398506976084 0.07270303922 
14.3 0.42198939808 0.0685384493779 
14.4 0.447091782902 0.0647695111088 
14.5 0.473913776906 0.0613668883949 
14.6 0.50256132017 0.0583044542212 
14.7 0.533146814314 0.0555590971169 
14.8 0.565789479619 0.0531105947838 
14.9 0.600615499381 0.0509415053768 
15 0.637758204379 0.0490370946477 
15.1 0.677358375193 0.0473852934795 
15.2 0.719564123341 0.0459767626131 
15.3 0.764531104438 0.044804920257 
15.4 0.812422528654 0.0438660613894 
15.5 0.863408526005 0.0431597101141 
15.6 0.917666376048 0.0426887231653 
15.7 0.975379546149 0.0424598432891 
15.8 1.03673636436 0.0424844191763 
15.9 1.10192989689 0.0427787045076 
16 1.17115437176 0.0433655289668 
16.1 1.24460347599 0.0442752543481 
16.2 1.32246793533 0.0455470516893 
16.3 1.40492657163 0.047232876278 
16.4 1.49214449635 0.0493985174147 
16.5 1.58426342909 0.0521279580056 
16.6 1.68138366713 0.0555312760097 
16.7 1.78355308784 0.0597496870966 
16.8 1.89074530749 0.0649652370087 
16.9 2.00282997899 0.0714138722011 
17 2.11952496572 0.0794064201998 
17.1 2.24034994112 0.0893488962825 
17.2 2.36454891463 0.101776628265 
17.3 2.49099614833 0.117395169991 
17.4 2.61805567251 0.137140460275 
17.5 2.74342429834 0.162245076152 
17.6 2.86391653222 0.194325031983 
17.7 2.9752201969 0.235470269839 
17.8 3.07164255229 0.288321340577 
17.9 3.14591519089 0.35608434737 
18 3.18918916586 0.442402318431 
18.1 3.19145470999 0.550944358721 
18.2 3.14264622411 0.68457700746 
18.3 3.03467656251 0.844026205889 
18.4 2.86424859112 1.02623095547 
18.5 2.63562197087 1.22303074717 
18.6 2.36181554988 1.42120658298 
18.7 2.06292020206 1.60457292333 
18.8 1.76161213261 1.75771135768 
18.9 1.47783194775 1.86968444272 
19 1.22510222116 1.93599241269 
19.1 1.00966066612 1.95822521249 
19.2 0.831828050616 1.94217782394 
19.3 0.688244203309 1.89562528187 
19.4 0.573899218313 1.82656220918 
19.5 0.4835082059 1.74216428863 
19.6 0.412247076113 1.64835043749 
19.7 0.356042978829 1.54972746374 
19.8 0.311610730306 1.4497272156 
19.9 0.276370364784 1.35081329707 
20 0.248327259368 1.25468995966 
