Time Prey Predator
0.0  1.71363368256 1.91160390237
0.1 1.40844829883 2.02129691912 
0.2 1.14492595336 2.07722138351 
0.3 0.926905939555 2.08390975934 
0.4 0.751842484227 2.05001549468 
0.5 0.61392603535 1.98546784678 
0.6 0.506409822375 1.8996049244 
0.7 0.42294541252 1.80027117764 
0.8 0.358143550863 1.69359853489 
0.9 0.307684495716 1.58414166278 
1 0.268220373048 1.47514757365 
1.1 0.237203185275 1.36884525464 
1.2 0.212711248781 1.26669997541 
1.3 0.193300068671 1.16961866023 
1.4 0.177883431832 1.07810721862 
1.5 0.165642095243 0.992388304496 
1.6 0.155955492762 0.912487963134 
1.7 0.148351196652 0.838298521471 
1.8 0.142467734596 0.769623885636 
1.9 0.138027253795 0.706211998203 
2 0.134815534548 0.647777782318 
2.1 0.132666589383 0.594020187127 
2.2 0.13145222963 0.544632758605 
2.3 0.131073505168 0.499312039257 
2.4 0.131454524319 0.457762923865 
2.5 0.132537786629 0.419702136396 
2.6 0.1342806125 0.384860424336 
2.7 0.136652526065 0.352983709668 
2.8 0.139632932045 0.323833912646 
2.9 0.143209675713 0.297188821373 
3 0.147377802572 0.272841782525 
3.1 0.15213873932 0.250601186964 
3.2 0.157499293668 0.230290044954 
3.3 0.163471342753 0.211745038439 
3.4 0.170071305225 0.194815838967 
3.5 0.177319818453 0.179364268827 
3.6 0.185241618762 0.165263491371 
3.7 0.193865367596 0.152397249235 
3.8 0.203223488904 0.140659066402 
3.9 0.213352012597 0.129951504059 
4 0.224291105442 0.120185588107 
4.1 0.236084496191 0.11127992126 
4.2 0.248780011596 0.103160378636 
4.3 0.26242944195 0.0957592979959 
4.4 0.277088718128 0.0890150328481 
4.5 0.292818191822 0.0828715890445 
4.6 0.309682594245 0.0772778832032 
4.7 0.327751499047 0.0721877231789 
4.8 0.347099311717 0.0675590547195 
4.9 0.367805655416 0.0633538827502 
5 0.389955584292 0.0595378816088 
5.1 0.413639810264 0.0560800497458 
5.2 0.438955099602 0.0529526830089 
5.3 0.466004382989 0.0501307770973 
5.4 0.494897124722 0.0475919749842 
5.5 0.525749726212 0.0453167132239 
5.6 0.55868583559 0.0432879226216 
5.7 0.593836737912 0.041491059316 
5.8 0.631341186721 0.0399135623608 
5.9 0.671345942709 0.0385450717732 
6 0.714006274376 0.0373776363874 
6.1 0.759485784758 0.0364056438595 
6.2 0.807956278057 0.035625901656 
6.3 0.859598513159 0.0350377817152 
6.4 0.914601806012 0.0346434847366 
6.5 0.973162476473 0.0344487926333 
6.6 1.03548497732 0.0344629680525 
6.7 1.10178115401 0.0346993089975 
6.8 1.17226643183 0.035176965233 
6.9 1.24715945709 0.0359214054616 
7 1.32667951052 0.0369658523277 
7.1 1.41104016251 0.0383542939338 
7.2 1.50045021211 0.0401413808925 
7.3 1.59509747456 0.0423998186624 
7.4 1.69514230634 0.0452234826613 
7.5 1.80070246449 0.0487343193889 
7.6 1.91183916551 0.0530888314625 
7.7 2.02851983053 0.0584950655373 
7.8 2.15058683842 0.0652265781133 
7.9 2.27770819381 0.0736447995793 
8 2.40930509158 0.084232066394 
8.1 2.54445391819 0.0976355378591 
8.2 2.68175529995 0.114726136392 
8.3 2.81916116774 0.136675450743 
8.4 2.95373924862 0.165058046489 
8.5 3.08138179246 0.201972771896 
8.6 3.19646441902 0.250172917113 
8.7 3.29149837025 0.313171506428 
8.8 3.35691231508 0.395225940342 
8.9 3.38118520151 0.501074762586 
9 3.35173610693 0.635173845558 
9.1 3.25697754917 0.800244187776 
9.2 3.08971935864 0.995124563926 
9.3 2.85123812635 1.21254532014 
9.4 2.55408058926 1.43820527833 
9.5 2.22123608861 1.65259209784 
9.6 1.88087143386 1.83564416672 
9.7 1.55889299014 1.97217989054 
9.8 1.27321941534 2.05524066442 
9.9 1.03208419845 2.0860570017 
10 0.835787585852 2.0715761599 
10.1 0.679824224324 2.0213812778 
10.2 0.557698820039 1.94527663639 
10.3 0.46275087916 1.85192691482 
10.4 0.389069177562 1.74833247972 
10.5 0.331794782327 1.63981986516 
10.6 0.287105558394 1.53026354083 
10.7 0.252069501025 1.42237556426 
10.8 0.224466933666 1.31798077143 
10.9 0.202627744942 1.21824734948 
11 0.185297014749 1.1238675944 
11.1 0.171528947312 1.03519664104 
11.2 0.160610084357 0.952349992034 
11.3 0.151998014687 0.875281673616 
11.4 0.145278738332 0.803836067115 
11.5 0.140134766007 0.737786183689 
11.6 0.136321591996 0.676861525218 
11.7 0.133650154794 0.620767648516 
11.8 0.131974575316 0.569199194981 
11.9 0.131181797977 0.521850642905 
12 0.131184861949 0.478422184509 
12.1 0.131917442934 0.438624180886 
12.2 0.133329711922 0.402180051318 
12.3 0.13538521753 0.368828008161 
12.4 0.138058545261 0.33832183427 
12.5 0.141333475554 0.310431198932 
12.6 0.145201537742 0.284941614825 
12.7 0.149660957183 0.261653991969 
12.8 0.154716013704 0.240383831461 
12.9 0.160375980427 0.220961102683 
13 0.166655063698 0.203228920636 
13.1 0.173571746977 0.187043105714 
13.2 0.181148737441 0.172271130003 
13.3 0.189412653697 0.158791478487 
13.4 0.198393997236 0.146492775035 
13.5 0.208127047961 0.135273108722 
13.6 0.21864987788 0.125039274499 
13.7 0.230004368691 0.115706116174 
13.8 0.242236283329 0.10719590302 
13.9 0.255395353906 0.0994377360033 
14 0.269535391891 0.092367015576 
14.1 0.284714486851 0.0859249080159 
14.2 0.300995169951 0.0800578940397 
14.3 0.31844452573 0.0747174070522 
14.4 0.337134433592 0.0698592220675 
14.5 0.3571418756 0.0654433852398 
14.6 0.378549122593 0.0614337697808 
14.7 0.401443911209 0.0577975841841 
14.8 0.425919951017 0.0545055705016 
14.9 0.45207698445 0.05153131978 
15 0.480021162612 0.0488512442486 
15.1 0.509865433401 0.0464445809272 
15.2 0.541729689144 0.0442928479331 
15.3 0.575741185367 0.0423801288892 
15.4 0.612034817103 0.0406927990459 
15.5 0.650753355104 0.0392193666439 
15.6 0.692047645 0.0379508672388 
15.7 0.73607698994 0.0368804019314 
15.8 0.783009317411 0.0360033125461 
15.9 0.833020639893 0.0353177466075 
16 0.886295670882 0.0348245647428 
16.1 0.943027868734 0.0345276249623 
16.2 1.00341761925 0.0344343602834 
16.3 1.06767214474 0.0345562038184 
16.4 1.13600574321 0.034909041984 
16.5 1.2086367481 0.0355146056843 
16.6 1.28578343189 0.0364024012982 
16.7 1.36766417248 0.0376101038164 
16.8 1.45448839255 0.0391876890644 
16.9 1.54645688801 0.0411976217393 
17 1.64374651337 0.0437218685786 
17.1 1.74649857998 0.046867274023 
17.2 1.85480323424 0.0507726761632 
17.3 1.96868185526 0.0556170119729 
17.4 2.08804532733 0.061638349635 
17.5 2.21265635334 0.0691507416203 
17.6 2.34207084003 0.0785707965051 
17.7 2.47555535595 0.0904552337658 
17.8 2.61196998039 0.105553331757 
17.9 2.74962017146 0.124873328748 
18 2.88605459327 0.149771488491 
18.1 3.0178010589 0.182064863344 
18.2 3.14004764218 0.224159570422 
18.3 3.24629142359 0.279173462773 
18.4 3.3280273573 0.351002055119 
18.5 3.37467239133 0.444195233944 
18.6 3.37400846755 0.563486454041 
18.7 3.31360332452 0.712704915442 
18.8 3.18354428111 0.892952120083 
18.9 2.98033035669 1.10029108461 
19 2.71062902041 1.32394982905 
19.1 2.3925292465 1.54663323269 
19.2 2.05245159751 1.74786046775 
19.3 1.71835467347 1.90937239934 
19.4 1.41268061061 2.01984108206 
19.5 1.14852742416 2.07654208689 
19.6 0.929860133491 2.08391307296 
19.7 0.75420972922 2.05056324543 
19.8 0.615795375647 1.98641882867 
19.9 0.507876171067 1.90083135798 
20 0.424094509978 1.80166864096 
