Time Prey Predator
0.0  1.58261734284 1.05657608602
0.1 1.46371018287 1.11334603023 
0.2 1.34447610341 1.15924402474 
0.3 1.22841184264 1.19288232149 
0.4 1.11829935996 1.2136698925 
0.5 1.01610467723 1.22176495792 
0.6 0.922997136595 1.21795286908 
0.7 0.839457554256 1.20347442139 
0.8 0.765434829799 1.17983955711 
0.9 0.700506661349 1.14866649589 
1 0.644020492825 1.11155704303 
1.1 0.595211837796 1.07000499291 
1.2 0.553280940658 1.02535015136 
1.3 0.517448491942 0.97875206582 
1.4 0.486989002652 0.931185408486 
1.5 0.461247207426 0.883449096283 
1.6 0.439644705775 0.836181795127 
1.7 0.421678188353 0.7898821848 
1.8 0.406915377608 0.744928589498 
1.9 0.394988356974 0.701598440256 
2 0.385586401624 0.660085906042 
2.1 0.378448840085 0.620517286506 
2.2 0.373358307637 0.582964856059 
2.3 0.370134766762 0.547458102408 
2.4 0.36863003465 0.513993178222 
2.5 0.368723652562 0.482540147148 
2.6 0.370318500914 0.45305050383 
2.7 0.373337872636 0.425461506289 
2.8 0.377722618971 0.39970061206 
2.9 0.383428610761 0.37568921742 
3 0.390425140659 0.353344679627 
3.1 0.398693014218 0.332582963183 
3.2 0.408223368074 0.313319934472 
3.3 0.419016404336 0.295472901671 
3.4 0.431080817022 0.278960872452 
3.5 0.444432397406 0.263706482268 
3.6 0.459093851102 0.249635543241 
3.7 0.475093919678 0.236677913026 
3.8 0.492467031444 0.224767541764 
3.9 0.51125281659 0.213842720959 
4 0.53149566647 0.203846230435 
4.1 0.553244376826 0.194725368823 
4.2 0.576551699024 0.186432051035 
4.3 0.601473925524 0.178922845744 
4.4 0.628070468199 0.172158988943 
4.5 0.656403538274 0.16610625886 
4.6 0.686537141655 0.160735449954 
4.7 0.718536735754 0.156022217774 
4.8 0.752468570105 0.151947116541 
4.9 0.788398020222 0.148496229569 
5 0.826389233333 0.145661030372 
5.1 0.866503389505 0.143438909928 
5.2 0.908796402747 0.141833921339 
5.3 0.953318074373 0.140856898233 
5.4 1.00010822774 0.140526700889 
5.5 1.04919394937 0.140871066194 
5.6 1.1005869944 0.141927398897 
5.7 1.15427657645 0.143745078626 
5.8 1.2102260956 0.146386503867 
5.9 1.26836650531 0.149929200364 
6 1.32858453562 0.154469516621 
6.1 1.39071812803 0.160124147845 
6.2 1.45454263186 0.167034349208 
6.3 1.51975384943 0.175371013296 
6.4 1.58595560621 0.185338362117 
6.5 1.65264113542 0.197178887676 
6.6 1.71917303065 0.211178891972 
6.7 1.78475908417 0.227673038175 
6.8 1.84842980095 0.247049704585 
6.9 1.90902001075 0.269748881145 
7 1.96514983468 0.296261058061 
7.1 2.01522132543 0.327115478011 
7.2 2.0574239973 0.362860845717 
7.3 2.0897808863 0.404021941824 
7.4 2.1102133572 0.451048914378 
7.5 2.11666127138 0.50423582605 
7.6 2.10725087703 0.563619685344 
7.7 2.0805105016 0.628866176483 
7.8 2.03560656309 0.699160005144 
7.9 1.97257449859 0.773122171002 
8 1.89247163781 0.848801809715 
8.1 1.79742917393 0.923742976282 
8.2 1.69052956261 0.995171800546 
8.3 1.57553558426 1.06025860169 
8.4 1.45650486134 1.1164234532 
8.5 1.33737421937 1.1616117947 
8.6 1.22160020104 1.19448623901 
8.7 1.11191843309 1.21449970809 
8.8 1.0102449867 1.22185281639 
8.9 0.917703743416 1.21736375658 
9 0.834740327978 1.20229270032 
9.1 0.761277679673 1.17815994544 
9.2 0.696876228972 1.14658589954 
9.3 0.640875101719 1.10916717209 
9.4 0.592503624392 1.06739172605 
9.5 0.550961720291 1.02258881756 
9.6 0.515473294328 0.975905837382 
9.7 0.485316234638 0.928307782105 
9.8 0.459839974633 0.88058297959 
9.9 0.438470504074 0.833361144542 
10 0.420708810607 0.78713320942 
10.1 0.406126637625 0.742270881704 
10.2 0.39435994648 0.699045861154 
10.3 0.385101218104 0.6576478296 
10.4 0.378092519142 0.618199651024 
10.5 0.373118953837 0.580770622378 
10.6 0.370002583294 0.54538783608 
10.7 0.368596982125 0.512045523962 
10.8 0.368783194543 0.480712713382 
10.9 0.370465509007 0.451339712414 
11 0.373568346503 0.423863088568 
11.1 0.378033453994 0.398210031153 
11.2 0.383817672793 0.374301417152 
11.3 0.390890968738 0.352054595767 
11.4 0.399234837847 0.331385430935 
11.5 0.40884101759 0.312209824315 
11.6 0.419710292657 0.294445103086 
11.7 0.431851577809 0.27801092473 
11.8 0.445281215426 0.262829823482 
11.9 0.460022282415 0.248827792757 
12 0.476103844761 0.235935020563 
12.1 0.493560735671 0.224085604775 
12.2 0.512432804947 0.21321822869 
12.3 0.532764791467 0.203275823587 
12.4 0.554605669691 0.194206060217 
12.5 0.578008474676 0.185961062668 
12.6 0.603029696885 0.178497688682 
12.7 0.629728993178 0.17177739865 
12.8 0.658168550021 0.165766418775 
12.9 0.6884126083 0.160435747358 
13 0.720526683821 0.155761307128 
13.1 0.754576835123 0.151724088138 
13.2 0.79062854759 0.148310399088 
13.3 0.82874560687 0.145512149877 
13.4 0.868989181657 0.1433270161 
13.5 0.911414576085 0.141759540864 
13.6 0.956071092903 0.14082100575 
13.7 1.00299830158 0.140530622456 
13.8 1.05222159311 0.140916983015 
13.9 1.10375269873 0.142017744617 
14 1.15757957197 0.143882990153 
14.1 1.21366351471 0.146576100641 
14.2 1.27193138496 0.15017618084 
14.3 1.33226987776 0.154779886803 
14.4 1.39451149253 0.16050587556 
14.5 1.45842705266 0.167497144697 
14.6 1.52370731934 0.175926415084 
14.7 1.58995193637 0.185999534967 
14.8 1.65664673685 0.197961563403 
14.9 1.72314405865 0.212101964929 
15 1.78864140277 0.228758771931 
15.1 1.85215991358 0.248322209377 
15.2 1.91252063983 0.271236395475 
15.3 1.96833281566 0.297993358634 
15.4 2.01798096264 0.329127187531 
15.5 2.05964774151 0.365183116528 
15.6 2.09134637829 0.406684359723 
15.7 2.1109954238 0.454074155374 
15.8 2.11654103547 0.507633809143 
15.9 2.10612746144 0.5673817354 
16 2.07831385265 0.632957895896 
16.1 2.03231253706 0.703515243042 
16.2 1.96821270616 0.777642976696 
16.3 1.88714339126 0.85334990824 
16.4 1.7912930386 0.928160265372 
16.5 1.68379544378 0.999286696515 
16.6 1.56844283698 1.06390613507 
16.7 1.44929793669 1.11946222421 
16.8 1.33027974155 1.16393758871 
16.9 1.21480435405 1.1960452854 
17 1.10556100032 1.21528303118 
17.1 1.00441543611 1.22189426183 
17.2 0.912446460314 1.21672907627 
17.3 0.830063149806 1.20106856653 
17.4 0.757162030921 1.17644344191 
17.5 0.693286374138 1.14447530773 
17.6 0.637766202723 1.10675586126 
17.7 0.589827420313 1.06476433628 
17.8 0.548670302291 1.01981944081 
17.9 0.513521019291 0.973058073424 
18 0.483662039215 0.925433085684 
18.1 0.458447322619 0.877723115488 
18.2 0.437307323655 0.830549201141 
18.3 0.419747552446 0.784394404159 
18.4 0.405343945522 0.739623873962 
18.5 0.393735923637 0.69650410411 
18.6 0.384619135364 0.6552203689 
18.7 0.377738425796 0.615891988961 
18.8 0.372881175707 0.578585508215 
18.9 0.369871434441 0.543325764675 
19 0.368564703771 0.510105216769 
19.1 0.368843580951 0.478891360021 
19.2 0.370613367599 0.44963422877 
19.3 0.373799433872 0.422270121146 
19.4 0.378344874106 0.396724417666 
19.5 0.384207142301 0.372918354766 
19.6 0.391357166048 0.350768759188 
19.7 0.399776980289 0.330191790865 
19.8 0.409458953402 0.31110331646 
19.9 0.420404336516 0.293420847436 
20 0.432622553519 0.277064043102 
