Time Prey Predator
0.0  1.53568203009 1.8623638235
0.1 1.27343329006 1.93869125311 
0.2 1.04849490373 1.9695085329 
0.3 0.862123799249 1.96010987582 
0.4 0.711372224013 1.91822020429 
0.5 0.591276627805 1.8520589124 
0.6 0.496403351898 1.76914066758 
0.7 0.421707101919 1.67573273464 
0.8 0.362892316778 1.57674719832 
0.9 0.316480318321 1.47586127501 
1 0.279734896195 1.37572596979 
1.1 0.250540117022 1.27818326265 
1.2 0.227274653332 1.18445899057 
1.3 0.208699818742 1.09532319778 
1.4 0.193869997243 1.01121193786 
1.5 0.18206181417 0.932322078854 
1.6 0.172720146344 0.858681836305 
1.7 0.165417371313 0.790202751044 
1.8 0.159822862302 0.726717821006 
1.9 0.155680174393 0.668009252005 
2 0.152789973897 0.61382854065 
2.1 0.150997292301 0.563910832582 
2.2 0.150181800729 0.517985337381 
2.3 0.150250379766 0.475782684611 
2.4 0.151131874444 0.437039501589 
2.5 0.152772748286 0.401502007615 
2.6 0.155133851844 0.368928132608 
2.7 0.158187882646 0.339088840818 
2.8 0.161917481238 0.31176875041 
2.9 0.166313822747 0.286766265085 
3 0.171375367639 0.263893554375 
3.1 0.177106805635 0.242976362326 
3.2 0.183518836353 0.22385299527 
3.3 0.190627278522 0.206374174906 
3.4 0.198452807345 0.190402220271 
3.5 0.207020706502 0.175810393859 
3.6 0.216360555487 0.162482224993 
3.7 0.226506261419 0.15031079745 
3.8 0.237495824724 0.139198096981 
3.9 0.249371481423 0.129054391571 
4 0.262179643673 0.119797622997 
4.1 0.275971008836 0.111352835896 
4.2 0.290800378848 0.10365146218 
4.3 0.306727291601 0.0966311971436 
4.4 0.323815836009 0.0902352371858 
4.5 0.342134750673 0.0844118014965 
4.6 0.361757976764 0.0791141559964 
4.7 0.382764457112 0.0742997051568 
4.8 0.405238587455 0.0699300251121 
4.9 0.429270464583 0.0659705733591 
5 0.45495594731 0.0623900886888 
5.1 0.482397135821 0.0591608615719 
5.2 0.511702482698 0.0562581462029 
5.3 0.542987050424 0.0536600545022 
5.4 0.576372826098 0.051347732197 
5.5 0.611988911096 0.0493047775252 
5.6 0.649971645227 0.0475175948789 
5.7 0.690464844722 0.0459752614313 
5.8 0.733620065117 0.0446693186696 
5.9 0.779596267693 0.0435941550675 
6 0.828559750005 0.042747229606 
6.1 0.880684543976 0.0421291115353 
6.2 0.936151335282 0.0417439160446 
6.3 0.99514625614 0.041599737063 
6.4 1.05786157849 0.0417090670809 
6.5 1.12449324056 0.0420898428366 
6.6 1.19523681468 0.042767225539 
6.7 1.27028871487 0.0437735427466 
6.8 1.34984141148 0.045150485852 
6.9 1.43407271869 0.0469537548191 
7 1.52314463795 0.0492539190008 
7.1 1.61718890789 0.0521429096329 
7.2 1.71630247158 0.0557361744462 
7.3 1.82051865985 0.0601853491923 
7.4 1.92978596828 0.0656876552313 
7.5 2.0439393821 0.0724985274684 
7.6 2.16265357802 0.080952460902 
7.7 2.2853792029 0.0914910124707 
7.8 2.41126740272 0.104695620227 
7.9 2.53905795507 0.121336776481 
8 2.66693721409 0.142434756122 
8.1 2.79235697759 0.169335595625 
8.2 2.91180192467 0.203803972749 
8.3 3.02053833757 0.24811334641 
8.4 3.1123545673 0.305116674585 
8.5 3.17939000766 0.378237922252 
8.6 3.21223070711 0.471268846794 
8.7 3.20049039022 0.587853701412 
8.8 3.13421320295 0.730480665586 
8.9 3.00623186574 0.8989763215 
9 2.81518156097 1.08881188038 
9.1 2.56807371702 1.29002894613 
9.2 2.28073474323 1.48788523612 
9.3 1.97509607298 1.66562669772 
9.4 1.67401130722 1.80855720682 
9.5 1.39604029374 1.90747295416 
9.6 1.15254865888 1.95990036365 
9.7 0.947680715044 1.96911049129 
9.8 0.780229930574 1.94192701093 
9.9 0.645972335888 1.88652500695 
10 0.539555383863 1.8108641486 
10.1 0.455676255349 1.72184926074 
10.2 0.389655310758 1.62504276382 
10.3 0.33762179878 1.52469669321 
10.4 0.296494102684 1.42393096468 
10.5 0.263872236912 1.3249531875 
10.6 0.237910366652 1.22926586837 
10.7 0.217197229487 1.13784202894 
10.8 0.200655683852 1.05126542446 
10.9 0.187462187181 0.969839238269 
11 0.17698598532 0.893665842488 
11.1 0.168742071745 0.822707820732 
11.2 0.162356122717 0.756832236969 
11.3 0.157538199947 0.695843025046 
11.4 0.154063099216 0.639504545513 
11.5 0.151755482397 0.587558701573 
11.6 0.150479680175 0.539735923038 
11.7 0.15013014355 0.495765569448 
11.8 0.150625690408 0.455380915573 
11.9 0.151904686738 0.418323260356 
12 0.153921340655 0.384344702521 
12.1 0.156642868548 0.353209827214 
12.2 0.160047229505 0.32469670959 
12.3 0.164121680999 0.298596975416 
12.4 0.168861211455 0.274716226642 
12.5 0.174267713276 0.25287357016 
12.6 0.180349035949 0.232901357034 
12.7 0.187118589332 0.214644383454 
12.8 0.194594706065 0.197959504726 
12.9 0.202800492686 0.182714727891 
13 0.211763442262 0.168788745446 
13.1 0.221515399506 0.156070081737 
13.2 0.232092373276 0.144456518681 
13.3 0.243534560151 0.133854385443 
13.4 0.25588631441 0.124177976342 
13.5 0.269196191789 0.115348952456 
13.6 0.283517067257 0.107295761087 
13.7 0.298906255528 0.0999531080186 
13.8 0.315425528515 0.0932615654479 
13.9 0.333141423997 0.0871670287801 
14 0.352125322645 0.0816203470237 
14.1 0.372453692652 0.076576939646 
14.2 0.394208309331 0.0719964510658 
14.3 0.417476446264 0.0678424453055 
14.4 0.442351171573 0.0640821342643 
14.5 0.468931539238 0.0606861231583 
14.6 0.497322886395 0.0576282091134 
14.7 0.527637068781 0.0548851978452 
14.8 0.559992691924 0.0524367501683 
14.9 0.59451540315 0.0502652766623 
15 0.631338009706 0.0483558677425 
15.1 0.670600769381 0.0466962422583 
15.2 0.712451407104 0.0452767865863 
15.3 0.757045218177 0.04409060394 
15.4 0.804545253202 0.0431335788522 
15.5 0.855121663254 0.0424047337842 
15.6 0.908951776012 0.0419063817602 
15.7 0.96621975048 0.0416444577495 
15.8 1.0271146918 0.0416294458279 
15.9 1.09183070601 0.0418766094454 
16 1.16056478511 0.042407089083 
16.1 1.23351268088 0.0432498301142 
16.2 1.31086875932 0.0444419404928 
16.3 1.39281916317 0.0460317974691 
16.4 1.47953443598 0.0480824015957 
16.5 1.57116322422 0.0506743712147 
16.6 1.66781946882 0.0539116689594 
16.7 1.76957158831 0.0579265125854 
16.8 1.87641143637 0.0628930321826 
16.9 1.98823261727 0.0690368747853 
17 2.10479583418 0.0766505269888 
17.1 2.22566711737 0.0861207045635 
17.2 2.35015369375 0.0979562493197 
17.3 2.47720889357 0.112829870325 
17.4 2.60530687322 0.131632450406 
17.5 2.73228068915 0.15554177602 
17.6 2.85511069707 0.186109340698 
17.7 2.96968535398 0.225351660181 
17.8 3.07053518366 0.27583675353 
17.9 3.150605474 0.340722809097 
18 3.2011976753 0.423664249857 
18.1 3.21227553592 0.528470403189 
18.2 3.1734437801 0.658344417895 
18.3 3.07583868064 0.814610110919 
18.4 2.91491428054 0.99503545435 
18.5 2.69341190537 1.19233346336 
18.6 2.42304004623 1.39385332951 
18.7 2.12332116494 1.58334558792 
18.8 1.81737487273 1.74460855495 
18.9 1.52637402151 1.86547875212 
19 1.26532591207 1.94023623898 
19.1 1.04170644459 1.96961186076 
19.2 0.85659988162 1.95901023938 
19.3 0.706963000375 1.91619547197 
19.4 0.587797726331 1.84937754039 
19.5 0.493673723617 1.76603397873 
19.6 0.419569201718 1.67238518552 
19.7 0.361216777474 1.57329881315 
19.8 0.315164146633 1.47241441259 
19.9 0.278698401008 1.37235229643 
20 0.249722189206 1.27493113666 
