Time Prey Predator
0.0  1.28940431282 1.01728976946
0.1 1.20133192712 1.04254250696 
0.2 1.11614914242 1.05919262322 
0.3 1.03530591437 1.06719984129 
0.4 0.959832781952 1.0668871611 
0.5 0.89036241953 1.05886989427 
0.6 0.827191622667 1.04396491853 
0.7 0.770345124129 1.02311293978 
0.8 0.719647141091 0.997303938009 
0.9 0.674788637484 0.967515661958 
1 0.635380499488 0.934673159301 
1.1 0.600993317383 0.899623174089 
1.2 0.571190036326 0.863115969293 
1.3 0.545546647688 0.825800450385 
1.4 0.523665599741 0.788225307177 
1.5 0.50518288718 0.750844884446 
1.6 0.48977086822 0.714028039163 
1.7 0.477139751511 0.678066649801 
1.8 0.467035838482 0.643186172423 
1.9 0.459239342278 0.609555224961 
2 0.453561511161 0.577294558555 
2.1 0.449841641191 0.546485117587 
2.2 0.447944210063 0.517175190496 
2.3 0.447756072748 0.489386635651 
2.4 0.449183690218 0.463120253779 
2.5 0.452151257411 0.438360245921 
2.6 0.456598275279 0.415078019327 
2.7 0.462477997649 0.393235505769 
2.8 0.469755712159 0.372787647986 
2.9 0.47840743791 0.353684707713 
3 0.488418688437 0.335873972007 
3.1 0.499783443118 0.31930122543 
3.2 0.51250319978 0.303911969432 
3.3 0.526586196984 0.289652292798 
3.4 0.542046616286 0.276469753449 
3.5 0.558903960651 0.264313882453 
3.6 0.57718232153 0.253136857598 
3.7 0.596909991145 0.242893500208 
3.8 0.618118598297 0.233542075935 
3.9 0.640842582246 0.225044451457 
4 0.665118665587 0.217366104391 
4.1 0.690984837924 0.210476751693 
4.2 0.718479964131 0.204350139227 
4.3 0.747642534236 0.198964654197 
4.4 0.778509918228 0.194303375139 
4.5 0.811117116149 0.190354397072 
4.6 0.845495218274 0.187111305165 
4.7 0.881670230612 0.18457335908 
4.8 0.91966058901 0.182746264158 
4.9 0.959475584674 0.181642505151 
5 1.00111226344 0.181282212251 
5.1 1.04455247187 0.18169396354 
5.2 1.08975969018 0.182915619478 
5.3 1.13667381836 0.184995755282 
5.4 1.18520714834 0.187994740831 
5.5 1.2352379046 0.191986409025 
5.6 1.28660432924 0.197059645082 
5.7 1.33909627194 0.203320396636 
5.8 1.3924471624 0.210893711624 
5.9 1.44632426145 0.219925657004 
6 1.50031813633 0.230585581072 
6.1 1.55393230227 0.243067447768 
6.2 1.60657177136 0.257591015728 
6.3 1.65753310181 0.274401897032 
6.4 1.70599791621 0.29376807375 
6.5 1.75102354018 0.315978451258 
6.6 1.79155410673 0.341328254275 
6.7 1.82642686866 0.370107664633 
6.8 1.85439541488 0.402581060228 
6.9 1.87417425074 0.438955234896 
7 1.88449561341 0.479342079108 
7.1 1.88419478849 0.523712234587 
7.2 1.87230357832 0.571845780882 
7.3 1.84816594159 0.62328199734 
7.4 1.81154406058 0.677282356744 
7.5 1.76270409518 0.73282118044 
7.6 1.70247358918 0.788593636669 
7.7 1.63222992776 0.843080918395 
7.8 1.55383172879 0.894643164958 
7.9 1.46948651512 0.941645745858 
8 1.38157427418 0.982598369186 
8.1 1.29245979584 1.01627722533 
8.2 1.20432077072 1.04181838184 
8.3 1.11901485114 1.05876544099 
8.4 1.03800324245 1.06706731143 
8.5 0.96233019551 1.06703485083 
8.6 0.892644487866 1.05927159207 
8.7 0.829252631704 1.04458981594 
8.8 0.772188212787 1.02392656963 
8.9 0.721282860988 0.998269955139 
9 0.676230420421 0.968600492265 
9.1 0.636642337649 0.935847057207 
9.2 0.602090327763 0.900858673405 
9.3 0.572137218 0.864389083801 
9.4 0.546358342561 0.827090581534 
9.5 0.524354825018 0.789515479493 
9.6 0.505761346177 0.752121365358 
9.7 0.490249065841 0.715279628441 
9.8 0.477527095044 0.679284431148 
9.9 0.467340502214 0.644363436042 
10 0.45946823964 0.610687162227 
10.1 0.45372063824 0.578377740209 
10.2 0.44993606174 0.54751738782 
10.3 0.447978122981 0.518155408908 
10.4 0.447732948715 0.490314450326 
10.5 0.449106565362 0.46399594462 
10.6 0.452022408683 0.439184564893 
10.7 0.456419529729 0.415852202867 
10.8 0.462250745184 0.393960943143 
10.9 0.469480950581 0.373466025722 
11 0.478085827209 0.3543177548 
11.1 0.488050561907 0.336463565307 
11.2 0.499368884744 0.319849213804 
11.3 0.512042035312 0.30442023804 
11.4 0.526078043483 0.290122659333 
11.5 0.541490888736 0.276903997136 
11.6 0.558299924014 0.264713669363 
11.7 0.576529132328 0.253503694814 
11.8 0.596206606299 0.243228933676 
11.9 0.617363812248 0.233847624356 
12 0.640035215047 0.225321298254 
12.1 0.664257398123 0.217615363893 
12.2 0.690068347519 0.210699391966 
12.3 0.717506950857 0.204546969543 
12.4 0.746611664993 0.199136375322 
12.5 0.777419975353 0.19445046168 
12.6 0.809966926718 0.190477170394 
12.7 0.844283794144 0.187209891568 
12.8 0.880396821293 0.184647670451 
12.9 0.918324682708 0.182796004808 
13 0.958077065194 0.181667117198 
13.1 0.999651478188 0.181280861917 
13.2 1.04303030136 0.181665528826 
13.3 1.08817776147 0.182858627493 
13.4 1.13503446172 0.184908389895 
13.5 1.18351394595 0.187874699142 
13.6 1.23349600652 0.191830830674 
13.7 1.28481993228 0.196865225095 
13.8 1.33727753545 0.203083210906 
13.9 1.39060416311 0.210609097091 
14 1.4444697381 0.219588271233 
14.1 1.49846767237 0.230189054037 
14.2 1.55210430591 0.242604912058 
14.3 1.60478883428 0.25705425376 
14.4 1.65582090182 0.273782261525 
14.5 1.70438679197 0.293055950495 
14.6 1.74954924933 0.31516286672 
14.7 1.79025316473 0.340400087914 
14.8 1.82534021902 0.369057521374 
14.9 1.85356844626 0.40139979425 
15 1.87364965263 0.43763782016 
15.1 1.88431692481 0.477886411838 
15.2 1.88439830045 0.52212251549 
15.3 1.87291908306 0.570132591542 
15.4 1.8492076383 0.621467306924 
15.5 1.81301355405 0.675395205784 
15.6 1.76458345929 0.730901092922 
15.7 1.70472393294 0.786690542073 
15.8 1.63479548545 0.84124916306 
15.9 1.55664207146 0.892939841444 
16 1.47246133043 0.940125820382 
16.1 1.38463062509 0.981309199917 
16.2 1.29551897558 1.01525496514 
16.3 1.20731262697 1.04108599226 
16.4 1.1218816908 1.05833173687 
16.5 1.04070206178 1.06692733286 
16.6 0.964832279696 1.06717241578 
16.7 0.894933667496 1.05966199953 
16.8 0.831323477593 1.04520253822 
16.9 0.774043463982 1.02472812923 
17 0.722930915308 0.999226307959 
17.1 0.677683431992 0.96967863812 
17.2 0.637914541829 0.937016297984 
17.3 0.603196722165 0.902091394318 
17.4 0.573092707951 0.865661067197 
17.5 0.547177232058 0.828380988351 
17.6 0.525050221283 0.790807107918 
17.7 0.506345256343 0.753399919138 
17.8 0.490732180955 0.716533687487 
17.9 0.477918760373 0.680505115177 
18 0.467648929582 0.645543910303 
18.1 0.459700485715 0.611822441184 
18.2 0.453882722839 0.579464357316 
18.3 0.450033112988 0.548553108649 
18.4 0.448014433324 0.519139031596 
18.5 0.447712087155 0.491245587856 
18.6 0.449031465068 0.464874856974 
18.7 0.451895406119 0.440012021566 
18.8 0.456242492068 0.416629362802 
18.9 0.462025080376 0.394689231223 
19 0.469207678541 0.374147092234 
19.1 0.477765618538 0.354953358022 
19.2 0.487683775474 0.337055564711 
19.3 0.498955608733 0.320399476037 
19.4 0.51158210572 0.304930645695 
19.5 0.525571083251 0.29059504108 
19.6 0.540936321875 0.277340137957 
19.7 0.55769700692 0.265115263968 
19.8 0.575876967711 0.253872352797 
19.9 0.59550415999 0.243566166308 
20 0.616609947554 0.234154818759 
