Time Prey Predator
0.0  1.44600126296 0.858514176961
0.1 1.37512826197 0.89452026266 
0.2 1.30190357986 0.925332556924 
0.3 1.22800421211 0.95017709401 
0.4 1.15496402284 0.968533538335 
0.5 1.08409783163 0.980157370941 
0.6 1.01646056761 0.985067556432 
0.7 0.952833882599 0.983519780415 
0.8 0.89373792983 0.975964017072 
0.9 0.839461553031 0.96299048911 
1 0.79010201136 0.945278816688 
1.1 0.745609282675 0.92354930486 
1.2 0.705822842297 0.898527869057 
1.3 0.670512357638 0.87091080927 
1.4 0.639406076682 0.84134528673 
1.5 0.612210715654 0.81041939633 
1.6 0.588630321284 0.778652782214 
1.7 0.568377852587 0.74649521205 
1.8 0.551182879046 0.714328513209 
1.9 0.53679590019 0.682470846765 
2 0.524991459868 0.651181624661 
2.1 0.515567517482 0.620668741033 
2.2 0.508345813675 0.591094261978 
2.3 0.503170669657 0.562580810604 
2.4 0.499907397959 0.53521749411 
2.5 0.498440684216 0.509065133519 
2.6 0.498672908849 0.484161111177 
2.7 0.500522440131 0.460523472956 
2.8 0.503922021032 0.438154967834 
2.9 0.508817300063 0.417046139664 
3 0.515165432337 0.397177566351 
3.1 0.522933876102 0.378522752433 
3.2 0.532099282665 0.36104975829 
3.3 0.542646476734 0.344722980434 
3.4 0.554567517335 0.329504509086 
3.5 0.567860891058 0.315355195969 
3.6 0.582530669732 0.302235773972 
3.7 0.598585842059 0.290107435353 
3.8 0.616039540468 0.278932733917 
3.9 0.634908410689 0.268675842216 
4 0.655211833926 0.259303494526 
4.1 0.676971232486 0.250784967504 
4.2 0.700209370411 0.243092543302 
4.3 0.724949443621 0.236202014798 
4.4 0.751214196177 0.230092786959 
4.5 0.77902504641 0.224748418529 
4.6 0.808400594004 0.220156761025 
4.7 0.839355923366 0.216310418462 
4.8 0.871900294809 0.213207154684 
4.9 0.906036449735 0.210850207491 
5 0.941757517027 0.209248983713 
5.1 0.97904584863 0.20841939201 
5.2 1.01786945463 0.208384703594 
5.3 1.05817954237 0.209176155351 
5.4 1.09990709418 0.210833767379 
5.5 1.1429580101 0.213407480234 
5.6 1.18721045049 0.216957765044 
5.7 1.23250697141 0.221557304253 
5.8 1.27865238538 0.227291500277 
5.9 1.32540374486 0.234260175354 
6 1.37246733031 0.242578341716 
6.1 1.41948885435 0.252376891327 
6.2 1.4660480428 0.263803724304 
6.3 1.51165222894 0.277022338438 
6.4 1.55572930353 0.292211869735 
6.5 1.59762493759 0.309564722972 
6.6 1.63660342464 0.329278881942 
6.7 1.67185137734 0.351552503421 
6.8 1.70248425552 0.37657489146 
6.9 1.72757139627 0.404507079361 
7 1.74616192479 0.435464095697 
7.1 1.75732228386 0.469492102333 
7.2 1.76019175753 0.506537819303 
7.3 1.75404222001 0.546420170424 
7.4 1.73834546206 0.588801818143 
7.5 1.71284270418 0.633165820646 
7.6 1.67760215092 0.67880661922 
7.7 1.63305847173 0.724835524044 
7.8 1.58001976196 0.770212506694 
7.9 1.51964462858 0.813793058385 
8 1.45337775525 0.854400651402 
8.1 1.38285690842 0.890907190653 
8.2 1.3098013576 0.922314895773 
8.3 1.23589795483 0.947825960397 
8.4 1.16269922941 0.966892539861 
8.5 1.0915452876 0.979240493081 
8.6 1.02352065149 0.984860448531 
8.7 0.959435174932 0.983986219282 
8.8 0.899835787655 0.977048427481 
8.9 0.845034443895 0.964624598656 
9 0.795147431482 0.947386600963 
9.1 0.750137861198 0.92605345222 
9.2 0.709856803048 0.90135003687 
9.3 0.674079884768 0.873977510283 
9.4 0.642537190514 0.844590644754 
9.5 0.614936999716 0.813783844704 
9.6 0.59098330353 0.782083889802 
9.7 0.570387664403 0.749948093115 
9.8 0.552877574818 0.717765448157 
9.9 0.538201356793 0.68586054667 
10 0.526130579763 0.6544990755 
10.1 0.516460815886 0.623894032023 
10.2 0.509011249224 0.594212092331 
10.3 0.503623709787 0.56557979806 
10.4 0.500161635822 0.538089538072 
10.5 0.498507588241 0.511804964167 
10.6 0.498562156734 0.486765717576 
10.7 0.50024205158 0.462991984452 
10.8 0.50347853779 0.440487809522 
10.9 0.50821592844 0.419244775926 
11 0.514410211211 0.399244529356 
11.1 0.522027834315 0.380461108628 
11.2 0.53104450549 0.362863142761 
11.3 0.54144427124 0.346415217426 
11.4 0.553218341483 0.331079989841 
11.5 0.566364514644 0.31681848362 
11.6 0.580886439981 0.303590734039 
11.7 0.596792518863 0.291358200873 
11.8 0.614095567622 0.280083137824 
11.9 0.632811863132 0.269729670804 
12 0.652960525803 0.260264144348 
12.1 0.67456282116 0.251655509072 
12.2 0.697641379799 0.243875803591 
12.3 0.722219426371 0.236900357609 
12.4 0.748319791413 0.230708261021 
12.5 0.775964071594 0.225282523195 
12.6 0.805171293069 0.220610585539 
12.7 0.8359568584 0.21668450965 
12.8 0.868330747498 0.213501547296 
12.9 0.902296497036 0.211064255275 
13 0.937848424835 0.209381329078 
13.1 0.974969767496 0.208468082403 
13.2 1.01363105709 0.208346740926 
13.3 1.05378446466 0.209047889267 
13.4 1.09536394165 0.210610428858 
13.5 1.1382784875 0.213083126301 
13.6 1.18240818714 0.216525551307 
13.7 1.22760217969 0.221008544861 
13.8 1.27366778798 0.226616380782 
13.9 1.32036825585 0.23344730215 
14 1.36741458172 0.24161458218 
14.1 1.41446024584 0.251247609484 
14.2 1.46109217634 0.262491967332 
14.3 1.50682514017 0.275510330785 
14.4 1.55109680048 0.290479421701 
14.5 1.59326114324 0.307590463177 
14.6 1.63259119601 0.327041615973 
14.7 1.66828043254 0.349031921358 
14.8 1.69945385843 0.373750664348 
14.9 1.72518390294 0.401363430711 
15 1.74451752937 0.431992480815 
15.1 1.75651820078 0.465691997778 
15.2 1.76031589231 0.502420355755 
15.3 1.75516339661 0.542012169824 
15.4 1.74050887249 0.584147395148 
15.5 1.71606144277 0.628329612622 
15.6 1.68185106945 0.673873890705 
15.7 1.63827162979 0.71991050137 
15.8 1.58609424918 0.765411532084 
15.9 1.52644115063 0.809241809943 
16 1.46072973386 0.850224746631 
16.1 1.39058238276 0.887222907202 
16.2 1.31771523768 0.919220796773 
16.3 1.24382379347 0.945396538358 
16.4 1.17047914061 0.965173864089 
16.5 1.09904798153 0.978247644072 
16.6 1.03064281416 0.984582414238 
16.7 0.966103055904 0.984387335805 
16.8 0.906002670809 0.978074448407 
16.9 0.850677110932 0.966208013737 
17 0.800261598953 0.949452213393 
17.1 0.754733678238 0.928523025822 
17.2 0.713954590587 0.904146447385 
17.3 0.677706430118 0.877027443534 
17.4 0.645722933652 0.847826539091 
17.5 0.617713807281 0.817145040493 
17.6 0.593382802104 0.785517208696 
17.7 0.572440157604 0.753407844946 
17.8 0.554611390921 0.721213094275 
17.9 0.539642439787 0.689264211139 
18 0.527302312384 0.657832918174 
18.1 0.517383992089 0.62713756715 
18.2 0.509704158983 0.597349499803 
18.3 0.504102271251 0.5685992714 
18.4 0.500439567951 0.540982656219 
18.5 0.498596592238 0.514566158866 
18.6 0.498472097394 0.489391766411 
18.7 0.499981141722 0.465481580388 
18.8 0.503053498337 0.442841191832 
18.9 0.507632151507 0.421463384887 
19 0.513671894542 0.401330759522 
19.1 0.521138114208 0.38241805046 
19.2 0.530005576984 0.364694380921 
19.3 0.540257483503 0.348124693194 
19.4 0.55188429169 0.332671871821 
19.5 0.564883150627 0.318297000839 
19.6 0.579257134526 0.30496008254 
19.7 0.595014141864 0.292622523631 
19.8 0.612166575278 0.281246398864 
19.9 0.630730360356 0.270795632183 
20 0.650724348835 0.261236302045 
