Time Prey Predator
0.0  1.67012048336 1.12537884433
0.1 1.52918925848 1.19495304991 
0.2 1.38843247675 1.25102983011 
0.3 1.25251048085 1.2916965038 
0.4 1.12499368518 1.31620122442 
0.5 1.00823699194 1.32486930432 
0.6 0.903451527771 1.31889581704 
0.7 0.810914938063 1.30006013024 
0.8 0.730228136203 1.270449837 
0.9 0.660564310827 1.23222744538 
1 0.600873829725 1.18746162427 
1.1 0.550032032977 1.13802519328 
1.2 0.506933284492 1.08554569355 
1.3 0.470551403907 1.03138770241 
1.4 0.43996732752 0.976663151874 
1.5 0.414378696005 0.922253912905 
1.6 0.393096406325 0.868841778803 
1.7 0.375536437259 0.816938482438 
1.8 0.361208278475 0.766914906956 
1.9 0.349702837112 0.719027243232 
2 0.340680881056 0.673439490641 
2.1 0.333862163436 0.63024424903 
2.2 0.32901650847 0.5894767378 
2.3 0.325955838892 0.551129021477 
2.4 0.32452720755 0.515161071971 
2.5 0.32460768062 0.481508483233 
2.6 0.326099464391 0.450089870837 
2.7 0.328925960594 0.420812503172 
2.8 0.33302890111 0.393576099165 
2.9 0.338365658296 0.368276383112 
3 0.34490704581 0.344807799716 
3.1 0.352635732219 0.323065245604 
3.2 0.361544798016 0.302945612852 
3.3 0.371636587651 0.284348882788 
3.4 0.382921622465 0.267179132536 
3.5 0.395417987592 0.251344826718 
3.6 0.40915066249 0.236759204452 
3.7 0.42415103001 0.223340540013 
3.8 0.440456318964 0.211012397867 
3.9 0.458109402227 0.199703455713 
4 0.477158306602 0.189347703754 
4.1 0.497656089019 0.17988420337 
4.2 0.519660438808 0.171257167428 
4.3 0.543233526715 0.163415763763 
4.4 0.568441654766 0.156314108381 
4.5 0.595355000148 0.149911162619 
4.6 0.624047352122 0.144170687484 
4.7 0.654595523983 0.13906128228 
4.8 0.687078914682 0.134556377209 
4.9 0.721579495688 0.130634065049 
5 0.758180107326 0.127277693045 
5.1 0.796963749924 0.124475994047 
5.2 0.838014020959 0.122222671962 
5.3 0.881411691415 0.120517701981 
5.4 0.927233085102 0.119367842549 
5.5 0.975549520319 0.118786644692 
5.6 1.02642225824 0.118796229411 
5.7 1.07990278387 0.119427085284 
5.8 1.13602493009 0.120720908447 
5.9 1.19480132058 0.122731810653 
6 1.25621649427 0.125528585087 
6.1 1.3202210558 0.129196728737 
6.2 1.38671908381 0.133842864211 
6.3 1.4555597395 0.139597622213 
6.4 1.52652040576 0.14662126351 
6.5 1.59928959732 0.155109429295 
6.6 1.67344668823 0.165299734072 
6.7 1.7484395631 0.177478853472 
6.8 1.82355289336 0.191992146432 
6.9 1.89787820575 0.209251496278 
7 1.97028019338 0.229743897411 
7.1 2.03936045228 0.254036504482 
7.2 2.10342929644 0.282778855346 
7.3 2.16048626916 0.316690694476 
7.4 2.20822527909 0.356539654549 
7.5 2.24407306962 0.403094029323 
7.6 2.26529116485 0.45703927959 
7.7 2.26913758752 0.518865538245 
7.8 2.25312312297 0.588708572359 
7.9 2.21534083303 0.666167823912 
8 2.15483988167 0.750126896159 
8.1 2.07197380655 0.838627907211 
8.2 1.9686274948 0.928858761515 
8.3 1.84820817269 1.01731711668 
8.4 1.7153810867 1.10013228741 
8.5 1.57554434439 1.17352465019 
8.6 1.43417970445 1.23427984356 
8.7 1.2962301115 1.28012782936 
8.8 1.16564787808 1.30993594967 
8.9 1.04518595986 1.32369486948 
9 0.936411834928 1.32234356214 
9.1 0.83988124188 1.30750166113 
9.2 0.755388965494 1.28118349564 
9.3 0.682224533383 1.24554726979 
9.4 0.619392457823 1.20270709012 
9.5 0.565778266021 1.15460913093 
9.6 0.520262040492 1.10296424099 
9.7 0.48178771114 1.04922262525 
9.8 0.449399601636 0.994576772166 
9.9 0.422256815478 0.939981002555 
10 0.399633779814 0.886179292216 
10.1 0.380913327861 0.833735665855 
10.2 0.365575785005 0.783064043108 
10.3 0.353186683024 0.734455565773 
10.4 0.343385060792 0.688102414564 
10.5 0.335872469433 0.644118292209 
10.6 0.33040329393 0.60255557488 
10.7 0.326776526388 0.563419127921 
10.8 0.324828427844 0.526678398675 
10.9 0.32442638435 0.492277066809 
11 0.325465192488 0.460137492593 
11.1 0.327861589421 0.430170396195 
11.2 0.331551821273 0.40227727822 
11.3 0.336488240864 0.376355271391 
11.4 0.342637531667 0.352298926408 
11.5 0.349978620609 0.330002784662 
11.6 0.358501265812 0.309363014847 
11.7 0.368204900028 0.29027852602 
11.8 0.379097445767 0.272651978163 
11.9 0.391194587697 0.25639033897 
12 0.404519109316 0.241405263424 
12.1 0.419100435983 0.227613177848 
12.2 0.434973835953 0.214936097266 
12.3 0.452180448324 0.203300924707 
12.4 0.470766579597 0.192640016546 
12.5 0.490783713039 0.182890703684 
12.6 0.512288011849 0.173995576617 
12.7 0.535340232564 0.165902164573 
12.8 0.56000534236 0.158562989117 
12.9 0.586352313477 0.151935427758 
13 0.614453770356 0.145981671449 
13.1 0.644385609311 0.140668718615 
13.2 0.676226604288 0.135968337221 
13.3 0.710057752926 0.131857197298 
13.4 0.745961702236 0.128316916685 
13.5 0.784021657402 0.125334358881 
13.6 0.824321085416 0.122901594009 
13.7 0.866941283597 0.121016730086 
13.8 0.911960285352 0.119684202781 
13.9 0.959452343301 0.118914824328 
14 1.00948215561 0.118727883525 
14.1 1.06210449765 0.119151151844 
14.2 1.11735864067 0.120222795302 
14.3 1.17526529943 0.121992399629 
14.4 1.23581966733 0.124523405558 
14.5 1.29898319887 0.127895988623 
14.6 1.36467905298 0.132208553164 
14.7 1.43277374719 0.137584057778 
14.8 1.50306906836 0.144172735955 
14.9 1.57528558936 0.152157665903 
15 1.64904106755 0.161761853192 
15.1 1.72382994342 0.173254913799 
15.2 1.79899207193 0.186962354698 
15.3 1.87368797407 0.203272893724 
15.4 1.94685845012 0.222648423034 
15.5 2.0171967886 0.245629133954 
15.6 2.08311015123 0.272838091123 
15.7 2.14270113954 0.304974731964 
15.8 2.19376187681 0.342793608089 
15.9 2.23379812562 0.387070922538 
16 2.2601112017 0.438529762476 
16.1 2.26993685321 0.497739631082 
16.2 2.26067007454 0.564971535496 
16.3 2.23017333563 0.640021215312 
16.4 2.17714156357 0.722024200549 
16.5 2.10146852495 0.8093061279 
16.6 2.00452546338 0.899325944817 
16.7 1.88923706269 0.98877975324 
16.8 1.75990347414 1.07387142347 
16.9 1.62175095515 1.15073797893 
17 1.48030691236 1.21593176609 
17.1 1.34075164678 1.26684097302 
17.2 1.20739729561 1.30195283239 
17.3 1.08339521476 1.3209046429 
17.4 0.970689837921 1.3243497789 
17.5 0.87014229273 1.31371729938 
17.6 0.78176777015 1.29092196352 
17.7 0.704994355877 1.25809972226 
17.8 0.638898961471 1.21739519031 
17.9 0.582391303479 1.17081920099 
18 0.53434386357 1.12016410604 
18.1 0.493674306828 1.06696625946 
18.2 0.459391629274 1.01250101492 
18.3 0.430616750413 0.957797905854 
18.4 0.406586886034 0.903666478449 
18.5 0.386650435839 0.850726353872 
18.6 0.370256953783 0.799437424864 
18.7 0.356945505846 0.750128255988 
18.8 0.346332382088 0.703020973845 
18.9 0.338099780893 0.658252960702 
19 0.331985747065 0.615895050555 
19.1 0.327775424117 0.57596640076 
19.2 0.325293596148 0.538446842674 
19.3 0.324398343721 0.503286916321 
19.4 0.324975849951 0.470415770196 
19.5 0.326935888255 0.439747834511 
19.6 0.330208460419 0.411187402634 
19.7 0.334741247686 0.384631799983 
19.8 0.340496346518 0.359976430837 
19.9 0.347448909435 0.337115652977 
20 0.355585323194 0.315944949779 
