Time Prey Predator
0.0  1.1640613483 1.80779493544
0.1 0.976623350994 1.82008640083 
0.2 0.819779703286 1.80120593813 
0.3 0.691060861009 1.75729944342 
0.4 0.586744955581 1.69465959703 
0.5 0.502818572552 1.61899703087 
0.6 0.435525956407 1.53510681341 
0.7 0.381608692741 1.4468047155 
0.8 0.338368998651 1.35700225511 
0.9 0.303635832919 1.267841818 
1 0.275690379362 1.18084800344 
1.1 0.253185572573 1.09706308978 
1.2 0.235071412971 1.01716133878 
1.3 0.220528706036 0.941545998455 
1.4 0.208919443339 0.870417690658 
1.5 0.199746738814 0.803829946673 
1.6 0.19262197219 0.741733718662 
1.7 0.18724075351 0.684008155915 
1.8 0.183364273042 0.630484481147 
1.9 0.180805278456 0.580963080515 
2 0.179417430173 0.535226120403 
2.1 0.179086408443 0.493047816225 
2.2 0.179723765558 0.454200606411 
2.3 0.181262040921 0.418459874553 
2.4 0.183650945248 0.385607403275 
2.5 0.186854370676 0.355433591668 
2.6 0.190848018059 0.327739000144 
2.7 0.195617935393 0.302334686222 
2.8 0.201158615759 0.279043425404 
2.9 0.207472389995 0.257699082882 
3 0.214568160534 0.238147029468 
3.1 0.222461118589 0.220243346141 
3.2 0.231171971036 0.203854794515 
3.3 0.240726769069 0.188858068912 
3.4 0.25115652429 0.175139459298 
3.5 0.262497082282 0.162594204914 
3.6 0.274788984378 0.151125979391 
3.7 0.288077408113 0.140646359728 
3.8 0.302412168879 0.131074288406 
3.9 0.317847707526 0.122335608856 
4 0.334443266411 0.114362483989 
4.1 0.352262891495 0.107093035561 
4.2 0.371375502718 0.100470978983 
4.3 0.391855186531 0.0944451026827 
4.4 0.413781186712 0.0889690179605 
4.5 0.437238185575 0.0840007810549 
4.6 0.462316446433 0.0795026166279 
4.7 0.489111950397 0.0754406821163 
4.8 0.517726666356 0.071784819495 
4.9 0.548268599827 0.0685083954573 
5 0.58085203859 0.0655881396357 
5.1 0.615597645414 0.0630040427989 
5.2 0.652632463277 0.0607393042502 
5.3 0.692090116843 0.058780283864 
5.4 0.734110514768 0.057116607445 
5.5 0.778839904978 0.0557412117601 
5.6 0.826430523465 0.0546505499253 
5.7 0.877039844672 0.0538449557343 
5.8 0.930830594361 0.0533287900387 
5.9 0.987968864919 0.0531112852188 
6 1.04862293937 0.0532071644952 
6.1 1.1129623744 0.0536372003933 
6.2 1.18115310486 0.0544303155115 
6.3 1.25335605761 0.0556243562992 
6.4 1.32972295202 0.05726799999 
6.5 1.41038614697 0.0594250695541 
6.6 1.49545461899 0.0621764168366 
6.7 1.58499906097 0.0656262854063 
6.8 1.67904468594 0.0699054826752 
6.9 1.77754131366 0.0751840709939 
7 1.88034339794 0.0816798547615 
7.1 1.98717804802 0.0896719135443 
7.2 2.09759442823 0.0995221514118 
7.3 2.21091309658 0.111696547246 
7.4 2.32613608853 0.126802492499 
7.5 2.44185833627 0.145625291031 
7.6 2.55613862907 0.169179649541 
7.7 2.66634798231 0.198767030851 
7.8 2.76899819244 0.236034334149 
7.9 2.85956563339 0.283022049332 
8 2.93235980021 0.342165206162 
8.1 2.98052182115 0.416202086967 
8.2 2.99627162964 0.507914380484 
8.3 2.9715975193 0.619599572614 
8.4 2.8995118131 0.752233347619 
8.5 2.77587425773 0.904382642606 
8.6 2.60139722184 1.07118892364 
8.7 2.38303940966 1.24397503691 
8.8 2.1338034535 1.41106597851 
8.9 1.87056582751 1.55987582708 
9 1.61054689569 1.67961842195 
9.1 1.36790743946 1.76349432076 
9.2 1.15181196317 1.80947637472 
9.3 0.966266213211 1.81971864771 
9.4 0.81122035892 1.79914305052 
9.5 0.684094450325 1.75392978651 
9.6 0.581128504188 1.6903508246 
9.7 0.498313993729 1.61406668005 
9.8 0.431919293835 1.5298141052 
9.9 0.378720509731 1.44135016473 
10 0.336053570505 1.35153498761 
10.1 0.30177697785 1.26247011867 
10.2 0.27419667672 1.17564746846 
10.3 0.251985450005 1.09208420665 
10.4 0.234108194619 1.01243682646 
10.5 0.21975912771 0.937092357206 
10.6 0.208309749538 0.866241668091 
10.7 0.199270786801 0.799930533716 
10.8 0.192259252725 0.738104898326 
10.9 0.186975197115 0.680640607217 
11 0.183183377558 0.627366454436 
11.1 0.180699309366 0.578081445512 
11.2 0.179378568773 0.532567448868 
11.3 0.179108446266 0.49059848354 
11.4 0.179802166518 0.451946593777 
11.5 0.181393310464 0.416387683094 
11.6 0.183832568308 0.383703970202 
11.7 0.187084643073 0.353686396783 
11.8 0.191125939043 0.326136109367 
11.9 0.195942935022 0.300865072462 
12 0.201530718941 0.277696615752 
12.1 0.207891925314 0.25646544889 
12.2 0.215035949299 0.237017460498 
12.3 0.222978254547 0.219209495884 
12.4 0.23173986634 0.202908952626 
12.5 0.241347220275 0.187993021343 
12.6 0.251831609115 0.174348563359 
12.7 0.263229167243 0.161871362413 
12.8 0.275580731343 0.15046558538 
12.9 0.288931743854 0.140043296738 
13 0.303332326549 0.130523842229 
13.1 0.318837215457 0.121833465455 
13.2 0.335505930083 0.113904714921 
13.3 0.353402770324 0.10667610805 
13.4 0.372597024672 0.100091632832 
13.5 0.393163034629 0.0941004080537 
13.6 0.41518041185 0.0886563025888 
13.7 0.438734158142 0.0837176387592 
13.8 0.463914878679 0.0792468926677 
13.9 0.490818911059 0.0752104487968 
14 0.519548563355 0.0715783737451 
14.1 0.550212301796 0.0683242311341 
14.2 0.582924723022 0.0654249639208 
14.3 0.617806881795 0.0628607567412 
14.4 0.654986318034 0.0606149860169 
14.5 0.694596867474 0.0586742514028 
14.6 0.736778974527 0.0570283349739 
14.7 0.781679263652 0.0556703861213 
14.8 0.829450096433 0.0545971494102 
14.9 0.880249705022 0.0538090529301 
15 0.934240653834 0.0533108841701 
15.1 0.991589130023 0.053112212519 
15.2 1.05246430557 0.0532278215981 
15.3 1.11703442373 0.0536793934336 
15.4 1.18546583445 0.0544961018238 
15.5 1.25792014463 0.055715961751 
15.6 1.33454581281 0.057389396244 
15.7 1.41547567602 0.0595804792456 
15.8 1.50081466083 0.0623721992936 
15.9 1.59063515398 0.0658685545908 
16 1.68495462507 0.0702040715315 
16.1 1.78371864413 0.0755510512793 
16.2 1.88677550579 0.0821303043107 
16.3 1.99384338991 0.0902251926873 
16.4 2.10445925823 0.100203290076 
16.5 2.21792311666 0.11253955085 
16.6 2.33321774522 0.127849993967 
16.7 2.44890865569 0.146932597922 
16.8 2.56301783034 0.170817558862 
16.9 2.67286783566 0.200826278309 
17 2.77491120433 0.23862870829 
17.1 2.86455796045 0.286289358707 
17.2 2.93604174105 0.346266859448 
17.3 2.98243838389 0.421310715955 
17.4 2.99592859192 0.514191101254 
17.5 2.96852113629 0.627151683928 
17.6 2.89334794257 0.761051992537 
17.7 2.76651075377 0.914274444238 
17.8 2.58907798993 1.08172729938 
17.9 2.36840481695 1.25451271759 
18 2.11781315797 1.42082889054 
18.1 1.85430654097 1.56812370915 
18.2 1.59500329006 1.68580648541 
18.3 1.3537972884 1.76735988632 
18.4 1.13952098928 1.81104618247 
18.5 0.95588969555 1.81923459463 
18.6 0.802654819506 1.79696417003 
18.7 0.677129697515 1.75044921935 
18.8 0.575517375451 1.68593911096 
18.9 0.493814795982 1.60904337475 
19 0.428318158672 1.5244373742 
19.1 0.375837655579 1.43582008615 
19.2 0.333742407144 1.34600121522 
19.3 0.299921096661 1.25704018217 
19.4 0.272704733131 1.17039590544 
19.5 0.250786433279 1.08706012654 
19.6 0.23314672428 1.00767034751 
19.7 0.218991844636 0.932600159792 
19.8 0.207703452894 0.862029248564 
19.9 0.198799077972 0.795997324475 
20 0.191901505894 0.734445051089 
