Time Prey Predator
0.0  1.12627191232 1.93586854115
0.1 0.929340132969 1.94065986126 
0.2 0.76818190877 1.91098785526 
0.3 0.638675794295 1.85469448194 
0.4 0.535725516671 1.7793363919 
0.5 0.454317183033 1.69144430705 
0.6 0.390030534065 1.59627689911 
0.7 0.339202750315 1.4978591085 
0.8 0.298909511194 1.39915017785 
0.9 0.266865285777 1.30224931295 
1 0.241305587193 1.20858907686 
1.1 0.220876317845 1.11909961079 
1.2 0.204540051574 1.03434071968 
1.3 0.191500996745 0.9546038587 
1.4 0.181147647874 0.87998799704 
1.5 0.17300842799 0.810457548311 
1.6 0.16671842666 0.745884620224 
1.7 0.161994356154 0.686080055708 
1.8 0.158615760513 0.630816088498 
1.9 0.156410749654 0.57984286175 
2 0.155246204119 0.532899035803 
2.1 0.155018511636 0.48972196739 
2.2 0.155648022084 0.450052534378 
2.3 0.157074358078 0.413639178324 
2.4 0.159252810123 0.380240636424 
2.5 0.162151574527 0.349627625011 
2.6 0.16574954087 0.321583841592 
2.7 0.170034847269 0.295906100676 
2.8 0.175003423609 0.272404657476 
2.9 0.180658071411 0.250902935885 
3 0.18700764284 0.231237143133 
3.1 0.194066560702 0.213255626166 
3.2 0.201854259699 0.196818426857 
3.3 0.210394998953 0.181796460373 
3.4 0.219717504655 0.168071043878 
3.5 0.229854934651 0.155533083482 
3.6 0.240844687194 0.144082527311 
3.7 0.252728445325 0.133627660156 
3.8 0.26555212988 0.124084564191 
3.9 0.279365969455 0.115376517919 
4 0.29422458664 0.107433461068 
4.1 0.310187165581 0.100191449341 
4.2 0.327317442416 0.0935922974935 
4.3 0.345684008049 0.0875830566754 
4.4 0.365360421457 0.0821156419127 
4.5 0.386425405738 0.0771464750589 
4.6 0.408963108735 0.0726361452834 
4.7 0.433063261578 0.0685491188016 
4.8 0.458821479382 0.0648534778607 
4.9 0.486339454037 0.0615206850731 
5 0.515725208696 0.0585253872266 
5.1 0.547093362828 0.0558452545989 
5.2 0.580565286578 0.0534608440685 
5.3 0.616269406176 0.0513555046177 
5.4 0.654341278276 0.0495153384712 
5.5 0.694923776619 0.0479291783104 
5.6 0.738167190343 0.0465886257848 
5.7 0.78422900854 0.0454882048127 
5.8 0.833274173425 0.044625414245 
5.9 0.885474414059 0.0440011098373 
6 0.941007698599 0.0436198784939 
6.1 1.00005815515 0.0434902835877 
6.2 1.06281373454 0.0436259775579 
6.3 1.12946553335 0.0440462121865 
6.4 1.20020598723 0.0447768216837 
6.5 1.27522327941 0.0458527467955 
6.6 1.35470058796 0.0473186297759 
6.7 1.43880916206 0.0492319569468 
6.8 1.52769767918 0.0516677627293 
6.9 1.62148555133 0.0547217760905 
7 1.72024703641 0.0585174470826 
7.1 1.82399726325 0.0632121759892 
7.2 1.93265668983 0.0690128533775 
7.3 2.04602394384 0.0761877621044 
7.4 2.16373273138 0.0850855052193 
7.5 2.28518062017 0.0961662768242 
7.6 2.40945247045 0.110034819447 
7.7 2.53520835698 0.127489006144 
7.8 2.66053952363 0.149580807557 
7.9 2.78278665651 0.177690890233 
8 2.89831867598 0.213614609925 
8.1 3.00228594032 0.259646351573 
8.2 3.08839351543 0.318629824189 
8.3 3.14878497769 0.393915144444 
8.4 3.1742001877 0.489124183348 
8.5 3.15466862903 0.60757343837 
8.6 3.0809739786 0.751249602922 
8.7 2.94701593355 0.919336610101 
8.8 2.75263504333 1.10668105251 
8.9 2.50579197336 1.30300047856 
9 2.22257876957 1.49377736276 
9.1 1.92428531897 1.66310000886 
9.2 1.63243557911 1.79747464473 
9.3 1.36409014629 1.8888324962 
9.4 1.12943601802 1.93543171443 
9.5 0.931970913777 1.94078178198 
9.6 0.770318208912 1.9115645003 
9.7 0.64038483325 1.85561225537 
9.8 0.537083066335 1.7804898213 
9.9 0.455392740356 1.69274636899 
10 0.390883148318 1.59765934495 
10.1 0.33988079537 1.49927047994 
10.2 0.299450624238 1.40055354484 
10.3 0.267298915122 1.30361870918 
10.4 0.241654377021 1.20990704817 
10.5 0.221157539053 1.12035526639 
10.6 0.204766828778 1.03552790098 
10.7 0.191683959141 0.955718864926 
10.8 0.181294074131 0.881031183734 
10.9 0.173124396118 0.811429806477 
11 0.166808862136 0.7467875719 
11.1 0.162063172752 0.686916270438 
11.2 0.158666013335 0.631588836262 
11.3 0.156445020808 0.580555278581 
11.4 0.155266129123 0.533555145766 
11.5 0.155025381824 0.490325617022 
11.6 0.155642759692 0.450607523539 
11.7 0.157057854035 0.414148845731 
11.8 0.159225662393 0.380708348832 
11.9 0.162114188347 0.350056607778 
12 0.165702297871 0.321976966066 
12.1 0.169977907516 0.296266206001 
12.2 0.174936829984 0.272734423835 
12.3 0.180581769603 0.251204848839 
12.4 0.186921501043 0.231513481675 
12.5 0.193970341196 0.213508525693 
12.6 0.201747675409 0.197049832093 
12.7 0.210277619362 0.182008262383 
12.8 0.219588984442 0.168264796743 
12.9 0.229714759834 0.155710327442 
13 0.24069235366 0.14424461528 
13.1 0.252563354632 0.13377587109 
13.2 0.265373631424 0.124220064517 
13.3 0.279173371858 0.115500356929 
13.4 0.294017126346 0.107546606554 
13.5 0.309963984436 0.100294803421 
13.6 0.327077634546 0.0936866734145 
13.7 0.345426599991 0.0876691931003 
13.8 0.365084354006 0.0821942120706 
13.9 0.386129568209 0.0772180840727 
14 0.4086462898 0.0727013409685 
14.1 0.432724191187 0.068608397623 
14.2 0.458458780543 0.0649072827659 
14.3 0.485951661614 0.0615694119156 
14.4 0.515310807607 0.0585693942692 
14.5 0.546650691772 0.0558848533977 
14.6 0.58009261992 0.0534963037711 
14.7 0.61576492292 0.0513870588095 
14.8 0.653803008329 0.0495431865758 
14.9 0.694349708584 0.0479534676166 
15 0.737555164491 0.0466094779596 
15.1 0.78357679174 0.0455056886498 
15.2 0.832579462708 0.0446395454698 
15.3 0.884734662766 0.0440119060889 
15.4 0.940220426983 0.0436272469818 
15.5 0.999220768095 0.0434940855812 
15.6 1.06192343172 0.0436260572421 
15.7 1.12851980811 0.0440422016213 
15.8 1.19920194595 0.0447684093174 
15.9 1.27415820442 0.0458394397548 
16 1.35357248592 0.047299527411 
16.1 1.43761505458 0.0492064511645 
16.2 1.52643585561 0.051634594454 
16.3 1.62015373469 0.0546798181411 
16.4 1.71884565734 0.0584642874449 
16.5 1.82252569492 0.0631457400968 
16.6 1.93111633083 0.0689300585341 
16.7 2.04441881909 0.0760842414337 
16.8 2.16206860234 0.0849560424846 
16.9 2.28346705213 0.0960038559568 
17 2.40770436544 0.109829950618 
17.1 2.53344719505 0.127229250752 
17.2 2.65879552075 0.149249824573 
17.3 2.78110123704 0.177267412311 
17.4 2.8967489585 0.213070702547 
17.5 3.00090793494 0.258946118709 
17.6 3.08730446422 0.317729711317 
17.7 3.14810031638 0.392768758105 
17.8 3.17405604818 0.48768018463 
17.9 3.15520102492 0.605791949136 
18 3.08229737328 0.749116387581 
18.1 2.9491848752 0.916885725302 
18.2 2.75560501221 1.10401529186 
18.3 2.50939708027 1.30029417083 
18.4 2.2265581564 1.49124572716 
18.5 1.92833152005 1.66095589395 
18.6 1.63627789363 1.79587058344 
18.7 1.36753703689 1.88783793719 
18.8 1.13239380775 1.93503342485 
18.9 0.934427505757 1.94090754245 
19 0.772313386422 1.91211251313 
19.1 0.641983215938 1.85647572851 
19.2 0.538354026826 1.78157220664 
19.3 0.456400740822 1.69396693238 
19.4 0.391684019483 1.59895398324 
19.5 0.340518176032 1.50059251499 
19.6 0.299959613631 1.40186848735 
19.7 0.2677068559 1.30490232261 
19.8 0.241982784066 1.21114267306 
19.9 0.221422768122 1.12153225046 
20 0.204981408734 1.03664015379 
