Time Prey Predator
0.0  1.48611644742 0.994635591004
0.1 1.38702920113 1.0390359843 
0.2 1.28764204748 1.07467672943 
0.3 1.19046917161 1.10064609795 
0.4 1.09755920308 1.11656335523 
0.5 1.01042780312 1.1225484427 
0.6 0.930061454183 1.11914579872 
0.7 0.85697199939 1.10722260156 
0.8 0.791285703166 1.08785209169 
0.9 0.732839824389 1.06220984682 
1 0.681274140028 1.03148724633 
1.1 0.636110112705 0.99682583572 
1.2 0.596813533372 0.959273268381 
1.3 0.562834276684 0.919763448357 
1.4 0.533638562967 0.879103435783 
1.5 0.508727150311 0.837974105491 
1.6 0.487645026862 0.796937248969 
1.7 0.469986383786 0.75644558915 
1.8 0.455393558654 0.71685631586 
1.9 0.443555590219 0.67844341358 
2 0.43420465435 0.641410276237 
2.1 0.427112016657 0.605901288669 
2.2 0.422083874737 0.572012177326 
2.3 0.418957353663 0.539798885373 
2.4 0.41759670557 0.509285871155 
2.5 0.417890007486 0.480472402371 
2.6 0.419746007628 0.453338240042 
2.7 0.423091848624 0.427847804521 
2.8 0.427870357818 0.403955050049 
2.9 0.43403859094 0.381605418529 
3 0.441565759606 0.360739375995 
3.1 0.450431994234 0.341293997004 
3.2 0.460627130163 0.32320466776 
3.3 0.472149514378 0.306406683748 
3.4 0.485005323686 0.290835873197 
3.5 0.499207384337 0.276430174413 
3.6 0.514774972184 0.263129285602 
3.7 0.531732743215 0.250876056186 
3.8 0.550110469257 0.239616303373 
3.9 0.569942262332 0.229299533122 
4 0.591266201084 0.219878869444 
4.1 0.61412367781 0.211311480867 
4.2 0.638558912625 0.203558608539 
4.3 0.664618280274 0.196585818709 
4.4 0.692349693065 0.190363104709 
4.5 0.721801564626 0.184865122829 
4.6 0.753022351665 0.180071343677 
4.7 0.786059949943 0.175966239176 
4.8 0.820958737001 0.172539871962 
4.9 0.857759581183 0.169787944767 
5 0.896499357929 0.167711955764 
5.1 0.937205891501 0.166320595436 
5.2 0.979896842115 0.165630022897 
5.3 1.02457748688 0.165664489796 
5.4 1.07123611617 0.166457678946 
5.5 1.119842546 0.168053083279 
5.6 1.1703384406 0.170506910753 
5.7 1.22263718445 0.173888044862 
5.8 1.27661315243 0.178281084176 
5.9 1.33209412045 0.183788498468 
6 1.38885287341 0.190532839328 
6.1 1.44659810173 0.198659225217 
6.2 1.50495949835 0.208338860858 
6.3 1.56347751683 0.219771585175 
6.4 1.62158662234 0.233188513274 
6.5 1.67860346405 0.248854433309 
6.6 1.7337116241 0.267067049755 
6.7 1.78594982038 0.288158293173 
6.8 1.83420785951 0.312484375384 
6.9 1.87722733908 0.340417068445 
7 1.91361264226 0.372327433164 
7.1 1.94186916469 0.40855271144 
7.2 1.96045466626 0.449359157758 
7.3 1.96786028657 0.494890257546 
7.4 1.96272227541 0.545102589768 
7.5 1.94395696613 0.599697492477 
7.6 1.91090941672 0.65805608464 
7.7 1.86349393087 0.719193321009 
7.8 1.80230015007 0.78174730505 
7.9 1.72863425592 0.84402016824 
8 1.6444764183 0.904073551853 
8.1 1.55234433495 0.959879085591 
8.2 1.45508193129 1.00949865091 
8.3 1.35560786271 1.05126496967 
8.4 1.25666981237 1.08392843501 
8.5 1.16064626038 1.10674525952 
8.6 1.06942175068 1.11949695768 
8.7 0.984341481444 1.12244742431 
8.8 0.906233732031 1.11625535518 
8.9 0.835478860928 1.10186419316 
9 0.772101805249 1.08038982942 
9.1 0.715868851097 1.05302059395 
9.2 0.666375659741 1.02093753638 
9.3 0.623120104711 0.985256824738 
9.4 0.58555800985 0.946992924116 
9.5 0.553142122034 0.907039871688 
9.6 0.525348165058 0.866164466363 
9.7 0.501690201497 0.825009053124 
9.8 0.481728547201 0.784099788811 
9.9 0.465072280445 0.743858172577 
10 0.451378993762 0.704613604429 
10.1 0.440351707686 0.666616526505 
10.2 0.431735358722 0.630050563545 
10.3 0.425312681448 0.595043711202 
10.4 0.420900008995 0.561678327459 
10.5 0.418343376028 0.529999716968 
10.6 0.417514888014 0.50002360453 
10.7 0.418309511487 0.471742315446 
10.8 0.420641961321 0.445130713751 
10.9 0.424444502648 0.420149738626 
11 0.429664794362 0.396749551466 
11.1 0.436263785644 0.374874263256 
11.2 0.44421437419 0.354462834122 
11.3 0.453499842886 0.335451791098 
11.4 0.464112803058 0.317776387911 
11.5 0.476054155891 0.301371967931 
11.6 0.489332217234 0.286174999928 
11.7 0.503962013051 0.272123749157 
11.8 0.519964508952 0.259159007512 
11.9 0.53736605167 0.247224489297 
12 0.556197770456 0.236267253184 
12.1 0.576495213872 0.226237668688 
12.2 0.598297458223 0.21709029129 
12.3 0.621646911884 0.208783494677 
12.4 0.646588541346 0.201279869375 
12.5 0.673169236325 0.194546413736 
12.6 0.701437309154 0.188554472173 
12.7 0.731441354584 0.183280269719 
12.8 0.763229737432 0.178704780872 
12.9 0.796849127645 0.174814235345 
13 0.832343465053 0.171600318401 
13.1 0.869752460136 0.169060540621 
13.2 0.909109448293 0.167198882689 
13.3 0.950439886283 0.166026123318 
13.4 0.993757949186 0.16556085986 
13.5 1.03906428507 0.165830110898 
13.6 1.08634196151 0.166870488186 
13.7 1.13555188246 0.168729534231 
13.8 1.18662816964 0.171467039 
13.9 1.239471578 0.175156918749 
14 1.29394312916 0.179889044014 
14.1 1.34985459116 0.18577184273 
14.2 1.40696022776 0.192934607022 
14.3 1.46494450607 0.201530457311 
14.4 1.5234108533 0.211739335421 
14.5 1.5818676723 0.223770514848 
14.6 1.6397138078 0.237865895801 
14.7 1.6962256805 0.25430025204 
14.8 1.75054165182 0.273382932272 
14.9 1.80165324807 0.295454426507 
15 1.84840304139 0.320877355604 
15.1 1.8894872069 0.350025643764 
15.2 1.923475703 0.383262367729 
15.3 1.9488507882 0.420907970126 
15.4 1.96407013236 0.463196386245 
15.5 1.96765813087 0.51021898858 
15.6 1.95832437413 0.561859193608 
15.7 1.93510170557 0.617724839678 
15.8 1.89750275407 0.677084120711 
15.9 1.84564585451 0.738832451571 
16 1.78034519128 0.801495322739 
16.1 1.70312904713 0.863285129725 
16.2 1.61616708141 0.922216581126 
16.3 1.52210470477 0.976270469703 
16.4 1.42383578237 1.02357657215 
16.5 1.32424848652 1.06258682152 
16.6 1.22599366852 1.09220289373 
16.7 1.13130313352 1.11184837978 
16.8 1.04189359198 1.12146300538 
16.9 0.958942500539 1.12144601512 
17 0.88312852033 1.1125578534 
17.1 0.814709540329 1.09580823818 
17.2 0.753618850896 1.07234586639 
17.3 0.69956064048 1.04336402118 
17.4 0.652091714787 1.01002950106 
17.5 0.610691348576 0.973429536845 
17.6 0.57481056402 0.934542144992 
17.7 0.543907099715 0.894221329032 
17.8 0.517467604875 0.853193961523 
17.9 0.495020136178 0.812064615492 
18 0.476140393097 0.771325048717 
18.1 0.46045292926 0.731366364693 
18.2 0.447629873552 0.692491788919 
18.3 0.43738805459 0.654929163564 
18.4 0.429484795228 0.618843439072 
18.5 0.423713798347 0.584347292538 
18.6 0.419901353697 0.551510360022 
18.7 0.417901967374 0.52036802718 
18.8 0.417595284905 0.490928036402 
18.9 0.418882808347 0.46317666461 
19 0.421685106092 0.437083662159 
19.1 0.425939510412 0.412606342157 
19.2 0.431598000513 0.389693023433 
19.3 0.43862546691 0.368285767513 
19.4 0.446998173729 0.348322646696 
19.5 0.456702469536 0.329739539311 
19.6 0.46773369068 0.312471667645 
19.7 0.480095153741 0.296454610617 
19.8 0.493797388549 0.281625328336 
19.9 0.508857318868 0.267922857208 
20 0.525297729499 0.255288761567 
