Time Prey Predator
0.0  1.77315403903 1.83088998748
0.1 1.4724747103 1.94805337954 
0.2 1.20787891812 2.01478006651 
0.3 0.985252510077 2.03360724915 
0.4 0.803901878201 2.01162055391 
0.5 0.659322488933 1.95779718677 
0.6 0.545524174296 1.8810531706 
0.7 0.456506295257 1.78916724509 
0.8 0.386976921871 1.68839967189 
0.9 0.332580151476 1.5835172563 
1 0.289876777652 1.47799433962 
1.1 0.256211425153 1.37427223515 
1.2 0.229560335149 1.27399951392 
1.3 0.208389147758 1.17823534472 
1.4 0.191536734733 1.08760899414 
1.5 0.178122871439 1.00244164226 
1.6 0.167478040957 0.922837256391 
1.7 0.159090821307 0.848749507485 
1.8 0.152568735934 0.780030508265 
1.9 0.147609405001 0.716465812931 
2 0.143979479624 0.657799329245 
2.1 0.141497723532 0.6037528353 
2.2 0.140023575934 0.554037912961 
2.3 0.139448310039 0.508364968587 
2.4 0.139688274673 0.466449607846 
2.5 0.14067971721 0.428016855336 
2.6 0.142375066918 0.392803683809 
2.7 0.144739913745 0.360560763057 
2.8 0.147750709131 0.331053436907 
2.9 0.151392921194 0.30406209778 
3 0.155659907591 0.279381845428 
3.1 0.160551664195 0.256822429325 
3.2 0.166074158052 0.236207576679 
3.3 0.172238696037 0.21737440542 
3.4 0.179061412955 0.200172749475 
3.5 0.186562993701 0.184464353235 
3.6 0.194768381954 0.170122178453 
3.7 0.20370660062 0.157029659641 
3.8 0.213410769388 0.145079849595 
3.9 0.223917922592 0.134174866086 
4 0.23526902735 0.124225214038 
4.1 0.247509103284 0.115149056422 
4.2 0.260687175826 0.106871723861 
4.3 0.274856504183 0.0993250651135 
4.4 0.290074606186 0.092447003708 
4.5 0.306403493572 0.0861810160841 
4.6 0.323909794172 0.0804757129435 
4.7 0.342664980274 0.0752844360063 
4.8 0.36274557255 0.0705648785955 
4.9 0.384233371429 0.0662787535431 
5 0.407215715743 0.0623914965777 
5.1 0.431785725717 0.0588719874531 
5.2 0.458042594543 0.05569232142 
5.3 0.486091835849 0.0528275837937 
5.4 0.516045617804 0.0502556939959 
5.5 0.548023010536 0.0479572472126 
5.6 0.582150218531 0.0459153830933 
5.7 0.618560959818 0.0441157215605 
5.8 0.657396569164 0.0425463250402 
5.9 0.698806249502 0.0411976831269 
6 0.742947347707 0.040062731276 
6.1 0.789985108622 0.0391370330443 
6.2 0.840092951468 0.0384188487409 
6.3 0.893452334638 0.0379093681686 
6.4 0.950251802562 0.0376132628308 
6.5 1.01068727281 0.0375388200802 
6.6 1.07496058017 0.0376987657298 
6.7 1.14327744987 0.0381113405282 
6.8 1.21584740956 0.0388006387345 
6.9 1.29287862931 0.0397990301237 
7 1.37457498476 0.0411486941267 
7.1 1.46113349659 0.0429030269143 
7.2 1.55273161156 0.0451323446757 
7.3 1.64952126278 0.0479267504542 
7.4 1.75161229894 0.0514036721611 
7.5 1.85906228422 0.055712565632 
7.6 1.97184061825 0.0610509393592 
7.7 2.08979819475 0.0676779411945 
7.8 2.21262639085 0.0759326973916 
7.9 2.33978622701 0.0862662125008 
8 2.47042415254 0.0992786708771 
8.1 2.60325673116 0.115770606417 
8.2 2.73641338921 0.136812029136 
8.3 2.8672325693 0.163829678153 
8.4 2.99200573634 0.198712539672 
8.5 3.10567875293 0.243924272635 
8.6 3.20154841018 0.302593712724 
8.7 3.27104313022 0.378523484148 
8.8 3.30379867742 0.475977486951 
8.9 3.28831084871 0.599097322668 
9 3.21355154151 0.750732837325 
9.1 3.07175205412 0.930657703051 
9.2 2.86195027459 1.13356776121 
9.3 2.59290740414 1.34789465884 
9.4 2.28333583517 1.55674287203 
9.5 1.95826925143 1.74141029407 
9.6 1.64276442497 1.88621593891 
9.7 1.35606767229 1.98221628008 
9.8 1.10889218811 2.02812517458 
9.9 0.904032311953 2.02873075433 
10 0.738858249732 1.9922111136 
10.1 0.608004299582 1.92770186834 
10.2 0.505346500921 1.84372307756 
10.3 0.425130933564 1.74742973101 
10.4 0.362451361487 1.64443530215 
10.5 0.313350874477 1.53893114306 
10.6 0.274738214826 1.43392574686 
10.7 0.244242586414 1.33149919121 
10.8 0.220062271135 1.2330296476 
10.9 0.200833172613 1.13937786719 
11 0.185522833141 1.05102976072 
11.1 0.173346004088 0.968207394215 
11.2 0.163705889111 0.890943341887 
11.3 0.15614576482 0.819142615818 
11.4 0.150314308246 0.752625802388 
11.5 0.145940212297 0.69115903161 
11.6 0.142813470981 0.634475099078 
11.7 0.140771300235 0.582290165367 
11.8 0.139687510757 0.534314402485 
11.9 0.139464567715 0.490259893076 
12 0.140027964172 0.449845458298 
12.1 0.141321134401 0.412801042788 
12.2 0.143302309616 0.378869368408 
12.3 0.145941887013 0.347807231852 
12.4 0.149220302592 0.319386279615 
12.5 0.153126487985 0.293393134812 
12.6 0.157656700551 0.269629148505 
12.7 0.162813563641 0.247910000379 
12.8 0.168605340592 0.228065172527 
12.9 0.175045366106 0.209937291867 
13 0.182151802136 0.193381209565 
13.1 0.189947161308 0.178263479482 
13.2 0.198458120707 0.164461588636 
13.3 0.207715474796 0.151863087449 
13.4 0.217753929264 0.140365018311 
13.5 0.228612214826 0.129873073498 
13.6 0.240332970888 0.120301080372 
13.7 0.252962917589 0.111570267672 
13.8 0.266552840957 0.103608788604 
13.9 0.281157790253 0.09635111626 
14 0.29683715385 0.0897375700125 
14.1 0.313654872362 0.0837138426575 
14.2 0.331679591544 0.0782305865611 
14.3 0.350984887708 0.0732430177169 
14.4 0.371649470371 0.0687105626182 
14.5 0.393757456551 0.0645965428476 
14.6 0.417398614613 0.0608678936285 
14.7 0.442668588656 0.057494904537 
14.8 0.469669188176 0.0544508800039 
14.9 0.498508713626 0.0517121718474 
15 0.529302202964 0.0492578566548 
15.1 0.562171685933 0.0470695030841 
15.2 0.597246513436 0.0451314426355 
15.3 0.63466359807 0.043430252705 
15.4 0.674567574763 0.0419550043848 
15.5 0.717111008115 0.0406973186313 
15.6 0.762454685441 0.0396510658631 
15.7 0.810767175645 0.0388130667518 
15.8 0.862225325322 0.0381827662096 
15.9 0.917013815345 0.0377626354671 
16 0.975323983899 0.0375590761474 
16.1 1.03735484961 0.0375818862024 
16.2 1.10330965153 0.0378462123662 
16.3 1.17339578778 0.0383727307927 
16.4 1.24782398617 0.0391881606937 
16.5 1.32680039993 0.040329105653 
16.6 1.41052674119 0.0418421489114 
16.7 1.49919060926 0.0437882785477 
16.8 1.59296291434 0.0462442735777 
16.9 1.69197981334 0.0493109151621 
17 1.79633081101 0.053118409652 
17.1 1.90603735371 0.0578358977663 
17.2 2.02102670718 0.0636833469052 
17.3 2.14108788121 0.0709513305618 
17.4 2.26582260805 0.0800227348367 
17.5 2.39457124439 0.0914060780756 
17.6 2.52631830734 0.105777533845 
17.7 2.65955053793 0.124043493329 
17.8 2.7920917667 0.147412552162 
17.9 2.92087214761 0.177493165243 
18 3.04165269297 0.21640361949 
18.1 3.1487175852 0.266880472219 
18.2 3.23458979843 0.332344973113 
18.3 3.28990818371 0.416835691762 
18.4 3.30369793889 0.5246681381 
18.5 3.26439615664 0.659615819443 
18.6 3.16195008901 0.823474626499 
18.7 2.99102751995 1.0141003955 
18.8 2.75452794527 1.22359160516 
18.9 2.46560786 1.43785853373 
19 2.14630282149 1.63868995198 
19.1 1.82247312352 1.80808181808 
19.2 1.51728420138 1.93289494442 
19.3 1.24649718609 2.00747583724 
19.4 1.0172493286 2.03340112905 
19.5 0.829698249746 2.01722473643 
19.6 0.679761830859 1.96778019994 
19.7 0.56156548984 1.89408191919 
19.8 0.469048439637 1.80412396999 
19.9 0.396784156137 1.70440896443 
20 0.340269895194 1.59992436599 
