Time Prey Predator
0.0  1.06409777091 1.54920431403
0.1 0.925026117295 1.54811086828 
0.2 0.805345032393 1.52713837766 
0.3 0.703904907933 1.48990560885 
0.4 0.618846178274 1.44011410344 
0.5 0.548041908548 1.38120619235 
0.6 0.489379886512 1.31618279524 
0.7 0.440919756189 1.24753953872 
0.8 0.400962106945 1.17727554998 
0.9 0.368064632362 1.1069415607 
1 0.341028615169 1.03770448847 
1.1 0.318870195389 0.970415306627 
1.2 0.300789183889 0.905670830808 
1.3 0.286138276056 0.843867872551 
1.4 0.274395712091 0.785248227402 
1.5 0.265141553574 0.729936122288 
1.6 0.258038436041 0.677967159799 
1.7 0.252815741168 0.629311508585 
1.8 0.249256777878 0.583892313048 
1.9 0.247188743459 0.541599499323 
2 0.246474511776 0.502300697427 
2.1 0.247006160531 0.465849548491 
2.2 0.248699985657 0.432091754958 
2.3 0.251491951894 0.400870480793 
2.4 0.255335193833 0.372028653572 
2.5 0.260196956857 0.345412297809 
2.6 0.266056622274 0.320872240631 
2.7 0.272904251244 0.298265106974 
2.8 0.280739140607 0.277454360443 
2.9 0.289568808303 0.258310776317 
3 0.299408288461 0.240712585469 
3.1 0.310279507854 0.22454555479 
3.2 0.322210402923 0.209703334748 
3.3 0.335235157346 0.196086629251 
3.4 0.349393427073 0.183603444228 
3.5 0.364730447781 0.172168603462 
3.6 0.381296632029 0.161703605856 
3.7 0.39914765946 0.152136215554 
3.8 0.418344259124 0.143400207496 
3.9 0.438952280143 0.135435052516 
4 0.461042590555 0.12818561501 
4.1 0.484691116235 0.121601927995 
4.2 0.509978804087 0.115638905898 
4.3 0.53699158847 0.110256267894 
4.4 0.565820370965 0.105418142279 
4.5 0.596560992431 0.101092793939 
4.6 0.629313890792 0.0972531035756 
4.7 0.66418409358 0.0938762739046 
4.8 0.701281347128 0.0909432341086 
4.9 0.74071907488 0.0884393767795 
5 0.782613264267 0.0863552176578 
5.1 0.827083836284 0.0846850979468 
5.2 0.874253003756 0.083428058297 
5.3 0.924241281368 0.0825898301492 
5.4 0.977169191776 0.0821817575989 
5.5 1.03315312774 0.0822224110944 
5.6 1.09230375643 0.0827382078768 
5.7 1.15472398597 0.0837642644318 
5.8 1.22049937286 0.0853483523985 
5.9 1.28969684582 0.0875512620365 
6 1.36235440192 0.0904506774448 
6.1 1.43847539611 0.0941435467221 
6.2 1.51801015858 0.0987533557932 
6.3 1.60084909296 0.10443271368 
6.4 1.6867925763 0.111374895236 
6.5 1.7755317765 0.119821279241 
6.6 1.86661869434 0.130072813901 
6.7 1.95942125279 0.142506834926 
6.8 2.05307973529 0.157592988697 
6.9 2.14644492472 0.175915250829 
7 2.23800904334 0.198194550926 
7.1 2.32583457569 0.225310447925 
7.2 2.40746810502 0.258321304272 
7.3 2.4798807484 0.29846717532 
7.4 2.53942995897 0.347146598876 
7.5 2.58190472808 0.405845084019 
7.6 2.60267507137 0.475991546163 
7.7 2.59703775639 0.558705748276 
7.8 2.56076526316 0.65444175063 
7.9 2.49088085736 0.762538437691 
8 2.38653426527 0.880781192909 
8.1 2.24975049939 1.00513697251 
8.2 2.08573155765 1.12986294502 
8.3 1.90245089059 1.24810687066 
8.4 1.70953760444 1.35292077835 
8.5 1.51673696065 1.43841102324 
8.6 1.33245349938 1.50064645914 
8.7 1.16280270616 1.53805395227 
8.8 1.01135215889 1.55125658632 
8.9 0.879391737506 1.54255435664 
9 0.766517324491 1.51525131299 
9.1 0.671260917883 1.47304603598 
9.2 0.591626254031 1.41957369712 
9.3 0.525467082831 1.35812992618 
9.4 0.47072071788 1.29153526338 
9.5 0.425529634178 1.22210145078 
9.6 0.388288138364 1.15165798578 
9.7 0.357644953274 1.08160852339 
9.8 0.332482701869 1.01299779174 
9.9 0.311887928604 0.946577579167 
10 0.295119549537 0.882866363364 
10.1 0.281578697726 0.822200062929 
10.2 0.270783012536 0.764774053043 
10.3 0.262344623535 0.710677188751 
10.4 0.255952053536 0.65991894285 
10.5 0.251355695263 0.612450448872 
10.6 0.248355717113 0.568181631891 
10.7 0.246792941575 0.526993435749 
10.8 0.24654186202 0.488746879052 
10.9 0.2475038045 0.45329236907 
11 0.249602569709 0.420474367593 
11.1 0.252780792279 0.390135461799 
11.2 0.25699690444 0.36211955725 
11.3 0.262222792931 0.336274274187 
11.4 0.268441896293 0.312452416072 
11.5 0.275647655792 0.290513172782 
11.6 0.283842519838 0.270322498173 
11.7 0.293036859977 0.251753772352 
11.8 0.303248180768 0.234688123424 
11.9 0.314500681979 0.219014141971 
12 0.32682466119 0.204628007545 
12.1 0.340256303827 0.19143312046 
12.2 0.354837312496 0.179340027609 
12.3 0.370614809919 0.168266004092 
12.4 0.387641131923 0.158134880878 
12.5 0.405973796496 0.148876634889 
12.6 0.42567539186 0.140427154181 
12.7 0.446813591506 0.132727890779 
12.8 0.469461098491 0.125725631097 
12.9 0.493695630504 0.119372221286 
13 0.519599913742 0.113624336696 
13.1 0.547261817849 0.108443164396 
13.2 0.576774013967 0.103794438103 
13.3 0.608233969165 0.0996482699233 
13.4 0.641744095072 0.0959788986125 
13.5 0.677411053621 0.0927648747774 
13.6 0.715345689772 0.0899889946852 
13.7 0.755662904198 0.0876382795783 
13.8 0.798480299664 0.0857044307462 
13.9 0.843917961063 0.0841839002383 
14 0.892097746103 0.0830781593132 
14.1 0.943140476609 0.0823947167373 
14.2 0.997165494151 0.0821473517573 
14.3 1.05428865063 0.082356917976 
14.4 1.11461658253 0.0830535028074 
14.5 1.17824593869 0.0842768316273 
14.6 1.24525865696 0.0860781292552 
14.7 1.31571102487 0.088524307658 
14.8 1.38962979527 0.0916995655029 
14.9 1.46699884975 0.0957105879984 
15 1.54775182016 0.100689443049 
15.1 1.63174626601 0.10680357732 
15.2 1.71874693214 0.114262241501 
15.3 1.8083990402 0.12332666294 
15.4 1.90019118998 0.134324223447 
15.5 1.99341691869 0.147662823633 
15.6 2.08711636624 0.163851895463 
15.7 2.18001902313 0.183522145714 
15.8 2.27047125491 0.207449593715 
15.9 2.35635438452 0.236577216151 
16 2.43501534542 0.272030053633 
16.1 2.50319997666 0.315110604372 
16.2 2.55705211346 0.367259916786 
16.3 2.59217999505 0.429965613442 
16.4 2.60387933818 0.504577509918 
16.5 2.58754236567 0.592021376427 
16.6 2.53929901958 0.692399412058 
16.7 2.45684470687 0.804531671909 
16.8 2.34030422305 0.925557522935 
16.9 2.19285854108 1.05078320222 
17 2.0208010145 1.17397042411 
17.1 1.83286974648 1.2880984814 
17.2 1.63891929515 1.38647589682 
17.3 1.44835652001 1.46384036309 
17.4 1.26882550856 1.51710533564 
17.5 1.10551525202 1.54553594306 
17.6 0.961109152041 1.55044036385 
17.7 0.836206971916 1.53456086674 
17.8 0.729948157785 1.50140828065 
17.9 0.640619133887 1.45470032912 
18 0.56613349026 1.39797297538 
18.1 0.504354576117 1.33435874117 
18.2 0.453285037917 1.26649290075 
18.3 0.411156672916 1.19650638161 
18.4 0.376457675924 1.12606633018 
18.5 0.347924889361 1.05643798306 
18.6 0.324519093375 0.988552075142 
18.7 0.305393033696 0.923069223667 
18.8 0.289860537993 0.860436070728 
18.9 0.277367960543 0.800932989512 
19 0.26746971292 0.744712968649 
19.1 0.259807565244 0.691833363582 
19.2 0.254093661071 0.642281023719 
19.3 0.250098228495 0.595989111175 
19.4 0.247637266857 0.55285579562 
19.5 0.246564568567 0.512754083549 
19.6 0.246764770893 0.475540850871 
19.7 0.248147875566 0.441063535367 
19.8 0.250644958238 0.409165446588 
19.9 0.254204709969 0.379689372433 
20 0.258790622703 0.352480492269 
