Time Prey Predator
0.0  0.910943372757 1.58188065141
0.1 0.789662825564 1.55811744814 
0.2 0.687496524696 1.51768336707 
0.3 0.602320593286 1.46454395101 
0.4 0.531790724034 1.40233271676 
0.5 0.473633340454 1.33417635235 
0.6 0.425793478656 1.26264351496 
0.7 0.386496164969 1.18976730806 
0.8 0.354251062968 1.11710743504 
0.9 0.327830440206 1.04582251149 
1 0.306234862732 0.976745775846 
1.1 0.288656682871 0.910451949698 
1.2 0.274446351615 0.847313851103 
1.3 0.263083225004 0.78754894846 
1.4 0.254149977325 0.731258659333 
1.5 0.247311721612 0.678458877937 
1.6 0.242301801659 0.629099918329 
1.7 0.238907217744 0.583087749915 
1.8 0.236958515922 0.540297227612 
1.9 0.236321742292 0.500582479345 
2 0.236891407034 0.463785914883 
2.1 0.238586104183 0.429743079302 
2.2 0.241344017826 0.398287877607 
2.3 0.245119757477 0.369255836789 
2.4 0.249881975669 0.342486260722 
2.5 0.255611219541 0.317824080547 
2.6 0.262298336108 0.295120983833 
2.7 0.269943291008 0.274236038976 
2.8 0.278554158966 0.255036129056 
2.9 0.288146005738 0.23739651641 
3 0.298740922385 0.221200026271 
3.1 0.310366973164 0.206337655763 
3.2 0.323058179905 0.192707980145 
3.3 0.336854065282 0.180217077269 
3.4 0.351799537947 0.168778116924 
3.5 0.367944749137 0.158311069639 
3.6 0.385344964484 0.148742357693 
3.7 0.404060585554 0.140004523346 
3.8 0.424157065663 0.132035902204 
3.9 0.445705018819 0.124780335749 
4 0.468780005539 0.118186804185 
4.1 0.493462667332 0.112209213442 
4.2 0.519838977155 0.106806275177 
4.3 0.547999922071 0.101940992253 
4.4 0.578041567131 0.0975808007471 
4.5 0.610065046033 0.0936974402812 
4.6 0.644176569227 0.0902664630309 
4.7 0.680486802184 0.0872678244194 
4.8 0.719110984415 0.0846855341711 
4.9 0.76016880463 0.0825074936545 
5 0.803782562343 0.0807265917745 
5.1 0.850077941278 0.0793400256447 
5.2 0.899182741128 0.0783498245709 
5.3 0.951223264713 0.0777645552644 
5.4 1.00632637227 0.0775981908115 
5.5 1.06461534974 0.0778718868328 
5.6 1.12620424826 0.0786163831009 
5.7 1.19119785633 0.0798718874742 
5.8 1.25968379598 0.0816911999234 
5.9 1.33173047237 0.0841405977684 
6 1.40737229594 0.0873057814114 
6.1 1.48660335329 0.0912943313595 
6.2 1.56936169094 0.0962417784723 
6.3 1.65551352132 0.102317952313 
6.4 1.74482909306 0.109736513432 
6.5 1.83695498105 0.11876559135 
6.6 1.93137506289 0.129742848331 
6.7 2.02736822579 0.143091619448 
6.8 2.12395057735 0.159342293054 
6.9 2.2198095761 0.17915592567 
7 2.31322157045 0.20335176691 
7.1 2.40196761741 0.23293137881 
7.2 2.48324891764 0.269097143456 
7.3 2.55361152668 0.313255447527 
7.4 2.60893643334 0.366972899067 
7.5 2.64451193864 0.431878003422 
7.6 2.65526835124 0.509463716822 
7.7 2.63623936445 0.600762903384 
7.8 2.58327981082 0.705899006443 
7.9 2.49400028044 0.823565921012 
8 2.36873600018 0.950580279777 
8.1 2.21122349203 1.08172845626 
8.2 2.02860664301 1.21012577135 
8.3 1.83059568967 1.32812532255 
8.4 1.62791224387 1.42859039444 
8.5 1.43052897752 1.50610599833 
8.6 1.24627873846 1.55773397496 
8.7 1.08020992638 1.58310968901 
8.8 0.934658099818 1.58401048302 
8.9 0.809801597021 1.56363676082 
9 0.704379458147 1.52587775833 
9.1 0.616350393973 1.47472491584 
9.2 0.543385233166 1.41388756519 
9.3 0.483183693841 1.34658883965 
9.4 0.433645936678 1.27549638779 
9.5 0.392945531344 1.20273519165 
9.6 0.359542634836 1.12994350827 
9.7 0.332165184132 1.05834611528 
9.8 0.309775569289 0.988829426976 
9.9 0.291534549881 0.922009669171 
10 0.276766735491 0.85829181454 
10.1 0.264930172364 0.797918440863 
10.2 0.255590826268 0.741008923977 
10.3 0.248400578528 0.687592428187 
10.4 0.243082031733 0.637628757405 
10.5 0.23941332945 0.591030916809 
10.6 0.237217955209 0.547678466802 
10.7 0.236356021769 0.507428885029 
10.8 0.236717512479 0.470125890212 
10.9 0.238217016679 0.435605977996 
11 0.240789484634 0.403703140638 
11.1 0.244386781004 0.374252468326 
11.2 0.24897523417 0.347092401793 
11.3 0.254533426959 0.322066714776 
11.4 0.261050485064 0.299025872321 
11.5 0.268524769865 0.277827699479 
11.6 0.27696295244 0.258337672329 
11.7 0.286379010197 0.240429433439 
11.8 0.296793784305 0.223984507368 
11.9 0.308234307057 0.208892493394 
12 0.320733566713 0.195050638159 
12.1 0.33433011177 0.182363719983 
12.2 0.349067910822 0.170743666116 
12.3 0.364996175854 0.160109272776 
12.4 0.382169232848 0.150385896156 
12.5 0.40064658358 0.141504978115 
12.6 0.420492855235 0.133403752185 
12.7 0.441777590978 0.126025189796 
12.8 0.464575584104 0.119317338937 
12.9 0.488966637327 0.113233298448 
13 0.515035697911 0.107730883401 
13.1 0.542872901972 0.10277238132 
13.2 0.572573389078 0.0983245005219 
13.3 0.604237480836 0.0943580992178 
13.4 0.637970361865 0.0908481976489 
13.5 0.673882016765 0.0877739026937 
13.6 0.712087045988 0.0851183971487 
13.7 0.752703982327 0.0828691285221 
13.8 0.795855204598 0.0810178298315 
13.9 0.841665774139 0.0795609279504 
14 0.890262638326 0.0784998559115 
14.1 0.941773635228 0.0778414641293 
14.2 0.99632485291 0.0775990320573 
14.3 1.05403970174 0.0777927050516 
14.4 1.11503485985 0.0784510865548 
14.5 1.17941678405 0.079612646579 
14.6 1.24727822881 0.0813271590422 
14.7 1.31868876575 0.0836594141307 
14.8 1.3936909799 0.0866908016064 
14.9 1.47228826808 0.0905241251174 
15 1.55442904708 0.0952898146517 
15.1 1.63999262746 0.101151498577 
15.2 1.72876882156 0.108314003709 
15.3 1.82042766257 0.117035187866 
15.4 1.91448632081 0.127638822755 
15.5 2.0102631395 0.140531818231 
15.6 2.10682664713 0.15622347742 
15.7 2.20292614555 0.175350148626 
15.8 2.2969188634 0.198700903767 
15.9 2.38668115039 0.227242182967 
16 2.46951728848 0.262144533552 
16.1 2.54209648593 0.304775912086 
16.2 2.60041823371 0.356677694882 
16.3 2.63985714974 0.419484223593 
16.4 2.655387126 0.494727322516 
16.5 2.6419759232 0.583553374613 
16.6 2.59526843118 0.686284026558 
16.7 2.51249189559 0.801903636848 
16.8 2.39344004863 0.927581101559 
16.9 2.24121749317 1.0584577953 
17 2.06240349477 1.18789148294 
17.1 1.86635055641 1.30828421466 
17.2 1.6637298976 1.41231387163 
17.3 1.46476299777 1.49418993463 
17.4 1.27773385161 1.55050679714 
17.5 1.10819742466 1.58046253218 
17.6 0.958939011098 1.58550358113 
17.7 0.830473471239 1.56862870078 
17.8 0.721739824197 1.53365758694 
17.9 0.630794381834 1.48459694842 
18 0.555330832972 1.42522589443 
18.1 0.493027215417 1.35886223529 
18.2 0.441740958419 1.28827244689 
18.3 0.399594461354 1.21567503631 
18.4 0.364998059254 1.14278914556 
18.5 0.336634225576 1.07090734648 
18.6 0.313426528317 1.00097068289 
18.7 0.29450324278 0.933638589472 
18.8 0.279162347192 0.869349631834 
18.9 0.266840347166 0.808372065842 
19 0.257085425943 0.750844857559 
19.1 0.24953613 0.696810266068 
19.2 0.243903326523 0.64623959896 
19.3 0.239956130598 0.599053094025 
19.4 0.237510667689 0.555135270263 
19.5 0.236421071714 0.514346774884 
19.6 0.236572482951 0.476533259117 
19.7 0.237875480178 0.441532097867 
19.8 0.240261585217 0.40917754402 
19.9 0.243680009055 0.379304055658 
20 0.248094657121 0.351749393661 
