Time Prey Predator
0.0  1.10073610735 1.10581551278
0.1 1.01478349205 1.11216538936 
0.2 0.935329200961 1.1093321482 
0.3 0.862913317726 1.09813143791 
0.4 0.797694694297 1.07958837392 
0.5 0.739545699924 1.05483434458 
0.6 0.688143079464 1.02502130042 
0.7 0.643039773131 0.991260937807 
0.8 0.603727308922 0.954579337442 
0.9 0.569679192714 0.915893064135 
1 0.54037922709 0.875999220446 
1.1 0.515341874489 0.835573029591 
1.2 0.494122556208 0.795174084154 
1.3 0.476322711725 0.755255805361 
1.4 0.461590295074 0.716177450879 
1.5 0.449618076393 0.678216481755 
1.6 0.44014073618 0.641580461491 
1.7 0.43293106883 0.606418329611 
1.8 0.427796126189 0.572830442337 
1.9 0.424573383964 0.540877455393 
2 0.423127198622 0.510587805187 
2.1 0.423345284636 0.481965445619 
2.2 0.425136194407 0.454993453551 
2.3 0.428426346988 0.429640370072 
2.4 0.433158160461 0.405862924908 
2.5 0.439287955065 0.383609749894 
2.6 0.44678424993 0.362823986684 
2.7 0.455626563635 0.343444918987 
2.8 0.465803875452 0.32541033936 
2.9 0.477313887059 0.308657253519 
3 0.490161928014 0.29312334674 
3.1 0.5043601211 0.278747906561 
3.2 0.51992678185 0.265472256438 
3.3 0.5368857513 0.253240341015 
3.4 0.555265799349 0.24199917862 
3.5 0.575100051753 0.231699246821 
3.6 0.596425455477 0.222294635675 
3.7 0.619282221781 0.21374335948 
3.8 0.643713219613 0.206007467989 
3.9 0.66976340635 0.199053280765 
4 0.697479027207 0.192851523253 
4.1 0.726906940478 0.187377532196 
4.2 0.758093272902 0.182611524773 
4.3 0.791083258013 0.178538715365 
4.4 0.825920050341 0.175149600967 
4.5 0.862640885417 0.172440846377 
4.6 0.901278369448 0.170415017422 
4.7 0.941858684111 0.169081046928 
4.8 0.984395148296 0.168456070708 
4.9 1.02888834341 0.168565337553 
5 1.07532174058 0.169443460824 
5.1 1.12365844657 0.171135331942 
5.2 1.17383636265 0.173697509439 
5.3 1.22575944001 0.17720077811 
5.4 1.27929653179 0.18173038587 
5.5 1.33426694271 0.187389991544 
5.6 1.39043559101 0.194302985174 
5.7 1.44750071511 0.202615565509 
5.8 1.505084701 0.212498997279 
5.9 1.56271745894 0.224153064764 
6 1.61982675041 0.237807769277 
6.1 1.67572134753 0.253725231541 
6.2 1.72958137266 0.272199381467 
6.3 1.78044559392 0.29355408099 
6.4 1.82720811239 0.318137172354 
6.5 1.86862355249 0.346305853562 
6.6 1.9033221356 0.378410272943 
6.7 1.92984246484 0.41476451371 
6.8 1.94669318516 0.455603465168 
6.9 1.95242987868 0.501035233042 
7 1.94576774852 0.550977500484 
7.1 1.9257120778 0.605093482078 
7.2 1.89169867052 0.662732756665 
7.3 1.8437243665 0.722891831969 
7.4 1.78244292015 0.784208704342 
7.5 1.70919130362 0.845011833017 
7.6 1.62594155987 0.903414859867 
7.7 1.53516155924 0.957464886935 
7.8 1.43960961094 1.00531424465 
7.9 1.34209503178 1.04538957226 
8 1.24524813818 1.07652627527 
8.1 1.15133632397 1.09804815494 
8.2 1.06214897594 1.10978102906 
8.3 0.978964763394 1.11200417122 
8.4 0.902568363401 1.1053718818 
8.5 0.833319860047 1.09080524717 
8.6 0.771241843257 1.06938671119 
8.7 0.716110659729 1.04226606704 
8.8 0.667540240404 1.0105835138 
8.9 0.625050434393 0.975417011393 
9 0.588119898728 0.937747156305 
9.1 0.556223520603 0.898438667396 
9.2 0.52885719729 0.858234327231 
9.3 0.50555255321 0.817757539931 
9.4 0.48588489096 0.777519906032 
9.5 0.469476082487 0.737931992973 
9.6 0.455994081042 0.699315544215 
9.7 0.445150531969 0.661915791031 
9.8 0.436697291934 0.625913093333 
9.9 0.430422812404 0.591433905003 
10 0.426148063089 0.558559988193 
10.1 0.423722672458 0.527337322624 
10.2 0.423021660291 0.497782580879 
10.3 0.423942288403 0.469889711019 
10.4 0.426401193566 0.443635128558 
10.5 0.430332190912 0.418981495143 
10.6 0.435683994796 0.395881762814 
10.7 0.442418478752 0.374281860708 
10.8 0.450509220193 0.354122895576 
10.9 0.459939900124 0.335343611048 
11 0.470703471056 0.317881237815 
11.1 0.482801228737 0.301672549139 
11.2 0.496241481564 0.286656157223 
11.3 0.511039283391 0.272771972223 
11.4 0.527215408429 0.259962519779 
11.5 0.54479594133 0.248173051192 
11.6 0.56381163118 0.237352089311 
11.7 0.584297349529 0.227451666946 
11.8 0.606291558875 0.218427580299 
11.9 0.629835709321 0.210239606012 
12 0.654973667744 0.202851655022 
12.1 0.681750962706 0.196232038812 
12.2 0.71021428041 0.190353436502 
12.3 0.740410567578 0.185193147041 
12.4 0.772385633822 0.180733700686 
12.5 0.80618376875 0.176962572138 
12.6 0.841845807238 0.173872867543 
12.7 0.879407553224 0.171463748069 
12.8 0.918898617103 0.169740596636 
12.9 0.960339007277 0.168716119894 
13 1.00373738067 0.168410754433 
13.1 1.0490880592 0.168853489979 
13.2 1.09636565692 0.170083453113 
13.3 1.14552277713 0.172150529907 
13.4 1.19648352032 0.175117210669 
13.5 1.24913639313 0.17906059954 
13.6 1.30332981189 0.184073718787 
13.7 1.35886047914 0.190268493673 
13.8 1.41546520174 0.197778050918 
13.9 1.47281143902 0.206759211447 
14 1.53048197801 0.217395418007 
14.1 1.58796286176 0.229899785637 
14.2 1.64463139492 0.244515952601 
14.3 1.69974082474 0.26152064621 
14.4 1.7524095763 0.281221939518 
14.5 1.8016135137 0.303954415571 
14.6 1.84618548164 0.33007112112 
14.7 1.88481968571 0.359931002157 
14.8 1.91610138165 0.393871903302 
14.9 1.9385488589 0.432177775664 
15 1.95067807582 0.475035746331 
15.1 1.95110057593 0.522477683846 
15.2 1.93864113992 0.574317475411 
15.3 1.9124783464 0.630086083157 
15.4 1.87227937366 0.688981551675 
15.5 1.81832392083 0.749838864492 
15.6 1.75156487168 0.811153135863 
15.7 1.67363532644 0.871139264435 
15.8 1.5867432842 0.927864494235 
15.9 1.49351366629 0.979399640165 
16 1.39675665036 1.02399883312 
16.1 1.29922897499 1.06025512488 
16.2 1.20341976289 1.08721305909 
16.3 1.11139652486 1.10441837123 
16.4 1.02472489161 1.11190485632 
16.5 0.944458875735 1.11013010682 
16.6 0.871186152275 1.09987916511 
16.7 0.805107536829 1.08215622123 
16.8 0.746126840114 1.05808356572 
16.9 0.693939297999 1.02881506972 
17 0.648109592164 0.995469498758 
17.1 0.608133740414 0.959085291421 
17.2 0.573484824532 0.920593421022 
17.3 0.543644508145 0.880805037107 
17.4 0.518122953767 0.840410015082 
17.5 0.496470115312 0.799981529334 
17.6 0.478282029652 0.759984754916 
17.7 0.463200820074 0.720789834549 
17.8 0.450913999749 0.682683310883 
17.9 0.441151613311 0.645880265899 
18 0.4336820407 0.610536136142 
18.1 0.42830847061 0.576756548823 
18.2 0.424865014804 0.544606456634 
18.3 0.423212981952 0.514118045276 
18.4 0.423237443635 0.485297392763 
18.5 0.424844543441 0.458130132749 
18.6 0.427958798837 0.432586031553 
18.7 0.43252081104 0.40862321287 
18.8 0.438485317613 0.386191108967 
18.9 0.445819518771 0.365233326966 
19 0.454501624307 0.345689649272 
19.1 0.464519611141 0.327497832809 
19.2 0.475870133416 0.310595037708 
19.3 0.488557642817 0.294918837766 
19.4 0.502593507238 0.280408242854 
19.5 0.517995336737 0.267004297373 
19.6 0.534786300322 0.254650699364 
19.7 0.552994713504 0.243293878424 
19.8 0.572653120576 0.232884031273 
19.9 0.593798104393 0.223374750895 
20 0.616469487114 0.214723592635 
