Time Prey Predator
0.0  1.28106693705 0.867478679121
0.1 1.21796254084 0.889399762823 
0.2 1.1549808071 0.906136037003 
0.3 1.09320909145 0.917438314386 
0.4 1.03356253163 0.923251681105 
0.5 0.97676440721 0.923703724809 
0.6 0.923348161397 0.919074083672 
0.7 0.873669162402 0.909763726135 
0.8 0.827926049625 0.896260601677 
0.9 0.786187502721 0.879104960544 
1 0.748421863024 0.858856840955 
1.1 0.714521486565 0.836074751979 
1.2 0.68432705032 0.811294011694 
1.3 0.657646914793 0.785013529741 
1.4 0.63427254469 0.757687191204 
1.5 0.613990748103 0.729718714853 
1.6 0.596592439574 0.70146010589 
1.7 0.581876408708 0.673215554635 
1.8 0.569656025728 0.645239608718 
1.9 0.559759631252 0.617743650181 
2 0.552032189631 0.590899289484 
2.1 0.546335519561 0.564842813338 
2.2 0.54254764094 0.539679860859 
2.3 0.540562019089 0.515489506751 
2.4 0.54028681606 0.492328140117 
2.5 0.541643708999 0.470233111229 
2.6 0.544566648083 0.449226022799 
2.7 0.549000868951 0.429315528603 
2.8 0.554901923135 0.410499715795 
2.9 0.562234498607 0.392768466644 
3 0.57097155177 0.376105250643 
3.1 0.581093363649 0.360488795333 
3.2 0.592586735643 0.345894408986 
3.3 0.605444146808 0.332295233715 
3.4 0.619663016806 0.319663187982 
3.5 0.635244943026 0.307969888446 
3.6 0.652195003639 0.297187316484 
3.7 0.670520983174 0.287288521096 
3.8 0.690232661687 0.278248104849 
3.9 0.711340942835 0.270042832466 
4 0.733857190045 0.262651827018 
4.1 0.757792310771 0.256056995587 
4.2 0.783155439268 0.250243875007 
4.3 0.809953379142 0.245201364653 
4.4 0.838188985243 0.240922462125 
4.5 0.867859787828 0.237404667719 
4.6 0.898956878516 0.234650076988 
4.7 0.931462469732 0.232666235926 
4.8 0.965348425444 0.231466352997 
4.9 1.00057401882 0.231069797947 
5 1.03708266652 0.231502923651 
5.1 1.07479998922 0.232799401753 
5.2 1.1136299586 0.235001026358 
5.3 1.15345118767 0.23815846075 
5.4 1.19411361529 0.242331879956 
5.5 1.23543345462 0.2475915779 
5.6 1.27718885106 0.254018818479 
5.7 1.31911510259 0.261706392736 
5.8 1.36089994618 0.270758227562 
5.9 1.40217834697 0.28128987955 
6 1.44252957174 0.293427200556 
6.1 1.48147240891 0.30730567913 
6.2 1.51846627946 0.323066123421 
6.3 1.55290910062 0.340852132783 
6.4 1.58414603712 0.360801961592 
6.5 1.61147408457 0.383041948565 
6.6 1.63416138291 0.407673479804 
6.7 1.65146469726 0.43476017559 
6.8 1.66266060612 0.464310964072 
6.9 1.66708138411 0.496260361808 
7 1.6641543183 0.530451175204 
7.1 1.65345244201 0.566613718397 
7.2 1.63473859874 0.604350469916 
7.3 1.60800118366 0.643137179571 
7.4 1.57348704438 0.682319223632 
7.5 1.53171605961 0.721127240739 
7.6 1.48346498223 0.758714099743 
7.7 1.42973886603 0.794192488017 
7.8 1.37171609411 0.826688676901 
7.9 1.31067855469 0.855397504598 
8 1.24793747604 0.879632212707 
8.1 1.18475360781 0.898868711518 
8.2 1.12228409091 0.912764943967 
8.3 1.06152829743 0.921175700615 
8.4 1.00330108238 0.924144629785 
8.5 0.948226110694 0.921881613843 
8.6 0.896740648666 0.914734773491 
8.7 0.849114668031 0.90315509783 
8.8 0.805475410309 0.887661608692 
8.9 0.765835253883 0.868808907346 
9 0.730119338054 0.847159330524 
9.1 0.698190132595 0.823261106109 
9.2 0.669869110856 0.797631813659 
9.3 0.644954136156 0.770747402119 
9.4 0.623232968188 0.743035559849 
9.5 0.604493206263 0.71487374742 
9.6 0.588529655529 0.686587857874 
9.7 0.575148370977 0.658455590784 
9.8 0.564170537462 0.63070816754 
9.9 0.555433128617 0.603535666158 
10 0.548789962903 0.577090560141 
10.1 0.544111447957 0.551492455919 
10.2 0.541283738413 0.526832601755 
10.3 0.54020828686 0.50317756081 
10.4 0.540800365984 0.480573379235 
10.5 0.542988299381 0.459048695557 
10.6 0.546712241104 0.438617899761 
10.7 0.551922881683 0.419283845161 
10.8 0.558580654815 0.401040112727 
10.9 0.566654769692 0.383872937107 
11 0.576122119372 0.367763104554 
11.1 0.586966532857 0.352687397855 
11.2 0.599177876037 0.338619836167 
11.3 0.612751330354 0.325532830046 
11.4 0.62768661391 0.313397992987 
11.5 0.643987231271 0.3021871012 
11.6 0.6616597917 0.291872571435 
11.7 0.680713205378 0.282428253962 
11.8 0.701158005561 0.273829737669 
11.9 0.723005432994 0.266055006043 
12 0.746266675951 0.259084686275 
12.1 0.770951769235 0.25290262458 
12.2 0.797068877272 0.247495926513 
12.3 0.824622891215 0.242855567977 
12.4 0.853613935695 0.238976982554 
12.5 0.884036521936 0.235859945853 
12.6 0.915877207452 0.233509420312 
12.7 0.949113001531 0.231935874452 
12.8 0.983709596572 0.231155605021 
12.9 1.01961806195 0.231191654652 
13 1.05677292523 0.232074127541 
13.1 1.09508900332 0.233840853021 
13.2 1.13445715718 0.236538242243 
13.3 1.17474157444 0.240221854828 
13.4 1.21577505078 0.244957093988 
13.5 1.25735428099 0.250819921128 
13.6 1.29923553066 0.25789768772 
13.7 1.34112998601 0.266288725446 
13.8 1.38269828831 0.276103118894 
13.9 1.42354546765 0.287462876001 
14 1.46322014986 0.300498575496 
14.1 1.50120936602 0.315349038408 
14.2 1.53694107009 0.33215664756 
14.3 1.5697834784 0.351063757286 
14.4 1.59905403953 0.372204114425 
14.5 1.62403330367 0.395691690045 
14.6 1.64398089642 0.421609756064 
14.7 1.65815935162 0.449995686702 
14.8 1.66586984931 0.480821798029 
14.9 1.66648939641 0.513976008082 
15 1.65951615581 0.549244508307 
15.1 1.64461750663 0.586291915733 
15.2 1.62166945924 0.624655206759 
15.3 1.59079415749 0.663739268231 
15.4 1.55238288316 0.702825923235 
15.5 1.50709170618 0.741101346965 
15.6 1.45582365201 0.777690410706 
15.7 1.39968285991 0.811706504082 
15.8 1.33991115359 0.84230510124 
15.9 1.27781586048 0.868737227884 
16 1.21468998034 0.890397744773 
16.1 1.15174832883 0.906855104954 
16.2 1.09006609667 0.917873169903 
16.3 1.03055063214 0.92340560382 
16.4 0.973915401262 0.923587568035 
16.5 0.920684561843 0.918705711441 
16.6 0.871204637702 0.9091665646 
16.7 0.825666993208 0.895461254103 
16.8 0.784135322803 0.878131065316 
16.9 0.746572600793 0.85773795802 
17 0.712868044645 0.834839260868 
17.1 0.68286010501 0.809968731479 
17.2 0.656356244534 0.783622979622 
17.3 0.633147349656 0.756253412425 
17.4 0.613020069208 0.728261323341 
17.5 0.59576499429 0.699996921787 
17.6 0.581182390081 0.671760402119 
17.7 0.569086085927 0.643804464469 
17.8 0.559305435056 0.616338221871 
17.9 0.551686268887 0.589531401642 
18 0.546091196334 0.563518652153 
18.1 0.542399180776 0.538403989113 
18.2 0.540504240682 0.514265507635 
18.3 0.540315394232 0.49115839108 
18.4 0.541754797326 0.46911918506 
18.5 0.544757162135 0.448168651171 
18.6 0.549268266296 0.428314835498 
18.7 0.555244162498 0.409555370139 
18.8 0.562649997393 0.391879759565 
18.9 0.571459119633 0.375271189479 
19 0.581652174327 0.359708179354 
19.1 0.593216268958 0.345165894049 
19.2 0.606144157175 0.331617398744 
19.3 0.620433482667 0.31903460078 
19.4 0.636086011366 0.307389205181 
19.5 0.653107017451 0.29665306325 
19.6 0.671504391409 0.286799297036 
19.7 0.69128795276 0.277802733509 
19.8 0.71246882767 0.269639972547 
19.9 0.735058237645 0.262290489712 
20 0.759066974003 0.255736471074 
