Time Prey Predator
0.0  1.12542840892 1.91352982707
0.1 0.931419527953 1.91840282808 
0.2 0.772147040528 1.88965656432 
0.3 0.643740874691 1.83482988284 
0.4 0.541344113354 1.76122585752 
0.5 0.460135031124 1.67518988916 
0.6 0.395833461918 1.58185798376 
0.7 0.34487141191 1.48518185667 
0.8 0.304385787207 1.3880820696 
0.9 0.272128853225 1.29264177894 
1 0.246358509965 1.20029141173 
1.1 0.225733125759 1.1119670912 
1.2 0.20922185492 1.02823846559 
1.3 0.196031668381 0.949409033371 
1.4 0.185551783975 0.875590101672 
1.5 0.177310189476 0.806758071228 
1.6 0.170940976758 0.742796267639 
1.7 0.166159622449 0.68352579528 
1.8 0.162744409588 0.628728128973 
1.9 0.160522280126 0.578161648967 
2 0.159358983817 0.531572420429 
2.1 0.159150034681 0.488704198814 
2.2 0.159815073538 0.44930354026 
2.3 0.161293129641 0.413123917585 
2.4 0.163539059023 0.379928461551 
2.5 0.166520771463 0.349491755159 
2.6 0.170217026179 0.321600847006 
2.7 0.174615833334 0.296055670049 
2.8 0.17971330898 0.272668920088 
2.9 0.185512321536 0.251266469577 
3 0.192022089367 0.231686426096 
3.1 0.199257325093 0.213779014603 
3.2 0.207237964604 0.197405780521 
3.3 0.215988757614 0.182439078348 
3.4 0.225539062654 0.168761411953 
3.5 0.235922703439 0.156264795105 
3.6 0.247177844915 0.144850131333 
3.7 0.259346995202 0.134426567919 
3.8 0.272476974295 0.124910953611 
3.9 0.286618993978 0.116227246667 
4 0.30182869681 0.10830602303 
4.1 0.318166362123 0.101083913559 
4.2 0.335696936005 0.0945032232457 
4.3 0.354490211753 0.0885115009847 
4.4 0.374621074308 0.083061106972 
4.5 0.396169593652 0.0781088934681 
4.6 0.419221327284 0.0736158655287 
4.7 0.443867484562 0.0695468978533 
4.8 0.470205165358 0.0658704814957 
4.9 0.498337623431 0.0625585016024 
5 0.528374422737 0.059586044838 
5.1 0.560431745941 0.0569312484059 
5.2 0.594632526419 0.0545751833402 
5.3 0.63110665267 0.0525017689498 
5.4 0.669991167227 0.0506977312068 
5.5 0.711430194855 0.0491526453988 
5.6 0.755575179929 0.0478589439507 
5.7 0.802584558631 0.0468121189729 
5.8 0.85262364888 0.0460108891576 
5.9 0.90586453277 0.0454574061985 
6 0.962484620212 0.0451579552855 
6.1 1.02266654695 0.0451232057045 
6.2 1.08659666342 0.0453690189115 
6.3 1.15446193587 0.0459178964159 
6.4 1.22644958472 0.0467993913392 
6.5 1.30274122964 0.0480527418936 
6.6 1.38350838285 0.0497289826583 
6.7 1.46890930028 0.0518925285253 
6.8 1.55907427064 0.0546275681511 
6.9 1.65409763785 0.0580416881337 
7 1.75401914533 0.0622741115639 
7.1 1.85881066732 0.0675015664089 
7.2 1.9683352798 0.0739560911257 
7.3 2.08231436682 0.0819393415027 
7.4 2.20027963593 0.091843452693 
7.5 2.32149766964 0.104183970915 
7.6 2.44488195591 0.119637463023 
7.7 2.56886578356 0.139095556637 
7.8 2.6912552741 0.163726054159 
7.9 2.80903222436 0.195051360822 
8 2.91813145863 0.23502941434 
8.1 3.01321067263 0.286121676887 
8.2 3.08747444588 0.351303823907 
8.3 3.13266336145 0.433953288828 
8.4 3.13942066461 0.53748385536 
8.5 3.09825172221 0.664620614107 
8.6 3.00131047642 0.816219004436 
8.7 2.8449055285 0.989788033864 
8.8 2.63206682401 1.17824039101 
8.9 2.37387480597 1.3697553938 
9 2.08832028226 1.54942459205 
9.1 1.79654553388 1.70248825296 
9.2 1.51798814536 1.8178191216 
9.3 1.26665150563 1.89004608577 
9.4 1.04981489767 1.91961195997 
9.5 0.868927638686 1.91126738187 
9.6 0.721551806512 1.87203994907 
9.7 0.603299979588 1.80949906217 
9.8 0.509241833478 1.7306490314 
9.9 0.434718034098 1.64140080976 
10 0.375703111609 1.54644207754 
10.1 0.328895514329 1.44932367284 
10.2 0.291670903989 1.35263530361 
10.3 0.261980603867 1.25819930839 
10.4 0.238241687881 1.16724746584 
10.5 0.219236236672 1.08056800089 
10.6 0.204028436793 0.998622396431 
10.7 0.19189833263 0.921635430434 
10.8 0.182290717432 0.849663033303 
10.9 0.174775544145 0.782643801316 
11 0.169019664639 0.720434497417 
11.1 0.164763781653 0.662839111006 
11.2 0.161805576178 0.609629100461 
11.3 0.159987274241 0.560557342182 
11.4 0.159186148689 0.515368515669 
11.5 0.159307274812 0.473806768692 
11.6 0.160277865005 0.435620834942 
11.7 0.162043149964 0.400567482388 
11.8 0.164563171637 0.368413747774 
11.9 0.16781006563 0.338938749014 
12 0.17176615738 0.311934292708 
12.1 0.176422605369 0.287205002627 
12.2 0.181778026496 0.2645685921 
12.3 0.187837737559 0.243855418924 
12.4 0.194613025628 0.224908139005 
12.5 0.202120573464 0.207581205019 
12.6 0.210382124907 0.191740212281 
12.7 0.219424148349 0.177261340375 
12.8 0.229277614636 0.164030721371 
12.9 0.239978011429 0.151943637264 
13 0.251565123329 0.140904074418 
13.1 0.264083002192 0.13082414315 
13.2 0.277580139702 0.121623323362 
13.3 0.292109327121 0.113228114746 
13.4 0.307727937926 0.10557135195 
13.5 0.324497909177 0.0985918425071 
13.6 0.342485971717 0.0922338605164 
13.7 0.361763777041 0.0864467581599 
13.8 0.382408083843 0.0811845985055 
13.9 0.404500983909 0.0764057972187 
14 0.428130072662 0.0720728158839 
14.1 0.453388722307 0.0681518902036 
14.2 0.480376261389 0.0646127846321 
14.3 0.509198249669 0.0614285844755 
14.4 0.539966653476 0.0585755181547 
14.5 0.572800105306 0.0560328147637 
14.6 0.607824153618 0.0537825978978 
14.7 0.645171237966 0.0518098375826 
14.8 0.684981005156 0.0501023021322 
14.9 0.727400384162 0.0486505863515 
15 0.772583246663 0.0474482793652 
15.1 0.820690734642 0.0464919889667 
15.2 0.871890765612 0.0457816483685 
15.3 0.926357137778 0.045320993668 
15.4 0.984269757073 0.0451176887308 
15.5 1.04581258018 0.0451843113819 
15.6 1.11117206757 0.0455391801126 
15.7 1.18053659405 0.0462068464743 
15.8 1.25409073211 0.0472206396511 
15.9 1.33201307377 0.0486238205074 
16 1.41447284563 0.0504712517433 
16.1 1.50161699421 0.0528350088734 
16.2 1.59356481631 0.0558069072754 
16.3 1.69039134899 0.0595058380617 
16.4 1.79211776219 0.06408206708 
16.5 1.89867629919 0.0697324916464 
16.6 2.00988271861 0.076712650374 
16.7 2.12539781627 0.0853534505221 
16.8 2.24466315197 0.0960893265324 
16.9 2.36682567336 0.109490618604 
17 2.49063767833 0.126306429993 
17.1 2.61432287481 0.147521410734 
17.2 2.73540621674 0.174425260379 
17.3 2.85050981576 0.208691941359 
17.4 2.95512359788 0.252458492994 
17.5 3.04338428312 0.308380111575 
17.6 3.10794180414 0.379603864131 
17.7 3.14006490474 0.469578588949 
17.8 3.13019206657 0.581573010024 
17.9 3.06918679687 0.717780339547 
18 2.95042125724 0.877995908111 
18.1 2.77241694051 1.05814239632 
18.2 2.54113780445 1.24930950835 
18.3 2.2704967752 1.43824798684 
18.4 1.98018938265 1.60967841271 
18.5 1.69127963816 1.74981733303 
18.6 1.42150832408 1.84953074493 
18.7 1.18241459319 1.90568575676 
18.8 0.978938044598 1.92054163093 
18.9 0.810850227653 1.89992202293 
19 0.674791025704 1.85122461915 
19.1 0.56604307634 1.78190442754 
19.2 0.479709071117 1.69859831366 
19.3 0.411339863955 1.60676538276 
19.4 0.357176646224 1.5106564914 
19.5 0.314177746542 1.41344492949 
19.6 0.279944621248 1.31741494101 
19.7 0.252613035142 1.2241519199 
19.8 0.230745561692 1.1347083164 
19.9 0.213237376046 1.0497395153 
20 0.199238786155 0.969611220458 
