Time Prey Predator
0.0  1.69760631064 1.90453267097
0.1 1.39689978324 2.01105136824 
0.2 1.13727366251 2.06472223445 
0.3 0.92233522781 2.07011950696 
0.4 0.749541157236 2.0357627878 
0.5 0.613208006429 1.97137622782 
0.6 0.506751039525 1.88609415374 
0.7 0.42397077448 1.78759369557 
0.8 0.35959643464 1.68188352636 
0.9 0.309394867707 1.57343441285 
1 0.270078618624 1.46543952479 
1.1 0.239140458509 1.36009550383 
1.2 0.214685768492 1.25884970051 
1.3 0.19528771383 1.16260051912 
1.4 0.179871507427 1.07185130307 
1.5 0.167625246891 0.986825733437 
1.6 0.157933045798 0.907552950575 
1.7 0.15032543862 0.833929480728 
1.8 0.144442811762 0.765763926579 
1.9 0.140008468516 0.70280905012 
2 0.136808883728 0.64478451582 
2.1 0.134678558549 0.591393703384 
2.2 0.13348955241 0.542334399104 
2.3 0.133143106724 0.497307007701 
2.4 0.133563469791 0.456019968938 
2.5 0.134693269674 0.418193230009 
2.6 0.136489955722 0.383560459875 
2.7 0.138923186764 0.351870229846 
2.8 0.141972609453 0.322886759059 
2.9 0.145626190527 0.296390066904 
3 0.1498792726 0.272175358687 
3.1 0.154733531027 0.250052773526 
3.2 0.160196072641 0.229846872155 
3.3 0.166279149971 0.211395707302 
3.4 0.172999544104 0.194550212503 
3.5 0.180378335342 0.179173319467 
3.6 0.188440722785 0.165139200256 
3.7 0.197215847488 0.152332494432 
3.8 0.206736740986 0.140647548748 
3.9 0.217040004454 0.129987642775 
4 0.228166417906 0.12026446331 
4.1 0.240160442676 0.111397231579 
4.2 0.253070577726 0.103312312863 
4.3 0.266949448424 0.0959425912434 
4.4 0.2818537735 0.0892268101009 
4.5 0.297844807495 0.0831094156632 
4.6 0.314988218336 0.0775397030419 
4.7 0.333354542549 0.0724717918742 
4.8 0.353019260119 0.06786401089 
4.9 0.374063042912 0.0636785869201 
5 0.396572131894 0.0598815574329 
5.1 0.420638416953 0.0564421502465 
5.2 0.446359920245 0.0533329471243 
5.3 0.473840901522 0.0505292703551 
5.4 0.503192186928 0.0480090421191 
5.5 0.534531543637 0.045752926817 
5.6 0.567984017132 0.0437441465496 
5.7 0.603682306147 0.0419684231024 
5.8 0.641766779895 0.0404137145556 
5.9 0.682385539148 0.0390699870385 
6 0.725695230378 0.0379297265728 
6.1 0.771860957619 0.036987828634 
6.2 0.821055713813 0.0362417344677 
6.3 0.873461249956 0.0356915516346 
6.4 0.92926790046 0.0353402799952 
6.5 0.988672703458 0.035194687511 
6.6 1.05187991506 0.0352654113175 
6.7 1.11910086415 0.0355673140699 
6.8 1.19055068602 0.0361210823541 
6.9 1.26644506301 0.036954862185 
7 1.34700019738 0.0381046369224 
7.1 1.43242397311 0.039618303251 
7.2 1.52291688053 0.0415555661931 
7.3 1.61865737748 0.0439946264625 
7.4 1.71978999827 0.0470376623582 
7.5 1.82641163603 0.050817095149 
7.6 1.93855516575 0.0555031035229 
7.7 2.05614992382 0.0613216252387 
7.8 2.17898600243 0.0685702898252 
7.9 2.30666095833 0.0776424436988 
8 2.43850046923 0.0890632372353 
8.1 2.57345274688 0.103536740126 
8.2 2.70994677746 0.12200934204 
8.3 2.84570681266 0.145751475142 
8.4 2.97750411562 0.176463879211 
8.5 3.10085602498 0.216399618379 
8.6 3.20968755571 0.268485698872 
8.7 3.29601350286 0.336402068259 
8.8 3.34981338991 0.424499651851 
8.9 3.35933977626 0.537424069889 
9 3.3122966701 0.679180801696 
9.1 3.19823597993 0.851503976053 
9.2 3.01216943582 1.05166186938 
9.3 2.75839107114 1.270509526 
9.4 2.45236793079 1.492273565 
9.5 2.11867539698 1.69717933909 
9.6 1.78496885573 1.8664517472 
9.7 1.47487808185 1.98725844205 
9.8 1.20342291554 2.055073144 
9.9 0.97640556875 2.07285964913 
10 0.79264765004 2.04835989235 
10.1 0.64705445978 1.99119325913 
10.2 0.533123798336 1.91077216421 
10.3 0.444473417715 1.81521121261 
10.4 0.375557326876 1.71096832188 
10.5 0.321864917962 1.60290865902 
10.6 0.279866839906 1.49454436241 
10.7 0.246860843082 1.38831683386 
10.8 0.220801227347 1.2858555059 
10.9 0.200146861923 1.18819083227 
11 0.183737447067 1.09592022615 
11.1 0.170696995181 1.00933412072 
11.2 0.160360990907 0.928508811955 
11.3 0.152225407032 0.853369944156 
11.4 0.145903744854 0.783746748177 
11.5 0.141098833536 0.719405112069 
11.6 0.137581429978 0.66007191761 
11.7 0.135174272747 0.605453652274 
11.8 0.133740115521 0.555248770308 
11.9 0.133172836622 0.509156513042 
12 0.133391128771 0.466882459688 
12.1 0.134332955002 0.428143319194 
12.2 0.135952000081 0.392668952189 
12.3 0.138214796662 0.360203841422 
12.4 0.141098424249 0.330507942595 
12.5 0.144588790937 0.303356924435 
12.6 0.148679363274 0.278541918961 
12.7 0.153370133644 0.255869115808 
12.8 0.158666813939 0.23515923422 
12.9 0.164580220317 0.216246828538 
13 0.171126039655 0.198979272624 
13.1 0.178324174733 0.183216378698 
13.2 0.186198736774 0.168829333242 
13.3 0.194777768819 0.15570002476 
13.4 0.204093202467 0.143720232006 
13.5 0.214180801072 0.132790903425 
13.6 0.225080152179 0.122821479034 
13.7 0.236834727682 0.11372921546 
13.8 0.249491929891 0.105438613429 
13.9 0.263103224683 0.097880808427 
14 0.277724240656 0.0909930585759 
14.1 0.293414953193 0.0847182459909 
14.2 0.31023983544 0.0790044348352 
14.3 0.328268073734 0.0738044504318 
14.4 0.347573769562 0.0690755016103 
14.5 0.368236213052 0.0647788412787 
14.6 0.390340092267 0.0608794777867 
14.7 0.413975746514 0.0573458165333 
14.8 0.439239453813 0.054149411229 
14.9 0.46623379608 0.0512649603466 
15 0.495067818036 0.0486697581922 
15.1 0.525857431608 0.046343832249 
15.2 0.558725708044 0.0442697464617 
15.3 0.593803109294 0.0424322898795 
15.4 0.631227804156 0.0408188099642 
15.5 0.67114595982 0.0394187797344 
15.6 0.713711878074 0.0382240080441 
15.7 0.759088140721 0.037228823567 
15.8 0.807445973535 0.0364297583806 
15.9 0.858964653749 0.0358262932895 
16 0.913831863585 0.035420742597 
16.1 0.972243489804 0.0352185268378 
16.2 1.0344018662 0.0352291866122 
16.3 1.10051607557 0.0354665771016 
16.4 1.17080036822 0.0359497990825 
16.5 1.24547019371 0.0367049113001 
16.6 1.32474232312 0.0377654635368 
16.7 1.40882982534 0.0391748783058 
16.8 1.49793320762 0.0409904681759 
16.9 1.59223708262 0.0432852938206 
17 1.69189560062 0.0461547836428 
17.1 1.79702610729 0.0497198261678 
17.2 1.9076770585 0.0541412059534 
17.3 2.02380763712 0.0596288653456 
17.4 2.14525447628 0.0664569319558 
17.5 2.27167227097 0.074990725875 
17.6 2.40246707058 0.0857166038029 
17.7 2.53670135883 0.0992846996312 
17.8 2.67296464867 0.116567052047 
17.9 2.80919038466 0.138738269694 
18 2.94243548667 0.16737098488 
18.1 3.06858895821 0.204556398331 
18.2 3.1820391123 0.253029168723 
18.3 3.27534262634 0.316263243359 
18.4 3.33902357722 0.398449131223 
18.5 3.36172977123 0.504217599446 
18.6 3.33113523999 0.637875975447 
18.7 3.23598078602 0.80197274458 
18.8 3.06940597555 0.995206272441 
18.9 2.83288315171 1.21028947929 
19 2.53887309343 1.43311018896 
19.1 2.20994826564 1.64455080432 
19.2 1.87365489198 1.82502542285 
19.3 1.55531728414 1.95972432996 
19.4 1.2725032891 2.04183707384 
19.5 1.03336604374 2.0725254171 
19.6 0.838313801084 2.05854182659 
19.7 0.683026483766 2.00924604367 
19.8 0.561192429229 1.93425070955 
19.9 0.466298176931 1.84208122382 
20 0.392536036026 1.73964891907 
