Time Prey Predator
0.0  1.08474558208 1.24180270014
0.1 0.982187004098 1.24586670366 
0.2 0.889573849364 1.23779947451 
0.3 0.80715083443 1.21906749782 
0.4 0.734649385777 1.19135969256 
0.5 0.67147166497 1.15641695899 
0.6 0.616832399518 1.11591425899 
0.7 0.569868882551 1.07138201272 
0.8 0.529719050104 1.02416301259 
0.9 0.495564619127 0.975400883551 
1 0.466659433725 0.926041409057 
1.1 0.442340020968 0.876847815437 
1.2 0.422028262938 0.828420336901 
1.3 0.405226222146 0.781219365317 
1.4 0.391509942221 0.735586834694 
1.5 0.380521293476 0.691766636073 
1.6 0.371959794656 0.649922748412 
1.7 0.365574850387 0.610154881046 
1.8 0.361158780871 0.572511634888 
1.9 0.358540258378 0.537002758193 
2 0.3575794214 0.503606644037 
2.1 0.358163104584 0.47227882846 
2.2 0.360200816047 0.442958305809 
2.3 0.36362187309 0.415571704932 
2.4 0.368372432052 0.390037766821 
2.5 0.374413212141 0.366270465026 
2.6 0.381717853673 0.344181067545 
2.7 0.390271240026 0.323680289198 
2.8 0.40006796742 0.304680162687 
2.9 0.41111176354 0.287094292549 
3 0.423414138094 0.27083947125 
3.1 0.436994001749 0.255835751687 
3.2 0.451876737755 0.242007335014 
3.3 0.468093862081 0.229282562339 
3.4 0.485682460637 0.217594274893 
3.5 0.504684783422 0.20687991917 
3.6 0.525147904312 0.197081562857 
3.7 0.54712330695 0.188146000269 
3.8 0.570666572363 0.18002467789 
3.9 0.595836902595 0.172673933014 
4 0.622696763845 0.166054726413 
4.1 0.651311497609 0.160132725953 
4.2 0.681748762307 0.15487845758 
4.3 0.714077570353 0.150267412036 
4.4 0.748368238074 0.146279983793 
4.5 0.784690586689 0.142901973916 
4.6 0.823113300665 0.140124683066 
4.7 0.863703075562 0.137945090062 
4.8 0.906521050427 0.136367043585 
4.9 0.951623507297 0.13540085041 
5 0.999056802541 0.135064981431 
5.1 1.04885510199 0.13538676146 
5.2 1.10103913588 0.136402676094 
5.3 1.15560632105 0.138161720674 
5.4 1.21252932534 0.140725777977 
5.5 1.27174687688 0.144172585631 
5.6 1.33315895934 0.148597302777 
5.7 1.39661143832 0.154117519277 
5.8 1.46189033404 0.160875051581 
5.9 1.5287006422 0.169042435335 
6 1.59665784185 0.178825637043 
6.1 1.66526060395 0.190471847359 
6.2 1.73387278108 0.204274409778 
6.3 1.80169945147 0.220578390192 
6.4 1.86776194853 0.239785210364 
6.5 1.9308723187 0.262356302687 
6.6 1.98961518802 0.288808971629 
6.7 2.04233319693 0.319711713398 
6.8 2.08714062037 0.355656507095 
6.9 2.12195055363 0.397227914269 
7 2.14454821751 0.444942615551 
7.1 2.1527140848 0.499164814765 
7.2 2.14439763085 0.559999655674 
7.3 2.11795011956 0.627165153687 
7.4 2.07238852204 0.699866032499 
7.5 2.00765288043 0.776696966254 
7.6 1.92479786053 0.855613565542 
7.7 1.82605436893 0.934005526514 
7.8 1.71470492325 1.00889418431 
7.9 1.59479311198 1.07721951629 
8 1.4706921517 1.13618233177 
8.1 1.34664062693 1.18355520091 
8.2 1.2263405558 1.21789775237 
8.3 1.1126921606 1.23863745959 
8.4 1.00769147395 1.24601797496 
8.5 0.912468012096 1.24095112994 
8.6 0.827426432518 1.2248135317 
8.7 0.752414214638 1.19925324798 
8.8 0.686903444832 1.16601124738 
8.9 0.630144976518 1.12678861853 
9 0.581288049664 1.08315817487 
9.1 0.539464051376 1.03651383718 
9.2 0.503839921365 0.988051393152 
9.3 0.473649489761 0.938766270017 
9.4 0.448207771597 0.8894667406 
9.5 0.426914574913 0.84079314141 
9.6 0.409251820829 0.793239737686 
9.7 0.394777257042 0.747176893959 
9.8 0.383116693135 0.702871834874 
9.9 0.373955608703 0.660507503171 
10 0.367031360542 0.620198801382 
10.1 0.362125535098 0.582006693931 
10.2 0.359058203414 0.545949530369 
10.3 0.357681866153 0.512013030978 
10.4 0.357876832365 0.480158094917 
10.5 0.359547199811 0.450327337715 
10.6 0.362617428741 0.422450244276 
10.7 0.367029546415 0.396447290619 
10.8 0.372740757912 0.372233365518 
10.9 0.37972150214 0.349720299191 
11 0.387953799724 0.328818958593 
11.1 0.397429917334 0.309440785216 
11.2 0.408151395314 0.291498703805 
11.3 0.420127752991 0.27490879895 
11.4 0.433376119577 0.259590143081 
11.5 0.447920199682 0.24546595615 
11.6 0.463790039142 0.232463372758 
11.7 0.481021262883 0.220514177716 
11.8 0.499654883774 0.209554530395 
11.9 0.519736713969 0.199525388142 
12 0.541317172804 0.190372281001 
12.1 0.564450764742 0.182045543495 
12.2 0.589195848292 0.174500149152 
12.3 0.615614103833 0.167695863507 
12.4 0.643770176585 0.161597169837 
12.5 0.673730939043 0.15617346647 
12.6 0.705565352148 0.151398832889 
12.7 0.739343595055 0.147252247253 
12.8 0.775135167607 0.14371838608 
12.9 0.813009638817 0.140786913505 
13 0.853034497176 0.138453223817 
13.1 0.895271678208 0.136719672099 
13.2 0.939779496271 0.135594617003 
13.3 0.986608374767 0.135093884161 
13.4 1.03579512727 0.135242734781 
13.5 1.08736335047 0.136075545199 
13.6 1.14131643563 0.137638077408 
13.7 1.19763570408 0.139988071105 
13.8 1.25626856794 0.143199221232 
13.9 1.31712635074 0.147361817573 
14 1.38007092266 0.152587006066 
14.1 1.44490338933 0.159010423277 
14.2 1.51135132668 0.166796170451 
14.3 1.57905516043 0.176141036522 
14.4 1.64754445443 0.187281382581 
14.5 1.71622190535 0.200497576557 
14.6 1.78433503923 0.216121013984 
14.7 1.85095541925 0.234538079742 
14.8 1.91495062704 0.256194960838 
14.9 1.9749656663 0.281595388026 
15 2.02940656003 0.311294694143 
15.1 2.07644380563 0.345882486832 
15.2 2.11403600699 0.385950835046 
15.3 2.13999492223 0.432038778531 
15.4 2.15208620633 0.484560370072 
15.5 2.14819564079 0.543699034594 
15.6 2.12654634361 0.609285336093 
15.7 2.08595772405 0.680667371631 
15.8 2.02610994726 0.756603139831 
15.9 1.94776003832 0.835209087694 
16 1.85283750563 0.914008911009 
16.1 1.7443762812 0.990093614205 
16.2 1.62626066183 1.06039255599 
16.3 1.50282359411 1.12200706918 
16.4 1.37838133218 1.17253660181 
16.5 1.25680529261 1.21032531598 
16.6 1.14121771865 1.23457766771 
16.7 1.03384941156 1.2453373928 
16.8 0.936045104478 1.24336060117 
16.9 0.848378098468 1.22992591549 
17 0.770821095678 1.20663004489 
17.1 0.702927133734 1.17520379282 
17.2 0.643991734007 1.13736809436 
17.3 0.593181304146 1.09473472063 
17.4 0.549625654639 1.04874689847 
17.5 0.512479054019 1.00065177007 
17.6 0.480956298429 0.951495556723 
17.7 0.454350786557 0.902133241208 
17.8 0.432040560917 0.853246435304 
17.9 0.413486811246 0.805364944518 
18 0.39822856373 0.758888990881 
18.1 0.385874869474 0.714110562693 
18.2 0.376096530493 0.671232751424 
18.3 0.36861816532 0.63038663017 
18.4 0.363210713708 0.591645827091 
18.5 0.359684855479 0.555038697271 
18.6 0.357885218958 0.520558506865 
18.7 0.357685520821 0.488171611107 
18.8 0.358983665746 0.457825707842 
18.9 0.361699117505 0.42945326784 
19 0.365769981352 0.402975495208 
19.1 0.371149518497 0.378309167695 
19.2 0.377805150145 0.355366293045 
19.3 0.385715963697 0.334058105711 
19.4 0.394871774371 0.314295669284 
19.5 0.405271713767 0.295991612615 
19.6 0.416923348851 0.27906103501 
19.7 0.429841909346 0.263422239783 
19.8 0.444049473959 0.248997310043 
19.9 0.459574474445 0.235712381495 
20 0.476451094743 0.223498099148 
