Time Prey Predator
0.0  1.66800798643 1.5324617466
0.1 1.44455018783 1.61993837551 
0.2 1.23909671382 1.67596829978 
0.3 1.05718253722 1.70062361976 
0.4 0.900768393138 1.69668968764 
0.5 0.769177052276 1.66858859573 
0.6 0.660154093841 1.6213655058 
0.7 0.570731834166 1.55996426305 
0.8 0.49782493374 1.48879324612 
0.9 0.438567143954 1.41154087729 
1 0.390455481351 1.33115798953 
1.1 0.35139507263 1.24991293115 
1.2 0.319673931641 1.1694953787 
1.3 0.293914529277 1.09112253834 
1.4 0.273019245522 1.0156378625 
1.5 0.256117241916 0.943596295785 
1.6 0.242520093406 0.87533336318 
1.7 0.231683735922 0.811020691394 
1.8 0.223178085432 0.750709287206 
1.9 0.216662986087 0.694363021576 
2 0.211869291804 0.641884249197 
2.1 0.208584123917 0.593133172661 
2.2 0.206639345761 0.547942438925 
2.3 0.205903237452 0.506127213221 
2.4 0.206272714343 0.46749471349 
2.5 0.207668222752 0.431849378338 
2.6 0.210029645091 0.398997029657 
2.7 0.213312946075 0.368748042788 
2.8 0.217487596258 0.340919487188 
2.9 0.222534473656 0.315336543257 
3 0.228444328366 0.291833326462 
3.1 0.235216704519 0.270253079612 
3.2 0.242858537439 0.250449093997 
3.3 0.251383846905 0.232283928033 
3.4 0.260812775981 0.215629762931 
3.5 0.271171422378 0.200367726807 
3.6 0.282491314503 0.186387799838 
3.7 0.294809293265 0.173588238569 
3.8 0.308167273356 0.161875269067 
3.9 0.32261217968 0.151162567281 
4 0.338195872053 0.141370853104 
4.1 0.354975146548 0.132427454696 
4.2 0.373011760047 0.124265900313 
4.3 0.39237244944 0.116825550082 
4.4 0.413129082539 0.110051166929 
4.5 0.435358774053 0.103892557814 
4.6 0.459143777507 0.0983044438244 
4.7 0.484571839349 0.0932459944507 
4.8 0.511736195182 0.0886806453732 
4.9 0.540735581872 0.0845759307716 
5 0.57167451419 0.0809032272375 
5.1 0.604663110492 0.0776377043165 
5.2 0.63981720553 0.0747582045269 
5.3 0.677258381941 0.07224717928 
5.4 0.717113494974 0.0700908081097 
5.5 0.759514811954 0.0682789722121 
5.6 0.804599455398 0.0668054710552 
5.7 0.852508509262 0.0656683779214 
5.8 0.903386962213 0.0648701624707 
5.9 0.95738169408 0.0644185090389 
6 1.0146403449 0.0643268566438 
6.1 1.07531010003 0.0646150025817 
6.2 1.13953324165 0.0653109294483 
6.3 1.20744483139 0.0664518619771 
6.4 1.27916739328 0.068086504752 
6.5 1.35480576851 0.0702772238199 
6.6 1.43443829761 0.0731037288382 
6.7 1.51810607191 0.0766675371623 
6.8 1.6058012187 0.0810968156944 
6.9 1.69744515114 0.086555252605 
7 1.79287276357 0.0932485993298 
7.1 1.89179353357 0.101440589707 
7.2 1.99375625008 0.111467245076 
7.3 2.09810209618 0.123755722554 
7.4 2.2038969075 0.138851355235 
7.5 2.30985308408 0.157448201433 
7.6 2.41422895872 0.180426206491 
7.7 2.51471787555 0.20889004813 
7.8 2.60831838865 0.244210134303 
7.9 2.69121840027 0.288043517766 
8 2.75871534952 0.342322041549 
8.1 2.8052244348 0.40917795751 
8.2 2.82450022781 0.490727149432 
8.3 2.81011650237 0.588704878103 
8.4 2.75635951256 0.703872788132 
8.5 2.65948963107 0.835273747597 
8.6 2.5191694869 0.979503395369 
8.7 2.33957252159 1.13034800409 
8.8 2.12958198079 1.27914070101 
8.9 1.90166562693 1.41600768568 
9 1.66963559793 1.53170715209 
9.1 1.44608928407 1.61939482227 
9.2 1.24048832246 1.67565283785 
9.3 1.05839608628 1.70052813441 
9.4 0.901799639556 1.69678684386 
9.5 0.77003947235 1.66884111221 
9.6 0.660866431565 1.62173798093 
9.7 0.571316250426 1.56042295197 
9.8 0.498303177416 1.48930876925 
9.9 0.438956608978 1.41209138168 
10 0.390773034325 1.33172401627 
10.1 0.351654395734 1.25048025073 
10.2 0.319885927334 1.17005358254 
10.3 0.294087913289 1.09166428486 
10.4 0.273160939116 1.01615813952 
10.5 0.256232863826 0.944091821039 
10.6 0.242614043255 0.875802188716 
10.7 0.231759503816 0.811461849525 
10.8 0.223238444815 0.751122619895 
10.9 0.216710136319 0.694748928529 
11 0.211904945212 0.642243544551 
11.1 0.208609642881 0.593466904928 
11.2 0.20665594216 0.548251663017 
11.3 0.205911543923 0.506413602808 
11.4 0.206273380631 0.46775954476 
11.5 0.207661831544 0.432093893925 
11.6 0.210016603714 0.399222549593 
11.7 0.213293546896 0.368955868662 
11.8 0.217462030003 0.341110855865 
11.9 0.222502903831 0.315512590543 
12 0.228406843867 0.291995144147 
12.1 0.235173179497 0.270401956211 
12.2 0.24280902099 0.250585849301 
12.3 0.251328140153 0.232409616153 
12.4 0.260750812007 0.215745136186 
12.5 0.271102967003 0.200473660057 
12.6 0.282416189474 0.18648498595 
12.7 0.294727217712 0.173677411595 
12.8 0.308077975278 0.16195703011 
12.9 0.322515318049 0.151237516168 
13 0.338091098514 0.14143951754 
13.1 0.354862059806 0.132490337983 
13.2 0.372889938433 0.124323444951 
13.3 0.392241458525 0.116878145112 
13.4 0.412988437278 0.110099177855 
13.5 0.435207851529 0.10393640125 
13.6 0.45898205708 0.0983443980297 
13.7 0.484398711819 0.093282323716 
13.8 0.511550956009 0.0887136213093 
13.9 0.540537616087 0.0846057483016 
14 0.571463042503 0.0809300982202 
14.1 0.604437359355 0.0776618021541 
14.2 0.639576446478 0.0747796494143 
14.3 0.677001639394 0.0722661270457 
14.4 0.716839961849 0.0701073285236 
14.5 0.759223604896 0.0682931234613 
14.6 0.804289426142 0.0668173533208 
14.7 0.85217892789 0.0656779157233 
14.8 0.903036637547 0.0648774024983 
14.9 0.957009470084 0.0644234390275 
15 1.014245703 0.0643291932787 
15.1 1.07489125742 0.0646148883243 
15.2 1.13908893927 0.0653082573769 
15.3 1.20697488774 0.0664460705419 
15.4 1.27867136998 0.0680770885959 
15.5 1.35428282723 0.0702637953777 
15.6 1.43388731573 0.0730859562807 
15.7 1.51752769507 0.0766442921387 
15.8 1.60519450155 0.0810675643663 
15.9 1.69681260193 0.0865180839733 
16 1.79221292501 0.0932031773977 
16.1 1.89110917985 0.101384745022 
16.2 1.99305257415 0.111397752206 
16.3 2.09738359363 0.123669688189 
16.4 2.20317033019 0.138744887104 
16.5 2.30912754123 0.157316117014 
16.6 2.4135184122 0.180261801691 
16.7 2.51403922388 0.208685353032 
16.8 2.6076942839 0.243955009197 
16.9 2.6906774447 0.287725140854 
17 2.75829058548 0.341927731612 
17.1 2.804956955 0.408692023581 
17.2 2.82443376848 0.49013587536 
17.3 2.81029336027 0.587998499975 
17.4 2.7568142222 0.703050325634 
17.5 2.66023939966 0.834347633884 
17.6 2.52020349771 0.978505407975 
17.7 2.34084937549 1.12932730857 
17.8 2.13102982401 1.27816069618 
17.9 1.90319525959 1.41513426653 
18 1.67115628335 1.53099663199 
18.1 1.44752509911 1.61888351433 
18.2 1.24178733328 1.67535333561 
18.3 1.05953203886 1.70043160571 
18.4 0.902767772223 1.69686925505 
18.5 0.770849712098 1.66907044301 
18.6 0.66153623336 1.62208063947 
18.7 0.571865832621 1.56084750888 
18.8 0.498752430876 1.48978800493 
18.9 0.439323307563 1.41260313477 
19 0.391072399386 1.33225081074 
19.1 0.351899029519 1.2510087932 
19.2 0.320086079356 1.17057405926 
19.3 0.294251802594 1.09216969511 
19.4 0.273294928559 1.01664381601 
19.5 0.256342340456 0.944554596202 
19.6 0.24270314631 0.876240147181 
19.7 0.231831505424 0.811874104555 
19.8 0.223295906997 0.751509068546 
19.9 0.216755069962 0.695109988786 
20 0.211939018586 0.642579868436 
