Time Prey Predator
0.0  1.19311831535 0.862974910997
0.1 1.13560786712 0.877271989514 
0.2 1.07915603537 0.88673311486 
0.3 1.02455103318 0.891327416784 
0.4 0.972424260546 0.891171435082 
0.5 0.923249882739 0.886510305061 
0.6 0.877353618534 0.877690287099 
0.7 0.834932406847 0.865128335082 
0.8 0.796072534199 0.849287412516 
0.9 0.760771984084 0.830651320515 
1 0.72896024243 0.809705019307 
1.1 0.70052245148 0.786912623204 
1.2 0.675309491054 0.762713943988 
1.3 0.653154350723 0.737511670095 
1.4 0.633882007597 0.711667474606 
1.5 0.617317202129 0.685500401189 
1.6 0.603289980556 0.659287163686 
1.7 0.591639487129 0.633263713747 
1.8 0.58221702649 0.607627428289 
1.9 0.574886277596 0.582541402436 
2 0.569524514189 0.55813726772 
2.1 0.566022636336 0.534518952286 
2.2 0.564284463252 0.511766353682 
2.3 0.564226345505 0.489938537462 
2.4 0.565776358942 0.469076973192 
2.5 0.568873348904 0.449208238708 
2.6 0.57346610761 0.43034640687 
2.7 0.579512572037 0.412496134666 
2.8 0.586978828358 0.395653596131 
2.9 0.595838214359 0.379808651738 
3 0.606070631843 0.364946662129 
3.1 0.617661770371 0.351048946106 
3.2 0.630602234953 0.33809514646 
3.3 0.644886986251 0.326062762233 
3.4 0.660514427335 0.314929401676 
3.5 0.677485814416 0.304672294719 
3.6 0.695804444628 0.295269864926 
3.7 0.715474864725 0.286701637251 
3.8 0.736502140258 0.278949098799 
3.9 0.758890844585 0.271995984127 
4 0.782644234828 0.265828712715 
4.1 0.807763336946 0.260437019009 
4.2 0.834245233854 0.255813842988 
4.3 0.862082681051 0.251956150368 
4.4 0.89126173008 0.248865154749 
4.5 0.921760736302 0.24654671941 
4.6 0.95354869993 0.245011826444 
4.7 0.986582050797 0.244277068757 
4.8 1.02080435096 0.244364986373 
4.9 1.05614154413 0.245304808554 
5 1.09250080734 0.247132811945 
5.1 1.1297670977 0.249892888183 
5.2 1.16779838204 0.253637237696 
5.3 1.20642469596 0.258426695787 
5.4 1.24544127447 0.264331126494 
5.5 1.2846068301 0.271430021631 
5.6 1.32363907338 0.279812037041 
5.7 1.3622102019 0.289574754775 
5.8 1.39994440899 0.30082513013 
5.9 1.43641658041 0.313675202747 
6 1.47114918187 0.328242229324 
6.1 1.50361740231 0.34464260793 
6.2 1.53324691256 0.362990346535 
6.3 1.5594289859 0.383385344521 
6.4 1.58152827072 0.405906926847 
6.5 1.59890025944 0.430602881442 
6.6 1.6109155292 0.457475373168 
6.7 1.61698527751 0.486467185123 
6.8 1.61659900596 0.517445379115 
6.9 1.60935613239 0.550188499139 
7 1.59500600226 0.584373155197 
7.1 1.57347928805 0.619570342876 
7.2 1.54491724993 0.65524165979 
7.3 1.50968036579 0.690757223851 
7.4 1.46834980005 0.725411303916 
7.5 1.42170755934 0.75845473904 
7.6 1.37070036098 0.789134010945 
7.7 1.31638920471 0.816734072189 
7.8 1.25989017074 0.840620900224 
7.9 1.20231521778 0.860277319322 
8 1.14471683864 0.875329490806 
8.1 1.08803967981 0.885565584907 
8.2 1.03309412567 0.890929483661 
8.3 0.980536065143 0.891516605113 
8.4 0.930864271231 0.887552832227 
8.5 0.884428299859 0.87936885748 
8.6 0.841443948263 0.867372688602 
8.7 0.802013600045 0.852021686518 
8.8 0.766147990341 0.833797776263 
8.9 0.733787449423 0.813185669144 
9 0.704821248491 0.790656051195 
9.1 0.679105230803 0.766652398035 
9.2 0.656474405347 0.74158370403 
9.3 0.636754325693 0.71581847629 
9.4 0.619769626744 0.689682324567 
9.5 0.605349159922 0.663458709634 
9.6 0.593330490702 0.637389874899 
9.7 0.583562684976 0.611679319534 
9.8 0.575907440258 0.586495306142 
9.9 0.570239838861 0.561974231151 
10 0.566448582554 0.538224198448 
10.1 0.564435473458 0.515328677336 
10.2 0.564114824913 0.493349802119 
10.3 0.565413154971 0.472331697917 
10.4 0.568267499644 0.452303071575 
10.5 0.572625217609 0.433280160063 
10.6 0.578442752849 0.415268633664 
10.7 0.585684926809 0.398265941377 
10.8 0.594323993309 0.382262911141 
10.9 0.604338888398 0.367245318252 
11 0.615714402383 0.353195327401 
11.1 0.628440458082 0.340092443311 
11.2 0.642511331294 0.327914765843 
11.3 0.657924962698 0.3166395281 
11.4 0.674682197708 0.306244236014 
11.5 0.692786015168 0.296707167519 
11.6 0.712240830572 0.288007568325 
11.7 0.733051724008 0.280126209827 
11.8 0.755223376526 0.27304678883 
11.9 0.77875945567 0.266755144554 
12 0.80366123868 0.261240407238 
12.1 0.829926716088 0.256495047446 
12.2 0.857549256783 0.252515333986 
12.3 0.886516174121 0.24930181249 
12.4 0.916807308631 0.246859554454 
12.5 0.948392919707 0.245198745953 
12.6 0.981232083915 0.244334985533 
12.7 1.0152701109 0.244289896648 
12.8 1.05043626289 0.24509158177 
12.9 1.08664092658 0.246775145064 
13 1.12377239252 0.249383283759 
13.1 1.16169383464 0.252966820656 
13.2 1.20023937096 0.257585131392 
13.3 1.23921035466 0.263306788494 
13.4 1.27837161584 0.270209612825 
13.5 1.31744737596 0.278380786582 
13.6 1.35611707117 0.287917061598 
13.7 1.3940137492 0.298922806205 
13.8 1.43071895283 0.311510295963 
13.9 1.46576459854 0.325795754158 
14 1.49863271584 0.341896359508 
14.1 1.52875530444 0.359927185328 
14.2 1.55552937927 0.379990565342 
14.3 1.57832295808 0.402169769774 
14.4 1.59649222665 0.426518277357 
14.5 1.60940130217 0.453047261844 
14.6 1.6164548816 0.481709393598 
14.7 1.61712613201 0.512384773934 
14.8 1.61099507083 0.544867083842 
14.9 1.59778604616 0.57884869998 
15 1.57739876919 0.613917630227 
15.1 1.5499375429 0.649554698479 
15.2 1.51572978548 0.685141377916 
15.3 1.47532148483 0.719982676212 
15.4 1.4294655346 0.75333362459 
15.5 1.3790850109 0.784439020686 
15.6 1.32522653171 0.812574350273 
15.7 1.2690012888 0.837090799422 
15.8 1.21152517565 0.857450653674 
15.9 1.15386180738 0.873257426373 
16 1.09697844203 0.884269387266 
16.1 1.04170709174 0.89040781721 
16.2 0.988729215043 0.891744840045 
16.3 0.938568454992 0.88848691248 
16.4 0.89159721835 0.880949978534 
16.5 0.848051826983 0.869531290722 
16.6 0.808051152672 0.85468238282 
16.7 0.77161898575 0.836882778638 
16.8 0.738705640958 0.816617960647 
16.9 0.709207491866 0.794361880266 
17 0.682984316352 0.770563501125 
17.1 0.659873658133 0.74563759327 
17.2 0.639702028049 0.719959088971 
17.3 0.622293506073 0.693860957922 
17.4 0.607476127848 0.66763304397 
17.5 0.59508569393 0.6415242395 
17.6 0.584969410243 0.615743768624 
17.7 0.576986665387 0.590465557941 
17.8 0.571010587282 0.565830572507 
17.9 0.56692763614 0.541951262696 
18 0.56463757173 0.518914780283 
18.1 0.564052917809 0.496786418225 
18.2 0.565098011836 0.475612956875 
18.3 0.567708447661 0.455425376233 
18.4 0.571829987958 0.436241649972 
18.5 0.577417758252 0.418069014252 
18.6 0.584435105786 0.400906169669 
18.7 0.592853313646 0.384744832653 
18.8 0.60265024022 0.369571468883 
18.9 0.613809840806 0.355368740544 
19 0.626321252024 0.342116504307 
19.1 0.640178114618 0.329793022307 
19.2 0.655377847327 0.318375641553 
19.3 0.671920871636 0.3078417341 
19.4 0.689809922608 0.29816922982 
19.5 0.709049247945 0.289337258179 
19.6 0.729643832348 0.281326649845 
19.7 0.751598547134 0.274120360196 
19.8 0.774917186931 0.267703977872 
19.9 0.799601513978 0.26206603527 
20 0.825650029506 0.25719851886 
