Time Prey Predator
0.0  1.32852746865 1.90761029124
0.1 1.0976872973 1.94809212357 
0.2 0.904598534662 1.94770680426 
0.3 0.747258539273 1.91355644562 
0.4 0.62122216074 1.85363512801 
0.5 0.521260176386 1.77549176951 
0.6 0.442340150039 1.68556634733 
0.7 0.380083773922 1.58899268007 
0.8 0.330895114937 1.48966807397 
0.9 0.291918633098 1.39043830665 
1 0.260931506553 1.29330727723 
1.1 0.236222657365 1.19963032354 
1.2 0.216480776024 1.11027876088 
1.3 0.200702513558 1.02576653244 
1.4 0.188119212193 0.946349638396 
1.5 0.178140402446 0.872100809159 
1.6 0.170310908952 0.802964841346 
1.7 0.164278598716 0.73879935682 
1.8 0.159770193008 0.679404610699 
1.9 0.156573128489 0.62454515517 
2 0.154521951504 0.573965456345 
2.1 0.153488146118 0.527400989313 
2.2 0.153371865254 0.484586804027 
2.3 0.154096695363 0.445262099974 
2.4 0.155604848308 0.409174486358 
2.5 0.157853680669 0.376082455215 
2.6 0.160813060597 0.345756853223 
2.7 0.164463311708 0.317981700176 
2.8 0.168793701197 0.292554466648 
2.9 0.173801201138 0.269286075245 
3 0.179489111558 0.248001050568 
3.1 0.185867138861 0.228536230435 
3.2 0.192950127032 0.210740944131 
3.3 0.200758079802 0.194476008552 
3.4 0.209315604307 0.179613279009 
3.5 0.218651799266 0.166034869106 
3.6 0.228800112025 0.153632523454 
3.7 0.239798192166 0.142306934681 
3.8 0.251687965833 0.131967148119 
3.9 0.264515564094 0.122529932849 
4 0.278331499134 0.113919266766 
4.1 0.293190418066 0.106065595483 
4.2 0.309151609693 0.0989056026005 
4.3 0.326279088502 0.0923816709073 
4.4 0.344641446683 0.0864411943073 
4.5 0.36431247945 0.081036668432 
4.6 0.385371052211 0.076124884954 
4.7 0.40790138911 0.0716667237309 
4.8 0.43199347622 0.0676271373409 
4.9 0.457743028824 0.0639743822593 
5 0.485251940469 0.0606802496666 
5.1 0.514628470326 0.0577196722493 
5.2 0.545987426773 0.0550704012219 
5.3 0.579450473103 0.0527133059438 
5.4 0.615146335345 0.0506318245085 
5.5 0.653210919682 0.048812125274 
5.6 0.693787438808 0.0472432533721 
5.7 0.737026732851 0.0459167579079 
5.8 0.783087023388 0.044827036097 
5.9 0.832133503061 0.0439717012645 
6 0.88433887927 0.0433515499883 
6.1 0.93988243529 0.0429710274663 
6.2 0.998948367277 0.0428387261248 
6.3 1.06172655033 0.0429677943269 
6.4 1.12841027609 0.0433769214678 
6.5 1.19919165159 0.0440923216525 
6.6 1.27426269583 0.0451477070839 
6.7 1.35381076358 0.0465864012809 
6.8 1.43800735798 0.0484661650023 
6.9 1.52700648368 0.0508602402384 
7 1.620930072 0.053863875818 
7.1 1.7198627185 0.0575967808671 
7.2 1.82382256158 0.0622158796857 
7.3 1.93273903443 0.0679251115772 
7.4 2.04642327267 0.0749884010344 
7.5 2.16451996673 0.0837510033685 
7.6 2.2864424471 0.094667881156 
7.7 2.4112954586 0.108337112706 
7.8 2.53776171929 0.125549400509 
7.9 2.66395846604 0.147348841261 
8 2.7872546804 0.17510853098 
8.1 2.90404942071 0.210617313191 
8.2 3.00951978967 0.256167653907 
8.3 3.0973803973 0.314614804847 
8.4 3.1597570599 0.389338832517 
8.5 3.18731918037 0.48402407658 
8.6 3.1699496253 0.602092970558 
8.7 3.09819151997 0.745686126322 
8.8 2.96562439304 0.914169884687 
8.9 2.77175528024 1.10254872488 
9 2.52431661762 1.30059333378 
9.1 2.23939660681 1.49366779179 
9.2 1.938542754 1.66557306217 
9.3 1.64370941009 1.80244990509 
9.4 1.37239953524 1.8959127194 
9.5 1.13512045769 1.94403909799 
9.6 0.935523937015 1.95030504949 
9.7 0.772250214465 1.92146348439 
9.8 0.641143542217 1.86546618859 
9.9 0.537024089631 1.79000290498 
10 0.454780851501 1.7017303927 
10.1 0.389906776977 1.60600908632 
10.2 0.338669861466 1.50693986885 
10.3 0.298092444655 1.40753630915 
10.4 0.265850858874 1.3099338711 
10.5 0.240153206671 1.21558868103 
10.6 0.219626032748 1.12544553752 
10.7 0.203218360467 1.04007249682 
10.8 0.190125616814 0.959764073095 
10.9 0.179728744298 0.884622109247 
11 0.171552241417 0.814609227358 
11.1 0.165228174023 0.749595522176 
11.2 0.160471012362 0.689389744216 
11.3 0.157058627243 0.633761708664 
11.4 0.15481810825 0.582458401266 
11.5 0.153615015096 0.53521648958 
11.6 0.153345105201 0.491770463778 
11.7 0.153928167262 0.451858630517 
11.8 0.155303581711 0.415226728682 
11.9 0.157426209765 0.381631394639 
12 0.160263874505 0.350841319782 
12.1 0.163795263118 0.32263813469 
12.2 0.168008115538 0.296817048733 
12.3 0.172898029588 0.273186768059 
12.4 0.178467481089 0.251569255962 
12.5 0.184724996559 0.2317993678 
12.6 0.191684612226 0.21372428758 
12.7 0.199365404135 0.197202949884 
12.8 0.207791171474 0.18210536808 
12.9 0.216990366607 0.168311775448 
13 0.226995579474 0.155712407255 
13.1 0.237843819646 0.144206396074 
13.2 0.249576211943 0.133701422043 
13.3 0.262238165857 0.124112939779 
13.4 0.275879348795 0.11536367183 
13.5 0.290553784926 0.107383054474 
13.6 0.306319985669 0.100106708365 
13.7 0.323241044026 0.0934760117202 
13.8 0.341384848495 0.0874376216899 
13.9 0.360824207514 0.0819430905568 
14 0.381637099212 0.0769484922762 
14.1 0.403906843739 0.0724140935721 
14.2 0.427722362968 0.068304054153 
14.3 0.453178382584 0.0645861520957 
14.4 0.480375714179 0.0612315571543 
14.5 0.50942150724 0.0582146292995 
14.6 0.540429401978 0.0555127323763 
14.7 0.573519885224 0.0531061117514 
14.8 0.608820438911 0.0509777952342 
14.9 0.646465681655 0.049113531767 
15 0.686597689582 0.047501751733 
15.1 0.729365849099 0.0461336482518 
15.2 0.774927008907 0.0450032250525 
15.3 0.823445527241 0.0441074116102 
15.4 0.87509252127 0.0434464625139 
15.5 0.930046037856 0.0430240838276 
15.6 0.988490167979 0.0428479653079 
15.7 1.05061332823 0.0429306536947 
15.8 1.11660824619 0.0432898124614 
15.9 1.1866683303 0.043949920297 
16 1.26098515772 0.0449435527803 
16.1 1.33974664434 0.046312420716 
16.2 1.42312779135 0.0481114690783 
16.3 1.511286744 0.0504108116002 
16.4 1.6043519606 0.0533014623905 
16.5 1.70241526402 0.0568985342107 
16.6 1.80550753694 0.0613519399339 
16.7 1.91357604034 0.066856384355 
16.8 2.02645490884 0.0736643075516 
16.9 2.14382184076 0.0821050389282 
17 2.26513492369 0.0926124829606 
17.1 2.38955935469 0.105756870193 
17.2 2.51585958469 0.122291835433 
17.3 2.64226226713 0.1432127452 
17.4 2.76628059737 0.169829760879 
17.5 2.88449913152 0.203853334801 
17.6 2.99232268418 0.247484043612 
17.7 3.08373382722 0.303477435284 
17.8 3.15113189959 0.375133833618 
17.9 3.18541102355 0.466111377853 
18 3.17651028047 0.579937625349 
18.1 3.11471601021 0.719068792673 
18.2 2.99288223466 0.883468338609 
18.3 2.80929359719 1.06898904297 
18.4 2.5701751063 1.26630325726 
18.5 2.29029356922 1.46138591933 
18.6 1.99057932481 1.63803792613 
18.7 1.69329837026 1.78173020392 
18.8 1.41698460131 1.88299358899 
18.9 1.17340795445 1.93881999011 
19 0.967300930431 1.95189147866 
19.1 0.79800725861 1.928554809 
19.2 0.661710371597 1.87667802812 
19.3 0.55331014461 1.80406936624 
19.4 0.467634013347 1.71759243144 
19.5 0.400050371755 1.62283507483 
19.6 0.346691907546 1.52410500764 
19.7 0.304456764597 1.42458871063 
19.8 0.270917072384 1.32655828407 
19.9 0.244197778859 1.23157420353 
20 0.222860611919 1.14065898191 
