Time Prey Predator
0.0  1.62482464907 1.3195445721
0.1 1.44926381654 1.39228912162 
0.2 1.28196349895 1.44400238711 
0.3 1.12783935245 1.4737098216 
0.4 0.989738292123 1.48219011731 
0.5 0.868698204232 1.47152610495 
0.6 0.764400225733 1.44458193177 
0.7 0.675659917126 1.40452602815 
0.8 0.600839895082 1.35447843005 
0.9 0.538153993238 1.29728439378 
1 0.485864081718 1.23539788441 
1.1 0.442376373516 1.17085853546 
1.2 0.406295912862 1.10529718289 
1.3 0.376432720619 1.0399817158 
1.4 0.351790007268 0.975870272682 
1.5 0.331542835533 0.913663780303 
1.6 0.315014641581 0.853855300072 
1.7 0.301652713977 0.796773500088 
1.8 0.291008052882 0.742618314469 
1.9 0.28271658574 0.69149082671 
2 0.276483803835 0.643417338179 
2.1 0.27207209931 0.598368506554 
2.2 0.269290431468 0.556274458444 
2.3 0.267986000005 0.517036577075 
2.4 0.268037299977 0.48053701425 
2.5 0.269349142431 0.446644984679 
2.6 0.27184816742 0.415222539183 
2.7 0.275479181183 0.386129105253 
2.8 0.280202375579 0.359224289162 
2.9 0.285991268137 0.33436992185 
3 0.292830853806 0.3114317921 
3.1 0.300716181772 0.290280881702 
3.2 0.309651197659 0.270794072185 
3.3 0.31964779292 0.25285471814 
3.4 0.330725193929 0.236352721825 
3.5 0.342909388656 0.221184641459 
3.6 0.35623243155 0.207254137022 
3.7 0.370732471771 0.194471201317 
3.8 0.386453075651 0.182752600616 
3.9 0.403443376978 0.172021148917 
4 0.421757635916 0.162205887204 
4.1 0.441455326725 0.153241541506 
4.2 0.462600889079 0.145068487643 
4.3 0.485263754867 0.137632394388 
4.4 0.509518197416 0.130884063766 
4.5 0.535443290297 0.124779204319 
4.6 0.563122791547 0.119278274518 
4.7 0.592645005143 0.114346344736 
4.8 0.624102559055 0.109953020216 
4.9 0.657592156015 0.10607238943 
5 0.693214652772 0.102682828883 
5.1 0.731073942403 0.0997673985418 
5.2 0.771276393916 0.0973139609931 
5.3 0.813931406473 0.0953147443155 
5.4 0.859148487829 0.0937676036854 
5.5 0.907036320839 0.0926763169387 
5.6 0.957703810588 0.0920499217945 
5.7 1.01125469858 0.0919049713457 
5.8 1.06778462541 0.0922666896512 
5.9 1.12737987008 0.093169277866 
6 1.19011123752 0.0946582045367 
6.1 1.25603201559 0.0967910358421 
6.2 1.32516484274 0.0996425395679 
6.3 1.39749726532 0.103306268978 
6.4 1.47296828054 0.107899499127 
6.5 1.55145637758 0.113567862081 
6.6 1.63275874706 0.120493222059 
6.7 1.71657199938 0.128900680078 
6.8 1.80245995004 0.139070403435 
6.9 1.88982232586 0.15134893862 
7 1.97785384292 0.166163530692 
7.1 2.06549360064 0.184039279184 
7.2 2.1513672512 0.205616776812 
7.3 2.23372924251 0.23166764391 
7.4 2.31039806033 0.263108320551 
7.5 2.37870932637 0.300997009144 
7.6 2.43549550096 0.346511185085 
7.7 2.47711777684 0.400890284489 
7.8 2.49960875045 0.465307224914 
7.9 2.49892654884 0.540682329539 
8 2.47139368288 0.627399594031 
8.1 2.41429111299 0.724964098942 
8.2 2.32654450717 0.83165750963 
8.3 2.20934509036 0.944306156475 
8.4 2.06646500466 1.05831565506 
8.5 1.90408205167 1.16805345105 
8.6 1.73004245265 1.26757686496 
8.7 1.55271950053 1.35153042258 
8.8 1.37980920811 1.41594548038 
8.9 1.21740877773 1.45870611367 
9 1.0695824421 1.47959132594 
9.1 0.93839544982 1.47997040868 
9.2 0.824273703927 1.46230679647 
9.3 0.726489340452 1.42964034213 
9.4 0.643629375504 1.3851548326 
9.5 0.573966916391 1.33187759605 
9.6 0.515717034182 1.2725037157 
9.7 0.467191330484 1.20931911918 
9.8 0.426876162002 1.14419086323 
9.9 0.393459315377 1.07859764587 
10 0.365831501749 1.01367474693 
10.1 0.343068832038 0.950269106681 
10.2 0.32440967873 0.888991545523 
10.3 0.309230629698 0.83026339819 
10.4 0.29702384975 0.774356805745 
10.5 0.287376769083 0.721428315615 
10.6 0.279955340237 0.671545898147 
10.7 0.274489636769 0.624711137637 
10.8 0.270762143006 0.580876596511 
10.9 0.268598302376 0.539959456522 
11 0.267858857112 0.501852181789 
11.1 0.268433684142 0.466430829843 
11.2 0.27023683477 0.433561402494 
11.3 0.273202520353 0.403104767405 
11.4 0.277282306498 0.374919672347 
11.5 0.282441969125 0.348866545676 
11.6 0.288659996857 0.324808546629 
11.7 0.295925568866 0.302613588516 
11.8 0.304237509497 0.282154921901 
11.9 0.313603117377 0.263311987464 
12 0.324037354456 0.24597078628 
12.1 0.335562248288 0.230023989563 
12.2 0.348206267598 0.215371122952 
12.3 0.362004018023 0.201918363196 
12.4 0.376995840518 0.189578541392 
12.5 0.393227583277 0.178270915595 
12.6 0.410750463125 0.167920887852 
12.7 0.429620989908 0.158459677575 
12.8 0.449900564955 0.149824491465 
12.9 0.471655746477 0.141957812456 
13 0.49495790631 0.134807464945 
13.1 0.519883285173 0.12832627272 
13.2 0.546512902807 0.122471867656 
13.3 0.574932338231 0.117206642802 
13.4 0.605231770248 0.112497475171 
13.5 0.637505541442 0.108315791895 
13.6 0.671852109225 0.104637426851 
13.7 0.708373514551 0.101442707848 
13.8 0.747174921422 0.0987165377853 
13.9 0.788364115923 0.0964485045318 
14 0.832050273239 0.094633278293 
14.1 0.878343396921 0.0932707907297 
14.2 0.927352284612 0.092366951015 
14.3 0.979183121863 0.0919341671454 
14.4 1.0339369814 0.0919922757849 
14.5 1.09170649255 0.0925697852914 
14.6 1.15257297207 0.0937049825374 
14.7 1.21659985059 0.0954483942424 
14.8 1.28382877636 0.0978642963859 
14.9 1.35426934078 0.101034573765 
15 1.42789120202 0.105061715418 
15.1 1.50461106705 0.110073714822 
15.2 1.58427508413 0.116230671058 
15.3 1.66664485599 0.123730051749 
15.4 1.75136507808 0.13281858565 
15.5 1.8379369513 0.143801998792 
15.6 1.92568232504 0.157057743443 
15.7 2.01369860326 0.173050628704 
15.8 2.10080389479 0.192351014403 
15.9 2.18548097384 0.215650626118 
16 2.26581142736 0.243780357181 
16.1 2.33942231398 0.277714865387 
16.2 2.40344510058 0.318564949067 
16.3 2.45450884847 0.367545264692 
16.4 2.48882048269 0.425884636157 
16.5 2.50234038697 0.49468217249 
16.6 2.49111246539 0.574677903414 
16.7 2.45177059856 0.665940713287 
16.8 2.3821836486 0.767514607208 
16.9 2.28214148952 0.877101512912 
17 2.15386990273 0.990929600592 
17.1 2.00217817805 1.10391127514 
17.2 1.83404193789 1.21018530759 
17.3 1.65767048885 1.30394087725 
17.4 1.48129548622 1.3803073094 
17.5 1.31204689565 1.43603832027 
17.6 1.15521683684 1.46980763408 
17.7 1.01402736871 1.48209448864 
17.8 0.889822879636 1.47477663715 
17.9 0.782499055715 1.45061225194 
18 0.690996547093 1.41274505286 
18.1 0.613735087652 1.36432506528 
18.2 0.548939561982 1.30825878022 
18.3 0.494850452079 1.24707934949 
18.4 0.449844490054 1.18290023595 
18.5 0.412488013387 1.11742611194 
18.6 0.381554067346 1.05198775463 
18.7 0.356011477138 0.98759639906 
18.8 0.335005399063 0.924996903906 
18.9 0.317833354419 0.864717615282 
19 0.303921586867 0.807114621323 
19.1 0.292803396899 0.752409244506 
19.2 0.284100166746 0.700718917034 
19.3 0.277505380517 0.652082334753 
19.4 0.272771973791 0.606479059814 
19.5 0.269700871592 0.563845831214 
19.6 0.268132785439 0.524088641731 
19.7 0.267941033623 0.487092294397 
19.8 0.269025827148 0.452728151226 
19.9 0.271309922427 0.420859511657 
20 0.274734967264 0.391346003442 
