"Time" "S" "I" "R"
0 1000 1 0
1 0 999 2
2 0 998 3
3 0 996 5
4 0 996 5
5 0 995 6
6 0 993 8
7 0 993 8
8 0 993 8
9 0 993 8
10 0 993 8
11 0 992 9
12 0 992 9
13 0 992 9
14 0 992 9
15 0 989 12
16 0 989 12
17 0 989 12
18 0 988 13
19 0 986 15
20 0 983 18
21 0 983 18
22 0 982 19
23 0 980 21
24 0 978 23
25 0 978 23
26 0 978 23
27 0 976 25
28 0 975 26
29 0 974 27
30 0 974 27
31 0 972 29
32 0 970 31
33 0 970 31
34 0 969 32
35 0 968 33
36 0 968 33
37 0 967 34
38 0 967 34
39 0 967 34
40 0 965 36
41 0 965 36
42 0 964 37
43 0 964 37
44 0 964 37
45 0 964 37
46 0 963 38
47 0 962 39
48 0 962 39
49 0 960 41
50 0 959 42
51 0 959 42
52 0 957 44
53 0 956 45
54 0 956 45
55 0 956 45
56 0 956 45
57 0 954 47
58 0 953 48
59 0 953 48
60 0 953 48
61 0 950 51
62 0 949 52
63 0 949 52
64 0 949 52
65 0 949 52
66 0 949 52
67 0 949 52
68 0 948 53
69 0 947 54
70 0 946 55
