"Time" "S" "I" "R"
0 1000 1 0
1 0 1001 0
2 0 1001 0
3 0 999 2
4 0 999 2
5 0 999 2
6 0 998 3
7 0 998 3
8 0 996 5
9 0 995 6
10 0 995 6
11 0 993 8
12 0 992 9
13 0 992 9
14 0 990 11
15 0 988 13
16 0 988 13
17 0 987 14
18 0 986 15
19 0 985 16
20 0 984 17
21 0 983 18
22 0 982 19
23 0 982 19
24 0 981 20
25 0 980 21
26 0 977 24
27 0 977 24
28 0 976 25
29 0 975 26
30 0 973 28
31 0 972 29
32 0 971 30
33 0 971 30
34 0 971 30
35 0 970 31
36 0 970 31
37 0 968 33
38 0 968 33
39 0 967 34
40 0 967 34
41 0 967 34
42 0 967 34
43 0 967 34
44 0 965 36
45 0 964 37
46 0 961 40
47 0 960 41
48 0 958 43
49 0 958 43
50 0 957 44
51 0 955 46
52 0 955 46
53 0 955 46
54 0 955 46
55 0 953 48
56 0 953 48
57 0 951 50
58 0 950 51
59 0 950 51
60 0 950 51
61 0 947 54
62 0 946 55
63 0 945 56
64 0 944 57
65 0 944 57
66 0 941 60
67 0 941 60
68 0 938 63
69 0 937 64
70 0 937 64
