"Time" "S" "I" "R"
0 1000 1 0
1 0 1001 0
2 0 1000 1
3 0 999 2
4 0 999 2
5 0 999 2
6 0 998 3
7 0 998 3
8 0 998 3
9 0 996 5
10 0 994 7
11 0 994 7
12 0 992 9
13 0 991 10
14 0 990 11
15 0 989 12
16 0 988 13
17 0 987 14
18 0 987 14
19 0 985 16
20 0 984 17
21 0 983 18
22 0 981 20
23 0 981 20
24 0 980 21
25 0 978 23
26 0 978 23
27 0 974 27
28 0 974 27
29 0 974 27
30 0 973 28
31 0 972 29
32 0 970 31
33 0 970 31
34 0 970 31
35 0 969 32
36 0 968 33
37 0 966 35
38 0 965 36
39 0 963 38
40 0 960 41
41 0 960 41
42 0 960 41
43 0 959 42
44 0 957 44
45 0 955 46
46 0 954 47
47 0 952 49
48 0 951 50
49 0 949 52
50 0 946 55
51 0 944 57
52 0 944 57
53 0 942 59
54 0 939 62
55 0 939 62
56 0 938 63
57 0 938 63
58 0 938 63
59 0 937 64
60 0 933 68
61 0 933 68
62 0 933 68
63 0 932 69
64 0 931 70
65 0 930 71
66 0 930 71
67 0 929 72
68 0 926 75
69 0 926 75
70 0 924 77
