"Time" "S" "I" "R"
0 1000 1 0
1 0 1000 1
2 0 999 2
3 0 996 5
4 0 995 6
5 0 995 6
6 0 995 6
7 0 995 6
8 0 994 7
9 0 994 7
10 0 994 7
11 0 993 8
12 0 992 9
13 0 990 11
14 0 990 11
15 0 989 12
16 0 989 12
17 0 989 12
18 0 989 12
19 0 989 12
20 0 989 12
21 0 988 13
22 0 985 16
23 0 985 16
24 0 983 18
25 0 983 18
26 0 983 18
27 0 981 20
28 0 977 24
29 0 977 24
30 0 977 24
31 0 977 24
32 0 976 25
33 0 975 26
34 0 975 26
35 0 974 27
36 0 973 28
37 0 972 29
38 0 972 29
39 0 972 29
40 0 971 30
41 0 969 32
42 0 965 36
43 0 965 36
44 0 964 37
45 0 963 38
46 0 961 40
47 0 959 42
48 0 959 42
49 0 957 44
50 0 957 44
51 0 956 45
52 0 955 46
53 0 954 47
54 0 952 49
55 0 951 50
56 0 951 50
57 0 949 52
58 0 947 54
59 0 945 56
60 0 944 57
61 0 941 60
62 0 941 60
63 0 939 62
64 0 939 62
65 0 938 63
66 0 937 64
67 0 933 68
68 0 933 68
69 0 932 69
70 0 932 69
