"Time" "S" "I" "R"
0 1000 1 0
1 0 1000 1
2 0 999 2
3 0 999 2
4 0 997 4
5 0 996 5
6 0 996 5
7 0 995 6
8 0 994 7
9 0 993 8
10 0 991 10
11 0 988 13
12 0 987 14
13 0 986 15
14 0 983 18
15 0 982 19
16 0 981 20
17 0 980 21
18 0 979 22
19 0 977 24
20 0 977 24
21 0 977 24
22 0 973 28
23 0 972 29
24 0 971 30
25 0 970 31
26 0 967 34
27 0 966 35
28 0 964 37
29 0 963 38
30 0 963 38
31 0 963 38
32 0 962 39
33 0 962 39
34 0 961 40
35 0 961 40
36 0 961 40
37 0 961 40
38 0 960 41
39 0 960 41
40 0 960 41
41 0 960 41
42 0 959 42
43 0 958 43
44 0 956 45
45 0 956 45
46 0 954 47
47 0 953 48
48 0 953 48
49 0 953 48
50 0 952 49
51 0 952 49
52 0 952 49
53 0 951 50
54 0 951 50
55 0 950 51
56 0 947 54
57 0 947 54
58 0 947 54
59 0 946 55
60 0 945 56
61 0 945 56
62 0 943 58
63 0 942 59
64 0 942 59
65 0 942 59
66 0 942 59
67 0 941 60
68 0 941 60
69 0 941 60
70 0 941 60
71 0 941 60
