"Time" "S" "I" "R"
0 1000 1 0
1 0 1000 1
2 0 1000 1
3 0 999 2
4 0 998 3
5 0 998 3
6 0 996 5
7 0 996 5
8 0 995 6
9 0 994 7
10 0 994 7
11 0 994 7
12 0 993 8
13 0 991 10
14 0 991 10
15 0 991 10
16 0 988 13
17 0 987 14
18 0 986 15
19 0 986 15
20 0 985 16
21 0 984 17
22 0 983 18
23 0 983 18
24 0 980 21
25 0 977 24
26 0 976 25
27 0 976 25
28 0 975 26
29 0 975 26
30 0 975 26
31 0 975 26
32 0 971 30
33 0 970 31
34 0 968 33
35 0 967 34
36 0 967 34
37 0 966 35
38 0 963 38
39 0 959 42
40 0 958 43
41 0 958 43
42 0 958 43
43 0 958 43
44 0 957 44
45 0 956 45
46 0 955 46
47 0 952 49
48 0 951 50
49 0 950 51
50 0 950 51
51 0 948 53
52 0 948 53
53 0 947 54
54 0 946 55
55 0 946 55
56 0 946 55
57 0 946 55
58 0 945 56
59 0 945 56
60 0 944 57
61 0 944 57
62 0 942 59
63 0 941 60
64 0 940 61
65 0 940 61
66 0 940 61
67 0 938 63
68 0 938 63
69 0 938 63
70 0 937 64
71 0 937 64
