"Time" "S" "I" "R"
0 1000 1 0
1 0 1001 0
2 0 1001 0
3 0 998 3
4 0 997 4
5 0 995 6
6 0 991 10
7 0 990 11
8 0 989 12
9 0 988 13
10 0 988 13
11 0 988 13
12 0 987 14
13 0 986 15
14 0 985 16
15 0 984 17
16 0 984 17
17 0 981 20
18 0 980 21
19 0 978 23
20 0 978 23
21 0 978 23
22 0 976 25
23 0 975 26
24 0 974 27
25 0 973 28
26 0 972 29
27 0 970 31
28 0 969 32
29 0 968 33
30 0 968 33
31 0 967 34
32 0 966 35
33 0 966 35
34 0 966 35
35 0 964 37
36 0 964 37
37 0 964 37
38 0 963 38
39 0 963 38
40 0 963 38
41 0 963 38
42 0 963 38
43 0 963 38
44 0 962 39
45 0 961 40
46 0 957 44
47 0 954 47
48 0 953 48
49 0 953 48
50 0 953 48
51 0 951 50
52 0 949 52
53 0 949 52
54 0 947 54
55 0 946 55
56 0 944 57
57 0 944 57
58 0 944 57
59 0 942 59
60 0 942 59
61 0 940 61
62 0 939 62
63 0 939 62
64 0 937 64
65 0 937 64
66 0 937 64
67 0 935 66
68 0 934 67
69 0 934 67
70 0 934 67
71 0 934 67
