"Time" "S" "I" "R"
0 1000 1 0
1 0 1001 0
2 0 1001 0
3 0 1001 0
4 0 1000 1
5 0 999 2
6 0 999 2
7 0 997 4
8 0 993 8
9 0 992 9
10 0 991 10
11 0 991 10
12 0 987 14
13 0 985 16
14 0 983 18
15 0 982 19
16 0 982 19
17 0 981 20
18 0 977 24
19 0 975 26
20 0 974 27
21 0 973 28
22 0 973 28
23 0 971 30
24 0 969 32
25 0 968 33
26 0 967 34
27 0 967 34
28 0 966 35
29 0 966 35
30 0 965 36
31 0 963 38
32 0 963 38
33 0 961 40
34 0 961 40
35 0 960 41
36 0 959 42
37 0 959 42
38 0 958 43
39 0 957 44
40 0 956 45
41 0 954 47
42 0 954 47
43 0 952 49
44 0 951 50
45 0 951 50
46 0 950 51
47 0 948 53
48 0 947 54
49 0 947 54
50 0 947 54
51 0 947 54
52 0 946 55
53 0 946 55
54 0 945 56
55 0 943 58
56 0 942 59
57 0 942 59
58 0 942 59
59 0 941 60
60 0 938 63
61 0 938 63
62 0 938 63
63 0 938 63
64 0 937 64
65 0 937 64
66 0 935 66
67 0 931 70
68 0 929 72
69 0 929 72
70 0 929 72
71 0 929 72
