"Time" "S" "I" "R"
0 1000 1 0
1 0 1001 0
2 0 1000 1
3 0 1000 1
4 0 999 2
5 0 999 2
6 0 998 3
7 0 997 4
8 0 995 6
9 0 995 6
10 0 995 6
11 0 995 6
12 0 994 7
13 0 993 8
14 0 993 8
15 0 992 9
16 0 990 11
17 0 990 11
18 0 989 12
19 0 989 12
20 0 988 13
21 0 987 14
22 0 986 15
23 0 986 15
24 0 985 16
25 0 984 17
26 0 984 17
27 0 984 17
28 0 982 19
29 0 979 22
30 0 977 24
31 0 977 24
32 0 977 24
33 0 976 25
34 0 976 25
35 0 975 26
36 0 974 27
37 0 973 28
38 0 971 30
39 0 971 30
40 0 970 31
41 0 969 32
42 0 969 32
43 0 969 32
44 0 968 33
45 0 968 33
46 0 967 34
47 0 965 36
48 0 964 37
49 0 964 37
50 0 962 39
51 0 959 42
52 0 957 44
53 0 957 44
54 0 956 45
55 0 953 48
56 0 953 48
57 0 951 50
58 0 951 50
59 0 951 50
60 0 950 51
61 0 950 51
62 0 949 52
63 0 947 54
64 0 946 55
65 0 946 55
66 0 945 56
67 0 943 58
68 0 943 58
69 0 940 61
70 0 939 62
71 0 939 62
