"Time" "S" "I" "R"
0 1000 1 0
1 0 1001 0
2 0 999 2
3 0 997 4
4 0 997 4
5 0 997 4
6 0 994 7
7 0 994 7
8 0 993 8
9 0 993 8
10 0 991 10
11 0 991 10
12 0 991 10
13 0 989 12
14 0 986 15
15 0 985 16
16 0 985 16
17 0 985 16
18 0 983 18
19 0 980 21
20 0 980 21
21 0 978 23
22 0 977 24
23 0 977 24
24 0 976 25
25 0 976 25
26 0 976 25
27 0 975 26
28 0 975 26
29 0 974 27
30 0 973 28
31 0 972 29
32 0 972 29
33 0 971 30
34 0 971 30
35 0 969 32
36 0 967 34
37 0 967 34
38 0 965 36
39 0 965 36
40 0 964 37
41 0 963 38
42 0 960 41
43 0 959 42
44 0 959 42
45 0 959 42
46 0 957 44
47 0 955 46
48 0 954 47
49 0 953 48
50 0 953 48
51 0 953 48
52 0 953 48
53 0 953 48
54 0 951 50
55 0 950 51
56 0 950 51
57 0 950 51
58 0 949 52
59 0 948 53
60 0 948 53
61 0 946 55
62 0 946 55
63 0 946 55
64 0 945 56
65 0 942 59
66 0 942 59
67 0 941 60
68 0 940 61
69 0 939 62
70 0 939 62
