Time Prey Predator
0.0  0.993438984943 1.97272781366
0.1 0.866035257044 2.05717711912 
0.2 0.748321767717 2.10532102768 
0.3 0.644001155543 2.11829571996 
0.4 0.554449109382 2.10001729477 
0.5 0.479368838009 2.05591228655 
0.6 0.417481591402 1.99183055057 
0.7 0.367078780732 1.91331156701 
0.8 0.326383050566 1.82518575489 
0.9 0.293750791168 1.73142993544 
1 0.267759299344 1.63518039805 
1.1 0.247227450407 1.53882494416 
1.2 0.231199972891 1.44412535149 
1.3 0.218918926334 1.35233834546 
1.4 0.209791565156 1.26432470673 
1.5 0.203360328577 1.18064104259 
1.6 0.199276727046 1.10161556173 
1.7 0.197280398052 1.02740542323 
1.8 0.197182292486 0.958043243126 
1.9 0.198851616335 0.893472304199 
2 0.20220568204 0.83357377049 
2.1 0.207202273318 0.778187239425 
2.2 0.213833907268 0.727126327314 
2.3 0.222123558643 0.680190499451 
2.4 0.232121964389 0.637172914472 
2.5 0.243904809478 0.597868871779 
2.6 0.257571475189 0.562079843835 
2.7 0.273243829623 0.529617601095 
2.8 0.291065449631 0.500307281529 
2.9 0.311200873218 0.473989992602 
3 0.333834836485 0.450525073863 
3.1 0.359171158624 0.429792417438 
3.2 0.38743170744 0.411694285572 
3.3 0.418853591126 0.396158620983 
3.4 0.453686623538 0.383141658939 
3.5 0.492187632958 0.372632384824 
3.6 0.534614802227 0.364656889468 
3.7 0.581216349888 0.359285708774 
3.8 0.632219258287 0.356641080643 
3.9 0.687807693987 0.356909094837 
4 0.748102147879 0.36035163416 
4.1 0.813121428186 0.367325894789 
4.2 0.882739250229 0.378306167123 
4.3 0.956627971814 0.393910323913 
4.4 1.03418353332 0.414933093944 
4.5 1.11443416359 0.442383671681 
4.6 1.19593037886 0.477522299751 
4.7 1.27662614779 0.521892274836 
4.8 1.35376014422 0.577323792092 
4.9 1.42376990312 0.645893344421 
5 1.4822932963 0.729779560155 
5.1 1.52432870908 0.830972267206 
5.2 1.54464269427 0.950775944527 
5.3 1.53850405636 1.08909015226 
5.4 1.50270572829 1.24356916798 
5.5 1.43666475467 1.40894088527 
5.6 1.34319754706 1.57688277339 
5.7 1.22850580687 1.73683806635 
5.8 1.10116597989 1.87776129283 
5.9 0.970404521243 1.99026875543 
6 0.844335582317 2.06835905074 
6.1 0.728798306352 2.11009649704 
6.2 0.62704680649 2.11719663014 
6.3 0.540115731765 2.09392288242 
6.4 0.467484613017 2.04585156187 
6.5 0.407763408221 1.97882269653 
6.6 0.359208684137 1.89827188133 
6.7 0.320056197637 1.80888287923 
6.8 0.288698059907 1.7144785491 
6.9 0.263753390296 1.61805631029 
7 0.24408308752 1.52188247812 
7.1 0.228769389751 1.42762026527 
7.2 0.217086047504 1.33644902207 
7.3 0.208466210587 1.24916966142 
7.4 0.202473362846 1.16629363877 
7.5 0.198776075955 1.08811444111 
7.6 0.197127628508 1.01476429316 
7.7 0.197350407948 0.946257408917 
7.8 0.199322712497 0.882524466108 
7.9 0.202969520368 0.823438053499 
8 0.208255191743 0.768831974491 
8.1 0.215177930013 0.718516497993 
8.2 0.223765846263 0.672289406485 
8.3 0.234074079343 0.629944268677 
8.4 0.246182662584 0.591276931002 
8.5 0.260195000598 0.556090482851 
8.6 0.276236808724 0.524198979249 
8.7 0.294455558307 0.495429864853 
8.8 0.315019336408 0.469627511294 
8.9 0.338116443991 0.446654607971 
9 0.363954048488 0.426394830091 
9.1 0.392756786697 0.40875491037 
9.2 0.424764464769 0.393667459107 
9.3 0.460228281425 0.381094344942 
9.4 0.499406246161 0.371030502708 
9.5 0.542555200206 0.36350961405 
9.6 0.589921162732 0.358610471451 
9.7 0.641724707193 0.356465931177 
9.8 0.698141047167 0.35727427096 
9.9 0.759274796227 0.361313123292 
10 0.825122214784 0.368958830149 
10.1 0.89552760905 0.380708253339 
10.2 0.970119365147 0.39720853895 
10.3 1.04823559085 0.419289370535 
10.4 1.12882829924 0.44800184143 
10.5 1.21035227627 0.484652993533 
10.6 1.29064120157 0.530840991244 
10.7 1.36679735043 0.588442992838 
10.8 1.43511482608 0.659565510323 
10.9 1.49109702199 0.746384449805 
11 1.52966517689 0.850807991509 
11.1 1.54561126139 0.973951057244 
11.2 1.53439298588 1.11537681566 
11.3 1.4931908201 1.27226113997 
11.4 1.42198465318 1.43877685358 
11.5 1.32421939612 1.60611707705 
11.6 1.20661789317 1.76348983767 
11.7 1.07800835304 1.8999884283 
11.8 0.94753907751 2.00672608944 
11.9 0.822982275063 2.07840569815 
12 0.709719055071 2.11379444949 
12.1 0.610569604536 2.11515141816 
12.2 0.526240944046 2.0870606339 
12.3 0.456012927598 2.03521000574 
12.4 0.398399917266 1.96540792462 
12.5 0.351635795189 1.88297368418 
12.6 0.313974722545 1.79244140952 
12.7 0.28384589783 1.69748277125 
12.8 0.259911732282 1.60095695012 
12.9 0.241074068644 1.50501465328 
13 0.226451355046 1.41122513118 
13.1 0.215347811848 1.3206933374 
13.2 0.207221764563 1.23416295766 
13.3 0.2016569596 1.15210203581 
13.4 0.198338294228 1.07477184656 
13.5 0.197032493961 1.00228065207 
13.6 0.197572478562 0.934625890108 
13.7 0.199845593472 0.871726134986 
13.8 0.203784227101 0.813445713572 
13.9 0.209359012067 0.759613517979 
14 0.216573730333 0.710036832408 
14.1 0.225461505261 0.664512037389 
14.2 0.236081997131 0.62283273688 
14.3 0.248519448864 0.584795798105 
14.4 0.262881248384 0.550206073431 
14.5 0.279297177903 0.518879382928 
14.6 0.29791823861 0.490646434331 
14.7 0.31891628896 0.465354432531 
14.8 0.342482964475 0.442869758969 
14.9 0.368828691938 0.423079910105 
15 0.398181055122 0.405895989852 
15.1 0.430782036533 0.391255609878 
15.2 0.466884665656 0.379126023472 
15.3 0.506747157173 0.369508744927 
15.4 0.550625399847 0.362444818063 
15.5 0.598762166874 0.358021882795 
15.6 0.651371285309 0.356383616069 
15.7 0.708618257153 0.357740913702 
15.8 0.770590640914 0.362387753265 
15.9 0.837262213733 0.370719694464 
16 0.908443589351 0.38325817849 
16.1 0.983717654807 0.400680028605 
16.2 1.06236248679 0.42385132128 
16.3 1.14324924818 0.453865961695 
16.4 1.22473340796 0.492080557592 
16.5 1.30452608018 0.540143114399 
16.6 1.37958828809 0.599981719936 
16.7 1.4460693857 0.673728923836 
16.8 1.4993509001 0.763540037619 
16.9 1.53428614232 0.871231212 
17 1.54572044043 0.997700345449 
17.1 1.52933201614 1.14214960661 
17.2 1.48272447204 1.30125576628 
17.3 1.40646215095 1.46863638 
17.4 1.30461310577 1.63503143139 
17.5 1.18438477967 1.78947265628 
17.6 1.05480008722 1.92126106888 
17.7 0.92486888513 2.02206370017 
17.8 0.80199375973 2.08729608561 
17.9 0.691092413318 2.11641075224 
18 0.594566397094 2.11217165575 
18.1 0.512816032605 2.07944606586 
18.2 0.444942747132 2.02400203164 
18.3 0.389381415385 1.95159586872 
18.4 0.344352475259 1.86742157623 
18.5 0.308133233881 1.77586191382 
18.6 0.279191732996 1.68043890291 
18.7 0.256233751079 1.58387705999 
18.8 0.238201089947 1.4882160007 
18.9 0.224247429134 1.39493432288 
19 0.213706734246 1.30506567395 
19.1 0.206061314518 1.21929941682 
19.2 0.200914573704 1.13806219821 
19.3 0.19796726005 1.0615845938 
19.4 0.196998822783 0.989952542781 
19.5 0.197852593049 0.923147394759 
19.6 0.200424409228 0.861076588171 
19.7 0.204653850828 0.803597154619 
19.8 0.210517802147 0.750533071076 
19.9 0.218025491027 0.701688958061 
20 0.227214967433 0.656860093967 
