Time Prey Predator
0.0  1.26192155792 1.36881208355
0.1 1.05675473124 1.47034135069 
0.2 0.875198073259 1.53468263253 
0.3 0.72042064853 1.56239024251 
0.4 0.592145230036 1.55761655495 
0.5 0.487911749063 1.52639704229 
0.6 0.404270906701 1.47518933136 
0.7 0.337599178844 1.40997015611 
0.8 0.284569931745 1.33578489614 
0.9 0.242344763947 1.25664186601 
1 0.208606722504 1.17558315528 
1.1 0.181516811073 1.09482945198 
1.2 0.159636982559 1.01594581378 
1.3 0.141852811521 0.939990290437 
1.4 0.12730312953 0.867640110948 
1.5 0.115322818095 0.799291613081 
1.6 0.105396987101 0.735137240755 
1.7 0.0971254553877 0.675224102198 
1.8 0.0901956195759 0.619497824024 
1.9 0.0843618073552 0.567835033767 
2 0.0794298164425 0.520066933093 
2.1 0.0752451867702 0.475996514835 
2.2 0.0716843445203 0.435411095835 
2.3 0.0686475007642 0.398091878541 
2.4 0.0660536683263 0.363819813358 
2.5 0.0638367415257 0.332379987325 
2.6 0.0619424068206 0.303564761552 
2.7 0.060325748468 0.277175687304 
2.8 0.0589493589505 0.253024784648 
2.9 0.0577821844508 0.230934620522 
3 0.0567978565844 0.210739549748 
3.1 0.0559743067831 0.192284711635 
3.2 0.055292604766 0.175426511638 
3.3 0.0547367307131 0.160031644768 
3.4 0.0542928538671 0.145977011748 
3.5 0.0539491226868 0.133148937203 
3.6 0.0536952609584 0.121442799987 
3.7 0.0535223619605 0.110762349149 
3.8 0.0534226615546 0.101019172151 
3.9 0.0533893708043 0.0921321512987 
4 0.053416533583 0.0840269232844 
4.1 0.0534988806177 0.0766354096337 
4.2 0.0536318265352 0.0698952171003 
4.3 0.0538113154038 0.0637492962833 
4.4 0.0540336865407 0.0581455620353 
4.5 0.0542957132619 0.0530362717219 
4.6 0.0545945402227 0.0483779808921 
4.7 0.0549275872313 0.0441309056879 
4.8 0.0552925540608 0.040258740721 
4.9 0.0556874107257 0.0367284384138 
5 0.0561102975547 0.0335097002021 
5.1 0.0565595802956 0.0305750402995 
5.2 0.0570337726409 0.0278992968946 
5.3 0.0575315384449 0.0254595334162 
5.4 0.0580516886882 0.0232349062536 
5.5 0.0585931375727 0.0212063127094 
5.6 0.0591549278419 0.0193564839766 
5.7 0.0597361830124 0.01766956191 
5.8 0.0603360992968 0.0161309704489 
5.9 0.060953984516 0.0147276835136 
6 0.0615892086505 0.0134477523579 
6.1 0.0622411943284 0.0122801726698 
6.2 0.0629094385298 0.0112150686464 
6.3 0.0635934888389 0.0102434090252 
6.4 0.0642929328485 0.00935686308681 
6.5 0.0650074119694 0.0085479438695 
6.6 0.0657366082384 0.00780982606986 
6.7 0.066480233975 0.00713619925029 
6.8 0.0672380415412 0.00652138596498 
6.9 0.0680098167262 0.00596023867677 
7 0.0687953691057 0.00544799489795 
7.1 0.0695945373181 0.00498034951664 
7.2 0.0704071864835 0.00455340961716 
7.3 0.0712332006221 0.00416357107236 
7.4 0.0720724865734 0.0038075800672 
7.5 0.0729249727345 0.00348251020788 
7.6 0.0737906008262 0.00318562306689 
7.7 0.074669326285 0.00291437292541 
7.8 0.0755611259751 0.00266653235241 
7.9 0.0764659932705 0.00244010859237 
8 0.0773839305903 0.00223321778651 
8.1 0.0783149514638 0.00204411755664 
8.2 0.0792590845696 0.00187128463988 
8.3 0.080216368942 0.00171332562183 
8.4 0.0811868516461 0.00156893431724 
8.5 0.0821705882671 0.00143690245588 
8.6 0.083167646127 0.00131618314556 
8.7 0.084178099581 0.00120580215296 
8.8 0.085202029326 0.00110484627949 
8.9 0.0862395230012 0.00101247381969 
9 0.0872906786742 0.000927968866636 
9.1 0.0883555995539 0.000850656381546 
9.2 0.0894343944329 0.000779908197558 
9.3 0.0905271770398 0.000715133360967 
9.4 0.0916340717241 0.000655879833662 
9.5 0.0927552019805 0.000601632060671 
9.6 0.093890699153 0.000551960783662 
9.7 0.0950406994031 0.000506472945075 
9.8 0.0962053443793 0.000464823780388 
9.9 0.097384779079 0.000426678215405 
10 0.0985791527364 0.000391726899544 
10.1 0.0997886189597 0.000359687760626 
10.2 0.10101333642 0.000330312968676 
10.3 0.102253467906 0.000303379385696 
10.4 0.103509180506 0.000278690386192 
10.5 0.104780645649 0.000256076051523 
10.6 0.106068036302 0.000235349086201 
10.7 0.10737152889 0.000216334993645 
10.8 0.108691304685 0.000198893967012 
10.9 0.110027548791 0.000182904813247 
11 0.11138044927 0.000168249547918 
11.1 0.112750196188 0.000154796309553 
11.2 0.114136984101 0.000142443668338 
11.3 0.115541011081 0.000131103241159 
11.4 0.116962446354 0.000120611682289 
11.5 0.118401581318 0.000111109885855 
11.6 0.119858554842 0.000102343864002 
11.7 0.121333586466 9.42742043581e-05 
11.8 0.122826895779 8.68613918556e-05 
11.9 0.124338707132 8.00551966587e-05 
12 0.125869245085 7.38049261418e-05 
12.1 0.127418731722 6.80654517995e-05 
12.2 0.128987389125 6.27916451262e-05 
12.3 0.13057543938 5.79383776163e-05 
12.4 0.132183111657 5.34660871982e-05 
12.5 0.133810666376 4.93597515487e-05 
12.6 0.135458343796 4.5588516637e-05 
12.7 0.137126380648 4.21187561136e-05 
12.8 0.138815013661 3.89168436288e-05 
12.9 0.140524479589 3.59491710816e-05 
13 0.142255045933 3.32056803364e-05 
13.1 0.144006989555 3.06834829614e-05 
13.2 0.145780565843 2.83632447126e-05 
13.3 0.147576030188 2.6225631346e-05 
13.4 0.14939363798 2.42513086176e-05 
13.5 0.151233651244 2.24234267082e-05 
13.6 0.153096373997 2.07408581251e-05 
13.7 0.154982086982 1.9193761426e-05 
13.8 0.156891064517 1.77698884716e-05 
13.9 0.158823580915 1.64569911224e-05 
14 0.160779910493 1.5242821239e-05 
14.1 0.16276036012 1.41215930938e-05 
14.2 0.164765256271 1.30914132666e-05 
14.3 0.166794892796 1.21439116514e-05 
14.4 0.168849563456 1.12707000696e-05 
14.5 0.170929562008 1.04633903428e-05 
14.6 0.173035182213 9.71359429263e-06 
14.7 0.175166718491 9.01302415958e-06 
14.8 0.177324526222 8.36265584986e-06 
14.9 0.179508958384 7.76310071449e-06 
15 0.181720335538 7.21004338203e-06 
15.1 0.183958978245 6.69916848108e-06 
15.2 0.186225207065 6.22616064022e-06 
15.3 0.188519342557 5.78670448803e-06 
15.4 0.190841709506 5.37676822975e-06 
15.5 0.193192706581 4.99728126083e-06 
15.6 0.195572705242 4.64734581596e-06 
15.7 0.197982054362 4.32454769822e-06 
15.8 0.200421102815 4.02647271071e-06 
15.9 0.202890199477 3.7507066565e-06 
16 0.20538969322 3.49483533868e-06 
16.1 0.207920250706 3.26560013864e-06 
16.2 0.210481549658 3.04125066656e-06 
16.3 0.213074506198 2.83571542032e-06 
16.4 0.21569947799 2.64683345032e-06 
16.5 0.218356827175 2.47257278588e-06 
16.6 0.221046920372 2.31103043526e-06 
16.7 0.223770128674 2.16043238563e-06 
16.8 0.226526847121 2.01942617234e-06 
16.9 0.229317537748 1.88772785039e-06 
17 0.232142617848 1.76444279847e-06 
17.1 0.235002505512 1.64875007535e-06 
17.2 0.237897625489 1.53999051033e-06 
17.3 0.240828409187 1.4376667032e-06 
17.4 0.243795294674 1.34144302428e-06 
17.5 0.246798726676 1.25114561439e-06 
17.6 0.249839156576 1.16676238487e-06 
17.7 0.252917042419 1.08844301758e-06 
17.8 0.256032848907 1.01649896487e-06 
17.9 0.259187045757 9.51065585106e-07 
18 0.262380096718 8.89843812553e-07 
18.1 0.265612479276 8.32151568387e-07 
18.2 0.268884679626 7.77890052164e-07 
18.3 0.272197190229 7.2704173934e-07 
18.4 0.275550509814 6.79670381269e-07 
18.5 0.278945143379 6.35921005204e-07 
18.6 0.282381602186 5.96019914298e-07 
18.7 0.285860403767 5.602746876e-07 
18.8 0.28938207192 5.29074180062e-07 
18.9 0.29294713671 5.02888522531e-07 
19 0.296556134389 4.82161176285e-07 
19.1 0.300209605483 4.6478406946e-07 
19.2 0.303908097371 4.49505496093e-07 
19.3 0.307652164357 4.36019353911e-07 
19.4 0.311442366944 4.24015702907e-07 
19.5 0.315279271839 4.13180765342e-07 
19.6 0.319163451952 4.03196925744e-07 
19.7 0.323095486396 3.9374273091e-07 
19.8 0.327075960487 3.84492889904e-07 
19.9 0.331105465744 3.75118274057e-07 
20 0.335184599887 3.65285916968e-07 
