Time Prey Predator
0.0  1.24047713152 1.99241551226
0.1 1.06328254138 2.20035505296 
0.2 0.889386883506 2.35680728112 
0.3 0.731491139546 2.452642191 
0.4 0.59640606776 2.48838179477 
0.5 0.485708061273 2.4715715518 
0.6 0.397594231782 2.41313969886 
0.7 0.328712608054 2.32444486129 
0.8 0.275395969733 2.21558969839 
0.9 0.234306031464 2.09475591209 
1 0.202674437732 1.96816720179 
1.1 0.178319457101 1.84034834445 
1.2 0.15957196628 1.71446447444 
1.3 0.145176065309 1.59264456677 
1.4 0.134194835246 1.47625457874 
1.5 0.125932673018 1.36610718761 
1.6 0.11987468134 1.26262194318 
1.7 0.115640998198 1.16594342578 
1.8 0.11295303684 1.07602710605 
1.9 0.111608851032 0.992701364558 
2 0.111465239617 0.915712027439 
2.1 0.112424799277 0.84475420772 
2.2 0.114426680055 0.779494742341 
2.3 0.117439592373 0.719588990079 
2.4 0.121457386322 0.664691072112 
2.5 0.126495593935 0.614462094444 
2.6 0.132589182947 0.568575461283 
2.7 0.139791140474 0.526720292278 
2.8 0.148171681359 0.488603613777 
2.9 0.157817954398 0.45395167461 
3 0.168834141992 0.422510620016 
3.1 0.181341502536 0.394047312029 
3.2 0.195479559215 0.368348379853 
3.3 0.211406433936 0.345220971712 
3.4 0.229299963149 0.324492345514 
3.5 0.249358587468 0.306010052416 
3.6 0.271802258461 0.28964201203 
3.7 0.29687325489 0.275277178295 
3.8 0.324836663417 0.262826264108 
3.9 0.355980499091 0.252223249872 
4 0.390614477546 0.243427949123 
4.1 0.429069900527 0.236427545547 
4.2 0.471693674291 0.231243365375 
4.3 0.518846448093 0.227933978647 
4.4 0.57089086762 0.226605644066 
4.5 0.628178048824 0.227424119829 
4.6 0.69103026265 0.230628210449 
4.7 0.759712849004 0.236551325279 
4.8 0.83439000902 0.245653051941 
4.9 0.915071689231 0.25855533743 
5 1.00153072738 0.276098466877 
5.1 1.09319262328 0.29941158702 
5.2 1.18898768209 0.33000448753 
5.3 1.28714770946 0.369886510888 
5.4 1.38496681521 0.4216929916 
5.5 1.47851502523 0.488808454325 
5.6 1.56236933594 0.575415598581 
5.7 1.62947098041 0.686345726038 
5.8 1.67132920005 0.826518011056 
5.9 1.67887101516 0.999706954986 
6 1.64423064582 1.20647070034 
6.1 1.56340507953 1.44156049629 
6.2 1.43893347927 1.69199627429 
6.3 1.28096440977 1.93764397877 
6.4 1.10537468053 2.15532427641 
6.5 0.929363018109 2.32512007699 
6.6 0.766862708775 2.43554237471 
6.7 0.626087217003 2.48499164813 
6.8 0.509702658646 2.47967709451 
6.9 0.416528307824 2.43002961447 
7 0.343441233018 2.34750742918 
7.1 0.286769663617 2.24260312529 
7.2 0.2430657162 2.12397001672 
7.3 0.209418960318 1.99827794514 
7.4 0.183514107956 1.87042265538 
7.5 0.16356967796 1.74385930976 
7.6 0.148241258838 1.62093553596 
7.7 0.136524247312 1.50317594167 
7.8 0.127672241476 1.39150726984 
7.9 0.121132359517 1.28642984976 
8 0.116496301728 1.18814447159 
8.1 0.113463969471 1.09664528776 
8.2 0.111817083327 1.01178614845 
8.3 0.111400195357 0.933328285132 
8.4 0.112106002039 0.860976831196 
8.5 0.113865585689 0.794403970557 
8.6 0.116641212435 0.733266411981 
8.7 0.120421160535 0.677217793663 
8.8 0.125216003527 0.625917246458 
8.9 0.13105636327 0.579034624465 
9 0.137991034303 0.536255215235 
9.1 0.146086226377 0.497281679445 
9.2 0.155425076254 0.461835673456 
9.3 0.166107630788 0.429658765082 
9.4 0.17825120124 0.40051267035 
9.5 0.191990902688 0.374179428255 
9.6 0.207480390851 0.350461381212 
9.7 0.224892765761 0.329181056003 
9.8 0.244421486352 0.310181228652 
9.9 0.266281295546 0.293325086178 
10 0.29070929916 0.278496283539 
10.1 0.317964985159 0.265600546405 
10.2 0.348331225482 0.254565993668 
10.3 0.38211272284 0.245346056573 
10.4 0.419635952721 0.237921211225 
10.5 0.461244514716 0.232304263554 
10.6 0.507296431903 0.228544420999 
10.7 0.558153538198 0.226736712 
10.8 0.614172663278 0.227030537071 
10.9 0.675686633183 0.229644846202 
11 0.742974416638 0.234890369297 
11.1 0.816229215171 0.243193090835 
11.2 0.89550422187 0.255132127894 
11.3 0.980637331241 0.271490632744 
11.4 1.07114705511 0.293322383836 
11.5 1.16609527501 0.322038006152 
11.6 1.26390149939 0.359516601923 
11.7 1.36210467938 0.40823363261 
11.8 1.4570907591 0.471390119167 
11.9 1.54380689243 0.552982123493 
12 1.61557950382 0.657720690308 
12.1 1.66421095766 0.790583178848 
12.2 1.6806385231 0.955773620012 
12.3 1.65650024738 1.15483212577 
12.4 1.58661911313 1.3841062016 
12.5 1.47180313597 1.63251291902 
12.6 1.32045996804 1.88136007362 
12.7 1.14744421357 2.10765671166 
12.8 0.970095124904 2.29015088909 
12.9 0.803440944637 2.41507675037 
13 0.657116345086 2.4785838668 
13.1 0.534973392183 2.48534621378 
13.2 0.436562010002 2.44511745826 
13.3 0.359065592311 2.36934495208 
13.4 0.298850653292 2.2688634565 
13.5 0.252373958953 2.15279477943 
13.6 0.216586017513 2.02826663531 
13.7 0.189034170028 1.90056404148 
13.8 0.167819520508 1.77345045494 
13.9 0.151503664527 1.64950659536 
14 0.139010095469 1.53042828793 
14.1 0.129537967251 1.41726603556 
14.2 0.122493806274 1.31060772411 
14.3 0.11743891101 1.21071538067 
14.4 0.114050467886 1.11762483696 
14.5 0.1120929378 1.0312180707 
14.6 0.111397254558 0.951275335749 
14.7 0.111845624034 0.877512727942 
14.8 0.113361044265 0.809607707347 
14.9 0.115898934687 0.747219543276 
15 0.119441801214 0.690001761174 
15.1 0.12399527395 0.637611451146 
15.2 0.129585372374 0.589715691269 
15.3 0.136256712048 0.545995873689 
15.4 0.144071435045 0.506150399739 
15.5 0.153108692462 0.469896374127 
15.6 0.16346449679 0.436970697135 
15.7 0.175252087608 0.407130180222 
15.8 0.188602310693 0.380152080942 
15.9 0.203664401096 0.355833931742 
16 0.220606752445 0.333993589103 
16.1 0.239617989789 0.314468929603 
16.2 0.260907769236 0.297118314813 
16.3 0.284707789546 0.281820636213 
16.4 0.311272329834 0.268476225879 
16.5 0.340878591109 0.257007896024 
16.6 0.373826489558 0.247362692808 
16.7 0.410437209097 0.239514660384 
16.8 0.451051215056 0.233468197152 
16.9 0.496023089825 0.2292637214 
17 0.545715470227 0.226984131709 
17.1 0.600487027341 0.226765313617 
17.2 0.660677028043 0.228809014511 
17.3 0.726581509696 0.233401238395 
17.4 0.798417485776 0.240938257979 
17.5 0.876278560886 0.251958215077 
17.6 0.960060323093 0.267191241282 
17.7 1.04936650016 0.287620927384 
17.8 1.14338337065 0.314563875118 
17.9 1.24069973678 0.349778567928 
18 1.33908637146 0.395587556146 
18.1 1.43522656874 0.455010714717 
18.2 1.52442968833 0.531856101741 
18.3 1.60040986979 0.630689174797 
18.4 1.65529531457 0.756491651869 
18.5 1.68012554082 0.913785568353 
18.6 1.66617978903 1.10495175156 
18.7 1.60727071268 1.32779930687 
18.8 1.50257811226 1.57311866758 
18.9 1.35870015865 1.82385477958 
19 1.1892440543 2.05754973094 
19.1 1.01141170093 2.25195014637 
19.2 0.841146897787 2.39115828486 
19.3 0.689487036918 2.46898689974 
19.4 0.561561243304 2.48837157983 
19.5 0.457753090891 2.45820625568 
19.6 0.375642523173 2.38979163044 
19.7 0.311684964553 2.29424464182 
19.8 0.262264780032 2.18113863274 
19.9 0.224199268086 2.05806727518 
20 0.194895503919 1.93072459858 
