Time Prey Predator
0.0  1.43544828258 1.74557144139
0.1 1.23320431432 1.81275106099 
0.2 1.0524324295 1.84553663173 
0.3 0.896183080258 1.84644893254 
0.4 0.764471330986 1.82009002145 
0.5 0.655400804568 1.77196211645 
0.6 0.56615890304 1.70755693551 
0.7 0.493683280869 1.63183998842 
0.8 0.435078571452 1.54898779863 
0.9 0.387800363491 1.46234758966 
1 0.349712877809 1.37449863485 
1.1 0.319072447973 1.28736346464 
1.2 0.294481149094 1.20232800384 
1.3 0.274830498626 1.12035426328 
1.4 0.259247728487 1.04207638781 
1.5 0.247047784993 0.96788205394 
1.6 0.237694825767 0.897973190268 
1.7 0.230770670098 0.832415885263 
1.8 0.22594991152 0.771178321391 
1.9 0.222980525635 0.714159551571 
2 0.221668857021 0.66121126847 
2.1 0.22186797952 0.61215423853 
2.2 0.223468830329 0.566790360057 
2.3 0.226393692462 0.524911114148 
2.4 0.230590288071 0.486305322898 
2.5 0.236028034232 0.450763319 
2.6 0.242694832001 0.418080407342 
2.7 0.250594775097 0.388059184551 
2.8 0.259746322905 0.360511195787 
2.9 0.270180944746 0.335257915473 
3 0.281942058878 0.312131431214 
3.1 0.295084531597 0.290974341436 
3.2 0.309673954941 0.271640206573 
3.3 0.325786448249 0.253993272493 
3.4 0.343508459439 0.237908214349 
3.5 0.362936683249 0.223269883308 
3.6 0.384178123229 0.209972912176 
3.7 0.407350138646 0.197921436195 
3.8 0.43258057604 0.187028719067 
3.9 0.460007870824 0.177216915174 
4 0.489781150744 0.168416783731 
4.1 0.522060274891 0.160567540302 
4.2 0.557015769325 0.153616769181 
4.3 0.594828667435 0.147520421149 
4.4 0.635689931986 0.142243045209 
4.5 0.679800078113 0.137757957934 
4.6 0.727368375626 0.134047636487 
4.7 0.778609782694 0.131105142665 
4.8 0.833745853512 0.128933730592 
4.9 0.892998280367 0.1275498314 
5 0.956586457471 0.126984180821 
5.1 1.02472056709 0.127284742412 
5.2 1.09759679436 0.128518849009 
5.3 1.17538367219 0.130779010414 
5.4 1.25820962697 0.134188129823 
5.5 1.34614452166 0.138906866383 
5.6 1.43917722816 0.145142865907 
5.7 1.53718360591 0.153163678221 
5.8 1.63988408067 0.163313337875 
5.9 1.74678942158 0.176033524712 
6 1.85713635601 0.191888295507 
6.1 1.9697958655 0.211598278466 
6.2 2.08316697592 0.236078381593 
6.3 2.19504907434 0.266480134853 
6.4 2.30249660304 0.304234051786 
6.5 2.40167163636 0.35107875961 
6.6 2.48773489007 0.409052735012 
6.7 2.55482539791 0.480413430787 
6.8 2.59623039771 0.567431105671 
6.9 2.60486935705 0.671987000057 
7 2.5741985274 0.794943635492 
7.1 2.49955703479 0.935321352776 
7.2 2.37974853154 1.0894759905 
7.3 2.21834546348 1.2506592559 
7.4 2.02401603902 1.40940015378 
7.5 1.80941530535 1.5548851453 
7.6 1.58880654626 1.67702709506 
7.7 1.37529001944 1.76845230275 
7.8 1.17871049082 1.82563108521 
7.9 1.00485050397 1.84885952018 
8 0.855776453021 1.84138488006 
8.1 0.730840768895 1.80817899553 
8.2 0.6277951873 1.75481518422 
8.3 0.54369533615 1.68667777489 
8.4 0.475500334995 1.60851577758 
8.5 0.420402685554 1.52426654518 
8.6 0.37597404472 1.43704667374 
8.7 0.340194999723 1.34923405241 
8.8 0.31142696555 1.26258424016 
8.9 0.288361538228 1.17834997371 
9 0.269963314024 1.0973899143 
9.1 0.255417967508 1.02026004768 
9.2 0.24408727548 0.947288154827 
9.3 0.23547258687 0.878632042177 
9.4 0.229184035091 0.814327593522 
9.5 0.224919102603 0.754320325645 
9.6 0.222444426877 0.698492497463 
9.7 0.22158105487 0.646685397978 
9.8 0.222193705157 0.5987136835 
9.9 0.224182951158 0.554375550216 
10 0.227478674991 0.513461320743 
10.1 0.232035269795 0.475759826938 
10.2 0.237827717919 0.441062541371 
10.3 0.244848726344 0.409166794866 
10.4 0.253106879388 0.379877278759 
10.5 0.262624403493 0.353008499708 
10.6 0.273436407307 0.32838483077 
10.7 0.285589628867 0.305841444027 
10.8 0.299142050213 0.285224147938 
10.9 0.314162316069 0.266389615701 
11 0.330729512373 0.249205133375 
11.1 0.348933057745 0.233548321533 
11.2 0.368872599405 0.219306900229 
11.3 0.390658130592 0.206378253073 
11.4 0.414410012398 0.19466919246 
11.5 0.440259079345 0.184095620422 
11.6 0.468346834075 0.174582183636 
11.7 0.498825631112 0.166061957783 
11.8 0.531858243148 0.158476709965 
11.9 0.567618399775 0.151776352716 
12 0.606290008038 0.145919310929 
12.1 0.648066914148 0.140872610521 
12.2 0.693152444368 0.136612073126 
12.3 0.741757295764 0.133123303165 
12.4 0.794099268187 0.130401907279 
12.5 0.850399301931 0.128455222513 
12.6 0.910879015292 0.127303521454 
12.7 0.975756791055 0.126981812688 
12.8 1.04523853058 0.127543697222 
12.9 1.11951444764 0.129063012048 
13 1.19874380062 0.131640085003 
13.1 1.28303908854 0.135408243493 
13.2 1.37244927068 0.140540718147 
13.3 1.46693534644 0.147260538004 
13.4 1.56633144739 0.155856108499 
13.5 1.67030486726 0.166696906487 
13.6 1.77829514805 0.180256854529 
13.7 1.88944259215 0.197141650203 
13.8 2.00249540917 0.218123492591 
13.9 2.11569356713 0.244180730532 
14 2.22663706882 0.276542378111 
14.1 2.33213660871 0.31672541652 
14.2 2.42807207484 0.366558960321 
14.3 2.50930910525 0.428155233539 
14.4 2.56970744667 0.503807245138 
14.5 2.60238665361 0.595720584629 
14.6 2.60030483586 0.705559717953 
14.7 2.55730614144 0.833745233839 
14.8 2.4695684044 0.978603990614 
14.9 2.33716936708 1.13561151975 
15 2.16517390959 1.29715315471 
15.1 1.96358084928 1.4531872257 
15.2 1.74579053714 1.59288526086 
15.3 1.52599917088 1.70676812324 
15.4 1.31653195289 1.78850333586 
15.5 1.12608871968 1.83571090401 
15.6 0.959302478244 1.84965583521 
15.7 0.817346925848 1.83420423894 
15.8 0.699000956712 1.79460810162 
15.9 0.601736093349 1.73645202669 
16 0.522530485068 1.66497008132 
16.1 0.458385916284 1.58468608011 
16.2 0.406596818554 1.49929512066 
16.3 0.3648526077 1.41169063748 
16.4 0.331248112555 1.32405837732 
16.5 0.304245820296 1.23799684951 
16.6 0.282621687858 1.15463461701 
16.7 0.265409299904 1.07473428831 
16.8 0.251849533091 0.99877910273 
16.9 0.241347600075 0.927042614632 
17 0.23343901043 0.859643225331 
17.1 0.227761723324 0.796586671789 
17.2 0.224034693573 0.737798320799 
17.3 0.222041152985 0.683147674113 
17.4 0.221615664135 0.632466837018 
17.5 0.22263416693 0.58556433961 
17.6 0.225006222214 0.542235490127 
17.7 0.228669239304 0.50226969338 
17.8 0.233583950937 0.465455960715 
17.9 0.239730794216 0.431587125131 
18 0.247107210746 0.400462568845 
18.1 0.255725817838 0.371889815031 
18.2 0.265612699316 0.345686061735 
18.3 0.276806339477 0.321678821197 
18.4 0.289356842015 0.299706240188 
18.5 0.303325260185 0.279617336016 
18.6 0.318783281807 0.261271846099 
18.7 0.335812971325 0.244540081455 
18.8 0.354506633601 0.229302685653 
18.9 0.374967028278 0.215449996739 
19 0.397307030142 0.202882290669 
19.1 0.421650098145 0.191508949483 
19.2 0.448130126664 0.181248440002 
19.3 0.476891728114 0.17202788311 
19.4 0.508090200814 0.163782932936 
19.5 0.541891567349 0.156457647338 
19.6 0.578472474376 0.150004403899 
19.7 0.618019765789 0.144384085744 
19.8 0.660730202222 0.139566171366 
19.9 0.706809168921 0.135529333338 
20 0.756469985205 0.132261812328 
