Time Prey Predator
0.0  1.72156641923 0.987274313625
0.1 1.63296982825 1.09257373849 
0.2 1.52753966651 1.19506714625 
0.3 1.41017495198 1.2897590221 
0.4 1.28650819973 1.37190069532 
0.5 1.16213094564 1.43765123577 
0.6 1.04190626184 1.48455128251 
0.7 0.929516601765 1.51170207698 
0.8 0.827323326398 1.5196429882 
0.9 0.736464062302 1.51003450761 
1 0.657106866237 1.48525265527 
1.1 0.588747703408 1.44800648618 
1.2 0.530485473649 1.40103056046 
1.3 0.481235012164 1.34688223213 
1.4 0.439874519158 1.28782425357 
1.5 0.405336145041 1.22577659364 
1.6 0.376654123538 1.16231404992 
1.7 0.352984073416 1.09869110508 
1.8 0.333604829035 1.03588000431 
1.9 0.317910638661 0.974613129247 
2 0.305398861358 0.915424244717 
2.1 0.295656794966 0.858686409908 
2.2 0.288347816742 0.80464450033 
2.3 0.283199898292 0.753442581754 
2.4 0.279995106962 0.705146877984 
2.5 0.278560780818 0.659764361645 
2.6 0.278762187413 0.617257722724 
2.7 0.280496523525 0.577557214366 
2.8 0.283687925916 0.540570270634 
2.9 0.28828341867 0.50618901127 
3 0.29425032173 0.474294529563 
3.1 0.301572725522 0.444763994635 
3.2 0.310249999 0.417472375633 
3.3 0.320294936717 0.392295492467 
3.4 0.331732447606 0.369112049119 
3.5 0.344598513653 0.347805041498 
3.6 0.358939323726 0.328262916256 
3.7 0.374810488179 0.310380424368 
3.8 0.39227642027 0.294059265317 
3.9 0.411409938401 0.279208237637 
4 0.432291605604 0.265743847607 
4.1 0.455009178179 0.253590698953 
4.2 0.479657216953 0.242681356209 
4.3 0.506336114658 0.232957044339 
4.4 0.535151681238 0.224367479874 
4.5 0.566213686573 0.216871732806 
4.6 0.599635104852 0.21043826802 
4.7 0.635529889267 0.20504598139 
4.8 0.674011545247 0.20068467158 
4.9 0.715189774547 0.197356449383 
5 0.759167766626 0.195076823149 
5.1 0.806037260392 0.193876705339 
5.2 0.855873468859 0.193804494428 
5.3 0.90872816988 0.194928857952 
5.4 0.96462029807 0.19734251964 
5.5 1.0235261799 0.201166152893 
5.6 1.08536410528 0.206554412575 
5.7 1.14997990834 0.213701573748 
5.8 1.21712248235 0.22285069004 
5.9 1.28642287441 0.234301472518 
6 1.35735862583 0.248422402464 
6.1 1.42922342014 0.265661484755 
6.2 1.50108216876 0.286557994479 
6.3 1.57172870094 0.311755775337 
6.4 1.63964362568 0.342004790791 
6.5 1.70295497956 0.378159827451 
6.6 1.75942134153 0.421161115631 
6.7 1.80644245131 0.471987284541 
6.8 1.84113931323 0.531559710797 
6.9 1.86049154647 0.600613923245 
7 1.8615977784 0.679490974094 
7.1 1.84203222274 0.76789291961 
7.2 1.80027980431 0.864619659139 
7.3 1.73617631106 0.967362569432 
7.4 1.6512193273 1.07265831732 
7.5 1.54863886113 1.17606585997 
7.6 1.43311853925 1.2726202191 
7.7 1.31020771165 1.35747383176 
7.8 1.18556208473 1.4265711484 
7.9 1.06422440351 1.47716815254 
8 0.950123570256 1.50806865563 
8.1 0.845870298096 1.51955888545 
8.2 0.752818768835 1.51311610511 
8.3 0.671298733925 1.49101153831 
8.4 0.600911863549 1.45591661142 
8.5 0.540813747794 1.41058101113 
8.6 0.489940299837 1.35760795018 
8.7 0.447167879747 1.29932154008 
8.8 0.411413619213 1.23770794197 
8.9 0.381690094197 1.17440670107 
9 0.35712889414 1.11073065927 
9.1 0.336985672504 1.04770236945 
9.2 0.320633947866 0.986095995364 
9.3 0.307552677711 0.926479967883 
9.4 0.297312957492 0.869255118684 
9.5 0.289564778323 0.814688207657 
9.6 0.284024821925 0.762940476744 
9.7 0.280465622891 0.714091406898 
9.8 0.27870647223 0.668158035846 
9.9 0.27860601149 0.625110323246 
10 0.280055788018 0.584883928479 
10.1 0.282975188026 0.547389929046 
10.2 0.28730732873 0.512522522352 
10.3 0.29301566109 0.480165206703 
10.4 0.300081280957 0.4501954914 
10.5 0.30850079429 0.42248845901 
10.6 0.318284537425 0.396919638109 
10.7 0.329455178382 0.373367116281 
10.8 0.342046803438 0.351712678097 
10.9 0.356103614701 0.331843898385 
11 0.37167956603 0.313654142836 
11.1 0.388837437046 0.297043773576 
11.2 0.407648494 0.281920212443 
11.3 0.428191820411 0.268198609682 
11.4 0.450553892896 0.255801909067 
11.5 0.474827966572 0.244661225549 
11.6 0.501113445656 0.234716038403 
11.7 0.529515129488 0.225914497522 
11.8 0.560142177654 0.218213808638 
11.9 0.593106997202 0.211580656434 
12 0.628523363374 0.205991962531 
12.1 0.666505206045 0.201435282429 
12.2 0.707162986763 0.197910361824 
12.3 0.750601292944 0.195430112299 
12.4 0.796915012342 0.194022099505 
12.5 0.846181695831 0.193731732963 
12.6 0.898460390719 0.194622673648 
12.7 0.953776000462 0.196783202546 
12.8 1.01211330407 0.200328561731 
12.9 1.07340314512 0.205406326735 
13 1.13750617957 0.212202795248 
13.1 1.20419264354 0.220950791692 
13.2 1.27311605388 0.231939094123 
13.3 1.34378873619 0.245521408572 
13.4 1.41554032029 0.262130116582 
13.5 1.48748169647 0.282287022792 
13.6 1.55846303534 0.306614140217 
13.7 1.62702669269 0.335841412312 
13.8 1.6913714047 0.370804292616 
13.9 1.74932350286 0.412431866408 
14 1.79835177554 0.461696577346 
14.1 1.83561729394 0.519543488278 
14.2 1.85811264368 0.586754658387 
14.3 1.86289003489 0.663764328652 
14.4 1.84740139613 0.750416233826 
14.5 1.80992358318 0.845700649357 
14.6 1.75000346562 0.947531841764 
14.7 1.66881018009 1.05265770284 
14.8 1.56925564386 1.15679570805 
14.9 1.45578347901 1.25503594044 
15 1.33383439023 1.34245478334 
15.1 1.20910437836 1.41479856641 
15.2 1.08680099114 1.46904515354 
15.3 0.971089257725 1.50370219775 
15.4 0.864831185033 1.51879286456 
15.5 0.769604032865 1.51559820878 
15.6 0.685909659379 1.49627010731 
15.7 0.613465057844 1.46343113809 
15.8 0.551491367207 1.4198358468 
15.9 0.498952408595 1.3681273799 
16 0.454726686856 1.31068930269 
16.1 0.417718141525 1.24957403951 
16.2 0.386918975412 1.18648525286 
16.3 0.361437875707 1.12279503947 
16.4 0.340506858426 1.05957849543 
16.5 0.323477820001 0.9976536941 
16.6 0.309810747573 0.937625111255 
16.7 0.299060318467 0.879922663727 
16.8 0.290862567509 0.824836233731 
16.9 0.284922288823 0.772545236064 
17 0.281002092833 0.723143145637 
17.1 0.278913061599 0.676657450502 
17.2 0.278506876286 0.633066070722 
17.3 0.27966924496 0.592310378061 
17.4 0.282314627252 0.554305428579 
17.5 0.286381911244 0.518948106013 
17.6 0.291830899276 0.486123585243 
17.7 0.298639524 0.455710188841 
17.8 0.306801540042 0.427583330667 
17.9 0.316324842606 0.401618138151 
18 0.327229916781 0.377691932962 
18.1 0.339548670498 0.355685952973 
18.2 0.353323476929 0.335486532327 
18.3 0.368606479825 0.31698586651 
18.4 0.385458817848 0.30008296733 
18.5 0.403950206139 0.284683863771 
18.6 0.424158255155 0.270702255521 
18.7 0.446168110907 0.258059544762 
18.8 0.470071753774 0.246685316243 
18.9 0.495967504848 0.23651740522 
19 0.523959172377 0.227502321631 
19.1 0.554154987593 0.219595636647 
19.2 0.58666672828 0.212762243215 
19.3 0.621608795115 0.206976569333 
19.4 0.659094069375 0.20222469467 
19.5 0.699234465912 0.19850374275 
19.6 0.742137660205 0.195823226114 
19.7 0.787898970608 0.194208594034 
19.8 0.836600671039 0.193701338651 
19.9 0.888303453481 0.194362366677 
20 0.943041901267 0.196273931862 
