Time Prey Predator
0.0  1.4626490053 1.38179300623
0.1 1.41927851223 1.29637497023 
0.2 1.39258467039 1.21517133516 
0.3 1.38085069272 1.13850840735 
0.4 1.38285009755 1.0665538613 
0.5 1.39775985076 0.999360340709 
0.6 1.42509437636 0.936898105945 
0.7 1.46465995696 0.87907873149 
0.8 1.5165151292 0.825775570953 
0.9 1.58094202885 0.776838715302 
1 1.65842687969 0.732105907663 
1.1 1.74964221424 0.69141255273 
1.2 1.85543384205 0.654598879215 
1.3 1.97680915467 0.621516008386 
1.4 2.11492427083 0.592031765219 
1.5 2.27107118366 0.566034550454 
1.6 2.4466568406 0.54343878329 
1.7 2.64318011986 0.524189634526 
1.8 2.86219121497 0.50826871637 
1.9 3.10524115822 0.4957007998 
2 3.37381645131 0.486561252062 
2.1 3.66922569879 0.480986948791 
2.2 3.9924722464 0.479187918079 
2.3 4.34407417078 0.48146250599 
2.4 4.72382086612 0.488216397049 
2.5 5.13045975795 0.499985083491 
2.6 5.56129829676 0.517460236803 
2.7 6.0117134869 0.541518257099 
2.8 6.4745712366 0.57324798786 
2.9 6.93958222156 0.613971022726 
3 7.39265286769 0.665242973939 
3.1 7.81540521392 0.728806640575 
3.2 8.18506091094 0.80647993563 
3.3 8.47511181801 0.899915350949 
3.4 8.65712320566 1.01021283846 
3.5 8.70408890324 1.13735768528 
3.6 8.59528873655 1.27955405385 
3.7 8.32188209489 1.43263387351 
3.8 7.89151419458 1.58984270722 
3.9 7.32970933164 1.74231033722 
4 6.6766334437 1.88028160671 
4.1 5.97969877498 1.99483053081 
4.2 5.28458719285 2.07946163942 
4.3 4.62799718852 2.13102532203 
4.4 4.03411938435 2.14972887149 
4.5 3.51486154875 2.13843540422 
4.6 3.0724408696 2.10164813401 
4.7 2.70272700997 2.04454227242 
4.8 2.39823164818 1.97223717234 
4.9 2.15027494236 1.88935717618 
5 1.95031957249 1.79982850145 
5.1 1.79067160464 1.70683464588 
5.2 1.66475354553 1.61286561133 
5.3 1.56713633872 1.51980890432 
5.4 1.49345185631 1.42905222642 
5.5 1.44025655499 1.34158215433 
5.6 1.4048875568 1.25807069802 
5.7 1.38533119289 1.178947709 
5.8 1.38011083286 1.10445978379 
5.9 1.38819492315 1.03471721805 
6 1.40892424277 0.969730735433 
6.1 1.4419535111 0.909440998051 
6.2 1.48721105271 0.853739108149 
6.3 1.54486283002 0.802485788565 
6.4 1.61528851705 0.755524030139 
6.5 1.69906250834 0.712689601639 
6.6 1.79693934596 0.673819361232 
6.7 1.90984138698 0.638757970753 
6.8 2.03884666068 0.607363687938 
6.9 2.18517672742 0.579513149004 
7 2.35017960382 0.555106266999 
7.1 2.53530949666 0.534071093815 
7.2 2.74209374717 0.516369048906 
7.3 2.9720904874 0.502000958291 
7.4 3.2268333335 0.491013873637 
7.5 3.50773689071 0.483510650713 
7.6 3.81598851415 0.47966037013 
7.7 4.15239265009 0.479711968511 
7.8 4.51716284792 0.484011137708 
7.9 4.90964763649 0.493020861748 
8 5.3279805049 0.50734580047 
8.1 5.76864161982 0.527759775964 
8.2 6.22591370016 0.555235074907 
8.3 6.69127731173 0.590967344008 
8.4 7.15274840784 0.636388522364 
8.5 7.59428787087 0.693149876432 
8.6 7.99545398366 0.763049472114 
8.7 8.33157947105 0.847868451018 
8.8 8.57495734776 0.949059957921 
8.9 8.69729378134 1.06728536603 
9 8.6738282182 1.20178592107 
9.1 8.48867834903 1.34972168316 
9.2 8.14023965641 1.5057123086 
9.3 7.64455998103 1.66191364937 
9.4 7.03466662711 1.80884962766 
9.5 6.35519177593 1.93692805838 
9.6 5.6538229783 2.03818547708 
9.7 4.97277012199 2.10762225972 
9.8 4.34310318205 2.14370020862 
9.9 3.783094228 2.14797697872 
10 3.29974093275 2.12420897005 
10.1 2.89189905075 2.07731994347 
10.2 2.55354892694 2.01253236609 
10.3 2.27643461751 1.93477344971 
10.4 2.0518172277 1.84835782015 
10.5 1.87149484033 1.75686474435 
10.6 1.72827629207 1.66314572883 
10.7 1.61612364205 1.56939799409 
10.8 1.53011708822 1.4772637887 
10.9 1.46633609628 1.38793273811 
11 1.42171734588 1.30223521785 
11.1 1.39391585168 1.22072190845 
11.2 1.38117982873 1.14373159082 
11.3 1.38224979941 1.07144224595 
11.4 1.39627520531 1.00391383205 
11.5 1.42274926809 0.941121159107 
11.6 1.46145871417 0.882979421545 
11.7 1.51244528905 0.829364040944 
11.8 1.57597707056 0.780125906911 
11.9 1.65252643408 0.73510341201 
12 1.74275325902 0.694131867996 
12.1 1.84749155687 0.657050988211 
12.2 1.96773777949 0.623710901508 
12.3 2.10463831778 0.59397809199 
12.4 2.25947582891 0.567739343456 
12.5 2.4336505162 0.544907108394 
12.6 2.62865570952 0.525424174415 
12.7 2.84603881418 0.509269474522 
12.8 3.08735492553 0.496464370099 
12.9 3.35409519576 0.487080566685 
13 3.6475869363 0.481250099137 
13.1 3.96885922668 0.479177487867 
13.2 4.31847245224 0.481154231236 
13.3 4.69627620422 0.487577826752 
13.4 5.10110240381 0.498973888811 
13.5 5.53037457691 0.516022201275 
13.6 5.97962362264 0.539585231136 
13.7 6.44191311957 0.570736118584 
13.8 6.90719566038 0.610780045035 
13.9 7.36166293222 0.661256649109 
14 7.7872471252 0.72389879006 
14.1 8.16147010093 0.80052468815 
14.2 8.45803835136 0.892809897277 
14.3 8.64856109225 1.00190960724 
14.4 8.70578862878 1.12790847281 
14.5 8.60837690908 1.26915750164 
14.6 8.3464761733 1.42166824518 
14.7 7.92648170542 1.57886113705 
14.8 7.37271049039 1.73198276238 
14.9 6.72450783628 1.87128599542 
15 6.02907301189 1.98772913304 
15.1 5.3324848414 2.07460542139 
15.2 4.6722344718 2.12852029379 
15.3 4.07342410656 2.14946161052 
15.4 3.54875469895 2.14013848122 
15.5 3.10101574154 2.10497285992 
15.6 2.7264160185 2.04912002918 
15.7 2.41762347414 1.97772038468 
15.8 2.16598560259 1.89544343184 
15.9 1.96292666453 1.80626677306 
16 1.800679597 1.71342544399 
16.1 1.67258505684 1.61945539752 
16.2 1.57313635638 1.52628284684 
16.3 1.49789509188 1.43532731302 
16.4 1.44335736758 1.34760053926 
16.5 1.40681011236 1.26379387939 
16.6 1.38619862123 1.18435178773 
16.7 1.38001158494 1.10953249446 
16.8 1.38718841452 1.03945466924 
16.9 1.4070453769 0.974135106412 
17 1.43921784187 0.913517986747 
17.1 1.4836153701 0.857497785503 
17.2 1.54038808026 0.805936827344 
17.3 1.60990130252 0.75867891861 
17.4 1.69271633808 0.715560016536 
17.5 1.78957557074 0.6764166347 
17.6 1.90139003582 0.641092617029 
17.7 2.02922759504 0.609444950497 
17.8 2.17429960696 0.581349130089 
17.9 2.33794669988 0.556703197624 
18 2.52161515571 0.53543306434 
18.1 2.72682933249 0.517497606072 
18.2 2.95514849578 0.502894498663 
18.3 3.20810477112 0.491667667018 
18.4 3.4871320849 0.483915181919 
18.5 3.79343518466 0.479801323982 
18.6 4.12785175272 0.479568892168 
18.7 4.49064410818 0.483556210252 
18.8 4.88123125013 0.492217352041 
18.9 5.29784599169 0.506146053044 
19 5.73709949651 0.526103379076 
19.1 6.19345099069 0.553046635601 
19.2 6.6585977587 0.588155113868 
19.3 7.12082254465 0.632843818585 
19.4 7.56438336553 0.688752027445 
19.5 7.9691491601 0.757670136496 
19.6 8.31072677824 0.841388851253 
19.7 8.56155775542 0.941397667893 
19.8 8.69327361482 1.05843276305 
19.9 8.68069939018 1.19185737546 
20 8.50714438072 1.33899661675 
