Time S I R
0 924.559553852 1 0
1 226.858319591 591.461390823 107.239843438
2 1.15001136626 413.80476026 510.604782226
3 0.0714047880878 202.763845162 722.724303903
4 0.018332970423 99.0756798236 826.465541058
5 0.00944275358177 48.4005192907 877.149591808
6 0.00682700379491 23.6435457669 901.909181082
7 0.00582657983023 11.549637681 914.004089591
8 0.00539256577258 5.64183939539 919.912321891
9 0.00519246779254 2.75595272593 922.798408659
10 0.00509743999896 1.34623956954 924.208216843
11 0.00505165487061 0.65761635514 924.896885842
12 0.00502943935714 0.321234886484 925.233289526
13 0.00501862299632 0.156917989717 925.39761724
14 0.00501334783803 0.076651803605 925.477888701
15 0.00501077303045 0.0374431492227 925.51709993
16 0.00500951576021 0.0182903632393 925.536253973
17 0.00500890171872 0.0089345345682 925.545610416
18 0.0050086018033 0.00436446517548 925.550180785
19 0.00500845530098 0.00213198257101 925.552413414
20 0.00500838373989 0.00104147110165 925.553503997
21 0.00500834878005 0.000508716733936 925.554036787
22 0.00500833170361 0.000248485917742 925.554297035
23 0.00500832336274 0.00012137815625 925.554424151
24 0.00500831928434 5.92250302604e-05 925.554486308
25 0.00500831729937 2.89770218187e-05 925.554516558
26 0.00500831632917 1.41937041082e-05 925.554531342
27 0.00500831585566 6.97667092789e-06 925.55453856
28 0.00500831561681 3.3368958344e-06 925.5545422
29 0.00500831550244 1.59719713593e-06 925.55454394
30 0.00500831544912 7.83107647482e-07 925.554544754
31 0.00500831542399 4.01069041687e-07 925.554545136
32 0.00500831541103 2.02126194363e-07 925.554545335
33 0.00500831540433 1.00423626795e-07 925.554545436
34 0.00500831540114 5.02550513121e-08 925.554545487
35 0.00500831539932 2.31540187693e-08 925.554545514
36 0.0050083153975 -4.71539045517e-09 925.554545542
37 0.00500831539637 -2.22459326795e-08 925.554545559
38 0.00500831539591 -2.94376079038e-08 925.554545566
39 0.00500831539614 -2.6290416128e-08 925.554545563
40 0.00500831539637 -2.13834865086e-08 925.554545558
41 0.00500831539625 -2.31351527538e-08 925.55454556
42 0.00500831539637 -2.23387523041e-08 925.554545559
43 0.00500831539648 -1.89942851595e-08 925.554545556
44 0.00500831539694 -1.31017513201e-08 925.55454555
45 0.00500831539716 -9.55284986458e-09 925.554545546
46 0.00500831539728 -7.77850615517e-09 925.554545545
47 0.00500831539739 -6.00416244577e-09 925.554545543
48 0.0050083153975 -4.22981873636e-09 925.554545541
49 0.00500831539773 -2.47597526781e-09 925.554545539
50 0.00500831539773 -2.4248905258e-09 925.554545539
51 0.00500831539762 -2.37380578378e-09 925.554545539
52 0.00500831539773 -2.32272104177e-09 925.554545539
53 0.00500831539773 -2.27163629976e-09 925.554545539
54 0.00500831539773 -2.22055155775e-09 925.554545539
55 0.00500831539773 -2.16946681574e-09 925.554545539
56 0.00500831539762 -2.11838207373e-09 925.554545539
57 0.00500831539773 -2.06729733172e-09 925.554545539
58 0.00500831539773 -2.01621258971e-09 925.554545539
59 0.00500831539773 -1.9651278477e-09 925.554545539
60 0.00500831539773 -1.91404310569e-09 925.554545539
61 0.00500831539773 -1.86295836368e-09 925.554545539
62 0.00500831539773 -1.81187362167e-09 925.554545539
63 0.00500831539773 -1.76078887966e-09 925.554545539
64 0.00500831539773 -1.70970413765e-09 925.554545539
65 0.00500831539773 -1.65861939564e-09 925.554545539
66 0.00500831539773 -1.60753465363e-09 925.554545539
67 0.00500831539784 -1.55644991162e-09 925.554545538
68 0.00500831539773 -1.50536516961e-09 925.554545538
69 0.00500831539773 -1.4542804276e-09 925.554545538
70 0.00500831539784 -1.40319568559e-09 925.554545538
