Time S I R
0  904.042774765 1 0
1 898.498509563 4.57022689693 1.97403830517 
2 873.999346614 20.1980590466 10.8453691039 
3 779.88394995 77.752249402 47.406575413 
4 548.363226809 196.250841113 160.428706843 
5 296.482497639 250.796078672 357.764198454 
6 163.711494638 192.992204077 548.339076049 
7 109.385627861 117.923584651 677.733562253 
8 86.5277992684 65.5587458067 752.95622969 
9 76.1628835706 34.9800285384 793.899862656 
10 71.1972261812 18.3107282126 815.534820371 
11 68.739706997 9.49618632353 826.806881444 
12 67.5016628 4.90201525211 832.639096713 
13 66.872060805 2.52451798375 835.646195976 
14 66.5503063707 1.29855827797 837.193910116 
15 66.3854571741 0.667541212321 837.989776378 
16 66.3008865827 0.343050516553 838.398837666 
17 66.2574709986 0.17626559169 838.609038175 
18 66.2351752792 0.0905610096737 838.717038476 
19 66.2237234447 0.046526101616 838.772525219 
20 66.217840848 0.0239024474032 838.801031469 
21 66.2148189274 0.0122795729804 838.815676264 
22 66.2132665115 0.00630842955444 838.823199824 
23 66.2124690161 0.00324091061271 838.827064838 
24 66.2120593095 0.00166497983892 838.829050475 
25 66.2118488315 0.000855374276478 838.830070559 
26 66.2117406924 0.000439415069657 838.830594657 
27 66.2116851405 0.000225733292626 838.830863891 
28 66.2116566033 0.000115964296443 838.831002197 
29 66.2116419312 5.95275945376e-05 838.831073306 
30 66.2116344078 3.05885596836e-05 838.831109768 
31 66.2116305463 1.57349733521e-05 838.831128484 
32 66.2116285643 8.11121143421e-06 838.831138089 
33 66.2116275437 4.18554346294e-06 838.831143036 
34 66.2116270036 2.10800957733e-06 838.831145653 
35 66.2116267317 1.06224791886e-06 838.831146971 
36 66.2116265972 5.44741722508e-07 838.831147623 
37 66.2116265314 2.91601694279e-07 838.831147942 
38 66.2116264959 1.55247730416e-07 838.831148114 
39 66.2116264767 8.12764019866e-08 838.831148207 
40 66.2116264666 4.25708462003e-08 838.831148256 
41 66.2116264593 1.42849400894e-08 838.831148291 
42 66.2116264527 -1.08640543998e-08 838.831148323 
43 66.2116264489 -2.57778124637e-08 838.831148342 
44 66.2116264477 -3.04563341023e-08 838.831148348 
45 66.2116264491 -2.48996193155e-08 838.831148341 
46 66.2116264495 -2.33914944971e-08 838.831148339 
47 66.2116264491 -2.47942842932e-08 838.83114834 
48 66.2116264494 -2.35921084367e-08 838.831148339 
49 66.2116264504 -1.97849669276e-08 838.831148334 
50 66.2116264521 -1.33728597659e-08 838.831148326 
51 66.2116264528 -1.07409923515e-08 838.831148323 
52 66.2116264533 -8.78227563e-09 838.83114832 
53 66.2116264538 -6.82355890853e-09 838.831148318 
54 66.2116264543 -4.86484218706e-09 838.831148315 
55 66.2116264548 -2.93973120556e-09 838.831148313 
56 66.2116264548 -2.88069153832e-09 838.831148313 
57 66.2116264548 -2.82165187107e-09 838.831148313 
58 66.2116264549 -2.76261220383e-09 838.831148313 
59 66.2116264549 -2.70357253659e-09 838.831148313 
60 66.2116264549 -2.64453286934e-09 838.831148313 
61 66.2116264549 -2.5854932021e-09 838.831148313 
62 66.2116264549 -2.52645353486e-09 838.831148312 
63 66.2116264549 -2.46741386761e-09 838.831148312 
64 66.2116264549 -2.40837420037e-09 838.831148312 
65 66.211626455 -2.34933453313e-09 838.831148312 
66 66.211626455 -2.29029486588e-09 838.831148312 
67 66.211626455 -2.23125519864e-09 838.831148312 
68 66.211626455 -2.1722155314e-09 838.831148312 
69 66.211626455 -2.11317586415e-09 838.831148312 
70 66.211626455 -2.05413619691e-09 838.831148312 
