Time S I R
0  813.852879591 1 0
1 806.650219997 5.7297667088 2.47289288563 
2 767.793651563 30.8527151648 16.2065128639 
3 610.505987976 124.371956609 79.9749350062 
4 330.486967685 233.66442189 250.701490016 
5 157.147158339 200.208269336 457.497451916 
6 93.3866579106 119.19260326 602.273618421 
7 69.9545582697 62.2570904865 682.641230835 
8 60.3902561678 30.9236547972 723.538968626 
9 56.1815877556 15.03684739 743.634444446 
10 54.2515351565 7.24228688301 753.359057552 
11 53.3477432724 3.47274598768 758.032390331 
12 52.9201673262 1.6617499214 760.270962344 
13 52.7168821384 0.794382188973 761.341615264 
14 52.6200027572 0.379567664753 761.853309169 
15 52.5737803276 0.181322168191 762.097777096 
16 52.5517150792 0.0866097020703 762.21455481 
17 52.5411790101 0.0413675665407 762.270333015 
18 52.5361474534 0.0197579918848 762.296974146 
19 52.5337444636 0.00943670915601 762.309698419 
20 52.5325968114 0.00450712654388 762.315775653 
21 52.532048689 0.00215269511344 762.318678207 
22 52.5317869012 0.001028188493 762.320064502 
23 52.5316618537 0.000491045788265 762.320726692 
24 52.5316021325 0.000234512460199 762.321042946 
25 52.531573615 0.000112014474889 762.321193962 
26 52.5315599776 5.34348164631e-05 762.321266179 
27 52.5315534874 2.55561451869e-05 762.321300548 
28 52.5315503877 1.22410771123e-05 762.321316963 
29 52.5315489074 5.88259697995e-06 762.321324801 
30 52.531548179 2.75355506592e-06 762.321328659 
31 52.531547837 1.28467508652e-06 762.32133047 
32 52.5315476826 6.21213800993e-07 762.321331288 
33 52.5315476103 3.1096501005e-07 762.32133167 
34 52.5315475735 1.52644390562e-07 762.321331865 
35 52.5315475552 7.4297249862e-08 762.321331962 
36 52.5315475456 3.28963376087e-08 762.321332013 
37 52.5315475367 -5.4976724483e-09 762.32133206 
38 52.5315475317 -2.69940894822e-08 762.321332087 
39 52.5315475306 -3.15929134931e-08 762.321332092 
40 52.5315475322 -2.46685440421e-08 762.321332084 
41 52.5315475313 -2.85010115647e-08 762.321332088 
42 52.5315475315 -2.77091435441e-08 762.321332088 
43 52.5315475327 -2.22929399803e-08 762.321332081 
44 52.5315475343 -1.58136451452e-08 762.321332073 
45 52.531547535 -1.26934877089e-08 762.321332069 
46 52.5315475357 -9.57333027249e-09 762.321332065 
47 52.5315475364 -6.45317283613e-09 762.321332061 
48 52.531547537 -4.19299194622e-09 762.321332059 
49 52.531547537 -4.08995123098e-09 762.321332058 
50 52.531547537 -3.98691051575e-09 762.321332058 
51 52.531547537 -3.88386980052e-09 762.321332058 
52 52.5315475371 -3.78082908528e-09 762.321332058 
53 52.5315475371 -3.67778837005e-09 762.321332058 
54 52.5315475371 -3.57474765482e-09 762.321332058 
55 52.5315475371 -3.47170693958e-09 762.321332058 
56 52.5315475372 -3.36866622435e-09 762.321332058 
57 52.5315475372 -3.26562550911e-09 762.321332057 
58 52.5315475372 -3.16258479388e-09 762.321332057 
59 52.5315475372 -3.05954407865e-09 762.321332057 
60 52.5315475372 -2.95650336341e-09 762.321332057 
61 52.5315475373 -2.85346264818e-09 762.321332057 
62 52.5315475373 -2.75042193295e-09 762.321332057 
63 52.5315475373 -2.64738121771e-09 762.321332057 
64 52.5315475373 -2.54434050248e-09 762.321332056 
65 52.5315475374 -2.44129978725e-09 762.321332056 
66 52.5315475374 -2.33825907201e-09 762.321332056 
67 52.5315475374 -2.23521835678e-09 762.321332056 
68 52.5315475374 -2.13217764154e-09 762.321332056 
69 52.5315475375 -2.02913692631e-09 762.321332056 
70 52.5315475375 -1.92609621108e-09 762.321332056 
