Time S I R
0 826.380850654 1 0
1 806.777359936 16.7281483417 3.87534237628
2 580.716446193 189.717080714 56.9473237469
3 140.405966323 400.857902126 286.116982205
4 32.2241918341 271.458394093 523.698264727
5 13.4036793325 148.68047694 665.296694381
6 8.38563468409 77.990279989 741.004935981
7 6.56801274905 40.3724624345 780.440375471
8 5.78968591705 20.7911172644 800.800047473
9 5.42599385293 10.6823213565 811.272535445
10 5.24820296176 5.48241592732 816.650231765
11 5.15925535705 2.81216403577 819.409431261
12 5.11422288881 1.44207950768 820.824548258
13 5.0912845725 0.73939603111 821.55017005
14 5.07956379651 0.379082798436 821.922204059
15 5.07356522338 0.194345829552 822.112939601
16 5.07049268679 0.0996341027675 822.210723865
17 5.06891823768 0.0510783358947 822.260854081
18 5.06811127366 0.026185651103 822.286553729
19 5.06769762865 0.0134242198018 822.299728806
20 5.06748558532 0.00688201912111 822.30648305
21 5.06737688466 0.00352815300749 822.309945616
22 5.06732115921 0.00180876296267 822.311720732
23 5.06729258991 0.000927259482067 822.312630805
24 5.06727794374 0.000475350893322 822.313097359
25 5.06727043534 0.000243678334606 822.31333654
26 5.06726658441 0.000124857251728 822.313459212
27 5.0672646118 6.39920156699e-05 822.31352205
28 5.06726360273 3.28568563241e-05 822.313554195
29 5.06726308533 1.68924889391e-05 822.313570676
30 5.06726282016 8.7104313149e-06 822.313579124
31 5.06726267934 4.36541601885e-06 822.313583609
32 5.0672626094 2.20755362681e-06 822.313585837
33 5.06726257428 1.12394035388e-06 822.313586956
34 5.06726255726 5.98623057269e-07 822.313587498
35 5.06726254818 3.18499888671e-07 822.313587787
36 5.06726254326 1.66636266056e-07 822.313587944
37 5.06726254068 8.71012567501e-08 822.313588026
38 5.06726253934 4.57754151493e-08 822.313588069
39 5.06726253833 1.4592355721e-08 822.313588101
40 5.06726253747 -1.1882162174e-08 822.313588129
41 5.06726253698 -2.7039821908e-08 822.313588144
42 5.06726253686 -3.08806234812e-08 822.313588148
43 5.0672625371 -2.34045668935e-08 822.31358814
44 5.06726253704 -2.5055144251e-08 822.313588142
45 5.06726253701 -2.6076795481e-08 822.313588143
46 5.06726253707 -2.4143428811e-08 822.313588141
47 5.06726253723 -1.92550442409e-08 822.313588136
48 5.06726253743 -1.32956435202e-08 822.31358813
49 5.0672625375 -1.10788884081e-08 822.313588128
50 5.06726253757 -8.86213329602e-09 822.313588125
51 5.06726253764 -6.64537818392e-09 822.313588123
52 5.06726253771 -4.42862307183e-09 822.313588121
53 5.06726253775 -3.28353527632e-09 822.31358812
54 5.06726253775 -3.21497754006e-09 822.31358812
55 5.06726253776 -3.1464198038e-09 822.313588119
56 5.06726253776 -3.07786206754e-09 822.313588119
57 5.06726253776 -3.00930433128e-09 822.313588119
58 5.06726253776 -2.94074659502e-09 822.313588119
59 5.06726253776 -2.87218885876e-09 822.313588119
60 5.06726253777 -2.8036311225e-09 822.313588119
61 5.06726253777 -2.73507338624e-09 822.313588119
62 5.06726253777 -2.66651564998e-09 822.313588119
63 5.06726253777 -2.59795791372e-09 822.313588119
64 5.06726253778 -2.52940017746e-09 822.313588119
65 5.06726253778 -2.4608424412e-09 822.313588119
66 5.06726253778 -2.39228470494e-09 822.313588119
67 5.06726253778 -2.32372696869e-09 822.313588119
68 5.06726253778 -2.25516923243e-09 822.313588119
69 5.06726253779 -2.18661149617e-09 822.313588118
70 5.06726253779 -2.11805375991e-09 822.313588118
