Time S I R
0 881.894865399 1 0
1 861.66607806 16.0649877969 5.16379954233
2 635.084753953 174.75071685 73.059394596
3 178.871459327 348.999385604 355.024020468
4 53.6669963726 206.306933696 622.92093533
5 29.0596006466 94.403852537 759.431412216
6 22.136565445 40.7730238997 819.985276055
7 19.703414309 17.2952799254 845.896171165
8 18.7569960239 7.28771937127 856.850150004
9 18.372451697 3.06271565854 861.459698044
10 18.213293036 1.2857323477 863.395840016
11 18.1469046258 0.539509005361 864.208451768
12 18.119121975 0.226341780029 864.549401644
13 18.1074793699 0.094950354384 864.692435675
14 18.1025976074 0.0398303443124 864.752437448
15 18.1005501824 0.0167080377202 864.777607179
16 18.0996913975 0.00700862388607 864.788165378
17 18.0993311781 0.00294003183445 864.792594189
18 18.099180075 0.00123333228937 864.794451992
19 18.0991166833 0.000517322606089 864.795231393
20 18.0990900938 0.000216993002946 864.795558312
21 18.0990789344 9.0947354168e-05 864.795695517
22 18.0990742634 3.81877308155e-05 864.795752948
23 18.0990723038 1.60534403401e-05 864.795777042
24 18.0990714826 6.77885547641e-06 864.795787138
25 18.0990711294 2.78892713905e-06 864.795791481
26 18.0990709836 1.14237393141e-06 864.795793273
27 18.0990709265 4.97404593304e-07 864.795793975
28 18.0990709018 2.18412839492e-07 864.795794279
29 18.0990708908 9.35113118124e-08 864.795794415
30 18.0990708861 4.05898074551e-08 864.795794473
31 18.0990708831 6.73313986715e-09 864.795794509
32 18.0990708808 -1.91153956258e-08 864.795794538
33 18.0990708799 -2.95107019322e-08 864.795794549
34 18.0990708803 -2.4452779052e-08 864.795794543
35 18.0990708805 -2.2625244268e-08 864.795794541
36 18.0990708804 -2.31171857584e-08 864.795794542
37 18.0990708807 -1.97847124751e-08 864.795794538
38 18.0990708814 -1.26278244184e-08 864.79579453
39 18.0990708817 -9.17053869931e-09 864.795794527
40 18.0990708819 -6.97270924437e-09 864.795794524
41 18.0990708821 -4.77487978943e-09 864.795794522
42 18.0990708823 -2.57705033448e-09 864.79579452
43 18.0990708823 -2.46764594149e-09 864.795794519
44 18.0990708823 -2.40404419366e-09 864.795794519
45 18.0990708823 -2.34044244582e-09 864.795794519
46 18.0990708823 -2.27684069799e-09 864.795794519
47 18.0990708823 -2.21323895015e-09 864.795794519
48 18.0990708823 -2.14963720232e-09 864.795794519
49 18.0990708823 -2.08603545448e-09 864.795794519
50 18.0990708823 -2.02243370665e-09 864.795794519
51 18.0990708823 -1.95883195881e-09 864.795794519
52 18.0990708823 -1.89523021098e-09 864.795794519
53 18.0990708823 -1.83162846314e-09 864.795794519
54 18.0990708823 -1.76802671531e-09 864.795794519
55 18.0990708823 -1.70442496747e-09 864.795794519
56 18.0990708823 -1.64082321964e-09 864.795794519
57 18.0990708823 -1.5772214718e-09 864.795794518
58 18.0990708824 -1.51361972397e-09 864.795794518
59 18.0990708824 -1.45001797613e-09 864.795794518
60 18.0990708824 -1.3864162283e-09 864.795794518
61 18.0990708824 -1.32281448046e-09 864.795794518
62 18.0990708824 -1.25921273263e-09 864.795794518
63 18.0990708824 -1.19561098479e-09 864.795794518
64 18.0990708824 -1.13200923696e-09 864.795794518
65 18.0990708824 -1.06840748913e-09 864.795794518
66 18.0990708824 -1.00480574129e-09 864.795794518
67 18.0990708824 -9.41203993456e-10 864.795794518
68 18.0990708824 -8.77602245621e-10 864.795794518
69 18.0990708824 -8.14000497786e-10 864.795794518
70 18.0990708824 -7.50398749951e-10 864.795794518
