Time S I R
0  938.460629899 1 0
1 582.249004722 334.65616133 22.5554638469 
2 5.26560353073 689.282783598 244.912242771 
3 0.0810312133293 497.224422439 442.155176247 
4 0.00407867281524 355.86992632 583.586624906 
5 0.000504901262502 254.659955285 684.800169712 
6 0.00012327941181 182.232711987 757.227794632 
7 3.80648431246e-05 130.404198799 809.056393036 
8 1.63533480873e-05 93.3161052775 846.144508268 
9 9.27723931454e-06 66.7761938198 872.684426802 
10 6.20971354692e-06 47.7844605184 891.676163171 
11 4.66351411887e-06 34.1942225917 905.266402644 
12 3.79281959795e-06 24.4690475139 914.991578592 
13 3.27307213865e-06 17.5098319468 921.950794679 
14 2.94566416414e-06 12.5298819032 926.93074505 
15 2.73168734566e-06 8.96627705318 930.494350114 
16 2.58817533449e-06 6.41619173788 933.044435573 
17 2.49012998665e-06 4.59137209186 934.869255317 
18 2.4222557613e-06 3.28554278251 936.175084694 
19 2.37482458942e-06 2.35110487876 937.109522645 
20 2.34145443301e-06 1.68242957421 937.778197983 
21 2.317863391e-06 1.20393112759 938.256696454 
22 2.30112755162e-06 0.86152158711 938.599106011 
23 2.28922601764e-06 0.616497030678 938.844130579 
24 2.28074702591e-06 0.441159530985 939.019468087 
25 2.27469888614e-06 0.315689716535 939.144937908 
26 2.27038071898e-06 0.225904650529 939.234722978 
27 2.26729571295e-06 0.161655267401 939.298972364 
28 2.26509064305e-06 0.115679022383 939.344948612 
29 2.26351414767e-06 0.0827787910404 939.377848845 
30 2.2623867153e-06 0.059235751211 939.401391885 
31 2.26158022087e-06 0.0423885555969 939.418239082 
32 2.26100326017e-06 0.0303328527444 939.430294785 
33 2.26059046327e-06 0.0217059110388 939.438921727 
34 2.26029521855e-06 0.0155325518681 939.445095087 
35 2.2600839884e-06 0.0111149469476 939.449512692 
36 2.25993278491e-06 0.00795371880401 939.45267392 
37 2.25982466873e-06 0.00569167169696 939.454935968 
38 2.25974724799e-06 0.00407296056178 939.456554679 
39 2.25969176881e-06 0.0029145807014 939.457713059 
40 2.25965220579e-06 0.00208566095604 939.458541978 
41 2.25962389777e-06 0.00149252138448 939.459135118 
42 2.25960354783e-06 0.00106803805709 939.459559601 
43 2.25958899591e-06 0.000764252165907 939.459863387 
44 2.25957865041e-06 0.000546884511091 939.460080755 
45 2.25957114708e-06 0.000391338945244 939.460236301 
46 2.25956591748e-06 0.000280026723906 939.460347613 
47 2.25956205213e-06 0.000200387997383 939.460427251 
48 2.25955932365e-06 0.000143403214537 939.460484236 
49 2.25955750466e-06 0.000102534997779 939.460525104 
50 2.25955602673e-06 7.33487694568e-05 939.460554291 
51 2.25955511723e-06 5.25158270046e-05 939.460575124 
52 2.25955443511e-06 3.75401316513e-05 939.460590099 
53 2.25955398037e-06 2.69276847944e-05 939.460600712 
54 2.25955352562e-06 1.9285651446e-05 939.460608354 
55 2.25955329825e-06 1.38362444085e-05 939.460613803 
56 2.25955307087e-06 9.94919187252e-06 939.46061769 
57 2.25955295718e-06 7.11612556075e-06 939.460620523 
58 2.2595528435e-06 5.06839927329e-06 939.460622571 
59 2.2595528435e-06 3.57327865932e-06 939.460624066 
60 2.25955272981e-06 2.54907769633e-06 939.46062509 
61 2.25955272981e-06 1.79336848277e-06 939.460625846 
62 2.25955272981e-06 1.27925948164e-06 939.46062636 
63 2.25955261612e-06 9.17757567419e-07 939.460626722 
64 2.25955261612e-06 6.71377902537e-07 939.460626968 
65 2.25955261612e-06 4.90163966849e-07 939.460627149 
66 2.25955272981e-06 3.57856941485e-07 939.460627282 
67 2.25955261612e-06 2.59966866748e-07 939.46062738 
68 2.25955272981e-06 1.87492798753e-07 939.460627452 
69 2.25955272981e-06 1.35606897259e-07 939.460627504 
70 2.25955261612e-06 9.76724251616e-08 939.460627542 
