Time S I R
0 830.671846401 1 0
1 829.453821533 1.37265672234 0.845368145222
2 827.78628562 1.88082656644 2.00473421435
3 825.509637026 2.57084278758 3.5913665877
4 822.413026553 3.502338364 5.7564814844
5 818.222552308 4.74986254712 8.69943154616
6 812.590661422 6.40267214512 12.6785128337
7 805.090826872 8.56064304675 18.0203764825
8 795.22432948 11.323288096 25.1242288245
9 782.448891615 14.7683528191 34.4546019672
10 766.240088171 18.9175545145 46.5142037159
11 746.192341093 23.6915758514 61.7879294565
12 722.152314281 28.865797643 80.6537344768
13 694.35351024 34.0497481933 103.268587968
14 663.496652208 38.7184459265 129.456748266
15 630.719064374 42.308730529 158.644051498
16 597.432948442 44.3593264245 189.879571534
17 565.076957456 44.6377118957 221.957177049
18 534.872095073 43.194660969 253.605090359
19 507.665308825 40.3257804402 283.680757135
20 483.891143225 36.4686508146 311.312052361
21 463.627155909 32.0873673846 335.957323107
22 446.69548993 27.5859626872 357.390393783
23 432.767263695 23.2649503101 375.639632396
24 421.447322214 19.315108047 390.90941614
25 412.332194514 15.8334666004 403.506185287
26 405.04434793 12.8478009244 413.779697547
27 399.249022352 10.3407619611 422.082062087
28 394.659615639 8.26943360871 428.742797153
29 391.03671831 6.57938176371 434.055746327
30 388.183744764 5.21373108743 438.274370549
31 385.941282421 4.11849954897 441.612064431
32 384.181233915 3.24526864704 444.245343839
33 382.801360851 2.55220882791 446.318276722
34 381.720472114 2.00409435182 447.947279935
35 380.87435813 1.57181349392 449.225674777
36 380.212371922 1.23162179886 450.22785268
37 379.694656563 0.96435296915 451.012836869
38 379.289903133 0.754653127484 451.62729014
39 378.973532705 0.590287622188 452.108026074
40 378.72629584 0.461560062576 452.483990498
41 378.533114511 0.360806438054 452.777925452
42 378.382185857 0.28198549877 453.007675045
43 378.264280226 0.220346795084 453.18721938
44 378.172179852 0.172159530486 453.327507018
45 378.100239692 0.134496381584 453.437110327
46 378.044049754 0.105064505899 453.522732141
47 378.000162938 0.0820680630101 453.5896154
48 377.965886284 0.0641018961885 453.641858221
49 377.939116233 0.050067028453 453.68266314
50 377.918208944 0.0391038495356 453.714533608
51 377.901880724 0.0305405753857 453.739425102
52 377.889128826 0.0238521417342 453.758865433
53 377.87916995 0.0186282049531 453.774048246
54 377.871392443 0.0145482288788 453.785905729
55 377.865318514 0.0113617574908 453.795166129
56 377.860575018 0.00887314691323 453.802398236
57 377.856870574 0.00692959715096 453.80804623
58 377.853977501 0.00541169863809 453.812457201
59 377.851718294 0.00422634426886 453.815901763
60 377.849953981 0.00330063506212 453.818591785
61 377.848576091 0.00257766757884 453.820692642
62 377.847499978 0.00201303440111 453.822333389
63 377.846659606 0.00157209102359 453.823614704
64 377.846003303 0.00122772667805 453.824615371
65 377.845490769 0.000958797111544 453.825396834
66 377.845090518 0.000748782135613 453.826007101
67 377.844777916 0.000584756717566 453.826483729
68 377.84453377 0.000456650972111 453.82685598
69 377.844343121 0.000356615125441 453.827146665
70 377.844194248 0.000278500038182 453.827373653
