Time S I R
0  956.282857666 1 0
1 954.350600178 1.79974852436 1.13250896349 
2 950.889600141 3.22648949626 3.16676802807 
3 944.737688672 5.74416913198 6.80099986153 
4 933.949861387 10.1015943706 13.2314019078 
5 915.472742276 17.3903518891 24.4197635007 
6 885.057267488 28.887211286 43.3383788923 
7 838.080639536 45.3270836108 73.8751345193 
8 772.084160541 65.3987717059 119.799925418 
9 690.364913365 84.4782150226 182.439729278 
10 602.925497719 96.089711449 258.267648498 
11 521.866262585 96.3068079544 339.109787126 
12 455.160612773 86.4377894677 415.684455425 
13 404.735974985 71.1195783427 481.427304338 
14 368.602942993 54.8919257019 533.787988971 
15 343.495369085 40.4993063032 573.288182278 
16 326.338285133 28.9667101058 601.977862427 
17 314.717094341 20.2850696045 622.28069372 
18 306.881864562 14.0040876731 636.396905431 
19 301.612064401 9.57544257506 646.09535069 
20 298.072379847 6.50514734398 652.705330475 
21 295.696542109 4.4001905123 657.186125044 
22 294.102550104 2.96771076664 660.212596795 
23 293.033380563 1.99767144499 662.251805658 
24 292.316349079 1.34294378029 663.623564807 
25 291.83551862 0.902007840878 664.545331205 
26 291.513100626 0.605490182624 665.164266857 
27 291.296913745 0.406286563141 665.579657357 
28 291.151960451 0.27254792748 665.858349287 
29 291.054770937 0.182800031834 666.045286697 
30 290.989607223 0.12259083649 666.170659606 
31 290.945916536 0.0822063167198 666.254734813 
32 290.916623068 0.0551224827004 666.311112115 
33 290.896982199 0.0369599784235 666.348915488 
34 290.883814118 0.0247816231239 666.374261925 
35 290.874985271 0.0166157162526 666.391256679 
36 290.869065847 0.0111404815664 666.402651337 
37 290.86509707 0.00746938875479 666.410291207 
38 290.862436251 0.00500808938888 666.415413325 
39 290.860652185 0.00335777396719 666.418847707 
40 290.859456043 0.00225129486801 666.421150328 
41 290.858654115 0.00150947382572 666.422694077 
42 290.85811636 0.00101202313153 666.423729283 
43 290.857755822 0.000678506000778 666.424423338 
44 290.85751411 0.000454908764652 666.424888647 
45 290.857352044 0.000304987959083 666.425200634 
46 290.857243414 0.000204499303392 666.425409752 
47 290.857170503 0.000137052408633 666.42555011 
48 290.857121617 9.18294832774e-05 666.42564422 
49 290.857088934 6.15963351875e-05 666.425707135 
50 290.857066995 4.13007458158e-05 666.42574937 
51 290.857052324 2.77293903839e-05 666.425777613 
52 290.857042488 1.8631049137e-05 666.425796546 
53 290.857035916 1.25509897757e-05 666.425809199 
54 290.857031451 8.42095566177e-06 666.425817794 
55 290.857028413 5.61015813427e-06 666.425823643 
56 290.857026364 3.71512134329e-06 666.425827587 
57 290.857025006 2.45869124842e-06 666.425830201 
58 290.85702411 1.62956891621e-06 666.425831927 
59 290.857023532 1.0951584035e-06 666.425833039 
60 290.857023162 7.53073746235e-07 666.425833751 
61 290.857022908 5.18282240598e-07 666.425834239 
62 290.857022731 3.54022875753e-07 666.425834581 
63 290.857022608 2.40697778458e-07 666.425834817 
64 290.857022525 1.63277886877e-07 666.425834978 
65 290.857022467 1.10449389861e-07 666.425835088 
66 290.857022429 7.50729835071e-08 666.425835162 
67 290.857022403 5.12313340681e-08 666.425835211 
68 290.857022385 3.40036034475e-08 666.425835247 
69 290.857022362 1.26636496813e-08 666.425835291 
70 290.857022343 -4.46325439729e-09 666.425835327 
