Time S I R
0 863.115768181 1 0
1 803.70193647 53.7397425512 6.67408915998
2 182.836077654 536.049152235 145.230538292
3 11.4669700124 448.286246342 404.362551827
4 1.72337900449 280.674043555 581.718345622
5 0.534076782394 172.22216609 691.359525309
6 0.260608305308 105.342773905 758.512385971
7 0.168075761251 64.3794577097 799.56823471
8 0.1285549404 39.3322961013 824.654917139
9 0.109135384017 24.0263075892 839.980325208
10 0.098745940692 14.6754551878 849.341567053
11 0.0928928299352 8.96351117806 855.059364173
12 0.0894899863307 5.47462455645 858.551653638
13 0.0874732545683 3.34367732882 860.684617598
14 0.0862639563192 2.04216510171 861.987339123
15 0.0855336151768 1.24725468141 862.782979885
16 0.0850906047593 0.761759909712 863.268917667
17 0.0848211664043 0.465243445796 863.565703569
18 0.0846570274833 0.284146244662 863.746964909
19 0.0845569364368 0.173541495139 863.85766975
20 0.0844958642424 0.10598982203 863.925282495
21 0.084458586372 0.0647329023713 863.966576692
22 0.0844358271571 0.0395353961514 863.991796958
23 0.0844219300645 0.0241461041078 864.007200147
24 0.084413443587 0.0147471439822 864.016607594
25 0.0844082609223 0.00900676370165 864.022353157
26 0.0844050957863 0.00550084836893 864.025862237
27 0.0844031627371 0.00335960993797 864.028005408
28 0.0844019822551 0.00205196562673 864.029314233
29 0.0844012611889 0.00125321660275 864.030113703
30 0.0844008208206 0.000765402765285 864.030601958
31 0.0844005518381 0.000467438600225 864.030900191
32 0.0844003875052 0.000285399069286 864.031082395
33 0.0844002872421 0.000174332842964 864.031193561
34 0.0844002259854 0.000106475414826 864.03126148
35 0.0844001885757 6.50348592151e-05 864.031302958
36 0.0844001657704 3.97723725573e-05 864.031328243
37 0.084400151811 2.43086650471e-05 864.031343721
38 0.0844001432794 1.48578408447e-05 864.03135318
39 0.0844001380823 9.10074974632e-06 864.031358942
40 0.0844001349071 5.58341798061e-06 864.031362463
41 0.0844001329369 3.40106403688e-06 864.031364647
42 0.0844001317024 2.03341332486e-06 864.031366016
43 0.084400130986 1.2397161942e-06 864.03136681
44 0.0844001305381 7.43727618523e-07 864.031367307
45 0.0844001302788 4.56403794708e-07 864.031367594
46 0.084400130126 2.87315802695e-07 864.031367764
47 0.0844001300298 1.80875934112e-07 864.03136787
48 0.0844001299683 1.12629559991e-07 864.031367939
49 0.0844001299297 6.97269844299e-08 864.031367982
50 0.084400129902 3.89763805823e-08 864.031368012
51 0.0844001298723 6.19224776447e-09 864.031368045
52 0.0844001298509 -1.75166746928e-08 864.031368069
53 0.0844001298377 -3.21503867896e-08 864.031368083
54 0.0844001298327 -3.77088885259e-08 864.031368089
55 0.0844001298359 -3.41921799017e-08 864.031368086
56 0.08440012984 -2.96038444113e-08 864.031368081
57 0.0844001298369 -3.30768750064e-08 864.031368084
58 0.084400129836 -3.40564466456e-08 864.031368085
59 0.0844001298374 -3.25425593289e-08 864.031368084
60 0.084400129841 -2.85352130564e-08 864.03136808
61 0.0844001298469 -2.2034407828e-08 864.031368073
62 0.0844001298501 -1.85287361865e-08 864.03136807
63 0.0844001298524 -1.60116673552e-08 864.031368067
64 0.0844001298547 -1.3494598524e-08 864.031368065
65 0.0844001298569 -1.09775296928e-08 864.031368062
66 0.0844001298592 -8.46046086159e-09 864.03136806
67 0.0844001298616 -5.94339203037e-09 864.031368057
68 0.0844001298623 -5.04872307306e-09 864.031368056
69 0.0844001298624 -4.96453911453e-09 864.031368056
70 0.0844001298624 -4.880355156e-09 864.031368056
