Time S I R
0 961.471847212 1 0
1 106.227785814 801.990293641 54.2537677572
2 0.0505308607069 719.763362314 242.657954037
3 0.000106635694124 568.463110525 394.008630051
4 2.23662857479e-06 448.934808487 513.537036488
5 5.25166001353e-07 354.539344014 607.932502673
6 0 279.991642468 682.480204744
7 0 221.118856416 741.352990796
8 7.80279378887e-08 174.625411971 787.846435163
9 0 137.907632621 824.564214591
10 0 108.910395504 853.561451708
11 0 86.0102867561 876.461560456
12 0 67.9253030547 894.546544157
13 0 53.6429603094 908.828886903
14 0 42.3637028542 920.108144358
15 0 33.4560797033 929.015767509
16 0 26.4214061682 936.050441044
17 0 20.8658810392 941.605966173
18 0 16.4785026123 945.9933446
19 0 13.0136377494 949.458209463
20 0 10.2773153605 952.194531851
21 0 8.11634367209 954.35550354
22 0 6.40975392963 956.062093282
23 0 5.06200121163 957.409846
24 0 3.99763482253 958.474212389
25 0 3.15706875542 959.314778457
26 0 2.49324468911 959.978602523
27 0 1.96900037107 960.502846841
28 0 1.55498668575 960.916860526
29 0 1.22802597753 961.243821234
30 0 0.969813978471 961.502033233
31 0 0.76589514353 961.705952068
32 0 0.604853520084 961.866993692
33 0 0.477673454208 961.994173758
34 0 0.377235029325 962.094612183
35 0 0.297915377178 962.173931835
36 0 0.235273936 962.236573276
37 0 0.185803854063 962.286043358
38 0 0.146735624559 962.325111587
39 0 0.115882032446 962.355965179
40 0 0.0915159990648 962.380331213
41 0 0.0722732943314 962.399573918
42 0 0.0570766635323 962.414770548
43 0 0.0450753953006 962.426771817
44 0 0.0355975650229 962.436249647
45 0 0.028112606424 962.443734606
46 0 0.0222014862047 962.449645726
47 0 0.0175332670892 962.454313945
48 0 0.0138466187719 962.458000593
49 0 0.0109351474528 962.460912064
50 0 0.00863585776664 962.463211354
51 0 0.00682003123502 962.465027181
52 0 0.00538601121057 962.466461201
53 0 0.00425350791336 962.467593704
54 0 0.00335911163868 962.4684881
55 0 0.00265285382465 962.469194358
56 0 0.00209509450842 962.469752117
57 0 0.00165458916695 962.470192623
58 0 0.00130668326262 962.470540529
59 0 0.00103192788273 962.470815284
60 0 0.000814942915653 962.471032269
61 0 0.000643591453828 962.47120362
62 0 0.000508275941664 962.471338936
63 0 0.000401366853402 962.471445845
64 0 0.00031689475957 962.471530317
65 0 0.000250241219564 962.471596971
66 0 0.000197635866787 962.471649576
67 0 0.000156093187747 962.471691119
68 0 0.000123274322307 962.471723938
69 0 9.73642319238e-05 962.471749848
70 0 7.69372268152e-05 962.471770275
