Time S I R
0 881.733985478 1 0
1 742.62408235 121.517149625 18.5927535023
2 52.0503575672 524.268982307 306.414645604
3 3.82923910698 289.912916497 588.991829874
4 0.987509435328 145.99299559 735.753480453
5 0.500702868905 72.9254087062 809.307873903
6 0.356766826967 36.3631349813 846.01408367
7 0.301303129443 18.121236301 864.311446048
8 0.276971844811 9.02834702856 873.428666605
9 0.265594240167 4.49760395452 877.970787283
10 0.260102089255 2.24043135766 880.233452031
11 0.257408812453 1.11601775535 881.36055891
12 0.256077656604 0.55591082829 881.921996993
13 0.25541715486 0.276908614698 882.201659708
14 0.255088784361 0.137932445942 882.340964248
15 0.254925375527 0.0687061241844 882.410353978
16 0.254844018407 0.0342234927505 882.444917967
17 0.25480350299 0.0170472052782 882.46213477
18 0.254783324093 0.00849145170338 882.470710702
19 0.254773273294 0.00422970837775 882.474982496
20 0.254768267104 0.00210691962747 882.477110291
21 0.254765773418 0.0010494987793 882.478170206
22 0.254764531265 0.000522773338402 882.478698173
23 0.254763912298 0.000260304109122 882.478961262
24 0.254763603919 0.000129537842867 882.479092336
25 0.254763450912 6.46561397398e-05 882.479157371
26 0.254763374576 3.22862320485e-05 882.479189817
27 0.254763336153 1.59929958096e-05 882.479206149
28 0.254763316905 7.83119653552e-06 882.47921433
29 0.254763307744 3.94635637006e-06 882.479218224
30 0.254763303269 2.04882192898e-06 882.479220126
31 0.254763300915 1.05044449685e-06 882.479221127
32 0.254763299694 5.32537999784e-07 882.479221646
33 0.254763299079 2.71679498892e-07 882.479221907
34 0.254763298767 1.39359727807e-07 882.47922204
35 0.254763298606 7.120082718e-08 882.479222108
36 0.254763298523 3.62856437744e-08 882.479222143
37 0.254763298456 7.72480571155e-09 882.479222172
38 0.254763298401 -1.56182925679e-08 882.479222195
39 0.25476329837 -2.86201595528e-08 882.479222208
40 0.254763298364 -3.1280795243e-08 882.479222211
41 0.254763298382 -2.36001996386e-08 882.479222203
42 0.254763298382 -2.36961226832e-08 882.479222203
43 0.25476329838 -2.45361705341e-08 882.479222204
44 0.254763298384 -2.28388477985e-08 882.479222203
45 0.254763298394 -1.86041544764e-08 882.479222198
46 0.25476329841 -1.18320905677e-08 882.479222191
47 0.254763298415 -9.62885838526e-09 882.479222189
48 0.25476329842 -7.81376604722e-09 882.479222187
49 0.254763298424 -5.99867370917e-09 882.479222186
50 0.254763298428 -4.18358137112e-09 882.479222184
51 0.254763298432 -2.59764151777e-09 882.479222182
52 0.254763298432 -2.54543126489e-09 882.479222182
53 0.254763298432 -2.49322101201e-09 882.479222182
54 0.254763298432 -2.44101075914e-09 882.479222182
55 0.254763298432 -2.38880050626e-09 882.479222182
56 0.254763298432 -2.33659025338e-09 882.479222182
57 0.254763298433 -2.28438000051e-09 882.479222182
58 0.254763298433 -2.23216974763e-09 882.479222182
59 0.254763298433 -2.17995949475e-09 882.479222182
60 0.254763298433 -2.12774924188e-09 882.479222182
61 0.254763298433 -2.075538989e-09 882.479222182
62 0.254763298433 -2.02332873612e-09 882.479222182
63 0.254763298433 -1.97111848325e-09 882.479222182
64 0.254763298433 -1.91890823037e-09 882.479222182
65 0.254763298434 -1.86669797749e-09 882.479222181
66 0.254763298434 -1.81448772461e-09 882.479222181
67 0.254763298434 -1.76227747174e-09 882.479222181
68 0.254763298434 -1.71006721886e-09 882.479222181
69 0.254763298434 -1.65785696598e-09 882.479222181
70 0.254763298434 -1.60564671311e-09 882.479222181
