Time S I R
0  939.395025931 1 0
1 921.60898234 15.443094158 3.34294943308 
2 714.897339581 177.736975078 47.7607112722 
3 200.073964957 469.85193718 270.469123795 
4 42.5045755602 356.509282638 541.381167733 
5 15.6073769539 208.194364387 716.59328459 
6 8.84020604899 115.551695631 816.003124252 
7 6.46446204355 63.1905381088 870.740025779 
8 5.45026766359 34.3599711168 900.584787151 
9 4.96787139745 18.6354643882 916.791690146 
10 4.72449812608 10.0944440413 925.576083764 
11 4.59772594954 5.4644348084 930.332865173 
12 4.53053691851 2.957068339 932.907420674 
13 4.49459114436 1.59992248407 934.300512303 
14 4.47526268748 0.865554943675 935.0542083 
15 4.46484097593 0.468239273991 935.461945681 
16 4.45921334236 0.253296286713 935.682516302 
17 4.45617202725 0.137019749283 935.801834155 
18 4.45452770862 0.0741197046752 935.866378518 
19 4.45363848329 0.0400942800796 935.901293168 
20 4.45315754102 0.0216885409578 935.920179849 
21 4.45289740247 0.0117321455377 935.930396383 
22 4.45275668952 0.00634632911125 935.935922913 
23 4.45268057764 0.00343305887542 935.938912295 
24 4.45263940425 0.00185707803761 935.940529449 
25 4.45261713278 0.00100459417583 935.941404204 
26 4.45260508398 0.000543400797457 935.941877447 
27 4.45259856666 0.000293936147254 935.942133428 
28 4.45259504141 0.00015899916101 935.942271891 
29 4.45259313299 8.59501735253e-05 935.942346848 
30 4.45259210195 4.64849679719e-05 935.942387344 
31 4.4525915454 2.51816521324e-05 935.942409204 
32 4.4525912441 1.36485804493e-05 935.942421039 
33 4.45259108187 7.43910330996e-06 935.94242741 
34 4.45259099193 3.99625704287e-06 935.942430943 
35 4.45259094308 2.12639191236e-06 935.942432862 
36 4.45259091694 1.12593393566e-06 935.942433888 
37 4.4525909037 6.19229573921e-07 935.942434408 
38 4.45259089663 3.48307932179e-07 935.942434686 
39 4.45259089259 1.93674777804e-07 935.942434845 
40 4.45259089031 1.06466773692e-07 935.942434935 
41 4.45259088906 5.86595619923e-08 935.942434984 
42 4.45259088815 2.3860670496e-08 935.942435019 
43 4.45259088734 -7.07654315206e-09 935.942435051 
44 4.45259088685 -2.57725674012e-08 935.94243507 
45 4.45259088668 -3.22274022515e-08 935.942435077 
46 4.45259088683 -2.64410477028e-08 935.942435071 
47 4.45259088681 -2.75043652126e-08 935.942435072 
48 4.45259088676 -2.94077623424e-08 935.942435074 
49 4.4525908868 -2.79228672466e-08 935.942435072 
50 4.45259088692 -2.3049679925e-08 935.942435067 
51 4.45259088708 -1.7088459361e-08 935.942435061 
52 4.45259088715 -1.43453512844e-08 935.942435058 
53 4.45259088722 -1.16022432077e-08 935.942435056 
54 4.45259088729 -8.85913513101e-09 935.942435053 
55 4.45259088737 -6.11602705434e-09 935.94243505 
56 4.45259088741 -4.42774609315e-09 935.942435048 
57 4.45259088741 -4.33583540387e-09 935.942435048 
58 4.45259088741 -4.24392471459e-09 935.942435048 
59 4.45259088742 -4.15201402531e-09 935.942435048 
60 4.45259088742 -4.06010333602e-09 935.942435048 
61 4.45259088742 -3.96819264674e-09 935.942435048 
62 4.45259088742 -3.87628195746e-09 935.942435048 
63 4.45259088743 -3.78437126818e-09 935.942435048 
64 4.45259088743 -3.69246057889e-09 935.942435048 
65 4.45259088743 -3.60054988961e-09 935.942435047 
66 4.45259088743 -3.50863920033e-09 935.942435047 
67 4.45259088744 -3.41672851105e-09 935.942435047 
68 4.45259088744 -3.32481782176e-09 935.942435047 
69 4.45259088744 -3.23290713248e-09 935.942435047 
70 4.45259088744 -3.1409964432e-09 935.942435047 
