Time S I R
0 875.709250523 1 0
1 857.65703471 15.956954888 3.09526092438
2 646.891645193 184.814156793 45.0034485362
3 164.978802184 463.689388289 248.04106005
4 32.473104768 354.663194366 489.572951389
5 11.0333042337 215.693512233 649.982434056
6 5.81380959552 125.710629725 745.184811202
7 4.01191665729 72.3886621143 800.308671751
8 3.24192467152 41.4928147082 831.974511143
9 2.86953188658 23.7339572495 850.105761387
10 2.67619304313 13.5617157592 860.47134172
11 2.57165102654 7.74495861923 866.392640877
12 2.51379871853 4.4217306186 869.773721186
13 2.48135791637 2.52401729441 871.703875312
14 2.46302888579 1.44062585919 872.805595778
15 2.452628301 0.822217614206 873.434404608
16 2.44671209245 0.469255209782 873.793283221
17 2.44334202651 0.267808212075 873.998100284
18 2.44142077997 0.152838548644 874.114991194
19 2.44032500218 0.0872247400262 874.181700781
20 2.43969986526 0.0497788859294 874.219771772
21 2.43934317334 0.028408582133 874.241498767
22 2.43913963443 0.0162126339421 874.253898254
23 2.43902348348 0.00925246335783 874.260974576
24 2.43895719934 0.00528033555121 874.265012988
25 2.43891937331 0.0030135321791 874.267317617
26 2.43889778534 0.00171981234448 874.268632925
27 2.43888546578 0.00098152301773 874.269383534
28 2.4388784341 0.000560125024919 874.269811964
29 2.43887442146 0.000319653069424 874.270056448
30 2.43887213146 0.000182416264365 874.270195975
31 2.43887082476 0.000104107618965 874.27027559
32 2.43887007796 5.93525798061e-05 874.270321092
33 2.43886965327 3.39018334641e-05 874.270346968
34 2.43886941071 1.93651627514e-05 874.270361747
35 2.43886927251 1.10828828061e-05 874.270370167
36 2.43886919383 6.36810873635e-06 874.270374961
37 2.43886914776 3.60667768115e-06 874.270377768
38 2.4388691214 2.02747254828e-06 874.270379374
39 2.43886910643 1.13025841112e-06 874.270380286
40 2.43886909841 6.49280109472e-07 874.270380775
41 2.43886909398 3.83824960937e-07 874.270381045
42 2.43886909134 2.26003784616e-07 874.270381205
43 2.43886908976 1.31243956818e-07 874.270381302
44 2.43886908884 7.5972300176e-08 874.270381358
45 2.43886908831 4.42004158957e-08 874.27038139
46 2.4388690878 1.36367603752e-08 874.270381421
47 2.43886908739 -1.08032854943e-08 874.270381446
48 2.43886908714 -2.59330311275e-08 874.270381462
49 2.43886908704 -3.17524765244e-08 874.270381467
50 2.4388690871 -2.8261621685e-08 874.270381464
51 2.43886908715 -2.51519304062e-08 874.270381461
52 2.43886908711 -2.77627981448e-08 874.270381463
53 2.43886908711 -2.78533862859e-08 874.270381464
54 2.43886908715 -2.54236948294e-08 874.270381461
55 2.43886908723 -2.04737237754e-08 874.270381456
56 2.43886908731 -1.54437358322e-08 874.270381451
57 2.43886908735 -1.31993774589e-08 874.270381449
58 2.43886908739 -1.09550190856e-08 874.270381446
59 2.43886908743 -8.71066071233e-09 874.270381444
60 2.43886908746 -6.46630233906e-09 874.270381442
61 2.4388690875 -4.22194396579e-09 874.270381439
62 2.43886908751 -3.93543357855e-09 874.270381439
63 2.43886908751 -3.86233618381e-09 874.270381439
64 2.43886908751 -3.78923878907e-09 874.270381439
65 2.43886908751 -3.71614139434e-09 874.270381439
66 2.43886908751 -3.6430439996e-09 874.270381439
67 2.43886908751 -3.56994660486e-09 874.270381439
68 2.43886908751 -3.49684921012e-09 874.270381439
69 2.43886908752 -3.42375181539e-09 874.270381439
70 2.43886908752 -3.35065442065e-09 874.270381439
