Time S I R
0  943.601275794 1 0
1 373.681246675 519.112317979 51.8077111404 
2 1.6022646961 586.258602806 356.740408292 
3 0.0340660675959 372.513097642 572.054112085 
4 0.00295031491169 236.022982728 708.575342752 
5 0.000641787313953 149.530559444 795.070074563 
6 0.000239133955233 94.7332770435 849.867759617 
7 0.000128010728758 60.0169513274 884.584196456 
8 8.63912632667e-05 38.0229104475 906.578278955 
9 6.73412616834e-05 24.0888787584 920.512329695 
10 5.75072892843e-05 15.2611467273 929.34007156 
11 5.20368068919e-05 9.66849710371 934.932726654 
12 4.88425213234e-05 6.12533818748 938.475888764 
13 4.69210814344e-05 3.88062259766 940.720606275 
14 4.57430780898e-05 2.45851417995 942.142715871 
15 4.50121110589e-05 1.55755462011 943.043676162 
16 4.45550763288e-05 0.986766101278 943.614465138 
17 4.42679323669e-05 0.625150843738 943.976080683 
18 4.40869744125e-05 0.396054907875 944.205176799 
19 4.39727143657e-05 0.250914640669 944.350317181 
20 4.39004800228e-05 0.158963238487 944.442268655 
21 4.38547784825e-05 0.100708770757 944.500523169 
22 4.3825849616e-05 0.063802528601 944.53742944 
23 4.38075320517e-05 0.0404211448125 944.560810842 
24 4.37959312194e-05 0.0256082182499 944.57562378 
25 4.37885831843e-05 0.0162237053048 944.5850083 
26 4.37839286178e-05 0.0102782840926 944.590953726 
27 4.37809801497e-05 0.00651167154086 944.594720342 
28 4.37791121612e-05 0.00412544139982 944.597106574 
29 4.3777928795e-05 0.0026136325964 944.598618384 
30 4.37771791439e-05 0.00165584762263 944.599576169 
31 4.37767041603e-05 0.00104906092837 944.600182957 
32 4.3776403345e-05 0.000664588851922 944.600567429 
33 4.37762125785e-05 0.000421032891727 944.600810985 
34 4.37760919567e-05 0.000266727428798 944.600965291 
35 4.37760154455e-05 0.00016899852743 944.60106302 
36 4.37759670149e-05 0.000106983420466 944.601125035 
37 4.37759363194e-05 6.77458096429e-05 944.601164272 
38 4.3775916879e-05 4.29725574007e-05 944.601189046 
39 4.37759044871e-05 2.72437264809e-05 944.601204775 
40 4.37758967564e-05 1.72891654335e-05 944.601214729 
41 4.37758918679e-05 1.10098886003e-05 944.601221008 
42 4.3775888571e-05 6.97888805647e-06 944.601225039 
43 4.37758866383e-05 4.30643979917e-06 944.601227712 
44 4.37758853877e-05 2.74361246701e-06 944.601229275 
45 4.37758844782e-05 1.70134943505e-06 944.601230317 
46 4.37758840235e-05 1.07741425606e-06 944.601230941 
47 4.37758836824e-05 6.98732363631e-07 944.60123132 
48 4.37758834551e-05 4.5570366948e-07 944.601231563 
49 4.37758833414e-05 2.95044338459e-07 944.601231723 
50 4.37758833414e-05 1.89504611424e-07 944.601231829 
51 4.37758832277e-05 1.21577066196e-07 944.601231897 
52 4.37758832277e-05 7.82083611786e-08 944.60123194 
53 4.3775883114e-05 5.0388577977e-08 944.601231968 
54 4.3775883114e-05 3.24453656416e-08 944.601231986 
55 4.3775883114e-05 1.12741989615e-08 944.601232007 
56 4.37758830003e-05 -6.19844370646e-09 944.601232025 
57 4.37758830003e-05 -1.89486471318e-08 944.601232037 
58 4.37758830003e-05 -2.69764113146e-08 944.601232045 
59 4.37758830003e-05 -3.02817362547e-08 944.601232049 
60 4.37758830003e-05 -2.88646219523e-08 944.601232047 
61 4.3775883114e-05 -2.27250684073e-08 944.601232041 
62 4.37758828866e-05 -2.2835493296e-08 944.601232041 
63 4.37758830003e-05 -2.43247236484e-08 944.601232043 
64 4.37758830003e-05 -2.46148498843e-08 944.601232043 
65 4.37758830003e-05 -2.37058720037e-08 944.601232042 
66 4.37758828866e-05 -2.15977900067e-08 944.60123204 
67 4.37758830003e-05 -1.82906038932e-08 944.601232037 
68 4.37758830003e-05 -1.37843136632e-08 944.601232032 
69 4.37758828866e-05 -1.13596625086e-08 944.60123203 
70 4.37758828866e-05 -1.00440052365e-08 944.601232028 
