Time S I R
0  806.918062875 1 0
1 545.678875254 224.373976859 37.8652107619 
2 14.9493660492 406.897090331 386.071606494 
3 1.39497335932 190.870504917 615.652584599 
4 0.4700619795 86.4955721303 720.952428765 
5 0.287426003006 39.0569451242 768.573691748 
6 0.230194295364 17.6207822831 790.067086297 
7 0.208252701365 7.9473191993 799.762490974 
8 0.199054389257 3.58396699683 804.135041489 
9 0.195040406287 1.61616272603 806.106859743 
10 0.193256940274 0.728779584475 806.99602635 
11 0.192458068864 0.328626897799 807.396977908 
12 0.192098917737 0.148186246498 807.577777711 
13 0.191937186808 0.0668207899655 807.659304898 
14 0.191864303028 0.0301311098756 807.696067462 
15 0.191831447035 0.0135868399097 807.712644588 
16 0.191816633322 0.00612663035011 807.720119611 
17 0.191809953805 0.00276262627072 807.723490295 
18 0.191806942093 0.00124579980857 807.725010133 
19 0.191805583911 0.000561753538774 807.725695538 
20 0.191804971302 0.0002532126224 807.726004691 
21 0.191804695214 0.000114159998946 807.72614402 
22 0.191804570964 5.15815350573e-05 807.726206723 
23 0.191804514769 2.32787529754e-05 807.726235082 
24 0.191804489185 1.03933690057e-05 807.726247992 
25 0.191804477743 4.63037577488e-06 807.726253767 
26 0.191804472884 2.18324616666e-06 807.726256219 
27 0.191804470577 1.02102060157e-06 807.726257383 
28 0.191804469482 4.6974028879e-07 807.726257936 
29 0.191804468983 2.18463083547e-07 807.726258188 
30 0.191804468751 1.01405158346e-07 807.726258305 
31 0.191804468642 4.6612922778e-08 807.72625836 
32 0.191804468544 -2.88226854741e-09 807.726258409 
33 0.19180446849 -2.97740317673e-08 807.726258436 
34 0.191804468482 -3.40623668817e-08 807.726258441 
35 0.191804468492 -2.88991999199e-08 807.726258435 
36 0.191804468485 -3.22183121323e-08 807.726258439 
37 0.191804468491 -2.92629536836e-08 807.726258436 
38 0.191804468509 -2.00331245739e-08 807.726258427 
39 0.191804468517 -1.60122371005e-08 807.726258423 
40 0.191804468525 -1.20946457938e-08 807.726258419 
41 0.191804468533 -8.17705448704e-09 807.726258415 
42 0.19180446854 -4.89665933239e-09 807.726258411 
43 0.19180446854 -4.76520784553e-09 807.726258411 
44 0.19180446854 -4.63375635866e-09 807.726258411 
45 0.19180446854 -4.5023048718e-09 807.726258411 
46 0.191804468541 -4.37085338493e-09 807.726258411 
47 0.191804468541 -4.23940189807e-09 807.726258411 
48 0.191804468541 -4.1079504112e-09 807.726258411 
49 0.191804468541 -3.97649892434e-09 807.72625841 
50 0.191804468542 -3.84504743747e-09 807.72625841 
51 0.191804468542 -3.7135959506e-09 807.72625841 
52 0.191804468542 -3.58214446374e-09 807.72625841 
53 0.191804468543 -3.45069297687e-09 807.72625841 
54 0.191804468543 -3.31924149001e-09 807.72625841 
55 0.191804468543 -3.18779000314e-09 807.72625841 
56 0.191804468543 -3.05633851628e-09 807.72625841 
57 0.191804468544 -2.92488702941e-09 807.726258409 
58 0.191804468544 -2.79343554254e-09 807.726258409 
59 0.191804468544 -2.66198405568e-09 807.726258409 
60 0.191804468544 -2.53053256881e-09 807.726258409 
61 0.191804468545 -2.39908108195e-09 807.726258409 
62 0.191804468545 -2.26762959508e-09 807.726258409 
63 0.191804468545 -2.13617810822e-09 807.726258409 
64 0.191804468545 -2.00472662135e-09 807.726258409 
65 0.191804468546 -1.87327513449e-09 807.726258408 
66 0.191804468546 -1.74182364762e-09 807.726258408 
67 0.191804468546 -1.61037216075e-09 807.726258408 
68 0.191804468546 -1.47892067389e-09 807.726258408 
69 0.191804468547 -1.34746918702e-09 807.726258408 
70 0.191804468547 -1.21601770016e-09 807.726258408 
