Time S I R
0  803.680557525 1 0
1 796.017839201 6.49421248725 2.16850583629 
2 749.633076835 39.2893637177 15.7581169725 
3 554.074881388 166.425401947 84.1802741899 
4 251.914419721 290.173374874 262.59276293 
5 103.406417583 237.133519862 464.14062008 
6 55.7598946236 144.98240254 603.938260361 
7 38.9545814532 80.6051221574 685.120853914 
8 32.0310447924 43.2339120795 729.415600653 
9 28.8634433067 22.8317421837 752.985372034 
10 27.3246368176 11.9694682709 765.386452436 
11 26.552372437 6.25233494516 771.875850143 
12 26.1580529458 3.2599808052 775.262523774 
13 25.9548766726 1.69816600796 777.027514844 
14 25.8496905049 0.88416699958 777.94670002 
15 25.7951001093 0.460235084115 778.425222331 
16 25.7667316037 0.239534304931 778.674291616 
17 25.751979781 0.124659901312 778.803917843 
18 25.7443060219 0.0648739419193 778.871377561 
19 25.740313485 0.03376028259 778.906483757 
20 25.7382360302 0.0175686172309 778.924752877 
21 25.7371550062 0.00914254120759 778.934259977 
22 25.7365924658 0.0047576442478 778.939207415 
23 25.7362997478 0.00247591942786 778.941781858 
24 25.7361474099 0.00128843977307 778.943121675 
25 25.7360681368 0.000670500622743 778.943818887 
26 25.7360268807 0.000348904931324 778.944181739 
27 25.7360054127 0.000181559697223 778.944370552 
28 25.7359942425 9.44869485877e-05 778.944468795 
29 25.7359884227 4.91212168208e-05 778.944519981 
30 25.7359854028 2.55805126234e-05 778.944546541 
31 25.7359838307 1.3325958721e-05 778.944560368 
32 25.7359830146 6.96394438891e-06 778.944567546 
33 25.7359825874 3.63390189973e-06 778.944571303 
34 25.7359823595 1.85713033944e-06 778.944573308 
35 25.7359822424 9.44969632939e-07 778.944574337 
36 25.7359821844 4.92635914639e-07 778.944574848 
37 25.7359821555 2.67236600532e-07 778.944575102 
38 25.7359821397 1.43919981806e-07 778.944575241 
39 25.735982131 7.6285847333e-08 778.944575318 
40 25.7359821264 4.04608740403e-08 778.944575358 
41 25.7359821231 1.44465565948e-08 778.944575387 
42 25.73598212 -9.53720168801e-09 778.944575414 
43 25.7359821181 -2.43437247725e-08 778.944575431 
44 25.7359821174 -2.99730126587e-08 778.944575437 
45 25.7359821178 -2.64250653467e-08 778.944575433 
46 25.7359821184 -2.19166085081e-08 778.944575428 
47 25.7359821182 -2.37945896371e-08 778.94457543 
48 25.7359821182 -2.33776315796e-08 778.94457543 
49 25.7359821186 -2.06657343356e-08 778.944575427 
50 25.7359821192 -1.5658897905e-08 778.944575421 
51 25.7359821198 -1.08417819988e-08 778.944575416 
52 25.73598212 -9.08498038199e-09 778.944575414 
53 25.7359821203 -7.32817876516e-09 778.944575412 
54 25.7359821205 -5.57137714834e-09 778.94457541 
55 25.7359821207 -3.81457553151e-09 778.944575408 
56 25.7359821209 -2.67097947629e-09 778.944575407 
57 25.7359821209 -2.61917000688e-09 778.944575407 
58 25.7359821209 -2.56736053748e-09 778.944575406 
59 25.7359821209 -2.51555106807e-09 778.944575406 
60 25.7359821209 -2.46374159866e-09 778.944575406 
61 25.7359821209 -2.41193212925e-09 778.944575406 
62 25.7359821209 -2.36012265984e-09 778.944575406 
63 25.7359821209 -2.30831319043e-09 778.944575406 
64 25.7359821209 -2.25650372102e-09 778.944575406 
65 25.7359821209 -2.20469425161e-09 778.944575406 
66 25.7359821209 -2.1528847822e-09 778.944575406 
67 25.7359821209 -2.1010753128e-09 778.944575406 
68 25.7359821209 -2.04926584339e-09 778.944575406 
69 25.735982121 -1.99745637398e-09 778.944575406 
70 25.735982121 -1.94564690457e-09 778.944575406 
