Time S I R
0  843.935798155 1 0
1 599.200127159 234.926779017 10.8088919797 
2 8.63397455457 691.679157144 144.622666457 
3 0.0986034185913 559.07567279 285.761521947 
4 0.00275057818988 446.211525272 398.721522305 
5 0.000147333412315 356.069827798 488.865823023 
6 3.01793011204e-06 284.136069916 560.799725221 
7 0 226.734542128 618.201256028 
8 3.64784909834e-06 180.929542327 664.00625218 
9 1.10849350676e-06 144.378017103 700.557779944 
10 3.30794364345e-07 115.210661694 729.72513613 
11 8.04902924756e-07 91.9357882873 753.000009063 
12 1.74253534624e-06 73.3627297799 771.573066633 
13 5.38949620932e-07 58.5419520855 786.393845531 
14 1.01032242128e-06 46.7152193661 798.220577779 
15 6.36230311102e-07 37.2777808536 807.658016665 
16 5.98001861363e-07 29.7468822137 815.188915343 
17 4.56142515759e-07 23.7373930455 821.198404653 
18 4.44332727056e-07 18.941933892 825.993863819 
19 3.8273572045e-07 15.1152651099 829.820532662 
20 3.52601091436e-07 12.0616634962 832.874134306 
21 3.24852067024e-07 9.62495276568 835.310845065 
22 3.05477783513e-07 7.68051080115 837.255287049 
23 2.91099922833e-07 6.12888555711 838.806912307 
24 2.79745336229e-07 4.89072189199 840.045075983 
25 2.71170392807e-07 3.90269328441 841.0331046 
26 2.64469349531e-07 3.11426700616 841.821530885 
27 2.59250668933e-07 2.4851196258 842.45067827 
28 2.5515919333e-07 1.98307312857 842.952724771 
29 2.51940718954e-07 1.58245061422 843.353347289 
30 2.49401523433e-07 1.26276228469 843.673035621 
31 2.47393700192e-07 1.00765770512 843.928140203 
32 2.45803221333e-07 0.804089633877 844.131708275 
33 2.44541183747e-07 0.641646590489 844.29415132 
34 2.43538920586e-07 0.512020466026 844.423777446 
35 2.4274208954e-07 0.408581548564 844.527216364 
36 2.42108058046e-07 0.326039343075 844.60975857 
37 2.41603288487e-07 0.260172502458 844.675625411 
38 2.41201291828e-07 0.207612181216 844.728185733 
39 2.4088092232e-07 0.165670124318 844.77012779 
40 2.40625581682e-07 0.132201269929 844.803596645 
41 2.40422082243e-07 0.105493827359 844.830304087 
42 2.40259851125e-07 0.0841818421544 844.851616073 
43 2.40130361817e-07 0.0671753246602 844.86862259 
44 2.40027134168e-07 0.0536044721839 844.882193443 
45 2.39944824898e-07 0.0427752389579 844.893022676 
46 2.39879227593e-07 0.0341337347478 844.901664181 
47 2.39826704274e-07 0.0272379921913 844.908559923 
48 2.39784981204e-07 0.0217353432677 844.914062572 
49 2.39751557274e-07 0.0173443427182 844.918453573 
50 2.39725068241e-07 0.0138404187493 844.921957497 
51 2.39703695115e-07 0.011044341618 844.924753574 
52 2.39686755776e-07 0.00881315787504 844.926984758 
53 2.39673113356e-07 0.00703276507442 844.92876515 
54 2.39662426793e-07 0.00561205560892 844.93018586 
55 2.39653786593e-07 0.00447831730129 844.931319598 
56 2.39646965383e-07 0.00357360912908 844.932224306 
57 2.39641394728e-07 0.00285167068802 844.932946245 
58 2.39637074628e-07 0.00227558516346 844.93352233 
59 2.39633550336e-07 0.00181594337062 844.933981972 
60 2.39630594479e-07 0.00144907289639 844.934348843 
61 2.39628434429e-07 0.00115630738916 844.934641608 
62 2.39626729126e-07 0.000922696112091 844.934875219 
63 2.39625251197e-07 0.000736280147184 844.935061635 
64 2.39624114329e-07 0.000587537986844 844.935210378 
65 2.39623204834e-07 0.000468833412739 844.935329082 
66 2.39622409026e-07 0.000374104097594 844.935423811 
67 2.39621840592e-07 0.000298526786801 844.935499389 
68 2.39621272158e-07 0.000238232083319 844.935559683 
69 2.39620931097e-07 0.000190104314641 844.935607811 
70 2.39620703724e-07 0.000151634136747 844.935646281 
