Time S I R
0  934.699055646 1 0
1 932.202646022 2.29258367863 1.20382594449 
2 926.52344214 5.22109219333 3.95452131269 
3 913.813725624 11.7133273014 10.17200272 
4 886.381428482 25.425901222 23.8917259414 
5 831.500436258 51.5365334428 52.6620859452 
6 736.419544265 91.9572905704 107.32222081 
7 605.428626978 134.783994092 195.486434576 
8 469.541240546 156.256698979 309.90111612 
9 360.713345301 146.397831338 428.587879007 
10 287.241783767 117.348079429 531.109192451 
11 241.538068869 85.0452761664 609.11571061 
12 213.86486278 57.9451604229 663.889032442 
13 197.155638985 38.0357193 700.507697361 
14 187.017010228 24.4101280579 724.271917359 
15 180.8289205 15.4521465521 739.417988594 
16 177.033858217 9.69975837036 748.965439058 
17 174.698390613 6.05749551051 754.943169522 
18 173.257831268 3.77090036947 758.670324008 
19 172.367934861 2.34285295675 760.988267828 
20 171.817678402 1.45384578977 762.427531454 
21 171.477231214 0.901500319414 763.320324112 
22 171.266514869 0.558742721659 763.873798055 
23 171.136063383 0.346204822167 764.216787441 
24 171.055290895 0.214475212128 764.429289539 
25 171.005273897 0.132853550867 764.560928197 
26 170.974300003 0.082288600207 764.642467043 
27 170.955118207 0.0509668655183 764.692970573 
28 170.943238866 0.0315663836176 764.724250396 
29 170.935881857 0.0195503562456 764.743623432 
30 170.931325542 0.0121082164858 764.755621888 
31 170.928503726 0.00749899348889 764.763052926 
32 170.926756095 0.00464430745328 764.767655244 
33 170.925673827 0.00287644221781 764.770505377 
34 170.925003496 0.00178145956443 764.77227069 
35 170.924588348 0.00110331369026 764.773363984 
36 170.924331227 0.000683305096606 764.774041113 
37 170.924171928 0.000423088208706 764.774460629 
38 170.924073334 0.000262032935542 764.774720279 
39 170.924012272 0.000162287030083 764.774881087 
40 170.923974441 0.00010049059087 764.774980714 
41 170.923951067 6.23089978945e-05 764.775042269 
42 170.92393657 3.86276525886e-05 764.775080448 
43 170.923927573 2.39312061345e-05 764.775104141 
44 170.923922016 1.48534075794e-05 764.775118776 
45 170.923918578 9.23753688971e-06 764.77512783 
46 170.92391643 5.72755594067e-06 764.775133489 
47 170.923915023 3.42918619536e-06 764.775137194 
48 170.923914241 2.15324403555e-06 764.775139251 
49 170.923913723 1.30566334837e-06 764.775140617 
50 170.923913417 8.06843018058e-07 764.775141422 
51 170.923913237 5.11822734691e-07 764.775141897 
52 170.923913123 3.26855698794e-07 764.775142195 
53 170.92391305 2.07092708192e-07 764.775142388 
54 170.923913003 1.29895736731e-07 764.775142513 
55 170.923912973 8.14141807387e-08 764.775142591 
56 170.923912955 5.12725575331e-08 764.77514264 
57 170.923912939 2.57042603293e-08 764.775142681 
58 170.923912924 7.72988826123e-10 764.775142721 
59 170.923912913 -1.71618175541e-08 764.77514275 
60 170.923912906 -2.81001588115e-08 764.775142768 
61 170.923912904 -3.20420349459e-08 764.775142774 
62 170.923912906 -2.89874459574e-08 764.775142769 
63 170.923912908 -2.46686909623e-08 764.775142762 
64 170.923912906 -2.75774391124e-08 764.775142767 
65 170.923912906 -2.85803549021e-08 764.775142768 
66 170.923912906 -2.76774383317e-08 764.775142767 
67 170.923912908 -2.48686894009e-08 764.775142762 
68 170.923912911 -2.015410811e-08 764.775142755 
69 170.923912914 -1.59457179075e-08 764.775142748 
70 170.923912915 -1.39608928783e-08 764.775142745 
