Time S I R
0  805.508176703 1 0
1 804.005399102 1.48624391514 1.01653368541 
2 801.780199116 2.20274218048 2.52523540674 
3 798.500367243 3.25117264058 4.75663681989 
4 793.698534648 4.76953667627 8.04010537838 
5 786.737159119 6.9353107729 12.835706811 
6 776.786871209 9.95678300158 19.7645224927 
7 762.846707513 14.0390494872 29.6224197027 
8 743.851122085 19.3077801429 43.3492744754 
9 718.910782563 25.6832617906 61.9141323493 
10 687.689637164 32.7347544979 86.0837850414 
11 650.805564032 39.6097214974 116.092891173 
12 610.011148331 45.165276354 151.331752018 
13 567.927512819 48.3356537249 190.245010159 
14 527.369356253 48.560179953 230.578640497 
15 490.61313963 45.9885170853 269.906519988 
16 458.984761204 41.3409013969 306.182514102 
17 432.865712115 35.5658019822 338.076662606 
18 411.95850739 29.5241759664 365.025493347 
19 395.601730998 23.8261093578 387.080336347 
20 383.013814233 18.8108740816 404.683488388 
21 373.439139025 14.6043417732 418.464695905 
22 366.216668304 11.19536918 429.096139219 
23 360.800610271 8.50053791232 437.20702852 
24 356.756244618 6.40840468703 443.343527398 
25 353.745282707 4.80550257061 447.957391425 
26 351.508550857 3.58927232273 451.410353523 
27 349.849587622 2.67298339706 453.985605684 
28 348.620561631 1.98627372641 455.901341345 
29 347.710813103 1.47360343638 457.323760164 
30 347.037829469 1.09195260174 458.378394632 
31 346.540191113 0.80843045725 459.159555133 
32 346.172347578 0.598133781993 459.737695343 
33 345.900507016 0.442327937616 460.165341749 
34 345.699649814 0.326990571844 460.481536317 
35 345.55126084 0.241663840078 460.715252023 
36 345.441645143 0.178568102637 460.887963458 
37 345.360676787 0.131926867638 461.015573049 
38 345.300872381 0.0974577733297 461.109846549 
39 345.256701821 0.0719889809811 461.179485901 
40 345.224078923 0.0531728682992 461.230924912 
41 345.199985301 0.0392731216946 461.26891828 
42 345.182191454 0.0290060468031 461.296979202 
43 345.169050151 0.0214225675633 461.317703985 
44 345.1593449 0.0158214325434 461.333010371 
45 345.152177407 0.0116846232358 461.344314673 
46 345.146884088 0.00862936687987 461.352663248 
47 345.142974982 0.00637298363821 461.358828737 
48 345.140088209 0.0047066577887 461.363381836 
49 345.137956042 0.0034758871763 461.366744774 
50 345.136381419 0.00256694013443 461.369228344 
51 345.135218637 0.00189571939214 461.371062347 
52 345.134359847 0.00139997553959 461.372416881 
53 345.13372564 0.00103387257768 461.37341719 
54 345.133257303 0.000763517859077 461.374155883 
55 345.132911423 0.000563853212839 461.374701427 
56 345.13265599 0.000416399981075 461.375104313 
57 345.132467374 0.000307518161337 461.375401811 
58 345.132328088 0.000227112565014 461.375621502 
59 345.132225055 0.000167634648258 461.375784013 
60 345.132149065 0.000123767802405 461.37590387 
61 345.132093023 9.14164908019e-05 461.375992263 
62 345.132051675 6.75474466905e-05 461.376057481 
63 345.132021103 4.98992680978e-05 461.376105701 
64 345.131998522 3.68639008154e-05 461.376141317 
65 345.131981906 2.72719972498e-05 461.376167525 
66 345.131969645 2.01940861352e-05 461.376186864 
67 345.131960593 1.49685967539e-05 461.376201141 
68 345.131953751 1.10186612386e-05 461.376211934 
69 345.131948684 8.09344961493e-06 461.376219926 
70 345.131944889 5.90297585881e-06 461.376225911 
