Time S I R
0  848.406603606 1 0
1 726.415135834 105.629908128 17.3615596446 
2 62.1366726332 494.922844552 292.347086421 
3 5.05898132093 271.491378685 572.8562436 
4 1.41495515973 132.64063492 715.351013526 
5 0.762285761744 64.1100435262 784.534274318 
6 0.565532750119 30.9117289713 817.929341885 
7 0.489730729348 14.8923684786 834.024504398 
8 0.456931326551 7.17230348415 841.777368796 
9 0.441928902985 3.45373310431 845.510941599 
10 0.434881674899 1.6629874846 847.308734447 
11 0.431528653862 0.800709134094 848.174365818 
12 0.429923459795 0.385525794408 848.591154352 
13 0.429152724613 0.185621893321 848.791828988 
14 0.428782127132 0.0893724222091 848.888449057 
15 0.428603807834 0.0430305701755 848.934969228 
16 0.42851797808 0.0207181174951 848.957367511 
17 0.428476659392 0.00997523871324 848.968151708 
18 0.42845676683 0.00480279251662 848.973344047 
19 0.42844718983 0.00231250290789 848.975843914 
20 0.428442578534 0.00111341651076 848.977047611 
21 0.428440358302 0.000536079434609 848.977627169 
22 0.42843928929 0.000258098322031 848.977906219 
23 0.428438774606 0.000124262039454 848.97804057 
24 0.428438526638 5.97812677371e-05 848.978105299 
25 0.428438407487 2.87977481337e-05 848.978136401 
26 0.428438350131 1.38829726048e-05 848.978151373 
27 0.428438322599 6.72369568392e-06 848.97815856 
28 0.428438309172 3.23210917749e-06 848.978162065 
29 0.428438302614 1.52673747693e-06 848.978163777 
30 0.428438299512 7.20200500536e-07 848.978164587 
31 0.428438298117 3.57583230866e-07 848.978164951 
32 0.428438297432 1.79405816076e-07 848.97816513 
33 0.428438297082 8.84629901704e-08 848.978165221 
34 0.428438296909 4.35046106986e-08 848.978165266 
35 0.428438296788 1.19103594448e-08 848.978165298 
36 0.428438296687 -1.44449060794e-08 848.978165324 
37 0.428438296634 -2.8275609401e-08 848.978165338 
38 0.428438296629 -2.95817505199e-08 848.978165339 
39 0.428438296658 -2.18673876691e-08 848.978165332 
40 0.428438296647 -2.47465662631e-08 848.978165335 
41 0.428438296648 -2.44253018918e-08 848.978165334 
42 0.428438296662 -2.0903594555e-08 848.978165331 
43 0.428438296688 -1.41814442527e-08 848.978165324 
44 0.428438296701 -1.08840264498e-08 848.978165321 
45 0.428438296709 -8.69059168913e-09 848.978165318 
46 0.428438296717 -6.49715692845e-09 848.978165316 
47 0.428438296726 -4.30372216777e-09 848.978165314 
48 0.428438296731 -2.97401461753e-09 848.978165313 
49 0.428438296731 -2.9075688622e-09 848.978165313 
50 0.428438296732 -2.84112310686e-09 848.978165313 
51 0.428438296732 -2.77467735153e-09 848.978165312 
52 0.428438296732 -2.70823159619e-09 848.978165312 
53 0.428438296732 -2.64178584085e-09 848.978165312 
54 0.428438296733 -2.57534008552e-09 848.978165312 
55 0.428438296733 -2.50889433018e-09 848.978165312 
56 0.428438296733 -2.44244857485e-09 848.978165312 
57 0.428438296733 -2.37600281951e-09 848.978165312 
58 0.428438296734 -2.30955706418e-09 848.978165312 
59 0.428438296734 -2.24311130884e-09 848.978165312 
60 0.428438296734 -2.17666555351e-09 848.978165312 
61 0.428438296734 -2.11021979817e-09 848.978165312 
62 0.428438296734 -2.04377404284e-09 848.978165312 
63 0.428438296735 -1.9773282875e-09 848.978165312 
64 0.428438296735 -1.91088253217e-09 848.978165312 
65 0.428438296735 -1.84443677683e-09 848.978165312 
66 0.428438296736 -1.7779910215e-09 848.978165311 
67 0.428438296736 -1.71154526616e-09 848.978165311 
68 0.428438296736 -1.64509951083e-09 848.978165311 
69 0.428438296736 -1.57865375549e-09 848.978165311 
70 0.428438296737 -1.51220800015e-09 848.978165311 
