Time S I R
0 824.177420186 1 0
1 648.981725055 159.108205997 17.0874891343
2 24.700609229 549.68099182 250.795819136
3 1.05212143217 347.663203392 476.462095362
4 0.152140686969 210.276798299 614.7484812
5 0.0473136924351 126.870936275 698.259170218
6 0.0233805529446 76.5192709167 748.634768716
7 0.0152915712441 46.1463264624 779.015802152
8 0.0118351107774 27.8282901998 797.337294875
9 0.0101403929908 16.7813942373 808.385885556
10 0.00923816803061 10.1196589441 815.048523074
11 0.00873335044912 6.1024089034 819.066277932
12 0.00844237247986 3.6798966164 821.489081197
13 0.00827161553173 2.21906105678 822.950087514
14 0.00817031984582 1.33814308432 823.831106782
15 0.00810983697977 0.806929442567 824.362380906
16 0.00807358117504 0.486595832552 824.682750772
17 0.00805179656584 0.293427756206 824.875940633
18 0.00803868840524 0.176943225399 824.992438272
19 0.00803079420712 0.106700446764 825.062688945
20 0.00802603759587 0.0643426366432 825.105051512
21 0.00802317062119 0.0387999795675 825.130597036
22 0.00802144226907 0.023397208144 825.146001535
23 0.0080204002162 0.0141090108628 825.155290775
24 0.00801977190201 0.00850803251101 825.160892381
25 0.00801939303915 0.00513052401918 825.164270269
26 0.00801916458227 0.00309378916173 825.166307232
27 0.00801902683543 0.00186572027653 825.167535439
28 0.00801894375945 0.00112505405627 825.168276188
29 0.00801889366562 0.000678438142087 825.168722854
30 0.00801886345585 0.000409098039137 825.168992224
31 0.00801884523003 0.000246602504972 825.169154738
32 0.00801883425231 0.00014872889113 825.169252623
33 0.00801882763187 8.97028967087e-05 825.169311655
34 0.00801882364806 5.41845457537e-05 825.169347178
35 0.00801882123892 3.27053087198e-05 825.169368659
36 0.00801881976895 1.95985711933e-05 825.169381768
37 0.00801881888958 1.17587441356e-05 825.169389608
38 0.00801881835889 7.02864857474e-06 825.169394339
39 0.00801881805251 4.2971649546e-06 825.169397071
40 0.0080188178697 2.66706198367e-06 825.169398701
41 0.00801881775567 1.64990072846e-06 825.169399718
42 0.00801881768405 1.01135292049e-06 825.169400357
43 0.00801881763994 6.18235483655e-07 825.16940075
44 0.00801881761299 3.79240845573e-07 825.169400989
45 0.00801881759674 2.33362487213e-07 825.169401135
46 0.00801881758662 1.43602901088e-07 825.169401225
47 0.00801881758048 8.82197708792e-08 825.16940128
48 0.00801881757661 5.41141292331e-08 825.169401314
49 0.00801881757423 3.31705943975e-08 825.169401335
50 0.0080188175715 7.83693825704e-09 825.16940136
51 0.00801881756934 -1.14602730472e-08 825.16940138
52 0.00801881756774 -2.45312831121e-08 825.169401393
53 0.00801881756706 -3.13760919377e-08 825.1694014
54 0.00801881756695 -3.19946995239e-08 825.1694014
55 0.00801881756752 -2.63871058707e-08 825.169401395
56 0.00801881756786 -2.41273725402e-08 825.169401392
57 0.00801881756752 -2.5988389237e-08 825.169401394
58 0.00801881756752 -2.62693807191e-08 825.169401395
59 0.00801881756763 -2.49703469866e-08 825.169401393
60 0.00801881756797 -2.20912880394e-08 825.16940139
61 0.00801881756854 -1.76322038776e-08 825.169401386
62 0.00801881756911 -1.27913083916e-08 825.169401381
63 0.00801881756922 -1.12271069808e-08 825.16940138
64 0.00801881756945 -9.66290557007e-09 825.169401378
65 0.00801881756956 -8.0987041593e-09 825.169401376
66 0.00801881756979 -6.53450274854e-09 825.169401375
67 0.0080188175699 -4.97030133778e-09 825.169401373
68 0.00801881757002 -3.40609992702e-09 825.169401372
69 0.00801881757002 -3.05501399697e-09 825.169401371
70 0.00801881757013 -3.00810753397e-09 825.169401371
