Time S I R
0  939.301854325 1 0
1 584.101054886 299.720186051 56.4806133884 
2 13.1262449086 419.448154088 507.727455329 
3 1.53326264111 175.751161697 763.017429988 
4 0.633681105741 71.5850723383 868.083100881 
5 0.442444382141 29.0606959021 910.798714041 
6 0.382422103739 11.7875032009 928.131929021 
7 0.360466065469 4.77983621882 935.161552041 
8 0.35192676907 1.93801454257 938.011913014 
9 0.348522442249 0.785746777799 939.167585105 
10 0.347151611823 0.318566995771 939.636135718 
11 0.346597372857 0.129156353546 939.826100599 
12 0.346372920892 0.0523636437486 939.903117761 
13 0.346281963175 0.0212296740363 939.934342688 
14 0.346245093212 0.00860709519009 939.947002137 
15 0.346230146123 0.00348951574421 939.952134664 
16 0.346224086679 0.00141482172573 939.954215417 
17 0.346221629817 0.00057360631777 939.955059089 
18 0.346220633445 0.000232452384744 939.95540124 
19 0.346220229888 9.42755206451e-05 939.95553982 
20 0.346220066502 3.83329340447e-05 939.955595926 
21 0.346219999734 1.547175383e-05 939.955618854 
22 0.346219972575 6.17251532628e-06 939.95562818 
23 0.346219962223 2.62810660891e-06 939.955631735 
24 0.346219957772 1.10396392403e-06 939.955633264 
25 0.346219955892 4.60395882006e-07 939.955633909 
26 0.346219955111 1.92735860543e-07 939.955634178 
27 0.346219954784 8.08979340974e-08 939.95563429 
28 0.346219954644 3.28558611079e-08 939.955634338 
29 0.346219954521 -9.32854507601e-09 939.95563438 
30 0.346219954459 -3.03424907145e-08 939.955634401 
31 0.34621995446 -3.01859758075e-08 939.955634401 
32 0.346219954473 -2.57712901721e-08 939.955634397 
33 0.346219954469 -2.70600340132e-08 939.955634398 
34 0.346219954481 -2.28882459361e-08 939.955634394 
35 0.346219954507 -1.3919816706e-08 939.955634385 
36 0.346219954516 -1.08889481461e-08 939.955634382 
37 0.346219954525 -7.85807958631e-09 939.955634379 
38 0.346219954534 -4.82721102648e-09 939.955634376 
39 0.346219954538 -3.30938061288e-09 939.955634374 
40 0.346219954538 -3.21663272712e-09 939.955634374 
41 0.346219954539 -3.12388484136e-09 939.955634374 
42 0.346219954539 -3.0311369556e-09 939.955634374 
43 0.346219954539 -2.93838906984e-09 939.955634374 
44 0.346219954539 -2.84564118408e-09 939.955634374 
45 0.34621995454 -2.75289329833e-09 939.955634374 
46 0.34621995454 -2.66014541257e-09 939.955634374 
47 0.34621995454 -2.56739752681e-09 939.955634373 
48 0.34621995454 -2.47464964105e-09 939.955634373 
49 0.346219954541 -2.38190175529e-09 939.955634373 
50 0.346219954541 -2.28915386953e-09 939.955634373 
51 0.346219954541 -2.19640598377e-09 939.955634373 
52 0.346219954542 -2.10365809801e-09 939.955634373 
53 0.346219954542 -2.01091021225e-09 939.955634373 
54 0.346219954542 -1.91816232649e-09 939.955634373 
55 0.346219954542 -1.82541444073e-09 939.955634373 
56 0.346219954543 -1.73266655497e-09 939.955634373 
57 0.346219954543 -1.63991866921e-09 939.955634373 
58 0.346219954543 -1.54717078345e-09 939.955634372 
59 0.346219954543 -1.45442289769e-09 939.955634372 
60 0.346219954544 -1.36167501193e-09 939.955634372 
61 0.346219954544 -1.26892712617e-09 939.955634372 
62 0.346219954544 -1.17617924041e-09 939.955634372 
63 0.346219954544 -1.08343135465e-09 939.955634372 
64 0.346219954545 -9.9068346889e-10 939.955634372 
65 0.346219954545 -8.9793558313e-10 939.955634372 
66 0.346219954545 -8.0518769737e-10 939.955634372 
67 0.346219954546 -7.1243981161e-10 939.955634372 
68 0.346219954546 -6.19691925851e-10 939.955634372 
69 0.346219954546 -5.26944040091e-10 939.955634371 
70 0.346219954546 -4.34196154331e-10 939.955634371 
