Time S I R
0  874.282634864 1 0
1 251.101800449 509.892552604 114.288281811 
2 2.28005617185 327.986426265 545.016152427 
3 0.270218454809 134.592779614 740.419636795 
4 0.113024538267 54.883819216 820.285791109 
5 0.0792227181411 22.3635662247 852.839845921 
6 0.0685437006816 9.11072878557 866.103362377 
7 0.0646177730754 3.71139015009 871.50662694 
8 0.0630837288035 1.51185223199 873.707698903 
9 0.0624693237312 0.615854099057 874.604311441 
10 0.0622207649203 0.250867610124 874.969546489 
11 0.0621197984836 0.102190449113 875.118324616 
12 0.0620787170171 0.0416270809368 875.178929066 
13 0.0620619903539 0.0169567019533 875.203616171 
14 0.0620551780794 0.00690727926978 875.213672406 
15 0.0620524033632 0.00281371984774 875.21776874 
16 0.0620512730922 0.00114616965305 875.219437421 
17 0.0620508126168 0.000466796791608 875.220117254 
18 0.0620506251121 0.000190156191335 875.220394082 
19 0.0620505487291 7.74618528303e-05 875.220506853 
20 0.0620505176557 3.16167098248e-05 875.220552729 
21 0.062050504977 1.29109025577e-05 875.220571448 
22 0.0620504998135 5.29246873388e-06 875.220579071 
23 0.0620504976586 2.11321663432e-06 875.220582253 
24 0.0620504967959 8.40542850635e-07 875.220583526 
25 0.0620504964668 3.5489092841e-07 875.220584012 
26 0.0620504963289 1.51533616634e-07 875.220584216 
27 0.0620504962691 6.30992688878e-08 875.220584304 
28 0.0620504962393 1.91758293342e-08 875.220584348 
29 0.0620504962152 -1.64208953316e-08 875.220584384 
30 0.0620504962053 -3.09130510234e-08 875.220584398 
31 0.0620504962098 -2.43006377411e-08 875.220584392 
32 0.0620504962086 -2.60547603656e-08 875.220584393 
33 0.0620504962089 -2.546666069e-08 875.220584393 
34 0.062050496213 -1.93414825283e-08 875.220584387 
35 0.0620504962177 -1.27402815435e-08 875.22058438 
36 0.0620504962197 -9.65169209567e-09 875.220584377 
37 0.0620504962219 -6.56310264781e-09 875.220584374 
38 0.0620504962239 -3.47451319995e-09 875.220584371 
39 0.0620504962241 -3.34345745958e-09 875.220584371 
40 0.0620504962242 -3.24672573255e-09 875.220584371 
41 0.0620504962243 -3.14999400552e-09 875.220584371 
42 0.0620504962243 -3.0532622785e-09 875.22058437 
43 0.0620504962243 -2.95653055147e-09 875.22058437 
44 0.0620504962244 -2.85979882444e-09 875.22058437 
45 0.0620504962244 -2.76306709742e-09 875.22058437 
46 0.0620504962245 -2.66633537039e-09 875.22058437 
47 0.0620504962245 -2.56960364336e-09 875.22058437 
48 0.0620504962247 -2.47287191634e-09 875.22058437 
49 0.0620504962247 -2.37614018931e-09 875.22058437 
50 0.0620504962249 -2.27940846229e-09 875.22058437 
51 0.0620504962249 -2.18267673526e-09 875.22058437 
52 0.0620504962249 -2.08594500823e-09 875.220584369 
53 0.062050496225 -1.98921328121e-09 875.220584369 
54 0.062050496225 -1.89248155418e-09 875.220584369 
55 0.0620504962252 -1.79574982715e-09 875.220584369 
56 0.0620504962252 -1.69901810013e-09 875.220584369 
57 0.0620504962253 -1.6022863731e-09 875.220584369 
58 0.0620504962253 -1.50555464607e-09 875.220584369 
59 0.0620504962253 -1.40882291905e-09 875.220584369 
60 0.0620504962254 -1.31209119202e-09 875.220584369 
61 0.0620504962254 -1.21535946499e-09 875.220584369 
62 0.0620504962257 -1.11862773797e-09 875.220584369 
63 0.0620504962257 -1.02189601094e-09 875.220584368 
64 0.0620504962258 -9.25164283914e-10 875.220584368 
65 0.0620504962258 -8.28432556887e-10 875.220584368 
66 0.0620504962259 -7.31700829861e-10 875.220584368 
67 0.0620504962259 -6.34969102834e-10 875.220584368 
68 0.0620504962259 -5.38237375808e-10 875.220584368 
69 0.0620504962261 -4.41505648781e-10 875.220584368 
70 0.0620504962261 -3.44773921755e-10 875.220584368 
