Time S I R
0 855.569728464 1 0
1 854.582518683 1.10152691715 0.885682864194
2 853.497016242 1.21198066873 1.86073155328
3 852.305006025 1.33184240099 2.93288003757
4 850.997925901 1.46154991125 4.11025265197
5 849.566935459 1.60147777383 5.40131523151
6 848.002992893 1.75191674592 6.81481882526
7 846.296967187 1.91304706801 8.35971420934
8 844.439770157 2.08491076428 10.0450475431
9 842.422515214 2.267381495 11.8798317544
10 840.236704493 2.46013285852 13.8728911119
11 837.874443137 2.66260637732 16.0326789498
12 835.328678892 2.8739806853 18.3670688871
13 832.593462733 3.09314388745 20.8831218438
14 829.664225188 3.31867136797 23.5868319077
15 826.538053794 3.54881148957 26.4828631804
16 823.214025265 3.78147675077 29.5742264477
17 819.693400294 4.01426126556 32.8620669039
18 815.97990268 4.244460295 36.3453654884
19 812.079906278 4.46911230844 40.020709877
20 808.002572161 4.6850578836 43.8820984198
21 803.759900471 4.88901803004 47.9208099632
22 799.366702389 5.07768541736 52.1253406579
23 794.840494317 5.24782568742 56.4814084595
24 790.201236168 5.39639744187 60.9720948541
25 785.471051784 5.5206535573 65.5780231228
26 780.673808349 5.61825446258 70.2776656524
27 775.834646862 5.68735824282 75.0477233586
28 770.979451986 5.72669590254 79.8635805752
29 766.134289333 5.73562372103 84.6998154101
30 761.324851644 5.71414308528 89.5307337347
31 756.575922926 5.66289506043 94.3309104775
32 751.910880438 5.58312603377 99.075721992
33 747.35126782 5.47662635716 103.741834287
34 742.916453978 5.3456524866 108.307621999
35 738.623371676 5.19282653348 112.753530255
36 734.486360686 5.02104115211 117.062326626
37 730.517079945 4.83334553572 121.219302983
38 726.724528888 4.63285205244 125.212347523
39 723.115117443 4.42263983968 129.031971181
40 719.692819677 4.20567431085 132.671234476
41 716.459347375 3.98474565465 136.125635434
42 713.414391256 3.76241345119 139.392923757
43 710.555845557 3.54097653477 142.472906372
44 707.880070717 3.3224491172 145.36720863
45 705.382144372 3.10855538994 148.079028702
46 703.056093982 2.90073004857 150.612904433
47 700.895138305 2.70013230832 152.97445785
48 698.891882721 2.50766100638 155.170184737
49 697.03851591 2.32397854522 157.207234009
50 695.326970336 2.14953561972 159.093222508
51 693.749064677 1.98459580902 160.836067978
52 692.296624573 1.82926399853 162.443839893
53 690.961580813 1.6835090778 163.924638573
54 689.736051038 1.54718847579 165.28648895
55 688.612399118 1.42007234203 166.537257004
56 687.583282265 1.3018599906 167.684586208
57 686.641694913 1.19219635963 168.735837191
58 685.780978711 1.09068928355 169.69806047
59 684.994847979 0.99692268529 170.5779578
60 684.2773859 0.910464802901 171.381877761
61 683.62304859 0.830878371064 172.115801503
62 683.02666033 0.757728190968 172.785339943
63 682.483401076 0.690585436447 173.395741951
64 681.988798213 0.629033599807 173.951896651
65 681.538708139 0.57267064855 174.458349676
66 681.12930252 0.521111903497 174.919314041
67 680.757050513 0.473991703988 175.338686247
68 680.418702103 0.43096437622 175.720061984
69 680.111266803 0.391703512715 176.066758148
70 679.832004144 0.355904631947 176.381819688
