Time S I R
0  981.006810768 1 0
1 579.282018078 346.975693838 55.749098852 
2 9.34596068387 480.173462412 492.487387672 
3 0.775050911959 225.241564671 755.990195185 
4 0.244580271004 103.68823646 878.073994036 
5 0.143899681008 47.646419936 934.216491151 
6 0.112775658087 21.8850010578 960.009034052 
7 0.100831878947 10.0507564908 971.855222398 
8 0.0957793722528 4.61557277967 977.295458616 
9 0.0935447787868 2.11953932646 979.793726662 
10 0.0925361734598 0.973312612529 980.940961982 
11 0.0920766654465 0.446952213479 981.467781889 
12 0.0918664216016 0.205243180938 981.709701165 
13 0.091770037244 0.0942487470583 981.820791983 
14 0.0917258109796 0.0432795225158 981.871805434 
15 0.0917055091937 0.0198741816039 981.895231077 
16 0.0916961880151 0.0091263267055 981.905988253 
17 0.0916919079765 0.00419082955095 981.91092803 
18 0.0916899427197 0.00192452967408 981.913196295 
19 0.0916890402094 0.000883754303257 981.914237973 
20 0.0916886256905 0.000405727320004 981.914716415 
21 0.0916884354345 0.000186321730441 981.91493601 
22 0.0916883480559 8.55554575921e-05 981.915036864 
23 0.0916883079996 3.93620024158e-05 981.915083098 
24 0.0916882895577 1.80945932682e-05 981.915104383 
25 0.0916882811143 8.35746202409e-06 981.915114129 
26 0.0916882771834 3.82444157849e-06 981.915118666 
27 0.0916882753618 1.72375436765e-06 981.915120768 
28 0.0916882745398 7.75778506044e-07 981.915121717 
29 0.0916882741877 3.69668032815e-07 981.915122124 
30 0.0916882740208 1.77221050978e-07 981.915122316 
31 0.0916882739392 8.30295600949e-08 981.915122411 
32 0.091688273901 3.90611590462e-08 981.915122455 
33 0.0916882738672 -6.14830490225e-11 981.915122494 
34 0.0916882738463 -2.41399517915e-08 981.915122518 
35 0.09168827384 -3.1531061264e-08 981.915122525 
36 0.0916882738477 -2.25003630137e-08 981.915122516 
37 0.0916882738441 -2.67265454211e-08 981.91512252 
38 0.0916882738443 -2.65183786869e-08 981.91512252 
39 0.0916882738483 -2.18758628112e-08 981.915122516 
40 0.0916882738545 -1.45214637466e-08 981.915122508 
41 0.091688273857 -1.16694390324e-08 981.915122505 
42 0.0916882738595 -8.81741431833e-09 981.915122503 
43 0.091688273862 -5.96538960422e-09 981.9151225 
44 0.091688273864 -3.64708569691e-09 981.915122497 
45 0.0916882738641 -3.55631809552e-09 981.915122497 
46 0.0916882738641 -3.46555049413e-09 981.915122497 
47 0.0916882738642 -3.37478289274e-09 981.915122497 
48 0.0916882738643 -3.28401529135e-09 981.915122497 
49 0.0916882738643 -3.19324768996e-09 981.915122497 
50 0.0916882738644 -3.10248008857e-09 981.915122497 
51 0.0916882738644 -3.01171248718e-09 981.915122497 
52 0.0916882738645 -2.92094488579e-09 981.915122497 
53 0.0916882738647 -2.83017728439e-09 981.915122497 
54 0.0916882738647 -2.739409683e-09 981.915122496 
55 0.0916882738649 -2.64864208161e-09 981.915122496 
56 0.0916882738649 -2.55787448022e-09 981.915122496 
57 0.091688273865 -2.46710687883e-09 981.915122496 
58 0.0916882738651 -2.37633927744e-09 981.915122496 
59 0.0916882738651 -2.28557167605e-09 981.915122496 
60 0.0916882738652 -2.19480407466e-09 981.915122496 
61 0.0916882738652 -2.10403647327e-09 981.915122496 
62 0.0916882738653 -2.01326887188e-09 981.915122496 
63 0.0916882738654 -1.92250127049e-09 981.915122496 
64 0.0916882738655 -1.8317336691e-09 981.915122496 
65 0.0916882738657 -1.74096606771e-09 981.915122495 
66 0.0916882738657 -1.65019846632e-09 981.915122495 
67 0.0916882738658 -1.55943086493e-09 981.915122495 
68 0.0916882738658 -1.46866326354e-09 981.915122495 
69 0.0916882738659 -1.37789566215e-09 981.915122495 
70 0.091688273866 -1.28712806076e-09 981.915122495 
