Time S I R
0 890.323529299 1 0
1 879.021393045 11.8451460441 0.456990209885
2 763.129182148 122.680076526 5.51427062531
3 301.282589707 551.282467722 38.7584718699
4 41.6116826419 740.14011872 109.571727938
5 5.04412082671 701.226224393 185.05318408
6 0.723046830793 636.061441805 254.539040663
7 0.124868301633 573.850833413 317.347827585
8 0.0256728047816 517.312935208 373.984921286
9 0.00615459420328 466.279960816 425.03741389
10 0.00170629499507 420.269084333 471.052738672
11 0.00053026958733 378.7958171 512.52718193
12 0.000171104753917 341.414496352 549.908861842
13 3.68686138472e-05 307.721638905 583.601853525
14 4.08612602314e-05 277.353833428 613.96965501
15 3.05286660023e-05 249.982949959 641.340548812
16 7.27792757971e-06 225.313198479 666.010323542
17 1.65330592381e-05 203.077992343 688.245520423
18 1.89605332253e-05 183.037182472 708.286327867
19 1.09913812594e-05 164.974154102 726.349364206
20 3.59707019015e-06 148.693601389 742.629924313
21 5.64846243378e-06 134.019690795 757.303832856
22 5.0868670769e-06 120.793889898 770.529634314
23 3.18130742016e-06 108.873284412 782.450241706
24 2.18237744321e-06 98.1290692107 793.194457906
25 3.27040265802e-06 88.4451640538 802.878361975
26 3.43166129824e-06 79.7168938015 811.606632066
27 3.37646099524e-06 71.8499424729 819.47358345
28 2.79495372979e-06 64.7593812081 826.564145296
29 2.45827561685e-06 58.3685585112 832.95496833
30 2.25404801313e-06 52.608426483 838.715100562
31 1.96393796159e-06 47.4167338551 843.90679348
32 1.57997624228e-06 42.7373809299 848.586146789
33 1.41251814512e-06 38.5198180137 852.803709873
34 1.30987712055e-06 34.7184675701 856.605060419
35 1.19731748782e-06 31.2922539755 860.031274127
36 1.09216409783e-06 28.2041577336 863.119370474
37 9.85344172477e-07 25.4208038664 865.902724448
38 9.08539732336e-07 22.9121321031 868.411396288
39 8.67597123033e-07 20.6510326821 870.67249575
40 8.30918565953e-07 18.6130721849 872.710456284
41 7.84987150837e-07 16.7762292437 874.547299271
42 7.43597183828e-07 15.1206542519 876.202874304
43 7.13657982487e-07 13.628462693 877.695065893
44 6.88761701895e-07 12.2835264179 879.040002193
45 6.66064806865e-07 11.0713199638 880.25220867
46 6.46241005597e-07 9.97873857093 881.344790082
47 6.28560769655e-07 8.99398114481 882.329547526
48 6.12744656792e-07 8.10640254339 883.217126143
49 5.99156123826e-07 7.30641735557 884.017111345
50 5.87387035011e-07 6.58537786845 884.738150844
51 5.76868956159e-07 5.93549590781 885.388032815
52 5.67446591049e-07 5.34974723563 885.973781496
53 5.59104364584e-07 4.82180398041 886.50172476
54 5.51724383513e-07 4.34596076576 886.977567982
55 5.45156012777e-07 3.91707649111 887.406452263
56 5.39295569979e-07 3.53051727402 887.793011486
57 5.34067112312e-07 3.18210558365 888.141423182
58 5.29398676008e-07 2.86807757031 888.4554512
59 5.25225800629e-07 2.58503904574 888.738489728
60 5.21493461747e-07 2.32993297035 888.993595808
61 5.181520919e-07 2.10000162628 889.223527155
62 5.15158717462e-07 1.89276178877 889.430766995
63 5.12475480718e-07 1.70597310072 889.617555686
64 5.10069298798e-07 1.53761816016 889.785910629
65 5.07910044689e-07 1.38587710545 889.937651686
66 5.05971684106e-07 1.24911096919 890.074417824
67 5.04231024934e-07 1.12584152757 890.197687268
68 5.02667262481e-07 1.01473712311 890.308791674
69 5.01262093167e-07 0.914597085341 890.408931713
70 4.99998805026e-07 0.824339431554 890.499189368
