Time S I R
0  979.103752784 1 0
1 748.528300713 204.259086134 27.3163659371 
2 24.4903819675 580.41000874 375.203362077 
3 1.46619870308 317.002051137 661.635502944 
4 0.328929346368 166.080001188 813.69482225 
5 0.15055560632 86.7410433542 893.212153824 
6 0.100107859695 45.2751403117 934.728504613 
7 0.0809033529454 23.6268975334 956.395951898 
8 0.0723920268048 12.3286831507 967.702677607 
9 0.0683128646695 6.43294949058 973.602490429 
10 0.0662765283528 3.3565679658 976.68090829 
11 0.06523824315 1.75136497238 978.287149569 
12 0.0647029717487 0.913809701776 979.125240111 
13 0.0644254298905 0.476797290891 979.562530064 
14 0.0642810904143 0.248777574716 979.790694119 
15 0.0642059071017 0.12980402134 979.909742856 
16 0.0641667138451 0.0677274890198 979.971858582 
17 0.0641462735953 0.0353379819807 980.004268529 
18 0.0641356111327 0.0184382016513 980.021178972 
19 0.0641300485105 0.00962044550152 980.03000229 
20 0.0641271462921 0.00501960392791 980.034606034 
21 0.0641256321366 0.00261915361447 980.037007999 
22 0.064124842061 0.00136659318269 980.038261349 
23 0.0641244298347 0.000713056656905 980.038915298 
24 0.06412421473 0.000372031824482 980.039256538 
25 0.0641241024975 0.000194099079654 980.039434583 
26 0.0641240439558 0.000101287113267 980.039527453 
27 0.0641240133683 5.27940112561e-05 980.039575977 
28 0.0641239974577 2.75694455191e-05 980.039601218 
29 0.0641239891511 1.43998904801e-05 980.039614395 
30 0.0641239848288 7.54765559494e-06 980.039621252 
31 0.064123982557 3.94594503229e-06 980.039624856 
32 0.0641239813442 2.0229809806e-06 980.03962678 
33 0.0641239807184 1.03090182562e-06 980.039627773 
34 0.0641239804088 5.3997724525e-07 980.039628264 
35 0.0641239802535 2.93847576586e-07 980.03962851 
36 0.0641239801681 1.58523341745e-07 980.039628646 
37 0.0641239801213 8.421768971e-08 980.03962872 
38 0.0641239800964 4.47850156322e-08 980.03962876 
39 0.0641239800783 1.61094520331e-08 980.039628788 
40 0.0641239800619 -9.736493819e-09 980.039628814 
41 0.0641239800522 -2.53529190579e-08 980.03962883 
42 0.0641239800487 -3.07398236836e-08 980.039628835 
43 0.0641239800518 -2.58972076962e-08 980.03962883 
44 0.0641239800532 -2.36852425522e-08 980.039628828 
45 0.0641239800522 -2.53718239521e-08 980.03962883 
46 0.0641239800526 -2.44243927733e-08 980.039628829 
47 0.064123980055 -2.0842949016e-08 980.039628825 
48 0.0641239800589 -1.46274926799e-08 980.039628819 
49 0.0641239800608 -1.1494378969e-08 980.039628816 
50 0.064123980062 -9.465591241e-09 980.039628814 
51 0.0641239800633 -7.43680351296e-09 980.039628812 
52 0.0641239800646 -5.40801578492e-09 980.03962881 
53 0.0641239800659 -3.37922805689e-09 980.039628808 
54 0.0641239800659 -3.06457868688e-09 980.039628807 
55 0.064123980066 -3.00253277341e-09 980.039628807 
56 0.064123980066 -2.94048685995e-09 980.039628807 
57 0.0641239800661 -2.87844094648e-09 980.039628807 
58 0.0641239800661 -2.81639503301e-09 980.039628807 
59 0.0641239800663 -2.75434911955e-09 980.039628807 
60 0.0641239800663 -2.69230320608e-09 980.039628807 
61 0.0641239800663 -2.63025729261e-09 980.039628807 
62 0.0641239800663 -2.56821137914e-09 980.039628807 
63 0.0641239800663 -2.50616546568e-09 980.039628807 
64 0.0641239800664 -2.44411955221e-09 980.039628807 
65 0.0641239800664 -2.38207363874e-09 980.039628807 
66 0.0641239800664 -2.32002772528e-09 980.039628807 
67 0.0641239800665 -2.25798181181e-09 980.039628807 
68 0.0641239800666 -2.19593589834e-09 980.039628807 
69 0.0641239800666 -2.13388998487e-09 980.039628806 
70 0.0641239800666 -2.07184407141e-09 980.039628806 
