Time S I R
0  830.571868876 1 0
1 786.085435869 40.9883804394 4.49805256767 
2 252.529193656 481.759850789 97.2828244308 
3 17.0177425821 496.877172581 317.676953713 
4 2.09508967278 340.639854326 488.836924877 
5 0.511551201227 227.010365965 604.04995171 
6 0.200353145607 150.714544002 680.656971728 
7 0.107563378293 99.9725749588 731.491730539 
8 0.0712022800526 66.2944748475 765.206191748 
9 0.0541597963939 43.9560566109 787.561652469 
10 0.0451752568009 29.1429193282 802.383774291 
11 0.0400563553083 19.3211221154 812.210690405 
12 0.0369864182171 12.8092126588 818.725669799 
13 0.0350820691668 8.49194963799 823.044837169 
14 0.0338739769018 5.62975107444 825.908243825 
15 0.0330960809476 3.73223326322 827.806539532 
16 0.0325902449972 2.47426800089 829.06501063 
17 0.0322591739172 1.64030205863 829.899307643 
18 0.032041548998 1.08742772796 830.452399599 
19 0.0318980861209 0.720902618249 830.819068172 
20 0.0318033327529 0.477917048444 831.062148495 
21 0.0317406719558 0.316831448515 831.223296756 
22 0.0316991995146 0.210040869435 831.330128807 
23 0.0316717355458 0.13924485546 831.400952285 
24 0.0316535416563 0.0923112030779 831.447904131 
25 0.0316414859585 0.0611969837413 831.479030406 
26 0.0316334962508 0.040570030581 831.499665349 
27 0.0316282006511 0.0268955568224 831.513345119 
28 0.0316246904724 0.0178301931977 831.522413992 
29 0.0316223636402 0.0118203772088 831.528426135 
30 0.0316208211807 0.00783622011928 831.532411835 
31 0.0316197986499 0.00519492654731 831.535054151 
32 0.0316191208341 0.0034440167509 831.536805738 
33 0.0316186714689 0.00228321189551 831.537966993 
34 0.0316183735578 0.00151363592566 831.538736867 
35 0.0316181760666 0.00100346444825 831.539247235 
36 0.0316180451395 0.000665243906105 831.539585587 
37 0.0316179583353 0.000441004349427 831.539809913 
38 0.0316179007934 0.000292356884756 831.539958618 
39 0.0316178626423 0.000193801346244 831.540057212 
40 0.0316178373569 0.00012848184796 831.540122557 
41 0.0316178205924 8.51742734726e-05 831.540165881 
42 0.0316178094597 5.64150891867e-05 831.540194651 
43 0.031617802098 3.73976226723e-05 831.540213676 
44 0.0316177972306 2.48235894704e-05 831.540226255 
45 0.0316177939949 1.64648988614e-05 831.540234617 
46 0.031617791853 1.09319458729e-05 831.540240152 
47 0.0316177904384 7.27771550182e-06 831.540243808 
48 0.0316177894944 4.83880679333e-06 831.540246248 
49 0.0316177888562 3.19008005267e-06 831.540247897 
50 0.0316177884287 2.08550267066e-06 831.540249002 
51 0.0316177881507 1.36745034462e-06 831.54024972 
52 0.0316177879673 8.94102516891e-07 831.540250194 
53 0.0316177878511 5.94060092354e-07 831.540250494 
54 0.0316177877777 4.04038315105e-07 831.540250684 
55 0.0316177877278 2.7514077446e-07 831.540250813 
56 0.0316177876932 1.85901913663e-07 831.540250902 
57 0.0316177876697 1.24920829626e-07 831.540250963 
58 0.0316177876538 8.38200258038e-08 831.540251005 
59 0.0316177876432 5.61774038237e-08 831.540251032 
60 0.031617787636 3.77177255515e-08 831.540251051 
61 0.0316177876284 1.83151523472e-08 831.54025107 
62 0.0316177876215 5.99561283275e-11 831.540251088 
63 0.031617787616 -1.39853624582e-08 831.540251102 
64 0.0316177876122 -2.38208034124e-08 831.540251112 
65 0.03161778761 -2.94463667342e-08 831.540251118 
66 0.0316177876094 -3.08620524236e-08 831.540251119 
67 0.0316177876106 -2.80678604807e-08 831.540251116 
68 0.0316177876128 -2.17470694189e-08 831.54025111 
69 0.0316177876119 -2.41739404422e-08 831.540251113 
70 0.0316177876115 -2.55086125301e-08 831.540251114 
