Time S I R
0  841.468747426 1 0
1 643.903996061 192.270085376 6.29466598853 
2 13.0818508213 731.439760738 97.9471358667 
3 0.126852953878 635.342133654 206.999760818 
4 0.00238045670017 542.070951425 300.395415544 
5 7.79244933256e-05 462.400571962 380.068097539 
6 0 394.437889627 448.030857799 
7 0 336.464160902 506.004586524 
8 0 287.011480868 555.457266558 
9 0 244.827088724 597.641658702 
10 0 208.842757406 633.62599002 
11 0 178.14743021 664.321317216 
12 0 151.963546938 690.505200488 
13 0 129.628556891 712.840190535 
14 0 110.575950766 731.89279666 
15 0 94.3237745263 748.144972899 
16 0 80.4602649015 762.008482524 
17 0 68.6343908916 773.834356534 
18 0 58.5466569596 783.922090466 
19 0 49.9416061705 792.527141255 
20 0 42.6013033861 799.86744404 
21 0 36.3398617399 806.128885686 
22 0 30.9987125514 811.470034874 
23 0 26.4425930903 816.026154336 
24 0 22.5561200754 819.91262735 
25 0 19.2408654116 823.227882014 
26 0 16.4128752238 826.055872202 
27 0 14.0005441713 828.468203255 
28 0 11.9427735575 830.525973868 
29 0 10.1874488036 832.281298622 
30 0 8.69011896637 833.778628459 
31 0 7.41286292931 835.055884497 
32 0 6.32333298225 836.145414444 
33 0 5.39394158223 837.074805844 
34 0 4.60115069789 837.867596728 
35 0 3.92488217242 838.543865253 
36 0 3.34801074373 839.120736682 
37 0 2.85592667057 839.612820755 
38 0 2.43616810467 840.032579321 
39 0 2.07810480691 840.390642619 
40 0 1.77266909914 840.696078327 
41 0 1.51212560075 840.956621825 
42 0 1.28987624557 841.17887118 
43 0 1.10029282333 841.368454602 
44 0 0.938573934987 841.530173491 
45 0 0.800624102466 841.668123323 
46 0 0.682949938681 841.785797487 
47 0 0.582571329664 841.886176096 
48 0 0.496946106655 841.971801319 
49 0 0.423905901264 842.044841525 
50 0 0.361601068976 842.107146357 
51 0 0.308453655302 842.160293771 
52 0 0.263117710896 842.205629715 
53 0 0.224445184796 842.244302241 
54 0 0.191456650534 842.277290775 
55 0 0.163316593935 842.305430832 
56 0 0.139312641609 842.329434784 
57 0 0.118836769686 842.349910656 
58 0 0.101370335654 842.36737709 
59 0 0.0864711215064 842.382276304 
60 0 0.0737617591736 842.394985667 
61 0 0.0629203948151 842.405827031 
62 0 0.0536724887921 842.415074937 
63 0 0.0457837984022 842.422963627 
64 0 0.0390545753724 842.42969285 
65 0 0.0333144187413 842.435433007 
66 0 0.0284179252593 842.440329501 
67 0 0.0242411102248 842.444506316 
68 0 0.020678200463 842.448069225 
69 0 0.0176389540576 842.451108472 
70 0 0.0150464176166 842.453701008 
