Time S I R
0 810.181610985 1 0
1 320.143437321 461.781852109 29.2563215547
2 1.0027309513 599.235280718 210.943599315
3 0.00862974390691 450.350251169 360.822730072
4 0.000238302958223 337.872024718 473.309347963
5 2.11736578422e-05 253.480704908 557.700884903
6 1.02598814919e-05 190.168073358 621.013527366
7 1.97969643523e-06 142.669444093 668.512164912
8 2.03699096346e-06 107.034552258 704.14705669
9 2.62712171661e-06 80.3003029032 730.881305454
10 2.53911900927e-06 60.2434103834 750.938198062
11 1.96344706183e-06 45.1962630486 765.985345973
12 1.19786955111e-06 33.9074704204 777.274139366
13 9.59873091233e-07 25.438312307 785.743297718
14 7.49991386328e-07 19.0845061931 792.097104042
15 6.60004275232e-07 14.3177163928 796.863893932
16 5.87809608987e-07 10.7415385102 800.440071887
17 5.40108089808e-07 8.05859654487 803.1230139
18 5.06147216583e-07 6.0457775943 805.135832884
19 4.82580617245e-07 4.5357066171 806.645903885
20 4.65547827844e-07 3.4028104772 807.778800042
21 4.53154257229e-07 2.55288128277 808.628729249
22 4.44075681116e-07 1.91524079032 809.26636975
23 4.37384755969e-07 1.43686565975 809.744744888
24 4.32431079389e-07 1.07797580826 810.103634744
25 4.28751718573e-07 0.808726791255 810.372883765
26 4.26011865784e-07 0.606728770017 810.574881789
27 4.23967662755e-07 0.455184436166 810.726426125
28 4.22440621151e-07 0.341491777114 810.840118785
29 4.21298750553e-07 0.256196408959 810.925414154
30 4.20444052907e-07 0.192205494921 810.989405069
31 4.19803882323e-07 0.144197670924 811.037412894
32 4.19324237555e-07 0.108181039579 811.073429526
33 4.18964873461e-07 0.0811603517893 811.100450214
34 4.18695321969e-07 0.0608886934008 811.120721873
35 4.18493300458e-07 0.0456803508352 811.135930215
36 4.1834186959e-07 0.0342706293451 811.147339937
37 4.18228182753e-07 0.025710759256 811.155899807
38 4.18142690251e-07 0.0192889085507 811.162321658
39 4.18078911935e-07 0.0144710663377 811.1671395
40 4.18030822402e-07 0.0108565867915 811.17075398
41 4.17994897361e-07 0.00814490541615 811.173465661
42 4.17967953581e-07 0.00611052855528 811.175500038
43 4.17947603637e-07 0.00458425810907 811.177026309
44 4.17932369601e-07 0.00343925249842 811.178171314
45 4.17921000917e-07 0.00258027897275 811.179030288
46 4.17912474404e-07 0.00193582197161 811.179674745
47 4.17906221628e-07 0.00145229843207 811.180158268
48 4.17901219407e-07 0.00108954008451 811.180521027
49 4.17897695115e-07 0.000817418394261 811.180793148
50 4.17895080318e-07 0.000613258230733 811.180997309
51 4.17893033955e-07 0.000460006400545 811.18115056
52 4.17891442339e-07 0.000345063844041 811.181265503
53 4.17890305471e-07 0.000258874839331 811.181351692
54 4.17889509663e-07 0.000194228582712 811.181416338
55 4.17888827542e-07 0.000145716559156 811.18146485
56 4.17888259108e-07 0.000109309796814 811.181501257
57 4.17887918047e-07 8.19985937306e-05 811.181528568
58 4.17887690674e-07 6.1548729871e-05 811.181549018
59 4.178874633e-07 4.62189907139e-05 811.181564348
60 4.178874633e-07 3.46951332441e-05 811.181575872
61 4.17887235926e-07 2.60357590316e-05 811.181584531
62 4.17887235926e-07 1.95312747417e-05 811.181591036
63 4.17887122239e-07 1.46698710055e-05 811.181595897
64 4.17887122239e-07 1.10250591609e-05 811.181599542
65 4.17887008552e-07 8.29293123699e-06 811.181602274
66 4.17887122239e-07 6.23849085987e-06 811.181604328
67 4.17887008552e-07 4.68304631074e-06 811.181605884
68 4.17886894866e-07 3.49838884601e-06 811.181607068
69 4.17887008552e-07 2.55162623936e-06 811.181608015
70 4.17887008552e-07 1.93797495884e-06 811.181608629
