Time S I R
0 881.591627328 1 0
1 817.380816024 52.0384817354 13.1723295679
2 204.291663051 423.614545497 254.68541878
3 26.9571213676 248.176948626 607.457557335
4 10.5219903826 100.74612802 771.323508925
5 7.24915451218 39.1224933621 836.219979453
6 6.27767335449 15.0320265714 861.281927402
7 5.94059711391 5.75616439172 870.894865822
8 5.81644423747 2.20151491039 874.57366818
9 5.76966008716 0.841615366821 875.980351874
10 5.75187613088 0.321685275755 876.518065921
11 5.74509339472 0.122947678341 876.723586255
12 5.74250318679 0.0469892419953 876.802134899
13 5.74151355175 0.0179586085874 876.832155167
14 5.74113537388 0.00686351252089 876.843628441
15 5.74099084841 0.00262318081927 876.848013298
16 5.74093561301 0.00100256223565 876.849689152
17 5.74091450145 0.000383140342934 876.850329686
18 5.74090643354 0.000146423857718 876.85057447
19 5.7409033494 5.593377474e-05 876.850668045
20 5.74090217308 2.14199116139e-05 876.850703735
21 5.74090172424 8.25074488376e-06 876.850717353
22 5.74090154831 3.08875439779e-06 876.850722691
23 5.74090148235 1.15352723373e-06 876.850724692
24 5.74090145892 4.65849767087e-07 876.850725403
25 5.74090144932 1.84398641945e-07 876.850725694
26 5.74090144551 7.25473443599e-08 876.85072581
27 5.7409014439 2.53121433186e-08 876.850725859
28 5.74090144258 -1.35638389977e-08 876.850725899
29 5.74090144201 -3.01037808106e-08 876.850725916
30 5.74090144221 -2.43076821201e-08 876.85072591
31 5.74090144218 -2.5100326281e-08 876.850725911
32 5.74090144221 -2.42812106393e-08 876.85072591
33 5.74090144243 -1.77002921182e-08 876.850725903
34 5.74090144265 -1.14593219282e-08 876.850725897
35 5.74090144275 -8.4569494382e-09 876.850725893
36 5.74090144285 -5.45457694818e-09 876.85072589
37 5.74090144293 -3.10105797781e-09 876.850725888
38 5.74090144294 -3.00960120299e-09 876.850725888
39 5.74090144294 -2.91814442817e-09 876.850725888
40 5.74090144294 -2.82668765334e-09 876.850725888
41 5.74090144294 -2.73523087852e-09 876.850725888
42 5.74090144295 -2.6437741037e-09 876.850725887
43 5.74090144295 -2.55231732888e-09 876.850725887
44 5.74090144295 -2.46086055405e-09 876.850725887
45 5.74090144296 -2.36940377923e-09 876.850725887
46 5.74090144296 -2.27794700441e-09 876.850725887
47 5.74090144296 -2.18649022959e-09 876.850725887
48 5.74090144297 -2.09503345477e-09 876.850725887
49 5.74090144297 -2.00357667994e-09 876.850725887
50 5.74090144297 -1.91211990512e-09 876.850725887
51 5.74090144298 -1.8206631303e-09 876.850725887
52 5.74090144298 -1.72920635548e-09 876.850725886
53 5.74090144298 -1.63774958065e-09 876.850725886
54 5.74090144298 -1.54629280583e-09 876.850725886
55 5.74090144299 -1.45483603101e-09 876.850725886
56 5.74090144299 -1.36337925619e-09 876.850725886
57 5.74090144299 -1.27192248137e-09 876.850725886
58 5.740901443 -1.18046570654e-09 876.850725886
59 5.740901443 -1.08900893172e-09 876.850725886
60 5.740901443 -9.97552156899e-10 876.850725886
61 5.74090144301 -9.06095382077e-10 876.850725886
62 5.74090144301 -8.14638607255e-10 876.850725886
63 5.74090144301 -7.23181832433e-10 876.850725885
64 5.74090144302 -6.31725057611e-10 876.850725885
65 5.74090144302 -5.40268282789e-10 876.850725885
66 5.74090144302 -4.48811507966e-10 876.850725885
67 5.74090144303 -3.57354733144e-10 876.850725885
68 5.74090144303 -2.65897958322e-10 876.850725885
69 5.74090144303 -1.744411835e-10 876.850725885
70 5.74090144303 -9.47148708151e-11 876.850725885
