Time S I R
0  945.533528877 1 0
1 629.701362157 306.970152127 9.8620145932 
2 5.3996874458 815.81763054 125.316210892 
3 0.034727452218 698.754504679 247.744296746 
4 0.000464898835844 594.491219177 352.041844801 
5 4.8020531267e-06 505.760085596 440.77343848 
6 2.21916411647e-06 430.272213158 516.2613135 
7 3.36165157933e-07 366.051467375 580.482061166 
8 0 311.415799316 635.117729562 
9 0 264.93497641 681.598552467 
10 0 225.391700804 721.141828074 
11 2.88473529508e-08 191.750553178 754.782975671 
12 0 163.130772512 783.402756365 
13 0 138.78247743 807.751051447 
14 0 118.068333843 828.465195035 
15 0 100.445904262 846.087624616 
16 0 85.4537331525 861.079795725 
17 0 72.6992518057 873.834277072 
18 0 61.8484490725 884.685079805 
19 0 52.6171941865 893.916334691 
20 0 44.7637604847 901.769768393 
21 0 38.082499015 908.451029862 
22 0 32.3984553487 914.135073529 
23 0 27.5627833247 918.970745553 
24 0 23.4488514809 923.084677397 
25 0 19.9489615476 926.58456733 
26 0 16.9714547543 929.562074123 
27 0 14.4383578432 932.095171034 
28 0 12.283342797 934.25018608 
29 0 10.4499764626 936.083552415 
30 0 8.8902489831 937.643279894 
31 0 7.56332181551 938.970207062 
32 0 6.43444779087 940.099081087 
33 0 5.47406494294 941.059463934 
34 0 4.65702589179 941.876502986 
35 0 3.96193507179 942.571593806 
36 0 3.37059095034 943.162937927 
37 0 2.86750850801 943.666020369 
38 0 2.43951468106 944.094014196 
39 0 2.07540155186 944.458127326 
40 0 1.76563447094 944.767894406 
41 0 1.50210223942 945.031426638 
42 0 1.27790396309 945.255624914 
43 0 1.08716862128 945.446360256 
44 0 0.924901659744 945.608627218 
45 0 0.786854219088 945.746674658 
46 0 0.669411232908 945.864117645 
47 0 0.569497302635 945.964031575 
48 0 0.484496151235 946.049032726 
49 0 0.412182037422 946.12134684 
50 0 0.350661244495 946.182867633 
51 0 0.298322787927 946.235206089 
52 0 0.25379619814 946.279732679 
53 0 0.215915511439 946.317613366 
54 0 0.183688741573 946.349840136 
55 0 0.156272005725 946.377256872 
56 0 0.132947349506 946.400581528 
57 0 0.11310406856 946.420424809 
58 0 0.0962225422925 946.437306335 
59 0 0.0818607347249 946.451668143 
60 0 0.0696424892343 946.463886388 
61 0 0.0592478712765 946.474281006 
62 0 0.0504047641706 946.483124113 
63 0 0.0428815342684 946.490647343 
64 0 0.0364811776397 946.4970477 
65 0 0.0310361320371 946.502492745 
66 0 0.0264037855158 946.507125092 
67 0 0.0224628520938 946.511066025 
68 0 0.0191101307999 946.514418747 
69 0 0.0162578141359 946.517271063 
70 0 0.0138312322888 946.519697645 
