Time S I R
0  963.088817475 1 0
1 277.885257117 631.094061587 55.1094987714 
2 0.606953034222 636.7310544 326.750810041 
3 0.0068133527742 438.196840228 525.885163894 
4 0.000296430193089 301.265778733 662.822742313 
5 4.0360282469e-05 207.120317911 756.968459204 
6 1.13693981802e-05 142.395446703 821.693359403 
7 5.2212266155e-06 97.8969587195 866.191853535 
8 2.84470331735e-06 67.3042092812 896.784605349 
9 1.78740299361e-06 46.2716787245 917.817136963 
10 1.34182448619e-06 31.8117836539 932.27703248 
11 1.09420182071e-06 21.8706093571 942.218207024 
12 9.37875142881e-07 15.0360496458 949.052766892 
13 8.43919906401e-07 10.3372813425 953.751535289 
14 7.84578105595e-07 7.10688271438 956.981933976 
15 7.46239379623e-07 4.88598234319 959.202834386 
16 7.2097748216e-07 3.35911297655 960.729703778 
17 7.04108060745e-07 2.30939055521 961.779426216 
18 6.92740059094e-07 1.58770624859 962.501110534 
19 6.85031182002e-07 1.09154809836 962.997268692 
20 6.79781237523e-07 0.750439395881 963.3383774 
21 6.761952136e-07 0.515927184192 963.572889615 
22 6.73740828461e-07 0.354699954218 963.734116847 
23 6.72058604323e-07 0.243856238224 963.844960565 
24 6.70904569233e-07 0.167651173017 963.921165631 
25 6.70112399348e-07 0.115260091064 963.973556714 
26 6.69568294143e-07 0.0792413357231 964.00957547 
27 6.69194378133e-07 0.0544784072597 964.034338399 
28 6.6893744588e-07 0.0374539097313 964.051362897 
29 6.68760890221e-07 0.0257495588872 964.063067248 
30 6.68639586365e-07 0.017702824127 964.071113983 
31 6.6855602654e-07 0.012170689191 964.076646118 
32 6.68498728373e-07 0.00836735064537 964.080449456 
33 6.68459165354e-07 0.00575255195982 964.083064255 
34 6.68432221573e-07 0.00395484453098 964.084861962 
35 6.68413576932e-07 0.00271902137187 964.086097786 
36 6.68400730319e-07 0.00186936653512 964.08694744 
37 6.68391976433e-07 0.00128518538779 964.087531622 
38 6.68385837344e-07 0.000883571045905 964.087933236 
39 6.68381744617e-07 0.000607462572203 964.088209344 
40 6.68379016133e-07 0.000417528387481 964.088399279 
41 6.68377083457e-07 0.000287012465613 964.088529795 
42 6.68375605528e-07 0.000197344800266 964.088619462 
43 6.6837480972e-07 0.000135678480343 964.088681129 
44 6.68374241286e-07 9.3249001095e-05 964.088723558 
45 6.68373786539e-07 6.41428343385e-05 964.088752664 
46 6.68373445478e-07 4.41469389961e-05 964.08877266 
47 6.68373331791e-07 3.03741255057e-05 964.088786433 
48 6.68373104418e-07 2.08577411754e-05 964.088795949 
49 6.68373104418e-07 1.43722043472e-05 964.088802435 
50 6.68372877044e-07 9.90620817194e-06 964.088806901 
51 6.68372990731e-07 6.83194343881e-06 964.088809975 
52 6.68372990731e-07 4.70839543283e-06 964.088812099 
53 6.68372990731e-07 3.21889163896e-06 964.088813588 
54 6.68372763357e-07 2.17211546117e-06 964.088814635 
55 6.68372763357e-07 1.49530441744e-06 964.088815312 
56 6.68372763357e-07 1.0095780029e-06 964.088815797 
57 6.68372877044e-07 6.91739309794e-07 964.088816115 
58 6.68372763357e-07 4.78943607014e-07 964.088816328 
59 6.68372877044e-07 3.37007917371e-07 964.08881647 
60 6.68372877044e-07 2.37662414801e-07 964.088816569 
61 6.68372877044e-07 1.66192434039e-07 964.088816641 
62 6.68372990731e-07 1.15733904322e-07 964.088816691 
63 6.68372877044e-07 8.04647042429e-08 964.088816727 
64 6.68372990731e-07 5.57259106e-08 964.088816751 
65 6.68372877044e-07 3.88455235297e-08 964.088816768 
66 6.68372763357e-07 2.43915807669e-08 964.088816783 
67 6.68372763357e-07 7.38288530966e-09 964.0888168 
68 6.68372763357e-07 -6.47281515017e-09 964.088816813 
69 6.68372763357e-07 -1.71755206126e-08 964.088816824 
70 6.68372763357e-07 -2.47252310776e-08 964.088816832 
