Time S I R
0 807.127508847 1 0
1 592.232046956 209.128113621 6.76734826971
2 9.57665668384 701.622023409 96.9288287544
3 0.0848501306019 607.801488496 200.24117022
4 0.00146851541706 519.354642923 288.771397409
5 3.31916893401e-05 443.716774383 364.410701273
6 0 379.093509514 429.033999334
7 0 323.882054397 484.24545445
8 0 276.711714727 531.41579412
9 0 236.411038655 571.716470192
10 0 201.979907298 606.147601549
11 0 172.563340828 635.564168019
12 0 147.431095078 660.696413769
13 0 125.959280352 682.168228495
14 0 107.614470792 700.513038055
15 0 91.9414313415 716.186077506
16 0 78.5510203083 729.576488539
17 0 67.1108010697 741.016707777
18 0 57.3367532909 750.790755556
19 0 48.9862002354 759.141308612
20 0 41.8518252186 766.275683628
21 0 35.7565045063 772.371004341
22 0 30.5489095167 777.57859933
23 0 26.0997504062 782.027758441
24 0 22.2985662248 785.828942622
25 0 19.0509750688 789.076533778
26 0 16.2763748023 791.851134045
27 0 13.9058725642 794.221636283
28 0 11.8806109209 796.246897926
29 0 10.1503100246 797.977198822
30 0 8.67201158357 799.455497263
31 0 7.40901276714 800.71849608
32 0 6.32995539245 801.797553455
33 0 5.40805541375 802.719453433
34 0 4.62042223894 803.507086608
35 0 3.94749977866 804.180009068
36 0 3.37258201421 804.754926833
37 0 2.88139670503 805.246112142
38 0 2.46174782535 805.665761022
39 0 2.10321642489 806.024292422
40 0 1.79690224975 806.330606597
41 0 1.53520002101 806.592308826
42 0 1.31161214185 806.815896705
43 0 1.12058771728 807.00692113
44 0 0.957384463198 807.170124384
45 0 0.817950197476 807.30955865
46 0 0.698823152406 807.428685695
47 0 0.597045983061 807.530462864
48 0 0.510091730366 807.617417117
49 0 0.435801512612 807.691707334
50 0 0.372330989562 807.755177857
51 0 0.318104416605 807.80940443
52 0 0.27177541735 807.85573343
53 0 0.232193789543 807.895315057
54 0 0.198376834937 807.929132012
55 0 0.16948499517 807.958023852
56 0 0.144801031889 807.982707815
57 0 0.12371212219 808.003796725
58 0 0.105694562649 808.021814284
59 0 0.0903010878977 808.037207759
60 0 0.0771495757692 808.050359271
61 0 0.0659134419272 808.061595405
62 0 0.0563137486705 808.071195098
63 0 0.0481121652269 808.079396682
64 0 0.0411050543319 808.086403793
65 0 0.0351184861119 808.092390361
66 0 0.0300037982399 808.097505049
67 0 0.0256340094496 808.101874838
68 0 0.0219006556491 808.105608191
69 0 0.0187110229359 808.108797824
70 0 0.0159859319433 808.111522915
