Time S I R
0  828.118890757 1 0
1 667.729782873 152.694671887 8.69443599699 
2 23.1605743652 661.502341678 144.455974714 
3 0.437017547521 523.873102111 304.808771098 
4 0.0204478464819 400.61959457 428.47884834 
5 0.00197318085441 306.118577165 522.998340411 
6 0.000364288068113 233.898260745 595.220265724 
7 0.000105629107566 178.715686068 650.403099059 
8 3.56359408897e-05 136.552105705 692.566749416 
9 1.69266318153e-05 104.335915276 724.782958554 
10 9.35954244596e-06 79.7203569016 749.398524496 
11 6.21027299985e-06 60.9122718964 768.20661265 
12 5.7577977941e-06 46.5414241105 782.577460888 
13 4.12426106777e-06 35.5610963814 793.557790251 
14 3.35821721364e-06 27.1712983402 801.947589058 
15 2.89101376438e-06 20.7608765445 808.358011321 
16 2.55219777046e-06 15.8628425135 813.256045691 
17 2.34787478348e-06 12.1203713385 816.99851707 
18 2.17791045998e-06 9.2608629389 819.85802564 
19 2.06795209579e-06 7.07597871174 822.042909977 
20 1.98338011614e-06 5.40657025731 823.712318516 
21 1.92174513813e-06 4.13101730081 824.987871534 
22 1.87591615486e-06 3.15640204408 825.962486837 
23 1.84164753136e-06 2.41172259421 826.707166321 
24 1.81588302439e-06 1.84273385806 827.276155083 
25 1.7964412109e-06 1.40798428088 827.710904679 
26 1.78172638243e-06 1.07580362449 828.043085351 
27 1.77056438133e-06 0.821993104698 828.296895881 
28 1.76208300218e-06 0.628063186335 828.490825808 
29 1.75562990989e-06 0.479886549726 828.639002451 
30 1.75071534159e-06 0.366668646062 828.75222036 
31 1.74696947397e-06 0.280161833861 828.838727176 
32 1.74411263743e-06 0.21406423934 828.904824773 
33 1.74193314706e-06 0.16356083472 828.95532818 
34 1.74026968125e-06 0.124972401554 828.993916615 
35 1.73899979927e-06 0.0954881246786 829.023400893 
36 1.73802993686e-06 0.0729599515183 829.045929067 
37 1.73728949449e-06 0.0557467590475 829.06314226 
38 1.73672378878e-06 0.0425946350765 829.076294385 
39 1.73629166511e-06 0.0325454256619 829.086343595 
40 1.73596151853e-06 0.0248670995912 829.094021921 
41 1.73570947481e-06 0.0190002912556 829.09988873 
42 1.73551677563e-06 0.0145176177777 829.104371403 
43 1.73536955117e-06 0.0110925276302 829.107796494 
44 1.73525711489e-06 0.00847550516549 829.110413516 
45 1.73517105395e-06 0.00647590962063 829.112413112 
46 1.73510534296e-06 0.00494807095806 829.113940951 
47 1.73505520706e-06 0.00378065544656 829.115108366 
48 1.7350168946e-06 0.0028887318123 829.11600029 
49 1.7349875634e-06 0.00220725619604 829.116681766 
50 1.73496528078e-06 0.00168653192968 829.11720249 
51 1.73494811406e-06 0.0012886268475 829.117600395 
52 1.73493515376e-06 0.000984611029974 829.117904411 
53 1.73492503563e-06 0.000752315072779 829.118136707 
54 1.73491741862e-06 0.00057482658781 829.118314195 
55 1.73491162059e-06 0.00043919351493 829.118449828 
56 1.7349071868e-06 0.000335484715016 829.118553537 
57 1.73490366251e-06 0.000256309704395 829.118632712 
58 1.73490104771e-06 0.000195858787911 829.118693163 
59 1.73489900135e-06 0.000149555865035 829.118739466 
60 1.73489752342e-06 0.000114356037076 829.118774666 
61 1.73489638655e-06 8.74077059323e-05 829.118801614 
62 1.73489547706e-06 6.68475211841e-05 829.118822174 
63 1.73489479494e-06 5.11472479646e-05 829.118837875 
64 1.7348942265e-06 3.90829857823e-05 829.118849939 
65 1.73489388544e-06 2.98458923931e-05 829.118859176 
66 1.73489365807e-06 2.26691900108e-05 829.118866353 
67 1.73489343069e-06 1.73756630034e-05 829.118871646 
68 1.73489331701e-06 1.31730618198e-05 829.118875849 
69 1.73489308963e-06 9.97672143276e-06 829.118879045 
70 1.73489297595e-06 7.62769935452e-06 829.118881394 
