Time S I R
0 850.776527962 1 0
1 362.976805498 421.047530668 67.7521917953
2 3.38274699961 408.741436857 439.652344105
3 0.237308777155 200.521883516 651.017335669
4 0.0648955892128 97.5697129901 754.141919382
5 0.0345446997762 47.4422977832 804.299685479
6 0.0254236109549 23.0647730593 828.686331291
7 0.0219031315793 11.2126950511 840.541929779
8 0.0203721357757 5.45080493532 846.305350891
9 0.0196670184584 2.64976297024 849.107097973
10 0.019333113567 1.28810565491 850.469089193
11 0.019172849877 0.626174024795 851.131181087
12 0.0190954232246 0.304395417631 851.453037121
13 0.0190578976595 0.147972396824 851.609497667
14 0.0190396824249 0.0719321933286 851.685556086
15 0.0190308339487 0.0349676083626 851.722529519
16 0.0190265340223 0.0169984181365 851.74050301
17 0.0190244440977 0.00826325325535 851.749240264
18 0.0190234282197 0.00401688717956 851.753487646
19 0.0190229344342 0.00195278334663 851.755552244
20 0.0190226943738 0.000949271953963 851.756555995
21 0.019022577674 0.000461434598689 851.757043949
22 0.0190225209381 0.000224260844807 851.75728118
23 0.019022493373 0.000109030631438 851.757396438
24 0.0190224799751 5.30234544934e-05 851.757452458
25 0.0190224734677 2.58203075116e-05 851.757479668
26 0.0190224702974 1.25672366751e-05 851.757492924
27 0.0190224687608 6.14384188783e-06 851.757499349
28 0.0190224680032 2.97721699241e-06 851.757502516
29 0.0190224676315 1.42352110297e-06 851.757504071
30 0.0190224674529 6.76762771571e-07 851.757504818
31 0.0190224673717 3.37325566879e-07 851.757505157
32 0.019022467332 1.70993349589e-07 851.757505323
33 0.0190224673114 8.51463658901e-08 851.757505409
34 0.0190224673 3.77604170619e-08 851.757505457
35 0.0190224672895 -6.46638511218e-09 851.757505501
36 0.0190224672834 -3.14987507378e-08 851.757505526
37 0.0190224672821 -3.73366798149e-08 851.757505532
38 0.0190224672841 -2.87450553655e-08 851.757505523
39 0.019022467283 -3.34617202543e-08 851.757505528
40 0.0190224672832 -3.29195989409e-08 851.757505527
41 0.0190224672846 -2.71186914251e-08 851.757505522
42 0.0190224672865 -1.91223764079e-08 851.757505514
43 0.0190224672874 -1.54913971474e-08 851.75750551
44 0.0190224672882 -1.18604178869e-08 851.757505506
45 0.0190224672891 -8.22943862631e-09 851.757505503
46 0.0190224672898 -5.01941983675e-09 851.757505499
47 0.0190224672899 -4.89842264377e-09 851.757505499
48 0.0190224672899 -4.77742545078e-09 851.757505499
49 0.0190224672899 -4.6564282578e-09 851.757505499
50 0.0190224672899 -4.53543106481e-09 851.757505499
51 0.01902246729 -4.41443387183e-09 851.757505499
52 0.0190224672899 -4.29343667884e-09 851.757505499
53 0.01902246729 -4.17243948586e-09 851.757505499
54 0.01902246729 -4.05144229287e-09 851.757505498
55 0.0190224672901 -3.93044509989e-09 851.757505498
56 0.0190224672901 -3.8094479069e-09 851.757505498
57 0.0190224672901 -3.68845071392e-09 851.757505498
58 0.0190224672903 -3.56745352094e-09 851.757505498
59 0.0190224672901 -3.44645632795e-09 851.757505498
60 0.0190224672903 -3.32545913497e-09 851.757505498
61 0.0190224672903 -3.20446194198e-09 851.757505498
62 0.0190224672903 -3.083464749e-09 851.757505498
63 0.0190224672903 -2.96246755601e-09 851.757505497
64 0.0190224672904 -2.84147036303e-09 851.757505497
65 0.0190224672905 -2.72047317004e-09 851.757505497
66 0.0190224672904 -2.59947597706e-09 851.757505497
67 0.0190224672905 -2.47847878407e-09 851.757505497
68 0.0190224672905 -2.35748159109e-09 851.757505497
69 0.0190224672905 -2.2364843981e-09 851.757505497
70 0.0190224672905 -2.11548720512e-09 851.757505497
