Time S I R
0 874.435824389 1 0
1 872.547255851 1.68854329538 1.20002524228
2 869.37404212 2.83958791123 3.22219435785
3 864.0817496 4.74282372807 6.61125106055
4 855.363280116 7.83266701248 12.2398772602
5 841.286645251 12.6992274297 21.4499517075
6 819.276045832 19.9952306443 36.1645479122
7 786.51004398 30.1073829347 58.8183974738
8 741.077334784 42.5155718466 91.842917758
9 683.763934578 55.1533894028 136.518500408
10 619.193129939 64.667686937 191.575007513
11 554.621443329 68.1131107078 252.701270352
12 496.769076661 64.8231809223 313.843566806
13 449.356510417 56.5615163979 369.517797574
14 412.938508423 46.0696002782 416.427715687
15 386.154598789 35.6326891623 453.648536437
16 366.99279881 26.5459027958 481.897122782
17 353.516500953 19.2573838912 502.661939544
18 344.137972139 13.712548843 517.585303406
19 337.653606449 9.63907446695 528.143143473
20 333.188603696 6.71561895743 535.531601735
21 330.122120119 4.65026853828 540.663435731
22 328.019681174 3.20660488507 544.209538329
23 326.579814989 2.2047665469 546.651242853
24 325.594443734 1.51294877876 548.328431875
25 324.920447158 1.03681353459 549.478563696
26 324.459578905 0.709865766538 550.266379717
27 324.144516056 0.48571116184 550.805597171
28 323.92916335 0.332194754096 551.174466285
29 323.78198035 0.227132746507 551.426711292
30 323.681392855 0.155265726803 551.599165807
31 323.6126561 0.106124349061 551.717043939
32 323.565684869 0.0725291724118 551.797610347
33 323.533588257 0.0495660173686 551.852670114
34 323.511655695 0.0338714735825 551.89029722
35 323.496669047 0.0231458319007 551.916009509
36 323.48642848 0.0158161787709 551.93357973
37 323.479431071 0.0108074856592 551.945585832
38 323.474649723 0.00738488334385 551.953789782
39 323.471382609 0.00504613617377 551.959395643
40 323.469150316 0.00344812754089 551.963225945
41 323.467624912 0.00235613635177 551.965843341
42 323.46658257 0.00160994831973 551.967631871
43 323.465870347 0.00110008141575 551.96885396
44 323.465383696 0.000751695351795 551.969688998
45 323.46505113 0.000513615750881 551.970259643
46 323.464823905 0.000350948075992 551.970649536
47 323.464668641 0.000239796762036 551.970915951
48 323.464562551 0.00016384762408 551.97109799
49 323.464490079 0.000111966012818 551.971222343
50 323.464440503 7.64751685187e-05 551.97130741
51 323.464406623 5.22206828807e-05 551.971365545
52 323.464383535 3.56918787546e-05 551.971405162
53 323.464367713 2.43648859452e-05 551.971432311
54 323.464356991 1.66895170549e-05 551.971450708
55 323.46434963 1.14198376393e-05 551.971463339
56 323.464344617 7.83126799952e-06 551.97147194
57 323.464341187 5.37516819276e-06 551.971477827
58 323.464338786 3.65660650104e-06 551.971481946
59 323.464337105 2.45280603446e-06 551.971484831
60 323.464336017 1.67431057597e-06 551.971486697
61 323.464335246 1.12260288409e-06 551.97148802
62 323.464334748 7.6570537868e-07 551.971488875
63 323.464334417 5.28804270773e-07 551.971489443
64 323.464334195 3.69774728929e-07 551.971489824
65 323.46433404 2.59234658572e-07 551.971490089
66 323.46433393 1.80174152512e-07 551.971490279
67 323.464333852 1.244449538e-07 551.971490412
68 323.464333798 8.60201608086e-08 551.971490504
69 323.464333761 5.9329393835e-08 551.971490568
70 323.464333736 4.10489559684e-08 551.971490612
