Time S I R
0  938.284871867 1 0
1 932.053491991 6.06992350013 1.16145637578 
2 895.838907041 35.3769033047 8.06906152156 
3 728.010391357 167.046969789 44.2275107203 
4 365.734487212 409.330542469 164.219842186 
5 124.072206268 462.563043889 352.64962171 
6 45.9558594477 367.562733663 525.766278756 
7 21.8820144795 262.300113893 655.102743494 
8 13.0193303149 180.659494001 745.606047551 
9 9.12951135927 122.685584263 807.469776245 
10 7.18012663615 82.7684677123 849.336277518 
11 6.10775927949 55.6464131131 877.530699474 
12 5.47897373759 37.3386609252 896.467237204 
13 5.09399625016 25.0248130644 909.166062552 
14 4.85132175546 16.7597098708 917.673840241 
15 4.69533312476 11.2191686811 923.370370061 
16 4.59374077133 7.50800458712 927.183126508 
17 4.52699166877 5.02346319024 929.734417008 
18 4.48287649169 3.36066956949 931.441325806 
19 4.45360509572 2.24807596659 932.583190805 
20 4.4341317359 1.50373585059 933.34700428 
21 4.42115379512 1.00580881662 933.857909255 
22 4.41249451515 0.672741806387 934.199635545 
23 4.40671221964 0.449960198583 934.428199449 
24 4.40284901091 0.300950384555 934.581072471 
25 4.40026705136 0.201285476252 934.683319339 
26 4.39854100137 0.134625624292 934.751705241 
27 4.39738694628 0.0900411844559 934.797443736 
28 4.39661525531 0.0602218581064 934.828034754 
29 4.39609920403 0.0402778459042 934.848494817 
30 4.39575409059 0.0269387858102 934.862178991 
31 4.39552328569 0.0180172921189 934.871331289 
32 4.39536892464 0.0120503779331 934.877452564 
33 4.39526568685 0.00805954261457 934.881546637 
34 4.39519664347 0.00539049758672 934.884284726 
35 4.39515046468 0.00360531605581 934.886116086 
36 4.395119579 0.00241132584818 934.887340962 
37 4.39509892321 0.00161280151547 934.888160142 
38 4.39508510695 0.00107868202869 934.888708078 
39 4.39507586552 0.000721418925121 934.889074582 
40 4.39506968526 0.000482496306365 934.889319685 
41 4.39506555137 0.000322684326895 934.889483631 
42 4.39506278719 0.000215823832626 934.889593256 
43 4.39506093811 0.000144340286864 934.889666589 
44 4.39505969943 9.64541740113e-05 934.889715713 
45 4.39505887304 6.45066186021e-05 934.889748487 
46 4.39505832181 4.3196587258e-05 934.889770349 
47 4.39505795216 2.89062827785e-05 934.889785008 
48 4.3950577052 1.93588913228e-05 934.889794803 
49 4.39505754064 1.29973214323e-05 934.889801329 
50 4.39505743019 8.72758813141e-06 934.889805709 
51 4.39505735468 5.80832816969e-06 934.889808704 
52 4.39505730336 3.82420392489e-06 934.889810739 
53 4.39505727016 2.54062354823e-06 934.889812056 
54 4.39505724759 1.66847010385e-06 934.889812951 
55 4.39505723334 1.11756336112e-06 934.889813516 
56 4.39505722419 7.63841913652e-07 934.889813879 
57 4.39505721798 5.23504254056e-07 934.889814125 
58 4.39505721369 3.57888865922e-07 934.889814295 
59 4.39505721073 2.43293137897e-07 934.889814413 
60 4.39505720869 1.64482107044e-07 934.889814494 
61 4.39505720731 1.10903440182e-07 934.889814549 
62 4.39505720638 7.52998679796e-08 934.889814585 
63 4.39505720576 5.1201925531e-08 934.88981461 
64 4.39505720533 3.47158941417e-08 934.889814627 
65 4.39505720482 1.4963129394e-08 934.889814647 
66 4.39505720438 -2.01478907441e-09 934.889814665 
67 4.39505720405 -1.50715733186e-08 934.889814678 
68 4.39505720381 -2.42072233386e-08 934.889814687 
69 4.39505720368 -2.94217391344e-08 934.889814693 
70 4.39505720364 -3.0715120706e-08 934.889814694 
