Time S I R
0  828.772048512 1 0
1 367.514303805 421.712191447 40.5455532603 
2 2.04158887953 528.256114466 299.474345167 
3 0.0456675012987 340.783077611 488.9433034 
4 0.00396740164604 218.961054664 610.807026446 
5 0.000823930335969 140.669855093 689.101369489 
6 0.000302664245396 90.3713717642 739.400374084 
7 0.000159048121304 58.0576450719 771.714244392 
8 0.000104085117982 37.2981542248 792.473790203 
9 7.93663465402e-05 23.961563678 805.810405468 
10 6.68347067858e-05 15.3936966715 814.378285006 
11 5.98414343358e-05 9.88940925991 819.882579411 
12 5.57440530429e-05 6.3532781676 823.418714601 
13 5.32611127255e-05 4.08155300929 825.690442242 
14 5.17246947993e-05 2.62212262464 827.149874163 
15 5.07611238163e-05 1.68453687883 828.087460873 
16 5.01515895621e-05 1.08220129069 828.68979707 
17 4.97638731076e-05 0.695241332028 829.076757417 
18 4.95163748155e-05 0.4466456586 829.325353337 
19 4.93580238299e-05 0.286939703442 829.485059451 
20 4.9256560942e-05 0.184339273595 829.587659982 
21 4.91914884151e-05 0.118425557589 829.653573763 
22 4.91497290795e-05 0.0760804154381 829.695918947 
23 4.91229200179e-05 0.0488765257306 829.723122864 
24 4.91057047611e-05 0.0313998595128 829.740599547 
25 4.90946483751e-05 0.0201722886262 829.751827129 
26 4.90875468131e-05 0.0129593349468 829.75904009 
27 4.9082985015e-05 0.00832549711344 829.763673932 
28 4.90800545094e-05 0.00534853181513 829.766650901 
29 4.90781721965e-05 0.00343613825916 829.768563296 
30 4.90769629096e-05 0.00220752882582 829.769791907 
31 4.907618586e-05 0.00141818846304 829.770581248 
32 4.90756867748e-05 0.000911101225714 829.771088336 
33 4.90753660642e-05 0.000585323727703 829.771414113 
34 4.90751600637e-05 0.000376016299996 829.771623421 
35 4.90750277322e-05 0.000241559800899 829.771757878 
36 4.90749426945e-05 0.000155179563798 829.771844258 
37 4.90748881248e-05 9.97009893474e-05 829.771899737 
38 4.90748529955e-05 6.40120632394e-05 829.771935426 
39 4.90748303719e-05 4.10993343712e-05 829.771958338 
40 4.90748160473e-05 2.64297935073e-05 829.771973008 
41 4.9074806725e-05 1.69939776012e-05 829.771982444 
42 4.90748008133e-05 1.0928589e-05 829.771988509 
43 4.90747968342e-05 7.04863307232e-06 829.771992389 
44 4.90747944468e-05 4.54627687041e-06 829.771994891 
45 4.90747927415e-05 2.90312162614e-06 829.771996535 
46 4.9074791832e-05 1.83963020662e-06 829.771997598 
47 4.90747911499e-05 1.16413520114e-06 829.771998274 
48 4.90747906952e-05 7.41114982234e-07 829.771998697 
49 4.90747904678e-05 4.80502310154e-07 829.771998957 
50 4.90747902404e-05 3.17156746491e-07 829.771999121 
51 4.90747901267e-05 2.09531853112e-07 829.771999228 
52 4.90747901267e-05 1.37162520881e-07 829.771999301 
53 4.90747901267e-05 8.91385650549e-08 829.771999349 
54 4.90747901267e-05 5.78081914028e-08 829.77199938 
55 4.9074790013e-05 3.77309022451e-08 829.7719994 
56 4.90747901267e-05 1.92190062296e-08 829.771999418 
57 4.9074790013e-05 3.91416111082e-10 829.771999437 
58 4.9074790013e-05 -1.39659042174e-08 829.771999452 
59 4.9074790013e-05 -2.38529547557e-08 829.771999462 
60 4.9074790013e-05 -2.92697355039e-08 829.771999467 
61 4.9074790013e-05 -3.0216246462e-08 829.771999468 
62 4.9074790013e-05 -2.66924876299e-08 829.771999464 
63 4.9074790013e-05 -2.14921545241e-08 829.771999459 
64 4.90747898994e-05 -2.36069957488e-08 829.771999461 
65 4.90747898994e-05 -2.45870978724e-08 829.771999462 
66 4.9074790013e-05 -2.44324608951e-08 829.771999462 
67 4.9074790013e-05 -2.31430848168e-08 829.771999461 
68 4.9074790013e-05 -2.07189696376e-08 829.771999458 
69 4.9074790013e-05 -1.71601153573e-08 829.771999455 
70 4.9074790013e-05 -1.24665219761e-08 829.77199945 
