Time S I R
0 809.104217961 1 0
1 807.134501359 1.79068401594 1.17903258632
2 803.627726785 3.19123488892 3.285256288
3 797.442141187 5.63915586651 7.02292090765
4 786.707493649 9.81799495393 13.578729358
5 768.591233383 16.6648217815 24.848162797
6 739.399815725 27.1262265414 43.5781756952
7 695.649191301 41.3729706712 73.0820559895
8 636.558869959 57.5238400158 116.021507987
9 566.671759979 71.1554069231 172.277051059
10 495.24527021 77.4110638141 237.447883937
11 431.547623541 74.5119987151 304.044595706
12 380.571124942 64.6822678189 364.8508252
13 342.711117001 51.8552056782 415.537895282
14 315.862858496 39.2413435399 455.000015925
15 297.323419959 28.5214202962 484.259377707
16 284.708443516 20.1646089715 505.231165474
17 276.193416272 13.9917270883 519.919074601
18 270.471150643 9.58677885159 530.046288467
19 266.635199402 6.51322109299 536.955797466
20 264.067425215 4.40002343328 541.636769313
21 262.350024616 2.9611851788 544.793008167
22 261.201973272 1.98780489636 546.914439793
23 260.43477171 1.3321253791 548.337320872
24 259.922184452 0.891710935046 549.290322574
25 259.579756932 0.596450045123 549.928010984
26 259.351022818 0.398753333029 550.354441811
27 259.198242165 0.266494201656 550.639481595
28 259.096197774 0.178062793171 550.829957394
29 259.028042466 0.11895779628 550.957217699
30 258.982522501 0.0794637477789 551.042231712
31 258.952120682 0.0530781807851 551.099019099
32 258.931816091 0.0354522259675 551.136949645
33 258.918255239 0.023678701073 551.162284021
34 258.909198378 0.0158147989873 551.179204784
35 258.903149593 0.0105624233365 551.190505945
36 258.899109815 0.00705439196816 551.198053755
37 258.896411782 0.00471143021654 551.203094749
38 258.894609857 0.00314661576866 551.206461489
39 258.89340652 0.00210160967148 551.208709832
40 258.892602756 0.00140359645395 551.210211609
41 258.89206593 0.000937397453607 551.211214634
42 258.891707436 0.00062606694086 551.211884459
43 258.89146794 0.000418079246948 551.212331942
44 258.891307967 0.000279151214235 551.212630844
45 258.891201226 0.000186452820618 551.212830283
46 258.891129928 0.00012453458896 551.212963499
47 258.891082277 8.31528322565e-05 551.213052531
48 258.891050508 5.55628310133e-05 551.213111891
49 258.891029308 3.71519995609e-05 551.213151501
50 258.891015121 2.4830893708e-05 551.21317801
51 258.89100562 1.65796713026e-05 551.213195762
52 258.890999302 1.10928321429e-05 551.213207567
53 258.890995088 7.43371680183e-06 551.21321544
54 258.890992266 4.98302253598e-06 551.213220712
55 258.890990351 3.32007208907e-06 551.21322429
56 258.890989004 2.14994931192e-06 551.213226808
57 258.890988204 1.45483229435e-06 551.213228303
58 258.89098763 9.56914292863e-07 551.213229374
59 258.890987258 6.3378737227e-07 551.21323007
60 258.890987018 4.25060960224e-07 551.213230519
61 258.890986864 2.91178003477e-07 551.213230807
62 258.890986758 1.99798355318e-07 551.213231003
63 258.890986685 1.35940546208e-07 551.213231141
64 258.890986634 9.18442178183e-08 551.213231235
65 258.8909866 6.20747619334e-08 551.2132313
66 258.890986574 3.94599833325e-08 551.213231348
67 258.890986543 1.28749130067e-08 551.213231405
68 258.890986519 -8.08318340556e-09 551.21323145
69 258.890986501 -2.34143059044e-08 551.213231483
70 258.89098649 -3.31184544898e-08 551.213231504
