Time S I R
0  846.310787229 1 0
1 792.907076481 50.1817309587 4.22197978954 
2 194.817515198 557.352517467 95.1407545636 
3 9.5345069281 547.204120148 290.572160153 
4 0.863682436189 400.317891274 446.129213519 
5 0.15178033308 288.393038831 558.765968065 
6 0.0434025338055 207.436086628 639.831298067 
7 0.0176451950964 149.162843547 698.130298486 
8 0.00923327094551 107.251332024 740.050221934 
9 0.00579772125866 77.1139239003 770.191065607 
10 0.00415091632522 55.4444973971 791.862138915 
11 0.00326350113676 39.8640085927 807.443515135 
12 0.00274520582275 28.6617037252 818.646338298 
13 0.00242413011836 20.607335204 826.701027895 
14 0.00221679720767 14.8163515311 832.492218901 
15 0.00207877810033 10.652715117 836.655993334 
16 0.00198487941373 7.65911899571 839.649683354 
17 0.00192000325535 5.50677532403 841.802091902 
18 0.00187467338128 3.95927516765 843.349637388 
19 0.00184274531296 2.84664955899 844.462294925 
20 0.00182012623418 2.04669063876 845.262276464 
21 0.00180403538582 1.47153437998 845.837448814 
22 0.00179255434125 1.05800700301 846.250987672 
23 0.00178434487668 0.760688239058 846.548314645 
24 0.00177846566294 0.54692124314 846.76208752 
25 0.00177425059405 0.393226635154 846.915786343 
26 0.00177122620914 0.282722907119 847.026293096 
27 0.00176905491878 0.203272729356 847.105745445 
28 0.00176749544187 0.146149376562 847.162870357 
29 0.00176637505604 0.105078730486 847.203942123 
30 0.00176556995984 0.0755497400109 847.233471919 
31 0.00176499133636 0.0543188985835 847.254703339 
32 0.00176457543341 0.0390543022511 847.269968351 
33 0.00176427646784 0.0280793479022 847.280943604 
34 0.00176406154822 0.0201885472879 847.28883462 
35 0.00176390704087 0.0145151982694 847.294508124 
36 0.00176379596132 0.0104361693455 847.298587264 
37 0.00176371610144 0.00750341790324 847.301520095 
38 0.00176365868583 0.00539482127432 847.303628749 
39 0.00176361740512 0.00387874217239 847.305144869 
40 0.00176358772842 0.00278880221353 847.306234839 
41 0.00176356639179 0.00200516597664 847.307018496 
42 0.00176355104952 0.00144167228226 847.307582006 
43 0.00176354001871 0.00103653656079 847.307987152 
44 0.00176353208803 0.000745251214933 847.308278446 
45 0.00176352638607 0.000535829229727 847.308487873 
46 0.0017635222838 0.000385157498823 847.308638549 
47 0.00176351933578 0.000276881494946 847.308746828 
48 0.0017635172178 0.000199092956299 847.308824619 
49 0.00176351569496 0.000143160764673 847.308880552 
50 0.00176351459947 0.000102928364614 847.308920786 
51 0.0017635138114 7.39813063216e-05 847.308949734 
52 0.00176351324626 5.32258503601e-05 847.30897049 
53 0.00176351284017 3.8308360472e-05 847.308985408 
54 0.00176351254754 2.7561357705e-05 847.308996155 
55 0.00176351233665 1.98179802249e-05 847.309003899 
56 0.00176351218545 1.4259445913e-05 847.309009457 
57 0.00176351207676 1.02667823476e-05 847.30901345 
58 0.00176351199877 7.40390781643e-06 847.309016313 
59 0.00176351194273 5.33888910557e-06 847.309018378 
60 0.0017635119018 3.83830433467e-06 847.309019879 
61 0.00176351187213 2.74593985931e-06 847.309020971 
62 0.00176351185007 1.9372702146e-06 847.30902178 
63 0.00176351183541 1.39770184533e-06 847.309022319 
64 0.00176351182427 9.91175613943e-07 847.309022726 
65 0.00176351181653 7.06096160784e-07 847.309023011 
66 0.00176351181119 5.07582618197e-07 847.309023209 
67 0.00176351180744 3.71290583297e-07 847.309023346 
68 0.00176351180482 2.71867873661e-07 847.309023445 
69 0.00176351180289 2.0000017513e-07 847.309023517 
70 0.00176351180141 1.45902421906e-07 847.309023571 
