Time S I R
0  926.253537415 1 0
1 875.823790525 41.2037218524 10.2260250374 
2 298.788720772 421.798210539 206.666606103 
3 38.6838802722 308.482703261 580.086953881 
4 13.0969562995 136.238671443 777.917909672 
5 8.24930121306 56.6513492397 862.352886962 
6 6.81632860163 23.2312792973 897.205929516 
7 6.30444449023 9.48370874485 911.46538418 
8 6.10686317297 3.86506340363 917.281610838 
9 6.02815271312 1.57416470667 919.651219995 
10 5.99639117692 0.640957874476 920.616188363 
11 5.98350740149 0.260953061952 921.009076951 
12 5.97827007808 0.106237116919 921.16903022 
13 5.97613923379 0.0432496595381 921.234148521 
14 5.97527197747 0.0176070323129 921.260658405 
15 5.97491895195 0.00716783729671 921.271450625 
16 5.97477524021 0.00291800483702 921.27584417 
17 5.97471673906 0.00118798270106 921.277632693 
18 5.97469292137 0.000483630641558 921.278360863 
19 5.97468322176 0.000196786658373 921.278657406 
20 5.97467927768 8.01490658642e-05 921.278777988 
21 5.97467767455 3.27400998698e-05 921.278827 
22 5.97467701568 1.32554619706e-05 921.278847143 
23 5.97467674675 5.30246517516e-06 921.278855365 
24 5.97467664384 2.25906718771e-06 921.278858512 
25 5.97467659975 9.55328723318e-07 921.27885986 
26 5.97467658096 3.99732963215e-07 921.278860434 
27 5.97467657312 1.67879284131e-07 921.278860674 
28 5.97467656984 7.08344437683e-08 921.278860774 
29 5.97467656845 2.9687082084e-08 921.278860816 
30 5.97467656722 -6.73801800833e-09 921.278860854 
31 5.97467656653 -2.72123763178e-08 921.278860875 
32 5.97467656641 -3.07603188578e-08 921.278860879 
33 5.97467656671 -2.1847671525e-08 921.27886087 
34 5.97467656662 -2.43458777369e-08 921.278860872 
35 5.97467656668 -2.27075396652e-08 921.278860871 
36 5.97467656688 -1.69326573099e-08 921.278860865 
37 5.9746765671 -1.02916770552e-08 921.278860858 
38 5.97467656718 -7.99876844284e-09 921.278860855 
39 5.97467656725 -5.70585983049e-09 921.278860853 
40 5.97467656733 -3.41295121813e-09 921.278860851 
41 5.97467656736 -2.51040646647e-09 921.27886085 
42 5.97467656737 -2.44477594357e-09 921.27886085 
43 5.97467656737 -2.37914542068e-09 921.27886085 
44 5.97467656737 -2.31351489778e-09 921.27886085 
45 5.97467656737 -2.24788437489e-09 921.278860849 
46 5.97467656737 -2.182253852e-09 921.278860849 
47 5.97467656738 -2.1166233291e-09 921.278860849 
48 5.97467656738 -2.05099280621e-09 921.278860849 
49 5.97467656738 -1.98536228332e-09 921.278860849 
50 5.97467656738 -1.91973176042e-09 921.278860849 
51 5.97467656739 -1.85410123753e-09 921.278860849 
52 5.97467656739 -1.78847071464e-09 921.278860849 
53 5.97467656739 -1.72284019174e-09 921.278860849 
54 5.97467656739 -1.65720966885e-09 921.278860849 
55 5.97467656739 -1.59157914595e-09 921.278860849 
56 5.9746765674 -1.52594862306e-09 921.278860849 
57 5.9746765674 -1.46031810017e-09 921.278860849 
58 5.9746765674 -1.39468757727e-09 921.278860849 
59 5.9746765674 -1.32905705438e-09 921.278860849 
60 5.97467656741 -1.26342653149e-09 921.278860848 
61 5.97467656741 -1.19779600859e-09 921.278860848 
62 5.97467656741 -1.1321654857e-09 921.278860848 
63 5.97467656741 -1.06653496281e-09 921.278860848 
64 5.97467656741 -1.00090443991e-09 921.278860848 
65 5.97467656742 -9.35273917018e-10 921.278860848 
66 5.97467656742 -8.69643394125e-10 921.278860848 
67 5.97467656742 -8.04012871231e-10 921.278860848 
68 5.97467656742 -7.38382348338e-10 921.278860848 
69 5.97467656743 -6.72751825444e-10 921.278860848 
70 5.97467656743 -6.0712130255e-10 921.278860848 
