Time S I R
0 913.60776471 1 0
1 908.781923621 5.2360579339 0.589783154503
2 884.234442001 26.7341709121 3.63915179706
3 775.211618498 121.103541097 18.292605115
4 479.746934215 363.12910097 71.7317295246
5 179.193335572 554.016097087 181.398332051
6 55.9886724145 547.673529179 310.945563116
7 19.5270969393 466.833745196 428.246922575
8 8.13862194077 380.76215148 525.706991289
9 4.00955158449 306.055125513 604.543087613
10 2.27376397348 244.620496384 667.713504353
11 1.44584231106 195.027048127 718.134874272
12 1.00800951747 155.292720473 758.307034719
13 0.756446617313 123.56835624 790.282961853
14 0.601974605529 98.2846189111 815.721171193
15 0.50199440954 78.1540996757 835.951670625
16 0.434488735944 62.1361061102 852.037169864
17 0.38736039794 49.3952909042 864.825113408
18 0.353568900676 39.2636893921 874.990506417
19 0.32882486093 31.2083405157 883.070599333
20 0.310398307477 24.8045286828 889.492837719
21 0.296492341023 19.7140987376 894.597173631
22 0.28588466746 15.6679199926 898.65396005
23 0.277725927346 12.4519602527 901.87807853
24 0.271408490644 9.89595567439 904.440400545
25 0.26649052741 7.86452810384 906.476746078
26 0.262645777386 6.25005288376 908.095066049
27 0.259629848482 4.96696766975 909.381167192
28 0.257257819036 3.94727009046 910.4032368
29 0.255388227211 3.13689817359 911.215478309
30 0.253912162665 2.49288614769 911.860966399
31 0.252745228889 1.9810864086 912.373933072
32 0.251821698495 1.57435743365 912.781585578
33 0.251090183303 1.25113035536 913.105544171
34 0.250510370258 0.994262888797 913.362991451
35 0.250050552878 0.790131483079 913.567582674
36 0.249685742764 0.627909700641 913.730169266
37 0.249396211507 0.498993287934 913.85937521
38 0.249166363581 0.396544534625 913.962053812
39 0.248983857143 0.315129515149 914.043651337
40 0.248838916664 0.250429807109 914.108495986
41 0.248723794345 0.199013643985 914.160027271
42 0.24863234599 0.158153788132 914.200978576
43 0.248559696816 0.125682830057 914.233522183
44 0.248501978754 0.0998786266217 914.259384104
45 0.248456120492 0.0793723394937 914.27993625
46 0.248419683484 0.0630762176005 914.296268809
47 0.248390731282 0.0501258980817 914.30924808
48 0.248367725734 0.0398344379992 914.319562546
49 0.248349445004 0.031655928707 914.327759336
50 0.248334918507 0.0251565738066 914.334273217
51 0.248323375089 0.0199916172004 914.339449717
52 0.24831420205 0.0158870851202 914.343563423
53 0.248306912601 0.0126252684676 914.346832529
54 0.248301119917 0.0100331422746 914.349430448
55 0.24829651664 0.00797321176492 914.351494981
56 0.248292858538 0.00633621246561 914.353135639
57 0.248289951527 0.00503530899351 914.354439449
58 0.248287641352 0.00400148183882 914.355475587
59 0.248285805496 0.00317991068311 914.356298994
60 0.248284346727 0.00252708702645 914.356953276
61 0.248283187456 0.00200829065173 914.357473232
62 0.24828226613 0.00159597752809 914.357886466
63 0.248281533928 0.00126830042783 914.358214875
64 0.248280952057 0.00100789910745 914.358475859
65 0.248280489645 0.00080095842442 914.358683262
66 0.248280122196 0.000636515662653 914.358848072
67 0.248279830201 0.000505839950994 914.35897904
68 0.248279598076 0.000401957822407 914.359083154
69 0.248279413482 0.000319347022616 914.359165949
70 0.248279266931 0.000253761765565 914.359231681
