Time S I R
0  940.05463575 1 0
1 700.664064262 206.573806277 33.8167652111 
2 24.3853777409 496.479690829 420.18956718 
3 2.12712702678 238.083064289 700.844444434 
4 0.684055088842 108.982109682 831.38847098 
5 0.407539658658 49.6585410289 890.988555063 
6 0.321904313976 22.6026579604 918.130073476 
7 0.289138246496 10.2840133909 930.481484113 
8 0.27535615067 4.67843557275 936.100844027 
9 0.269305892521 2.12819029087 938.657139567 
10 0.266597882033 0.968072650089 939.819965218 
11 0.265375097861 0.44035187964 940.348908773 
12 0.264820743692 0.200303845948 940.58951116 
13 0.264568966851 0.0911123465999 940.698954437 
14 0.264454520322 0.0414443012235 940.748736929 
15 0.2644024784 0.018851771757 940.7713815 
16 0.264378809482 0.00857510496157 940.781681836 
17 0.264368043913 0.00390056128782 940.786367145 
18 0.264363147236 0.00177429996879 940.788498303 
19 0.264360919822 0.000807087351322 940.789467743 
20 0.26435990636 0.00036700779025 940.789908836 
21 0.264359445662 0.00016695665977 940.790109348 
22 0.264359236103 7.59586892536e-05 940.790200555 
23 0.264359140889 3.46134172113e-05 940.790241996 
24 0.264359097501 1.57729575086e-05 940.79026088 
25 0.264359077822 7.22747745389e-06 940.790269445 
26 0.26435906851 3.18384567521e-06 940.790273498 
27 0.264359064501 1.44275319712e-06 940.790275243 
28 0.264359062682 6.52935954713e-07 940.790276035 
29 0.264359061898 3.126058176e-07 940.790276376 
30 0.264359061516 1.46715453316e-07 940.790276542 
31 0.264359061335 6.81441365839e-08 940.790276621 
32 0.264359061238 2.61440294715e-08 940.790276663 
33 0.264359061153 -1.06817791142e-08 940.7902767 
34 0.26435906111 -2.93412143151e-08 940.790276718 
35 0.264359061109 -2.98342761313e-08 940.790276719 
36 0.264359061119 -2.57363744605e-08 940.790276715 
37 0.264359061114 -2.80146485457e-08 940.790276717 
38 0.26435906112 -2.53929464876e-08 940.790276714 
39 0.264359061137 -1.78712682863e-08 940.790276707 
40 0.264359061147 -1.35662908832e-08 940.790276703 
41 0.264359061154 -1.04578392098e-08 940.790276699 
42 0.264359061161 -7.34938753638e-09 940.790276696 
43 0.264359061168 -4.24093586297e-09 940.790276693 
44 0.264359061169 -3.8547759419e-09 940.790276693 
45 0.264359061169 -3.75396295318e-09 940.790276693 
46 0.26435906117 -3.65314996447e-09 940.790276693 
47 0.26435906117 -3.55233697575e-09 940.790276693 
48 0.26435906117 -3.45152398704e-09 940.790276692 
49 0.26435906117 -3.35071099832e-09 940.790276692 
50 0.264359061171 -3.2498980096e-09 940.790276692 
51 0.264359061171 -3.14908502089e-09 940.790276692 
52 0.264359061171 -3.04827203217e-09 940.790276692 
53 0.264359061171 -2.94745904346e-09 940.790276692 
54 0.264359061171 -2.84664605474e-09 940.790276692 
55 0.264359061172 -2.74583306603e-09 940.790276692 
56 0.264359061172 -2.64502007731e-09 940.790276692 
57 0.264359061172 -2.54420708859e-09 940.790276692 
58 0.264359061173 -2.44339409988e-09 940.790276691 
59 0.264359061173 -2.34258111116e-09 940.790276691 
60 0.264359061173 -2.24176812245e-09 940.790276691 
61 0.264359061173 -2.14095513373e-09 940.790276691 
62 0.264359061173 -2.04014214501e-09 940.790276691 
63 0.264359061174 -1.9393291563e-09 940.790276691 
64 0.264359061174 -1.83851616758e-09 940.790276691 
65 0.264359061174 -1.73770317887e-09 940.790276691 
66 0.264359061174 -1.63689019015e-09 940.790276691 
67 0.264359061175 -1.53607720143e-09 940.79027669 
68 0.264359061175 -1.43526421272e-09 940.79027669 
69 0.264359061175 -1.334451224e-09 940.79027669 
70 0.264359061175 -1.23363823529e-09 940.79027669 
