Time S I R
0 983.870557835 1 0
1 977.888190442 6.2086392743 0.773728118603
2 942.186025044 37.1924914721 5.49204131963
3 769.820603461 183.926226671 31.1237277038
4 377.34363301 485.950726239 121.576198586
5 112.722902663 597.294927187 274.852727986
6 33.5813549752 522.811116483 428.478086377
7 12.3176961087 416.841200792 555.711660935
8 5.60408883832 323.64686073 655.619608267
9 3.04997762114 249.021363403 732.799216812
10 1.91172293261 190.895462524 792.063372378
11 1.3367683518 146.081917575 837.451871909
12 1.01675999341 111.68545354 872.168344301
13 0.824869785157 85.3425630072 898.703125043
14 0.703083501599 65.1917066948 918.975767639
15 0.622309387814 49.7882427648 934.460005683
16 0.566930005137 38.018851704 946.284776126
17 0.527983606471 29.0287192097 955.313855019
18 0.500058458946 22.1628734099 962.207625966
19 0.479737000714 16.920067071 967.470753764
20 0.464780756332 12.9170081645 971.488768915
21 0.453677220383 9.86073498704 974.556145628
22 0.445380097498 7.52745422903 976.897723509
23 0.439148609177 5.74619255238 978.685216674
24 0.43445049176 4.3863895039 980.04971784
25 0.430897987834 3.34834462447 981.091315223
26 0.428205776035 2.55593868878 981.886413371
27 0.426162025949 1.95105008593 982.493345723
28 0.424608525918 1.48930930505 982.956640004
29 0.423426496488 1.1368418762 983.310289463
30 0.422526428635 0.867789280504 983.580242126
31 0.421840665395 0.662411302242 983.786305868
32 0.421317950002 0.50563904402 983.943600841
33 0.420919381594 0.38596957702 984.063668877
34 0.420615396369 0.294622060264 984.155320379
35 0.420383503272 0.224893660886 984.225280671
36 0.420206578496 0.171667832472 984.278683424
37 0.420071576838 0.13103897223 984.319447286
38 0.419968555176 0.100025707496 984.350563573
39 0.419889933034 0.0763524457213 984.374315457
40 0.419829928476 0.0582819766786 984.39244593
41 0.41978413105 0.0444882632215 984.406285441
42 0.419749176021 0.0339591516965 984.416849508
43 0.419722495773 0.0259219673211 984.424913372
44 0.419702131151 0.0197869633177 984.431068741
45 0.419686586932 0.0151039431004 984.435767305
46 0.419674721972 0.0115292590903 984.439353854
47 0.419665665314 0.00880059417305 984.442091576
48 0.419658752253 0.00671773032754 984.444181353
49 0.419653475619 0.00512788874729 984.445776471
50 0.419649447826 0.003914307458 984.44699408
51 0.419646373185 0.00298790461073 984.447923558
52 0.419644026262 0.0022807618046 984.448633047
53 0.419642234788 0.00174097672411 984.449174624
54 0.41964086743 0.00132897964675 984.449587988
55 0.419639823526 0.00101444092925 984.449903571
56 0.419639026634 0.000774329202673 984.450144479
57 0.419638418387 0.00059105766751 984.450328359
58 0.41963795414 0.000451174774435 984.450468706
59 0.419637599719 0.000344383607951 984.450575852
60 0.41963732918 0.000262866964538 984.450657639
61 0.419637122705 0.000200653502907 984.450720059
62 0.419636965153 0.000153181010137 984.450767689
63 0.41963684474 0.000116899123586 984.450804091
64 0.419636752703 8.91672245009e-05 984.450831915
65 0.419636682618 6.80498908712e-05 984.450853103
66 0.419636629219 5.19598919973e-05 984.450869246
67 0.419636588514 3.96950547293e-05 984.450881552
68 0.419636557358 3.03073618477e-05 984.450890971
69 0.419636533595 2.31471979255e-05 984.450898155
70 0.419636515463 1.76840828622e-05 984.450903636
