Time S I R
0  828.437703149 1 0
1 825.287900956 2.77972825494 1.37007393877 
2 816.646542131 7.63531940183 5.15584161677 
3 793.740357333 20.3091491223 15.3881966941 
4 738.13734095 49.7912350147 41.5091271847 
5 627.414495446 102.061147326 99.9620603777 
6 471.68308837 155.181072977 202.573541803 
7 328.137388693 168.214897139 333.085417317 
8 233.035624494 140.226300195 456.17577846 
9 179.263920352 99.6472336384 550.526549159 
10 150.019959328 64.8386582124 614.579085609 
11 133.981674975 40.2116108202 655.244417354 
12 125.025880914 24.2851724867 680.126649749 
13 119.947323142 14.4492990641 695.041080944 
14 117.036422184 8.52423908222 703.877041883 
15 115.356500438 5.00424344429 709.076959267 
16 114.382916987 2.92948741479 712.125298748 
17 113.81725961 1.71210838225 713.908335157 
18 113.488120751 0.999668281906 714.949914116 
19 113.296436512 0.583363206535 715.557903431 
20 113.184746047 0.340315811176 715.912641291 
21 113.119646398 0.198492188832 716.119564563 
22 113.081695615 0.115759138373 716.240248396 
23 113.059569673 0.0675056893113 716.310627787 
24 113.046669025 0.0393648993695 716.351669225 
25 113.039146967 0.0229545185284 716.375601664 
26 113.034760952 0.0133851035102 716.389557094 
27 113.032203492 0.00780498290292 716.397694674 
28 113.030712252 0.00455115994919 716.402439738 
29 113.02984273 0.00265387309371 716.405206546 
30 113.029335683 0.00154749045249 716.406819976 
31 113.029040035 0.000902380237126 716.407760734 
32 113.028867616 0.000526157866744 716.408309376 
33 113.028767088 0.000306802497473 716.408629259 
34 113.028708465 0.000178886125622 716.408815798 
35 113.028674293 0.000104320742264 716.408924536 
36 113.028654334 6.07689994226e-05 716.408988047 
37 113.028642727 3.5442397295e-05 716.40902498 
38 113.028635966 2.06901708571e-05 716.409046493 
39 113.028632021 1.20811526721e-05 716.409059048 
40 113.028629731 7.08451515922e-06 716.409066334 
41 113.028628377 4.13034256881e-06 716.409070642 
42 113.028627567 2.36368593205e-06 716.409073218 
43 113.028627108 1.36253461039e-06 716.409074678 
44 113.028626844 7.85489806302e-07 716.40907552 
45 113.028626698 4.67427064444e-07 716.409075984 
46 113.028626613 2.82032093773e-07 716.409076254 
47 113.028626561 1.68675816067e-07 716.409076419 
48 113.02862653 9.98199558526e-08 716.40907652 
49 113.028626511 5.90223647766e-08 716.409076579 
50 113.0286265 3.50596567755e-08 716.409076614 
51 113.028626488 7.6675905178e-09 716.409076654 
52 113.028626478 -1.26797681991e-08 716.409076684 
53 113.028626472 -2.55425013023e-08 716.409076703 
54 113.02862647 -3.09206087915e-08 716.40907671 
55 113.028626471 -2.88140906669e-08 716.409076707 
56 113.028626474 -2.26530288965e-08 716.409076698 
57 113.028626472 -2.54097672633e-08 716.409076702 
58 113.028626472 -2.62091881854e-08 716.409076704 
59 113.028626473 -2.50512916629e-08 716.409076702 
60 113.028626474 -2.19360776958e-08 716.409076697 
61 113.028626476 -1.68635462841e-08 716.40907669 
62 113.028626478 -1.30294459916e-08 716.409076684 
63 113.028626479 -1.12113518226e-08 716.409076682 
64 113.02862648 -9.39325765355e-09 716.409076679 
65 113.028626481 -7.57516348452e-09 716.409076676 
66 113.028626481 -5.7570693155e-09 716.409076674 
67 113.028626482 -3.93897514647e-09 716.409076671 
68 113.028626482 -3.33168369356e-09 716.40907667 
69 113.028626483 -3.27499280723e-09 716.40907667 
70 113.028626483 -3.2183019209e-09 716.40907667 
