Time S I R
0  845.68839157 1 0
1 763.891629025 75.6357996325 7.16096291254 
2 99.7202964587 596.478756203 150.489338909 
3 4.25959816711 469.967281643 372.46151176 
4 0.460680214055 317.179053407 529.048657949 
5 0.103441992597 212.395633962 634.189315615 
6 0.0380684742845 142.094875673 704.555447422 
7 0.0194963245284 95.0430458012 751.625849444 
8 0.0124746037427 63.5674415645 783.108475402 
9 0.00924931424504 42.5144291803 804.164713075 
10 0.00757248149296 28.4336494852 818.247169603 
11 0.00662422792686 19.0162836576 827.665483684 
12 0.00605724620505 12.7179406558 833.964393668 
13 0.00570538433794 8.50563158684 838.177054599 
14 0.00548154953049 5.68847412159 840.994435899 
15 0.00533677116164 3.80438344974 842.878671349 
16 0.00524208529885 2.54432502516 844.13882446 
17 0.0051797002817 1.70161249846 844.981599371 
18 0.00513839301482 1.13801664887 845.545236528 
19 0.00511095131208 0.761090951153 845.922189668 
20 0.00509268050052 0.509007785666 846.174291104 
21 0.00508049768769 0.34041776571 846.342893307 
22 0.00507236625322 0.227666936786 846.455652267 
23 0.00506693532361 0.152260664843 846.53106397 
24 0.00506330642838 0.101829863141 846.5814984 
25 0.00506088092629 0.0681024676431 846.615228221 
26 0.0050592594315 0.0455460306572 846.63778628 
27 0.00505817528733 0.0304605851108 846.65287281 
28 0.00505745035548 0.0203716337589 846.662962486 
29 0.00505696558901 0.0136242810675 846.669710323 
30 0.0050566414094 0.00911173887231 846.67422319 
31 0.00505642461383 0.00609380999762 846.677241335 
32 0.005056279629 0.00407545650319 846.679259834 
33 0.00505618266698 0.00272560323686 846.680609784 
34 0.00505611782762 0.00182292971461 846.681512522 
35 0.00505607445893 0.00121915637399 846.682116339 
36 0.00505604545208 0.00081532466054 846.6825202 
37 0.00505602605585 0.000545292889441 846.682790251 
38 0.00505601308146 0.00036466292222 846.682970894 
39 0.00505600440022 0.000243800877478 846.683091765 
40 0.00505599860071 0.000163061202237 846.68317251 
41 0.00505599472194 0.000109060708172 846.683226515 
42 0.00505599212954 7.29710298758e-05 846.683262607 
43 0.00505599039911 4.88793501449e-05 846.6832867 
44 0.00505598924008 3.27432914549e-05 846.683302837 
45 0.00505598845837 2.18606907687e-05 846.683313721 
46 0.00505598793484 1.45698189024e-05 846.683321012 
47 0.00505598758093 9.64381705819e-06 846.683325939 
48 0.00505598734844 6.40696410103e-06 846.683329176 
49 0.0050559871969 4.29788148856e-06 846.683331285 
50 0.00505598709947 2.94136603144e-06 846.683332642 
51 0.00505598703319 2.01873579119e-06 846.683333564 
52 0.00505598698692 1.37536091369e-06 846.683334208 
53 0.00505598695509 9.31453074362e-07 846.683334652 
54 0.0050559869336 6.30786435046e-07 846.683334952 
55 0.00505598691893 4.26796132125e-07 846.683335156 
56 0.00505598690904 2.88777992397e-07 846.683335294 
57 0.00505598690233 1.96530862511e-07 846.683335387 
58 0.0050559868979 1.33648111478e-07 846.683335449 
59 0.00505598689483 9.05134912133e-08 846.683335493 
60 0.00505598689267 6.1440884536e-08 846.683335522 
61 0.00505598689131 4.1737159511e-08 846.683335541 
62 0.00505598689028 2.81225032841e-08 846.683335555 
63 0.00505598688903 9.74162083584e-09 846.683335573 
64 0.0050559868879 -5.2580827083e-09 846.683335588 
65 0.00505598688699 -1.68766073483e-08 846.6833356 
66 0.00505598688653 -2.51139530843e-08 846.683335608 
67 0.00505598688608 -2.99701199161e-08 846.683335613 
68 0.00505598688596 -3.14451078439e-08 846.683335615 
69 0.00505598688619 -2.95389168675e-08 846.683335613 
70 0.00505598688653 -2.42515469871e-08 846.683335607 
