Time S I R
0 915.030147741 1 0
1 783.856712732 120.310150036 11.8632849725
2 51.2526196821 643.79877446 220.978753599
3 2.00135718866 444.406836777 469.621953775
4 0.240868443413 283.815994561 631.973284736
5 0.0624942754176 180.565586566 735.402066899
6 0.0264873757704 114.819020354 801.184640011
7 0.015359795188 73.0029696083 843.011818337
8 0.0108577641681 46.4139491622 869.605340814
9 0.00870911685593 29.5085954271 886.512843197
10 0.00756988362718 18.7605087089 897.262069148
11 0.00692435891722 11.9271974385 904.096025943
12 0.00654286484428 7.58281276458 908.440792111
13 0.00631133823026 4.82082976168 911.203006641
14 0.00616842144564 3.06487306427 912.959106255
15 0.00607924864971 1.94851175262 914.075556739
16 0.00602322825034 1.2387776878 914.785346825
17 0.0059878817749 0.787559833415 915.236600025
18 0.00596551802801 0.500695504851 915.523486718
19 0.00595134361856 0.318319906203 915.705876491
20 0.00594234968253 0.202373603855 915.821831787
21 0.00593663881 0.128660106335 915.895550995
22 0.00593301094068 0.0817962826108 915.942418447
23 0.0059307056614 0.0520024171617 915.972214618
24 0.00592924053421 0.0330608112575 915.991157689
25 0.00592830926007 0.021018584689 916.003200847
26 0.00592771727395 0.0133626789607 916.010857344
27 0.00592734094619 0.00849539056691 916.015725009
28 0.0059271017077 0.00540100665745 916.018819632
29 0.00592694961961 0.00343378727897 916.020787004
30 0.00592685292656 0.002183062413 916.022037825
31 0.00592679145359 0.00138789963422 916.02283305
32 0.00592675237328 0.000882384120863 916.023338604
33 0.00592672752498 0.000560962188272 916.023660051
34 0.00592671172853 0.000356628218135 916.023864401
35 0.00592670168544 0.000226715818183 916.023994323
36 0.00592669530226 0.000144146580049 916.024076899
37 0.00592669123967 9.15946782546e-05 916.024129455
38 0.00592668865761 5.81937758943e-05 916.024162858
39 0.00592668702177 3.7033019587e-05 916.024184021
40 0.00592668598063 2.35647095771e-05 916.02419749
41 0.00592668531829 1.49979856636e-05 916.024206057
42 0.00592668489912 9.57574267863e-06 916.02421148
43 0.00592668463082 6.10685908032e-06 916.024214949
44 0.00592668445688 3.85562406771e-06 916.024217201
45 0.00592668434581 2.41983498283e-06 916.024218636
46 0.00592668427555 1.51019869983e-06 916.024219546
47 0.00592668423246 9.55091077038e-07 916.024220101
48 0.00592668420632 6.17146139206e-07 916.024220439
49 0.00592668418983 4.03095024888e-07 916.024220653
50 0.00592668417903 2.62887014041e-07 916.024220794
51 0.00592668417175 1.69985886911e-07 916.024220886
52 0.00592668416709 1.09451762397e-07 916.024220947
53 0.00592668416414 7.04555901079e-08 916.024220986
54 0.0059266841622 4.54287685192e-08 916.024221011
55 0.00592668416004 1.80257563651e-08 916.024221038
56 0.00592668415834 -4.46400613216e-09 916.024221061
57 0.00592668415709 -2.03280174357e-08 916.024221077
58 0.00592668415641 -2.95662775455e-08 916.024221086
59 0.00592668415618 -3.21787864616e-08 916.024221089
60 0.00592668415652 -2.8165544184e-08 916.024221085
61 0.00592668415663 -2.56375571458e-08 916.024221082
62 0.00592668415652 -2.8413971953e-08 916.024221085
63 0.00592668415641 -2.93581549861e-08 916.024221086
64 0.00592668415652 -2.84701062451e-08 916.024221085
65 0.00592668415663 -2.574982573e-08 916.024221082
66 0.00592668415709 -2.11973134408e-08 916.024221078
67 0.00592668415732 -1.70436086964e-08 916.024221074
68 0.00592668415743 -1.50309066927e-08 916.024221071
69 0.00592668415754 -1.3018204689e-08 916.024221069
70 0.00592668415777 -1.10055026852e-08 916.024221067
