Time S I R
0 831.251989026 1 0
1 803.914142332 26.0704101416 2.26743655208
2 432.811743328 355.188690306 44.2515553917
3 43.8481092564 588.907835733 199.496044036
4 4.36219892648 471.914220486 355.975569613
5 0.740160539846 355.254091537 476.257736948
6 0.19583400348 265.634122538 566.422032484
7 0.0724817848615 198.386680422 633.792826819
8 0.0345191278278 148.118328031 684.099141867
9 0.0198271972191 110.575478052 721.656683777
10 0.0131117273276 82.5449009164 749.693976382
11 0.00963350253289 61.6188296502 770.623525873
12 0.00765175228764 45.9971944006 786.247142873
13 0.00644265604569 34.3357270595 797.90981931
14 0.0056662580638 25.6306246495 806.615698118
15 0.00514833125749 19.1324666207 813.114374074
16 0.00479285859126 14.2817676095 817.965428557
17 0.00454360408457 10.6608631492 821.586582272
18 0.00436601911645 7.95796733836 824.289655668
19 0.00423800219846 5.94034671373 826.30740431
20 0.00414489732111 4.43426093714 827.813583191
21 0.00407673378436 3.31001932843 828.937892963
22 0.00402658418841 2.47081180058 829.777150641
23 0.00398955213268 1.84437329457 830.403626179
24 0.00396213119325 1.37675870091 830.871268194
25 0.00394178540864 1.02770103951 831.220346201
26 0.00392666618575 0.767142067114 831.480920292
27 0.00391541803754 0.572644008078 831.6754296
28 0.00390704271058 0.427458144494 831.820623838
29 0.00390080252043 0.319082180554 831.929006043
30 0.00389615093775 0.238183367299 832.009909507
31 0.00389268231493 0.177795299424 832.070301044
32 0.00389009511889 0.132717677178 832.115381253
33 0.00388816499969 0.0990689893169 832.149031871
34 0.00388672485781 0.0739514211319 832.17415088
35 0.00388565019182 0.0552020631454 832.192901312
36 0.0038848481862 0.041206343801 832.206897834
37 0.0038842496258 0.0307590431879 832.217345733
38 0.00388380288314 0.0229605240241 832.225144699
39 0.00388346943862 0.0171392014247 832.230966355
40 0.00388322055335 0.0127937972445 832.235312008
41 0.00388303477962 0.00955010622863 832.238555885
42 0.00388289611203 0.00712880894874 832.240977321
43 0.00388279260505 0.00532139814541 832.242784835
44 0.00388271534052 0.00397219482058 832.244134115
45 0.00388265767128 0.00296514753997 832.24514122
46 0.00388261462456 0.00221343819376 832.245892973
47 0.00388258248893 0.00165225840396 832.246454185
48 0.0038825585001 0.00123334285002 832.246873124
49 0.00388254059374 0.00092064453449 832.24718584
50 0.00388252722792 0.000687231881383 832.247419267
51 0.00388251725053 0.000512995823118 832.247593513
52 0.00388250979711 0.000382834945235 832.247723681
53 0.00388250423714 0.000285741585629 832.24782078
54 0.00388250008973 0.000213313865546 832.247893212
55 0.00388249699381 0.000159248299257 832.24794728
56 0.00388249468165 0.000118870676165 832.24798766
57 0.00388249295463 8.8711284855e-05 832.248017821
58 0.00388249166781 6.6237068736e-05 832.248040297
59 0.00388249070772 4.94728782921e-05 832.248057062
60 0.0038824899915 3.69632566426e-05 832.248069572
61 0.00388248945569 2.76078124967e-05 832.248078928
62 0.00388248905494 2.0608965086e-05 832.248085928
63 0.00388248875629 1.53933145879e-05 832.248091144
64 0.00388248853358 1.15025512933e-05 832.248095035
65 0.00388248836771 8.6069599891e-06 832.24809793
66 0.00388248824368 6.43948150006e-06 832.248100098
67 0.00388248815091 4.82183017411e-06 832.248101716
68 0.00388248808031 3.58898078493e-06 832.248102949
69 0.00388248802744 2.66653474718e-06 832.248103871
70 0.00388248798686 1.95738153214e-06 832.24810458
