Time S I R
0 880.848156707 1 0
1 549.740761658 300.195603839 31.9117912111
2 7.3460781533 550.48629859 324.015779964
3 0.266306457947 333.003151664 548.578698586
4 0.0364945493869 198.70954677 683.102115388
5 0.0111428019291 118.49548945 763.341524455
6 0.0054999711125 70.6551641214 811.187492615
7 0.00360911222276 42.1283932743 839.716154321
8 0.00280721127001 25.1189742897 856.726375206
9 0.00241661075961 14.9770756078 866.868664489
10 0.00221006965432 8.92998067763 872.91596596
11 0.002095425368 5.3244383274 876.521622955
12 0.00202991924448 3.17465434177 878.671472446
13 0.00199184049211 1.89286216082 879.953302706
14 0.00196947730274 1.12860394051 880.71758329
15 0.00195626311836 0.672920873913 881.17327957
16 0.00194842651024 0.40122349971 881.444984781
17 0.00194376895195 0.239226230273 881.606986708
18 0.00194099722125 0.142636662869 881.703579047
19 0.00193934647871 0.0850458514115 881.761171509
20 0.00193836290737 0.0507078710109 881.795510473
21 0.00193777669892 0.0302341455465 881.815984785
22 0.0019374272614 0.0180268561792 881.828192424
23 0.00193721894209 0.0107483606985 881.835471128
24 0.00193709474479 0.00640863630036 881.839810976
25 0.00193702069851 0.00382116647484 881.84239852
26 0.00193697654856 0.00227834993585 881.843941381
27 0.00193695022654 0.00135850750974 881.84486125
28 0.00193693452957 0.00080996558986 881.845409807
29 0.00193692517155 0.000482932758521 881.845736849
30 0.00193691959134 0.000287923468175 881.845931864
31 0.00193691626509 0.000171687210553 881.846048104
32 0.00193691427921 0.000102286125275 881.846117507
33 0.00193691309664 6.09641003384e-05 881.84615883
34 0.00193691239224 3.63431144994e-05 881.846183452
35 0.00193691197387 2.17211783188e-05 881.846198074
36 0.00193691172433 1.29970468187e-05 881.846206799
37 0.00193691157529 7.78884848367e-06 881.846212007
38 0.00193691148081 4.48980298914e-06 881.846215306
39 0.00193691142988 2.70914015084e-06 881.846217087
40 0.00193691139759 1.57850529042e-06 881.846218217
41 0.00193691137929 9.43096875809e-07 881.846218853
42 0.00193691136894 5.79880667979e-07 881.846219216
43 0.00193691136269 3.57056750854e-07 881.846219439
44 0.0019369113586 2.17312814664e-07 881.846219579
45 0.00193691135621 1.3138534852e-07 881.846219665
46 0.00193691135473 7.95480291298e-08 881.846219716
47 0.00193691135394 4.83365773693e-08 881.846219748
48 0.00193691135337 2.8803223706e-08 881.846219767
49 0.00193691135269 5.45080244045e-09 881.846219791
50 0.00193691135212 -1.20454024447e-08 881.846219808
51 0.00193691135189 -2.36853909495e-08 881.84621982
52 0.00193691135166 -2.94691630739e-08 881.846219825
53 0.00193691135166 -2.93967188179e-08 881.846219825
54 0.00193691135189 -2.34680581814e-08 881.846219819
55 0.001936911352 -2.24793442931e-08 881.846219818
56 0.00193691135189 -2.40064924816e-08 881.84621982
57 0.00193691135189 -2.40594726993e-08 881.84621982
58 0.001936911352 -2.26382849459e-08 881.846219819
59 0.00193691135212 -1.97429292217e-08 881.846219816
60 0.00193691135223 -1.53734055264e-08 881.846219811
61 0.00193691135235 -1.13211859941e-08 881.846219807
62 0.00193691135235 -9.89462987284e-09 881.846219806
63 0.00193691135246 -8.46807375159e-09 881.846219804
64 0.00193691135246 -7.04151763033e-09 881.846219803
65 0.00193691135246 -5.61496150908e-09 881.846219802
66 0.00193691135257 -4.18840538782e-09 881.8462198
67 0.00193691135246 -2.76184926657e-09 881.846219799
68 0.00193691135257 -2.71665333494e-09 881.846219799
69 0.00193691135257 -2.67449667931e-09 881.846219799
70 0.00193691135257 -2.63234002367e-09 881.846219799
