Time S I R
0  824.763399968 1 0
1 811.213744484 10.5848392147 3.96481626902 
2 692.578521133 91.3765865833 41.8082922515 
3 317.568192733 279.759096981 228.436110253 
4 105.388381503 227.927366883 492.447651583 
5 53.1185159711 116.212187813 656.432696184 
6 38.2808775828 52.6451431778 734.837379207 
7 33.0945823284 22.9868519685 769.681965671 
8 31.0699342632 9.90168337733 784.791782327 
9 30.2386747941 4.24209760493 791.282627569 
10 29.8897787106 1.81331571935 794.060305538 
11 29.7419417734 0.774378742529 795.247079452 
12 29.6790435743 0.33056598999 795.753790404 
13 29.6522364711 0.141087315661 795.970076181 
14 29.6408028538 0.0602124066568 796.062384707 
15 29.6359247025 0.0256962960171 796.101778969 
16 29.6338431565 0.0109660225191 796.118590789 
17 29.632954906 0.00467986686485 796.125765195 
18 29.6325758423 0.00199716424579 796.128826961 
19 29.6324140754 0.000852299245788 796.130133593 
20 29.6323450383 0.000363703411078 796.130691226 
21 29.6323155805 0.000155222238512 796.130929165 
22 29.6323029961 6.61585360986e-05 796.131030813 
23 29.632297645 2.82869171164e-05 796.131074036 
24 29.6322953616 1.21270804189e-05 796.131092479 
25 29.632294379 5.17279432816e-06 796.131100416 
26 29.6322939524 2.15314698653e-06 796.131103862 
27 29.6322937764 9.07611479951e-07 796.131105284 
28 29.6322937059 4.09042668561e-07 796.131105853 
29 29.6322936736 1.80120329113e-07 796.131106114 
30 29.6322936593 7.8884488953e-08 796.13110623 
31 29.632293653 3.46990841316e-08 796.13110628 
32 29.6322936481 -1.92840235369e-10 796.13110632 
33 29.6322936449 -2.2959965058e-08 796.131106346 
34 29.6322936439 -3.00630032397e-08 796.131106354 
35 29.6322936451 -2.15019547806e-08 796.131106344 
36 29.6322936448 -2.36964631077e-08 796.131106347 
37 29.6322936448 -2.3387520552e-08 796.131106346 
38 29.6322936454 -1.9149151472e-08 796.131106342 
39 29.6322936465 -1.15064368215e-08 796.131106333 
40 29.6322936468 -9.19824738732e-09 796.13110633 
41 29.6322936472 -6.89005795313e-09 796.131106328 
42 29.6322936475 -4.58186851894e-09 796.131106325 
43 29.6322936477 -2.69770729986e-09 796.131106323 
44 29.6322936478 -2.62978869037e-09 796.131106323 
45 29.6322936478 -2.56187008089e-09 796.131106323 
46 29.6322936478 -2.4939514714e-09 796.131106323 
47 29.6322936478 -2.42603286191e-09 796.131106323 
48 29.6322936478 -2.35811425242e-09 796.131106322 
49 29.6322936478 -2.29019564294e-09 796.131106322 
50 29.6322936478 -2.22227703345e-09 796.131106322 
51 29.6322936478 -2.15435842396e-09 796.131106322 
52 29.6322936478 -2.08643981447e-09 796.131106322 
53 29.6322936478 -2.01852120499e-09 796.131106322 
54 29.6322936479 -1.9506025955e-09 796.131106322 
55 29.6322936479 -1.88268398601e-09 796.131106322 
56 29.6322936479 -1.81476537652e-09 796.131106322 
57 29.6322936479 -1.74684676704e-09 796.131106322 
58 29.6322936479 -1.67892815755e-09 796.131106322 
59 29.6322936479 -1.61100954806e-09 796.131106322 
60 29.6322936479 -1.54309093857e-09 796.131106322 
61 29.6322936479 -1.47517232909e-09 796.131106321 
62 29.6322936479 -1.4072537196e-09 796.131106321 
63 29.6322936479 -1.33933511011e-09 796.131106321 
64 29.632293648 -1.27141650062e-09 796.131106321 
65 29.632293648 -1.20349789114e-09 796.131106321 
66 29.632293648 -1.13557928165e-09 796.131106321 
67 29.632293648 -1.06766067216e-09 796.131106321 
68 29.632293648 -9.99742062675e-10 796.131106321 
69 29.632293648 -9.31823453188e-10 796.131106321 
70 29.632293648 -8.639048437e-10 796.131106321 
