Time S I R
0  953.796576615 1 0
1 259.845969785 567.054551865 127.896054965 
2 2.16601120106 353.885582028 598.744983386 
3 0.253044958985 144.597469567 809.94606209 
4 0.10557666363 58.7531983251 895.937801627 
5 0.0740191699705 23.8570730288 930.865484417 
6 0.0640795611298 9.68565307236 945.046843982 
7 0.0604361870353 3.93202106916 950.804119359 
8 0.0590169418359 1.59622262901 953.141337045 
9 0.0584503540936 0.647988641372 954.09013762 
10 0.058221903168 0.263050929777 954.475303782 
11 0.0581294185882 0.106785270792 954.631661926 
12 0.0580919165334 0.0433493608878 954.695135338 
13 0.0580766995324 0.0175976299696 954.720902286 
14 0.0580705233424 0.0071437361899 954.731362356 
15 0.0580680163658 0.0029000802881 954.735608519 
16 0.0580669986454 0.00117729274497 954.737332324 
17 0.0580665854974 0.000477911330291 954.738032119 
18 0.0580664177763 0.000193989753161 954.738316208 
19 0.058066349697 7.87434195309e-05 954.738431522 
20 0.0580663220563 3.19525401307e-05 954.738478341 
21 0.0580663108572 1.29940146792e-05 954.738497311 
22 0.0580663063258 5.32355007374e-06 954.738504986 
23 0.0580663044313 2.11644880026e-06 954.738508195 
24 0.0580663036767 8.38722808838e-07 954.738509473 
25 0.0580663033893 3.5210284249e-07 954.73850996 
26 0.0580663032699 1.50064229808e-07 954.738510162 
27 0.0580663032181 6.22361439304e-08 954.73851025 
28 0.0580663031933 2.05453489217e-08 954.738510292 
29 0.0580663031726 -1.45384936145e-08 954.738510327 
30 0.0580663031635 -2.99563715819e-08 954.738510342 
31 0.0580663031659 -2.57082849807e-08 954.738510338 
32 0.0580663031666 -2.46991456575e-08 954.738510337 
33 0.0580663031665 -2.48519229396e-08 954.738510337 
34 0.0580663031694 -1.99396021731e-08 954.738510332 
35 0.0580663031737 -1.23902061344e-08 954.738510325 
36 0.0580663031755 -9.57506958184e-09 954.738510322 
37 0.0580663031772 -6.75993302932e-09 954.738510319 
38 0.0580663031789 -3.94479647679e-09 954.738510316 
39 0.0580663031794 -3.0616616116e-09 954.738510315 
40 0.0580663031794 -2.97553982888e-09 954.738510315 
41 0.0580663031795 -2.88941804616e-09 954.738510315 
42 0.0580663031795 -2.80329626344e-09 954.738510315 
43 0.0580663031797 -2.71717448072e-09 954.738510315 
44 0.0580663031797 -2.631052698e-09 954.738510315 
45 0.0580663031797 -2.54493091528e-09 954.738510315 
46 0.0580663031798 -2.45880913256e-09 954.738510315 
47 0.0580663031798 -2.37268734984e-09 954.738510315 
48 0.0580663031799 -2.28656556712e-09 954.738510315 
49 0.0580663031799 -2.2004437844e-09 954.738510314 
50 0.05806630318 -2.11432200168e-09 954.738510314 
51 0.05806630318 -2.02820021896e-09 954.738510314 
52 0.0580663031801 -1.94207843624e-09 954.738510314 
53 0.0580663031801 -1.85595665352e-09 954.738510314 
54 0.0580663031802 -1.7698348708e-09 954.738510314 
55 0.0580663031802 -1.68371308808e-09 954.738510314 
56 0.0580663031803 -1.59759130536e-09 954.738510314 
57 0.0580663031803 -1.51146952264e-09 954.738510314 
58 0.0580663031803 -1.42534773992e-09 954.738510314 
59 0.0580663031805 -1.3392259572e-09 954.738510314 
60 0.0580663031805 -1.25310417447e-09 954.738510313 
61 0.0580663031806 -1.16698239175e-09 954.738510313 
62 0.0580663031806 -1.08086060903e-09 954.738510313 
63 0.0580663031807 -9.94738826314e-10 954.738510313 
64 0.0580663031807 -9.08617043594e-10 954.738510313 
65 0.0580663031808 -8.22495260873e-10 954.738510313 
66 0.0580663031808 -7.36373478153e-10 954.738510313 
67 0.0580663031809 -6.50251695433e-10 954.738510313 
68 0.0580663031809 -5.64129912712e-10 954.738510313 
69 0.058066303181 -4.78008129992e-10 954.738510313 
70 0.058066303181 -3.91886347272e-10 954.738510313 
