Time S I R
0 821.555434773 1 0
1 669.003137769 142.120188005 11.4321089985
2 28.3132617776 606.803478067 187.438694928
3 0.823436857737 437.403637017 384.328360898
4 0.0700291145224 300.982875455 521.502530203
5 0.0128599425373 206.756767623 615.785807207
6 0.0040121890562 142.005435753 680.54598683
7 0.00180434312858 97.5295465394 725.02408389
8 0.00104501495525 66.9830397249 755.571350033
9 0.000717535275385 46.0035736393 776.551143598
10 0.000553905442189 31.594939322 790.959941545
11 0.000463689740172 21.6991724079 800.855798675
12 0.000410389523154 14.9028256569 807.652198726
13 0.000377372472713 10.2351318365 812.319925564
14 0.000356248924163 7.02940229237 815.525676231
15 0.000342430866453 4.82773371187 817.72735863
16 0.000333252324367 3.31564406077 819.23945746
17 0.000327091512531 2.27715502984 820.277952651
18 0.000322926464833 1.56392994671 820.9911819
19 0.00032009671952 1.07409328763 821.481021388
20 0.000318167654541 0.737677704549 821.817438901
21 0.000316849531259 0.506630486835 822.048487436
22 0.000315947421541 0.347949352076 822.207169473
23 0.00031532934895 0.238968502169 822.316150941
24 0.000314905562959 0.164121440949 822.390998426
25 0.00031461484059 0.112717143718 822.442403014
26 0.000314415329967 0.0774130621241 822.477707295
27 0.000314278381779 0.0531666131512 822.501953881
28 0.000314184361287 0.0365143456463 822.518606243
29 0.000314119805239 0.0250777285237 822.530042924
30 0.000314075476467 0.0172231564246 822.537897541
31 0.000314045035566 0.0118287105839 822.543292017
32 0.000314024130375 0.00812382243883 822.546996926
33 0.000314009774229 0.00557942345758 822.54954134
34 0.000313999914852 0.00383195397077 822.551288819
35 0.000313993143436 0.00263176287228 822.552489017
36 0.000313988493076 0.00180748464625 822.5533133
37 0.000313985299385 0.00124140928619 822.553879378
38 0.000313983105798 0.000852568519923 822.554268221
39 0.00031398159922 0.000585517034489 822.554535274
40 0.000313980564556 0.00040212496745 822.554718667
41 0.0003139798539 0.000276160536553 822.554844632
42 0.000313979365956 0.000189667827984 822.554931126
43 0.000313979030921 0.000130265116359 822.554990529
44 0.000313978800136 8.93835095516e-05 822.55503141
45 0.000313978642225 6.13713107468e-05 822.555059423
46 0.000313978534109 4.21941829327e-05 822.5550786
47 0.000313978459644 2.89984702556e-05 822.555091796
48 0.000313978408599 1.99284945113e-05 822.555100866
49 0.000313978373583 1.37213698097e-05 822.555107073
50 0.000313978349595 9.47121016219e-06 822.555111323
51 0.000313978332883 6.5017032087e-06 822.555114293
52 0.000313978321174 4.43778718927e-06 822.555116357
53 0.000313978313102 3.01090483036e-06 822.555117784
54 0.000313978307531 2.04589543262e-06 822.555118749
55 0.000313978303893 1.38445154111e-06 822.55511941
56 0.000313978301619 9.52181658458e-07 822.555119842
57 0.000313978299914 6.67630063872e-07 822.555120127
58 0.000313978298777 4.68674863707e-07 822.555120326
59 0.000313978297982 3.29255214706e-07 822.555120465
60 0.000313978297299 2.29888940265e-07 822.555120565
61 0.000313978296958 1.59196620094e-07 822.555120635
62 0.000313978296617 1.1046768009e-07 822.555120684
63 0.00031397829639 7.6848244512e-08 822.555120718
64 0.000313978296276 5.33541790145e-08 822.555120741
65 0.000313978296276 3.72590929261e-08 822.555120757
66 0.000313978296163 2.37179152439e-08 822.555120771
67 0.000313978296049 7.46170940065e-09 822.555120787
68 0.000313978295935 -5.86192928608e-09 822.5551208
69 0.000313978295935 -1.62530008163e-08 822.555120811
70 0.000313978295935 -2.37115051901e-08 822.555120818
