Time S I R
0 810.164639633 1 0
1 731.184990013 71.1106214178 8.86902820236
2 104.246885265 529.619307647 177.298446721
3 6.0409823149 381.547646363 423.576010955
4 0.986003215771 229.857471256 580.321165161
5 0.333620408543 136.796042911 674.034976313
6 0.175190606227 81.2470536346 729.742395392
7 0.119511325783 48.2269589306 762.818169377
8 0.0952385320504 28.6202977595 782.449103342
9 0.0832343229216 16.9829475156 794.098457795
10 0.0768388914556 10.0769312065 801.010869535
11 0.0732791823849 5.97903439987 805.112326051
12 0.0712455124014 3.54753276543 807.545861355
13 0.0700656754772 2.10483338478 808.989740573
14 0.0693749138896 1.24883969905 809.84642502
15 0.0689682961427 0.740959169221 810.354712168
16 0.0687281703371 0.439623564993 810.656287898
17 0.0685860952675 0.26083581737 810.835217721
18 0.0685019387219 0.154758012384 810.941379682
19 0.0684520560944 0.0918202955327 811.004367282
20 0.0684224771639 0.0544783842452 811.041738772
21 0.0684049335807 0.0323228548537 811.063911845
22 0.0683945268352 0.0191776421561 811.077067464
23 0.0683883531037 0.0113783871384 811.084872893
24 0.0683846903983 0.006750969854 811.089503973
25 0.0683825173262 0.00400542018297 811.092251696
26 0.0683812281244 0.00237654745888 811.093881858
27 0.0683804631959 0.00141006577779 811.094849104
28 0.0683800093359 0.00083661199126 811.095423012
29 0.0683797400576 0.00049637615798 811.095763517
30 0.0683795802117 0.000294408355045 811.095965645
31 0.0683794854627 0.00017469131799 811.096085456
32 0.0683794292424 0.000103656169372 811.096156548
33 0.0683793958832 6.15059021058e-05 811.096198731
34 0.0683793761266 3.65430826661e-05 811.096223714
35 0.0683793643756 2.16955606427e-05 811.096238573
36 0.0683793574028 1.28853815841e-05 811.09624739
37 0.0683793532785 7.67436163495e-06 811.096252606
38 0.0683793508255 4.57477291845e-06 811.096255708
39 0.0683793493388 2.69631717267e-06 811.096257587
40 0.0683793484533 1.57737033979e-06 811.096258707
41 0.0683793479319 9.18714552962e-07 811.096259367
42 0.0683793476337 5.41822768302e-07 811.096259744
43 0.0683793474656 3.29396438135e-07 811.096259956
44 0.0683793473648 2.02035076453e-07 811.096260084
45 0.0683793473021 1.22750430811e-07 811.096260163
46 0.0683793472633 7.38805880675e-08 811.096260212
47 0.0683793472392 4.33412196412e-08 811.096260243
48 0.0683793472119 8.80526826883e-09 811.096260277
49 0.068379347192 -1.61599479967e-08 811.096260302
50 0.06837934718 -3.15544291556e-08 811.096260318
51 0.0683793471753 -3.73781752076e-08 811.096260323
52 0.0683793471783 -3.3631186153e-08 811.09626032
53 0.0683793471819 -2.91383656795e-08 811.096260315
54 0.0683793471793 -3.23538030658e-08 811.096260318
55 0.0683793471787 -3.29783318757e-08 811.096260319
56 0.0683793471803 -3.10119521092e-08 811.096260317
57 0.068379347184 -2.64546637663e-08 811.096260312
58 0.0683793471895 -1.93064668471e-08 811.096260305
59 0.0683793471916 -1.68187634855e-08 811.096260303
60 0.0683793471935 -1.43416964178e-08 811.0962603
61 0.0683793471954 -1.18646293502e-08 811.096260298
62 0.0683793471975 -9.38756228248e-09 811.096260295
63 0.0683793471994 -6.91049521481e-09 811.096260293
64 0.0683793472012 -4.73485081461e-09 811.096260291
65 0.0683793472012 -4.65356044946e-09 811.096260291
66 0.0683793472014 -4.57227008431e-09 811.096260291
67 0.0683793472014 -4.49097971917e-09 811.09626029
68 0.0683793472015 -4.40968935402e-09 811.09626029
69 0.0683793472016 -4.32839898887e-09 811.09626029
70 0.0683793472016 -4.24710862373e-09 811.09626029
