Time S I R
0  905.499297334 1 0
1 899.516271255 6.13360496774 0.84942111149 
2 864.352165447 36.188273488 5.95885839934 
3 699.201949667 174.169747617 33.1276000502 
4 339.652707851 441.206823822 125.639765661 
5 104.309159172 525.284772346 276.905365816 
6 32.9328367683 448.94027535 424.626185215 
7 12.9596776034 349.415743853 544.123875877 
8 6.34314498003 264.487960245 635.668192108 
9 3.70449728477 198.213929561 704.580870488 
10 2.47795064506 147.914277522 756.107069167 
11 1.83618853608 110.147970056 794.515138742 
12 1.46905055996 81.9306717009 823.099575073 
13 1.24450941344 60.9008418362 844.353946084 
14 1.10018186144 45.2497706069 860.149344866 
15 1.00390511011 33.6116040816 871.883788142 
16 0.937890863675 24.9620803637 880.599326107 
17 0.891691376871 18.5359903965 887.071615561 
18 0.858865732729 13.7629445691 891.877487032 
19 0.835277699525 10.2182952278 895.445724407 
20 0.818185185927 7.58621451698 898.094897631 
21 0.8057221621 5.63192117656 900.061653995 
22 0.796592831326 4.18097241458 901.521732088 
23 0.789882471665 3.10377191047 902.605642952 
24 0.784937643601 2.30407520356 903.410284487 
25 0.781286919796 1.71040609585 904.007604318 
26 0.778587823019 1.26969132051 904.45101819 
27 0.776590236953 0.94252981058 904.780177286 
28 0.775110685161 0.699664834696 905.024521814 
29 0.774014201878 0.519378405534 905.205904726 
30 0.773201259607 0.385546436491 905.340549638 
31 0.772598346829 0.286199453951 905.440499533 
32 0.772151095762 0.212451735151 905.514694503 
33 0.771819260152 0.157707203303 905.56977087 
34 0.771573023579 0.117069064801 905.610655246 
35 0.77139028872 0.0869026139965 905.641004431 
36 0.771254668974 0.0645094261418 905.663533239 
37 0.771154011476 0.047886552307 905.68025677 
38 0.771079300047 0.0355470756329 905.692670958 
39 0.771023845059 0.0263872499151 905.701886239 
40 0.770982682375 0.0195877392351 905.708726912 
41 0.770952127959 0.0145403325118 905.713804873 
42 0.770929447659 0.0107935524512 905.717574334 
43 0.770912612097 0.00801225003351 905.720372472 
44 0.770900114998 0.00594763936454 905.72244958 
45 0.770890838253 0.00441503275684 905.723991463 
46 0.770883951956 0.00327733910846 905.725136043 
47 0.770878840638 0.00243288510094 905.725985608 
48 0.770875046399 0.00180602546485 905.726616262 
49 0.770872229531 0.00134063866885 905.727084466 
50 0.770870138577 0.000995182218917 905.727432013 
51 0.77086858642 0.000738742314941 905.727690005 
52 0.770867434257 0.000548387184683 905.727881512 
53 0.770866578667 0.000407030285406 905.728023725 
54 0.770865943445 0.000302081406614 905.728129309 
55 0.770865472196 0.000224223581988 905.728207638 
56 0.770865122614 0.000166467063437 905.728265744 
57 0.770864863029 0.000123579441755 905.728308891 
58 0.770864670422 9.1757718045e-05 905.728340906 
59 0.770864527726 6.81819709711e-05 905.728364624 
60 0.770864421848 5.06892189315e-05 905.728382223 
61 0.770864342748 3.76206484162e-05 905.72839537 
62 0.770864283934 2.79036313493e-05 905.728405146 
63 0.770864240068 2.06562092966e-05 905.728412438 
64 0.770864207646 1.52995290058e-05 905.728417827 
65 0.77086418297 1.12227388822e-05 905.728421928 
66 0.770864165415 8.32233510083e-06 905.728424846 
67 0.770864152442 6.17890662547e-06 905.728427003 
68 0.770864143277 4.66473500092e-06 905.728428526 
69 0.770864136309 3.51341622637e-06 905.728429684 
70 0.770864131154 2.66176637153e-06 905.728430541 
