Time S I R
0 922.171535343 1 0
1 915.00206089 6.09797299488 2.07150145824
2 873.594550222 35.2143908581 14.3625942626
3 692.331509728 154.756270174 76.0837554405
4 352.256232528 315.492516195 255.42278662
5 146.886044185 288.709504293 487.575986865
6 76.2919925234 185.436667457 661.442875362
7 51.4379052468 105.668387063 766.065243033
8 41.3050678036 57.5733099031 824.293157636
9 36.6945334566 30.7708295383 855.706172348
10 34.455190111 16.2979087326 872.418436499
11 33.3275129139 8.59377205425 881.250250375
12 32.7484900823 4.52114916512 885.901896095
13 32.4480948396 2.37577103277 888.347669471
14 32.2913973322 1.2476575153 889.632480495
15 32.2094225092 0.655009389261 890.307103445
16 32.166473341 0.343816854837 890.661245147
17 32.1439530879 0.180455007375 890.847127248
18 32.1321397269 0.0947088384432 890.944686778
19 32.1259414932 0.0497051883189 890.995888661
20 32.1226890307 0.0260860077388 891.022760305
21 32.1209822274 0.0136902197746 891.036862896
22 32.120086517 0.00718475489058 891.044264071
23 32.1196164451 0.0037705822414 891.048148316
24 32.1193697698 0.00197893536578 891.050186638
25 32.1192402985 0.00103855614843 891.051256488
26 32.1191723527 0.00054504880524 891.051817941
27 32.1191366795 0.00028594460324 891.052112719
28 32.1191179607 0.000149985130756 891.052267397
29 32.1191081638 7.88275097198e-05 891.052348352
30 32.1191030186 4.14566503367e-05 891.052390868
31 32.1191002921 2.16533029712e-05 891.052413397
32 32.1190988548 1.12134653003e-05 891.052425275
33 32.1190981219 5.89007699941e-06 891.052431331
34 32.1190977524 3.20681222764e-06 891.052434384
35 32.1190975507 1.7417056419e-06 891.052436051
36 32.1190974393 9.3256698835e-07 891.052436971
37 32.1190973796 4.9872217026e-07 891.052437465
38 32.1190973478 2.67961925758e-07 891.052437727
39 32.1190973308 1.44051448751e-07 891.052437868
40 32.1190973216 7.7291632852e-08 891.052437944
41 32.1190973166 4.14696358601e-08 891.052437985
42 32.1190973119 7.20586893543e-09 891.052438024
43 32.1190973085 -1.78004841242e-08 891.052438052
44 32.1190973067 -3.10745286607e-08 891.052438067
45 32.1190973064 -3.26162646741e-08 891.052438069
46 32.1190973076 -2.3964289369e-08 891.052438059
47 32.1190973071 -2.76716035982e-08 891.052438063
48 32.119097307 -2.82896948579e-08 891.052438064
49 32.1190973074 -2.58185631481e-08 891.052438061
50 32.1190973081 -2.02582084689e-08 891.052438055
51 32.1190973089 -1.4512252242e-08 891.052438049
52 32.1190973093 -1.21120149142e-08 891.052438046
53 32.1190973096 -9.71177758634e-09 891.052438043
54 32.1190973099 -7.3115402585e-09 891.05243804
55 32.1190973103 -4.91130293067e-09 891.052438038
56 32.1190973104 -3.68484055378e-09 891.052438036
57 32.1190973104 -3.60946783438e-09 891.052438036
58 32.1190973104 -3.53409511498e-09 891.052438036
59 32.1190973105 -3.45872239557e-09 891.052438036
60 32.1190973105 -3.38334967617e-09 891.052438036
61 32.1190973105 -3.30797695677e-09 891.052438036
62 32.1190973105 -3.23260423737e-09 891.052438036
63 32.1190973105 -3.15723151797e-09 891.052438036
64 32.1190973105 -3.08185879857e-09 891.052438036
65 32.1190973105 -3.00648607917e-09 891.052438035
66 32.1190973105 -2.93111335977e-09 891.052438035
67 32.1190973105 -2.85574064036e-09 891.052438035
68 32.1190973105 -2.78036792096e-09 891.052438035
69 32.1190973106 -2.70499520156e-09 891.052438035
70 32.1190973106 -2.62962248216e-09 891.052438035
