Time S I R
0  891.564861825 1 0
1 871.135725458 17.7011807697 3.72795559677 
2 622.781459043 212.082821352 57.7005814289 
3 140.543648357 454.90651829 297.114695178 
4 29.467137594 314.736576444 548.361147787 
5 11.2996561278 178.754743743 702.510461954 
6 6.63225588042 97.7321387274 788.200467217 
7 4.9648652137 52.8323604908 834.76763612 
8 4.2470070139 28.4344043721 859.883450439 
9 3.90495762683 15.2728685066 873.387035691 
10 3.73283774601 8.1954408712 880.636583208 
11 3.64365006825 4.39548877795 884.525722979 
12 3.5967031771 2.35683286654 886.611325781 
13 3.57178192637 1.26354454394 887.729535354 
14 3.55849280677 0.677361118837 888.329007899 
15 3.55138928933 0.363105686486 888.650366849 
16 3.54758726114 0.194641983427 888.82263258 
17 3.54555088079 0.104336251331 888.914974693 
18 3.54445978043 0.0559282620944 888.964473782 
19 3.54387504768 0.0299796114469 888.991007166 
20 3.54356164931 0.0160701477913 889.005230028 
21 3.54339366804 0.00861416854369 889.012853988 
22 3.54330362852 0.00461754592044 889.01694065 
23 3.54325536481 0.00247520071943 889.019131259 
24 3.54322949382 0.00132681869269 889.020305512 
25 3.54321562543 0.000711214097435 889.020934985 
26 3.54320819152 0.000381229033204 889.021272404 
27 3.54320420658 0.00020434038179 889.021453278 
28 3.54320207066 0.000109528409322 889.021550226 
29 3.54320092444 5.8648463971e-05 889.021602252 
30 3.54320031092 3.14145012736e-05 889.021630099 
31 3.54319998379 1.68937907537e-05 889.021644947 
32 3.54319980843 9.10967745686e-06 889.021652907 
33 3.54319971312 4.87870658167e-06 889.021657233 
34 3.54319966115 2.57203280567e-06 889.021659592 
35 3.54319963352 1.34520204259e-06 889.021660846 
36 3.54319961954 7.24988789363e-07 889.02166148 
37 3.54319961232 4.04479060502e-07 889.021661808 
38 3.54319960826 2.24078541979e-07 889.021661992 
39 3.54319960597 1.2231292006e-07 889.021662096 
40 3.54319960472 6.67536308127e-08 889.021662153 
41 3.54319960404 3.66310073504e-08 889.021662184 
42 3.54319960355 1.51445132717e-08 889.021662206 
43 3.54319960307 -6.348290469e-09 889.021662228 
44 3.54319960275 -2.07349748995e-08 889.021662243 
45 3.54319960258 -2.80155400198e-08 889.02166225 
46 3.54319960258 -2.81899858298e-08 889.02166225 
47 3.54319960273 -2.12583123296e-08 889.021662243 
48 3.54319960274 -2.10600063696e-08 889.021662243 
49 3.54319960272 -2.20131100658e-08 889.021662244 
50 3.54319960273 -2.1257722006e-08 889.021662243 
51 3.54319960279 -1.87938421902e-08 889.021662241 
52 3.54319960288 -1.46214706184e-08 889.021662236 
53 3.543199603 -9.46588886516e-09 889.021662231 
54 3.54319960303 -8.10644957534e-09 889.02166223 
55 3.54319960306 -6.74701028551e-09 889.021662228 
56 3.54319960309 -5.38757099568e-09 889.021662227 
57 3.54319960312 -4.02813170585e-09 889.021662226 
58 3.54319960315 -2.66869241602e-09 889.021662224 
59 3.54319960316 -2.15581891994e-09 889.021662224 
60 3.54319960316 -2.1178482643e-09 889.021662224 
61 3.54319960317 -2.07987760866e-09 889.021662224 
62 3.54319960317 -2.04190695302e-09 889.021662224 
63 3.54319960317 -2.00393629739e-09 889.021662224 
64 3.54319960317 -1.96596564175e-09 889.021662224 
65 3.54319960317 -1.92799498611e-09 889.021662223 
66 3.54319960317 -1.89002433047e-09 889.021662223 
67 3.54319960317 -1.85205367483e-09 889.021662223 
68 3.54319960317 -1.8140830192e-09 889.021662223 
69 3.54319960317 -1.77611236356e-09 889.021662223 
70 3.54319960317 -1.73814170792e-09 889.021662223 
