Time S I R
0  830.273784604 1 0
1 440.944335038 343.737536492 46.5919130732 
2 5.08292263136 451.010569212 375.180292761 
3 0.277691533923 241.765505651 589.230587419 
4 0.0591730466438 128.134794083 703.079817474 
5 0.0260692555419 67.8569167185 763.39079863 
6 0.0168961651225 35.9298058963 795.327082543 
7 0.0134285745438 19.0236364981 812.236719531 
8 0.0118909256049 10.0721748641 821.189718814 
9 0.0111494338199 5.33272070334 825.929914467 
10 0.0107757699685 2.82340043891 828.439608395 
11 0.0105830336812 1.49484130785 829.768360262 
12 0.0104823901664 0.791438488183 830.471863726 
13 0.0104294930258 0.419024056052 830.844331055 
14 0.0104015950327 0.221850591114 831.041532418 
15 0.0103868547621 0.117457744402 831.145940005 
16 0.0103790590689 0.0621875085998 831.201218036 
17 0.0103749340401 0.0329248985846 831.230484771 
18 0.0103727507275 0.0174319475833 831.245979906 
19 0.0103715949676 0.0092292676942 831.254183741 
20 0.0103709831056 0.00488637918468 831.258527242 
21 0.0103706591847 0.00258714270666 831.260826802 
22 0.0103704876818 0.00136976148084 831.262044355 
23 0.0103703968812 0.00072522169622 831.262688985 
24 0.0103703487929 0.000383868414749 831.263030387 
25 0.0103703233469 0.000203241431965 831.263211039 
26 0.0103703098717 0.000107586782269 831.263306707 
27 0.0103703027461 5.70052483035e-05 831.263357296 
28 0.0103702989737 3.02269206162e-05 831.263384078 
29 0.010370296972 1.60176673393e-05 831.263398289 
30 0.0103702959157 8.51921912371e-06 831.263405789 
31 0.0103702953523 4.52083536416e-06 831.263409788 
32 0.0103702950447 2.33779833482e-06 831.263411971 
33 0.0103702948882 1.2266583172e-06 831.263413082 
34 0.010370294806 6.42420467221e-07 831.263413667 
35 0.0103702947648 3.51068560662e-07 831.263413958 
36 0.0103702947425 1.92899366663e-07 831.263414116 
37 0.0103702947301 1.04272575173e-07 831.263414205 
38 0.0103702947233 5.61735524696e-08 831.263414253 
39 0.0103702947196 2.91559223623e-08 831.26341428 
40 0.0103702947155 -3.2646710554e-12 831.263414309 
41 0.0103702947127 -1.95256930442e-08 831.263414329 
42 0.0103702947114 -2.94113627571e-08 831.263414339 
43 0.0103702947114 -2.96602738098e-08 831.263414339 
44 0.0103702947124 -2.15700079062e-08 831.263414331 
45 0.0103702947119 -2.45989095812e-08 831.263414334 
46 0.0103702947119 -2.51576338778e-08 831.263414334 
47 0.0103702947122 -2.32461807962e-08 831.263414332 
48 0.0103702947127 -1.88645503362e-08 831.263414328 
49 0.0103702947135 -1.26986328717e-08 831.263414322 
50 0.0103702947139 -1.07526047989e-08 831.26341432 
51 0.0103702947141 -8.80657672617e-09 831.263414318 
52 0.0103702947144 -6.8605486534e-09 831.263414316 
53 0.0103702947148 -4.91452058063e-09 831.263414314 
54 0.010370294715 -3.05737070111e-09 831.263414312 
55 0.010370294715 -2.99817219052e-09 831.263414312 
56 0.010370294715 -2.93897367993e-09 831.263414312 
57 0.0103702947151 -2.87977516934e-09 831.263414312 
58 0.010370294715 -2.82057665876e-09 831.263414312 
59 0.010370294715 -2.76137814817e-09 831.263414312 
60 0.0103702947151 -2.70217963758e-09 831.263414312 
61 0.0103702947151 -2.64298112699e-09 831.263414312 
62 0.0103702947151 -2.58378261641e-09 831.263414312 
63 0.010370294715 -2.52458410582e-09 831.263414312 
64 0.0103702947151 -2.46538559523e-09 831.263414312 
65 0.0103702947151 -2.40618708464e-09 831.263414312 
66 0.0103702947151 -2.34698857406e-09 831.263414312 
67 0.0103702947152 -2.28779006347e-09 831.263414311 
68 0.0103702947151 -2.22859155288e-09 831.263414311 
69 0.0103702947151 -2.16939304229e-09 831.263414311 
70 0.0103702947151 -2.1101945317e-09 831.263414311 
