Time S I R
0 991.059926432 1 0
1 663.164168193 302.313928512 26.5818297267
2 8.97994540977 671.85453924 311.225441782
3 0.234230430131 439.321073311 552.504622691
4 0.022090652125 283.34831564 708.68952014
5 0.00481408866892 182.663081109 809.392031234
6 0.00180582785447 117.749213386 874.308907218
7 0.000962838798273 75.9035480721 916.155415521
8 0.000640334524178 48.9287116695 943.130574428
9 0.000492358160045 31.5402453787 960.519188695
10 0.000415636213233 20.33134112 971.728169675
11 0.000372635534859 13.1058840472 978.953669749
12 0.000347304807747 8.4482481588 983.611330968
13 0.000331897053798 5.44586614261 986.613728392
14 0.000322329035725 3.51048355206 988.549120551
15 0.000316308152946 2.26290844854 989.796701675
16 0.000312486781581 1.45870364586 990.600910299
17 0.000310047985863 0.940301528043 991.119314856
18 0.000308486004542 0.60613195807 991.453485988
19 0.000307483303686 0.390721418556 991.66889753
20 0.000306838677034 0.2518646778 991.807754915
21 0.000306423858092 0.16235561406 991.897264394
22 0.000306156756551 0.104656683704 991.954963591
23 0.000305984703004 0.0674632153832 991.992157232
24 0.00030587384606 0.0434877664576 992.016132791
25 0.000305802407183 0.0280328265869 992.031587803
26 0.000305756365719 0.0180703637949 992.041550311
27 0.000305726690385 0.0116484196515 992.047972285
28 0.000305707562802 0.00750873807818 992.052111986
29 0.000305695233465 0.00484023963599 992.054780497
30 0.000305687285959 0.00312007067282 992.056500674
31 0.000305682163571 0.00201133317594 992.057609416
32 0.000305678861082 0.00129653162189 992.058324221
33 0.000305676732296 0.000835757051834 992.058784998
34 0.00030567536021 0.000538752562234 992.059082004
35 0.000305674475271 0.000347188582541 992.059273569
36 0.000305673905132 0.000223770216847 992.059396988
37 0.000305673537468 0.000144195064475 992.059476563
38 0.000305673301 9.30190129184e-05 992.059527739
39 0.000305673148546 6.00463336059e-05 992.059560712
40 0.000305673050207 3.87543433668e-05 992.059582004
41 0.000305672985291 2.46789849565e-05 992.05959608
42 0.000305672945274 1.60356217594e-05 992.059604723
43 0.000305672918216 1.0177389383e-05 992.059610581
44 0.000305672901504 6.55831010211e-06 992.0596142
45 0.000305672891159 4.31430887443e-06 992.059616444
46 0.000305672884451 2.85400426719e-06 992.059617905
47 0.000305672879904 1.87905143395e-06 992.05961888
48 0.000305672876948 1.23031192284e-06 992.059619528
49 0.000305672874902 8.03714509944e-07 992.059619955
50 0.000305672873537 5.25109352498e-07 992.059620234
51 0.000305672872742 3.43064666772e-07 992.059620416
52 0.000305672872173 2.24943367606e-07 992.059620534
53 0.000305672871718 1.4770247677e-07 992.059620611
54 0.000305672871605 9.68203797316e-08 992.059620662
55 0.000305672871377 6.32800638894e-08 992.059620695
56 0.000305672871264 4.13703079794e-08 992.059620717
57 0.00030567287115 1.87303506027e-08 992.05962074
58 0.000305672871036 -1.97723499836e-09 992.059620761
59 0.000305672871036 -1.74441676061e-08 992.059620776
60 0.000305672870923 -2.76704472205e-08 992.059620786
61 0.000305672870923 -3.26560738415e-08 992.059620791
62 0.000305672870923 -3.24010474692e-08 992.059620791
63 0.000305672870923 -2.69053681036e-08 992.059620786
64 0.000305672871036 -2.51413683572e-08 992.059620784
65 0.000305672870923 -2.71990627609e-08 992.059620786
66 0.000305672870923 -2.78896809929e-08 992.059620787
67 0.000305672870923 -2.72132230534e-08 992.059620786
68 0.000305672871036 -2.51696889421e-08 992.059620784
69 0.000305672871036 -2.17590786593e-08 992.059620781
70 0.000305672871036 -1.69813922047e-08 992.059620776
