Time S I R
0 973.543115519 1 0
1 727.166549589 207.867453608 39.5091123227
2 28.4650063385 467.79304245 478.28506673
3 3.27929221689 200.361967315 770.901855987
4 1.34135379384 81.2482350329 891.953526692
5 0.934676631675 32.7392294564 940.869209431
6 0.808155043707 13.1713892054 960.56357127
7 0.762234360389 5.29617304069 968.484708118
8 0.744515592522 2.12914924188 971.669450685
9 0.737509231591 0.855885291114 972.949720996
10 0.734711443681 0.344042198307 973.464361877
11 0.733589811294 0.138293724944 973.671231983
12 0.733139435378 0.0555892430663 973.754386841
13 0.732958478179 0.0223448967589 973.787812144
14 0.732885752462 0.00898184796525 973.801247919
15 0.732856521708 0.00361044277231 973.806648555
16 0.732844772097 0.00145128853898 973.808819458
17 0.732840049114 0.000583365002427 973.809692105
18 0.732838150597 0.000234480548383 973.810042888
19 0.732837387533 9.42545804627e-05 973.810183877
20 0.732837080619 3.7853722212e-05 973.810240585
21 0.732836957584 1.52440052998e-05 973.810263317
22 0.732836908276 6.18266209361e-06 973.810272428
23 0.732836887867 2.43221350975e-06 973.810276199
24 0.732836879828 9.54958876012e-07 973.810277684
25 0.732836876788 3.96342256464e-07 973.810278246
26 0.732836875543 1.6744706564e-07 973.810278476
27 0.732836875006 6.8795096701e-08 973.810278575
28 0.732836874757 2.29930567652e-08 973.810278621
29 0.732836874551 -1.47678544598e-08 973.810278659
30 0.732836874465 -3.06630117732e-08 973.810278675
31 0.732836874497 -2.46924151751e-08 973.810278669
32 0.73283687449 -2.60723391638e-08 973.810278671
33 0.732836874493 -2.54776834942e-08 973.81027867
34 0.732836874528 -1.91321951645e-08 973.810278664
35 0.732836874563 -1.26742061586e-08 973.810278657
36 0.73283687458 -9.51350308722e-09 973.810278654
37 0.732836874597 -6.35280001583e-09 973.810278651
38 0.732836874613 -3.45933309403e-09 973.810278648
39 0.732836874613 -3.36006979992e-09 973.810278648
40 0.732836874614 -3.26080650582e-09 973.810278648
41 0.732836874615 -3.16154321171e-09 973.810278648
42 0.732836874615 -3.0622799176e-09 973.810278647
43 0.732836874616 -2.9630166235e-09 973.810278647
44 0.732836874616 -2.86375332939e-09 973.810278647
45 0.732836874617 -2.76449003528e-09 973.810278647
46 0.732836874617 -2.66522674118e-09 973.810278647
47 0.732836874618 -2.56596344707e-09 973.810278647
48 0.732836874618 -2.46670015296e-09 973.810278647
49 0.732836874619 -2.36743685886e-09 973.810278647
50 0.732836874619 -2.26817356475e-09 973.810278647
51 0.73283687462 -2.16891027064e-09 973.810278647
52 0.73283687462 -2.06964697654e-09 973.810278646
53 0.732836874621 -1.97038368243e-09 973.810278646
54 0.732836874622 -1.87112038832e-09 973.810278646
55 0.732836874622 -1.77185709422e-09 973.810278646
56 0.732836874623 -1.67259380011e-09 973.810278646
57 0.732836874623 -1.573330506e-09 973.810278646
58 0.732836874624 -1.4740672119e-09 973.810278646
59 0.732836874624 -1.37480391779e-09 973.810278646
60 0.732836874625 -1.27554062368e-09 973.810278646
61 0.732836874625 -1.17627732957e-09 973.810278646
62 0.732836874626 -1.07701403547e-09 973.810278645
63 0.732836874626 -9.77750741361e-10 973.810278645
64 0.732836874627 -8.78487447254e-10 973.810278645
65 0.732836874628 -7.79224153148e-10 973.810278645
66 0.732836874628 -6.79960859041e-10 973.810278645
67 0.732836874629 -5.80697564934e-10 973.810278645
68 0.732836874629 -4.81434270827e-10 973.810278645
69 0.73283687463 -3.8217097672e-10 973.810278645
70 0.73283687463 -2.82907682614e-10 973.810278645
