Time S I R
0  920.635829819 1 0
1 908.157406381 12.3407514915 1.13767194722 
2 777.340761925 130.190850204 14.1042176903 
3 292.286205392 533.702016183 95.6476082448 
4 45.8400733159 625.707699793 250.08805671 
5 8.07909788913 518.755513765 394.801218165 
6 2.00513485806 408.649204666 510.981490295 
7 0.673050516264 318.966766502 601.996012801 
8 0.287392809035 248.405110038 672.943326973 
9 0.148187709556 193.314269131 728.173372979 
10 0.0885086133402 150.399312341 771.148008865 
11 0.0592521491342 116.996282969 804.580294701 
12 0.0433656780341 91.005919404 830.586544737 
13 0.0340260475394 70.7867542069 850.815049565 
14 0.0281751716333 55.0585241637 866.549130484 
15 0.0243285851452 42.8243543707 878.787146864 
16 0.0217035750974 33.3083347189 888.305791525 
17 0.0198587579998 25.9066830983 895.709287963 
18 0.0185332856817 20.149713945 901.467582589 
19 0.0175638608907 15.6720003254 905.946265633 
20 0.0168450646661 12.1893030064 909.429681748 
21 0.0163063679584 9.48052290909 912.139000542 
22 0.0158993354571 7.37369609234 914.246234392 
23 0.0155897976745 5.73505587234 915.885184149 
24 0.0153532234219 4.46056389495 917.159912701 
25 0.0151717089547 3.46929786432 918.151360246 
26 0.015032018017 2.69831866166 918.92247914 
27 0.0149242605553 2.09867282833 919.52223273 
28 0.0148409844116 1.63228532205 919.988703513 
29 0.014776536187 1.26954273683 920.351510546 
30 0.0147266038861 0.987412168037 920.633691047 
31 0.0146878847656 0.767979399334 920.853162535 
32 0.0146578406229 0.597311156227 921.023860823 
33 0.0146345157134 0.464570553755 921.15662475 
34 0.0146163999756 0.361328912643 921.259884507 
35 0.0146023256087 0.281030664441 921.340196829 
36 0.0145913883648 0.21857711085 921.40266132 
37 0.0145828873606 0.170002567125 921.451244365 
38 0.0145762789584 0.132222749866 921.489030791 
39 0.0145711412318 0.102838840926 921.518419837 
40 0.0145671465115 0.0799848981601 921.541277775 
41 0.0145640403001 0.0622098128665 921.559055966 
42 0.0145616248428 0.0483848989011 921.572883296 
43 0.0145597464486 0.0376322896851 921.583637783 
44 0.0145582856605 0.0292692485311 921.592002285 
45 0.0145571496049 0.0227647269785 921.598507943 
46 0.0145562660766 0.0177057077036 921.603567846 
47 0.014555578933 0.0137709598767 921.607503281 
48 0.0145550445156 0.0107106309432 921.610564144 
49 0.014554628876 0.00833040152784 921.612944789 
50 0.0145543056124 0.00647913198342 921.614796382 
51 0.0145540541901 0.00503925630453 921.616236509 
52 0.0145538586445 0.00391936480343 921.617356596 
53 0.014553706569 0.00304841606542 921.618227697 
54 0.0145535882918 0.00237102642681 921.618905205 
55 0.014553496289 0.00184410975765 921.619432213 
56 0.0145534247312 0.00143428378666 921.619842111 
57 0.0145533690761 0.00111553404622 921.620160916 
58 0.0145533257931 0.000867641689134 921.620408852 
59 0.0145532921282 0.00067483319867 921.620601694 
60 0.0145532659358 0.000524822015722 921.620751731 
61 0.0145532455596 0.000408121781844 921.620868452 
62 0.0145532297181 0.000317392998237 921.620959197 
63 0.0145532174064 0.000246880437959 921.621029722 
64 0.0145532078293 0.000192029414454 921.621084582 
65 0.0145532003771 0.000149348547844 921.62112727 
66 0.0145531945801 0.000116146380197 921.621160478 
67 0.0145531900704 9.03182242031e-05 921.621186311 
68 0.0145531865716 7.02787036471e-05 921.621206354 
69 0.0145531838514 5.46990393707e-05 921.621221936 
70 0.0145531817337 4.25706456613e-05 921.621234067 
