Time S I R
0 813.052813662 1 0
1 705.320475238 88.9658646661 19.7664737577
2 81.2404282832 412.505250443 320.307134936
3 10.1798075073 194.732220598 609.140785557
4 4.20931346842 77.8953518622 731.948148332
5 2.96804542058 30.5478423729 780.536925869
6 2.58889781532 11.9209642348 799.542951612
7 2.45454193536 4.64450941591 806.953762311
8 2.40411776872 1.80847005636 809.840225837
9 2.38476729541 0.704020504074 810.964025863
10 2.37727686293 0.274045140253 811.401491659
11 2.37436757397 0.106670479731 811.571775609
12 2.37323612091 0.041520330116 811.638057211
13 2.37279586212 0.0161612622664 811.663856538
14 2.37262451923 0.0062905542482 811.673898589
15 2.37255782988 0.00244852296132 811.677807309
16 2.37253187276 0.000953081178707 811.679328708
17 2.37252176882 0.000370968167758 811.679920925
18 2.37251783539 0.000144353150838 811.680151474
19 2.37251630646 5.62674758234e-05 811.680241088
20 2.37251571037 2.19248632935e-05 811.680276027
21 2.37251547533 8.38342821253e-06 811.680289803
22 2.37251538716 3.3036322178e-06 811.680294971
23 2.3725153533 1.35312447463e-06 811.680296956
24 2.37251533923 5.4252141106e-07 811.68029778
25 2.3725153336 2.18271638241e-07 811.68029811
26 2.37251533134 8.78820242515e-08 811.680298243
27 2.37251533028 2.70784256125e-08 811.680298305
28 2.37251532948 -1.92008833032e-08 811.680298352
29 2.37251532921 -3.49703917568e-08 811.680298368
30 2.37251532934 -2.73070316831e-08 811.68029836
31 2.37251532927 -3.16133389646e-08 811.680298365
32 2.37251532934 -2.75306161317e-08 811.68029836
33 2.3725153295 -1.79297480137e-08 811.680298351
34 2.37251532958 -1.34996062474e-08 811.680298346
35 2.37251532966 -9.06946448113e-09 811.680298342
36 2.37251532973 -4.69324630287e-09 811.680298337
37 2.37251532974 -4.54638929042e-09 811.680298337
38 2.37251532974 -4.39953227798e-09 811.680298337
39 2.37251532974 -4.25267526553e-09 811.680298337
40 2.37251532974 -4.10581825309e-09 811.680298337
41 2.37251532975 -3.95896124064e-09 811.680298336
42 2.37251532975 -3.8121042282e-09 811.680298336
43 2.37251532975 -3.66524721575e-09 811.680298336
44 2.37251532975 -3.51839020331e-09 811.680298336
45 2.37251532976 -3.37153319086e-09 811.680298336
46 2.37251532976 -3.22467617842e-09 811.680298336
47 2.37251532976 -3.07781916598e-09 811.680298336
48 2.37251532976 -2.93096215353e-09 811.680298335
49 2.37251532977 -2.78410514109e-09 811.680298335
50 2.37251532977 -2.63724812864e-09 811.680298335
51 2.37251532977 -2.4903911162e-09 811.680298335
52 2.37251532977 -2.34353410375e-09 811.680298335
53 2.37251532978 -2.19667709131e-09 811.680298335
54 2.37251532978 -2.04982007886e-09 811.680298334
55 2.37251532978 -1.90296306642e-09 811.680298334
56 2.37251532978 -1.75610605397e-09 811.680298334
57 2.37251532979 -1.60924904153e-09 811.680298334
58 2.37251532979 -1.46239202908e-09 811.680298334
59 2.37251532979 -1.31553501664e-09 811.680298334
60 2.37251532979 -1.1686780042e-09 811.680298334
61 2.3725153298 -1.02182099175e-09 811.680298333
62 2.3725153298 -8.74963979306e-10 811.680298333
63 2.3725153298 -7.28106966862e-10 811.680298333
64 2.3725153298 -5.81249954417e-10 811.680298333
65 2.37251532981 -4.34392941973e-10 811.680298333
66 2.37251532981 -2.87535929528e-10 811.680298333
67 2.37251532981 -1.55145345127e-10 811.680298333
68 2.37251532981 -1.50277068238e-10 811.680298333
69 2.37251532981 -1.45408791349e-10 811.680298333
70 2.37251532981 -1.4054051446e-10 811.680298333
