Time S I R
0  840.999102639 1 0
1 804.487060947 34.8121007392 2.69994095241 
2 321.213111604 462.23893392 58.5470571149 
3 21.4845871487 597.43873716 223.07577833 
4 1.84151110118 467.636503556 372.521087982 
5 0.280313806047 354.682714972 487.036073861 
6 0.067394436176 268.20642424 573.725283963 
7 0.0229375069174 202.716619992 639.25954514 
8 0.0101648638168 153.200644259 688.788293516 
9 0.00548941886484 115.774977419 726.218635801 
10 0.00344758689278 87.49086971 754.504785342 
11 0.00242971891691 66.1163922997 775.88028062 
12 0.00186271505152 49.9635312961 792.033708628 
13 0.00152402163815 37.7568995431 804.240679074 
14 0.00130958613227 28.5324515547 813.465341498 
15 0.00116780293001 21.5616279152 820.436306921 
16 0.00107093021722 16.2938519768 825.704179732 
17 0.00100309047752 12.313053495 829.685046054 
18 0.000954686320256 9.30480382099 832.693344132 
19 0.000919664568869 7.03151397098 834.966669003 
20 0.000894054720334 5.313619061 836.684589523 
21 0.000875175902024 4.01542893768 837.982798525 
22 0.000861174078977 3.03440239474 838.96383907 
23 0.000850741986596 2.29305547633 839.705196421 
24 0.000842942534632 1.73282945592 840.265430241 
25 0.000837096109308 1.30947503593 840.688790507 
26 0.000832704969639 0.989551840819 841.008718093 
27 0.000829401936585 0.747790369397 841.250482868 
28 0.000826914576919 0.565094559296 841.433181165 
29 0.000825039867777 0.427033995574 841.571243604 
30 0.000823625997668 0.322703586209 841.675575427 
31 0.000822559163225 0.243862533475 841.754417546 
32 0.000821753888431 0.184283452362 841.813997433 
33 0.000821145877126 0.139260398941 841.859021094 
34 0.000820686710085 0.10523712018 841.893044832 
35 0.000820339893266 0.0795261435039 841.918756156 
36 0.000820077907065 0.0600967893248 841.938185772 
37 0.000819879982828 0.0454142783865 841.952868481 
38 0.000819730446551 0.0343189256622 841.963963983 
39 0.00081961746173 0.0259343208495 841.972348701 
40 0.000819532091327 0.0195981962061 841.978684911 
41 0.000819467584165 0.0148100830268 841.983473088 
42 0.000819418840138 0.0111917668126 841.987091453 
43 0.000819382006966 0.00845745752962 841.989825799 
44 0.000819354173359 0.00639115672454 841.991892128 
45 0.000819333141749 0.00482976459399 841.993453541 
46 0.000819317248897 0.00364984037 841.994633481 
47 0.000819305238338 0.00275813684924 841.995525197 
48 0.000819296162263 0.00208429465299 841.996199048 
49 0.000819289303649 0.00157507867676 841.996708271 
50 0.000819284121121 0.00119030008609 841.997093055 
51 0.000819280204155 0.000899486617041 841.997383872 
52 0.000819277243977 0.000679708828399 841.997603653 
53 0.000819275007302 0.000513637587523 841.997769726 
54 0.000819273317234 0.000388152117518 841.997895214 
55 0.000819272039735 0.000293312216867 841.997990055 
56 0.000819271074533 0.000221644120193 841.998061724 
57 0.000819270345232 0.000167495174847 841.998115874 
58 0.000819269794306 0.000126585950005 841.998156783 
59 0.000819269377189 9.56129533822e-05 841.998187757 
60 0.000819269062049 7.22143736818e-05 841.998211156 
61 0.000819268824216 5.45587442626e-05 841.998228811 
62 0.000819268645159 4.12609962742e-05 841.998242109 
63 0.000819268508735 3.11395536757e-05 841.998252231 
64 0.000819268407099 2.3589805302e-05 841.998259781 
65 0.000819268329451 1.78338871016e-05 841.998265537 
66 0.00081926827113 1.34986415668e-05 841.998269872 
67 0.000819268227019 1.02278298124e-05 841.998273143 
68 0.000819268193823 7.76317771975e-06 841.998275608 
69 0.000819268168016 5.85879395751e-06 841.998277512 
70 0.000819268148575 4.41144661496e-06 841.998278959 
