Time S I R
0 994.695314905 1 0
1 993.492685328 1.17194396677 1.03068560986
2 992.086143664 1.37145786647 2.23771337461
3 990.444071974 1.60221381827 3.64902911216
4 988.531049509 1.86809193034 5.29617346525
5 986.307799228 2.17307714437 7.21443853195
6 983.731316196 2.52110209814 9.44289661093
7 980.755237154 2.91582749447 12.0242502558
8 977.330531388 3.36034462889 15.0044388876
9 973.406590939 3.85679692102 18.4319270449
10 968.932817876 4.40591657422 22.3565804546
11 963.860729741 5.00649659573 26.8280885676
12 958.146651815 5.65482086101 31.8938422282
13 951.754921263 6.34411295628 37.5962806849
14 944.661475856 7.06407331498 43.9697657341
15 936.857632151 7.80061303293 51.0370697208
16 928.353661029 8.53588923722 58.805764638
17 919.18174758 9.24874338556 67.2648239391
18 909.397844576 9.91560768232 76.3818626468
19 899.081974296 10.5118774378 86.1014631712
20 888.336658989 11.013659563 96.3449963525
21 877.283384953 11.399714443 107.012215509
22 866.057287165 11.6533369234 117.984690817
23 854.800524838 11.7638971307 129.130892935
24 843.655030636 11.7278073347 140.312476934
25 832.755418005 11.5487206894 151.39117621
26 822.22283626 11.237033021 162.235445624
27 812.160208846 10.8087087386 172.72639732
28 802.649275928 10.283688408 182.762350569
29 793.749455291 9.68411134524 192.261748269
30 785.498221486 9.03259693185 201.164496487
31 777.912902771 8.35077133453 209.431640799
32 770.993315881 7.6581719001 217.043827124
33 764.724786906 6.97152659167 223.999001407
34 759.08136675 6.30441225513 230.309535899
35 754.028900686 5.66722282868 235.99919139
36 749.52778126 5.06736267793 241.100170967
37 745.535300764 4.50958631512 245.650427826
38 742.007561819 3.99641316677 249.691339919
39 738.900958563 3.52856135247 253.26579499
40 736.173282091 3.10536320315 256.416669611
41 733.784488491 2.72513783527 259.185688578
42 731.697173068 2.38550869328 261.612633143
43 729.876853256 2.08366397388 263.734797675
44 728.292073655 1.81656209455 265.586679155
45 726.914390689 1.58108753203 267.199836683
46 725.71827162 1.37416458304 268.602878702
47 724.680937777 1.19283707819 269.821540049
48 723.782172289 1.03432022931 270.878822386
49 723.004110303 0.896031276668 271.795173325
50 722.331023882 0.775604295052 272.588686727
51 721.749110093 0.670893527567 273.275311284
52 721.24628798 0.57996871748 273.869058207
53 720.812008442 0.501105013965 274.382201449
54 720.437077028 0.432770088006 274.825467789
55 720.113494509 0.373608509196 275.208211887
56 719.834311059 0.322426299504 275.538577546
57 719.593496087 0.278175187435 275.823643631
58 719.385822071 0.23993733969 276.069555494
59 719.206762214 0.206911067393 276.281641623
60 719.052399553 0.178397603699 276.464517748
61 718.91934899 0.153789118836 276.622176796
62 718.80467743 0.132556680573 276.758080794
63 718.705859119 0.114242157143 276.875213628
64 718.620708366 0.0984478522235 276.976158687
65 718.547341367 0.0848296762063 277.063143861
66 718.484132128 0.0730898264628 277.13809295
67 718.429676034 0.0629704393586 277.202668432
68 718.382764723 0.0542491325463 277.258301049
69 718.342353525 0.0467333693628 277.30622801
70 718.307543633 0.0402571851727 277.347514086
