Time S I R
0 996.758543514 1 0
1 400.573507865 543.926344456 53.2586911919
2 1.66544632642 622.510709637 373.58238755
3 0.0340507662444 396.919187285 600.805305462
4 0.00285915241079 252.37316864 745.382515722
5 0.000599257161184 160.453302091 837.304642166
6 0.000221885900032 102.012178216 895.746143412
7 0.000117068285135 64.8566048588 932.901821587
8 7.66110304085e-05 41.2340398065 956.524427096
9 5.92942403728e-05 26.2154703754 971.543013844
10 5.03432927417e-05 16.6670739256 981.091419245
11 4.53634098676e-05 10.5964566994 987.162041451
12 4.24640624033e-05 6.73693125215 991.021569798
13 4.07174642305e-05 4.28315267996 993.475350116
14 3.96445427668e-05 2.72310841169 995.035395457
15 3.8977170334e-05 1.73127613707 996.027228399
16 3.85587309211e-05 1.10069696558 996.657807989
17 3.82950389621e-05 0.699792312577 997.058712906
18 3.81283298339e-05 0.444908358485 997.313597027
19 3.8022718627e-05 0.282860293617 997.475645197
20 3.79557262704e-05 0.179834669522 997.578670888
21 3.7913195797e-05 0.114333795417 997.644171805
22 3.78861808485e-05 0.0726902355742 997.685815392
23 3.78690155003e-05 0.0462144218548 997.712291223
24 3.7858106225e-05 0.0293818257293 997.72912383
25 3.78511720101e-05 0.018680138899 997.739825524
26 3.78467642577e-05 0.0118763119094 997.746629355
27 3.78439622182e-05 0.00755062717261 997.750955043
28 3.78421806317e-05 0.00480047352865 997.753705198
29 3.78410481972e-05 0.00305201621902 997.755453656
30 3.78403281047e-05 0.00194046416206 997.756565209
31 3.78398704015e-05 0.00123367925811 997.757271995
32 3.78395794769e-05 0.00078434664969 997.757721327
33 3.78393943947e-05 0.000498662774992 997.758007012
34 3.78392768425e-05 0.000316940626755 997.758188734
35 3.78392020366e-05 0.000201508375942 997.758304166
36 3.78391544018e-05 0.000128122560441 997.758377552
37 3.78391242748e-05 8.14309172955e-05 997.758424244
38 3.78391051754e-05 5.18109753007e-05 997.758453864
39 3.78390928972e-05 3.29808947714e-05 997.758472694
40 3.78390850528e-05 2.09776292023e-05 997.758484697
41 3.78390800506e-05 1.33500564711e-05 997.758492325
42 3.78390769811e-05 8.51330162623e-06 997.758497161
43 3.78390750484e-05 5.4346032239e-06 997.75850024
44 3.78390737978e-05 3.44914010546e-06 997.758502226
45 3.78390728883e-05 2.13374359008e-06 997.758503541
46 3.78390724336e-05 1.36741618065e-06 997.758504307
47 3.78390720925e-05 8.51371968678e-07 997.758504823
48 3.78390717515e-05 5.40323486835e-07 997.758505134
49 3.78390716378e-05 3.51100631977e-07 997.758505324
50 3.78390714104e-05 2.29669434925e-07 997.758505445
51 3.78390714104e-05 1.49302925269e-07 997.758505525
52 3.78390714104e-05 9.6321663641e-08 997.758505578
53 3.78390712967e-05 6.20200813965e-08 997.758505613
54 3.78390712967e-05 3.45643861052e-08 997.75850564
55 3.78390712967e-05 5.67040221151e-09 997.758505669
56 3.78390712967e-05 -1.58678345691e-08 997.758505691
57 3.7839071183e-05 -3.00503242367e-08 997.758505705
58 3.78390712967e-05 -3.68770667912e-08 997.758505712
59 3.78390712967e-05 -3.63480622327e-08 997.758505711
60 3.78390712967e-05 -2.84633105611e-08 997.758505703
61 3.7839071183e-05 -3.08749647413e-08 997.758505706
62 3.7839071183e-05 -3.30574466584e-08 997.758505708
63 3.7839071183e-05 -3.32385214621e-08 997.758505708
64 3.7839071183e-05 -3.14181891524e-08 997.758505706
65 3.7839071183e-05 -2.75964497292e-08 997.758505702
66 3.7839071183e-05 -2.17733031926e-08 997.758505696
67 3.7839071183e-05 -1.81566141982e-08 997.758505693
68 3.7839071183e-05 -1.59530106662e-08 997.758505691
69 3.7839071183e-05 -1.37494071343e-08 997.758505688
70 3.7839071183e-05 -1.15458036023e-08 997.758505686
