Time S I R
0 949.491699133 1 0
1 591.314197038 299.355546757 59.8219553374
2 14.2112794413 405.501177644 530.779242048
3 1.87145275029 161.747345491 786.872900892
4 0.846628578168 62.564974198 887.080096357
5 0.623337605367 24.1083850052 925.759976522
6 0.553995380719 9.28064125026 940.657062502
7 0.529410854403 3.5714545468 946.390833732
8 0.520244038362 1.37423693987 948.597218155
9 0.516759312232 0.528759961751 949.446179859
10 0.515424745961 0.203445530648 949.772828856
11 0.514912178908 0.0782770686759 949.898509885
12 0.514715101348 0.0301175744458 949.946866457
13 0.514639294712 0.0115879071146 949.965471931
14 0.514610131001 0.00445859436174 949.972630408
15 0.514598910424 0.00171552211052 949.975384701
16 0.514594592987 0.000660030732675 949.976444509
17 0.514592931886 0.000253936225307 949.976852265
18 0.514592292466 9.76148835446e-05 949.977009226
19 0.514592046949 3.75924323247e-05 949.977069494
20 0.514591952628 1.45332191006e-05 949.977092647
21 0.514591916028 5.5855632307e-06 949.977101631
22 0.514591901689 2.07990433334e-06 949.977105151
23 0.514591896501 8.11633446285e-07 949.977106425
24 0.514591894528 3.29446365098e-07 949.977106909
25 0.514591893714 1.30317809209e-07 949.977107109
26 0.514591893393 5.1911362741e-08 949.977107188
27 0.514591893214 7.98082817849e-09 949.977107232
28 0.514591893088 -2.26825171421e-08 949.977107263
29 0.514591893055 -3.06687640036e-08 949.977107271
30 0.514591893086 -2.30975779198e-08 949.977107263
31 0.514591893075 -2.58487398507e-08 949.977107266
32 0.514591893088 -2.27074127059e-08 949.977107263
33 0.514591893125 -1.36735964854e-08 949.977107254
34 0.514591893138 -1.0544549434e-08 949.97710725
35 0.51459189315 -7.45225304825e-09 949.977107247
36 0.514591893163 -4.35995666246e-09 949.977107244
37 0.514591893168 -3.17696128604e-09 949.977107243
38 0.514591893168 -3.08190755301e-09 949.977107243
39 0.514591893169 -2.98685381999e-09 949.977107243
40 0.514591893169 -2.89180008696e-09 949.977107243
41 0.514591893169 -2.79674635393e-09 949.977107243
42 0.51459189317 -2.7016926209e-09 949.977107243
43 0.51459189317 -2.60663888787e-09 949.977107243
44 0.514591893171 -2.51158515485e-09 949.977107242
45 0.514591893171 -2.41653142182e-09 949.977107242
46 0.514591893171 -2.32147768879e-09 949.977107242
47 0.514591893172 -2.22642395576e-09 949.977107242
48 0.514591893172 -2.13137022273e-09 949.977107242
49 0.514591893173 -2.03631648971e-09 949.977107242
50 0.514591893173 -1.94126275668e-09 949.977107242
51 0.514591893173 -1.84620902365e-09 949.977107242
52 0.514591893174 -1.75115529062e-09 949.977107242
53 0.514591893174 -1.65610155759e-09 949.977107242
54 0.514591893174 -1.56104782457e-09 949.977107241
55 0.514591893175 -1.46599409154e-09 949.977107241
56 0.514591893175 -1.37094035851e-09 949.977107241
57 0.514591893176 -1.27588662548e-09 949.977107241
58 0.514591893176 -1.18083289245e-09 949.977107241
59 0.514591893176 -1.08577915943e-09 949.977107241
60 0.514591893177 -9.90725426399e-10 949.977107241
61 0.514591893177 -8.95671693371e-10 949.977107241
62 0.514591893178 -8.00617960343e-10 949.977107241
63 0.514591893178 -7.05564227315e-10 949.977107241
64 0.514591893178 -6.10510494287e-10 949.977107241
65 0.514591893179 -5.15456761259e-10 949.97710724
66 0.514591893179 -4.20403028231e-10 949.97710724
67 0.514591893179 -3.25349295203e-10 949.97710724
68 0.51459189318 -2.30295562175e-10 949.97710724
69 0.51459189318 -1.35241829147e-10 949.97710724
70 0.51459189318 -9.7693821339e-11 949.97710724
