Time S I R
0  802.221461572 1 0
1 708.756809743 89.4401856682 5.02446616089 
2 63.537625609 636.829717544 102.854118419 
3 1.598221904 549.388870552 252.234369116 
4 0.0828765453093 430.8804585 372.258126526 
5 0.00818816653748 337.004730544 466.208542861 
6 0.00131705630179 263.538386288 539.681758227 
7 0.000361069638188 206.083348432 597.13775207 
8 0.00012759334777 161.154014874 642.067319105 
9 5.25798168383e-05 126.020005048 677.201403944 
10 2.73511677733e-05 98.5456616503 704.67577257 
11 1.64762578834e-05 77.0611541194 726.160290976 
12 1.13762818046e-05 60.2605763487 742.960873847 
13 8.36050810449e-06 47.1228069764 756.098646235 
14 6.39525921997e-06 36.8492820628 766.372173114 
15 5.25488462699e-06 28.815549432 774.405906885 
16 4.47197453468e-06 22.5332890066 780.688168093 
17 3.97782594064e-06 17.6206680786 785.600789515 
18 3.61284003247e-06 13.7790773318 789.442380627 
19 3.35593915679e-06 10.7750153276 792.446442888 
20 3.16682223911e-06 8.42588758944 794.795570815 
21 3.02666069274e-06 6.58890752568 796.632551019 
22 2.92130710022e-06 5.15241944007 798.06903921 
23 2.84151974483e-06 4.0291088088 799.192349921 
24 2.78064192116e-06 3.15069807513 800.070760716 
25 2.73394743999e-06 2.4637949562 800.757663882 
26 2.69798056252e-06 1.92664776993 801.294811104 
27 2.67018515387e-06 1.50660734946 801.714851552 
28 2.64864922883e-06 1.17814253714 802.043316386 
29 2.63192976035e-06 0.921288415941 802.300170524 
30 2.61892887465e-06 0.720432680282 802.501026273 
31 2.6088072218e-06 0.563366730635 802.658092232 
32 2.600919629e-06 0.440543680248 802.780915291 
33 2.59476803421e-06 0.344498030242 802.876960947 
34 2.58996783487e-06 0.269391880353 802.952067101 
35 2.58622048932e-06 0.210659979908 803.010799006 
36 2.58329362168e-06 0.164732646217 803.056726342 
37 2.58100737938e-06 0.128818268379 803.092640722 
38 2.57922090441e-06 0.1007337745 803.120725218 
39 2.57782471635e-06 0.0787721840567 803.14268681 
40 2.57673355009e-06 0.0615985681994 803.159860427 
41 2.57588055774e-06 0.0481690741721 803.173289922 
42 2.57521355707e-06 0.0376674322278 803.183791564 
43 2.57469218923e-06 0.0294553171619 803.19200368 
44 2.57428462191e-06 0.0230335801382 803.198425417 
45 2.57396595771e-06 0.0180118857923 803.203447112 
46 2.57371664247e-06 0.014085001668 803.207373996 
47 2.57352189692e-06 0.0110142428725 803.210444755 
48 2.57336955656e-06 0.00861295888207 803.21284604 
49 2.57325041275e-06 0.0067351793628 803.214723819 
50 2.57315718954e-06 0.00526678802797 803.216192211 
51 2.57308442997e-06 0.00411859640702 803.217340402 
52 2.57302735918e-06 0.00322073916285 803.21823826 
53 2.57298290762e-06 0.00251856773868 803.218940431 
54 2.57294789208e-06 0.00196947585477 803.219489523 
55 2.57292083461e-06 0.00154010211659 803.219918897 
56 2.57289946148e-06 0.00120433918662 803.22025466 
57 2.57288274952e-06 0.000941803290581 803.220517196 
58 2.57286978922e-06 0.000736465297802 803.220722534 
59 2.5728595574e-06 0.000575889842176 803.220883109 
60 2.57285148564e-06 0.000450332416113 803.221008666 
61 2.57284546024e-06 0.000352149680157 803.221106849 
62 2.5728405717e-06 0.000275370062344 803.221183629 
63 2.57283670635e-06 0.000215320266959 803.221243679 
64 2.5728336368e-06 0.000168382140342 803.221290617 
65 2.57283136307e-06 0.000131674656791 803.221327324 
66 2.57282954408e-06 0.000102975991641 803.221356023 
67 2.57282806615e-06 8.0495105089e-05 803.221378504 
68 2.57282692928e-06 6.29070371947e-05 803.221396092 
69 2.57282613347e-06 4.91830207197e-05 803.221409816 
70 2.57282545135e-06 3.84691804877e-05 803.22142053 
