Time S I R
0  809.016467584 1 0
1 800.770756209 6.8088612456 2.4368501296 
2 748.905863831 42.745795401 18.3648083519 
3 533.270094215 177.605374128 99.1409992415 
4 232.682580189 280.916594377 296.417293018 
5 98.8428367302 211.107307699 500.066323155 
6 56.8140945165 121.417289008 631.785084059 
7 41.9231202336 64.0092650279 704.084082323 
8 35.8133519176 32.6509734993 741.552142167 
9 33.0674073752 16.4216724359 760.527387773 
10 31.7711391414 8.20569553366 770.039632909 
11 31.1435466841 4.08755626011 774.78536464 
12 30.8357945447 2.03308012837 777.147592911 
13 30.683915064 1.01046622152 778.322086299 
14 30.6087213945 0.502029164485 778.905717025 
15 30.57143493 0.249377282246 779.195655372 
16 30.552931036 0.123864138568 779.33967241 
17 30.5437446316 0.0615197421031 779.411203211 
18 30.5391830907 0.0305544172822 779.446730076 
19 30.5369178197 0.0151749979337 779.464374767 
20 30.5357928219 0.00753665592642 779.473138106 
21 30.5352341255 0.00374318220506 779.477490277 
22 30.5349566413 0.00185907187957 779.479651871 
23 30.5348188305 0.000923332765503 779.480725421 
24 30.5347503809 0.000458556196367 779.481258647 
25 30.5347163857 0.000227727067054 779.481523471 
26 30.5346995003 0.000113074022754 779.48165501 
27 30.5346911116 5.61135509732e-05 779.481720359 
28 30.5346869589 2.79169719076e-05 779.481752708 
29 30.5346848953 1.39050170306e-05 779.481768784 
30 30.5346838702 6.94432868626e-06 779.48177677 
31 30.5346833451 3.37879790381e-06 779.48178086 
32 30.5346830897 1.64438425015e-06 779.48178285 
33 30.534682968 8.18301125248e-07 779.481783798 
34 30.5346829102 4.25523946207e-07 779.481784249 
35 30.5346828797 2.18356530797e-07 779.481784486 
36 30.5346828638 1.10326083083e-07 779.48178461 
37 30.5346828557 5.59908584868e-08 779.481784673 
38 30.5346828517 2.86150089575e-08 779.481784704 
39 30.5346828474 -5.5225336889e-10 779.481784737 
40 30.5346828446 -1.97989327233e-08 779.48178476 
41 30.5346828432 -2.89498109279e-08 779.48178477 
42 30.5346828434 -2.80048879826e-08 779.481784769 
43 30.5346828444 -2.08339860428e-08 779.481784761 
44 30.5346828441 -2.32097334356e-08 779.481784763 
45 30.5346828441 -2.30827472948e-08 779.481784763 
46 30.5346828445 -2.04530276205e-08 779.48178476 
47 30.5346828452 -1.53205744126e-08 779.481784754 
48 30.534682846 -1.03459980826e-08 779.481784749 
49 30.5346828462 -8.56017825316e-09 779.481784747 
50 30.5346828465 -6.77435842375e-09 779.481784745 
51 30.5346828468 -4.98853859433e-09 779.481784743 
52 30.534682847 -3.20271876491e-09 779.48178474 
53 30.5346828471 -2.51873931371e-09 779.48178474 
54 30.5346828471 -2.46695380418e-09 779.48178474 
55 30.5346828471 -2.41516829465e-09 779.48178474 
56 30.5346828472 -2.36338278512e-09 779.48178474 
57 30.5346828472 -2.3115972756e-09 779.481784739 
58 30.5346828472 -2.25981176607e-09 779.481784739 
59 30.5346828472 -2.20802625654e-09 779.481784739 
60 30.5346828472 -2.15624074701e-09 779.481784739 
61 30.5346828472 -2.10445523748e-09 779.481784739 
62 30.5346828472 -2.05266972795e-09 779.481784739 
63 30.5346828472 -2.00088421842e-09 779.481784739 
64 30.5346828472 -1.94909870889e-09 779.481784739 
65 30.5346828472 -1.89731319936e-09 779.481784739 
66 30.5346828472 -1.84552768983e-09 779.481784739 
67 30.5346828472 -1.7937421803e-09 779.481784739 
68 30.5346828472 -1.74195667077e-09 779.481784739 
69 30.5346828473 -1.69017116124e-09 779.481784739 
70 30.5346828473 -1.63838565172e-09 779.481784739 
