Time S I R
0 858.646854432 1 0
1 853.646916501 4.82969766218 1.17024026952
2 830.240741999 22.6648736337 6.74123879923
3 734.572869921 93.8007517499 31.2732327612
4 487.565757088 258.678821964 113.402275381
5 222.751604322 366.52048 270.37477011
6 95.3656582449 323.915267269 440.365928919
7 48.6957691667 235.902729457 575.048355809
8 30.417534577 159.885971436 669.34334842
9 22.2225947381 105.17974725 732.244512444
10 18.1037757454 68.2228685086 773.320210178
11 15.8577911747 43.9266105284 799.862452729
12 14.5640083056 28.1665251199 816.916321007
13 13.7914313983 18.0172300485 827.838192986
14 13.3192138363 11.5082154764 834.81942512
15 13.0262185444 7.34407328755 839.2765626
16 12.8426708587 4.68405817005 842.120125404
17 12.7269777683 2.98644436918 843.933432295
18 12.6537675167 1.90366208425 845.089424831
19 12.6073240387 1.21328829078 845.826242103
20 12.5778138708 0.773213165301 846.295827396
21 12.5590440054 0.492730826281 846.595079601
22 12.5470977174 0.313981718168 846.785774997
23 12.5394912292 0.200073242842 846.90728996
24 12.5346467174 0.127487399704 846.984720315
25 12.5315607686 0.0812346830502 847.034058981
26 12.5295948095 0.0517622223405 847.0654974
27 12.5283422769 0.0329824434244 847.085529712
28 12.5275442404 0.0210160822641 847.09829411
29 12.5270357666 0.013391217167 847.106427449
30 12.5267117816 0.0085327000053 847.111609951
31 12.5265053557 0.00543704207231 847.114912034
32 12.5263738189 0.00346442720403 847.117016186
33 12.5262900066 0.00220750951827 847.118356916
34 12.5262366046 0.001406644127 847.119211184
35 12.5262025724 0.000896265421663 847.119755594
36 12.5261808896 0.00057108829986 847.120102454
37 12.5261670716 0.000363859864834 847.120323501
38 12.5261582695 0.0002318545491 847.120464308
39 12.5261526589 0.000147711188811 847.120554062
40 12.5261490803 9.40425727058e-05 847.120611309
41 12.5261468072 5.9953789712e-05 847.120647671
42 12.5261453587 3.82308602819e-05 847.120670843
43 12.5261444354 2.43838954032e-05 847.120685613
44 12.526143849 1.55883713506e-05 847.120694995
45 12.5261434756 9.98932194818e-06 847.120700967
46 12.5261432317 6.3309535239e-06 847.12070487
47 12.5261430744 3.97307091274e-06 847.120707385
48 12.5261429763 2.50125416709e-06 847.120708955
49 12.5261429145 1.57454165287e-06 847.120709943
50 12.5261428769 1.00982464444e-06 847.120710546
51 12.5261428537 6.6188960668e-07 847.120710917
52 12.5261428385 4.34052647039e-07 847.12071116
53 12.5261428283 2.81958331218e-07 847.120711322
54 12.5261428216 1.81779214424e-07 847.120711429
55 12.5261428173 1.1695836419e-07 847.120711498
56 12.5261428146 7.57254961296e-08 847.120711542
57 12.5261428128 4.91894364479e-08 847.12071157
58 12.5261428114 2.86350355634e-08 847.120711592
59 12.5261428099 5.97759974863e-09 847.120711616
60 12.5261428088 -1.1319085881e-08 847.120711635
61 12.526142808 -2.32550213256e-08 847.120711648
62 12.5261428075 -2.9830206585e-08 847.120711655
63 12.5261428075 -3.10446416594e-08 847.120711656
64 12.5261428077 -2.68983265486e-08 847.120711651
65 12.526142808 -2.34339683467e-08 847.120711648
66 12.5261428078 -2.57428188663e-08 847.12071165
67 12.5261428077 -2.66378008711e-08 847.120711651
68 12.5261428078 -2.61189143613e-08 847.120711651
69 12.5261428079 -2.41861593367e-08 847.120711649
70 12.5261428081 -2.08395357974e-08 847.120711645
