Time S I R
0  911.965455068 1 0
1 120.557526821 723.103534112 69.3043941351 
2 0.111005815576 604.142241765 308.712207488 
3 0.000680516232023 429.846329151 483.118445401 
4 4.81426712895e-05 305.776034984 607.189371942 
5 3.01904788103e-06 217.517085113 695.448366936 
6 0 154.732911683 758.232543385 
7 0 110.071028046 802.894427022 
8 0 78.3002077091 834.665247359 
9 0 55.6996887246 857.265766344 
10 0 39.6225402045 873.342914864 
11 0 28.1859087874 884.779546281 
12 0 20.0503408486 892.91511422 
13 0 14.2630100169 898.702445051 
14 0 10.1461389972 902.819316071 
15 0 7.21755898981 905.747896078 
16 0 5.13428486681 907.831170201 
17 0 3.65232568309 909.313129385 
18 0 2.59811946613 910.367335602 
19 0 1.84819871318 911.117256355 
20 0 1.31473514048 911.650719928 
21 0 0.93525026471 912.030204804 
22 0 0.665299839846 912.300155228 
23 0 0.473267861342 912.492187207 
24 0 0.336663910471 912.628791158 
25 0 0.239489337095 912.725965731 
26 0 0.170363169628 912.795091899 
27 0 0.121189484391 912.844265584 
28 0 0.0862093817512 912.879245687 
29 0 0.0613258868049 912.904129181 
30 0 0.0436248185926 912.92183025 
31 0 0.0310329444165 912.934422124 
32 0 0.0220756029871 912.943379465 
33 0 0.0157037042697 912.949751364 
34 0 0.0111709878233 912.95428408 
35 0 0.00794659548769 912.957508473 
36 0 0.00565289231819 912.959802176 
37 0 0.00402121503116 912.961433853 
38 0 0.00286056408122 912.962594504 
39 0 0.00203496415196 912.963420104 
40 0 0.00144759475677 912.964007474 
41 0 0.00102975963122 912.964425309 
42 0 0.000732530974457 912.964722537 
43 0 0.000521100053018 912.964933968 
44 0 0.00037059972986 912.965084469 
45 0 0.000263587031686 912.965191481 
46 0 0.000187526034785 912.965267542 
47 0 0.000133400873333 912.965321667 
48 0 9.49207996012e-05 912.965360147 
49 0 6.75957258831e-05 912.965387473 
50 0 4.81710317283e-05 912.965406897 
51 0 3.42431584397e-05 912.965420825 
52 0 2.4177651329e-05 912.965430891 
53 0 1.72723573737e-05 912.965437796 
54 0 1.21399039828e-05 912.965442928 
55 0 8.60931592492e-06 912.965446459 
56 0 6.12986847597e-06 912.965448938 
57 0 4.44685925527e-06 912.965450621 
58 0 3.22409512014e-06 912.965451844 
59 0 2.33842672547e-06 912.96545273 
60 0 1.69030081524e-06 912.965453378 
61 0 1.21269917744e-06 912.965453856 
62 0 8.7247026592e-07 912.965454196 
63 0 6.2557721345e-07 912.965454443 
64 0 4.5033526913e-07 912.965454618 
65 0 3.24861353638e-07 912.965454743 
66 0 2.33676683316e-07 912.965454835 
67 0 1.6883303595e-07 912.965454899 
68 0 1.21361376939e-07 912.965454947 
69 0 8.74740881071e-08 912.965454981 
70 0 6.30097549203e-08 912.965455005 
