Time S I R
0  835.975659685 1 0
1 293.088997276 489.277859585 54.6088028242 
2 1.25976668322 497.173524965 338.542368037 
3 0.0316084026244 306.41998386 530.524067422 
4 0.00326771732387 188.355316418 648.61707555 
5 0.000818695017074 115.770558166 721.204282824 
6 0.000349218697465 71.1565480317 765.818762435 
7 0.00020609929868 43.7350895795 793.240364006 
8 0.000148625314978 26.8809371582 810.094573902 
9 0.000121826969348 16.5218555821 820.453682276 
10 0.000107805211769 10.1548343288 826.820717551 
11 0.000100003840657 6.24147095034 830.734088731 
12 9.54918732532e-05 3.8361982964 833.139365897 
13 9.28203501189e-05 2.35784415143 834.617722713 
14 9.12155896913e-05 1.44920269594 835.526365774 
15 9.02430588212e-05 0.890724121485 836.084845321 
16 8.96504653838e-05 0.547466170861 836.428103864 
17 8.92881722621e-05 0.336489359538 836.639081037 
18 8.9066222813e-05 0.206816503069 836.768754116 
19 8.8930079869e-05 0.127115679531 836.848455076 
20 8.8846505605e-05 0.0781291431036 836.897441696 
21 8.87951772484e-05 0.0480205376384 836.927550352 
22 8.87636442712e-05 0.0295148762152 836.946056045 
23 8.87442686235e-05 0.0181407383889 836.957430203 
24 8.87323618599e-05 0.0111498474396 836.964421105 
25 8.87250442929e-05 0.00685302846499 836.968717932 
26 8.8720547069e-05 0.00421211014598 836.971358855 
27 8.87177831146e-05 0.00258894526732 836.972982022 
28 8.87160844059e-05 0.0015912505915 836.973979719 
29 8.87150401923e-05 0.000978048325704 836.974592922 
30 8.87143984301e-05 0.000601135110774 836.974969836 
31 8.87140039367e-05 0.000369460099543 836.975201511 
32 8.87137614427e-05 0.000227077032685 836.975343894 
33 8.87136125129e-05 0.000139563177673 836.975431408 
34 8.87135207677e-05 8.57782808343e-05 836.975485193 
35 8.8713464379e-05 5.2672553077e-05 836.975518299 
36 8.87134299319e-05 3.23913171484e-05 836.97553858 
37 8.87134086724e-05 1.99285639198e-05 836.975551043 
38 8.87133954848e-05 1.22621247141e-05 836.97555871 
39 8.8713387413e-05 7.57018036966e-06 836.975563402 
40 8.87133825245e-05 4.66582825006e-06 836.975566306 
41 8.87133793412e-05 2.78514796975e-06 836.975568187 
42 8.87133775223e-05 1.72533058663e-06 836.975569247 
43 8.87133762717e-05 1.03702958267e-06 836.975569935 
44 8.87133757033e-05 6.37977490165e-07 836.975570334 
45 8.87133753622e-05 4.03135237627e-07 836.975570569 
46 8.87133751348e-05 2.55651695033e-07 836.975570716 
47 8.87133750211e-05 1.60580887533e-07 836.975570811 
48 8.87133747938e-05 9.99634268107e-08 836.975570872 
49 8.87133746801e-05 6.2126640867e-08 836.97557091 
50 8.87133746801e-05 3.88317849082e-08 836.975570933 
51 8.87133746801e-05 1.56669738649e-08 836.975570956 
52 8.87133746801e-05 -4.97582959121e-09 836.975570977 
53 8.87133746801e-05 -1.96329791921e-08 836.975570991 
54 8.87133746801e-05 -2.83044749376e-08 836.975571 
55 8.87133746801e-05 -3.09903168279e-08 836.975571003 
56 8.87133745664e-05 -2.76905048629e-08 836.975571 
57 8.87133746801e-05 -2.26760407566e-08 836.975570995 
58 8.87133746801e-05 -2.51048982545e-08 836.975570997 
59 8.87133745664e-05 -2.59754346531e-08 836.975570998 
60 8.87133746801e-05 -2.52876499525e-08 836.975570997 
61 8.87133746801e-05 -2.30415441526e-08 836.975570995 
62 8.87133745664e-05 -1.92371172534e-08 836.975570991 
63 8.87133746801e-05 -1.38743692549e-08 836.975570986 
64 8.87133746801e-05 -1.22049839135e-08 836.975570984 
65 8.87133746801e-05 -1.06007488741e-08 836.975570982 
66 8.87133746801e-05 -8.99651383474e-09 836.975570981 
67 8.87133746801e-05 -7.39227879535e-09 836.975570979 
68 8.87133746801e-05 -5.78804375595e-09 836.975570978 
69 8.87133746801e-05 -4.18380871655e-09 836.975570976 
70 8.87133746801e-05 -3.27370943139e-09 836.975570975 
