Time S I R
0 963.459478924 1 0
1 956.325749854 6.12702939015 2.00669967986
2 914.822306734 35.6502764604 13.9868957298
3 729.95135961 159.56514936 74.9429699541
4 372.517094779 335.361995918 256.580388227
5 152.408744841 314.153888869 497.896845214
6 77.0336367253 205.292423723 682.133418475
7 50.7484151248 118.884353284 794.826710515
8 40.0788206096 65.8220310706 858.558627244
9 35.2143918907 35.7486387458 893.496448288
10 32.8352857323 19.2400064471 912.384186745
11 31.6248089612 10.3082590889 922.526410874
12 30.9954698514 5.51003878416 927.953970289
13 30.6644176263 2.94166893141 930.853392366
14 30.489185305 1.56947578894 932.40081783
15 30.3961188197 0.837080214676 933.22627989
16 30.3466024999 0.446376217082 933.666500207
17 30.3202319981 0.238008847428 933.901238079
18 30.3061809229 0.126900397149 934.026397604
19 30.2986919977 0.0676582368255 934.09312869
20 30.2946999892 0.0360721683787 934.128706766
21 30.2925718624 0.0192318207079 934.147675241
22 30.2914373185 0.010253373775 934.157788232
23 30.2908324618 0.00546656113646 934.163179901
24 30.2905099952 0.00291452849506 934.1660544
25 30.2903380688 0.00155387336561 934.167586982
26 30.290246409 0.00082845855899 934.168404056
27 30.2901975365 0.00044167005565 934.168839718
28 30.2901714807 0.000235458535041 934.169071985
29 30.2901575926 0.00012554477275 934.169195787
30 30.2901501776 6.68604099076e-05 934.169261886
31 30.2901462386 3.56858084263e-05 934.169297
32 30.2901441358 1.90443653125e-05 934.169315744
33 30.2901430186 1.02025380119e-05 934.169325703
34 30.2901424178 5.44761718414e-06 934.169331059
35 30.2901420901 2.85374488087e-06 934.16933398
36 30.2901419176 1.48830578994e-06 934.169335518
37 30.2901418298 7.93372899597e-07 934.169336301
38 30.290141785 4.39495159523e-07 934.1693367
39 30.2901417602 2.42580410615e-07 934.169336921
40 30.2901417462 1.31851919871e-07 934.169337046
41 30.2901417386 7.15784761042e-08 934.169337114
42 30.2901417344 3.90747883767e-08 934.169337151
43 30.2901417317 1.69938967999e-08 934.169337175
44 30.2901417288 -5.49799092864e-09 934.169337201
45 30.2901417269 -2.05508728981e-08 934.169337218
46 30.2901417259 -2.81647491084e-08 934.169337226
47 30.2901417259 -2.83396195596e-08 934.169337226
48 30.2901417268 -2.10754842517e-08 934.169337218
49 30.2901417268 -2.14548353186e-08 934.169337219
50 30.2901417267 -2.2352620937e-08 934.16933722
51 30.2901417268 -2.14488040436e-08 934.169337219
52 30.2901417271 -1.87433846384e-08 934.169337216
53 30.2901417277 -1.42363627213e-08 934.169337211
54 30.2901417283 -9.55408876696e-09 934.169337205
55 30.2901417285 -8.13026832653e-09 934.169337204
56 30.2901417287 -6.70644788609e-09 934.169337202
57 30.2901417288 -5.28262744565e-09 934.1693372
58 30.290141729 -3.85880700521e-09 934.169337199
59 30.2901417292 -2.43498656478e-09 934.169337197
60 30.2901417292 -2.22845947438e-09 934.169337197
61 30.2901417292 -2.18833532255e-09 934.169337197
62 30.2901417292 -2.14821117073e-09 934.169337197
63 30.2901417292 -2.1080870189e-09 934.169337197
64 30.2901417292 -2.06796286708e-09 934.169337197
65 30.2901417293 -2.02783871525e-09 934.169337197
66 30.2901417293 -1.98771456343e-09 934.169337197
67 30.2901417293 -1.9475904116e-09 934.169337197
68 30.2901417293 -1.90746625978e-09 934.169337197
69 30.2901417293 -1.86734210795e-09 934.169337197
70 30.2901417293 -1.82721795613e-09 934.169337197
