Time S I R
0  803.186445823 1 0
1 658.233166887 123.869313709 22.0839652276 
2 44.0169670578 437.941980452 322.227498313 
3 4.22208221823 217.620908141 582.343455463 
4 1.40908429953 98.6624933363 704.114868187 
5 0.859099688491 44.3047559281 759.022590206 
6 0.688113062605 19.8493820263 783.648950734 
7 0.623008592956 8.88587913031 794.6775581 
8 0.595899760529 3.9766456953 799.613900367 
9 0.584153803153 1.77940649946 801.82288552 
10 0.578973325216 0.796173907801 802.81129859 
11 0.576670315709 0.356229216483 803.253546291 
12 0.575642863586 0.15938451127 803.451418448 
13 0.575183753575 0.0713115932023 803.539950476 
14 0.574978458186 0.0319060743448 803.57956129 
15 0.574886629164 0.014275329281 803.597283864 
16 0.574845548032 0.00638702617243 803.605213249 
17 0.574827168584 0.00285766391833 803.60876099 
18 0.574818945765 0.00127861842973 803.610348259 
19 0.57481526651 0.000572075912581 803.611058481 
20 0.574813619833 0.000255856220144 803.611376347 
21 0.574812883727 0.000114497733436 803.611518441 
22 0.574812554878 5.13470496391e-05 803.611581921 
23 0.574812405894 2.27367498478e-05 803.61161068 
24 0.574812340039 1.00902345476e-05 803.611623393 
25 0.574812311289 4.56922731017e-06 803.611628942 
26 0.574812298637 2.139554007e-06 803.611631385 
27 0.574812292625 9.85180313132e-07 803.611632545 
28 0.574812289849 4.519357769e-07 803.611633081 
29 0.574812288578 2.07965533826e-07 803.611633326 
30 0.574812287996 9.6116657943e-08 803.611633439 
31 0.574812287725 4.41737117515e-08 803.611633491 
32 0.574812287527 6.14502136336e-09 803.611633529 
33 0.574812287383 -2.14830979972e-08 803.611633557 
34 0.574812287325 -3.25720720342e-08 803.611633568 
35 0.574812287354 -2.71219007476e-08 803.611633563 
36 0.57481228736 -2.5990670571e-08 803.611633562 
37 0.574812287355 -2.68402762286e-08 803.611633562 
38 0.574812287373 -2.3440578409e-08 803.611633559 
39 0.574812287413 -1.57915771122e-08 803.611633551 
40 0.574812287434 -1.17437324064e-08 803.611633547 
41 0.574812287448 -9.09640578636e-09 803.611633545 
42 0.574812287461 -6.44907916636e-09 803.611633542 
43 0.574812287475 -3.80175254636e-09 803.611633539 
44 0.574812287478 -3.22653641691e-09 803.611633539 
45 0.574812287479 -3.14592002762e-09 803.611633539 
46 0.574812287479 -3.06530363833e-09 803.611633539 
47 0.57481228748 -2.98468724904e-09 803.611633538 
48 0.57481228748 -2.90407085975e-09 803.611633538 
49 0.57481228748 -2.82345447046e-09 803.611633538 
50 0.574812287481 -2.74283808118e-09 803.611633538 
51 0.574812287481 -2.66222169189e-09 803.611633538 
52 0.574812287482 -2.5816053026e-09 803.611633538 
53 0.574812287482 -2.50098891331e-09 803.611633538 
54 0.574812287482 -2.42037252402e-09 803.611633538 
55 0.574812287483 -2.33975613473e-09 803.611633538 
56 0.574812287483 -2.25913974544e-09 803.611633538 
57 0.574812287484 -2.17852335615e-09 803.611633538 
58 0.574812287484 -2.09790696686e-09 803.611633538 
59 0.574812287484 -2.01729057757e-09 803.611633537 
60 0.574812287485 -1.93667418829e-09 803.611633537 
61 0.574812287485 -1.856057799e-09 803.611633537 
62 0.574812287486 -1.77544140971e-09 803.611633537 
63 0.574812287486 -1.69482502042e-09 803.611633537 
64 0.574812287487 -1.61420863113e-09 803.611633537 
65 0.574812287487 -1.53359224184e-09 803.611633537 
66 0.574812287487 -1.45297585255e-09 803.611633537 
67 0.574812287488 -1.37235946326e-09 803.611633537 
68 0.574812287488 -1.29174307397e-09 803.611633537 
69 0.574812287489 -1.21112668469e-09 803.611633537 
70 0.574812287489 -1.1305102954e-09 803.611633537 
