Time S I R
0  821.07526972 1 0
1 802.686151916 17.7266269394 1.66249086396 
2 573.763512667 222.006903598 26.3048534541 
3 108.994142019 564.871491305 148.209636395 
4 12.9596749858 504.612337024 304.50325771 
5 2.30804728813 388.619237819 431.147984613 
6 0.620484807731 293.880424651 527.574360261 
7 0.230229457673 221.496507978 600.348532284 
8 0.10909822354 166.795450814 655.170720682 
9 0.062179599721 125.565932727 696.447157393 
10 0.0406984042243 94.5158807774 727.518690538 
11 0.0295917405252 71.1396765976 750.906001381 
12 0.0232844877967 53.5433417712 768.508643461 
13 0.0194392547005 40.2986495887 781.757180876 
14 0.0169699476853 30.3298536612 791.728446111 
15 0.015320176529 22.826874212 799.233075331 
16 0.0141854097744 17.1798930775 804.881191232 
17 0.0133871626944 12.9298313908 809.132051166 
18 0.0128161235666 9.73114368261 812.331309913 
19 0.0124024862445 7.32376236011 814.739104873 
20 0.0121000077244 5.51193323157 816.55123648 
21 0.0118772377411 4.14832916339 817.915063318 
22 0.0117122904676 3.1220668322 818.941490597 
23 0.0115896627764 2.34969199854 819.713988058 
24 0.0114982198501 1.7683956965 820.295375803 
25 0.0114298756071 1.33090743396 820.73293241 
26 0.0113787074323 1.00165048984 821.062240522 
27 0.0113403490211 0.7538491164 821.310080254 
28 0.0113115655363 0.567351976209 821.496606178 
29 0.0112899511187 0.426992991781 821.636986777 
30 0.0112737112049 0.321357818893 821.742638189 
31 0.0112615043413 0.241856028572 821.822152187 
32 0.0112523260981 0.182022459508 821.881994934 
33 0.0112454234024 0.136991195158 821.927033101 
34 0.0112402312044 0.103100499658 821.960928989 
35 0.011236325098 0.0775941030233 821.986439291 
36 0.011233386233 0.0583978243657 822.005638509 
37 0.0112311749317 0.0439505817979 822.020087963 
38 0.0112295109783 0.0330774862093 822.030962722 
39 0.0112282588408 0.0248943364789 822.039147124 
40 0.0112273165653 0.0187356388718 822.045306764 
41 0.0112266074555 0.0141005671075 822.049942545 
42 0.0112260738038 0.010612178596 822.053431467 
43 0.0112256721907 0.00798679403228 822.056057253 
44 0.0112253699435 0.00601091277395 822.058033437 
45 0.0112251424721 0.0045238276835 822.059520749 
46 0.0112249712842 0.00340467436809 822.060640074 
47 0.0112248424555 0.00256243685644 822.06148244 
48 0.0112247454956 0.00192853853041 822.062116436 
49 0.0112246725173 0.00145142344417 822.062593624 
50 0.011224617591 0.00109232520526 822.062952777 
51 0.0112245762612 0.000822117397228 822.063223026 
52 0.0112245451533 0.000618737833737 822.063426437 
53 0.0112245217313 0.000465608092989 822.06357959 
54 0.011224504104 0.00035036274701 822.063694853 
55 0.0112244908439 0.00026366996603 822.063781559 
56 0.0112244808691 0.000198456021743 822.063846783 
57 0.011224473361 0.000149368593403 822.063895878 
58 0.0112244677084 0.000112412504298 822.063932839 
59 0.0112244634505 8.4574167458e-05 822.063960682 
60 0.0112244602554 6.36857879144e-05 822.063981574 
61 0.0112244578518 4.79699476002e-05 822.063997292 
62 0.0112244560399 3.61251132454e-05 822.064009138 
63 0.011224454675 2.72009209104e-05 822.064018064 
64 0.0112244536424 2.04487299986e-05 822.064024817 
65 0.0112244528732 1.54196381268e-05 822.064029847 
66 0.011224452292 1.16196789934e-05 822.064033648 
67 0.0112244518558 8.76802757017e-06 822.0640365 
68 0.0112244515262 6.61368237693e-06 822.064038654 
69 0.0112244512781 4.9908112954e-06 822.064040277 
70 0.0112244510871 3.74241600439e-06 822.064041526 
