Time S I R
0 839.309606748 1 0
1 837.897152113 1.71938827853 0.693066355806
2 835.477022855 2.94928274227 1.88330115092
3 831.350389942 5.03843742927 3.92077937654
4 824.371738545 8.54833470361 7.38953349864
5 812.732551842 14.3363806653 13.2406742401
6 793.760580313 23.5889250334 22.9601014013
7 763.955426295 37.6454477554 38.7087326972
8 719.710984744 57.3406880582 63.2579339456
9 659.170975482 81.7246867392 99.4139445267
10 584.713644306 106.860801627 148.735160815
11 503.797690793 126.486513323 210.025402632
12 426.165145612 135.257463037 278.886998099
13 359.301552925 131.8946175 349.113436323
14 306.167182135 119.178325375 414.964099237
15 266.089609405 101.52479214 472.695205203
16 236.739092431 82.7828832768 520.78763104
17 215.549231561 65.3878372553 559.372537932
18 200.332436895 50.4791577755 589.498012077
19 189.412424479 38.3347217114 612.562460558
20 181.564830281 28.7706342667 629.9741422
21 175.913237629 21.4102272001 642.986141918
22 171.834377648 15.8356639451 652.639565154
23 168.884986469 11.6609002422 659.763720037
24 166.748963393 8.55931608651 665.001327268
25 165.200086022 6.26815371596 668.84136701
26 164.075889574 4.58258014133 671.651137032
27 163.259343234 3.34618833999 673.704075174
28 162.665934216 2.44121227807 675.202460253
29 162.23451275 1.7798390892 676.295254909
30 161.920767426 1.29703669778 677.091802624
31 161.692549691 0.944877734698 677.672179322
32 161.526518126 0.688162933717 678.094925688
33 161.405714185 0.501104897444 678.402787666
34 161.317810037 0.364845430574 678.62695128
35 161.253841789 0.265611960287 678.790152998
36 161.207289762 0.193355399612 678.908961586
37 161.17341096 0.140748233295 678.995447554
38 161.148754648 0.102450360247 679.05840174
39 161.130809987 0.0745714240477 679.104225337
40 161.117749851 0.0542779033318 679.137578993
41 161.108244567 0.039506397702 679.161855783
42 161.101326491 0.0287545911561 679.179525666
43 161.096291404 0.0209287761488 679.192386568
44 161.09262677 0.0152327438711 679.201747234
45 161.089959569 0.011086912197 679.208560267
46 161.088018318 0.00806940927642 679.21351902
47 161.086605431 0.00587316299129 679.217128154
48 161.085577094 0.00427465698888 679.219754996
49 161.084828635 0.00311119809667 679.221666915
50 161.084283938 0.00226447647789 679.223058333
51 161.083887483 0.00164819118006 679.224071073
52 161.083598898 0.00119958699272 679.224808263
53 161.083388854 0.000873073960712 679.22534482
54 161.083235999 0.000635460396918 679.225735288
55 161.083124743 0.000462512925318 679.226019491
56 161.083043703 0.000336535183252 679.22622651
57 161.082984757 0.000244902896813 679.226377088
58 161.08294189 0.000178266531022 679.226486591
59 161.082910663 0.000129724382391 679.22656636
60 161.082887972 9.44502154476e-05 679.226624326
61 161.082871478 6.88097838717e-05 679.22666646
62 161.082859474 5.01495875232e-05 679.226697124
63 161.082850708 3.65236118802e-05 679.226719516
64 161.082844298 2.6559402824e-05 679.22673589
65 161.082839593 1.9244683937e-05 679.22674791
66 161.082836217 1.39973150106e-05 679.226756533
67 161.082833684 1.00592609757e-05 679.226763004
68 161.082831916 7.3107909415e-06 679.226767521
69 161.08283064 5.32663037291e-06 679.226770781
70 161.082829754 3.94989972275e-06 679.226773044
