Time S I R
0 901.74273178 1 0
1 117.698565285 751.76371248 33.2804540141
2 0.0495635991882 742.377003226 160.316164955
3 5.49665137441e-05 632.154871563 270.58780525
4 0 538.261626463 364.481105317
5 0 458.313665377 444.429066403
6 0 390.240419035 512.502312745
7 0 332.277620431 570.465111349
8 0 282.924868153 619.817863627
9 0 240.902728804 661.840002975
10 0 205.121505204 697.621226576
11 0 174.654859229 728.087872551
12 0 148.713425638 754.029306142
13 0 126.625068249 776.117663531
14 0 107.817456081 794.925275699
15 0 91.8033311062 810.939400674
16 0 78.1678048887 824.574926891
17 0 66.5575536932 836.185178087
18 0 56.6717728162 846.070958964
19 0 48.2543264411 854.488405339
20 0 41.0871170002 861.65561478
21 0 34.9844506995 867.75828108
22 0 29.7882153711 872.954516409
23 0 25.3637747515 877.378957028
24 0 21.5964967306 881.146235049
25 0 18.3887728349 884.353958945
26 0 15.6574913709 887.085240409
27 0 13.331885542 889.410846238
28 0 11.3517020633 891.391029716
29 0 9.66563577008 893.07709601
30 0 8.23000045711 894.512731323
31 0 7.00759948686 895.735132293
32 0 5.96676145319 896.775970327
33 0 5.08051917668 897.662212603
34 0 4.32591052447 898.416821255
35 0 3.68338369837 899.059348081
36 0 3.13629116647 899.606440613
37 0 2.67045812867 900.072273651
38 0 2.273815396 900.468916384
39 0 1.93608598466 900.806645795
40 0 1.64851941247 901.094212367
41 0 1.40366500127 901.339066779
42 0 1.19517878799 901.547552992
43 0 1.01765908169 901.725072698
44 0 0.866506345954 901.876225434
45 0 0.737804273939 902.004927506
46 0 0.628218278608 902.114513501
47 0 0.534909096196 902.207822684
48 0 0.455459056808 902.287272723
49 0 0.387809682565 902.354922097
50 0 0.330208315216 902.412523465
51 0 0.281162531687 902.461569248
52 0 0.239401489527 902.50333029
53 0 0.203843167688 902.538888612
54 0 0.173566370422 902.569165409
55 0 0.147786590222 902.59494519
56 0 0.125835845569 902.616895934
57 0 0.107145444505 902.635586335
58 0 0.0912311310629 902.651500649
59 0 0.0776805415891 902.665051238
60 0 0.066142645605 902.676589134
61 0 0.0563185013602 902.686413278
62 0 0.0479535087549 902.694778271
63 0 0.0408309685555 902.701900811
64 0 0.0347663541957 902.707965426
65 0 0.0296025070177 902.713129273
66 0 0.0252056495065 902.71752613
67 0 0.0214618564627 902.721269923
68 0 0.0182741217879 902.724457658
69 0 0.0155598722538 902.727171908
70 0 0.0132487663423 902.729483013
