Time S I R
0  907.940008305 1 0
1 465.720997708 373.324929416 69.8940811806 
2 7.06458540987 393.460421256 508.415001639 
3 0.772381640474 168.006986521 740.160640143 
4 0.30320409844 70.5612861238 838.075518083 
5 0.204807154289 29.5794415418 879.155759609 
6 0.173750819615 12.393844761 896.372412724 
7 0.1621828155 5.19220238184 903.585623108 
8 0.157568692408 2.17505098204 906.607388631 
9 0.155675075243 0.911121773408 907.873211456 
10 0.154888630154 0.381661888991 908.403457786 
11 0.154560377286 0.159874543115 908.625573385 
12 0.154423082149 0.0669697535868 908.718615469 
13 0.154365606963 0.028052902145 908.757589796 
14 0.154341537612 0.0117510616464 908.773915706 
15 0.154331456329 0.00492239019826 908.780754458 
16 0.154327233676 0.00206199624329 908.783619075 
17 0.15432546478 0.000863734848178 908.784819105 
18 0.15432472376 0.00036175978652 908.785321821 
19 0.154324413406 0.000151521635418 908.78553237 
20 0.154324283554 6.35575138811e-05 908.785620464 
21 0.154324229069 2.66489843214e-05 908.785657427 
22 0.154324205984 1.10107424772e-05 908.785673088 
23 0.154324196558 4.62557827152e-06 908.785679483 
24 0.154324192737 2.03671403393e-06 908.785682076 
25 0.15432419103 8.8064409896e-07 908.785683233 
26 0.154324190288 3.78233127933e-07 908.785683736 
27 0.154324189972 1.640466167e-07 908.785683951 
28 0.154324189834 7.08330583768e-08 908.785684044 
29 0.154324189772 2.86161432313e-08 908.785684087 
30 0.154324189715 -9.67125747933e-09 908.785684125 
31 0.154324189686 -2.94842357177e-08 908.785684145 
32 0.154324189684 -3.08227914839e-08 908.785684146 
33 0.154324189694 -2.4307526132e-08 908.78568414 
34 0.154324189691 -2.63786392255e-08 908.785684142 
35 0.154324189695 -2.37584539501e-08 908.785684139 
36 0.154324189705 -1.64469703057e-08 908.785684132 
37 0.154324189713 -1.13424745376e-08 908.785684127 
38 0.154324189717 -8.64268773649e-09 908.785684124 
39 0.154324189721 -5.94290093536e-09 908.785684121 
40 0.154324189725 -3.24311413424e-09 908.785684119 
41 0.154324189725 -3.02586559542e-09 908.785684118 
42 0.154324189725 -2.94484063828e-09 908.785684118 
43 0.154324189725 -2.86381568113e-09 908.785684118 
44 0.154324189726 -2.78279072399e-09 908.785684118 
45 0.154324189726 -2.70176576684e-09 908.785684118 
46 0.154324189726 -2.6207408097e-09 908.785684118 
47 0.154324189726 -2.53971585255e-09 908.785684118 
48 0.154324189726 -2.45869089541e-09 908.785684118 
49 0.154324189726 -2.37766593826e-09 908.785684118 
50 0.154324189726 -2.29664098112e-09 908.785684118 
51 0.154324189726 -2.21561602398e-09 908.785684118 
52 0.154324189726 -2.13459106683e-09 908.785684117 
53 0.154324189727 -2.05356610969e-09 908.785684117 
54 0.154324189727 -1.97254115254e-09 908.785684117 
55 0.154324189727 -1.8915161954e-09 908.785684117 
56 0.154324189727 -1.81049123825e-09 908.785684117 
57 0.154324189727 -1.72946628111e-09 908.785684117 
58 0.154324189727 -1.64844132396e-09 908.785684117 
59 0.154324189727 -1.56741636682e-09 908.785684117 
60 0.154324189727 -1.48639140968e-09 908.785684117 
61 0.154324189728 -1.40536645253e-09 908.785684117 
62 0.154324189728 -1.32434149539e-09 908.785684117 
63 0.154324189728 -1.24331653824e-09 908.785684117 
64 0.154324189728 -1.1622915811e-09 908.785684116 
65 0.154324189728 -1.08126662395e-09 908.785684116 
66 0.154324189728 -1.00024166681e-09 908.785684116 
67 0.154324189728 -9.19216709664e-10 908.785684116 
68 0.154324189729 -8.38191752519e-10 908.785684116 
69 0.154324189729 -7.57166795374e-10 908.785684116 
70 0.154324189729 -6.7614183823e-10 908.785684116 
