Time S I R
0 882.791633811 1 0
1 733.9170797 136.593354557 13.2811995539
2 37.3830277819 619.039575988 227.369030041
3 1.40396907231 419.01221323 463.375451508
4 0.167138401024 267.190129569 616.434365841
5 0.0431127040279 169.893296219 713.855224888
6 0.018208690875 107.986445842 775.786979278
7 0.0105382696221 68.6316117017 815.14948384
8 0.0074420732152 43.6179682429 840.166223495
9 0.00596581874822 27.7204740722 856.06519392
10 0.00518368617691 17.6170352276 866.169414897
11 0.00474084501263 11.196012561 872.590880405
12 0.00447926773711 7.1152925061 876.671862037
13 0.00432058790727 4.5219072472 879.265405976
14 0.00422267970669 2.87375814068 880.91365299
15 0.00416161396117 1.82632711858 881.961145078
16 0.00412326546507 1.16066471655 882.626845829
17 0.00409907820108 0.737623778629 883.049910954
18 0.00408378056181 0.468773424602 883.318776606
19 0.0040740883237 0.297914079444 883.489645643
20 0.00406794069056 0.189329835254 883.598236035
21 0.00406403857141 0.120322448365 883.667247324
22 0.00406156065651 0.0764671057653 883.711105144
23 0.00405998668248 0.0485962431402 883.738977581
24 0.00405898670954 0.0308837838564 883.75669104
25 0.00405835133677 0.0196271988023 883.767948261
26 0.00405794759808 0.0124734418294 883.775102421
27 0.00405769103565 0.00792709883758 883.779649021
28 0.00405752799361 0.00503780776415 883.782538475
29 0.00405742438238 0.0032016400554 883.784374746
30 0.0040573585394 0.00203476487801 883.785541687
31 0.0040573166915 0.00129312467192 883.786283369
32 0.00405729009731 0.000821808412292 883.786754712
33 0.00405727319503 0.000522257286634 883.78705428
34 0.00405726244924 0.000331814016223 883.787244734
35 0.00405725562587 0.000210884541269 883.787365671
36 0.00405725128928 0.000134027488634 883.787442532
37 0.00405724853135 8.51500269452e-05 883.787491412
38 0.0040572467833 5.41661807399e-05 883.787522398
39 0.00405724567145 3.44641620891e-05 883.787542101
40 0.0040572449609 2.18701321792e-05 883.787554696
41 0.00405724451343 1.39406616873e-05 883.787562626
42 0.00405724422853 8.89166427292e-06 883.787567675
43 0.00405724404698 5.6748741089e-06 883.787570892
44 0.00405724392942 3.59166202046e-06 883.787572975
45 0.00405724385303 2.23589772238e-06 883.787574331
46 0.00405724380698 1.42064120492e-06 883.787575146
47 0.00405724377674 8.84815828916e-07 883.787575682
48 0.00405724375867 5.62931336133e-07 883.787576004
49 0.00405724374752 3.67250008473e-07 883.7875762
50 0.00405724374036 2.40387716419e-07 883.787576327
51 0.00405724373559 1.56045230395e-07 883.787576411
52 0.0040572437324 1.00344661878e-07 883.787576467
53 0.00405724373036 6.45255915343e-08 883.787576503
54 0.00405724372911 4.16636718277e-08 883.787576525
55 0.00405724372808 2.36409499918e-08 883.787576543
56 0.00405724372695 3.45039775197e-09 883.787576564
57 0.00405724372604 -1.20483993304e-08 883.787576579
58 0.00405724372547 -2.28554412554e-08 883.78757659
59 0.00405724372513 -2.89707280229e-08 883.787576596
60 0.00405724372501 -3.03942596329e-08 883.787576598
61 0.00405724372513 -2.71260360855e-08 883.787576594
62 0.00405724372558 -2.14208123039e-08 883.787576589
63 0.00405724372547 -2.36190410799e-08 883.787576591
64 0.00405724372536 -2.46274511368e-08 883.787576592
65 0.00405724372547 -2.44460424744e-08 883.787576592
66 0.00405724372547 -2.30748150929e-08 883.78757659
67 0.00405724372558 -2.05137689922e-08 883.787576588
68 0.00405724372581 -1.67629041723e-08 883.787576584
69 0.00405724372615 -1.22041715251e-08 883.787576579
70 0.00405724372615 -1.08899941404e-08 883.787576578
