Time S I R
0  839.287390187 1 0
1 740.173848655 96.4894298572 3.62411167506 
2 58.7078667881 704.869217147 76.7103062519 
3 1.07428907461 647.120081377 192.093019736 
4 0.0338994299451 548.49982883 291.753661927 
5 0.00181354494259 464.159719201 376.125857441 
6 0.000150671249571 392.765619249 447.521620267 
7 0 332.351502835 507.935887352 
8 0 281.230090374 559.057299814 
9 0 237.972045475 602.315344712 
10 0 201.367960423 638.919429765 
11 0 170.394246322 669.893143865 
12 0 144.18472508 696.102665108 
13 0 122.006683392 718.280706795 
14 0 103.240008576 737.047381612 
15 0 87.3599939903 752.927396197 
16 0 73.9224058561 766.364984331 
17 0 62.5519377003 777.735452487 
18 0 52.9303588931 787.357031294 
19 0 44.7887718745 795.498618313 
20 0 37.8995030332 802.387887154 
21 0 32.0699088222 808.217481365 
22 0 27.1370137338 813.150376454 
23 0 22.9628770561 817.324513131 
24 0 19.43077695 820.856613237 
25 0 16.4420016282 823.845388559 
26 0 13.9129408524 826.374449335 
27 0 11.7728899875 828.5145002 
28 0 9.96201984561 830.325370342 
29 0 8.42969202419 831.857698163 
30 0 7.13305954135 833.154330646 
31 0 6.03587387671 834.251516311 
32 0 5.1074534555 835.179936732 
33 0 4.32183899807 835.965551189 
34 0 3.65706535638 836.630324831 
35 0 3.09454627911 837.192843908 
36 0 2.61855184593 837.668838341 
37 0 2.21577369359 838.071616494 
38 0 1.87494972991 838.412440457 
39 0 1.58655034722 838.70083984 
40 0 1.34251155624 838.944878631 
41 0 1.13601033192 839.151379855 
42 0 0.961272516498 839.326117671 
43 0 0.813412263931 839.473977923 
44 0 0.688295456969 839.59909473 
45 0 0.582423868878 839.704966319 
46 0 0.492837114548 839.794553073 
47 0 0.417030271671 839.870359916 
48 0 0.352883849114 839.934506338 
49 0 0.298604291564 839.988785896 
50 0 0.252673838962 840.034716348 
51 0 0.213808247705 840.07358194 
52 0 0.18092086721 840.10646932 
53 0 0.153092149621 840.134298038 
54 0 0.129543943924 840.157846243 
55 0 0.109617755361 840.177772432 
56 0 0.0927566751449 840.194633512 
57 0 0.0784891235912 840.208901064 
58 0 0.0664161262055 840.220974061 
59 0 0.0562001855608 840.231190002 
60 0 0.0475556329834 840.239834554 
61 0 0.0402407579356 840.247149429 
62 0 0.0340510416438 840.253339146 
63 0 0.0288134047993 840.258576783 
64 0 0.0243814000825 840.263008787 
65 0 0.0206311279142 840.266759059 
66 0 0.0174577081562 840.269932479 
67 0 0.0147724054388 840.272617782 
68 0 0.0125001582507 840.274890029 
69 0 0.0105774170206 840.27681277 
70 0 0.00895039633451 840.278439791 
