Time S I R
0  937.922622357 1 0
1 870.237898613 66.4481594009 2.23656434266 
2 147.519782451 736.17016068 55.2326792261 
3 3.61070166767 769.294868108 166.01705258 
4 0.122222801121 671.681261397 267.119138159 
5 0.0064312474949 583.815072446 355.101118663 
6 0.000492966745469 507.357585371 431.564544019 
7 3.08886606035e-05 440.908886107 498.013705361 
8 0 383.162351255 555.760271101 
9 0 332.979052243 605.943570114 
10 0 289.368343132 649.554279225 
11 0 251.469318408 687.453303949 
12 0 218.534009115 720.388613241 
13 0 189.912294619 749.010327737 
14 0 165.039209079 773.883413278 
15 0 143.423919642 795.498702715 
16 0 124.639601924 814.283020433 
17 0 108.315421594 830.607200762 
18 0 94.1292450919 844.793377265 
19 0 81.8010438142 857.121578542 
20 0 71.0874889525 867.835133404 
21 0 61.7770884892 877.145533867 
22 0 53.6860207872 885.236601569 
23 0 46.654686411 892.267935946 
24 0 40.5442756015 898.378346755 
25 0 35.2341489514 903.688473405 
26 0 30.6194863447 908.303136012 
27 0 26.6092192308 912.313403126 
28 0 23.1241802192 915.798442137 
29 0 20.0955779796 918.827044377 
30 0 17.4636254556 921.458996901 
31 0 15.1763939399 923.746228417 
32 0 13.1887235833 925.733898773 
33 0 11.4613798566 927.4612425 
34 0 9.96026889707 928.962353459 
35 0 8.65575782701 930.26686453 
36 0 7.52210399491 931.400518362 
37 0 6.53692517308 932.385697183 
38 0 5.68077491114 933.241847445 
39 0 4.93675714572 933.985865211 
40 0 4.2901834146 934.632438942 
41 0 3.72829313653 935.19432922 
42 0 3.23999409943 935.682628257 
43 0 2.81564742576 936.106974931 
44 0 2.44687893021 936.475743426 
45 0 2.12640807759 936.796214279 
46 0 1.84790970992 937.074712647 
47 0 1.6058867911 937.316735565 
48 0 1.39556153523 937.527060821 
49 0 1.2127832704 937.709839086 
50 0 1.05394354053 937.868678816 
51 0 0.915907130675 938.006715226 
52 0 0.795949726666 938.12667263 
53 0 0.69170311244 938.230919244 
54 0 0.601109930868 938.321512426 
55 0 0.522381837753 938.400240519 
56 0 0.453964761653 938.468657595 
57 0 0.394508486965 938.52811387 
58 0 0.342839197672 938.579783159 
59 0 0.297937110504 938.624685246 
60 0 0.258915939264 938.663706417 
61 0 0.225005357816 938.697616999 
62 0 0.195536149301 938.727086207 
63 0 0.169926535173 938.752695821 
64 0 0.147671028758 938.774951328 
65 0 0.128330368559 938.794291988 
66 0 0.111522687355 938.811099669 
67 0 0.0969164414716 938.825705915 
68 0 0.0842231700334 938.838399187 
69 0 0.0731923622882 938.849429994 
70 0 0.0636062635591 938.859016093 
