Time S I R
0  983.590957569 1 0
1 875.992084708 97.6945670835 10.9043057778 
2 87.7274985922 669.373885303 227.489573674 
3 4.10931658188 464.883290699 515.598350288 
4 0.586186943868 285.101052646 698.903717979 
5 0.178547557833 173.599671928 810.812738083 
6 0.0865958578629 105.592057682 878.912304029 
7 0.0557752082423 64.2079683285 920.327214032 
8 0.042681310538 39.039072362 945.509203896 
9 0.0362739694342 23.7349929 960.8196907 
10 0.0328583653416 14.4300534074 970.128045796 
11 0.030940945923 8.7728421273 975.787174496 
12 0.029830351584 5.33346416906 979.227663048 
13 0.0291747470739 3.24247323121 981.319309591 
14 0.028783234059 1.97125153738 982.590922798 
15 0.028547788864 1.19841456488 983.363995215 
16 0.0284055936739 0.728570717051 983.833981258 
17 0.0283194932631 0.442931009376 984.119707066 
18 0.0282672765865 0.269277630861 984.293412662 
19 0.0282355787758 0.163705811231 984.399016179 
20 0.0282163256655 0.0995240580477 984.463217185 
21 0.0282046272625 0.0605051037609 984.502247838 
22 0.0281975176542 0.0367837409587 984.52597631 
23 0.0281931962852 0.0223624740473 984.540401899 
24 0.0281905694566 0.0135951435119 984.549171856 
25 0.0281889726099 0.0082650919356 984.554503504 
26 0.0281880018549 0.00502469934189 984.557744868 
27 0.028187411725 0.0030547838446 984.559715373 
28 0.0281870529648 0.0018571840788 984.560913332 
29 0.0281868348432 0.0011290511907 984.561641683 
30 0.0281867022477 0.000686418349386 984.562084448 
31 0.0281866216012 0.000417202195402 984.562353745 
32 0.0281865726024 0.000253632259267 984.562517364 
33 0.0281865428161 0.000154198298797 984.562616828 
34 0.0281865246973 9.37131600607e-05 984.562677331 
35 0.0281865137101 5.70356101057e-05 984.56271402 
36 0.0281865070242 3.47166294e-05 984.562736345 
37 0.0281865029474 2.11068791264e-05 984.562749959 
38 0.0281865004772 1.28609771167e-05 984.562758208 
39 0.0281864989768 7.85189233426e-06 984.562763218 
40 0.0281864980565 4.77971121179e-06 984.562766291 
41 0.0281864974675 2.81316596199e-06 984.562768258 
42 0.028186497143 1.73030241961e-06 984.562769342 
43 0.0281864969327 1.02877056674e-06 984.562770043 
44 0.0281864968119 6.25530209292e-07 984.562770447 
45 0.0281864967417 3.91152446346e-07 984.562770681 
46 0.028186496698 2.45496044831e-07 984.562770827 
47 0.0281864966703 1.52538085983e-07 984.56277092 
48 0.0281864966527 9.40008289493e-08 984.562770978 
49 0.0281864966419 5.78610498821e-08 984.562771014 
50 0.0281864966352 3.57497116118e-08 984.562771037 
51 0.0281864966279 1.11181015667e-08 984.562771061 
52 0.028186496622 -8.72322896185e-09 984.562771081 
53 0.0281864966179 -2.23144602243e-08 984.562771095 
54 0.0281864966156 -2.96555922207e-08 984.562771102 
55 0.0281864966154 -3.07466249511e-08 984.562771103 
56 0.028186496617 -2.55875584154e-08 984.562771098 
57 0.0281864966174 -2.36573754104e-08 984.562771096 
58 0.0281864966169 -2.56049058085e-08 984.562771098 
59 0.0281864966169 -2.59273177441e-08 984.562771098 
60 0.0281864966172 -2.46246112172e-08 984.562771097 
61 0.0281864966181 -2.16967862278e-08 984.562771094 
62 0.0281864966195 -1.71438427759e-08 984.562771089 
63 0.0281864966207 -1.30719686976e-08 984.562771085 
64 0.0281864966212 -1.14357355748e-08 984.562771084 
65 0.0281864966216 -9.79950245195e-09 984.562771082 
66 0.0281864966222 -8.16326932914e-09 984.56277108 
67 0.0281864966227 -6.52703620632e-09 984.562771079 
68 0.0281864966231 -4.89080308351e-09 984.562771077 
69 0.0281864966237 -3.28675277615e-09 984.562771076 
70 0.0281864966236 -3.236082244e-09 984.562771076 
