Time S I R
0 980.53619354 1 0
1 875.130098132 103.537438667 2.8686567406
2 69.8225385751 845.068266118 66.6453888473
3 1.04311053974 807.811211781 172.68187122
4 0.0238135972704 713.48757858 268.024801363
5 0.000838332617604 629.380588604 352.154766603
6 3.69457061424e-05 555.170526552 426.365630043
7 3.08761627821e-06 489.709872131 491.826318321
8 1.81121436071e-06 431.967742836 549.568448893
9 2.94051915262e-07 381.034109652 600.502083594
10 0 336.105969725 645.430223815
11 0 296.475262719 685.060930821
12 0 261.517561547 720.018631994
13 0 230.681716752 750.854476788
14 8.4266957856e-09 203.481758303 778.054435229
15 7.443100003e-08 179.489354786 802.04683868
16 0 158.325506565 823.210686976
17 0 139.657249367 841.878944173
18 0 123.190146712 858.346046828
19 0 108.664691744 872.871501796
20 0 95.8519506349 885.684242905
21 0 84.5499699271 896.986223613
22 0 74.5806294035 906.955564137
23 0 65.7867774786 915.749416062
24 0 58.029811288 923.506382252
25 0 51.1874740382 930.348719502
26 0 45.1519222704 936.38427127
27 0 39.8280277814 941.708165759
28 0 35.1318780702 946.40431547
29 0 30.9894495925 950.546743948
30 0 27.3354499666 954.200743574
31 0 24.1122926183 957.423900922
32 0 21.2691880768 960.267005464
33 0 18.761320407 962.774873133
34 0 16.549156457 964.987037083
35 0 14.597829885 966.938363655
36 0 12.8765869803 968.65960656
37 0 11.3582970257 970.177896515
38 0 10.0190293867 971.517164154
39 0 8.83767259947 972.698520941
40 0 7.79561419322 973.740579347
41 0 6.87642518877 974.659768352
42 0 6.06561975197 975.470573788
43 0 5.35041624095 976.185777299
44 0 4.71954301897 976.816650521
45 0 4.16305719554 977.373136345
46 0 3.67218688462 977.864006656
47 0 3.23919608025 978.29699746
48 0 2.85725876712 978.678934773
49 0 2.52035677858 979.015836762
50 0 2.22317892403 979.313014616
51 0 1.96104173766 979.575151803
52 0 1.72981344804 979.806380092
53 0 1.5258492344 980.010344306
54 0 1.345934976 980.190258564
55 0 1.18723431947 980.348959221
56 0 1.04724646183 980.488947078
57 0 0.923764535328 980.612429005
58 0 0.814842544119 980.721350996
59 0 0.718763672584 980.817429868
60 0 0.634013488566 980.902180052
61 0 0.559256387704 980.976937153
62 0 0.493313843552 981.042879697
63 0 0.435146767658 981.101046773
64 0 0.383838154715 981.152355386
65 0 0.338579427601 981.197614113
66 0 0.298657198297 981.237536342
67 0 0.263442210287 981.27275133
68 0 0.232379499836 981.30381404
69 0 0.204979376822 981.331214163
70 0 0.18081007653 981.355383464
