Time S I R
0  859.204511857 1 0
1 853.129221439 5.3383543598 1.73693605801 
2 822.068802248 27.3206823304 10.8150272787 
3 692.234959787 115.077475297 52.892076773 
4 406.866635196 270.360466897 182.977409765 
5 179.604016677 297.460527918 383.139967262 
6 88.3493343007 215.055178235 556.799999321 
7 55.1807358612 133.010001274 672.013774722 
8 41.6183456526 77.5271779247 741.058988279 
9 35.3853349449 44.0465674783 780.772609433 
10 32.2878993358 24.7211628937 803.195449627 
11 30.6747660854 13.7889208171 815.740824954 
12 29.8116765631 7.66600228367 822.72683301 
13 29.3427998554 4.25442263525 826.607289366 
14 29.0858992289 2.35881503811 828.75979759 
15 28.9444713508 1.30712500131 829.952915505 
16 28.8664075346 0.724125230496 830.613979092 
17 28.823255651 0.401088509746 830.980167696 
18 28.7993829342 0.222140709018 831.182988213 
19 28.7861699734 0.12302522845 831.295316655 
20 28.7788551341 0.0681316301064 831.357525092 
21 28.77480499 0.0377308589268 831.391976008 
22 28.7725623013 0.0208949342063 831.411054621 
23 28.7713204036 0.0115713348343 831.421620118 
24 28.7706326808 0.00640803035047 831.427471145 
25 28.7702518394 0.00354867839538 831.430711339 
26 28.7700409441 0.00196526139879 831.432505651 
27 28.769924146 0.00108832645491 831.433499384 
28 28.7698594653 0.000602694473413 831.434049697 
29 28.7698236328 0.000333657981696 831.434354566 
30 28.7698038068 0.000184801221389 831.434523249 
31 28.7697928179 0.000102294721899 831.434616744 
32 28.7697867484 5.6723590033e-05 831.434668385 
33 28.7697833821 3.14485497091e-05 831.434697026 
34 28.7697815151 1.74311017298e-05 831.43471291 
35 28.7697804847 9.69495513735e-06 831.434721677 
36 28.7697799113 5.38935891475e-06 831.434726556 
37 28.7697795782 2.88842496461e-06 831.43472939 
38 28.7697794082 1.61170806976e-06 831.434730837 
39 28.7697793101 8.7585291427e-07 831.434731671 
40 28.7697792592 4.93129723309e-07 831.434732104 
41 28.7697792312 2.83457080197e-07 831.434732342 
42 28.769779215 1.61325784465e-07 831.43473248 
43 28.7697792056 9.07890191857e-08 831.43473256 
44 28.7697792003 5.11507495424e-08 831.434732605 
45 28.7697791967 2.37246762234e-08 831.434732636 
46 28.769779193 -3.43851627888e-09 831.434732667 
47 28.7697791906 -2.14451180367e-08 831.434732687 
48 28.7697791895 -3.02951290502e-08 831.434732697 
49 28.7697791895 -2.99885493192e-08 831.434732697 
50 28.7697791905 -2.25351466458e-08 831.434732689 
51 28.7697791901 -2.57046916405e-08 831.434732692 
52 28.76977919 -2.64707167262e-08 831.434732693 
53 28.7697791902 -2.4833221903e-08 831.434732691 
54 28.7697791907 -2.07922071709e-08 831.434732687 
55 28.7697791916 -1.43476725298e-08 831.434732679 
56 28.7697791919 -1.23081055526e-08 831.434732677 
57 28.7697791921 -1.02707692351e-08 831.434732675 
58 28.7697791924 -8.23343291766e-09 831.434732672 
59 28.7697791927 -6.19609660018e-09 831.43473267 
60 28.7697791929 -4.1587602827e-09 831.434732668 
61 28.769779193 -3.40582707613e-09 831.434732667 
62 28.7697791931 -3.3419809388e-09 831.434732667 
63 28.7697791931 -3.27813480146e-09 831.434732667 
64 28.7697791931 -3.21428866412e-09 831.434732667 
65 28.7697791931 -3.15044252678e-09 831.434732667 
66 28.7697791931 -3.08659638944e-09 831.434732667 
67 28.7697791931 -3.0227502521e-09 831.434732667 
68 28.7697791931 -2.95890411477e-09 831.434732667 
69 28.7697791931 -2.89505797743e-09 831.434732666 
70 28.7697791931 -2.83121184009e-09 831.434732666 
