Time S I R
0  862.367759133 1 0
1 529.46758811 277.725235037 56.174935986 
2 13.0914233536 368.027326484 482.249009295 
3 1.74933108585 147.58486337 714.033564677 
4 0.792668283705 57.3755128727 805.199577976 
5 0.583084768759 22.2187316542 840.56594271 
6 0.517735532971 8.59553867644 854.254484923 
7 0.494470135413 3.32415294894 859.549136048 
8 0.48575621312 1.28539231682 861.596610603 
9 0.482428100438 0.497015762287 862.38831527 
10 0.481147371914 0.192175017292 862.694436744 
11 0.480653081907 0.0743054012491 862.81280065 
12 0.480462098823 0.0287304910795 862.858566543 
13 0.480388274804 0.0111087491603 862.876262109 
14 0.480359733892 0.00429532435529 862.883104075 
15 0.480348698621 0.00166082175521 862.885749612 
16 0.480344431762 0.000642157889887 862.886772543 
17 0.48034278192 0.000248274426075 862.887168076 
18 0.480342143849 9.59409873931e-05 862.887321048 
19 0.480341897475 3.71213538669e-05 862.887380114 
20 0.480341802271 1.43924589492e-05 862.887402938 
21 0.480341765399 5.58958455553e-06 862.887411778 
22 0.480341750826 2.11028330998e-06 862.887415272 
23 0.480341745354 8.04007938885e-07 862.887416583 
24 0.480341743369 3.30061026463e-07 862.887417059 
25 0.480341742539 1.31881276791e-07 862.887417258 
26 0.480341742206 5.23837452274e-08 862.887417338 
27 0.480341742051 1.54524939103e-08 862.887417375 
28 0.480341741922 -1.55570098492e-08 862.887417406 
29 0.480341741866 -2.88836223821e-08 862.88741742 
30 0.480341741884 -2.45273436885e-08 862.887417415 
31 0.480341741894 -2.22370373672e-08 862.887417413 
32 0.480341741893 -2.23556685236e-08 862.887417413 
33 0.480341741911 -1.81472605971e-08 862.887417409 
34 0.480341741944 -1.02656483789e-08 862.887417401 
35 0.480341741953 -7.99691934813e-09 862.887417399 
36 0.480341741963 -5.72819031737e-09 862.887417397 
37 0.480341741972 -3.45946128661e-09 862.887417394 
38 0.480341741977 -2.35341205392e-09 862.887417393 
39 0.480341741977 -2.28866314452e-09 862.887417393 
40 0.480341741977 -2.22391423512e-09 862.887417393 
41 0.480341741978 -2.15916532572e-09 862.887417393 
42 0.480341741978 -2.09441641632e-09 862.887417393 
43 0.480341741978 -2.02966750692e-09 862.887417393 
44 0.480341741979 -1.96491859752e-09 862.887417393 
45 0.480341741979 -1.90016968812e-09 862.887417393 
46 0.480341741979 -1.83542077872e-09 862.887417393 
47 0.480341741979 -1.77067186932e-09 862.887417393 
48 0.48034174198 -1.70592295992e-09 862.887417392 
49 0.48034174198 -1.64117405052e-09 862.887417392 
50 0.48034174198 -1.57642514112e-09 862.887417392 
51 0.48034174198 -1.51167623172e-09 862.887417392 
52 0.480341741981 -1.44692732232e-09 862.887417392 
53 0.480341741981 -1.38217841292e-09 862.887417392 
54 0.480341741981 -1.31742950352e-09 862.887417392 
55 0.480341741982 -1.25268059412e-09 862.887417392 
56 0.480341741982 -1.18793168472e-09 862.887417392 
57 0.480341741982 -1.12318277532e-09 862.887417392 
58 0.480341741982 -1.05843386592e-09 862.887417392 
59 0.480341741983 -9.93684956517e-10 862.887417392 
60 0.480341741983 -9.28936047117e-10 862.887417392 
61 0.480341741983 -8.64187137717e-10 862.887417392 
62 0.480341741983 -7.99438228317e-10 862.887417392 
63 0.480341741984 -7.34689318916e-10 862.887417392 
64 0.480341741984 -6.69940409516e-10 862.887417391 
65 0.480341741984 -6.05191500116e-10 862.887417391 
66 0.480341741984 -5.40442590716e-10 862.887417391 
67 0.480341741985 -4.75693681316e-10 862.887417391 
68 0.480341741985 -4.10944771916e-10 862.887417391 
69 0.480341741985 -3.46195862516e-10 862.887417391 
70 0.480341741986 -2.81446953116e-10 862.887417391 
