Time S I R
0 890.24827946 1 0
1 851.070347774 38.2824453884 1.8954862976
2 314.905246719 532.57419783 43.7688349116
3 16.3476601638 706.542698301 168.357920995
4 0.943606650251 601.821892611 288.482780199
5 0.0861297085414 501.871746571 389.29040318
6 0.0117291001034 417.956997705 473.279552655
7 0.00223379570048 348.026919681 543.219125983
8 0.000532146745513 289.791217471 601.456529842
9 0.000209236045407 241.299281405 649.948788819
10 9.36646370064e-05 200.921559408 690.326626388
11 4.3785782168e-05 167.300497602 723.947738072
12 2.36084146081e-05 139.305321908 751.942933944
13 1.24959379946e-05 115.994708697 775.253558267
14 8.06246043794e-06 96.5847499073 794.66352149
15 5.49473884348e-06 80.422745952 810.825528013
16 3.96842983719e-06 66.9651886301 824.283086861
17 3.02158719023e-06 55.7596366598 835.488639778
18 2.4239305958e-06 46.4291139051 844.819163131
19 2.01561954327e-06 38.6599142272 852.588363217
20 1.7291780523e-06 32.1907712129 859.057506518
21 1.52282473209e-06 26.804183877 864.44409406
22 1.36713117627e-06 22.3188435856 868.929434507
23 1.2521068129e-06 18.5841545769 872.664123631
24 1.16246508242e-06 15.4743608793 875.773917418
25 1.09327709197e-06 12.8849663378 878.363312029
26 1.03869979284e-06 10.7288602331 880.519418188
27 9.95356685962e-07 8.93354947197 882.314728992
28 9.60644797487e-07 7.43865463729 883.809623862
29 9.32666694098e-07 6.19390751239 885.054371015
30 9.09994810172e-07 5.15745119736 886.090827352
31 8.91537183634e-07 4.29442944303 886.953849125
32 8.76454350873e-07 3.57582161862 887.672456965
33 8.64090338837e-07 2.97746192419 888.270816671
34 8.53928440847e-07 2.4792286194 888.769049986
35 8.45558133733e-07 2.06436706634 889.183911548
36 8.38651203594e-07 1.71892610961 889.529352512
37 8.32943101159e-07 1.43128969273 889.816988934
38 8.28219754112e-07 1.191784872 890.05649376
39 8.24307335279e-07 0.992357528456 890.255921107
40 8.21063622425e-07 0.826301443536 890.421977195
41 8.18372541289e-07 0.688032333489 890.560246308
42 8.16138367554e-07 0.572900479729 890.675378164
43 8.14282657302e-07 0.477034215442 890.77124443
44 8.12740836409e-07 0.397209720873 890.851068926
45 8.11459358374e-07 0.330742644708 890.917536004
46 8.1039354427e-07 0.275397829603 890.97288082
47 8.0950735537e-07 0.22931395349 891.018964697
48 8.08770096228e-07 0.190941702468 891.057336949
49 8.08156755738e-07 0.158990500299 891.089288151
50 8.07646301837e-07 0.132385807901 891.115892844
51 8.07221567811e-07 0.110232982419 891.13804567
52 8.06868001746e-07 0.0917871638245 891.156491489
53 8.0657378021e-07 0.0764279695245 891.171850684
54 8.06328898761e-07 0.0636388828693 891.184639771
55 8.06125171948e-07 0.052989855921 891.195288798
56 8.059554375e-07 0.0441227922726 891.204155862
57 8.0581412476e-07 0.0367395056205 891.211539148
58 8.05696345196e-07 0.0305916962949 891.217686958
59 8.05598460829e-07 0.0254726281895 891.222806026
60 8.0551683368e-07 0.0212101677603 891.227068486
61 8.05449076324e-07 0.0176609652 891.230617689
62 8.05392687653e-07 0.0147056652259 891.233572989
63 8.05345621302e-07 0.012244889973 891.236033764
64 8.05306399343e-07 0.0101958926046 891.238082762
65 8.05273884907e-07 0.00848975873117 891.239788896
66 8.05246713753e-07 0.00706908969907 891.241209565
67 8.05224090072e-07 0.00588620780407 891.242392447
68 8.05205331744e-07 0.00490128034986 891.243377374
69 8.05189642961e-07 0.00408117878712 891.244197476
70 8.05176455287e-07 0.00339826121689 891.244880393
