Time S I R
0  994.985740306 1 0
1 987.344167227 7.6543155239 0.987257555083 
2 932.321251424 55.3344755415 8.33001334053 
3 658.553199467 284.587118713 52.8454221261 
4 226.970328919 579.76402793 189.251383457 
5 55.9373085254 571.446643997 368.601787783 
6 16.6322004408 455.436218334 523.917321531 
7 6.50547563165 345.360364799 644.119899875 
8 3.21077456206 258.231358314 734.54360743 
9 1.89649887493 192.120689007 801.968552424 
10 1.28243394045 142.629337216 852.07396915 
11 0.959305356992 105.775285137 889.251149811 
12 0.773563630359 78.3984318187 916.813744857 
13 0.659535460084 58.0872933085 937.238911537 
14 0.58603635738 43.0289646458 952.370739303 
15 0.536925108535 31.8697690004 963.579046197 
16 0.503223075287 23.6023403035 971.880176927 
17 0.479635529602 17.47842445 978.027680326 
18 0.462884095498 12.9428314293 982.580024781 
19 0.450857395216 9.58387464991 985.951008261 
20 0.442153979803 7.09647473851 988.447111588 
21 0.435818020194 5.25456452183 990.295357764 
22 0.431185181232 3.89067702972 991.663878095 
23 0.42778660296 2.8807740796 992.677179623 
24 0.425287475443 2.13299777491 993.427455056 
25 0.423446479275 1.57931767375 993.982976153 
26 0.422088505632 1.16935628892 994.394295511 
27 0.421085846176 0.865810863381 994.698843596 
28 0.42034499773 0.64105957698 994.924335731 
29 0.419797303021 0.474649634355 995.091293368 
30 0.419392241831 0.351436830264 995.214911234 
31 0.419092581373 0.260208260236 995.306439464 
32 0.418870847238 0.192661393075 995.374208066 
33 0.418706748163 0.142648787704 995.42438477 
34 0.418585288528 0.105618775656 995.461536242 
35 0.418495381266 0.0782013449416 995.48904358 
36 0.418428825343 0.0579011500928 995.50941033 
37 0.4183795535 0.0428706772109 995.524490075 
38 0.418343075753 0.0317419239021 995.535655306 
39 0.418316069279 0.0235020707234 995.543922166 
40 0.418296074501 0.0174011882626 995.550043043 
41 0.41828127078 0.012884032111 995.554575003 
42 0.418270310283 0.00953948082142 995.557930515 
43 0.41826219519 0.00706313613313 995.560414975 
44 0.418256186786 0.00522962291068 995.562254496 
45 0.418251738075 0.00387204563809 995.563616522 
46 0.418248444364 0.00286692088477 995.564624941 
47 0.418246005822 0.00212275873538 995.565371541 
48 0.418244200191 0.0015717371863 995.565924368 
49 0.418242863174 0.00116371995505 995.566333723 
50 0.418241873237 0.000861620685082 995.566636812 
51 0.418241140344 0.000637962833145 995.566861203 
52 0.4182405977 0.000472363309044 995.567027345 
53 0.418240195611 0.000349657037281 995.567150453 
54 0.418239898053 0.000258850625901 995.567241557 
55 0.418239677898 0.000191665314683 995.567308963 
56 0.41823951455 0.000141816026937 995.567358975 
57 0.418239394196 0.000105087324807 995.567395824 
58 0.418239304949 7.78516825506e-05 995.567423149 
59 0.418239238925 5.7702759605e-05 995.567443364 
60 0.418239190092 4.28002459913e-05 995.567458316 
61 0.418239153595 3.16624258427e-05 995.56746949 
62 0.418239125743 2.31628087461e-05 995.567478017 
63 0.418239106537 1.73017591565e-05 995.567483898 
64 0.418239091564 1.27321927141e-05 995.567488482 
65 0.418239080397 9.32433839803e-06 995.567491901 
66 0.418239072474 6.9064919775e-06 995.567494327 
67 0.41823906667 5.135351138e-06 995.567496104 
68 0.418239062528 3.87125524923e-06 995.567497372 
69 0.418239059392 2.91435785939e-06 995.567498332 
70 0.418239057045 2.1981168106e-06 995.567499051 
