Time S I R
0  889.760278352 1 0
1 879.203032192 9.88823098657 1.66901517306 
2 786.702189341 86.8449612254 17.2131277856 
3 402.03021176 377.647472513 111.082594078 
4 96.9584298203 483.850350788 309.951497744 
5 25.7657313769 369.737161173 495.257385802 
6 9.9840033995 252.954257848 627.822017104 
7 5.2718585945 168.37350264 717.114917117 
8 3.45363374683 111.05184654 776.254798064 
9 2.61438111351 72.9642416673 815.181655571 
10 2.17774717314 47.8497252189 840.73280596 
11 1.93191412427 31.3479056129 857.480458614 
12 1.78616565434 20.5250211436 868.449091554 
13 1.69675927927 13.433993708 875.629525364 
14 1.64068433633 8.79086554812 880.328728467 
15 1.60499882576 5.75171191574 883.40356761 
16 1.58207287783 3.76291896052 885.415286513 
17 1.56725199566 2.46165796747 886.731368388 
18 1.55763170443 1.61032772819 887.592318919 
19 1.55137047437 1.05339235502 888.155515522 
20 1.54728836455 0.68906354654 888.523926441 
21 1.54462393989 0.450738204072 888.764916208 
22 1.54288354383 0.294839989976 888.922554818 
23 1.54174616738 0.19286188985 889.025670294 
24 1.54100263765 0.126155249633 889.093120464 
25 1.54051647298 0.0825208064179 889.137241072 
26 1.54019854552 0.0539785230974 889.166101283 
27 1.53999061831 0.0353084071762 889.184979326 
28 1.53985462438 0.0230959156864 889.197327812 
29 1.53976567461 0.015107480908 889.205405196 
30 1.53970749361 0.00988208681794 889.210688771 
31 1.53966943754 0.00646406027836 889.214144854 
32 1.53964454481 0.00422825977183 889.216405547 
33 1.53962826229 0.00276578572081 889.217884304 
34 1.53961761263 0.00180923944124 889.2188515 
35 1.5396106454 0.00118344360554 889.219484263 
36 1.53960608813 0.000774107817135 889.219898156 
37 1.5396031073 0.000506368619668 889.220168876 
38 1.53960115641 0.000331137725549 889.220346057 
39 1.53959988074 0.000216556325614 889.220461915 
40 1.53959904718 0.000141685847145 889.220537619 
41 1.53959850168 9.26885348918e-05 889.220587161 
42 1.53959814566 6.07097667033e-05 889.220619496 
43 1.53959791287 3.98007928553e-05 889.220640638 
44 1.53959775923 2.60003536883e-05 889.220654592 
45 1.53959765841 1.69450786424e-05 889.220663748 
46 1.53959759208 1.0987155954e-05 889.220669772 
47 1.53959754918 7.13395368823e-06 889.220673668 
48 1.53959752194 4.68706345734e-06 889.220676143 
49 1.53959750471 3.13942812362e-06 889.220677707 
50 1.53959749325 2.10981436301e-06 889.220678749 
51 1.53959748543 1.40741413664e-06 889.220679459 
52 1.53959748012 9.30929691933e-07 889.220679941 
53 1.53959747662 6.15993926454e-07 889.220680259 
54 1.53959747431 4.0902406426e-07 889.220680468 
55 1.53959747278 2.71719290558e-07 889.220680607 
56 1.53959747177 1.80330737229e-07 889.2206807 
57 1.53959747109 1.20009640525e-07 889.220680761 
58 1.53959747065 7.98258892952e-08 889.220680801 
59 1.53959747035 5.29563860935e-08 889.220680828 
60 1.53959747015 3.50877179178e-08 889.220680846 
61 1.53959746993 1.54654411523e-08 889.220680866 
62 1.53959746973 -2.4835886737e-09 889.220680884 
63 1.53959746958 -1.62157238474e-08 889.220680898 
64 1.53959746947 -2.57309643687e-08 889.220680908 
65 1.53959746941 -3.10293102377e-08 889.220680913 
66 1.5395974694 -3.21107614544e-08 889.220680914 
67 1.53959746944 -2.89753180188e-08 889.220680911 
68 1.53959746951 -2.20445353729e-08 889.220680904 
69 1.53959746949 -2.43443574325e-08 889.220680906 
70 1.53959746947 -2.55844894673e-08 889.220680908 
