Time S I R
0 915.06851376 1 0
1 838.438302215 64.588627794 13.0415837517
2 158.8244129 496.108710386 261.135390475
3 16.0210171058 296.849387726 603.198108929
4 5.05806564503 135.893582308 775.116865808
5 3.00893218272 60.4924711919 852.567110386
6 2.38971353794 26.7538327983 886.924967424
7 2.15845064186 11.8067199881 902.10334313
8 2.06367938348 5.20599432548 908.798840051
9 2.0232310457 2.29468690338 911.750595811
10 2.00565628941 1.01129240777 913.051565063
11 1.99795969724 0.445656715035 913.624897348
12 1.99457739354 0.19638651272 913.877549854
13 1.99308875075 0.0865400966689 913.988884913
14 1.99243311713 0.0381347347567 914.037945908
15 1.99214427461 0.0168043953695 914.05956509
16 1.99201700705 0.0074049909316 914.069091762
17 1.99196092771 0.00326303198911 914.073289801
18 1.99193621799 0.00143796164436 914.075139581
19 1.99192532843 0.000633646273883 914.075954786
20 1.99192052851 0.000279117965416 914.076314114
21 1.99191841376 0.000122919275153 914.076472427
22 1.99191748463 5.42925055561e-05 914.076541983
23 1.99191707379 2.39469441401e-05 914.07657274
24 1.99191689094 1.04414701408e-05 914.076586428
25 1.99191681123 4.55375369979e-06 914.076592395
26 1.99191677809 2.10599272488e-06 914.076594876
27 1.99191676257 9.59772851894e-07 914.076596038
28 1.99191675544 4.33056548614e-07 914.076596572
29 1.99191675224 1.96653169605e-07 914.076596811
30 1.99191675079 8.92696094517e-08 914.07659692
31 1.99191675013 4.05716421584e-08 914.07659697
32 1.99191674969 8.29247956547e-09 914.076597002
33 1.99191674933 -1.79276735318e-08 914.076597029
34 1.99191674917 -3.02940408252e-08 914.076597041
35 1.99191674919 -2.88066223147e-08 914.07659704
36 1.99191674927 -2.23763431209e-08 914.076597033
37 1.99191674925 -2.41639298985e-08 914.076597035
38 1.99191674927 -2.25794128891e-08 914.076597034
39 1.99191674934 -1.76227920926e-08 914.076597029
40 1.99191674943 -1.05887857938e-08 914.076597021
41 1.99191674946 -8.54066086606e-09 914.076597019
42 1.99191674949 -6.4925359383e-09 914.076597017
43 1.99191674952 -4.44441101053e-09 914.076597015
44 1.99191674954 -2.49634691866e-09 914.076597013
45 1.99191674954 -2.43801063246e-09 914.076597013
46 1.99191674955 -2.37967434627e-09 914.076597013
47 1.99191674955 -2.32133806008e-09 914.076597013
48 1.99191674955 -2.26300177389e-09 914.076597013
49 1.99191674955 -2.2046654877e-09 914.076597013
50 1.99191674955 -2.14632920151e-09 914.076597013
51 1.99191674955 -2.08799291532e-09 914.076597013
52 1.99191674955 -2.02965662913e-09 914.076597013
53 1.99191674955 -1.97132034294e-09 914.076597013
54 1.99191674955 -1.91298405674e-09 914.076597013
55 1.99191674955 -1.85464777055e-09 914.076597013
56 1.99191674955 -1.79631148436e-09 914.076597013
57 1.99191674955 -1.73797519817e-09 914.076597013
58 1.99191674955 -1.67963891198e-09 914.076597012
59 1.99191674956 -1.62130262579e-09 914.076597012
60 1.99191674956 -1.5629663396e-09 914.076597012
61 1.99191674956 -1.50463005341e-09 914.076597012
62 1.99191674956 -1.44629376722e-09 914.076597012
63 1.99191674956 -1.38795748103e-09 914.076597012
64 1.99191674956 -1.32962119483e-09 914.076597012
65 1.99191674956 -1.27128490864e-09 914.076597012
66 1.99191674956 -1.21294862245e-09 914.076597012
67 1.99191674956 -1.15461233626e-09 914.076597012
68 1.99191674956 -1.09627605007e-09 914.076597012
69 1.99191674956 -1.03793976388e-09 914.076597012
70 1.99191674956 -9.79603477687e-10 914.076597012
