Time S I R
0  970.664802799 1 0
1 498.270262028 446.860829619 26.533711152 
2 2.31580656856 729.084336804 240.264659426 
3 0.0226368042646 547.106749896 424.535416099 
4 0.000703194176481 409.206697511 562.457402093 
5 5.93640381794e-05 306.051592855 665.61315058 
6 1.31890111561e-05 228.90017252 742.76461709 
7 1.0489364513e-05 171.197813921 800.466978388 
8 7.64129731579e-06 128.041281911 843.623513247 
9 4.90614672799e-06 95.763903791 875.900894102 
10 3.57038550192e-06 71.6231365331 900.041662695 
11 2.50095547472e-06 53.5679512951 918.096849003 
12 1.77417211944e-06 40.064223216 931.600577809 
13 1.38209213674e-06 29.964586082 941.700215335 
14 1.15007128443e-06 22.4109256657 949.253875983 
15 9.95292225525e-07 16.7614437321 954.903358072 
16 8.95300900083e-07 12.5361152889 959.128686615 
17 8.26895188766e-07 9.37593379782 962.288868174 
18 7.79204810897e-07 7.01239153962 964.65241048 
19 7.45333977648e-07 5.24466464053 966.420137413 
20 7.20974753676e-07 3.92255708995 967.742244988 
21 7.03278374203e-07 2.93373513357 968.731066962 
22 6.90327397024e-07 2.19418107818 969.47062103 
23 6.80797484165e-07 1.64105830566 970.023743813 
24 6.73756062497e-07 1.22737038324 970.437431742 
25 6.68537381898e-07 0.917967295727 970.746834835 
26 6.64660774419e-07 0.686560402852 970.978241731 
27 6.61776084598e-07 0.513488095022 971.151314042 
28 6.59626834931e-07 0.384044854933 971.280757284 
29 6.58023964206e-07 0.287232442999 971.377569698 
30 6.56827523926e-07 0.214825001041 971.449977141 
31 6.55934059068e-07 0.160670618225 971.504131525 
32 6.55266831018e-07 0.120167754502 971.544634389 
33 6.54768086861e-07 0.0898751139764 971.57492703 
34 6.5439530772e-07 0.0672188267091 971.597583318 
35 6.54116547594e-07 0.0502738932212 971.614528252 
36 6.5390815962e-07 0.0376005317894 971.627201613 
37 6.53752522339e-07 0.0281219563989 971.636680189 
38 6.53635993331e-07 0.0210327962532 971.643769349 
39 6.53548909213e-07 0.0157307157918 971.64907143 
40 6.53483766655e-07 0.0117652181703 971.653036927 
41 6.53434995002e-07 0.00879936934408 971.656002776 
42 6.53398615214e-07 0.00658113456438 971.658221011 
43 6.53371557746e-07 0.00492218139379 971.659879964 
44 6.53351094115e-07 0.00368143124238 971.661120714 
45 6.53335746392e-07 0.00275339785034 971.662048748 
46 6.53324491395e-07 0.00205931304483 971.662742833 
47 6.53315851196e-07 0.0015401944706 971.663261951 
48 6.5330959842e-07 0.00115196875383 971.663650177 
49 6.53304937259e-07 0.000861566017474 971.66394058 
50 6.5330129928e-07 0.000644356126316 971.66415779 
51 6.53298684483e-07 0.000481914286838 971.664320231 
52 6.53296751807e-07 0.000360430854907 971.664441715 
53 6.53295273878e-07 0.000269564137505 971.664532582 
54 6.5329413701e-07 0.000201605735681 971.66460054 
55 6.53293454889e-07 0.000150790437857 971.664651355 
56 6.53292772768e-07 0.000112776876813 971.664689369 
57 6.53292204333e-07 8.42855220723e-05 971.66471786 
58 6.5329197696e-07 6.30186044415e-05 971.664739127 
59 6.53291863273e-07 4.71374462792e-05 971.664755008 
60 6.53291522212e-07 3.52867843791e-05 971.664766859 
61 6.53291408526e-07 2.63994262372e-05 971.664775746 
62 6.53291294839e-07 1.97557749624e-05 971.66478239 
63 6.53291294839e-07 1.47914562937e-05 971.664787354 
64 6.53291181152e-07 1.10887307843e-05 971.664791057 
65 6.53291067465e-07 8.32825889212e-06 971.664793817 
66 6.53291067465e-07 6.23503288049e-06 971.664795911 
67 6.53290953778e-07 4.64750572234e-06 971.664797498 
68 6.53290953778e-07 3.39423715911e-06 971.664798751 
69 6.53290953778e-07 2.55794611387e-06 971.664799588 
70 6.53291067465e-07 1.89949814276e-06 971.664800246 
