Time S I R
0  849.185227742 1 0
1 702.366196008 121.515706691 26.3033250429 
2 54.6842119312 415.449663192 380.051352619 
3 7.1088421374 180.313754998 662.762630607 
4 3.11440508065 69.9501941637 777.120628498 
5 2.26658481185 26.7670440208 821.15159891 
6 2.00752853309 10.2074114035 837.970287806 
7 1.91677787859 3.88813378388 844.38031608 
8 1.8833054072 1.48043663726 846.821485698 
9 1.87071567591 0.56360196661 847.7509101 
10 1.86594505296 0.21455109982 848.10473159 
11 1.86413220011 0.0816732104713 848.239422332 
12 1.86344256715 0.0310903090409 848.290694866 
13 1.863180114 0.0118350206983 848.310212608 
14 1.86308021675 0.00450517923793 848.317642346 
15 1.8630421918 0.00171503911484 848.320470512 
16 1.86302771615 0.000652850810345 848.321547175 
17 1.86302220447 0.000248414661784 848.321957123 
18 1.86302010826 9.45985971902e-05 848.322113036 
19 1.86301931099 3.60964359847e-05 848.322172335 
20 1.86301900457 1.36116867113e-05 848.322195126 
21 1.86301888967 5.18056812717e-06 848.322203672 
22 1.86301884742 2.07992685171e-06 848.322206815 
23 1.86301883022 8.18232741327e-07 848.322208094 
24 1.86301882345 3.21583598414e-07 848.322208597 
25 1.8630188208 1.267936782e-07 848.322208795 
26 1.86301881975 5.00175302893e-08 848.322208873 
27 1.8630188191 1.96216849224e-09 848.322208921 
28 1.86301881869 -2.7797692998e-08 848.322208952 
29 1.86301881864 -3.17411810562e-08 848.322208956 
30 1.86301881871 -2.64291797107e-08 848.32220895 
31 1.86301881869 -2.78672190033e-08 848.322208952 
32 1.86301881876 -2.25406041775e-08 848.322208946 
33 1.86301881888 -1.40065142836e-08 848.322208938 
34 1.86301881893 -1.04972725614e-08 848.322208934 
35 1.86301881897 -6.98803083909e-09 848.32220893 
36 1.86301881902 -3.6285557927e-09 848.322208927 
37 1.86301881902 -3.51902978434e-09 848.322208927 
38 1.86301881902 -3.40950377599e-09 848.322208927 
39 1.86301881903 -3.29997776763e-09 848.322208927 
40 1.86301881903 -3.19045175927e-09 848.322208927 
41 1.86301881903 -3.08092575092e-09 848.322208926 
42 1.86301881903 -2.97139974256e-09 848.322208926 
43 1.86301881903 -2.8618737342e-09 848.322208926 
44 1.86301881903 -2.75234772585e-09 848.322208926 
45 1.86301881903 -2.64282171749e-09 848.322208926 
46 1.86301881904 -2.53329570913e-09 848.322208926 
47 1.86301881904 -2.42376970078e-09 848.322208926 
48 1.86301881904 -2.31424369242e-09 848.322208926 
49 1.86301881904 -2.20471768406e-09 848.322208926 
50 1.86301881904 -2.09519167571e-09 848.322208925 
51 1.86301881904 -1.98566566735e-09 848.322208925 
52 1.86301881904 -1.876139659e-09 848.322208925 
53 1.86301881905 -1.76661365064e-09 848.322208925 
54 1.86301881905 -1.65708764228e-09 848.322208925 
55 1.86301881905 -1.54756163393e-09 848.322208925 
56 1.86301881905 -1.43803562557e-09 848.322208925 
57 1.86301881905 -1.32850961721e-09 848.322208925 
58 1.86301881905 -1.21898360886e-09 848.322208925 
59 1.86301881906 -1.1094576005e-09 848.322208924 
60 1.86301881906 -9.99931592144e-10 848.322208924 
61 1.86301881906 -8.90405583787e-10 848.322208924 
62 1.86301881906 -7.80879575431e-10 848.322208924 
63 1.86301881906 -6.71353567074e-10 848.322208924 
64 1.86301881906 -5.61827558718e-10 848.322208924 
65 1.86301881906 -4.52301550361e-10 848.322208924 
66 1.86301881907 -3.42775542005e-10 848.322208924 
67 1.86301881907 -2.33249533648e-10 848.322208924 
68 1.86301881907 -1.23723525292e-10 848.322208923 
69 1.86301881907 -1.10304619903e-10 848.322208923 
70 1.86301881907 -1.06886221959e-10 848.322208923 
