Time S I R
0  928.178349603 1 0
1 505.299351666 350.38831082 73.4906871167 
2 9.86035112104 370.051786797 549.266211685 
3 1.40204322764 142.757217915 785.01908846 
4 0.667720372057 53.8252100188 874.685419212 
5 0.505025715702 20.2344017086 908.438922179 
6 0.454710428984 7.60083791855 921.122801255 
7 0.43713542949 2.854454715 925.886759458 
8 0.430712354987 1.07187737014 927.675759878 
9 0.42832492727 0.40248807727 928.347536598 
10 0.42743188105 0.151131668303 928.599786054 
11 0.427097030015 0.0567486969714 928.694503876 
12 0.426971364117 0.0213086332056 928.730069606 
13 0.426924187132 0.00800116363176 928.743424252 
14 0.426906474356 0.00300444243339 928.748438686 
15 0.426899823435 0.00112818366009 928.750321596 
16 0.426897325859 0.000423597274824 928.75102868 
17 0.426896388173 0.000159067246723 928.751294148 
18 0.426896035838 5.96700957742e-05 928.751393897 
19 0.426895903908 2.24514466224e-05 928.751431248 
20 0.426895854477 8.50662545805e-06 928.751445242 
21 0.426895835415 3.12892726033e-06 928.751450639 
22 0.42689582839 1.14700576152e-06 928.751452628 
23 0.426895825935 4.54488053904e-07 928.751453323 
24 0.426895824951 1.76973682333e-07 928.751453601 
25 0.426895824567 6.84383560102e-08 928.75145371 
26 0.426895824404 2.25850457984e-08 928.751453756 
27 0.426895824272 -1.4792022873e-08 928.751453793 
28 0.426895824217 -3.00686951e-08 928.751453809 
29 0.426895824242 -2.32449708824e-08 928.751453802 
30 0.426895824237 -2.46099016434e-08 928.751453803 
31 0.426895824241 -2.34727367962e-08 928.751453802 
32 0.426895824265 -1.67012566387e-08 928.751453795 
33 0.426895824286 -1.07713123988e-08 928.751453789 
34 0.426895824296 -7.8898043391e-09 928.751453787 
35 0.426895824306 -5.00829627942e-09 928.751453784 
36 0.426895824314 -2.91729070496e-09 928.751453782 
37 0.426895824314 -2.83078991108e-09 928.751453781 
38 0.426895824314 -2.74428911721e-09 928.751453781 
39 0.426895824315 -2.65778832333e-09 928.751453781 
40 0.426895824315 -2.57128752945e-09 928.751453781 
41 0.426895824315 -2.48478673557e-09 928.751453781 
42 0.426895824316 -2.39828594169e-09 928.751453781 
43 0.426895824316 -2.31178514781e-09 928.751453781 
44 0.426895824316 -2.22528435393e-09 928.751453781 
45 0.426895824317 -2.13878356005e-09 928.751453781 
46 0.426895824317 -2.05228276617e-09 928.751453781 
47 0.426895824317 -1.96578197229e-09 928.751453781 
48 0.426895824318 -1.87928117841e-09 928.751453781 
49 0.426895824318 -1.79278038453e-09 928.75145378 
50 0.426895824318 -1.70627959065e-09 928.75145378 
51 0.426895824318 -1.61977879677e-09 928.75145378 
52 0.426895824319 -1.53327800289e-09 928.75145378 
53 0.426895824319 -1.44677720901e-09 928.75145378 
54 0.426895824319 -1.36027641513e-09 928.75145378 
55 0.42689582432 -1.27377562125e-09 928.75145378 
56 0.42689582432 -1.18727482737e-09 928.75145378 
57 0.42689582432 -1.10077403349e-09 928.75145378 
58 0.426895824321 -1.01427323961e-09 928.75145378 
59 0.426895824321 -9.2777244573e-10 928.75145378 
60 0.426895824321 -8.41271651851e-10 928.751453779 
61 0.426895824321 -7.54770857971e-10 928.751453779 
62 0.426895824322 -6.68270064091e-10 928.751453779 
63 0.426895824322 -5.81769270211e-10 928.751453779 
64 0.426895824322 -4.95268476332e-10 928.751453779 
65 0.426895824323 -4.08767682452e-10 928.751453779 
66 0.426895824323 -3.22266888572e-10 928.751453779 
67 0.426895824323 -2.35766094693e-10 928.751453779 
68 0.426895824324 -1.49265300813e-10 928.751453779 
69 0.426895824324 -8.754281692e-11 928.751453779 
70 0.426895824324 -8.49461169389e-11 928.751453779 
