Time S I R
0  835.622293781 1 0
1 748.321885573 72.5450237422 15.7553844664 
2 114.884649192 438.417554839 283.320089751 
3 13.2030253517 231.186023641 592.233244789 
4 4.89817251962 97.9094938137 733.814627448 
5 3.23735060348 40.4431869844 792.941756194 
6 2.72985061181 16.6048112016 817.287631968 
7 2.5454695653 6.8037545101 827.273069706 
8 2.47359200659 2.78570094611 831.363000829 
9 2.44475582753 1.14022427763 833.037313676 
10 2.43305066189 0.466652423384 833.722590696 
11 2.42827643441 0.190973594309 834.003043753 
12 2.42632534502 0.0781528434151 834.117815593 
13 2.42552734785 0.0319824720151 834.164783962 
14 2.42520086025 0.0130881552786 834.184004766 
15 2.42506726416 0.00535600750639 834.19187051 
16 2.42501259709 0.0021919136403 834.195089271 
17 2.42499022502 0.000897011817639 834.196406545 
18 2.42498106913 0.000367063074109 834.196945649 
19 2.4249773225 0.00015020489959 834.197166254 
20 2.42497578859 6.14207683022e-05 834.197256572 
21 2.42497516207 2.51573429256e-05 834.197293462 
22 2.42497490571 1.0318833084e-05 834.197308557 
23 2.42497480083 4.24843156032e-06 834.197314732 
24 2.42497475688 1.70414576134e-06 834.19731732 
25 2.42497473921 6.8158023874e-07 834.197318361 
26 2.42497473248 2.92020085118e-07 834.197318757 
27 2.42497472958 1.24402163905e-07 834.197318928 
28 2.42497472834 5.22034925366e-08 834.197319001 
29 2.42497472765 1.26455207201e-08 834.197319041 
30 2.42497472712 -1.8416109859e-08 834.197319073 
31 2.42497472691 -3.04787885795e-08 834.197319085 
32 2.42497472703 -2.35425154413e-08 834.197319078 
33 2.42497472701 -2.4782253699e-08 834.197319079 
34 2.42497472701 -2.43531305041e-08 834.197319079 
35 2.4249747271 -1.9050906112e-08 834.197319073 
36 2.42497472723 -1.19747402113e-08 834.197319066 
37 2.42497472727 -9.24224036184e-09 834.197319063 
38 2.42497472732 -6.50974051238e-09 834.197319061 
39 2.42497472737 -3.77724066291e-09 834.197319058 
40 2.42497472738 -2.99697745176e-09 834.197319057 
41 2.42497472738 -2.91381419292e-09 834.197319057 
42 2.42497472738 -2.83065093407e-09 834.197319057 
43 2.42497472739 -2.74748767523e-09 834.197319057 
44 2.42497472739 -2.66432441638e-09 834.197319057 
45 2.42497472739 -2.58116115754e-09 834.197319057 
46 2.42497472739 -2.49799789869e-09 834.197319057 
47 2.42497472739 -2.41483463984e-09 834.197319057 
48 2.42497472739 -2.331671381e-09 834.197319056 
49 2.42497472739 -2.24850812215e-09 834.197319056 
50 2.4249747274 -2.16534486331e-09 834.197319056 
51 2.4249747274 -2.08218160446e-09 834.197319056 
52 2.4249747274 -1.99901834562e-09 834.197319056 
53 2.4249747274 -1.91585508677e-09 834.197319056 
54 2.4249747274 -1.83269182793e-09 834.197319056 
55 2.4249747274 -1.74952856908e-09 834.197319056 
56 2.4249747274 -1.66636531023e-09 834.197319056 
57 2.42497472741 -1.58320205139e-09 834.197319056 
58 2.42497472741 -1.50003879254e-09 834.197319056 
59 2.42497472741 -1.4168755337e-09 834.197319055 
60 2.42497472741 -1.33371227485e-09 834.197319055 
61 2.42497472741 -1.25054901601e-09 834.197319055 
62 2.42497472741 -1.16738575716e-09 834.197319055 
63 2.42497472741 -1.08422249832e-09 834.197319055 
64 2.42497472742 -1.00105923947e-09 834.197319055 
65 2.42497472742 -9.17895980625e-10 834.197319055 
66 2.42497472742 -8.3473272178e-10 834.197319055 
67 2.42497472742 -7.51569462934e-10 834.197319055 
68 2.42497472742 -6.68406204089e-10 834.197319055 
69 2.42497472742 -5.85242945243e-10 834.197319055 
70 2.42497472742 -5.02079686398e-10 834.197319055 
