Time S I R
0  968.078988977 1 0
1 630.026548669 326.260388308 12.792052 
2 5.12335026036 807.863029567 156.092609149 
3 0.0385299568018 667.349491656 301.690967364 
4 0.000688998316036 547.730068585 421.348231393 
5 5.52581536795e-06 449.525835398 519.553148053 
6 0 368.92822681 600.150762167 
7 0 302.781441765 666.297547212 
8 0 248.49443315 720.584555827 
9 0 203.940741301 765.138247676 
10 0 167.375471822 801.703517155 
11 0 137.366033173 831.712955804 
12 0 112.737119927 856.341869049 
13 0 92.5240283363 876.554960641 
14 0 75.9351507791 893.143838198 
15 0 62.3202187473 906.758770229 
16 0 51.146649687 917.93233929 
17 0 41.9763526678 927.102636309 
18 0 34.4502392447 934.628749732 
19 0 28.2735133278 940.805475649 
20 0 23.2042420816 945.874746895 
21 0 19.0438619649 950.035127012 
22 0 15.6294113919 953.449577585 
23 0 12.8271524067 956.25183657 
24 0 10.5273218021 958.551667175 
25 0 8.63983454708 960.43915443 
26 0 7.09075696834 961.988232008 
27 0 5.81942449443 963.259564482 
28 0 4.77603519283 964.302953784 
29 0 3.91971933906 965.159269638 
30 0 3.21693610465 965.862052872 
31 0 2.64015683927 966.438832138 
32 0 2.16679113179 966.912197845 
33 0 1.77829774295 967.300691234 
34 0 1.4594588193 967.619530157 
35 0 1.1977858389 967.881203138 
36 0 0.983029572454 968.095959404 
37 0 0.806777775147 968.272211202 
38 0 0.662127024257 968.416861953 
39 0 0.543411391861 968.535577585 
40 0 0.445980776585 968.6330082 
41 0 0.366018904613 968.712970072 
42 0 0.300393761351 968.778595215 
43 0 0.246534823063 968.832454154 
44 0 0.202332484794 968.876656492 
45 0 0.166055397851 968.912933579 
46 0 0.136282525011 968.942706452 
47 0 0.111847807954 968.967141169 
48 0 0.0917941311046 968.987194846 
49 0 0.0753359373707 969.003653039 
50 0 0.0618286004677 969.017160376 
51 0 0.0507430912351 969.028245886 
52 0 0.0416451455031 969.037343831 
53 0 0.0341783939427 969.044810583 
54 0 0.028050390333 969.050938586 
55 0 0.023021113769 969.055967863 
56 0 0.0188935576092 969.060095419 
57 0 0.0155060472313 969.06348293 
58 0 0.0127258989025 969.066263078 
59 0 0.0104442134582 969.068544763 
60 0 0.00857162360116 969.070417353 
61 0 0.00703478036237 969.071954196 
62 0 0.00577348354734 969.073215493 
63 0 0.00473832872685 969.074250648 
64 0 0.00388874408006 969.075100233 
65 0 0.00319151496227 969.075797462 
66 0 0.00261934200484 969.076369635 
67 0 0.00214974624658 969.076839231 
68 0 0.0017643356224 969.077224641 
69 0 0.00144799744783 969.077540979 
70 0 0.00118836693794 969.07780061 
