Time S I R
0  812.409522897 1 0
1 806.99584003 6.12684025717 0.286842609377 
2 775.165942772 36.2303097634 2.01327036104 
3 624.388750426 177.727710051 11.2930624195 
4 289.72689357 479.44809657 44.2345327573 
5 73.9529303859 636.63948886 102.817103651 
6 16.3139089111 629.435943939 167.659670047 
7 3.89948188096 580.449546824 229.060494192 
8 1.05474329864 527.196492521 285.158287077 
9 0.322485550813 477.089206205 335.997831141 
10 0.110387727041 431.320578176 381.978556994 
11 0.0418727161189 389.826661623 423.540988558 
12 0.0174420764336 352.289190611 461.10289021 
13 0.00793073360433 318.354601646 495.046990517 
14 0.00388661612169 287.684640347 525.720995933 
15 0.00202667145743 259.96756794 553.439928285 
16 0.00111202210928 234.919925608 578.488485267 
17 0.000673487995073 212.285329027 601.123520382 
18 0.000421645376036 191.831483929 621.577617322 
19 0.000272561206884 173.348296219 640.060954117 
20 0.000192101558014 156.645928974 656.763401821 
21 0.000140237255891 141.552944853 671.856437807 
22 0.000101282376704 127.914117417 685.495304197 
23 7.52102997694e-05 115.58938025 697.820067437 
24 5.83982515536e-05 104.452149189 708.957315309 
25 4.60320104594e-05 94.3880143957 719.021462469 
26 3.66098950053e-05 85.2935489649 728.115937322 
27 3.03172201939e-05 77.0753554793 736.3341371 
28 2.58510641515e-05 69.64902239 743.760474656 
29 2.20593082076e-05 62.9382331011 750.471267736 
30 1.89905240404e-05 56.8740306296 756.535473277 
31 1.6706195197e-05 51.3941228676 762.015383323 
32 1.50215138319e-05 46.4422210879 766.967286787 
33 1.35974834166e-05 41.96744956 771.442059739 
34 1.23169618291e-05 37.9238287571 775.485681823 
35 1.12564338224e-05 34.2698126632 779.139698977 
36 1.04416949398e-05 30.9678651769 782.441647278 
37 9.78517596195e-06 27.984066081 785.42544703 
38 9.19428759971e-06 25.2877616567 788.121752046 
39 8.6583513621e-06 22.8512502333 790.558264005 
40 8.21020898911e-06 20.649499555 792.760015131 
41 7.85159534189e-06 18.6598902219 794.749624823 
42 7.54548159421e-06 16.8619826473 796.547532704 
43 7.26232303805e-06 15.2373063373 798.172209297 
44 7.00522912211e-06 13.7691700616 799.64034583 
45 6.78834533119e-06 12.442490736 800.967025372 
46 6.60961336507e-06 11.2436385268 802.16587776 
47 6.57266730286e-06 10.1602971343 803.24921919 
48 6.65149741508e-06 9.18133717708 804.228179068 
49 6.75936109928e-06 8.29670167893 805.112814458 
50 6.83027644754e-06 7.49730216942 805.912213897 
51 6.87353121975e-06 6.77492595533 806.634590068 
52 6.91798459229e-06 6.12215170565 807.287364273 
53 6.96906772646e-06 5.53227320792 807.87724272 
54 7.01629119249e-06 4.99923039689 808.410285483 
55 7.05376703536e-06 4.51754706766 808.891968775 
56 7.08452432718e-06 4.08227464161 809.32724117 
57 7.11306370249e-06 3.68894135394 809.72057443 
58 7.14033740223e-06 3.33350631325 810.076009443 
59 7.1650214295e-06 3.01231797418 810.397197757 
60 7.18643195796e-06 2.72207661644 810.687439094 
61 7.20523053133e-06 2.4598004489 810.949715243 
62 7.2223180041e-06 2.2227949819 811.186720692 
63 7.23797973023e-06 2.00862534669 811.400890312 
64 7.25208087715e-06 1.81509127831 811.594424366 
65 7.26461178147e-06 1.64020450924 811.769311123 
66 7.27558426661e-06 1.48216834371 811.927347277 
67 7.27043209281e-06 1.33935921512 812.070156411 
68 7.25096867882e-06 1.21030998861 812.199205657 
69 7.22692107047e-06 1.09369503216 812.315820638 
70 7.21002516002e-06 0.98831618422 812.421199502 
