Time S I R
0  938.839367684 1 0
1 916.702595424 22.0333626043 1.10340965537 
2 600.87412573 318.329105064 20.6361368899 
3 77.4972424833 746.994616294 115.347508907 
4 5.92817923845 699.694344361 234.216844085 
5 0.614789889097 600.210865279 339.013712516 
6 0.0888019667897 511.261245704 428.489320013 
7 0.0170913382151 435.155551321 504.666725024 
8 0.00422367166243 370.335694924 569.499449089 
9 0.00124766813758 315.163814082 624.674305934 
10 0.00049131417984 268.209602418 671.629273951 
11 0.000204583258665 228.250547147 711.588615953 
12 0.000115179932322 194.24469341 745.594559094 
13 5.29713138349e-05 165.30518153 774.534133183 
14 3.38332619094e-05 140.677171041 799.16216281 
15 1.98752451297e-05 119.718366694 820.120981115 
16 1.37269652214e-05 101.882093193 837.957260764 
17 9.89086595382e-06 86.7031560905 853.136201703 
18 7.45092347643e-06 73.7856323533 866.05372788 
19 5.84818417337e-06 62.7927220735 877.046639762 
20 4.78153583572e-06 53.437540282 886.40182262 
21 4.02597424909e-06 45.4761410854 894.363222573 
22 3.47765114839e-06 38.7008739946 901.138490212 
23 3.07075140427e-06 32.935035679 906.904328934 
24 2.76193543414e-06 28.0282223756 911.811142546 
25 2.51964092968e-06 23.8523538284 915.987011336 
26 2.33320542975e-06 20.2987025574 919.540662793 
27 2.18549951114e-06 17.2744952993 922.564870199 
28 2.06718777918e-06 14.7008504168 925.1385152 
29 1.97156123249e-06 12.5106406782 927.328725034 
30 1.89367642633e-06 10.6467430598 929.192622731 
31 1.82981762009e-06 9.06053291976 930.778832934 
32 1.77717106453e-06 7.71064420457 932.128721702 
33 1.73356340838e-06 6.56187091649 933.277495034 
34 1.69729753452e-06 5.58424909926 934.255116887 
35 1.66703318882e-06 4.75227761655 935.0870884 
36 1.64170330663e-06 4.04425798805 935.795108054 
37 1.62045068919e-06 3.44172301117 936.397643052 
38 1.60258105097e-06 2.92895633974 936.910409742 
39 1.58752902735e-06 2.4925845426 937.346781554 
40 1.57483100338e-06 2.12122597607 937.718140133 
41 1.56410487762e-06 1.80519420536 938.034171915 
42 1.55503425958e-06 1.53624666192 938.303119467 
43 1.54735653268e-06 1.30736844708 938.53199769 
44 1.54085262238e-06 1.11258970392 938.726776439 
45 1.53533915181e-06 0.946830006322 938.892536142 
46 1.53066275743e-06 0.805766193329 939.03359996 
47 1.52669429099e-06 0.685718861326 939.153647296 
48 1.52332506786e-06 0.583556784734 939.255809376 
49 1.52046391122e-06 0.496615315363 939.342750848 
50 1.51803305926e-06 0.422626896063 939.41673927 
51 1.51596736941e-06 0.359661691701 939.479704476 
52 1.51421170358e-06 0.306077362811 939.533288807 
53 1.51271910909e-06 0.260476297154 939.578889874 
54 1.51145025029e-06 0.221669131473 939.617697041 
55 1.51037113483e-06 0.188643616413 939.650722557 
56 1.50945345467e-06 0.160538368135 939.678827806 
57 1.50867299453e-06 0.136620468227 939.702745707 
58 1.5080090634e-06 0.116266049945 939.723100126 
59 1.50744438088e-06 0.0989440847043 939.740422092 
60 1.50696382661e-06 0.084202831381 939.755163346 
61 1.50655512243e-06 0.0716578522639 939.767708325 
62 1.5062073544e-06 0.0609818771213 939.778384301 
63 1.50591154124e-06 0.0518964632146 939.787469715 
64 1.50565983859e-06 0.0441646472174 939.795201531 
65 1.5054455389e-06 0.0375847452099 939.801781433 
66 1.5052632989e-06 0.0319851744238 939.807381004 
67 1.50510811636e-06 0.0272198525908 939.812146326 
68 1.50497623963e-06 0.023164479756 939.816201699 
69 1.50486391703e-06 0.0197133146601 939.819652864 
70 1.5047683064e-06 0.0167763190991 939.82258986 
