Time S I R
0  949.130938435 1 0
1 678.176355556 226.019270317 45.9353125616 
2 24.3797321351 425.345064768 500.406141532 
3 3.24264171283 170.795849462 776.09244726 
4 1.47871030062 65.249610794 883.40261734 
5 1.09657601852 24.7739898993 924.260372517 
6 0.978991438829 9.39135298595 939.76059401 
7 0.937799737463 3.55824104322 945.634897654 
8 0.922650972787 1.34791155359 947.860375909 
9 0.916976754541 0.510572743033 948.703388937 
10 0.914836584057 0.193393832624 949.022708018 
11 0.91402724282 0.0732525881293 949.143658604 
12 0.913720873135 0.0277461140203 949.189471448 
13 0.913604855415 0.0105094657101 949.206824114 
14 0.913560914734 0.00398066266309 949.213396858 
15 0.913544272385 0.00150782308909 949.215886339 
16 0.913537968426 0.000571123848839 949.216829343 
17 0.9135355803 0.000216272798753 949.217186582 
18 0.913534676041 8.19088784146e-05 949.21732185 
19 0.91353433406 3.10940026847e-05 949.217373007 
20 0.91353420426 1.18069301034e-05 949.217392424 
21 0.913534155054 4.49546088017e-06 949.217399784 
22 0.91353413603 1.66862931812e-06 949.21740263 
23 0.913534128957 6.17655929468e-07 949.217403688 
24 0.913534126467 2.47657953952e-07 949.217404061 
25 0.913534125454 9.71747485494e-08 949.217404212 
26 0.913534125055 3.78552646656e-08 949.217404272 
27 0.913534124774 -3.91962140579e-09 949.217404314 
28 0.913534124616 -2.73856809868e-08 949.217404338 
29 0.913534124609 -2.84281984078e-08 949.217404339 
30 0.913534124638 -2.40388584698e-08 949.217404334 
31 0.913534124633 -2.4865032305e-08 949.217404335 
32 0.913534124666 -1.99457009483e-08 949.21740433 
33 0.913534124719 -1.20552426916e-08 949.217404322 
34 0.913534124739 -9.09034585008e-09 949.217404319 
35 0.913534124759 -6.12544900859e-09 949.217404316 
36 0.913534124779 -3.16055216711e-09 949.217404313 
37 0.91353412478 -2.96710728438e-09 949.217404313 
38 0.913534124781 -2.87695944821e-09 949.217404313 
39 0.913534124781 -2.78681161204e-09 949.217404313 
40 0.913534124782 -2.69666377587e-09 949.217404313 
41 0.913534124783 -2.6065159397e-09 949.217404313 
42 0.913534124783 -2.51636810353e-09 949.217404313 
43 0.913534124784 -2.42622026736e-09 949.217404313 
44 0.913534124784 -2.33607243119e-09 949.217404313 
45 0.913534124785 -2.24592459502e-09 949.217404312 
46 0.913534124786 -2.15577675885e-09 949.217404312 
47 0.913534124786 -2.06562892268e-09 949.217404312 
48 0.913534124787 -1.97548108651e-09 949.217404312 
49 0.913534124787 -1.88533325034e-09 949.217404312 
50 0.913534124788 -1.79518541418e-09 949.217404312 
51 0.913534124789 -1.70503757801e-09 949.217404312 
52 0.913534124789 -1.61488974184e-09 949.217404312 
53 0.91353412479 -1.52474190567e-09 949.217404312 
54 0.913534124791 -1.4345940695e-09 949.217404312 
55 0.913534124791 -1.34444623333e-09 949.217404312 
56 0.913534124792 -1.25429839716e-09 949.217404311 
57 0.913534124792 -1.16415056099e-09 949.217404311 
58 0.913534124793 -1.07400272482e-09 949.217404311 
59 0.913534124794 -9.83854888652e-10 949.217404311 
60 0.913534124794 -8.93707052483e-10 949.217404311 
61 0.913534124795 -8.03559216313e-10 949.217404311 
62 0.913534124795 -7.13411380144e-10 949.217404311 
63 0.913534124796 -6.23263543975e-10 949.217404311 
64 0.913534124796 -5.33115707805e-10 949.217404311 
65 0.913534124797 -4.42967871636e-10 949.217404311 
66 0.913534124798 -3.52820035467e-10 949.217404311 
67 0.913534124798 -2.62672199298e-10 949.21740431 
68 0.913534124799 -1.72524363128e-10 949.21740431 
69 0.9135341248 -9.25386284501e-11 949.21740431 
70 0.9135341248 -8.97976851676e-11 949.21740431 
