Time S I R
0  852.565235132 1 0
1 807.32814338 43.0763091307 3.16078262174 
2 247.540893077 534.327924362 71.6964176928 
3 12.8592834908 597.547048581 243.158903061 
4 1.01286402461 462.057734376 390.494636732 
5 0.145629219598 350.477790449 502.941815463 
6 0.0334839648549 265.390052519 588.141698649 
7 0.011004294134 200.90740173 652.646829108 
8 0.0047349611574 152.083163253 701.477336918 
9 0.00250232761675 115.121950354 738.44078245 
10 0.00154701437339 87.142915131 766.420772987 
11 0.00107506953702 65.9637889557 787.600371107 
12 0.00081596312782 49.9318773022 803.632541867 
13 0.000661889434241 37.7963297617 815.768243481 
14 0.000564908970318 28.6102226225 824.954447601 
15 0.00050106392996 21.6567180538 831.908016015 
16 0.000457578788541 16.3932074914 837.171570062 
17 0.000427188816161 12.4089509625 841.155856981 
18 0.00040553151473 9.39303030237 844.171799298 
19 0.000389872637015 7.11011615917 846.454729101 
20 0.000378422982863 5.3820484013 848.182808308 
21 0.000369980191863 4.07397506249 849.49089009 
22 0.000363714742093 3.08381978935 850.481051628 
23 0.00035904278559 2.33431654977 851.23055954 
24 0.000355546293918 1.76697536055 851.797904226 
25 0.000352922267439 1.33752304266 852.227359167 
26 0.000350948881646 1.0124461524 852.552438031 
27 0.000349462460349 0.766377344157 852.798508326 
28 0.000348341494828 0.580114073531 852.984772717 
29 0.00034749536519 0.439120941882 853.125766695 
30 0.000346856248825 0.332395264439 853.232493012 
31 0.000346373248021 0.251608620265 853.313280139 
32 0.00034600808533 0.190456704311 853.37443242 
33 0.000345731929201 0.144167379471 853.420722021 
34 0.000345523037367 0.109128340463 853.455761269 
35 0.000345364999362 0.0826053221578 853.482284445 
36 0.000345245419794 0.0625286035618 853.502361283 
37 0.000345154930869 0.047331390871 853.517558587 
38 0.000345086450579 0.0358277964457 853.529062249 
39 0.00034503462291 0.0271200666143 853.537770031 
40 0.000344995396972 0.0205287011475 853.544361436 
41 0.000344965707541 0.0155393273737 853.549350839 
42 0.000344943235632 0.0117625861965 853.553127603 
43 0.000344926226148 0.00890374746675 853.555986459 
44 0.000344913351569 0.00673974656381 853.558150472 
45 0.000344903606788 0.00510175408173 853.559788475 
46 0.000344896230331 0.00386184161501 853.561028395 
47 0.000344890646602 0.00292324806747 853.561966994 
48 0.000344886420066 0.00221278015721 853.562677466 
49 0.000344883220805 0.00167498635958 853.563215263 
50 0.000344880799275 0.00126793842659 853.563622313 
51 0.000344878966075 0.000959765274112 853.563930488 
52 0.000344877578414 0.000726475128781 853.56416378 
53 0.000344876527947 0.000549900496768 853.564340355 
54 0.000344875732821 0.000416249837681 853.564474007 
55 0.000344875131077 0.000315074901091 853.564575182 
56 0.00034487467542 0.000238492388935 853.564651765 
57 0.000344874330608 0.000180535302963 853.564709723 
58 0.000344874069697 0.000136660174295 853.564753598 
59 0.000344873871768 0.000103378398106 853.56478688 
60 0.000344873722042 7.82236375913e-05 853.564812035 
61 0.000344873608924 5.92044535542e-05 853.564831054 
62 0.000344873523545 4.48554370946e-05 853.564845403 
63 0.000344873458516 3.39396664063e-05 853.564856319 
64 0.000344873409631 2.57266758624e-05 853.564864532 
65 0.000344873372569 1.94856915862e-05 853.564870773 
66 0.000344873344488 1.47780305836e-05 853.564875481 
67 0.000344873323229 1.12194986244e-05 853.56487904 
68 0.000344873307199 8.52730620558e-06 853.564881732 
69 0.000344873294807 6.43960779923e-06 853.564883819 
70 0.000344873285371 4.85481573883e-06 853.564885404 
