Time S I R
0 869.539213181 1 0
1 842.808377238 21.2005665213 6.53026942098
2 521.971733206 241.831101066 106.736378909
3 109.857089997 328.009225098 432.672898086
4 35.1600643263 164.433566993 670.945581861
5 20.9055983349 69.9560660814 779.677548764
6 16.8298930665 28.6771096671 825.032210447
7 15.4065026057 11.6192053653 843.513505209
8 14.8657866923 4.68783722158 850.985589267
9 14.6532172791 1.88823347381 853.997762428
10 14.568484467 0.760075478919 855.210653235
11 14.5345196485 0.305875628885 855.698817903
12 14.5208743162 0.123079992805 855.895258872
13 14.5153873604 0.0495235553334 855.974302265
14 14.5131801851 0.0199264121781 856.006106583
15 14.5122921961 0.0080175488347 856.018903436
16 14.5119349295 0.00322600803676 856.024052243
17 14.5117911811 0.00129806525174 856.026123934
18 14.5117333375 0.00052226654201 856.026957576
19 14.5117100644 0.000210126850803 856.027292989
20 14.511700695 8.44626327238e-05 856.027428023
21 14.5116969347 3.40292535243e-05 856.027482217
22 14.5116954228 1.37521668718e-05 856.027504006
23 14.51169481 5.53328100381e-06 856.027512837
24 14.5116945588 2.16388179371e-06 856.027516458
25 14.5116944623 8.6947533334e-07 856.027517849
26 14.511694425 3.70014288145e-07 856.027518385
27 14.5116944089 1.53566903372e-07 856.027518618
28 14.5116944022 6.33926811556e-08 856.027518715
29 14.5116943991 2.17473906489e-08 856.02751876
30 14.5116943964 -1.35764848499e-08 856.027518798
31 14.5116943953 -2.95380775532e-08 856.027518815
32 14.5116943955 -2.61373874613e-08 856.027518811
33 14.5116943957 -2.42017308039e-08 856.027518809
34 14.5116943956 -2.46091459787e-08 856.02751881
35 14.511694396 -2.0062872085e-08 856.027518805
36 14.5116943965 -1.22122459394e-08 856.027518796
37 14.5116943967 -9.48596480022e-09 856.027518793
38 14.511694397 -6.75968366103e-09 856.02751879
39 14.5116943972 -4.03340252185e-09 856.027518787
40 14.5116943972 -2.94367826337e-09 856.027518786
41 14.5116943972 -2.8614784299e-09 856.027518786
42 14.5116943972 -2.77927859643e-09 856.027518786
43 14.5116943973 -2.69707876296e-09 856.027518786
44 14.5116943973 -2.61487892949e-09 856.027518786
45 14.5116943973 -2.53267909601e-09 856.027518786
46 14.5116943973 -2.45047926254e-09 856.027518786
47 14.5116943973 -2.36827942907e-09 856.027518786
48 14.5116943973 -2.2860795956e-09 856.027518786
49 14.5116943973 -2.20387976213e-09 856.027518785
50 14.5116943973 -2.12167992865e-09 856.027518785
51 14.5116943973 -2.03948009518e-09 856.027518785
52 14.5116943973 -1.95728026171e-09 856.027518785
53 14.5116943973 -1.87508042824e-09 856.027518785
54 14.5116943973 -1.79288059477e-09 856.027518785
55 14.5116943973 -1.71068076129e-09 856.027518785
56 14.5116943973 -1.62848092782e-09 856.027518785
57 14.5116943973 -1.54628109435e-09 856.027518785
58 14.5116943973 -1.46408126088e-09 856.027518785
59 14.5116943974 -1.38188142741e-09 856.027518785
60 14.5116943974 -1.29968159393e-09 856.027518784
61 14.5116943974 -1.21748176046e-09 856.027518784
62 14.5116943974 -1.13528192699e-09 856.027518784
63 14.5116943974 -1.05308209352e-09 856.027518784
64 14.5116943974 -9.70882260046e-10 856.027518784
65 14.5116943974 -8.88682426574e-10 856.027518784
66 14.5116943974 -8.06482593102e-10 856.027518784
67 14.5116943974 -7.2428275963e-10 856.027518784
68 14.5116943974 -6.42082926158e-10 856.027518784
69 14.5116943974 -5.59883092686e-10 856.027518784
70 14.5116943974 -4.77683259214e-10 856.027518784
