Time S I R
0  943.913708488 1 0
1 936.925331335 6.76210058187 1.22627657101 
2 892.131826817 43.4714091067 9.31047256399 
3 679.002302795 211.552834953 54.3585707396 
4 288.642815549 460.749989537 195.520903402 
5 88.0482010229 465.418020589 391.447486876 
6 31.9436746653 354.207927364 558.762106458 
7 15.2781779295 249.164867639 680.470662919 
8 9.16008011039 170.865012391 764.888615986 
9 6.46203256487 115.987606103 822.464069819 
10 5.10227920276 78.3611971408 861.450232144 
11 4.35044269578 52.808112737 887.755153055 
12 3.90762666343 35.536835758 905.469246066 
13 3.63540964755 23.8936842346 917.384614605 
14 3.46317194902 16.0566277936 925.393908745 
15 3.35205620974 10.7864030357 930.775249242 
16 3.27942911472 7.24439738511 934.389881988 
17 3.23154011034 4.86479355824 936.817374819 
18 3.19977599596 3.26651347444 938.447419017 
19 3.17862380227 2.19319191723 939.541892768 
20 3.16450070426 1.47248288872 940.276724895 
21 3.15505399124 0.988579138224 940.770075358 
22 3.14872765257 0.663688510121 941.101292325 
23 3.14448757417 0.445565527055 941.323655386 
24 3.14164422482 0.299126642723 941.47293762 
25 3.13973681087 0.200814831615 941.573156845 
26 3.13845694754 0.134814030607 941.640437509 
27 3.13759802455 0.0905051551627 941.685605308 
28 3.13702153268 0.0607589905577 941.715927964 
29 3.13663457518 0.0407894045058 941.736284508 
30 3.1363748255 0.0273831801336 941.749950482 
31 3.13620045964 0.0183831584627 941.759124869 
32 3.13608340808 0.0123411695817 941.76528391 
33 3.13600482961 0.00828496337371 941.769418695 
34 3.13595208046 0.00556200331225 941.772194404 
35 3.13591666876 0.00373399237046 941.774057826 
36 3.13589289534 0.00250675709497 941.775308835 
37 3.13587693545 0.00168286747563 941.776148685 
38 3.13586622161 0.00112978982138 941.776712476 
39 3.13585902802 0.000758436349318 941.777091023 
40 3.13585419917 0.000509156515852 941.777345132 
41 3.13585095733 0.000341802782749 941.777515727 
42 3.13584878101 0.000229454700202 941.777630252 
43 3.13584732047 0.000154056706014 941.77770711 
44 3.13584633812 0.000103345188836 941.777758804 
45 3.13584567953 6.93465419625e-05 941.777793461 
46 3.13584523879 4.65940466511e-05 941.777816655 
47 3.13584494254 3.13005839658e-05 941.777832244 
48 3.13584474357 2.10294615498e-05 941.777842714 
49 3.13584461041 1.41549481508e-05 941.777849722 
50 3.13584452129 9.55442932809e-06 941.777854412 
51 3.13584446027 6.40443190595e-06 941.777857623 
52 3.13584441727 4.18455828184e-06 941.777859886 
53 3.13584439108 2.83286928345e-06 941.777861264 
54 3.13584437244 1.87055300294e-06 941.777862245 
55 3.13584436037 1.24733510101e-06 941.77786288 
56 3.13584435252 8.42103801451e-07 941.777863293 
57 3.13584434744 5.79972724347e-07 941.77786356 
58 3.13584434396 3.99863451653e-07 941.777863744 
59 3.1358443415 2.73297909008e-07 941.777863873 
60 3.1358443398 1.8558798893e-07 941.777863962 
61 3.13584433865 1.26075660618e-07 941.777864023 
62 3.13584433787 8.55850369133e-08 941.777864064 
63 3.13584433734 5.81521368786e-08 941.777864092 
64 3.13584433698 3.97395018069e-08 941.777864111 
65 3.13584433669 2.48902943721e-08 941.777864126 
66 3.13584433635 7.18265033335e-09 941.777864144 
67 3.13584433607 -7.09357415773e-09 941.777864159 
68 3.13584433586 -1.79383791011e-08 941.77786417 
69 3.13584433572 -2.53517644967e-08 941.777864177 
70 3.13584433564 -2.93337303447e-08 941.777864181 
