Time S I R
0 873.401255766 1 0
1 864.233278261 7.67053960866 2.49743789615
2 799.977576505 53.6412404368 20.7824388242
3 527.483890613 227.569690678 119.347674475
4 201.50058714 325.798180677 347.102487949
5 80.8073974608 230.239082387 563.354775918
6 45.697600744 130.440786354 698.262868668
7 33.4749162607 68.9999549528 771.926384552
8 28.4555424707 35.5714236814 810.374289614
9 26.1818377543 18.135938078 830.083479934
10 25.0962376375 9.19902167068 840.105996458
11 24.5635884651 4.6543707342 845.183296567
12 24.2985695441 2.35204162495 847.750644597
13 24.1657743794 1.18784784849 849.047633538
14 24.0989955615 0.599712711499 849.702547493
15 24.0653533699 0.302731233275 850.033171163
16 24.0483895153 0.152804980294 850.20006127
17 24.0398316468 0.0771259869683 850.284298132
18 24.0355133917 0.0389273775007 850.326814997
19 24.0333341682 0.0196474049774 850.348274193
20 24.032234348 0.00991636443707 850.359105053
21 24.0316792832 0.00500504738515 850.364571435
22 24.0313991284 0.00252613719825 850.3673305
23 24.0312577349 0.00127502460468 850.368723006
24 24.031186363 0.00064349106305 850.369425912
25 24.0311503422 0.000324760562858 850.369780663
26 24.0311321659 0.000163926958515 850.369959673
27 24.0311229795 8.26415109953e-05 850.370050145
28 24.0311183512 4.16874992515e-05 850.370095727
29 24.0311160257 2.1110458994e-05 850.37011863
30 24.0311148535 1.07378618906e-05 850.370130175
31 24.0311142484 5.38340116357e-06 850.370136134
32 24.0311139412 2.66561847133e-06 850.370139159
33 24.0311137893 1.3213595759e-06 850.370140655
34 24.0311137176 6.86718194488e-07 850.370141362
35 24.0311136807 3.60554412429e-07 850.370141725
36 24.031113661 1.86030976206e-07 850.370141919
37 24.0311136508 9.58324546134e-08 850.370142019
38 24.0311136456 4.96353425613e-08 850.370142071
39 24.0311136421 1.85536613255e-08 850.370142105
40 24.0311136389 -9.51606150135e-09 850.370142137
41 24.031113637 -2.59898242926e-08 850.370142155
42 24.0311136365 -3.08676270482e-08 850.37014216
43 24.0311136372 -2.41494697683e-08 850.370142153
44 24.0311136372 -2.46662204995e-08 850.370142153
45 24.031113637 -2.58001176526e-08 850.370142155
46 24.0311136373 -2.39225269665e-08 850.370142153
47 24.0311136378 -1.90334484412e-08 850.370142147
48 24.0311136385 -1.29880001934e-08 850.37014214
49 24.0311136387 -1.07803596739e-08 850.370142138
50 24.031113639 -8.57271915431e-09 850.370142136
51 24.0311136392 -6.36507863474e-09 850.370142133
52 24.0311136395 -4.15743811518e-09 850.370142131
53 24.0311136396 -3.18938593729e-09 850.37014213
54 24.0311136396 -3.12157166759e-09 850.370142129
55 24.0311136396 -3.05375739789e-09 850.370142129
56 24.0311136396 -2.98594312819e-09 850.370142129
57 24.0311136396 -2.91812885849e-09 850.370142129
58 24.0311136396 -2.85031458879e-09 850.370142129
59 24.0311136396 -2.78250031909e-09 850.370142129
60 24.0311136397 -2.71468604939e-09 850.370142129
61 24.0311136397 -2.64687177969e-09 850.370142129
62 24.0311136397 -2.57905750999e-09 850.370142129
63 24.0311136397 -2.51124324029e-09 850.370142129
64 24.0311136397 -2.44342897059e-09 850.370142129
65 24.0311136397 -2.37561470089e-09 850.370142129
66 24.0311136397 -2.30780043119e-09 850.370142129
67 24.0311136397 -2.23998616149e-09 850.370142128
68 24.0311136397 -2.17217189179e-09 850.370142128
69 24.0311136397 -2.10435762209e-09 850.370142128
70 24.0311136397 -2.03654335239e-09 850.370142128
