Time S I R
0 811.153368652 1 0
1 804.578771772 6.34372004126 1.230876839
2 765.113953515 38.2017769121 8.83763822451
3 587.739748325 175.686514227 48.7271060998
4 263.426688106 378.623580148 170.103100398
5 85.9250905229 386.685441851 339.542836278
6 32.8256864952 294.245620611 485.082061546
7 16.3514279826 205.314155111 590.487785559
8 10.1326165242 139.151829355 662.868922773
9 7.34093420359 93.1970616814 711.615372767
10 5.91946310765 62.0668823556 744.167023189
11 5.13009310589 41.2110446817 765.812230864
12 4.66543229603 27.3163643514 780.171572004
13 4.38103402232 18.0878084 789.68452623
14 4.20237671371 11.9693866334 795.981605305
15 4.08819628993 7.9173867021 800.14778566
16 4.01439027237 5.23575413957 802.90322424
17 3.96631980203 3.46180958344 804.725239266
18 3.93485452441 2.28865023386 805.929863894
19 3.91419035564 1.51294899383 806.726229302
20 3.90058993573 1.00011181283 807.252666903
21 3.89162568943 0.661087933144 807.600655029
22 3.8857115768 0.436979417239 807.830677658
23 3.88180730942 0.28883969338 807.982721649
24 3.87922878733 0.190918866144 808.083220998
25 3.87752536664 0.126193847065 808.149649438
26 3.87639984846 0.0834114232818 808.19355738
27 3.87565608702 0.055133073928 808.222579491
28 3.87516455557 0.0364416347531 808.241762462
29 3.8748396997 0.0240870222654 808.25444193
30 3.87462499315 0.0159209210467 808.262822738
31 3.87448308385 0.010523318926 808.268362249
32 3.87438928782 0.00695562197611 808.272023742
33 3.8743272942 0.00459753675004 808.274443821
34 3.87428631865 0.00303890562974 808.276043428
35 3.87425923403 0.00200864996069 808.277100768
36 3.87424133167 0.00132766823775 808.277799652
37 3.87422949916 0.000877573878659 808.278261579
38 3.87422167716 0.000580034027741 808.278566941
39 3.87421650748 0.000383384608436 808.27876876
40 3.87421309032 0.000253399246723 808.278902162
41 3.87421083172 0.000167484436935 808.278990336
42 3.87420933929 0.000110713733638 808.279048599
43 3.87420835075 7.31104992374e-05 808.279087191
44 3.87420769876 4.83094626248e-05 808.279112644
45 3.87420726919 3.19692262146e-05 808.279129413
46 3.87420698467 2.11463919188e-05 808.279140521
47 3.87420679657 1.3991174293e-05 808.279147864
48 3.87420667275 9.28091700499e-06 808.279152698
49 3.87420659082 6.16464885379e-06 808.279155896
50 3.87420653535 4.05450406799e-06 808.279158062
51 3.87420649808 2.63697419719e-06 808.279159517
52 3.87420647427 1.73114147678e-06 808.279160446
53 3.8742064583 1.12376633279e-06 808.27916107
54 3.87420644832 7.44119164775e-07 808.279161459
55 3.874206442 5.03646834459e-07 808.279161706
56 3.87420643775 3.41732676071e-07 808.279161872
57 3.87420643482 2.30536729358e-07 808.279161987
58 3.87420643283 1.54694718972e-07 808.279162064
59 3.87420643148 1.03474524758e-07 808.279162117
60 3.87420643058 6.9050425051e-08 808.279162152
61 3.87420642998 4.62740934167e-08 808.279162176
62 3.8742064294 2.42675288041e-08 808.279162198
63 3.87420642884 2.94782297446e-09 808.27916222
64 3.87420642841 -1.32988643259e-08 808.279162237
65 3.87420642812 -2.44725330969e-08 808.279162248
66 3.87420642796 -3.05731833387e-08 808.279162254
67 3.87420642793 -3.16008150511e-08 808.279162256
68 3.87420642804 -2.75554282343e-08 808.279162251
69 3.87420642812 -2.44181269982e-08 808.279162248
70 3.87420642805 -2.69220173624e-08 808.279162251
