Time S I R
0 940.45070149 1 0
1 927.226413291 12.6096495784 1.61463862098
2 787.21683326 133.955416122 20.2784521081
3 290.181060467 517.202887858 134.066753165
4 50.0806143525 556.990964672 334.379122466
5 11.001788233 423.26889941 507.180013847
6 3.61724388479 303.828071514 634.005386091
7 1.63721142587 215.420011489 724.393478575
8 0.934377015408 152.168839776 788.347484699
9 0.628919788542 107.33370081 833.488080892
10 0.47575034562 75.6578702539 865.317080891
11 0.390797544268 53.3112013835 887.748702562
12 0.340218092937 37.5573188126 903.553164585
13 0.308568394362 26.4555515033 914.686581592
14 0.288058673195 18.6339421486 922.528700668
15 0.274435069172 13.1241000506 928.05216637
16 0.265229322184 9.24314333441 931.942328833
17 0.258931899917 6.5096795785 934.682090012
18 0.254586724784 4.58450194113 936.611612824
19 0.251570461942 3.2286429476 937.97048808
20 0.249467748704 2.27375946752 938.927474274
21 0.247997481793 1.60127745923 939.601426549
22 0.246967266114 1.12768314325 940.076051081
23 0.24624431786 0.794156953142 940.410300219
24 0.245736461993 0.55927427619 940.645690752
25 0.245379440419 0.393860784795 940.811461265
26 0.245128324681 0.277370474664 940.928202691
27 0.244951634626 0.195333834574 941.010416021
28 0.244827279675 0.137560658688 941.068313552
29 0.244739742736 0.0968748555512 941.109086892
30 0.244678115085 0.0682225314467 941.137800844
31 0.244634724121 0.0480445850258 941.158022181
32 0.2446041714 0.0338346067107 941.172262712
33 0.244582657431 0.023827457455 941.182291375
34 0.244567507712 0.0167800876078 941.189353895
35 0.244556839349 0.0118170992775 941.194327551
36 0.244549326599 0.00832199115972 941.197830172
37 0.24454403602 0.00586062509445 941.200296829
38 0.244540310241 0.00412722767687 941.202033952
39 0.244537686539 0.00290654913188 941.203257254
40 0.244535838979 0.00204696311976 941.204118688
41 0.244534537726 0.00144154548771 941.204725407
42 0.244533621329 0.00101518256885 941.205152686
43 0.244532975978 0.000714925981006 941.205453588
44 0.244532521514 0.000503480997237 941.205665488
45 0.244532201241 0.000354469474118 941.205814819
46 0.244531975823 0.000249590881125 941.205919923
47 0.244531817213 0.00017579534862 941.205993877
48 0.24453170548 0.000123810059748 941.206045975
49 0.244531626844 8.72236467888e-05 941.20608264
50 0.244531571551 6.14976223986e-05 941.206108421
51 0.244531532607 4.33782122447e-05 941.206126579
52 0.244531504972 3.05208147069e-05 941.206139464
53 0.24453148538 2.14053735235e-05 941.206148599
54 0.24453147172 1.50497016748e-05 941.206154969
55 0.244531461853 1.04592289906e-05 941.206159569
56 0.244531455203 7.36510083994e-06 941.20616267
57 0.244531450629 5.23714534491e-06 941.206164802
58 0.244531447447 3.75659998104e-06 941.206166286
59 0.244531445192 2.70736650966e-06 941.206167337
60 0.244531443536 1.93669428854e-06 941.20616811
61 0.244531442346 1.38311106324e-06 941.206168665
62 0.244531441489 9.84395320198e-07 941.206169064
63 0.244531440874 6.98306785791e-07 941.206169351
64 0.244531440445 4.98416109028e-07 941.206169551
65 0.244531440135 3.54653993736e-07 941.206169695
66 0.244531439918 2.53465679489e-07 941.206169797
67 0.244531439763 1.8116381481e-07 941.206169869
68 0.24453143965 1.2896424573e-07 941.206169921
69 0.244531439571 9.21699345643e-08 941.206169958
70 0.244531439514 6.56125777593e-08 941.206169985
