Time S I R
0 876.466997759 1 0
1 350.316220761 515.608306309 11.5424706892
2 0.615791498738 785.465528561 91.3856776999
3 0.00122211148152 708.107894876 169.357880772
4 0 637.862986836 239.604010924
5 0 574.585359288 302.881638472
6 0 517.584994034 359.882003725
7 0 466.239081626 411.227916134
8 0 419.986911114 457.480086646
9 0 378.323079464 499.143918295
10 0 340.792250619 536.674747141
11 0 306.984974332 570.482023427
12 0 276.531486117 600.935511642
13 0 249.098745136 628.368252624
14 0 224.387557361 653.079440399
15 0 202.127744387 675.339253372
16 0 182.07615284 695.390844919
17 0 164.013736513 713.453261247
18 0 147.743157603 729.723840156
19 0 133.086661494 744.380336265
20 0 119.884135503 757.582862256
21 0 107.991297624 769.475700136
22 0 97.2782645985 780.188733161
23 0 87.6280001882 789.838997571
24 0 78.9350781048 798.531919655
25 0 71.1045141559 806.362483604
26 0 64.050759158 813.416238601
27 0 57.6967582343 819.770239525
28 0 51.9730904617 825.493907298
29 0 46.8172239198 830.64977384
30 0 42.1728278851 835.294169874
31 0 37.9891604042 839.477837355
32 0 34.2205355181 843.246462241
33 0 30.8257629043 846.641234855
34 0 27.7677681855 849.699229574
35 0 25.0131283611 852.453869398
36 0 22.5317610588 854.935236701
37 0 20.2965467371 857.170451022
38 0 18.2830765392 859.18392122
39 0 16.469345578 860.997652181
40 0 14.8355436895 862.63145407
41 0 13.3638168904 864.103180869
42 0 12.0380907315 865.428907028
43 0 10.8438793159 866.623118443
44 0 9.76813752253 867.698860237
45 0 8.79911218094 868.667885578
46 0 7.92621658274 869.540781177
47 0 7.1399147302 870.327083029
48 0 6.43161556853 871.035382191
49 0 5.79358240591 871.673415354
50 0 5.2188430656 872.248154694
51 0 4.7011202786 872.765877481
52 0 4.23475605644 873.232241703
53 0 3.81465730003 873.652340459
54 0 3.43623260508 874.030765154
55 0 3.09534948343 874.371648276
56 0 2.78828219217 874.678715567
57 0 2.51167740532 874.955320354
58 0 2.26251200609 875.204485753
59 0 2.03806494075 875.428932819
60 0 1.83588325692 875.631114502
61 0 1.65375884135 875.813238918
62 0 1.48970142857 875.977296331
63 0 1.3419191184 876.125078641
64 0 1.20879708696 876.258200672
65 0 1.08888119097 876.378116568
66 0 0.980861245144 876.486136514
67 0 0.883557166683 876.583440593
68 0 0.79590594187 876.671091818
69 0 0.716949901646 876.750047858
70 0 0.645826581308 876.821171178
