Time S I R
0 902.253455063 1 0
1 790.515387273 104.623963339 8.11410445162
2 62.1136372183 676.911173846 164.228643999
3 1.91547513881 523.58967251 377.748307414
4 0.153868760172 370.585721115 532.513865188
5 0.0259130804136 261.420076319 641.807465664
6 0.00738104119318 184.355314341 718.890759682
7 0.00304009451395 130.001390994 773.249023975
8 0.00163059045792 91.6716028344 811.580221638
9 0.00104975070519 64.6426825452 838.609722767
10 0.000769485088654 45.5829939142 857.669691664
11 0.000618090997136 32.1429467698 871.109890202
12 0.00052961027302 22.6656534556 880.587271997
13 0.000474967230275 15.9827188626 887.270261234
14 0.000439857422862 11.2702290083 891.982786198
15 0.000416672438405 7.94721272139 895.30582567
16 0.000401062649757 5.60398387242 897.649070128
17 0.000390408487078 3.95165363056 899.301411024
18 0.000383066436825 2.78651194978 900.466560047
19 0.000377972358706 1.9649107965 901.288166294
20 0.000374421072365 1.38555844281 901.867522199
21 0.000371936961301 0.977027535319 902.276055591
22 0.000370195206187 0.688951641526 902.564133227
23 0.000368971914554 0.485814788189 902.767271303
24 0.000368111740158 0.342572601147 902.91051435
25 0.000367506394696 0.241565341901 903.011522215
26 0.000367080131582 0.170339798331 903.082748185
27 0.000366779850879 0.12011526535 903.132973018
28 0.000366568254776 0.0846993138823 903.168389181
29 0.000366419121519 0.0597257996977 903.193362845
30 0.000366313996324 0.0421156749556 903.210973074
31 0.000366239885466 0.0296978914324 903.223390932
32 0.000366187635223 0.020941489261 903.232147386
33 0.000366150795344 0.014766901699 903.238322011
34 0.000366124819948 0.0104128906839 903.242676048
35 0.000366106504657 0.00734265682742 903.2457463
36 0.000366093589719 0.0051776442925 903.247911325
37 0.00036608448363 0.00365107194298 903.249437907
38 0.000366078062825 0.00257462113637 903.250514364
39 0.000366073534678 0.00181548840255 903.251273501
40 0.000366070341784 0.00128018715345 903.251808806
41 0.000366068090443 0.000902736033267 903.252186259
42 0.000366066502579 0.000636537612114 903.252452459
43 0.00036606538265 0.000448776478857 903.252640221
44 0.000366064593322 0.000316450668179 903.252772548
45 0.000366064036825 0.000223158157492 903.252865841
46 0.000366063644492 0.000157351889492 903.252931648
47 0.000366063367551 0.000110918876259 903.252978081
48 0.000366063172692 7.82587483503e-05 903.253010741
49 0.000366063035472 5.52443418837e-05 903.253033756
50 0.000366062938383 3.89821396247e-05 903.253050018
51 0.000366062869603 2.74631974606e-05 903.253061537
52 0.000366062821627 1.94024680782e-05 903.253069598
53 0.000366062787634 1.37129621886e-05 903.253075288
54 0.000366062763646 9.69826224544e-06 903.253079302
55 0.000366062746821 6.86278375014e-06 903.253082138
56 0.000366062734429 4.81785535457e-06 903.253084183
57 0.000366062725334 3.30395149092e-06 903.253085697
58 0.000366062719763 2.35638098815e-06 903.253086644
59 0.000366062715557 1.6438670396e-06 903.253087357
60 0.000366062712601 1.14306467019e-06 903.253087858
61 0.000366062710441 8.06333308656e-07 903.253088194
62 0.00036606270919 5.77977602651e-07 903.253088423
63 0.000366062708281 4.15592606446e-07 903.253088585
64 0.000366062707485 3.00129180074e-07 903.2530887
65 0.000366062706917 2.14983133255e-07 903.253088786
66 0.000366062706576 1.53244898174e-07 903.253088847
67 0.000366062706348 1.09223730003e-07 903.253088891
68 0.000366062706121 7.75132399522e-08 903.253088923
69 0.000366062706007 5.54074276484e-08 903.253088945
70 0.000366062705893 3.87230964849e-08 903.253088962
