Time S I R
0  818.54418302 1 0
1 795.667668228 18.6310758868 5.2454389044 
2 530.147799901 209.015313824 80.3810692944 
3 119.463542365 343.945832054 356.134808601 
4 33.6957110316 195.503324409 590.345147579 
5 17.67900656 92.1632669519 709.701909508 
6 13.1317784432 41.6872409525 764.725163624 
7 11.4897287563 18.6099730327 789.444481231 
8 10.8262268967 8.26634159159 800.451614531 
9 10.544221624 3.66420496801 805.335756428 
10 10.4216340646 1.62277706814 807.499771887 
11 10.3678102902 0.718403979582 808.45796875 
12 10.3440733992 0.317983189588 808.882126431 
13 10.3335846205 0.140736375178 809.069862024 
14 10.328945861 0.0622865449509 809.152950614 
15 10.3268935375 0.0275661210449 809.189723361 
16 10.3259853753 0.0121998456971 809.205997799 
17 10.3255834786 0.00539922189582 809.213200319 
18 10.325405624 0.0023895970172 809.216387799 
19 10.3253269071 0.0010575457724 809.217798567 
20 10.3252920649 0.000467940455017 809.218423014 
21 10.3252766505 0.00020709447399 809.218699275 
22 10.3252698271 9.16270488199e-05 809.218821565 
23 10.3252668133 4.06275172001e-05 809.218875579 
24 10.3252654762 1.80018325512e-05 809.218899541 
25 10.3252648859 8.01200401103e-06 809.218910122 
26 10.3252646213 3.53405574449e-06 809.218914864 
27 10.325264503 1.53265187728e-06 809.218916984 
28 10.3252644518 6.65948665359e-07 809.218917902 
29 10.3252644307 3.08575404722e-07 809.21891828 
30 10.3252644208 1.41928875674e-07 809.218918457 
31 10.3252644162 6.40485507477e-08 809.218918539 
32 10.3252644139 2.50132252571e-08 809.218918581 
33 10.3252644118 -1.01812388423e-08 809.218918618 
34 10.3252644108 -2.83822211358e-08 809.218918637 
35 10.3252644107 -2.95897216232e-08 809.218918638 
36 10.325264411 -2.38789251907e-08 809.218918632 
37 10.3252644109 -2.61772802254e-08 809.218918635 
38 10.325264411 -2.40424296409e-08 809.218918633 
39 10.3252644114 -1.74743734372e-08 809.218918626 
40 10.3252644117 -1.22338399006e-08 809.21891862 
41 10.3252644119 -9.50895471703e-09 809.218918617 
42 10.3252644121 -6.78406953345e-09 809.218918614 
43 10.3252644122 -4.05918434988e-09 809.218918611 
44 10.3252644123 -3.28027260219e-09 809.218918611 
45 10.3252644123 -3.19553821891e-09 809.21891861 
46 10.3252644123 -3.11080383562e-09 809.21891861 
47 10.3252644123 -3.02606945234e-09 809.21891861 
48 10.3252644123 -2.94133506905e-09 809.21891861 
49 10.3252644123 -2.85660068577e-09 809.21891861 
50 10.3252644123 -2.77186630248e-09 809.21891861 
51 10.3252644123 -2.6871319192e-09 809.21891861 
52 10.3252644123 -2.60239753591e-09 809.21891861 
53 10.3252644123 -2.51766315263e-09 809.21891861 
54 10.3252644123 -2.43292876934e-09 809.21891861 
55 10.3252644123 -2.34819438606e-09 809.21891861 
56 10.3252644123 -2.26346000277e-09 809.218918609 
57 10.3252644123 -2.17872561949e-09 809.218918609 
58 10.3252644123 -2.0939912362e-09 809.218918609 
59 10.3252644123 -2.00925685292e-09 809.218918609 
60 10.3252644123 -1.92452246963e-09 809.218918609 
61 10.3252644123 -1.83978808635e-09 809.218918609 
62 10.3252644123 -1.75505370306e-09 809.218918609 
63 10.3252644124 -1.67031931978e-09 809.218918609 
64 10.3252644124 -1.58558493649e-09 809.218918609 
65 10.3252644124 -1.50085055321e-09 809.218918609 
66 10.3252644124 -1.41611616992e-09 809.218918609 
67 10.3252644124 -1.33138178664e-09 809.218918609 
68 10.3252644124 -1.24664740335e-09 809.218918608 
69 10.3252644124 -1.16191302007e-09 809.218918608 
70 10.3252644124 -1.07717863678e-09 809.218918608 
