Time S I R
0  805.640020547 1 0
1 775.306920523 30.0499568392 1.28314318548 
2 360.428722335 419.31869016 26.8926080527 
3 24.8382680355 665.475365608 116.326386904 
4 1.47553165361 594.439505084 210.724983809 
5 0.125641125262 513.436353122 293.0780263 
6 0.0150574763376 442.519851327 364.105111744 
7 0.0024104503683 381.323693835 425.313916262 
8 0.000493890773782 328.582355076 478.057171581 
9 0.000105843455572 283.13439392 523.505520784 
10 5.53637810299e-05 243.972050715 562.667914469 
11 3.42021086226e-05 210.226702674 596.413283671 
12 1.43576512528e-05 181.148877612 625.491128578 
13 2.06958392255e-05 156.09310868 650.546891172 
14 6.75721389598e-06 134.502981708 672.137032082 
15 7.64673256981e-06 115.899038127 690.740974774 
16 5.98773783622e-06 99.8683338687 706.771680691 
17 3.31461887981e-06 86.0549312548 720.585085978 
18 4.38092331478e-06 74.1521456158 732.487870551 
19 3.44214151937e-06 63.8956706617 742.744346444 
20 3.08394271542e-06 55.0578513512 751.582166112 
21 2.52565416758e-06 47.4424568651 759.197561157 
22 2.04181003483e-06 40.8803935136 765.759624992 
23 1.72213105998e-06 35.2259695228 771.414049303 
24 1.48860976878e-06 30.3536453507 776.286373708 
25 1.31185208829e-06 26.1552410999 780.484778136 
26 1.18494915569e-06 22.5375349691 784.102484393 
27 1.08113715669e-06 19.4202252018 787.219794264 
28 9.9827093436e-07 16.7340908728 789.905928676 
29 9.2986317668e-07 14.4194904516 792.220529166 
30 8.76219928614e-07 12.4250389719 794.214980699 
31 8.32491423353e-07 10.7064527107 795.933567004 
32 7.96174845163e-07 9.22557453575 797.414445216 
33 7.66401967667e-07 7.94952670715 798.690493074 
34 7.41638359614e-07 6.84997708557 799.79004272 
35 7.20916318642e-07 5.90251241648 800.73750741 
36 7.03518367118e-07 5.08609848801 801.553921356 
37 6.88867089593e-07 4.38260803913 802.257411819 
38 6.76491026752e-07 3.77642112749 802.863598743 
39 6.66003302285e-07 3.25408021854 803.385939663 
40 6.57097302792e-07 2.80398785706 803.836032033 
41 6.49518710816e-07 2.41615023798 804.22386966 
42 6.43058569949e-07 2.08195697044 804.558062934 
43 6.37543621451e-07 1.79398837058 804.846031539 
44 6.32829483038e-07 1.54585033115 805.094169583 
45 6.28795305602e-07 1.33203381003 805.307986109 
46 6.25339794169e-07 1.14779181241 805.49222811 
47 6.22377342552e-07 0.989033373043 805.650986552 
48 6.19836100668e-07 0.852233784378 805.787786143 
49 6.17654677626e-07 0.734355956271 805.905663974 
50 6.15781004853e-07 0.632782487523 806.007237444 
51 6.14171085545e-07 0.545258247899 806.094761685 
52 6.12787289356e-07 0.469840141416 806.170179793 
53 6.11597556599e-07 0.404853555286 806.235166381 
54 6.10573920312e-07 0.348855635557 806.291164301 
55 6.09693415754e-07 0.300603210044 806.339416728 
56 6.08935806667e-07 0.259024868234 806.38099507 
57 6.08283585279e-07 0.223197459143 806.41682248 
58 6.07722199675e-07 0.192325534646 806.447694405 
59 6.07238689554e-07 0.16572368133 806.474296259 
60 6.06822482041e-07 0.142801361904 806.497218579 
61 6.06464254815e-07 0.123049628485 806.516970312 
62 6.06155481364e-07 0.106029809743 806.533990132 
63 6.05889681538e-07 0.0913641525263 806.548655789 
64 6.05660716246e-07 0.0787269795624 806.561292962 
65 6.05463469583e-07 0.0678377490284 806.572182193 
66 6.05293621447e-07 0.058454690413 806.581565252 
67 6.051471928e-07 0.050369423554 806.589650519 
68 6.05021114097e-07 0.0434025119978 806.59661743 
69 6.0491242948e-07 0.0373992310962 806.602620711 
70 6.048189789e-07 0.032226299982 806.607793643 
