Time S I R
0  973.544675531 1 0
1 374.918031692 579.81479373 19.8118501096 
2 0.656314764255 822.282910364 151.605450402 
3 0.00186704312273 701.38277709 273.160031398 
4 3.701187552e-07 597.772383511 376.77229165 
5 0 509.466019405 465.078656126 
6 0 434.204575379 540.340100152 
7 0 370.06127549 604.483400041 
8 0 315.393012879 659.151662651 
9 0 268.802302502 705.742373029 
10 0 229.093454714 745.451220816 
11 0 195.250423517 779.294252014 
12 0 166.406883893 808.137791638 
13 0 141.8243005 832.720375031 
14 0 120.873174792 853.671500738 
15 0 103.017055204 871.527620327 
16 0 87.7987552443 886.745920287 
17 0 74.8286067578 899.716068773 
18 0 63.7744788853 910.770196646 
19 0 54.3533340133 920.191341518 
20 0 46.323937459 928.220738072 
21 0 39.4806837984 935.063991732 
22 0 33.6483608046 940.896314726 
23 0 28.6776247752 945.867050756 
24 0 24.4411934695 950.103482061 
25 0 20.8305926275 953.714082903 
26 0 17.753373837 956.791301694 
27 0 15.1307398308 959.4139357 
28 0 12.8955360092 961.649139522 
29 0 10.9905296969 963.554145834 
30 0 9.36694294242 965.177732588 
31 0 7.98320234918 966.561473182 
32 0 6.80387598403 967.740799547 
33 0 5.79876658688 968.745908944 
34 0 4.94213783422 969.602537697 
35 0 4.21205575063 970.33261978 
36 0 3.58982579578 970.954849735 
37 0 3.05951525033 971.485160281 
38 0 2.60754522599 971.937130305 
39 0 2.22234298718 972.322332544 
40 0 1.89404525553 972.650630275 
41 0 1.61424559273 972.930429938 
42 0 1.37577954605 973.168895985 
43 0 1.17254109552 973.372134435 
44 0 0.999326319669 973.545349211 
45 0 0.851699887532 973.692975643 
46 0 0.725881688819 973.818793842 
47 0 0.61865008006 973.926025451 
48 0 0.527259366426 974.017416164 
49 0 0.449369372966 974.095306158 
50 0 0.382985757974 974.161689773 
51 0 0.326408764207 974.218266767 
52 0 0.278189708881 974.266485822 
53 0 0.237093853801 974.307581677 
54 0 0.202068884026 974.342606647 
55 0 0.172218054658 974.372457476 
56 0 0.146776981798 974.397898549 
57 0 0.125094186515 974.419581344 
58 0 0.106614503253 974.438061028 
59 0 0.0908647546231 974.453810776 
60 0 0.0774416283526 974.467233903 
61 0 0.0660014714218 974.478674059 
62 0 0.0562513528401 974.488424178 
63 0 0.0479415525964 974.496733978 
64 0 0.0408593281423 974.503816203 
65 0 0.0348233468194 974.509852184 
66 0 0.0296790276127 974.514996503 
67 0 0.0252946639993 974.519380867 
68 0 0.0215579827512 974.523117548 
69 0 0.018373300395 974.52630223 
70 0 0.0156590901379 974.529016441 
