Time S I R
0  852.728566574 1 0
1 329.154752826 442.096206046 82.4776077019 
2 3.25517624133 368.017871199 482.455519133 
3 0.302731856968 165.154473351 688.271361366 
4 0.104885742259 73.4936891506 780.129991681 
5 0.0654541167553 32.6762072655 820.986905192 
6 0.0530750398294 14.5251336791 839.150357855 
7 0.0483527162194 6.45619298952 847.224020868 
8 0.0463909482152 2.8695921396 850.812583486 
9 0.0455447576278 1.2754352731 852.407586543 
10 0.0451736290748 0.566884074662 853.11650887 
11 0.0450096488631 0.251958590922 853.431598334 
12 0.0449369570264 0.111985849089 853.571643768 
13 0.0449046860597 0.0497733935655 853.633888494 
14 0.0448903503033 0.0221223493996 853.661553874 
15 0.0448839800835 0.00983252737973 853.673850066 
16 0.0448811490551 0.00437017253444 853.679315252 
17 0.0448798908625 0.00194242955728 853.681744254 
18 0.0448793316382 0.000863357561693 853.682823885 
19 0.0448790830666 0.000383712797426 853.683303778 
20 0.0448789725885 0.00017053337894 853.683517068 
21 0.0448789234888 7.57896892619e-05 853.683611861 
22 0.0448789016554 3.36590580041e-05 853.683654013 
23 0.0448788919778 1.49851425932e-05 853.683672697 
24 0.0448788876837 6.69906636901e-06 853.683680987 
25 0.044878885751 2.9697875154e-06 853.683684718 
26 0.0448788848796 1.28843665243e-06 853.683686401 
27 0.0448788845048 5.65138662414e-07 853.683687124 
28 0.0448788843489 2.64179075098e-07 853.683687425 
29 0.044878884275 1.21524897027e-07 853.683687568 
30 0.0448788842405 5.51314204519e-08 853.683687635 
31 0.0448788842224 2.02208600423e-08 853.683687669 
32 0.044878884206 -1.13550761601e-08 853.683687701 
33 0.0448788841976 -2.78181242023e-08 853.683687718 
34 0.0448788841968 -2.91682840842e-08 853.683687719 
35 0.0448788842004 -2.2323992096e-08 853.683687712 
36 0.0448788841992 -2.47183322117e-08 853.683687714 
37 0.0448788841999 -2.32699692434e-08 853.683687713 
38 0.0448788842026 -1.79789031911e-08 853.683687708 
39 0.0448788842059 -1.16067565373e-08 853.683687701 
40 0.0448788842072 -9.23359276354e-09 853.683687699 
41 0.0448788842084 -6.86042898983e-09 853.683687697 
42 0.0448788842095 -4.48726521611e-09 853.683687694 
43 0.0448788842103 -2.902150439e-09 853.683687693 
44 0.0448788842103 -2.83070345986e-09 853.683687693 
45 0.0448788842104 -2.75925648072e-09 853.683687692 
46 0.0448788842104 -2.68780950157e-09 853.683687692 
47 0.0448788842106 -2.61636252243e-09 853.683687692 
48 0.0448788842104 -2.54491554329e-09 853.683687692 
49 0.0448788842106 -2.47346856414e-09 853.683687692 
50 0.0448788842106 -2.402021585e-09 853.683687692 
51 0.0448788842107 -2.33057460586e-09 853.683687692 
52 0.0448788842106 -2.25912762671e-09 853.683687692 
53 0.0448788842107 -2.18768064757e-09 853.683687692 
54 0.0448788842108 -2.11623366843e-09 853.683687692 
55 0.0448788842108 -2.04478668929e-09 853.683687692 
56 0.0448788842109 -1.97333971014e-09 853.683687692 
57 0.0448788842108 -1.901892731e-09 853.683687692 
58 0.0448788842109 -1.83044575186e-09 853.683687692 
59 0.0448788842109 -1.75899877271e-09 853.683687691 
60 0.044878884211 -1.68755179357e-09 853.683687691 
61 0.044878884211 -1.61610481443e-09 853.683687691 
62 0.044878884211 -1.54465783528e-09 853.683687691 
63 0.044878884211 -1.47321085614e-09 853.683687691 
64 0.0448788842111 -1.401763877e-09 853.683687691 
65 0.0448788842112 -1.33031689785e-09 853.683687691 
66 0.0448788842111 -1.25886991871e-09 853.683687691 
67 0.0448788842112 -1.18742293957e-09 853.683687691 
68 0.0448788842112 -1.11597596042e-09 853.683687691 
69 0.0448788842114 -1.04452898128e-09 853.683687691 
70 0.0448788842114 -9.73082002137e-10 853.683687691 
