Time S I R
0  914.199000364 1 0
1 909.644949396 5.11894146391 0.435109504531 
2 886.93963435 25.6218830653 2.63748294838 
3 786.678432901 115.431438641 13.0891288221 
4 503.945916106 359.361534995 51.891549264 
5 191.551950594 587.475740064 136.171309706 
6 56.7297104375 616.275505727 242.1937842 
7 17.7181900879 553.894897342 343.585912934 
8 6.39479071768 476.423828289 432.380381357 
9 2.67965198436 404.351714888 508.167633492 
10 1.28325639006 341.594659345 572.321084629 
11 0.689416967944 288.04739731 626.462186087 
12 0.408351277359 242.694859816 672.095789271 
13 0.262713263575 204.400229122 710.536057979 
14 0.181195665913 172.110697959 742.907106739 
15 0.132526580522 144.903845177 770.162628607 
16 0.101848091044 121.988385881 793.108766392 
17 0.081582921238 102.69169549 812.425721953 
18 0.0676897038537 86.4445815254 828.686729135 
19 0.0578471607485 72.7662730882 842.374880115 
20 0.0506886889816 61.2514185164 853.896893159 
21 0.0453480228543 51.5580092228 863.595643118 
22 0.0412928991954 43.3982664471 871.759441018 
23 0.0381612652435 36.5296429774 878.631196122 
24 0.0357101781755 30.7479465313 884.415343655 
25 0.0337695360048 25.8812353406 889.283995488 
26 0.0322180436298 21.7847417146 893.382040606 
27 0.030967491043 18.3365914917 896.831441381 
28 0.0299525720422 15.434189571 899.734858221 
29 0.0291241233974 12.9911699359 902.178706305 
30 0.0284445901409 10.934830214 904.23572556 
31 0.0278849125746 9.20396964815 905.967145803 
32 0.0274223507884 7.74707234471 907.424505669 
33 0.027038970103 6.5207855133 908.651175881 
34 0.0267204371253 5.48860481074 909.683675116 
35 0.0264552358514 4.61980579535 910.552739333 
36 0.0262340552194 3.88852867726 911.284237632 
37 0.0260493195054 3.27300502905 911.899946016 
38 0.0258948321874 2.75491146541 912.418194067 
39 0.0257655109906 2.31882896368 912.85440589 
40 0.0256571613097 1.95177493311 913.22156827 
41 0.0255663156951 1.64282232355 913.530611725 
42 0.0254900996845 1.3827743436 913.790735921 
43 0.0254261245516 1.16389041786 914.009683822 
44 0.0253724007982 0.979654246718 914.193973717 
45 0.0253272691178 0.824581257529 914.349091838 
46 0.0252893437163 0.694055238154 914.479655782 
47 0.025257465725 0.584190663924 914.589552235 
48 0.0252306650027 0.491716970776 914.682052728 
49 0.0252081287039 0.413881241577 914.759910994 
50 0.0251891753582 0.348366390921 914.825444798 
51 0.0251732332545 0.293222107353 914.880605024 
52 0.0251598225277 0.246806859858 914.927033682 
53 0.025148540175 0.207738856073 914.966112968 
54 0.0251390476645 0.174855053977 914.999006263 
55 0.0251310604953 0.147176430263 915.026692873 
56 0.0251243396611 0.123879305114 915.049996719 
57 0.0251186840878 0.104269975869 915.069611704 
58 0.0251139247313 0.0877646410876 915.086121798 
59 0.025109919461 0.0738720280696 915.100018417 
60 0.0251065486959 0.0621785324315 915.111715283 
61 0.0251037118522 0.0523360424834 915.12156061 
62 0.0251013243131 0.0440515609542 915.129847479 
63 0.0250993148837 0.0370784643598 915.136822585 
64 0.0250976236572 0.0312091588602 915.142693582 
65 0.0250962002327 0.0262689379228 915.147635226 
66 0.0250950021911 0.022110726499 915.151794635 
67 0.0250939938338 0.0186107257556 915.155295645 
68 0.0250931451259 0.0156647574632 915.158242462 
69 0.0250924307874 0.0131851239075 915.160722809 
70 0.0250918295386 0.0110979969634 915.162810538 
