Time S I R
0  827.962318482 1 0
1 757.644007737 57.1983561094 14.1199546358 
2 160.979038815 407.44185715 260.541422517 
3 21.0963749271 224.020847419 583.845096136 
4 8.41326374302 90.449832385 730.099222354 
5 5.848954568 35.1782653681 787.935098546 
6 5.08115215671 13.5582968113 810.322869514 
7 4.81329432504 5.21035536983 818.938668787 
8 4.71420735715 2.00019926013 822.247911865 
9 4.67672031877 0.767552887824 823.518045275 
10 4.66241542225 0.294494902759 824.005408157 
11 4.65693870271 0.112985532911 824.192394246 
12 4.65483924311 0.0433469271206 824.264132312 
13 4.65403403985 0.0166299256041 824.291654516 
14 4.6537251634 0.00638000345194 824.302213315 
15 4.65360667047 0.00244768433417 824.306264127 
16 4.65356121206 0.000939069271171 824.307818201 
17 4.65354377039 0.000360233492525 824.308414478 
18 4.65353707943 0.000138180344015 824.308643222 
19 4.65353451588 5.31038715341e-05 824.308730862 
20 4.65353352228 2.01291968969e-05 824.30876483 
21 4.65353314642 7.65543036383e-06 824.30877768 
22 4.65353300673 3.01945697339e-06 824.308782456 
23 4.65353295248 1.21904036534e-06 824.30878431 
24 4.6535329302 4.79658067434e-07 824.308785072 
25 4.65353292149 1.90604101717e-07 824.30878537 
26 4.65353291804 7.59332129387e-08 824.308785488 
27 4.65353291665 3.00613319564e-08 824.308785535 
28 4.65353291546 -9.47102280684e-09 824.308785576 
29 4.65353291486 -2.93326555193e-08 824.308785596 
30 4.65353291487 -2.91712922141e-08 824.308785596 
31 4.65353291504 -2.36339898013e-08 824.30878559 
32 4.653532915 -2.46853112475e-08 824.308785592 
33 4.65353291512 -2.07933537666e-08 824.308785588 
34 4.65353291539 -1.19581173586e-08 824.308785578 
35 4.65353291547 -9.14260426239e-09 824.308785576 
36 4.65353291555 -6.56741041331e-09 824.308785573 
37 4.65353291563 -3.99221656423e-09 824.30878557 
38 4.65353291567 -2.65115569594e-09 824.308785569 
39 4.65353291567 -2.57651782044e-09 824.308785569 
40 4.65353291567 -2.50187994494e-09 824.308785569 
41 4.65353291567 -2.42724206944e-09 824.308785569 
42 4.65353291568 -2.35260419394e-09 824.308785569 
43 4.65353291568 -2.27796631844e-09 824.308785568 
44 4.65353291568 -2.20332844294e-09 824.308785568 
45 4.65353291568 -2.12869056744e-09 824.308785568 
46 4.65353291569 -2.05405269194e-09 824.308785568 
47 4.65353291569 -1.97941481644e-09 824.308785568 
48 4.65353291569 -1.90477694094e-09 824.308785568 
49 4.65353291569 -1.83013906545e-09 824.308785568 
50 4.65353291569 -1.75550118995e-09 824.308785568 
51 4.6535329157 -1.68086331445e-09 824.308785568 
52 4.6535329157 -1.60622543895e-09 824.308785568 
53 4.6535329157 -1.53158756345e-09 824.308785568 
54 4.6535329157 -1.45694968795e-09 824.308785568 
55 4.65353291571 -1.38231181245e-09 824.308785568 
56 4.65353291571 -1.30767393695e-09 824.308785567 
57 4.65353291571 -1.23303606145e-09 824.308785567 
58 4.65353291571 -1.15839818595e-09 824.308785567 
59 4.65353291571 -1.08376031045e-09 824.308785567 
60 4.65353291572 -1.00912243495e-09 824.308785567 
61 4.65353291572 -9.34484559452e-10 824.308785567 
62 4.65353291572 -8.59846683952e-10 824.308785567 
63 4.65353291572 -7.85208808453e-10 824.308785567 
64 4.65353291573 -7.10570932953e-10 824.308785567 
65 4.65353291573 -6.35933057454e-10 824.308785567 
66 4.65353291573 -5.61295181954e-10 824.308785567 
67 4.65353291573 -4.86657306455e-10 824.308785567 
68 4.65353291574 -4.12019430955e-10 824.308785567 
69 4.65353291574 -3.37381555456e-10 824.308785566 
70 4.65353291574 -2.62743679956e-10 824.308785566 
