Time S I R
0  896.37461435 1 0
1 893.673635441 3.47028094104 0.230697968093 
2 884.400990762 11.9455832943 1.02804029429 
3 853.629655868 40.0097073088 3.73525117339 
4 761.994893831 122.96339941 12.4163211091 
5 558.167067267 302.994936555 36.212610529 
6 297.859386202 515.291351468 84.2238766805 
7 123.42319445 622.37833574 151.573084161 
8 47.4033552289 625.244325055 224.726934067 
9 18.8698378225 583.360448074 295.144328454 
10 8.09816384308 529.463361097 359.813089411 
11 3.77541057633 475.446029337 418.153174437 
12 1.90588476941 425.057025645 470.411703936 
13 1.03509108605 379.258850745 517.080672519 
14 0.600605199039 338.074399017 558.699610134 
15 0.369740127474 301.215618857 595.789255366 
16 0.239992337589 268.30416336 628.830458653 
17 0.163326337553 238.952177159 658.259110854 
18 0.115925484123 212.791649235 684.467039631 
19 0.0854281683605 189.484177597 707.805008585 
20 0.0651005284451 168.723200683 728.586313139 
21 0.0511067676271 150.233023188 747.090484395 
22 0.041183814368 133.766738142 763.566692395 
23 0.0339869421376 119.103694237 778.236933171 
24 0.0286462364728 106.046960447 791.299007667 
25 0.0246017435945 94.4209090456 802.929103561 
26 0.0214878357378 84.0690245823 813.284101932 
27 0.0190534383154 74.8518444041 822.503716508 
28 0.0171136876974 66.6449271157 830.712573547 
29 0.0155534152037 59.3376737768 838.021387159 
30 0.0142845030757 52.8315117458 844.528818102 
31 0.0132420612108 47.0386459125 850.322726377 
32 0.0123780311894 41.8808943032 855.481342016 
33 0.0116564007104 37.2886488148 860.074309135 
34 0.0110491639999 33.1998978616 864.163667325 
35 0.0105345794725 29.5594342734 867.804645498 
36 0.0100970275214 26.3181569988 871.046360324 
37 0.00972275400295 23.4322835752 873.932608021 
38 0.0094013078733 20.8628484999 876.502364543 
39 0.00912408886757 18.5751507846 878.790339477 
40 0.00888414724409 16.538299616 880.827430587 
41 0.00867584272282 14.7247964596 882.641142048 
42 0.00849449447094 13.1101485862 884.25597127 
43 0.00833622033531 11.6725504572 885.693727673 
44 0.00819778170307 10.3925888253 886.973827743 
45 0.00807644734107 9.2529774144 888.113560489 
46 0.00796994565644 8.23833470726 889.128309698 
47 0.00787630127581 7.33495143106 890.031786618 
48 0.00779385492649 6.53062963767 890.836190858 
49 0.0077211733493 5.8145042566 891.552388921 
50 0.00765703525224 5.17690697368 892.190050342 
51 0.00760037775899 4.6092250337 892.757788939 
52 0.0075502872063 4.10379409882 893.263269964 
53 0.00750596677005 3.65378612366 893.71332226 
54 0.00746672589378 3.25312426662 894.114023358 
55 0.00743196046233 2.89639702978 894.47078536 
56 0.00740114385769 2.57878767396 894.788425533 
57 0.00737381394981 2.29600607677 895.07123446 
58 0.00734956603878 2.04423350798 895.323031276 
59 0.00732804414031 1.82006930478 895.547217002 
60 0.00730893536297 1.62048614637 895.746819269 
61 0.00729196392365 1.44278859953 895.924533787 
62 0.00727688672077 1.28457687686 896.082760587 
63 0.00726348907915 1.1437141555 896.223636706 
64 0.00725158134424 1.01829792315 896.349064846 
65 0.00724099581441 0.906634470034 896.460738885 
66 0.00723158406265 0.807215623252 896.560167143 
67 0.00722321468425 0.718698808931 896.648692327 
68 0.0072157712134 0.639888431074 896.727510148 
69 0.00720915043769 0.56972021462 896.797684985 
70 0.00720326077931 0.507246348802 896.860164741 
