Time S I R
0  842.036643578 1 0
1 616.393470243 205.32055406 21.3226192747 
2 15.2863554792 553.722312769 274.02797533 
3 0.590195220374 345.959121302 496.487327056 
4 0.0803934600071 210.211637848 632.74461227 
5 0.0239567366059 127.549286433 715.463400408 
6 0.0114993685501 77.3767816544 765.648362555 
7 0.00736800198467 46.9375551465 796.091720429 
8 0.00562371994488 28.4722243659 814.558795492 
9 0.00477350602705 17.271025955 825.760844117 
10 0.00432179461291 10.476421082 832.555900701 
11 0.00406887548729 6.35486658699 836.677708115 
12 0.00392273305511 3.85477852424 839.17794232 
13 0.00383665618813 2.33825609702 840.694550825 
14 0.00378536643768 1.41835347244 841.614504739 
15 0.00375458959377 0.860353090784 842.172535897 
16 0.00373604290746 0.521877962857 842.511029572 
17 0.00372483743251 0.316563726162 842.716355014 
18 0.00371805673637 0.192023004985 842.840902516 
19 0.00371394967294 0.116478282027 842.916451346 
20 0.00371146060456 0.07065403431 842.962278083 
21 0.00370995158562 0.0428577195914 842.990075907 
22 0.00370903653561 0.025996870709 843.00693767 
23 0.00370848158934 0.0157693229555 843.017165773 
24 0.00370814500764 0.00956544241324 843.02336999 
25 0.00370794085688 0.00580225886664 843.027133378 
26 0.00370781702622 0.00351954230568 843.029416218 
27 0.00370774192106 0.0021350049141 843.030800831 
28 0.00370769635788 0.00129505000363 843.031640831 
29 0.00370766872129 0.000785566374923 843.032150343 
30 0.00370765195566 0.000476488787757 843.032459437 
31 0.0037076417824 0.000288940976838 843.032646995 
32 0.00370763561773 0.000175293115809 843.032760649 
33 0.00370763187698 0.000106331655397 843.032829614 
34 0.00370762960836 6.45065198809e-05 843.032871442 
35 0.00370762823457 3.91812092178e-05 843.032896768 
36 0.00370762739931 2.37828131896e-05 843.032912168 
37 0.00370762689249 1.44388258256e-05 843.032921512 
38 0.00370762658588 8.78687389319e-06 843.032927164 
39 0.00370762639977 5.35487311797e-06 843.032930596 
40 0.00370762628472 3.23515338873e-06 843.032932716 
41 0.0037076262139 1.92720281001e-06 843.032934024 
42 0.00370762617217 1.16022299247e-06 843.032934791 
43 0.00370762614693 6.93879532254e-07 843.032935258 
44 0.0037076261325 4.25455958879e-07 843.032935526 
45 0.00370762612386 2.65940605769e-07 843.032935686 
46 0.0037076261184 1.65926504937e-07 843.032935786 
47 0.00370762611487 1.02398404393e-07 843.032935849 
48 0.00370762611283 6.29510089619e-08 843.032935889 
49 0.0037076261109 3.05794377149e-08 843.032935921 
50 0.0037076261093 -5.63653963382e-10 843.032935952 
51 0.00370762610805 -2.23149577092e-08 843.032935974 
52 0.00370762610748 -3.46744735227e-08 843.032935986 
53 0.00370762610726 -3.76422014037e-08 843.032935989 
54 0.00370762610771 -3.12181413523e-08 843.032935983 
55 0.00370762610771 -3.1127983945e-08 843.032935983 
56 0.0037076261076 -3.38097676584e-08 843.032935985 
57 0.00370762610748 -3.39068847861e-08 843.032935986 
58 0.0037076261076 -3.1419335328e-08 843.032935983 
59 0.00370762610794 -2.63471192842e-08 843.032935978 
60 0.00370762610839 -1.86902366547e-08 843.03293597 
61 0.00370762610839 -1.75561974023e-08 843.032935969 
62 0.00370762610839 -1.49836231389e-08 843.032935967 
63 0.00370762610862 -1.24110488755e-08 843.032935964 
64 0.00370762610873 -9.83847461203e-09 843.032935961 
65 0.00370762610896 -7.26590034859e-09 843.032935959 
66 0.00370762610896 -5.13091141138e-09 843.032935957 
67 0.00370762610896 -5.04469030898e-09 843.032935957 
68 0.00370762610896 -4.95846920657e-09 843.032935957 
69 0.00370762610896 -4.87224810417e-09 843.032935957 
70 0.00370762610896 -4.78602700176e-09 843.032935956 
