Time S I R
0  874.977806024 1 0
1 316.303286924 467.811440631 91.86307847 
2 3.05618847079 362.180430982 510.741186572 
3 0.307893962464 157.690087036 717.979825025 
4 0.1139362521 68.1142531409 807.749616631 
5 0.0741710926934 29.3966676838 846.506967248 
6 0.0616280142023 12.6842399181 863.231938092 
7 0.0568937390569 5.47265990792 870.448252377 
8 0.0549651495032 2.36113017039 873.561710704 
9 0.0541534083595 1.01867596929 874.904976647 
10 0.0538069085929 0.439491102485 875.484508013 
11 0.0536581026643 0.189610799678 875.734537122 
12 0.0535940300564 0.0818041328821 875.842407861 
13 0.0535664107712 0.0352929331361 875.88894668 
14 0.0535544993187 0.0152264982117 875.909025027 
15 0.0535493611552 0.00656919499882 875.917687468 
16 0.0535471445859 0.00283423568127 875.921424644 
17 0.053546188272 0.0012227814624 875.923037055 
18 0.0535457756389 0.000527457966267 875.923732791 
19 0.0535455976695 0.000227561729321 875.924032865 
20 0.0535455208764 9.81575682913e-05 875.924162346 
21 0.0535454878074 4.24326185395e-05 875.924218104 
22 0.053545473504 1.83298852296e-05 875.924242221 
23 0.0535454673526 7.96402576667e-06 875.924252593 
24 0.0535454645977 3.32162254087e-06 875.924257238 
25 0.0535454634753 1.43016083034e-06 875.924259131 
26 0.053545462993 6.17467150743e-07 875.924259944 
27 0.0535454627931 2.80874789917e-07 875.924260281 
28 0.0535454627005 1.24747005093e-07 875.924260437 
29 0.0535454626591 5.5221508103e-08 875.924260506 
30 0.053545462633 1.10115740482e-08 875.924260551 
31 0.053545462614 -2.09058763252e-08 875.924260583 
32 0.0535454626075 -3.19103240248e-08 875.924260594 
33 0.0535454626126 -2.33621501249e-08 875.924260585 
34 0.0535454626098 -2.79074312963e-08 875.92426059 
35 0.0535454626105 -2.67969322333e-08 875.924260588 
36 0.0535454626145 -2.0030652936e-08 875.924260582 
37 0.0535454626181 -1.41597756552e-08 875.924260576 
38 0.05354546262 -1.07988851474e-08 875.924260572 
39 0.053545462622 -7.43799463965e-09 875.924260569 
40 0.0535454626241 -4.07710413186e-09 875.924260566 
41 0.053545462624 -3.89119998207e-09 875.924260566 
42 0.0535454626241 -3.78183338226e-09 875.924260565 
43 0.0535454626242 -3.67246678245e-09 875.924260565 
44 0.0535454626242 -3.56310018265e-09 875.924260565 
45 0.0535454626244 -3.45373358284e-09 875.924260565 
46 0.0535454626244 -3.34436698303e-09 875.924260565 
47 0.0535454626245 -3.23500038322e-09 875.924260565 
48 0.0535454626245 -3.12563378342e-09 875.924260565 
49 0.0535454626246 -3.01626718361e-09 875.924260565 
50 0.0535454626247 -2.9069005838e-09 875.924260565 
51 0.0535454626247 -2.79753398399e-09 875.924260564 
52 0.0535454626248 -2.68816738419e-09 875.924260564 
53 0.0535454626248 -2.57880078438e-09 875.924260564 
54 0.0535454626249 -2.46943418457e-09 875.924260564 
55 0.0535454626249 -2.36006758476e-09 875.924260564 
56 0.053545462625 -2.25070098495e-09 875.924260564 
57 0.0535454626252 -2.14133438515e-09 875.924260564 
58 0.0535454626252 -2.03196778534e-09 875.924260564 
59 0.0535454626253 -1.92260118553e-09 875.924260564 
60 0.0535454626253 -1.81323458572e-09 875.924260563 
61 0.0535454626254 -1.70386798592e-09 875.924260563 
62 0.0535454626254 -1.59450138611e-09 875.924260563 
63 0.0535454626255 -1.4851347863e-09 875.924260563 
64 0.0535454626255 -1.37576818649e-09 875.924260563 
65 0.0535454626256 -1.26640158669e-09 875.924260563 
66 0.0535454626257 -1.15703498688e-09 875.924260563 
67 0.0535454626257 -1.04766838707e-09 875.924260563 
68 0.0535454626258 -9.38301787263e-10 875.924260563 
69 0.0535454626258 -8.28935187455e-10 875.924260562 
70 0.0535454626259 -7.19568587648e-10 875.924260562 
