Time S I R
0 935.287037864 1 0
1 821.829522455 94.4193779104 20.0381374988
2 95.3668549626 487.152284981 353.767897921
3 10.9369442622 236.025902024 689.324191578
4 4.26141457696 96.6567294371 835.36889385
5 2.90866336301 38.8344315774 894.543942924
6 2.495852592 15.5300970654 918.261088207
7 2.34777640513 6.20100771851 927.738253741
8 2.29115052384 2.47458618454 931.521301156
9 2.26893875733 0.987295012012 933.030804095
10 2.26013742501 0.393870528567 933.633029911
11 2.25663581186 0.157124237877 933.873277815
12 2.25524045924 0.0626797165756 933.969117689
13 2.25468406929 0.0250038879466 934.007349907
14 2.25446215564 0.00997441890255 934.02260129
15 2.25437363848 0.00397902883209 934.028685197
16 2.25433832765 0.00158731057032 934.031112226
17 2.25432424142 0.000633193505413 934.032080429
18 2.25431862204 0.00025256833515 934.032466674
19 2.25431638046 0.000100735759701 934.032620748
20 2.25431548642 4.01786123377e-05 934.032682199
21 2.25431513031 1.60578725016e-05 934.032706676
22 2.2543149886 6.45892752782e-06 934.032716417
23 2.25431493053 2.52552139625e-06 934.032720408
24 2.25431490776 9.83482742958e-07 934.032721973
25 2.25431489928 4.09309809121e-07 934.032722556
26 2.25431489576 1.70502763936e-07 934.032722798
27 2.25431489427 6.97946784426e-08 934.0327229
28 2.25431489348 1.65144985011e-08 934.032722954
29 2.25431489292 -2.14904865609e-08 934.032722993
30 2.25431489277 -3.20591164639e-08 934.032723004
31 2.25431489285 -2.62756505738e-08 934.032722998
32 2.25431489281 -2.94131155148e-08 934.032723001
33 2.25431489287 -2.49527797323e-08 934.032722996
34 2.254314893 -1.66081009224e-08 934.032722988
35 2.25431489306 -1.24959081785e-08 934.032722984
36 2.25431489312 -8.38371543457e-09 934.03272298
37 2.25431489317 -4.46779307454e-09 934.032722976
38 2.25431489318 -4.32992688416e-09 934.032722975
39 2.25431489318 -4.19206069378e-09 934.032722975
40 2.25431489318 -4.0541945034e-09 934.032722975
41 2.25431489318 -3.91632831302e-09 934.032722975
42 2.25431489318 -3.77846212264e-09 934.032722975
43 2.25431489319 -3.64059593226e-09 934.032722975
44 2.25431489319 -3.50272974189e-09 934.032722975
45 2.25431489319 -3.36486355151e-09 934.032722975
46 2.25431489319 -3.22699736113e-09 934.032722974
47 2.25431489319 -3.08913117075e-09 934.032722974
48 2.2543148932 -2.95126498037e-09 934.032722974
49 2.2543148932 -2.81339878999e-09 934.032722974
50 2.2543148932 -2.67553259961e-09 934.032722974
51 2.2543148932 -2.53766640924e-09 934.032722974
52 2.25431489321 -2.39980021886e-09 934.032722974
53 2.25431489321 -2.26193402848e-09 934.032722973
54 2.25431489321 -2.1240678381e-09 934.032722973
55 2.25431489321 -1.98620164772e-09 934.032722973
56 2.25431489321 -1.84833545734e-09 934.032722973
57 2.25431489322 -1.71046926696e-09 934.032722973
58 2.25431489322 -1.57260307659e-09 934.032722973
59 2.25431489322 -1.43473688621e-09 934.032722973
60 2.25431489322 -1.29687069583e-09 934.032722972
61 2.25431489322 -1.15900450545e-09 934.032722972
62 2.25431489323 -1.02113831507e-09 934.032722972
63 2.25431489323 -8.83272124693e-10 934.032722972
64 2.25431489323 -7.45405934314e-10 934.032722972
65 2.25431489323 -6.07539743936e-10 934.032722972
66 2.25431489323 -4.69673553557e-10 934.032722972
67 2.25431489324 -3.31807363178e-10 934.032722971
68 2.25431489324 -1.939411728e-10 934.032722971
69 2.25431489324 -1.46867234307e-10 934.032722971
70 2.25431489324 -1.42245093543e-10 934.032722971
