Time S I R
0  922.675458714 1 0
1 557.544749375 302.780932945 63.3497763949 
2 13.4118444763 378.153367721 532.110246517 
3 1.92822803581 145.715975287 776.031255391 
4 0.926046048295 54.4731172298 868.276295436 
5 0.704382185901 20.2841032061 902.686973322 
6 0.636183317836 7.54552362782 915.493751769 
7 0.612538114188 2.80594024801 920.256980352 
8 0.603971679448 1.04331827973 922.028168755 
9 0.600817179227 0.387914990271 922.686726545 
10 0.599648523333 0.144227834855 922.931582356 
11 0.599214595309 0.0536239784679 923.022620141 
12 0.599053340987 0.0199373862808 923.056467987 
13 0.598993397849 0.00741273140798 923.069052585 
14 0.59897111273 0.00275610624834 923.073731495 
15 0.598962827139 0.00102473197319 923.075471155 
16 0.598959746345 0.000380956758057 923.076118011 
17 0.598958600894 0.000141597789177 923.076358516 
18 0.598958175291 5.26616287093e-05 923.076447877 
19 0.598958017244 1.96352091529e-05 923.076481062 
20 0.598957958336 7.32558188856e-06 923.07649343 
21 0.598957935958 2.64928053834e-06 923.076498129 
22 0.598957927986 9.83559052801e-07 923.076499803 
23 0.598957925134 3.87475842651e-07 923.076500402 
24 0.59895792399 1.4851172794e-07 923.076500642 
25 0.598957923553 5.71862258648e-08 923.076500734 
26 0.598957923317 7.86182293323e-09 923.076500783 
27 0.598957923162 -2.46349943007e-08 923.076500816 
28 0.598957923134 -3.03277931309e-08 923.076500822 
29 0.598957923158 -2.54064228826e-08 923.076500817 
30 0.598957923151 -2.68248178623e-08 923.076500818 
31 0.598957923179 -2.1108976104e-08 923.076500812 
32 0.598957923215 -1.34552549756e-08 923.076500805 
33 0.598957923232 -9.84446433577e-09 923.076500801 
34 0.59895792325 -6.23367369595e-09 923.076500797 
35 0.598957923262 -3.61695577974e-09 923.076500795 
36 0.598957923263 -3.50257306987e-09 923.076500795 
37 0.598957923263 -3.38819036001e-09 923.076500794 
38 0.598957923264 -3.27380765015e-09 923.076500794 
39 0.598957923264 -3.15942494029e-09 923.076500794 
40 0.598957923265 -3.04504223042e-09 923.076500794 
41 0.598957923265 -2.93065952056e-09 923.076500794 
42 0.598957923266 -2.8162768107e-09 923.076500794 
43 0.598957923267 -2.70189410084e-09 923.076500794 
44 0.598957923267 -2.58751139097e-09 923.076500794 
45 0.598957923268 -2.47312868111e-09 923.076500794 
46 0.598957923268 -2.35874597125e-09 923.076500793 
47 0.598957923269 -2.24436326139e-09 923.076500793 
48 0.598957923269 -2.12998055152e-09 923.076500793 
49 0.59895792327 -2.01559784166e-09 923.076500793 
50 0.59895792327 -1.9012151318e-09 923.076500793 
51 0.598957923271 -1.78683242194e-09 923.076500793 
52 0.598957923271 -1.67244971207e-09 923.076500793 
53 0.598957923272 -1.55806700221e-09 923.076500793 
54 0.598957923273 -1.44368429235e-09 923.076500793 
55 0.598957923273 -1.32930158249e-09 923.076500792 
56 0.598957923274 -1.21491887262e-09 923.076500792 
57 0.598957923274 -1.10053616276e-09 923.076500792 
58 0.598957923275 -9.861534529e-10 923.076500792 
59 0.598957923275 -8.71770743037e-10 923.076500792 
60 0.598957923276 -7.57388033175e-10 923.076500792 
61 0.598957923276 -6.43005323312e-10 923.076500792 
62 0.598957923277 -5.2862261345e-10 923.076500792 
63 0.598957923278 -4.14239903588e-10 923.076500792 
64 0.598957923278 -2.99857193725e-10 923.076500791 
65 0.598957923279 -1.85474483863e-10 923.076500791 
66 0.598957923279 -1.1419846791e-10 923.076500791 
67 0.598957923279 -1.10575034445e-10 923.076500791 
68 0.598957923279 -1.0695160098e-10 923.076500791 
69 0.598957923279 -1.03328167515e-10 923.076500791 
70 0.598957923279 -9.97047340497e-11 923.076500791 
