"Time" "S" "I" "R"
0 10000 1 0
1 9997.05645428 3.65109672805 0.292448988263
2 9986.32131253 13.3189437802 1.35974369087
3 9947.31936695 48.4336105994 5.24702244808
4 9807.56346735 174.133935918 19.3025967354
5 9330.51443839 601.649311882 68.8362497297
6 7938.01275727 1833.59384124 229.393401493
7 5210.06960052 4143.25439057 647.676008909
8 2446.82739981 6155.69976738 1398.47283282
9 954.583492357 6712.90034829 2333.51615936
10 370.644931827 6357.07135167 3273.2837165
11 155.444234268 5709.072107 4136.48365873
12 71.857071214 5026.16028902 4902.98263977
13 36.5401029416 4389.68354104 5574.77635602
14 20.2659188776 3820.37241002 6160.36167111
15 12.139079437 3319.32657357 6669.53434699
16 7.77821811638 2881.49991783 7111.72186405
17 5.28619198127 2500.22798481 7495.4858232
18 3.78099051019 2168.79737201 7828.42163748
19 2.82729675958 1880.97555031 8117.19715293
20 2.19731862083 1631.16815045 8367.63453093
21 1.76612093143 1414.42991639 8584.80396268
22 1.46075599246 1226.42571688 8773.11352713
23 1.23932837108 1063.37156976 8936.38910186
24 1.07466350783 921.969917865 9077.95541863
25 0.94972724873 799.354641827 9200.69563092
26 0.853234667151 693.035433733 9307.1113316
27 0.77756496873 600.850196732 9399.3722383
28 0.717446081228 520.922850003 9479.35970392
29 0.669060275011 451.623394075 9548.70754565
30 0.629771810769 391.540800736 9608.82942745
31 0.597579472736 339.449607766 9660.95281276
32 0.571005087739 294.287481158 9706.14151375
33 0.548924506184 255.1330615 9745.31801399
34 0.530474104986 221.187443355 9779.28208254
35 0.514979809421 191.75775372 9808.72726647
36 0.501914290535 166.24347348 9834.25461223
37 0.490856037281 144.123760288 9856.38538367
38 0.481466555288 124.94702022 9875.57151322
39 0.47347190787 108.321755138 9892.20477295
40 0.466648534359 93.9085235398 9906.62482793
41 0.460812674984 81.4130276058 9919.12615972
42 0.455812278078 70.5801072333 9929.96408049
43 0.45152126931 61.188605156 9939.35987357
44 0.447833937786 53.0467251198 9947.50544094
45 0.444661607808 45.9881897946 9954.5671486
46 0.441929626542 39.8688699141 9960.68920046
47 0.439574754433 34.5637906907 9965.99663455
48 0.437543382692 29.9646110499 9970.59784557
49 0.435789925066 25.9774111134 9974.58679896
50 0.434275473155 22.5207547934 9978.04496973
51 0.432966798951 19.5240488757 9981.04298433
52 0.431835460544 16.9260981074 9983.64206643
53 0.430857053339 14.6738375143 9985.89530543
54 0.430010631149 12.7212695725 9987.8487198
55 0.42927818608 11.0285202142 9989.5422016
56 0.428644212057 9.56101356293 9991.01034223
57 0.428095355579 8.28877935431 9992.28312529
58 0.427620102282 7.18583518219 9993.38654472
59 0.427208514755 6.22965258302 9994.3431389
60 0.426852016042 5.40070435841 9995.17244363
61 0.426543195914 4.68206030613 9995.8913965
62 0.426275649306 4.05904165381 9996.5146827
63 0.426043839889 3.51892524602 9997.05503091
64 0.42584297832 3.05067951366 9997.52347751
65 0.4256689208 2.64474037143 9997.92959071
66 0.425518082055 2.29281786881 9998.28166405
67 0.425387357931 1.98772391042 9998.58688873
68 0.425274060992 1.72322699499 9998.85149894
69 0.425175864506 1.49392568145 9999.08089845
70 0.42509075286 1.29513627947 9999.27977297
