"Time" "S" "I" "R"
0 10000 1 0
1 9997.09455665 3.61476022312 0.290683125666
2 9986.60356509 13.055447731 1.34098718179
3 9948.86217415 47.009218563 5.12860729046
4 9814.86936176 167.437843903 18.6927943325
5 9360.58879127 574.312310069 66.0988986578
6 8032.32437643 1749.49167732 219.183946257
7 5376.77570596 4003.52161184 620.702682196
8 2583.86910243 6063.38431486 1353.74658271
9 1022.15800519 6697.41343395 2281.42856087
10 399.123536401 6379.73510179 3222.1413618
11 167.683055758 5743.69605845 4089.62088579
12 77.5340953623 5062.23245379 4861.23345085
13 39.4145584621 4423.54578124 5538.0396603
14 21.8491652506 3850.92432719 6128.22650756
15 13.080258999 3346.40904541 6641.51069559
16 8.37679525489 2905.2976662 7087.32553855
17 5.69005973907 2521.04109969 7474.26884058
18 4.06810088003 2186.95062014 7809.98127898
19 3.0407963048 1896.78274584 8101.17645786
20 2.36240937716 1644.91795899 8353.71963163
21 1.89821545038 1426.38167787 8572.72010668
22 1.56960752203 1236.80947224 8762.62092024
23 1.33136565423 1072.39003059 8927.27860376
24 1.15423636142 929.80056772 9070.04519592
25 1.01985980463 806.15258185 9193.82755835
26 0.916092183232 698.935948607 9301.14795921
27 0.83472998304 605.971217895 9394.19405212
28 0.770096331191 525.367018143 9474.86288553
29 0.718083382269 455.479850517 9544.8020661
30 0.675854218171 394.887099839 9605.43704594
31 0.641254591075 342.35309584 9658.00564957
32 0.612695112413 296.806657384 9703.5806475
33 0.588966503197 257.318726319 9743.09230718
34 0.569140018206 223.083700963 9777.34715902
35 0.552490997774 193.402892191 9807.04461681
36 0.538452135888 167.670713674 9832.79083419
37 0.526570408487 145.361943517 9855.11148607
38 0.516482026789 126.021178728 9874.46233925
39 0.507892500103 109.253604249 9891.23850325
40 0.500561543999 94.7169107545 9905.7825277
41 0.494291682264 82.1143069325 9918.39140139
42 0.488919472034 71.1884618165 9929.32261871
43 0.484309458738 61.7163477364 9938.7993428
44 0.480348012063 53.504530736 9947.01512125
45 0.47693989292 46.38532806 9954.13773205
46 0.474004864789 40.2133795358 9960.3126156
47 0.471474976237 34.8626413067 9965.66588372
48 0.469292645657 30.2238562632 9970.30685109
49 0.46740888215 26.2022986447 9974.33029247
50 0.46578188501 22.7158358787 9977.81838224
51 0.464375961965 19.6932758189 9980.84234822
52 0.463160549651 17.0728959403 9983.46394351
53 0.462109431708 14.8011782256 9985.73671234
54 0.461200107768 12.831733452 9987.70706644
55 0.460413228015 11.1243427693 9989.415244
56 0.459732135765 9.64413506806 9990.8961328
57 0.459142486519 8.36088431787 9992.1799732
58 0.458631908456 7.24838283538 9993.29298526
59 0.4581897268 6.28390954277 9994.25790073
60 0.457806727971 5.44777022857 9995.09442304
61 0.457474950146 4.72288758755 9995.81963746
62 0.457187513022 4.09445727221 9996.44835521
63 0.456938469135 3.54964686244 9996.99341467
64 0.456722672823 3.07732889274 9997.46594843
65 0.456535672793 2.66785740147 9997.87560693
66 0.456373617368 2.31287087201 9998.23075551
67 0.456233171566 2.00511879307 9998.53864804
68 0.456111448484 1.73831622323 9998.80557233
69 0.45600594841 1.50701486516 9999.03697919
70 0.455914505897 1.30649041158 9999.23759508
