"Time" "S" "I" "R"
0 10000 1 0
1 9997.09455973 3.61475536977 0.290684904315
2 9986.60359333 13.0554126965 1.34099397784
3 9948.862343 47.0090298737 5.12862712152
4 9814.87019914 167.436957711 18.6928431499
5 9360.59234345 574.308663094 66.0989934568
6 8032.33587492 1749.48003769 219.184087388
7 5376.7971185 4003.49972811 620.70315339
8 2583.88821453 6063.36288572 1353.74889975
9 1022.16854726 6697.39683446 2281.43461828
10 399.128641318 6379.71966522 3222.15169346
11 167.685617993 5743.67942898 4089.63495303
12 77.5354883533 5062.21414241 4861.25036924
13 39.415380385 4423.52607156 5538.05854805
14 21.8496870956 3850.90371374 6128.24659917
15 13.0806120172 3346.38802305 6641.53136493
16 8.37704742294 2905.27666151 7087.34629107
17 5.69024848641 2521.02045524 7474.28929627
18 4.06824799019 2186.9305981 7810.00115391
19 3.04091500611 1896.76353811 8101.19554689
20 2.36250806572 1644.89969858 8353.73779336
21 1.89829964405 1426.36444981 8572.73725055
22 1.56968097831 1236.79332323 8762.63699579
23 1.3314309836 1072.37497731 8927.29359171
24 1.1542954334 929.786603702 9070.05910086
25 1.01991398848 806.139683216 9193.8404028
26 0.9161424997 698.924078735 9301.15977877
27 0.834777205559 605.960331129 9394.20489167
28 0.770141055973 525.357062835 9474.87279611
29 0.718126074666 455.470771431 9544.81110249
30 0.675895245873 394.878839972 9605.44526478
31 0.641294247896 342.345597873 9658.01310788
32 0.612733634716 296.799864764 9703.5874016
33 0.589004082909 257.31258406 9743.09841186
34 0.569176812287 223.078156239 9777.35266695
35 0.552527135089 193.397894714 9807.04957815
36 0.538487723226 167.666215979 9832.7952963
37 0.526605534338 145.357901076 9855.11549339
38 0.516516764823 126.017550013 9874.46593322
39 0.5079269119 109.25035073 9891.24172236
40 0.500595681138 94.7139968264 9905.78540749
41 0.494325588028 82.1116998245 9918.39397459
42 0.488953182828 71.1861314689 9929.32491535
43 0.484343005222 61.7142666563 9938.80139034
44 0.480381420079 53.5026738496 9947.01694473
45 0.476973184239 46.3836725458 9954.13935427
46 0.474038057806 40.2119046815 9960.31405726
47 0.471508086484 34.8613283491 9965.66716356
48 0.46932568623 30.2226882267 9970.30798609
49 0.467441864128 26.2012602101 9974.33129793
50 0.465814817737 22.714913238 9977.81927194
51 0.46440885333 19.6924565396 9980.84313461
52 0.463193406315 17.0721688532 9983.46463774
53 0.462142259286 14.8005333024 9985.73732444
54 0.461232910993 12.8311616981 9987.70760539
55 0.46044601088 11.123836133 9989.41571786
56 0.459764901629 9.6436863434 9990.89654875
57 0.459175238208 8.36048706174 9992.1803377
58 0.458664648342 7.248031297 9993.29330405
59 0.458222456877 6.28359858912 9994.25817895
60 0.457839449913 5.44749528235 9995.09466527
61 0.457507665356 4.72264457276 9995.81984776
62 0.45722022267 4.0942425589 9996.44853722
63 0.456971174206 3.54945722132 9996.9935716
64 0.456755374133 3.07716145362 9997.46608317
65 0.456568371023 2.66770961319 9997.87572202
66 0.456406313086 2.3127404696 9998.23085322
67 0.456265865241 2.00500376669 9998.53873037
68 0.456144140508 1.73821478946 9998.80564107
69 0.456038639102 1.50692544339 9999.03703592
70 0.455947195527 1.30641160122 9999.2376412
