"Time" "S" "I" "R"
0 10000 1 0
1 9997.13226639 3.57879844059 0.288935171073
2 9986.88020009 12.7972514392 1.32254847362
3 9950.35982498 45.6270002883 5.01317473246
4 9821.89994596 160.996661181 18.1033928624
5 9389.38875689 548.140455335 63.4707877792
6 8123.33913519 1668.28030172 209.380563084
7 5542.82220028 3863.73325068 594.444549036
8 2726.22754962 5965.49684587 1309.27560451
9 1094.25994766 6677.87294296 2228.86710938
10 429.854519803 6400.98240429 3170.16307591
11 180.939654189 5778.21966489 4041.84068092
12 83.6881235955 5098.70569263 4818.60618377
13 42.5295692566 4457.96441301 5500.50601774
14 23.5636267124 3882.05125588 6095.3851174
15 14.0985879441 3374.03272834 6612.86868371
16 9.02389233638 2929.58478329 7062.39132438
17 6.12628042041 2542.287967 7452.58575258
18 4.37803923897 2205.48395962 7791.13800114
19 3.27111008104 1912.92090743 8084.80798249
20 2.54039256929 1658.9547494 8339.50485803
21 2.04051858277 1438.58169642 8560.377785
22 1.68690904641 1247.40755616 8751.9055348
23 1.43046009404 1081.59299345 8917.97654646
24 1.23988689294 937.790084249 9061.97002886
25 1.09533199271 813.087237435 9186.81743057
26 0.983720367158 704.954022416 9295.06225722
27 0.896218848318 611.193227866 9388.91055329
28 0.826714000283 529.897803795 9470.2754822
29 0.770797808853 459.410768551 9540.81843364
30 0.725399430386 398.297295098 9601.97730547
31 0.688206323335 345.311406475 9655.0003872
32 0.657508406648 299.372854924 9700.96963667
33 0.63200474766 259.544716906 9740.82327835
34 0.610696175872 225.014527087 9775.37477674
35 0.592803787296 195.077672119 9805.32952409
36 0.577716723323 169.123351884 9831.29893139
37 0.564948302068 146.621886393 9853.81316531
38 0.554107428721 127.113977333 9873.33191524
39 0.544877445314 110.20141806 9890.25370449
40 0.537000046392 95.5389684256 9904.92403153
41 0.530262970748 82.8272889964 9917.64244803
42 0.524490544853 71.8068377481 9928.66867171
43 0.51953712969 62.2526636856 9938.22779918
44 0.515280632368 53.9696717106 9946.51504766
45 0.511618733512 46.7887434298 9953.69963784
46 0.508465160012 40.5632564613 9959.92827838
47 0.505746908033 35.1660817067 9965.32817139
48 0.503402113689 30.4870264324 9970.00957145
49 0.501378113317 26.4305403404 9974.06808155
50 0.499629999002 22.9137834588 9977.58658654
51 0.498119423888 19.864952447 9980.63692813
52 0.496813538317 17.2217858906 9983.28140057
53 0.495684178131 14.9303057659 9985.57401006
54 0.494707168946 12.9437231506 9987.56156968
55 0.493861715919 11.2214675595 9989.28467072
56 0.493129924915 9.72836817986 9990.7785019
57 0.492496383768 8.43393759485 9992.07356602
58 0.49194779812 7.31173924897 9993.19631295
59 0.491472699969 6.33885650213 9994.1696708
60 0.491061189659 5.49542409641 9995.01351471
61 0.490704712358 4.76421593171 9995.74507936
62 0.490395876359 4.13030004602 9996.37930408
63 0.490128291198 3.58073211585 9996.92913959
64 0.489896428184 3.10428786857 9997.4058157
65 0.489695505117 2.69123809464 9997.8190664
66 0.489521383357 2.33314811233 9998.1773305
67 0.489370479761 2.02270439804 9998.48792512
68 0.489239692777 1.75356769042 9998.75719262
69 0.489126336417 1.52024188146 9998.99063178
70 0.489028084137 1.31796164346 9999.19301027
