"Time" "S" "I" "R"
0 10000 1 0
1 9997.09455797 3.61475898448 0.290683045103
2 9986.60357476 13.0554387938 1.34098645064
3 9948.86222659 47.0091704887 5.12860292537
4 9814.86960859 167.437618927 18.692772484
5 9360.58980371 574.31139413 66.098802159
6 8032.327561 1749.48885056 219.183588442
7 5376.78141851 4003.51685226 620.701729234
8 2583.87388616 6063.38114356 1353.74497027
9 1022.16038503 6697.41297942 2281.42663555
10 399.124538389 6379.73604091 3222.1394207
11 167.683483463 5743.69745852 4089.61905802
12 77.5342917662 5062.23393109 4861.23177714
13 39.4146567129 4423.5471966 5538.03814669
14 21.8492186458 3850.92563405 6128.2251473
15 13.0802902947 3346.4102322 6641.50947751
16 8.37681486912 2905.29873487 7087.32445026
17 5.69007277799 2521.04205741 7474.26786981
18 4.06811001635 2186.95147588 7809.98041411
19 3.04080300208 1896.7835089 8101.17568809
20 2.3624144842 1644.91863842 8353.71894709
21 1.89821948198 1426.38228213 8572.71949839
22 1.56961080365 1236.81000914 8762.62038006
23 1.33136839499 1072.39050725 8927.27812435
24 1.15423870445 929.80099061 9070.04477069
25 1.01986184798 806.152956794 9193.82718136
26 0.916093996613 698.936280846 9301.14762516
27 0.834731617206 605.971512138 9394.19375624
28 0.770097823586 525.367278607 9474.86262357
29 0.718084761189 455.480080975 9544.80183426
30 0.6758555052 394.887303657 9605.43684084
31 0.641255802975 342.353276023 9658.00546817
32 0.612696262408 296.80681661 9703.58048713
33 0.588967601807 257.318866973 9743.09216543
34 0.569141073896 223.083825166 9777.34703376
35 0.552492017432 193.40300183 9807.04450615
36 0.538453125131 167.670810425 9832.79073645
37 0.526571371964 145.362028868 9855.11139976
38 0.516482968362 126.021253999 9874.46226303
39 0.50789342299 109.253670612 9891.23843597
40 0.500562450907 94.7169692457 9905.7824683
41 0.494292575473 82.1143584723 9918.39134895
42 0.488920353475 71.1885072191 9929.32257243
43 0.484310330052 61.7163877223 9938.79930195
44 0.480348874649 53.5045659427 9947.01508518
45 0.476940747978 46.3853590514 9954.1377002
46 0.474005713337 40.2134068103 9960.31258748
47 0.471475819155 34.8626653047 9965.66585888
48 0.469293483702 30.2238773737 9970.30682914
49 0.467409715975 26.2023172113 9974.33027307
50 0.465782715175 22.7158522044 9977.81836508
51 0.464376788954 19.6932901716 9980.84233304
52 0.463161373884 17.0729085558 9983.46393007
53 0.462110253551 14.8011893121 9985.73670043
54 0.461200927532 12.8317431932 9987.70705588
55 0.460414045972 11.1243513268 9989.41523463
56 0.459732952155 9.64414258435 9990.89612446
57 0.459143301547 8.36089091861 9992.17996578
58 0.458632722297 7.24838863109 9993.29297865
59 0.458190539608 6.28391463082 9994.25789483
60 0.457807539882 5.4477746947 9995.09441777
61 0.457475761277 4.72289150715 9995.81963273
62 0.457188323475 4.09446071166 9996.44835096
63 0.456939279 3.54964988013 9996.99341084
64 0.456723482172 3.07733154 9997.46594498
65 0.456536481695 2.66785972345 9997.87560379
66 0.456374425881 2.31287290842 9998.23075267
67 0.456233979741 2.00512057878 9998.53864544
68 0.456112256365 1.73831778891 9998.80556995
69 0.456006756032 1.50701623774 9999.03697701
70 0.455915313298 1.30649161473 9999.23759307
