"Time" "S" "I" "R"
0 10000 1 0
1 9997.09456148 3.61475175524 0.290686763537
2 9986.60361189 13.0553866006 1.34100150513
3 9948.86245942 47.0088892663 5.12865131818
4 9814.87078965 167.43629653 18.6929138184
5 9360.59488303 574.305932207 66.0991847662
6 8032.34418834 1749.47122528 219.184586378
7 5376.81281763 4003.48260471 620.704577659
8 2583.90254223 6063.34462837 1353.7528294
9 1022.17670918 6697.38068962 2281.4426012
10 399.132744129 6379.70328948 3222.16396639
11 167.687752479 5743.66139934 4089.65084818
12 77.5366849248 5062.19435364 4861.26896144
13 39.4161040524 4423.50494648 5538.07894947
14 21.8501555451 3850.88179341 6128.26805105
15 13.0809337412 3346.36581393 6641.55325233
16 8.37727997891 2905.25458821 7087.36813181
17 5.6904241972 2520.99885316 7474.31072264
18 4.06838596641 2186.90972044 7810.02189359
19 3.04102701246 1896.74356744 8101.21540555
20 2.36260164948 1644.88075889 8353.75663947
21 1.89837980827 1426.34661765 8572.75500254
22 1.56975115504 1236.77663749 8762.65361136
23 1.33149357418 1072.35944754 8927.30905889
24 1.15435216427 929.772216972 9070.07343086
25 1.01996613086 806.126409818 9193.85362405
26 0.916191004619 698.911876802 9301.17193219
27 0.834822795703 605.949150296 9394.21602691
28 0.770184290126 525.346847234 9474.88296848
29 0.718167389883 455.461462054 9544.82037056
30 0.675934988269 394.870376446 9605.45368857
31 0.641332694524 342.337919876 9658.02074743
32 0.612771008718 296.792913064 9703.59431593
33 0.589040565697 257.306301286 9743.10465815
34 0.569212552356 223.072487442 9777.35830001
35 0.552562254416 193.39278772 9807.05465003
36 0.53852232299 167.66162165 9832.79985603
37 0.526639698377 145.353773393 9855.11958691
38 0.516550562952 126.013846128 9874.46960331
39 0.507960402474 109.247030942 9891.24500866
40 0.500628913032 94.7110244941 9905.78834659
41 0.494358602249 82.1090412571 9918.39660014
42 0.488986013845 71.1837557931 9929.32725819
43 0.484375682052 61.7121456589 9938.80347866
44 0.480413967174 53.5007818197 9947.01880421
45 0.477005622166 46.381986098 9954.14100828
46 0.47407040394 40.2104026058 9960.31552699
47 0.471540355476 34.8599914422 9965.6684682
48 0.469357890423 30.2214991241 9970.30914299
49 0.467474013947 26.2002032495 9974.33232274
50 0.46584692197 22.7139743085 9977.82017877
51 0.464440919372 19.6916229414 9980.84393614
52 0.463225440413 17.0714291813 9983.46534538
53 0.462174266695 14.7998773205 9985.73794841
54 0.461264896128 12.8305802282 9987.70815488
55 0.46047797746 11.1233209621 9989.41620106
56 0.459796852776 9.6432301232 9990.89697302
57 0.45920717654 8.36008322365 9992.1807096
58 0.458696576061 7.24767397987 9993.29362944
59 0.458254375822 6.28328256274 9994.25846306
60 0.457871361617 5.44721588383 9995.09491275
61 0.457539571111 4.72239765084 9995.82006278
62 0.457252123544 4.09402441738 9996.44872346
63 0.457003071091 3.54926457263 9996.99373236
64 0.456787267769 3.07699137635 9997.46622136
65 0.456600262025 2.66755951112 9997.87584023
66 0.456438201963 2.31260803814 9998.23095376
67 0.456297752417 2.00488696121 9998.53881529
68 0.456176026326 1.73811179594 9998.80571218
69 0.456070523851 1.50683465436 9999.03709482
70 0.455979079436 1.30633159248 9999.23768933
