"Time" "S" "I" "R"
0 1000 1 0
1 1000 1 0
2 998 3 0
3 996 2 3
4 991 5 5
5 983 11 7
6 970 20 11
7 953 25 23
8 917 47 37
9 863 72 66
10 766 128 107
11 682 153 166
12 588 174 239
13 484 200 317
14 403 188 410
15 338 155 508
16 289 144 568
17 246 125 630
18 215 104 682
19 184 85 732
20 164 78 759
21 152 65 784
22 146 37 818
23 142 27 832
24 139 16 846
25 136 16 849
26 135 14 852
27 135 8 858
28 134 6 861
29 133 3 865
30 133 1 867
31 133 0 868
32 133 0 868
33 133 0 868
34 133 0 868
35 133 0 868
36 133 0 868
37 133 0 868
38 133 0 868
39 133 0 868
40 133 0 868
41 133 0 868
42 133 0 868
43 133 0 868
44 133 0 868
45 133 0 868
46 133 0 868
47 133 0 868
48 133 0 868
49 133 0 868
50 133 0 868
51 133 0 868
52 133 0 868
53 133 0 868
54 133 0 868
55 133 0 868
56 133 0 868
57 133 0 868
58 133 0 868
59 133 0 868
60 133 0 868
61 133 0 868
62 133 0 868
63 133 0 868
64 133 0 868
65 133 0 868
66 133 0 868
67 133 0 868
68 133 0 868
69 133 0 868
70 133 0 868
71 133 0 868
