"Time" "S" "I" "R"
0 1000 1 0
1 1000 1 0
2 999 2 0
3 998 2 1
4 995 5 1
5 991 6 4
6 990 3 8
7 988 4 9
8 985 6 10
9 980 8 13
10 975 10 16
11 969 11 21
12 962 13 26
13 956 13 32
14 937 25 39
15 925 27 49
16 901 35 65
17 875 42 84
18 835 61 105
19 784 80 137
20 753 74 174
21 718 73 210
22 677 82 242
23 648 73 280
24 623 70 308
25 591 69 341
26 569 58 374
27 548 54 399
28 527 55 419
29 512 47 442
30 494 46 461
31 478 46 477
32 467 38 496
33 459 32 510
34 448 28 525
35 445 21 535
36 441 21 539
37 437 11 553
38 435 8 558
39 434 5 562
40 432 6 563
41 429 4 568
42 428 4 569
43 427 3 571
44 425 3 573
45 424 1 576
46 424 1 576
47 424 0 577
48 424 0 577
49 424 0 577
50 424 0 577
51 424 0 577
52 424 0 577
53 424 0 577
54 424 0 577
55 424 0 577
56 424 0 577
57 424 0 577
58 424 0 577
59 424 0 577
60 424 0 577
61 424 0 577
62 424 0 577
63 424 0 577
64 424 0 577
65 424 0 577
66 424 0 577
67 424 0 577
68 424 0 577
69 424 0 577
70 424 0 577
71 424 0 577
