"Time" "S" "I" "R"
0 1000 1 0
1 1000 1 0
2 999 2 0
3 998 2 1
4 995 5 1
5 990 7 4
6 988 4 9
7 985 3 13
8 984 3 14
9 982 4 15
10 978 7 16
11 977 6 18
12 975 6 20
13 969 8 24
14 962 11 28
15 955 14 32
16 934 27 40
17 914 30 57
18 891 33 77
19 863 44 94
20 827 59 115
21 785 69 147
22 745 74 182
23 712 67 222
24 663 82 256
25 645 61 295
26 613 61 327
27 594 51 356
28 575 47 379
29 556 45 400
30 538 43 420
31 518 43 440
32 506 32 463
33 491 33 477
34 486 24 491
35 475 27 499
36 470 18 513
37 466 16 519
38 457 15 529
39 455 11 535
40 452 11 538
41 449 8 544
42 448 9 544
43 446 5 550
44 439 8 554
45 438 4 559
46 436 5 560
47 435 4 562
48 433 6 562
49 431 2 568
50 429 4 568
51 428 4 569
52 426 4 571
53 425 0 576
54 425 0 576
55 425 0 576
56 425 0 576
57 425 0 576
58 425 0 576
59 425 0 576
60 425 0 576
61 425 0 576
62 425 0 576
63 425 0 576
64 425 0 576
65 425 0 576
66 425 0 576
67 425 0 576
68 425 0 576
69 425 0 576
70 425 0 576
71 425 0 576
