"Time" "S" "I" "R"
0 1000 1 0
1 1000 1 0
2 998 3 0
3 996 2 3
4 991 5 5
5 983 11 7
6 969 21 11
7 953 25 23
8 919 44 38
9 866 72 63
10 773 126 102
11 682 158 161
12 585 182 234
13 481 202 318
14 401 184 416
15 334 155 512
16 288 140 573
17 243 123 635
18 210 104 687
19 181 78 742
20 165 66 770
21 158 50 793
22 153 31 817
23 152 20 829
24 151 8 842
25 151 6 844
26 150 4 847
27 150 3 848
28 150 0 851
29 150 0 851
30 150 0 851
31 150 0 851
32 150 0 851
33 150 0 851
34 150 0 851
35 150 0 851
36 150 0 851
37 150 0 851
38 150 0 851
39 150 0 851
40 150 0 851
41 150 0 851
42 150 0 851
43 150 0 851
44 150 0 851
45 150 0 851
46 150 0 851
47 150 0 851
48 150 0 851
49 150 0 851
50 150 0 851
51 150 0 851
52 150 0 851
53 150 0 851
54 150 0 851
55 150 0 851
56 150 0 851
57 150 0 851
58 150 0 851
59 150 0 851
60 150 0 851
61 150 0 851
62 150 0 851
63 150 0 851
64 150 0 851
65 150 0 851
66 150 0 851
67 150 0 851
68 150 0 851
69 150 0 851
70 150 0 851
71 150 0 851
