"Time" "S" "I" "R"
0 1000 1 0
1 1000 1 0
2 999 2 0
3 998 2 1
4 995 5 1
5 990 8 3
6 988 6 7
7 982 8 11
8 974 13 14
9 967 14 20
10 958 17 26
11 942 27 32
12 920 37 44
13 891 50 60
14 848 72 81
15 787 100 114
16 738 103 160
17 698 97 206
18 639 116 246
19 607 100 294
20 560 93 348
21 523 93 385
22 489 90 422
23 452 93 456
24 432 75 494
25 410 59 532
26 393 60 548
27 379 45 577
28 368 41 592
29 359 30 612
30 354 23 624
31 352 18 631
32 345 16 640
33 340 16 645
34 337 15 649
35 329 14 658
36 323 17 661
37 319 12 670
38 316 13 672
39 314 10 677
40 310 6 685
41 309 4 688
42 309 2 690
43 308 2 691
44 308 1 692
45 308 1 692
46 308 1 692
47 308 1 692
48 308 1 692
49 307 2 692
50 307 1 693
51 306 2 693
52 306 2 693
53 305 1 695
54 305 1 695
55 303 3 695
56 303 3 695
57 298 5 698
58 298 3 700
59 296 4 701
60 293 5 703
61 290 5 706
62 290 4 707
63 290 1 710
64 289 2 710
65 289 2 710
66 288 2 711
67 287 3 711
68 286 3 712
69 285 3 713
70 285 1 715
