"Time" "S" "I" "R"
0 1000 1 0
1 1000 1 0
2 999 2 0
3 998 2 1
4 995 5 1
5 991 6 4
6 990 3 8
7 988 4 9
8 985 6 10
9 980 8 13
10 975 10 16
11 969 11 21
12 962 13 26
13 956 13 32
14 936 27 38
15 921 32 48
16 895 39 67
17 870 45 86
18 829 66 106
19 781 81 139
20 743 80 178
21 712 71 218
22 664 87 250
23 645 65 291
24 611 68 322
25 591 58 352
26 573 50 378
27 554 48 399
28 536 47 418
29 516 46 439
30 504 35 462
31 489 36 476
32 484 27 490
33 474 28 499
34 469 20 512
35 466 16 519
36 458 14 529
37 455 10 536
38 453 10 538
39 451 7 543
40 449 8 544
41 449 1 551
42 449 0 552
43 449 0 552
44 449 0 552
45 449 0 552
46 449 0 552
47 449 0 552
48 449 0 552
49 449 0 552
50 449 0 552
51 449 0 552
52 449 0 552
53 449 0 552
54 449 0 552
55 449 0 552
56 449 0 552
57 449 0 552
58 449 0 552
59 449 0 552
60 449 0 552
61 449 0 552
62 449 0 552
63 449 0 552
64 449 0 552
65 449 0 552
66 449 0 552
67 449 0 552
68 449 0 552
69 449 0 552
70 449 0 552
71 449 0 552
