"Time" "S" "I" "R"
0 1000 1 0
1 1000 1 0
2 999 2 0
3 998 2 1
4 995 5 1
5 992 5 4
6 992 3 6
7 989 6 6
8 986 6 9
9 983 6 12
10 979 7 15
11 978 5 18
12 978 4 19
13 975 3 23
14 973 3 25
15 972 3 26
16 970 4 27
17 966 7 28
18 963 8 30
19 958 10 33
20 943 19 39
21 936 17 48
22 922 23 56
23 907 28 66
24 886 36 79
25 863 42 96
26 835 46 120
27 800 56 145
28 784 42 175
29 769 40 192
30 751 38 212
31 739 32 230
32 724 34 243
33 699 43 259
34 679 45 277
35 669 37 295
36 656 38 307
37 648 31 322
38 630 30 341
39 624 21 356
40 618 15 368
41 608 18 375
42 603 13 385
43 599 15 387
44 595 15 391
45 588 12 401
46 585 12 404
47 581 14 406
48 578 9 414
49 574 10 417
50 569 12 420
51 566 7 428
52 566 2 433
53 564 3 434
54 564 3 434
55 562 4 435
56 559 5 437
57 558 4 439
58 557 4 440
59 557 2 442
60 557 0 444
61 557 0 444
62 557 0 444
63 557 0 444
64 557 0 444
65 557 0 444
66 557 0 444
67 557 0 444
68 557 0 444
69 557 0 444
70 557 0 444
71 557 0 444
