"Time" "S" "I" "R"
0 1000 1 0
1 1000 1 0
2 999 2 0
3 998 2 1
4 995 5 1
5 990 7 4
6 984 9 8
7 976 13 12
8 970 14 17
9 955 21 25
10 928 38 35
11 898 47 56
12 846 74 81
13 769 114 118
14 711 118 172
15 630 140 231
16 560 150 291
17 491 155 355
18 427 153 421
19 379 141 481
20 327 154 520
21 296 122 583
22 259 119 623
23 223 109 669
24 203 87 711
25 182 59 760
26 173 44 784
27 167 35 799
28 164 21 816
29 163 14 824
30 163 6 832
31 163 4 834
32 163 1 837
33 163 1 837
34 163 1 837
35 163 1 837
36 163 1 837
37 163 1 837
38 163 1 837
39 163 1 837
40 163 1 837
41 163 0 838
42 163 0 838
43 163 0 838
44 163 0 838
45 163 0 838
46 163 0 838
47 163 0 838
48 163 0 838
49 163 0 838
50 163 0 838
51 163 0 838
52 163 0 838
53 163 0 838
54 163 0 838
55 163 0 838
56 163 0 838
57 163 0 838
58 163 0 838
59 163 0 838
60 163 0 838
61 163 0 838
62 163 0 838
63 163 0 838
64 163 0 838
65 163 0 838
66 163 0 838
67 163 0 838
68 163 0 838
69 163 0 838
70 163 0 838
71 163 0 838
