"Time" "S" "I" "R"
0 1000 1 0
1 1000 1 0
2 999 2 0
3 998 2 1
4 995 5 1
5 990 7 4
6 984 10 7
7 980 8 13
8 975 9 17
9 969 10 22
10 962 11 28
11 954 14 33
12 933 27 41
13 912 31 58
14 886 37 78
15 855 49 97
16 786 92 123
17 739 101 161
18 689 107 205
19 626 114 261
20 572 115 314
21 514 123 364
22 464 114 423
23 423 111 467
24 397 100 504
25 365 75 561
26 347 66 588
27 331 56 614
28 314 53 634
29 301 35 665
30 295 23 683
31 290 18 693
32 284 18 699
33 275 14 712
34 272 9 720
35 268 11 722
36 267 7 727
37 265 5 731
38 264 3 734
39 264 2 735
40 264 1 736
41 264 1 736
42 264 1 736
43 264 0 737
44 264 0 737
45 264 0 737
46 264 0 737
47 264 0 737
48 264 0 737
49 264 0 737
50 264 0 737
51 264 0 737
52 264 0 737
53 264 0 737
54 264 0 737
55 264 0 737
56 264 0 737
57 264 0 737
58 264 0 737
59 264 0 737
60 264 0 737
61 264 0 737
62 264 0 737
63 264 0 737
64 264 0 737
65 264 0 737
66 264 0 737
67 264 0 737
68 264 0 737
69 264 0 737
70 264 0 737
71 264 0 737
