"Time" "S" "I" "R"
0 1000 1 0
1 1000 1 0
2 998 3 0
3 996 2 3
4 992 4 5
5 988 7 6
6 978 15 8
7 969 16 16
8 955 22 24
9 925 41 35
10 871 71 59
11 792 113 96
12 694 152 155
13 595 174 232
14 505 182 314
15 412 192 397
16 356 175 470
17 304 137 560
18 259 136 606
19 216 124 661
20 186 103 712
21 169 67 765
22 163 43 795
23 156 35 810
24 153 19 829
25 152 13 836
26 150 8 843
27 150 7 844
28 149 2 850
29 149 2 850
30 148 2 851
31 148 2 851
32 148 2 851
33 148 1 852
34 148 0 853
35 148 0 853
36 148 0 853
37 148 0 853
38 148 0 853
39 148 0 853
40 148 0 853
41 148 0 853
42 148 0 853
43 148 0 853
44 148 0 853
45 148 0 853
46 148 0 853
47 148 0 853
48 148 0 853
49 148 0 853
50 148 0 853
51 148 0 853
52 148 0 853
53 148 0 853
54 148 0 853
55 148 0 853
56 148 0 853
57 148 0 853
58 148 0 853
59 148 0 853
60 148 0 853
61 148 0 853
62 148 0 853
63 148 0 853
64 148 0 853
65 148 0 853
66 148 0 853
67 148 0 853
68 148 0 853
69 148 0 853
70 148 0 853
71 148 0 853
