"Time" "S" "I" "R"
0 1000 1 0
1 1000 1 0
2 999 2 0
3 998 2 1
4 995 5 1
5 990 7 4
6 988 4 9
7 985 3 13
8 984 3 14
9 982 4 15
10 978 7 16
11 977 6 18
12 975 6 20
13 969 8 24
14 962 11 28
15 955 14 32
16 934 27 40
17 914 30 57
18 891 33 77
19 863 44 94
20 825 61 115
21 781 72 148
22 741 76 184
23 709 66 226
24 659 84 258
25 640 63 298
26 604 68 329
27 574 69 358
28 545 71 385
29 512 68 421
30 489 62 450
31 463 61 477
32 451 43 507
33 437 38 526
34 428 40 533
35 413 31 557
36 397 37 567
37 392 25 584
38 385 21 595
39 383 11 607
40 381 8 612
41 378 5 618
42 378 3 620
43 377 4 620
44 375 5 621
45 372 7 622
46 372 3 626
47 370 4 627
48 370 3 628
49 369 3 629
50 366 4 631
51 365 3 633
52 364 2 635
53 364 2 635
54 363 3 635
55 361 3 637
56 358 3 640
57 357 1 643
58 357 0 644
59 357 0 644
60 357 0 644
61 357 0 644
62 357 0 644
63 357 0 644
64 357 0 644
65 357 0 644
66 357 0 644
67 357 0 644
68 357 0 644
69 357 0 644
70 357 0 644
71 357 0 644
