"Time" "S" "I" "R"
0 1000 1 0
1 1000 1 0
2 998 3 0
3 996 2 3
4 991 5 5
5 983 11 7
6 970 20 11
7 953 25 23
8 915 50 36
9 859 77 65
10 754 141 106
11 661 172 168
12 549 204 248
13 435 222 344
14 358 196 447
15 307 144 550
16 259 138 604
17 216 121 664
18 188 95 718
19 173 57 771
20 168 37 796
21 163 31 807
22 158 21 822
23 157 16 828
24 157 7 837
25 157 6 838
26 155 3 843
27 155 1 845
28 155 1 845
29 155 0 846
30 155 0 846
31 155 0 846
32 155 0 846
33 155 0 846
34 155 0 846
35 155 0 846
36 155 0 846
37 155 0 846
38 155 0 846
39 155 0 846
40 155 0 846
41 155 0 846
42 155 0 846
43 155 0 846
44 155 0 846
45 155 0 846
46 155 0 846
47 155 0 846
48 155 0 846
49 155 0 846
50 155 0 846
51 155 0 846
52 155 0 846
53 155 0 846
54 155 0 846
55 155 0 846
56 155 0 846
57 155 0 846
58 155 0 846
59 155 0 846
60 155 0 846
61 155 0 846
62 155 0 846
63 155 0 846
64 155 0 846
65 155 0 846
66 155 0 846
67 155 0 846
68 155 0 846
69 155 0 846
70 155 0 846
71 155 0 846
