"Time" "S" "I" "R"
0 1000 1 0
1 1000 1 0
2 999 2 0
3 998 2 1
4 995 5 1
5 990 8 3
6 988 6 7
7 982 8 11
8 974 13 14
9 967 14 20
10 958 17 26
11 942 26 33
12 922 33 46
13 896 45 60
14 854 65 82
15 807 82 112
16 749 98 154
17 704 98 199
18 642 117 242
19 614 93 294
20 570 86 345
21 530 92 379
22 493 90 418
23 458 90 453
24 438 70 493
25 419 52 530
26 398 58 545
27 382 42 577
28 372 36 593
29 365 23 613
30 359 17 625
31 356 15 630
32 352 12 637
33 347 10 644
34 346 9 646
35 343 11 647
36 341 10 650
37 336 12 653
38 332 13 656
39 327 8 666
40 322 10 669
41 321 7 673
42 318 8 675
43 317 6 678
44 313 3 685
45 313 2 686
46 312 2 687
47 312 1 688
48 312 0 689
49 312 0 689
50 312 0 689
51 312 0 689
52 312 0 689
53 312 0 689
54 312 0 689
55 312 0 689
56 312 0 689
57 312 0 689
58 312 0 689
59 312 0 689
60 312 0 689
61 312 0 689
62 312 0 689
63 312 0 689
64 312 0 689
65 312 0 689
66 312 0 689
67 312 0 689
68 312 0 689
69 312 0 689
70 312 0 689
71 312 0 689
