Time S I R
0.0  10000 1 0
1 9998.24208962 1.59610834894 1.1618020318 
2 9995.43734823 2.54677462282 3.01587714963 
3 9990.96478907 4.06167060924 5.97354031766 
4 9983.83876055 6.47258382997 10.6886556218 
5 9972.50048519 10.301663043 18.197851765 
6 9954.49910829 16.3633995215 30.1374921914 
7 9926.01695648 25.9102275799 49.0728159441 
8 9881.19556937 40.8234352185 78.9809954108 
9 9811.25881939 63.8210876025 125.920093007 
10 9703.56378422 98.5766185438 198.859597235 
11 9541.03261452 149.481768611 310.485616865 
12 9302.99846296 220.55467536 477.446861681 
13 8969.11423948 312.90263271 718.983127806 
14 8527.6145948 420.828003061 1052.55740214 
15 7986.18499406 528.768825576 1486.04618037 
16 7378.36756462 613.458452163 2009.17398321 
17 6757.17356565 653.456597127 2590.36983722 
18 6176.82607876 640.367754047 3183.80616719 
19 5675.07857132 582.250393423 3743.67103526 
20 5267.02067607 497.192134451 4236.78718948 
21 4949.73602735 403.89198561 4647.37198704 
22 4710.65120043 315.806720458 4974.54207912 
23 4534.28050515 240.001927315 5226.71756753 
24 4406.00678742 178.62965752 5416.36355506 
25 4313.59123317 130.959845228 5556.44892161 
26 4247.42970266 94.9765578603 5658.59373948 
27 4200.26514414 68.3490650364 5732.38579082 
28 4166.74026121 48.9165031756 5785.34323562 
29 4142.95782539 34.8721799294 5823.16999468 
30 4126.10980532 24.7912100105 5850.09898467 
31 4114.18566078 17.5898964651 5869.22444275 
32 4105.75201351 12.4630935936 5882.7848929 
33 4099.7898537 8.82187759047 5892.38826871 
34 4095.57630027 6.24014651513 5899.18355322 
35 4092.59919293 4.411796053 5903.98901102 
36 4090.49603614 3.1180642253 5907.38589964 
37 4089.01044402 2.20316863209 5909.78638734 
38 4087.96117146 1.55645227311 5911.48237627 
39 4087.22010917 1.09943814004 5912.68045269 
40 4086.69674373 0.776547140286 5913.52670913 
41 4086.32713657 0.548452201517 5914.12441122 
42 4086.06611937 0.387338588512 5914.54654205 
43 4085.88179196 0.27354571249 5914.84466233 
44 4085.75162266 0.193178756808 5915.05519859 
45 4085.65970009 0.136421418386 5915.20387849 
46 4085.59478655 0.0963387147117 5915.30887473 
47 4085.54894641 0.0680324117758 5915.38302118 
48 4085.51657546 0.0480428439218 5915.43538169 
49 4085.49371606 0.0339265491349 5915.4723574 
50 4085.47757349 0.0239579619371 5915.49846854 
51 4085.46617411 0.0169183856678 5915.51690751 
52 4085.45812424 0.0119472396029 5915.52992852 
53 4085.45243968 0.00843676163218 5915.53912356 
54 4085.44842539 0.00595773932718 5915.54561688 
55 4085.44559075 0.00420720929711 5915.55020204 
56 4085.44358906 0.00297106324839 5915.55343988 
57 4085.44217541 0.00209806205158 5915.55572653 
58 4085.44117715 0.00148158654021 5915.55734126 
59 4085.44047222 0.00104625449101 5915.55848153 
60 4085.43997442 0.000738840382946 5915.55928674 
61 4085.43962286 0.000521729136911 5915.55985542 
62 4085.4393746 0.000368420319633 5915.56025698 
63 4085.4391993 0.000260163070253 5915.56054053 
64 4085.4390755 0.000183710010615 5915.56074079 
65 4085.4389881 0.000129731353836 5915.56088217 
66 4085.43892638 9.16183651083e-05 5915.560982 
67 4085.4388827 6.46447667559e-05 5915.56105265 
68 4085.43885192 4.56342141104e-05 5915.56110245 
69 4085.43883024 3.22457320385e-05 5915.56113752 
70 4085.43881488 2.27609752011e-05 5915.56116236 
