Time S I R
0.0  10000 1 0
1 9999.27412715 1.2732586766 0.4526141776 
2 9998.35000528 1.62110169819 1.0288930202 
3 9997.17358153 2.06383504423 1.76258342778 
4 9995.67613768 2.62725566759 2.69660665644 
5 9993.77032131 3.34412605966 3.88555263075 
6 9991.34517903 4.25601235421 5.39880862023 
7 9988.25985176 5.41560588518 7.3245423597 
8 9984.33573744 6.88959094706 9.77467161677 
9 9979.34651446 8.76226358572 12.8912219528 
10 9973.00589926 11.1399232459 16.8541774896 
11 9964.95241784 14.1562543422 21.8913278218 
12 9954.73067962 17.9788129736 28.2905074068 
13 9941.76871813 22.816659726 36.4146221444 
14 9925.35087897 28.9291406693 46.7199803576 
15 9904.58607725 36.6355850393 59.7783377144 
16 9878.37172889 46.3253682854 76.3029028288 
17 9845.35445721 58.4672515426 97.1782912447 
18 9803.8901568 73.6160846651 123.493758536 
19 9752.00807796 92.413814512 156.578107531 
20 9687.38670382 115.580179 198.033117184 
21 9607.35315446 143.886694344 249.760151191 
22 9508.92242841 178.105876751 313.971694842 
23 9388.89692142 218.926952948 393.176125636 
24 9244.04796357 266.831165539 490.120870894 
25 9071.39680811 321.925900922 607.677290971 
26 8868.59788674 383.749490475 748.652622789 
27 8634.39953656 451.077723301 915.52274014 
28 8369.11858766 521.785082615 1110.09632972 
29 8075.02562491 592.828551859 1333.14582324 
30 7756.51816235 660.415054446 1584.0667832 
31 7419.97756561 720.376333598 1860.6461008 
32 7073.2768616 768.70741217 2159.01572623 
33 6725.00886807 802.154523722 2473.83660821 
34 6383.59603667 818.70147178 2798.70249155 
35 6056.47710688 817.827203177 3126.69568994 
36 5749.53064813 800.479804268 3450.98954761 
37 5466.80900203 768.802793415 3765.38820455 
38 5210.56237968 725.714117137 4064.72350318 
39 4981.47161386 674.45463071 4345.07375543 
40 4778.98918014 618.198764638 4603.81205523 
41 4601.7025824 559.777268076 4839.52014953 
42 4447.66171804 501.521930785 5051.81635118 
43 4314.64367543 445.214867326 5241.14145724 
44 4200.34681122 392.110548933 5408.54263985 
45 4102.52367112 343.00192752 5555.47440136 
46 4019.06305266 298.306763709 5683.63018363 
47 3948.03437388 258.155316178 5794.81030995 
48 3887.70643304 222.470474444 5890.82309251 
49 3836.54867731 191.035220126 5973.41610257 
50 3793.22250563 163.546324358 6044.23117001 
51 3756.56646672 139.654893154 6104.77864012 
52 3725.57924371 118.995646406 6156.42510988 
53 3699.4016379 101.207160539 6200.39120157 
54 3677.29912657 85.9449169115 6237.75595651 
55 3658.64557594 72.889088108 6269.46533595 
56 3642.90849492 61.7485415983 6296.34296348 
57 3629.63583707 52.2621864639 6319.10197647 
58 3618.44441138 44.1985814613 6338.35700716 
59 3609.0097745 37.35444933 6354.63577617 
60 3601.0574823 31.5525621284 6368.38995557 
61 3594.35556309 26.6393237848 6380.00511313 
62 3588.70806728 22.4822658113 6389.80966691 
63 3583.94955881 18.9675965404 6398.08284465 
64 3579.9404109 15.9978965187 6405.06169258 
65 3576.56287723 13.4899647677 6410.94715801 
66 3573.71757935 11.3729198053 6415.90950084 
67 3571.32076869 9.58650490219 6420.09272641 
68 3569.30183449 8.0795538812 6423.61861163 
69 3567.60125216 6.80867613964 6426.5900717 
70 3566.16886512 5.73712685461 6429.09400803 
