Time S I R
0.0  10000 1 0
1 9997.5187081 2.96362222481 0.517669675148 
2 9990.17098862 8.77763972073 2.051371657 
3 9968.45999581 25.9502600634 6.5897441242 
4 9904.71979285 76.30915128 19.9710558677 
5 9721.06503267 220.921251498 59.0137158336 
6 9219.21546048 612.200053829 169.58448569 
7 8024.49203257 1517.4001309 459.107836525 
8 5911.66892138 2992.79456356 1096.53651506 
9 3556.71538279 4287.85141455 2156.43320266 
10 1905.5623415 4637.20207163 3458.23558688 
11 1030.85424597 4230.27364449 4739.87210954 
12 603.910937537 3541.7715038 5855.31755866 
13 389.87444797 2842.95325142 6768.17230061 
14 275.504356831 2233.01028683 7492.48535634 
15 210.100687954 1733.06745716 8057.83185489 
16 170.377464375 1335.62145562 8495.00108 
17 145.019687832 1024.82595618 8831.15435599 
18 128.175675793 784.114497013 9088.70982719 
19 116.63236871 598.789723906 9285.57790738 
20 108.527701845 456.657437532 9435.81486062 
21 102.730169693 347.933779908 9550.3360504 
22 98.5231475349 264.915398697 9637.56145377 
23 95.4366135003 201.605439921 9703.95794658 
24 93.1530343316 153.369321084 9754.47764458 
25 91.4527230105 116.642494882 9792.90478211 
26 90.1805196879 88.6925416728 9822.12693864 
27 89.2250994605 67.4297350451 9844.34516549 
28 88.5055503106 51.2585398825 9861.23590981 
29 87.9624756574 38.962218884 9874.07530546 
30 87.5519222726 29.6137110805 9883.83436665 
31 87.24116641 22.507158606 9891.25167498 
32 87.0057264657 17.1053632594 9896.88891027 
33 86.8272204812 12.9996504263 9901.17312909 
34 86.6918065289 9.87919577671 9904.42899769 
35 86.5890397126 7.50765901767 9906.90330127 
36 86.5110243836 5.70534720915 9908.78362841 
37 86.4517850074 4.33566444851 9910.21255054 
38 86.4067944906 3.29477739269 9911.29842812 
39 86.3726208479 2.50376833171 9912.12361082 
40 86.3466607019 1.90265677715 9912.75068252 
41 86.3269383914 1.44585730055 9913.22720431 
42 86.3119541375 1.09872581817 9913.58932004 
43 86.300569158 0.834934588166 9913.86449625 
44 86.2919185928 0.634475759372 9914.07360565 
45 86.2853455171 0.482144404682 9914.23251008 
46 86.2803509074 0.366385984211 9914.35326311 
47 86.2765556534 0.278419956972 9914.44502439 
48 86.2736717174 0.211573672612 9914.51475461 
49 86.2714802498 0.160776442423 9914.56774331 
50 86.2698149787 0.122175310225 9914.60800971 
51 86.2685495458 0.0928419423015 9914.63860851 
52 86.2675879473 0.0705513065955 9914.66186075 
53 86.2668572279 0.0536124649268 9914.67953031 
54 86.2663019531 0.0407405114835 9914.69295754 
55 86.2658799984 0.030959023757 9914.70316098 
56 86.2655593529 0.0235259901795 9914.71091466 
57 86.2653156931 0.0178775765282 9914.71680673 
58 86.2651305344 0.0135853018045 9914.72128416 
59 86.2649898313 0.0103235701856 9914.7246866 
60 86.2648829101 0.00784495647383 9914.72727213 
61 86.2648016592 0.00596142087915 9914.72923692 
62 86.264739917 0.00453012790329 9914.73072996 
63 86.264693001 0.00344253390809 9914.73186447 
64 86.2646573486 0.00261604827351 9914.7327266 
65 86.2646302543 0.00198795302397 9914.73338179 
66 86.2646096655 0.0015106683447 9914.73387967 
67 86.2645940198 0.00114797257112 9914.73425801 
68 86.2645821309 0.000872366915191 9914.7345455 
69 86.2645730956 0.000662913767587 9914.73476399 
70 86.2645662293 0.000503740772321 9914.73493003 
