Time S I R
0.0  10000 1 0
1 9996.7157425 2.84095093648 1.44330656646 
2 9987.39624433 8.06229980259 5.5414558669 
3 9961.03610744 22.8101095925 17.1537829673 
4 9887.15099651 63.9823763611 49.8666271313 
5 9685.21347209 175.248661341 140.537866566 
6 9169.1066289 450.743395504 381.149975592 
7 8046.24749248 999.610724946 955.14178257 
8 6258.00518255 1683.47083737 2059.52398008 
9 4402.12083336 1993.68997971 3605.18918692 
10 3085.65951552 1748.90851907 5166.43196542 
11 2327.59076582 1268.19626622 6405.21296795 
12 1918.0746187 827.441661931 7255.48371937 
13 1696.72366524 510.001065981 7794.27526878 
14 1575.07116432 304.753356589 8121.17547909 
15 1507.15937226 179.009332846 8314.83129489 
16 1468.82562956 104.140908581 8428.03346186 
17 1447.03395127 60.2557626488 8493.71028608 
18 1434.59255948 34.7557359002 8531.65170462 
19 1427.47131617 20.0116487655 8553.51703507 
20 1423.38917912 11.5105834932 8566.10023739 
21 1421.04713522 6.61696070045 8573.33590408 
22 1419.70276147 3.80254441037 8577.49469412 
23 1418.93084506 2.1847742408 8579.8843807 
24 1418.48755 1.25513578466 8581.25731421 
25 1418.23295126 0.721020201458 8582.04602854 
26 1418.08671881 0.414179198794 8582.49910199 
27 1418.0027255 0.23791406704 8582.75936044 
28 1417.95448027 0.136661528469 8582.9088582 
29 1417.92676833 0.0785000156995 8582.99473165 
30 1417.91085055 0.04509118571 8583.04405827 
31 1417.9017073 0.0259007561552 8583.07239194 
32 1417.89645538 0.0148775903008 8583.08866703 
33 1417.89343864 0.0085457945085 8583.09801557 
34 1417.89170579 0.00490872587252 8583.10338549 
35 1417.89071049 0.00281970819273 8583.1064698 
36 1417.89013874 0.0016196607981 8583.1082416 
37 1417.88981033 0.000930349908867 8583.10925932 
38 1417.88962164 0.000534305132887 8583.10984406 
39 1417.88951329 0.000306892721918 8583.11017982 
40 1417.88945106 0.000176283719642 8583.11037265 
41 1417.88941531 0.000101238996079 8583.11048345 
42 1417.88939482 5.82316389255e-05 8583.11054695 
43 1417.88938302 3.34751875646e-05 8583.1105835 
44 1417.88937624 1.92476553908e-05 8583.11060451 
45 1417.88937236 1.11029892824e-05 8583.11061653 
46 1417.88937012 6.40512429337e-06 8583.11062347 
47 1417.88936881 3.64541650652e-06 8583.11062754 
48 1417.88936806 2.06654515375e-06 8583.11062988 
49 1417.88936763 1.15989206625e-06 8583.11063121 
50 1417.88936739 6.69273692252e-07 8583.11063194 
51 1417.88936726 3.97749584638e-07 8583.11063234 
52 1417.88936719 2.35856989635e-07 8583.11063258 
53 1417.88936714 1.37955787984e-07 8583.11063272 
54 1417.88936711 8.03626949316e-08 8583.11063281 
55 1417.8893671 4.70292102639e-08 8583.11063286 
56 1417.88936708 1.66776824212e-08 8583.1106329 
57 1417.88936707 -8.75297483494e-09 8583.11063294 
58 1417.88936706 -2.48963315939e-08 8583.11063296 
59 1417.88936706 -3.17523878558e-08 8583.11063297 
60 1417.88936706 -2.93211436207e-08 8583.11063297 
61 1417.88936706 -2.4933504556e-08 8583.11063296 
62 1417.88936706 -2.78903508457e-08 8583.11063297 
63 1417.88936706 -2.83226985557e-08 8583.11063297 
64 1417.88936706 -2.62305476861e-08 8583.11063297 
65 1417.88936706 -2.1613898237e-08 8583.11063296 
66 1417.88936707 -1.60860863911e-08 8583.11063295 
67 1417.88936707 -1.38132070867e-08 8583.11063295 
68 1417.88936707 -1.15403277823e-08 8583.11063294 
69 1417.88936707 -9.26744847793e-09 8583.11063294 
70 1417.88936707 -6.99456917355e-09 8583.11063294 
