Time S I R
0.0  10000 1 0
1 9998.57680306 1.52338279725 0.899814145206 
2 9996.40933682 2.32022563655 2.2704375447 
3 9993.10953804 3.532786151 4.35767580913 
4 9988.08850492 5.37651710047 7.53497797715 
5 9980.45463827 8.17662304148 12.3687386892 
6 9968.8624713 12.421560255 19.7159684449 
7 9951.29239586 18.8392435497 30.8683605868 
8 9924.73677596 28.5015804977 47.7616435452 
9 9884.77090292 42.9578790192 73.2712180652 
10 9825.00610063 64.3826788624 111.611220507 
11 9736.48100647 95.6868928463 168.832100683 
12 9607.18085746 140.468147554 253.350994982 
13 9422.11879375 202.561343374 376.319862876 
14 9164.73613073 284.843334499 551.420534767 
15 8820.5276227 387.035741012 793.436636285 
16 8383.16127933 502.885205261 1114.95351541 
17 7861.34345076 618.401263754 1521.25528549 
18 7282.10802436 713.76549878 2005.12647686 
19 6686.28957065 769.925630216 2544.78479914 
20 6116.93744751 776.631700785 3107.4308517 
21 5607.29567748 736.301497869 3657.40282465 
22 5174.90271369 661.364901282 4164.73238503 
23 4822.82048179 567.986822657 4610.19269555 
24 4544.58557088 470.551145649 4985.86328347 
25 4329.28214644 379.015489547 5292.70236401 
26 4165.06358474 298.759423182 5537.17699207 
27 4041.03189335 231.666621787 5728.30148486 
28 3947.97442173 177.436815418 5875.58876285 
29 3878.47239373 134.651352706 5987.87625357 
30 3826.72494464 101.481070369 6072.79398499 
31 3788.28011491 76.0910299536 6136.62885514 
32 3759.76172702 56.8367905284 6184.40148245 
33 3738.6296288 42.3350834424 6220.03528776 
34 3722.98286357 31.4676188335 6246.5495176 
35 3711.40403348 23.3536940339 6266.24227249 
36 3702.83899 17.3121222328 6280.84888777 
37 3696.50515615 12.8226511607 6291.67219268 
38 3691.82230781 9.4914659937 6299.68622619 
39 3688.36064071 7.02244120801 6305.61691808 
40 3685.80198404 5.19390857151 6310.00410738 
41 3683.91094192 3.840526274 6313.24853181 
42 3682.51339545 2.83926024176 6315.64734431 
43 3681.48062186 2.09874858233 6317.42062956 
44 3680.71743053 1.55121128797 6318.73135818 
45 3680.15346988 1.14643359251 6319.70009653 
46 3679.73673822 0.847232782182 6320.416029 
47 3679.42880225 0.626091961168 6320.94510579 
48 3679.20126312 0.462658793567 6321.33607809 
49 3679.03313076 0.341879834485 6321.6249894 
50 3678.90889614 0.252626611042 6321.83847725 
51 3678.81709821 0.186672067058 6321.99622973 
52 3678.74926823 0.137935381717 6322.11279639 
53 3678.69914836 0.101922243415 6322.1989294 
54 3678.66211467 0.0753113015344 6322.26257403 
55 3678.63475043 0.0556480290706 6322.30960154 
56 3678.61453098 0.0411186046957 6322.34435041 
57 3678.59959082 0.0303826760881 6322.37002651 
58 3678.58855151 0.0224498236436 6322.38899866 
59 3678.58039458 0.0165882040711 6322.40301722 
60 3678.57436742 0.0122570381629 6322.41337554 
61 3678.56991396 0.00905673233251 6322.42102931 
62 3678.5666233 0.00669201996482 6322.42668468 
63 3678.56419183 0.00494473169992 6322.43086344 
64 3678.56239518 0.00365363453261 6322.43395118 
65 3678.56106771 0.00269969015291 6322.4362326 
66 3678.56008689 0.00199485888384 6322.43791825 
67 3678.55936211 0.00147401941986 6322.43916387 
68 3678.55882653 0.00108913951822 6322.44008433 
69 3678.55843079 0.000804755837553 6322.44076445 
70 3678.5581384 0.000594640680423 6322.44126696 
