Time S I R
0.0  10000 1 0
1 9999.14211593 1.28516484824 0.572719223211 
2 9998.03974324 1.65152676448 1.30872999934 
3 9996.62336136 2.12212718298 2.25451146152 
4 9994.80378974 2.72649286679 3.46971739362 
5 9992.46668543 3.50243099011 5.03088357668 
6 9989.46555077 4.49829688244 7.03615234692 
7 9985.61292446 5.77583003245 9.61124550665 
8 9980.6691333 7.4137381258 12.9171285698 
9 9974.32829957 9.51209686223 17.1596035638 
10 9966.20089218 12.1977368278 22.6013709932 
11 9955.79211106 15.6307543482 29.577134596 
12 9942.47563083 20.0121456985 38.5122234716 
13 9925.46215391 25.5924974516 49.9453486409 
14 9903.7626864 32.6813626883 64.5559509135 
15 9876.14720885 41.6565303843 83.1962607687 
16 9841.10062316 52.9716544707 106.927722372 
17 9796.77998707 67.1596814747 137.060331454 
18 9740.9801624 84.8280084693 175.191829129 
19 9671.11937988 106.639454045 223.241166078 
20 9584.26160125 133.271220475 283.467178273 
21 9477.19789707 165.342884375 358.459218551 
22 9346.61283677 203.305269091 451.081894139 
23 9189.35933307 247.287524583 564.353142346 
24 9002.85171157 296.911846797 701.236441631 
25 8785.55805231 351.104884272 864.337063416 
26 8537.52768241 407.959197436 1055.51312016 
27 8260.83958722 464.715992355 1275.44442043 
28 7959.82837134 517.934503652 1523.23712501 
29 7640.95873669 563.873568385 1796.16769493 
30 7312.30137678 599.034623486 2089.66399973 
31 6982.6867889 620.738418441 2397.57479266 
32 6660.72372155 627.572234444 2712.704044 
33 6353.91438452 619.576743529 3027.50887195 
34 6068.04922923 598.135469708 3334.81530106 
35 5806.955341 565.628997362 3628.41566164 
36 5572.56643692 524.976395095 3903.45716799 
37 5365.21078433 479.190779838 4156.59843583 
38 5184.00045173 431.034584242 4385.96496403 
39 5027.22774928 382.808564875 4590.96368585 
40 4892.70897705 336.266217403 4772.02480554 
41 4778.05341195 292.622346511 4930.32424154 
42 4680.8536162 252.618929588 5067.52745421 
43 4598.80934867 216.61696724 5185.57368409 
44 4529.79948207 184.692187841 5286.50833009 
45 4471.91637158 156.721936864 5372.36169156 
46 4423.47643807 132.45629198 5445.06726995 
47 4383.0135531 111.57376287 5506.41268403 
48 4349.26428735 93.7213252043 5558.01438744 
49 4321.1487044 78.5422813498 5601.30901425 
50 4297.74939479 65.6941334953 5637.55647171 
51 4278.29082601 54.8591680266 5667.85000597 
52 4262.11992013 45.7498405978 5693.13023927 
53 4248.68841074 38.1106330008 5714.20095626 
54 4237.53714385 31.7176491376 5731.74520701 
55 4228.28235121 26.3768146002 5746.34083419 
56 4220.60378416 21.9213347222 5758.47488111 
57 4214.23457987 18.2088314353 5768.55658869 
58 4208.95249961 15.1184356608 5776.92906473 
59 4204.5727185 12.5479791781 5783.87930232 
60 4200.94160086 10.4114167562 5789.64698239 
61 4197.93151492 8.63649197208 5794.43199311 
62 4195.43647924 7.1626705718 5798.40085019 
63 4193.36852476 5.93933790916 5801.69213733 
64 4191.65465405 4.92423988402 5804.42110607 
65 4190.23431407 4.08215072003 5806.68353521 
66 4189.0572894 3.38373665252 5808.55897395 
67 4188.08193086 2.80458653607 5810.1134826 
68 4187.27371117 2.32440614483 5811.40188269 
69 4186.60400535 1.9263313811 5812.46966327 
70 4186.04908723 1.59635727623 5813.35455549 
