Time S I R
0.0  10000 1 0
1 9999.47401062 1.18133142774 0.344657954084 
2 9998.85268786 1.39550506141 0.751807076193 
3 9998.11878124 1.64845442516 1.23276433193 
4 9997.25193131 1.94717874442 1.8008899427 
5 9996.22811937 2.29993015187 2.47195047381 
6 9995.01899872 2.71644060296 3.26456067686 
7 9993.59114349 3.20817591076 4.20068059642 
8 9991.90514141 3.78864151373 5.30621707965 
9 9989.91453013 4.47373917398 6.61173069176 
10 9987.56460279 5.2821659762 8.15323123391 
11 9984.79092109 6.23590689231 9.9731720192 
12 9981.51765442 7.36078135693 12.1215642274 
13 9977.65563989 8.68707577084 14.657284335 
14 9973.10013798 10.250265857 17.6495961656 
15 9967.72821877 12.0918470747 21.1799341515 
16 9961.39578578 14.2602637969 25.3439504271 
17 9953.93417665 16.8119463351 30.2538770164 
18 9945.14631269 19.8124521123 36.0412351974 
19 9934.8023873 23.3377010092 42.8599116948 
20 9922.63505696 27.4752790874 50.8896639477 
21 9908.33422399 32.3257718859 60.3400041287 
22 9891.54140136 38.0040589524 71.4545396828 
23 9871.84384314 44.6404741496 84.5156827095 
24 9848.76861346 52.3816907411 99.8496958028 
25 9821.77691448 61.3911367171 117.831948804 
26 9790.2591204 71.8486803637 138.892199236 
27 9753.53113006 83.9492521708 163.519617773 
28 9710.83288586 97.8999699019 192.267144237 
29 9661.33007629 113.915285171 225.754638539 
30 9604.12030491 132.209586693 264.670108398 
31 9538.24520162 152.986683821 309.768114561 
32 9462.71005623 176.425661223 361.864282543 
33 9376.51249667 202.6627827 421.824720626 
34 9278.68146756 231.769476466 490.549055972 
35 9168.32697491 263.727064968 568.945960118 
36 9044.69998904 298.399655973 657.900354982 
37 8907.26036303 335.507605923 758.232031047 
38 8755.74857844 374.605029605 870.646391952 
39 8590.25504514 415.065688619 995.679266239 
40 8411.27881932 456.08200226 1133.63917842 
41 8219.76639371 496.681515299 1284.55209099 
42 8017.12254544 535.763099269 1448.11435529 
43 7805.18664554 572.153039704 1623.66031475 
44 7586.17212649 604.677457103 1810.15041641 
45 7362.57206421 632.243958989 2006.1839768 
46 7137.03914071 653.922806757 2210.03805254 
47 6912.25298976 669.016527727 2419.73048252 
48 6690.78890676 677.109286925 2633.10180632 
49 6475.00134776 678.089790887 2847.90886135 
50 6266.9331982 672.145682973 3061.92111883 
51 6068.2567614 659.73222712 3273.01101148 
52 5880.24739009 641.521549229 3479.23106068 
53 5703.78647367 618.340687103 3678.87283922 
54 5539.38758286 591.106674052 3870.50574308 
55 5387.23905892 560.765227889 4052.99571319 
56 5247.25564004 528.238580121 4225.50577983 
57 5119.13343723 494.384871735 4387.48169103 
58 5002.40071404 459.972159851 4538.62712611 
59 4896.46850082 425.658721326 4678.87277786 
60 4800.67035723 391.990319544 4808.33932323 
61 4714.29731574 359.400150084 4927.30253417 
62 4636.62477543 328.216527324 5036.15869724 
63 4566.93356235 298.673767155 5135.39267049 
64 4504.52519845 270.924510813 5225.55029073 
65 4448.73236089 245.052942919 5307.21469619 
66 4398.92617396 221.087495192 5380.98633085 
67 4354.51990998 199.012611402 5447.46747862 
68 4314.97091777 178.779041652 5507.25004058 
69 4279.78088436 160.313069475 5560.90604616 
70 4248.49479505 143.52390443 5608.98130052 
