Time S I R
0.0  10000 1 0
1 9997.82449766 3.12174552093 0.0537568223929 
2 9991.0377984 9.7406697409 0.221531858555 
3 9969.90668742 30.3486644454 0.74464813926 
4 9904.5048668 94.1243595949 2.37077360292 
5 9705.77080607 287.850459742 7.37873418752 
6 9134.10995978 844.512682991 22.3773572336 
7 7718.98803946 2218.04416141 63.9677991329 
8 5217.13820783 4623.1067604 160.755031765 
9 2620.29068256 7049.8030248 330.906292637 
10 1051.75624608 8392.80366983 556.440084091 
11 382.896675512 8812.00560782 806.097716667 
12 136.616073072 8803.65352858 1060.73039835 
13 49.317299333 8639.20811558 1312.47458509 
14 18.2128070536 8424.18305056 1558.60414239 
15 6.90339687102 8195.80649899 1798.29010414 
16 2.68764225168 7966.94706078 2031.36529697 
17 1.07457089091 7742.03454131 2257.8908878 
18 0.440554589322 7522.55339099 2478.00605442 
19 0.185596087329 7308.9392161 2691.87518781 
20 0.0806405037856 7101.25054058 2899.66881892 
21 0.0352670022585 6899.40786001 3101.55687298 
22 0.0158534423008 6703.27798123 3297.70616533 
23 0.00729059384139 6512.71337101 3488.27933839 
24 0.00342844270563 6327.56184172 3673.43472984 
25 0.00165434527298 6147.6720749 3853.32627076 
26 0.000817559306597 5972.89568229 4028.10350016 
27 0.000430150885222 5803.08875193 4197.91081792 
28 0.000120927128592 5638.10884735 4362.89103172 
29 0 5477.81977641 4523.18022359 
30 0 5322.08685922 4678.91314078 
31 0 5170.78196612 4830.21803388 
32 0 5023.77825445 4977.22174555 
33 0 4880.95387309 5120.04612691 
34 0 4742.18904616 5258.81095384 
35 0 4607.36867152 5393.63132848 
36 0 4476.38138804 5524.61861196 
37 0 4349.11791393 5651.88208607 
38 0 4225.47198051 5775.52801949 
39 0 4105.34202739 5895.65797261 
40 0 3988.62774461 6012.37225539 
41 0 3875.23153762 6125.76846238 
42 0 3765.05928886 6235.94071114 
43 0 3658.01915515 6342.98084485 
44 0 3554.02207321 6446.97792679 
45 0 3452.98180583 6548.01819417 
46 0 3354.81392087 6646.18607913 
47 0 3259.43692697 6741.56307303 
48 0 3166.77158097 6834.22841903 
49 0 3076.74037608 6924.25962392 
50 0 2989.26845902 7011.73154098 
51 0 2904.28325911 7096.71674089 
52 0 2821.71432254 7179.28567746 
53 0 2741.49321586 7259.50678414 
54 0 2663.55334438 7337.44665562 
55 0 2587.82985788 7413.17014212 
56 0 2514.25966547 7486.74033453 
57 0 2442.78127644 7558.21872356 
58 0 2373.33470035 7627.66529965 
59 0 2305.86146108 7695.13853892 
60 0 2240.30587368 7760.69412632 
61 0 2176.6137483 7824.3862517 
62 0 2114.73235457 7886.26764543 
63 0 2054.61060619 7946.38939381 
64 0 1996.19843375 8004.80156625 
65 0 1939.447057 8061.552943 
66 0 1884.30917994 8116.69082006 
67 0 1830.73875247 8170.26124753 
68 0 1778.69117771 8222.30882229 
69 0 1728.12331162 8272.87668838 
70 0 1678.99307997 8322.00692003 
