Time S I R
0.0  10000 1 0
1 9997.0460298 3.80521565894 0.148754545395 
2 9985.81843612 14.4670144951 0.714549389479 
3 9943.31760137 54.8203169444 2.86208168687 
4 9784.884239 205.166469204 10.9492917945 
5 9226.44405966 734.018357149 40.5375831948 
6 7589.76654158 2272.37601104 138.857447384 
7 4574.30015007 5032.89613569 393.803714234 
8 1890.19640756 7272.0203041 838.783288339 
9 636.760010699 7977.62779867 1386.61219063 
10 208.018879459 7843.06566572 1949.91545482 
11 70.8715534585 7438.05754501 2492.07090153 
12 25.7043828508 6972.55170686 3002.74391029 
13 9.95494459121 6510.67441906 3480.37063635 
14 4.10837866662 6070.89244853 3925.9991728 
15 1.79998556018 5657.79999694 4341.4000175 
16 0.834305095894 5271.67794054 4728.48775436 
17 0.407435989633 4911.45296544 5089.13959857 
18 0.209186856791 4575.65129242 5425.13952073 
19 0.112408718642 4262.72452114 5738.16307014 
20 0.0632487320108 3971.16070746 6029.7760438 
21 0.0368916623775 3699.52163324 6301.44147509 
22 0.0222134193027 3446.45202055 6554.52576603 
23 0.0135821023105 3210.68762725 6790.29879065 
24 0.00858374911149 2991.04725232 7009.94416393 
25 0.00609962131603 2786.43136622 7214.56253416 
26 0.00458144056392 2595.81282567 7405.18259289 
27 0.00326548855992 2418.23421029 7582.76252422 
28 0.00225910670451 2252.80361925 7748.19412164 
29 0.00169550935607 2098.68980556 7902.30849893 
30 0.00143782349369 1955.11872149 8045.87984069 
31 0.00114903652866 1821.36987232 8179.62897864 
32 0.000892505391676 1696.77085998 8304.22824752 
33 0.000660452426018 1580.69517505 8420.30416449 
34 0.00051937616081 1472.56007084 8528.43940978 
35 0.000446635760454 1371.82244341 8629.17710995 
36 0.00037220919512 1277.97626054 8723.02336725 
37 0.000306060372168 1190.55010805 8810.44958589 
38 0.000253297021118 1109.10473751 8891.8950092 
39 0.000217992543185 1033.23101346 8967.76876854 
40 0.000198974517843 962.547841592 9038.45195943 
41 0.000180843419002 896.700053398 9104.29976576 
42 0.000162409352924 835.356749448 9165.64308814 
43 0.000146643909829 778.209926852 9222.7899265 
44 0.000132336152092 724.97261896 9276.0272487 
45 0.000122096587802 675.377250571 9325.62262733 
46 0.00011099564108 629.174760234 9371.82512877 
47 0.00010198102791 586.132962037 9414.86693598 
48 9.37111381063e-05 546.035651805 9454.96425448 
49 8.62963952386e-05 508.681376575 9492.31853713 
50 8.03486727818e-05 473.882516572 9527.11740308 
51 7.55375840527e-05 441.464245889 9559.53567857 
52 7.1269190812e-05 411.263707642 9589.73622109 
53 6.73384784022e-05 383.129181434 9617.87075123 
54 6.38477540633e-05 356.919334238 9644.08060191 
55 6.0740932895e-05 332.502482057 9668.4974572 
56 5.78789768042e-05 309.755940594 9691.24400153 
57 5.53835106984e-05 288.565509513 9712.4344351 
58 5.33066140633e-05 268.824756409 9732.17519028 
59 5.15087867825e-05 250.434439547 9750.56550894 
60 4.98700919707e-05 233.302214036 9767.69773609 
61 4.83025050926e-05 217.342031552 9783.65792015 
62 4.68539783469e-05 202.473655196 9798.52629795 
63 4.55448571302e-05 188.6224243 9812.37753015 
64 4.43930894107e-05 175.718779241 9825.28117637 
65 4.3353811634e-05 163.69784595 9837.3021107 
66 4.24086101702e-05 152.499264312 9848.50069328 
67 4.15396680182e-05 142.0668049 9858.93315356 
68 4.07453844673e-05 132.348013227 9868.65194603 
69 4.00185654144e-05 123.294081047 9877.70587893 
70 3.93532081944e-05 114.859544915 9886.14041573 
