Time S I R
0.0  10000 1 0
1 9999.7290072 0.606174527273 0.66481826848 
2 9999.56474321 0.367445958745 1.06781083084 
3 9999.46517187 0.222733455747 1.31209467843 
4 9999.40481575 0.13501341527 1.46017083369 
5 9999.3682303 0.0818406211538 1.54992907597 
6 9999.34605347 0.0496089558731 1.60433757234 
7 9999.33261078 0.0300713733009 1.63731784742 
8 9999.32446221 0.0182282403486 1.65730954757 
9 9999.31952284 0.0110493444039 1.66942781654 
10 9999.31652888 0.00669791046834 1.67677321238 
11 9999.31471387 0.00405997700864 1.68122614964 
12 9999.31361373 0.00246102299577 1.68392524773 
13 9999.31294683 0.00149175159372 1.68556141639 
14 9999.31254262 0.000904268906199 1.68655311048 
15 9999.31229756 0.000548103036915 1.68715433259 
16 9999.31214904 0.000332240204407 1.6875187176 
17 9999.312059 0.000201375700172 1.68773962207 
18 9999.31200444 0.000122077715082 1.68787348021 
19 9999.31197133 7.39474250218e-05 1.68795472605 
20 9999.31195127 4.47990417472e-05 1.68800392967 
21 9999.31193916 2.71946181935e-05 1.68803364663 
22 9999.3119318 1.6494731472e-05 1.68805170847 
23 9999.31192735 1.00272578484e-05 1.68806262582 
24 9999.31192466 6.11828263772e-06 1.68806922432 
25 9999.31192299 3.68907911614e-06 1.68807332491 
26 9999.31192196 2.20265860543e-06 1.68807583405 
27 9999.31192135 1.31141483022e-06 1.68807733851 
28 9999.31192099 7.89858434351e-07 1.68807821891 
29 9999.31192078 4.89043207561e-07 1.6880787267 
30 9999.31192066 3.05980102639e-07 1.68807903572 
31 9999.31192058 1.89987123867e-07 1.68807923152 
32 9999.31192053 1.16723290928e-07 1.68807935519 
33 9999.3119205 7.16400999135e-08 1.6880794313 
34 9999.31192048 4.4190163361e-08 1.68807947763 
35 9999.31192046 1.93813696644e-08 1.68807951951 
36 9999.31192045 -3.5561736371e-09 1.68807955823 
37 9999.31192043 -1.96562569364e-08 1.68807958541 
38 9999.31192043 -2.89188802334e-08 1.68807960104 
39 9999.31192043 -3.13440435282e-08 1.68807960514 
40 9999.31192043 -2.69317468207e-08 1.68807959769 
41 9999.31192043 -2.41809560024e-08 1.68807959304 
42 9999.31192043 -2.64759896386e-08 1.68807959692 
43 9999.31192043 -2.69567170336e-08 1.68807959773 
44 9999.31192043 -2.56231381873e-08 1.68807959548 
45 9999.31192043 -2.24752530998e-08 1.68807959017 
46 9999.31192044 -1.75130617709e-08 1.68807958179 
47 9999.31192044 -1.39084081741e-08 1.6880795757 
48 9999.31192044 -1.20940488e-08 1.68807957264 
49 9999.31192044 -1.02796894259e-08 1.68807956958 
50 9999.31192044 -8.46533005184e-09 1.68807956652 
51 9999.31192044 -6.65097067776e-09 1.68807956345 
52 9999.31192044 -4.83661130369e-09 1.68807956039 
53 9999.31192045 -3.60520137105e-09 1.68807955831 
54 9999.31192045 -3.54758177389e-09 1.68807955822 
55 9999.31192045 -3.48996217674e-09 1.68807955812 
56 9999.31192045 -3.43234257959e-09 1.68807955802 
57 9999.31192045 -3.37472298243e-09 1.68807955792 
58 9999.31192045 -3.31710338528e-09 1.68807955783 
59 9999.31192045 -3.25948378812e-09 1.68807955773 
60 9999.31192045 -3.20186419097e-09 1.68807955763 
61 9999.31192045 -3.14424459381e-09 1.68807955753 
62 9999.31192045 -3.08662499666e-09 1.68807955744 
63 9999.31192045 -3.02900539951e-09 1.68807955734 
64 9999.31192045 -2.97138580235e-09 1.68807955724 
65 9999.31192045 -2.9137662052e-09 1.68807955715 
66 9999.31192045 -2.85614660804e-09 1.68807955705 
67 9999.31192045 -2.79852701089e-09 1.68807955695 
68 9999.31192045 -2.74090741374e-09 1.68807955685 
69 9999.31192045 -2.68328781658e-09 1.68807955676 
70 9999.31192045 -2.62566821943e-09 1.68807955666 
