Time S I R
0.0  10000 1 0
1 9998.73749742 2.13401542782 0.128487150713 
2 9996.04405148 4.5532903069 0.402658209194 
3 9990.30052108 9.71192884357 0.987550079892 
4 9978.06532919 20.7000291122 2.23464169471 
5 9952.0572406 44.0521132786 4.89064612455 
6 9897.02425061 93.4420522688 10.5336971253 
7 9781.69131235 196.846325655 22.4623619923 
8 9544.79097542 408.796984874 47.4120397061 
9 9077.61819441 824.900114161 98.4816914278 
10 8226.0269983 1576.24361931 198.729382393 
11 6874.28395495 2745.30194894 381.414096109 
12 5134.19076479 4188.3769539 678.432281312 
13 3402.70885254 5501.24671579 1097.04443167 
14 2056.92459317 6334.7857674 1609.28963943 
15 1185.58774319 6645.42087567 2169.99138113 
16 677.072020973 6583.82943432 2740.09854471 
17 392.503826045 6313.54158444 3294.95458952 
18 233.888455612 5945.31622694 3821.79531744 
19 144.029365228 5541.79343536 4315.17719941 
20 91.7915133407 5135.58156662 4773.62692004 
21 60.5102006918 4742.8002742 5197.68952511 
22 41.1986260745 4370.91868016 5588.88269376 
23 28.9160517513 4022.93155902 5949.15238923 
24 20.8783998396 3699.52974205 6280.59185811 
25 15.4767082997 3400.22575249 6585.29753921 
26 11.7542713346 3123.94999249 6865.29573618 
27 9.1292124314 2869.36284099 7122.50794658 
28 7.23813073655 2635.02646162 7358.73540764 
29 5.84905582038 2419.49577714 7575.65516704 
30 4.80953979963 2221.36891697 7774.82154324 
31 4.01863536138 2039.30995872 7957.67140591 
32 3.4076273407 1872.06215817 8125.53021449 
33 2.92885437619 1718.4521755 8279.61897012 
34 2.54882561827 1577.38963384 8421.06154055 
35 2.24372644429 1447.86443457 8550.89183899 
36 1.99584289417 1328.94413815 8670.06001895 
37 1.79214547858 1219.76761279 8779.44024173 
38 1.62374448123 1119.54342164 8879.83283388 
39 1.48316643319 1027.5409186 8971.97591496 
40 1.36485192292 943.088589695 9056.54655838 
41 1.26459286855 865.569341352 9134.16606578 
42 1.1790820277 794.415837858 9205.40508011 
43 1.10570003597 729.106585238 9270.78771473 
44 1.04237495466 669.16250189 9330.79512316 
45 0.987465178518 614.143872546 9385.86866228 
46 0.939625677185 563.646635471 9436.41373885 
47 0.897786584832 517.30001108 9482.80220234 
48 0.860997848884 474.762094976 9525.37690718 
49 0.828561923357 435.720820445 9564.45061763 
50 0.799877227997 399.889174277 9600.31094849 
51 0.774422695464 367.003256999 9633.22232031 
52 0.751775102752 336.821105153 9663.42711974 
53 0.731573527208 309.120563863 9691.14786261 
54 0.713511503665 283.697699427 9716.58878907 
55 0.697327528072 260.365292521 9739.93737995 
56 0.682797851203 238.951526206 9761.36567594 
57 0.669729934483 219.298699068 9781.031571 
58 0.657956464531 201.261989958 9799.08005358 
59 0.647332937631 184.708542588 9815.64412447 
60 0.637734779259 169.516477357 9830.84578786 
61 0.629051230842 155.573820294 9844.79712848 
62 0.621186203918 142.777853435 9857.60096036 
63 0.614054641708 131.034271202 9869.35167416 
64 0.607581738095 120.256533562 9880.1358847 
65 0.601701319119 110.365223384 9890.0330753 
66 0.596354664867 101.287443972 9899.11620136 
67 0.591489621149 92.9562919329 9907.45221845 
68 0.587059661655 85.3103626566 9915.10257768 
69 0.583023264817 78.2933026928 9922.12367404 
70 0.579343191688 71.8533799183 9928.56727689 
