Time S I R
0.0  10000 1 0
1 9998.73815793 1.39553226089 0.86630980883 
2 9996.9776212 1.94720076466 2.07517803794 
3 9994.52192099 2.71634483068 3.76173418127 
4 9991.09775407 3.78812814918 6.11411778337 
5 9986.32549693 5.28052568489 9.39397738902 
6 9979.67895857 7.35644280581 13.9645986289 
7 9970.43071099 10.2398856791 20.3294033265 
8 9957.57926259 14.2369338795 29.1838035263 
9 9939.75329993 19.7622148284 41.484485242 
10 9915.08967276 27.3704544437 58.5398728003 
11 9881.08443934 37.7906912842 82.1248693731 
12 9834.42384702 51.956475238 114.619677742 
13 9770.81704096 71.0177810461 159.165177998 
14 9684.87868984 96.3084826341 219.812827524 
15 9570.14990132 129.227680975 301.622417707 
16 9419.39471056 170.980082968 410.625206471 
17 9225.3426585 222.126911278 553.53043022 
18 8982.01312568 281.953048687 737.03382563 
19 8686.57874776 347.788374004 966.632878232 
20 8341.36475925 414.610595303 1245.02464544 
21 7955.17966389 475.369647114 1570.45068899 
22 7543.05932379 522.302978967 1935.63769724 
23 7124.03587701 548.967417895 2327.99670509 
24 6717.55558156 552.128104655 2731.31631378 
25 6339.94516858 532.569258556 3128.48557286 
26 6002.21263689 494.498477035 3504.28888607 
27 5709.61678009 444.007355174 3847.37586474 
28 5462.58602381 387.401810737 4151.01216545 
29 5258.22852879 330.009469459 4412.76200175 
30 5091.81494903 275.64532543 4633.53972554 
31 4957.92004925 226.6011806 4816.47877015 
32 4851.16745452 183.92367246 4965.90887302 
33 4766.63941161 147.7795831 5086.58100529 
34 4700.05651406 117.792457245 5183.15102869 
35 4647.81515263 93.3017158826 5259.88313149 
36 4606.94849471 73.5398036574 5320.51170163 
37 4575.05232522 57.7408933442 5368.20678143 
38 4550.20066219 45.2002602795 5405.59907753 
39 4530.86329392 35.3006961271 5434.83600996 
40 4515.83193509 27.5192193323 5457.64884558 
41 4504.15683799 21.422766816 5475.4203952 
42 4495.09404256 16.6586066851 5489.24735076 
43 4488.06229746 12.9429185125 5499.99478402 
44 4482.60835581 10.0493857783 5508.34225841 
45 4478.37939503 7.79872991068 5514.82187506 
46 4475.10094962 6.04973200492 5519.84931837 
47 4472.55979154 4.69153109445 5523.74867736 
48 4470.59037042 3.63738860676 5526.77224098 
49 4469.06418903 2.81957729615 5529.11623368 
50 4467.88158299 2.18532282272 5530.93309419 
51 4466.96527065 1.69355582108 5532.34117353 
52 4466.25531782 1.31233913928 5533.43234305 
53 4465.70527042 1.01686608727 5534.27786349 
54 4465.27912328 0.787877854689 5534.93299887 
55 4464.94897415 0.610430784237 5535.44059507 
56 4464.6932031 0.47293428405 5535.83386262 
57 4464.49505544 0.366399270744 5536.13854529 
58 4464.34155085 0.28385751609 5536.37459163 
59 4464.22263198 0.219907445236 5536.55746057 
60 4464.13050692 0.170362719012 5536.69913036 
61 4464.05913905 0.131979170131 5536.80888178 
62 4464.00385169 0.102242944036 5536.89390537 
63 4463.96102173 0.0792061925505 5536.95977207 
64 4463.92784229 0.061359683658 5537.01079802 
65 4463.90213897 0.0475341568635 5537.05032687 
66 4463.88222723 0.0368236990227 5537.08094907 
67 4463.8668021 0.0285264801416 5537.10467142 
68 4463.85485265 0.0220987849089 5537.12304856 
69 4463.84559572 0.0171193813454 5537.13728489 
70 4463.83842463 0.0132619498495 5537.14831342 
