Time S I R
0.0  10000 1 0
1 9999.87515514 0.473066905734 0.651777952113 
2 9999.81609604 0.223793118552 0.960110843432 
3 9999.78815711 0.105869204356 1.10597368914 
4 9999.77494016 0.0500833279827 1.17497650986 
5 9999.7686877 0.0236929924842 1.20761930922 
6 9999.76572982 0.0112084222097 1.22306175322 
7 9999.76433058 0.00530248335629 1.2303669406 
8 9999.76366859 0.00250838914194 1.23382301792 
9 9999.76335544 0.0011866151563 1.23545794956 
10 9999.76320729 0.000561338578971 1.23623136806 
11 9999.76313721 0.000265539885523 1.23659724804 
12 9999.76310406 0.000125611572562 1.23677032849 
13 9999.76308837 5.9372283033e-05 1.23685226133 
14 9999.76308096 2.81046162234e-05 1.23689093701 
15 9999.76307745 1.33124961054e-05 1.23690923371 
16 9999.7630758 6.34145813113e-06 1.23691785634 
17 9999.76307501 2.9865540348e-06 1.2369220061 
18 9999.76307463 1.3826138249e-06 1.23692399005 
19 9999.76307445 6.434676361e-07 1.23692490431 
20 9999.76307437 3.16457935897e-07 1.2369253088 
21 9999.76307434 1.55974468222e-07 1.2369255073 
22 9999.76307432 7.52688942762e-08 1.23692560713 
23 9999.76307431 3.64047155215e-08 1.2369256552 
24 9999.7630743 3.16940715228e-09 1.23692569631 
25 9999.7630743 -2.01273347195e-08 1.23692572513 
26 9999.76307429 -3.01722871723e-08 1.23692573755 
27 9999.76307429 -2.69654502061e-08 1.23692573359 
28 9999.76307429 -2.34827706504e-08 1.23692572928 
29 9999.76307429 -2.5114288426e-08 1.2369257313 
30 9999.76307429 -2.33520115859e-08 1.23692572912 
31 9999.7630743 -1.81959401303e-08 1.23692572274 
32 9999.7630743 -1.20786208374e-08 1.23692571517 
33 9999.7630743 -9.80720068959e-09 1.23692571236 
34 9999.7630743 -7.53578054178e-09 1.23692570955 
35 9999.7630743 -5.26436039396e-09 1.23692570674 
36 9999.7630743 -3.03328047976e-09 1.23692570398 
37 9999.7630743 -2.96428231997e-09 1.2369257039 
38 9999.7630743 -2.89528416018e-09 1.23692570381 
39 9999.7630743 -2.82628600039e-09 1.23692570373 
40 9999.7630743 -2.7572878406e-09 1.23692570364 
41 9999.7630743 -2.68828968081e-09 1.23692570356 
42 9999.7630743 -2.61929152102e-09 1.23692570347 
43 9999.7630743 -2.55029336123e-09 1.23692570339 
44 9999.7630743 -2.48129520144e-09 1.2369257033 
45 9999.7630743 -2.41229704165e-09 1.23692570322 
46 9999.7630743 -2.34329888186e-09 1.23692570313 
47 9999.7630743 -2.27430072207e-09 1.23692570304 
48 9999.7630743 -2.20530256228e-09 1.23692570296 
49 9999.7630743 -2.13630440249e-09 1.23692570287 
50 9999.7630743 -2.0673062427e-09 1.23692570279 
51 9999.7630743 -1.99830808291e-09 1.2369257027 
52 9999.7630743 -1.92930992312e-09 1.23692570262 
53 9999.7630743 -1.86031176333e-09 1.23692570253 
54 9999.7630743 -1.79131360354e-09 1.23692570245 
55 9999.7630743 -1.72231544375e-09 1.23692570236 
56 9999.7630743 -1.65331728396e-09 1.23692570228 
57 9999.7630743 -1.58431912417e-09 1.23692570219 
58 9999.7630743 -1.51532096438e-09 1.23692570211 
59 9999.7630743 -1.44632280459e-09 1.23692570202 
60 9999.7630743 -1.3773246448e-09 1.23692570194 
61 9999.7630743 -1.30832648501e-09 1.23692570185 
62 9999.7630743 -1.23932832522e-09 1.23692570176 
63 9999.7630743 -1.17033016543e-09 1.23692570168 
64 9999.7630743 -1.10133200564e-09 1.23692570159 
65 9999.7630743 -1.03233384585e-09 1.23692570151 
66 9999.7630743 -9.63335686065e-10 1.23692570142 
67 9999.7630743 -8.94337526275e-10 1.23692570134 
68 9999.7630743 -8.25339366486e-10 1.23692570125 
69 9999.7630743 -7.56341206696e-10 1.23692570117 
70 9999.7630743 -6.87343046906e-10 1.23692570108 
