Time S I R
0.0  10000 1 0
1 9998.40458699 1.87260602877 0.722806977774 
2 9995.41807412 3.50575957871 2.07616630124 
3 9989.83065869 6.5601119688 4.60922933685 
4 9979.38833809 12.2645905948 9.3470713178 
5 9959.91112602 22.8914277231 18.1974462599 
6 9923.71524076 42.5939668106 34.6907924325 
7 9856.90681891 78.8012435519 65.2919375381 
8 9735.13013121 144.261512947 121.608355844 
9 9518.12740414 259.141071976 223.731523884 
10 9146.50611465 450.343015781 404.150869566 
11 8551.00801613 740.857884142 709.134099731 
12 7689.74287284 1121.1926779 1190.06444926 
13 6607.42308601 1516.31415325 1877.26276074 
14 5453.80365032 1800.68110022 2746.51524945 
15 4406.17915363 1881.99616477 3712.82468159 
16 3568.91318696 1764.54594702 4667.54086602 
17 2953.44580701 1522.50491218 5525.04928081 
18 2520.82277181 1237.60584103 6242.57138716 
19 2222.29937939 965.131932277 6813.56868834 
20 2017.11574082 731.459341009 7252.42491817 
21 1875.69093328 543.577699293 7581.73136743 
22 1777.7103804 398.509631072 7824.77998853 
23 1709.46410602 289.415734389 8002.12015959 
24 1661.70476738 208.808138509 8130.48709411 
25 1628.1550518 149.957780455 8222.88716774 
26 1604.51788803 107.344790167 8289.1373218 
27 1587.82773907 76.665273725 8336.5069872 
28 1576.02359277 54.6655720493 8370.31083518 
29 1567.66515186 38.9342665472 8394.40058159 
30 1561.74150474 27.7075443938 8411.55095087 
31 1557.54078715 19.706725502 8423.75248734 
32 1554.56055048 14.0105068397 8432.42894268 
33 1552.44552216 9.95789406244 8438.59658377 
34 1550.94418019 7.0760673504 8442.97975246 
35 1549.87828873 5.02751232244 8446.09419895 
36 1549.12146238 3.5716544941 8448.30688312 
37 1548.5840407 2.53719493862 8449.87876436 
38 1548.20239561 1.80225178766 8450.9953526 
39 1547.93136287 1.28015036908 8451.78848677 
40 1547.73887806 0.909274729508 8452.35184721 
41 1547.60217439 0.645834440064 8452.75199117 
42 1547.50508526 0.458713497079 8453.03620124 
43 1547.43613025 0.325804919986 8453.23806483 
44 1547.38715641 0.231403937962 8453.38143965 
45 1547.35237326 0.164353902118 8453.48327284 
46 1547.32766935 0.116731798321 8453.55559885 
47 1547.31012372 0.0829081267629 8453.60696815 
48 1547.29766217 0.0588849611984 8453.64345287 
49 1547.28881147 0.0418225496967 8453.66936598 
50 1547.28252539 0.0297041364413 8453.68777047 
51 1547.27806076 0.0210970933435 8453.70084215 
52 1547.27488982 0.0149840336039 8453.71012615 
53 1547.27263768 0.0106422662451 8453.71672006 
54 1547.2710381 0.00755853844186 8453.72140336 
55 1547.26990207 0.00536844199275 8453.72472949 
56 1547.26909521 0.00381293924795 8453.72709185 
57 1547.26852212 0.00270810927163 8453.72876977 
58 1547.26811509 0.00192342165524 8453.72996148 
59 1547.26782602 0.00136612916726 8453.73080785 
60 1547.26762069 0.000970281536988 8453.73140903 
61 1547.26747484 0.000689109634586 8453.73183605 
62 1547.26737126 0.000489428309528 8453.73213931 
63 1547.2672977 0.000347604197948 8453.7323547 
64 1547.26724545 0.000246873098624 8453.73250768 
65 1547.26720835 0.000175345617549 8453.73261631 
66 1547.26718199 0.000124532961551 8453.73269348 
67 1547.26716323 8.83716018195e-05 8453.7327484 
68 1547.26714994 6.27482340199e-05 8453.73278731 
69 1547.26714053 4.4603827652e-05 8453.73281487 
70 1547.26713383 3.16813008304e-05 8453.73283449 
