Time S I R
0.0  10000 1 0
1 9998.86039085 1.30980722236 0.829801932354 
2 9997.36801576 1.71537221243 1.91661203068 
3 9995.41404965 2.24613299804 3.33981734808 
4 9992.85635959 2.94046434996 5.20317605693 
5 9989.50950159 3.84830903181 7.64218938109 
6 9985.13185379 5.0345245066 10.8336217058 
7 9979.40916381 6.58309687711 15.0077393086 
8 9971.93360163 8.60239305798 20.4640053133 
9 9962.17758022 11.231530169 27.5908896069 
10 9949.46125534 14.6479506797 36.8907939776 
11 9932.91320205 19.0760049825 49.0107929714 
12 9911.42412869 24.7960415662 64.7798297437 
13 9883.59480476 32.1528618751 85.2523333634 
14 9847.68154317 41.5613493748 111.757107451 
15 9801.54617258 53.505605288 145.948222136 
16 9742.62297356 68.5257908036 189.851235631 
17 9667.92232481 87.1845656975 245.893109491 
18 9574.09946002 110.003044014 316.897495965 
19 9457.62387481 137.35645811 406.019667078 
20 9315.08503994 169.325128029 516.589832033 
21 9143.65478264 205.51040977 651.834807586 
22 8941.68716171 244.849535089 814.463303199 
23 8709.36965189 285.49450546 1006.13584265 
24 8449.2672861 324.837815369 1226.89489853 
25 8166.55220068 359.757577621 1474.69022169 
26 7868.74916984 387.086245591 1745.16458457 
27 7564.96150572 404.20527615 2031.83321813 
28 7264.7329897 409.582444907 2326.68456539 
29 6976.84681154 403.06336439 2621.08982407 
30 6708.37247034 385.824563799 2906.80296586 
31 6464.15590639 360.031694837 3176.81239878 
32 6246.76890922 328.34829058 3425.8828002 
33 6056.80315696 293.459281726 3650.73756131 
34 5893.34294861 257.71934975 3849.93770164 
35 5754.46934624 222.964959185 4023.56569457 
36 5637.70350246 190.46913073 4172.82736681 
37 5540.34874654 160.992759303 4299.65849416 
38 5459.72689075 134.884069575 4406.38903967 
39 5393.32494989 112.189871956 4495.48517815 
40 5338.87309941 92.757523872 4569.36937672 
41 5294.37703701 76.3164218015 4630.30654119 
42 5258.11842589 62.5391195417 4680.34245456 
43 5228.63862854 51.0826069705 4721.27876449 
44 5204.71348776 41.6147379773 4754.67177427 
45 5185.32444076 33.8291333352 4781.84642591 
46 5169.62969603 27.4524425572 4803.91786141 
47 5156.93719103 22.2464892003 4821.81631977 
48 5146.68031785 18.0073199704 4836.31236218 
49 5138.39667642 14.5625864943 4848.04073709 
50 5131.70989455 11.7681034733 4857.52200197 
51 5126.31428345 9.50418871362 4865.18152783 
52 5121.96185355 7.67210344652 4871.366043 
53 5118.45179971 6.19077543248 4876.35742486 
54 5115.62163768 4.99389195654 4880.38447036 
55 5113.34008015 4.02739072114 4883.63252913 
56 5111.50101346 3.24728063528 4886.2517059 
57 5110.01877961 2.61784899939 4888.36337139 
58 5108.82424336 2.11014269581 4890.06561394 
59 5107.8616313 1.70072005965 4891.43764864 
60 5107.08594022 1.37061252851 4892.54344725 
61 5106.46093339 1.10450773022 4893.43455888 
62 5105.95733442 0.89001501469 4894.15265057 
63 5105.55158144 0.717145157216 4894.73127341 
64 5105.22466686 0.577830738596 4895.1975024 
65 5104.96127941 0.465566641625 4895.57315395 
66 5104.74907612 0.375104765693 4895.87581911 
67 5104.57811251 0.30221414969 4896.11967334 
68 5104.44037655 0.243484249816 4896.3161392 
69 5104.32941025 0.196164940935 4896.47442481 
70 5104.24001153 0.158040177798 4896.6019483 
