Time S I R
0.0  10000 1 0
1 9998.00149411 2.07192780659 0.926578082548 
2 9993.86283688 4.29116794175 2.84599517671 
3 9985.30025109 8.88009211214 6.8196567986 
4 9967.61933152 18.34498663 15.0356818463 
5 9931.25619529 37.7648786616 31.9789260503 
6 9857.08357374 77.1839096233 66.7325166402 
7 9708.29118316 155.464075225 137.244741614 
8 9419.51432487 304.251998779 277.233676346 
9 8893.10364774 564.064691667 543.831660594 
10 8033.23134521 952.517851565 1015.25080323 
11 6846.44979168 1398.22153643 1756.32867189 
12 5524.28771224 1725.63156508 2751.08072269 
13 4336.64306607 1791.142256 3873.21467794 
14 3434.31991471 1611.99986235 4954.68022294 
15 2814.42759014 1309.07178833 5877.50062153 
16 2407.85751079 992.341557717 6600.8009315 
17 2145.0067341 719.306591751 7136.68667415 
18 1975.01502081 506.526843504 7519.45813568 
19 1864.48073186 350.063291371 7786.45597677 
20 1792.16449812 238.990024326 7969.84547755 
21 1744.60124654 161.856270232 8094.54248322 
22 1713.19065349 109.03945149 8178.76989502 
23 1692.38569081 73.2014219308 8235.41288726 
24 1678.57660602 49.0285228965 8273.39487108 
25 1669.3977475 32.7876005628 8298.81465194 
26 1663.29057742 21.9041245789 8315.805298 
27 1659.22445061 14.6233305948 8327.15221879 
28 1656.51602694 9.75819893304 8334.72577413 
29 1654.7114186 6.50971210914 8339.77886929 
30 1653.5087753 4.34176617663 8343.14945852 
31 1652.70719092 2.89542798466 8345.3973811 
32 1652.17287172 1.93072401635 8346.89640427 
33 1651.81668452 1.28736499579 8347.89595049 
34 1651.57923401 0.858353034823 8348.56241296 
35 1651.42093451 0.572293364349 8349.00677212 
36 1651.31540019 0.381560863302 8349.30303894 
37 1651.24504225 0.254392226327 8349.50056552 
38 1651.19813515 0.169605198511 8349.63225965 
39 1651.16686264 0.113076421742 8349.72006094 
40 1651.14601355 0.0753883061575 8349.77859814 
41 1651.13211359 0.0502614377924 8349.81762498 
42 1651.12284652 0.0335092449622 8349.84364424 
43 1651.11666822 0.0223405735814 8349.86099121 
44 1651.11254917 0.0148944279823 8349.87255641 
45 1651.109803 0.00993008071661 8349.88026692 
46 1651.10797213 0.00662033655358 8349.88540753 
47 1651.10675156 0.0044138454852 8349.8888346 
48 1651.10593778 0.00294273661231 8349.89111949 
49 1651.10539521 0.00196191709493 8349.89264287 
50 1651.1050335 0.00130802950226 8349.89365847 
51 1651.10479234 0.000872069634192 8349.89433559 
52 1651.10463154 0.000581387353575 8349.89478707 
53 1651.10452435 0.000387606505165 8349.89508805 
54 1651.10445287 0.000258396140911 8349.89528873 
55 1651.10440523 0.000172275479482 8349.89542249 
56 1651.10437347 0.000114857357487 8349.89551167 
57 1651.10435225 7.65051341183e-05 8349.89557124 
58 1651.10433814 5.09971532638e-05 8349.89561086 
59 1651.10432876 3.40420449413e-05 8349.89563719 
60 1651.1043225 2.27095682043e-05 8349.89565479 
61 1651.10431832 1.51585240085e-05 8349.89566652 
62 1651.10431554 1.01438038991e-05 8349.89567431 
63 1651.10431369 6.79254473889e-06 8349.89567952 
64 1651.10431243 4.50631642025e-06 8349.89568307 
65 1651.10431157 2.95661152458e-06 8349.89568547 
66 1651.10431102 1.95860621203e-06 8349.89568702 
67 1651.10431064 1.28192964695e-06 8349.89568808 
68 1651.10431041 8.55940000599e-07 8349.89568874 
69 1651.10431026 5.83347164225e-07 8349.89568916 
70 1651.10431015 3.98687613957e-07 8349.89568945 
