Time S I R
0.0  10000 1 0
1 9999.6961818 0.701103437656 0.602714767205 
2 9999.48317902 0.49154024114 1.0252807385 
3 9999.33384914 0.344616378006 1.32153447765 
4 9999.22915534 0.241606775418 1.52923788068 
5 9999.15575644 0.169387334423 1.67485622611 
6 9999.10429801 0.118755164185 1.77694682599 
7 9999.06822141 0.0832575253875 1.84852106624 
8 9999.04292869 0.058370553044 1.89870075834 
9 9999.02519642 0.0409226706689 1.93388090959 
10 9999.01276479 0.028690379473 1.95854483064 
11 9999.00404904 0.020114368051 1.97583659049 
12 9998.99793858 0.0141018651448 1.98795955454 
13 9998.99365465 0.00988660397542 1.99645874921 
14 9998.9906514 0.00693149974067 2.00241709812 
15 9998.98854567 0.00485952325825 2.00659480376 
16 9998.98706938 0.00340689326018 2.00952372669 
17 9998.98603441 0.00238851623505 2.01157706955 
18 9998.98530879 0.00167452682553 2.01301667875 
19 9998.98480011 0.00117399416259 2.01402589733 
20 9998.98444346 0.000823065994778 2.01473346996 
21 9998.9841934 0.000577013595805 2.01522958271 
22 9998.98401811 0.000404530186811 2.0155773591 
23 9998.98389521 0.000283601735828 2.0158211858 
24 9998.98380905 0.000198820457398 2.01599212935 
25 9998.98374866 0.000139397092249 2.01611194402 
26 9998.9837063 9.77175661234e-05 2.01619598199 
27 9998.98367656 6.8449612926e-05 2.01625499463 
28 9998.98365575 4.79765355692e-05 2.01629627427 
29 9998.98364121 3.36713231603e-05 2.01632511771 
30 9998.983631 2.36202979441e-05 2.01634538348 
31 9998.98362383 1.65695882735e-05 2.01635959975 
32 9998.98361882 1.16410334116e-05 2.01636953714 
33 9998.98361532 8.19550837936e-06 2.01637648431 
34 9998.98361284 5.75791358237e-06 2.01638139921 
35 9998.98361108 4.01911637177e-06 2.01638490513 
36 9998.98360981 2.77015479078e-06 2.01638742339 
37 9998.98360896 1.93897869398e-06 2.01638909929 
38 9998.98360835 1.33554970013e-06 2.01639031597 
39 9998.98360794 9.33490405656e-07 2.01639112664 
40 9998.98360766 6.57465265745e-07 2.01639168319 
41 9998.98360747 4.71870762801e-07 2.0163920574 
42 9998.98360734 3.3861227406e-07 2.01639232609 
43 9998.98360724 2.41592989456e-07 2.01639252171 
44 9998.98360717 1.7191594377e-07 2.01639266219 
45 9998.98360711 1.21525792972e-07 2.0163927638 
46 9998.98360708 8.59557145678e-08 2.01639283552 
47 9998.98360705 6.10295237498e-08 2.01639288577 
48 9998.98360704 4.32175445566e-08 2.01639292169 
49 9998.98360702 2.34525551149e-08 2.01639296154 
50 9998.983607 4.96577435171e-09 2.01639299881 
51 9998.98360698 -9.77241153081e-09 2.01639302853 
52 9998.98360697 -2.07620025327e-08 2.01639305069 
53 9998.98360696 -2.80029986538e-08 2.01639306529 
54 9998.98360696 -3.14953998943e-08 2.01639307233 
55 9998.98360696 -3.12392062541e-08 2.01639307181 
56 9998.98360696 -2.72344177333e-08 2.01639306374 
57 9998.98360697 -2.41682275598e-08 2.01639305756 
58 9998.98360696 -2.65170294774e-08 2.01639306229 
59 9998.98360696 -2.78499922668e-08 2.01639306498 
60 9998.98360696 -2.81671159278e-08 2.01639306562 
61 9998.98360696 -2.74684004604e-08 2.01639306421 
62 9998.98360696 -2.57538458647e-08 2.01639306075 
63 9998.98360697 -2.30234521406e-08 2.01639305525 
64 9998.98360697 -1.92772192882e-08 2.0163930477 
65 9998.98360698 -1.58971255582e-08 2.01639304088 
66 9998.98360698 -1.44685743282e-08 2.016393038 
67 9998.98360698 -1.30400230981e-08 2.01639303512 
68 9998.98360698 -1.16114718681e-08 2.01639303224 
69 9998.98360698 -1.01829206381e-08 2.01639302936 
70 9998.98360698 -8.75436940807e-09 2.01639302648 
