Time S I R
0.0  10000 1 0
1 9999.04261807 1.40343220634 0.553949728518 
2 9997.69921431 1.96944112637 1.33134456312 
3 9995.81443734 2.7633677415 2.42219491983 
4 9993.17070024 3.87664527885 3.95265447688 
5 9989.46351734 5.43705748941 6.09942517123 
6 9984.26739941 7.62284503516 9.1097555586 
7 9976.98869742 10.6820520171 13.3292505638 
8 9966.8013756 14.9585670411 19.2400573605 
9 9952.56001024 20.9267855048 27.5132042516 
10 9932.68423885 29.2364393038 39.0793218458 
11 9905.0088162 40.7683576288 55.2228261734 
12 9866.59647022 56.6992741185 77.7042556624 
13 9813.51814733 78.5682203256 108.913632346 
14 9740.62214497 108.326071574 152.051783457 
15 9641.3443837 148.331445525 211.324170771 
16 9507.66281925 201.228750248 292.108430504 
17 9330.36530451 269.614620841 401.020074645 
18 9099.85982307 355.387171673 545.753005253 
19 8807.74366838 458.72575289 734.53057873 
20 8449.15668523 576.827803241 975.015511534 
21 8025.49814281 702.847774106 1272.65408308 
22 7546.49391623 825.789186227 1628.71689754 
23 7030.31469763 932.033548413 2038.65175396 
24 6500.99598063 1008.46013898 2491.54388039 
25 5983.79352461 1046.01389939 2971.19257599 
26 5500.33298073 1042.04240626 3458.62461301 
27 5065.44467117 1000.37372978 3935.18159905 
28 4686.42647879 929.421384473 4385.15213674 
29 4364.21607467 839.498967067 4797.28495827 
30 4095.40746666 740.489949902 5165.10258344 
31 3874.22478666 640.440615334 5486.33459801 
32 3694.01789909 545.064190122 5761.91791079 
33 3548.20966014 457.868602371 5994.92173749 
34 3430.7984279 380.586242855 6189.61532924 
35 3336.56403184 313.676900474 6350.75906769 
36 3261.1004694 256.779178255 6483.12035234 
37 3200.76082238 209.061796839 6591.17738078 
38 3152.5639913 169.473513843 6678.96249486 
39 3114.09350494 136.905701904 6750.00079315 
40 3083.40137581 110.290597695 6807.30802649 
41 3058.9230839 88.6535034741 6853.42341263 
42 3039.405112 71.1358059339 6890.45908207 
43 3023.84484036 56.9994021415 6920.1557575 
44 3011.44111498 45.6211344697 6943.93775055 
45 3001.55447074 36.4816038753 6962.96392538 
46 2993.67465142 29.1522988156 6978.17304977 
47 2987.3946309 23.2823065248 6990.32306257 
48 2982.38975117 18.5858840264 7000.02436481 
49 2978.4011556 14.8314552845 7007.76738912 
50 2975.22255762 11.8320419211 7013.94540046 
51 2972.68949948 9.43705085917 7018.87344967 
52 2970.67089309 7.52546665512 7022.80364025 
53 2969.06228269 6.00022745388 7025.93748985 
54 2967.78039913 4.78356511945 7028.43603575 
55 2966.75888632 3.81325324664 7030.42786043 
56 2965.94486068 3.03953782259 7032.0156015 
57 2965.29618018 2.42266796061 7033.28115186 
58 2964.77926301 1.93090157274 7034.28983542 
59 2964.36734454 1.5388991897 7035.09375627 
60 2964.0390976 1.22644283082 7035.73445957 
61 2963.7775269 0.977404374327 7036.24506873 
62 2963.56908841 0.778920217478 7036.65199137 
63 2963.40298989 0.620733508385 7036.9762766 
64 2963.27063093 0.494666209777 7037.23470286 
65 2963.16515796 0.394198617541 7037.44064342 
66 2963.08110978 0.314133824895 7037.60475639 
67 2963.01413435 0.250329289739 7037.73553636 
68 2962.96076367 0.19948328647 7037.83975305 
69 2962.91823424 0.158964349807 7037.92280141 
70 2962.88434378 0.126675142817 7037.98898108 
