Time S I R
0.0  10000 1 0
1 9996.85597012 2.55312490618 1.59090497282 
2 9988.83731396 6.51200849176 5.65067754365 
3 9968.43971458 16.567781017 15.9925044052 
4 9916.89634305 41.883449198 42.2202077503 
5 9788.80298025 104.201883515 107.995136231 
6 9483.18613352 249.343991205 268.469875274 
7 8819.2623974 546.054275586 635.683327016 
8 7625.76137701 1003.90577904 1371.33284395 
9 6043.03420974 1409.70963265 2548.25615761 
10 4569.10047382 1469.11805672 3962.78146946 
11 3533.5451629 1204.36350083 5263.09133627 
12 2909.37442763 845.191414469 6246.4341579 
13 2554.23079803 541.680784622 6905.08841735 
14 2354.81251542 329.829322803 7316.35816178 
15 2242.69411364 195.13947499 7563.16641137 
16 2179.40124731 113.596703282 7708.00204941 
17 2143.54620265 65.5251791476 7791.9286182 
18 2123.18585995 37.6005896263 7840.21355042 
19 2111.60692813 21.5128908409 7867.88018102 
20 2105.01608008 12.287775269 7883.69614465 
21 2101.26253499 7.01184472218 7892.72562029 
22 2099.12421255 3.99903131421 7897.87675613 
23 2097.90583696 2.28003966825 7900.81412338 
24 2097.211561 1.29973053708 7902.48870846 
25 2096.8159135 0.740833072561 7903.44325343 
26 2096.59043842 0.422243062065 7903.98731852 
27 2096.46194025 0.24065254197 7904.29740721 
28 2096.3887084 0.137154552626 7904.47413704 
29 2096.34697289 0.0781673185702 7904.57485979 
30 2096.32318738 0.0445489770074 7904.63226364 
31 2096.30963173 0.0253891814733 7904.66497909 
32 2096.30190619 0.0144696810468 7904.68362413 
33 2096.2975033 0.00824647737102 7904.69425022 
34 2096.29499407 0.00469982389658 7904.70030611 
35 2096.29356403 0.00267854102474 7904.70375743 
36 2096.29274901 0.00152655123163 7904.70572444 
37 2096.29228452 0.000870021473349 7904.70684546 
38 2096.29201977 0.000495813774776 7904.70748442 
39 2096.2918689 0.000282565034575 7904.70784854 
40 2096.29178291 0.000161034266668 7904.70805605 
41 2096.29173389 9.17374309478e-05 7904.70817437 
42 2096.29170595 5.22435950969e-05 7904.70824181 
43 2096.29169004 2.97658652557e-05 7904.70828019 
44 2096.29168102 1.70093161633e-05 7904.70830197 
45 2096.29167587 9.73716506418e-06 7904.70831439 
46 2096.29167292 5.56406163241e-06 7904.70832152 
47 2096.29167118 3.10243839772e-06 7904.70832572 
48 2096.29167023 1.75584481625e-06 7904.70832802 
49 2096.29166968 9.86990192683e-07 7904.70832933 
50 2096.29166939 5.74107704165e-07 7904.70833004 
51 2096.29166922 3.39040775676e-07 7904.70833044 
52 2096.29166912 1.98230346576e-07 7904.70833068 
53 2096.29166907 1.14716770685e-07 7904.70833082 
54 2096.29166903 6.64299806026e-08 7904.7083309 
55 2096.29166901 3.57557269603e-08 7904.70833095 
56 2096.29166899 3.77995501693e-09 7904.70833101 
57 2096.29166897 -1.81069658559e-08 7904.70833105 
58 2096.29166896 -2.99050356581e-08 7904.70833107 
59 2096.29166896 -3.16142543897e-08 7904.70833107 
60 2096.29166897 -2.36218947658e-08 7904.70833106 
61 2096.29166896 -2.7795594148e-08 7904.70833106 
62 2096.29166896 -2.91875120986e-08 7904.70833107 
63 2096.29166896 -2.77976486177e-08 7904.70833106 
64 2096.29166897 -2.36260037051e-08 7904.70833106 
65 2096.29166897 -1.66725773609e-08 7904.70833104 
66 2096.29166897 -1.49532193516e-08 7904.70833104 
67 2096.29166898 -1.24900810959e-08 7904.70833104 
68 2096.29166898 -1.00269428402e-08 7904.70833103 
69 2096.29166898 -7.56380458455e-09 7904.70833103 
70 2096.29166898 -5.10066632886e-09 7904.70833102 
