Time S I R
0.0  10000 1 0
1 9995.68387403 5.03579946815 0.280326498775 
2 9973.99726295 25.3120600257 1.69067702174 
3 9866.20213762 126.051099768 8.74676261088 
4 9357.82314821 600.078123997 43.0987277967 
5 7445.64559674 2363.82621077 191.528192499 
6 3750.23779988 5613.90479149 636.857408629 
7 1171.75342485 7436.99755226 1392.24902289 
8 318.661317418 7444.55122572 2237.78745686 
9 92.1742879689 6865.5537881 3043.27192393 
10 29.8022108257 6194.723786 3776.47400318 
11 10.8001517473 5554.59496107 4435.60488718 
12 4.35158747596 4970.70537147 5025.94304105 
13 1.92962947453 4445.057438 5554.01293252 
14 0.932724113598 3973.90076949 6026.16650639 
15 0.486572985883 3552.26720561 6448.24622141 
16 0.272139979672 3175.19611703 6825.53174299 
17 0.161882027631 2838.07446274 7162.76365523 
18 0.101768238928 2536.71034261 7464.18788915 
19 0.067218988781 2267.32934259 7733.60343842 
20 0.0463470451668 2026.54439108 7974.40926188 
21 0.0332414425993 1811.32379514 8189.64296341 
22 0.0247254064379 1618.95775213 8382.01752247 
23 0.0189680809272 1447.01954698 8553.96148494 
24 0.0149735095874 1293.34028753 8707.64473896 
25 0.0121370209163 1155.98220884 8845.00565414 
26 0.0101022211038 1033.21398651 8967.77591127 
27 0.00849862635005 923.481005368 9077.51049601 
28 0.00731872972756 825.403115254 9175.58956602 
29 0.00639338504334 737.741133646 9263.25247297 
30 0.00566549390896 659.389194429 9341.60514008 
31 0.00508709855058 589.358609648 9411.63630325 
32 0.00461941801223 526.765576077 9474.22980451 
33 0.00423795132701 470.82029705 9530.175465 
34 0.0039238911595 420.816657479 9580.17941863 
35 0.00366302841576 376.123660566 9624.87267641 
36 0.00344449773911 336.177301908 9664.81925359 
37 0.00326023600792 300.47343345 9700.52330631 
38 0.00310390012237 268.561497591 9732.43539851 
39 0.00297052387214 240.038790542 9760.95823893 
40 0.00285616807741 214.545353727 9786.4517901 
41 0.00275768244865 191.759427046 9809.23781527 
42 0.00267253119455 171.393476966 9829.6038505 
43 0.00259863237625 153.19042291 9847.80697846 
44 0.00253432570935 136.920708573 9864.0767571 
45 0.00247819630931 122.378938108 9878.6185837 
46 0.00242908390464 109.381592428 9891.61597849 
47 0.00238601277124 97.7646361427 9903.23297784 
48 0.00234816266493 87.3814636902 9913.61618815 
49 0.00231484099095 78.1010485541 9922.8966366 
50 0.00228545885329 69.8062657642 9931.19144878 
51 0.00225951293396 62.3924335279 9938.60530696 
52 0.00223657128117 55.76597968 9945.23178375 
53 0.00221626341772 49.843297446 9951.15448629 
54 0.0021982687831 44.5496459005 9956.44815583 
55 0.00218230902465 39.8182138247 9961.17960387 
56 0.00216814234227 35.589284072 9965.40854779 
57 0.00215555816794 31.8094928376 9969.1883516 
58 0.00214437233444 28.4311344049 9972.56672122 
59 0.00213442370296 25.4115812834 9975.58628429 
60 0.00212557072155 22.7127214165 9978.28515301 
61 0.0021176891114 20.300498255 9980.69738406 
62 0.00211066927659 18.1444635195 9982.85342581 
63 0.00210441472882 16.2174152953 9984.78048029 
64 0.00209884011201 14.4950287387 9986.50287242 
65 0.00209387008726 12.9555724319 9988.0423337 
66 0.00208943784855 11.5796132311 9989.41829733 
67 0.00208548430055 10.3497909395 9990.64812358 
68 0.00208195695814 9.25058074223 9991.7473373 
69 0.00207880930611 8.26811529825 9992.72980589 
70 0.00207599997339 7.38999187578 9993.60793212 
