Time S I R
0.0  10000 1 0
1 9998.49192036 1.63032084683 0.877758790123 
2 9996.03403403 2.65734157561 2.30862439605 
3 9992.02983873 4.32972939185 4.64043187951 
4 9985.51101533 7.05037408412 8.43861058396 
5 9974.91031524 11.4693006718 14.620384092 
6 9957.70322966 18.6281134013 24.6686569341 
7 9929.85520253 30.1771204158 40.9676770576 
8 9885.00079534 48.6825834 67.3166212621 
9 9813.30698727 78.0118073817 109.681205348 
10 9700.10472287 123.687435214 177.207841917 
11 9524.74888738 192.869434412 283.381678206 
12 9260.9526974 293.203272815 446.844029783 
13 8880.91525183 429.372256423 690.71249175 
14 8365.68108868 596.767663623 1038.5512477 
15 7720.51998535 774.844126709 1505.63588794 
16 6985.85440655 927.547568446 2087.598025 
17 6230.29014456 1016.9344645 2753.77539094 
18 5525.16394696 1023.02814793 3452.80790511 
19 4919.14240099 952.898928235 4128.95867077 
20 4429.97438408 832.485967702 4738.53964821 
21 4052.00045356 691.42012292 5257.57942352 
22 3768.10236848 552.562744192 5680.33488733 
23 3558.55816243 429.112973543 6013.32886403 
24 3405.49833673 326.303633005 6269.19803027 
25 3294.37674207 244.352830237 6462.2704277 
26 3213.98835258 180.963191461 6606.04845596 
27 3155.95325495 132.946895118 6712.09984994 
28 3114.10668203 97.1073124735 6789.7860055 
29 3083.95489867 70.6339511358 6846.41115019 
30 3062.23924411 51.2235442063 6887.53721168 
31 3046.60373944 37.0668507521 6917.32940981 
32 3035.3480663 26.7808917747 6938.87104192 
33 3027.24622896 19.3275745773 6954.42619647 
34 3021.41497801 13.9373129076 6965.64770908 
35 3017.21818026 10.0444957818 6973.73732396 
36 3014.19782946 7.23594998853 6979.56622055 
37 3012.02420311 5.21113585458 6983.76466104 
38 3010.45995017 3.75210125864 6986.78794857 
39 3009.33425757 2.70115503456 6988.96458739 
40 3008.52417213 1.94435579118 6990.53147207 
41 3007.94121101 1.39947995654 6991.65930903 
42 3007.52169754 1.0072383704 6992.47106409 
43 3007.21980683 0.724903023336 6993.05529014 
44 3007.00255989 0.521692237169 6993.47574788 
45 3006.8462248 0.375439046197 6993.77833615 
46 3006.73372317 0.270182795718 6993.99609404 
47 3006.65276486 0.194433368041 6994.15280177 
48 3006.59450603 0.139920308373 6994.26557366 
49 3006.55258194 0.100690388337 6994.34672768 
50 3006.52241267 0.0724591949015 6994.40512813 
51 3006.50070238 0.0521432042919 6994.44715442 
52 3006.48507927 0.0375232774802 6994.47739745 
53 3006.47383665 0.0270024608775 6994.49916089 
54 3006.46574628 0.0194314629164 6994.51482226 
55 3006.45992431 0.0139832201956 6994.52609247 
56 3006.45573473 0.010062562517 6994.5342027 
57 3006.45271981 0.00724115812037 6994.54003903 
58 3006.45055033 0.00521092308073 6994.54423875 
59 3006.44898912 0.00374991408545 6994.54726097 
60 3006.4478656 0.00269850617406 6994.54943589 
61 3006.4470571 0.00194190135887 6994.551001 
62 3006.44647532 0.00139745862098 6994.55212722 
63 3006.44605663 0.00100563790931 6994.55293773 
64 3006.4457553 0.00072364918218 6994.55352105 
65 3006.44553848 0.000520741309399 6994.55394078 
66 3006.44538245 0.000374729181412 6994.55424282 
67 3006.44527016 0.000269648579927 6994.55446019 
68 3006.44518937 0.000194044705577 6994.55461658 
69 3006.44513125 0.000139651622668 6994.5547291 
70 3006.44508934 0.000100426795527 6994.55481024 
