Time S I R
0.0  10000 1 0
1 9998.53642555 1.65395692535 0.809617523061 
2 9996.11646624 2.7349874107 2.14854635074 
3 9992.1168082 4.5209811712 4.36221063024 
4 9985.51074199 7.46889030428 8.02036770597 
5 9974.61202116 12.3270719552 14.0609068853 
6 9956.66445993 20.31292468 24.0226153911 
7 9927.19890327 33.3847587994 40.416337929 
8 9879.06399225 54.6339353336 67.3020724185 
9 9801.06620863 88.7867209287 111.147070445 
10 9676.32075504 142.678323617 182.000921338 
11 9480.90563575 225.242803486 294.851560768 
12 9184.4501154 345.977606803 470.572277795 
13 8755.67277516 510.2998572 735.027367644 
14 8175.77402487 711.15383684 1114.07213829 
15 7457.08896602 920.89552006 1623.01551392 
16 6653.48912228 1093.78558828 2253.72528944 
17 5846.75395133 1185.56269074 2968.68335793 
18 5113.57946045 1177.6049898 3709.81554975 
19 4499.15504709 1083.95850083 4417.88645208 
20 4013.73430737 937.874105899 5049.39158673 
21 3644.86959842 773.505012239 5582.62538934 
22 3371.14247888 615.403537956 6014.45398316 
23 3170.74601859 476.810735898 6353.44324551 
24 3025.10144225 362.357516899 6613.54104085 
25 2919.64175459 271.543330578 6809.81491484 
26 2843.41383815 201.435561758 6956.15060009 
27 2788.35620909 148.33739162 7064.30639929 
28 2748.59933562 108.659252443 7143.74141194 
29 2719.89174144 79.2908622207 7201.81739634 
30 2699.16119588 57.7007098651 7244.13809425 
31 2684.18967936 41.9057572655 7274.90456337 
32 2673.37631345 30.3907336221 7297.23295293 
33 2665.56560487 22.0169540546 7313.41744108 
34 2659.92341259 15.938490303 7325.1380971 
35 2655.84748134 11.5319179029 7333.62060076 
36 2652.90291296 8.34037500906 7339.75671204 
37 2650.77560545 6.03040599415 7344.19398856 
38 2649.23869915 4.35932001231 7347.40198084 
39 2648.12832265 3.15084353611 7349.72083382 
40 2647.32609313 2.27713312325 7351.39677375 
41 2646.74649129 1.64557084409 7352.60793787 
42 2646.32773284 1.18910615551 7353.483161 
43 2646.02518087 0.859225315294 7354.11559382 
44 2645.80658728 0.620841620475 7354.5725711 
45 2645.64865347 0.448585947734 7354.90276058 
46 2645.53454585 0.324118462522 7355.14133569 
47 2645.45210272 0.234183896588 7355.31371339 
48 2645.39253734 0.169202598073 7355.43826006 
49 2645.34950111 0.122251583305 7355.52824731 
50 2645.31840721 0.0883283271998 7355.59326447 
51 2645.29594175 0.0638181730008 7355.64024008 
52 2645.27971036 0.0461092267922 7355.67418042 
53 2645.26798308 0.0333142844875 7355.69870263 
54 2645.25951007 0.024069809146 7355.71642012 
55 2645.25338828 0.0173906031655 7355.72922111 
56 2645.24896526 0.0125648191064 7355.73846992 
57 2645.2457696 0.00907815445912 7355.74515225 
58 2645.24346069 0.00655898198479 7355.74998033 
59 2645.24179258 0.0047389629941 7355.75346846 
60 2645.24058735 0.00342398328344 7355.75598866 
61 2645.23971652 0.00247384638063 7355.75780963 
62 2645.23908735 0.00178737558882 7355.75912528 
63 2645.23863277 0.00129140072443 7355.76007583 
64 2645.23830434 0.000933061419005 7355.7607626 
65 2645.23806702 0.000674124440153 7355.76125886 
66 2645.23789556 0.000487047560808 7355.7616174 
67 2645.23777168 0.000351894247931 7355.76187642 
68 2645.23768217 0.00025422320172 7355.76206361 
69 2645.23761751 0.000183683716011 7355.7621988 
70 2645.23757081 0.000132724935257 7355.76229647 
