Time S I R
0.0  10000 1 0
1 9999.39795199 1.27178091465 0.330267092217 
2 9998.63234674 1.61736731397 0.750285942637 
3 9997.65880536 2.05676750785 1.28442713444 
4 9996.42095151 2.61538792354 1.96366056522 
5 9994.84717353 3.32548318918 2.82734327786 
6 9992.84655719 4.22797337896 3.92546942879 
7 9990.30372303 5.37474382682 5.32153314811 
8 9987.07238459 6.83150414534 7.09611126609 
9 9982.96713635 8.68141437722 9.35144927485 
10 9977.75329113 11.0295440143 12.2171648544 
11 9971.13418717 14.008393859 15.8574189684 
12 9962.73540281 17.7846877687 20.4799094189 
13 9952.08540726 22.5675729188 26.3470198204 
14 9938.59198858 28.6184090469 33.7896023707 
15 9921.51392764 36.2621997278 43.2238726325 
16 9899.92763415 45.9005199056 55.1718459425 
17 9872.6887684 58.0254901598 70.285741437 
18 9838.38975065 73.2337564891 89.3764928598 
19 9795.31529376 92.2385758811 113.446130356 
20 9741.4001478 115.876805939 143.723046258 
21 9674.19622288 145.105805356 181.697971766 
22 9590.86021356 180.983053217 229.156733219 
23 9488.17773305 224.618879037 288.203387909 
24 9362.64484072 277.090913982 361.264245295 
25 9210.63094131 339.309137117 451.059921576 
26 9028.64522399 411.824929577 560.529846436 
27 8813.71775871 494.589046926 692.69319436 
28 8563.88199891 586.683620948 850.434380137 
29 8278.70691533 686.080584485 1036.21250019 
30 7959.78216998 789.504516408 1251.71331362 
31 7611.02489062 892.487936825 1497.48717256 
32 7238.67732268 989.683041343 1772.63963598 
33 6850.9193731 1075.42901502 2074.65161188 
34 6457.12282427 1144.48442956 2399.39274617 
35 6066.88614962 1192.76012779 2741.35372259 
36 5689.07007184 1217.861539 3094.06838916 
37 5331.02113675 1219.32716166 3450.6517016 
38 4998.12851534 1198.51511971 3804.35636495 
39 4693.7241329 1158.22243245 4149.05343465 
40 4419.26160404 1102.16024682 4479.57814914 
41 4174.6655397 1034.41675582 4791.91770448 
42 3958.73750039 959.010601453 5083.25189815 
43 3769.5456235 879.570088294 5351.8842882 
44 3604.75140943 799.150404194 5597.09818637 
45 3461.85736463 720.166753733 5818.97588164 
46 3338.37761916 644.409218922 6018.21316192 
47 3231.94803426 573.107283625 6195.94468211 
48 3140.38759864 507.019156859 6353.5932445 
49 3061.72702323 446.527067951 6492.74590882 
50 2994.21504643 391.727349422 6615.05760415 
51 2936.31134162 342.509275624 6722.17938276 
52 2886.67185084 298.620293608 6815.70785555 
53 2844.1303286 259.718171274 6897.15150013 
54 2807.67902669 225.410234072 6967.91073924 
55 2776.44968837 195.282714809 7029.26759682 
56 2749.69588181 168.921438533 7082.38267966 
57 2726.77668648 145.92589615 7128.29741737 
58 2707.14245917 125.918296141 7167.93924469 
59 2690.32204001 108.548680611 7202.12927938 
60 2675.91176109 93.4974533431 7231.59078556 
61 2663.56586845 80.475965931 7256.95816562 
62 2652.98824803 69.225811929 7278.78594004 
63 2643.92530143 59.517292755 7297.55740581 
64 2636.15987276 51.1474580986 7313.69266914 
65 2629.50598586 43.9378224187 7327.55619172 
66 2623.8043647 37.7320493575 7339.46358594 
67 2618.91859401 32.3936618231 7349.68774417 
68 2614.73183409 27.8038545502 7358.46431136 
69 2611.14399751 23.859439351 7365.99656314 
70 2608.06934925 20.4709763994 7372.45967435 
