Time S I R
0.0  10000 1 0
1 9999.51935587 0.704739479617 0.775904651773 
2 9999.18064258 0.496644923126 1.32271249769 
3 9998.94195634 0.34999263542 1.7080510225 
4 9998.773754 0.246641156943 1.97960484021 
5 9998.65522323 0.173807495053 2.17096927722 
6 9998.57169624 0.122481266664 2.30582248897 
7 9998.51283577 0.0863116073353 2.40085261991 
8 9998.47135748 0.0608229321262 2.46781958671 
9 9998.4421283 0.0428612486291 2.51501044825 
10 9998.42153114 0.0302039583516 2.54826490384 
11 9998.40701635 0.0212843467914 2.57169930207 
12 9998.39678801 0.0149988189198 2.58821316771 
13 9998.38958025 0.0105694856891 2.59985026672 
14 9998.38450126 0.007448331669 2.60805040428 
15 9998.38092186 0.00524870255218 2.61382943621 
16 9998.37839951 0.00369865712022 2.61790183074 
17 9998.3766221 0.00260639344401 2.62077150603 
18 9998.37536955 0.0018366698545 2.62279377984 
19 9998.37448695 0.00129429166832 2.62421875502 
20 9998.37386497 0.000912068062396 2.62522296038 
21 9998.37342663 0.000642694598216 2.62593067767 
22 9998.37311777 0.000452892388211 2.62642933963 
23 9998.37290012 0.000319139123033 2.62678074576 
24 9998.37274674 0.000224883157588 2.62702838177 
25 9998.37263868 0.000158478486366 2.62720284486 
26 9998.37256251 0.000111672024764 2.62732581813 
27 9998.37250873 7.86234106383e-05 2.6274126458 
28 9998.37247092 5.53893802878e-05 2.6274736879 
29 9998.37244437 3.90690465779e-05 2.62751656585 
30 9998.37242561 2.75416068658e-05 2.62754685156 
31 9998.3724124 1.94237162567e-05 2.62756817946 
32 9998.3724031 1.37110465574e-05 2.62758318819 
33 9998.37239657 9.69695808315e-06 2.62759373429 
34 9998.37239195 6.86049015604e-06 2.62760118646 
35 9998.37238862 4.81520278167e-06 2.62760655998 
36 9998.37238619 3.32182695274e-06 2.62761048349 
37 9998.37238461 2.34911317247e-06 2.62761303907 
38 9998.37238344 1.63096720575e-06 2.62761492583 
39 9998.37238264 1.13987572161e-06 2.62761621606 
40 9998.3723821 8.04210434237e-07 2.62761709795 
41 9998.37238173 5.78923008926e-07 2.62761768984 
42 9998.37238147 4.16322713067e-07 2.62761811703 
43 9998.37238128 2.99821593941e-07 2.62761842312 
44 9998.37238114 2.14620991618e-07 2.62761864696 
45 9998.37238104 1.52465038647e-07 2.62761881026 
46 9998.37238097 1.08619917574e-07 2.62761892545 
47 9998.37238091 7.71698664321e-08 2.62761900808 
48 9998.37238088 5.50502974382e-08 2.6276190662 
49 9998.37238085 3.93849270489e-08 2.62761910735 
50 9998.37238083 2.8072745024e-08 2.62761913707 
51 9998.37238081 1.50699369655e-08 2.62761917123 
52 9998.37238079 2.13216251682e-09 2.62761920523 
53 9998.37238078 -8.56332185888e-09 2.62761923333 
54 9998.37238076 -1.70165161616e-08 2.62761925553 
55 9998.37238075 -2.32274203914e-08 2.62761927185 
56 9998.37238074 -2.71960345482e-08 2.62761928228 
57 9998.37238074 -2.89223586321e-08 2.62761928681 
58 9998.37238074 -2.8406392643e-08 2.62761928546 
59 9998.37238075 -2.56481365809e-08 2.62761927821 
60 9998.37238076 -2.06475904459e-08 2.62761926507 
61 9998.37238076 -2.02640443878e-08 2.62761926407 
62 9998.37238075 -2.13761285094e-08 2.62761926699 
63 9998.37238075 -2.19489037154e-08 2.62761926849 
64 9998.37238075 -2.19823700058e-08 2.62761926858 
65 9998.37238075 -2.14765273807e-08 2.62761926725 
66 9998.37238076 -2.043137584e-08 2.62761926451 
67 9998.37238076 -1.88469153838e-08 2.62761926034 
68 9998.37238076 -1.6723146012e-08 2.62761925476 
69 9998.37238077 -1.40600677246e-08 2.62761924777 
70 9998.37238077 -1.08576805217e-08 2.62761923935 
