Time S I R
0.0  10000 1 0
1 9998.17622015 2.46980889506 0.353970955024 
2 9993.67402256 6.09791441816 1.22806302282 
3 9982.57141119 15.0432933192 3.38529548625 
4 9955.26204407 37.0362363394 8.70171959204 
5 9888.51018811 90.7315998942 21.7582120003 
6 9727.82895162 219.619017594 53.5520307848 
7 9354.87512977 516.705266709 129.419603518 
8 8557.57008231 1141.13134018 302.298577511 
9 7115.00985045 2225.42201843 660.568131124 
10 5140.06169299 3569.37122166 1291.56708535 
11 3235.82158464 4575.4965768 2189.68183856 
12 1891.63903584 4877.84218477 3231.51877939 
13 1105.99023123 4621.91665234 4273.09311643 
14 677.169166825 4098.6847305 5225.14610267 
15 441.974957156 3505.85101369 6053.17402915 
16 308.027200548 2939.08453677 6753.88826268 
17 228.002249601 2435.28966215 7337.70808825 
18 177.863593006 2003.48648357 7819.64992342 
19 145.066980878 1640.73353869 8215.19948044 
20 122.797930989 1339.57918069 8538.62288832 
21 107.191897506 1091.40950469 8802.3985978 
22 95.9633012662 887.892557377 9017.14414136 
23 87.7063756127 721.544041338 9191.74958305 
24 81.5248677467 585.890559747 9333.58457251 
25 76.8288938164 475.452382072 9448.71872411 
26 73.2184856639 385.652817444 9542.12869689 
27 70.4154793833 312.702008437 9617.88251218 
28 68.2219680914 253.480046351 9679.29798556 
29 66.4942717923 205.429058602 9729.07666961 
30 65.1263661822 166.458073157 9769.41556066 
31 64.0387047113 134.861596451 9802.09969884 
32 63.1708849351 109.250715597 9828.57839947 
33 62.4765304178 88.4957429459 9850.02772664 
34 61.919705938 71.6786993642 9867.4015947 
35 61.4723511666 58.0541859467 9881.47346289 
36 61.1124071588 47.0172671559 9892.87032569 
37 60.822444195 38.0772409424 9902.10031486 
38 60.5886284741 30.8362109946 9909.57516053 
39 60.3999358189 24.9715651181 9915.62849906 
40 60.2475625453 20.2219213413 9920.53051611 
41 60.1244541471 16.3754245813 9924.50012127 
42 60.0249476096 13.2604176064 9927.71463478 
43 59.9444908213 10.737855139 9930.31765404 
44 59.8794187915 8.69509402688 9932.42548718 
45 59.8267779709 7.04090030721 9934.13232172 
46 59.7841858041 5.70137745505 9935.51443674 
47 59.7497190385 4.61667721517 9936.63360375 
48 59.7218242719 3.73833087494 9937.53984485 
49 59.6992461981 3.02708573255 9938.27366807 
50 59.680970049 2.45115474022 9938.86787521 
51 59.6661752192 1.98479625194 9939.34902853 
52 59.6541979604 1.60716504327 9939.738637 
53 59.6445012864 1.3013811249 9940.05411759 
54 59.6366506884 1.05377550063 9940.30957381 
55 59.630294533 0.853279534221 9940.51642593 
56 59.6251482205 0.690930210475 9940.68392157 
57 59.6209814027 0.559470143716 9940.81954845 
58 59.6176075988 0.453022143386 9940.92937026 
59 59.6148758543 0.366827414607 9941.01829673 
60 59.612663961 0.297032564321 9941.09030347 
61 59.6108729757 0.240517233794 9941.14860979 
62 59.6094227947 0.194754846767 9941.19582236 
63 59.6082485559 0.157699343972 9941.2340521 
64 59.607297757 0.127694391631 9941.26500785 
65 59.6065278756 0.10339840236 9941.29007372 
66 59.6059044835 0.0837250999687 9941.31037042 
67 59.6053997069 0.0677949653519 9941.32680533 
68 59.6049909764 0.0548958251378 9941.3401132 
69 59.6046600151 0.0444509415706 9941.35088904 
70 59.6043920267 0.035993386896 9941.35961459 
