Time S I R
0.0  10000 1 0
1 9998.45119594 1.4175799544 1.13122410644 
2 9996.25631577 2.00905119351 2.73463303676 
3 9993.14699912 2.8463399283 5.00666095016 
4 9988.74455322 4.03063780952 8.22480896598 
5 9982.51580648 5.70380369364 12.7803898223 
6 9973.71229997 8.06375093258 19.2239491 
7 9961.28804942 11.3846232917 28.3273272846 
8 9943.79027895 16.0423199675 41.1674010827 
9 9919.21909107 22.5446797535 59.2362291734 
10 9884.85610406 31.5630653793 84.5808305577 
11 9837.07295765 43.9566722896 119.970370062 
12 9771.15234878 60.771426199 169.076225021 
13 9681.19228411 83.1808377555 236.62687813 
14 9560.22063771 112.319041624 328.460320664 
15 9400.7066981 148.948333065 451.344968831 
16 9195.67632087 192.930752231 612.392926895 
17 8940.52206476 242.574723588 817.903211654 
18 8635.25744175 294.119788469 1071.62276978 
19 8286.44469885 341.799472697 1372.75582846 
20 7907.65842938 378.869637847 1714.47193277 
21 7517.68315885 399.490029151 2083.826812 
22 7136.78349196 400.648981013 2463.56752703 
23 6782.56844748 383.080576002 2835.35097652 
24 6467.15203078 350.714536081 3183.13343314 
25 6196.3790743 309.120728871 3495.50019682 
26 5970.74219059 263.850463356 3766.40734605 
27 5787.08055005 219.333226471 3994.58622348 
28 5640.27506128 178.479876976 4182.24506175 
29 5524.54363654 142.798095183 4333.65826828 
30 5434.25986173 112.743128151 4453.99701012 
31 5364.38146363 88.1004567434 4548.51807962 
32 5310.61642588 68.2982000313 4622.08537409 
33 5269.43293717 52.624335263 4678.94272756 
34 5237.99211551 40.3584747372 4722.64940975 
35 5214.04942974 30.841506477 4756.10906378 
36 5195.85114916 23.5049471523 4781.64390369 
37 5182.0387415 17.8767654118 4801.08449309 
38 5171.56643137 13.57501768 4815.85855095 
39 5163.63298007 10.2962216927 4827.07079824 
40 5157.62651804 7.80236487341 4835.57111709 
41 5153.08108913 5.90853943533 4842.01037144 
42 5149.64249251 4.47209612987 4846.88541136 
43 5147.04187638 3.38355289757 4850.57457072 
44 5145.07543697 2.55921955985 4853.36534347 
45 5143.58874457 1.93528861503 4855.47596682 
46 5142.46488274 1.46322456726 4857.07189269 
47 5141.61536996 1.1061661785 4858.27846386 
48 5140.97328327 0.836158612017 4859.19055812 
49 5140.4879944 0.632011463073 4859.87999414 
50 5140.12123046 0.4776811208 4860.40108842 
51 5139.8440488 0.361021374111 4860.79492983 
52 5139.63457388 0.27284383409 4861.09258229 
53 5139.47626903 0.206198076627 4861.31753289 
54 5139.3566371 0.155828871387 4861.48753403 
55 5139.26623059 0.117761960346 4861.61600745 
56 5139.19791074 0.0889934420552 4861.71309582 
57 5139.14628173 0.06725234453 4861.78646592 
58 5139.10726618 0.0508223136011 4861.84191151 
59 5139.07778259 0.0384060540778 4861.88381136 
60 5139.05550216 0.0290230607009 4861.91547478 
61 5139.03866517 0.0219323844974 4861.93940244 
62 5139.0259417 0.0165740062087 4861.9574843 
63 5139.01632677 0.0125247353489 4861.9711485 
64 5139.00906092 0.00946474974067 4861.98147433 
65 5139.00357017 0.00715232680671 4861.98927751 
66 5138.99942106 0.00540493427761 4861.995174 
67 5138.99628573 0.00408448518318 4861.99962979 
68 5138.99391629 0.00308659390985 4862.00299712 
69 5138.99212571 0.00233248809645 4862.0055418 
70 5138.99077261 0.00176262775403 4862.00746476 
