Time S I R
0.0  10000 1 0
1 9999.43091153 0.997242773908 0.571845700753 
2 9998.86343361 0.994460943572 1.14210544821 
3 9998.29757844 0.991654815099 1.71076674878 
4 9997.73336015 0.988824747579 2.2778151003 
5 9997.17079387 0.98597112211 2.84323500645 
6 9996.60989208 0.98309427379 3.40701364821 
7 9996.05066705 0.980194534083 3.96913841808 
8 9995.49313169 0.977272247663 4.52959606686 
9 9994.93729817 0.974327763093 5.08837406562 
10 9994.38317888 0.971361427897 5.64545969272 
11 9993.83078589 0.968373590705 6.20084051698 
12 9993.28013118 0.965364600631 6.75450422336 
13 9992.73122623 0.962334808712 7.30643895709 
14 9992.18408257 0.95928456452 7.85663287024 
15 9991.6387112 0.956214218795 8.40507457894 
16 9991.09512336 0.953124122631 8.95175252066 
17 9990.55333 0.950014628005 9.49665537331 
18 9990.01334186 0.946886087779 10.0397720552 
19 9989.47516942 0.943738855701 10.5810917253 
20 9988.93882293 0.940573286399 11.1206037829 
21 9988.4043124 0.937389735392 11.6582978677 
22 9987.87164767 0.934188555265 12.1941637717 
23 9987.34083858 0.930970090993 12.7281913303 
24 9986.81189454 0.927734694917 13.2603707696 
25 9986.28482473 0.924482720129 13.7906925533 
26 9985.75963811 0.921214520039 14.319147372 
27 9985.23634341 0.917930448371 14.845726144 
28 9984.71494913 0.914630859167 15.3704200147 
29 9984.19546354 0.911316106784 15.8932203569 
30 9983.67789476 0.907986543946 16.4141186979 
31 9983.16225118 0.904642510814 16.9331063117 
32 9982.64854071 0.901284354246 17.4501749379 
33 9982.13677099 0.897912422717 17.9653165916 
34 9981.62694945 0.894527064319 18.4785234895 
35 9981.11908332 0.891128626762 18.9897880492 
36 9980.61317965 0.887717457373 19.4991028898 
37 9980.10924527 0.884293903099 20.0064608315 
38 9979.6072868 0.88085831018 20.5118548939 
39 9979.10731074 0.877411015254 21.0152782413 
40 9978.6093234 0.873952356068 21.5167242484 
41 9978.11333082 0.870482672729 22.0161865081 
42 9977.61933888 0.86700230443 22.513658811 
43 9977.12735326 0.863511589449 23.0091351459 
44 9976.63737944 0.860010865151 23.5026096996 
45 9976.14942268 0.856500467985 23.9940768568 
46 9975.66348807 0.852980733489 24.4835312001 
47 9975.17958056 0.849451990578 24.9709674445 
48 9974.69770497 0.84591456387 25.4563804636 
49 9974.21786584 0.842368781559 25.939765381 
50 9973.74006752 0.838814970451 26.4211175128 
51 9973.26431418 0.835253455969 26.9004323677 
52 9972.79060979 0.831684562146 27.3777056468 
53 9972.31895814 0.828108611632 27.8529332439 
54 9971.84936283 0.824525925686 28.3261112452 
55 9971.3818273 0.820936821376 28.797235877 
56 9970.91635496 0.817341607813 29.266303435 
57 9970.4529489 0.813740597896 29.7333105045 
58 9969.99161203 0.810134103138 30.1982538632 
59 9969.53234709 0.806522433294 30.6611304744 
60 9969.07515662 0.802905896353 31.121937487 
61 9968.62004297 0.799284798541 31.5806722351 
62 9968.16700832 0.795659444321 32.0373322385 
63 9967.71605466 0.792030136394 32.4919152026 
64 9967.2671839 0.788397172337 32.9444189271 
65 9966.82039792 0.784760842077 33.394841238 
66 9966.37569827 0.781121438938 33.8431802865 
67 9965.93308634 0.777479254331 34.2894344052 
68 9965.49256332 0.77383457753 34.733602102 
69 9965.05413024 0.770187695666 35.1756820601 
70 9964.61778797 0.76653889373 35.615673138 
