Time S I R
0.0  10000 1 0
1 9999.59803085 1.25991353269 0.142055621305 
2 9999.09161293 1.58735558106 0.321031493316 
3 9998.45362325 1.99985699904 0.546519747348 
4 9997.64990727 2.51949066862 0.830602062988 
5 9996.63747216 3.17403687647 1.18849096221 
6 9995.36218086 3.99846981544 1.63934932653 
7 9993.75591518 5.03678469424 2.20730012837 
8 9991.73296417 6.34432144266 2.92271438767 
9 9989.1855577 7.99063457422 3.82380772837 
10 9985.97820447 10.0631248118 4.9586707163 
11 9981.94069252 12.6715189758 6.38778850877 
12 9976.85938102 15.9534275772 8.18719140666 
13 9970.46634731 20.0812466559 10.4524060358 
14 9962.42602352 25.2706159571 13.3033605276 
15 9952.31877574 31.790748994 16.8904752686 
16 9939.62087143 39.9769340834 21.4021944877 
17 9923.68028458 50.2454704424 27.0742449763 
18 9903.68781658 63.1112337729 34.2009496498 
19 9878.64321945 79.2078735363 43.148907011 
20 9847.31625729 99.3103205689 54.3734221404 
21 9808.2035251 124.358648821 68.4378260742 
22 9759.48270194 155.481474871 86.035823193 
23 9698.9677426 194.015652012 108.01660539 
24 9624.07097781 241.517054723 135.411967465 
25 9531.78161777 299.754570018 169.463812212 
26 9418.67443348 370.67630207 211.649264449 
27 9280.96685127 456.334047679 263.699101056 
28 9114.64749604 558.749524837 327.602979121 
29 8915.69846077 679.70796665 405.593572582 
30 8680.43054637 820.470125526 500.099328105 
31 8405.93312698 981.410842508 613.656030513 
32 8090.61200532 1161.61814551 748.769849161 
33 7734.74892374 1358.5206547 907.730421557 
34 7340.97213899 1567.64379253 1092.38406848 
35 6914.50313109 1782.60677598 1303.89009292 
36 6463.05570784 1995.44738758 1542.49690458 
37 5996.32986231 2197.28900725 1807.38113044 
38 5525.14868267 2379.26281618 2096.58850115 
39 5060.39566482 2533.50610251 2407.09823267 
40 4611.97291407 2654.02031721 2735.00676872 
41 4187.9877261 2737.21103121 3075.80124269 
42 3794.29434168 2782.02948494 3424.67617338 
43 3434.40873824 2789.74720048 3776.84406128 
44 3109.72453567 2763.47543731 4127.80002701 
45 2819.91309028 2707.5698364 4473.51707332 
46 2563.39097279 2627.04345245 4810.56557477 
47 2337.76661092 2527.0697028 5136.16368628 
48 2140.21515117 2412.61205274 5448.17279609 
49 1967.7628502 2288.18267643 5745.05447337 
50 1817.48409901 2157.71176436 6025.80413663 
51 1686.62393083 2024.50199547 6289.8740737 
52 1572.66633287 1891.23932603 6537.09434111 
53 1473.36148881 1760.04088764 6767.59762355 
54 1386.72797335 1632.52065251 6981.75137414 
55 1311.0393171 1509.86177767 7180.09890523 
56 1244.80228818 1392.88816915 7363.30954267 
57 1186.73181127 1282.1307433 7532.13744542 
58 1135.72528473 1177.88621328 7687.38850199 
59 1090.83809592 1080.26794602 7829.89395805 
60 1051.26182737 989.24807355 7960.49009908 
61 1016.3038896 904.693429227 8080.00268117 
62 985.370625498 826.393896528 8189.23547797 
63 957.952281625 754.085536946 8288.96218143 
64 933.610414673 687.468836873 8379.92074845 
65 911.967132931 626.223080909 8462.80978616 
66 892.695992169 570.01733155 8538.28667628 
67 875.514326795 518.518839627 8606.96683358 
68 860.176770379 471.399357169 8669.42387245 
69 846.469807242 428.339714582 8726.19047818 
70 834.207278343 389.032840084 8777.75988157 
