Time S I R
0.0  10000 1 0
1 9999.14455385 1.00500786609 0.850438285674 
2 9998.28492911 1.00996689875 1.7051039894 
3 9997.42116688 1.01487584245 2.56395727669 
4 9996.55331528 1.01973324442 3.42695147981 
5 9995.68141841 1.02453783742 4.29404374964 
6 9994.8055227 1.02928830725 5.16518898897 
7 9993.92567622 1.03398334334 6.04034043889 
8 9993.04192716 1.03862163644 6.91945120231 
9 9992.15432611 1.04320189069 7.80247200161 
10 9991.26292436 1.04772282093 8.68935281942 
11 9990.36777379 1.05218314317 9.58004306292 
12 9989.46892731 1.05658157853 10.4744911145 
13 9988.56643911 1.06091685578 11.3726440368 
14 9987.66036472 1.06518771139 12.274447572 
15 9986.75076046 1.06939290243 13.179846639 
16 9985.83768326 1.07353121158 14.0887855257 
17 9984.92119181 1.07760141802 15.0012067712 
18 9984.001346 1.08160231123 15.9170516934 
19 9983.07820691 1.08553269113 16.8362603981 
20 9982.15183676 1.08939136977 17.758771874 
21 9981.22229716 1.09317719921 18.6845256447 
22 9980.2896511 1.09688903929 19.6134598602 
23 9979.35396303 1.10052575624 20.5455112168 
24 9978.41529838 1.10408623007 21.4806153938 
25 9977.47372359 1.10756935458 22.4187070535 
26 9976.52930588 1.1109740495 23.3597200702 
27 9975.58211281 1.11429928077 24.3035879131 
28 9974.63221326 1.11754401188 25.2502427278 
29 9973.67967709 1.12070722255 26.1996156892 
30 9972.72457506 1.12378791025 27.1516370299 
31 9971.76697886 1.12678509061 28.1062360503 
32 9970.80696033 1.12969782655 29.0633418391 
33 9969.84459212 1.13252520429 30.0228826795 
34 9968.87994797 1.13526631944 30.9847857065 
35 9967.91310251 1.13792028913 31.9489772056 
36 9966.94413114 1.14048625199 32.915382613 
37 9965.97310981 1.14296337726 33.8839268137 
38 9965.00011391 1.14535089695 34.8545351929 
39 9964.02522042 1.14764804174 35.8271315397 
40 9963.0485072 1.14985406199 36.8016387342 
41 9962.07005287 1.15196823221 37.7779788934 
42 9961.08993678 1.15398985104 38.7560733715 
43 9960.108239 1.15591824129 39.7358427596 
44 9959.12504036 1.1577527499 40.7172068858 
45 9958.1404208 1.1594927871 41.7000864115 
46 9957.15445941 1.16113782487 42.6844027676 
47 9956.16723758 1.16268732191 43.6700750966 
48 9955.1788373 1.16414076503 44.6570219394 
49 9954.18934108 1.16549766949 45.6451612494 
50 9953.19883203 1.16675757898 46.6344103923 
51 9952.20739379 1.16792006564 47.6246861459 
52 9951.21511045 1.16898473197 48.6159048227 
53 9950.2220636 1.16995125561 49.6079851432 
54 9949.22833593 1.17081933484 50.6008447376 
55 9948.23401145 1.1715886842 51.5943998696 
56 9947.23917454 1.17225904975 52.5885664106 
57 9946.24390995 1.17283020901 53.5832598392 
58 9945.24830279 1.17330197102 54.5783952415 
59 9944.25243851 1.17367417627 55.5738873112 
60 9943.25640218 1.17394670339 56.5696511183 
61 9942.2602759 1.17411949059 57.5656046084 
62 9941.26414403 1.17419249162 58.5616634791 
63 9940.2680914 1.17416569065 59.5577429135 
64 9939.27220298 1.17403910518 60.5537579135 
65 9938.27656391 1.17381278599 61.5496232999 
66 9937.28125947 1.17348681719 62.5452537119 
67 9936.28637508 1.17306131618 63.5405636077 
68 9935.29199754 1.17253643126 64.5354660281 
69 9934.29820028 1.1719123703 65.5298873523 
70 9933.30507319 1.1711893428 66.5237374633 
