Time S I R
0.0  10000 1 0
1 9997.79897907 2.44795060124 0.75307032774 
2 9992.4143559 5.98954776068 2.59609633815 
3 9979.25948758 14.6376429982 7.10286942588 
4 9947.22983376 35.6692524636 18.1009137764 
5 9869.87983452 86.3128149894 44.8073504893 
6 9686.7162194 205.392017233 108.891763368 
7 9272.37723769 470.175965145 258.446797163 
8 8424.13069226 990.205656924 586.663650812 
9 6989.84804219 1785.9723369 1225.1796209 
10 5181.80501062 2570.06594922 2249.12904015 
11 3546.06197778 2908.1403099 3546.79771232 
12 2405.89281073 2721.21405919 4873.89313008 
13 1712.38877325 2251.43951952 6037.17170723 
14 1306.25996908 1731.4088954 6963.33113552 
15 1065.63886363 1275.51962147 7659.84151491 
16 919.030348169 915.771702573 8166.19794926 
17 827.089620532 647.110138672 8526.8002408 
18 768.016090679 452.673851342 8780.31005798 
19 729.343515591 314.59380777 8957.06267664 
20 703.675050223 217.691457837 9079.63349194 
21 686.468457432 150.204500435 9164.32704213 
22 674.853211243 103.438916218 9222.70787254 
23 666.973954867 71.1403666564 9262.88567848 
24 661.610819136 48.8834320837 9290.50574878 
25 657.951722447 33.5694286555 9309.4788489 
26 655.451183101 23.0433974343 9322.50541946 
27 653.740458186 15.8134328745 9331.44610894 
28 652.569170882 10.8497780302 9337.58105109 
29 651.766807334 7.44317816008 9341.79001451 
30 651.216964589 5.10571369445 9344.67732172 
31 650.840074256 3.50208801453 9346.65783773 
32 650.581691265 2.40203484382 9348.01627389 
33 650.404531841 1.64747511716 9348.94799304 
34 650.28305323 1.12992512284 9349.58702165 
35 650.199750496 0.774951402309 9350.0252981 
36 650.142624347 0.531490161446 9350.32588549 
37 650.103448148 0.364513069484 9350.53203878 
38 650.076581282 0.249993722619 9350.673425 
39 650.05815587 0.171452485475 9350.77039164 
40 650.045519532 0.117586502025 9350.83689397 
41 650.036853351 0.0806436963349 9350.88250295 
42 650.030909945 0.0553073745574 9350.91378268 
43 650.02683385 0.0379311065742 9350.93523504 
44 650.024038381 0.0260140265463 9350.94994759 
45 650.022121194 0.0178410240386 9350.96003778 
46 650.020806343 0.0122357772457 9350.96695788 
47 650.019904591 0.00839156971417 9350.97170384 
48 650.019286153 0.00575514251678 9350.9749587 
49 650.018862032 0.00394709443481 9350.97719087 
50 650.01857114 0.00270700524918 9350.97872185 
51 650.018371642 0.00185653602411 9350.97977182 
52 650.018234828 0.00127328830965 9350.98049188 
53 650.01814099 0.000873252115144 9350.98098576 
54 650.018076629 0.000598876052577 9350.9813245 
55 650.018032493 0.000410721441031 9350.98155679 
56 650.018002221 0.000281670683848 9350.98171611 
57 650.017981461 0.000193170201794 9350.98182537 
58 650.017967228 0.000132495621967 9350.98190028 
59 650.017957448 9.08019744745e-05 9350.98195175 
60 650.01795075 6.22457015696e-05 9350.981987 
61 650.017946169 4.27182868002e-05 9350.98201111 
62 650.017943022 2.93021421356e-05 9350.98202768 
63 650.017940868 2.01198585734e-05 9350.98203901 
64 650.017939391 1.38247270964e-05 9350.98204678 
65 650.017938382 9.52093751089e-06 9350.9820521 
66 650.017937684 6.54583378303e-06 9350.98205577 
67 650.017937196 4.46779131857e-06 9350.98205834 
68 650.017936856 3.01674949721e-06 9350.98206013 
69 650.017936631 2.0586102028e-06 9350.98206131 
70 650.017936473 1.38558320631e-06 9350.98206214 
