Time S I R
0.0  10000 1 0
1 9999.47628746 1.26709309358 0.256619442826 
2 9998.81274521 1.60547996255 0.581774830437 
3 9997.97207502 2.03416583019 0.993759146597 
4 9996.9070598 2.57720299694 1.51573720254 
5 9995.55793124 3.26502595102 2.17704281218 
6 9993.84905812 4.13612845114 3.01481342919 
7 9991.68477411 5.23917215939 4.07605373237 
8 9988.94413722 6.63562854681 5.42023423221 
9 9985.47434635 8.4030869205 7.12256673207 
10 9981.08246465 10.6393957293 9.27813962412 
11 9975.52518284 13.4677564423 12.0070607223 
12 9968.49602331 17.0430460904 15.4609305957 
13 9959.60956339 21.5595395999 19.8308970111 
14 9948.38210606 27.2602533423 25.3576405994 
15 9934.20819243 34.4481083856 32.3436991877 
16 9916.33246703 43.4989944947 41.1685384726 
17 9893.81653131 54.8766581977 52.3068104926 
18 9865.50083625 69.1489945991 66.3501691552 
19 9829.96236375 87.0047719251 84.0328643247 
20 9785.47002452 109.268948838 106.261026638 
21 9729.94156772 136.913439532 134.144992747 
22 9660.90851488 171.058372805 169.033112316 
23 9575.49933776 212.956566792 212.544095448 
24 9470.45566857 263.951324044 266.593007386 
25 9342.20113442 325.395373204 333.403492378 
26 9186.98595487 398.518127842 415.495917287 
27 9001.13003542 484.23150327 515.638461313 
28 8781.37905946 582.874049307 636.746891238 
29 8525.36793103 693.911461747 781.720607225 
30 8232.15200143 815.638424546 953.209574027 
31 7902.72438637 944.955539733 1153.3200739 
32 7540.39081812 1077.32062389 1383.28855799 
33 7150.88175183 1206.94820156 1643.1700466 
34 6742.08767697 1327.30552428 1931.60679874 
35 6323.41668309 1431.84522376 2245.73809315 
36 5904.87209566 1514.83641548 2581.29148886 
37 5496.04227081 1572.10186683 2932.85586235 
38 5105.21938714 1601.48612189 3294.29449096 
39 4738.81028142 1602.96586392 3659.22385467 
40 4401.09949018 1578.42117147 4021.47933835 
41 4094.33304016 1531.16977005 4375.49718979 
42 3819.0186599 1465.40293834 4716.57840176 
43 3574.33183886 1385.64378137 5041.02437976 
44 3358.53233184 1296.30757451 5346.16009365 
45 3169.33089374 1201.3965735 5630.27253276 
46 3004.18001632 1104.32606691 5892.49391676 
47 2860.4818396 1007.85840784 6132.65975257 
48 2735.72692884 914.113130819 6351.15994034 
49 2627.57622486 824.625157062 6548.79861808 
50 2533.90265713 740.427153019 6726.67018985 
51 2452.80514147 662.139485559 6886.05537297 
52 2382.60554408 590.057088898 7028.33736702 
53 2321.83403679 524.228603235 7154.93735997 
54 2269.2124455 464.522575093 7267.2649794 
55 2223.63310327 410.681030772 7366.68586596 
56 2184.13855351 362.365231213 7454.49621528 
57 2149.90251964 319.187972913 7531.90950745 
58 2120.21255903 280.73934732 7600.04809365 
59 2094.45456358 246.605155472 7659.94028095 
60 2072.09909961 216.379937166 7712.52096322 
61 2052.68958269 189.67574266 7758.63467465 
62 2035.83212244 166.127487996 7799.04038957 
63 2021.18662626 145.396562248 7834.4168115 
64 2008.45924785 127.171954739 7865.36879741 
65 1997.39593588 111.170391421 7892.4336727 
66 1987.77691511 97.1356849675 7916.08739992 
67 1979.41190955 84.837444175 7936.75064628 
68 1972.1361063 74.0694171434 7954.79447656 
69 1965.80665102 64.6477385873 7970.54561039 
70 1960.29966581 56.4090310737 7984.29130311 
