Time S I R
0.0  10000 1 0
1 9999.69436597 0.645598824725 0.66003520345 
2 9999.49705433 0.416793301187 1.08615237199 
3 9999.36967499 0.269077857851 1.36124714985 
4 9999.28744072 0.173713025096 1.53884625498 
5 9999.23435195 0.112146659118 1.65350138912 
6 9999.20007879 0.072400189906 1.72752101848 
7 9999.17795264 0.0467404255994 1.77530693919 
8 9999.1636685 0.0301750158576 1.8061564865 
9 9999.1544468 0.0194805300531 1.82607266827 
10 9999.14849343 0.0125763427119 1.83893022522 
11 9999.14465005 0.00811912829042 1.84723082038 
12 9999.14216887 0.00524167600668 1.85258944972 
13 9999.14056693 0.00338387944539 1.85604919133 
14 9999.13953279 0.00218457187588 1.85828264032 
15 9999.13886516 0.0014103111242 1.85972453212 
16 9999.13843417 0.000910487642329 1.86065534432 
17 9999.13815589 0.000587764935531 1.86125634494 
18 9999.13797626 0.000379447660468 1.8616442904 
19 9999.13786029 0.000244955533576 1.86189475263 
20 9999.13778543 0.000158133959245 1.86205643886 
21 9999.13773711 0.000102095067431 1.86216079906 
22 9999.13770585 6.58463372153e-05 1.86222830441 
23 9999.13768572 4.25065944593e-05 1.86227176959 
24 9999.13767271 2.74156234586e-05 1.86229987323 
25 9999.13766437 1.77477095011e-05 1.8623178776 
26 9999.13765897 1.14823083651e-05 1.86232954555 
27 9999.1376555 7.45303299303e-06 1.86233704919 
28 9999.13765322 4.80912636567e-06 1.86234197289 
29 9999.13765168 3.0263055062e-06 1.86234529301 
30 9999.13765076 1.96424344968e-06 1.86234727086 
31 9999.13765014 1.24232137406e-06 1.86234861529 
32 9999.13764976 8.00709955037e-07 1.86234943769 
33 9999.13764953 5.27038377481e-07 1.86234994734 
34 9999.13764937 3.49371735868e-07 1.86235027821 
35 9999.13764927 2.30932333939e-07 1.86235049878 
36 9999.1376492 1.51540268633e-07 1.86235064663 
37 9999.13764916 9.9050427315e-08 1.86235074438 
38 9999.13764913 6.46678348005e-08 1.86235080841 
39 9999.13764911 4.23250162567e-08 1.86235085002 
40 9999.13764909 1.88582326601e-08 1.86235089372 
41 9999.13764907 -1.94036063449e-09 1.86235093245 
42 9999.13764906 -1.72545909912e-08 1.86235096097 
43 9999.13764905 -2.708445841e-08 1.86235097928 
44 9999.13764904 -3.14299628909e-08 1.86235098737 
45 9999.13764905 -3.02911044339e-08 1.86235098525 
46 9999.13764905 -2.3667883039e-08 1.86235097291 
47 9999.13764905 -2.55299797368e-08 1.86235097638 
48 9999.13764905 -2.7304356864e-08 1.86235097969 
49 9999.13764905 -2.76059889329e-08 1.86235098025 
50 9999.13764905 -2.64348759436e-08 1.86235097807 
51 9999.13764905 -2.37910178961e-08 1.86235097314 
52 9999.13764905 -1.96744147904e-08 1.86235096548 
53 9999.13764906 -1.53244046817e-08 1.86235095738 
54 9999.13764906 -1.36415773008e-08 1.86235095424 
55 9999.13764906 -1.19587499199e-08 1.86235095111 
56 9999.13764906 -1.0275922539e-08 1.86235094798 
57 9999.13764906 -8.59309515806e-09 1.86235094484 
58 9999.13764907 -6.91026777714e-09 1.86235094171 
59 9999.13764907 -5.22744039622e-09 1.86235093857 
60 9999.13764907 -3.83584719361e-09 1.86235093598 
61 9999.13764907 -3.78159291884e-09 1.86235093588 
62 9999.13764907 -3.72733864407e-09 1.86235093578 
63 9999.13764907 -3.67308436931e-09 1.86235093568 
64 9999.13764907 -3.61883009454e-09 1.86235093558 
65 9999.13764907 -3.56457581977e-09 1.86235093548 
66 9999.13764907 -3.510321545e-09 1.86235093538 
67 9999.13764907 -3.45606727023e-09 1.86235093527 
68 9999.13764907 -3.40181299546e-09 1.86235093517 
69 9999.13764907 -3.34755872069e-09 1.86235093507 
70 9999.13764907 -3.29330444593e-09 1.86235093497 
