Time S I R
0.0  10000 1 0
1 9996.95280818 2.83035269947 1.21683911929 
2 9988.33722219 8.00345733429 4.65932047916 
3 9964.04672296 22.5723262136 14.3809508245 
4 9896.10727429 63.194430009 41.6982956995 
5 9710.2426468 173.356527896 117.400825309 
6 9230.97036562 450.529664759 319.499969616 
7 8161.18073741 1028.5167896 811.302472995 
8 6373.65644569 1828.98161703 1798.36193728 
9 4410.38330877 2322.09487787 3268.52181336 
10 2961.82934269 2180.93567698 4858.23498033 
11 2114.71614163 1682.9582772 6203.32558117 
12 1654.56395401 1163.36864171 7183.06740428 
13 1403.63903891 757.615805449 7839.74515564 
14 1263.32587485 477.415505345 8260.2586198 
15 1182.93993355 295.300988553 8522.7590779 
16 1136.04936762 180.702476332 8684.24815605 
17 1108.36410827 109.881215423 8782.75467631 
18 1091.89092871 66.5669903332 8842.54208096 
19 1082.04158509 40.2370231002 8878.72139181 
20 1076.13511355 24.289164701 8900.57572175 
21 1072.58670524 14.6504556227 8913.76283913 
22 1070.4525942 8.83243518216 8921.71497061 
23 1069.16822508 5.32333600291 8926.50843892 
24 1068.394944 3.20783112626 8929.39722487 
25 1067.9292611 1.93282913629 8931.13790977 
26 1067.64877796 1.16452262494 8932.18669941 
27 1067.47982668 0.701593946976 8932.81857937 
28 1067.3780521 0.422682015337 8933.19926588 
29 1067.31674215 0.254645337272 8933.42861251 
30 1067.27980775 0.153410155061 8933.5667821 
31 1067.25755741 0.092420885441 8933.65002171 
32 1067.24415309 0.0556781639952 8933.70016874 
33 1067.23607787 0.0335427739297 8933.73037935 
34 1067.23121306 0.0202074998611 8933.74857944 
35 1067.22828232 0.0121737913307 8933.75954389 
36 1067.22651673 0.00733396672263 8933.7661493 
37 1067.22545307 0.00441826406666 8933.77012866 
38 1067.22481229 0.00266175327045 8933.77252596 
39 1067.22442627 0.00160360113775 8933.77397013 
40 1067.2241937 0.000966069677236 8933.77484023 
41 1067.22405359 0.000581995514888 8933.77536442 
42 1067.22396915 0.000350539998273 8933.77568031 
43 1067.2239183 0.000211135640296 8933.77587057 
44 1067.22388768 0.000127203278352 8933.77598512 
45 1067.22386925 7.66911689121e-05 8933.77605406 
46 1067.22385817 4.63130300278e-05 8933.77609552 
47 1067.22385145 2.78814115259e-05 8933.77612067 
48 1067.22384738 1.67459148805e-05 8933.77613587 
49 1067.2238449 9.93271390506e-06 8933.77614517 
50 1067.22384345 5.97457787878e-06 8933.77615057 
51 1067.22384262 3.68795335991e-06 8933.77615369 
52 1067.22384211 2.29131730427e-06 8933.7761556 
53 1067.22384179 1.41226101608e-06 8933.7761568 
54 1067.22384159 8.63517170684e-07 8933.77615755 
55 1067.22384147 5.27176958726e-07 8933.77615801 
56 1067.22384139 3.22798248289e-07 8933.77615828 
57 1067.22384135 1.98324761021e-07 8933.77615845 
58 1067.22384132 1.21863731069e-07 8933.77615856 
59 1067.2238413 7.48037771388e-08 8933.77615862 
60 1067.22384129 4.5899937749e-08 8933.77615866 
61 1067.22384128 2.31191881146e-08 8933.77615869 
62 1067.22384127 -4.94405115986e-10 8933.77615873 
63 1067.22384127 -1.76552990136e-08 8933.77615875 
64 1067.22384126 -2.83634935781e-08 8933.77615876 
65 1067.22384126 -3.26189888096e-08 8933.77615877 
66 1067.22384126 -3.04217847081e-08 8933.77615877 
67 1067.22384127 -2.28176432153e-08 8933.77615876 
68 1067.22384127 -2.5613345698e-08 8933.77615876 
69 1067.22384127 -2.67584172443e-08 8933.77615876 
70 1067.22384127 -2.62528578543e-08 8933.77615876 
