Time S I R
0.0  10000 1 0
1 9999.71751246 1.05521039747 0.227277145219 
2 9999.41943833 1.11346013161 0.467101538266 
3 9999.10492066 1.17491551515 0.720163820439 
4 9998.77305624 1.23975174972 0.987192010819 
5 9998.42289225 1.30815355608 1.26895419825 
6 9998.05342303 1.38031578679 1.566261185 
7 9997.66358946 1.45644353228 1.87996700494 
8 9997.25227439 1.53675298187 2.21097262683 
9 9996.81829958 1.6214719868 2.56022843237 
10 9996.36042286 1.71084059155 2.92873654966 
11 9995.87733701 1.80511123917 3.31755175392 
12 9995.36766186 1.9045502259 3.72778791379 
13 9994.82994166 2.00943819913 4.16062014404 
14 9994.2626431 2.12007049118 4.61728640912 
15 9993.6641508 2.23675796079 5.09909123517 
16 9993.03276196 2.35982796231 5.60741007419 
17 9992.3666821 2.489625101 6.14369279553 
18 9991.66402103 2.62651197768 6.70946698915 
19 9990.9227863 2.77087033674 7.30634336686 
20 9990.14087981 2.92310168969 7.93601850325 
21 9989.31609073 3.08362854217 8.60028073155 
22 9988.44609101 3.25289520013 9.30101378827 
23 9987.52842721 3.43136914433 10.0402036434 
24 9986.56051606 3.61954183619 10.8199421062 
25 9985.53964012 3.81792951213 11.6424303687 
26 9984.46294079 4.02707438325 12.5099848271 
27 9983.32740772 4.24754631065 13.4250459677 
28 9982.12986709 4.47994464684 14.3901882652 
29 9980.8669824 4.72489836727 15.4081192324 
30 9979.5352427 4.98306793238 16.4816893725 
31 9978.13095421 5.25514659613 17.6138991909 
32 9976.65023441 5.54186103019 18.8079045604 
33 9975.0889993 5.84397373954 20.067026961 
34 9973.44295454 6.1622843947 21.3947610647 
35 9971.70758583 6.49763128727 22.7947828831 
36 9969.8781505 6.85089196883 24.2709575362 
37 9967.94966598 7.22298536023 25.8273486625 
38 9965.91689857 7.61487358927 27.4682278366 
39 9963.77435281 8.02756337114 29.1980838209 
40 9961.51625921 8.46210714507 31.0216336409 
41 9959.13656203 8.91960438349 32.9438335819 
42 9956.62890831 9.40120396833 34.9698877223 
43 9953.98663476 9.90810547081 37.1052597678 
44 9951.20275534 10.4415602921 39.3556843692 
45 9948.26994983 11.0028713275 41.7271788457 
46 9945.18054832 11.5933966734 44.2260550077 
47 9941.92651808 12.2145504548 46.8589314683 
48 9938.49944996 12.8678038969 49.6327461398 
49 9934.89054989 13.5546831305 52.5547669773 
50 9931.09062076 14.2767726925 55.6326065434 
51 9927.09004749 15.0357169059 58.8742356077 
52 9922.87878362 15.8332200479 62.2879963365 
53 9918.44634498 16.6710431768 65.8826118413 
54 9913.78179735 17.5510036245 69.6671990285 
55 9908.87373348 18.4749793508 73.65128717 
56 9903.71026381 19.444906666 77.8448295274 
57 9898.27900946 20.462777175 82.2582133682 
58 9892.56710853 21.530629302 86.9022621687 
59 9886.56117975 22.6505565599 91.7882636895 
60 9880.24731929 23.8247024912 96.9279782147 
61 9873.61109434 25.0552568749 102.333648784 
62 9866.63757085 26.3444398042 108.017989342 
63 9859.31127693 27.6945081665 113.994214905 
64 9851.6161973 29.1077510268 120.276051676 
65 9843.53577523 30.5864822429 126.877742531 
66 9835.05295274 32.1330211818 133.814026083 
67 9826.1501682 33.7496864714 141.100145326 
68 9816.80932807 35.4387975898 148.751874342 
69 9807.01183137 37.2026598223 156.785508803 
70 9796.73860712 39.0435461945 165.217846683 
