"Time" "S" "I" "R"
0 1000 1 0
1 997 4 0
2 985 12 4
3 967 17 17
4 947 23 31
5 917 34 50
6 855 63 83
7 768 88 145
8 695 78 228
9 614 93 294
10 548 79 374
11 493 81 427
12 456 53 492
13 429 45 527
14 398 45 558
15 380 31 590
16 364 23 614
17 348 20 633
18 339 17 645
19 335 13 653
20 330 9 662
21 328 7 666
22 327 4 670
23 326 1 674
24 325 1 675
25 325 0 676
26 325 0 676
27 325 0 676
28 325 0 676
29 325 0 676
30 325 0 676
31 325 0 676
32 325 0 676
33 325 0 676
34 325 0 676
35 325 0 676
36 325 0 676
37 325 0 676
38 325 0 676
39 325 0 676
40 325 0 676
41 325 0 676
42 325 0 676
43 325 0 676
44 325 0 676
45 325 0 676
46 325 0 676
47 325 0 676
48 325 0 676
49 325 0 676
50 325 0 676
51 325 0 676
52 325 0 676
53 325 0 676
54 325 0 676
55 325 0 676
56 325 0 676
57 325 0 676
58 325 0 676
59 325 0 676
60 325 0 676
61 325 0 676
62 325 0 676
63 325 0 676
64 325 0 676
65 325 0 676
66 325 0 676
67 325 0 676
68 325 0 676
69 325 0 676
70 325 0 676
71 325 0 676
