"Time" "S" "I" "R"
0 1000 1 0
1 997 4 0
2 985 12 4
3 968 17 16
4 948 21 32
5 923 30 48
6 872 53 76
7 783 89 129
8 707 86 208
9 637 90 274
10 567 74 360
11 505 81 415
12 434 93 474
13 376 84 541
14 328 77 596
15 296 55 650
16 283 30 688
17 275 19 707
18 269 12 720
19 266 7 728
20 265 5 731
21 265 2 734
22 265 1 735
23 264 1 736
24 264 0 737
25 264 0 737
26 264 0 737
27 264 0 737
28 264 0 737
29 264 0 737
30 264 0 737
31 264 0 737
32 264 0 737
33 264 0 737
34 264 0 737
35 264 0 737
36 264 0 737
37 264 0 737
38 264 0 737
39 264 0 737
40 264 0 737
41 264 0 737
42 264 0 737
43 264 0 737
44 264 0 737
45 264 0 737
46 264 0 737
47 264 0 737
48 264 0 737
49 264 0 737
50 264 0 737
51 264 0 737
52 264 0 737
53 264 0 737
54 264 0 737
55 264 0 737
56 264 0 737
57 264 0 737
58 264 0 737
59 264 0 737
60 264 0 737
61 264 0 737
62 264 0 737
63 264 0 737
64 264 0 737
65 264 0 737
66 264 0 737
67 264 0 737
68 264 0 737
69 264 0 737
70 264 0 737
71 264 0 737
