"Time" "S" "I" "R"
0 1000 1 0
1 997 4 0
2 985 12 4
3 967 17 17
4 947 23 31
5 916 35 50
6 855 63 83
7 768 88 145
8 673 108 220
9 581 103 317
10 505 94 402
11 439 94 468
12 387 74 540
13 353 60 588
14 330 45 626
15 314 32 655
16 302 23 676
17 295 15 691
18 291 8 702
19 288 5 708
20 288 4 709
21 288 1 712
22 287 1 713
23 287 1 713
24 287 0 714
25 287 0 714
26 287 0 714
27 287 0 714
28 287 0 714
29 287 0 714
30 287 0 714
31 287 0 714
32 287 0 714
33 287 0 714
34 287 0 714
35 287 0 714
36 287 0 714
37 287 0 714
38 287 0 714
39 287 0 714
40 287 0 714
41 287 0 714
42 287 0 714
43 287 0 714
44 287 0 714
45 287 0 714
46 287 0 714
47 287 0 714
48 287 0 714
49 287 0 714
50 287 0 714
51 287 0 714
52 287 0 714
53 287 0 714
54 287 0 714
55 287 0 714
56 287 0 714
57 287 0 714
58 287 0 714
59 287 0 714
60 287 0 714
61 287 0 714
62 287 0 714
63 287 0 714
64 287 0 714
65 287 0 714
66 287 0 714
67 287 0 714
68 287 0 714
69 287 0 714
70 287 0 714
71 287 0 714
