"Time" "S" "I" "R"
0 1000 1 0
1 0 1001 0
2 0 1000 1
3 0 1000 1
4 0 1000 1
5 0 999 2
6 0 999 2
7 0 999 2
8 0 999 2
9 0 999 2
10 0 998 3
11 0 998 3
12 0 998 3
13 0 996 5
14 0 996 5
15 0 996 5
16 0 996 5
17 0 996 5
18 0 996 5
19 0 996 5
20 0 996 5
21 0 996 5
22 0 996 5
23 0 996 5
24 0 995 6
25 0 995 6
26 0 995 6
27 0 995 6
28 0 995 6
29 0 995 6
30 0 995 6
31 0 994 7
32 0 994 7
33 0 994 7
34 0 994 7
35 0 994 7
36 0 994 7
37 0 994 7
38 0 993 8
39 0 993 8
40 0 992 9
41 0 992 9
42 0 992 9
43 0 992 9
44 0 992 9
45 0 992 9
46 0 992 9
47 0 992 9
48 0 992 9
49 0 992 9
50 0 992 9
51 0 992 9
52 0 991 10
53 0 989 12
54 0 989 12
55 0 988 13
56 0 988 13
57 0 988 13
58 0 988 13
59 0 988 13
60 0 988 13
61 0 988 13
62 0 987 14
63 0 987 14
64 0 986 15
65 0 986 15
66 0 986 15
67 0 986 15
68 0 986 15
69 0 986 15
70 0 986 15
71 0 986 15
