"Time" "S" "I" "R"
0 1000 1 0
1 0 1000 1
2 0 1000 1
3 0 1000 1
4 0 999 2
5 0 999 2
6 0 999 2
7 0 999 2
8 0 999 2
9 0 998 3
10 0 998 3
11 0 998 3
12 0 996 5
13 0 996 5
14 0 996 5
15 0 996 5
16 0 996 5
17 0 996 5
18 0 996 5
19 0 996 5
20 0 995 6
21 0 995 6
22 0 995 6
23 0 994 7
24 0 993 8
25 0 993 8
26 0 993 8
27 0 993 8
28 0 993 8
29 0 993 8
30 0 993 8
31 0 993 8
32 0 993 8
33 0 992 9
34 0 992 9
35 0 992 9
36 0 992 9
37 0 992 9
38 0 992 9
39 0 992 9
40 0 992 9
41 0 992 9
42 0 991 10
43 0 990 11
44 0 990 11
45 0 990 11
46 0 989 12
47 0 989 12
48 0 989 12
49 0 988 13
50 0 988 13
51 0 988 13
52 0 987 14
53 0 986 15
54 0 986 15
55 0 986 15
56 0 986 15
57 0 985 16
58 0 985 16
59 0 984 17
60 0 984 17
61 0 984 17
62 0 984 17
63 0 984 17
64 0 984 17
65 0 984 17
66 0 984 17
67 0 984 17
68 0 984 17
69 0 984 17
70 0 984 17
71 0 984 17
