"Time" "S" "I" "R"
0 1000 1 0
1 0 1001 0
2 0 1001 0
3 0 1000 1
4 0 1000 1
5 0 1000 1
6 0 1000 1
7 0 1000 1
8 0 1000 1
9 0 1000 1
10 0 1000 1
11 0 1000 1
12 0 1000 1
13 0 1000 1
14 0 999 2
15 0 999 2
16 0 999 2
17 0 998 3
18 0 998 3
19 0 998 3
20 0 998 3
21 0 998 3
22 0 998 3
23 0 997 4
24 0 997 4
25 0 996 5
26 0 995 6
27 0 993 8
28 0 993 8
29 0 992 9
30 0 992 9
31 0 992 9
32 0 992 9
33 0 992 9
34 0 992 9
35 0 992 9
36 0 992 9
37 0 992 9
38 0 992 9
39 0 992 9
40 0 992 9
41 0 992 9
42 0 992 9
43 0 992 9
44 0 992 9
45 0 991 10
46 0 991 10
47 0 991 10
48 0 991 10
49 0 991 10
50 0 991 10
51 0 991 10
52 0 991 10
53 0 991 10
54 0 990 11
55 0 990 11
56 0 990 11
57 0 988 13
58 0 988 13
59 0 987 14
60 0 987 14
61 0 987 14
62 0 987 14
63 0 987 14
64 0 987 14
65 0 986 15
66 0 986 15
67 0 986 15
68 0 986 15
69 0 986 15
70 0 986 15
71 0 986 15
