"Time" "S" "I" "R"
0 1000 1 0
1 0 1001 0
2 0 1001 0
3 0 1001 0
4 0 1001 0
5 0 1001 0
6 0 1001 0
7 0 1001 0
8 0 1000 1
9 0 999 2
10 0 998 3
11 0 998 3
12 0 998 3
13 0 998 3
14 0 998 3
15 0 997 4
16 0 997 4
17 0 997 4
18 0 997 4
19 0 997 4
20 0 997 4
21 0 997 4
22 0 997 4
23 0 997 4
24 0 997 4
25 0 997 4
26 0 996 5
27 0 996 5
28 0 996 5
29 0 996 5
30 0 996 5
31 0 996 5
32 0 996 5
33 0 996 5
34 0 996 5
35 0 995 6
36 0 993 8
37 0 993 8
38 0 993 8
39 0 993 8
40 0 993 8
41 0 993 8
42 0 992 9
43 0 992 9
44 0 992 9
45 0 992 9
46 0 992 9
47 0 991 10
48 0 991 10
49 0 991 10
50 0 991 10
51 0 991 10
52 0 991 10
53 0 990 11
54 0 990 11
55 0 990 11
56 0 990 11
57 0 990 11
58 0 990 11
59 0 990 11
60 0 990 11
61 0 990 11
62 0 990 11
63 0 990 11
64 0 990 11
65 0 989 12
66 0 989 12
67 0 989 12
68 0 989 12
69 0 989 12
70 0 989 12
71 0 989 12
