"Time" "S" "I" "R"
0 1000 1 0
1 0 1001 0
2 0 1001 0
3 0 1001 0
4 0 1001 0
5 0 1001 0
6 0 1001 0
7 0 1001 0
8 0 1001 0
9 0 1001 0
10 0 1001 0
11 0 1001 0
12 0 1001 0
13 0 1000 1
14 0 1000 1
15 0 1000 1
16 0 1000 1
17 0 1000 1
18 0 1000 1
19 0 1000 1
20 0 998 3
21 0 998 3
22 0 998 3
23 0 998 3
24 0 997 4
25 0 997 4
26 0 997 4
27 0 996 5
28 0 996 5
29 0 996 5
30 0 996 5
31 0 996 5
32 0 996 5
33 0 996 5
34 0 996 5
35 0 996 5
36 0 995 6
37 0 995 6
38 0 995 6
39 0 995 6
40 0 995 6
41 0 994 7
42 0 994 7
43 0 994 7
44 0 994 7
45 0 994 7
46 0 994 7
47 0 993 8
48 0 993 8
49 0 993 8
50 0 993 8
51 0 993 8
52 0 993 8
53 0 993 8
54 0 993 8
55 0 993 8
56 0 993 8
57 0 993 8
58 0 993 8
59 0 993 8
60 0 993 8
61 0 993 8
62 0 993 8
63 0 993 8
64 0 993 8
65 0 993 8
66 0 993 8
67 0 993 8
68 0 993 8
69 0 993 8
70 0 993 8
