"Time" "S" "I" "R"
0 1000 1 0
1 0 1001 0
2 0 1001 0
3 0 1001 0
4 0 1001 0
5 0 1000 1
6 0 1000 1
7 0 999 2
8 0 999 2
9 0 999 2
10 0 999 2
11 0 999 2
12 0 999 2
13 0 999 2
14 0 999 2
15 0 999 2
16 0 999 2
17 0 998 3
18 0 998 3
19 0 998 3
20 0 998 3
21 0 998 3
22 0 998 3
23 0 998 3
24 0 998 3
25 0 998 3
26 0 997 4
27 0 997 4
28 0 997 4
29 0 997 4
30 0 996 5
31 0 995 6
32 0 995 6
33 0 995 6
34 0 995 6
35 0 994 7
36 0 993 8
37 0 992 9
38 0 992 9
39 0 992 9
40 0 992 9
41 0 992 9
42 0 992 9
43 0 992 9
44 0 992 9
45 0 991 10
46 0 991 10
47 0 991 10
48 0 991 10
49 0 991 10
50 0 991 10
51 0 990 11
52 0 990 11
53 0 990 11
54 0 990 11
55 0 990 11
56 0 990 11
57 0 990 11
58 0 989 12
59 0 988 13
60 0 988 13
61 0 988 13
62 0 988 13
63 0 988 13
64 0 988 13
65 0 988 13
66 0 986 15
67 0 985 16
68 0 985 16
69 0 985 16
70 0 985 16
71 0 985 16
