"Time" "S" "I" "R"
0 1000 1 0
1 0 1001 0
2 0 1001 0
3 0 1001 0
4 0 1001 0
5 0 1001 0
6 0 1001 0
7 0 1001 0
8 0 1001 0
9 0 1001 0
10 0 1000 1
11 0 1000 1
12 0 1000 1
13 0 1000 1
14 0 997 4
15 0 997 4
16 0 997 4
17 0 997 4
18 0 997 4
19 0 997 4
20 0 997 4
21 0 997 4
22 0 997 4
23 0 997 4
24 0 997 4
25 0 997 4
26 0 996 5
27 0 996 5
28 0 995 6
29 0 995 6
30 0 995 6
31 0 995 6
32 0 995 6
33 0 994 7
34 0 994 7
35 0 994 7
36 0 994 7
37 0 992 9
38 0 992 9
39 0 992 9
40 0 992 9
41 0 992 9
42 0 992 9
43 0 992 9
44 0 991 10
45 0 991 10
46 0 991 10
47 0 991 10
48 0 991 10
49 0 991 10
50 0 991 10
51 0 991 10
52 0 991 10
53 0 991 10
54 0 990 11
55 0 990 11
56 0 989 12
57 0 989 12
58 0 989 12
59 0 989 12
60 0 989 12
61 0 989 12
62 0 988 13
63 0 988 13
64 0 988 13
65 0 988 13
66 0 988 13
67 0 988 13
68 0 988 13
69 0 988 13
70 0 988 13
71 0 988 13
