"Time" "S" "I" "R"
0 1000 1 0
1 0 1001 0
2 0 1001 0
3 0 1001 0
4 0 1001 0
5 0 1001 0
6 0 1001 0
7 0 1000 1
8 0 1000 1
9 0 1000 1
10 0 1000 1
11 0 1000 1
12 0 1000 1
13 0 998 3
14 0 998 3
15 0 998 3
16 0 998 3
17 0 998 3
18 0 998 3
19 0 997 4
20 0 997 4
21 0 997 4
22 0 996 5
23 0 995 6
24 0 995 6
25 0 994 7
26 0 994 7
27 0 994 7
28 0 993 8
29 0 993 8
30 0 993 8
31 0 993 8
32 0 993 8
33 0 993 8
34 0 993 8
35 0 993 8
36 0 993 8
37 0 993 8
38 0 993 8
39 0 993 8
40 0 993 8
41 0 992 9
42 0 991 10
43 0 991 10
44 0 991 10
45 0 991 10
46 0 991 10
47 0 991 10
48 0 990 11
49 0 990 11
50 0 990 11
51 0 990 11
52 0 990 11
53 0 990 11
54 0 990 11
55 0 990 11
56 0 990 11
57 0 990 11
58 0 990 11
59 0 990 11
60 0 990 11
61 0 989 12
62 0 989 12
63 0 989 12
64 0 989 12
65 0 989 12
66 0 989 12
67 0 989 12
68 0 989 12
69 0 989 12
70 0 988 13
