"Time" "S" "I" "R"
0 1000 1 0
1 0 1001 0
2 0 1001 0
3 0 1001 0
4 0 1001 0
5 0 1001 0
6 0 1001 0
7 0 1000 1
8 0 999 2
9 0 999 2
10 0 999 2
11 0 999 2
12 0 999 2
13 0 998 3
14 0 996 5
15 0 996 5
16 0 996 5
17 0 996 5
18 0 996 5
19 0 996 5
20 0 996 5
21 0 996 5
22 0 995 6
23 0 995 6
24 0 994 7
25 0 993 8
26 0 993 8
27 0 993 8
28 0 993 8
29 0 993 8
30 0 993 8
31 0 993 8
32 0 993 8
33 0 993 8
34 0 992 9
35 0 992 9
36 0 992 9
37 0 991 10
38 0 990 11
39 0 989 12
40 0 989 12
41 0 989 12
42 0 988 13
43 0 988 13
44 0 988 13
45 0 988 13
46 0 988 13
47 0 988 13
48 0 988 13
49 0 987 14
50 0 987 14
51 0 987 14
52 0 987 14
53 0 987 14
54 0 987 14
55 0 986 15
56 0 986 15
57 0 985 16
58 0 985 16
59 0 985 16
60 0 985 16
61 0 985 16
62 0 985 16
63 0 985 16
64 0 985 16
65 0 985 16
66 0 985 16
67 0 985 16
68 0 985 16
69 0 984 17
70 0 984 17
71 0 984 17
