"Time" "S" "I" "R"
0 1000 1 0
1 0 1001 0
2 0 1001 0
3 0 1001 0
4 0 1001 0
5 0 1000 1
6 0 1000 1
7 0 1000 1
8 0 1000 1
9 0 1000 1
10 0 1000 1
11 0 1000 1
12 0 1000 1
13 0 1000 1
14 0 1000 1
15 0 1000 1
16 0 1000 1
17 0 1000 1
18 0 1000 1
19 0 999 2
20 0 998 3
21 0 998 3
22 0 998 3
23 0 998 3
24 0 998 3
25 0 997 4
26 0 997 4
27 0 997 4
28 0 997 4
29 0 997 4
30 0 997 4
31 0 997 4
32 0 997 4
33 0 997 4
34 0 997 4
35 0 997 4
36 0 997 4
37 0 997 4
38 0 997 4
39 0 997 4
40 0 996 5
41 0 996 5
42 0 995 6
43 0 994 7
44 0 994 7
45 0 994 7
46 0 994 7
47 0 994 7
48 0 993 8
49 0 993 8
50 0 993 8
51 0 993 8
52 0 993 8
53 0 993 8
54 0 993 8
55 0 993 8
56 0 992 9
57 0 991 10
58 0 991 10
59 0 991 10
60 0 991 10
61 0 989 12
62 0 989 12
63 0 989 12
64 0 989 12
65 0 989 12
66 0 988 13
67 0 988 13
68 0 988 13
69 0 988 13
70 0 987 14
71 0 987 14
