"Time" "S" "I" "R"
0 1000 1 0
1 0 1001 0
2 0 1001 0
3 0 1000 1
4 0 1000 1
5 0 1000 1
6 0 1000 1
7 0 1000 1
8 0 1000 1
9 0 998 3
10 0 998 3
11 0 998 3
12 0 997 4
13 0 997 4
14 0 997 4
15 0 997 4
16 0 996 5
17 0 996 5
18 0 996 5
19 0 996 5
20 0 996 5
21 0 996 5
22 0 996 5
23 0 996 5
24 0 996 5
25 0 996 5
26 0 996 5
27 0 995 6
28 0 994 7
29 0 994 7
30 0 994 7
31 0 994 7
32 0 994 7
33 0 994 7
34 0 994 7
35 0 992 9
36 0 992 9
37 0 992 9
38 0 992 9
39 0 992 9
40 0 992 9
41 0 992 9
42 0 992 9
43 0 992 9
44 0 992 9
45 0 992 9
46 0 992 9
47 0 992 9
48 0 992 9
49 0 991 10
50 0 991 10
51 0 991 10
52 0 991 10
53 0 991 10
54 0 991 10
55 0 990 11
56 0 990 11
57 0 989 12
58 0 988 13
59 0 988 13
60 0 988 13
61 0 987 14
62 0 987 14
63 0 987 14
64 0 987 14
65 0 986 15
66 0 986 15
67 0 986 15
68 0 985 16
69 0 985 16
70 0 985 16
71 0 985 16
