"Time" "S" "I" "R"
0 1000 1 0
1 0 1001 0
2 0 1001 0
3 0 1001 0
4 0 1001 0
5 0 1001 0
6 0 1001 0
7 0 1000 1
8 0 1000 1
9 0 1000 1
10 0 1000 1
11 0 1000 1
12 0 1000 1
13 0 999 2
14 0 999 2
15 0 999 2
16 0 999 2
17 0 998 3
18 0 997 4
19 0 996 5
20 0 996 5
21 0 995 6
22 0 994 7
23 0 993 8
24 0 993 8
25 0 992 9
26 0 991 10
27 0 990 11
28 0 990 11
29 0 990 11
30 0 990 11
31 0 990 11
32 0 990 11
33 0 989 12
34 0 989 12
35 0 988 13
36 0 988 13
37 0 988 13
38 0 987 14
39 0 987 14
40 0 987 14
41 0 987 14
42 0 984 17
43 0 984 17
44 0 984 17
45 0 984 17
46 0 983 18
47 0 983 18
48 0 983 18
49 0 983 18
50 0 983 18
51 0 983 18
52 0 983 18
53 0 983 18
54 0 983 18
55 0 983 18
56 0 983 18
57 0 983 18
58 0 983 18
59 0 982 19
60 0 981 20
61 0 981 20
62 0 981 20
63 0 981 20
64 0 981 20
65 0 981 20
66 0 981 20
67 0 981 20
68 0 981 20
69 0 981 20
70 0 981 20
71 0 981 20
