Time S I R
0 1000 1 0
1 0 999 2
2 0 997 4
3 0 997 4
4 0 996 5
5 0 996 5
6 0 996 5
7 0 995 6
8 0 995 6
9 0 993 8
10 0 991 10
11 0 989 12
12 0 989 12
13 0 989 12
14 0 989 12
15 0 985 16
16 0 984 17
17 0 983 18
18 0 981 20
19 0 980 21
20 0 979 22
21 0 977 24
22 0 976 25
23 0 976 25
24 0 975 26
25 0 974 27
26 0 973 28
27 0 971 30
28 0 970 31
29 0 969 32
30 0 968 33
31 0 966 35
32 0 965 36
33 0 965 36
34 0 963 38
35 0 961 40
36 0 958 43
37 0 957 44
38 0 955 46
39 0 954 47
40 0 954 47
41 0 954 47
42 0 953 48
43 0 950 51
44 0 950 51
45 0 950 51
46 0 948 53
47 0 948 53
48 0 948 53
49 0 946 55
50 0 946 55
51 0 943 58
52 0 943 58
53 0 942 59
54 0 941 60
55 0 941 60
56 0 941 60
57 0 941 60
58 0 939 62
59 0 939 62
60 0 937 64
61 0 936 65
62 0 933 68
63 0 931 70
64 0 930 71
65 0 929 72
66 0 928 73
67 0 928 73
68 0 926 75
69 0 923 78
70 0 922 79
