"Time" "S" "I" "R"
0 1000 1 0
1 0 1000 1
2 0 1000 1
3 0 1000 1
4 0 1000 1
5 0 1000 1
6 0 1000 1
7 0 1000 1
8 0 1000 1
9 0 1000 1
10 0 1000 1
11 0 1000 1
12 0 1000 1
13 0 1000 1
14 0 1000 1
15 0 1000 1
16 0 1000 1
17 0 1000 1
18 0 999 2
19 0 999 2
20 0 999 2
21 0 999 2
22 0 999 2
23 0 999 2
24 0 998 3
25 0 998 3
26 0 998 3
27 0 998 3
28 0 998 3
29 0 998 3
30 0 998 3
31 0 998 3
32 0 998 3
33 0 998 3
34 0 998 3
35 0 998 3
36 0 998 3
37 0 998 3
38 0 998 3
39 0 998 3
40 0 998 3
41 0 998 3
42 0 998 3
43 0 998 3
44 0 998 3
45 0 998 3
46 0 998 3
47 0 997 4
48 0 997 4
49 0 997 4
50 0 996 5
51 0 996 5
52 0 995 6
53 0 993 8
54 0 993 8
55 0 993 8
56 0 992 9
57 0 992 9
58 0 992 9
59 0 992 9
60 0 992 9
61 0 992 9
62 0 992 9
63 0 991 10
64 0 991 10
65 0 991 10
66 0 991 10
67 0 991 10
68 0 991 10
69 0 991 10
70 0 991 10
