"Time" "S" "I" "R"
0 1000 1 0
1 0 1001 0
2 0 1001 0
3 0 1000 1
4 0 1000 1
5 0 1000 1
6 0 1000 1
7 0 1000 1
8 0 1000 1
9 0 999 2
10 0 998 3
11 0 998 3
12 0 998 3
13 0 997 4
14 0 997 4
15 0 997 4
16 0 997 4
17 0 997 4
18 0 997 4
19 0 997 4
20 0 997 4
21 0 997 4
22 0 997 4
23 0 997 4
24 0 997 4
25 0 997 4
26 0 997 4
27 0 996 5
28 0 996 5
29 0 995 6
30 0 995 6
31 0 995 6
32 0 995 6
33 0 995 6
34 0 995 6
35 0 995 6
36 0 995 6
37 0 995 6
38 0 995 6
39 0 995 6
40 0 995 6
41 0 995 6
42 0 995 6
43 0 995 6
44 0 995 6
45 0 995 6
46 0 995 6
47 0 995 6
48 0 995 6
49 0 995 6
50 0 994 7
51 0 993 8
52 0 993 8
53 0 993 8
54 0 993 8
55 0 992 9
56 0 992 9
57 0 991 10
58 0 991 10
59 0 990 11
60 0 990 11
61 0 990 11
62 0 990 11
63 0 989 12
64 0 988 13
65 0 988 13
66 0 988 13
67 0 988 13
68 0 988 13
69 0 987 14
70 0 987 14
71 0 987 14
