"Time" "S" "I" "R"
0 1000 1 0
1 0 1001 0
2 0 1001 0
3 0 1001 0
4 0 1000 1
5 0 1000 1
6 0 999 2
7 0 998 3
8 0 998 3
9 0 996 5
10 0 996 5
11 0 996 5
12 0 995 6
13 0 995 6
14 0 995 6
15 0 995 6
16 0 995 6
17 0 994 7
18 0 993 8
19 0 993 8
20 0 993 8
21 0 992 9
22 0 992 9
23 0 992 9
24 0 991 10
25 0 990 11
26 0 990 11
27 0 989 12
28 0 989 12
29 0 989 12
30 0 988 13
31 0 988 13
32 0 988 13
33 0 988 13
34 0 988 13
35 0 988 13
36 0 987 14
37 0 987 14
38 0 987 14
39 0 987 14
40 0 987 14
41 0 987 14
42 0 985 16
43 0 985 16
44 0 985 16
45 0 985 16
46 0 985 16
47 0 985 16
48 0 984 17
49 0 984 17
50 0 983 18
51 0 982 19
52 0 982 19
53 0 981 20
54 0 981 20
55 0 981 20
56 0 980 21
57 0 980 21
58 0 978 23
59 0 978 23
60 0 978 23
61 0 977 24
62 0 977 24
63 0 977 24
64 0 977 24
65 0 977 24
66 0 977 24
67 0 977 24
68 0 977 24
69 0 976 25
70 0 976 25
