"Time" "S" "I" "R"
0 1000 1 0
1 0 1000 1
2 0 1000 1
3 0 1000 1
4 0 1000 1
5 0 999 2
6 0 999 2
7 0 999 2
8 0 999 2
9 0 998 3
10 0 998 3
11 0 998 3
12 0 998 3
13 0 998 3
14 0 998 3
15 0 998 3
16 0 997 4
17 0 995 6
18 0 995 6
19 0 994 7
20 0 994 7
21 0 994 7
22 0 994 7
23 0 994 7
24 0 994 7
25 0 994 7
26 0 994 7
27 0 993 8
28 0 993 8
29 0 992 9
30 0 992 9
31 0 992 9
32 0 991 10
33 0 991 10
34 0 991 10
35 0 991 10
36 0 991 10
37 0 991 10
38 0 991 10
39 0 991 10
40 0 991 10
41 0 991 10
42 0 991 10
43 0 991 10
44 0 991 10
45 0 991 10
46 0 991 10
47 0 990 11
48 0 990 11
49 0 990 11
50 0 990 11
51 0 990 11
52 0 990 11
53 0 989 12
54 0 989 12
55 0 989 12
56 0 989 12
57 0 989 12
58 0 989 12
59 0 989 12
60 0 989 12
61 0 989 12
62 0 989 12
63 0 989 12
64 0 989 12
65 0 988 13
66 0 988 13
67 0 988 13
68 0 988 13
69 0 988 13
70 0 988 13
71 0 988 13
