"Time" "S" "I" "R"
0 1000 1 0
1 0 1001 0
2 0 1001 0
3 0 1001 0
4 0 1001 0
5 0 1001 0
6 0 1000 1
7 0 1000 1
8 0 1000 1
9 0 1000 1
10 0 1000 1
11 0 1000 1
12 0 1000 1
13 0 1000 1
14 0 1000 1
15 0 999 2
16 0 999 2
17 0 999 2
18 0 999 2
19 0 999 2
20 0 999 2
21 0 999 2
22 0 999 2
23 0 999 2
24 0 999 2
25 0 999 2
26 0 999 2
27 0 999 2
28 0 999 2
29 0 999 2
30 0 998 3
31 0 997 4
32 0 996 5
33 0 995 6
34 0 995 6
35 0 995 6
36 0 994 7
37 0 994 7
38 0 994 7
39 0 994 7
40 0 994 7
41 0 994 7
42 0 994 7
43 0 994 7
44 0 994 7
45 0 994 7
46 0 994 7
47 0 993 8
48 0 993 8
49 0 993 8
50 0 993 8
51 0 993 8
52 0 993 8
53 0 993 8
54 0 993 8
55 0 992 9
56 0 992 9
57 0 992 9
58 0 992 9
59 0 992 9
60 0 992 9
61 0 992 9
62 0 992 9
63 0 992 9
64 0 992 9
65 0 991 10
66 0 991 10
67 0 991 10
68 0 991 10
69 0 991 10
70 0 991 10
71 0 991 10
