"Time" "S" "I" "R"
0 1000 1 0
1 0 1001 0
2 0 1001 0
3 0 1000 1
4 0 999 2
5 0 999 2
6 0 999 2
7 0 999 2
8 0 999 2
9 0 999 2
10 0 999 2
11 0 998 3
12 0 998 3
13 0 998 3
14 0 998 3
15 0 998 3
16 0 998 3
17 0 998 3
18 0 998 3
19 0 998 3
20 0 998 3
21 0 998 3
22 0 998 3
23 0 998 3
24 0 998 3
25 0 998 3
26 0 998 3
27 0 998 3
28 0 998 3
29 0 997 4
30 0 996 5
31 0 996 5
32 0 996 5
33 0 996 5
34 0 995 6
35 0 994 7
36 0 994 7
37 0 994 7
38 0 994 7
39 0 994 7
40 0 994 7
41 0 994 7
42 0 994 7
43 0 994 7
44 0 994 7
45 0 993 8
46 0 993 8
47 0 993 8
48 0 993 8
49 0 991 10
50 0 991 10
51 0 991 10
52 0 991 10
53 0 991 10
54 0 990 11
55 0 990 11
56 0 990 11
57 0 990 11
58 0 990 11
59 0 987 14
60 0 987 14
61 0 987 14
62 0 987 14
63 0 985 16
64 0 985 16
65 0 985 16
66 0 985 16
67 0 985 16
68 0 985 16
69 0 985 16
70 0 985 16
71 0 985 16
