Time S I R
0 1000 1 0
1 0 998 3
2 0 998 3
3 0 998 3
4 0 996 5
5 0 995 6
6 0 993 8
7 0 993 8
8 0 993 8
9 0 992 9
10 0 992 9
11 0 992 9
12 0 992 9
13 0 992 9
14 0 991 10
15 0 989 12
16 0 989 12
17 0 988 13
18 0 986 15
19 0 986 15
20 0 985 16
21 0 985 16
22 0 985 16
23 0 984 17
24 0 983 18
25 0 982 19
26 0 982 19
27 0 982 19
28 0 981 20
29 0 979 22
30 0 979 22
31 0 979 22
32 0 977 24
33 0 976 25
34 0 976 25
35 0 976 25
36 0 976 25
37 0 973 28
38 0 973 28
39 0 973 28
40 0 971 30
41 0 970 31
42 0 969 32
43 0 968 33
44 0 967 34
45 0 967 34
46 0 967 34
47 0 966 35
48 0 965 36
49 0 964 37
50 0 964 37
51 0 963 38
52 0 960 41
53 0 958 43
54 0 957 44
55 0 956 45
56 0 954 47
57 0 954 47
58 0 951 50
59 0 951 50
60 0 948 53
61 0 948 53
62 0 948 53
63 0 948 53
64 0 946 55
65 0 946 55
66 0 946 55
67 0 946 55
68 0 944 57
69 0 941 60
70 0 939 62
