"Time" "S" "I" "R"
0 1000 1 0
1 0 1001 0
2 0 1001 0
3 0 1001 0
4 0 999 2
5 0 999 2
6 0 998 3
7 0 998 3
8 0 996 5
9 0 996 5
10 0 996 5
11 0 996 5
12 0 995 6
13 0 995 6
14 0 995 6
15 0 995 6
16 0 995 6
17 0 995 6
18 0 995 6
19 0 994 7
20 0 994 7
21 0 994 7
22 0 992 9
23 0 991 10
24 0 991 10
25 0 991 10
26 0 991 10
27 0 991 10
28 0 991 10
29 0 991 10
30 0 991 10
31 0 990 11
32 0 990 11
33 0 989 12
34 0 989 12
35 0 989 12
36 0 988 13
37 0 988 13
38 0 988 13
39 0 988 13
40 0 988 13
41 0 988 13
42 0 988 13
43 0 988 13
44 0 987 14
45 0 987 14
46 0 987 14
47 0 987 14
48 0 987 14
49 0 987 14
50 0 987 14
51 0 987 14
52 0 987 14
53 0 987 14
54 0 986 15
55 0 986 15
56 0 986 15
57 0 986 15
58 0 986 15
59 0 986 15
60 0 985 16
61 0 985 16
62 0 985 16
63 0 985 16
64 0 985 16
65 0 985 16
66 0 985 16
67 0 985 16
68 0 985 16
69 0 985 16
70 0 985 16
71 0 985 16
