"Time" "S" "I" "R"
0 1000 1 0
1 0 1001 0
2 0 1001 0
3 0 1001 0
4 0 1001 0
5 0 1001 0
6 0 1001 0
7 0 1001 0
8 0 1001 0
9 0 1001 0
10 0 1001 0
11 0 1001 0
12 0 1001 0
13 0 1000 1
14 0 1000 1
15 0 1000 1
16 0 1000 1
17 0 1000 1
18 0 1000 1
19 0 999 2
20 0 999 2
21 0 999 2
22 0 999 2
23 0 999 2
24 0 998 3
25 0 997 4
26 0 997 4
27 0 997 4
28 0 996 5
29 0 995 6
30 0 995 6
31 0 995 6
32 0 995 6
33 0 994 7
34 0 994 7
35 0 993 8
36 0 993 8
37 0 993 8
38 0 993 8
39 0 993 8
40 0 993 8
41 0 993 8
42 0 993 8
43 0 993 8
44 0 993 8
45 0 993 8
46 0 993 8
47 0 993 8
48 0 992 9
49 0 991 10
50 0 991 10
51 0 991 10
52 0 991 10
53 0 991 10
54 0 991 10
55 0 990 11
56 0 990 11
57 0 990 11
58 0 990 11
59 0 990 11
60 0 990 11
61 0 990 11
62 0 990 11
63 0 990 11
64 0 990 11
65 0 990 11
66 0 990 11
67 0 989 12
68 0 988 13
69 0 988 13
70 0 988 13
71 0 988 13
