"Time" "S" "I" "R"
0 1000 1 0
1 0 1000 1
2 0 1000 1
3 0 1000 1
4 0 1000 1
5 0 1000 1
6 0 1000 1
7 0 1000 1
8 0 1000 1
9 0 1000 1
10 0 999 2
11 0 998 3
12 0 997 4
13 0 995 6
14 0 995 6
15 0 995 6
16 0 995 6
17 0 995 6
18 0 994 7
19 0 994 7
20 0 992 9
21 0 991 10
22 0 991 10
23 0 991 10
24 0 991 10
25 0 991 10
26 0 991 10
27 0 991 10
28 0 991 10
29 0 991 10
30 0 991 10
31 0 990 11
32 0 990 11
33 0 990 11
34 0 990 11
35 0 990 11
36 0 990 11
37 0 989 12
38 0 989 12
39 0 989 12
40 0 989 12
41 0 989 12
42 0 989 12
43 0 989 12
44 0 989 12
45 0 989 12
46 0 988 13
47 0 987 14
48 0 987 14
49 0 987 14
50 0 987 14
51 0 987 14
52 0 986 15
53 0 985 16
54 0 985 16
55 0 982 19
56 0 982 19
57 0 982 19
58 0 982 19
59 0 982 19
60 0 982 19
61 0 982 19
62 0 982 19
63 0 982 19
64 0 981 20
65 0 980 21
66 0 980 21
67 0 980 21
68 0 979 22
69 0 979 22
70 0 979 22
