"Time" "S" "I" "R"
0 1000 1 0
1 0 1001 0
2 0 1000 1
3 0 1000 1
4 0 1000 1
5 0 1000 1
6 0 1000 1
7 0 998 3
8 0 998 3
9 0 997 4
10 0 997 4
11 0 997 4
12 0 997 4
13 0 997 4
14 0 996 5
15 0 996 5
16 0 996 5
17 0 996 5
18 0 996 5
19 0 996 5
20 0 996 5
21 0 996 5
22 0 996 5
23 0 996 5
24 0 996 5
25 0 996 5
26 0 996 5
27 0 996 5
28 0 995 6
29 0 995 6
30 0 995 6
31 0 995 6
32 0 995 6
33 0 994 7
34 0 994 7
35 0 994 7
36 0 994 7
37 0 994 7
38 0 994 7
39 0 994 7
40 0 992 9
41 0 992 9
42 0 992 9
43 0 991 10
44 0 991 10
45 0 991 10
46 0 991 10
47 0 991 10
48 0 991 10
49 0 991 10
50 0 991 10
51 0 991 10
52 0 990 11
53 0 990 11
54 0 989 12
55 0 989 12
56 0 989 12
57 0 989 12
58 0 989 12
59 0 989 12
60 0 988 13
61 0 988 13
62 0 988 13
63 0 988 13
64 0 988 13
65 0 988 13
66 0 988 13
67 0 988 13
68 0 988 13
69 0 988 13
70 0 988 13
