"Time" "S" "I" "R"
0 1000 1 0
1 0 1000 1
2 0 1000 1
3 0 1000 1
4 0 1000 1
5 0 1000 1
6 0 1000 1
7 0 999 2
8 0 999 2
9 0 998 3
10 0 998 3
11 0 997 4
12 0 997 4
13 0 997 4
14 0 997 4
15 0 997 4
16 0 997 4
17 0 997 4
18 0 997 4
19 0 997 4
20 0 997 4
21 0 997 4
22 0 996 5
23 0 996 5
24 0 995 6
25 0 995 6
26 0 994 7
27 0 993 8
28 0 993 8
29 0 992 9
30 0 992 9
31 0 992 9
32 0 992 9
33 0 992 9
34 0 992 9
35 0 992 9
36 0 992 9
37 0 991 10
38 0 991 10
39 0 991 10
40 0 991 10
41 0 990 11
42 0 990 11
43 0 990 11
44 0 990 11
45 0 989 12
46 0 989 12
47 0 989 12
48 0 988 13
49 0 986 15
50 0 986 15
51 0 986 15
52 0 986 15
53 0 986 15
54 0 985 16
55 0 984 17
56 0 984 17
57 0 984 17
58 0 984 17
59 0 983 18
60 0 983 18
61 0 983 18
62 0 983 18
63 0 983 18
64 0 983 18
65 0 983 18
66 0 983 18
67 0 983 18
68 0 983 18
69 0 983 18
70 0 983 18
71 0 983 18
