"Time" "S" "I" "R"
0 1000 1 0
1 0 1001 0
2 0 1000 1
3 0 999 2
4 0 999 2
5 0 999 2
6 0 999 2
7 0 999 2
8 0 999 2
9 0 999 2
10 0 999 2
11 0 999 2
12 0 999 2
13 0 998 3
14 0 997 4
15 0 997 4
16 0 997 4
17 0 997 4
18 0 997 4
19 0 997 4
20 0 997 4
21 0 997 4
22 0 997 4
23 0 997 4
24 0 997 4
25 0 997 4
26 0 997 4
27 0 995 6
28 0 995 6
29 0 995 6
30 0 995 6
31 0 995 6
32 0 995 6
33 0 995 6
34 0 995 6
35 0 995 6
36 0 995 6
37 0 995 6
38 0 995 6
39 0 995 6
40 0 995 6
41 0 995 6
42 0 995 6
43 0 995 6
44 0 994 7
45 0 993 8
46 0 992 9
47 0 991 10
48 0 991 10
49 0 991 10
50 0 991 10
51 0 990 11
52 0 990 11
53 0 990 11
54 0 990 11
55 0 990 11
56 0 988 13
57 0 988 13
58 0 988 13
59 0 988 13
60 0 987 14
61 0 987 14
62 0 985 16
63 0 985 16
64 0 985 16
65 0 985 16
66 0 984 17
67 0 984 17
68 0 984 17
69 0 983 18
70 0 983 18
71 0 983 18
