Time S I R
0 1000 1 0
1 0 1001 0
2 0 1001 0
3 0 1000 1
4 0 1000 1
5 0 1000 1
6 0 996 5
7 0 994 7
8 0 993 8
9 0 992 9
10 0 992 9
11 0 992 9
12 0 990 11
13 0 989 12
14 0 989 12
15 0 989 12
16 0 988 13
17 0 988 13
18 0 988 13
19 0 987 14
20 0 986 15
21 0 984 17
22 0 981 20
23 0 980 21
24 0 979 22
25 0 978 23
26 0 977 24
27 0 977 24
28 0 975 26
29 0 975 26
30 0 974 27
31 0 973 28
32 0 973 28
33 0 971 30
34 0 969 32
35 0 969 32
36 0 968 33
37 0 968 33
38 0 966 35
39 0 965 36
40 0 963 38
41 0 961 40
42 0 960 41
43 0 959 42
44 0 958 43
45 0 957 44
46 0 957 44
47 0 956 45
48 0 953 48
49 0 952 49
50 0 952 49
51 0 951 50
52 0 950 51
53 0 949 52
54 0 948 53
55 0 948 53
56 0 947 54
57 0 946 55
58 0 946 55
59 0 943 58
60 0 942 59
61 0 942 59
62 0 941 60
63 0 938 63
64 0 937 64
65 0 937 64
66 0 937 64
67 0 936 65
68 0 936 65
69 0 936 65
70 0 936 65
71 0 936 65
