"Time" "S" "I" "R"
0 1000 1 0
1 0 1000 1
2 0 1000 1
3 0 998 3
4 0 998 3
5 0 998 3
6 0 998 3
7 0 998 3
8 0 997 4
9 0 996 5
10 0 996 5
11 0 996 5
12 0 996 5
13 0 996 5
14 0 996 5
15 0 996 5
16 0 996 5
17 0 996 5
18 0 996 5
19 0 996 5
20 0 996 5
21 0 996 5
22 0 995 6
23 0 995 6
24 0 995 6
25 0 994 7
26 0 994 7
27 0 994 7
28 0 994 7
29 0 994 7
30 0 994 7
31 0 994 7
32 0 994 7
33 0 994 7
34 0 994 7
35 0 993 8
36 0 993 8
37 0 992 9
38 0 991 10
39 0 991 10
40 0 991 10
41 0 991 10
42 0 991 10
43 0 991 10
44 0 990 11
45 0 990 11
46 0 990 11
47 0 990 11
48 0 990 11
49 0 990 11
50 0 990 11
51 0 990 11
52 0 990 11
53 0 989 12
54 0 989 12
55 0 989 12
56 0 989 12
57 0 989 12
58 0 989 12
59 0 989 12
60 0 989 12
61 0 989 12
62 0 988 13
63 0 988 13
64 0 988 13
65 0 988 13
66 0 988 13
67 0 988 13
68 0 988 13
69 0 988 13
70 0 988 13
71 0 988 13
