"Time" "S" "I" "R"
0 1000 1 0
1 0 1001 0
2 0 1001 0
3 0 1001 0
4 0 1001 0
5 0 1001 0
6 0 1001 0
7 0 1001 0
8 0 1001 0
9 0 1001 0
10 0 1001 0
11 0 1001 0
12 0 1001 0
13 0 1001 0
14 0 1000 1
15 0 1000 1
16 0 1000 1
17 0 999 2
18 0 998 3
19 0 998 3
20 0 998 3
21 0 998 3
22 0 998 3
23 0 998 3
24 0 997 4
25 0 997 4
26 0 997 4
27 0 997 4
28 0 996 5
29 0 996 5
30 0 996 5
31 0 996 5
32 0 996 5
33 0 996 5
34 0 996 5
35 0 996 5
36 0 996 5
37 0 994 7
38 0 994 7
39 0 994 7
40 0 994 7
41 0 993 8
42 0 993 8
43 0 993 8
44 0 993 8
45 0 993 8
46 0 993 8
47 0 993 8
48 0 993 8
49 0 992 9
50 0 992 9
51 0 992 9
52 0 990 11
53 0 990 11
54 0 989 12
55 0 989 12
56 0 989 12
57 0 989 12
58 0 989 12
59 0 989 12
60 0 989 12
61 0 989 12
62 0 989 12
63 0 989 12
64 0 988 13
65 0 988 13
66 0 988 13
67 0 987 14
68 0 987 14
69 0 987 14
70 0 986 15
71 0 986 15
