"Time" "S" "I" "R"
0 1000 1 0
1 0 1000 1
2 0 1000 1
3 0 1000 1
4 0 1000 1
5 0 1000 1
6 0 1000 1
7 0 999 2
8 0 999 2
9 0 999 2
10 0 998 3
11 0 998 3
12 0 998 3
13 0 998 3
14 0 998 3
15 0 998 3
16 0 998 3
17 0 998 3
18 0 998 3
19 0 998 3
20 0 998 3
21 0 998 3
22 0 997 4
23 0 997 4
24 0 997 4
25 0 997 4
26 0 996 5
27 0 996 5
28 0 996 5
29 0 996 5
30 0 996 5
31 0 996 5
32 0 996 5
33 0 996 5
34 0 995 6
35 0 995 6
36 0 994 7
37 0 994 7
38 0 994 7
39 0 994 7
40 0 994 7
41 0 994 7
42 0 994 7
43 0 994 7
44 0 993 8
45 0 993 8
46 0 992 9
47 0 992 9
48 0 991 10
49 0 991 10
50 0 991 10
51 0 990 11
52 0 990 11
53 0 990 11
54 0 990 11
55 0 990 11
56 0 990 11
57 0 990 11
58 0 989 12
59 0 988 13
60 0 988 13
61 0 988 13
62 0 988 13
63 0 988 13
64 0 988 13
65 0 988 13
66 0 988 13
67 0 988 13
68 0 988 13
69 0 987 14
70 0 987 14
71 0 987 14
