"Time" "S" "I" "R"
0 1000 1 0
1 0 1001 0
2 0 1000 1
3 0 1000 1
4 0 1000 1
5 0 999 2
6 0 999 2
7 0 999 2
8 0 999 2
9 0 999 2
10 0 999 2
11 0 999 2
12 0 999 2
13 0 999 2
14 0 999 2
15 0 999 2
16 0 998 3
17 0 998 3
18 0 997 4
19 0 997 4
20 0 997 4
21 0 997 4
22 0 997 4
23 0 997 4
24 0 997 4
25 0 997 4
26 0 997 4
27 0 997 4
28 0 997 4
29 0 997 4
30 0 997 4
31 0 997 4
32 0 997 4
33 0 996 5
34 0 996 5
35 0 996 5
36 0 996 5
37 0 996 5
38 0 996 5
39 0 996 5
40 0 996 5
41 0 996 5
42 0 995 6
43 0 994 7
44 0 994 7
45 0 994 7
46 0 994 7
47 0 994 7
48 0 994 7
49 0 994 7
50 0 994 7
51 0 994 7
52 0 994 7
53 0 994 7
54 0 994 7
55 0 993 8
56 0 993 8
57 0 993 8
58 0 993 8
59 0 993 8
60 0 993 8
61 0 993 8
62 0 993 8
63 0 993 8
64 0 993 8
65 0 993 8
66 0 993 8
67 0 993 8
68 0 993 8
69 0 991 10
70 0 989 12
