"Time" "S" "I" "R"
0 1000 1 0
1 0 1001 0
2 0 1001 0
3 0 1001 0
4 0 1001 0
5 0 1001 0
6 0 1001 0
7 0 1001 0
8 0 1000 1
9 0 1000 1
10 0 1000 1
11 0 1000 1
12 0 1000 1
13 0 1000 1
14 0 1000 1
15 0 1000 1
16 0 999 2
17 0 999 2
18 0 999 2
19 0 999 2
20 0 998 3
21 0 998 3
22 0 997 4
23 0 997 4
24 0 997 4
25 0 996 5
26 0 996 5
27 0 996 5
28 0 996 5
29 0 996 5
30 0 996 5
31 0 996 5
32 0 996 5
33 0 996 5
34 0 996 5
35 0 996 5
36 0 996 5
37 0 996 5
38 0 994 7
39 0 994 7
40 0 994 7
41 0 994 7
42 0 994 7
43 0 993 8
44 0 993 8
45 0 993 8
46 0 993 8
47 0 993 8
48 0 993 8
49 0 993 8
50 0 993 8
51 0 993 8
52 0 991 10
53 0 991 10
54 0 991 10
55 0 991 10
56 0 991 10
57 0 991 10
58 0 991 10
59 0 991 10
60 0 990 11
61 0 990 11
62 0 990 11
63 0 990 11
64 0 990 11
65 0 990 11
66 0 990 11
67 0 990 11
68 0 989 12
69 0 989 12
70 0 988 13
71 0 988 13
