"Time" "S" "I" "R"
0 1000 1 0
1 0 1001 0
2 0 1001 0
3 0 1001 0
4 0 1001 0
5 0 1001 0
6 0 1001 0
7 0 1001 0
8 0 1001 0
9 0 1001 0
10 0 1001 0
11 0 1001 0
12 0 1001 0
13 0 1001 0
14 0 1000 1
15 0 998 3
16 0 998 3
17 0 997 4
18 0 997 4
19 0 997 4
20 0 997 4
21 0 997 4
22 0 997 4
23 0 997 4
24 0 997 4
25 0 997 4
26 0 997 4
27 0 997 4
28 0 997 4
29 0 997 4
30 0 997 4
31 0 995 6
32 0 994 7
33 0 994 7
34 0 994 7
35 0 994 7
36 0 994 7
37 0 994 7
38 0 994 7
39 0 993 8
40 0 993 8
41 0 993 8
42 0 993 8
43 0 993 8
44 0 993 8
45 0 993 8
46 0 993 8
47 0 992 9
48 0 992 9
49 0 992 9
50 0 992 9
51 0 992 9
52 0 992 9
53 0 992 9
54 0 992 9
55 0 992 9
56 0 992 9
57 0 992 9
58 0 992 9
59 0 992 9
60 0 992 9
61 0 992 9
62 0 990 11
63 0 990 11
64 0 990 11
65 0 989 12
66 0 989 12
67 0 988 13
68 0 988 13
69 0 988 13
70 0 988 13
