"Time" "S" "I" "R"
0 1000 1 0
1 0 1001 0
2 0 1001 0
3 0 1001 0
4 0 1001 0
5 0 1001 0
6 0 1001 0
7 0 1001 0
8 0 1001 0
9 0 1001 0
10 0 1001 0
11 0 1001 0
12 0 1000 1
13 0 1000 1
14 0 1000 1
15 0 1000 1
16 0 1000 1
17 0 999 2
18 0 999 2
19 0 999 2
20 0 999 2
21 0 998 3
22 0 998 3
23 0 998 3
24 0 998 3
25 0 998 3
26 0 998 3
27 0 998 3
28 0 998 3
29 0 998 3
30 0 998 3
31 0 998 3
32 0 997 4
33 0 997 4
34 0 997 4
35 0 997 4
36 0 997 4
37 0 997 4
38 0 996 5
39 0 995 6
40 0 995 6
41 0 995 6
42 0 994 7
43 0 994 7
44 0 994 7
45 0 994 7
46 0 994 7
47 0 994 7
48 0 994 7
49 0 994 7
50 0 993 8
51 0 993 8
52 0 993 8
53 0 993 8
54 0 993 8
55 0 992 9
56 0 992 9
57 0 992 9
58 0 991 10
59 0 990 11
60 0 990 11
61 0 990 11
62 0 990 11
63 0 989 12
64 0 989 12
65 0 989 12
66 0 989 12
67 0 988 13
68 0 988 13
69 0 988 13
70 0 988 13
71 0 988 13
