"Time" "S" "I" "R"
0 1000 1 0
1 0 1001 0
2 0 1001 0
3 0 1001 0
4 0 1001 0
5 0 1001 0
6 0 1001 0
7 0 1000 1
8 0 1000 1
9 0 998 3
10 0 996 5
11 0 996 5
12 0 996 5
13 0 995 6
14 0 994 7
15 0 994 7
16 0 993 8
17 0 993 8
18 0 992 9
19 0 992 9
20 0 992 9
21 0 992 9
22 0 992 9
23 0 992 9
24 0 992 9
25 0 992 9
26 0 992 9
27 0 992 9
28 0 992 9
29 0 992 9
30 0 992 9
31 0 992 9
32 0 992 9
33 0 992 9
34 0 990 11
35 0 990 11
36 0 990 11
37 0 990 11
38 0 990 11
39 0 989 12
40 0 988 13
41 0 987 14
42 0 987 14
43 0 987 14
44 0 987 14
45 0 987 14
46 0 986 15
47 0 986 15
48 0 986 15
49 0 986 15
50 0 984 17
51 0 983 18
52 0 983 18
53 0 982 19
54 0 982 19
55 0 982 19
56 0 981 20
57 0 981 20
58 0 981 20
59 0 980 21
60 0 979 22
61 0 978 23
62 0 978 23
63 0 978 23
64 0 978 23
65 0 975 26
66 0 975 26
67 0 975 26
68 0 975 26
69 0 975 26
70 0 974 27
71 0 974 27
