"Time" "S" "I" "R"
0 1000 1 0
1 0 1001 0
2 0 1000 1
3 0 1000 1
4 0 1000 1
5 0 998 3
6 0 997 4
7 0 997 4
8 0 997 4
9 0 997 4
10 0 997 4
11 0 997 4
12 0 997 4
13 0 997 4
14 0 997 4
15 0 996 5
16 0 996 5
17 0 996 5
18 0 996 5
19 0 996 5
20 0 995 6
21 0 995 6
22 0 995 6
23 0 995 6
24 0 994 7
25 0 991 10
26 0 991 10
27 0 991 10
28 0 989 12
29 0 989 12
30 0 989 12
31 0 988 13
32 0 988 13
33 0 988 13
34 0 987 14
35 0 987 14
36 0 987 14
37 0 987 14
38 0 987 14
39 0 987 14
40 0 987 14
41 0 987 14
42 0 987 14
43 0 987 14
44 0 986 15
45 0 986 15
46 0 985 16
47 0 985 16
48 0 985 16
49 0 984 17
50 0 984 17
51 0 984 17
52 0 984 17
53 0 984 17
54 0 983 18
55 0 983 18
56 0 983 18
57 0 983 18
58 0 982 19
59 0 982 19
60 0 981 20
61 0 981 20
62 0 981 20
63 0 981 20
64 0 981 20
65 0 980 21
66 0 980 21
67 0 979 22
68 0 979 22
69 0 978 23
70 0 978 23
