"Time" "Prey" "Predator"
0 39.0548653878 4.24732253877
0.1 3.71261041379 29.966043539
0.2 0.0673691367103 29.6883375912
0.3 0.00165704980147 26.9095984072
0.4 5.82361336851e-05 24.3499465143
0.5 2.81599710638e-06 22.0327825779
0.6 1.77335833094e-07 19.9360884996
0.7 1.25114866552e-08 18.0389203102
0.8 2.44143013296e-09 16.3222925094
0.9 -4.66101695332e-09 14.7690145752
1 -6.30808631317e-09 13.3635515741
1.1 -6.21304030387e-09 12.0918390984
1.2 -6.275402292e-09 10.9411460777
1.3 -6.10471202749e-09 9.89995471894
1.4 -5.76656973828e-09 8.9578479343
1.5 -5.04206759976e-09 8.10540865877
1.6 -5.13284493353e-09 7.33407528045
1.7 -5.1902563976e-09 6.63614472357
1.8 -5.14262224379e-09 6.00463336987
1.9 -5.15257550957e-09 5.43321717698
2 -5.15257550957e-09 4.91617829398
2.1 -5.15257550957e-09 4.44834237855
2.2 -5.15257550957e-09 4.02502680594
2.3 -5.15257550957e-09 3.64199516802
2.4 -5.15257550957e-09 3.29541450884
2.5 -5.15257550957e-09 2.98181480397
2.6 -5.15257550957e-09 2.69805799408
2.7 -5.15257550957e-09 2.44130443328
2.8 -5.15257550957e-09 2.20898385449
2.9 -5.15257550957e-09 1.99877162664
3 -5.15257550957e-09 1.80856375864
3.1 -5.15257550957e-09 1.63645634158
3.2 -5.15257550957e-09 1.48072725945
3.3 -5.15257550957e-09 1.33981754237
3.4 -5.15257550957e-09 1.21231706939
3.5 -5.15257550957e-09 1.09694914762
3.6 -5.15257550957e-09 0.992560272257
3.7 -5.15257550957e-09 0.898105514974
3.8 -5.15257550957e-09 0.812639520172
3.9 -5.15257550957e-09 0.735306646495
4 -5.15257550957e-09 0.665332955652
4.1 -5.15257550957e-09 0.602018072804
4.2 -5.15257550957e-09 0.544728489419
4.3 -5.15257550957e-09 0.492890723753
4.4 -5.15257550957e-09 0.44598594358
4.5 -5.15257550957e-09 0.403544733357
4.6 -5.15257550957e-09 0.365142172406
4.7 -5.15257550957e-09 0.330394010458
4.8 -5.15257550957e-09 0.298952856477
4.9 -5.15257550957e-09 0.27050363476
5 -5.15257550957e-09 0.24476181876
5.1 -5.15257550957e-09 0.221469646934
5.2 -5.15257550957e-09 0.200393942439
5.3 -5.15257550957e-09 0.181323953755
5.4 -5.15257550957e-09 0.16406860789
5.5 -5.15257550957e-09 0.148455400108
5.6 -5.15257550957e-09 0.13432800825
5.7 -5.15257550957e-09 0.121544982423
5.8 -5.15257550957e-09 0.109978468796
5.9 -5.15257550957e-09 0.0995125880514
6 -5.15257550957e-09 0.0900427014287
6.1 -5.15257550957e-09 0.0814739935505
6.2 -5.15257550957e-09 0.073720685212
6.3 -5.15257550957e-09 0.066705249881
6.4 -5.15257550957e-09 0.060357391247
6.5 -5.15257550957e-09 0.0546136263854
6.6 -5.15257550957e-09 0.0494164444772
6.7 -5.15257550957e-09 0.0447138236762
6.8 -5.15257550957e-09 0.0404587471861
6.9 -5.15257550957e-09 0.0366085766835
7 -5.15257550957e-09 0.0331248103913
7.1 -5.15257550957e-09 0.029972566506
7.2 -5.15257550957e-09 0.0271202887763
7.3 -5.15257550957e-09 0.0245394553358
7.4 -5.15257550957e-09 0.022204207342
7.5 -5.15257550957e-09 0.0200911961466
7.6 -5.15257550957e-09 0.0181792654344
7.7 -5.15257550957e-09 0.016449274024
7.8 -5.15257550957e-09 0.0148839205841
7.9 -5.15257550957e-09 0.0134675235146
8 -5.15257550957e-09 0.0121859174137
8.1 -5.15257550957e-09 0.0110262592412
8.2 -5.15257550957e-09 0.0099769460487
8.3 -5.15257550957e-09 0.00902751648916
8.4 -5.15257550957e-09 0.00816845856008
8.5 -5.15257550957e-09 0.00739115717924
8.6 -5.15257550957e-09 0.00668781115236
8.7 -5.15257550957e-09 0.00605141688828
8.8 -5.15257550957e-09 0.00547557354279
8.9 -5.15257550957e-09 0.00495450020071
9 -5.15257550957e-09 0.00448302772771
9.1 -5.15257550957e-09 0.00405641185122
9.2 -5.15257550957e-09 0.00367039188541
9.3 -5.15257550957e-09 0.00332112119371
9.4 -5.15257550957e-09 0.00300507413459
9.5 -5.15257550957e-09 0.00271910580676
9.6 -5.15257550957e-09 0.00246035780968
9.7 -5.15257550957e-09 0.00222622308948
9.8 -5.15257550957e-09 0.00201439249345
9.9 -5.15257550957e-09 0.00182273768815
10 -5.15257550957e-09 0.0016492940509
10.1 -5.15257550957e-09 0.00149233218952
10.2 -5.15257550957e-09 0.00135031825693
10.3 -5.15257550957e-09 0.0012218184642
10.4 -5.15257550957e-09 0.00110552569482
10.5 -5.15257550957e-09 0.00100030794956
10.6 -5.15257550957e-09 0.000905114580374
10.7 -5.15257550957e-09 0.000818975352804
10.8 -5.15257550957e-09 0.000741031661889
10.9 -5.15257550957e-09 0.00067051731693
11 -5.15257550957e-09 0.000606715323851
11.1 -5.15257550957e-09 0.000548970414812
11.2 -5.15257550957e-09 0.000496722883847
11.3 -5.15257550957e-09 0.000449451368064
11.4 -5.15257550957e-09 0.000406652302741
11.5 -5.15257550957e-09 0.000367963809562
11.6 -5.15257550957e-09 0.000332949151159
11.7 -5.15257550957e-09 0.000301265612297
11.8 -5.15257550957e-09 0.000272594129673
11.9 -5.15257550957e-09 0.000246659170237
12 -5.15257550957e-09 0.000223196915227
12.1 -5.15257550957e-09 0.000201963915233
12.2 -5.15257550957e-09 0.000182739093452
12.3 -5.15257550957e-09 0.000165328535962
12.4 -5.15257550957e-09 0.000149561962535
12.5 -5.15257550957e-09 0.00013529060807
12.6 -5.15257550957e-09 0.000122388899867
12.7 -5.15257550957e-09 0.000110737003929
12.8 -5.15257550957e-09 0.000100191254051
12.9 -5.15257550957e-09 9.06474875812e-05
13 -5.15257550957e-09 8.20181837556e-05
13.1 -5.15257550957e-09 7.42288164216e-05
13.2 -5.15257550957e-09 6.71853694952e-05
13.3 -5.15257550957e-09 6.08081126706e-05
13.4 -5.15257550957e-09 5.5034009197e-05
13.5 -5.15257550957e-09 4.98093317404e-05
13.6 -5.15257550957e-09 4.50373215399e-05
13.7 -5.15257550957e-09 4.07852887372e-05
13.8 -5.15257550957e-09 3.69130036775e-05
13.9 -5.15257550957e-09 3.34008708297e-05
14 -5.15257550957e-09 3.02274574335e-05
14.1 -5.15257550957e-09 2.73581071733e-05
14.2 -5.15257550957e-09 2.47650458281e-05
14.3 -5.15257550957e-09 2.24227227886e-05
14.4 -5.15257550957e-09 2.03055874451e-05
14.5 -5.15257550957e-09 1.83880891881e-05
14.6 -5.15257550957e-09 1.66530557698e-05
14.7 -5.15257550957e-09 1.50884772958e-05
14.8 -5.15257550957e-09 1.36747253405e-05
14.9 -5.15257550957e-09 1.2392159163e-05
15 -5.15257550957e-09 1.12211380225e-05
15.1 -5.15257550957e-09 1.01450461647e-05
15.2 -5.15257550957e-09 9.16904033799e-06
15.3 -5.15257550957e-09 8.28694596392e-06
15.4 -5.15257550957e-09 7.48892730165e-06
15.5 -5.15257550957e-09 6.76514861033e-06
15.6 -5.15257550957e-09 6.10577414915e-06
15.7 -5.15257550957e-09 5.41779943277e-06
15.8 -5.15257550957e-09 4.92569458097e-06
15.9 -5.15257550957e-09 4.46770475983e-06
16 -5.15257550957e-09 4.04382996937e-06
16.1 -5.15257550957e-09 3.65407020958e-06
16.2 -5.15257550957e-09 3.29789454021e-06
16.3 -5.15257550957e-09 2.9715627676e-06
16.4 -5.15257550957e-09 2.67434895519e-06
16.5 -5.15257550957e-09 2.40625310301e-06
16.6 -5.15257550957e-09 2.16727521103e-06
16.7 -5.15257550957e-09 1.95741527927e-06
16.8 -5.15257550957e-09 1.77318324458e-06
16.9 -5.15257550957e-09 1.60483726816e-06
17 -5.15257550957e-09 1.45180060574e-06
17.1 -5.15257550957e-09 1.31407325733e-06
17.2 -5.15257550957e-09 1.19165522292e-06
17.3 -5.15257550957e-09 1.08454650252e-06
17.4 -5.15257550957e-09 9.88987736524e-07
17.5 -5.15257550957e-09 9.00602746047e-07
17.6 -5.15257550957e-09 8.19385332273e-07
17.7 -5.15257550957e-09 7.45335495203e-07
17.8 -5.15257550957e-09 6.78453234836e-07
17.9 -5.15257550957e-09 6.18668645011e-07
18 -5.15257550957e-09 5.63888337612e-07
18.1 -5.15257550957e-09 5.13134580301e-07
18.2 -5.15257550957e-09 4.66407373077e-07
18.3 -5.15257550957e-09 4.23706715942e-07
18.4 -5.15257550957e-09 3.85032608895e-07
18.5 -5.15257550957e-09 3.50226110756e-07
18.6 -5.15257550957e-09 3.18167564845e-07
18.7 -5.15257550957e-09 2.88639656294e-07
18.8 -5.15257550957e-09 2.61642385104e-07
18.9 -5.15257550957e-09 2.37175751274e-07
19 -5.15257550957e-09 2.15239754805e-07
19.1 -5.15257550957e-09 1.95575474325e-07
19.2 -5.15257550957e-09 1.77460180718e-07
19.3 -5.15257550957e-09 1.60851086385e-07
19.4 -5.15257550957e-09 1.45748191327e-07
19.5 -5.15257550957e-09 1.32151495545e-07
19.6 -5.15257550957e-09 1.20060999038e-07
19.7 -5.15257550957e-09 1.09170671703e-07
19.8 -5.15257550957e-09 9.91242713567e-08
19.9 -5.15257550957e-09 8.99212933855e-08
20 -5.15257550957e-09 8.15617377895e-08
