"Time" "Prey" "Predator"
0 0.366190289935 1.09192126622
0.1 0.339955074343 1.02347360546
0.2 0.31845291754 0.957036048036
0.3 0.30091414276 0.893172268123
0.4 0.286717005508 0.832252995782
0.5 0.275360458164 0.774500895978
0.6 0.266439908154 0.720028177114
0.7 0.259630397429 0.668861970477
0.8 0.254671448271 0.62096683535
0.9 0.251353884777 0.576263674633
1 0.249510836218 0.534641646777
1.1 0.249010267277 0.495968239666
1.2 0.249748329668 0.460098096115
1.3 0.251644544162 0.426878693449
1.4 0.254638002426 0.396154617071
1.5 0.258683926475 0.367771451586
1.6 0.263751623564 0.341577510666
1.7 0.26982219886 0.317426032742
1.8 0.276887276503 0.295176007813
1.9 0.284947553762 0.274693239931
2 0.294011821287 0.255850793572
2.1 0.304096313965 0.238529056878
2.2 0.315223972017 0.222615979474
2.3 0.327424034527 0.208006920223
2.4 0.3407317338 0.194604445665
2.5 0.355187606329 0.182318477192
2.6 0.370837978159 0.171065396614
2.7 0.387734218469 0.16076824159
2.8 0.405933008741 0.151356207414
2.9 0.425496069526 0.142764414974
3 0.446490197467 0.134933623129
3.1 0.468987249029 0.127809910176
3.2 0.493064054719 0.121344459161
3.3 0.518802490321 0.115493313717
3.4 0.546289358423 0.110217139849
3.5 0.575616374517 0.10548116103
3.6 0.606880065141 0.101254902305
3.7 0.640181447343 0.0975123615155
3.8 0.675626247708 0.0942314898699
3.9 0.713324462477 0.0913943576412
4 0.753388930638 0.0889881186868
4.1 0.795936370898 0.0870039208867
4.2 0.841086404953 0.0854373526675
4.3 0.88895826975 0.0842900869262
4.4 0.93967202269 0.083569068247
4.5 0.993345269014 0.0832878224083
4.6 1.05009102315 0.0834672950739
4.7 1.11001712131 0.0841360507663
4.8 1.17321752066 0.0853338465419
4.9 1.23977127614 0.0871119540318
5 1.30973355932 0.0895365514178
5.1 1.38313156889 0.0926903824416
5.2 1.45994814123 0.0966792216269
5.3 1.54011637395 0.101633927934
5.4 1.62349503839 0.10771985332
5.5 1.70985085344 0.115143683484
5.6 1.79883246079 0.124163428756
5.7 1.88993538865 0.135101602447
5.8 1.98246259475 0.148359950841
5.9 2.07546831715 0.16443955874
6 2.16770360578 0.183959623446
6.1 2.2575422486 0.207681768126
6.2 2.34290548413 0.236529397835
6.3 2.42119058112 0.27160425377
6.4 2.48920948981 0.314179408187
6.5 2.54318387332 0.365664030094
6.6 2.57881156157 0.427512938439
6.7 2.59147689924 0.501051033385
6.8 2.57664546993 0.587196585061
6.9 2.53048024258 0.686076635352
7 2.45064086445 0.796582999564
7.1 2.33712557177 0.915981008798
7.2 2.19289793633 1.03974725417
7.3 2.02397202228 1.16182952247
7.4 1.83880443418 1.27536312177
7.5 1.64703145042 1.37373995194
7.6 1.45795117506 1.45168724337
7.7 1.27921662788 1.5060225424
7.8 1.11611557902 1.53586310018
7.9 0.971475190038 1.54235755274
8 0.846045277753 1.52810655196
8.1 0.739094435321 1.49651454824
8.2 0.649006699713 1.45123095513
8.3 0.573762023416 1.39575603329
8.4 0.511264338537 1.33321082908
8.5 0.459537298798 1.26623570457
8.6 0.416821167406 1.19697572914
8.7 0.381604899161 1.12711653603
8.8 0.352621442198 1.05794328418
8.9 0.328825689435 0.990405916697
9 0.309363694239 0.925182697918
9.1 0.293542649314 0.862735877749
9.2 0.280802720405 0.803359317046
9.3 0.270692730801 0.74721754517
9.4 0.262849761189 0.694377237844
9.5 0.256981567424 0.644833690128
9.6 0.252854847056 0.598526629975
9.7 0.25028253898 0.555359651047
9.8 0.249115940705 0.515210117745
9.9 0.249237535147 0.477938601914
10 0.250555466683 0.443395597255
10.1 0.252999265277 0.411426769931
10.2 0.256516356282 0.381876840925
10.3 0.261069182558 0.354592462906
10.4 0.266633034567 0.32942429594
10.5 0.273194570015 0.30622796715
10.6 0.280749865029 0.284866044853
10.7 0.289303814918 0.265207756604
10.8 0.298868919146 0.247129839183
10.9 0.309464793858 0.230516398799
11 0.321117518376 0.215259076908
11.1 0.333859262113 0.201256865357
11.2 0.347727970057 0.18841592501
11.3 0.362767084095 0.176649368408
11.4 0.379025415462 0.165876922818
11.5 0.396556969207 0.156024716071
11.6 0.415420900654 0.147024917912
11.7 0.435681393336 0.138815518572
11.8 0.457407803545 0.131339852026
11.9 0.480674459879 0.124546524971
12 0.505560618385 0.118389214837
12.1 0.53215067332 0.112826218459
12.2 0.560533801283 0.10782050479
12.3 0.590804110974 0.10333942365
12.4 0.62306051283 0.099354602453
12.5 0.657406311072 0.0958420120834
12.6 0.693949311609 0.0927817897276
12.7 0.732801103477 0.0901584324171
12.8 0.774076653749 0.0879608936292
12.9 0.817893909933 0.0861826994998
13 0.864372172727 0.0848225121262
13.1 0.913631669882 0.0838843121876
13.2 0.965791670307 0.0833781117638
13.3 1.02096776184 0.0833209857607
13.4 1.07927084929 0.0837375242736
13.5 1.14080204685 0.0846617846224
13.6 1.20564884737 0.0861388035693
13.7 1.27387977583 0.0882266980051
13.8 1.34553679545 0.0909996134347
13.9 1.42062766131 0.0945507264254
14 1.49911095737 0.0989980490407
14.1 1.58088606651 0.10448833574
14.2 1.66576838837 0.111206547029
14.3 1.75347204346 0.11938255183
14.4 1.84357591771 0.129303995034
14.5 1.9354836271 0.14133136779
14.6 2.02838201806 0.155913019323
14.7 2.12118597141 0.173604936873
14.8 2.21246811004 0.19509437234
14.9 2.30038945742 0.22122020898
15 2.38261860388 0.25299392263
15.1 2.45626954503 0.291603124849
15.2 2.51786316323 0.33839418601
15.3 2.56334139615 0.394817872407
15.4 2.58821491629 0.462289798988
15.5 2.58784376966 0.541977123146
15.6 2.55794674364 0.634461009837
15.7 2.49531876613 0.739314326631
15.8 2.39867891943 0.854662077138
15.9 2.26943549857 0.976886909579
16 2.11208933624 1.10064852416
16.1 1.93398361437 1.21937589252
16.2 1.74434123824 1.32618896936
16.3 1.5528167538 1.41501916904
16.4 1.36802716033 1.48156300041
16.5 1.19650829182 1.52377870519
16.6 1.04230887461 1.54184564182
16.7 0.90716424746 1.53770994346
16.8 0.791016019745 1.51444589233
16.9 0.692627719764 1.47563926894
17 0.61013272976 1.42490538575
17.1 0.541440560549 1.36557773414
17.2 0.484496553665 1.30054636635
17.3 0.437424323378 1.23220452953
17.4 0.398585041965 1.16246480355
17.5 0.366590458827 1.09280657458
17.6 0.340286565764 1.02434129086
17.7 0.318726529523 0.957877179385
17.8 0.301139770381 0.893979236954
17.9 0.286902493936 0.833021140905
18 0.275511400756 0.775228532534
18.1 0.266561036707 0.720714221164
18.2 0.2597255181 0.669506394824
18.3 0.254743274381 0.621570806852
18.4 0.251404863892 0.57682816089
18.5 0.249543153765 0.535167723311
18.6 0.249025558031 0.496457572371
18.7 0.249747869741 0.460552496338
18.8 0.251629330073 0.427300020998
18.9 0.254608653014 0.39654498019
19 0.25864089883 0.368132863263
19.1 0.26369534874 0.341911678784
19.2 0.269752920783 0.317734727911
19.3 0.276805131364 0.295460923224
19.4 0.284852506491 0.274956070852
19.5 0.293903795596 0.256093058276
19.6 0.303975099602 0.238752233488
19.7 0.315089261126 0.222821470638
19.8 0.327275445021 0.208196027681
19.9 0.340568680381 0.194778497772
20 0.355009669861 0.182478471985
