"Time" "Prey" "Predator"
0 0.945741209444 1.09192126622
0.1 0.874468845611 1.08208955946
0.2 0.81002333769 1.0650925084
0.3 0.752346581518 1.04198159732
0.4 0.7011770112 1.01384228515
0.5 0.656124924874 0.981732006911
0.6 0.61673079008 0.94663719205
0.7 0.582507461409 0.909447119049
0.8 0.552970550161 0.870940886435
0.9 0.527660201225 0.831783641503
1 0.506150100053 0.79253204686
1.1 0.488054997802 0.753641105909
1.2 0.473032277788 0.715474787897
1.3 0.46078109103 0.678317267165
1.4 0.451040728696 0.642383948157
1.5 0.443586458364 0.607832414484
1.6 0.438226684331 0.574771710755
1.7 0.434799351362 0.543271121309
1.8 0.433168528002 0.513367654706
1.9 0.433221434064 0.485072301185
2 0.434865624085 0.45837569534
2.1 0.438026542847 0.43325261735
2.2 0.442645365524 0.409665880356
2.3 0.448676831463 0.387570232822
2.4 0.45608822039 0.366913220944
2.5 0.464857657912 0.347638013255
2.6 0.474972643366 0.329686681285
2.7 0.486429459834 0.312999562473
2.8 0.499231793727 0.297517753422
2.9 0.513390265189 0.283183114954
3 0.528921499394 0.269939542405
3.1 0.545847609242 0.257733167874
3.2 0.564195500461 0.24651310499
3.3 0.583996376891 0.236231573849
3.4 0.605285042547 0.226844378526
3.5 0.628099406426 0.218311035563
3.6 0.652479799164 0.210595086887
3.7 0.678468569169 0.203663967374
3.8 0.706108904032 0.197489743808
3.9 0.735444337949 0.192048987009
4 0.766517832967 0.187322944744
4.1 0.799370225913 0.183298142119
4.2 0.834039610873 0.179966289067
4.3 0.870559208283 0.177325007061
4.4 0.908955812309 0.175378204341
4.5 0.949248007585 0.17413648295
4.6 0.991442642992 0.173618200698
4.7 1.03553304664 0.173849890834
4.8 1.08149467039 0.174867504291
4.9 1.12928072868 0.176717645301
5 1.17881854816 0.179458570301
5.1 1.23000167237 0.183162338648
5.2 1.28268497146 0.187916207501
5.3 1.33667660607 0.193824734851
5.4 1.39172735013 0.201012422042
5.5 1.44752221997 0.209625873482
5.6 1.50366880212 0.219836079034
5.7 1.5596853688 0.231841210851
5.8 1.61498851313 0.245867503142
5.9 1.66887946149 0.262171709118
6 1.72053680358 0.281037699002
6.1 1.7690041282 0.302775943165
6.2 1.81319065952 0.327714707453
6.3 1.85188274901 0.356184034666
6.4 1.88375959279 0.388498492186
6.5 1.907427202 0.424929045407
6.6 1.92148564633 0.465658599154
6.7 1.92460491134 0.510736542207
6.8 1.91563453526 0.560019476484
6.9 1.89372321833 0.613115852296
7 1.85845414862 0.669328135787
7.1 1.80994571214 0.727637963813
7.2 1.74893478652 0.786701041004
7.3 1.67678859917 0.844901723564
7.4 1.59544161874 0.900453883179
7.5 1.50725864045 0.951537514011
7.6 1.41484087416 0.996458085112
7.7 1.32080908197 1.03379429429
7.8 1.2275980536 1.06251499678
7.9 1.13729619199 1.08204317833
8 1.05154958067 1.09226128941
8.1 0.971532239016 1.09346706016
8.2 0.89796812424 1.08629575095
8.3 0.831192271344 1.07162404716
8.4 0.771230721013 1.0504734108
8.5 0.717882911859 1.02392483012
8.6 0.670796427165 0.993050959137
8.7 0.62952980508 0.958866366045
8.8 0.593601161067 0.922295507414
8.9 0.562522689519 0.884155741158
9 0.535824144146 0.845150932555
9.1 0.513066315282 0.805874668345
9.2 0.493849959167 0.766815016939
9.3 0.477817760387 0.728365813699
9.4 0.464654872587 0.690837171084
9.5 0.454087247136 0.654466541718
9.6 0.445878183616 0.619430089034
9.7 0.439825219124 0.58585233384
9.8 0.435756702461 0.553815130822
9.9 0.43352817292 0.523365660344
10 0.43301933592 0.494523111204
10.1 0.434131175674 0.467284527323
10.2 0.436783114895 0.44162963462
10.3 0.44091127064 0.417525015075
10.4 0.446466094053 0.394927311515
10.5 0.453410801232 0.373786325379
10.6 0.461719870916 0.354047005285
10.7 0.471377767216 0.335651540995
10.8 0.482377843138 0.31854070925
10.9 0.494721363391 0.30265518483
11 0.508416666529 0.287936471183
11.1 0.523478432496 0.274327666032
11.2 0.539926971805 0.261774118812
11.3 0.5577876405 0.250223856446
11.4 0.577090161465 0.239628113157
11.5 0.597868241043 0.229941328656
11.6 0.620158852155 0.221121635857
11.7 0.644001538889 0.21313126975
11.8 0.669438077811 0.20593630663
11.9 0.696511369555 0.199507321085
12 0.725265031486 0.193819212725
12.1 0.755742229458 0.18885165982
12.2 0.787984702296 0.184589351471
12.3 0.822031716402 0.181022147878
12.4 0.857918173234 0.178145701708
12.5 0.895673521549 0.175961614867
12.6 0.935319129326 0.174478229942
12.7 0.976866302677 0.173711136688
12.8 1.02031346705 0.17368393667
12.9 1.06564221069 0.174429378683
13 1.11281443282 0.175990124981
13.1 1.16176635137 0.178420432302
13.2 1.21240400364 0.181787417595
13.3 1.26459627477 0.186172920305
13.4 1.3181675857 0.191675492584
13.5 1.37288979963 0.19841249497
13.6 1.42847136782 0.206522676699
13.7 1.48454791498 0.216168579799
13.8 1.54066942895 0.227538567552
13.9 1.59628789314 0.240849767354
14 1.6507463251 0.256347702359
14.1 1.70326492157 0.274307907321
14.2 1.75293242675 0.29503355864
14.3 1.79870631394 0.318845990888
14.4 1.83941233847 0.346077076858
14.5 1.87376128224 0.3770503353
14.6 1.90038000887 0.412054615385
14.7 1.91786258844 0.451307929297
14.8 1.92484480863 0.494911055878
14.9 1.92010301497 0.542792638457
15 1.90266782428 0.594651886215
15.1 1.87196063775 0.649901381625
15.2 1.82790659351 0.707633041876
15.3 1.77102785296 0.76660929285
15.4 1.70248056888 0.825297892503
15.5 1.62401787991 0.881956964452
15.6 1.53787688158 0.934761146984
15.7 1.44660358425 0.981954487078
15.8 1.35283384718 1.02201009839
15.9 1.25908843711 1.05375144765
16 1.1675872062 1.07644443375
16.1 1.08013471099 1.08981673241
16.2 0.998065077215 1.09403282546
16.3 0.922249914781 1.08962348646
16.4 0.853148174829 1.07739442167
16.5 0.79088151247 1.05832827837
16.6 0.735317158 1.03349459935
16.7 0.686146524483 1.00397533491
16.8 0.642952463454 0.970809028757
16.9 0.605262322523 0.93495328078
17 0.572587396452 0.897263022109
17.1 0.544449161019 0.858481224188
17.2 0.52039691609 0.819238043216
17.3 0.500017272695 0.780056428044
17.4 0.482938561926 0.741361116235
17.5 0.468831751603 0.703489359611
17.6 0.45740909482 0.666702200021
17.7 0.448421609315 0.631195445261
17.8 0.441655680157 0.597110084535
17.9 0.43692932159 0.564541781551
18 0.434089241813 0.533548602852
18.1 0.433007277243 0.504158556126
18.2 0.433577380752 0.476375639815
18.3 0.435713100276 0.450184962816
18.4 0.439345097938 0.425557163184
18.5 0.444419122991 0.402451947285
18.6 0.450894230669 0.38082116515
18.7 0.458741213061 0.360611203559
18.8 0.467941255725 0.34176502326
18.9 0.47848474908 0.324223846503
19 0.490370451065 0.307927987089
19.1 0.503604308607 0.292818755129
19.2 0.518198980351 0.278838529609
19.3 0.534172913619 0.265931875626
19.4 0.55154981253 0.25404587124
19.5 0.570358045029 0.243130500701
19.6 0.590629966836 0.233139205264
19.7 0.612401519754 0.224028826655
19.8 0.6357114182 0.215760211058
19.9 0.66060077498 0.208298056927
20 0.687112163579 0.201611417534
