"Time" "Prey" "Predator"
0 0.0011197984064 4.49225950413
0.1 0.000677152121544 4.06512097354
0.2 0.000432273764487 3.67847443361
0.3 0.000289959923151 3.32854216096
0.4 0.000203281184965 3.01186627861
0.5 0.000148315295591 2.72529896156
0.6 0.000112045989217 2.46598237384
0.7 8.75327368536e-05 2.23133345185
0.8 7.05054906817e-05 2.01900951943
0.9 5.83226482643e-05 1.82688669887
1 4.94400536196e-05 1.65304345273
1.1 4.28816509387e-05 1.49573938772
1.2 3.79820152463e-05 1.35340696254
1.3 3.44638726078e-05 1.22462367908
1.4 3.16050878046e-05 1.10809066729
1.5 2.93511909047e-05 1.00264492859
1.6 2.76266368135e-05 0.907233229192
1.7 2.63201439526e-05 0.820900785177
1.8 2.53516242691e-05 0.742783664859
1.9 2.46620271403e-05 0.67210015422
2 2.42075969885e-05 0.60814300164
2.1 2.39548413221e-05 0.550271898686
2.2 2.38786203674e-05 0.497907658157
2.3 2.39616802949e-05 0.450526460126
2.4 2.41896531369e-05 0.407653985447
2.5 2.45534225109e-05 0.368861418849
2.6 2.50458315904e-05 0.333760448257
2.7 2.56622531158e-05 0.301999722242
2.8 2.6400063615e-05 0.273261325582
2.9 2.72583279227e-05 0.247257709901
3 2.82375194238e-05 0.223728625814
3.1 2.9339358875e-05 0.202438604279
3.2 3.05666653012e-05 0.183174566328
3.3 3.19232479933e-05 0.165743709475
3.4 3.34138329994e-05 0.149971530298
3.5 3.50440553071e-05 0.1357001943
3.6 3.6820487048e-05 0.122787049768
3.7 3.87503979851e-05 0.11110269899
3.8 4.08419794697e-05 0.100530276747
3.9 4.31042457925e-05 0.0909639420137
4 4.55470663156e-05 0.082307910731
4.1 4.81812241525e-05 0.0744756336271
4.2 5.1018396255e-05 0.0673886388811
4.3 5.40712398132e-05 0.060976070318
4.4 5.73534095955e-05 0.0551737421054
4.5 6.08796131822e-05 0.0499235499324
4.6 6.46656792143e-05 0.0451729887525
4.7 6.87286123926e-05 0.0408744665868
4.8 7.30866703393e-05 0.0369850018587
4.9 7.77594371962e-05 0.0334656623958
5 8.2767907042e-05 0.0302812117662
5.1 8.81345752545e-05 0.0273998135113
5.2 9.38835367467e-05 0.0247925970591
5.3 0.000100040587649 0.0224334861322
5.4 0.000106633342955 0.0202988652533
5.5 0.000113691355679 0.0183673646124
5.6 0.000121246244482 0.016619676285
5.7 0.000129331840401 0.0150382889029
5.8 0.000137984326533 0.0136073876005
5.9 0.000147242407178 0.0123126491312
6 0.000157147475643 0.0111411105621
6.1 0.000167743793391 0.0100810587737
6.2 0.000179078699097 0.00912187349355
6.3 0.000191202802564 0.00825396397345
6.4 0.000204170223011 0.00746864312133
6.5 0.000218038824129 0.00675804794044
6.6 0.000232870464059 0.00611507319068
6.7 0.000248731291849 0.00553327861521
6.8 0.000265692012401 0.00500684522029
6.9 0.000283828244576 0.00453049565896
7 0.000303220819157 0.00409946095867
7.1 0.000323956090986 0.00370945027421
7.2 0.000346126452855 0.00335657331954
7.3 0.000369830742687 0.00303728617779
7.4 0.000395174401418 0.00274838103878
7.5 0.000422270151333 0.00248695303095
7.6 0.00045123889712 0.00225041387215
7.7 0.000482209479189 0.00203638178488
7.8 0.000515319463941 0.00184268237861
7.9 0.000550716565583 0.00166741330118
8 0.000588558291388 0.00150882660853
8.1 0.000629012655232 0.00136531767639
8.2 0.000672259951463 0.00123546591221
8.3 0.000718492739778 0.00111797997178
8.4 0.000767918400944 0.00101162932073
8.5 0.000820750860877 0.00091545629155
8.6 0.000877230961177 0.000828417607912
8.7 0.000937608335614 0.000749653689636
8.8 0.00100215166307 0.00067837660511
8.9 0.00107115008571 0.000613889398165
9 0.00114490960382 0.000555536956871
9.1 0.00122375458601 0.000502724894145
9.2 0.00130803952355 0.000454917996525
9.3 0.00139814334956 0.0004116412162
9.4 0.00149446210912 0.000372480950998
9.5 0.00159741579068 0.000337076536222
9.6 0.00170747381001 0.000305040987688
9.7 0.00182512782941 0.000276045535967
9.8 0.00195089279223 0.000249816409007
9.9 0.0020853209236 0.000226104976892
10 0.00222902790553 0.000204642354285
10.1 0.00238265008693 0.00018521361446
10.2 0.00254685723415 0.000167635675078
10.3 0.00272238108341 0.000151732692556
10.4 0.00291002067837 0.000137331741974
10.5 0.00311060198147 0.000124295506647
10.6 0.00332499809285 0.000112506567454
10.7 0.00355419147677 0.000101834844596
10.8 0.00379921756663 9.21670970447e-05
10.9 0.00406114983623 8.34147315623e-05
11 0.00434111752697 7.55045298665e-05
11.1 0.00464034921527 6.83648495049e-05
11.2 0.00496024921058 6.19014263072e-05
11.3 0.00530223488097 5.60488982754e-05
11.4 0.00566779515245 5.07522770736e-05
11.5 0.00605850005246 4.59649733565e-05
11.6 0.0064761518331 4.1632156333e-05
11.7 0.00692265149963 3.77054505401e-05
11.8 0.00739995817662 3.41474101026e-05
11.9 0.00791013364656 3.09266145111e-05
12 0.00845541688411 2.80135525198e-05
12.1 0.00903836385024 2.53729021081e-05
12.2 0.00966155818806 2.2979507109e-05
12.3 0.0103277134513 2.08127317083e-05
12.4 0.011039690035 1.88556897982e-05
12.5 0.0118007688566 1.70855109328e-05
12.6 0.0126144162278 1.54817031577e-05
12.7 0.0134842021062 1.40290605483e-05
12.8 0.0144138835162 1.27146961881e-05
12.9 0.0154075364707 1.15264304079e-05
13 0.0164698201502 1.04495631773e-05
13.1 0.0176054447385 9.47337582938e-06
13.2 0.0188193560969 8.58887479893e-06
13.3 0.0201167663998 7.78850949547e-06
13.4 0.0215036487174 7.06346009945e-06
13.5 0.0229863243006 6.40590081829e-06
13.6 0.0245712995914 5.8098936935e-06
13.7 0.0262654221721 5.27053340005e-06
13.8 0.0280760698546 4.7832237957e-06
13.9 0.0300116141441 4.34190471636e-06
14 0.0320806610284 3.94195670255e-06
14.1 0.0342922837522 3.57932381576e-06
14.2 0.0366564155115 3.25041648302e-06
14.3 0.0391836896796 2.95211109963e-06
14.4 0.0418852002121 2.68174943355e-06
14.5 0.0447727569527 2.43700994636e-06
14.6 0.0478595291108 2.21521386328e-06
14.7 0.0511592316125 2.01420261687e-06
14.8 0.0546862758186 1.83217531152e-06
14.9 0.0584563580043 1.66735916391e-06
15 0.0624865986274 1.5179405791e-06
15.1 0.0667947396367 1.38246240328e-06
15.2 0.0713995641021 1.25964264341e-06
15.3 0.0763218375345 1.14824997694e-06
15.4 0.0815835415074 1.04720488342e-06
15.5 0.0872078692117 9.5557825543e-07
15.6 0.0932200875975 8.72457703677e-07
15.7 0.0996468934881 7.97050303771e-07
15.8 0.106516536811 7.28671160086e-07
15.9 0.113859936026 6.66631152073e-07
16 0.121709689244 6.1033115123e-07
16.1 0.130100326543 5.59248521725e-07
16.2 0.139069631902 5.12878572188e-07
16.3 0.14865738408 4.70784308831e-07
16.4 0.158905785978 4.32582252433e-07
16.5 0.169861003147 3.97895969262e-07
16.6 0.181571571435 3.66402976999e-07
16.7 0.194089008748 3.37820244707e-07
16.8 0.20746950768 3.11870499079e-07
16.9 0.22177239155 2.88312063649e-07
17 0.237061394675 2.66925915779e-07
17.1 0.253404567256 2.47515409552e-07
17.2 0.270874173195 2.29906921229e-07
17.3 0.289548417865 2.13935895018e-07
17.4 0.309509844433 1.99460076853e-07
17.5 0.330847510743 1.86347984644e-07
17.6 0.353656319089 1.74481861787e-07
17.7 0.378037205708 1.63758194846e-07
17.8 0.404099397436 1.54080449872e-07
17.9 0.43195788091 1.45366700965e-07
18 0.461736757534 1.37542169373e-07
18.1 0.493568556975 1.30540521429e-07
18.2 0.527594633604 1.24303535999e-07
18.3 0.56396625163 1.1878274029e-07
18.4 0.602845353516 1.13934851839e-07
18.5 0.644405040731 1.09723920351e-07
18.6 0.688829944113 1.06124086018e-07
18.7 0.736317400022 1.03114787688e-07
18.8 0.787078622129 1.00684143196e-07
18.9 0.841339382874 9.88286357832e-08
19 0.899340652058 9.75526778914e-08
19.1 0.96134058125 9.68731277724e-08
19.2 1.02761479026 9.68174048685e-08
19.3 1.09845772221 9.74264959491e-08
19.4 1.17418471339 9.87620433054e-08
19.5 1.2551321939 1.00902496193e-07
19.6 1.3416600586 1.03956864778e-07
19.7 1.43415336438 1.08072076826e-07
19.8 1.53302302305 1.13429730017e-07
19.9 1.63870817815 1.2026975896e-07
20 1.75167900022 1.28935534307e-07
