"Time" "Prey" "Predator"
0 0.931359779981 14.2941991844
0.1 0.154383567676 13.5004553517
0.2 0.0295216882706 12.3070927317
0.3 0.00661126387228 11.1527710402
0.4 0.0017161302984 10.0950662177
0.5 0.000509583635609 9.13529190004
0.6 0.00017093522435 8.26620775286
0.7 6.39708043258e-05 7.47965480714
0.8 2.65300232215e-05 6.76790158716
0.9 1.20265853315e-05 6.12386534544
1 5.91184285573e-06 5.54111202139
1.1 3.1200441621e-06 5.01381214989
1.2 1.7637598369e-06 4.53668947082
1.3 1.04438941047e-06 4.10496409066
1.4 6.62218623532e-07 3.71432173396
1.5 4.53314816802e-07 3.36085691415
1.6 3.15402274043e-07 3.04102854291
1.7 2.29024486807e-07 2.75163570111
1.8 1.79058803918e-07 2.489781264
1.9 1.44615405196e-07 2.25284915861
2 1.20292353253e-07 2.03846542074
2.1 9.25511710453e-08 1.84447832756
2.2 7.95210122147e-08 1.6689533884
2.3 6.95978103927e-08 1.51013174985
2.4 6.10448290808e-08 1.36642376841
2.5 5.45733269885e-08 1.23639138792
2.6 5.01053660815e-08 1.11873331419
2.7 4.64432395125e-08 1.01227182004
2.8 4.36133951689e-08 0.915941525064
2.9 4.14331111943e-08 0.828778542914
3 3.9882190375e-08 0.749909967986
3.1 3.87813937124e-08 0.678546779988
3.2 3.80316527086e-08 0.613974681365
3.3 3.76054770791e-08 0.555547358898
3.4 3.74635359432e-08 0.502680229552
3.5 3.75720075645e-08 0.454843941527
3.6 3.79101973244e-08 0.411559950596
3.7 3.84619619669e-08 0.372394923483
3.8 3.92161278065e-08 0.336956923218
3.9 4.01652482138e-08 0.304891320607
4 4.13049682249e-08 0.275877060112
4.1 4.26333260126e-08 0.249623572364
4.2 4.41514065448e-08 0.225868581471
4.3 4.58616543834e-08 0.204374288688
4.4 4.77683259848e-08 0.184925511712
4.5 4.98772699055e-08 0.167327553592
4.6 5.21957410296e-08 0.151404239803
4.7 5.4732447752e-08 0.136996189842
4.8 5.7497459087e-08 0.123959259595
4.9 6.05021596781e-08 0.112162986521
5 6.37592412394e-08 0.101489275358
5.1 6.72827255648e-08 0.0918312834092
5.2 7.10879861857e-08 0.0830923686472
5.3 7.51917802828e-08 0.0751850393446
5.4 7.96123107815e-08 0.0680301660796
5.5 8.43692968534e-08 0.0615562436071
5.6 8.94839955849e-08 0.0556983861958
5.7 9.49793318598e-08 0.050397990718
5.8 1.00879967437e-07 0.0456019879589
5.9 1.07212403738e-07 0.0412623638814
6 1.14005097081e-07 0.0373357330162
6.1 1.21288571006e-07 0.0337827506818
6.2 1.29095551282e-07 0.0305678929699
6.3 1.37461105321e-07 0.0276589782108
6.4 1.46422792013e-07 0.0250268752805
6.5 1.56020825288e-07 0.0226452573938
6.6 1.66298257969e-07 0.0204902655289
6.7 1.77301159448e-07 0.0185403545414
6.8 1.89078828136e-07 0.0167760055684
6.9 2.01684004286e-07 0.0151795519401
7 2.15173099118e-07 0.0137350304006
7.1 2.29606458792e-07 0.0124279671728
7.2 2.4504861206e-07 0.0112452894375
7.3 2.61568574116e-07 0.0101751571725
7.4 2.79240145275e-07 0.00920685744272
7.5 2.98142230474e-07 0.0083307102339
7.6 3.18359215207e-07 0.00753793735364
7.7 3.39981304653e-07 0.00682060765948
7.8 3.63104976969e-07 0.0061715316352
7.9 3.87833365333e-07 0.00558421190379
8 4.14276662926e-07 0.00505279670974
8.1 4.42552806112e-07 0.00457197404248
8.2 4.72787861042e-07 0.00413692070504
8.3 5.05116357241e-07 0.0037432612345
8.4 5.39682360059e-07 0.0033870610649
8.5 5.76639995994e-07 0.00306477307384
8.6 6.16153590871e-07 0.00277313853192
8.7 6.58399063228e-07 0.00250923308767
8.8 7.0356479096e-07 0.00227045216129
8.9 7.51851552541e-07 0.00205439117009
9 8.03474158369e-07 0.00185888112604
9.1 8.58662780909e-07 0.0016819907837
9.2 9.17662715847e-07 0.00152193486176
9.3 9.8073626254e-07 0.00137709799037
9.4 1.04816463072e-06 0.00124605357506
9.5 1.12024750445e-06 0.0011274805696
9.6 1.19730528833e-06 0.00102018239718
9.7 1.27968175865e-06 0.000923106965006
9.8 1.36774301451e-06 0.000835275760656
9.9 1.46187951417e-06 0.000755787261089
10 1.56251090605e-06 0.000683858259571
10.1 1.67008545195e-06 0.000618780102511
10.2 1.78508065694e-06 0.000559893818524
10.3 1.90800713085e-06 0.000506602909399
10.4 2.03941358e-06 0.000458389270127
10.5 2.17988397422e-06 0.000414768451378
10.6 2.33004117463e-06 0.00037529432707
10.7 2.49055440501e-06 0.000339577365169
10.8 2.66213848515e-06 0.000307264158991
10.9 2.84555489575e-06 0.000278025503403
11 3.04161790314e-06 0.000251563416633
11.1 3.25120257269e-06 0.000227621728431
11.2 3.47524016908e-06 0.000205960098162
11.3 3.71473514623e-06 0.000186349491639
11.4 3.97072295348e-06 0.000168619645297
11.5 4.24437192045e-06 0.000152574401675
11.6 4.53689021742e-06 0.000138055320756
11.7 4.849579872e-06 0.000124916930496
11.8 5.18384947322e-06 0.00011303296537
11.9 5.54118410344e-06 0.000102281600952
12 5.92315674887e-06 9.25510572477e-05
12.1 6.33143405065e-06 8.37400228951e-05
12.2 6.767886734e-06 7.57601134882e-05
12.3 7.23448260852e-06 6.85334895983e-05
12.4 7.73326840345e-06 6.19924523977e-05
12.5 8.26639844725e-06 5.60800821123e-05
12.6 8.83622223662e-06 5.07410228392e-05
12.7 9.44540576942e-06 4.5908714271e-05
12.8 1.00966443856e-05 4.1535610416e-05
12.9 1.07927717394e-05 3.75817120995e-05
13 1.15367794072e-05 3.40132178881e-05
13.1 1.2332109722e-05 3.07871189991e-05
13.2 1.31823720408e-05 2.78661255733e-05
13.3 1.40912945667e-05 2.52212011744e-05
13.4 1.5062800404e-05 2.28275617653e-05
13.5 1.60990574307e-05 2.06369160028e-05
13.6 1.72106589595e-05 1.86918466321e-05
13.7 1.83978984716e-05 1.69188067721e-05
13.8 1.96665249248e-05 1.53092938647e-05
13.9 2.10223609356e-05 1.38544960467e-05
14 2.24727165738e-05 1.25393553866e-05
14.1 2.40244905539e-05 1.13505413049e-05
14.2 2.56841238582e-05 1.02766453149e-05
14.3 2.74580574691e-05 9.30625893055e-06
14.4 2.93527323691e-05 8.42797366527e-06
14.5 3.13768318722e-05 7.63268383217e-06
14.6 3.35431607596e-05 6.91551635315e-06
14.7 3.58608213793e-05 6.26779587511e-06
14.8 3.83387454807e-05 5.68067184606e-06
14.9 4.09858648133e-05 5.14529371401e-06
15 4.38115357868e-05 4.65328248617e-06
15.1 4.68336944703e-05 4.20578636064e-06
15.2 5.00679051619e-05 3.80131982793e-06
15.3 5.35270913719e-05 3.43546494377e-06
15.4 5.72241766103e-05 3.1038037639e-06
15.5 6.11720843872e-05 2.80191834405e-06
15.6 6.57170442749e-05 2.48203642427e-06
15.7 7.00629710169e-05 2.25750561009e-06
15.8 7.47938765364e-05 2.04837172066e-06
15.9 7.99097608331e-05 1.85463475597e-06
16 8.54106239072e-05 1.67629471603e-06
16.1 9.13003734353e-05 1.51326594816e-06
16.2 9.76519691482e-05 1.36394924231e-06
16.3 0.000104492960472 1.22774074044e-06
16.4 0.000111823347408 1.10464044255e-06
16.5 0.000119643129955 9.94648348631e-07
16.6 0.000127952308113 8.97764458694e-07
16.7 0.000136782458248 8.13136261519e-07
16.8 0.000146306337529 7.36099590598e-07
16.9 0.000156550123885 6.65947683838e-07
17 0.000167513817316 6.02680541241e-07
17.1 0.000179197417822 5.46298162805e-07
17.2 0.000191600925403 4.9680054853e-07
17.3 0.000203604678914 4.66171303807e-07
17.4 0.000218481875559 4.19377772715e-07
17.5 0.000234184437028 3.78340303543e-07
17.6 0.000250771834575 3.42422382237e-07
17.7 0.000268303539457 3.10987494741e-07
17.8 0.000286839067448 2.8339917414e-07
17.9 0.000306533999448 2.59122674601e-07
18 0.000327570179023 2.376510592e-07
18.1 0.000350057851777 2.18401577638e-07
18.2 0.000374107263318 2.00791479615e-07
18.3 0.000399828659253 1.84238014829e-07
18.4 0.000427332285188 1.68158432981e-07
18.5 0.000456737608119 1.5215412456e-07
18.6 0.000488228657504 1.37115720101e-07
18.7 0.000521952222204 1.23190197152e-07
18.8 0.000558043756748 1.102981993e-07
18.9 0.000596638715662 9.83603701329e-08
19 0.000637872553473 8.72973532392e-08
19.1 0.000681880724709 7.70297922068e-08
19.2 0.000728900560894 6.75904775927e-08
19.3 0.000779258220003 5.91099807803e-08
19.4 0.000833160554188 5.15875404015e-08
19.5 0.000890813273933 4.50211383323e-08
19.6 0.000952422089721 3.94087564485e-08
19.7 0.00101819271204 3.47483766261e-08
19.8 0.00108834909286 3.10200517801e-08
19.9 0.00116336353442 2.79597396277e-08
20 0.00124362314717 2.53871300399e-08
