"Time" "Prey" "Predator"
0 20.4169394448 29.2834987409
0.1 0.110755201108 40.7659784323
0.2 0.000665512600885 36.9636508359
0.3 6.57946451093e-06 33.4465571057
0.4 5.50723672844e-08 30.263705423
0.5 -7.07105093837e-08 27.3837373503
0.6 -7.07105093837e-08 24.7778326735
0.7 -7.07105093837e-08 22.4199117142
0.8 -7.07105093837e-08 20.2863612201
0.9 -7.07105093837e-08 18.3558556492
1 -7.07105093837e-08 16.609062141
1.1 -7.07105093837e-08 15.0284972419
1.2 -7.07105093837e-08 13.598339277
1.3 -7.07105093837e-08 12.3042947696
1.4 -7.07105093837e-08 11.1333975997
1.5 -7.07105093837e-08 10.0739089935
1.6 -7.07105093837e-08 9.11525216541
1.7 -7.07105093837e-08 8.2478217949
1.8 -7.07105093837e-08 7.46293785411
1.9 -7.07105093837e-08 6.75274563445
2 -7.07105093837e-08 6.11013732447
2.1 -7.07105093837e-08 5.52868115269
2.2 -7.07105093837e-08 5.00255869931
2.3 -7.07105093837e-08 4.5265029931
2.4 -7.07105093837e-08 4.09575024443
2.5 -7.07105093837e-08 3.70598853804
2.6 -7.07105093837e-08 3.35331758589
2.7 -7.07105093837e-08 3.03420797715
2.8 -7.07105093837e-08 2.74546520579
2.9 -7.07105093837e-08 2.48420009267
3 -7.07105093837e-08 2.24779767318
3.1 -7.07105093837e-08 2.03389157704
3.2 -7.07105093837e-08 1.84034138136
3.3 -7.07105093837e-08 1.66520916644
3.4 -7.07105093837e-08 1.50674270118
3.5 -7.07105093837e-08 1.36335701835
3.6 -7.07105093837e-08 1.23361639638
3.7 -7.07105093837e-08 1.11622230647
3.8 -7.07105093837e-08 1.00999970588
3.9 -7.07105093837e-08 0.91388541507
4 -7.07105093837e-08 0.826917719142
4.1 -7.07105093837e-08 0.748226093207
4.2 -7.07105093837e-08 0.677022947072
4.3 -7.07105093837e-08 0.612595646275
4.4 -7.07105093837e-08 0.554299235219
4.5 -7.07105093837e-08 0.501550235742
4.6 -7.07105093837e-08 0.453821372632
4.7 -7.07105093837e-08 0.410634425882
4.8 -7.07105093837e-08 0.37155734821
4.9 -7.07105093837e-08 0.336199020152
5 -7.07105093837e-08 0.304205327463
5.1 -7.07105093837e-08 0.275256387577
5.2 -7.07105093837e-08 0.249062167215
5.3 -7.07105093837e-08 0.225360704891
5.4 -7.07105093837e-08 0.20391482412
5.5 -7.07105093837e-08 0.184509717328
5.6 -7.07105093837e-08 0.166951328461
5.7 -7.07105093837e-08 0.15106375677
5.8 -7.07105093837e-08 0.136688103182
5.9 -7.07105093837e-08 0.123680505393
6 -7.07105093837e-08 0.111910694184
6.1 -7.07105093837e-08 0.101261002198
6.2 -7.07105093837e-08 0.0916247278323
6.3 -7.07105093837e-08 0.0829054732868
6.4 -7.07105093837e-08 0.0750159718029
6.5 -7.07105093837e-08 0.0678772195954
6.6 -7.07105093837e-08 0.061417855208
6.7 -7.07105093837e-08 0.055573159543
6.8 -7.07105093837e-08 0.0502846678716
6.9 -7.07105093837e-08 0.0454994518239
7 -7.07105093837e-08 0.0411695890892
7.1 -7.07105093837e-08 0.037251789207
7.2 -7.07105093837e-08 0.0337068005949
7.3 -7.07105093837e-08 0.0304991675402
7.4 -7.07105093837e-08 0.0275967896301
7.5 -7.07105093837e-08 0.0249705985384
7.6 -7.07105093837e-08 0.0225943356713
7.7 -7.07105093837e-08 0.0204441940628
7.8 -7.07105093837e-08 0.0184986678708
7.9 -7.07105093837e-08 0.0167382868371
8 -7.07105093837e-08 0.0151454211568
8.1 -7.07105093837e-08 0.013704145988
8.2 -7.07105093837e-08 0.0124000211029
8.3 -7.07105093837e-08 0.0112199975024
8.4 -7.07105093837e-08 0.0101522769794
8.5 -7.07105093837e-08 0.00918615564453
8.6 -7.07105093837e-08 0.00831197515966
8.7 -7.07105093837e-08 0.00752096713501
8.8 -7.07105093837e-08 0.00680523076938
8.9 -7.07105093837e-08 0.00615763442965
9 -7.07105093837e-08 0.00557168216654
9.1 -7.07105093837e-08 0.00504149512783
9.2 -7.07105093837e-08 0.00456174801751
9.3 -7.07105093837e-08 0.00412767202648
9.4 -7.07105093837e-08 0.00373489993056
9.5 -7.07105093837e-08 0.00337947159948
9.6 -7.07105093837e-08 0.00305787696481
9.7 -7.07105093837e-08 0.0027668865174
9.8 -7.07105093837e-08 0.00250357409375
9.9 -7.07105093837e-08 0.00226533435779
10 -7.07105093837e-08 0.00204976705393
10.1 -7.07105093837e-08 0.00185470099563
10.2 -7.07105093837e-08 0.00167820823626
10.3 -7.07105093837e-08 0.00151850941235
10.4 -7.07105093837e-08 0.00137400342179
10.5 -7.07105093837e-08 0.00124326651615
10.6 -7.07105093837e-08 0.00112497561849
10.7 -7.07105093837e-08 0.00101791593693
10.8 -7.07105093837e-08 0.000921042333052
10.9 -7.07105093837e-08 0.000833394049632
11 -7.07105093837e-08 0.000754081431252
11.1 -7.07105093837e-08 0.000682307351268
11.2 -7.07105093837e-08 0.000617372408769
11.3 -7.07105093837e-08 0.000558622044234
11.4 -7.07105093837e-08 0.000505455758424
11.5 -7.07105093837e-08 0.000457352812311
11.6 -7.07105093837e-08 0.000413833682484
11.7 -7.07105093837e-08 0.000374453039326
11.8 -7.07105093837e-08 0.000338812962159
11.9 -7.07105093837e-08 0.000306567849652
12 -7.07105093837e-08 0.000277392896404
12.1 -7.07105093837e-08 0.000250982215799
12.2 -7.07105093837e-08 0.000227101638909
12.3 -7.07105093837e-08 0.000205491150785
12.4 -7.07105093837e-08 0.000185935807942
12.5 -7.07105093837e-08 0.000168241536329
12.6 -7.07105093837e-08 0.0001522367382
12.7 -7.07105093837e-08 0.000137756525051
12.8 -7.07105093837e-08 0.000124650141082
12.9 -7.07105093837e-08 0.000112781419003
13 -7.07105093837e-08 0.000102032245973
13.1 -7.07105093837e-08 9.22981556199e-05
13.2 -7.07105093837e-08 8.34888841777e-05
13.3 -7.07105093837e-08 7.55289284847e-05
13.4 -7.07105093837e-08 6.83383922105e-05
13.5 -7.07105093837e-08 6.18296638719e-05
13.6 -7.07105093837e-08 5.59400130612e-05
13.7 -7.07105093837e-08 5.06162434742e-05
13.8 -7.07105093837e-08 4.58120330717e-05
13.9 -7.07105093837e-08 4.14666831361e-05
14 -7.07105093837e-08 3.75321452733e-05
14.1 -7.07105093837e-08 3.3969611494e-05
14.2 -7.07105093837e-08 3.07460929453e-05
14.3 -7.07105093837e-08 2.78001575161e-05
14.4 -7.07105093837e-08 2.51766054206e-05
14.5 -7.07105093837e-08 2.27866615328e-05
14.6 -7.07105093837e-08 2.06186853705e-05
14.7 -7.07105093837e-08 1.86599338098e-05
14.8 -7.07105093837e-08 1.6888803806e-05
14.9 -7.07105093837e-08 1.52880661513e-05
15 -7.07105093837e-08 1.38421033905e-05
15.1 -7.07105093837e-08 1.25352980686e-05
15.2 -7.07105093837e-08 1.13520327305e-05
15.3 -7.07105093837e-08 1.02814011982e-05
15.4 -7.07105093837e-08 9.31596254545e-06
15.5 -7.07105093837e-08 8.44361787835e-06
15.6 -7.07105093837e-08 7.65224969998e-06
15.7 -7.07105093837e-08 6.92974051343e-06
15.8 -7.07105093837e-08 6.26565536632e-06
15.9 -7.07105093837e-08 5.66307884822e-06
16 -7.07105093837e-08 5.1184214179e-06
16.1 -7.07105093837e-08 4.62563412616e-06
16.2 -7.07105093837e-08 4.17866802385e-06
16.3 -7.07105093837e-08 3.77147416177e-06
16.4 -7.07105093837e-08 3.34598409399e-06
16.5 -7.07105093837e-08 3.04204118399e-06
16.6 -7.07105093837e-08 2.75917873237e-06
16.7 -7.07105093837e-08 2.49739673913e-06
16.8 -7.07105093837e-08 2.25669520428e-06
16.9 -7.07105093837e-08 2.0367741109e-06
17 -7.07105093837e-08 1.83529547312e-06
17.1 -7.07105093837e-08 1.65176370515e-06
17.2 -7.07105093837e-08 1.486178807e-06
17.3 -7.07105093837e-08 1.33854077866e-06
17.4 -7.07105093837e-08 1.20884962013e-06
17.5 -7.07105093837e-08 1.09509110116e-06
17.6 -7.07105093837e-08 9.91174463157e-07
17.7 -7.07105093837e-08 8.96683889388e-07
17.8 -7.07105093837e-08 8.11619379857e-07
17.9 -7.07105093837e-08 7.35980934564e-07
18 -7.07105093837e-08 6.69768553509e-07
18.1 -7.07105093837e-08 6.1077957353e-07
18.2 -7.07105093837e-08 5.56215091844e-07
18.3 -7.07105093837e-08 5.06065348712e-07
18.4 -7.07105093837e-08 4.60330344134e-07
18.5 -7.07105093837e-08 4.19010078111e-07
18.6 -7.07105093837e-08 3.82070543203e-07
18.7 -7.07105093837e-08 3.48250781234e-07
18.8 -7.07105093837e-08 3.16912957677e-07
18.9 -7.07105093837e-08 2.88057072531e-07
19 -7.07105093837e-08 2.61683125797e-07
19.1 -7.07105093837e-08 2.37791117475e-07
19.2 -7.07105093837e-08 2.16292761907e-07
19.3 -7.07105093837e-08 1.96500062475e-07
19.4 -7.07105093837e-08 1.78267183677e-07
19.5 -7.07105093837e-08 1.61594125512e-07
19.6 -7.07105093837e-08 1.46480887981e-07
19.7 -7.07105093837e-08 1.32927471083e-07
19.8 -7.07105093837e-08 1.2078454308e-07
19.9 -7.07105093837e-08 1.09600545084e-07
20 -7.07105093837e-08 9.93446491218e-08
