"Time" "Prey" "Predator"
0 0.931359779981 39.5266642098
0.1 0.00614166498027 36.4133536701
0.2 6.45998698213e-05 32.9524340087
0.3 1.02944226474e-06 29.8166326207
0.4 -1.15741705601e-07 26.9792240181
0.5 -8.09286928731e-08 24.4118187811
0.6 -8.09286928731e-08 22.088747312
0.7 -8.09286928731e-08 19.9867430201
0.8 -8.09286928731e-08 18.0847455359
0.9 -8.09286928731e-08 16.3637388444
1 -8.09286928731e-08 14.8065213618
1.1 -8.09286928731e-08 13.3974924626
1.2 -8.09286928731e-08 12.1225495085
1.3 -8.09286928731e-08 10.9689284671
1.4 -8.09286928731e-08 9.92510110225
1.5 -8.09286928731e-08 8.98062022989
1.6 -8.09286928731e-08 8.12599463501
1.7 -8.09286928731e-08 7.35270482527
1.8 -8.09286928731e-08 6.65300383975
1.9 -8.09286928731e-08 6.0198868928
2 -8.09286928731e-08 5.44701897587
2.1 -8.09286928731e-08 4.92866704065
2.2 -8.09286928731e-08 4.45964254669
2.3 -8.09286928731e-08 4.03525189506
2.4 -8.09286928731e-08 3.65124776832
2.5 -8.09286928731e-08 3.30378625797
2.6 -8.09286928731e-08 2.98938974131
2.7 -8.09286928731e-08 2.70491227269
2.8 -8.09286928731e-08 2.44750623853
2.9 -8.09286928731e-08 2.21459550708
3 -8.09286928731e-08 2.0038493482
3.1 -8.09286928731e-08 1.81315809453
3.2 -8.09286928731e-08 1.64061351684
3.3 -8.09286928731e-08 1.48448869783
3.4 -8.09286928731e-08 1.34322075073
3.5 -8.09286928731e-08 1.21539548905
3.6 -8.09286928731e-08 1.09973515148
3.7 -8.09286928731e-08 0.995081354777
3.8 -8.09286928731e-08 0.900386926424
3.9 -8.09286928731e-08 0.814703779725
4 -8.09286928731e-08 0.737174408526
4.1 -8.09286928731e-08 0.667022939169
4.2 -8.09286928731e-08 0.603547319971
4.3 -8.09286928731e-08 0.546112201129
4.4 -8.09286928731e-08 0.494142706267
4.5 -8.09286928731e-08 0.447118741131
4.6 -8.09286928731e-08 0.404569448398
4.7 -8.09286928731e-08 0.366069382095
4.8 -8.09286928731e-08 0.331233236577
4.9 -8.09286928731e-08 0.299712109939
5 -8.09286928731e-08 0.271190790297
5.1 -8.09286928731e-08 0.24538351354
5.2 -8.09286928731e-08 0.222032147936
5.3 -8.09286928731e-08 0.200902971485
5.4 -8.09286928731e-08 0.181784412966
5.5 -8.09286928731e-08 0.164485367897
5.6 -8.09286928731e-08 0.148832498176
5.7 -8.09286928731e-08 0.134669212121
5.8 -8.09286928731e-08 0.121853740013
5.9 -8.09286928731e-08 0.110257762485
6 -8.09286928731e-08 0.0997653577247
6.1 -8.09286928731e-08 0.090271396288
6.2 -8.09286928731e-08 0.0816809245153
6.3 -8.09286928731e-08 0.0739079637832
6.4 -8.09286928731e-08 0.0668746692629
6.5 -8.09286928731e-08 0.0605107120627
6.6 -8.09286928731e-08 0.0547523338759
6.7 -8.09286928731e-08 0.0495419483378
6.8 -8.09286928731e-08 0.0448274093645
6.9 -8.09286928731e-08 0.0405615017321
7 -8.09286928731e-08 0.0367015717036
7.1 -8.09286928731e-08 0.0332089465194
7.2 -8.09286928731e-08 0.0300486927889
7.3 -8.09286928731e-08 0.0271891801619
7.4 -8.09286928731e-08 0.0246017745782
7.5 -8.09286928731e-08 0.0222606097052
7.6 -8.09286928731e-08 0.0201422279224
7.7 -8.09286928731e-08 0.0182254397331
7.8 -8.09286928731e-08 0.0164910598133
7.9 -8.09286928731e-08 0.0149217207117
8 -8.09286928731e-08 0.0135017329719
8.1 -8.09286928731e-08 0.0122168692118
8.2 -8.09286928731e-08 0.0110542786716
8.3 -8.09286928731e-08 0.010002325388
8.4 -8.09286928731e-08 0.00905047468399
8.5 -8.09286928731e-08 0.00818920874534
8.6 -8.09286928731e-08 0.00740990051429
8.7 -8.09286928731e-08 0.0067047537482
8.8 -8.09286928731e-08 0.0060667024659
8.9 -8.09286928731e-08 0.00548935660871
9 -8.09286928731e-08 0.00496696494695
9.1 -8.09286928731e-08 0.00449430952453
9.2 -8.09286928731e-08 0.00406664653946
9.3 -8.09286928731e-08 0.00367967670032
9.4 -8.09286928731e-08 0.00332952603441
9.5 -8.09286928731e-08 0.00301271209272
9.6 -8.09286928731e-08 0.00272603492043
9.7 -8.09286928731e-08 0.00246661123732
9.8 -8.09286928731e-08 0.00223188510112
9.9 -8.09286928731e-08 0.0020194953819
10 -8.09286928731e-08 0.00182730552933
10.1 -8.09286928731e-08 0.001653418953
10.2 -8.09286928731e-08 0.00149608302215
10.3 -8.09286928731e-08 0.00135370620835
10.4 -8.09286928731e-08 0.00122488684534
10.5 -8.09286928731e-08 0.00110832851764
10.6 -8.09286928731e-08 0.0010028526035
10.7 -8.09286928731e-08 0.000907424804219
10.8 -8.09286928731e-08 0.000821085456347
10.9 -8.09286928731e-08 0.000742949107055
11 -8.09286928731e-08 0.000672241364175
11.1 -8.09286928731e-08 0.000608268323509
11.2 -8.09286928731e-08 0.000550383063943
11.3 -8.09286928731e-08 0.000497997515345
11.4 -8.09286928731e-08 0.000450602207062
11.5 -8.09286928731e-08 0.000407722143271
11.6 -8.09286928731e-08 0.000368919142626
11.7 -8.09286928731e-08 0.000333808334647
11.8 -8.09286928731e-08 0.000302043671263
11.9 -8.09286928731e-08 0.00027330211121
12 -8.09286928731e-08 0.000247289731595
12.1 -8.09286928731e-08 0.000223754524142
12.2 -8.09286928731e-08 0.000202460846254
12.3 -8.09286928731e-08 0.000183182580945
12.4 -8.09286928731e-08 0.0001657545005
12.5 -8.09286928731e-08 0.000149981863941
12.6 -8.09286928731e-08 0.000135709578412
12.7 -8.09286928731e-08 0.000122794164585
12.8 -8.09286928731e-08 0.000111111740535
12.9 -8.09286928731e-08 0.000100542995461
13 -8.09286928731e-08 9.09781343493e-05
13.1 -8.09286928731e-08 8.23175027992e-05
13.2 -8.09286928731e-08 7.44738202865e-05
13.3 -8.09286928731e-08 6.73704463012e-05
13.4 -8.09286928731e-08 6.09404815335e-05
13.5 -8.09286928731e-08 5.51275274031e-05
13.6 -8.09286928731e-08 4.98787990082e-05
13.7 -8.09286928731e-08 4.5128752539e-05
13.8 -8.09286928731e-08 4.08298997992e-05
13.9 -8.09286928731e-08 3.6942668146e-05
14 -8.09286928731e-08 3.34339105289e-05
14.1 -8.09286928731e-08 3.02627513207e-05
14.2 -8.09286928731e-08 2.73915753405e-05
14.3 -8.09286928731e-08 2.47917244473e-05
14.4 -8.09286928731e-08 2.24386837193e-05
14.5 -8.09286928731e-08 2.02832136123e-05
14.6 -8.09286928731e-08 1.83728321243e-05
14.7 -8.09286928731e-08 1.66307930636e-05
14.8 -8.09286928731e-08 1.50488113803e-05
14.9 -8.09286928731e-08 1.36184672773e-05
15 -8.09286928731e-08 1.23256414645e-05
15.1 -8.09286928731e-08 1.1156884256e-05
15.2 -8.09286928731e-08 1.01010805301e-05
15.3 -8.09286928731e-08 9.14711516531e-06
15.4 -8.09286928731e-08 8.28387304007e-06
15.5 -8.09286928731e-08 7.50197579802e-06
15.6 -8.09286928731e-08 6.7968026792e-06
15.7 -8.09286928731e-08 6.16006036704e-06
15.8 -8.09286928731e-08 5.58312648348e-06
15.9 -8.09286928731e-08 5.05737865049e-06
16 -8.09286928731e-08 4.57440009303e-06
16.1 -8.09286928731e-08 4.13447055328e-06
16.2 -8.09286928731e-08 3.73684806453e-06
16.3 -8.09286928731e-08 3.37722848693e-06
16.4 -8.09286928731e-08 3.05130768067e-06
16.5 -8.09286928731e-08 2.75478150591e-06
16.6 -8.09286928731e-08 2.43819799831e-06
16.7 -8.09286928731e-08 2.21811372283e-06
16.8 -8.09286928731e-08 2.01302961181e-06
16.9 -8.09286928731e-08 1.82294566527e-06
17 -8.09286928731e-08 1.64786188319e-06
17.1 -8.09286928731e-08 1.48774050714e-06
17.2 -8.09286928731e-08 1.34113198628e-06
17.3 -8.09286928731e-08 1.20729413869e-06
17.4 -8.09286928731e-08 1.08622696435e-06
17.5 -8.09286928731e-08 9.77930463282e-07
17.6 -8.09286928731e-08 8.82404635473e-07
17.7 -8.09286928731e-08 7.9907835834e-07
17.8 -8.09286928731e-08 7.23430691638e-07
17.9 -8.09286928731e-08 6.54490609257e-07
18 -8.09286928731e-08 5.92258111196e-07
18.1 -8.09286928731e-08 5.36733197457e-07
18.2 -8.09286928731e-08 4.87915868038e-07
18.3 -8.09286928731e-08 4.44971822423e-07
18.4 -8.09286928731e-08 4.05347321354e-07
18.5 -8.09286928731e-08 3.68864368147e-07
18.6 -8.09286928731e-08 3.35522962801e-07
18.7 -8.09286928731e-08 3.05323105316e-07
18.8 -8.09286928731e-08 2.78264795692e-07
18.9 -8.09286928731e-08 2.53748054706e-07
19 -8.09286928731e-08 2.31000442233e-07
19.1 -8.09286928731e-08 2.10018966526e-07
19.2 -8.09286928731e-08 1.90803627583e-07
19.3 -8.09286928731e-08 1.73354425405e-07
19.4 -8.09286928731e-08 1.57660246966e-07
19.5 -8.09286928731e-08 1.43294461926e-07
19.6 -8.09286928731e-08 1.30038632051e-07
19.7 -8.09286928731e-08 1.17892757338e-07
19.8 -8.09286928731e-08 1.06856837789e-07
19.9 -8.09286928731e-08 9.69308734026e-08
20 -8.09286928731e-08 8.80725205825e-08
