"Time" "Prey" "Predator"
0 38.7511830527 1.09192126622
0.1 14.0606722748 20.3111354305
0.2 0.435438442003 28.0860470789
0.3 0.0127846163316 25.7128117368
0.4 0.00052285051603 23.2746335116
0.5 2.91591437881e-05 21.0601117253
0.6 2.13859288172e-06 19.0559970117
0.7 1.9808404903e-07 17.2425812502
0.8 2.44580888453e-08 15.6017404835
0.9 -1.08858686896e-09 14.1170501645
1 -1.82724412366e-10 12.7736444962
1.1 -6.35190642012e-09 11.5580638871
1.2 -7.97252349741e-09 10.4581600385
1.3 -7.98982467161e-09 9.46293307105
1.4 -7.98982467161e-09 8.56241415592
1.5 -7.98982467161e-09 7.74759023168
1.6 -7.98982467161e-09 7.01030448218
1.7 -7.98982467161e-09 6.34319355577
1.8 -7.98982467161e-09 5.7395661082
1.9 -7.98982467161e-09 5.19336965509
2 -7.98982467161e-09 4.6991570017
2.1 -7.98982467161e-09 4.25197346843
2.2 -7.98982467161e-09 3.84734468746
2.3 -7.98982467161e-09 3.48122152173
2.4 -7.98982467161e-09 3.14993976801
2.5 -7.98982467161e-09 2.85018351991
2.6 -7.98982467161e-09 2.57895316897
2.7 -7.98982467161e-09 2.33353378443
2.8 -7.98982467161e-09 2.11146921386
2.9 -7.98982467161e-09 1.91053654995
3 -7.98982467161e-09 1.72872528891
3.1 -7.98982467161e-09 1.56421567831
3.2 -7.98982467161e-09 1.41536103693
3.3 -7.98982467161e-09 1.28067195169
3.4 -7.98982467161e-09 1.15880006553
3.5 -7.98982467161e-09 1.04852579181
3.6 -7.98982467161e-09 0.94874553187
3.7 -7.98982467161e-09 0.858460306813
3.8 -7.98982467161e-09 0.776766337006
3.9 -7.98982467161e-09 0.702847131003
4 -7.98982467161e-09 0.635962264842
4.1 -7.98982467161e-09 0.575442521469
4.2 -7.98982467161e-09 0.520681926752
4.3 -7.98982467161e-09 0.47113245762
4.4 -7.98982467161e-09 0.426298227926
4.5 -7.98982467161e-09 0.385730596358
4.6 -7.98982467161e-09 0.34902348216
4.7 -7.98982467161e-09 0.315809477589
4.8 -7.98982467161e-09 0.285756199676
4.9 -7.98982467161e-09 0.258562724019
5 -7.98982467161e-09 0.233957045939
5.1 -7.98982467161e-09 0.211693087337
5.2 -7.98982467161e-09 0.191547759068
5.3 -7.98982467161e-09 0.173319605891
5.4 -7.98982467161e-09 0.156826044527
5.5 -7.98982467161e-09 0.141902025383
5.6 -7.98982467161e-09 0.128398264913
5.7 -7.98982467161e-09 0.11617948344
5.8 -7.98982467161e-09 0.10512354842
5.9 -7.98982467161e-09 0.0951197194468
6 -7.98982467161e-09 0.0860678702602
6.1 -7.98982467161e-09 0.0778774386202
6.2 -7.98982467161e-09 0.0704663821871
6.3 -7.98982467161e-09 0.0637606178817
6.4 -7.98982467161e-09 0.057692979067
6.5 -7.98982467161e-09 0.052202748828
6.6 -7.98982467161e-09 0.0472350102376
6.7 -7.98982467161e-09 0.0427399920603
6.8 -7.98982467161e-09 0.0386727473823
6.9 -7.98982467161e-09 0.0349925387514
7 -7.98982467161e-09 0.0316625441631
7.1 -7.98982467161e-09 0.0286494585087
7.2 -7.98982467161e-09 0.025923092851
7.3 -7.98982467161e-09 0.0234561871527
7.4 -7.98982467161e-09 0.021224032642
7.5 -7.98982467161e-09 0.0192042926746
7.6 -7.98982467161e-09 0.0173767639463
7.7 -7.98982467161e-09 0.0157231381734
7.8 -7.98982467161e-09 0.0142268844537
7.9 -7.98982467161e-09 0.0128730158847
8 -7.98982467161e-09 0.0116479835464
8.1 -7.98982467161e-09 0.0105395323989
8.2 -7.98982467161e-09 0.00953655907209
8.3 -7.98982467161e-09 0.00862903397133
8.4 -7.98982467161e-09 0.00780785629067
8.5 -7.98982467161e-09 0.00706481635355
8.6 -7.98982467161e-09 0.00639251260218
8.7 -7.98982467161e-09 0.00578420652705
8.8 -7.98982467161e-09 0.00523379652405
8.9 -7.98982467161e-09 0.00473574970749
9 -7.98982467161e-09 0.00428511306553
9.1 -7.98982467161e-09 0.00387736234184
9.2 -7.98982467161e-09 0.00350837891363
9.3 -7.98982467161e-09 0.00317451567285
9.4 -7.98982467161e-09 0.00287242751712
9.5 -7.98982467161e-09 0.00259907131941
9.6 -7.98982467161e-09 0.00235174225108
9.7 -7.98982467161e-09 0.00212795402199
9.8 -7.98982467161e-09 0.00192544730836
9.9 -7.98982467161e-09 0.00174222126881
10 -7.98982467161e-09 0.00157643233952
10.1 -7.98982467161e-09 0.00142641310392
10.2 -7.98982467161e-09 0.00129068775057
10.3 -7.98982467161e-09 0.00116788575914
10.4 -7.98982467161e-09 0.00105674558601
10.5 -7.98982467161e-09 0.000956175903689
10.6 -7.98982467161e-09 0.000865183884396
10.7 -7.98982467161e-09 0.000782847648296
10.8 -7.98982467161e-09 0.000708335297291
10.9 -7.98982467161e-09 0.00064092230363
11 -7.98982467161e-09 0.000579930763743
11.1 -7.98982467161e-09 0.000524737221523
11.2 -7.98982467161e-09 0.000474798456026
11.3 -7.98982467161e-09 0.000429618880914
11.4 -7.98982467161e-09 0.000388737246619
11.5 -7.98982467161e-09 0.000351737644814
11.6 -7.98982467161e-09 0.000318262146394
11.7 -7.98982467161e-09 0.000287974331706
11.8 -7.98982467161e-09 0.000260554987114
11.9 -7.98982467161e-09 0.000235764287398
12 -7.98982467161e-09 0.000213329499205
12.1 -7.98982467161e-09 0.000193028611663
12.2 -7.98982467161e-09 0.000174658784797
12.3 -7.98982467161e-09 0.000158042985745
12.4 -7.98982467161e-09 0.000143010525111
12.5 -7.98982467161e-09 0.000129405008276
12.6 -7.98982467161e-09 0.000117084825563
12.7 -7.98982467161e-09 0.000105926745273
12.8 -7.98982467161e-09 9.58220602026e-05
12.9 -7.98982467161e-09 8.66764240675e-05
13 -7.98982467161e-09 7.84106474994e-05
13.1 -7.98982467161e-09 7.09456901399e-05
13.2 -7.98982467161e-09 6.41889254959e-05
13.3 -7.98982467161e-09 5.80744253382e-05
13.4 -7.98982467161e-09 5.2546502673e-05
13.5 -7.98982467161e-09 4.75577283834e-05
13.6 -7.98982467161e-09 4.30468827522e-05
13.7 -7.98982467161e-09 3.89626021573e-05
13.8 -7.98982467161e-09 3.5264382826e-05
13.9 -7.98982467161e-09 3.1917696261e-05
14 -7.98982467161e-09 2.8856382651e-05
14.1 -7.98982467161e-09 2.6135421548e-05
14.2 -7.98982467161e-09 2.36556483309e-05
14.3 -7.98982467161e-09 2.14051095731e-05
14.4 -7.98982467161e-09 1.93712231973e-05
14.5 -7.98982467161e-09 1.75324232213e-05
14.6 -7.98982467161e-09 1.58703449643e-05
14.7 -7.98982467161e-09 1.43689516656e-05
14.8 -7.98982467161e-09 1.30122065645e-05
14.9 -7.98982467161e-09 1.17840729003e-05
15 -7.98982467161e-09 1.06722433676e-05
15.1 -7.98982467161e-09 9.66966873896e-06
15.2 -7.98982467161e-09 8.76404915223e-06
15.3 -7.98982467161e-09 7.94294184801e-06
15.4 -7.98982467161e-09 7.19390406694e-06
15.5 -7.98982467161e-09 6.50545240584e-06
15.6 -7.98982467161e-09 5.87981339521e-06
15.7 -7.98982467161e-09 5.31432820335e-06
15.8 -7.98982467161e-09 4.80278546412e-06
15.9 -7.98982467161e-09 4.33897381136e-06
16 -7.98982467161e-09 3.91668187894e-06
16.1 -7.98982467161e-09 3.47127967321e-06
16.2 -7.98982467161e-09 3.15680849176e-06
16.3 -7.98982467161e-09 2.86398361117e-06
16.4 -7.98982467161e-09 2.59280503146e-06
16.5 -7.98982467161e-09 2.34327275261e-06
16.6 -7.98982467161e-09 2.11521353062e-06
16.7 -7.98982467161e-09 1.90630916485e-06
16.8 -7.98982467161e-09 1.71583347069e-06
16.9 -7.98982467161e-09 1.54378644814e-06
17 -7.98982467161e-09 1.39016809721e-06
17.1 -7.98982467161e-09 1.2549784179e-06
17.2 -7.98982467161e-09 1.13675509602e-06
17.3 -7.98982467161e-09 1.02898941447e-06
17.4 -7.98982467161e-09 9.30902860414e-07
17.5 -7.98982467161e-09 8.42495433843e-07
17.6 -7.98982467161e-09 7.63767134762e-07
17.7 -7.98982467161e-09 6.94717963169e-07
17.8 -7.98982467161e-09 6.33583305116e-07
17.9 -7.98982467161e-09 5.77057887686e-07
18 -7.98982467161e-09 5.25065728357e-07
18.1 -7.98982467161e-09 4.77606827127e-07
18.2 -7.98982467161e-09 4.34681183999e-07
18.3 -7.98982467161e-09 3.96282737863e-07
18.4 -7.98982467161e-09 3.61276156166e-07
18.5 -7.98982467161e-09 3.28818141365e-07
18.6 -7.98982467161e-09 2.9890869346e-07
18.7 -7.98982467161e-09 2.71547812451e-07
18.8 -7.98982467161e-09 2.46735498337e-07
18.9 -7.98982467161e-09 2.24420769516e-07
19 -7.98982467161e-09 2.03921434501e-07
19.1 -7.98982467161e-09 1.85023794384e-07
19.2 -7.98982467161e-09 1.67727849165e-07
19.3 -7.98982467161e-09 1.52033598843e-07
19.4 -7.98982467161e-09 1.37941043418e-07
19.5 -7.98982467161e-09 1.25341769288e-07
19.6 -7.98982467161e-09 1.13753230713e-07
19.7 -7.98982467161e-09 1.03117710012e-07
19.8 -7.98982467161e-09 9.34352071849e-08
19.9 -7.98982467161e-09 8.47057222326e-08
20 -7.98982467161e-09 7.69292551547e-08
