"Time" "Prey" "Predator"
0 0.931359779981 34.4339660608
0.1 0.0117466798407 31.8041321429
0.2 0.000221735192773 28.7857012595
0.3 6.19782423142e-06 26.0465323169
0.4 2.96335015119e-07 23.5678727575
0.5 -8.05921226058e-08 21.3251185863
0.6 -9.56824883434e-08 19.2957680841
0.7 -1.24218561517e-07 17.459528481
0.8 -1.24218561517e-07 15.7980339616
0.9 -1.24218561517e-07 14.2946515592
1 -1.24218561517e-07 12.934332807
1.1 -1.24218561517e-07 11.7034730753
1.2 -1.24218561517e-07 10.5897414853
1.3 -1.24218561517e-07 9.58199460736
1.4 -1.24218561517e-07 8.67014760413
1.5 -1.24218561517e-07 7.84507448748
1.6 -1.24218561517e-07 7.09851729066
1.7 -1.24218561517e-07 6.4230074748
1.8 -1.24218561517e-07 5.81178616784
1.9 -1.24218561517e-07 5.25872200111
2 -1.24218561517e-07 4.75827788658
2.1 -1.24218561517e-07 4.30546488081
2.2 -1.24218561517e-07 3.89575237794
2.3 -1.24218561517e-07 3.52502044195
2.4 -1.24218561517e-07 3.18956825255
2.5 -1.24218561517e-07 2.8860412942
2.6 -1.24218561517e-07 2.61139871171
2.7 -1.24218561517e-07 2.36289140509
2.8 -1.24218561517e-07 2.13803186996
2.9 -1.24218561517e-07 1.93457133895
3 -1.24218561517e-07 1.75047273055
3.1 -1.24218561517e-07 1.58389309706
3.2 -1.24218561517e-07 1.43316558023
3.3 -1.24218561517e-07 1.29678149843
3.4 -1.24218561517e-07 1.1733764663
3.5 -1.24218561517e-07 1.06171497221
3.6 -1.24218561517e-07 0.960679390512
3.7 -1.24218561517e-07 0.869258551887
3.8 -1.24218561517e-07 0.786537615948
3.9 -1.24218561517e-07 0.711688628749
4 -1.24218561517e-07 0.643962484563
4.1 -1.24218561517e-07 0.582681334387
4.2 -1.24218561517e-07 0.527231817289
4.3 -1.24218561517e-07 0.477059053309
4.4 -1.24218561517e-07 0.431660852725
4.5 -1.24218561517e-07 0.39058286922
4.6 -1.24218561517e-07 0.353413849859
4.7 -1.24218561517e-07 0.319781996855
4.8 -1.24218561517e-07 0.289350674047
4.9 -1.24218561517e-07 0.261815258446
5 -1.24218561517e-07 0.236900253385
5.1 -1.24218561517e-07 0.214356155539
5.2 -1.24218561517e-07 0.193957473225
5.3 -1.24218561517e-07 0.175499924054
5.4 -1.24218561517e-07 0.158798885225
5.5 -1.24218561517e-07 0.143687161048
5.6 -1.24218561517e-07 0.130013502251
5.7 -1.24218561517e-07 0.117641079343
5.8 -1.24218561517e-07 0.10644601606
5.9 -1.24218561517e-07 0.0963163407471
6 -1.24218561517e-07 0.0871506039732
6.1 -1.24218561517e-07 0.0788571239372
6.2 -1.24218561517e-07 0.0713528441215
6.3 -1.24218561517e-07 0.0645626854376
6.4 -1.24218561517e-07 0.0584187385976
6.5 -1.24218561517e-07 0.0528594419637
6.6 -1.24218561517e-07 0.0478292065667
6.7 -1.24218561517e-07 0.0432776492083
6.8 -1.24218561517e-07 0.0391592224698
6.9 -1.24218561517e-07 0.0354327324479
7 -1.24218561517e-07 0.0320608455573
7.1 -1.24218561517e-07 0.0290098541312
7.2 -1.24218561517e-07 0.0262491995224
7.3 -1.24218561517e-07 0.0237512525323
7.4 -1.24218561517e-07 0.0214910246551
7.5 -1.24218561517e-07 0.0194458735551
7.6 -1.24218561517e-07 0.0175953541162
7.7 -1.24218561517e-07 0.0159209316412
7.8 -1.24218561517e-07 0.0144058499093
7.9 -1.24218561517e-07 0.0130349543589
8 -1.24218561517e-07 0.0117945102527
8.1 -1.24218561517e-07 0.010672114899
8.2 -1.24218561517e-07 0.0096565266012
8.3 -1.24218561517e-07 0.00873758303523
8.4 -1.24218561517e-07 0.00790609295569
8.5 -1.24218561517e-07 0.00715372625161
8.6 -1.24218561517e-07 0.00647295833682
8.7 -1.24218561517e-07 0.00585696137571
8.8 -1.24218561517e-07 0.00529957593347
8.9 -1.24218561517e-07 0.00479525257343
9 -1.24218561517e-07 0.00433894136541
9.1 -1.24218561517e-07 0.00392606508152
9.2 -1.24218561517e-07 0.00355246765931
9.3 -1.24218561517e-07 0.00321442722733
9.4 -1.24218561517e-07 0.00290856756732
9.5 -1.24218561517e-07 0.00263178994846
9.6 -1.24218561517e-07 0.00238133711883
9.7 -1.24218561517e-07 0.00215472772201
9.8 -1.24218561517e-07 0.0019496754998
9.9 -1.24218561517e-07 0.00176413267543
10 -1.24218561517e-07 0.00159626026958
10.1 -1.24218561517e-07 0.00144435980502
10.2 -1.24218561517e-07 0.00130690608221
10.3 -1.24218561517e-07 0.00118254207476
10.4 -1.24218561517e-07 0.00107001109242
10.5 -1.24218561517e-07 0.000968182477478
10.6 -1.24218561517e-07 0.000876056294211
10.7 -1.24218561517e-07 0.000792701098667
10.8 -1.24218561517e-07 0.000717261383315
10.9 -1.24218561517e-07 0.000648999589785
11 -1.24218561517e-07 0.000587239117079
11.1 -1.24218561517e-07 0.000531353049101
11.2 -1.24218561517e-07 0.000480778731936
11.3 -1.24218561517e-07 0.000435023576773
11.4 -1.24218561517e-07 0.000393626287656
11.5 -1.24218561517e-07 0.000356163391679
11.6 -1.24218561517e-07 0.000322267723063
11.7 -1.24218561517e-07 0.000291601924808
11.8 -1.24218561517e-07 0.000263852706186
11.9 -1.24218561517e-07 0.000238739426924
12 -1.24218561517e-07 0.000216018490468
12.1 -1.24218561517e-07 0.000195461040147
12.2 -1.24218561517e-07 0.000176851134872
12.3 -1.24218561517e-07 0.00016002426417
12.4 -1.24218561517e-07 0.000144796825952
12.5 -1.24218561517e-07 0.000131017473832
12.6 -1.24218561517e-07 0.000118549233311
12.7 -1.24218561517e-07 0.000107271451963
12.8 -1.24218561517e-07 9.70680319855e-05
12.9 -1.24218561517e-07 8.7832800614e-05
13 -1.24218561517e-07 7.94698105259e-05
13.1 -1.24218561517e-07 7.18957129501e-05
13.2 -1.24218561517e-07 6.50368413376e-05
13.3 -1.24218561517e-07 5.88294934847e-05
13.4 -1.24218561517e-07 5.32203408369e-05
13.5 -1.24218561517e-07 4.81536922788e-05
13.6 -1.24218561517e-07 4.35675008081e-05
13.7 -1.24218561517e-07 3.94174593155e-05
13.8 -1.24218561517e-07 3.56660037821e-05
13.9 -1.24218561517e-07 3.22806015375e-05
14 -1.24218561517e-07 2.92187287906e-05
14.1 -1.24218561517e-07 2.64463318448e-05
14.2 -1.24218561517e-07 2.39360411742e-05
14.3 -1.24218561517e-07 2.16645804098e-05
14.4 -1.24218561517e-07 1.95883503562e-05
14.5 -1.24218561517e-07 1.77400769981e-05
14.6 -1.24218561517e-07 1.60562256913e-05
14.7 -1.24218561517e-07 1.45286120486e-05
14.8 -1.24218561517e-07 1.31483591077e-05
14.9 -1.24218561517e-07 1.19003533177e-05
15 -1.24218561517e-07 1.07723882016e-05
15.1 -1.24218561517e-07 9.75348316697e-06
15.2 -1.24218561517e-07 8.83265762131e-06
15.3 -1.24218561517e-07 7.9989309721e-06
15.4 -1.24218561517e-07 7.24446570708e-06
15.5 -1.24218561517e-07 6.56413643312e-06
15.6 -1.24218561517e-07 5.94944974961e-06
15.7 -1.24218561517e-07 5.39188756258e-06
15.8 -1.24218561517e-07 4.88293177808e-06
15.9 -1.24218561517e-07 4.41512093566e-06
16 -1.24218561517e-07 3.99050848289e-06
16.1 -1.24218561517e-07 3.60671266341e-06
16.2 -1.24218561517e-07 3.25948143927e-06
16.3 -1.24218561517e-07 2.94456277253e-06
16.4 -1.24218561517e-07 2.65770462525e-06
16.5 -1.24218561517e-07 2.35735378261e-06
16.6 -1.24218561517e-07 2.14334206724e-06
16.7 -1.24218561517e-07 1.94414910214e-06
16.8 -1.24218561517e-07 1.75977488731e-06
16.9 -1.24218561517e-07 1.59021942274e-06
17 -1.24218561517e-07 1.43529381038e-06
17.1 -1.24218561517e-07 1.29336233663e-06
17.2 -1.24218561517e-07 1.16404701869e-06
17.3 -1.24218561517e-07 1.04734785656e-06
17.4 -1.24218561517e-07 9.43264850228e-07
17.5 -1.24218561517e-07 8.51797999707e-07
17.6 -1.24218561517e-07 7.71626267716e-07
17.7 -1.24218561517e-07 6.98418751261e-07
17.8 -1.24218561517e-07 6.31837650611e-07
17.9 -1.24218561517e-07 5.71882965766e-07
18 -1.24218561517e-07 5.18554696724e-07
18.1 -1.24218561517e-07 4.71852843488e-07
18.2 -1.24218561517e-07 4.30305411243e-07
18.3 -1.24218561517e-07 3.91874495491e-07
18.4 -1.24218561517e-07 3.56547115122e-07
18.5 -1.24218561517e-07 3.24323270138e-07
18.6 -1.24218561517e-07 2.95202960537e-07
18.7 -1.24218561517e-07 2.6916787938e-07
18.8 -1.24218561517e-07 2.4535221093e-07
18.9 -1.24218561517e-07 2.23281311489e-07
19 -1.24218561517e-07 2.02955181057e-07
19.1 -1.24218561517e-07 1.84373819633e-07
19.2 -1.24218561517e-07 1.67537227219e-07
19.3 -1.24218561517e-07 1.52389809444e-07
19.4 -1.24218561517e-07 1.38450161325e-07
19.5 -1.24218561517e-07 1.25607039181e-07
19.6 -1.24218561517e-07 1.1386044301e-07
19.7 -1.24218561517e-07 1.03210372812e-07
19.8 -1.24218561517e-07 9.36568285891e-08
19.9 -1.24218561517e-07 8.51018673557e-08
20 -1.24218561517e-07 7.72243917673e-08
