"Time" "Prey" "Predator"
0 16.3592936084 22.0387091324
0.1 0.334440033118 31.3154599331
0.2 0.0065601713429 28.5668604727
0.3 0.000186861014261 25.8528786141
0.4 7.55711345045e-06 23.3927795572
0.5 4.03838223756e-07 21.1666678009
0.6 2.83128705961e-08 19.1523938997
0.7 -1.0015733905e-08 17.3298047357
0.8 -2.55257065713e-08 15.680647563
0.9 -2.8197457905e-08 14.1884332898
1 -2.82614193269e-08 12.8382227808
1.1 -2.82614193269e-08 11.6165019601
1.2 -2.82614193269e-08 10.5110417323
1.3 -2.82614193269e-08 9.5107863149
1.4 -2.82614193269e-08 8.60572493571
1.5 -2.82614193269e-08 7.78677844386
1.6 -2.82614193269e-08 7.04576954589
1.7 -2.82614193269e-08 6.37527650304
1.8 -2.82614193269e-08 5.76858886615
1.9 -2.82614193269e-08 5.21963520622
2 -2.82614193269e-08 4.72292157522
2.1 -2.82614193269e-08 4.27347637121
2.2 -2.82614193269e-08 3.86680168751
2.3 -2.82614193269e-08 3.49882707659
2.4 -2.82614193269e-08 3.16586857428
2.5 -2.82614193269e-08 2.86459601915
2.6 -2.82614193269e-08 2.59199340895
2.7 -2.82614193269e-08 2.34533268927
2.8 -2.82614193269e-08 2.12214477267
2.9 -2.82614193269e-08 1.92019586553
3 -2.82614193269e-08 1.73746506621
3.1 -2.82614193269e-08 1.57212339825
3.2 -2.82614193269e-08 1.42251602552
3.3 -2.82614193269e-08 1.28714561463
3.4 -2.82614193269e-08 1.16465695296
3.5 -2.82614193269e-08 1.05382489838
3.6 -2.82614193269e-08 0.953540017813
3.7 -2.82614193269e-08 0.86279843864
3.8 -2.82614193269e-08 0.780692367829
3.9 -2.82614193269e-08 0.706399458869
4 -2.82614193269e-08 0.639176673866
4.1 -2.82614193269e-08 0.578350792652
4.2 -2.82614193269e-08 0.523313350364
4.3 -2.82614193269e-08 0.473513488814
4.4 -2.82614193269e-08 0.428452627995
4.5 -2.82614193269e-08 0.387679997543
4.6 -2.82614193269e-08 0.350787248197
4.7 -2.82614193269e-08 0.317405424465
4.8 -2.82614193269e-08 0.287200236562
4.9 -2.82614193269e-08 0.259869478815
5 -2.82614193269e-08 0.235139624354
5.1 -2.82614193269e-08 0.212763072746
5.2 -2.82614193269e-08 0.192516001227
5.3 -2.82614193269e-08 0.174195621276
5.4 -2.82614193269e-08 0.157618712427
5.5 -2.82614193269e-08 0.142619283688
5.6 -2.82614193269e-08 0.129047242835
5.7 -2.82614193269e-08 0.116766754672
5.8 -2.82614193269e-08 0.105654854804
5.9 -2.82614193269e-08 0.0956004696105
6 -2.82614193269e-08 0.0865028615386
6.1 -2.82614193269e-08 0.07827101536
6.2 -2.82614193269e-08 0.0708225491612
6.3 -2.82614193269e-08 0.0640828642753
6.4 -2.82614193269e-08 0.0579845791873
6.5 -2.82614193269e-08 0.0524665981962
6.6 -2.82614193269e-08 0.0474737289566
6.7 -2.82614193269e-08 0.0429560107827
6.8 -2.82614193269e-08 0.0388681930073
6.9 -2.82614193269e-08 0.0351694010394
7 -2.82614193269e-08 0.0318225799717
7.1 -2.82614193269e-08 0.0287942534194
7.2 -2.82614193269e-08 0.0260541183025
7.3 -2.82614193269e-08 0.0235747303193
7.4 -2.82614193269e-08 0.0213313015253
7.5 -2.82614193269e-08 0.0193013558046
7.6 -2.82614193269e-08 0.0174645860199
7.7 -2.82614193269e-08 0.0158026110348
7.8 -2.82614193269e-08 0.0142987863045
7.9 -2.82614193269e-08 0.0129380771598
8 -2.82614193269e-08 0.0117068546228
8.1 -2.82614193269e-08 0.0105927982248
8.2 -2.82614193269e-08 0.00958475133086
8.3 -2.82614193269e-08 0.00867261765629
8.4 -2.82614193269e-08 0.0078473023314
8.5 -2.82614193269e-08 0.00710055057471
8.6 -2.82614193269e-08 0.00642487422974
8.7 -2.82614193269e-08 0.00581348331761
8.8 -2.82614193269e-08 0.00526028413247
8.9 -2.82614193269e-08 0.00475973783124
9 -2.82614193269e-08 0.00430678929839
9.1 -2.82614193269e-08 0.00389694739998
9.2 -2.82614193269e-08 0.0035261133005
9.3 -2.82614193269e-08 0.0031905513969
9.4 -2.82614193269e-08 0.00288693601928
9.5 -2.82614193269e-08 0.0026122182846
9.6 -2.82614193269e-08 0.00236362800804
9.7 -2.82614193269e-08 0.00213870485193
9.8 -2.82614193269e-08 0.00193518535423
9.9 -2.82614193269e-08 0.00175102925527
10 -2.82614193269e-08 0.00158442016938
10.1 -2.82614193269e-08 0.00143367235849
10.2 -2.82614193269e-08 0.00129723730127
10.3 -2.82614193269e-08 0.00117378196919
10.4 -2.82614193269e-08 0.00106208294542
10.5 -2.82614193269e-08 0.000961006921437
10.6 -2.82614193269e-08 0.000869537210631
10.7 -2.82614193269e-08 0.000786783074138
10.8 -2.82614193269e-08 0.000711910883509
10.9 -2.82614193269e-08 0.000644155591604
11 -2.82614193269e-08 0.000582852998759
11.1 -2.82614193269e-08 0.000527392282033
11.2 -2.82614193269e-08 0.000477205884075
11.3 -2.82614193269e-08 0.000431785922029
11.4 -2.82614193269e-08 0.000390692379638
11.5 -2.82614193269e-08 0.000353511491376
11.6 -2.82614193269e-08 0.000319853183433
11.7 -2.82614193269e-08 0.000289419632944
11.8 -2.82614193269e-08 0.000261878982728
11.9 -2.82614193269e-08 0.000236957592734
12 -2.82614193269e-08 0.000214407826809
12.1 -2.82614193269e-08 0.000194011188249
12.2 -2.82614193269e-08 0.000175557615389
12.3 -2.82614193269e-08 0.000158854999699
12.4 -2.82614193269e-08 0.000143729747273
12.5 -2.82614193269e-08 0.000130031210422
12.6 -2.82614193269e-08 0.000117626196888
12.7 -2.82614193269e-08 0.000106399540696
12.8 -2.82614193269e-08 9.62548541653e-05
12.9 -2.82614193269e-08 8.70911712121e-05
13 -2.82614193269e-08 7.87964175539e-05
13.1 -2.82614193269e-08 7.1290527703e-05
13.2 -2.82614193269e-08 6.45056235051e-05
13.3 -2.82614193269e-08 5.83828473245e-05
13.4 -2.82614193269e-08 5.28451541545e-05
13.5 -2.82614193269e-08 4.7831022434e-05
13.6 -2.82614193269e-08 4.32909493112e-05
13.7 -2.82614193269e-08 3.91828336277e-05
13.8 -2.82614193269e-08 3.54279501911e-05
13.9 -2.82614193269e-08 3.2085004963e-05
14 -2.82614193269e-08 2.9039503727e-05
14.1 -2.82614193269e-08 2.62766355362e-05
14.2 -2.82614193269e-08 2.37803024576e-05
14.3 -2.82614193269e-08 2.15231298086e-05
14.4 -2.82614193269e-08 1.94830736613e-05
14.5 -2.82614193269e-08 1.7640266662e-05
14.6 -2.82614193269e-08 1.59748414568e-05
14.7 -2.82614193269e-08 1.44669306921e-05
14.8 -2.82614193269e-08 1.31024228368e-05
14.9 -2.82614193269e-08 1.1871995215e-05
15 -2.82614193269e-08 1.07602721335e-05
15.1 -2.82614193269e-08 9.75183880687e-06
15.2 -2.82614193269e-08 8.8312804498e-06
15.3 -2.82614193269e-08 7.98514709121e-06
15.4 -2.82614193269e-08 7.21720472715e-06
15.5 -2.82614193269e-08 6.523081007e-06
15.6 -2.82614193269e-08 5.89508065184e-06
15.7 -2.82614193269e-08 5.32550838275e-06
15.8 -2.82614193269e-08 4.80666892081e-06
15.9 -2.82614193269e-08 4.26368464689e-06
16 -2.82614193269e-08 3.87655165414e-06
16.1 -2.82614193269e-08 3.51623525534e-06
16.2 -2.82614193269e-08 3.18273545049e-06
16.3 -2.82614193269e-08 2.87605223959e-06
16.4 -2.82614193269e-08 2.59583457478e-06
16.5 -2.82614193269e-08 2.33911879486e-06
16.6 -2.82614193269e-08 2.10523379328e-06
16.7 -2.82614193269e-08 1.89417957004e-06
16.8 -2.82614193269e-08 1.70595612513e-06
16.9 -2.82614193269e-08 1.54056345855e-06
17 -2.82614193269e-08 1.39557080983e-06
17.1 -2.82614193269e-08 1.26316068477e-06
17.2 -2.82614193269e-08 1.14274179894e-06
17.3 -2.82614193269e-08 1.03431415232e-06
17.4 -2.82614193269e-08 9.37877744918e-07
17.5 -2.82614193269e-08 8.53432576738e-07
17.6 -2.82614193269e-08 7.78282453048e-07
17.7 -2.82614193269e-08 7.08769002398e-07
17.8 -2.82614193269e-08 6.44871671412e-07
17.9 -2.82614193269e-08 5.86590460089e-07
18 -2.82614193269e-08 5.33925368429e-07
18.1 -2.82614193269e-08 4.86840992033e-07
18.2 -2.82614193269e-08 4.43761489754e-07
18.3 -2.82614193269e-08 4.03839321817e-07
18.4 -2.82614193269e-08 3.67074488223e-07
18.5 -2.82614193269e-08 3.33466988971e-07
18.6 -2.82614193269e-08 3.03016824061e-07
18.7 -2.82614193269e-08 2.75620678402e-07
18.8 -2.82614193269e-08 2.50406332119e-07
18.9 -2.82614193269e-08 2.27176275293e-07
19 -2.82614193269e-08 2.05930507923e-07
19.1 -2.82614193269e-08 1.86669030009e-07
19.2 -2.82614193269e-08 1.69391841552e-07
19.3 -2.82614193269e-08 1.53918730417e-07
19.4 -2.82614193269e-08 1.3967012189e-07
19.5 -2.82614193269e-08 1.26602179224e-07
19.6 -2.82614193269e-08 1.14714902419e-07
19.7 -2.82614193269e-08 1.04008291475e-07
19.8 -2.82614193269e-08 9.4482346393e-08
19.9 -2.82614193269e-08 8.59173182781e-08
20 -2.82614193269e-08 7.80150376142e-08
