"Time" "Prey" "Predator"
0 38.566372972 0.723311088979
0.1 18.4646218503 16.8205296791
0.2 0.689043483597 27.939737155
0.3 0.0202400237019 25.7548939112
0.4 0.000822956273936 23.3177982515
0.5 4.56256702293e-05 21.0993712417
0.6 3.33580621131e-06 19.0915313224
0.7 3.09652990849e-07 17.2747348115
0.8 3.3328416729e-08 15.6308273932
0.9 -7.00622164434e-09 14.1433559149
1 -6.34212650464e-09 12.797437186
1.1 -5.85245306434e-09 11.5795992389
1.2 1.59546783971e-09 10.4776506656
1.3 6.64982509254e-09 9.48057553646
1.4 -2.68556668477e-09 8.57838208184
1.5 -8.76699780875e-09 7.76204191913
1.6 -2.33671154594e-09 7.02338643364
1.7 -3.81921869832e-09 6.35502340448
1.8 -4.98463310898e-09 5.75026347897
1.9 -4.49247586439e-09 5.2030540519
2 -3.27720107042e-09 4.70792010516
2.1 -1.11136013294e-09 4.25990510785
2.2 1.7517079415e-09 3.85451867556
2.3 7.41929102942e-09 3.48770670018
2.4 1.90212138566e-09 3.15580837995
2.5 -2.87459755497e-09 2.85549572041
2.6 1.12590094724e-09 2.58375823351
2.7 2.24135141726e-09 2.33788041536
2.8 -4.35499649526e-11 2.11540172291
2.9 2.34444550102e-10 1.91409493076
3 7.31724705195e-10 1.73194489144
3.1 6.2700823651e-10 1.56712817006
3.2 5.16162545345e-10 1.41799610705
3.3 4.22374419109e-10 1.28305604331
3.4 4.18772911614e-10 1.16095710182
3.5 4.19466632273e-10 1.05047734804
3.6 4.39010749658e-10 0.950510736615
3.7 4.77564514298e-10 0.860056996866
3.8 4.49954459404e-10 0.778211736862
3.9 4.08037337277e-10 0.704154912294
4 3.9058636787e-10 0.637145771494
4.1 3.93408862947e-10 0.576513271226
4.2 3.99029516418e-10 0.521650635994
4.3 3.97864840495e-10 0.472008991976
4.4 3.97548727358e-10 0.427091168154
4.5 4.02066435586e-10 0.386448099867
4.6 4.09843151417e-10 0.349672674475
4.7 4.19538868511e-10 0.316396913655
4.8 4.30815526672e-10 0.286287746794
4.9 4.4404230083e-10 0.259043739865
5 4.59272374742e-10 0.234392480704
5.1 4.76484674117e-10 0.212087013609
5.2 4.95789049043e-10 0.191904260278
5.3 5.17248690937e-10 0.173642149222
5.4 5.40891058672e-10 0.157117876521
5.5 5.6676401962e-10 0.14216614063
5.6 5.9499214993e-10 0.128637182743
5.7 6.25708784373e-10 0.116395736173
5.8 6.5903845232e-10 0.105319199722
5.9 6.95121186929e-10 0.0952967378369
6 7.34114050281e-10 0.0862280496849
6.1 7.7618760745e-10 0.0780223189036
6.2 8.21524222134e-10 0.0705975167097
6.3 8.70326504268e-10 0.0638792570679
6.4 9.2281464479e-10 0.0578003300435
6.5 9.79224897457e-10 0.0522999070056
6.6 1.0398092212e-09 0.0473228943109
6.7 1.1048390831e-09 0.0428195304578
6.8 1.17460684756e-09 0.038744700646
6.9 1.24942594899e-09 0.0350576447846
7 1.32963248827e-09 0.0317214714385
7.1 1.41558689393e-09 0.0287027634951
7.2 1.50767542027e-09 0.0259713383921
7.3 1.60631135181e-09 0.0234998327435
7.4 1.71193703384e-09 0.0212635226975
7.5 1.82502599201e-09 0.0192400314671
7.6 1.94608508584e-09 0.0174090919449
7.7 2.07565649609e-09 0.0157523998795
7.8 2.21432027604e-09 0.0142533579311
7.9 2.36269681152e-09 0.0128969691965
8 2.52144964187e-09 0.0116696608314
8.1 2.6912883961e-09 0.0105591406031
8.2 2.87297179679e-09 0.00955430554357
8.3 3.06731137492e-09 0.00864509184521
8.4 3.27517466824e-09 0.00782240085265
8.5 3.49748949064e-09 0.0070779930477
8.6 3.73524785082e-09 0.00640441055373
8.7 3.98950973696e-09 0.00579493924253
8.8 4.26140926982e-09 0.00524349173212
8.9 4.55215919273e-09 0.0047445351774
9 4.86305376251e-09 0.00429305481015
9.1 5.19547854193e-09 0.00388453496371
9.2 5.55091608147e-09 0.00351490666517
9.3 5.93094724149e-09 0.00318043529012
9.4 6.33726458814e-09 0.00287777149695
9.5 6.77167975448e-09 0.0026039210199
9.6 7.23612409016e-09 0.00235612491636
9.7 7.73266515364e-09 0.00213190334169
9.8 8.26351609925e-09 0.00192903383745
9.9 8.83103622693e-09 0.00174546619996
10 9.43775098585e-09 0.00157935906536
10.1 1.0086363964e-08 0.00142906878951
10.2 1.07797571736e-08 0.00129307688912
10.3 1.15210171611e-08 0.00117002350601
10.4 1.23134484719e-08 0.00105869502963
10.5 1.31605707945e-08 0.000957963421943
10.6 1.40661414693e-08 0.000866795335007
10.7 1.50342026944e-08 0.000784303671225
10.8 1.60690617334e-08 0.000709667705229
10.9 1.71753096111e-08 0.000642128706735
11 1.83578675113e-08 0.000581010949884
11.1 1.96220098716e-08 0.000525717139998
11.2 2.09733510435e-08 0.000475689021784
11.3 2.24178847877e-08 0.000430415429457
11.4 2.39620568672e-08 0.000389454222284
11.5 2.56127361316e-08 0.000352395910583
11.6 2.7377243914e-08 0.000318860776747
11.7 2.92634281985e-08 0.000288512040433
11.8 3.12797005347e-08 0.000261054349961
11.9 3.34350142101e-08 0.000236210774265
12 3.57389992091e-08 0.000213721777283
12.1 3.82017291889e-08 0.000193386188876
12.2 4.08343456558e-08 0.000174984037415
12.3 4.36484798157e-08 0.00015833160475
12.4 4.66567214643e-08 0.000143264637776
12.5 4.98725824371e-08 0.000129636131347
12.6 5.3310318193e-08 0.000117305505883
12.7 5.69850223382e-08 0.00010614434097
12.8 6.09128075233e-08 9.60368839477e-05
12.9 6.51118105448e-08 8.68828756988e-05
13 6.96007628632e-08 7.85935317346e-05
13.1 7.43992865345e-08 7.1092374191e-05
13.2 7.9528022516e-08 6.43155880883e-05
13.3 8.50101285621e-08 5.81924546094e-05
13.4 9.08709301518e-08 5.26499109688e-05
13.5 9.71362165358e-08 4.76348088096e-05
13.6 1.03833143475e-07 4.31021219142e-05
13.7 1.10990712934e-07 3.90118115127e-05
13.8 1.18642438355e-07 3.53114093764e-05
13.9 1.26822554035e-07 3.19607886059e-05
14 1.35566799861e-07 2.89270355849e-05
14.1 1.44870812374e-07 2.61204544612e-05
14.2 1.5488735192e-07 2.36752062017e-05
14.3 1.65578669098e-07 2.14396526257e-05
14.4 1.76999187784e-07 1.94038045135e-05
14.5 1.89203331854e-07 1.75576726458e-05
14.6 2.02248068009e-07 1.58899426614e-05
14.7 2.1620467912e-07 1.43818396062e-05
14.8 2.31136130968e-07 1.30189228159e-05
14.9 2.47103398607e-07 1.1787789054e-05
15 2.64167457089e-07 1.06750350839e-05
15.1 2.82389289223e-07 9.66725865669e-06
15.2 3.01867392659e-07 8.75583702181e-06
15.3 3.22713998529e-07 7.9338971128e-06
15.4 3.45013661118e-07 7.19103975459e-06
15.5 3.68850934714e-07 6.51686577208e-06
15.6 3.94310373604e-07 5.90097599021e-06
15.7 4.21491199586e-07 5.3349927529e-06
15.8 4.50575213284e-07 4.82191965823e-06
15.9 4.81696240566e-07 4.35814828357e-06
16 5.14976624331e-07 3.93848759029e-06
16.1 5.50538707478e-07 3.55774653976e-06
16.2 5.93358870022e-07 3.12807322541e-06
16.3 6.31737232308e-07 2.85054854721e-06
16.4 6.73760056101e-07 2.59111504576e-06
16.5 7.19427341401e-07 2.34977272106e-06
16.6 7.68739088208e-07 2.1265215731e-06
16.7 8.21695296522e-07 1.92136160188e-06
16.8 8.78427275624e-07 1.73393554627e-06
16.9 9.39676125956e-07 1.56222704929e-06
17 1.00555788627e-06 1.40592039726e-06
17.1 1.07607255656e-06 1.26501559018e-06
17.2 1.15122013683e-06 1.13951262805e-06
17.3 1.23100062708e-06 1.02941151086e-06
17.4 1.31605327926e-06 9.32570017473e-07
17.5 1.40786090111e-06 8.44019055432e-07
17.6 1.50648351615e-06 7.63557477585e-07
17.7 1.61192112439e-06 6.9118528393e-07
17.8 1.72417372584e-06 6.2690247447e-07
17.9 1.84324170664e-06 5.70708536184e-07
18 1.97079286391e-06 5.20387733087e-07
18.1 2.10839615223e-06 4.7385564548e-07
18.2 2.25605157162e-06 4.31112273363e-07
18.3 2.41375912207e-06 3.92157616735e-07
18.4 2.58151880357e-06 3.56991675597e-07
18.5 2.75949794457e-06 3.25556012579e-07
18.6 2.95099740715e-06 2.96697842758e-07
18.7 3.1572985544e-06 2.69969666053e-07
18.8 3.37840138632e-06 2.45371482461e-07
18.9 3.6143059029e-06 2.22903291985e-07
19 3.86501210416e-06 2.02565094623e-07
19.1 4.1314487359e-06 1.84251766871e-07
19.2 4.41885779046e-06 1.67369974581e-07
19.3 4.7280600747e-06 1.51826811714e-07
19.4 5.05905558863e-06 1.37622278271e-07
19.5 5.41184433224e-06 1.24756374252e-07
19.6 5.78642630553e-06 1.13229099657e-07
19.7 6.18581721341e-06 1.02881638418e-07
19.8 6.61701263089e-06 9.3345582571e-08
19.9 7.08029576889e-06 8.46060173783e-08
20 7.5756666274e-06 7.66629428401e-08
