"Time" "Prey" "Predator"
0 0.791960404647 30.2640769423
0.1 0.0171710439868 27.9315711191
0.2 0.00052976561509 25.2853276657
0.3 2.29167705872e-05 22.879471243
0.4 1.33304804109e-06 20.7022175303
0.5 9.95542363124e-08 18.7321425305
0.6 8.17117881656e-09 16.9495520605
0.7 -2.56807339991e-09 15.3366032797
0.8 -2.87849806802e-09 13.8771400896
0.9 -6.64642144431e-09 12.556546027
1 -7.61481207608e-09 11.361624631
1.1 -7.61481207608e-09 10.2804213762
1.2 -7.61481207608e-09 9.30210795657
1.3 -7.61481207608e-09 8.41689220585
1.4 -7.61481207608e-09 7.61591435099
1.5 -7.61481207608e-09 6.8911748107
1.6 -7.61481207608e-09 6.23539789999
1.7 -7.61481207608e-09 5.64201710523
1.8 -7.61481207608e-09 5.10511029144
1.9 -7.61481207608e-09 4.61929507379
2 -7.61481207608e-09 4.17971100307
2.1 -7.61481207608e-09 3.78195905139
2.2 -7.61481207608e-09 3.42205832054
2.3 -7.61481207608e-09 3.09640657278
2.4 -7.61481207608e-09 2.80174519167
2.5 -7.61481207608e-09 2.53512428037
2.6 -7.61481207608e-09 2.29387587137
2.7 -7.61481207608e-09 2.07558498437
2.8 -7.61481207608e-09 1.87806724174
2.9 -7.61481207608e-09 1.6993459476
3 -7.61481207608e-09 1.53763196532
3.1 -7.61481207608e-09 1.39130720784
3.2 -7.61481207608e-09 1.25890708342
3.3 -7.61481207608e-09 1.13910633412
3.4 -7.61481207608e-09 1.03070619887
3.5 -7.61481207608e-09 0.932621236798
3.6 -7.61481207608e-09 0.843869925045
3.7 -7.61481207608e-09 0.763565003321
3.8 -7.61481207608e-09 0.690902109724
3.9 -7.61481207608e-09 0.625154134714
4 -7.61481207608e-09 0.565662855485
4.1 -7.61481207608e-09 0.511832857593
4.2 -7.61481207608e-09 0.463125495087
4.3 -7.61481207608e-09 0.419053282771
4.4 -7.61481207608e-09 0.379175092174
4.5 -7.61481207608e-09 0.343091772621
4.6 -7.61481207608e-09 0.310442216766
4.7 -7.61481207608e-09 0.280899496493
4.8 -7.61481207608e-09 0.254168255214
4.9 -7.61481207608e-09 0.229980920669
5 -7.61481207608e-09 0.208095270198
5.1 -7.61481207608e-09 0.188292431383
5.2 -7.61481207608e-09 0.170373988482
5.3 -7.61481207608e-09 0.154160739426
5.4 -7.61481207608e-09 0.139490381736
5.5 -7.61481207608e-09 0.126216039566
5.6 -7.61481207608e-09 0.114205019139
5.7 -7.61481207608e-09 0.103336961529
5.8 -7.61481207608e-09 0.0935031526226
5.9 -7.61481207608e-09 0.0846051452146
6 -7.61481207608e-09 0.0765538579978
6.1 -7.61481207608e-09 0.0692688020276
6.2 -7.61481207608e-09 0.0626769800447
6.3 -7.61481207608e-09 0.0567124714639
6.4 -7.61481207608e-09 0.0513155696165
6.5 -7.61481207608e-09 0.0464322326391
6.6 -7.61481207608e-09 0.0420136277363
6.7 -7.61481207608e-09 0.0380154850761
6.8 -7.61481207608e-09 0.0343978267222
6.9 -7.61481207608e-09 0.0311244403595
7 -7.61481207608e-09 0.0281625479236
7.1 -7.61481207608e-09 0.0254825324794
7.2 -7.61481207608e-09 0.0230575419306
7.3 -7.61481207608e-09 0.0208633243376
7.4 -7.61481207608e-09 0.0188779147062
7.5 -7.61481207608e-09 0.0170814347057
7.6 -7.61481207608e-09 0.0154559240359
7.7 -7.61481207608e-09 0.0139850948391
7.8 -7.61481207608e-09 0.012654232913
7.9 -7.61481207608e-09 0.0114500260379
8 -7.61481207608e-09 0.0103604070473
8.1 -7.61481207608e-09 0.00937448084638
8.2 -7.61481207608e-09 0.00848235953843
8.3 -7.61481207608e-09 0.00767513647196
8.4 -7.61481207608e-09 0.00694476163568
8.5 -7.61481207608e-09 0.00628390725275
8.6 -7.61481207608e-09 0.00568594011116
8.7 -7.61481207608e-09 0.00514486876429
8.8 -7.61481207608e-09 0.00465530521236
8.9 -7.61481207608e-09 0.00421231192763
9 -7.61481207608e-09 0.00381145386484
9.1 -7.61481207608e-09 0.00344875472206
9.2 -7.61481207608e-09 0.00312056098026
9.3 -7.61481207608e-09 0.0028235976798
9.4 -7.61481207608e-09 0.00255490825258
9.5 -7.61481207608e-09 0.00231177679936
9.6 -7.61481207608e-09 0.00209178209622
9.7 -7.61481207608e-09 0.00189273079368
9.8 -7.61481207608e-09 0.00171261193595
9.9 -7.61481207608e-09 0.00154964619866
10 -7.61481207608e-09 0.00140220532185
10.1 -7.61481207608e-09 0.00126878394792
10.2 -7.61481207608e-09 0.00114803239977
10.3 -7.61481207608e-09 0.00103878036739
10.4 -7.61481207608e-09 0.000939928179535
10.5 -7.61481207608e-09 0.000850468096803
10.6 -7.61481207608e-09 0.000769523666056
10.7 -7.61481207608e-09 0.000696291922177
10.8 -7.61481207608e-09 0.00063002891184
10.9 -7.61481207608e-09 0.000570065958631
11 -7.61481207608e-09 0.000515818408436
11.1 -7.61481207608e-09 0.000466736949848
11.2 -7.61481207608e-09 0.000422316300119
11.3 -7.61481207608e-09 0.00038212214054
11.4 -7.61481207608e-09 0.000345756495372
11.5 -7.61481207608e-09 0.000312850596988
11.6 -7.61481207608e-09 0.00028306860224
11.7 -7.61481207608e-09 0.00025613291912
11.8 -7.61481207608e-09 0.000231759620658
11.9 -7.61481207608e-09 0.000209702973459
12 -7.61481207608e-09 0.000189750474291
12.1 -7.61481207608e-09 0.000171701462907
12.2 -7.61481207608e-09 0.000155368862263
12.3 -7.61481207608e-09 0.00014058233485
12.4 -7.61481207608e-09 0.000127190617564
12.5 -7.61481207608e-09 0.000115062420389
12.6 -7.61481207608e-09 0.000104081784964
12.7 -7.61481207608e-09 9.41501717143e-05
12.8 -7.61481207608e-09 8.51827434508e-05
12.9 -7.61481207608e-09 7.70715542707e-05
13 -7.61481207608e-09 6.97300265048e-05
13.1 -7.61481207608e-09 6.30893317434e-05
13.2 -7.61481207608e-09 5.70918269085e-05
13.3 -7.61481207608e-09 5.16767000181e-05
13.4 -7.61481207608e-09 4.67744453357e-05
13.5 -7.61481207608e-09 4.23353977286e-05
13.6 -7.61481207608e-09 3.83169015327e-05
13.7 -7.61481207608e-09 3.46228263866e-05
13.8 -7.61481207608e-09 3.13697425702e-05
13.9 -7.61481207608e-09 2.84000321914e-05
14 -7.61481207608e-09 2.56999392485e-05
14.1 -7.61481207608e-09 2.32557077401e-05
14.2 -7.61481207608e-09 2.10477425186e-05
14.3 -7.61481207608e-09 1.90510311595e-05
14.4 -7.61481207608e-09 1.7247060656e-05
14.5 -7.61481207608e-09 1.56173783291e-05
14.6 -7.61481207608e-09 1.41435314997e-05
14.7 -7.61481207608e-09 1.28080350254e-05
14.8 -7.61481207608e-09 1.16026259848e-05
14.9 -7.61481207608e-09 1.05148687702e-05
15 -7.61481207608e-09 9.53044634068e-06
15.1 -7.61481207608e-09 8.63504165507e-06
15.2 -7.61481207608e-09 7.81433767227e-06
15.3 -7.61481207608e-09 7.06293123454e-06
15.4 -7.61481207608e-09 6.38368905301e-06
15.5 -7.61481207608e-09 5.76955600299e-06
15.6 -7.61481207608e-09 5.21338486485e-06
15.7 -7.61481207608e-09 4.70802841894e-06
15.8 -7.61481207608e-09 4.15568487295e-06
15.9 -7.61481207608e-09 3.78324608008e-06
16 -7.61481207608e-09 3.43571418428e-06
16.1 -7.61481207608e-09 3.11308918554e-06
16.2 -7.61481207608e-09 2.81537108387e-06
16.3 -7.61481207608e-09 2.54255987927e-06
16.4 -7.61481207608e-09 2.29314700564e-06
16.5 -7.61481207608e-09 2.06495652025e-06
16.6 -7.61481207608e-09 1.85797092543e-06
16.7 -7.61481207608e-09 1.67219022117e-06
16.8 -7.61481207608e-09 1.50761440747e-06
16.9 -7.61481207608e-09 1.36412599748e-06
17 -7.61481207608e-09 1.2353881091e-06
17.1 -7.61481207608e-09 1.11778751445e-06
17.2 -7.61481207608e-09 1.01132421351e-06
17.3 -7.61481207608e-09 9.15998206294e-07
17.4 -7.61481207608e-09 8.31809492795e-07
17.5 -7.61481207608e-09 7.58277793201e-07
17.6 -7.61481207608e-09 6.91018243565e-07
17.7 -7.61481207608e-09 6.28974871999e-07
17.8 -7.61481207608e-09 5.72147678504e-07
17.9 -7.61481207608e-09 5.2053666308e-07
18 -7.61481207608e-09 4.74141825726e-07
18.1 -7.61481207608e-09 4.32476612368e-07
18.2 -7.61481207608e-09 3.93881557678e-07
18.3 -7.61481207608e-09 3.58218993477e-07
18.4 -7.61481207608e-09 3.25488919763e-07
18.5 -7.61481207608e-09 2.95691336538e-07
18.6 -7.61481207608e-09 2.68826243801e-07
18.7 -7.61481207608e-09 2.44449666853e-07
18.8 -7.61481207608e-09 2.2192122042e-07
18.9 -7.61481207608e-09 2.0123575489e-07
19 -7.61481207608e-09 1.82393270263e-07
19.1 -7.61481207608e-09 1.65393766539e-07
19.2 -7.61481207608e-09 1.50228533441e-07
19.3 -7.61481207608e-09 1.36427765159e-07
19.4 -7.61481207608e-09 1.23723583041e-07
19.5 -7.61481207608e-09 1.12115987086e-07
19.6 -7.61481207608e-09 1.01604977293e-07
19.7 -7.61481207608e-09 9.21905536634e-08
19.8 -7.61481207608e-09 8.38335717432e-08
19.9 -7.61481207608e-09 7.61766500716e-08
20 -7.61481207608e-09 6.91337233153e-08
