"Time" "Prey" "Predator"
0 15.7507498997 27.4549640184
0.1 0.159007143175 35.8352123619
0.2 0.00177997966775 32.5355428907
0.3 3.06898558067e-05 29.4406100329
0.4 7.63469199831e-07 26.6389711507
0.5 -1.15933738675e-07 24.1039672881
0.6 -8.20485373886e-08 21.8101776574
0.7 -1.30081321358e-07 19.7346599056
0.8 -1.31569442879e-07 17.8566579413
0.9 -1.31569442879e-07 16.1573716045
1 -1.31569442879e-07 14.6197884201
1.1 -1.31569442879e-07 13.2285264808
1.2 -1.31569442879e-07 11.9696614242
1.3 -1.31569442879e-07 10.8305937022
1.4 -1.31569442879e-07 9.79992303239
1.5 -1.31569442879e-07 8.86733509725
1.6 -1.31569442879e-07 8.02349684511
1.7 -1.31569442879e-07 7.25996820666
1.8 -1.31569442879e-07 6.56909147655
1.9 -1.31569442879e-07 5.94395982571
2 -1.31569442879e-07 5.37831772071
2.1 -1.31569442879e-07 4.86650381928
2.2 -1.31569442879e-07 4.40339502537
2.3 -1.31569442879e-07 3.98435693104
2.4 -1.31569442879e-07 3.60519653192
2.5 -1.31569442879e-07 3.2621168278
2.6 -1.31569442879e-07 2.9516827705
2.7 -1.31569442879e-07 2.67079199597
2.8 -1.31569442879e-07 2.41663169112
2.9 -1.31569442879e-07 2.18665898652
3 -1.31569442879e-07 1.97857105658
3.1 -1.31569442879e-07 1.79028512633
3.2 -1.31569442879e-07 1.61991657915
3.3 -1.31569442879e-07 1.46576115532
3.4 -1.31569442879e-07 1.32627556859
3.5 -1.31569442879e-07 1.20006375073
3.6 -1.31569442879e-07 1.08586246396
3.7 -1.31569442879e-07 0.982528657406
3.8 -1.31569442879e-07 0.889027857759
3.9 -1.31569442879e-07 0.804425535695
4 -1.31569442879e-07 0.727874189935
4.1 -1.31569442879e-07 0.658607729586
4.2 -1.31569442879e-07 0.595932993068
4.3 -1.31569442879e-07 0.539222246332
4.4 -1.31569442879e-07 0.487908480966
4.5 -1.31569442879e-07 0.441477665812
4.6 -1.31569442879e-07 0.399465387816
4.7 -1.31569442879e-07 0.361451285268
4.8 -1.31569442879e-07 0.327054584551
4.9 -1.31569442879e-07 0.295931274696
5 -1.31569442879e-07 0.267769589259
5.1 -1.31569442879e-07 0.242287875404
5.2 -1.31569442879e-07 0.219231123896
5.3 -1.31569442879e-07 0.19836843768
5.4 -1.31569442879e-07 0.179491219317
5.5 -1.31569442879e-07 0.162410341323
5.6 -1.31569442879e-07 0.146954943879
5.7 -1.31569442879e-07 0.132970316618
5.8 -1.31569442879e-07 0.120316451123
5.9 -1.31569442879e-07 0.108866841222
6 -1.31569442879e-07 0.0985067655562
6.1 -1.31569442879e-07 0.0891326054241
6.2 -1.31569442879e-07 0.0806505102616
6.3 -1.31569442879e-07 0.0729755639861
6.4 -1.31569442879e-07 0.0660310288813
6.5 -1.31569442879e-07 0.0597473212705
6.6 -1.31569442879e-07 0.0540616070346
6.7 -1.31569442879e-07 0.0489169650614
6.8 -1.31569442879e-07 0.044261884655
6.9 -1.31569442879e-07 0.0400498161654
7 -1.31569442879e-07 0.0362385574398
7.1 -1.31569442879e-07 0.0327899987287
7.2 -1.31569442879e-07 0.0296696161129
7.3 -1.31569442879e-07 0.0268461678204
7.4 -1.31569442879e-07 0.0242914219201
7.5 -1.31569442879e-07 0.0219797805062
7.6 -1.31569442879e-07 0.0198881264084
7.7 -1.31569442879e-07 0.0179955192808
7.8 -1.31569442879e-07 0.0162830113153
7.9 -1.31569442879e-07 0.0147334804685
8 -1.31569442879e-07 0.0133314002596
8.1 -1.31569442879e-07 0.012062749196
8.2 -1.31569442879e-07 0.0109148262545
8.3 -1.31569442879e-07 0.00987613879206
8.4 -1.31569442879e-07 0.00893630079242
8.5 -1.31569442879e-07 0.00808589679685
8.6 -1.31569442879e-07 0.00731642084601
8.7 -1.31569442879e-07 0.00662016009779
8.8 -1.31569442879e-07 0.00599014545503
8.9 -1.31569442879e-07 0.00542010153352
9 -1.31569442879e-07 0.00490432680817
9.1 -1.31569442879e-07 0.00443764705209
9.2 -1.31569442879e-07 0.00401536805665
9.3 -1.31569442879e-07 0.00363327602844
9.4 -1.31569442879e-07 0.0032875582664
9.5 -1.31569442879e-07 0.00297471665115
9.6 -1.31569442879e-07 0.0026916305245
9.7 -1.31569442879e-07 0.00243549384398
9.8 -1.31569442879e-07 0.00220372339878
9.9 -1.31569442879e-07 0.00199400592446
10 -1.31569442879e-07 0.00180425949337
10.1 -1.31569442879e-07 0.00163256411884
10.2 -1.31569442879e-07 0.00147720162604
10.3 -1.31569442879e-07 0.00133663297502
10.4 -1.31569442879e-07 0.00120943660315
10.5 -1.31569442879e-07 0.00109434274964
10.6 -1.31569442879e-07 0.000990215263899
10.7 -1.31569442879e-07 0.00089599841293
10.8 -1.31569442879e-07 0.000810726486295
10.9 -1.31569442879e-07 0.000733570938716
11 -1.31569442879e-07 0.000663762865888
11.1 -1.31569442879e-07 0.000600592046746
11.2 -1.31569442879e-07 0.000543428074129
11.3 -1.31569442879e-07 0.000491711322242
11.4 -1.31569442879e-07 0.00044491925085
11.5 -1.31569442879e-07 0.000402573987518
11.6 -1.31569442879e-07 0.000364262528284
11.7 -1.31569442879e-07 0.000329601301485
11.8 -1.31569442879e-07 0.00029823491209
11.9 -1.31569442879e-07 0.000269849416944
12 -1.31569442879e-07 0.000244167978511
12.1 -1.31569442879e-07 0.000220931415109
12.2 -1.31569442879e-07 0.000199897468728
12.3 -1.31569442879e-07 0.000180877120065
12.4 -1.31569442879e-07 0.00016366530895
12.5 -1.31569442879e-07 0.000148089882941
12.6 -1.31569442879e-07 0.000133997735243
12.7 -1.31569442879e-07 0.000121250881332
12.8 -1.31569442879e-07 0.000109717768285
12.9 -1.31569442879e-07 9.92782666989e-05
13 -1.31569442879e-07 8.98242304164e-05
13.1 -1.31569442879e-07 8.12620276579e-05
13.2 -1.31569442879e-07 7.35087110866e-05
13.3 -1.31569442879e-07 6.64929473836e-05
13.4 -1.31569442879e-07 6.0155251451e-05
13.5 -1.31569442879e-07 5.44281087538e-05
13.6 -1.31569442879e-07 4.92440350386e-05
13.7 -1.31569442879e-07 4.45534293967e-05
13.8 -1.31569442879e-07 4.0314319456e-05
13.9 -1.31569442879e-07 3.64888867123e-05
14 -1.31569442879e-07 3.30277534956e-05
14.1 -1.31569442879e-07 2.98937588155e-05
14.2 -1.31569442879e-07 2.70561876515e-05
14.3 -1.31569442879e-07 2.44331305367e-05
14.4 -1.31569442879e-07 2.21448821224e-05
14.5 -1.31569442879e-07 2.00531990496e-05
14.6 -1.31569442879e-07 1.81486982627e-05
14.7 -1.31569442879e-07 1.64219967061e-05
14.8 -1.31569442879e-07 1.48622480383e-05
14.9 -1.31569442879e-07 1.34517434481e-05
15 -1.31569442879e-07 1.21770765715e-05
15.1 -1.31569442879e-07 1.10256578188e-05
15.2 -1.31569442879e-07 9.98489760019e-06
15.3 -1.31569442879e-07 9.04221927363e-06
15.4 -1.31569442879e-07 8.18989080442e-06
15.5 -1.31569442879e-07 7.42119758945e-06
15.6 -1.31569442879e-07 6.72637218211e-06
15.7 -1.31569442879e-07 6.0956471358e-06
15.8 -1.31569442879e-07 5.51925500392e-06
15.9 -1.31569442879e-07 4.98966066732e-06
16 -1.31569442879e-07 4.50979810294e-06
16.1 -1.31569442879e-07 4.07603765444e-06
16.2 -1.31569442879e-07 3.68350362921e-06
16.3 -1.31569442879e-07 3.32732033465e-06
16.4 -1.31569442879e-07 2.92675399572e-06
16.5 -1.31569442879e-07 2.66680230585e-06
16.6 -1.31569442879e-07 2.42384280531e-06
16.7 -1.31569442879e-07 2.19787549409e-06
16.8 -1.31569442879e-07 1.9889003722e-06
16.9 -1.31569442879e-07 1.79691743963e-06
17 -1.31569442879e-07 1.62153407803e-06
17.1 -1.31569442879e-07 1.46086425088e-06
17.2 -1.31569442879e-07 1.31466073816e-06
17.3 -1.31569442879e-07 1.18292353986e-06
17.4 -1.31569442879e-07 1.065652656e-06
17.5 -1.31569442879e-07 9.62848086572e-07
17.6 -1.31569442879e-07 8.72270236932e-07
17.7 -1.31569442879e-07 7.89417625081e-07
17.8 -1.31569442879e-07 7.14163079269e-07
17.9 -1.31569442879e-07 6.46506599497e-07
18 -1.31569442879e-07 5.86448185764e-07
18.1 -1.31569442879e-07 5.33981145568e-07
18.2 -1.31569442879e-07 4.86866607877e-07
18.3 -1.31569442879e-07 4.43310675579e-07
18.4 -1.31569442879e-07 4.03313348675e-07
18.5 -1.31569442879e-07 3.66874627165e-07
18.6 -1.31569442879e-07 3.33994511047e-07
18.7 -1.31569442879e-07 3.04599311224e-07
18.8 -1.31569442879e-07 2.77578233319e-07
18.9 -1.31569442879e-07 2.52557774979e-07
19 -1.31569442879e-07 2.29537936203e-07
19.1 -1.31569442879e-07 2.08518716991e-07
19.2 -1.31569442879e-07 1.89500117344e-07
19.3 -1.31569442879e-07 1.72366600294e-07
19.4 -1.31569442879e-07 1.56563156285e-07
19.5 -1.31569442879e-07 1.42017035148e-07
19.6 -1.31569442879e-07 1.28728236885e-07
19.7 -1.31569442879e-07 1.16696761496e-07
19.8 -1.31569442879e-07 1.05922608979e-07
19.9 -1.31569442879e-07 9.62397369312e-08
20 -1.31569442879e-07 8.73144077727e-08
