"Time" "Prey" "Predator"
0 15.5223419762 1.00326616258
0.1 12.4400299267 3.81710303345
0.2 5.77853630263 8.64701961511
0.3 1.60934633741 10.9324382414
0.4 0.398636332889 10.7871268974
0.5 0.10647102247 9.97708516072
0.6 0.0319451236917 9.08315673059
0.7 0.0107713358545 8.23465554069
0.8 0.00404842954392 7.45610165308
0.9 0.00168014119442 6.74836258545
1 0.000762813754937 6.10687539265
1.1 0.000375653072963 5.52602951018
1.2 0.00019913788216 5.00029653523
1.3 0.000112752399579 4.52452372405
1.4 6.79110374799e-05 4.09399413581
1.5 4.31787569565e-05 3.70441907696
1.6 2.88292568854e-05 3.35190850478
1.7 2.01367138492e-05 3.03293916581
1.8 1.4650959117e-05 2.74432126387
1.9 1.10538665159e-05 2.48316743938
2 8.62162463193e-06 2.24686453469
2.1 6.93561569921e-06 2.03304772891
2.2 5.75989040654e-06 1.83958056476
2.3 4.88378997431e-06 1.66452301028
2.4 4.22211182948e-06 1.50612359727
2.5 3.7264340773e-06 1.3627975951
2.6 3.35170610936e-06 1.23311080585
2.7 3.06523891168e-06 1.1157653648
2.8 2.84315589706e-06 1.00958666693
2.9 2.67369976208e-06 0.913512187273
3 2.5455844788e-06 0.826580667493
3.1 2.44960839444e-06 0.747921087577
3.2 2.3787491125e-06 0.676746210801
3.3 2.33264933164e-06 0.61234519856
3.4 2.30526765027e-06 0.55407270605
3.5 2.29655381544e-06 0.501345931166
3.6 2.30344625292e-06 0.453636749532
3.7 2.32449096473e-06 0.410467620618
3.8 2.35861626097e-06 0.371406414944
3.9 2.40515275451e-06 0.336062486713
4 2.46362682108e-06 0.304082006483
4.1 2.53379152052e-06 0.275144862839
4.2 2.6155370577e-06 0.248961394589
4.3 2.70890774201e-06 0.225269609183
4.4 2.81404539724e-06 0.203832253134
4.5 2.93122914237e-06 0.184434964933
4.6 3.06083049874e-06 0.166883717292
4.7 3.20328471141e-06 0.151002650564
4.8 3.35913554915e-06 0.136632927962
4.9 3.52899628216e-06 0.123630600923
5 3.71356783713e-06 0.111865598347
5.1 3.91363184112e-06 0.101220209001
5.2 4.13004768565e-06 0.0915878108408
5.3 4.36376265332e-06 0.0828721255769
5.4 4.61580504979e-06 0.0749858352048
5.5 4.88729286942e-06 0.0678500211391
5.6 5.17943627088e-06 0.0613932686098
5.7 5.49354133021e-06 0.0555509198235
5.8 5.83101638311e-06 0.0502645800748
5.9 6.19337572141e-06 0.0454812878716
6 6.58224702394e-06 0.0411531899184
6.1 6.99937774637e-06 0.0372369775045
6.2 7.44664224725e-06 0.0336934242546
6.3 7.92605003476e-06 0.0304870976501
6.4 8.43975450349e-06 0.0275858778407
6.5 8.99006202596e-06 0.0249607470597
6.6 9.57944216966e-06 0.0225854411241
6.7 1.02105384812e-05 0.0204361659671
6.8 1.08861797814e-05 0.0184914305741
6.9 1.16093933575e-05 0.0167317530656
7 1.2383417504e-05 0.0151395304614
7.1 1.32117163476e-05 0.0136988310477
7.2 1.40979952689e-05 0.0123952252041
7.3 1.50462165722e-05 0.0112156813932
7.4 1.60606182916e-05 0.0101483824458
7.5 1.71457313894e-05 0.00918264638452
7.6 1.83064022372e-05 0.00830882029931
7.7 1.95478111778e-05 0.00751814189651
7.8 2.08754977142e-05 0.00680270781994
7.9 2.22953863638e-05 0.00615534052873
8 2.3813808595e-05 0.00556957233932
8.1 2.54375311045e-05 0.0050395724108
8.2 2.71737987294e-05 0.00456002641131
8.3 2.90303468143e-05 0.00412612358049
8.4 3.10154354424e-05 0.00373349728769
8.5 3.31379214583e-05 0.00337824475818
8.6 3.5407257116e-05 0.00305680544337
8.7 3.78335301478e-05 0.00276592281877
8.8 4.04275612951e-05 0.00250271858905
8.9 4.32009006765e-05 0.00226456896758
9 4.61658716483e-05 0.00204906878395
9.1 4.9335690638e-05 0.00185408139361
9.2 5.2724469061e-05 0.00167766037371
9.3 5.63472601808e-05 0.00151801648017
9.4 6.02202055218e-05 0.00137356507294
9.5 6.43605454207e-05 0.00124286706347
9.6 6.87866686632e-05 0.00112459809411
9.7 7.35183037939e-05 0.00101758765767
9.8 7.85765193943e-05 0.000920772217052
9.9 8.39837665052e-05 0.000833166313757
10 8.97640543445e-05 0.000753878270551
10.1 9.59431911462e-05 0.000682140510198
10.2 0.000102548639586 0.000617232944268
10.3 0.000109609692168 0.000558493624958
10.4 0.000117157822943 0.000505343676657
10.5 0.000125226649006 0.000457258145469
10.6 0.000133851983203 0.000413749333514
10.7 0.000143072122229 0.000374375508033
10.8 0.000152928218581 0.000338753738049
10.9 0.000163464067852 0.000306524778546
11 0.000174726382296 0.000277357312609
11.1 0.000186765355375 0.000250963971629
11.2 0.00019963459786 0.000227084711739
11.3 0.000213391220688 0.000205477761866
11.4 0.000228096579374 0.000185920659727
11.5 0.000243815480313 0.000168233564021
11.6 0.000260618530895 0.000152228667699
11.7 0.000278580063344 0.000137744821563
11.8 0.000297780827736 0.000124641774812
11.9 0.000318306694443 0.000112788961947
12 0.000340248450659 0.000102063744378
12.1 0.000363702140059 9.23543456692e-05
12.2 0.000388771793627 8.3560924785e-05
12.3 0.000415573101106 7.5597019008e-05
12.4 0.000444224595505 6.83860793575e-05
12.5 0.000474851019315 6.1862793549e-05
12.6 0.000507584107237 5.59720339336e-05
12.7 0.000542575249348 5.06453177185e-05
12.8 0.000579983121302 4.58238013992e-05
12.9 0.000619971718703 4.1461934692e-05
13 0.00066271360767 3.75214180151e-05
13.1 0.000708397151052 3.39644852754e-05
13.2 0.000757236276216 3.07448241214e-05
13.3 0.000809447082271 2.78293209459e-05
13.4 0.000865256762857 2.51897666153e-05
13.5 0.000924905195393 2.28020853458e-05
13.6 0.000988668379757 2.0639439129e-05
13.7 0.00105683557848 1.86789530024e-05
13.8 0.00112970563624 1.69027978484e-05
13.9 0.0012075930102 1.52964162732e-05
14 0.00129084090167 1.38453360116e-05
14.1 0.00137983910192 1.25308393453e-05
14.2 0.00147498136318 1.13403077174e-05
14.3 0.0015766816409 1.02632802897e-05
14.4 0.00168537698775 9.2910188505e-06
14.5 0.00180157034236 8.41179000201e-06
14.6 0.00192578886294 7.61545922573e-06
14.7 0.00205857713087 6.89424024107e-06
14.8 0.00220050818486 6.24147839718e-06
14.9 0.00235220738897 5.65089456741e-06
15 0.00251438504343 5.11555207927e-06
15.1 0.0026877586851 4.6303181352e-06
15.2 0.00287308265945 4.1909270098e-06
15.3 0.00307115474682 3.79382215763e-06
15.4 0.00328291742697 3.43399771998e-06
15.5 0.00350934276516 3.10745222304e-06
15.6 0.00375142309272 2.81138722511e-06
15.7 0.00401020020323 2.54358498806e-06
15.8 0.00428676535256 2.30240847729e-06
15.9 0.00458228536013 2.08646008407e-06
16 0.00489822464844 1.89167842839e-06
16.1 0.00523603106357 1.71544629868e-06
16.2 0.00559718354181 1.555967404e-06
16.3 0.00598323489612 1.41170693571e-06
16.4 0.00639581181609 1.28139156745e-06
16.5 0.00683667217127 1.16383781794e-06
16.6 0.00730795565728 1.05720130539e-06
16.7 0.00781178906779 9.60159053134e-07
16.8 0.00835038686028 8.71608270934e-07
16.9 0.00892608000615 7.90579941887e-07
17 0.00954141238056 7.16321198715e-07
17.1 0.0101992762225 6.48411090169e-07
17.2 0.0109025831844 5.86479454619e-07
17.3 0.0116543908833 5.3031507295e-07
17.4 0.0124579103634 4.79872045867e-07
17.5 0.0133167646971 4.34681961168e-07
17.6 0.0142349748726 3.93885973383e-07
17.7 0.0152165833926 3.57090410108e-07
17.8 0.0162658451941 3.23932787434e-07
17.9 0.0173872357923 2.94079668073e-07
18 0.0185858665481 2.67139494873e-07
18.1 0.0198672144458 2.42719311695e-07
18.2 0.0212369307831 2.20464920051e-07
18.3 0.0227009914387 2.00040630634e-07
18.4 0.0242660480359 1.81333323419e-07
18.5 0.0259391326329 1.6428084407e-07
18.6 0.0277275763391 1.48824712532e-07
18.7 0.0296391373861 1.34945693171e-07
18.8 0.0316825565508 1.2244060342e-07
18.9 0.0338670004631 1.11146015123e-07
19 0.0362020331876 1.00949674183e-07
19.1 0.0386978055235 9.1745647409e-08
19.2 0.0413657655997 8.3423833696e-08
19.3 0.0442178402314 7.58820476981e-08
19.4 0.0472665066086 6.90249616616e-08
19.5 0.0505250250233 6.27678767984e-08
19.6 0.054008223999 5.70704044745e-08
19.7 0.0577316306375 5.1899159053e-08
19.8 0.0617116286761 4.72299409023e-08
19.9 0.0659661249328 4.30082183938e-08
20 0.0705140614548 3.91847698922e-08
