"Time" "Prey" "Predator"
0 36.2010392606 1.09192126622
0.1 14.9015448044 17.7963973997
0.2 0.622640461505 26.3198237344
0.3 0.0225893800523 24.2413622935
0.4 0.0011128053327 21.9497984253
0.5 7.33375058145e-05 19.8617427563
0.6 6.32939384223e-06 17.9716965534
0.7 6.74846639012e-07 16.2614683432
0.8 8.97122780828e-08 14.7139863758
0.9 1.05869468403e-09 13.3137663805
1 -1.53624989389e-08 12.0467884206
1.1 -1.92563508449e-08 10.9003834955
1.2 -1.93949062065e-08 9.8630733245
1.3 -1.93042078309e-08 8.92447523331
1.4 -1.89261379301e-08 8.07519547073
1.5 -1.82913694018e-08 7.30674810392
1.6 -1.81684052822e-08 6.61142070787
1.7 -1.8304725759e-08 5.98225888706
1.8 -1.82397263297e-08 5.41297298603
1.9 -1.82506597985e-08 4.89786082478
2 -1.8250869602e-08 4.43176780339
2.1 -1.8250869602e-08 4.01002953055
2.2 -1.8250869602e-08 3.6284249728
2.3 -1.8250869602e-08 3.28313485228
2.4 -1.8250869602e-08 2.97070365958
2.5 -1.8250869602e-08 2.68800361587
2.6 -1.8250869602e-08 2.43220547312
2.7 -1.8250869602e-08 2.20075031109
2.8 -1.8250869602e-08 1.99132117903
2.9 -1.8250869602e-08 1.80182192517
3 -1.8250869602e-08 1.63035586659
3.1 -1.8250869602e-08 1.47520692823
3.2 -1.8250869602e-08 1.33482242047
3.3 -1.8250869602e-08 1.20779726453
3.4 -1.8250869602e-08 1.09286011662
3.5 -1.8250869602e-08 0.988860490863
3.6 -1.8250869602e-08 0.894757448962
3.7 -1.8250869602e-08 0.809609937569
3.8 -1.8250869602e-08 0.732565112944
3.9 -1.8250869602e-08 0.662852265194
4 -1.8250869602e-08 0.599773493123
4.1 -1.8250869602e-08 0.542697345442
4.2 -1.8250869602e-08 0.491052880164
4.3 -1.8250869602e-08 0.444322826129
4.4 -1.8250869602e-08 0.402039923135
4.5 -1.8250869602e-08 0.363780715623
4.6 -1.8250869602e-08 0.329162369168
4.7 -1.8250869602e-08 0.297838421376
4.8 -1.8250869602e-08 0.269495246755
4.9 -1.8250869602e-08 0.243849396476
5 -1.8250869602e-08 0.220643983288
5.1 -1.8250869602e-08 0.199646923586
5.2 -1.8250869602e-08 0.180647989495
5.3 -1.8250869602e-08 0.163457024482
5.4 -1.8250869602e-08 0.147902036266
5.5 -1.8250869602e-08 0.133827243379
5.6 -1.8250869602e-08 0.121091902333
5.7 -1.8250869602e-08 0.109568457951
5.8 -1.8250869602e-08 0.0991416296411
5.9 -1.8250869602e-08 0.0897070378907
6 -1.8250869602e-08 0.0811702323704
6.1 -1.8250869602e-08 0.0734458709522
6.2 -1.8250869602e-08 0.0664565524805
6.3 -1.8250869602e-08 0.0601323717291
6.4 -1.8250869602e-08 0.0544100202401
6.5 -1.8250869602e-08 0.0492322007518
6.6 -1.8250869602e-08 0.0445471433217
6.7 -1.8250869602e-08 0.040307905873
6.8 -1.8250869602e-08 0.0364720960909
6.9 -1.8250869602e-08 0.03300131822
7 -1.8250869602e-08 0.0298608171388
7.1 -1.8250869602e-08 0.0270191894772
7.2 -1.8250869602e-08 0.0244479646031
7.3 -1.8250869602e-08 0.0221214296733
7.4 -1.8250869602e-08 0.0200162963016
7.5 -1.8250869602e-08 0.0181114857059
7.6 -1.8250869602e-08 0.0163879530733
7.7 -1.8250869602e-08 0.0148284290578
7.8 -1.8250869602e-08 0.0134173162747
7.9 -1.8250869602e-08 0.0121404890817
8 -1.8250869602e-08 0.0109851632895
8.1 -1.8250869602e-08 0.009939787682
8.2 -1.8250869602e-08 0.00899388969003
8.3 -1.8250869602e-08 0.00813800685173
8.4 -1.8250869602e-08 0.00736356259456
8.5 -1.8250869602e-08 0.00666280379308
8.6 -1.8250869602e-08 0.00602874785914
8.7 -1.8250869602e-08 0.00545505313364
8.8 -1.8250869602e-08 0.00493596530746
8.9 -1.8250869602e-08 0.00446626427526
9 -1.8250869602e-08 0.00404126538781
9.1 -1.8250869602e-08 0.00365672322003
9.2 -1.8250869602e-08 0.00330874756338
9.3 -1.8250869602e-08 0.00299387611502
9.4 -1.8250869602e-08 0.00270897859164
9.5 -1.8250869602e-08 0.00245118044474
9.6 -1.8250869602e-08 0.00221791729045
9.7 -1.8250869602e-08 0.00200686471044
9.8 -1.8250869602e-08 0.00181588561639
9.9 -1.8250869602e-08 0.00164308029696
10 -1.8250869602e-08 0.00148672757001
10.1 -1.8250869602e-08 0.00134524499801
10.2 -1.8250869602e-08 0.00121723266076
10.3 -1.8250869602e-08 0.00110141631045
10.4 -1.8250869602e-08 0.000996616095683
10.5 -1.8250869602e-08 0.000901766194932
10.6 -1.8250869602e-08 0.00081594858687
10.7 -1.8250869602e-08 0.000738301407334
10.8 -1.8250869602e-08 0.000668032943954
10.9 -1.8250869602e-08 0.00060445157567
11 -1.8250869602e-08 0.000546928762802
11.1 -1.8250869602e-08 0.000494880958883
11.2 -1.8250869602e-08 0.000447780321595
11.3 -1.8250869602e-08 0.000405168554184
11.4 -1.8250869602e-08 0.000366615436966
11.5 -1.8250869602e-08 0.000331724325158
11.6 -1.8250869602e-08 0.000300152013254
11.7 -1.8250869602e-08 0.000271587165622
11.8 -1.8250869602e-08 0.000245740522386
11.9 -1.8250869602e-08 0.000222346449861
12 -1.8250869602e-08 0.000201189194779
12.1 -1.8250869602e-08 0.000182044427233
12.2 -1.8250869602e-08 0.000164719294973
12.3 -1.8250869602e-08 0.000149046214339
12.4 -1.8250869602e-08 0.000134868678353
12.5 -1.8250869602e-08 0.000122039904441
12.6 -1.8250869602e-08 0.00011042612702
12.7 -1.8250869602e-08 9.99080094764e-05
12.8 -1.8250869602e-08 9.03822240518e-05
12.9 -1.8250869602e-08 8.17572944627e-05
13 -1.8250869602e-08 7.39552395113e-05
13.1 -1.8250869602e-08 6.69100255935e-05
13.2 -1.8250869602e-08 6.05390766993e-05
13.3 -1.8250869602e-08 5.47725111805e-05
13.4 -1.8250869602e-08 4.95559275934e-05
13.5 -1.8250869602e-08 4.48436216174e-05
13.6 -1.8250869602e-08 4.05899282274e-05
13.7 -1.8250869602e-08 3.67395342318e-05
13.8 -1.8250869602e-08 3.32529702206e-05
13.9 -1.8250869602e-08 3.00965323877e-05
14 -1.8250869602e-08 2.71906671709e-05
14.1 -1.8250869602e-08 2.46381922937e-05
14.2 -1.8250869602e-08 2.23071646964e-05
14.3 -1.8250869602e-08 2.0186888757e-05
14.4 -1.8250869602e-08 1.82666688536e-05
14.5 -1.8250869602e-08 1.65322490763e-05
14.6 -1.8250869602e-08 1.49636944468e-05
14.7 -1.8250869602e-08 1.35464643227e-05
14.8 -1.8250869602e-08 1.22662076624e-05
14.9 -1.8250869602e-08 1.11085734244e-05
15 -1.8250869602e-08 1.0059632665e-05
15.1 -1.8250869602e-08 9.11246787381e-06
15.2 -1.8250869602e-08 8.25790870319e-06
15.3 -1.8250869602e-08 7.48482024012e-06
15.4 -1.8250869602e-08 6.78206757155e-06
15.5 -1.8250869602e-08 6.13851578442e-06
15.6 -1.8250869602e-08 5.54846141833e-06
15.7 -1.8250869602e-08 5.01486480339e-06
15.8 -1.8250869602e-08 4.53245685727e-06
15.9 -1.8250869602e-08 4.09567924906e-06
16 -1.8250869602e-08 3.69897364782e-06
16.1 -1.8250869602e-08 3.261803021e-06
16.2 -1.8250869602e-08 2.97022308601e-06
16.3 -1.8250869602e-08 2.69801425915e-06
16.4 -1.8250869602e-08 2.44517654042e-06
16.5 -1.8250869602e-08 2.21170992982e-06
16.6 -1.8250869602e-08 1.99761442735e-06
16.7 -1.8250869602e-08 1.80196065053e-06
16.8 -1.8250869602e-08 1.62285398216e-06
16.9 -1.8250869602e-08 1.46023878289e-06
17 -1.8250869602e-08 1.31411505272e-06
17.1 -1.8250869602e-08 1.18448279165e-06
17.2 -1.8250869602e-08 1.07133082727e-06
17.3 -1.8250869602e-08 9.70348315583e-07
17.4 -1.8250869602e-08 8.78027450229e-07
17.5 -1.8250869602e-08 7.94368231209e-07
17.6 -1.8250869602e-08 7.19370658523e-07
17.7 -1.8250869602e-08 6.53034732171e-07
17.8 -1.8250869602e-08 5.95148477894e-07
17.9 -1.8250869602e-08 5.42436157998e-07
18 -1.8250869602e-08 4.93780568792e-07
18.1 -1.8250869602e-08 4.49181710275e-07
18.2 -1.8250869602e-08 4.08639582447e-07
18.3 -1.8250869602e-08 3.72154185307e-07
18.4 -1.8250869602e-08 3.39453537862e-07
18.5 -1.8250869602e-08 3.09210665005e-07
18.6 -1.8250869602e-08 2.81248464654e-07
18.7 -1.8250869602e-08 2.55566936807e-07
18.8 -1.8250869602e-08 2.32166081466e-07
18.9 -1.8250869602e-08 2.11045898631e-07
19 -1.8250869602e-08 1.91932914669e-07
19.1 -1.8250869602e-08 1.74269632684e-07
19.2 -1.8250869602e-08 1.58039680627e-07
19.3 -1.8250869602e-08 1.43243058499e-07
19.4 -1.8250869602e-08 1.298797663e-07
19.5 -1.8250869602e-08 1.17948975723e-07
19.6 -1.8250869602e-08 1.07131087234e-07
19.7 -1.8250869602e-08 9.71660373072e-08
19.8 -1.8250869602e-08 8.80538259437e-08
19.9 -1.8250869602e-08 7.97944531433e-08
20 -1.8250869602e-08 7.23879189058e-08
