"Time" "Prey" "Predator"
0 10.233226439 0.723311088979
0.1 9.35269041484 1.76118718953
0.2 7.02542936525 3.65743090927
0.3 3.99333058089 5.73252489154
0.4 1.81941339516 6.86340572916
0.5 0.764813857807 7.01532482151
0.6 0.327020372433 6.68213120139
0.7 0.148137891143 6.18361384071
0.8 0.0719273581729 5.65415047479
0.9 0.0374437803038 5.14303041962
1 0.020820630871 4.66673654496
1.1 0.0123044634719 4.2294472989
1.2 0.00768829341985 3.83070409491
1.3 0.00505385333255 3.46833285741
1.4 0.00347861791863 3.13959636467
1.5 0.00249653569732 2.84166257083
1.6 0.00186076448782 2.5717971825
1.7 0.00143533226023 2.32743857362
1.8 0.00114203755675 2.10622301819
1.9 0.00093449424035 1.90598619075
2 0.000784350239213 1.72475516665
2.1 0.00067363692415 1.56073636454
2.2 0.000590752954159 1.41230167931
2.3 0.000527988920878 1.27797474571
2.4 0.000479963754325 1.15641764161
2.5 0.000443052304505 1.04641824957
2.6 0.000414730589043 0.946879020988
2.7 0.000393152260011 0.856806234273
2.8 0.000376969277636 0.77530023501
2.9 0.000365208365056 0.701546726227
3 0.000357141140132 0.634808708611
3.1 0.000352225377844 0.574419240439
3.2 0.000350046809397 0.519774423
3.3 0.000350272571389 0.470327459525
3.4 0.000352703426164 0.425584487703
3.5 0.000357188705486 0.385098317008
3.6 0.00036359437499 0.348463863101
3.7 0.000371848565776 0.31531479431
3.8 0.000381893020639 0.285319395093
3.9 0.000393705448934 0.258177628609
4 0.000407283398903 0.233618081018
4.1 0.000422644944982 0.211395158653
4.2 0.000439824335106 0.191286504507
4.3 0.000458871525165 0.173090951399
4.4 0.000479850137263 0.156626498658
4.5 0.000502836969175 0.141728406189
4.6 0.000527921665203 0.12824764363
4.7 0.000555207290046 0.116049547067
4.8 0.00058480751435 0.105011938004
4.9 0.000616849250793 0.0950244425698
5 0.000651471714031 0.0859871250265
5.1 0.000688826810341 0.0778095437731
5.2 0.000729080036625 0.0704099800683
5.3 0.000772410368348 0.0637143336247
5.4 0.000819011442681 0.0576556885919
5.5 0.000869091956262 0.0521734335198
5.6 0.000922876504853 0.047212695611
5.7 0.000980606610314 0.0427238854219
5.8 0.00104254161218 0.0386620608037
5.9 0.00110895981755 0.0349866333168
6 0.00118015964933 0.0316608342906
6.1 0.00125646092074 0.0286513850372
6.2 0.00133820622649 0.0259282134163
6.3 0.00142576245763 0.0234640531539
6.4 0.00151952234092 0.0212342777321
6.5 0.00161990624243 0.0192165812052
6.6 0.00172736397644 0.0173907808022
6.7 0.00184237675535 0.0157386396809
6.8 0.00196545942463 0.0142436170802
6.9 0.00209716258525 0.0128907748495
7 0.0022380751787 0.0116665827689
7.1 0.00238882703133 0.0105587973525
7.2 0.00255009158902 0.00955635488494
7.3 0.00272258909441 0.00864922298058
7.4 0.00290708953578 0.0078283421044
7.5 0.00310441628208 0.00708550560091
7.6 0.00331544964756 0.00641328589978
7.7 0.00354113070555 0.00580497072358
7.8 0.0037824657927 0.00525447598112
7.9 0.00404053054273 0.00475630477136
8 0.00431647534961 0.00430547079455
8.1 0.00461152986709 0.00389746872848
8.2 0.00492700776541 0.0035282453183
8.3 0.00526431452325 0.0031941261182
8.4 0.00562495381748 0.00289176206839
8.5 0.00601052968944 0.00261812263778
8.6 0.006422756585 0.00237046110108
8.7 0.00686347393802 0.00214633315492
8.8 0.00733464193842 0.00194348992595
8.9 0.00783835288475 0.00175987440678
9 0.00837685359046 0.00159368700296
9.1 0.00895254075092 0.00144327965217
9.2 0.00956797012131 0.00130713615696
9.3 0.0102258831039 0.00118391005047
9.4 0.0109292102589 0.00107238495632
9.5 0.0116810747159 0.000971434636931
9.6 0.0124848263467 0.000880039873244
9.7 0.013344028475 0.000797330483677
9.8 0.014262517364 0.000722454560687
9.9 0.0152443725035 0.000654664355425
10 0.016293996453 0.000593303719858
10.1 0.0174160510772 0.00053775521446
10.2 0.018615476827 0.00048745610181
10.3 0.0198976192283 0.000441899355919
10.4 0.0212682865606 0.000400633220853
10.5 0.0227335197543 0.000363262971538
10.6 0.0242996941903 0.000329449278451
10.7 0.0259738761531 0.000298841915444
10.8 0.0277636286739 0.000271115945537
10.9 0.029676811999 0.000246008908522
11 0.0317217529405 0.000223292937191
11.1 0.0339077801313 0.000202719626198
11.2 0.0362446771234 0.000184076362819
11.3 0.0387426763174 0.00016718695227
11.4 0.0414127089384 0.000151894451096
11.5 0.0442670147929 0.000138032008405
11.6 0.0473182640845 0.000125464860894
11.7 0.0505797732199 0.000114080012992
11.8 0.0540659005917 0.000103772166402
11.9 0.0577925004508 9.44284299441e-05
12 0.0617760535283 8.59576074051e-05
12.1 0.0660341493934 7.82782784397e-05
12.2 0.07058600308 7.13133152396e-05
12.3 0.0754517278179 6.49972526735e-05
12.4 0.0806526984108 5.9272516839e-05
12.5 0.0862124187641 5.40801775536e-05
12.6 0.0921555352315 4.93704814007e-05
12.7 0.0985081230881 4.51003498777e-05
12.8 0.105298835527 4.12264765765e-05
12.9 0.112557875088 3.77111854311e-05
13 0.120317077276 3.45221319658e-05
13.1 0.128611330376 3.16278581624e-05
13.2 0.137477648771 2.90004278955e-05
13.3 0.146954921414 2.6616156097e-05
13.4 0.157085393535 2.44523324505e-05
13.5 0.167914385871 2.24878054709e-05
13.6 0.179489806927 2.07042575562e-05
13.7 0.19186348194 1.90847211393e-05
13.8 0.205090137144 1.76144030408e-05
13.9 0.219228558396 1.62797293756e-05
14 0.234341918909 1.50680756799e-05
14.1 0.250496902083 1.39685588375e-05
14.2 0.267765841895 1.29708683852e-05
14.3 0.286225318093 1.20659408055e-05
14.4 0.30595715144 1.12456650366e-05
14.5 0.327049677753 1.05024723591e-05
14.6 0.349595967411 9.82987623084e-06
14.7 0.373696806746 9.22181440067e-06
14.8 0.39945930947 8.67292618082e-06
14.9 0.426997419829 8.17852766438e-06
15 0.456434548192 7.73426094812e-06
15.1 0.487900680683 7.33644980724e-06
15.2 0.521535808025 6.98181021642e-06
15.3 0.557489751094 6.66746010786e-06
15.4 0.595922409421 6.39097747989e-06
15.5 0.63700471092 6.150351944e-06
15.6 0.680919008762 5.94399460573e-06
15.7 0.727860973084 5.77070961156e-06
15.8 0.778038757522 5.62974207147e-06
15.9 0.83167613565 5.52080405081e-06
16 0.889010756803 5.44407948315e-06
16.1 0.950298538021 5.40038167579e-06
16.2 1.01581075188 5.39106506238e-06
16.3 1.0858393766 5.41839932482e-06
16.4 1.16069544591 5.48542709075e-06
16.5 1.24071150167 5.59644874504e-06
16.6 1.3262435776 5.75721655536e-06
16.7 1.41767255736 5.97516638952e-06
16.8 1.51540467418 6.26050231446e-06
16.9 1.61987414182 6.62596382038e-06
17 1.73154552436 7.08918294993e-06
17.1 1.85091528989 7.67313981171e-06
17.2 1.97851376456 8.40797418014e-06
17.3 2.11490861711 9.33690201628e-06
17.4 2.26070578469 1.05147095294e-05
17.5 2.41655352273 1.20228978955e-05
17.6 2.58314456272 1.39717270449e-05
17.7 2.76121897125 1.65200385831e-05
17.8 2.95156877399 1.99194561679e-05
17.9 3.15503908272 2.44909803627e-05
18 3.3725324512 3.07021638362e-05
18.1 3.60501465718 3.94474256143e-05
18.2 3.85351725543 5.19289167087e-05
18.3 4.11914239375 6.98136275631e-05
18.4 4.40306438758 9.66314018522e-05
18.5 4.7065351494 0.000137892927526
18.6 5.03088712089 0.000202947645161
18.7 5.37753168153 0.000309015263562
18.8 5.74795498523 0.000487565237075
18.9 6.14369903026 0.000799402360574
19 6.56631772532 0.00136543580427
19.1 7.01726924184 0.0024365528084
19.2 7.49766063657 0.00455507099494
19.3 8.00762361881 0.00894633795173
19.4 8.54472388544 0.0185182697559
19.5 9.09980731997 0.0404844943733
19.6 9.64568088163 0.0935497446531
19.7 10.1062326977 0.227551332789
19.8 10.2782313774 0.572741094939
19.9 9.69579416267 1.41970674275
20 7.73811266596 3.11108246917
