"Time" "Prey" "Predator"
0 1.61223455081e-05 1.52468764998
0.1 1.42027373522e-05 1.37959761732
0.2 1.27441504161e-05 1.24831416381
0.3 1.16273409305e-05 1.12952320994
0.4 1.07692268142e-05 1.0220357909
0.5 1.01112867062e-05 0.924776392181
0.6 9.61161429124e-06 0.836772983031
0.7 9.23924742494e-06 0.757144079626
0.8 8.97148919318e-06 0.685092685239
0.9 8.7913865139e-06 0.619896811222
1 8.68664597669e-06 0.560905931526
1.1 8.64851195044e-06 0.507531379357
1.2 8.66881424198e-06 0.459235362418
1.3 8.74151141436e-06 0.415532605548
1.4 8.86426410834e-06 0.375989768068
1.5 9.0340542821e-06 0.340210275487
1.6 9.24885782188e-06 0.307835346871
1.7 9.50775335227e-06 0.278541172369
1.8 9.8102966793e-06 0.252034709808
1.9 1.01565701951e-05 0.228050742239
2 1.05471099561e-05 0.206349080423
2.1 1.09828675031e-05 0.186712592338
2.2 1.14651644873e-05 0.168944847057
2.3 1.19956514317e-05 0.152867885974
2.4 1.25763099331e-05 0.138320834763
2.5 1.32094330046e-05 0.12515807313
2.6 1.38976204657e-05 0.113247920156
2.7 1.46437728906e-05 0.102471133812
2.8 1.5451099424e-05 0.0927199149074
2.9 1.63231170195e-05 0.0838966073549
3 1.72636657635e-05 0.0759129637744
3.1 1.82769135127e-05 0.0686890303919
3.2 1.93673758399e-05 0.062152561453
3.3 2.0539926071e-05 0.0562380903063
3.4 2.17998201829e-05 0.0508864840271
3.5 2.31527100269e-05 0.0460441270681
3.6 2.4604668742e-05 0.0416624505559
3.7 2.61622220485e-05 0.0376976485723
3.8 2.78323752639e-05 0.0341102890899
3.9 2.96226296209e-05 0.0308643308681
4 3.15410265405e-05 0.0279272920692
4.1 3.35961799479e-05 0.0252697843694
4.2 3.57973117722e-05 0.0228651480388
4.3 3.81542939703e-05 0.0206893247322
4.4 4.06776938494e-05 0.0187205224777
4.5 4.33788181079e-05 0.0169390836719
4.6 4.62697633825e-05 0.0153271962912
4.7 4.93634687848e-05 0.0138687017113
4.8 5.26737722251e-05 0.0125489901136
4.9 5.62154771367e-05 0.0113548527719
5 6.00044112097e-05 0.0102743487365
5.1 6.40575042173e-05 0.00929664973207
5.2 6.83928570413e-05 0.00841197341294
5.3 7.30298161417e-05 0.00761151832646
5.4 7.79890872838e-05 0.00688726240005
5.5 8.32927909522e-05 0.00623193661136
5.6 8.8964556712e-05 0.00563895580926
5.7 9.50297039403e-05 0.00510241598634
5.8 0.000101515255573 0.00461693158744
5.9 0.000108450086166 0.00417761198944
6 0.000115865139488 0.00378010718658
6.1 0.000123793421083 0.00342042809147
6.2 0.000132270225452 0.00309496573128
6.3 0.000141333349794 0.0028004899789
6.4 0.000151023102089 0.00253403064845
6.5 0.000161382626528 0.00229291967986
6.6 0.000172458077966 0.00207476151561
6.7 0.000184298690639 0.00187735510944
6.8 0.000196957250917 0.00169874284697
6.9 0.000210490137413 0.00153714635054
7 0.000224957438206 0.00139092091879
7.1 0.000240423403105 0.00125857681338
7.2 0.000256957103802 0.00113883309918
7.3 0.000274632043989 0.0010304885267
7.4 0.00029352662112 0.000932438549702
7.5 0.000313725063689 0.000843716531073
7.6 0.000335317353963 0.000763447474693
7.7 0.000358399347633 0.000690818482448
7.8 0.000383073534751 0.000625092457837
7.9 0.000409450059949 0.000565629714617
8 0.000437646147687 0.000511830492003
8.1 0.000467786822564 0.000463141031864
8.2 0.00050000641237 0.000419081245926
8.3 0.000534448419958 0.000379217692598
8.4 0.000571265709994 0.000343147041736
8.5 0.000610622511484 0.000310497734193
8.6 0.000652692210313 0.000280970057753
8.7 0.000697663866341 0.00025425038886
8.8 0.000745736407784 0.000230070051766
8.9 0.000797125912023 0.000208194531603
9 0.000852062278811 0.000188406044859
9.1 0.000910788542509 0.000170499936072
9.2 0.000973561823566 0.000154289662773
9.3 0.00104066028277 0.000139608460265
9.4 0.00111239369151 0.000126311872041
9.5 0.00118907946664 0.000114272012767
9.6 0.00127105158509 0.000103379702339
9.7 0.00135866254291 9.35429844958e-05
9.8 0.00145231700975 8.46482677483e-05
9.9 0.00155244022106 7.65968212752e-05
10 0.00165947124347 6.93125510332e-05
10.1 0.00177387211203 6.27314494682e-05
10.2 0.00189614616271 5.67909848203e-05
10.3 0.00202686627871 5.14137524584e-05
10.4 0.00216661124461 4.65443124683e-05
10.5 0.00231598934884 4.21355287801e-05
10.6 0.00247564244191 3.81472287019e-05
10.7 0.00264630819228 3.45348101346e-05
10.8 0.00282876188061 3.12598931872e-05
10.9 0.00302380362409 2.82926581225e-05
11 0.00323227538432 2.56087329223e-05
11.1 0.00345509418393 2.31841918989e-05
11.2 0.00369330395262 2.09877492819e-05
11.3 0.00394795934022 1.8998253374e-05
11.4 0.00422016868542 1.71982167906e-05
11.5 0.00451110127396 1.55730890739e-05
11.6 0.00482210096817 1.41034629839e-05
11.7 0.00515458120421 1.2772276508e-05
11.8 0.00551000013223 1.15665179651e-05
11.9 0.00588989219057 1.04750603729e-05
12 0.00629592715714 9.48749783014e-06
12.1 0.00673000779044 8.59222148406e-06
12.2 0.00719405656723 7.78062189993e-06
12.3 0.00769009348989 7.04555585523e-06
12.4 0.0082202491041 6.38112974172e-06
12.5 0.0087869705412 5.77973152635e-06
12.6 0.00939283498722 5.2347177294e-06
12.7 0.010040499901 4.74113053242e-06
12.8 0.0107327618388 4.29485040806e-06
12.9 0.0114726613239 3.89184306444e-06
13 0.0122636662713 3.52684228883e-06
13.1 0.0131092810381 3.19615731834e-06
13.2 0.0140131870947 2.89666269392e-06
13.3 0.0149792664312 2.625693948e-06
13.4 0.0160119751817 2.38024155282e-06
13.5 0.0171160125187 2.15766524294e-06
13.6 0.0182962216289 1.95590764917e-06
13.7 0.0195576993237 1.77325782582e-06
13.8 0.0209059822112 1.60808497769e-06
13.9 0.0223473906968 1.45834645072e-06
14 0.0238883126896 1.32261221542e-06
14.1 0.025535457705 1.19970143485e-06
14.2 0.0272958946476 1.08863871292e-06
14.3 0.02917761975 9.88187200707e-07
14.4 0.0311891626742 8.97172414595e-07
14.5 0.0333393922007 8.14641975736e-07
14.6 0.0356377814104 7.39751520716e-07
14.7 0.0380947783889 6.71800954654e-07
14.8 0.0407212579196 6.10180829501e-07
14.9 0.043528668743 5.54386151064e-07
15 0.0465295843228 5.03871634035e-07
15.1 0.049737572476 4.58088298435e-07
15.2 0.0531667315428 4.16613672787e-07
15.3 0.0568320445343 3.79073624261e-07
15.4 0.0607502090445 3.45056463725e-07
15.5 0.0649386661885 3.14213449503e-07
15.6 0.0694157289484 2.86245503757e-07
15.7 0.0742011798503 2.60881929333e-07
15.8 0.0793166724352 2.37871624558e-07
15.9 0.0847848010262 2.17003439092e-07
16 0.0906298689748 1.98080821977e-07
16.1 0.0968781004192 1.80913038172e-07
16.2 0.103556990207 1.6534236078e-07
16.3 0.110696238895 1.51220216475e-07
16.4 0.118327892709 1.38404441078e-07
16.5 0.126485526333 1.26775246658e-07
16.6 0.135205484264 1.16221271004e-07
16.7 0.144526857966 1.06639764514e-07
16.8 0.15449064523 9.79434791826e-08
16.9 0.16514131014 9.00497190504e-08
17 0.176526536418 8.28819824424e-08
17.1 0.188696376219 7.63756768573e-08
17.2 0.201705026797 7.04697698291e-08
17.3 0.215610606252 6.51077110877e-08
17.4 0.230474699669 6.02401283838e-08
17.5 0.246363788087 5.58215598185e-08
17.6 0.263348086587 5.18124217792e-08
17.7 0.281503363595 4.81757987057e-08
17.8 0.300910370033 4.48784605733e-08
17.9 0.321655016883 4.18911004919e-08
18 0.343830138988 3.91863214795e-08
18.1 0.367533567934 3.67405884077e-08
18.2 0.392871597895 3.45318007174e-08
18.3 0.419956353114 3.25409727004e-08
18.4 0.448907811452 3.07511860057e-08
18.5 0.479855230748 2.91470648613e-08
18.6 0.512936024766 2.77151539522e-08
18.7 0.548297169068 2.64439893395e-08
18.8 0.586095990894 2.53237284152e-08
18.9 0.626500880851 2.43456510053e-08
19 0.669691446408 2.35033269425e-08
19.1 0.715859584735 2.27917513798e-08
19.2 0.765210410048 2.22074209688e-08
19.3 0.817963581176 2.17488956019e-08
19.4 0.874353451187 2.1416328188e-08
19.5 0.934630704709 2.12121620841e-08
19.6 0.999063582284 2.11414976396e-08
19.7 1.06793828062 2.12118076529e-08
19.8 1.14156118725 2.14346358679e-08
19.9 1.22025974681 2.18256189273e-08
20 1.30438348377 2.24049996494e-08
