"Time" "Prey" "Predator"
0 1.61223442202e-05 1.52468857656
0.1 1.42027345484e-05 1.37959845572
0.2 1.27441465449e-05 1.24831492243
0.3 1.16273362795e-05 1.12952389637
0.4 1.07692215681e-05 1.022036412
0.5 1.01112809833e-05 0.924776954181
0.6 9.61160816557e-06 0.836773491549
0.7 9.23924094033e-06 0.757144539752
0.8 8.97148237257e-06 0.685093101578
0.9 8.7913793655e-06 0.61989718794
1 8.68663849863e-06 0.560906272395
1.1 8.64850413388e-06 0.507531687791
1.2 8.66880606827e-06 0.459235641498
1.3 8.74150286142e-06 0.415532858069
1.4 8.86425515181e-06 0.37598999656
1.5 9.03404489222e-06 0.340210482235
1.6 9.24884796607e-06 0.307835533944
1.7 9.5077429949e-06 0.278541341639
1.8 9.81028578167e-06 0.25203486297
1.9 1.01565587155e-05 0.228050880826
2 1.05470978496e-05 0.206349205821
2.1 1.09828547217e-05 0.186712705803
2.2 1.14651509795e-05 0.168944949724
2.3 1.19956371426e-05 0.152867978871
2.4 1.25762948042e-05 0.13832091882
2.5 1.32094169731e-05 0.125158149188
2.6 1.38976034649e-05 0.113247988975
2.7 1.46437548492e-05 0.102471196082
2.8 1.54510802659e-05 0.0927199712521
2.9 1.63230966634e-05 0.0838966583375
3 1.72636441229e-05 0.0759130099054
3.1 1.82768904949e-05 0.0686890721328
3.2 1.93673513462e-05 0.0621525992217
3.3 2.0539899996e-05 0.0562381244807
3.4 2.17997924139e-05 0.0508865149494
3.5 2.31526804438e-05 0.0460441550475
3.6 2.46046372163e-05 0.0416624758723
3.7 2.6162188443e-05 0.0376976714794
3.8 2.78323394323e-05 0.0341103098174
3.9 2.96225914066e-05 0.0308643496231
4 3.15409857763e-05 0.0279273090395
4.1 3.35961364552e-05 0.0252697997247
4.2 3.57972653603e-05 0.0228651619327
4.3 3.81542444352e-05 0.0206893373038
4.4 4.06776409734e-05 0.0187205338528
4.5 4.33787616582e-05 0.0169390939646
4.6 4.62697031103e-05 0.0153272056045
4.7 4.93634044243e-05 0.0138687101382
4.8 5.26737034923e-05 0.0125489977384
4.9 5.6215403728e-05 0.0113548596711
5 6.00043328007e-05 0.0102743549791
5.1 6.40574204613e-05 0.00929665538045
5.2 6.83927675678e-05 0.00841197852379
5.3 7.30297205546e-05 0.00761152295113
5.4 7.798898516e-05 0.00688726658468
5.5 8.32926818391e-05 0.00623194039771
5.6 8.89644401261e-05 0.00563895923523
5.7 9.50295793649e-05 0.00510241908633
5.8 0.000101515122455 0.00461693439226
5.9 0.000108449943917 0.00417761452726
6 0.000115864987475 0.00378010948293
6.1 0.000123793258632 0.00342043016917
6.2 0.000132270051842 0.00309496761131
6.3 0.000141333164255 0.00280049168007
6.4 0.000151022903796 0.00253403218756
6.5 0.000161382414602 0.00229292107256
6.6 0.000172457851466 0.00207476277578
6.7 0.000184298448559 0.0018773562496
6.8 0.000196956992181 0.0016987438788
6.9 0.000210489860872 0.00153714728428
7 0.00022495714263 0.00139092176348
7.1 0.000240423087183 0.00125857757759
7.2 0.00025695676613 0.00113883379071
7.3 0.000274631683065 0.0010304891524
7.4 0.000293526235341 0.000932439115685
7.5 0.000313724651342 0.000843717043235
7.6 0.000335316913215 0.000763447938154
7.7 0.000358398876522 0.000690818901734
7.8 0.000383073031186 0.000625092837211
7.9 0.000409449521693 0.00056563005794
8 0.000437645572346 0.000511830802647
8.1 0.000467786207578 0.000463141312838
8.2 0.000500005755011 0.00041908150017
8.3 0.000534447717301 0.000379217922651
8.4 0.000571264958914 0.00034314724985
8.5 0.000610621708632 0.000310497922555
8.6 0.000652691352143 0.000280970228151
8.7 0.000697662949028 0.000254250543027
8.8 0.00074573542725 0.000230070191232
8.9 0.000797124863928 0.000208194657845
9 0.000852061158488 0.000188406159109
9.1 0.000910787344957 0.000170500039423
9.2 0.000973560543423 0.0001542897562
9.3 0.00104065891442 0.000139608544684
9.4 0.00111239222887 0.000126311948309
9.5 0.00118907790318 0.000114272081695
9.6 0.00127104991378 0.00010337976473
9.7 0.00135866075631 9.35430410722e-05
9.8 0.00145231510007 8.46483189015e-05
9.9 0.00155243817978 7.65968675325e-05
10 0.00165946906143 6.93125929069e-05
10.1 0.00177386977941 6.27314874715e-05
10.2 0.00189614366933 5.67910192586e-05
10.3 0.00202686361354 5.14137836111e-05
10.4 0.00216660839571 4.65443406433e-05
10.5 0.00231598630341 4.21355542754e-05
10.6 0.00247563918639 3.8147251789e-05
10.7 0.00264630471249 3.45348309857e-05
10.8 0.002828758161 3.12599120155e-05
10.9 0.00302379964798 2.82926751403e-05
11 0.00323227113383 2.56087483482e-05
11.1 0.00345508964048 2.31842058586e-05
11.2 0.00369329909611 2.09877618936e-05
11.3 0.00394795414892 1.89982647743e-05
11.4 0.00422016313601 1.71982271159e-05
11.5 0.00451109534168 1.55730984469e-05
11.6 0.00482209462722 1.410347146e-05
11.7 0.00515457442624 1.27722841705e-05
11.8 0.00550999288686 1.15665248933e-05
11.9 0.00588988444519 1.04750666448e-05
12 0.00629591887792 9.48750349978e-06
12.1 0.00672999894075 8.59222660194e-06
12.2 0.00719404710747 7.78062652053e-06
12.3 0.00769008337755 7.04556003322e-06
12.4 0.00822023829407 6.3811335271e-06
12.5 0.00878695898646 5.77973494368e-06
12.6 0.00939282263614 5.23472081463e-06
12.7 0.0100404866982 4.74113332091e-06
12.8 0.0107327477249 4.29485293563e-06
12.9 0.0114726462371 3.89184535213e-06
13 0.012263650145 3.52684435524e-06
13.1 0.0131092638001 3.19615918463e-06
13.2 0.0140131686676 2.8966643806e-06
13.3 0.0149792467327 2.6256954738e-06
13.4 0.0160119541261 2.38024292904e-06
13.5 0.0171159900121 2.15766648375e-06
13.6 0.0182961975702 1.9559087685e-06
13.7 0.0195576736047 1.7732588378e-06
13.8 0.0209059547194 1.60808589121e-06
13.9 0.0223473613107 1.4583472738e-06
14 0.0238882812777 1.32261295725e-06
14.1 0.0255354241262 1.19970210461e-06
14.2 0.0272958587517 1.08863931918e-06
14.3 0.0291775813804 9.88187747519e-07
14.4 0.0311891216601 8.97172907199e-07
14.5 0.033339348359 8.14642418955e-07
14.6 0.0356377345464 7.39751919279e-07
14.7 0.0380947282949 6.71801312952e-07
14.8 0.0407212043721 6.10181151668e-07
14.9 0.0435286115027 5.54386441115e-07
15 0.0465295231373 5.03871894603e-07
15.1 0.0497375070728 4.58088532378e-07
15.2 0.0531666616302 4.16613882813e-07
15.3 0.0568319698015 3.79073812798e-07
15.4 0.0607501291604 3.45056632722e-07
15.5 0.0649385807974 3.14213600821e-07
15.6 0.0694156376696 2.86245639113e-07
15.7 0.0742010822787 2.60882050254e-07
15.8 0.0793165681373 2.37871732424e-07
15.9 0.0847846895377 2.17003535174e-07
16 0.0906297498005 1.9808090739e-07
16.1 0.0968779730292 1.80913113938e-07
16.2 0.103556854035 1.65342427843e-07
16.3 0.110696093335 1.51220275684e-07
16.4 0.118327737114 1.38404493188e-07
16.5 0.126485360012 1.26775292353e-07
16.6 0.135205306477 1.162213109e-07
16.7 0.144526667922 1.06639799161e-07
16.8 0.154490442085 9.79435090759e-08
16.9 0.16514109299 9.00497446453e-08
17 0.176526304297 8.28820041372e-08
17.1 0.188696128097 7.63756950103e-08
17.2 0.201704761569 7.04697847732e-08
17.3 0.215610322739 6.51077231107e-08
17.4 0.230474396611 6.02401377434e-08
17.5 0.246363464136 5.58215667425e-08
17.6 0.263347740304 5.18124264676e-08
17.7 0.281502993438 4.81758013409e-08
17.8 0.300909974358 4.48784613088e-08
17.9 0.321654593931 4.18910994648e-08
18 0.343829686877 3.9186318805e-08
18.1 0.367533084654 3.67405841823e-08
18.2 0.392871081297 3.45317950202e-08
18.3 0.419955800905 3.25409655917e-08
18.4 0.448907221174 3.07511775316e-08
18.5 0.479854599777 2.91470550499e-08
18.6 0.512935350297 2.77151428151e-08
18.7 0.548296448103 2.64439768677e-08
18.8 0.586095220226 2.53237145843e-08
18.9 0.626500057052 2.43456357699e-08
19 0.669690565817 2.35033102313e-08
19.1 0.715858643437 2.27917330993e-08
19.2 0.765209403858 2.2207400995e-08
19.3 0.817962505619 2.17488737767e-08
19.4 0.874352301483 2.14163043154e-08
19.5 0.934629475744 2.12121359154e-08
19.6 0.999062268595 2.114146887e-08
19.7 1.06793687637 2.12117759072e-08
19.8 1.14155968619 2.14346006717e-08
19.9 1.22025814227 2.18255797002e-08
20 1.30438176861 2.24049556609e-08
