"Time" "Prey" "Predator"
0 7.07527727096e-05 2.80643978469
0.1 5.29805286522e-05 2.53938982598
0.2 4.1036456849e-05 2.29774641224
0.3 3.27739865369e-05 2.07909522445
0.4 2.69051631341e-05 1.88124820263
0.5 2.26486101957e-05 1.70222698564
0.6 1.95062224737e-05 1.54024168021
0.7 1.71486806645e-05 1.3936706085
0.8 1.53585879874e-05 1.26104638892
0.9 1.39900340152e-05 1.14104157936
1 1.29471182819e-05 1.03246011199
1.1 1.21622585759e-05 0.934214039971
1.2 1.1542583427e-05 0.845311976821
1.3 1.10792324201e-05 0.764869914055
1.4 1.07514091898e-05 0.692084392591
1.5 1.0525983071e-05 0.626224618804
1.6 1.03920528648e-05 0.566632031273
1.7 1.03379203315e-05 0.512710383531
1.8 1.03546452533e-05 0.463920131948
1.9 1.0435775155e-05 0.41977276223
2 1.05766230304e-05 0.379826538273
2.1 1.07738854307e-05 0.34368182362
2.2 1.10252336987e-05 0.310976586852
2.3 1.13293683514e-05 0.281383707887
2.4 1.16856655641e-05 0.254606834124
2.5 1.20941962623e-05 0.23037816362
2.6 1.2555537094e-05 0.208455087774
2.7 1.30707853225e-05 0.188618270388
2.8 1.36414670834e-05 0.170669155144
2.9 1.4269524246e-05 0.15442808929
3 1.49572887602e-05 0.139732578947
3.1 1.57074607105e-05 0.126435483184
3.2 1.65231125157e-05 0.114403816294
3.3 1.74076700982e-05 0.103517025
3.4 1.83649216547e-05 0.0936660469231
3.5 1.93990467248e-05 0.0847525340888
3.6 2.05145997051e-05 0.0766873899141
3.7 2.17165140056e-05 0.0693897397581
3.8 2.30101483929e-05 0.0627866194819
3.9 2.44012782458e-05 0.056811837525
4 2.58961357569e-05 0.051405610638
4.1 2.75014277503e-05 0.0465138105068
4.2 2.92243653074e-05 0.0420875460748
4.3 3.1072690017e-05 0.0380825128271
4.4 3.30547070389e-05 0.0344586037223
4.5 3.51793218824e-05 0.0311795381271
4.6 3.74560784549e-05 0.0282125035866
4.7 3.98951998182e-05 0.0255278175127
4.8 4.2507633339e-05 0.0230985919105
4.9 4.53050972641e-05 0.020900557949
5 4.83001340303e-05 0.01891170044
5.1 5.1506163359e-05 0.0171121031271
5.2 5.49375422168e-05 0.0154837564043
5.3 5.86096307952e-05 0.0140103520095
5.4 6.2538855791e-05 0.0126771649268
5.5 6.6742788132e-05 0.0114708435994
5.6 7.12402170926e-05 0.0103793158977
5.7 7.60512343839e-05 0.00939166605155
5.8 8.11973267435e-05 0.00849799767249
5.9 8.67014646124e-05 0.00768937183311
6 9.25882122189e-05 0.00695769055404
6.1 9.88838308406e-05 0.00629563429925
6.2 0.000105616396278 0.00569658428178
6.3 0.000112815929245 0.00515453784283
6.4 0.000120514519031 0.00466407308012
6.5 0.000128746487098 0.00422027092968
6.6 0.000137548512909 0.00381869230738
6.7 0.000146959781578 0.00345533869487
6.8 0.000157022240761 0.00312657943441
6.9 0.000167780733272 0.00282911645008
7 0.00017928309798 0.00255995795836
7.1 0.00019158050893 0.00231640133127
7.2 0.000204727834556 0.00209603583923
7.3 0.000218783529719 0.00189663859851
7.4 0.000233810023884 0.00171618279071
7.5 0.000249874368155 0.00155290046619
7.6 0.000267048030295 0.00140516134851
7.7 0.000285407246576 0.00127146877814
7.8 0.000305033846056 0.00115050048612
7.9 0.000326015218604 0.00104105416955
8 0.000348445619284 0.000941977710005
8.1 0.000372421690622 0.000852391864279
8.2 0.000398053109669 0.000771314029092
8.3 0.000425453112142 0.000697945704206
8.4 0.000454743491234 0.000631550590561
8.5 0.000486055570037 0.000571482094266
8.6 0.00051952833246 0.000517130461254
8.7 0.000555309059868 0.000467940784116
8.8 0.000593557699032 0.000423413677077
8.9 0.000634447174704 0.000383105234825
9 0.000678157531617 0.000346627804228
9.1 0.000724878935051 0.000313647707249
9.2 0.000774822958037 0.000283814777318
9.3 0.000828214567696 0.000256812390553
9.4 0.000885288049412 0.00023238291218
9.5 0.000946292077917 0.000210301180633
9.6 0.00101150553047 0.00019031991672
9.7 0.00108121954357 0.000172231668078
9.8 0.00115573909852 0.000155863335496
9.9 0.00123539107496 0.000141059160696
10 0.00132054071547 0.00012765472417
10.1 0.00141156527243 0.000115518564106
10.2 0.00150886163584 0.000104540129977
10.3 0.00161286431544 9.46106107141e-05
10.4 0.00172405279999 8.56153359639e-05
10.5 0.0018429168413 7.74696215574e-05
10.6 0.00196997190808 7.01028128735e-05
10.7 0.00210576469588 6.34548157852e-05
10.8 0.0022509286046 5.74419609477e-05
10.9 0.00240611774819 5.19976080884e-05
11 0.00257201134281 4.70694459729e-05
11.1 0.00274932391248 4.26132127749e-05
11.2 0.00293884517352 3.85842558439e-05
11.3 0.00314145876772 3.49335674288e-05
11.4 0.00335805842827 3.16255254394e-05
11.5 0.0035895850536 2.86300479582e-05
11.6 0.00383703635696 2.59214991832e-05
11.7 0.00410156500933 2.3468084581e-05
11.8 0.00438436280822 2.12443670426e-05
11.9 0.00468666750906 1.92305287108e-05
12 0.00500978115118 1.74103907695e-05
12.1 0.00535514190418 1.57664573916e-05
12.2 0.00572436026348 1.42774189202e-05
12.3 0.0061190647754 1.29287939514e-05
12.4 0.00654096981537 1.17082539046e-05
12.5 0.00699189288639 1.06051718006e-05
12.6 0.00747393442164 9.60640032419e-06
12.7 0.00798926705597 8.70121993074e-06
12.8 0.00854014650596 7.88108337223e-06
12.9 0.00912894567273 7.13881493153e-06
13 0.00975828235962 6.46723947258e-06
13.1 0.0104310935403 5.8583852318e-06
13.2 0.0111503477189 5.30657140349e-06
13.3 0.0119191695161 4.80707081015e-06
13.4 0.0127408688163 4.35589950742e-06
13.5 0.0136192697692 3.94753581831e-06
13.6 0.0145583359664 3.57751898041e-06
13.7 0.0155621790569 3.24238941939e-06
13.8 0.0166351245115 2.93923279931e-06
13.9 0.017781934185 2.66510819465e-06
14 0.0190079643513 2.41664205056e-06
14.1 0.0203186268561 2.19141264313e-06
14.2 0.021719617173 1.98736413469e-06
14.3 0.0232169559516 1.8027508738e-06
14.4 0.0248175093546 1.63553093869e-06
14.5 0.0265284909675 1.48394666525e-06
14.6 0.028357426133 1.34656621462e-06
14.7 0.0303123604521 1.22211156155e-06
14.8 0.0324022118843 1.10927579348e-06
14.9 0.0346362351821 1.00700100955e-06
15 0.0370241678238 9.14402597721e-07
15.1 0.0395766331005 8.3059505355e-07
15.2 0.0423052555863 7.54642754013e-07
15.3 0.0452220460916 6.8582215799e-07
15.4 0.048339695097 6.23504146394e-07
15.5 0.0516723277573 5.67038385437e-07
15.6 0.0552349244645 5.15841874333e-07
15.7 0.0590431106835 4.6943106192e-07
15.8 0.0631135019979 4.27380227952e-07
15.9 0.0674645617402 3.89252812395e-07
16 0.0721156491393 3.54677630549e-07
16.1 0.0770872672629 3.233317979e-07
16.2 0.082401796059 2.94900063697e-07
16.3 0.0880827962459 2.69111454537e-07
16.4 0.0941552214402 2.45730387561e-07
16.5 0.100646440313 2.24520010569e-07
16.6 0.107585270292 2.0527576361e-07
16.7 0.115002192624 1.87820202582e-07
16.8 0.122930618356 1.71979096209e-07
16.9 0.131405773968 1.57600876355e-07
17 0.140464887535 1.44554297608e-07
17.1 0.150148743055 1.32710611072e-07
17.2 0.160500394712 1.21957546442e-07
17.3 0.171565279315 1.12198523801e-07
17.4 0.183392961483 1.03339310473e-07
17.5 0.196036086384 9.52956182511e-08
17.6 0.209550754298 8.79927270436e-08
17.7 0.223997372278 8.13621179336e-08
17.8 0.239439703589 7.53442732522e-08
17.9 0.255946789719 6.98828786264e-08
18 0.27359190717 6.49279844067e-08
18.1 0.292453253498 6.0435044341e-08
18.2 0.31261522614 5.63624232373e-08
18.3 0.334166843992 5.26742527792e-08
18.4 0.357204455226 4.93371007571e-08
18.5 0.381830333214 4.63215043916e-08
18.6 0.408153606495 4.36013868647e-08
18.7 0.436292062702 4.11526348348e-08
18.8 0.466369935901 3.89547807431e-08
18.9 0.498521685015 3.69891282387e-08
19 0.532890056861 3.52395910163e-08
19.1 0.569627131202 3.36925184217e-08
19.2 0.608897051779 3.23359618447e-08
19.3 0.650874078791 3.11603091058e-08
19.4 0.695745332329 3.01580252907e-08
19.5 0.743709635995 2.93237531091e-08
19.6 0.794980962573 2.86543920641e-08
19.7 0.849786505626 2.81491349413e-08
19.8 0.908370756621 2.78100902204e-08
19.9 0.970993264648 2.76419762217e-08
20 1.03793357092 2.76536892414e-08
