"Time" "Prey" "Predator"
0 12.5465086484 38.2651055083
0.1 0.0384770203354 43.368385198
0.2 0.000167081366633 39.2681092517
0.3 1.19402192287e-06 35.5313652541
0.4 -1.04869913073e-07 32.150121333
0.5 -8.58153090181e-08 29.0906355223
0.6 -8.58153090181e-08 26.3222990124
0.7 -8.58153090181e-08 23.8173910627
0.8 -8.58153090181e-08 21.5508591632
0.9 -8.58153090181e-08 19.5000199513
1 -8.58153090181e-08 17.6443440077
1.1 -8.58153090181e-08 15.965256919
1.2 -8.58153090181e-08 14.4459616802
1.3 -8.58153090181e-08 13.071265183
1.4 -8.58153090181e-08 11.8273649324
1.5 -8.58153090181e-08 10.7018424759
1.6 -8.58153090181e-08 9.68342897474
1.7 -8.58153090181e-08 8.7619291349
1.8 -8.58153090181e-08 7.92812151433
1.9 -8.58153090181e-08 7.17366153356
2 -8.58153090181e-08 6.49099765581
2.1 -8.58153090181e-08 5.87329791212
2.2 -8.58153090181e-08 5.31438016463
2.3 -8.58153090181e-08 4.80864873718
2.4 -8.58153090181e-08 4.35104478511
2.5 -8.58153090181e-08 3.93698777025
2.6 -8.58153090181e-08 3.56233392529
2.7 -8.58153090181e-08 3.22333302155
2.8 -8.58153090181e-08 2.91659217089
2.9 -8.58153090181e-08 2.63904172505
3 -8.58153090181e-08 2.38790368996
3.1 -8.58153090181e-08 2.16066453536
3.2 -8.58153090181e-08 1.95504990262
3.3 -8.58153090181e-08 1.76900150817
3.4 -8.58153090181e-08 1.60065852554
3.5 -8.58153090181e-08 1.44833537788
3.6 -8.58153090181e-08 1.31050787165
3.7 -8.58153090181e-08 1.18579650188
3.8 -8.58153090181e-08 1.07295278077
3.9 -8.58153090181e-08 0.970847827377
4 -8.58153090181e-08 0.878459128108
4.1 -8.58153090181e-08 0.794862703683
4.2 -8.58153090181e-08 0.719221397451
4.3 -8.58153090181e-08 0.650778405484
4.4 -8.58153090181e-08 0.588848581481
4.5 -8.58153090181e-08 0.532812101378
4.6 -8.58153090181e-08 0.482108316936
4.7 -8.58153090181e-08 0.436229508537
4.8 -8.58153090181e-08 0.394716802565
4.9 -8.58153090181e-08 0.357154454001
5 -8.58153090181e-08 0.323166706374
5.1 -8.58153090181e-08 0.29241327562
5.2 -8.58153090181e-08 0.264586423387
5.3 -8.58153090181e-08 0.239407686327
5.4 -8.58153090181e-08 0.216624974185
5.5 -8.58153090181e-08 0.196010392551
5.6 -8.58153090181e-08 0.177357489771
5.7 -8.58153090181e-08 0.160479693053
5.8 -8.58153090181e-08 0.145207999939
5.9 -8.58153090181e-08 0.131389615656
6 -8.58153090181e-08 0.118886231362
6.1 -8.58153090181e-08 0.107572685076
6.2 -8.58153090181e-08 0.0973357797936
6.3 -8.58153090181e-08 0.0880729890743
6.4 -8.58153090181e-08 0.0796917258813
6.5 -8.58153090181e-08 0.0721080458836
6.6 -8.58153090181e-08 0.0652460423433
6.7 -8.58153090181e-08 0.0590370718269
6.8 -8.58153090181e-08 0.0534189297574
6.9 -8.58153090181e-08 0.0483354464831
7 -8.58153090181e-08 0.0437357088666
7.1 -8.58153090181e-08 0.0395736883293
7.2 -8.58153090181e-08 0.0358077614213
7.3 -8.58153090181e-08 0.0324001940034
7.4 -8.58153090181e-08 0.0293169109099
7.5 -8.58153090181e-08 0.0265270321788
7.6 -8.58153090181e-08 0.0240026404695
7.7 -8.58153090181e-08 0.0217184895721
7.8 -8.58153090181e-08 0.01965169363
7.9 -8.58153090181e-08 0.0177815889778
8 -8.58153090181e-08 0.0160894456587
8.1 -8.58153090181e-08 0.0145583282258
8.2 -8.58153090181e-08 0.0131729215419
8.3 -8.58153090181e-08 0.0119193461928
8.4 -8.58153090181e-08 0.0107850687287
8.5 -8.58153090181e-08 0.00975873402716
8.6 -8.58153090181e-08 0.00883006512066
8.7 -8.58153090181e-08 0.00798976829688
8.8 -8.58153090181e-08 0.00722941997156
8.9 -8.58153090181e-08 0.00654143527518
9 -8.58153090181e-08 0.00591894791437
9.1 -8.58153090181e-08 0.00535571269267
9.2 -8.58153090181e-08 0.00484607260102
9.3 -8.58153090181e-08 0.004384925459
9.4 -8.58153090181e-08 0.00396767939565
9.5 -8.58153090181e-08 0.00359012214099
9.6 -8.58153090181e-08 0.00324847206878
9.7 -8.58153090181e-08 0.00293934601965
9.8 -8.58153090181e-08 0.00265962981603
9.9 -8.58153090181e-08 0.00240652717292
10 -8.58153090181e-08 0.00217752510649
10.1 -8.58153090181e-08 0.00197030889378
10.2 -8.58153090181e-08 0.00178280653193
10.3 -8.58153090181e-08 0.00161315688226
10.4 -8.58153090181e-08 0.00145964492298
10.5 -8.58153090181e-08 0.00132074436489
10.6 -8.58153090181e-08 0.00119507809651
10.7 -8.58153090181e-08 0.00108136930965
10.8 -8.58153090181e-08 0.000978455078424
10.9 -8.58153090181e-08 0.000885338404552
11 -8.58153090181e-08 0.000801088089742
11.1 -8.58153090181e-08 0.000724846015199
11.2 -8.58153090181e-08 0.000655856138322
11.3 -8.58153090181e-08 0.000593440305002
11.4 -8.58153090181e-08 0.000536966989644
11.5 -8.58153090181e-08 0.000485860834467
11.6 -8.58153090181e-08 0.000439624317726
11.7 -8.58153090181e-08 0.000397792648519
11.8 -8.58153090181e-08 0.000359935904362
11.9 -8.58153090181e-08 0.000325678094083
12 -8.58153090181e-08 0.000294683617917
12.1 -8.58153090181e-08 0.000266639296507
12.2 -8.58153090181e-08 0.000241254475975
12.3 -8.58153090181e-08 0.000218298460977
12.4 -8.58153090181e-08 0.000197525641223
12.5 -8.58153090181e-08 0.000178727499803
12.6 -8.58153090181e-08 0.000161720639266
12.7 -8.58153090181e-08 0.000146337058683
12.8 -8.58153090181e-08 0.000132417755344
12.9 -8.58153090181e-08 0.000119817649376
13 -8.58153090181e-08 0.000108406581827
13.1 -8.58153090181e-08 9.80719942094e-05
13.2 -8.58153090181e-08 8.87141074525e-05
13.3 -8.58153090181e-08 8.02474417262e-05
13.4 -8.58153090181e-08 7.26005530078e-05
13.5 -8.58153090181e-08 6.56881976686e-05
13.6 -8.58153090181e-08 5.94313952251e-05
13.7 -8.58153090181e-08 5.37706308765e-05
13.8 -8.58153090181e-08 4.86556938322e-05
13.9 -8.58153090181e-08 4.40395811467e-05
14 -8.58153090181e-08 3.98621314865e-05
14.1 -8.58153090181e-08 3.60794713486e-05
14.2 -8.58153090181e-08 3.26547322243e-05
14.3 -8.58153090181e-08 2.94946329361e-05
14.4 -8.58153090181e-08 2.67295790751e-05
14.5 -8.58153090181e-08 2.42030391394e-05
14.6 -8.58153090181e-08 2.19035717815e-05
14.7 -8.58153090181e-08 1.98197356539e-05
14.8 -8.58153090181e-08 1.79375495102e-05
14.9 -8.58153090181e-08 1.62353645272e-05
15 -8.58153090181e-08 1.46972378774e-05
15.1 -8.58153090181e-08 1.33078180864e-05
15.2 -8.58153090181e-08 1.20517536795e-05
15.3 -8.58153090181e-08 1.09138186978e-05
15.4 -8.58153090181e-08 9.8855624626e-06
15.5 -8.58153090181e-08 8.95806230098e-06
15.6 -8.58153090181e-08 8.11940677509e-06
15.7 -8.58153090181e-08 7.35768444706e-06
15.8 -8.58153090181e-08 6.66098387902e-06
15.9 -8.58153090181e-08 6.02126860318e-06
16 -8.58153090181e-08 5.44220011152e-06
16.1 -8.58153090181e-08 4.91873460217e-06
16.2 -8.58153090181e-08 4.44492608208e-06
16.3 -8.58153090181e-08 4.01482855815e-06
16.4 -8.58153090181e-08 3.5352638063e-06
16.5 -8.58153090181e-08 3.2204060297e-06
16.6 -8.58153090181e-08 2.92627024569e-06
16.7 -8.58153090181e-08 2.65285645427e-06
16.8 -8.58153090181e-08 2.40016465545e-06
16.9 -8.58153090181e-08 2.16819484922e-06
17 -8.58153090181e-08 1.95627340501e-06
17.1 -8.58153090181e-08 1.76217014278e-06
17.2 -8.58153090181e-08 1.58570839974e-06
17.3 -8.58153090181e-08 1.42688817591e-06
17.4 -8.58153090181e-08 1.28570947127e-06
17.5 -8.58153090181e-08 1.16217228583e-06
17.6 -8.58153090181e-08 1.05279845867e-06
17.7 -8.58153090181e-08 9.52723210056e-07
17.8 -8.58153090181e-08 8.6191361171e-07
17.9 -8.58153090181e-08 7.80369663628e-07
18 -8.58153090181e-08 7.0809136581e-07
18.1 -8.58153090181e-08 6.45014613655e-07
18.2 -8.58153090181e-08 5.88009888578e-07
18.3 -8.58153090181e-08 5.3534477722e-07
18.4 -8.58153090181e-08 4.87019279579e-07
18.5 -8.58153090181e-08 4.43033395655e-07
18.6 -8.58153090181e-08 4.0338712545e-07
18.7 -8.58153090181e-08 3.67919745681e-07
18.8 -8.58153090181e-08 3.35221267386e-07
18.9 -8.58153090181e-08 3.04962499813e-07
19 -8.58153090181e-08 2.77143442963e-07
19.1 -8.58153090181e-08 2.51764096836e-07
19.2 -8.58153090181e-08 2.28824461432e-07
19.3 -8.58153090181e-08 2.08126321019e-07
19.4 -8.58153090181e-08 1.89013445344e-07
19.5 -8.58153090181e-08 1.71433851399e-07
19.6 -8.58153090181e-08 1.55387539184e-07
19.7 -8.58153090181e-08 1.408745087e-07
19.8 -8.58153090181e-08 1.27894759946e-07
19.9 -8.58153090181e-08 1.16190428458e-07
20 -8.58153090181e-08 1.05400848398e-07
