"Time" "Prey" "Predator"
0 5.11721469462 3.45714093094
0.1 3.15650480659 4.72112087411
0.2 1.70423989633 5.41678543524
0.3 0.872492760546 5.55066371844
0.4 0.449742137557 5.35254427139
0.5 0.240748913158 5.00725375338
0.6 0.13547661396 4.6141043566
0.7 0.080375231545 4.21911667776
0.8 0.0502100799713 3.84206720461
0.9 0.0329283075672 3.49066074878
1 0.0225888115552 3.16712650668
1.1 0.016149087366 2.87122095808
1.2 0.011988511054 2.60160822278
1.3 0.00921036055817 2.35650787741
1.4 0.00729991043334 2.13400526274
1.5 0.00595163483052 1.93220034973
1.6 0.00497834989136 1.74927844208
1.7 0.00426200100292 1.58354131799
1.8 0.00372634693586 1.43341807221
1.9 0.00332070851663 1.29746621378
2 0.00301074338069 1.17436689802
2.1 0.00277270050517 1.06291788452
2.2 0.00258985532714 0.962025400373
2.3 0.00245021112531 0.870695720187
2.4 0.00234508680247 0.788026832177
2.5 0.00226815058304 0.713200527124
2.6 0.00221470070006 0.645475063647
2.7 0.0021811717733 0.584178279402
2.8 0.00216494085345 0.528701167732
2.9 0.00216401644 0.478492095
3 0.00217691809764 0.433051475502
3.1 0.00220256540905 0.391926945829
3.2 0.00224017512624 0.35470891228
3.3 0.00228921318929 0.321026553727
3.4 0.00234933808874 0.290544149482
3.5 0.00242036360042 0.262957750821
3.6 0.00250229475655 0.23799248101
3.7 0.00259521434189 0.215399302034
3.8 0.00269930245371 0.194952786961
3.9 0.00281487929099 0.176449215211
4 0.00294230292047 0.15970375778
4.1 0.0030820371953 0.144549409585
4.2 0.00323462736716 0.130835034277
4.3 0.00340068194404 0.118423630918
4.4 0.00358089904892 0.107191531093
4.5 0.00377604513904 0.0970265730899
4.6 0.00398696468018 0.0878273044525
4.7 0.00421458415359 0.0795020412035
4.8 0.00445990719406 0.0719675957293
4.9 0.00472402457561 0.0651488618896
5 0.00500811479607 0.0589778128388
5.1 0.00531344838402 0.0533928358827
5.2 0.00564139453615 0.0483383056076
5.3 0.00599342458395 0.0437637559511
5.4 0.00637111906079 0.0396235642557
5.5 0.00677617426816 0.0358764548768
5.6 0.00721040932074 0.0324850402027
5.7 0.00767577398136 0.0294155571942
5.8 0.00817435710689 0.0266373851021
5.9 0.00870839555312 0.0241228429527
6 0.00928028408186 0.0218468897143
6.1 0.00989258601083 0.0197868300258
6.2 0.0105480439575 0.017922166373
6.3 0.0112495927348 0.0162343186335
6.4 0.0120003716288 0.0147064913782
6.5 0.0128037384724 0.0133234934206
6.6 0.0136632849603 0.0120715502508
6.7 0.0145828514412 0.0109382214169
6.8 0.0155665457853 0.00991223786062
6.9 0.0166187595361 0.00898339993061
7 0.017744189175 0.00814248325888
7.1 0.0189478571028 0.00738112403476
7.2 0.0202351301226 0.00669179348539
7.3 0.0216117485608 0.00606767541092
7.4 0.0230838532619 0.0055025656588
7.5 0.0246579980987 0.00499084597212
7.6 0.0263411962712 0.00452744758329
7.7 0.0281409546409 0.00410780912996
7.8 0.0300652782721 0.00372774630497
7.9 0.0321227363341 0.00338350088936
8 0.0343225007146 0.00307171042299
8.1 0.0366743506462 0.00278927965851
8.2 0.0391887564956 0.00253342850322
8.3 0.0418769212489 0.00230165822972
8.4 0.0447507902363 0.00209166705352
8.5 0.0478231557643 0.00190139421733
8.6 0.0511077011823 0.00172898833657
8.7 0.0546190176765 0.00157274344125
8.8 0.0583727482768 0.00143114192357
8.9 0.0623856142004 0.00130281339285
9 0.0666754300917 0.00118648629517
9.1 0.0712612216518 0.0010809984633
9.2 0.0761634666318 0.000985358666257
9.3 0.0814039672721 0.000898642027924
9.4 0.0870059632772 0.000819993857559
9.5 0.0929943748787 0.000748654711812
9.6 0.0993959133089 0.000683953967186
9.7 0.106239004532 0.00062526335118
9.8 0.113553985954 0.000572006183144
9.9 0.121373494911 0.000523684852007
10 0.129732322487 0.000479839841532
10.1 0.138667542313 0.000440043960477
10.2 0.148218842788 0.000403913989474
10.3 0.158428850766 0.000371120015664
10.4 0.169342911963 0.000341350873157
10.5 0.181009396226 0.0003143209016
10.6 0.193480309627 0.000289781162977
10.7 0.206811174514 0.000267505245462
10.8 0.221061133488 0.00024728280588
10.9 0.236293415032 0.000228923205337
11 0.252576010964 0.000212262843378
11.1 0.269981265489 0.000197148216211
11.2 0.288586315543 0.000183437863635
11.3 0.308474003931 0.0001710087133
11.4 0.329732938073 0.000159751288939
11.5 0.35245745901 0.00014956376702
11.6 0.376748322444 0.000140353907271
11.7 0.402713933376 0.000132043319204
11.8 0.430469717081 0.000124559825422
11.9 0.460138706566 0.000117837594048
12 0.491852829185 0.000111819971983
12.1 0.525753491044 0.000106459168054
12.2 0.561991169086 0.000101711678158
12.3 0.60072645432 9.7539677408e-05
12.4 0.642132113896 9.39146788109e-05
12.5 0.686392311761 9.08132495116e-05
12.6 0.733703290964 8.82168127165e-05
12.7 0.78427496946 8.61137626304e-05
12.8 0.838332724742 8.45019961108e-05
12.9 0.896116711509 8.33852867879e-05
13 0.957883698611 8.27765422327e-05
13.1 1.02390849928 8.27001590289e-05
13.2 1.09448412291 8.31896483497e-05
13.3 1.16992398973 8.42945150218e-05
13.4 1.25056380967 8.60857992092e-05
13.5 1.33676138696 8.86505000317e-05
13.6 1.42889949639 9.21088455848e-05
13.7 1.52738792435 9.66252880251e-05
13.8 1.63266347002 0.000102397574821
13.9 1.74519343219 0.000109703775009
14 1.86547782761 0.000118925758873
14.1 1.99404959516 0.000130523609595
14.2 2.13147879617 0.000145178682289
14.3 2.27837500085 0.000163845867909
14.4 2.43538777081 0.000187687788425
14.5 2.60321127465 0.000218565853781
14.6 2.78258675563 0.000259158481534
14.7 2.97430357301 0.000312771788074
14.8 3.17920276319 0.000384877434171
14.9 3.39817899628 0.000483849812786
15 3.63218082076 0.000622808422962
15.1 3.88221006957 0.000820551480201
15.2 4.14931759948 0.00110945654267
15.3 4.43459149778 0.00154298253258
15.4 4.73913917793 0.00220813418366
15.5 5.06403087335 0.00326240557143
15.6 5.41021775187 0.00498317568759
15.7 5.77833176949 0.00788883824061
15.8 6.16829935762 0.0129708362282
15.9 6.57850501057 0.0221975223194
16 7.00398276571 0.039609256765
16.1 7.43238718505 0.073771418079
16.2 7.83498449203 0.143275583408
16.3 8.14713462372 0.288605979926
16.4 8.23147700042 0.593916250414
16.5 7.83819966742 1.20655036624
16.6 6.6793733538 2.27216977676
16.7 4.81169845588 3.66615253195
16.8 2.89719217609 4.86278855531
16.9 1.54490785479 5.4636767587
17 0.789716607811 5.53309963492
17.1 0.408994531915 5.30401586849
17.2 0.220556990397 4.94737939945
17.3 0.125134450203 4.5522457069
17.4 0.0748471140681 4.15936580082
17.5 0.0471199873556 3.78607392881
17.6 0.0311247797658 3.43896956211
17.7 0.0214929029721 3.11978467759
17.8 0.0154585937493 2.82805475019
17.9 0.0115390693749 2.56235195849
18 0.00890939622659 2.32086425725
18.1 0.00709343004467 2.10167451531
18.2 0.00580707735366 1.90289400754
18.3 0.004875534272 1.72272546471
18.4 0.0041880755059 1.55949047639
18.5 0.00367291299459 1.41163838924
18.6 0.00328215360759 1.2777463877
18.7 0.0029832469017 1.15651423204
18.8 0.00275361069661 1.04675704236
18.9 0.0025773059647 0.947397062784
19 0.00244285384887 0.857455287888
19.1 0.00234199005752 0.776043110467
19.2 0.00226859596125 0.702354621965
19.3 0.00221819134157 0.635659207573
19.4 0.00218733753141 0.575294853525
19.5 0.00217350689225 0.520661751624
19.6 0.0021747982046 0.471216611548
19.7 0.00218978596287 0.42646742404
19.8 0.00221743582314 0.385968679691
19.9 0.00225700586175 0.349317007539
20 0.00230799106886 0.316147215514
