"Time" "Prey" "Predator"
0 1.10311683454 29.3699612756
0.1 0.0262030511178 27.3367460582
0.2 0.000871262445406 24.7532825617
0.3 4.02627428551e-05 22.398288074
0.4 2.49474311626e-06 20.2668365523
0.5 1.98249096505e-07 18.3381943292
0.6 2.24032702321e-08 16.593091914
0.7 -3.13789731669e-09 15.0140622561
0.8 -1.72487703822e-09 13.5852956367
0.9 -7.1259418649e-09 12.2924761559
1 -8.75299354642e-09 11.1226829778
1.1 -8.75299354642e-09 10.0642182333
1.2 -8.75299354642e-09 9.10647938308
1.3 -8.75299354642e-09 8.23988071356
1.4 -8.75299354642e-09 7.45574673554
1.5 -8.75299354642e-09 6.74624635031
1.6 -8.75299354642e-09 6.1042647705
1.7 -8.75299354642e-09 5.52336208706
1.8 -8.75299354642e-09 4.99774656858
1.9 -8.75299354642e-09 4.52214858339
2 -8.75299354642e-09 4.09180924185
2.1 -8.75299354642e-09 3.70242219063
2.2 -8.75299354642e-09 3.35009043864
2.3 -8.75299354642e-09 3.03128734193
2.4 -8.75299354642e-09 2.74282266924
2.5 -8.75299354642e-09 2.48180908546
2.6 -8.75299354642e-09 2.24563427012
2.7 -8.75299354642e-09 2.03193412173
2.8 -8.75299354642e-09 1.8385703813
2.9 -8.75299354642e-09 1.66360763336
3 -8.75299354642e-09 1.50529460888
3.1 -8.75299354642e-09 1.36204723514
3.2 -8.75299354642e-09 1.23243146693
3.3 -8.75299354642e-09 1.11515024845
3.4 -8.75299354642e-09 1.00902983983
3.5 -8.75299354642e-09 0.913007800919
3.6 -8.75299354642e-09 0.826122923192
3.7 -8.75299354642e-09 0.747506812323
3.8 -8.75299354642e-09 0.676372011021
3.9 -8.75299354642e-09 0.612006773734
4 -8.75299354642e-09 0.553766630138
4.1 -8.75299354642e-09 0.501068731978
4.2 -8.75299354642e-09 0.453385689279
4.3 -8.75299354642e-09 0.410240344689
4.4 -8.75299354642e-09 0.371200819297
4.5 -8.75299354642e-09 0.335876359557
4.6 -8.75299354642e-09 0.303913461939
4.7 -8.75299354642e-09 0.274992077682
4.8 -8.75299354642e-09 0.248822938698
4.9 -8.75299354642e-09 0.225144299797
5 -8.75299354642e-09 0.203718913252
5.1 -8.75299354642e-09 0.18433252594
5.2 -8.75299354642e-09 0.166790941868
5.3 -8.75299354642e-09 0.150918638622
5.4 -8.75299354642e-09 0.136556831086
5.5 -8.75299354642e-09 0.123561654026
5.6 -8.75299354642e-09 0.111803215879
5.7 -8.75299354642e-09 0.101163730605
5.8 -8.75299354642e-09 0.0915367188192
5.9 -8.75299354642e-09 0.0828258562118
6 -8.75299354642e-09 0.074943892641
6.1 -8.75299354642e-09 0.0678120383435
6.2 -8.75299354642e-09 0.061358853744
6.3 -8.75299354642e-09 0.0555197699269
6.4 -8.75299354642e-09 0.050236374798
6.5 -8.75299354642e-09 0.0454557378119
6.6 -8.75299354642e-09 0.0411300565572
6.7 -8.75299354642e-09 0.0372160025765
6.8 -8.75299354642e-09 0.0336744176697
6.9 -8.75299354642e-09 0.0304698766417
7 -8.75299354642e-09 0.0275702744684
7.1 -8.75299354642e-09 0.0249466193136
7.2 -8.75299354642e-09 0.0225726307646
7.3 -8.75299354642e-09 0.0204245548971
7.4 -8.75299354642e-09 0.0184809025714
7.5 -8.75299354642e-09 0.0167222034801
7.6 -8.75299354642e-09 0.0151308765114
7.7 -8.75299354642e-09 0.0136909813571
7.8 -8.75299354642e-09 0.0123881033854
7.9 -8.75299354642e-09 0.0112092258795
8 -8.75299354642e-09 0.0101425224127
8.1 -8.75299354642e-09 0.00917733218087
8.2 -8.75299354642e-09 0.008303976072
8.3 -8.75299354642e-09 0.00751372434377
8.4 -8.75299354642e-09 0.00679870329623
8.5 -8.75299354642e-09 0.0061517444463
8.6 -8.75299354642e-09 0.00556635822533
8.7 -8.75299354642e-09 0.0050366639492
8.8 -8.75299354642e-09 0.00455739368914
8.9 -8.75299354642e-09 0.00412372948461
9 -8.75299354642e-09 0.0037312996552
9.1 -8.75299354642e-09 0.00337622494795
9.2 -8.75299354642e-09 0.00305494007136
9.3 -8.75299354642e-09 0.00276421635379
9.4 -8.75299354642e-09 0.00250117442819
9.5 -8.75299354642e-09 0.00226316325491
9.6 -8.75299354642e-09 0.00204779059766
9.7 -8.75299354642e-09 0.00185292399913
9.8 -8.75299354642e-09 0.00167659734003
9.9 -8.75299354642e-09 0.00151705044822
10 -8.75299354642e-09 0.00137270554296
10.1 -8.75299354642e-09 0.00124209888033
10.2 -8.75299354642e-09 0.001123890991
10.3 -8.75299354642e-09 0.00101693327762
10.4 -8.75299354642e-09 0.000920160361052
10.5 -8.75299354642e-09 0.000832588102934
10.6 -8.75299354642e-09 0.000753342377515
10.7 -8.75299354642e-09 0.00068164784745
10.8 -8.75299354642e-09 0.000616780613118
10.9 -8.75299354642e-09 0.000558078511308
11 -8.75299354642e-09 0.000504968663489
11.1 -8.75299354642e-09 0.000456919242695
11.2 -8.75299354642e-09 0.000413437210789
11.3 -8.75299354642e-09 0.000374086956555
11.4 -8.75299354642e-09 0.00033848510743
11.5 -8.75299354642e-09 0.000306272497183
11.6 -8.75299354642e-09 0.000277113304333
11.7 -8.75299354642e-09 0.000250745670755
11.8 -8.75299354642e-09 0.000226885188613
11.9 -8.75299354642e-09 0.000205293372031
12 -8.75299354642e-09 0.000185757803036
12.1 -8.75299354642e-09 0.000168087242422
12.2 -8.75299354642e-09 0.000152099317188
12.3 -8.75299354642e-09 0.000137627471525
12.4 -8.75299354642e-09 0.000124521727133
12.5 -8.75299354642e-09 0.000112652264979
12.6 -8.75299354642e-09 0.000101904073054
12.7 -8.75299354642e-09 9.21782093948e-05
12.8 -8.75299354642e-09 8.33921638548e-05
12.9 -8.75299354642e-09 7.54527203678e-05
13 -8.75299354642e-09 6.82661042341e-05
13.1 -8.75299354642e-09 6.17635365721e-05
13.2 -8.75299354642e-09 5.58868077034e-05
13.3 -8.75299354642e-09 5.05836099882e-05
13.4 -8.75299354642e-09 4.57855515138e-05
13.5 -8.75299354642e-09 4.14410103997e-05
13.6 -8.75299354642e-09 3.75073818264e-05
13.7 -8.75299354642e-09 3.38705684125e-05
13.8 -8.75299354642e-09 3.06987469776e-05
13.9 -8.75299354642e-09 2.7799297132e-05
14 -8.75299354642e-09 2.51592208527e-05
14.1 -8.75299354642e-09 2.27655201165e-05
14.2 -8.75299354642e-09 2.06032333832e-05
14.3 -8.75299354642e-09 1.86478537803e-05
14.4 -8.75299354642e-09 1.68807717689e-05
14.5 -8.75299354642e-09 1.52845503896e-05
14.6 -8.75299354642e-09 1.38417526832e-05
14.7 -8.75299354642e-09 1.25349547754e-05
14.8 -8.75299354642e-09 1.13533477505e-05
14.9 -8.75299354642e-09 1.02877002195e-05
15 -8.75299354642e-09 9.32448307016e-06
15.1 -8.75299354642e-09 8.45016719018e-06
15.2 -8.75299354642e-09 7.65122346725e-06
15.3 -8.75299354642e-09 6.91711978433e-06
15.4 -8.75299354642e-09 6.25189344931e-06
15.5 -8.75299354642e-09 5.65058043246e-06
15.6 -8.75299354642e-09 5.10642694864e-06
15.7 -8.75299354642e-09 4.61267921267e-06
15.8 -8.75299354642e-09 4.05702392833e-06
15.9 -8.75299354642e-09 3.69676190344e-06
16 -8.75299354642e-09 3.36003605459e-06
16.1 -8.75299354642e-09 3.0468463818e-06
16.2 -8.75299354642e-09 2.75719288506e-06
16.3 -8.75299354642e-09 2.49107556436e-06
16.4 -8.75299354642e-09 2.2479668206e-06
16.5 -8.75299354642e-09 2.02525131777e-06
16.6 -8.75299354642e-09 1.82257358434e-06
16.7 -8.75299354642e-09 1.63993362032e-06
16.8 -8.75299354642e-09 1.47733142571e-06
16.9 -8.75299354642e-09 1.3347670005e-06
17 -8.75299354642e-09 1.20920209861e-06
17.1 -8.75299354642e-09 1.09435326212e-06
17.2 -8.75299354642e-09 9.90028699159e-07
17.3 -8.75299354642e-09 8.96228409742e-07
17.4 -8.75299354642e-09 8.12952393864e-07
17.5 -8.75299354642e-09 7.40193879075e-07
17.6 -8.75299354642e-09 6.74893518005e-07
17.7 -8.75299354642e-09 6.14522232547e-07
17.8 -8.75299354642e-09 5.59080022702e-07
17.9 -8.75299354642e-09 5.08566888468e-07
18 -8.75299354642e-09 4.62982829846e-07
18.1 -8.75299354642e-09 4.22231253546e-07
18.2 -8.75299354642e-09 3.84780679304e-07
18.3 -8.75299354642e-09 3.50101193745e-07
18.4 -8.75299354642e-09 3.18192796868e-07
18.5 -8.75299354642e-09 2.89055488674e-07
18.6 -8.75299354642e-09 2.62689269162e-07
18.7 -8.75299354642e-09 2.38938871426e-07
18.8 -8.75299354642e-09 2.17034629398e-07
18.9 -8.75299354642e-09 1.96871931523e-07
19 -8.75299354642e-09 1.78450777799e-07
19.1 -8.75299354642e-09 1.61771168228e-07
19.2 -8.75299354642e-09 1.4683310281e-07
19.3 -8.75299354642e-09 1.33411331165e-07
19.4 -8.75299354642e-09 1.21040008451e-07
19.5 -8.75299354642e-09 1.09704915546e-07
19.6 -8.75299354642e-09 9.94060524506e-08
19.7 -8.75299354642e-09 9.01434191645e-08
19.8 -8.75299354642e-09 8.1916463708e-08
19.9 -8.75299354642e-09 7.44758379214e-08
20 -8.75299354642e-09 6.7615412557e-08
