"Time" "Prey" "Predator"
0 37.7263533324 0.723311088979
0.1 18.7173818931 16.0027360868
0.2 0.775887840103 27.3392692241
0.3 0.0244522727125 25.2705317277
0.4 0.00105689741884 22.8823700796
0.5 6.19261771377e-05 20.7055354315
0.6 4.81640311854e-06 18.7351844401
0.7 4.65382945061e-07 16.9522997516
0.8 5.65772187294e-08 15.3390763008
0.9 -7.82916991877e-09 13.8793717478
1 -2.37706983846e-08 12.55856673
1.1 -2.71681607945e-08 11.3634589737
1.2 -2.71681607945e-08 10.2820813646
1.3 -2.71681607945e-08 9.30360950947
1.4 -2.71681607945e-08 8.41825018627
1.5 -2.71681607945e-08 7.61715099079
1.6 -2.71681607945e-08 6.89229096736
1.7 -2.71681607945e-08 6.23639955477
1.8 -2.71681607945e-08 5.64292875624
1.9 -2.71681607945e-08 5.10593353901
2 -2.71681607945e-08 4.62003981183
2.1 -2.71681607945e-08 4.18038501616
2.2 -2.71681607945e-08 3.78256906237
2.3 -2.71681607945e-08 3.42261019549
2.4 -2.71681607945e-08 3.09690604725
2.5 -2.71681607945e-08 2.80219661202
2.6 -2.71681607945e-08 2.53553149452
2.7 -2.71681607945e-08 2.29424353753
2.8 -2.71681607945e-08 2.07591722115
2.9 -2.71681607945e-08 1.87836762021
3 -2.71681607945e-08 1.69961730152
3.1 -2.71681607945e-08 1.53787723402
3.2 -2.71681607945e-08 1.39152886479
3.3 -2.71681607945e-08 1.25910738038
3.4 -2.71681607945e-08 1.13928742756
3.5 -2.71681607945e-08 1.03086977325
3.6 -2.71681607945e-08 0.932769044649
3.7 -2.71681607945e-08 0.844004132558
3.8 -2.71681607945e-08 0.763686335503
3.9 -2.71681607945e-08 0.69101177462
4 -2.71681607945e-08 0.625253351551
4.1 -2.71681607945e-08 0.565752451351
4.2 -2.71681607945e-08 0.511914006371
4.3 -2.71681607945e-08 0.463198793733
4.4 -2.71681607945e-08 0.419119527914
4.5 -2.71681607945e-08 0.37923502405
4.6 -2.71681607945e-08 0.343145956893
4.7 -2.71681607945e-08 0.310491331299
4.8 -2.71681607945e-08 0.28094407761
4.9 -2.71681607945e-08 0.254208707493
5 -2.71681607945e-08 0.230017499381
5.1 -2.71681607945e-08 0.208128393687
5.2 -2.71681607945e-08 0.188322364099
5.3 -2.71681607945e-08 0.170401070986
5.4 -2.71681607945e-08 0.154185277145
5.5 -2.71681607945e-08 0.139512562912
5.6 -2.71681607945e-08 0.12623617558
5.7 -2.71681607945e-08 0.114223201801
5.8 -2.71681607945e-08 0.103353398749
5.9 -2.71681607945e-08 0.0935180206875
6 -2.71681607945e-08 0.0846185509757
6.1 -2.71681607945e-08 0.076566026606
6.2 -2.71681607945e-08 0.0692797948372
6.3 -2.71681607945e-08 0.0626869327303
6.4 -2.71681607945e-08 0.0567214922745
6.5 -2.71681607945e-08 0.0513237079038
6.6 -2.71681607945e-08 0.0464396125872
6.7 -2.71681607945e-08 0.0420202892237
6.8 -2.71681607945e-08 0.038021514484
6.9 -2.71681607945e-08 0.0344032951146
7 -2.71681607945e-08 0.0311293786577
7.1 -2.71681607945e-08 0.0281670290369
7.2 -2.71681607945e-08 0.0254865767963
7.3 -2.71681607945e-08 0.0230611990547
7.4 -2.71681607945e-08 0.0208666382268
7.5 -2.71681607945e-08 0.0188809068882
7.6 -2.71681607945e-08 0.0170841521101
7.7 -2.71681607945e-08 0.0154583782408
7.8 -2.71681607945e-08 0.0139873147764
7.9 -2.71681607945e-08 0.0126562473011
8 -2.71681607945e-08 0.011451840655
8.1 -2.71681607945e-08 0.0103620525403
8.2 -2.71681607945e-08 0.00937597290245
8.3 -2.71681607945e-08 0.00848372846526
8.4 -2.71681607945e-08 0.00767638962022
8.5 -2.71681607945e-08 0.00694586302289
8.6 -2.71681607945e-08 0.00628486208499
8.7 -2.71681607945e-08 0.00568679073454
8.8 -2.71681607945e-08 0.00514564795661
8.9 -2.71681607945e-08 0.00465599874616
9 -2.71681607945e-08 0.00421293888582
9.1 -2.71681607945e-08 0.00381205889016
9.2 -2.71681607945e-08 0.00344931255629
9.3 -2.71681607945e-08 0.00312106155153
9.4 -2.71681607945e-08 0.00282405938707
9.5 -2.71681607945e-08 0.00255531526998
9.6 -2.71681607945e-08 0.00231213830297
9.7 -2.71681607945e-08 0.00209211762346
9.8 -2.71681607945e-08 0.00189303050358
9.9 -2.71681607945e-08 0.00171288113745
10 -2.71681607945e-08 0.00154988508892
10.1 -2.71681607945e-08 0.00140239550975
10.2 -2.71681607945e-08 0.00126894069509
10.3 -2.71681607945e-08 0.00114820172993
10.4 -2.71681607945e-08 0.00103895405946
10.5 -2.71681607945e-08 0.000940077765678
10.6 -2.71681607945e-08 0.000850612527833
10.7 -2.71681607945e-08 0.000769666647024
10.8 -2.71681607945e-08 0.000696416662645
10.9 -2.71681607945e-08 0.000630132017495
11 -2.71681607945e-08 0.000570163656978
11.1 -2.71681607945e-08 0.000515905741439
11.2 -2.71681607945e-08 0.000466804346748
11.3 -2.71681607945e-08 0.000422380584942
11.4 -2.71681607945e-08 0.000382189457704
11.5 -2.71681607945e-08 0.000345818620962
11.6 -2.71681607945e-08 0.000312904201919
11.7 -2.71681607945e-08 0.000283125192647
11.8 -2.71681607945e-08 0.000256181080387
11.9 -2.71681607945e-08 0.000231791138049
12 -2.71681607945e-08 0.000209735987291
12.1 -2.71681607945e-08 0.000189777989189
12.2 -2.71681607945e-08 0.0001717174909
12.3 -2.71681607945e-08 0.000155377048442
12.4 -2.71681607945e-08 0.000140596534933
12.5 -2.71681607945e-08 0.000127223377043
12.6 -2.71681607945e-08 0.000115118251034
12.7 -2.71681607945e-08 0.000104155759575
12.8 -2.71681607945e-08 9.4227385916e-05
12.9 -2.71681607945e-08 8.52369746549e-05
13 -2.71681607945e-08 7.71018543652e-05
13.1 -2.71681607945e-08 6.97530885984e-05
13.2 -2.71681607945e-08 6.31121277058e-05
13.3 -2.71681607945e-08 5.71008913486e-05
13.4 -2.71681607945e-08 5.16618923353e-05
13.5 -2.71681607945e-08 4.67464964045e-05
13.6 -2.71681607945e-08 4.23107760891e-05
13.7 -2.71681607945e-08 3.82974135857e-05
13.8 -2.71681607945e-08 3.46633853606e-05
13.9 -2.71681607945e-08 3.13730849828e-05
14 -2.71681607945e-08 2.83319113152e-05
14.1 -2.71681607945e-08 2.56783471533e-05
14.2 -2.71681607945e-08 2.32527920835e-05
14.3 -2.71681607945e-08 2.10443590161e-05
14.4 -2.71681607945e-08 1.90421608615e-05
14.5 -2.71681607945e-08 1.72335667792e-05
14.6 -2.71681607945e-08 1.55980176475e-05
14.7 -2.71681607945e-08 1.41199877281e-05
14.8 -2.71681607945e-08 1.2784869149e-05
14.9 -2.71681607945e-08 1.1578054038e-05
15 -2.71681607945e-08 1.0484953572e-05
15.1 -2.71681607945e-08 9.49666490397e-06
15.2 -2.71681607945e-08 8.60534428789e-06
15.3 -2.71681607945e-08 7.79965747053e-06
15.4 -2.71681607945e-08 7.06827019859e-06
15.5 -2.71681607945e-08 6.3998482188e-06
15.6 -2.71681607945e-08 5.78571753381e-06
15.7 -2.71681607945e-08 5.22929948496e-06
15.8 -2.71681607945e-08 4.72633651331e-06
15.9 -2.71681607945e-08 4.27117076924e-06
16 -2.71681607945e-08 3.85814440311e-06
16.1 -2.71681607945e-08 3.39393118451e-06
16.2 -2.71681607945e-08 3.09242632828e-06
16.3 -2.71681607945e-08 2.81063936294e-06
16.4 -2.71681607945e-08 2.54857028847e-06
16.5 -2.71681607945e-08 2.30621910487e-06
16.6 -2.71681607945e-08 2.08358581216e-06
16.7 -2.71681607945e-08 1.8802028874e-06
16.8 -2.71681607945e-08 1.6938842462e-06
16.9 -2.71681607945e-08 1.52435230593e-06
17 -2.71681607945e-08 1.37160706659e-06
17.1 -2.71681607945e-08 1.23564852818e-06
17.2 -2.71681607945e-08 1.1164766907e-06
17.3 -2.71681607945e-08 1.0114459188e-06
17.4 -2.71681607945e-08 9.15368531503e-07
17.5 -2.71681607945e-08 8.28107846738e-07
17.6 -2.71681607945e-08 7.49663864509e-07
17.7 -2.71681607945e-08 6.80036584815e-07
17.8 -2.71681607945e-08 6.19216166552e-07
17.9 -2.71681607945e-08 5.64574876814e-07
18 -2.71681607945e-08 5.14062937601e-07
18.1 -2.71681607945e-08 4.67680348914e-07
18.2 -2.71681607945e-08 4.25427110752e-07
18.3 -2.71681607945e-08 3.87303223115e-07
18.4 -2.71681607945e-08 3.53219108012e-07
18.5 -2.71681607945e-08 3.21880884939e-07
18.6 -2.71681607945e-08 2.92864161397e-07
18.7 -2.71681607945e-08 2.66168937388e-07
18.8 -2.71681607945e-08 2.41795212912e-07
18.9 -2.71681607945e-08 2.19742987968e-07
19 -2.71681607945e-08 1.99874692639e-07
19.1 -2.71681607945e-08 1.81547065534e-07
19.2 -2.71681607945e-08 1.64678427194e-07
19.3 -2.71681607945e-08 1.4926877762e-07
19.4 -2.71681607945e-08 1.3531811681e-07
19.5 -2.71681607945e-08 1.22826444766e-07
19.6 -2.71681607945e-08 1.11597618264e-07
19.7 -2.71681607945e-08 1.0124703083e-07
19.8 -2.71681607945e-08 9.1764549075e-08
19.9 -2.71681607945e-08 8.31501729973e-08
20 -2.71681607945e-08 7.54039025976e-08
