"Time" "Prey" "Predator"
0 6.48242100563 1.00326616258
0.1 5.80926047799 1.6852270869
0.2 4.67890874512 2.58452459792
0.3 3.33056273892 3.49119581295
0.4 2.13215747831 4.14081975214
0.5 1.28213432698 4.43071598573
0.6 0.757256765639 4.42927745165
0.7 0.453163359657 4.25181220875
0.8 0.279507467565 3.98755007643
0.9 0.179053130968 3.69012088501
1 0.119403366885 3.38831258788
1.1 0.0828479272837 3.09658929465
1.2 0.059699670183 2.82171288258
1.3 0.0445675762953 2.56640497044
1.4 0.0343767212849 2.33128845988
1.5 0.0273243387673 2.11591085078
1.6 0.0223233243889 1.91928739281
1.7 0.0186999256142 1.74019250267
1.8 0.0160255268853 1.57731736571
1.9 0.0140210258256 1.42935487734
2 0.0125001391619 1.29504554659
2.1 0.011336047679 1.17320007764
2.2 0.0104407147373 1.06270976169
2.3 0.00975196248089 0.962549467428
2.4 0.00922516839187 0.871776623444
2.5 0.0088280149008 0.789527752827
2.6 0.00853667639478 0.715014225595
2.7 0.00833342779321 0.647517153576
2.8 0.00820502765247 0.58638211157
2.9 0.00814154844465 0.531014045058
3 0.00813554225545 0.480872364551
3.1 0.00818145152364 0.435466259679
3.2 0.00827516326844 0.394350369835
3.3 0.00841368536659 0.357120736831
3.4 0.00859509369399 0.323411018226
3.5 0.00881803857783 0.29288917132
3.6 0.00908191239366 0.265254273811
3.7 0.00938654909056 0.240233616963
3.8 0.00973227189908 0.217580170807
3.9 0.0101197861474 0.197070108176
4 0.0105501606524 0.178500715894
4.1 0.0110247944842 0.161688377324
4.2 0.0115453909029 0.146466816121
4.3 0.0121139536534 0.132685462846
4.4 0.0127327670102 0.12020795171
4.5 0.0134044042333 0.10891083779
4.6 0.014131716992 0.09868231304
4.7 0.0149178476057 0.0894211725053
4.8 0.0157662283303 0.0810357391181
4.9 0.0166806041005 0.0734431597709
5 0.0176650267089 0.0665682860552
5.1 0.0187238773396 0.060343107109
5.2 0.0198618852835 0.0547061193583
5.3 0.0210841395822 0.0496015363247
5.4 0.0223961153778 0.0449789643609
5.5 0.0238036930873 0.0407927320334
5.6 0.0253131834325 0.0370014923242
5.7 0.0269313550268 0.0335678824603
5.8 0.0286654620617 0.0304579921703
5.9 0.0305232757488 0.0276411811051
6 0.0325131189042 0.0250897008743
6.1 0.0346439021312 0.0227784172984
6.2 0.036925161537 0.020684625217
6.3 0.03936710306 0.0187877227461
6.4 0.0419806447948 0.0170690891267
6.5 0.0447774664715 0.015511872279
6.6 0.0477700622097 0.0141007926829
6.7 0.0509717922373 0.0128220501741
6.8 0.0543969468909 0.011663130303
6.9 0.0580608061842 0.0106127158745
7 0.0619797078395 0.00966057163775
7.1 0.0661711240883 0.00879741282959
7.2 0.070653731717 0.00801485183536
7.3 0.0754475066382 0.00730527771849
7.4 0.0805738011483 0.00666181352713
7.5 0.086055429476 0.00607826427857
7.6 0.0919168118114 0.00554899740761
7.7 0.0981840422327 0.00506890151885
7.8 0.104884970105 0.0046333376606
7.9 0.112049433794 0.00423814216124
8 0.119709324627 0.00387954371408
8.1 0.127898653762 0.00355408214888
8.2 0.136653865041 0.00325867133992
8.3 0.146013925569 0.00299053253751
8.4 0.156020382159 0.00274710731686
8.5 0.166717740127 0.00252610610528
8.6 0.178153601188 0.00232546843064
8.7 0.190378712516 0.00214329446758
8.8 0.203447419534 0.00197788479492
8.9 0.217417869269 0.0018277181955
9 0.232352044906 0.00169139099908
9.1 0.248316341115 0.00156764997158
9.2 0.265381816253 0.00145537639927
9.3 0.283624157745 0.00135353332688
9.4 0.303124187263 0.00126117603097
9.5 0.323968822065 0.00117749624512
9.6 0.346250639226 0.00110174691386
9.7 0.370068330601 0.00103324286839
9.8 0.39552777001 0.000971384943051
9.9 0.422742249585 0.000915645079098
10 0.451832407617 0.000865537719587
10.1 0.48292711598 0.000820629766202
10.2 0.51616488697 0.000780562526112
10.3 0.551693200677 0.000745012118067
10.4 0.589669297687 0.000713693022655
10.5 0.630261949626 0.00068637986011
10.6 0.673651577774 0.000662894448232
10.7 0.72003032415 0.000643091874936
10.8 0.769603513732 0.000626874121265
10.9 0.82259172167 0.000614214035946
11 0.879229714389 0.000605121953578
11.1 0.939767812502 0.00059965725196
11.2 1.00447471646 0.000597980029179
11.3 1.07363736073 0.000600328241129
11.4 1.14756131784 0.000607008701182
11.5 1.2265731386 0.000618458906137
11.6 1.3110231757 0.000635341181753
11.7 1.40128414697 0.000658433474702
11.8 1.49775332646 0.000688705135961
11.9 1.60085650691 0.000727669420531
12 1.71104758731 0.000777204607356
12.1 1.82880961302 0.000839552678097
12.2 1.95465760287 0.000917940706774
12.3 2.08914119867 0.00101729635036
12.4 2.23284429393 0.00114330946413
12.5 2.38638721985 0.00130320354092
12.6 2.55042646277 0.0015091592901
12.7 2.72565573507 0.00177778579248
12.8 2.91280306828 0.00213352052751
12.9 3.11263000396 0.00260906124299
13 3.32591846564 0.00325728215519
13.1 3.55345802738 0.00415786407458
13.2 3.79602158602 0.00543247476885
13.3 4.05430912999 0.00727849498315
13.4 4.32886854513 0.0100143510903
13.5 4.61993198625 0.0141736425105
13.6 4.92712816826 0.0206701352621
13.7 5.24894592164 0.0311065968183
13.8 5.58170220092 0.0483720693965
13.9 5.91757805008 0.077784113069
14 6.24083611364 0.129292644844
14.1 6.52076934334 0.221565807969
14.2 6.6997483418 0.388744069182
14.3 6.6780129423 0.688162643322
14.4 6.31283414438 1.19639206349
14.5 5.48238971304 1.96035141057
14.6 4.2436280876 2.89169179986
14.7 2.90829594821 3.73818193701
14.8 1.8151887869 4.27111594445
14.9 1.08080093251 4.4540082874
15 0.639577947596 4.3834576083
15.1 0.386122215976 4.17011276999
15.2 0.241044656976 3.89089562779
15.3 0.15646777731 3.58997721207
15.4 0.105733037669 3.29052655606
15.5 0.0743019205654 3.00395209536
15.6 0.0541840629676 2.73541038701
15.7 0.040900050394 2.48678718813
15.8 0.0318704558097 2.25827723058
15.9 0.0255689621541 2.04921371126
16 0.0210673412087 1.85851138336
16.1 0.0177847599202 1.68490656731
16.2 0.0153488706728 1.52708536629
16.3 0.0135150481323 1.38375375627
16.4 0.012118975634 1.25367419664
16.5 0.0110482431797 1.13568347566
16.6 0.0102242124396 1.02870065572
16.7 0.00959108403334 0.931728222097
16.8 0.00910864248673 0.84385024297
16.9 0.00874753274723 0.764228592123
17 0.00848607063894 0.692098238691
17.1 0.00830808764705 0.62676214124
17.2 0.0082016214344 0.567585894607
17.3 0.0081575835749 0.513992966722
17.4 0.00816916629839 0.465459689609
17.5 0.00823134413937 0.421510681225
17.6 0.00834039260809 0.381714646677
17.7 0.00849368217292 0.345680403874
17.8 0.00868944822869 0.313053298697
17.9 0.00892661597107 0.283511847841
18 0.00920470623226 0.256764706277
18.1 0.00952372971022 0.232547880248
18.2 0.00988411039226 0.210622166883
18.3 0.0102867286816 0.190771004321
18.4 0.0107327703146 0.17279815105
18.5 0.0112237097979 0.1565258277
18.6 0.0117614011845 0.141793230585
18.7 0.0123479166796 0.128454485653
18.8 0.0129856463022 0.116377656529
18.9 0.0136772701246 0.105443294258
19 0.0144257312423 0.0955431000056
19.1 0.0152342860448 0.0865792283623
19.2 0.0161064748312 0.0784629290294
19.3 0.0170461483716 0.0711139050765
19.4 0.0180574824183 0.0644595354044
19.5 0.0191449807187 0.0584339333525
19.6 0.0203135037035 0.0529775858037
19.7 0.0215682810225 0.0480365511428
19.8 0.0229149337946 0.0435619918813
19.9 0.0243594995836 0.0395097742604
20 0.0259084549257 0.0358398485157
