"Time" "Prey" "Predator"
0 35.7019891478 1.00326616258
0.1 15.8911939162 16.6591739521
0.2 0.73101262379 25.9414590861
0.3 0.0276211929311 23.9726511065
0.4 0.00140732742974 21.7100429949
0.5 9.56481789726e-05 19.6449982837
0.6 8.51220561045e-06 17.7755924477
0.7 9.31874345196e-07 16.0840274578
0.8 1.26531524247e-07 14.5534314034
0.9 4.13241246624e-09 13.1684910641
1 -2.12539636623e-08 11.9153362503
1.1 -2.89128752577e-08 10.78143925
1.2 -2.9315438522e-08 9.7554476475
1.3 -2.9315438522e-08 8.82709214184
1.4 -2.9315438522e-08 7.98708007959
1.5 -2.9315438522e-08 7.22700985596
1.6 -2.9315438522e-08 6.53927817117
1.7 -2.9315438522e-08 5.91698066773
1.8 -2.9315438522e-08 5.35390587714
1.9 -2.9315438522e-08 4.84441505439
2 -2.9315438522e-08 4.3834081418
2.1 -2.9315438522e-08 3.966271801
2.2 -2.9315438522e-08 3.58883141863
2.3 -2.9315438522e-08 3.24730910082
2.4 -2.9315438522e-08 2.93828697255
2.5 -2.9315438522e-08 2.65867226266
2.6 -2.9315438522e-08 2.40566546515
2.7 -2.9315438522e-08 2.17673580517
2.8 -2.9315438522e-08 1.96959178272
2.9 -2.9315438522e-08 1.78216039845
3 -2.9315438522e-08 1.61256541411
3.1 -2.9315438522e-08 1.45910943801
3.2 -2.9315438522e-08 1.32025680984
3.3 -2.9315438522e-08 1.1946177573
3.4 -2.9315438522e-08 1.08093481373
3.5 -2.9315438522e-08 0.978070187254
3.6 -2.9315438522e-08 0.884994072523
3.7 -2.9315438522e-08 0.800775475513
3.8 -2.9315438522e-08 0.724571479346
3.9 -2.9315438522e-08 0.655619138288
4 -2.9315438522e-08 0.593228789094
4.1 -2.9315438522e-08 0.536775455518
4.2 -2.9315438522e-08 0.485694509003
4.3 -2.9315438522e-08 0.439474458838
4.4 -2.9315438522e-08 0.397652808367
4.5 -2.9315438522e-08 0.359811163
4.6 -2.9315438522e-08 0.325570516032
4.7 -2.9315438522e-08 0.294588414251
4.8 -2.9315438522e-08 0.266554547238
4.9 -2.9315438522e-08 0.241188496122
5 -2.9315438522e-08 0.218236350135
5.1 -2.9315438522e-08 0.197468344447
5.2 -2.9315438522e-08 0.178676766211
5.3 -2.9315438522e-08 0.161673378887
5.4 -2.9315438522e-08 0.146288126699
5.5 -2.9315438522e-08 0.132366941537
5.6 -2.9315438522e-08 0.11977053204
5.7 -2.9315438522e-08 0.108372858796
5.8 -2.9315438522e-08 0.0980597837565
5.9 -2.9315438522e-08 0.0887281660268
6 -2.9315438522e-08 0.0802845242037
6.1 -2.9315438522e-08 0.0726444215826
6.2 -2.9315438522e-08 0.0657313894615
6.3 -2.9315438522e-08 0.0594761973077
6.4 -2.9315438522e-08 0.0538162993362
6.5 -2.9315438522e-08 0.0486949872124
6.6 -2.9315438522e-08 0.044061039993
6.7 -2.9315438522e-08 0.0398680752556
6.8 -2.9315438522e-08 0.0360741076681
6.9 -2.9315438522e-08 0.0326412080455
7 -2.9315438522e-08 0.0295349795278
7.1 -2.9315438522e-08 0.0267243524648
7.2 -2.9315438522e-08 0.0241811935467
7.3 -2.9315438522e-08 0.0218800378425
7.4 -2.9315438522e-08 0.0197978795571
7.5 -2.9315438522e-08 0.0179138563065
7.6 -2.9315438522e-08 0.0162091253228
7.7 -2.9315438522e-08 0.0146666235583
7.8 -2.9315438522e-08 0.0132709044994
7.9 -2.9315438522e-08 0.0120080128085
8 -2.9315438522e-08 0.0108652953798
8.1 -2.9315438522e-08 0.00983132106466
8.2 -2.9315438522e-08 0.00889574981748
8.3 -2.9315438522e-08 0.00804920403455
8.4 -2.9315438522e-08 0.00728321882608
8.5 -2.9315438522e-08 0.00659011086562
8.6 -2.9315438522e-08 0.00596295849343
8.7 -2.9315438522e-08 0.00539551407259
8.8 -2.9315438522e-08 0.0048820857676
8.9 -2.9315438522e-08 0.00441752251717
9 -2.9315438522e-08 0.00399715358649
9.1 -2.9315438522e-08 0.00361680342747
9.2 -2.9315438522e-08 0.00327264966631
9.3 -2.9315438522e-08 0.0029612117213
9.4 -2.9315438522e-08 0.00267941664958
9.5 -2.9315438522e-08 0.00242444265758
9.6 -2.9315438522e-08 0.00219371727559
9.7 -2.9315438522e-08 0.00198495992135
9.8 -2.9315438522e-08 0.00179607580712
9.9 -2.9315438522e-08 0.00162515179869
10 -2.9315438522e-08 0.00147050020007
10.1 -2.9315438522e-08 0.00133057000754
10.2 -2.9315438522e-08 0.00120394574112
10.3 -2.9315438522e-08 0.00108938295442
10.4 -2.9315438522e-08 0.00098573222764
10.5 -2.9315438522e-08 0.000891931674092
10.6 -2.9315438522e-08 0.000807044933143
10.7 -2.9315438522e-08 0.000730243060838
10.8 -2.9315438522e-08 0.000660750755278
10.9 -2.9315438522e-08 0.000597860699904
11 -2.9315438522e-08 0.000540960203967
11.1 -2.9315438522e-08 0.000489480968317
11.2 -2.9315438522e-08 0.00044289785076
11.3 -2.9315438522e-08 0.000400745906079
11.4 -2.9315438522e-08 0.000362611426863
11.5 -2.9315438522e-08 0.000328107136736
11.6 -2.9315438522e-08 0.000296878990769
11.7 -2.9315438522e-08 0.000268623877313
11.8 -2.9315438522e-08 0.000243059943697
11.9 -2.9315438522e-08 0.000219914501774
12 -2.9315438522e-08 0.000198992460309
12.1 -2.9315438522e-08 0.000180057039109
12.2 -2.9315438522e-08 0.000162922950258
12.3 -2.9315438522e-08 0.000147417542293
12.4 -2.9315438522e-08 0.000133392110646
12.5 -2.9315438522e-08 0.000120704104925
12.6 -2.9315438522e-08 0.000109221794053
12.7 -2.9315438522e-08 9.88254412471e-05
12.8 -2.9315438522e-08 8.94097261597e-05
12.9 -2.9315438522e-08 8.0882547392e-05
13 -2.9315438522e-08 7.31631419958e-05
13.1 -2.9315438522e-08 6.61832289733e-05
13.2 -2.9315438522e-08 5.9881186745e-05
13.3 -2.9315438522e-08 5.4178802827e-05
13.4 -2.9315438522e-08 4.9017849458e-05
13.5 -2.9315438522e-08 4.43504937069e-05
13.6 -2.9315438522e-08 4.01368335405e-05
13.7 -2.9315438522e-08 3.63299537026e-05
13.8 -2.9315438522e-08 3.28833139653e-05
13.9 -2.9315438522e-08 2.97623514539e-05
14 -2.9315438522e-08 2.69374254709e-05
14.1 -2.9315438522e-08 2.4346680462e-05
14.2 -2.9315438522e-08 2.20555164541e-05
14.3 -2.9315438522e-08 1.99654072927e-05
14.4 -2.9315438522e-08 1.80665092438e-05
14.5 -2.9315438522e-08 1.63489464443e-05
14.6 -2.9315438522e-08 1.47968344306e-05
14.7 -2.9315438522e-08 1.33935069832e-05
14.8 -2.9315438522e-08 1.2125756005e-05
14.9 -2.9315438522e-08 1.0980373399e-05
15 -2.9315438522e-08 9.94415106822e-06
15.1 -2.9315438522e-08 9.00536181015e-06
15.2 -2.9315438522e-08 8.15851109301e-06
15.3 -2.9315438522e-08 7.39402349352e-06
15.4 -2.9315438522e-08 6.70165130278e-06
15.5 -2.9315438522e-08 6.07114681186e-06
15.6 -2.9315438522e-08 5.49231132432e-06
15.7 -2.9315438522e-08 4.96411218226e-06
15.8 -2.9315438522e-08 4.4867092858e-06
15.9 -2.9315438522e-08 4.05498721613e-06
16 -2.9315438522e-08 3.66383055443e-06
16.1 -2.9315438522e-08 3.30812388191e-06
16.2 -2.9315438522e-08 2.92512974308e-06
16.3 -2.9315438522e-08 2.66176393509e-06
16.4 -2.9315438522e-08 2.41622580804e-06
16.5 -2.9315438522e-08 2.18851536193e-06
16.6 -2.9315438522e-08 1.97863259675e-06
16.7 -2.9315438522e-08 1.78656840096e-06
16.8 -2.9315438522e-08 1.61079615734e-06
16.9 -2.9315438522e-08 1.45020143255e-06
17 -2.9315438522e-08 1.30478422658e-06
17.1 -2.9315438522e-08 1.17454453943e-06
17.2 -2.9315438522e-08 1.0594823711e-06
17.3 -2.9315438522e-08 9.59198376177e-07
17.4 -2.9315438522e-08 8.68489244346e-07
17.5 -2.9315438522e-08 7.85751681295e-07
17.6 -2.9315438522e-08 7.10985687022e-07
17.7 -2.9315438522e-08 6.44191261528e-07
17.8 -2.9315438522e-08 5.85368404813e-07
17.9 -2.9315438522e-08 5.33797076803e-07
18 -2.9315438522e-08 4.86327894199e-07
18.1 -2.9315438522e-08 4.42592247134e-07
18.2 -2.9315438522e-08 4.02590135609e-07
18.3 -2.9315438522e-08 3.66321559625e-07
18.4 -2.9315438522e-08 3.33786519181e-07
18.5 -2.9315438522e-08 3.04418015535e-07
18.6 -2.9315438522e-08 2.7717129577e-07
18.7 -2.9315438522e-08 2.52023545641e-07
18.8 -2.9315438522e-08 2.28974765149e-07
18.9 -2.9315438522e-08 2.08024954295e-07
19 -2.9315438522e-08 1.89171431918e-07
19.1 -2.9315438522e-08 1.71964976117e-07
19.2 -2.9315438522e-08 1.56077654089e-07
19.3 -2.9315438522e-08 1.41509465834e-07
19.4 -2.9315438522e-08 1.28260411352e-07
19.5 -2.9315438522e-08 1.16330490643e-07
19.6 -2.9315438522e-08 1.05690096625e-07
19.7 -2.9315438522e-08 9.59534609189e-08
19.8 -2.9315438522e-08 8.70017168397e-08
19.9 -2.9315438522e-08 7.88348643875e-08
20 -2.9315438522e-08 7.14529035623e-08
