"Time" "Prey" "Predator"
0 1.61283084558e-05 1.52494602395
0.1 1.42075247064e-05 1.37983140517
0.2 1.27480680455e-05 1.24852570458
0.3 1.16306031152e-05 1.12971462061
0.4 1.0771986523e-05 1.02220898689
0.5 1.01136554089e-05 0.92493310675
0.6 9.61367473353e-06 0.836914784544
0.7 9.24106174021e-06 0.757272387178
0.8 8.97310480327e-06 0.68520878284
0.9 8.79284007892e-06 0.620001860587
1 8.68796652979e-06 0.561000984649
1.1 8.64972314454e-06 0.507617387787
1.2 8.66993379342e-06 0.459313185613
1.3 8.74255370555e-06 0.415603022752
1.4 8.86524197575e-06 0.376053484649
1.5 9.03497787005e-06 0.340267928647
1.6 9.24973569259e-06 0.307887513673
1.7 9.50859286219e-06 0.278588374889
1.8 9.81110414437e-06 0.252077420497
1.9 1.01573511194e-05 0.22808938855
2 1.05478691862e-05 0.206384049089
2.1 1.09836093684e-05 0.186744233346
2.2 1.14658929059e-05 0.16897347714
2.3 1.19963699732e-05 0.152893791523
2.4 1.25770219199e-05 0.138344275167
2.5 1.32101415435e-05 0.125179282869
2.6 1.38983285183e-05 0.113267111607
2.7 1.46444832966e-05 0.10248849895
2.8 1.54518149517e-05 0.0927356276101
2.9 1.6323840384e-05 0.0839108247872
3 1.72643996659e-05 0.0759258283023
3.1 1.82776606542e-05 0.0687006706926
3.2 1.93681389535e-05 0.0621630940901
3.3 2.0540707934e-05 0.0562476206376
3.4 2.18006236433e-05 0.0508951074833
3.5 2.31535380133e-05 0.0460519298471
3.6 2.46055242897e-05 0.0416695107083
3.7 2.61631083166e-05 0.0377040368727
3.8 2.7833295552e-05 0.0341160695998
3.9 2.96235873766e-05 0.030869561295
4 3.15420253897e-05 0.0279320248394
4.1 3.35972237051e-05 0.0252740667594
4.2 3.57984044612e-05 0.0228690229007
4.3 3.81554398442e-05 0.0206928308428
4.4 4.06788974107e-05 0.0187236949263
4.5 4.33800841276e-05 0.0169419542803
4.6 4.62710969227e-05 0.0153297937467
4.7 4.93648752186e-05 0.0138710519966
4.8 5.26752572658e-05 0.0125511167416
4.9 5.62170468596e-05 0.0113567770204
5 6.00060720808e-05 0.0102760898822
5.1 6.40592631272e-05 0.0092982251624
5.2 6.83947213197e-05 0.00841339893884
5.3 7.30317936053e-05 0.00761280826672
5.4 7.79911862841e-05 0.00688842962089
5.5 8.32950203463e-05 0.00623299276194
5.6 8.89669259851e-05 0.00563991145442
5.7 9.5032223238e-05 0.00510328072286
5.8 0.000101517935629 0.00461771400249
5.9 0.000108452938544 0.00417831994066
6 0.000115868176507 0.00378074779638
6.1 0.000123796655782 0.00342100771773
6.2 0.000132273671963 0.00309549022918
6.3 0.000141337023075 0.00280096459258
6.4 0.000151027018014 0.00253446006415
6.5 0.000161386802351 0.00229330826016
6.6 0.000172462531873 0.0020751131331
6.7 0.000184303442054 0.00187767325417
6.8 0.000196962320974 0.00169903077413
6.9 0.000210495548245 0.00153740692008
7 0.00022496321318 0.00139115665021
7.1 0.000240429567949 0.00125879009586
7.2 0.000256963685876 0.00113902610912
7.3 0.000274639072018 0.00103066317163
7.4 0.000293534125772 0.000932596538753
7.5 0.000313733078829 0.00084385950646
7.6 0.000335325914837 0.000763576864261
7.7 0.000358408491473 0.000690935548967
7.8 0.000383083302499 0.000625198389562
7.9 0.000409460495146 0.000565725588759
8 0.000437657296063 0.000511917249044
8.1 0.000467798732944 0.00046321951075
8.2 0.000500019138699 0.000419152266778
8.3 0.00053446201837 0.000379281963656
8.4 0.000571280239795 0.000343205191248
8.5 0.000610638035047 0.000310550371718
8.6 0.00065270880227 0.000281017682272
8.7 0.000697681597621 0.000254293483778
8.8 0.00074575535705 0.000230109043826
8.9 0.000797146169511 0.000208229832597
9 0.000852083933639 0.000188437998725
9.1 0.000910811685851 0.000170528847519
9.2 0.00097358654719 0.000154315803864
9.3 0.00104068671515 0.000139632086764
9.4 0.00111242195764 0.00012633322265
9.5 0.00118910968297 0.000114291314142
9.6 0.00127108386657 0.000103397177988
9.7 0.00135869702269 9.35588360465e-05
9.8 0.0014523538879 8.46626045588e-05
9.9 0.00155247965456 7.66097904705e-05
10 0.00165951338821 6.93242955347e-05
10.1 0.00177391712041 6.27421123882e-05
10.2 0.00189619428061 5.68006513784e-05
10.3 0.00202691774122 5.1422500745e-05
10.4 0.0021666662634 4.65522283907e-05
10.5 0.00231604813251 4.21426955252e-05
10.6 0.00247570523222 3.81537219955e-05
10.7 0.00264637535529 3.45406781217e-05
10.8 0.00282883370232 3.12651953921e-05
10.9 0.0030238803885 2.82974537953e-05
11 0.00323235736908 2.56130830178e-05
11.1 0.00345518183643 2.31881315395e-05
11.2 0.00369339770138 2.09913115183e-05
11.3 0.00394805957069 1.90014763413e-05
11.4 0.0042202757774 1.72011385599e-05
11.5 0.00451121566633 1.55757438461e-05
11.6 0.00482222332973 1.41058663513e-05
11.7 0.00515471205628 1.27744517093e-05
11.8 0.00551013999255 1.15684871664e-05
11.9 0.00589004156532 1.04768453527e-05
12 0.00629608685774 9.48911371929e-06
12.1 0.006730178601 8.59368240624e-06
12.2 0.00719423919061 7.78194308526e-06
12.3 0.00769028861876 7.04675257197e-06
12.4 0.00822045753394 6.38221595652e-06
12.5 0.0087871934938 5.78071414435e-06
12.6 0.00939307341308 5.23560680527e-06
12.7 0.0100407547441 4.74193594615e-06
12.8 0.0107330340223 4.29558216976e-06
12.9 0.0114729523192 3.89250707376e-06
13 0.0122639775129 3.5274437692e-06
13.1 0.0131096138076 3.19670219883e-06
13.2 0.0140135426552 2.89715671538e-06
13.3 0.0149796462244 2.62614236023e-06
13.4 0.0160123814399 2.38064753968e-06
13.5 0.0171164469749 2.15803278557e-06
13.6 0.0182966860045 1.95624065324e-06
13.7 0.0195581953022 1.77356024741e-06
13.8 0.0209065124604 1.60835932389e-06
13.9 0.0223479578414 1.45859498456e-06
14 0.0238889190665 1.3228375183e-06
14.1 0.0255361056175 1.1999060852e-06
14.2 0.0272965866325 1.08882511078e-06
14.3 0.0291783596486 9.8835651498e-07
14.4 0.0311899537267 8.97326128103e-07
14.5 0.0333402376726 8.14781421998e-07
14.6 0.0356386852464 7.39877990709e-07
14.7 0.0380957448316 6.719156989e-07
14.8 0.040722290995 6.10285052215e-07
14.9 0.0435297725481 5.54481047996e-07
15 0.0465307646199 5.03957905193e-07
15.1 0.0497388343703 4.58166775684e-07
15.2 0.0531680801826 4.16685151014e-07
15.3 0.0568334859375 3.79138784402e-07
15.4 0.0607517502526 3.45115825564e-07
15.5 0.0649403137414 3.14267545024e-07
15.6 0.0694174894209 2.86294830828e-07
15.7 0.0742030617968 2.60926915476e-07
15.8 0.0793186842732 2.37912675333e-07
15.9 0.0847869512524 2.17040945386e-07
16 0.0906321678025 1.98115093442e-07
16.1 0.0968805579 1.80944377799e-07
16.2 0.103559616559 1.6537105781e-07
16.3 0.110699046765 1.51246500441e-07
16.4 0.118330894313 1.38428535612e-07
16.5 0.126488734257 1.26797360171e-07
16.6 0.135208913873 1.16241578022e-07
16.7 0.144530524171 1.06658433193e-07
16.8 0.154494563518 9.79606670246e-08
16.9 0.165145499177 9.00655553473e-08
17 0.176531014394 8.28965930284e-08
17.1 0.188701162102 7.63891793016e-08
17.2 0.20171014293 7.04822625881e-08
17.3 0.215616074984 6.51192875664e-08
17.4 0.230480545552 6.025087287e-08
17.5 0.246370037199 5.58315493357e-08
17.6 0.263354766066 5.18217282028e-08
17.7 0.281510504047 4.81844846399e-08
17.8 0.300918002376 4.4886585481e-08
17.9 0.321663175627 4.18987175624e-08
18 0.343838860373 3.91934796082e-08
18.1 0.367542890528 3.67473329794e-08
18.2 0.392881563365 3.45381730134e-08
18.3 0.419967004902 3.25470114307e-08
18.4 0.44891919752 3.07569266596e-08
18.5 0.47986740173 2.91525405064e-08
18.6 0.512949034562 2.7720395369e-08
18.7 0.548311075517 2.64490262887e-08
18.8 0.586110856128 2.53285884309e-08
18.9 0.626516771264 2.43503604103e-08
19 0.669708432449 2.35079121347e-08
19.1 0.715877741685 2.27962377234e-08
19.2 0.765229818761 2.22118340298e-08
19.3 0.817984328033 2.17532613065e-08
19.4 0.874375627983 2.1420672858e-08
19.5 0.93465441059 2.1216514234e-08
19.6 0.999088922496 2.1145887178e-08
19.7 1.06796536748 2.12162670794e-08
19.8 1.14159014179 2.14392027135e-08
19.9 1.22029069737 2.18303342114e-08
20 1.30441656796 2.24099120334e-08
