"Time" "Prey" "Predator"
0 1.71223455054e-05 1.52468764982
0.1 1.50836721474e-05 1.37959774652
0.2 1.35346150201e-05 1.24831438484
0.3 1.23485342502e-05 1.12952349514
0.4 1.14371945799e-05 1.02203611984
0.5 1.0738444841e-05 0.924776749615
0.6 1.02077794685e-05 0.836773357575
0.7 9.81231586527e-06 0.757144462752
0.8 9.52794932058e-06 0.685093070571
0.9 9.33667518519e-06 0.619897193797
1 9.22543753339e-06 0.560906307571
1.1 9.1849377784e-06 0.507531746866
1.2 9.20649951366e-06 0.459235721048
1.3 9.283705219e-06 0.415532952333
1.4 9.41407104485e-06 0.375990101859
1.5 9.59439216851e-06 0.340210596647
1.6 9.82251849685e-06 0.307835654934
1.7 1.0097471616e-05 0.278541467323
1.8 1.04187797882e-05 0.252034991752
1.9 1.07865305022e-05 0.22805101146
2 1.12012930634e-05 0.20634933729
2.1 1.16640780249e-05 0.186712837221
2.2 1.21762890047e-05 0.168945080311
2.3 1.27396789125e-05 0.152868108218
2.4 1.33563522328e-05 0.138321046342
2.5 1.40287442115e-05 0.125158274632
2.6 1.47596159091e-05 0.113248111954
2.7 1.55520478116e-05 0.102471316459
2.8 1.64094481012e-05 0.0927200887886
2.9 1.73355518715e-05 0.0838967729831
3 1.83344373819e-05 0.075913121521
3.1 1.94105309993e-05 0.0686891807176
3.2 2.05686283675e-05 0.062152704706
3.3 2.18139050777e-05 0.0562382268964
3.4 2.31519431019e-05 0.0508866142841
3.5 2.45887448448e-05 0.046044251391
3.6 2.61307601238e-05 0.0416625692793
3.7 2.77849194089e-05 0.0376977619301
3.8 2.95586625159e-05 0.0341103973024
3.9 3.14599559377e-05 0.0308644342847
4 3.34973398544e-05 0.0279273909028
4.1 3.56799624632e-05 0.0252698789089
4.2 3.80176176745e-05 0.0228652385122
4.3 4.05207897434e-05 0.0206894113523
4.4 4.3200701404e-05 0.0187206054423
4.5 4.60693606423e-05 0.0169391631332
4.6 4.91396143773e-05 0.0153272724468
4.7 5.24252042581e-05 0.0138687747329
4.8 5.59408264774e-05 0.0125490601614
4.9 5.97022026379e-05 0.0113549199949
5 6.37261421272e-05 0.0102744132636
5.1 6.8030624769e-05 0.0092967117105
5.2 7.26348741405e-05 0.00841203294476
5.3 7.75594366456e-05 0.00761157550348
5.4 8.28263022962e-05 0.00688731735019
5.5 8.84589636014e-05 0.00623198945057
5.6 9.44825157127e-05 0.00563900663553
5.7 0.000100923848405 0.00510246487703
5.8 0.000107811660727 0.00461697865587
5.9 0.000115176618109 0.00417765730527
6 0.000123051583584 0.00378015081173
6.1 0.000131471609883 0.00342047011916
6.2 0.000140474180532 0.00309500620847
6.3 0.000150099437117 0.00280052897254
6.4 0.000160390187722 0.00253406824396
6.5 0.000171392252403 0.00229295591092
6.6 0.000183154648816 0.00207479644382
6.7 0.00019572966491 0.00187738879788
6.8 0.000209173360933 0.00169877532067
6.9 0.000223545612494 0.00153717766615
7 0.000238910234691 0.00139095115308
7.1 0.000255335462075 0.00125860599511
7.2 0.000272894650491 0.00113886125418
7.3 0.000291665862828 0.00103051570337
7.4 0.000311732359081 0.000932464798546
7.5 0.000333183591507 0.000843741864273
7.6 0.000356115123807 0.000763471928348
7.7 0.000380628757205 0.00069084210154
7.8 0.000406833338146 0.000625115266242
7.9 0.00043484584296 0.000565651736206
8 0.000464790767165 0.000511851763047
8.1 0.00049680088992 0.000463161590211
8.2 0.000531018869849 0.000419101103608
8.3 0.000567597111048 0.000379236876003
8.4 0.000606697959765 0.000343165580815
8.5 0.000648495831647 0.000310515639734
8.6 0.000693174863229 0.000280987364547
8.7 0.000740935844348 0.000254267115078
8.8 0.000791990040372 0.000230086219248
8.9 0.000846566928096 0.000208210151525
9 0.000904910669706 0.000188421140596
9.1 0.000967279375367 0.000170514532052
9.2 0.0010339461158 0.000154303782976
9.3 0.00110520629044 0.000139622122531
9.4 0.00118138888983 0.000126325090198
9.5 0.00126283102622 0.000114284795664
9.6 0.00134988739588 0.000103392051354
9.7 0.00144293235301 9.35549039658e-05
9.8 0.00154239563832 8.46597955812e-05
9.9 0.00164872889006 7.6607968014e-05
10 0.00176239841381 6.9323322466e-05
10.1 0.00188389490959 6.27418455638e-05
10.2 0.00201375288841 5.68010294651e-05
10.3 0.00215258078101 5.14234658478e-05
10.4 0.00230099329151 4.65537058471e-05
10.5 0.00245963644691 4.21446107796e-05
10.6 0.00262919189749 3.81560086813e-05
10.7 0.00281044300474 3.45433075271e-05
10.8 0.00300421319429 3.12681168616e-05
10.9 0.00321135222281 2.83006139632e-05
11 0.00343275428984 2.56164232381e-05
11.1 0.003669393207 2.31916310175e-05
11.2 0.00392237768697 2.09949484195e-05
11.3 0.00419282783657 1.90052183033e-05
11.4 0.00448192075799 1.72049513448e-05
11.5 0.00479089823131 1.55795983723e-05
11.6 0.0051211873311 1.41097623505e-05
11.7 0.00547428930981 1.27783729967e-05
11.8 0.00585175278963 1.15724177387e-05
11.9 0.0062552074196 1.04807685273e-05
12 0.00668642630117 9.4930236652e-06
12.1 0.00714743029829 8.5975725545e-06
12.2 0.00764026125044 7.78580324519e-06
12.3 0.00816706450568 7.05057121111e-06
12.4 0.00873010269216 6.38598313092e-06
12.5 0.00933197434743 5.78443227601e-06
12.6 0.00997541688267 5.23927031446e-06
12.7 0.0106632526634 4.74553845664e-06
12.8 0.0113984517982 4.29911603853e-06
12.9 0.0121842428151 3.89597256493e-06
13 0.0130243089103 3.53084144241e-06
13.1 0.0139223720993 3.20003032037e-06
13.2 0.0148823423302 2.90041336981e-06
13.3 0.0159083422411 2.6293262978e-06
13.4 0.0170051034444 2.3837613538e-06
13.5 0.0181776174604 2.16107640749e-06
13.6 0.0194310280577 1.95921364257e-06
13.7 0.020770748404 1.77646158238e-06
13.8 0.0222026268664 1.61122148933e-06
13.9 0.0237332978292 1.46151308673e-06
14 0.0253695569 1.32585484955e-06
14.1 0.0271185624775 1.20298001014e-06
14.2 0.0289881208464 1.09167895321e-06
14.3 0.0309867207964 9.90782114028e-07
14.4 0.0331231543043 8.99347363708e-07
14.5 0.0354067052978 8.16569416901e-07
14.6 0.037847718022 7.41586945913e-07
14.7 0.0404571810199 6.73623748988e-07
14.8 0.0432465392079 6.12052518894e-07
14.9 0.0462279539767 5.5632275442e-07
15 0.0494150587425 5.05821927124e-07
15.1 0.0528220612881 4.60040427037e-07
15.2 0.0564638585736 4.18550466064e-07
15.3 0.0603564102671 3.80965970877e-07
15.4 0.0645174157984 3.46888377428e-07
15.5 0.0689653183901 3.15986369039e-07
15.6 0.0737197557721 2.87966632874e-07
15.7 0.0788021546062 2.62549355216e-07
15.8 0.084234984862 2.3949744462e-07
15.9 0.0900421345483 2.18602049776e-07
16 0.0962498213648 1.99647762903e-07
16.1 0.102885541585 1.82452698871e-07
16.2 0.10997845618 1.66857709805e-07
16.3 0.117560566395 1.52705800257e-07
16.4 0.125665508583 1.39861733315e-07
16.5 0.13432888232 1.28207760478e-07
16.6 0.14358973626 1.17628401798e-07
16.7 0.153489212649 1.08023701313e-07
16.8 0.164070746853 9.93076025069e-08
16.9 0.1753817577 9.13955243665e-08
17 0.187472594746 8.42118243648e-08
17.1 0.200396896683 7.76895468103e-08
17.2 0.214212449931 7.17673301491e-08
17.3 0.228980223162 6.63918923591e-08
17.4 0.244766224857 6.15128419881e-08
17.5 0.261640577507 5.70853063109e-08
17.6 0.27967799246 5.30694599145e-08
17.7 0.298959237224 4.94278525317e-08
17.8 0.31956944599 4.61282426328e-08
17.9 0.341600682885 4.31406574375e-08
18 0.365150885425 4.04384535001e-08
18.1 0.390324258751 3.79982140186e-08
18.2 0.417233549852 3.57980785732e-08
18.3 0.445997602185 3.38194443434e-08
18.4 0.476744814168 3.2045349534e-08
18.5 0.509611975602 3.0460939168e-08
18.6 0.544744285227 2.9053625373e-08
18.7 0.582298798327 2.78121845511e-08
18.8 0.622442131117 2.6727386364e-08
18.9 0.665353299511 2.57917326325e-08
19 0.711222403516 2.49995411012e-08
19.1 0.76025405667 2.43469360924e-08
19.2 0.812665579794 2.38318815647e-08
19.3 0.868690686351 2.34545924671e-08
19.4 0.928577681313 2.32173216039e-08
19.5 0.992593856619 2.31254445341e-08
19.6 1.06102284024 2.31868107157e-08
19.7 1.13416909032 2.34135733161e-08
19.8 1.21235795311 2.38221743422e-08
19.9 1.29593661762 2.44344235744e-08
20 1.38527681174 2.52804209189e-08
