"Time" "Prey" "Predator"
0 19.9932667769 39.9348455976
0.1 0.0266272826543 50.0568969325
0.2 4.9488807004e-05 45.3118554868
0.3 2.25118879314e-07 40.9998953411
0.4 -6.60965094529e-08 37.0982452781
0.5 -6.60965094529e-08 33.5678832133
0.6 -6.60965094529e-08 30.3734727098
0.7 -6.60965094529e-08 27.4830422617
0.8 -6.60965094529e-08 24.8676801749
0.9 -6.60965094529e-08 22.5012027519
1 -6.60965094529e-08 20.3599245277
1.1 -6.60965094529e-08 18.4224176257
1.2 -6.60965094529e-08 16.6693136621
1.3 -6.60965094529e-08 15.0830164323
1.4 -6.60965094529e-08 13.6476762214
1.5 -6.60965094529e-08 12.3489301346
1.6 -6.60965094529e-08 11.1737745018
1.7 -6.60965094529e-08 10.1104495096
1.8 -6.60965094529e-08 9.14831362613
1.9 -6.60965094529e-08 8.27773681227
2 -6.60965094529e-08 7.49000643668
2.1 -6.60965094529e-08 6.77723889885
2.2 -6.60965094529e-08 6.13229787015
2.3 -6.60965094529e-08 5.54873161813
2.4 -6.60965094529e-08 5.02069940122
2.5 -6.60965094529e-08 4.54291681332
2.6 -6.60965094529e-08 4.11060112468
2.7 -6.60965094529e-08 3.71942550242
2.8 -6.60965094529e-08 3.36547533747
2.9 -6.60965094529e-08 3.04520799738
3 -6.60965094529e-08 2.75541806848
3.1 -6.60965094529e-08 2.49320522125
3.2 -6.60965094529e-08 2.255944518
3.3 -6.60965094529e-08 2.04126249321
3.4 -6.60965094529e-08 1.84701039854
3.5 -6.60965094529e-08 1.6712437369
3.6 -6.60965094529e-08 1.51220391511
3.7 -6.60965094529e-08 1.36829832698
3.8 -6.60965094529e-08 1.23808753958
3.9 -6.60965094529e-08 1.12026759089
4 -6.60965094529e-08 1.01365997153
4.1 -6.60965094529e-08 0.917197378309
4.2 -6.60965094529e-08 0.82991441662
4.3 -6.60965094529e-08 0.750937581152
4.4 -6.60965094529e-08 0.679476222166
4.5 -6.60965094529e-08 0.614815521229
4.6 -6.60965094529e-08 0.556307927319
4.7 -6.60965094529e-08 0.503368236061
4.8 -6.60965094529e-08 0.455466335521
4.9 -6.60965094529e-08 0.412122952602
5 -6.60965094529e-08 0.372904221387
5.1 -6.60965094529e-08 0.337417611293
5.2 -6.60965094529e-08 0.305308080077
5.3 -6.60965094529e-08 0.276254100413
5.4 -6.60965094529e-08 0.249965058004
5.5 -6.60965094529e-08 0.226177682786
5.6 -6.60965094529e-08 0.204654024286
5.7 -6.60965094529e-08 0.185178585539
5.8 -6.60965094529e-08 0.167556487742
5.9 -6.60965094529e-08 0.151611371693
6 -6.60965094529e-08 0.137183608386
6.1 -6.60965094529e-08 0.124128850049
6.2 -6.60965094529e-08 0.112316343527
6.3 -6.60965094529e-08 0.101628011338
6.4 -6.60965094529e-08 0.09195681732
6.5 -6.60965094529e-08 0.0832059467539
6.6 -6.60965094529e-08 0.0752878700539
6.7 -6.60965094529e-08 0.0681232555322
6.8 -6.60965094529e-08 0.0616404685656
6.9 -6.60965094529e-08 0.0557745892289
7 -6.60965094529e-08 0.0504669107182
7.1 -6.60965094529e-08 0.0456643592454
7.2 -6.60965094529e-08 0.0413188111534
7.3 -6.60965094529e-08 0.0373868093925
7.4 -6.60965094529e-08 0.0338289779212
7.5 -6.60965094529e-08 0.030609710035
7.6 -6.60965094529e-08 0.0276968143559
7.7 -6.60965094529e-08 0.0250611036458
7.8 -6.60965094529e-08 0.0226762250788
7.9 -6.60965094529e-08 0.0205182958813
8 -6.60965094529e-08 0.0185657159833
8.1 -6.60965094529e-08 0.0167989566646
8.2 -6.60965094529e-08 0.015200316995
8.3 -6.60965094529e-08 0.0137538124694
8.4 -6.60965094529e-08 0.0124449652234
8.5 -6.60965094529e-08 0.0112606665911
8.6 -6.60965094529e-08 0.0101890683399
8.7 -6.60965094529e-08 0.00921942813035
8.8 -6.60965094529e-08 0.00834206992223
8.9 -6.60965094529e-08 0.00754823133065
9 -6.60965094529e-08 0.00682995131416
9.1 -6.60965094529e-08 0.00618001569297
9.2 -6.60965094529e-08 0.0055919322193
9.3 -6.60965094529e-08 0.00505982703231
9.4 -6.60965094529e-08 0.00457832759038
9.5 -6.60965094529e-08 0.00414264315729
9.6 -6.60965094529e-08 0.00374842925392
9.7 -6.60965094529e-08 0.0033917127539
9.8 -6.60965094529e-08 0.00306895192146
9.9 -6.60965094529e-08 0.00277691467841
10 -6.60965094529e-08 0.00251265207133
10.1 -6.60965094529e-08 0.00227354618224
10.2 -6.60965094529e-08 0.00205719674994
10.3 -6.60965094529e-08 0.00186142819495
10.4 -6.60965094529e-08 0.00168431214731
10.5 -6.60965094529e-08 0.00152406132826
10.6 -6.60965094529e-08 0.00137902945597
10.7 -6.60965094529e-08 0.00124778913354
10.8 -6.60965094529e-08 0.00112904697125
10.9 -6.60965094529e-08 0.00102160078835
11 -6.60965094529e-08 0.000924363501086
11.1 -6.60965094529e-08 0.000836390034925
11.2 -6.60965094529e-08 0.000756796850412
11.3 -6.60965094529e-08 0.000684770806428
11.4 -6.60965094529e-08 0.00061960161882
11.5 -6.60965094529e-08 0.000560643430662
11.6 -6.60965094529e-08 0.000507294553067
11.7 -6.60965094529e-08 0.000459010967199
11.8 -6.60965094529e-08 0.00041532588799
11.9 -6.60965094529e-08 0.000375800760549
12 -6.60965094529e-08 0.00034001835754
12.1 -6.60965094529e-08 0.00030766727371
12.2 -6.60965094529e-08 0.000278390240844
12.3 -6.60965094529e-08 0.000251898113105
12.4 -6.60965094529e-08 0.000227925714762
12.5 -6.60965094529e-08 0.00020624227864
12.6 -6.60965094529e-08 0.000186625332474
12.7 -6.60965094529e-08 0.000168870836444
12.8 -6.60965094529e-08 0.000152793903548
12.9 -6.60965094529e-08 0.000138233415123
13 -6.60965094529e-08 0.000125047402373
13.1 -6.60965094529e-08 0.000113112458791
13.2 -6.60965094529e-08 0.000102324882926
13.3 -6.60965094529e-08 9.25830639783e-05
13.4 -6.60965094529e-08 8.37657090282e-05
13.5 -6.60965094529e-08 7.57863115289e-05
13.6 -6.60965094529e-08 6.85720061781e-05
13.7 -6.60965094529e-08 6.2061092398e-05
13.8 -6.60965094529e-08 5.61746364228e-05
13.9 -6.60965094529e-08 5.08448873337e-05
14 -6.60965094529e-08 4.60188922741e-05
14.1 -6.60965094529e-08 4.1651465334e-05
14.2 -6.60965094529e-08 3.76550347059e-05
14.3 -6.60965094529e-08 3.41054889455e-05
14.4 -6.60965094529e-08 3.08700833018e-05
14.5 -6.60965094529e-08 2.79332748657e-05
14.6 -6.60965094529e-08 2.52788855617e-05
14.7 -6.60965094529e-08 2.28792403219e-05
14.8 -6.60965094529e-08 2.0710130613e-05
14.9 -6.60965094529e-08 1.87507083781e-05
15 -6.60965094529e-08 1.69801255601e-05
15.1 -6.60965094529e-08 1.53775341021e-05
15.2 -6.60965094529e-08 1.39264799704e-05
15.3 -6.60965094529e-08 1.26179861546e-05
15.4 -6.60965094529e-08 1.14361532402e-05
15.5 -6.60965094529e-08 1.03648057645e-05
15.6 -6.60965094529e-08 9.38776826469e-06
15.7 -6.60965094529e-08 8.48983510381e-06
15.8 -6.60965094529e-08 7.67335522416e-06
15.9 -6.60965094529e-08 6.93538457033e-06
16 -6.60965094529e-08 6.26784802759e-06
16.1 -6.60965094529e-08 5.66267048119e-06
16.2 -6.60965094529e-08 5.11177681638e-06
16.3 -6.60965094529e-08 4.52885317057e-06
16.4 -6.60965094529e-08 4.11896532186e-06
16.5 -6.60965094529e-08 3.73721738071e-06
16.6 -6.60965094529e-08 3.38360934713e-06
16.7 -6.60965094529e-08 3.05814122112e-06
16.8 -6.60965094529e-08 2.76063710025e-06
16.9 -6.60965094529e-08 2.48814461605e-06
17 -6.60965094529e-08 2.23960969333e-06
17.1 -6.60965094529e-08 2.0150323321e-06
17.2 -6.60965094529e-08 1.81441253235e-06
17.3 -6.60965094529e-08 1.63775029408e-06
17.4 -6.60965094529e-08 1.48338704198e-06
17.5 -6.60965094529e-08 1.34281014122e-06
17.6 -6.60965094529e-08 1.21481632183e-06
17.7 -6.60965094529e-08 1.09940558379e-06
17.8 -6.60965094529e-08 9.96577927117e-07
17.9 -6.60965094529e-08 9.06333351805e-07
18 -6.60965094529e-08 8.26584161145e-07
18.1 -6.60965094529e-08 7.52875743323e-07
18.2 -6.60965094529e-08 6.85060629016e-07
18.3 -6.60965094529e-08 6.23138818224e-07
18.4 -6.60965094529e-08 5.67110310946e-07
18.5 -6.60965094529e-08 5.16973040108e-07
18.6 -6.60965094529e-08 4.71337787683e-07
18.7 -6.60965094529e-08 4.29015693962e-07
18.8 -6.60965094529e-08 3.90006758944e-07
18.9 -6.60965094529e-08 3.54310982629e-07
19 -6.60965094529e-08 3.21928365018e-07
19.1 -6.60965094529e-08 2.92807134933e-07
19.2 -6.60965094529e-08 2.66078358458e-07
19.3 -6.60965094529e-08 2.41431802741e-07
19.4 -6.60965094529e-08 2.18867467781e-07
19.5 -6.60965094529e-08 1.9838535358e-07
19.6 -6.60965094529e-08 1.79985460137e-07
19.7 -6.60965094529e-08 1.63544823565e-07
19.8 -6.60965094529e-08 1.48432331942e-07
19.9 -6.60965094529e-08 1.34558776926e-07
20 -6.60965094529e-08 1.21924158516e-07
