"Time" "Prey" "Predator"
0 36.2098946371 33.6533014487
0.1 0.0290616387095 55.6951172019
0.2 2.64166484742e-05 50.4151870868
0.3 1.198006353e-07 45.6175346644
0.4 -1.02309688287e-07 41.2764916003
0.5 -9.60998472592e-08 37.3485220312
0.6 -1.24849712673e-07 33.7943299721
0.7 -1.2529378935e-07 30.5783728063
0.8 -1.2529378935e-07 27.6684541189
0.9 -1.2529378935e-07 25.0354430524
1 -1.2529378935e-07 22.6529975446
1.1 -1.2529378935e-07 20.4972728197
1.2 -1.2529378935e-07 18.5466930833
1.3 -1.2529378935e-07 16.7817361883
1.4 -1.2529378935e-07 15.1847388119
1.5 -1.2529378935e-07 13.7397193654
1.6 -1.2529378935e-07 12.4322249774
1.7 -1.2529378935e-07 11.2491441694
1.8 -1.2529378935e-07 10.1786467585
1.9 -1.2529378935e-07 9.21002123424
2 -1.2529378935e-07 8.33357287115
2.1 -1.2529378935e-07 7.54052905809
2.2 -1.2529378935e-07 6.82295340856
2.3 -1.2529378935e-07 6.17366550489
2.4 -1.2529378935e-07 5.58616391465
2.5 -1.2529378935e-07 5.05456608222
2.6 -1.2529378935e-07 4.57355882969
2.7 -1.2529378935e-07 4.1383258327
2.8 -1.2529378935e-07 3.74451237944
2.9 -1.2529378935e-07 3.38817517472
3 -1.2529378935e-07 3.06574764882
3.1 -1.2529378935e-07 2.77400258524
3.2 -1.2529378935e-07 2.5100213838
3.3 -1.2529378935e-07 2.27116131092
3.4 -1.2529378935e-07 2.05503168835
3.5 -1.2529378935e-07 1.85946938984
3.6 -1.2529378935e-07 1.68251688257
3.7 -1.2529378935e-07 1.52240306606
3.8 -1.2529378935e-07 1.37752720992
3.9 -1.2529378935e-07 1.24643790693
4 -1.2529378935e-07 1.12782369777
4.1 -1.2529378935e-07 1.02049700128
4.2 -1.2529378935e-07 0.923383565939
4.3 -1.2529378935e-07 0.835511996587
4.4 -1.2529378935e-07 0.756002157151
4.5 -1.2529378935e-07 0.684059067554
4.6 -1.2529378935e-07 0.61896219721
4.7 -1.2529378935e-07 0.56006012564
4.8 -1.2529378935e-07 0.506763326796
4.9 -1.2529378935e-07 0.458538205887
5 -1.2529378935e-07 0.414902545528
5.1 -1.2529378935e-07 0.375419230439
5.2 -1.2529378935e-07 0.339693359491
5.3 -1.2529378935e-07 0.307367243541
5.4 -1.2529378935e-07 0.278117318401
5.5 -1.2529378935e-07 0.25165096211
5.6 -1.2529378935e-07 0.227703104579
5.7 -1.2529378935e-07 0.206034294463
5.8 -1.2529378935e-07 0.186427504055
5.9 -1.2529378935e-07 0.168686562904
6 -1.2529378935e-07 0.152633891162
6.1 -1.2529378935e-07 0.138108766208
6.2 -1.2529378935e-07 0.124965988252
6.3 -1.2529378935e-07 0.113073868588
6.4 -1.2529378935e-07 0.102313455439
6.5 -1.2529378935e-07 0.0925770483531
6.6 -1.2529378935e-07 0.0837671432797
6.7 -1.2529378935e-07 0.0757956552911
6.8 -1.2529378935e-07 0.0685827182651
6.9 -1.2529378935e-07 0.0620561963056
7 -1.2529378935e-07 0.0561507714741
7.1 -1.2529378935e-07 0.0508073011119
7.2 -1.2529378935e-07 0.0459723553529
7.3 -1.2529378935e-07 0.0415974939442
7.4 -1.2529378935e-07 0.0376389616127
7.5 -1.2529378935e-07 0.0340571399077
7.6 -1.2529378935e-07 0.0308161597879
7.7 -1.2529378935e-07 0.027883619252
7.8 -1.2529378935e-07 0.0252301360559
7.9 -1.2529378935e-07 0.0228291684387
8 -1.2529378935e-07 0.0206566854396
8.1 -1.2529378935e-07 0.0186909324304
8.2 -1.2529378935e-07 0.0169122573469
8.3 -1.2529378935e-07 0.0153028388732
8.4 -1.2529378935e-07 0.0138465793254
8.5 -1.2529378935e-07 0.0125289034732
8.6 -1.2529378935e-07 0.0113366158004
8.7 -1.2529378935e-07 0.0102577956197
8.8 -1.2529378935e-07 0.00928163415279
8.9 -1.2529378935e-07 0.00839836833006
9 -1.2529378935e-07 0.00759915810732
9.1 -1.2529378935e-07 0.00687599976935
9.2 -1.2529378935e-07 0.00622166239576
9.3 -1.2529378935e-07 0.00562959166443
9.4 -1.2529378935e-07 0.00509386412317
9.5 -1.2529378935e-07 0.00460911036359
9.6 -1.2529378935e-07 0.00417047482585
9.7 -1.2529378935e-07 0.00377358854609
9.8 -1.2529378935e-07 0.00341449473394
9.9 -1.2529378935e-07 0.00308958628746
10 -1.2529378935e-07 0.00279559966042
10.1 -1.2529378935e-07 0.00252957637434
10.2 -1.2529378935e-07 0.00228888215091
10.3 -1.2529378935e-07 0.00207109523683
10.4 -1.2529378935e-07 0.00187400185205
10.5 -1.2529378935e-07 0.00169566308965
10.6 -1.2529378935e-07 0.00153430223707
10.7 -1.2529378935e-07 0.00138828656437
10.8 -1.2529378935e-07 0.00125616799232
10.9 -1.2529378935e-07 0.00113663397382
11 -1.2529378935e-07 0.00102843088216
11.1 -1.2529378935e-07 0.000930587888192
11.2 -1.2529378935e-07 0.000842039230858
11.3 -1.2529378935e-07 0.000761911527889
11.4 -1.2529378935e-07 0.000689401939322
11.5 -1.2529378935e-07 0.000623801703756
11.6 -1.2529378935e-07 0.000564444617476
11.7 -1.2529378935e-07 0.000510725810552
11.8 -1.2529378935e-07 0.000462100483267
11.9 -1.2529378935e-07 0.000418084706654
12 -1.2529378935e-07 0.000378256939123
12.1 -1.2529378935e-07 0.000342250182309
12.2 -1.2529378935e-07 0.000309672054575
12.3 -1.2529378935e-07 0.000280187095753
12.4 -1.2529378935e-07 0.000253516368276
12.5 -1.2529378935e-07 0.000229407163565
12.6 -1.2529378935e-07 0.000207586234155
12.7 -1.2529378935e-07 0.00018783463772
12.8 -1.2529378935e-07 0.000169965954703
12.9 -1.2529378935e-07 0.000153801310533
13 -1.2529378935e-07 0.000139164830116
13.1 -1.2529378935e-07 0.000125916746779
13.2 -1.2529378935e-07 0.000113937445616
13.3 -1.2529378935e-07 0.000103094399965
13.4 -1.2529378935e-07 9.32726770786e-05
13.5 -1.2529378935e-07 8.43821757701e-05
13.6 -1.2529378935e-07 7.63484500666e-05
13.7 -1.2529378935e-07 6.90981207391e-05
13.8 -1.2529378935e-07 6.25354154083e-05
13.9 -1.2529378935e-07 5.65940166243e-05
14 -1.2529378935e-07 5.12180249676e-05
14.1 -1.2529378935e-07 4.63599964504e-05
14.2 -1.2529378935e-07 4.19638275754e-05
14.3 -1.2529378935e-07 3.79805584675e-05
14.4 -1.2529378935e-07 3.43721222611e-05
14.5 -1.2529378935e-07 3.11065913906e-05
14.6 -1.2529378935e-07 2.81536888715e-05
14.7 -1.2529378935e-07 2.5477569937e-05
14.8 -1.2529378935e-07 2.30527751486e-05
14.9 -1.2529378935e-07 2.08583729415e-05
15 -1.2529378935e-07 1.88450293032e-05
15.1 -1.2529378935e-07 1.70745970384e-05
15.2 -1.2529378935e-07 1.546049152e-05
15.3 -1.2529378935e-07 1.39937800982e-05
15.4 -1.2529378935e-07 1.26655301233e-05
15.5 -1.2529378935e-07 1.14654755106e-05
15.6 -1.2529378935e-07 1.03806300825e-05
15.7 -1.2529378935e-07 9.40035502724e-06
15.8 -1.2529378935e-07 8.51414180278e-06
15.9 -1.2529378935e-07 7.71148186717e-06
16 -1.2529378935e-07 6.98213909225e-06
16.1 -1.2529378935e-07 6.32234968014e-06
16.2 -1.2529378935e-07 5.7267963125e-06
16.3 -1.2529378935e-07 5.18802176346e-06
16.4 -1.2529378935e-07 4.69856880716e-06
16.5 -1.2529378935e-07 4.25098021773e-06
16.6 -1.2529378935e-07 3.84088080296e-06
16.7 -1.2529378935e-07 3.47018245357e-06
16.8 -1.2529378935e-07 3.1353714797e-06
16.9 -1.2529378935e-07 2.83263309223e-06
17 -1.2529378935e-07 2.558152502e-06
17.1 -1.2529378935e-07 2.25243091192e-06
17.2 -1.2529378935e-07 2.05281294093e-06
17.3 -1.2529378935e-07 1.86616615538e-06
17.4 -1.2529378935e-07 1.6924905553e-06
17.5 -1.2529378935e-07 1.53178614068e-06
17.6 -1.2529378935e-07 1.38405291152e-06
17.7 -1.2529378935e-07 1.24881639298e-06
17.8 -1.2529378935e-07 1.1249207719e-06
17.9 -1.2529378935e-07 1.01231390097e-06
18 -1.2529378935e-07 9.10995780196e-07
18.1 -1.2529378935e-07 8.20966409577e-07
18.2 -1.2529378935e-07 7.42225786353e-07
18.3 -1.2529378935e-07 6.72125616774e-07
18.4 -1.2529378935e-07 6.08028398302e-07
18.5 -1.2529378935e-07 5.49934130939e-07
18.6 -1.2529378935e-07 4.97842814683e-07
18.7 -1.2529378935e-07 4.51754449535e-07
18.8 -1.2529378935e-07 4.11568403129e-07
18.9 -1.2529378935e-07 3.75087118093e-07
19 -1.2529378935e-07 3.41414705272e-07
19.1 -1.2529378935e-07 3.10551164664e-07
19.2 -1.2529378935e-07 2.82496496271e-07
19.3 -1.2529378935e-07 2.57250700092e-07
19.4 -1.2529378935e-07 2.34657906571e-07
19.5 -1.2529378935e-07 2.13786709498e-07
19.6 -1.2529378935e-07 1.94482507964e-07
19.7 -1.2529378935e-07 1.7674530197e-07
19.8 -1.2529378935e-07 1.60575091515e-07
19.9 -1.2529378935e-07 1.45971876599e-07
20 -1.2529378935e-07 1.32771166577e-07
