"Time" "Prey" "Predator"
0 7.92699510604 19.6120104191
0.1 0.418267645408 23.1194096535
0.2 0.023135716125 21.201397022
0.3 0.00167612880624 19.1991951378
0.4 0.000156793340676 17.3732435412
0.5 1.85287178707e-05 15.7200609252
0.6 2.67810528631e-06 14.2241118256
0.7 4.63158612104e-07 12.8705114028
0.8 9.50642975352e-08 11.6457219101
0.9 8.90803417439e-09 10.5374855915
1 -1.5337148357e-08 9.53470420348
1.1 -1.58454370718e-08 8.6273555959
1.2 -1.67577929196e-08 7.80635272398
1.3 -1.67723050601e-08 7.06347822862
1.4 -1.54194196664e-08 6.39129575689
1.5 -1.40580136913e-08 5.78308731676
1.6 -1.21623581476e-08 5.23276010816
1.7 -1.3011756871e-08 4.7347941387
1.8 -1.27659929061e-08 4.28421995499
1.9 -1.27538784052e-08 3.87652290002
2 -1.27707159576e-08 3.50762302644
2.1 -1.27707159576e-08 3.17382864937
2.2 -1.27707159576e-08 2.87179914882
2.3 -1.27707159576e-08 2.59851146828
2.4 -1.27707159576e-08 2.35123083226
2.5 -1.27707159576e-08 2.12748211658
2.6 -1.27707159576e-08 1.92502591936
2.7 -1.27707159576e-08 1.74183566787
2.8 -1.27707159576e-08 1.57607844868
2.9 -1.27707159576e-08 1.42609504385
3 -1.27707159576e-08 1.29038433456
3.1 -1.27707159576e-08 1.16758834437
3.2 -1.27707159576e-08 1.05647775802
3.3 -1.27707159576e-08 0.955940774213
3.4 -1.27707159576e-08 0.864971106407
3.5 -1.27707159576e-08 0.782658168856
3.6 -1.27707159576e-08 0.708177805044
3.7 -1.27707159576e-08 0.640785587257
3.8 -1.27707159576e-08 0.579806656178
3.9 -1.27707159576e-08 0.524630809929
4 -1.27707159576e-08 0.474705590181
4.1 -1.27707159576e-08 0.429531369554
4.2 -1.27707159576e-08 0.388655992841
4.3 -1.27707159576e-08 0.351670495119
4.4 -1.27707159576e-08 0.318204628056
4.5 -1.27707159576e-08 0.287923437245
4.6 -1.27707159576e-08 0.260523873509
4.7 -1.27707159576e-08 0.23573162703
4.8 -1.27707159576e-08 0.213298595136
4.9 -1.27707159576e-08 0.193000543991
5 -1.27707159576e-08 0.174634062812
5.1 -1.27707159576e-08 0.158015435004
5.2 -1.27707159576e-08 0.14297828215
5.3 -1.27707159576e-08 0.12937204322
5.4 -1.27707159576e-08 0.117060675619
5.5 -1.27707159576e-08 0.105920824768
5.6 -1.27707159576e-08 0.0958411082454
5.7 -1.27707159576e-08 0.0867206302837
5.8 -1.27707159576e-08 0.0784680547937
5.9 -1.27707159576e-08 0.0710008459011
6 -1.27707159576e-08 0.0642441940276
6.1 -1.27707159576e-08 0.058130538354
6.2 -1.27707159576e-08 0.0525986813477
6.3 -1.27707159576e-08 0.0475932331849
6.4 -1.27707159576e-08 0.0430641480114
6.5 -1.27707159576e-08 0.0389660444722
6.6 -1.27707159576e-08 0.0352579334997
6.7 -1.27707159576e-08 0.0319026937414
6.8 -1.27707159576e-08 0.0288667342178
6.9 -1.27707159576e-08 0.0261197051383
7 -1.27707159576e-08 0.0236340801027
7.1 -1.27707159576e-08 0.0213849992101
7.2 -1.27707159576e-08 0.0193499475058
7.3 -1.27707159576e-08 0.0175085490333
7.4 -1.27707159576e-08 0.0158423923516
7.5 -1.27707159576e-08 0.0143347833915
7.6 -1.27707159576e-08 0.0129706465393
7.7 -1.27707159576e-08 0.0117363265413
7.8 -1.27707159576e-08 0.0106194636827
7.9 -1.27707159576e-08 0.00960888921076
8 -1.27707159576e-08 0.00869447983557
8.1 -1.27707159576e-08 0.00786708911452
8.2 -1.27707159576e-08 0.00711842502217
8.3 -1.27707159576e-08 0.00644099292267
8.4 -1.27707159576e-08 0.00582804486118
8.5 -1.27707159576e-08 0.00527344982111
8.6 -1.27707159576e-08 0.00477164402323
8.7 -1.27707159576e-08 0.00431758067034
8.8 -1.27707159576e-08 0.00390673069495
8.9 -1.27707159576e-08 0.00353499077806
9 -1.27707159576e-08 0.00319860002521
9.1 -1.27707159576e-08 0.00289421001658
9.2 -1.27707159576e-08 0.00261879643131
9.3 -1.27707159576e-08 0.00236958066936
9.4 -1.27707159576e-08 0.00214408226509
9.5 -1.27707159576e-08 0.00194005573721
9.6 -1.27707159576e-08 0.00175543506712
9.7 -1.27707159576e-08 0.0015883818486
9.8 -1.27707159576e-08 0.00143723402927
9.9 -1.27707159576e-08 0.0013004618373
10 -1.27707159576e-08 0.00117670985261
10.1 -1.27707159576e-08 0.00106474830721
10.2 -1.27707159576e-08 0.000963437843613
10.3 -1.27707159576e-08 0.000871745835709
10.4 -1.27707159576e-08 0.00078878479291
10.5 -1.27707159576e-08 0.000713722671027
10.6 -1.27707159576e-08 0.000645794227532
10.7 -1.27707159576e-08 0.000584329142319
10.8 -1.27707159576e-08 0.000528721012325
10.9 -1.27707159576e-08 0.000478406225081
11 -1.27707159576e-08 0.000432873511964
11.1 -1.27707159576e-08 0.000391679935691
11.2 -1.27707159576e-08 0.000354410245794
11.3 -1.27707159576e-08 0.000320681149087
11.4 -1.27707159576e-08 0.000290159763346
11.5 -1.27707159576e-08 0.000262545787826
11.6 -1.27707159576e-08 0.000237559792266
11.7 -1.27707159576e-08 0.000214944145342
11.8 -1.27707159576e-08 0.000194491390099
11.9 -1.27707159576e-08 0.000175983992771
12 -1.27707159576e-08 0.000159235710867
12.1 -1.27707159576e-08 0.000144084086168
12.2 -1.27707159576e-08 0.000130378394784
12.3 -1.27707159576e-08 0.000117976831496
12.4 -1.27707159576e-08 0.000106750113441
12.5 -1.27707159576e-08 9.65826497476e-05
12.6 -1.27707159576e-08 8.73744091028e-05
12.7 -1.27707159576e-08 7.90367791643e-05
12.8 -1.27707159576e-08 7.1494089392e-05
12.9 -1.27707159576e-08 6.46826521923e-05
13 -1.27707159576e-08 5.85239372975e-05
13.1 -1.27707159576e-08 5.29494028892e-05
13.2 -1.27707159576e-08 4.79062977787e-05
13.3 -1.27707159576e-08 4.33502353561e-05
13.4 -1.27707159576e-08 3.92379727782e-05
13.5 -1.27707159576e-08 3.55158815377e-05
13.6 -1.27707159576e-08 3.21455094627e-05
13.7 -1.27707159576e-08 2.9094179488e-05
13.8 -1.27707159576e-08 2.62828365139e-05
13.9 -1.27707159576e-08 2.38167557775e-05
14 -1.27707159576e-08 2.15641849411e-05
14.1 -1.27707159576e-08 1.95148363965e-05
14.2 -1.27707159576e-08 1.76584225354e-05
14.3 -1.27707159576e-08 1.59816721338e-05
14.4 -1.27707159576e-08 1.44652586254e-05
14.5 -1.27707159576e-08 1.30950912505e-05
14.6 -1.27707159576e-08 1.18573672491e-05
14.7 -1.27707159576e-08 1.07382838613e-05
14.8 -1.27707159576e-08 9.72431704409e-06
14.9 -1.27707159576e-08 8.80850968448e-06
15 -1.27707159576e-08 7.98231622392e-06
15.1 -1.27707159576e-08 7.23502763419e-06
15.2 -1.27707159576e-08 6.55593488705e-06
15.3 -1.27707159576e-08 5.93432895427e-06
15.4 -1.27707159576e-08 5.36405306093e-06
15.5 -1.27707159576e-08 4.84818937415e-06
15.6 -1.27707159576e-08 4.38183152593e-06
15.7 -1.27707159576e-08 3.95963373263e-06
15.8 -1.27707159576e-08 3.57625021061e-06
15.9 -1.27707159576e-08 3.1519645751e-06
16 -1.27707159576e-08 2.87057927709e-06
16.1 -1.27707159576e-08 2.60782419106e-06
16.2 -1.27707159576e-08 2.363699317e-06
16.3 -1.27707159576e-08 2.13820465491e-06
16.4 -1.27707159576e-08 1.93134020478e-06
16.5 -1.27707159576e-08 1.74232262327e-06
16.6 -1.27707159576e-08 1.5692509649e-06
16.7 -1.27707159576e-08 1.41204016665e-06
16.8 -1.27707159576e-08 1.27069022851e-06
16.9 -1.27707159576e-08 1.1452011505e-06
17 -1.27707159576e-08 1.03557291526e-06
17.1 -1.27707159576e-08 9.38024212667e-07
17.2 -1.27707159576e-08 8.48805997332e-07
17.3 -1.27707159576e-08 7.67918269255e-07
17.4 -1.27707159576e-08 6.95361028438e-07
17.5 -1.27707159576e-08 6.31134274881e-07
17.6 -1.27707159576e-08 5.75097220787e-07
17.7 -1.27707159576e-08 5.2420029571e-07
17.8 -1.27707159576e-08 4.77205000869e-07
17.9 -1.27707159576e-08 4.34111336264e-07
18 -1.27707159576e-08 3.94919301895e-07
18.1 -1.27707159576e-08 3.59628897763e-07
18.2 -1.27707159576e-08 3.28024767007e-07
18.3 -1.27707159576e-08 2.98825795856e-07
18.4 -1.27707159576e-08 2.71820292758e-07
18.5 -1.27707159576e-08 2.47008257714e-07
18.6 -1.27707159576e-08 2.24389690724e-07
18.7 -1.27707159576e-08 2.03964591788e-07
18.8 -1.27707159576e-08 1.8550244444e-07
18.9 -1.27707159576e-08 1.68443852572e-07
19 -1.27707159576e-08 1.52763784467e-07
19.1 -1.27707159576e-08 1.38462240124e-07
19.2 -1.27707159576e-08 1.25539219545e-07
19.3 -1.27707159576e-08 1.13994721443e-07
19.4 -1.27707159576e-08 1.03548403348e-07
19.5 -1.27707159576e-08 9.39223148634e-08
19.6 -1.27707159576e-08 8.51164559903e-08
19.7 -1.27707159576e-08 7.71308267284e-08
19.8 -1.27707159576e-08 6.99654270776e-08
19.9 -1.27707159576e-08 6.36087822372e-08
20 -1.27707159576e-08 5.78123393156e-08
