"Time" "Prey" "Predator"
0 0.751042280872 9.22770027857
0.1 0.241342764749 8.73086668943
0.2 0.084398365791 8.01797728948
0.3 0.0325157042175 7.29422328577
0.4 0.0137596522203 6.61438933877
0.5 0.00635158544436 5.99064589462
0.6 0.00317429412239 5.42302858724
0.7 0.00170507235798 4.90811272267
0.8 0.000977832175971 4.4416218513
0.9 0.000594936580682 4.01925389999
1 0.000381916465435 3.63694533564
1.1 0.000257291220148 3.29094760629
1.2 0.000181114133211 2.97783682071
1.3 0.000132665382974 2.69449985983
1.4 0.000100596543458 2.4381114428
1.5 7.88974028856e-05 2.20611316086
1.6 6.3750464462e-05 1.99618706658
1.7 5.28884238124e-05 1.80623452847
1.8 4.49469653225e-05 1.63435592011
1.9 3.90445896422e-05 1.47883202333
2 3.46080696088e-05 1.33810716662
2.1 3.12451391393e-05 1.21077467936
2.2 2.86611936737e-05 1.09555835208
2.3 2.66634170123e-05 0.991305038288
2.4 2.5133728362e-05 0.896972217014
2.5 2.39774582446e-05 0.81161609811
2.6 2.31231950114e-05 0.73438251783
2.7 2.25183141e-05 0.664498353992
2.8 2.21246678933e-05 0.60126441301
2.9 2.19137683745e-05 0.544048241032
3 2.18625234417e-05 0.492276549257
3.1 2.19521804829e-05 0.445430527729
3.2 2.21723280139e-05 0.403042100639
3.3 2.25199101738e-05 0.364688521433
3.4 2.29849529701e-05 0.32998491604
3.5 2.35615671563e-05 0.298583359395
3.6 2.42489219284e-05 0.270169882215
3.7 2.50472220733e-05 0.244460357778
3.8 2.59563474134e-05 0.221197429338
3.9 2.69778703058e-05 0.200148320082
4 2.81145674815e-05 0.181102223679
4.1 2.9370020213e-05 0.163868466594
4.2 3.07487222163e-05 0.148274727952
4.3 3.22559273209e-05 0.134164953435
4.4 3.38976370788e-05 0.121397882211
4.5 3.56806485773e-05 0.109845722065
4.6 3.76125383174e-05 0.0993928666219
4.7 3.97016353358e-05 0.0899346491027
4.8 4.19570945809e-05 0.0813765086479
4.9 4.43888770948e-05 0.0736328276743
5 4.70077662193e-05 0.0666260271133
5.1 4.98254462087e-05 0.060286030404
5.2 5.28545191146e-05 0.0545493244901
5.3 5.61085662601e-05 0.0493585260203
5.4 5.9602195598e-05 0.0446616933906
5.5 6.33510996458e-05 0.0404117917583
5.6 6.73721269317e-05 0.0365663461543
5.7 7.16833457855e-05 0.0330868287287
5.8 7.63041242089e-05 0.0299384231054
5.9 8.12552151835e-05 0.0270896184097
6 8.65588467013e-05 0.0245118900681
6.1 9.22388159608e-05 0.0221794741263
6.2 9.83205975866e-05 0.020069002832
6.3 0.000104831450549 0.0181593659299
6.4 0.000111800542388 0.0164314544388
6.5 0.000119259077674 0.014867962371
6.6 0.000127240430785 0.0134532560975
6.7 0.000135780304089 0.0121731640965
6.8 0.000144916872563 0.011014881094
6.9 0.000154690972296 0.00996682996637
7 0.000165146257491 0.00901850206585
7.1 0.000176329412088 0.00816041636965
7.2 0.000188290366863 0.00738396827455
7.3 0.00020108248444 0.00668140066751
7.4 0.000214762806775 0.00604571238417
7.5 0.000229392397293 0.00547053084676
7.6 0.000245036445687 0.00495008696491
7.7 0.000261764607311 0.00447915117601
7.8 0.000279651545578 0.00405304387864
7.9 0.000298776899872 0.00366748212807
8 0.000319225757107 0.00331857267578
8.1 0.000341089356861 0.00300287132495
8.2 0.000364464992323 0.00271721251489
8.3 0.000389456619898 0.00245871902989
8.4 0.000416175699775 0.00222483544054
8.5 0.000444741076333 0.0020132101561
8.6 0.000475279748157 0.00182170624522
8.7 0.000507927870786 0.00164843319266
8.8 0.000542830608579 0.00149164797568
8.9 0.000580143167376 0.00134977198171
9 0.000620032002969 0.00122141116273
9.1 0.000662674404841 0.00110527084277
9.2 0.000708259470178 0.00100015839918
9.3 0.000756990459734 0.00090503970737
9.4 0.000809084450747 0.000818977621143
9.5 0.000864772693316 0.000741101056448
9.6 0.000924302504137 0.000670622251593
9.7 0.000987939624971 0.00060685630272
9.8 0.00105596686644 0.000549162774986
9.9 0.00112868588991 0.000496952146177
10 0.00120642084295 0.000449709820673
10.1 0.00128951789717 0.000406968057784
10.2 0.0013783458366 0.000368291163068
10.3 0.00147329905868 0.000333285159514
10.4 0.00157480136923 0.000301611659951
10.5 0.00168330377654 0.000272952892887
10.6 0.00179929264145 0.00024700642123
10.7 0.00192326982162 0.00022354675104
10.8 0.00205580085423 0.000202314876737
10.9 0.00219747090869 0.000183101248109
11 0.00234891074362 0.000165713673012
11.1 0.00251080252614 0.000149985085392
11.2 0.00268386541946 0.000135754306586
11.3 0.00286886115634 0.000122873485222
11.4 0.0030665969859 0.000111208628017
11.5 0.00327797943668 0.000100642966202
11.6 0.00350396113751 9.10736256638e-05
11.7 0.00374553323119 8.24111519191e-05
11.8 0.0040037389345 7.45803591875e-05
11.9 0.00427971682904 6.75078736463e-05
12 0.00457475802761 6.11056840866e-05
12.1 0.00489016767296 5.53109949802e-05
12.2 0.00522731802579 5.00709506731e-05
12.3 0.0055876579906 4.53408690381e-05
12.4 0.00597285537391 4.10637870709e-05
12.5 0.00638465793967 3.71904388493e-05
12.6 0.00682487125786 3.36824405478e-05
12.7 0.0072953952623 3.05070340203e-05
12.8 0.00779830302949 2.76334988055e-05
12.9 0.00833594948332 2.50282011614e-05
13 0.00891071352313 2.26663388708e-05
13.1 0.00952509598429 2.05274796174e-05
13.2 0.0101817368239 1.85948732842e-05
13.3 0.0108836741159 1.68457436054e-05
13.4 0.0116340939163 1.52606643998e-05
13.5 0.0124362862498 1.38252093689e-05
13.6 0.0132937130024 1.25274071866e-05
13.7 0.0142101461264 1.13553887e-05
13.8 0.0151898808036 1.02937580265e-05
13.9 0.016237254651 9.33177760616e-06
14 0.0173568261147 8.46033122327e-06
14.1 0.0185534032181 7.67164418946e-06
14.2 0.0198325112817 6.95698904861e-06
14.3 0.0211999674662 6.30877256039e-06
14.4 0.0226617696703 5.72108068867e-06
14.5 0.0242242296329 5.18902569884e-06
14.6 0.0258941644998 4.70802302549e-06
14.7 0.0276793014436 4.27226390601e-06
14.8 0.0295875697062 3.87738779442e-06
14.9 0.0316273287009 3.5196265384e-06
15 0.0338077324684 3.19540545462e-06
15.1 0.0361386104124 2.90145513549e-06
15.2 0.0386301993991 2.63506259727e-06
15.3 0.0412933648789 2.39386790969e-06
15.4 0.0441402468276 2.17529114358e-06
15.5 0.0471835359281 1.97717451264e-06
15.6 0.0504365398353 1.79772358617e-06
15.7 0.0539136204556 1.63525544015e-06
15.8 0.0576306515351 1.48797149764e-06
15.9 0.0616040398008 1.35444346177e-06
16 0.0658510915217 1.23343537623e-06
16.1 0.070390822305 1.12374300538e-06
16.2 0.0752436367046 1.02425558836e-06
16.3 0.0804309214273 9.34035072492e-07
16.4 0.0859758801212 8.52200261484e-07
16.5 0.0919032743688 7.77957567848e-07
16.6 0.0982391364024 7.10635416936e-07
16.7 0.105011817304 6.49574470438e-07
16.8 0.112251593454 5.94167786916e-07
16.9 0.119990270354 5.43902605142e-07
17 0.128262487042 4.98289376674e-07
17.1 0.137105215871 4.56883688888e-07
17.2 0.146557309425 4.19306607835e-07
17.3 0.156661085776 3.85195749447e-07
17.4 0.167461689704 3.54223219615e-07
17.5 0.179006564739 3.26110728353e-07
17.6 0.19134720771 3.00592223554e-07
17.7 0.204538712564 2.77422879966e-07
17.8 0.218639513468 2.56388538931e-07
17.9 0.233712686359 2.37291953678e-07
18 0.249824816791 2.19961537806e-07
18.1 0.267047800985 2.042369228e-07
18.2 0.28545824571 1.89973813571e-07
18.3 0.305137623472 1.77044989741e-07
18.4 0.326174034015 1.65331057313e-07
18.5 0.348660255662 1.547295162e-07
18.6 0.372697155657 1.45143799047e-07
18.7 0.398391121839 1.36490779517e-07
18.8 0.425855887863 1.28696306576e-07
18.9 0.455214114419 1.21692509441e-07
19 0.486596176986 1.15419717374e-07
19.1 0.520141491272 1.09826355662e-07
19.2 0.555999283525 1.04868034274e-07
19.3 0.594329296554 1.00504586781e-07
19.4 0.63530195887 9.67049466052e-08
19.5 0.679099313936 9.34442367874e-08
19.6 0.725915908803 9.07030546108e-08
19.7 0.775960125082 8.84699443387e-08
19.8 0.829454338578 8.67396001752e-08
19.9 0.886636253163 8.55145743798e-08
20 0.947760411064 8.48075476585e-08
