"Time" "Prey" "Predator"
0 5.2398313041 1.00326616258
0.1 4.74765172997 1.49928471095
0.2 3.99423865327 2.10422939047
0.3 3.09421233233 2.71522603378
0.4 2.22490816509 3.202349877
0.5 1.51888951039 3.48832957725
0.6 1.01176907798 3.5764280357
0.7 0.673137771879 3.51629631804
0.8 0.454503218874 3.3635009173
0.9 0.314359051681 3.16106964405
1 0.22374827929 2.93730789245
1.1 0.164148419303 2.70928808596
1.2 0.124106660971 2.48673280035
1.3 0.0965937399583 2.27486609369
1.4 0.0772670603953 2.07624099587
1.5 0.063406095713 1.8918504065
1.6 0.0532757704546 1.72178860363
1.7 0.0457476863336 1.56564300892
1.8 0.0400740768825 1.42272572015
1.9 0.0357494779823 1.29221278419
2 0.032426292179 1.17322631789
2.1 0.0298608415475 1.06488435726
2.2 0.027879963149 0.966328812729
2.3 0.0263587798392 0.876741886847
2.4 0.0252060474082 0.795354621753
2.5 0.0243543798318 0.721450505371
2.6 0.0237536840877 0.654366128976
2.7 0.0233660457256 0.593490546999
2.8 0.0231631542417 0.538262458802
2.9 0.0231236851675 0.488167855395
3 0.0232316363926 0.442736988637
3.1 0.0234751538692 0.401541204078
3.2 0.023845652585 0.364189808492
3.3 0.0243371915188 0.330327106481
3.4 0.0249460146264 0.299629563722
3.5 0.0256698609274 0.271802834833
3.6 0.0265082458765 0.246579727138
3.7 0.0274617831962 0.223717275098
3.8 0.028532354335 0.202995205242
3.9 0.0297227425605 0.184213289728
4 0.0310367426744 0.16719015306
4.1 0.032478949423 0.151760962522
4.2 0.0340548389406 0.137776507398
4.3 0.035770647654 0.12510121265
4.4 0.0376334378564 0.113612406593
4.5 0.0396510361656 0.103198659861
4.6 0.0418320945361 0.0937592051322
4.7 0.0441860565459 0.0852024333783
4.8 0.0467232009747 0.0774452782159
4.9 0.0494547039422 0.0704127191208
5 0.0523927003431 0.0640371169781
5.1 0.0555502046784 0.0582565928176
5.2 0.0589412606498 0.0530152389421
5.3 0.0625809870993 0.0482625064625
5.4 0.0664855973995 0.0439523955429
5.5 0.0706725068018 0.0400433713275
5.6 0.0751603950264 0.0364977764014
5.7 0.0799692865793 0.0332815543037
5.8 0.0851206353742 0.0303639225448
5.9 0.0906374106922 0.0277168546366
6 0.096544198909 0.0253150018535
6.1 0.102867316918 0.0231354065797
6.2 0.10963492529 0.0211572929765
6.3 0.116877146001 0.0193618727819
6.4 0.124626204242 0.0177320810382
6.5 0.132916559959 0.0162525043639
6.6 0.14178506394 0.0149091869264
6.7 0.151271123594 0.013689450493
6.8 0.161416863468 0.0125818404332
6.9 0.172267328812 0.0115759792262
7 0.183870673126 0.0106624841317
7.1 0.196278365908 0.00983287966007
7.2 0.209545436454 0.00907946503721
7.3 0.223730693411 0.00839529125866
7.4 0.238896998381 0.00777407190039
7.5 0.255111544898 0.00721011719104
7.6 0.272446132589 0.00669829733225
7.7 0.290977512373 0.00623397226014
7.8 0.310787700029 0.00581296149057
7.9 0.331964333876 0.00543150339422
8 0.354601089872 0.00508620266016
8.1 0.37879804032 0.00477401612579
8.2 0.404662148623 0.00449221527581
8.3 0.432307700032 0.00423836508526
8.4 0.461856731204 0.00401031065701
8.5 0.493439741511 0.00380614699312
8.6 0.527196133815 0.00362420052198
8.7 0.563274597135 0.00346301379765
8.8 0.601834229169 0.00332136649615
8.9 0.643044976294 0.00319825122015
9 0.687087960307 0.00309284099629
9.1 0.734156970119 0.00300455808118
9.2 0.784458945211 0.00293305145092
9.3 0.838214345781 0.00287816430987
9.4 0.89565890227 0.00284005335287
9.5 0.957044176748 0.00281916989994
9.6 1.02263804307 0.00281623348582
9.7 1.09272659569 0.00283246590989
9.8 1.16761481242 0.00286956865217
9.9 1.24762717473 0.00292969912697
10 1.3331094287 0.00301599602488
10.1 1.424429408 0.00313253084828
10.2 1.52197783059 0.00328428534237
10.3 1.62616893114 0.00347847143021
10.4 1.73744161849 0.00372437933772
10.5 1.85626052014 0.00403333092858
10.6 1.98311342783 0.00442165190084
10.7 2.11851163067 0.00491139230206
10.8 2.26298691287 0.00553259608002
10.9 2.41708698992 0.00632671926529
11 2.5813725289 0.00734926139228
11.1 2.756393888 0.00868322470731
11.2 2.94267643886 0.0104475871216
11.3 3.14069275416 0.0128129075303
11.4 3.35079633752 0.0160377200196
11.5 3.57313855879 0.0205134080948
11.6 3.80752284657 0.0268436205157
11.7 4.053153102 0.0359811242152
11.8 4.30822291154 0.0494524485953
11.9 4.56920719991 0.069746722087
12 4.82966581918 0.100974022732
12.1 5.07823087466 0.149969383605
12.2 5.29538980697 0.228032209352
12.3 5.44884026912 0.353328629695
12.4 5.48849831922 0.553062383139
12.5 5.34629599443 0.861810443811
12.6 4.95306747547 1.30807420969
12.7 4.28494309638 1.882522493
12.8 3.41798367123 2.5062980214
12.9 2.51858887163 3.0499971464
13 1.74601121872 3.41051744941
13.1 1.16981992677 3.56435814167
13.2 0.776984758661 3.55009421387
13.3 0.521221894097 3.4244706425
13.4 0.357215469782 3.23575758249
13.5 0.251625385258 3.01718774195
13.6 0.182633414853 2.78932637746
13.7 0.136637889225 2.56411291106
13.8 0.105282600213 2.34811210629
13.9 0.0834250728879 2.14466516543
14 0.0678598286533 1.95522500812
14.1 0.0565567648942 1.78014875286
14.2 0.0482040983073 1.61917138643
14.3 0.0419381129947 1.47168376551
14.4 0.0371794382951 1.33689859588
14.5 0.0335316688524 1.21395071883
14.6 0.0307189127265 1.1019558286
14.7 0.0285460382329 1.00004522394
14.8 0.0268729576138 0.907385859783
14.9 0.0255976964942 0.823191163876
15 0.0246453013621 0.746725975934
15.1 0.0239600861717 0.677308318848
15.2 0.0235003246181 0.614308921069
15.3 0.0232346476096 0.557149279279
15.4 0.0231394081134 0.505299127826
15.5 0.0231968479823 0.458273514843
15.6 0.0233937533154 0.415629661962
15.7 0.0237204630324 0.376963852323
15.8 0.0241700902974 0.341908430817
15.9 0.0247381213062 0.310128756817
16 0.0254219257795 0.281320516849
16.1 0.0262203813064 0.25520722163
16.2 0.0271337731671 0.231537662013
16.3 0.0281635106706 0.210083780704
16.4 0.0293120879866 0.19063853679
16.5 0.0305829340455 0.173014058648
16.6 0.0319803788009 0.157039894776
16.7 0.0335095853398 0.142561459138
16.8 0.0351765325111 0.129438553315
16.9 0.0369879918317 0.117544058506
17 0.0389515272761 0.106762725303
17.1 0.0410754990158 0.096990086068
17.2 0.0433690719101 0.0881314170469
17.3 0.0458422522515 0.0801009072184
17.4 0.0485059280627 0.0728208859233
17.5 0.0513718524946 0.0662207947258
17.6 0.0544527339154 0.0602367970927
17.7 0.0577622732982 0.0548110842534
17.8 0.0613151997081 0.0498911592554
17.9 0.0651273522853 0.0454295847405
18 0.0692157341738 0.0413833346582
18.1 0.073598584106 0.0377134066753
18.2 0.0782954573958 0.0343845621739
18.3 0.0833273062094 0.0313647882921
18.4 0.0887165694263 0.0286251172858
18.5 0.0944872701965 0.0261393473081
18.6 0.100665125567 0.023883680906
18.7 0.10727765009 0.0218366201686
18.8 0.114354282156 0.0199786867618
18.9 0.12192651468 0.0182922075738
19 0.130028023605 0.016761225946
19.1 0.138694829154 0.0153712590478
19.2 0.147965445918 0.0141091953626
19.3 0.157881047941 0.0129631878488
19.4 0.168485667632 0.0119224790861
19.5 0.179826369819 0.0109773521602
19.6 0.19195346561 0.0101190169703
19.7 0.204920748592 0.00933949824849
19.8 0.218785701323 0.00863159971538
19.9 0.233609789185 0.00798879615894
20 0.249458702449 0.00740519173629
