"Time" "Prey" "Predator"
0 1.00861879564 8.54329645769
0.1 0.350448167091 8.22510074954
0.2 0.130182021922 7.60863351854
0.3 0.052747852189 6.94340723518
0.4 0.0233224269811 6.30518938913
0.5 0.0111934601766 5.71454428436
0.6 0.00579272173844 5.17494933624
0.7 0.00321078948622 4.68452594462
0.8 0.00189420235836 4.23978665777
0.9 0.00118234451387 3.83689448939
1 0.000776759070154 3.47209947672
1.1 0.000534521225184 3.14188834836
1.2 0.000383523210145 2.84302703414
1.3 0.000285814681379 2.57256245126
1.4 0.000220457192127 2.3278091767
1.5 0.000175410377946 2.10632999863
1.6 0.000143477525789 1.90591591359
1.7 0.000120400689832 1.72456617948
1.8 0.000103398054792 1.56046897624
1.9 9.06628469984e-05 1.41198391044
2 8.10202061882e-05 1.27762613
2.1 7.36733258297e-05 1.15605356193
2.2 6.80595155876e-05 1.04604941906
2.3 6.37137884947e-05 0.946511038436
2.4 6.04009298149e-05 0.856443889111
2.5 5.79203033514e-05 0.774947154081
2.6 5.61166335132e-05 0.701205335858
2.7 5.48796640116e-05 0.634480433754
2.8 5.41260832911e-05 0.574104860805
2.9 5.37940868828e-05 0.519474678492
3 5.38376132e-05 0.470043478324
3.1 5.42170970703e-05 0.425315260084
3.2 5.49014752288e-05 0.384842058811
3.3 5.58791978144e-05 0.348220017986
3.4 5.71525992944e-05 0.3150845781
3.5 5.87030902537e-05 0.28510263694
3.6 6.05190449296e-05 0.257972967996
3.7 6.26054943881e-05 0.233424698244
3.8 6.49687938794e-05 0.21121266597
3.9 6.76117750332e-05 0.191114390871
4 7.05414893117e-05 0.172928778479
4.1 7.37681002239e-05 0.156473644519
4.2 7.73033564678e-05 0.141584173166
4.3 8.1161263162e-05 0.128111581433
4.4 8.53576468963e-05 0.115921143351
4.5 8.99099512178e-05 0.104890738849
4.6 9.48376308028e-05 0.0949099401608
4.7 0.000100162144381 0.0858788871051
4.8 0.000105906857284 0.077707156694
4.9 0.000112097215934 0.0703130178372
5 0.000118760831481 0.0636225942001
5.1 0.000125927426151 0.0575688166243
5.2 0.000133629087707 0.0520911140372
5.3 0.000141900363034 0.0471346336845
5.4 0.000150778398006 0.0426497809079
5.5 0.000160303086475 0.0385917141753
5.6 0.000170517226648 0.0349197798473
5.7 0.000181466718227 0.0315972799243
5.8 0.000193200748883 0.0285909437214
5.9 0.000205772004882 0.0258706740354
6 0.000219236905576 0.0234092519294
6.1 0.000233655859429 0.0211820298469
6.2 0.000249093512593 0.0191667525267
6.3 0.000265619046624 0.0173432378383
6.4 0.000283306471777 0.0156932380244
6.5 0.000302234959455 0.014200248442
6.6 0.000322489200976 0.0128493146731
6.7 0.000344159760775 0.0116269287235
6.8 0.000367343507877 0.0105208493788
6.9 0.000392144012005 0.00952001043204
7 0.00041867205385 0.00861441562684
7.1 0.000447046046435 0.00779498158641
7.2 0.000477392615728 0.00705351657808
7.3 0.000509847190311 0.00638258735774
7.4 0.000544554506621 0.00577548876762
7.5 0.000581669242378 0.00522617342814
7.6 0.000621357007685 0.00472914046974
7.7 0.00066379464796 0.00427940687441
7.8 0.000709170979308 0.00387244763603
7.9 0.000757688447441 0.00350421708332
8 0.00080956316715 0.00317102920624
8.1 0.00086502573697 0.0028695087964
8.2 0.000924323478571 0.00259666894662
8.3 0.00098772048416 0.00234979446398
8.4 0.00105549846559 0.00212639272381
8.5 0.00112795948921 0.00192424652986
8.6 0.00120542622093 0.00174134246499
8.7 0.00128824278905 0.00157582741318
8.8 0.00137677809635 0.00142605562815
8.9 0.00147142636441 0.00129053860656
9 0.0015726079777 0.00116790429064
9.1 0.00168077377165 0.00105693629641
9.2 0.00179640555475 0.000956535428249
9.3 0.00192001667069 0.000865681961613
9.4 0.00205215573112 0.00078344883488
9.5 0.00219341274966 0.000709040392759
9.6 0.00234441572417 0.000641712277722
9.7 0.00250583432398 0.000580778981688
9.8 0.00267838765732 0.000525637962432
9.9 0.00286284456904 0.000475746977822
10 0.00306002392177 0.000430601318586
10.1 0.0032708008057 0.000389741821994
10.2 0.00349611603156 0.00035277160573
10.3 0.00373697109887 0.000319319350743
10.4 0.00399443392467 0.000289041932565
10.5 0.0042696512751 0.000261639808395
10.6 0.00456384929464 0.000236844551067
10.7 0.00487833384169 0.000214405936475
10.8 0.00521450809034 0.000194092150454
10.9 0.00557385019641 0.000175718553542
11 0.00595797782761 0.000159089330518
11.1 0.00636858926099 0.000144037794397
11.2 0.00680752796997 0.000130417816052
11.3 0.00727675991616 0.000118095025378
11.4 0.00777836221467 0.000106942419392
11.5 0.00831453287523 9.68441366732e-05
11.6 0.00888763782932 8.76962919808e-05
11.7 0.00950032611947 7.94090205763e-05
11.8 0.0101553153211 7.19026699948e-05
11.9 0.0108554614874 6.51090413894e-05
12 0.0116037727295 5.89711200373e-05
12.1 0.0124036813587 5.34205277433e-05
12.2 0.0132588419077 4.83942572383e-05
12.3 0.0141730092405 4.38447710822e-05
12.4 0.0151501355217 3.97319675062e-05
12.5 0.0161944880862 3.60183172459e-05
12.6 0.0173109672025 3.26557529536e-05
12.7 0.0185045346543 2.96092453194e-05
12.8 0.0197803937112 2.6849377684e-05
12.9 0.0211440216852 2.43512127406e-05
13 0.0226016652583 2.20877522042e-05
13.1 0.0241599954584 2.00344925256e-05
13.2 0.0258258563509 1.81727431916e-05
13.3 0.0276064518277 1.64871603521e-05
13.4 0.0295095083787 1.49638782264e-05
13.5 0.031543818368 1.35842724013e-05
13.6 0.0337184458463 1.23340769498e-05
13.7 0.0360429371411 1.12009898337e-05
13.8 0.0385277172485 1.01737277218e-05
13.9 0.0411839634916 9.2422045266e-06
14 0.0440233388769 8.39790820788e-06
14.1 0.047058263759 7.63335448947e-06
14.2 0.0503025704845 6.94034013405e-06
14.3 0.0537706654829 6.31217865811e-06
14.4 0.0574776930632 5.74326334196e-06
14.5 0.0614401982075 5.22800446827e-06
14.6 0.0656761264888 4.76082944451e-06
14.7 0.0702041129918 4.33724305538e-06
14.8 0.0750439253751 3.95328374675e-06
14.9 0.0802174270325 3.60505582904e-06
15 0.0857476637522 3.28917307672e-06
15.1 0.0916590332833 3.00268761341e-06
15.2 0.0979781137446 2.74275392394e-06
15.3 0.104732898972 2.50692976895e-06
15.4 0.111953132282 2.29306694527e-06
15.5 0.119671338699 2.09899896354e-06
15.6 0.127921680013 1.92288064773e-06
15.7 0.136740537131 1.76307485126e-06
15.8 0.146167639888 1.61799800919e-06
15.9 0.156244661933 1.48629840747e-06
16 0.167016106598 1.36676496588e-06
16.1 0.178530485305 1.25822271279e-06
16.2 0.190838632096 1.15967925702e-06
16.3 0.203994886767 1.07024097201e-06
16.4 0.21805829927 9.89040619558e-07
16.5 0.233091110599 9.15330657627e-07
16.6 0.249160475625 8.48424441129e-07
16.7 0.266337667232 7.87715103885e-07
16.8 0.284698900956 7.32655144996e-07
16.9 0.304326218391 6.82734610867e-07
17 0.325306325546 6.37512660107e-07
17.1 0.347733074852 5.96576574838e-07
17.2 0.371705554929 5.59568078233e-07
17.3 0.397331145265 5.26154950571e-07
17.4 0.424723408459 4.96049381339e-07
17.5 0.454003531911 4.6899653293e-07
17.6 0.485302220407 4.44765393171e-07
17.7 0.518758544073 4.23153990661e-07
17.8 0.554521106432 4.03987994528e-07
17.9 0.592748962707 3.87122317333e-07
18 0.633612394522 3.7242769803e-07
18.1 0.677293159622 3.59806485494e-07
18.2 0.72398533093 3.49187705994e-07
18.3 0.77389630912 3.40521370004e-07
18.4 0.827248217648 3.33789905998e-07
18.5 0.884278178472 3.29002221594e-07
18.6 0.945239566757 3.26199929336e-07
18.7 1.01040375129 3.25470075776e-07
18.8 1.08006024763 3.26936903592e-07
18.9 1.15451872252 3.30784436698e-07
19 1.23411051618 3.3727062485e-07
19.1 1.31918908467 3.46720330865e-07
19.2 1.41013305623 3.59599334584e-07
19.3 1.50734683214 3.76498442779e-07
19.4 1.61126215149 3.98154945002e-07
19.5 1.72234089219 4.25608249616e-07
19.6 1.8410771562 4.60259163003e-07
19.7 1.96799901042 5.03868045115e-07
19.8 2.10367095639 5.58860477681e-07
19.9 2.24869606421 6.28814894696e-07
20 2.40371911183 7.18261663089e-07
