"Time" "Prey" "Predator"
0 0.791960404647 27.5419935008
0.1 0.0242943600564 25.46532441
0.2 0.00102444420478 23.0585316411
0.3 5.87412642107e-05 20.8649118789
0.4 4.45783077009e-06 18.8793922412
0.5 4.23336122846e-07 17.0827841393
0.6 5.06096322303e-08 15.4571433709
0.7 -1.1572989468e-08 13.9862028205
0.8 -2.98684387502e-08 12.6552323188
0.9 -3.3669111387e-08 11.4509257865
1 -3.3669111387e-08 10.361224207
1.1 -3.3669111387e-08 9.37522106931
1.2 -3.3669111387e-08 8.48304683909
1.3 -3.3669111387e-08 7.675785388
1.4 -3.3669111387e-08 6.94534170497
1.5 -3.3669111387e-08 6.28440253464
1.6 -3.3669111387e-08 5.68636391374
1.7 -3.3669111387e-08 5.14523515394
1.8 -3.3669111387e-08 4.65560135158
1.9 -3.3669111387e-08 4.21256247984
2 -3.3669111387e-08 3.81168437774
2.1 -3.3669111387e-08 3.44895482011
2.2 -3.3669111387e-08 3.12074378511
2.3 -3.3669111387e-08 2.82376560427
2.4 -3.3669111387e-08 2.55504792031
2.5 -3.3669111387e-08 2.31190275975
2.6 -3.3669111387e-08 2.09189604507
2.7 -3.3669111387e-08 1.89282583348
2.8 -3.3669111387e-08 1.71269961379
2.9 -3.3669111387e-08 1.54971462004
3 -3.3669111387e-08 1.40223976892
3.1 -3.3669111387e-08 1.26879900532
3.2 -3.3669111387e-08 1.14805676996
3.3 -3.3669111387e-08 1.03880451165
3.4 -3.3669111387e-08 0.93994864924
3.5 -3.3669111387e-08 0.850500606207
3.6 -3.3669111387e-08 0.769564526027
3.7 -3.3669111387e-08 0.696330693075
3.8 -3.3669111387e-08 0.630066040327
3.9 -3.3669111387e-08 0.570107160669
4 -3.3669111387e-08 0.515854312144
4.1 -3.3669111387e-08 0.466764087758
4.2 -3.3669111387e-08 0.422345606397
4.3 -3.3669111387e-08 0.382154061319
4.4 -3.3669111387e-08 0.345787251627
4.5 -3.3669111387e-08 0.312881241439
4.6 -3.3669111387e-08 0.283106548658
4.7 -3.3669111387e-08 0.256165411035
4.8 -3.3669111387e-08 0.231787973474
4.9 -3.3669111387e-08 0.209730419669
5 -3.3669111387e-08 0.189771914737
5.1 -3.3669111387e-08 0.171712690469
5.2 -3.3669111387e-08 0.155372072586
5.3 -3.3669111387e-08 0.140586410055
5.4 -3.3669111387e-08 0.127207848817
5.5 -3.3669111387e-08 0.115102394456
5.6 -3.3669111387e-08 0.104148941782
5.7 -3.3669111387e-08 0.0942378395762
5.8 -3.3669111387e-08 0.0852698677045
5.9 -3.3669111387e-08 0.0771553745162
6 -3.3669111387e-08 0.0698130493606
6.1 -3.3669111387e-08 0.063169455642
6.2 -3.3669111387e-08 0.0571580875363
6.3 -3.3669111387e-08 0.0517187537232
6.4 -3.3669111387e-08 0.0467970696867
6.5 -3.3669111387e-08 0.0423437225028
6.6 -3.3669111387e-08 0.0383141787711
6.7 -3.3669111387e-08 0.034668103755
6.8 -3.3669111387e-08 0.0313689866856
6.9 -3.3669111387e-08 0.0283838379633
7 -3.3669111387e-08 0.025682749109
7.1 -3.3669111387e-08 0.0232387086226
7.2 -3.3669111387e-08 0.021027252057
7.3 -3.3669111387e-08 0.0190262358905
7.4 -3.3669111387e-08 0.0172156534436
7.5 -3.3669111387e-08 0.01557736317
7.6 -3.3669111387e-08 0.0140949798185
7.7 -3.3669111387e-08 0.0127536643656
7.8 -3.3669111387e-08 0.0115399869115
7.9 -3.3669111387e-08 0.0104418128901
8 -3.3669111387e-08 0.00944814080388
8.1 -3.3669111387e-08 0.00854903022427
8.2 -3.3669111387e-08 0.00773547182083
8.3 -3.3669111387e-08 0.00699932095233
8.4 -3.3669111387e-08 0.00633324173298
8.5 -3.3669111387e-08 0.00573057115208
8.6 -3.3669111387e-08 0.00518526468403
8.7 -3.3669111387e-08 0.00469183901518
8.8 -3.3669111387e-08 0.00424537510593
8.9 -3.3669111387e-08 0.0038414095855
9 -3.3669111387e-08 0.00347585634655
9.1 -3.3669111387e-08 0.00314508369455
9.2 -3.3669111387e-08 0.00284579755879
9.3 -3.3669111387e-08 0.00257497811221
9.4 -3.3669111387e-08 0.0023299359616
9.5 -3.3669111387e-08 0.00210822409046
9.6 -3.3669111387e-08 0.00190759768732
9.7 -3.3669111387e-08 0.00172606635775
9.8 -3.3669111387e-08 0.00156181680586
9.9 -3.3669111387e-08 0.00141318759039
10 -3.3669111387e-08 0.00127871314697
10.1 -3.3669111387e-08 0.00115704899485
10.2 -3.3669111387e-08 0.00104695196189
10.3 -3.3669111387e-08 0.000947311517789
10.4 -3.3669111387e-08 0.000857160683987
10.5 -3.3669111387e-08 0.000775591301929
10.6 -3.3669111387e-08 0.000701771928048
10.7 -3.3669111387e-08 0.000634980439299
10.8 -3.3669111387e-08 0.000574553066198
10.9 -3.3669111387e-08 0.000519875192822
11 -3.3669111387e-08 0.000470396249373
11.1 -3.3669111387e-08 0.000425633335861
11.2 -3.3669111387e-08 0.000385132875707
11.3 -3.3669111387e-08 0.000348478244047
11.4 -3.3669111387e-08 0.000315311771726
11.5 -3.3669111387e-08 0.000285304431321
11.6 -3.3669111387e-08 0.000258151680374
11.7 -3.3669111387e-08 0.000233577225675
11.8 -3.3669111387e-08 0.000211350969356
11.9 -3.3669111387e-08 0.000191239107995
12 -3.3669111387e-08 0.00017303879536
12.1 -3.3669111387e-08 0.000156574991425
12.2 -3.3669111387e-08 0.000141681687029
12.3 -3.3669111387e-08 0.000128204445173
12.4 -3.3669111387e-08 0.00011600269756
12.5 -3.3669111387e-08 0.000104951894902
12.6 -3.3669111387e-08 9.49437837966e-05
12.7 -3.3669111387e-08 8.58828786643e-05
12.8 -3.3669111387e-08 7.76881406017e-05
12.9 -3.3669111387e-08 7.02891597883e-05
13 -3.3669111387e-08 6.35960283324e-05
13.1 -3.3669111387e-08 5.75380905955e-05
13.2 -3.3669111387e-08 5.20586982101e-05
13.3 -3.3669111387e-08 4.71104702805e-05
13.4 -3.3669111387e-08 4.2642144262e-05
13.5 -3.3669111387e-08 3.85968828719e-05
13.6 -3.3669111387e-08 3.49338481389e-05
13.7 -3.3669111387e-08 3.16179352392e-05
13.8 -3.3669111387e-08 2.85715210598e-05
13.9 -3.3669111387e-08 2.58859807857e-05
14 -3.3669111387e-08 2.34347799812e-05
14.1 -3.3669111387e-08 2.12065220507e-05
14.2 -3.3669111387e-08 1.91898103986e-05
14.3 -3.3669111387e-08 1.73679138476e-05
14.4 -3.3669111387e-08 1.57203941666e-05
14.5 -3.3669111387e-08 1.4231944283e-05
14.6 -3.3669111387e-08 1.28872729911e-05
14.7 -3.3669111387e-08 1.16710890854e-05
14.8 -3.3669111387e-08 1.05690864504e-05
14.9 -3.3669111387e-08 9.57458632496e-06
15 -3.3669111387e-08 8.67707597647e-06
15.1 -3.3669111387e-08 7.86469082326e-06
15.2 -3.3669111387e-08 7.12556628362e-06
15.3 -3.3669111387e-08 6.44783777584e-06
15.4 -3.3669111387e-08 5.82777963069e-06
15.5 -3.3669111387e-08 5.26732198986e-06
15.6 -3.3669111387e-08 4.76056644345e-06
15.7 -3.3669111387e-08 4.30159037311e-06
15.8 -3.3669111387e-08 3.88447116051e-06
15.9 -3.3669111387e-08 3.43018062169e-06
16 -3.3669111387e-08 3.12242395206e-06
16.1 -3.3669111387e-08 2.83530776034e-06
16.2 -3.3669111387e-08 2.56883204652e-06
16.3 -3.3669111387e-08 2.32299681061e-06
16.4 -3.3669111387e-08 2.0978020526e-06
16.5 -3.3669111387e-08 1.89187661183e-06
16.6 -3.3669111387e-08 1.70352790526e-06
16.7 -3.3669111387e-08 1.53275135686e-06
16.8 -3.3669111387e-08 1.37954696661e-06
16.9 -3.3669111387e-08 1.24391473453e-06
17 -3.3669111387e-08 1.12569541318e-06
17.1 -3.3669111387e-08 1.01940594794e-06
17.2 -3.3669111387e-08 9.2234571336e-07
17.3 -3.3669111387e-08 8.34514709426e-07
17.4 -3.3669111387e-08 7.5591293614e-07
17.5 -3.3669111387e-08 6.86540393505e-07
17.6 -3.3669111387e-08 6.25910417637e-07
17.7 -3.3669111387e-08 5.70357637852e-07
17.8 -3.3669111387e-08 5.19127413885e-07
17.9 -3.3669111387e-08 4.72219745735e-07
18 -3.3669111387e-08 4.29634633401e-07
18.1 -3.3669111387e-08 3.91372076885e-07
18.2 -3.3669111387e-08 3.5697452212e-07
18.3 -3.3669111387e-08 3.25094886192e-07
18.4 -3.3669111387e-08 2.95645369413e-07
18.5 -3.3669111387e-08 2.68625971784e-07
18.6 -3.3669111387e-08 2.44036693305e-07
18.7 -3.3669111387e-08 2.21877533975e-07
18.8 -3.3669111387e-08 2.01745024208e-07
18.9 -3.3669111387e-08 1.83141114572e-07
19 -3.3669111387e-08 1.66064458552e-07
19.1 -3.3669111387e-08 1.50515056147e-07
19.2 -3.3669111387e-08 1.36492907358e-07
19.3 -3.3669111387e-08 1.23986205861e-07
19.4 -3.3669111387e-08 1.1258844764e-07
19.5 -3.3669111387e-08 1.0209941308e-07
19.6 -3.3669111387e-08 9.25191021782e-08
19.7 -3.3669111387e-08 8.38475149366e-08
19.8 -3.3669111387e-08 7.60846513546e-08
19.9 -3.3669111387e-08 6.91908461459e-08
20 -3.3669111387e-08 6.28673551806e-08
