"Time" "Prey" "Predator"
0 0.791960404647 10.8444249414
0.1 0.206202255697 10.2461218192
0.2 0.0595252873875 9.38013629945
0.3 0.0193060678172 8.51758482036
0.4 0.00699780208898 7.71630100151
0.5 0.00280937163344 6.98517724232
0.6 0.00123781260776 6.32165277848
0.7 0.000593258451793 5.72056599327
0.8 0.000306882974149 5.17640569669
0.9 0.000170042663614 4.68391353685
1 0.000100301143039 4.23823588146
1.1 6.25786767285e-05 3.83494479771
1.2 4.11026150631e-05 3.47001886078
1.3 2.82978769553e-05 3.13981337948
1.4 2.03039734406e-05 2.84102718843
1.5 1.51257760741e-05 2.57067156684
1.6 1.16624375887e-05 2.32604213768
1.7 9.27992103274e-06 2.10469149041
1.8 7.59361838519e-06 1.90440460705
1.9 6.37352212434e-06 1.72317720977
2 5.47443093709e-06 1.55919563279
2.1 4.80284180586e-06 1.41081884229
2.2 4.2965804312e-06 1.27656348841
2.3 3.90863074934e-06 1.15508370694
2.4 3.60880012342e-06 1.0451634639
2.5 3.37860441381e-06 0.945703351773
2.6 3.20331368783e-06 0.855708141251
2.7 3.07198255781e-06 0.774277163708
2.8 2.97651080672e-06 0.700595217711
2.9 2.91113122761e-06 0.633925100158
3 2.8715385558e-06 0.573600064651
3.1 2.85415498677e-06 0.519015400849
3.2 2.85598273756e-06 0.469623848155
3.3 2.87529285596e-06 0.424931800628
3.4 2.912199124e-06 0.384494237898
3.5 2.9651526464e-06 0.347905536133
3.6 3.03264445295e-06 0.314798084398
3.7 3.1145472635e-06 0.284840845114
3.8 3.21109841816e-06 0.257734646303
3.9 3.32208948532e-06 0.233207995229
4 3.44757674752e-06 0.211015498366
4.1 3.58788818268e-06 0.190934888609
4.2 3.74342928722e-06 0.172765016601
4.3 3.91472802654e-06 0.156324210164
4.4 4.10242495366e-06 0.141448067711
4.5 4.30724345316e-06 0.127987586523
4.6 4.53001457324e-06 0.115808008422
4.7 4.77167571138e-06 0.104787454334
4.8 5.03326010038e-06 0.0948155806188
4.9 5.31590536875e-06 0.0857926204788
5 5.62085852534e-06 0.0776284200107
5.1 5.94946591898e-06 0.0702411388181
5.2 6.30318970299e-06 0.0635568652818
5.3 6.68360975404e-06 0.0575086683928
5.4 7.09242991312e-06 0.0520360038414
5.5 7.53148479652e-06 0.0470841572855
5.6 8.00274567118e-06 0.0426035124399
5.7 8.50833031558e-06 0.0385492781798
5.8 9.05051078628e-06 0.0348808682597
5.9 9.63172305499e-06 0.0315615441718
6 1.02545777637e-05 0.0285580993568
6.1 1.09218720097e-05 0.0258404480013
6.2 1.16366008055e-05 0.0233814238021
6.3 1.24019705608e-05 0.0211564100321
6.4 1.32214128818e-05 0.0191431287214
6.5 1.40985995774e-05 0.0173214480095
6.6 1.50374595999e-05 0.0156731148481
6.7 1.6042195213e-05 0.0141816427489
6.8 1.71173017801e-05 0.0128320990351
6.9 1.82675870976e-05 0.0116109757962
7 1.94981922996e-05 0.0105060663891
7.1 2.08146161351e-05 0.00950629983999
7.2 2.22227371938e-05 0.0086016743883
7.3 2.37288432762e-05 0.00778312437212
7.4 2.53396562337e-05 0.00704245794485
7.5 2.70623591417e-05 0.00637229248764
7.6 2.8904640792e-05 0.00576592218627
7.7 3.08747163933e-05 0.00521726696839
7.8 3.29813565023e-05 0.00472080952599
7.9 3.52339602793e-05 0.00427160436632
8 3.76425667674e-05 0.00386515710228
8.1 4.02178887105e-05 0.00349735571061
8.2 4.29714119915e-05 0.00316455107522
8.3 4.59154016048e-05 0.00286342538365
8.4 4.90629455289e-05 0.00259093980846
8.5 5.24280766627e-05 0.00234439120129
8.6 5.6025776533e-05 0.00212131519772
8.7 5.98720332961e-05 0.00191945332
8.8 6.39839905754e-05 0.00173680508648
8.9 6.83799473996e-05 0.0015715441315
9 7.30794373217e-05 0.00142199903583
9.1 7.81034232026e-05 0.00128669669724
9.2 8.3474258229e-05 0.00116428267751
9.3 8.92157706609e-05 0.00105350491398
9.4 9.53534988635e-05 0.000953249703609
9.5 0.000101914830578 0.000862542464046
9.6 0.000108928912456 0.000780468859832
9.7 0.000116426858113 0.000706192702138
9.8 0.000124442126993 0.000638988553054
9.9 0.00013301038269 0.000578187473296
10 0.000142169637249 0.00052317048651
10.1 0.000151960623885 0.00047338517495
10.2 0.000162427015184 0.000428344860625
10.3 0.000173615293083 0.000387592786498
10.4 0.000185575074677 0.00035070997403
10.5 0.000198359720976 0.000317337306108
10.6 0.000212026106463 0.000287143143471
10.7 0.000226634849542 0.000259820853644
10.8 0.000242251106904 0.000235093410962
10.9 0.000258943947822 0.00021272815269
11 0.000276788047392 0.000192490367845
11.1 0.000295862502087 0.000174175970109
11.2 0.000316253246448 0.000157609070188
11.3 0.000338051191512 0.00014262218006
11.4 0.000361352565591 0.000129059836813
11.5 0.000386259101152 0.000116780589906
11.6 0.000412882862404 0.00010565941959
11.7 0.000441345722655 9.55874750842e-05
11.8 0.000471773027329 8.64689000131e-05
11.9 0.000504296810888 7.82224439485e-05
12 0.000539057849288 7.0776755692e-05
12.1 0.000576218633527 6.40406245044e-05
12.2 0.000615945599942 5.79437403025e-05
12.3 0.000658412368816 5.24292649314e-05
12.4 0.000703801534774 4.74497253587e-05
12.5 0.000752317445399 4.29523486333e-05
12.6 0.00080418487076 3.88805887765e-05
12.7 0.000859632155323 3.5193462023e-05
12.8 0.000918899759805 3.18557440044e-05
12.9 0.000982244048654 2.88365975497e-05
13 0.00104996132466 2.61008716096e-05
13.1 0.00112235494759 2.36210050546e-05
13.2 0.00119974130039 2.13748667883e-05
13.3 0.00128245311422 1.93445519931e-05
13.4 0.00137086269831 1.75094277822e-05
13.5 0.0014653796178 1.58468283852e-05
13.6 0.00156641993124 1.43412645591e-05
13.7 0.00167442176703 1.29797604527e-05
13.8 0.00178985221584 1.17509149202e-05
13.9 0.00191325124392 1.06389238119e-05
14 0.00204517168632 9.63174840764e-06
14.1 0.00218619008616 8.71963992314e-06
14.2 0.00233691278487 7.89431047117e-06
14.3 0.00249801815991 7.1472856702e-06
14.4 0.00267025257835 6.47006246784e-06
14.5 0.00285437421705 5.85630031111e-06
14.6 0.0030511814728 5.30071307209e-06
14.7 0.00326152977377 4.79862543369e-06
14.8 0.00348643133543 4.34334100477e-06
14.9 0.00372689997474 3.93023662503e-06
15 0.00398398564778 3.55585115193e-06
15.1 0.00425879017221 3.21747064907e-06
15.2 0.00455246722732 2.91312838621e-06
15.3 0.0048662966247 2.64040757008e-06
15.4 0.00520184081468 2.39391840622e-06
15.5 0.00556059965073 2.17086341663e-06
15.6 0.00594413661049 1.96900271262e-06
15.7 0.00635409236919 1.78643518769e-06
15.8 0.00679218479957 1.62159851753e-06
15.9 0.00726036156459 1.4727054135e-06
16 0.00776087605294 1.33746308226e-06
16.1 0.00829595004671 1.21431948453e-06
16.2 0.00886792412977 1.1019076584e-06
16.3 0.00947926230479 9.99038901904e-07
16.4 0.010132767045 9.04902487746e-07
16.5 0.0108314383984 8.18934815962e-07
16.6 0.0115783446569 7.40699306545e-07
16.7 0.0123767133986 6.69970948827e-07
16.8 0.01322996486 6.0664330139e-07
16.9 0.0141421061499 5.49629923243e-07
17 0.0151172650717 4.98163487554e-07
17.1 0.016159709529 4.51741702506e-07
17.2 0.0172739275909 4.09904191519e-07
17.3 0.0184647371728 3.72204346053e-07
17.4 0.0197376913183 3.38105319071e-07
17.5 0.0210984726577 3.07135423836e-07
17.6 0.0225530496588 2.78848035461e-07
17.7 0.0241078357979 2.52896807998e-07
17.8 0.0257699510207 2.29211554608e-07
17.9 0.0275467440004 2.07676879326e-07
18 0.0294459486058 1.88237430561e-07
18.1 0.0314759588472 1.70780687305e-07
18.2 0.0336460950587 1.55007473612e-07
18.3 0.0359659304248 1.40759572851e-07
18.4 0.0384455507418 1.27893365447e-07
18.5 0.0410960025534 1.16267723666e-07
18.6 0.0439294072117 1.05741886058e-07
18.7 0.0469582415395 9.61888625089e-08
18.8 0.0501956584036 8.74895486977e-08
18.9 0.053656092841 7.95616853673e-08
19 0.0573552052525 7.23571371172e-08
19.1 0.0613093157878 6.58347980864e-08
19.2 0.0655359793439 5.99455651562e-08
19.3 0.0700542257971 5.46115524677e-08
19.4 0.0748839491007 4.97789483213e-08
19.5 0.0800464448106 4.53984295204e-08
19.6 0.0855650600131 4.14256875354e-08
19.7 0.0914641646479 3.78202191945e-08
19.8 0.0977696893396 3.45459978917e-08
19.9 0.104510145553 3.15728450017e-08
20 0.111715397995 2.88747743012e-08
