"Time" "Prey" "Predator"
0 3.70305984651e-05 2.00006640933
0.1 3.07129750439e-05 1.80974269208
0.2 2.60954242556e-05 1.63752838971
0.3 2.26616149737e-05 1.48170109068
0.4 2.00713270446e-05 1.34070113622
0.5 1.80976418025e-05 1.21311798742
0.6 1.65851084018e-05 1.0976762872
0.7 1.54233071867e-05 0.993219979852
0.8 1.45341691638e-05 0.898703484197
0.9 1.38613305339e-05 0.813180048289
1 1.33652120919e-05 0.735797071479
1.1 1.30180988644e-05 0.665780894275
1.2 1.27891719245e-05 0.602424797072
1.3 1.26631250734e-05 0.545095989132
1.4 1.26322484915e-05 0.493224315901
1.5 1.26841343243e-05 0.446288600035
1.6 1.28120626712e-05 0.403819172975
1.7 1.30112930788e-05 0.365391136215
1.8 1.32781952089e-05 0.330620044767
1.9 1.36104882553e-05 0.299157856152
2 1.40068979269e-05 0.270689628203
2.1 1.44670189411e-05 0.244930516913
2.2 1.499118781e-05 0.221622787856
2.3 1.55803344534e-05 0.200532951
2.4 1.62360272963e-05 0.181450099183
2.5 1.69603236309e-05 0.164183155015
2.6 1.7755790289e-05 0.14855937902
2.7 1.8625449778e-05 0.13442238502
2.8 1.95727802004e-05 0.121630677994
2.9 2.06017041063e-05 0.110056260992
3 2.17165855738e-05 0.099583259529
3.1 2.29222405499e-05 0.0901069083643
3.2 2.42239382485e-05 0.0815323127693
3.3 2.56274245498e-05 0.0737737308509
3.4 2.71389274612e-05 0.066753426725
3.5 2.87651831312e-05 0.0604010297561
3.6 3.05134711465e-05 0.0546530726459
3.7 3.23916400338e-05 0.0494522785942
3.8 3.44081116955e-05 0.0447463905865
3.9 3.65719478095e-05 0.0404883808577
4 3.88928699377e-05 0.0366355748816
4.1 4.13813056947e-05 0.0331493868129
4.2 4.40484348879e-05 0.0299949226965
4.3 4.69062373e-05 0.0271406188764
4.4 4.99675438309e-05 0.0245579714712
4.5 5.32460911587e-05 0.0222210995748
4.6 5.6756580985e-05 0.0201065999869
4.7 6.05147499702e-05 0.0181933091961
4.8 6.45374332063e-05 0.0164620811718
4.9 6.88426435704e-05 0.014895588399
5 7.3449649514e-05 0.0134781429712
5.1 7.83790531667e-05 0.0121956150896
5.2 8.36529030361e-05 0.0110351639224
5.3 8.92947627507e-05 0.00998515006682
5.4 9.53298182624e-05 0.00903503855536
5.5 0.000101785042875 0.00817535865433
5.6 0.000108689227177 0.00739746790352
5.7 0.00011607318039 0.00669358095664
5.8 0.000123969859862 0.00605668895689
5.9 0.000132414444386 0.00548038619791
6 0.000141444614163 0.00495893383572
6.1 0.000151100610781 0.00448710901421
6.2 0.000161425432443 0.00406016431479
6.3 0.000172465127547 0.00367385874141
6.4 0.000184268830354 0.00332430738888
6.5 0.000196889175341 0.00300803234668
6.6 0.000210382422053 0.00272188813174
6.7 0.000224808536029 0.00246296904579
6.8 0.000240231586953 0.002228628322
6.9 0.000256720484873 0.00201659392313
7 0.000274348595097 0.00182474523142
7.1 0.000293194144525 0.00165112774029
7.2 0.000313341110973 0.0014940201514
7.3 0.00033487932829 0.00135188026049
7.4 0.000357904465064 0.00122327202088
7.5 0.000382518735148 0.00110688698548
7.6 0.000408832041815 0.00100159133266
7.7 0.000436961400157 0.000906326418616
7.8 0.000467031574495 0.00082011232632
7.9 0.00049917650124 0.000742092498754
8 0.000533539455477 0.000671503316844
8.1 0.000570273011566 0.000607631563682
8.2 0.000609541133075 0.000549815204739
8.3 0.000651516353798 0.000497529272361
8.4 0.000696387828496 0.000450214838764
8.5 0.000744353930156 0.000407397705632
8.6 0.00079562947229 0.000368658054228
8.7 0.000850443874894 0.000333612675406
8.8 0.00090903970408 0.00030190082005
8.9 0.000971673698767 0.000273194085374
9 0.00103862733181 0.000247200890436
9.1 0.00111020445846 0.000223665479609
9.2 0.00118672007825 0.000202363160202
9.3 0.00126850614524 0.00018310276466
9.4 0.00135592645952 0.000165694989747
9.5 0.00144938364056 0.000149937570565
9.6 0.0015492895944 0.000135678070104
9.7 0.00165607827957 0.000122786737685
9.8 0.00177022022934 0.00011114006927
9.9 0.00189224359387 0.000100597188027
10 0.00202268784811 9.10518063474e-05
10.1 0.00216212074272 8.24131987584e-05
10.2 0.00231115212003 7.45996331284e-05
10.3 0.00247047225764 6.75219683668e-05
10.4 0.00264078826166 6.11108635731e-05
10.5 0.00282284274657 5.53087873347e-05
10.6 0.00301742853639 5.00650874917e-05
10.7 0.00322545152544 4.53163695364e-05
10.8 0.00344784022795 4.10147301512e-05
10.9 0.0036855651362 3.7121714697e-05
11 0.00393964656606 3.36058713516e-05
11.1 0.00421123241643 3.04298876543e-05
11.2 0.00450157887788 2.75537818041e-05
11.3 0.00481196353598 2.49492776617e-05
11.4 0.0051437316904 2.25921423431e-05
11.5 0.00549832001518 2.04609545148e-05
11.6 0.00587738880987 1.8530219659e-05
11.7 0.0062826341493 1.67801491865e-05
11.8 0.00671582658576 1.51946456774e-05
11.9 0.00717882808123 1.37604216381e-05
12 0.00767372816017 1.24627870554e-05
12.1 0.00820281568507 1.12865226359e-05
12.2 0.0087684189298 1.02208277937e-05
12.3 0.00937298951295 9.25672382752e-06
12.4 0.0100191440285 8.38630607324e-06
12.5 0.0107099071807 7.59837627166e-06
12.6 0.0114483708501 6.88456704322e-06
12.7 0.0122377615308 6.23813046588e-06
12.8 0.0130814723043 5.65336369699e-06
12.9 0.0139833068486 5.12421175123e-06
13 0.014947439293 4.64449737606e-06
13.1 0.0159781129468 4.20964616302e-06
13.2 0.0170797960671 3.81579460705e-06
13.3 0.0182572549218 3.45956671925e-06
13.4 0.0195159996958 3.13671068832e-06
13.5 0.0208616671879 2.84398625787e-06
13.6 0.0223001376819 2.57880739718e-06
13.7 0.0238375952054 2.3390580626e-06
13.8 0.0254808932558 2.12237151591e-06
13.9 0.0272375770619 1.92608645672e-06
14 0.0291154065685 1.74818700555e-06
14.1 0.0311226007783 1.58687295799e-06
14.2 0.033268258757 1.44055497417e-06
14.3 0.0355619732418 1.30785895922e-06
14.4 0.0380137863997 1.18762656486e-06
14.5 0.0406344511929 1.07881462073e-06
14.6 0.0434359543994 9.80201912999e-07
14.7 0.0464307023382 8.90845691854e-07
14.8 0.0496317509822 8.09952663346e-07
14.9 0.0530533922719 7.36721187929e-07
15 0.0567111620165 6.70339298918e-07
15.1 0.0606211534437 6.10156875184e-07
15.2 0.0648003900525 5.55602591691e-07
15.3 0.0692677154964 5.06129002532e-07
15.4 0.074043113623 4.61254503018e-07
15.5 0.0791476209369 4.20567988788e-07
15.6 0.0846041501555 3.83665545465e-07
15.7 0.0904369859193 3.50190945584e-07
15.8 0.0966717341761 3.19841535256e-07
15.9 0.103336400427 2.92313678126e-07
16 0.110460681037 2.67336042889e-07
16.1 0.118075862054 2.44676157657e-07
16.2 0.126216143729 2.24111367755e-07
16.3 0.134917805931 2.05444022847e-07
16.4 0.144219067785 1.88504333041e-07
16.5 0.154161692429 1.73126993133e-07
16.6 0.164789996935 1.59165061437e-07
16.7 0.176150645435 1.46493202371e-07
16.8 0.188294424294 1.3499020912e-07
16.9 0.201275466174 1.24546086104e-07
17 0.215151317138 1.15064014776e-07
17.1 0.229984028859 1.06455156368e-07
17.2 0.245839091433 9.86423047533e-08
17.3 0.26278732903 9.1552756179e-08
17.4 0.280904045551 8.51215853594e-08
17.5 0.300269474327 7.92912156063e-08
17.6 0.320970288714 7.40077345456e-08
17.7 0.343097769287 6.92248767349e-08
17.8 0.366751204442 6.48989329082e-08
17.9 0.392035244707 6.09923484785e-08
18 0.419061840395 5.74715376956e-08
18.1 0.447951692167 5.43057230037e-08
18.2 0.478833086691 5.14678016816e-08
18.3 0.511843220538 4.8934344336e-08
18.4 0.547128945741 4.66850497855e-08
18.5 0.5848474589 4.47015002178e-08
18.6 0.625166458884 4.2969377345e-08
18.7 0.6682650848 4.14770286822e-08
18.8 0.71433478132 4.02152176704e-08
18.9 0.763580610563 3.91781663603e-08
19 0.816221392855 3.83627466116e-08
19.1 0.872491045873 3.77692251123e-08
19.2 0.932640051158 3.74021841057e-08
19.3 0.996935607454 3.72697133792e-08
19.4 1.06566359574 3.73854916163e-08
19.5 1.13912983711 3.77696443227e-08
19.6 1.2176605656 3.84482408544e-08
19.7 1.30160528487 3.94593176478e-08
19.8 1.39133727422 4.0851452693e-08
19.9 1.48725504982 4.2685518643e-08
20 1.58978494277 4.50465764611e-08
