"Time" "Prey" "Predator"
0 23.3900789158 1.09192126622
0.1 15.4233136556 7.73349982037
0.2 3.02621975416 16.1789902034
0.3 0.347902826625 16.5775355752
0.4 0.0444813182199 15.2197335729
0.5 0.00687672426808 13.7987388432
0.6 0.00127599931048 12.4897097712
0.7 0.000279601739682 11.3018891191
0.8 7.11835994234e-05 10.2265261846
0.9 2.08808577178e-05 9.25338222413
1 6.88644981536e-06 8.37281942969
1.1 2.52714906617e-06 7.57604772735
1.2 1.00195974477e-06 6.85509243266
1.3 3.97133525191e-07 6.20274017202
1.4 3.19674096896e-07 5.61246965047
1.5 2.15110680861e-07 5.07837173392
1.6 8.67134277351e-08 4.59510003922
1.7 1.04158758201e-07 4.15781737976
1.8 1.15987553527e-07 3.7621499405
1.9 8.4850325824e-08 3.40413628862
2 3.25971084902e-08 3.08019022724
2.1 3.78287848293e-08 2.78707142353
2.2 3.91728303993e-08 2.52184668138
2.3 2.96907119043e-08 2.28186150096
2.4 2.02211082675e-08 2.06471385614
2.5 2.03302281026e-08 1.86823066944
2.6 2.35092351665e-08 1.69044549142
2.7 2.38444412933e-08 1.52957756654
2.8 2.42864879495e-08 1.38401814206
2.9 2.2840425619e-08 1.25231109819
3 2.17833508816e-08 1.1331378505
3.1 2.07394537606e-08 1.0253056394
3.2 1.96553228902e-08 0.927734939981
3.3 1.83245089938e-08 0.839449136669
3.4 1.75286611723e-08 0.759564962044
3.5 1.70966590373e-08 0.687282808119
3.6 1.67580477876e-08 0.621879207092
3.7 1.65434920023e-08 0.562699517153
3.8 1.64594592494e-08 0.509151462979
3.9 1.64776014391e-08 0.460698897442
4 1.66083544487e-08 0.416857471155
4.1 1.68460672286e-08 0.377188178077
4.2 1.71745860629e-08 0.341293892581
4.3 1.75797609624e-08 0.308815546126
4.4 1.80666542406e-08 0.279427761522
4.5 1.86382611381e-08 0.252836689233
4.6 1.92938007216e-08 0.228776026045
4.7 2.00336233424e-08 0.207005014266
4.8 2.08597924015e-08 0.187305920155
4.9 2.17744881145e-08 0.169481372976
5 2.27804790901e-08 0.153353108447
5.1 2.38815253604e-08 0.138759594504
5.2 2.508220474e-08 0.125554823873
5.3 2.63876212855e-08 0.113606706193
5.4 2.78031302417e-08 0.10279555325
5.5 2.9334757356e-08 0.093013273726
5.6 3.09891876713e-08 0.0841618756049
5.7 3.27737014253e-08 0.0761527963951
5.8 3.46962011933e-08 0.0689059021384
5.9 3.67652546268e-08 0.0623486050166
6 3.89901426528e-08 0.0564153552908
6.1 4.1380825481e-08 0.0510467152032
6.2 4.39480187042e-08 0.046188968408
6.3 4.67032455951e-08 0.0417935115704
6.4 4.9658890766e-08 0.0378163165959
6.5 5.28282389083e-08 0.0342176212337
6.6 5.62255297989e-08 0.0309613758239
6.7 5.98660245221e-08 0.0280150031873
6.8 6.37660703592e-08 0.0253490262321
6.9 6.79431697638e-08 0.0229367388286
7 7.24160562003e-08 0.0207540221405
7.1 7.72047838642e-08 0.0187790112054
7.2 8.23308093963e-08 0.0169919469972
7.3 8.78170884214e-08 0.0153749507423
7.4 9.36881778414e-08 0.0139118247174
7.5 9.99703401856e-08 0.012587941137
7.6 1.06691667941e-07 0.0113900380254
7.7 1.13882197565e-07 0.0103061255343
7.8 1.21574058784e-07 0.0093253727564
7.9 1.29801596484e-07 0.00843794245003
8 1.38601538667e-07 0.00763496463313
8.1 1.4801316665e-07 0.00690838518869
8.2 1.58078463167e-07 0.00625094269376
8.3 1.6884229867e-07 0.00565608969849
8.4 1.80352710288e-07 0.00511786296585
8.5 1.92660990531e-07 0.00463086358588
8.6 2.05821921588e-07 0.00419019336716
8.7 2.19894234687e-07 0.00379147153737
8.8 2.34940599626e-07 0.00343069785996
8.9 2.51027926741e-07 0.00310422201132
9 2.68227982486e-07 0.00280881701058
9.1 2.86617334371e-07 0.00254152975458
9.2 3.06277724763e-07 0.00229966289042
9.3 3.27296824062e-07 0.00208082281931
9.4 3.49768165256e-07 0.00188281670768
9.5 3.73791600486e-07 0.00170363889072
9.6 3.99474224147e-07 0.00154151795318
9.7 4.2693029028e-07 0.00139482985875
9.8 4.5628179277e-07 0.00126209079966
9.9 4.87659667999e-07 0.00114199511426
10 5.21203487032e-07 0.00103333889959
10.1 5.57062038688e-07 0.000935009631309
10.2 5.953948998e-07 0.000846023140888
10.3 6.36373052923e-07 0.000765511899341
10.4 6.80178499402e-07 0.000692663580374
10.5 7.27005573938e-07 0.000626736330716
10.6 7.77063270388e-07 0.000567087330931
10.7 8.30574252978e-07 0.000513121579649
10.8 8.87775875057e-07 0.000464288972831
10.9 9.48922648214e-07 0.000420101017967
11 1.01428722193e-06 0.000380124663319
11.1 1.08415984138e-06 0.000343954139487
11.2 1.15885041144e-06 0.000311217981812
11.3 1.23869223342e-06 0.0002815981003
11.4 1.32404039784e-06 0.000254799425329
11.5 1.41527947692e-06 0.000230535618539
11.6 1.51279825553e-06 0.000208603437068
11.7 1.61704652444e-06 0.00018875351023
11.8 1.72848414043e-06 0.000170791931786
11.9 1.84760541009e-06 0.000154537631124
12 1.97494713432e-06 0.000139834651407
12.1 2.11107661032e-06 0.000126533837216
12.2 2.25659445025e-06 0.000114497136733
12.3 2.41213556501e-06 0.000103599019073
12.4 2.57840293461e-06 9.37288675466e-05
12.5 2.75615514816e-06 8.47900966367e-05
12.6 2.94617437242e-06 7.66978819692e-05
12.7 3.14928438799e-06 6.93804385173e-05
12.8 3.36636679622e-06 6.27736861508e-05
12.9 3.59843784895e-06 5.67959612913e-05
13 3.84653386088e-06 5.1385733166e-05
13.1 4.1117381296e-06 4.64927431496e-05
13.2 4.39518993203e-06 4.2075068778e-05
13.3 4.69817407393e-06 3.80843761621e-05
13.4 5.02208785117e-06 3.44713610264e-05
13.5 5.36835610917e-06 3.11997372489e-05
13.6 5.73847907062e-06 2.82383602943e-05
13.7 6.13302867531e-06 2.55213104996e-05
13.8 6.55663735514e-06 2.31203393197e-05
13.9 7.00899671129e-06 2.09297564459e-05
14 7.49233013199e-06 1.89392784722e-05
14.1 8.008861855e-06 1.71386108388e-05
14.2 8.56126815478e-06 1.55115237104e-05
14.3 9.15233514539e-06 1.40403450502e-05
14.4 9.78455385191e-06 1.27112773611e-05
14.5 1.04604152994e-05 1.15105231462e-05
14.6 1.11824105129e-05 1.04242849084e-05
14.7 1.19534545287e-05 9.44012635163e-06
14.8 1.27785352955e-05 8.55226584003e-06
14.9 1.36613630249e-05 7.75081982527e-06
15 1.46053920315e-05 7.02508325325e-06
15.1 1.56140766296e-05 6.36435106986e-06
15.2 1.66908760282e-05 5.75793521875e-06
15.3 1.7841856768e-05 5.20420238341e-06
15.4 1.90737191865e-05 4.70372029663e-06
15.5 2.03914613896e-05 4.25114518132e-06
15.6 2.18000814827e-05 3.84113326041e-06
15.7 2.33045775715e-05 3.46834075682e-06
15.8 2.50568996627e-05 3.06577328303e-06
15.9 2.67040520738e-05 2.78999803973e-06
16 2.85000928353e-05 2.53284600676e-06
16.1 3.04450219472e-05 2.29431718412e-06
16.2 3.25388394094e-05 2.07441157182e-06
16.3 3.4781591457e-05 1.8731260002e-06
16.4 3.71953089377e-05 1.688950148e-06
16.5 3.97982966298e-05 1.52062913402e-06
16.6 4.25905545334e-05 1.36816295826e-06
16.7 4.55720826485e-05 1.23155162071e-06
16.8 4.8742880975e-05 1.11079512139e-06
16.9 5.21069022181e-05 1.00555969412e-06
17 5.57273612962e-05 9.10507475398e-07
17.1 5.96262373102e-05 8.23782551371e-07
17.2 6.38035302602e-05 7.45384922043e-07
17.3 6.82592401463e-05 6.75314587414e-07
17.4 7.29933669683e-05 6.13571547483e-07
17.5 7.74860283406e-05 5.77558848822e-07
17.6 8.31707953714e-05 5.19287743502e-07
17.7 8.91695767713e-05 4.68152309926e-07
17.8 9.55053723642e-05 4.23382629703e-07
17.9 0.000102201181974 3.84208784447e-07
18 0.000109280005425 3.49860855768e-07
18.1 0.00011678947048 3.19715707944e-07
18.2 0.000124813274269 2.93365178917e-07
18.3 0.00013339351191 2.70153158358e-07
18.4 0.000142570814147 2.49414808283e-07
18.5 0.000152385811728 2.30485290709e-07
18.6 0.000162879135398 2.12699767654e-07
18.7 0.000174091415903 1.95393401133e-07
18.8 0.00018606328399 1.77901353164e-07
18.9 0.000198847370732 1.59950950953e-07
19 0.000212551515074 1.43073689521e-07
19.1 0.000227242455795 1.27457929328e-07
19.2 0.000242979388996 1.13045539667e-07
19.3 0.000259821510779 9.97783898279e-08
19.4 0.000277828017246 8.75983491041e-08
19.5 0.000297058104497 7.64472867868e-08
19.6 0.000317570968636 6.62670721678e-08
19.7 0.000339433614815 5.70049666499e-08
19.8 0.000362841659643 4.86970372066e-08
19.9 0.000387935850413 4.13414638227e-08
20 0.000414817017811 3.49088642622e-08
