"Time" "Prey" "Predator"
0 2.10298001955 30.0316057895
0.1 0.042646059797 28.6293113478
0.2 0.00120206137721 25.9342249925
0.3 4.78140615279e-05 23.4670777027
0.4 2.586862597e-06 21.2339226453
0.5 1.81145738606e-07 19.2132500421
0.6 1.2000976423e-08 17.3848706736
0.7 2.57955493405e-09 15.7304864771
0.8 -1.138052932e-08 14.2335316237
0.9 -1.32661041662e-08 12.87902143
1 -1.35270660899e-08 11.6534187362
1.1 -1.35270660899e-08 10.544447504
1.2 -1.35270660899e-08 9.54100816605
1.3 -1.35270660899e-08 8.63305346389
1.4 -1.35270660899e-08 7.81151351025
1.5 -1.35270660899e-08 7.06816622608
1.6 -1.35270660899e-08 6.3955356078
1.7 -1.35270660899e-08 5.78691994819
1.8 -1.35270660899e-08 5.2362232774
1.9 -1.35270660899e-08 4.73793081531
2 -1.35270660899e-08 4.28705709085
2.1 -1.35270660899e-08 3.87909003985
2.2 -1.35270660899e-08 3.50994596985
2.3 -1.35270660899e-08 3.17593071376
2.4 -1.35270660899e-08 2.87370174435
2.5 -1.35270660899e-08 2.60023327591
2.6 -1.35270660899e-08 2.35278866334
2.7 -1.35270660899e-08 2.12889172267
2.8 -1.35270660899e-08 1.92630112348
2.9 -1.35270660899e-08 1.74298961423
3 -1.35270660899e-08 1.57712258397
3.1 -1.35270660899e-08 1.42703967593
3.2 -1.35270660899e-08 1.29123913103
3.3 -1.35270660899e-08 1.16836163907
3.4 -1.35270660899e-08 1.05717731603
3.5 -1.35270660899e-08 0.956572893934
3.6 -1.35270660899e-08 0.865542681875
3.7 -1.35270660899e-08 0.783175253658
3.8 -1.35270660899e-08 0.708646332347
3.9 -1.35270660899e-08 0.64120972015
4 -1.35270660899e-08 0.58019053106
4.1 -1.35270660899e-08 0.52497802884
4.2 -1.35270660899e-08 0.47501977482
4.3 -1.35270660899e-08 0.429815672009
4.4 -1.35270660899e-08 0.38891327735
4.5 -1.35270660899e-08 0.351903252251
4.6 -1.35270660899e-08 0.318415045276
4.7 -1.35270660899e-08 0.288113594577
4.8 -1.35270660899e-08 0.260695957905
4.9 -1.35270660899e-08 0.235887375875
5 -1.35270660899e-08 0.213439736888
5.1 -1.35270660899e-08 0.193128252969
5.2 -1.35270660899e-08 0.174749599476
5.3 -1.35270660899e-08 0.15811998931
5.4 -1.35270660899e-08 0.143072802246
5.5 -1.35270660899e-08 0.129457614567
5.6 -1.35270660899e-08 0.117138099534
5.7 -1.35270660899e-08 0.105990914609
5.8 -1.35270660899e-08 0.0959045628545
5.9 -1.35270660899e-08 0.0867779954742
6 -1.35270660899e-08 0.0785199681653
6.1 -1.35270660899e-08 0.0710477939188
6.2 -1.35270660899e-08 0.0642866748104
6.3 -1.35270660899e-08 0.0581690024601
6.4 -1.35270660899e-08 0.0526334766991
6.5 -1.35270660899e-08 0.0476247400726
6.6 -1.35270660899e-08 0.0430926387595
6.7 -1.35270660899e-08 0.0389918109776
6.8 -1.35270660899e-08 0.0352812552218
6.9 -1.35270660899e-08 0.0319237895987
7 -1.35270660899e-08 0.0288858402493
7.1 -1.35270660899e-08 0.0261369874767
7.2 -1.35270660899e-08 0.0236497148831
7.3 -1.35270660899e-08 0.0213991496931
7.4 -1.35270660899e-08 0.0193627423551
7.5 -1.35270660899e-08 0.0175201328426
7.6 -1.35270660899e-08 0.0158528710628
7.7 -1.35270660899e-08 0.0143442662274
7.8 -1.35270660899e-08 0.0129792305142
7.9 -1.35270660899e-08 0.0117440890727
8 -1.35270660899e-08 0.0106264896269
8.1 -1.35270660899e-08 0.00961523061039
8.2 -1.35270660899e-08 0.0087001949182
8.3 -1.35270660899e-08 0.00787226301552
8.4 -1.35270660899e-08 0.00712314057159
8.5 -1.35270660899e-08 0.00644531467485
8.6 -1.35270660899e-08 0.00583197695333
8.7 -1.35270660899e-08 0.00527702313629
8.8 -1.35270660899e-08 0.00477487800613
8.9 -1.35270660899e-08 0.00432048371443
9 -1.35270660899e-08 0.00390934249346
9.1 -1.35270660899e-08 0.00353732450317
9.2 -1.35270660899e-08 0.00320069732957
9.3 -1.35270660899e-08 0.00289612092637
9.4 -1.35270660899e-08 0.00262052320624
9.5 -1.35270660899e-08 0.00237114534473
9.6 -1.35270660899e-08 0.00214550915699
9.7 -1.35270660899e-08 0.0019413370565
9.8 -1.35270660899e-08 0.00175660380243
9.9 -1.35270660899e-08 0.00158947079471
10 -1.35270660899e-08 0.00143823685738
10.1 -1.35270660899e-08 0.00130136003788
10.2 -1.35270660899e-08 0.00117751572377
10.3 -1.35270660899e-08 0.00106546202584
10.4 -1.35270660899e-08 0.000964056867209
10.5 -1.35270660899e-08 0.000872299747996
10.6 -1.35270660899e-08 0.000789285831734
10.7 -1.35270660899e-08 0.000714174309379
10.8 -1.35270660899e-08 0.000646202320016
10.9 -1.35270660899e-08 0.000584708289936
11 -1.35270660899e-08 0.000529072047369
11.1 -1.35270660899e-08 0.000478720857142
11.2 -1.35270660899e-08 0.000433157792081
11.3 -1.35270660899e-08 0.000391934793549
11.4 -1.35270660899e-08 0.000354634835642
11.5 -1.35270660899e-08 0.000320873419844
11.6 -1.35270660899e-08 0.000290340829693
11.7 -1.35270660899e-08 0.000262712395826
11.8 -1.35270660899e-08 0.000237710220157
11.9 -1.35270660899e-08 0.000215091653406
12 -1.35270660899e-08 0.000194631631335
12.1 -1.35270660899e-08 0.000176118454674
12.2 -1.35270660899e-08 0.000159359116748
12.3 -1.35270660899e-08 0.000144181040613
12.4 -1.35270660899e-08 0.000130434881685
12.5 -1.35270660899e-08 0.000117988342699
12.6 -1.35270660899e-08 0.00010672844291
12.7 -1.35270660899e-08 9.65601104174e-05
12.8 -1.35270660899e-08 8.73661905744e-05
12.9 -1.35270660899e-08 7.90443301904e-05
13 -1.35270660899e-08 7.15157895656e-05
13.1 -1.35270660899e-08 6.4714317742e-05
13.2 -1.35270660899e-08 5.85754122197e-05
13.3 -1.35270660899e-08 5.30189910171e-05
13.4 -1.35270660899e-08 4.79876331958e-05
13.5 -1.35270660899e-08 4.34325489829e-05
13.6 -1.35270660899e-08 3.92356202558e-05
13.7 -1.35270660899e-08 3.55542690781e-05
13.8 -1.35270660899e-08 3.21916251398e-05
13.9 -1.35270660899e-08 2.91323283505e-05
14 -1.35270660899e-08 2.63610186194e-05
14.1 -1.35270660899e-08 2.38579071925e-05
14.2 -1.35270660899e-08 2.1594150093e-05
14.3 -1.35270660899e-08 1.95487107745e-05
14.4 -1.35270660899e-08 1.77009877351e-05
14.5 -1.35270660899e-08 1.60303794728e-05
14.6 -1.35270660899e-08 1.451669504e-05
14.7 -1.35270660899e-08 1.31495355106e-05
14.8 -1.35270660899e-08 1.19161599976e-05
14.9 -1.35270660899e-08 1.08005848508e-05
15 -1.35270660899e-08 9.78682642004e-06
15.1 -1.35270660899e-08 8.85890105506e-06
15.2 -1.35270660899e-08 8.00758815097e-06
15.3 -1.35270660899e-08 7.23749540174e-06
15.4 -1.35270660899e-08 6.54130771547e-06
15.5 -1.35270660899e-08 5.91104564082e-06
15.6 -1.35270660899e-08 5.33872972645e-06
15.7 -1.35270660899e-08 4.70526527602e-06
15.8 -1.35270660899e-08 4.28523287387e-06
15.9 -1.35270660899e-08 3.89300668602e-06
16 -1.35270660899e-08 3.52858671249e-06
16.1 -1.35270660899e-08 3.19197295326e-06
16.2 -1.35270660899e-08 2.88316540835e-06
16.3 -1.35270660899e-08 2.60100023116e-06
16.4 -1.35270660899e-08 2.3426373482e-06
16.5 -1.35270660899e-08 2.10794814022e-06
16.6 -1.35270660899e-08 1.8969326072e-06
16.7 -1.35270660899e-08 1.70959074914e-06
16.8 -1.35270660899e-08 1.54592256462e-06
16.9 -1.35270660899e-08 1.40030254512e-06
17 -1.35270660899e-08 1.26711656006e-06
17.1 -1.35270660899e-08 1.14636460945e-06
17.2 -1.35270660899e-08 1.03804669327e-06
17.3 -1.35270660899e-08 9.42162811532e-07
17.4 -1.35270660899e-08 8.58505547168e-07
17.5 -1.35270660899e-08 7.82528481091e-07
17.6 -1.35270660899e-08 7.12374908098e-07
17.7 -1.35270660899e-08 6.48044828192e-07
17.8 -1.35270660899e-08 5.89538241371e-07
17.9 -1.35270660899e-08 5.36855147635e-07
18 -1.35270660899e-08 4.89676202311e-07
18.1 -1.35270660899e-08 4.46089212875e-07
18.2 -1.35270660899e-08 4.0577612562e-07
18.3 -1.35270660899e-08 3.68736940547e-07
18.4 -1.35270660899e-08 3.34971657655e-07
18.5 -1.35270660899e-08 3.04480276946e-07
18.6 -1.35270660899e-08 2.76920236925e-07
18.7 -1.35270660899e-08 2.51455602827e-07
18.8 -1.35270660899e-08 2.28048517423e-07
18.9 -1.35270660899e-08 2.06698980714e-07
19 -1.35270660899e-08 1.87406992699e-07
19.1 -1.35270660899e-08 1.70172553271e-07
19.2 -1.35270660899e-08 1.54578595316e-07
19.3 -1.35270660899e-08 1.40208895262e-07
19.4 -1.35270660899e-08 1.27063453109e-07
19.5 -1.35270660899e-08 1.15142268857e-07
19.6 -1.35270660899e-08 1.04445342506e-07
19.7 -1.35270660899e-08 9.49557689931e-08
19.8 -1.35270660899e-08 8.63030026431e-08
19.9 -1.35270660899e-08 7.83357168688e-08
20 -1.35270660899e-08 7.10539116703e-08
