"Time" "Prey" "Predator"
0 28.6294285878 24.9154712854
0.1 0.147987397207 42.5959307879
0.2 0.000702829882737 38.6453664232
0.3 5.47230472638e-06 34.9682556091
0.4 -8.46156556425e-08 31.6405989598
0.5 -5.85577095366e-08 28.6296003598
0.6 -5.85577095366e-08 25.9051365579
0.7 -5.85577095366e-08 23.4399312474
0.8 -5.85577095366e-08 21.2093176597
0.9 -5.85577095366e-08 19.1909804899
1 -5.85577095366e-08 17.3647135288
1.1 -5.85577095366e-08 15.7122377157
1.2 -5.85577095366e-08 14.2170181222
1.3 -5.85577095366e-08 12.8641074108
1.4 -5.85577095366e-08 11.6399231137
1.5 -5.85577095366e-08 10.5322369973
1.6 -5.85577095366e-08 9.52996377653
1.7 -5.85577095366e-08 8.62306814864
1.8 -5.85577095366e-08 7.80247489558
1.9 -5.85577095366e-08 7.0599717213
2 -5.85577095366e-08 6.38812684339
2.1 -5.85577095366e-08 5.7802165203
2.2 -5.85577095366e-08 5.23015678083
2.3 -5.85577095366e-08 4.73244043172
2.4 -5.85577095366e-08 4.28208848442
2.5 -5.85577095366e-08 3.87459345403
2.6 -5.85577095366e-08 3.50587723402
2.7 -5.85577095366e-08 3.1722489051
2.8 -5.85577095366e-08 2.87036935184
2.9 -5.85577095366e-08 2.59721757641
3 -5.85577095366e-08 2.35005963367
3.1 -5.85577095366e-08 2.12642182985
3.2 -5.85577095366e-08 1.92406590155
3.3 -5.85577095366e-08 1.74096610446
3.4 -5.85577095366e-08 1.57529089808
3.5 -5.85577095366e-08 1.42538189074
3.6 -5.85577095366e-08 1.28973856707
3.7 -5.85577095366e-08 1.16700374957
3.8 -5.85577095366e-08 1.05594837106
3.9 -5.85577095366e-08 0.955461616234
4 -5.85577095366e-08 0.864537146676
4.1 -5.85577095366e-08 0.782265504945
4.2 -5.85577095366e-08 0.707823031051
4.3 -5.85577095366e-08 0.640464681335
4.4 -5.85577095366e-08 0.579516393234
4.5 -5.85577095366e-08 0.524367951894
4.6 -5.85577095366e-08 0.474467756091
4.7 -5.85577095366e-08 0.429316052584
4.8 -5.85577095366e-08 0.388461225676
4.9 -5.85577095366e-08 0.351494199689
5 -5.85577095366e-08 0.318045067497
5.1 -5.85577095366e-08 0.287779054158
5.2 -5.85577095366e-08 0.260393177508
5.3 -5.85577095366e-08 0.235613499075
5.4 -5.85577095366e-08 0.213191850814
5.5 -5.85577095366e-08 0.192903969166
5.6 -5.85577095366e-08 0.174546693369
5.7 -5.85577095366e-08 0.157936364817
5.8 -5.85577095366e-08 0.14290671569
5.9 -5.85577095366e-08 0.129307310988
6 -5.85577095366e-08 0.117002095905
6.1 -5.85577095366e-08 0.10586784463
6.2 -5.85577095366e-08 0.0957931846617
6.3 -5.85577095366e-08 0.0866772032985
6.4 -5.85577095366e-08 0.0784287463357
6.5 -5.85577095366e-08 0.0709652638423
6.6 -5.85577095366e-08 0.0642120044177
6.7 -5.85577095366e-08 0.0581014368021
6.8 -5.85577095366e-08 0.0525723392462
6.9 -5.85577095366e-08 0.0475694109702
7 -5.85577095366e-08 0.0430425793781
7.1 -5.85577095366e-08 0.0389465146333
7.2 -5.85577095366e-08 0.0352402700537
7.3 -5.85577095366e-08 0.0318867098091
7.4 -5.85577095366e-08 0.0288522866881
7.5 -5.85577095366e-08 0.0261066278583
7.6 -5.85577095366e-08 0.0236222408123
7.7 -5.85577095366e-08 0.0213742896705
7.8 -5.85577095366e-08 0.0193402508458
7.9 -5.85577095366e-08 0.0174997802319
8 -5.85577095366e-08 0.0158344570411
8.1 -5.85577095366e-08 0.0143276039086
8.2 -5.85577095366e-08 0.0129641539766
8.3 -5.85577095366e-08 0.0117304470481
8.4 -5.85577095366e-08 0.0106141416723
8.5 -5.85577095366e-08 0.00960407574826
8.6 -5.85577095366e-08 0.00869012383524
8.7 -5.85577095366e-08 0.00786314738163
8.8 -5.85577095366e-08 0.00711485209564
8.9 -5.85577095366e-08 0.00643776409374
9 -5.85577095366e-08 0.00582513637516
9.1 -5.85577095366e-08 0.00527082467102
9.2 -5.85577095366e-08 0.00476926780681
9.3 -5.85577095366e-08 0.00431542599236
9.4 -5.85577095366e-08 0.00390478969015
9.5 -5.85577095366e-08 0.00353322921734
9.6 -5.85577095366e-08 0.00319699275967
9.7 -5.85577095366e-08 0.00289276196971
9.8 -5.85577095366e-08 0.0026174851496
9.9 -5.85577095366e-08 0.00236838934177
10 -5.85577095366e-08 0.00214301211695
10.1 -5.85577095366e-08 0.00193908662828
10.2 -5.85577095366e-08 0.00175455274784
10.3 -5.85577095366e-08 0.00158758894262
10.4 -5.85577095366e-08 0.00143651541264
10.5 -5.85577095366e-08 0.001299809912
10.6 -5.85577095366e-08 0.00117612924229
10.7 -5.85577095366e-08 0.00106422611893
10.8 -5.85577095366e-08 0.000962951289804
10.9 -5.85577095366e-08 0.000871307114605
11 -5.85577095366e-08 0.00078839092371
11.1 -5.85577095366e-08 0.000713363341661
11.2 -5.85577095366e-08 0.000645464705252
11.3 -5.85577095366e-08 0.000584034940808
11.4 -5.85577095366e-08 0.000528457023722
11.5 -5.85577095366e-08 0.000478162824347
11.6 -5.85577095366e-08 0.000432656036773
11.7 -5.85577095366e-08 0.000391486146448
11.8 -5.85577095366e-08 0.000354233398905
11.9 -5.85577095366e-08 0.00032051790168
12 -5.85577095366e-08 0.000290013503623
12.1 -5.85577095366e-08 0.000262414050203
12.2 -5.85577095366e-08 0.00023742790156
12.3 -5.85577095366e-08 0.000214838068726
12.4 -5.85577095366e-08 0.000194394652967
12.5 -5.85577095366e-08 0.000175895815865
12.6 -5.85577095366e-08 0.000159156241563
12.7 -5.85577095366e-08 0.000144014978524
12.8 -5.85577095366e-08 0.00013031676995
12.9 -5.85577095366e-08 0.000117919156929
13 -5.85577095366e-08 0.000106693016046
13.1 -5.85577095366e-08 9.65257729116e-05
13.2 -5.85577095366e-08 8.73182769206e-05
13.3 -5.85577095366e-08 7.89842862658e-05
13.4 -5.85577095366e-08 7.1451298063e-05
13.5 -5.85577095366e-08 6.46487425385e-05
13.6 -5.85577095366e-08 5.84918281274e-05
13.7 -5.85577095366e-08 5.29200028793e-05
13.8 -5.85577095366e-08 4.78823211965e-05
13.9 -5.85577095366e-08 4.33357234962e-05
14 -5.85577095366e-08 3.92253666734e-05
14.1 -5.85577095366e-08 3.55037532564e-05
14.2 -5.85577095366e-08 3.21338835725e-05
14.3 -5.85577095366e-08 2.90841746649e-05
14.4 -5.85577095366e-08 2.62931331674e-05
14.5 -5.85577095366e-08 2.38148884938e-05
14.6 -5.85577095366e-08 2.15558408886e-05
14.7 -5.85577095366e-08 1.95051565653e-05
14.8 -5.85577095366e-08 1.7651602185e-05
14.9 -5.85577095366e-08 1.59759776448e-05
15 -5.85577095366e-08 1.44613089873e-05
15.1 -5.85577095366e-08 1.30930595871e-05
15.2 -5.85577095366e-08 1.1856692819e-05
15.3 -5.85577095366e-08 1.0737672058e-05
15.4 -5.85577095366e-08 9.72440823819e-06
15.5 -5.85577095366e-08 8.81068255918e-06
15.6 -5.85577095366e-08 7.98543545536e-06
15.7 -5.85577095366e-08 7.23738788918e-06
15.8 -5.85577095366e-08 6.55526082306e-06
15.9 -5.85577095366e-08 5.9283847466e-06
16 -5.85577095366e-08 5.35824364583e-06
16.1 -5.85577095366e-08 4.84292546685e-06
16.2 -5.85577095366e-08 4.37679994462e-06
16.3 -5.85577095366e-08 3.95423681412e-06
16.4 -5.85577095366e-08 3.56960581031e-06
16.5 -5.85577095366e-08 3.16211622853e-06
16.6 -5.85577095366e-08 2.87602730183e-06
16.7 -5.85577095366e-08 2.60956021115e-06
16.8 -5.85577095366e-08 2.36271495648e-06
16.9 -5.85577095366e-08 2.13549153783e-06
17 -5.85577095366e-08 1.92777919962e-06
17.1 -5.85577095366e-08 1.73753715212e-06
17.2 -5.85577095366e-08 1.56399999156e-06
17.3 -5.85577095366e-08 1.40716771793e-06
17.4 -5.85577095366e-08 1.26704033122e-06
17.5 -5.85577095366e-08 1.14361783145e-06
17.6 -5.85577095366e-08 1.03580482674e-06
17.7 -5.85577095366e-08 9.37658131054e-07
17.8 -5.85577095366e-08 8.48285159617e-07
17.9 -5.85577095366e-08 7.67685912429e-07
18 -5.85577095366e-08 6.9586038949e-07
18.1 -5.85577095366e-08 6.328085908e-07
18.2 -5.85577095366e-08 5.77127643666e-07
18.3 -5.85577095366e-08 5.25673391141e-07
18.4 -5.85577095366e-08 4.78328361453e-07
18.5 -5.85577095366e-08 4.35092554604e-07
18.6 -5.85577095366e-08 3.95965970592e-07
18.7 -5.85577095366e-08 3.60948021249e-07
18.8 -5.85577095366e-08 3.29094361152e-07
18.9 -5.85577095366e-08 2.99550886437e-07
19 -5.85577095366e-08 2.72317597104e-07
19.1 -5.85577095366e-08 2.47394493154e-07
19.2 -5.85577095366e-08 2.24781574586e-07
19.3 -5.85577095366e-08 2.04446251762e-07
19.4 -5.85577095366e-08 1.85788025814e-07
19.5 -5.85577095366e-08 1.68581677989e-07
19.6 -5.85577095366e-08 1.52827208288e-07
19.7 -5.85577095366e-08 1.3852461671e-07
19.8 -5.85577095366e-08 1.25673903257e-07
19.9 -5.85577095366e-08 1.14193857351e-07
20 -5.85577095366e-08 1.03643860808e-07
