"Time" "Prey" "Predator"
0 1.01369295845 39.8481259852
0.1 0.00637493311887 36.7615533976
0.2 6.42155716815e-05 33.2676609473
0.3 9.81581121567e-07 30.1018577676
0.4 -1.14176429055e-07 27.2373069625
0.5 -7.84884856643e-08 24.645342349
0.6 -7.84884856643e-08 22.3000380291
0.7 -7.84884856643e-08 20.1779133463
0.8 -7.84884856643e-08 18.2577188872
0.9 -7.84884856643e-08 16.5202589228
1 -7.84884856643e-08 14.948145654
1.1 -7.84884856643e-08 13.5256386267
1.2 -7.84884856643e-08 12.238499533
1.3 -7.84884856643e-08 11.0738503406
1.4 -7.84884856643e-08 10.0200496181
1.5 -7.84884856643e-08 9.06651370534
1.6 -7.84884856643e-08 8.20371962017
1.7 -7.84884856643e-08 7.42303407414
1.8 -7.84884856643e-08 6.71663924337
1.9 -7.84884856643e-08 6.07746662293
2 -7.84884856643e-08 5.4991195854
2.1 -7.84884856643e-08 4.97580937546
2.2 -7.84884856643e-08 4.502298898
2.3 -7.84884856643e-08 4.07384967836
2.4 -7.84884856643e-08 3.68617220632
2.5 -7.84884856643e-08 3.33538697669
2.6 -7.84884856643e-08 3.01798367224
2.7 -7.84884856643e-08 2.73078488239
2.8 -7.84884856643e-08 2.47091675886
2.9 -7.84884856643e-08 2.23577845429
3 -7.84884856643e-08 2.02301621702
3.1 -7.84884856643e-08 1.83050112611
3.2 -7.84884856643e-08 1.65630606158
3.3 -7.84884856643e-08 1.49868765833
3.4 -7.84884856643e-08 1.35606777477
3.5 -7.84884856643e-08 1.22702055152
3.6 -7.84884856643e-08 1.11025391481
3.7 -7.84884856643e-08 1.00459936118
3.8 -7.84884856643e-08 0.908999083962
3.9 -7.84884856643e-08 0.822496352464
4 -7.84884856643e-08 0.744225403381
4.1 -7.84884856643e-08 0.673403000545
4.2 -7.84884856643e-08 0.609320235569
4.3 -7.84884856643e-08 0.551335704246
4.4 -7.84884856643e-08 0.498869118297
4.5 -7.84884856643e-08 0.451395132657
4.6 -7.84884856643e-08 0.408438928272
4.7 -7.84884856643e-08 0.369570802787
4.8 -7.84884856643e-08 0.33440135509
4.9 -7.84884856643e-08 0.302578906451
5 -7.84884856643e-08 0.27378467244
5.1 -7.84884856643e-08 0.247730548202
5.2 -7.84884856643e-08 0.224155867292
5.3 -7.84884856643e-08 0.202824491027
5.4 -7.84884856643e-08 0.183523204189
5.5 -7.84884856643e-08 0.166058652806
5.6 -7.84884856643e-08 0.150256066426
5.7 -7.84884856643e-08 0.135957323123
5.8 -7.84884856643e-08 0.123019207675
5.9 -7.84884856643e-08 0.111312384871
6 -7.84884856643e-08 0.10071958265
6.1 -7.84884856643e-08 0.0911348205046
6.2 -7.84884856643e-08 0.0824622096874
6.3 -7.84884856643e-08 0.074614869405
6.4 -7.84884856643e-08 0.0675143334209
6.5 -7.84884856643e-08 0.0610894758422
6.6 -7.84884856643e-08 0.0552760225257
6.7 -7.84884856643e-08 0.0500158182988
6.8 -7.84884856643e-08 0.0452561665629
6.9 -7.84884856643e-08 0.0409494786829
7 -7.84884856643e-08 0.0370526138256
7.1 -7.84884856643e-08 0.0335265824275
7.2 -7.84884856643e-08 0.0303361076514
7.3 -7.84884856643e-08 0.0274492310251
7.4 -7.84884856643e-08 0.0248370934529
7.5 -7.84884856643e-08 0.0224735279316
7.6 -7.84884856643e-08 0.0203348846822
7.7 -7.84884856643e-08 0.0183997662909
7.8 -7.84884856643e-08 0.0166487891417
7.9 -7.84884856643e-08 0.0150644484171
8 -7.84884856643e-08 0.0136308732651
8.1 -7.84884856643e-08 0.0123337206565
8.2 -7.84884856643e-08 0.0111600133518
8.3 -7.84884856643e-08 0.0100979937591
8.4 -7.84884856643e-08 0.00913704242014
8.5 -7.84884856643e-08 0.00826753674777
8.6 -7.84884856643e-08 0.00748077421779
8.7 -7.84884856643e-08 0.00676887717776
8.8 -7.84884856643e-08 0.00612471084167
8.9 -7.84884856643e-08 0.00554185385601
9 -7.84884856643e-08 0.00501448948581
9.1 -7.84884856643e-08 0.00453732450909
9.2 -7.84884856643e-08 0.00410556522637
9.3 -7.84884856643e-08 0.00371488539161
9.4 -7.84884856643e-08 0.00336140009045
9.5 -7.84884856643e-08 0.00304154177483
9.6 -7.84884856643e-08 0.00275209411535
9.7 -7.84884856643e-08 0.00249020177322
9.8 -7.84884856643e-08 0.00225323011156
9.9 -7.84884856643e-08 0.00203879824445
10 -7.84884856643e-08 0.0018447869221
10.1 -7.84884856643e-08 0.00166923932305
10.2 -7.84884856643e-08 0.00151038479635
10.3 -7.84884856643e-08 0.00136665681073
10.4 -7.84884856643e-08 0.00123660653418
10.5 -7.84884856643e-08 0.00111892445582
10.6 -7.84884856643e-08 0.00101245503224
10.7 -7.84884856643e-08 0.000916123488757
10.8 -7.84884856643e-08 0.000828940598939
10.9 -7.84884856643e-08 0.000750050185582
11 -7.84884856643e-08 0.000678673280135
11.1 -7.84884856643e-08 0.000614086572118
11.2 -7.84884856643e-08 0.000555637311425
11.3 -7.84884856643e-08 0.000502757094581
11.4 -7.84884856643e-08 0.000454913960674
11.5 -7.84884856643e-08 0.000411618627356
11.6 -7.84884856643e-08 0.000372445027068
11.7 -7.84884856643e-08 0.000337004555087
11.8 -7.84884856643e-08 0.000304935615384
11.9 -7.84884856643e-08 0.000275912128558
12 -7.84884856643e-08 0.000249653154535
12.1 -7.84884856643e-08 0.000225894746601
12.2 -7.84884856643e-08 0.000204386403319
12.3 -7.84884856643e-08 0.000184940014209
12.4 -7.84884856643e-08 0.000167341636733
12.5 -7.84884856643e-08 0.000151417080121
12.6 -7.84884856643e-08 0.000137007220922
12.7 -7.84884856643e-08 0.000123973246581
12.8 -7.84884856643e-08 0.00011218128121
12.9 -7.84884856643e-08 0.000101508665752
13 -7.84884856643e-08 9.18443412236e-05
13.1 -7.84884856643e-08 8.30916267232e-05
13.2 -7.84884856643e-08 7.5165240395e-05
13.3 -7.84884856643e-08 6.79911725874e-05
13.4 -7.84884856643e-08 6.15073014032e-05
13.5 -7.84884856643e-08 5.56516228947e-05
13.6 -7.84884856643e-08 5.03514733074e-05
13.7 -7.84884856643e-08 4.55551295801e-05
13.8 -7.84884856643e-08 4.12189009763e-05
13.9 -7.84884856643e-08 3.73055745972e-05
14 -7.84884856643e-08 3.37671370198e-05
14.1 -7.84884856643e-08 3.0563303016e-05
14.2 -7.84884856643e-08 2.7662304475e-05
14.3 -7.84884856643e-08 2.50370618627e-05
14.4 -7.84884856643e-08 2.26356804098e-05
14.5 -7.84884856643e-08 2.05012836157e-05
14.6 -7.84884856643e-08 1.85560840614e-05
14.7 -7.84884856643e-08 1.67907052177e-05
14.8 -7.84884856643e-08 1.51952774911e-05
14.9 -7.84884856643e-08 1.37528823122e-05
15 -7.84884856643e-08 1.24491122891e-05
15.1 -7.84884856643e-08 1.12713869479e-05
15.2 -7.84884856643e-08 1.02071258142e-05
15.3 -7.84884856643e-08 9.24374841419e-06
15.4 -7.84884856643e-08 8.37160030411e-06
15.5 -7.84884856643e-08 7.58515376668e-06
15.6 -7.84884856643e-08 6.87476076702e-06
15.7 -7.84884856643e-08 6.23066105386e-06
15.8 -7.84884856643e-08 5.64309437594e-06
15.9 -7.84884856643e-08 5.10305272899e-06
16 -7.84884856643e-08 4.61228243642e-06
16.1 -7.84884856643e-08 4.16869862304e-06
16.2 -7.84884856643e-08 3.76742916182e-06
16.3 -7.84884856643e-08 3.40360192575e-06
16.4 -7.84884856643e-08 3.07234478781e-06
16.5 -7.84884856643e-08 2.72295679086e-06
16.6 -7.84884856643e-08 2.47627907604e-06
16.7 -7.84884856643e-08 2.24658103138e-06
16.8 -7.84884856643e-08 2.03386265688e-06
16.9 -7.84884856643e-08 1.83812395252e-06
17 -7.84884856643e-08 1.65922907718e-06
17.1 -7.84884856643e-08 1.49535965448e-06
17.2 -7.84884856643e-08 1.34594594283e-06
17.3 -7.84884856643e-08 1.21098794223e-06
17.4 -7.84884856643e-08 1.09048565267e-06
17.5 -7.84884856643e-08 9.8443907416e-07
17.6 -7.84884856643e-08 8.91701417393e-07
17.7 -7.84884856643e-08 8.07167131468e-07
17.8 -7.84884856643e-08 7.30225356322e-07
17.9 -7.84884856643e-08 6.60876091952e-07
18 -7.84884856643e-08 5.99119338361e-07
18.1 -7.84884856643e-08 5.44955095546e-07
18.2 -7.84884856643e-08 4.96999388652e-07
18.3 -7.84884856643e-08 4.52659331369e-07
18.4 -7.84884856643e-08 4.11875276305e-07
18.5 -7.84884856643e-08 3.7464722346e-07
18.6 -7.84884856643e-08 3.40975172833e-07
18.7 -7.84884856643e-08 3.10854377877e-07
18.8 -7.84884856643e-08 2.8339433719e-07
18.9 -7.84884856643e-08 2.57933450139e-07
19 -7.84884856643e-08 2.34471716724e-07
19.1 -7.84884856643e-08 2.13009136945e-07
19.2 -7.84884856643e-08 1.93545710802e-07
19.3 -7.84884856643e-08 1.76041462885e-07
19.4 -7.84884856643e-08 1.59961280361e-07
19.5 -7.84884856643e-08 1.45137499347e-07
19.6 -7.84884856643e-08 1.31570119843e-07
19.7 -7.84884856643e-08 1.19259141849e-07
19.8 -7.84884856643e-08 1.08204565365e-07
19.9 -7.84884856643e-08 9.83213678877e-08
20 -7.84884856643e-08 8.92310259041e-08
