"Time" "Prey" "Predator"
0 0.791960404647 38.229544162
0.1 0.00622713357028 35.1425308922
0.2 7.69449026178e-05 31.8026023036
0.3 1.46698076626e-06 28.7762338068
0.4 -1.46986660608e-08 26.0378195508
0.5 -1.18112172599e-10 23.5599955162
0.6 -1.18112172599e-10 21.3179682642
0.7 -1.18112172599e-10 19.2892859581
0.8 -1.18112172599e-10 17.4536626971
0.9 -1.18112172599e-10 15.7927240247
1 -1.18112172599e-10 14.2898447215
1.1 -1.18112172599e-10 12.9299812152
1.2 -1.18112172599e-10 11.6995322044
1.3 -1.18112172599e-10 10.5861886273
1.4 -1.18112172599e-10 9.57877505282
1.5 -1.18112172599e-10 8.66723483217
1.6 -1.18112172599e-10 7.84243937105
1.7 -1.18112172599e-10 7.09613278119
1.8 -1.18112172599e-10 6.42084662285
1.9 -1.18112172599e-10 5.80982273782
2 -1.18112172599e-10 5.25694522338
2.1 -1.18112172599e-10 4.75668107161
2.2 -1.18112172599e-10 4.30402334328
2.3 -1.18112172599e-10 3.89444022101
2.4 -1.18112172599e-10 3.52383483237
2.5 -1.18112172599e-10 3.18849732166
2.6 -1.18112172599e-10 2.88507174819
2.7 -1.18112172599e-10 2.61052086381
2.8 -1.18112172599e-10 2.36209682135
2.9 -1.18112172599e-10 2.13731358617
3 -1.18112172599e-10 1.93392129867
3.1 -1.18112172599e-10 1.74988429222
3.2 -1.18112172599e-10 1.58336061178
3.3 -1.18112172599e-10 1.43268324872
3.4 -1.18112172599e-10 1.29634518431
3.5 -1.18112172599e-10 1.17298135156
3.6 -1.18112172599e-10 1.06135723049
3.7 -1.18112172599e-10 0.960355724594
3.8 -1.18112172599e-10 0.868965552373
3.9 -1.18112172599e-10 0.786272567838
4 -1.18112172599e-10 0.711448583847
4.1 -1.18112172599e-10 0.643745283357
4.2 -1.18112172599e-10 0.58248474624
4.3 -1.18112172599e-10 0.527053941602
4.4 -1.18112172599e-10 0.476898102992
4.5 -1.18112172599e-10 0.43151511061
4.6 -1.18112172599e-10 0.390451030305
4.7 -1.18112172599e-10 0.353294589826
4.8 -1.18112172599e-10 0.319674167406
4.9 -1.18112172599e-10 0.289253101499
5 -1.18112172599e-10 0.261727000895
5.1 -1.18112172599e-10 0.236820363457
5.2 -1.18112172599e-10 0.214283858102
5.3 -1.18112172599e-10 0.193892061513
5.4 -1.18112172599e-10 0.175440741712
5.5 -1.18112172599e-10 0.15874534552
5.6 -1.18112172599e-10 0.143638654492
5.7 -1.18112172599e-10 0.129969565269
5.8 -1.18112172599e-10 0.117601331286
5.9 -1.18112172599e-10 0.106410046526
6 -1.18112172599e-10 0.0962838079217
6.1 -1.18112172599e-10 0.0871211742782
6.2 -1.18112172599e-10 0.0788304768289
6.3 -1.18112172599e-10 0.0713287658543
6.4 -1.18112172599e-10 0.0645409010661
6.5 -1.18112172599e-10 0.058399028731
6.6 -1.18112172599e-10 0.0528416199764
6.7 -1.18112172599e-10 0.0478130677283
6.8 -1.18112172599e-10 0.0432630554901
6.9 -1.18112172599e-10 0.0391460109534
7 -1.18112172599e-10 0.0354207776088
7.1 -1.18112172599e-10 0.0320500367079
7.2 -1.18112172599e-10 0.0290000651927
7.3 -1.18112172599e-10 0.0262403475441
7.4 -1.18112172599e-10 0.0237432395247
7.5 -1.18112172599e-10 0.0214837739147
7.6 -1.18112172599e-10 0.0194393166435
7.7 -1.18112172599e-10 0.0175894153694
7.8 -1.18112172599e-10 0.0159155626124
7.9 -1.18112172599e-10 0.0144009909009
8 -1.18112172599e-10 0.0130305572171
8.1 -1.18112172599e-10 0.0117905331779
8.2 -1.18112172599e-10 0.0106685128003
8.3 -1.18112172599e-10 0.00965327004068
8.4 -1.18112172599e-10 0.00873463565391
8.5 -1.18112172599e-10 0.00790342601259
8.6 -1.18112172599e-10 0.00715131422995
8.7 -1.18112172599e-10 0.00647077248438
8.8 -1.18112172599e-10 0.00585499994649
8.9 -1.18112172599e-10 0.00529782063621
9 -1.18112172599e-10 0.00479366482804
9.1 -1.18112172599e-10 0.00433747311762
9.2 -1.18112172599e-10 0.00392468662795
9.3 -1.18112172599e-10 0.00355120025766
9.4 -1.18112172599e-10 0.00321327444289
9.5 -1.18112172599e-10 0.00290751788216
9.6 -1.18112172599e-10 0.00263085113542
9.7 -1.18112172599e-10 0.00238050940892
9.8 -1.18112172599e-10 0.00215400433826
9.9 -1.18112172599e-10 0.00194904445209
10 -1.18112172599e-10 0.00176355992886
10.1 -1.18112172599e-10 0.00159573401951
10.2 -1.18112172599e-10 0.00144388164978
10.3 -1.18112172599e-10 0.00130646727236
10.4 -1.18112172599e-10 0.00118213933425
10.5 -1.18112172599e-10 0.00106965136722
10.6 -1.18112172599e-10 0.00096783424185
10.7 -1.18112172599e-10 0.000875748758745
10.8 -1.18112172599e-10 0.000792417186692
10.9 -1.18112172599e-10 0.000717007376971
11 -1.18112172599e-10 0.000648774054358
11.1 -1.18112172599e-10 0.000587041394821
11.2 -1.18112172599e-10 0.000531180440339
11.3 -1.18112172599e-10 0.000480622269031
11.4 -1.18112172599e-10 0.000434855815614
11.5 -1.18112172599e-10 0.000393430159645
11.6 -1.18112172599e-10 0.000355954476231
11.7 -1.18112172599e-10 0.000322075798269
11.8 -1.18112172599e-10 0.000291415020526
11.9 -1.18112172599e-10 0.000263667854977
12 -1.18112172599e-10 0.000238576021106
12.1 -1.18112172599e-10 0.000215889312274
12.2 -1.18112172599e-10 0.000195352800062
12.3 -1.18112172599e-10 0.00017676511345
12.4 -1.18112172599e-10 0.000159952763648
12.5 -1.18112172599e-10 0.000144738566513
12.6 -1.18112172599e-10 0.000130962884182
12.7 -1.18112172599e-10 0.000118496020199
12.8 -1.18112172599e-10 0.000107224336077
12.9 -1.18112172599e-10 9.70179120983e-05
13 -1.18112172599e-10 8.77735886975e-05
13.1 -1.18112172599e-10 7.94080047265e-05
13.2 -1.18112172599e-10 7.18528574752e-05
13.3 -1.18112172599e-10 6.50304573655e-05
13.4 -1.18112172599e-10 5.88537784549e-05
13.5 -1.18112172599e-10 5.32621594678e-05
13.6 -1.18112172599e-10 4.82037329817e-05
13.7 -1.18112172599e-10 4.36330496036e-05
13.8 -1.18112172599e-10 3.94946205616e-05
13.9 -1.18112172599e-10 3.57448214521e-05
14 -1.18112172599e-10 3.23483494138e-05
14.1 -1.18112172599e-10 2.92758109545e-05
14.2 -1.18112172599e-10 2.64961797127e-05
14.3 -1.18112172599e-10 2.39768120399e-05
14.4 -1.18112172599e-10 2.16944620265e-05
14.5 -1.18112172599e-10 1.96298602865e-05
14.6 -1.18112172599e-10 1.77412961651e-05
14.7 -1.18112172599e-10 1.60719617831e-05
14.8 -1.18112172599e-10 1.45511223238e-05
14.9 -1.18112172599e-10 1.31701746783e-05
15 -1.18112172599e-10 1.19205157376e-05
15.1 -1.18112172599e-10 1.07913694814e-05
15.2 -1.18112172599e-10 9.77070831982e-06
15.3 -1.18112172599e-10 8.8484216521e-06
15.4 -1.18112172599e-10 8.01440083629e-06
15.5 -1.18112172599e-10 7.25853723042e-06
15.6 -1.18112172599e-10 6.57166174221e-06
15.7 -1.18112172599e-10 5.95111641672e-06
15.8 -1.18112172599e-10 5.39079436429e-06
15.9 -1.18112172599e-10 4.8835240026e-06
16 -1.18112172599e-10 4.42213374938e-06
16.1 -1.18112172599e-10 3.99945202233e-06
16.2 -1.18112172599e-10 3.61336121231e-06
16.3 -1.18112172599e-10 3.26465473543e-06
16.4 -1.18112172599e-10 2.9496672836e-06
16.5 -1.18112172599e-10 2.66472899285e-06
16.6 -1.18112172599e-10 2.40616999922e-06
16.7 -1.18112172599e-10 2.12350545435e-06
16.8 -1.18112172599e-10 1.93423569239e-06
16.9 -1.18112172599e-10 1.75744e-06
17 -1.18112172599e-10 1.59311837715e-06
17.1 -1.18112172599e-10 1.44127082386e-06
17.2 -1.18112172599e-10 1.30189734012e-06
17.3 -1.18112172599e-10 1.1742388859e-06
17.4 -1.18112172599e-10 1.05743910968e-06
17.5 -1.18112172599e-10 9.51497243981e-07
17.6 -1.18112172599e-10 8.56413288802e-07
17.7 -1.18112172599e-10 7.72187244145e-07
17.8 -1.18112172599e-10 6.98696995568e-07
17.9 -1.18112172599e-10 6.32530601737e-07
18 -1.18112172599e-10 5.72138327765e-07
18.1 -1.18112172599e-10 5.17520173651e-07
18.2 -1.18112172599e-10 4.68676139396e-07
18.3 -1.18112172599e-10 4.25606224999e-07
18.4 -1.18112172599e-10 3.87972262759e-07
18.5 -1.18112172599e-10 3.53472860795e-07
18.6 -1.18112172599e-10 3.21675165462e-07
18.7 -1.18112172599e-10 2.92579176759e-07
18.8 -1.18112172599e-10 2.66184894685e-07
18.9 -1.18112172599e-10 2.42492319242e-07
19 -1.18112172599e-10 2.21192524572e-07
19.1 -1.18112172599e-10 2.01446980515e-07
19.2 -1.18112172599e-10 1.83208586413e-07
19.3 -1.18112172599e-10 1.66477342267e-07
19.4 -1.18112172599e-10 1.51253248075e-07
19.5 -1.18112172599e-10 1.37536303839e-07
19.6 -1.18112172599e-10 1.25063040799e-07
19.7 -1.18112172599e-10 1.13536212621e-07
19.8 -1.18112172599e-10 1.02955552906e-07
19.9 -1.18112172599e-10 9.33210616546e-08
20 -1.18112172599e-10 8.46327388668e-08
