"Time" "Prey" "Predator"
0 16.9769222578 29.2375386927
0.1 0.121972576225 38.3120684433
0.2 0.000999860222134 34.7510377986
0.3 1.30516618106e-05 31.4447335935
0.4 3.01135707379e-07 28.4523706277
0.5 -8.15658957833e-08 25.7447912694
0.6 -8.15648421221e-08 23.2948649199
0.7 -8.15648421221e-08 21.0780843915
0.8 -8.15648421221e-08 19.0722504412
0.9 -8.15648421221e-08 17.2572731387
1 -8.15648421221e-08 15.6150150086
1.1 -8.15648421221e-08 14.1290475356
1.2 -8.15648421221e-08 12.7844881825
1.3 -8.15648421221e-08 11.5678791403
1.4 -8.15648421221e-08 10.4670434394
1.5 -8.15648421221e-08 9.47098646237
1.6 -8.15648421221e-08 8.5697100901
1.7 -8.15648421221e-08 7.75418859461
1.8 -8.15648421221e-08 7.01628282448
1.9 -8.15648421221e-08 6.34859556587
2 -8.15648421221e-08 5.74444678572
2.1 -8.15648421221e-08 5.1977905947
2.2 -8.15648421221e-08 4.70315575292
2.3 -8.15648421221e-08 4.2555915166
2.4 -8.15648421221e-08 3.85061936063
2.5 -8.15648421221e-08 3.48418496614
2.6 -8.15648421221e-08 3.15262162253
2.7 -8.15648421221e-08 2.85261042069
2.8 -8.15648421221e-08 2.5811489823
2.9 -8.15648421221e-08 2.33552075368
3 -8.15648421221e-08 2.11326681474
3.1 -8.15648421221e-08 1.91216318543
3.2 -8.15648421221e-08 1.73019719111
3.3 -8.15648421221e-08 1.56554726153
3.4 -8.15648421221e-08 1.41656590648
3.5 -8.15648421221e-08 1.28176130037
3.6 -8.15648421221e-08 1.15978491774
3.7 -8.15648421221e-08 1.04941665034
3.8 -8.15648421221e-08 0.949551425693
3.9 -8.15648421221e-08 0.859189690037
4 -8.15648421221e-08 0.777426979104
4.1 -8.15648421221e-08 0.703444924442
4.2 -8.15648421221e-08 0.636503288556
4.3 -8.15648421221e-08 0.57593199416
4.4 -8.15648421221e-08 0.52112480578
4.5 -8.15648421221e-08 0.471533181854
4.6 -8.15648421221e-08 0.426660703613
4.7 -8.15648421221e-08 0.386058211756
4.8 -8.15648421221e-08 0.349319867647
4.9 -8.15648421221e-08 0.316077596626
5 -8.15648421221e-08 0.285998792311
5.1 -8.15648421221e-08 0.258782440402
5.2 -8.15648421221e-08 0.234155938309
5.3 -8.15648421221e-08 0.211873069348
5.4 -8.15648421221e-08 0.191710600994
5.5 -8.15648421221e-08 0.173466865525
5.6 -8.15648421221e-08 0.156959336032
5.7 -8.15648421221e-08 0.142022647095
5.8 -8.15648421221e-08 0.128507428791
5.9 -8.15648421221e-08 0.116278293327
6 -8.15648421221e-08 0.105212916046
6.1 -8.15648421221e-08 0.095200583143
6.2 -8.15648421221e-08 0.0861410078184
6.3 -8.15648421221e-08 0.0779436195628
6.4 -8.15648421221e-08 0.0705262939006
6.5 -8.15648421221e-08 0.0638148202224
6.6 -8.15648421221e-08 0.0577420374339
6.7 -8.15648421221e-08 0.0522471260176
6.8 -8.15648421221e-08 0.0472751585793
6.9 -8.15648421221e-08 0.0427763232453
7 -8.15648421221e-08 0.0387056112848
7.1 -8.15648421221e-08 0.0350222888653
7.2 -8.15648421221e-08 0.0316894640997
7.3 -8.15648421221e-08 0.0286738157101
7.4 -8.15648421221e-08 0.0259451328631
7.5 -8.15648421221e-08 0.0234761203455
7.6 -8.15648421221e-08 0.021242074168
7.7 -8.15648421221e-08 0.0192206165174
7.8 -8.15648421221e-08 0.0173915356
7.9 -8.15648421221e-08 0.0157365078529
8 -8.15648421221e-08 0.0142389773237
8.1 -8.15648421221e-08 0.0128839599371
8.2 -8.15648421221e-08 0.0116578836197
8.3 -8.15648421221e-08 0.0105484907626
8.4 -8.15648421221e-08 0.00954466720271
8.5 -8.15648421221e-08 0.00863636684115
8.6 -8.15648421221e-08 0.00781451120253
8.7 -8.15648421221e-08 0.00707085874132
8.8 -8.15648421221e-08 0.00639797577703
8.9 -8.15648421221e-08 0.00578911145367
9 -8.15648421221e-08 0.00523818238945
9.1 -8.15648421221e-08 0.00473970502863
9.2 -8.15648421221e-08 0.00428868217713
9.3 -8.15648421221e-08 0.00388058924138
9.4 -8.15648421221e-08 0.00351131782813
9.5 -8.15648421221e-08 0.00317719595912
9.6 -8.15648421221e-08 0.00287487878861
9.7 -8.15648421221e-08 0.00260130163378
9.8 -8.15648421221e-08 0.00235375175312
9.9 -8.15648421221e-08 0.00212976799388
10 -8.15648421221e-08 0.00192708828662
10.1 -8.15648421221e-08 0.00174369742924
10.2 -8.15648421221e-08 0.00157777105321
10.3 -8.15648421221e-08 0.00142762715886
10.4 -8.15648421221e-08 0.00129176744473
10.5 -8.15648421221e-08 0.00116884490522
10.6 -8.15648421221e-08 0.00105761494906
10.7 -8.15648421221e-08 0.000956967986788
10.8 -8.15648421221e-08 0.000865910754804
10.9 -8.15648421221e-08 0.000783519974554
11 -8.15648421221e-08 0.000708951763835
11.1 -8.15648421221e-08 0.000641481824352
11.2 -8.15648421221e-08 0.000580437183667
11.3 -8.15648421221e-08 0.000525196423728
11.4 -8.15648421221e-08 0.00047520883211
11.5 -8.15648421221e-08 0.000429984638751
11.6 -8.15648421221e-08 0.000389066661365
11.7 -8.15648421221e-08 0.000352037065677
11.8 -8.15648421221e-08 0.000318534932838
11.9 -8.15648421221e-08 0.000288224694914
12 -8.15648421221e-08 0.000260795612665
12.1 -8.15648421221e-08 0.000235973584183
12.2 -8.15648421221e-08 0.000213516217998
12.3 -8.15648421221e-08 0.000193196760293
12.4 -8.15648421221e-08 0.000174803505133
12.5 -8.15648421221e-08 0.000158170846312
12.6 -8.15648421221e-08 0.000143119730321
12.7 -8.15648421221e-08 0.000129499486863
12.8 -8.15648421221e-08 0.00011717643332
12.9 -8.15648421221e-08 0.000106029728781
13 -8.15648421221e-08 9.59443243099e-05
13.1 -8.15648421221e-08 8.68151873176e-05
13.2 -8.15648421221e-08 7.85478163794e-05
13.3 -8.15648421221e-08 7.10603610025e-05
13.4 -8.15648421221e-08 6.42803191627e-05
13.5 -8.15648421221e-08 5.81453877882e-05
13.6 -8.15648421221e-08 5.26036097654e-05
13.7 -8.15648421221e-08 4.75954165644e-05
13.8 -8.15648421221e-08 4.3062129488e-05
13.9 -8.15648421221e-08 3.89604150186e-05
14 -8.15648421221e-08 3.52536228235e-05
14.1 -8.15648421221e-08 3.19085181421e-05
14.2 -8.15648421221e-08 2.88818274092e-05
14.3 -8.15648421221e-08 2.61411993269e-05
14.4 -8.15648421221e-08 2.36598067568e-05
14.5 -8.15648421221e-08 2.1366805533e-05
14.6 -8.15648421221e-08 1.9365345574e-05
14.7 -8.15648421221e-08 1.75359528231e-05
14.8 -8.15648421221e-08 1.58704045946e-05
14.9 -8.15648421221e-08 1.43604782025e-05
15 -8.15648421221e-08 1.29965768063e-05
15.1 -8.15648421221e-08 1.17631647722e-05
15.2 -8.15648421221e-08 1.06485542179e-05
15.3 -8.15648421221e-08 9.64171377555e-06
15.4 -8.15648421221e-08 8.73161207721e-06
15.5 -8.15648421221e-08 7.90723794884e-06
15.6 -8.15648421221e-08 7.16195769566e-06
15.7 -8.15648421221e-08 6.48978946052e-06
15.8 -8.15648421221e-08 5.88217591319e-06
15.9 -8.15648421221e-08 5.33055972342e-06
16 -8.15648421221e-08 4.82638356097e-06
16.1 -8.15648421221e-08 4.36318686472e-06
16.2 -8.15648421221e-08 3.94357084584e-06
16.3 -8.15648421221e-08 3.56426558231e-06
16.4 -8.15648421221e-08 3.22099940206e-06
16.5 -8.15648421221e-08 2.909500633e-06
16.6 -8.15648421221e-08 2.55973614706e-06
16.7 -8.15648421221e-08 2.3322702187e-06
16.8 -8.15648421221e-08 2.1196912941e-06
16.9 -8.15648421221e-08 1.92199937326e-06
17 -8.15648421221e-08 1.73919445618e-06
17.1 -8.15648421221e-08 1.57127654286e-06
17.2 -8.15648421221e-08 1.41787769944e-06
17.3 -8.15648421221e-08 1.27735144982e-06
17.4 -8.15648421221e-08 1.14949955081e-06
17.5 -8.15648421221e-08 1.03432200241e-06
17.6 -8.15648421221e-08 9.31818804627e-07
17.7 -8.15648421221e-08 8.41989957457e-07
17.8 -8.15648421221e-08 7.62779277831e-07
17.9 -8.15648421221e-08 6.90315966843e-07
18 -8.15648421221e-08 6.24509655939e-07
18.1 -8.15648421221e-08 5.65360345118e-07
18.2 -8.15648421221e-08 5.12868034381e-07
18.3 -8.15648421221e-08 4.67022315963e-07
18.4 -8.15648421221e-08 4.25803013115e-07
18.5 -8.15648421221e-08 3.87701566981e-07
18.6 -8.15648421221e-08 3.52717977561e-07
18.7 -8.15648421221e-08 3.20852244855e-07
18.8 -8.15648421221e-08 2.92104368864e-07
18.9 -8.15648421221e-08 2.66401506252e-07
19 -8.15648421221e-08 2.42760877405e-07
19.1 -8.15648421221e-08 2.20873065341e-07
19.2 -8.15648421221e-08 2.0073807006e-07
19.3 -8.15648421221e-08 1.82355891562e-07
19.4 -8.15648421221e-08 1.65726529847e-07
19.5 -8.15648421221e-08 1.50741693807e-07
19.6 -8.15648421221e-08 1.36916788953e-07
19.7 -8.15648421221e-08 1.24193467911e-07
19.8 -8.15648421221e-08 1.12571730681e-07
19.9 -8.15648421221e-08 1.02051577265e-07
20 -8.15648421221e-08 9.26330076611e-08
