"Time" "Prey" "Predator"
0 21.6782730315 1.17637243308
0.1 14.4987134769 7.16258783622
0.2 3.30941854893 14.8098198646
0.3 0.448596279757 15.4787254717
0.4 0.0656097347254 14.2840015459
0.5 0.0114099306792 12.9642503284
0.6 0.00235303933726 11.7371820748
0.7 0.000567225093107 10.6215587917
0.8 0.000157484594403 9.61108788798
0.9 4.98410284063e-05 8.69655308995
1 1.76767835456e-05 7.86899252516
1.1 6.92613226288e-06 7.12017065051
1.2 2.98099956468e-06 6.44260245295
1.3 1.3417069459e-06 5.82950634804
1.4 7.56121294291e-07 5.27475427244
1.5 4.38280594728e-07 4.77279493544
1.6 2.44801137984e-07 4.31860302339
1.7 1.94152622801e-07 3.907632884
1.8 1.57133686817e-07 3.53577425839
1.9 9.32895412849e-08 3.19930133214
2 6.21361957007e-08 2.89484765734
2.1 5.54038142784e-08 2.61936659842
2.2 4.1721592454e-08 2.37010111327
2.3 3.07020655544e-08 2.14455628627
2.4 2.71698859697e-08 1.94047503857
2.5 2.71120905982e-08 1.75581487699
2.6 2.69036031847e-08 1.58872638431
2.7 2.68701658141e-08 1.43753842486
2.8 2.50976797814e-08 1.30073826572
2.9 2.34788928647e-08 1.1769566131
3 2.21705674966e-08 1.06495444846
3.1 2.0706860042e-08 0.96361064109
3.2 1.92452387735e-08 0.871910830017
3.3 1.84199113201e-08 0.788937547018
3.4 1.78815393982e-08 0.71386021452
3.5 1.74538674178e-08 0.645927417937
3.6 1.71806709511e-08 0.584459256912
3.7 1.70375053065e-08 0.528840373116
3.8 1.70078704476e-08 0.478514154327
3.9 1.71105311013e-08 0.432977485166
4 1.73244344563e-08 0.391774096321
4.1 1.76270313556e-08 0.354491850064
4.2 1.80111226656e-08 0.320757491765
4.3 1.84811412052e-08 0.290233269676
4.4 1.90404428779e-08 0.26261394457
4.5 1.96856828253e-08 0.2376228029
4.6 2.04177833986e-08 0.215009978243
4.7 2.1238293997e-08 0.194549079959
4.8 2.21491768697e-08 0.176035249552
4.9 2.31530935339e-08 0.159283307221
5 2.42538212419e-08 0.144125433696
5.1 2.5455952972e-08 0.130410073353
5.2 2.67643499009e-08 0.117999893527
5.3 2.81843592609e-08 0.106770676628
5.4 2.97219848499e-08 0.0966101206317
5.5 3.13839210076e-08 0.0874164222597
5.6 3.3177455515e-08 0.0790976511383
5.7 3.51105100886e-08 0.0715705011221
5.8 3.71916962175e-08 0.0647596375358
5.9 3.94303341369e-08 0.0585969528657
6 4.18364274322e-08 0.0530206966781
6.1 4.44207552976e-08 0.0479751123426
6.2 4.71949209376e-08 0.0434096723058
6.3 5.01713918297e-08 0.0392786809024
6.4 5.33635466293e-08 0.0355408252801
6.5 5.67857275489e-08 0.0321586545001
6.6 6.04533101905e-08 0.0290983538811
6.7 6.43827656099e-08 0.0263292770798
6.8 6.85917304988e-08 0.0238237070766
6.9 7.30990859023e-08 0.0215565852693
7 7.79250452923e-08 0.0195051968844
7.1 8.30912359558e-08 0.0176490318835
7.2 8.86207991928e-08 0.0159695023417
7.3 9.45384891027e-08 0.0144497977475
7.4 1.00870782576e-07 0.013074720139
7.5 1.07646001495e-07 0.0118304917773
7.6 1.14894428235e-07 0.0107046698848
7.7 1.2264845479e-07 0.00968598631781
7.8 1.30942710413e-07 0.00876423934241
7.9 1.39814228416e-07 0.00793020706149
8 1.49302613045e-07 0.0071755263247
8.1 1.59450185426e-07 0.00649266818588
8.2 1.70302207464e-07 0.00587482110644
8.3 1.81907106182e-07 0.00531578485823
8.4 1.94316566379e-07 0.00480994609371
8.5 2.07585880788e-07 0.00435223598028
8.6 2.21774253847e-07 0.00393810008708
8.7 2.36944816181e-07 0.00356336026582
8.8 2.53165125049e-07 0.00322425630088
8.9 2.70507520048e-07 0.00291743409464
9 2.89049124156e-07 0.00263980447873
9.1 3.0887248363e-07 0.00238858769315
9.2 3.30065959707e-07 0.00216129233412
9.3 3.52723758955e-07 0.00195562225211
9.4 3.76946733606e-07 0.00176951689841
9.5 4.0284281093e-07 0.00160113155691
9.6 4.30527063208e-07 0.00144876485671
9.7 4.60122795385e-07 0.0013108985218
9.8 4.91761898217e-07 0.00118616822776
9.9 5.25584882614e-07 0.00107330811372
10 5.61741815846e-07 0.000971162064996
10.1 6.00394137925e-07 0.000878739080254
10.2 6.41713771289e-07 0.000795116814035
10.3 6.8588400033e-07 0.000719444154733
10.4 7.33101469484e-07 0.000650968015476
10.5 7.8357668745e-07 0.000589016960822
10.6 8.37533793021e-07 0.000532964814376
10.7 8.95212175431e-07 0.000482239742787
10.8 9.56869267897e-07 0.000436347405038
10.9 1.02277924236e-06 0.000394827467437
11 1.0932343851e-06 0.000357253625877
11.1 1.16854829648e-06 0.000323250984215
11.2 1.2490566911e-06 0.000292487392268
11.3 1.33511700758e-06 0.000264652260218
11.4 1.42711346877e-06 0.000239456129217
11.5 1.52544952275e-06 0.00021667150015
11.6 1.63056891799e-06 0.000196053535765
11.7 1.74293621876e-06 0.000177395712122
11.8 1.86305506171e-06 0.000160515202303
11.9 1.99146420499e-06 0.000145246083681
12 2.1287324838e-06 0.000131430665118
12.1 2.27546201247e-06 0.000118924992186
12.2 2.43229809337e-06 0.000107599644338
12.3 2.59996556567e-06 9.73426591566e-05
12.4 2.77921004235e-06 8.80548048845e-05
12.5 2.97081404949e-06 7.96508788293e-05
12.6 3.17560103548e-06 7.20598140456e-05
12.7 3.39450403614e-06 6.51991540229e-05
12.8 3.62852794217e-06 5.89890792479e-05
12.9 3.87870132023e-06 5.33703170537e-05
13 4.14610699504e-06 4.82927731614e-05
13.1 4.43190832441e-06 4.371064298e-05
13.2 4.73744558595e-06 3.95644780797e-05
13.3 5.06408015533e-06 3.58101780994e-05
13.4 5.41323730226e-06 3.24110282086e-05
13.5 5.78487303446e-06 2.92712230157e-05
13.6 6.18476798607e-06 2.65287525767e-05
13.7 6.61163824668e-06 2.40222655257e-05
13.8 7.06764474621e-06 2.17404743802e-05
13.9 7.55494841456e-06 1.96720916579e-05
14 8.07584833868e-06 1.78037814208e-05
14.1 8.63318427531e-06 1.6114191216e-05
14.2 9.2294317053e-06 1.45873697118e-05
14.3 9.86701167686e-06 1.32081726499e-05
14.4 1.05483452382e-05 1.19614557719e-05
14.5 1.12758664819e-05 1.08321221073e-05
14.6 1.20537228612e-05 9.81128582829e-06
14.7 1.28862005152e-05 8.89056386212e-06
14.8 1.37766567208e-05 8.05820589444e-06
14.9 1.47284487547e-05 7.30246161091e-06
15 1.57449338937e-05 6.61158069719e-06
15.1 1.68302662654e-05 5.97693810349e-06
15.2 1.79917187754e-05 5.40214068627e-06
15.3 1.92344631461e-05 4.88255442175e-06
15.4 2.05633570793e-05 4.41231369041e-06
15.5 2.19832582764e-05 3.98555287274e-06
15.6 2.36830076582e-05 3.5072939537e-06
15.7 2.52190845419e-05 3.19543779847e-06
15.8 2.68998672947e-05 2.90402323705e-06
15.9 2.87253559167e-05 2.63305026942e-06
16 3.06955504078e-05 2.38251889558e-06
16.1 3.2810450768e-05 2.15242911554e-06
16.2 3.50771219822e-05 1.94223393446e-06
16.3 3.75246070252e-05 1.74968474773e-06
16.4 4.01560453996e-05 1.57453848452e-06
16.5 4.29714371054e-05 1.41679514484e-06
16.6 4.59707821427e-05 1.27645472869e-06
16.7 4.91540805113e-05 1.15351723605e-06
16.8 5.2552628638e-05 1.04499811386e-06
16.9 5.62207972322e-05 9.45712352649e-07
17 6.01595615766e-05 8.55566945539e-07
17.1 6.43689216711e-05 7.74561892532e-07
17.2 6.88488775158e-05 7.02697193628e-07
17.3 7.29280506446e-05 6.65354656905e-07
17.4 7.83236944692e-05 5.97612634257e-07
17.5 8.40145208041e-05 5.38081450607e-07
17.6 9.00228833671e-05 4.85916012154e-07
17.7 9.63711358762e-05 4.402712251e-07
17.8 0.00010308163205 4.00301995642e-07
17.9 0.000110181173113 3.65193166511e-07
18 0.000117750188404 3.34490555493e-07
18.1 0.000125842321766 3.07559685091e-07
18.2 0.000134497062561 2.83670802889e-07
18.3 0.000143753900154 2.62094156473e-07
18.4 0.000153652323908 2.42099993428e-07
18.5 0.000164231823187 2.22958561339e-07
18.6 0.000175531887354 2.03940107792e-07
18.7 0.000187592381054 1.84328731032e-07
18.8 0.000200500701541 1.65162832875e-07
18.9 0.00021434233224 1.47410180805e-07
19 0.000229174806262 1.31006969621e-07
19.1 0.000245055656716 1.15889394126e-07
19.2 0.00026204241671 1.0199364912e-07
19.3 0.000280192619356 8.92559294032e-08
19.4 0.000299563797761 7.76124297774e-08
19.5 0.000320213485037 6.69993450433e-08
19.6 0.000342263684984 5.74031436371e-08
19.7 0.000365906926898 4.88652891067e-08
19.8 0.000391243058825 4.13549730395e-08
19.9 0.000418370078714 3.48399443342e-08
20 0.000447385984511 2.92879518897e-08
