"Time" "Prey" "Predator"
0 0.00129922236631 5.3664150701
0.1 0.000703074640511 4.85620003909
0.2 0.000405968694995 4.39430870832
0.3 0.000248768905775 3.97626486937
0.4 0.000160626419651 3.59794792879
0.5 0.000108616820032 3.25560042342
0.6 7.67552737001e-05 2.94581487377
0.7 5.64742271509e-05 2.66550082395
0.8 4.30341919764e-05 2.41185655122
0.9 3.3892856503e-05 2.18234566935
1 2.75372247659e-05 1.97467442224
1.1 2.29997184477e-05 1.78676485826
1.2 1.95795899994e-05 1.61673538656
1.3 1.70376752796e-05 1.46288540294
1.4 1.5130412487e-05 1.32367566082
1.5 1.36775229898e-05 1.1977131201
1.6 1.25560343899e-05 1.08373717641
1.7 1.1697527168e-05 0.980607348323
1.8 1.10421047321e-05 0.887291561316
1.9 1.05480723503e-05 0.802855689645
2 1.0183997667e-05 0.726454742497
2.1 9.92786866355e-06 0.657324333295
2.2 9.76324332423e-06 0.594772319359
2.3 9.67796478058e-06 0.538172958256
2.4 9.6623960111e-06 0.486959602132
2.5 9.70973535577e-06 0.440619793899
2.6 9.8148328576e-06 0.398689798461
2.7 9.9739478844e-06 0.360749844797
2.8 1.01845411171e-05 0.326420369834
2.9 1.04449337922e-05 0.295357577414
3 1.07541504112e-05 0.267250501265
3.1 1.11122085647e-05 0.241818430411
3.2 1.151928554e-05 0.21880654748
3.3 1.19762497134e-05 0.197984620013
3.4 1.24842873688e-05 0.179144126435
3.5 1.30450281809e-05 0.162096518502
3.6 1.36604672407e-05 0.146671147877
3.7 1.4332971167e-05 0.132713726265
3.8 1.50652384847e-05 0.120084530172
3.9 1.58603132859e-05 0.108657148077
4 1.67215755789e-05 0.0983171947371
4.1 1.76527518642e-05 0.0889612140504
4.2 1.86579155282e-05 0.080495511719
4.3 1.97415093423e-05 0.0728354409362
4.4 2.09083496678e-05 0.0659043700524
4.5 2.21636394688e-05 0.0596328570617
4.6 2.35129983499e-05 0.0539581773653
4.7 2.49624751616e-05 0.0488234836276
4.8 2.65185773494e-05 0.0441774148965
4.9 2.81882958103e-05 0.0399734835441
5 2.99791332932e-05 0.0361695862806
5.1 3.18991376418e-05 0.0327277018307
5.2 3.39569348174e-05 0.0296133466924
5.3 3.61617661075e-05 0.0267953578484
5.4 3.8523529212e-05 0.0242455323564
5.5 4.10528214687e-05 0.0219383376449
5.6 4.37609848165e-05 0.0198507135872
5.7 4.66601581168e-05 0.0179617447389
5.8 4.97633277821e-05 0.0162525344604
5.9 5.30843871662e-05 0.0147059791989
6 5.6638198093e-05 0.013306588959
6.1 6.04406538979e-05 0.0120403713607
6.2 6.45087549246e-05 0.0108946419451
6.3 6.88606774272e-05 0.00985793831507
6.4 7.35158634725e-05 0.00891989893952
6.5 7.84950956149e-05 0.00807111723161
6.6 8.38205977961e-05 0.00730310705
6.7 8.95161390508e-05 0.00660816605621
6.8 9.56071212131e-05 0.00597935079191
6.9 0.000102120694221 0.00541039731308
7 0.00010908592547 0.00489560257779
7.1 0.0001165338482 0.0044298032715
7.2 0.000124497607705 0.00400831397564
7.3 0.000133012742362 0.00362694664328
7.4 0.000142117170001 0.00328187484282
7.5 0.000151851371502 0.00296960511104
7.6 0.000162258770616 0.00268705211411
7.7 0.000173385697136 0.00243139292584
7.8 0.00018528160341 0.00220004628913
7.9 0.000197999532788 0.00199072269949
8 0.000211596084937 0.00180132725978
8.1 0.000226131666358 0.001629940304
8.2 0.000241671067999 0.00147486613077
8.3 0.000258283433978 0.00133455421459
8.4 0.000276042558996 0.00120758357666
8.5 0.000295027649258 0.00109270347036
8.6 0.000315323183877 0.000988766087275
8.7 0.000337019209205 0.000894709786688
8.8 0.000360212181362 0.000809586043886
8.9 0.000385005608494 0.000732568758999
9 0.000411509631989 0.000662882146249
9.1 0.000439841803155 0.000599815866862
9.2 0.000470128523889 0.000542753020862
9.3 0.000502504575215 0.000491126540256
9.4 0.000537113599628 0.000444411272168
9.5 0.00057410944291 0.000402136815953
9.6 0.000613657156481 0.000363890836569
9.7 0.000655932387659 0.000329286031533
9.8 0.000701122594015 0.000297966707075
9.9 0.000749429358186 0.000269627248981
10 0.000801067621436 0.000243986574178
10.1 0.000856266451809 0.000220784497753
10.2 0.000915272013177 0.000199784934523
10.3 0.000978345120795 0.000180791414267
10.4 0.00104576815371 0.000163604164255
10.5 0.00111783981316 0.000148049883645
10.6 0.00119488469399 0.00013397908809
10.7 0.00127724652023 0.000121250014611
10.8 0.00136528904143 0.00010973075441
10.9 0.00145939686922 9.93012432749e-05
11 0.00155999188526 8.98550681871e-05
11.1 0.00166753572779 8.1299741098e-05
11.2 0.00178250235239 7.35536777282e-05
11.3 0.00190539101894 6.6547627502e-05
11.4 0.00203673256862 6.02214970799e-05
11.5 0.0021771399008 5.4498548903e-05
11.6 0.00232724355842 4.93183269606e-05
11.7 0.00248770002829 4.46324140783e-05
11.8 0.0026591998164 4.04003041705e-05
11.9 0.00284251065275 3.65783646091e-05
12 0.00303848481025 3.31179664551e-05
12.1 0.0032479857985 2.99842121473e-05
12.2 0.00347192291359 2.71471090079e-05
12.3 0.00371126274841 2.45806120512e-05
12.4 0.00396712277496 2.22550567768e-05
12.5 0.00424065245772 2.01467725239e-05
12.6 0.00453304813296 1.82368793065e-05
12.7 0.00484556811784 1.65100660685e-05
12.8 0.00517961092426 1.49493763409e-05
12.9 0.00553672983881 1.35352362254e-05
13 0.00591849829353 1.22544298299e-05
13.1 0.00632657308498 1.1095884596e-05
13.2 0.00676271468432 1.00500450426e-05
13.3 0.00722895923163 9.10366318441e-06
13.4 0.00772740250786 8.24634186441e-06
13.5 0.00826022483738 7.46978047406e-06
13.6 0.00882971956051 6.76691254018e-06
13.7 0.00943843141578 6.13070107027e-06
13.8 0.0100891934103 5.5538175858e-06
13.9 0.0107848735685 5.03084674377e-06
14 0.0115284917323 4.55726955686e-06
14.1 0.012323254481 4.12923896922e-06
14.2 0.0131728698678 3.74157407499e-06
14.3 0.0140811598569 3.39023001234e-06
14.4 0.0150520983291 3.07205575866e-06
14.5 0.0160898652878 2.78444868203e-06
14.6 0.0171990912714 2.52458096215e-06
14.7 0.0183849427673 2.28912924995e-06
14.8 0.019652647518 2.07577710135e-06
14.9 0.0210077096173 1.88253418444e-06
15 0.0224559597008 1.70768163272e-06
15.1 0.0240040601892 1.5492659461e-06
15.2 0.0256589700243 1.4056351611e-06
15.3 0.0274279612344 1.27542225776e-06
15.4 0.0293188202779 1.15741034014e-06
15.5 0.0313401797331 1.05038555231e-06
15.6 0.033500985385 9.53373392615e-07
15.7 0.035810651837 8.65569709499e-07
15.8 0.0382794573023 7.86141570038e-07
15.9 0.0409186506584 7.14172888087e-07
16 0.0437398488877 6.48970458087e-07
16.1 0.0467553211271 5.8992786347e-07
16.2 0.049978719906 5.36430877626e-07
16.3 0.0534245543068 4.87925383359e-07
16.4 0.0571079424397 4.43949283452e-07
16.5 0.0610449348678 4.04097912106e-07
16.6 0.0652533800094 3.67962954723e-07
16.7 0.0697520299209 3.35195561849e-07
16.8 0.074560703583 3.05495275479e-07
16.9 0.0797010363565 2.78561194667e-07
17 0.0851958515373 2.54132451846e-07
17.1 0.0910692648772 2.31984282928e-07
17.2 0.0973477165493 2.11894011834e-07
17.3 0.104059139181 1.93666230973e-07
17.4 0.111232993138 1.7713275819e-07
17.5 0.118901538244 1.62129737497e-07
17.6 0.127098935409 1.48512482842e-07
17.7 0.135861171318 1.3615708478e-07
17.8 0.145227599869 1.2494241021e-07
17.9 0.155239993484 1.14760532464e-07
18 0.165942295748 1.05519640765e-07
18.1 0.177382302648 9.71314858699e-08
18.2 0.189611074806 8.95153838463e-08
18.3 0.202682777967 8.26006859311e-08
18.4 0.216655903065 7.63221970764e-08
18.5 0.231592164432 7.06233119085e-08
18.6 0.247558188633 6.54510867529e-08
18.7 0.264625047716 6.07576107852e-08
18.8 0.282868195183 5.65008586542e-08
18.9 0.302369350511 5.26411872338e-08
19 0.323214697154 4.9144343697e-08
19.1 0.345497182839 4.59787910253e-08
19.2 0.369316037273 4.31161761977e-08
19.3 0.394776541713 4.05318030444e-08
19.4 0.421992743458 3.82025798216e-08
19.5 0.451084949045 3.61087873598e-08
19.6 0.482182817586 3.42326252438e-08
19.7 0.515424899051 3.25583771829e-08
19.8 0.550957971971 3.10728231917e-08
19.9 0.588940849018 2.97642255694e-08
20 0.629542075719 2.86229436255e-08
