"Time" "Prey" "Predator"
0 0.791960404647 24.965974159
0.1 0.033748005468 23.1297227211
0.2 0.00191291343485 20.9513702087
0.3 0.000143196777926 18.9588525398
0.4 1.38652241454e-05 17.1547723975
0.5 1.66771838109e-06 15.5222895827
0.6 2.44097072943e-07 14.045150481
0.7 4.25125133111e-08 12.7085790836
0.8 -2.84659492669e-10 11.4991976171
0.9 -1.1603204859e-08 10.4048975499
1 -1.38419595772e-08 9.41473885773
1.1 -1.40214895878e-08 8.51880620379
1.2 -1.39876262515e-08 7.70813251903
1.3 -1.36632113772e-08 6.97460332452
1.4 -1.32603108757e-08 6.3108887227
1.5 -1.30310208119e-08 5.71033173856
1.6 -1.31755643061e-08 5.16691939244
1.7 -1.3118079535e-08 4.67522327356
1.8 -1.31261997191e-08 4.23031721013
1.9 -1.31271463392e-08 3.82774933775
2 -1.31271463392e-08 3.46349096773
2.1 -1.31271463392e-08 3.13389641792
2.2 -1.31271463392e-08 2.8356668935
2.3 -1.31271463392e-08 2.56581823012
2.4 -1.31271463392e-08 2.32164869918
2.5 -1.31271463392e-08 2.10071515201
2.6 -1.31271463392e-08 1.90080594607
2.7 -1.31271463392e-08 1.71992061404
2.8 -1.31271463392e-08 1.55624895457
2.9 -1.31271463392e-08 1.40815244269
3 -1.31271463392e-08 1.27414929569
3.1 -1.31271463392e-08 1.15289819992
3.2 -1.31271463392e-08 1.04318552962
3.3 -1.31271463392e-08 0.943913440419
3.4 -1.31271463392e-08 0.854087957472
3.5 -1.31271463392e-08 0.772810092288
3.6 -1.31271463392e-08 0.699267412264
3.7 -1.31271463392e-08 0.632723231924
3.8 -1.31271463392e-08 0.572511713001
3.9 -1.31271463392e-08 0.518030021328
4 -1.31271463392e-08 0.468732899976
4.1 -1.31271463392e-08 0.424127034362
4.2 -1.31271463392e-08 0.383766016956
4.3 -1.31271463392e-08 0.347245855211
4.4 -1.31271463392e-08 0.314201008814
4.5 -1.31271463392e-08 0.284300787559
4.6 -1.31271463392e-08 0.25724578788
4.7 -1.31271463392e-08 0.232765476186
4.8 -1.31271463392e-08 0.210614897727
4.9 -1.31271463392e-08 0.190572171819
5 -1.31271463392e-08 0.172436868984
5.1 -1.31271463392e-08 0.156027295871
5.2 -1.31271463392e-08 0.14117930533
5.3 -1.31271463392e-08 0.127744306482
5.4 -1.31271463392e-08 0.115587755807
5.5 -1.31271463392e-08 0.104588142916
5.6 -1.31271463392e-08 0.0946352576212
5.7 -1.31271463392e-08 0.0856295196316
5.8 -1.31271463392e-08 0.0774807939707
5.9 -1.31271463392e-08 0.070107481437
6 -1.31271463392e-08 0.0634358765737
6.1 -1.31271463392e-08 0.0573991359874
6.2 -1.31271463392e-08 0.0519368761873
6.3 -1.31271463392e-08 0.0469944348404
6.4 -1.31271463392e-08 0.0425223093437
6.5 -1.31271463392e-08 0.038475781847
6.6 -1.31271463392e-08 0.0348143133825
6.7 -1.31271463392e-08 0.0315012841017
6.8 -1.31271463392e-08 0.0285035419804
6.9 -1.31271463392e-08 0.0257910616679
7 -1.31271463392e-08 0.0233367219774
7.1 -1.31271463392e-08 0.0211159341031
7.2 -1.31271463392e-08 0.0191064835231
7.3 -1.31271463392e-08 0.0172882608028
7.4 -1.31271463392e-08 0.0156430569395
7.5 -1.31271463392e-08 0.0141544252467
7.6 -1.31271463392e-08 0.0128074510102
7.7 -1.31271463392e-08 0.0115886551616
7.8 -1.31271463392e-08 0.0104858527806
7.9 -1.31271463392e-08 0.00948798739958
8 -1.31271463392e-08 0.00858508381563
8.1 -1.31271463392e-08 0.007768085822
8.2 -1.31271463392e-08 0.00702883241649
8.3 -1.31271463392e-08 0.00635995753576
8.4 -1.31271463392e-08 0.00575475191868
8.5 -1.31271463392e-08 0.00520714357909
8.6 -1.31271463392e-08 0.0047116331487
8.7 -1.31271463392e-08 0.00426329418054
8.8 -1.31271463392e-08 0.00385761532173
8.9 -1.31271463392e-08 0.00349050903653
9 -1.31271463392e-08 0.0031583484124
9.1 -1.31271463392e-08 0.00285779635924
9.2 -1.31271463392e-08 0.00258583323824
9.3 -1.31271463392e-08 0.00233976639623
9.4 -1.31271463392e-08 0.00211711507756
9.5 -1.31271463392e-08 0.00191564051142
9.6 -1.31271463392e-08 0.00173334922587
9.7 -1.31271463392e-08 0.00156840195455
9.8 -1.31271463392e-08 0.0014191497405
9.9 -1.31271463392e-08 0.00128411875565
10 -1.31271463392e-08 0.00116194060817
10.1 -1.31271463392e-08 0.00105136158858
10.2 -1.31271463392e-08 0.000951305765366
10.3 -1.31271463392e-08 0.000860777856566
10.4 -1.31271463392e-08 0.000778857759593
10.5 -1.31271463392e-08 0.000704725880814
10.6 -1.31271463392e-08 0.000637657931305
10.7 -1.31271463392e-08 0.000576977036505
10.8 -1.31271463392e-08 0.000522063403442
10.9 -1.31271463392e-08 0.000472380593023
11 -1.31271463392e-08 0.000427431824376
11.1 -1.31271463392e-08 0.000386756306039
11.2 -1.31271463392e-08 0.000349945382493
11.3 -1.31271463392e-08 0.000316641000392
11.4 -1.31271463392e-08 0.000286507317869
11.5 -1.31271463392e-08 0.000259229585715
11.6 -1.31271463392e-08 0.000234563831262
11.7 -1.31271463392e-08 0.00021224322057
11.8 -1.31271463392e-08 0.000192044989732
11.9 -1.31271463392e-08 0.000173769859275
12 -1.31271463392e-08 0.00015723950264
12.1 -1.31271463392e-08 0.000142283400639
12.2 -1.31271463392e-08 0.00012874577672
12.3 -1.31271463392e-08 0.000116486210869
12.4 -1.31271463392e-08 0.000105383091155
12.5 -1.31271463392e-08 9.53287219205e-05
12.6 -1.31271463392e-08 8.62303257772e-05
12.7 -1.31271463392e-08 7.80104833486e-05
12.8 -1.31271463392e-08 7.05835253915e-05
12.9 -1.31271463392e-08 6.38607745492e-05
13 -1.31271463392e-08 5.77777644882e-05
13.1 -1.31271463392e-08 5.22798797533e-05
13.2 -1.31271463392e-08 4.73185890896e-05
13.3 -1.31271463392e-08 4.28302681503e-05
13.4 -1.31271463392e-08 3.87662136906e-05
13.5 -1.31271463392e-08 3.50864957264e-05
13.6 -1.31271463392e-08 3.16821669842e-05
13.7 -1.31271463392e-08 2.87163413382e-05
13.8 -1.31271463392e-08 2.60048276941e-05
13.9 -1.31271463392e-08 2.35355114814e-05
14 -1.31271463392e-08 2.12962781294e-05
14.1 -1.31271463392e-08 1.92734222558e-05
14.2 -1.31271463392e-08 1.74441865464e-05
14.3 -1.31271463392e-08 1.5791048553e-05
14.4 -1.31271463392e-08 1.4297755476e-05
14.5 -1.31271463392e-08 1.29480545153e-05
14.6 -1.31271463392e-08 1.17256937242e-05
14.7 -1.31271463392e-08 1.06201886416e-05
14.8 -1.31271463392e-08 9.62322380471e-06
14.9 -1.31271463392e-08 8.72218882319e-06
15 -1.31271463392e-08 7.90447330659e-06
15.1 -1.31271463392e-08 7.15746686448e-06
15.2 -1.31271463392e-08 6.47098683563e-06
15.3 -1.31271463392e-08 5.84866466024e-06
15.4 -1.31271463392e-08 5.28614287896e-06
15.5 -1.31271463392e-08 4.77712642963e-06
15.6 -1.31271463392e-08 4.31532025008e-06
15.7 -1.31271463392e-08 3.79405929063e-06
15.8 -1.31271463392e-08 3.45746946333e-06
15.9 -1.31271463392e-08 3.14281755648e-06
16 -1.31271463392e-08 2.85010357008e-06
16.1 -1.31271463392e-08 2.57932750413e-06
16.2 -1.31271463392e-08 2.33048935864e-06
16.3 -1.31271463392e-08 2.10315997637e-06
16.4 -1.31271463392e-08 1.89489419088e-06
16.5 -1.31271463392e-08 1.70530536472e-06
16.6 -1.31271463392e-08 1.53439349789e-06
16.7 -1.31271463392e-08 1.38215859039e-06
16.8 -1.31271463392e-08 1.24860064221e-06
16.9 -1.31271463392e-08 1.13113821916e-06
17 -1.31271463392e-08 1.02373428517e-06
17.1 -1.31271463392e-08 9.26139885055e-07
17.2 -1.31271463392e-08 8.38355018805e-07
17.3 -1.31271463392e-08 7.60379686425e-07
17.4 -1.31271463392e-08 6.92213444578e-07
17.5 -1.31271463392e-08 6.31181578338e-07
17.6 -1.31271463392e-08 5.74744045107e-07
17.7 -1.31271463392e-08 5.22900844885e-07
17.8 -1.31271463392e-08 4.75651977672e-07
17.9 -1.31271463392e-08 4.32997443468e-07
18 -1.31271463392e-08 3.94867657304e-07
18.1 -1.31271463392e-08 3.59866989092e-07
18.2 -1.31271463392e-08 3.27449223327e-07
18.3 -1.31271463392e-08 2.9761436001e-07
18.4 -1.31271463392e-08 2.70362399141e-07
18.5 -1.31271463392e-08 2.4569334072e-07
18.6 -1.31271463392e-08 2.23480893293e-07
18.7 -1.31271463392e-08 2.03005498626e-07
18.8 -1.31271463392e-08 1.84153377891e-07
18.9 -1.31271463392e-08 1.66924531089e-07
19 -1.31271463392e-08 1.5131895822e-07
19.1 -1.31271463392e-08 1.37336659284e-07
19.2 -1.31271463392e-08 1.24786251e-07
19.3 -1.31271463392e-08 1.13220157455e-07
19.4 -1.31271463392e-08 1.02619921523e-07
19.5 -1.31271463392e-08 9.29855432018e-08
19.6 -1.31271463392e-08 8.43170224927e-08
19.7 -1.31271463392e-08 7.66143232618e-08
19.8 -1.31271463392e-08 6.96594455947e-08
19.9 -1.31271463392e-08 6.32453659079e-08
20 -1.31271463392e-08 5.73720842015e-08
