"Time" "Prey" "Predator"
0 1.74047391063 30.5406156064
0.1 0.0339641133773 28.8393796023
0.2 0.000932704984295 26.1183382709
0.3 3.63057673766e-05 23.6334868508
0.4 1.91702294451e-06 21.3844591724
0.5 7.24698205938e-08 19.3494837167
0.6 -7.306496622e-08 17.5081384275
0.7 -8.73494540195e-08 15.8420160796
0.8 -9.10121741845e-08 14.3344413925
0.9 -9.10121741845e-08 12.9703474832
1 -9.10121741845e-08 11.7360631197
1.1 -9.10121741845e-08 10.6192343528
1.2 -9.10121741845e-08 9.60867487087
1.3 -9.10121741845e-08 8.69428208077
1.4 -9.10121741845e-08 7.86691043906
1.5 -9.10121741845e-08 7.11827341779
1.6 -9.10121741845e-08 6.44087730595
1.7 -9.10121741845e-08 5.82794018597
1.8 -9.10121741845e-08 5.27334541916
1.9 -9.10121741845e-08 4.77153283832
2 -9.10121741845e-08 4.31745541507
2.1 -9.10121741845e-08 3.90659619076
2.2 -9.10121741845e-08 3.5348355797
2.3 -9.10121741845e-08 3.19845146896
2.4 -9.10121741845e-08 2.89407853249
2.5 -9.10121741845e-08 2.6186708602
2.6 -9.10121741845e-08 2.36947148652
2.7 -9.10121741845e-08 2.14398663768
2.8 -9.10121741845e-08 1.93995989162
2.9 -9.10121741845e-08 1.75534857527
3 -9.10121741845e-08 1.58830528849
3.1 -9.10121741845e-08 1.43715840439
3.2 -9.10121741845e-08 1.30039485313
3.3 -9.10121741845e-08 1.17664612659
3.4 -9.10121741845e-08 1.06467368575
3.5 -9.10121741845e-08 0.963356690899
3.6 -9.10121741845e-08 0.871681357199
3.7 -9.10121741845e-08 0.788730035081
3.8 -9.10121741845e-08 0.713672495913
3.9 -9.10121741845e-08 0.645757092036
4 -9.10121741845e-08 0.584304887399
4.1 -9.10121741845e-08 0.528700816106
4.2 -9.10121741845e-08 0.478388301666
4.3 -9.10121741845e-08 0.432863656421
4.4 -9.10121741845e-08 0.391671233468
4.5 -9.10121741845e-08 0.354398718853
4.6 -9.10121741845e-08 0.320673223259
4.7 -9.10121741845e-08 0.290157137362
4.8 -9.10121741845e-08 0.262545031247
4.9 -9.10121741845e-08 0.237560538034
5 -9.10121741845e-08 0.214953596528
5.1 -9.10121741845e-08 0.19449786888
5.2 -9.10121741845e-08 0.17598890712
5.3 -9.10121741845e-08 0.15924132038
5.4 -9.10121741845e-08 0.144087475911
5.5 -9.10121741845e-08 0.130375766409
5.6 -9.10121741845e-08 0.117968824411
5.7 -9.10121741845e-08 0.106742605984
5.8 -9.10121741845e-08 0.0965846710756
5.9 -9.10121741845e-08 0.0873933822685
6 -9.10121741845e-08 0.0790768209867
6.1 -9.10121741845e-08 0.0715516537653
6.2 -9.10121741845e-08 0.0647426231379
6.3 -9.10121741845e-08 0.0585815331388
6.4 -9.10121741845e-08 0.053006737742
6.5 -9.10121741845e-08 0.0479624833264
6.6 -9.10121741845e-08 0.0433982300188
6.7 -9.10121741845e-08 0.0392683460571
6.8 -9.10121741845e-08 0.0355314669261
6.9 -9.10121741845e-08 0.032150193082
7 -9.10121741845e-08 0.0290907000482
7.1 -9.10121741845e-08 0.0263223389126
7.2 -9.10121741845e-08 0.0238174370453
7.3 -9.10121741845e-08 0.0215509055133
7.4 -9.10121741845e-08 0.0195000607021
7.5 -9.10121741845e-08 0.0176443876634
7.6 -9.10121741845e-08 0.0159652957456
7.7 -9.10121741845e-08 0.0144459973963
7.8 -9.10121741845e-08 0.0130712757046
7.9 -9.10121741845e-08 0.0118273745295
8 -9.10121741845e-08 0.0107018528755
8.1 -9.10121741845e-08 0.0096834337554
8.2 -9.10121741845e-08 0.00876193264896
8.3 -9.10121741845e-08 0.00792812412238
8.4 -9.10121741845e-08 0.00717366055577
8.5 -9.10121741845e-08 0.00649099048893
8.6 -9.10121741845e-08 0.00587326919699
8.7 -9.10121741845e-08 0.00531433726057
8.8 -9.10121741845e-08 0.00480862222232
8.9 -9.10121741845e-08 0.00435104676026
9 -9.10121741845e-08 0.0039370163409
9.1 -9.10121741845e-08 0.0035623744237
9.2 -9.10121741845e-08 0.00322340074596
9.3 -9.10121741845e-08 0.00291667947501
9.4 -9.10121741845e-08 0.0026391141944
9.5 -9.10121741845e-08 0.0023879713182
9.6 -9.10121741845e-08 0.00216073005932
9.7 -9.10121741845e-08 0.00195509979804
9.8 -9.10121741845e-08 0.00176905084412
9.9 -9.10121741845e-08 0.00160071230759
10 -9.10121741845e-08 0.00144837910903
10.1 -9.10121741845e-08 0.00131054982926
10.2 -9.10121741845e-08 0.00118584026076
10.3 -9.10121741845e-08 0.00107298841787
10.4 -9.10121741845e-08 0.000970886390693
10.5 -9.10121741845e-08 0.0008785092848
10.6 -9.10121741845e-08 0.000794910529765
10.7 -9.10121741845e-08 0.000719257312804
10.8 -9.10121741845e-08 0.00065080976072
10.9 -9.10121741845e-08 0.000588876525251
11 -9.10121741845e-08 0.00053282740441
11.1 -9.10121741845e-08 0.000482116683628
11.2 -9.10121741845e-08 0.000436237364254
11.3 -9.10121741845e-08 0.00039472114259
11.4 -9.10121741845e-08 0.000357154367103
11.5 -9.10121741845e-08 0.000323167944969
11.6 -9.10121741845e-08 0.000292416648592
11.7 -9.10121741845e-08 0.000264585261271
11.8 -9.10121741845e-08 0.000239403782658
11.9 -9.10121741845e-08 0.000216620732293
12 -9.10121741845e-08 0.000195993355918
12.1 -9.10121741845e-08 0.000177346938595
12.2 -9.10121741845e-08 0.000160471234498
12.3 -9.10121741845e-08 0.000145200884842
12.4 -9.10121741845e-08 0.000131382091912
12.5 -9.10121741845e-08 0.000118882352567
12.6 -9.10121741845e-08 0.000107574453481
12.7 -9.10121741845e-08 9.73409832628e-05
12.8 -9.10121741845e-08 8.80752643046e-05
12.9 -9.10121741845e-08 7.9683561768e-05
13 -9.10121741845e-08 7.20837998936e-05
13.1 -9.10121741845e-08 6.5204106058e-05
13.2 -9.10121741845e-08 5.89837611328e-05
13.3 -9.10121741845e-08 5.33674616383e-05
13.4 -9.10121741845e-08 4.82853319583e-05
13.5 -9.10121741845e-08 4.36857901787e-05
13.6 -9.10121741845e-08 3.95262824415e-05
13.7 -9.10121741845e-08 3.57712912119e-05
13.8 -9.10121741845e-08 3.23784594203e-05
13.9 -9.10121741845e-08 2.9306654032e-05
14 -9.10121741845e-08 2.65251116519e-05
14.1 -9.10121741845e-08 2.40074687816e-05
14.2 -9.10121741845e-08 2.16992990542e-05
14.3 -9.10121741845e-08 1.96567914274e-05
14.4 -9.10121741845e-08 1.77937246612e-05
14.5 -9.10121741845e-08 1.61012999064e-05
14.6 -9.10121741845e-08 1.45706672177e-05
14.7 -9.10121741845e-08 1.3187398407e-05
14.8 -9.10121741845e-08 1.19367707292e-05
14.9 -9.10121741845e-08 1.08069793817e-05
15 -9.10121741845e-08 9.7862195619e-06
15.1 -9.10121741845e-08 8.8626864672e-06
15.2 -9.10121741845e-08 8.02603190304e-06
15.3 -9.10121741845e-08 7.27136304675e-06
15.4 -9.10121741845e-08 6.59004821919e-06
15.5 -9.10121741845e-08 5.97292952652e-06
15.6 -9.10121741845e-08 5.41084907486e-06
15.7 -9.10121741845e-08 4.89472693176e-06
15.8 -9.10121741845e-08 4.42399435646e-06
15.9 -9.10121741845e-08 3.99853203785e-06
16 -9.10121741845e-08 3.61376851638e-06
16.1 -9.10121741845e-08 3.2651323325e-06
16.2 -9.10121741845e-08 2.94805202666e-06
16.3 -9.10121741845e-08 2.60743012889e-06
16.4 -9.10121741845e-08 2.37250643705e-06
16.5 -9.10121741845e-08 2.15351452119e-06
16.6 -9.10121741845e-08 1.9504543813e-06
16.7 -9.10121741845e-08 1.76332601739e-06
16.8 -9.10121741845e-08 1.59211498541e-06
16.9 -9.10121741845e-08 1.43540459322e-06
17 -9.10121741845e-08 1.29225791766e-06
17.1 -9.10121741845e-08 1.16267495874e-06
17.2 -9.10121741845e-08 1.04665571646e-06
17.3 -9.10121741845e-08 9.44200190823e-07
17.4 -9.10121741845e-08 8.54890050307e-07
17.5 -9.10121741845e-08 7.74020967108e-07
17.6 -9.10121741845e-08 7.00275952514e-07
17.7 -9.10121741845e-08 6.33655006526e-07
17.8 -9.10121741845e-08 5.74158129143e-07
17.9 -9.10121741845e-08 5.21785320367e-07
18 -9.10121741845e-08 4.75830884535e-07
18.1 -9.10121741845e-08 4.33500429144e-07
18.2 -9.10121741845e-08 3.94506581091e-07
18.3 -9.10121741845e-08 3.58849340375e-07
18.4 -9.10121741845e-08 3.26528706999e-07
18.5 -9.10121741845e-08 2.9754468096e-07
18.6 -9.10121741845e-08 2.71356492358e-07
18.7 -9.10121741845e-08 2.47058331374e-07
18.8 -9.10121741845e-08 2.24635973877e-07
18.9 -9.10121741845e-08 2.04089419865e-07
19 -9.10121741845e-08 1.8541866934e-07
19.1 -9.10121741845e-08 1.68619471387e-07
19.2 -9.10121741845e-08 1.53274890416e-07
19.3 -9.10121741845e-08 1.39109187898e-07
19.4 -9.10121741845e-08 1.26122363834e-07
19.5 -9.10121741845e-08 1.14314418225e-07
19.6 -9.10121741845e-08 1.03685351069e-07
19.7 -9.10121741845e-08 9.42041471325e-08
19.8 -9.10121741845e-08 8.5522026007e-08
19.9 -9.10121741845e-08 7.75413457179e-08
20 -9.10121741845e-08 7.02621062653e-08
