"Time" "Prey" "Predator"
0 37.815247424 2.26177509082
0.1 7.86004478729 24.7463085633
0.2 0.208375153602 27.8209686894
0.3 0.00643109438641 25.3166204735
0.4 0.000276687059747 22.9118045151
0.5 1.62090652091e-05 20.7316441779
0.6 1.22581196354e-06 18.7587787226
0.7 1.17714842977e-07 16.9736464275
0.8 7.51585374725e-09 15.3583995945
0.9 1.91541780897e-09 13.8968745562
1 -1.97795428146e-09 12.5744108287
1.1 -7.14616893092e-09 11.3777874769
1.2 -8.23432279341e-09 10.2950420656
1.3 -8.23432279341e-09 9.3153376048
1.4 -8.23432279341e-09 8.42886422532
1.5 -8.23432279341e-09 7.62674837195
1.6 -8.23432279341e-09 6.90096403759
1.7 -8.23432279341e-09 6.24426172187
1.8 -8.23432279341e-09 5.65004401755
1.9 -8.23432279341e-09 5.11236803831
2 -8.23432279341e-09 4.62586375852
2.1 -8.23432279341e-09 4.1856548438
2.2 -8.23432279341e-09 3.78733709753
2.3 -8.23432279341e-09 3.42692448136
2.4 -8.23432279341e-09 3.10080971056
2.5 -8.23432279341e-09 2.80572879896
2.6 -8.23432279341e-09 2.53872909364
2.7 -8.23432279341e-09 2.2971374021
2.8 -8.23432279341e-09 2.07853635611
2.9 -8.23432279341e-09 1.88073776543
3 -8.23432279341e-09 1.70176213652
3.1 -8.23432279341e-09 1.53981846434
3.2 -8.23432279341e-09 1.39328552662
3.3 -8.23432279341e-09 1.26069710083
3.4 -8.23432279341e-09 1.14072617325
3.5 -8.23432279341e-09 1.03217180779
3.6 -8.23432279341e-09 0.933947823761
3.7 -8.23432279341e-09 0.845070617312
3.8 -8.23432279341e-09 0.764650918837
3.9 -8.23432279341e-09 0.691884683297
4 -8.23432279341e-09 0.626043090102
4.1 -8.23432279341e-09 0.566467261272
4.2 -8.23432279341e-09 0.512560777092
4.3 -8.23432279341e-09 0.463784110885
4.4 -8.23432279341e-09 0.419649194809
4.5 -8.23432279341e-09 0.379714299669
4.6 -8.23432279341e-09 0.343579708342
4.7 -8.23432279341e-09 0.310883739718
4.8 -8.23432279341e-09 0.281299188028
4.9 -8.23432279341e-09 0.254529813757
5 -8.23432279341e-09 0.230307990604
5.1 -8.23432279341e-09 0.208391264342
5.2 -8.23432279341e-09 0.188560149933
5.3 -8.23432279341e-09 0.170616319896
5.4 -8.23432279341e-09 0.154379985534
5.5 -8.23432279341e-09 0.139688768715
5.6 -8.23432279341e-09 0.12639560298
5.7 -8.23432279341e-09 0.114367401004
5.8 -8.23432279341e-09 0.103483925642
5.9 -8.23432279341e-09 0.0936361165757
6 -8.23432279341e-09 0.0847254650694
6.1 -8.23432279341e-09 0.0766627653168
6.2 -8.23432279341e-09 0.0693672991841
6.3 -8.23432279341e-09 0.0627661340366
6.4 -8.23432279341e-09 0.0567931250595
6.5 -8.23432279341e-09 0.0513885399954
6.6 -8.23432279341e-09 0.0464982769259
6.7 -8.23432279341e-09 0.0420733673868
6.8 -8.23432279341e-09 0.0380695627188
6.9 -8.23432279341e-09 0.0344467489676
7 -8.23432279341e-09 0.0311687013747
7.1 -8.23432279341e-09 0.0282026069818
7.2 -8.23432279341e-09 0.0255187648134
7.3 -8.23432279341e-09 0.023090338111
7.4 -8.23432279341e-09 0.0208929955667
7.5 -8.23432279341e-09 0.0189047620092
7.6 -8.23432279341e-09 0.0171057343647
7.7 -8.23432279341e-09 0.0154779004548
7.8 -8.23432279341e-09 0.0140049860021
7.9 -8.23432279341e-09 0.0126722321659
8 -8.23432279341e-09 0.0114663060685
8.1 -8.23432279341e-09 0.0103751451035
8.2 -8.23432279341e-09 0.00938781500502
8.3 -8.23432279341e-09 0.00849444315261
8.4 -8.23432279341e-09 0.00768606910275
8.5 -8.23432279341e-09 0.00695462262541
8.6 -8.23432279341e-09 0.00629281243851
8.7 -8.23432279341e-09 0.00569399800115
8.8 -8.23432279341e-09 0.00515216959072
8.9 -8.23432279341e-09 0.00466189149434
9 -8.23432279341e-09 0.00421828745132
9.1 -8.23432279341e-09 0.00381688749073
9.2 -8.23432279341e-09 0.00345365694322
9.3 -8.23432279341e-09 0.00312500434417
9.4 -8.23432279341e-09 0.00282762307161
9.5 -8.23432279341e-09 0.00255853269431
9.6 -8.23432279341e-09 0.00231506507904
9.7 -8.23432279341e-09 0.00209476202097
9.8 -8.23432279341e-09 0.00189541581811
9.9 -8.23432279341e-09 0.00171504984606
10 -8.23432279341e-09 0.00155184224624
10.1 -8.23432279341e-09 0.0014041679826
10.2 -8.23432279341e-09 0.00127056415231
10.3 -8.23432279341e-09 0.00114967425067
10.4 -8.23432279341e-09 0.00104026048326
10.5 -8.23432279341e-09 0.000941261971097
10.6 -8.23432279341e-09 0.000851690027362
10.7 -8.23432279341e-09 0.000770632762489
10.8 -8.23432279341e-09 0.000697284564837
10.9 -8.23432279341e-09 0.000630925661649
11 -8.23432279341e-09 0.000570885172837
11.1 -8.23432279341e-09 0.000516550921557
11.2 -8.23432279341e-09 0.000467393569963
11.3 -8.23432279341e-09 0.000422919607388
11.4 -8.23432279341e-09 0.000382672148362
11.5 -8.23432279341e-09 0.000346250259423
11.6 -8.23432279341e-09 0.000313297840331
11.7 -8.23432279341e-09 0.000283482119263
11.8 -8.23432279341e-09 0.000256493421224
11.9 -8.23432279341e-09 0.000232087495922
12 -8.23432279341e-09 0.000210002507486
12.1 -8.23432279341e-09 0.000190017086253
12.2 -8.23432279341e-09 0.000171935691135
12.3 -8.23432279341e-09 0.000155580263327
12.4 -8.23432279341e-09 0.000140781843568
12.5 -8.23432279341e-09 0.000127386218572
12.6 -8.23432279341e-09 0.000115254842581
12.7 -8.23432279341e-09 0.000104267875267
12.8 -8.23432279341e-09 9.43190936947e-05
12.9 -8.23432279341e-09 8.53173649852e-05
13 -8.23432279341e-09 7.71866391519e-05
13.1 -8.23432279341e-09 6.98377713666e-05
13.2 -8.23432279341e-09 6.31858040241e-05
13.3 -8.23432279341e-09 5.71673242833e-05
13.4 -8.23432279341e-09 5.1728772407e-05
13.5 -8.23432279341e-09 4.68207873518e-05
13.6 -8.23432279341e-09 4.23795669808e-05
13.7 -8.23432279341e-09 3.83580869364e-05
13.8 -8.23432279341e-09 3.47170647857e-05
13.9 -8.23432279341e-09 3.13551010431e-05
14 -8.23432279341e-09 2.84167641435e-05
14.1 -8.23432279341e-09 2.57314831804e-05
14.2 -8.23432279341e-09 2.32871408423e-05
14.3 -8.23432279341e-09 2.10716198178e-05
14.4 -8.23432279341e-09 1.90704393551e-05
14.5 -8.23432279341e-09 1.72606688995e-05
14.6 -8.23432279341e-09 1.56252737716e-05
14.7 -8.23432279341e-09 1.41479975029e-05
14.8 -8.23432279341e-09 1.28125836253e-05
14.9 -8.23432279341e-09 1.16028506281e-05
15 -8.23432279341e-09 1.05094734828e-05
15.1 -8.23432279341e-09 9.52329386185e-06
15.2 -8.23432279341e-09 8.63169853038e-06
15.3 -8.23432279341e-09 7.82207425351e-06
15.4 -8.23432279341e-09 7.0818077964e-06
15.5 -8.23432279341e-09 6.40189276189e-06
15.6 -8.23432279341e-09 5.78621796568e-06
15.7 -8.23432279341e-09 5.2296745501e-06
15.8 -8.23432279341e-09 4.72596603232e-06
15.9 -8.23432279341e-09 4.26879592954e-06
16 -8.23432279341e-09 3.75736207184e-06
16.1 -8.23432279341e-09 3.42307480624e-06
16.2 -8.23432279341e-09 3.1107304094e-06
16.3 -8.23432279341e-09 2.82032888134e-06
16.4 -8.23432279341e-09 2.55187022205e-06
16.5 -8.23432279341e-09 2.30535443153e-06
16.6 -8.23432279341e-09 2.0801517084e-06
16.7 -8.23432279341e-09 1.87386387883e-06
16.8 -8.23432279341e-09 1.68625722256e-06
16.9 -8.23432279341e-09 1.5173317396e-06
17 -8.23432279341e-09 1.36708742994e-06
17.1 -8.23432279341e-09 1.23552429358e-06
17.2 -8.23432279341e-09 1.11927462091e-06
17.3 -8.23432279341e-09 1.01290999781e-06
17.4 -8.23432279341e-09 9.1635712208e-07
17.5 -8.23432279341e-09 8.29615993733e-07
17.6 -8.23432279341e-09 7.52686612764e-07
17.7 -8.23432279341e-09 6.85530518178e-07
17.8 -8.23432279341e-09 6.24982996863e-07
17.9 -8.23432279341e-09 5.69030845215e-07
18 -8.23432279341e-09 5.17674063233e-07
18.1 -8.23432279341e-09 4.70912650918e-07
18.2 -8.23432279341e-09 4.28746608268e-07
18.3 -8.23432279341e-09 3.91037152169e-07
18.4 -8.23432279341e-09 3.56308624082e-07
18.5 -8.23432279341e-09 3.24163581198e-07
18.6 -8.23432279341e-09 2.94602023516e-07
18.7 -8.23432279341e-09 2.67623951036e-07
18.8 -8.23432279341e-09 2.43229363759e-07
18.9 -8.23432279341e-09 2.21232925033e-07
19 -8.23432279341e-09 2.00928905199e-07
19.1 -8.23432279341e-09 1.82248525544e-07
19.2 -8.23432279341e-09 1.65191786068e-07
19.3 -8.23432279341e-09 1.49758686769e-07
19.4 -8.23432279341e-09 1.35949227649e-07
19.5 -8.23432279341e-09 1.23513732259e-07
19.6 -8.23432279341e-09 1.1204974691e-07
19.7 -8.23432279341e-09 1.01551837098e-07
19.8 -8.23432279341e-09 9.20200028242e-08
19.9 -8.23432279341e-09 8.34542440875e-08
20 -8.23432279341e-09 7.58514261643e-08
