"Time" "Prey" "Predator"
0 39.9535321742 28.210871771
0.1 0.050413937091 53.4513938889
0.2 6.08382943731e-05 48.3998181317
0.3 1.506689858e-07 43.793991162
0.4 -1.41226921875e-07 39.6264714313
0.5 -1.38771406551e-07 35.8555354771
0.6 -1.38771406551e-07 32.4434574725
0.7 -1.38771406551e-07 29.3560725468
0.8 -1.38771406551e-07 26.5624543819
0.9 -1.38771406551e-07 24.0346845161
1 -1.38771406551e-07 21.7474783994
1.1 -1.38771406551e-07 19.6779281021
1.2 -1.38771406551e-07 17.8053195223
1.3 -1.38771406551e-07 16.1109093796
1.4 -1.38771406551e-07 14.5777742653
1.5 -1.38771406551e-07 13.190526689
1.6 -1.38771406551e-07 11.9352734222
1.7 -1.38771406551e-07 10.7994862595
1.8 -1.38771406551e-07 9.77177973865
1.9 -1.38771406551e-07 8.84187189802
2 -1.38771406551e-07 8.00045685221
2.1 -1.38771406551e-07 7.23911319995
2.2 -1.38771406551e-07 6.55022080986
2.3 -1.38771406551e-07 5.92688630628
2.4 -1.38771406551e-07 5.36286918039
2.5 -1.38771406551e-07 4.85252564323
2.6 -1.38771406551e-07 4.39074748291
2.7 -1.38771406551e-07 3.97291306691
2.8 -1.38771406551e-07 3.59484119814
2.9 -1.38771406551e-07 3.25274727398
3 -1.38771406551e-07 2.94320781588
3.1 -1.38771406551e-07 2.66312515364
3.2 -1.38771406551e-07 2.40969542389
3.3 -1.38771406551e-07 2.180382719
3.4 -1.38771406551e-07 1.97289089857
3.5 -1.38771406551e-07 1.78514482662
3.6 -1.38771406551e-07 1.61526558917
3.7 -1.38771406551e-07 1.46155279043
3.8 -1.38771406551e-07 1.32246765112
3.9 -1.38771406551e-07 1.19661819357
4 -1.38771406551e-07 1.08274479777
4.1 -1.38771406551e-07 0.979708019896
4.2 -1.38771406551e-07 0.886476478006
4.3 -1.38771406551e-07 0.802117036904
4.4 -1.38771406551e-07 0.725785443095
4.5 -1.38771406551e-07 0.656717446046
4.6 -1.38771406551e-07 0.594222118038
4.7 -1.38771406551e-07 0.537674382833
4.8 -1.38771406551e-07 0.486507718015
4.9 -1.38771406551e-07 0.44021043948
5 -1.38771406551e-07 0.398318812575
5.1 -1.38771406551e-07 0.360413676804
5.2 -1.38771406551e-07 0.326115767856
5.3 -1.38771406551e-07 0.295081582638
5.4 -1.38771406551e-07 0.267000883964
5.5 -1.38771406551e-07 0.241592364847
5.6 -1.38771406551e-07 0.218601798653
5.7 -1.38771406551e-07 0.197799085789
5.8 -1.38771406551e-07 0.17897592422
5.9 -1.38771406551e-07 0.161944123958
6 -1.38771406551e-07 0.146533053388
6.1 -1.38771406551e-07 0.132588572489
6.2 -1.38771406551e-07 0.1199710995
6.3 -1.38771406551e-07 0.108554293049
6.4 -1.38771406551e-07 0.0982239995455
6.5 -1.38771406551e-07 0.0888767161373
6.6 -1.38771406551e-07 0.0804189651548
6.7 -1.38771406551e-07 0.0727660887656
6.8 -1.38771406551e-07 0.0658414532081
6.9 -1.38771406551e-07 0.0595758212121
7 -1.38771406551e-07 0.0539064151018
7.1 -1.38771406551e-07 0.0487765348368
7.2 -1.38771406551e-07 0.0441348321615
7.3 -1.38771406551e-07 0.0399348288949
7.4 -1.38771406551e-07 0.0361345336054
7.5 -1.38771406551e-07 0.0326958686429
7.6 -1.38771406551e-07 0.0295844422457
7.7 -1.38771406551e-07 0.0267691096041
7.8 -1.38771406551e-07 0.0242216806224
7.9 -1.38771406551e-07 0.0219166863169
8 -1.38771406551e-07 0.0198310314871
8.1 -1.38771406551e-07 0.0179438571824
8.2 -1.38771406551e-07 0.0162362733567
8.3 -1.38771406551e-07 0.0146911813455
8.4 -1.38771406551e-07 0.0132931317555
8.5 -1.38771406551e-07 0.0120281197621
8.6 -1.38771406551e-07 0.0108834909463
8.7 -1.38771406551e-07 0.00984777829452
8.8 -1.38771406551e-07 0.00891061309697
8.9 -1.38771406551e-07 0.00806265315247
9 -1.38771406551e-07 0.00729541046922
9.1 -1.38771406551e-07 0.00660119123898
9.2 -1.38771406551e-07 0.00597302034748
9.3 -1.38771406551e-07 0.0054046423053
9.4 -1.38771406551e-07 0.00489035605249
9.5 -1.38771406551e-07 0.00442497412144
9.6 -1.38771406551e-07 0.0040038880127
9.7 -1.38771406551e-07 0.00362287534681
9.8 -1.38771406551e-07 0.00327810571629
9.9 -1.38771406551e-07 0.00296616151413
10 -1.38771406551e-07 0.00268390127585
10.1 -1.38771406551e-07 0.00242849073573
10.2 -1.38771406551e-07 0.00219739688826
10.3 -1.38771406551e-07 0.00198828856801
10.4 -1.38771406551e-07 0.0017990847341
10.5 -1.38771406551e-07 0.00162790802647
10.6 -1.38771406551e-07 0.00147301976032
10.7 -1.38771406551e-07 0.00133283462848
10.8 -1.38771406551e-07 0.00120599396827
10.9 -1.38771406551e-07 0.00109123031831
11 -1.38771406551e-07 0.000987375171992
11.1 -1.38771406551e-07 0.000893397522716
11.2 -1.38771406551e-07 0.000808374731195
11.3 -1.38771406551e-07 0.000731447292094
11.4 -1.38771406551e-07 0.000661831438148
11.5 -1.38771406551e-07 0.000598848983219
11.6 -1.38771406551e-07 0.00054186707338
11.7 -1.38771406551e-07 0.000490299873883
11.8 -1.38771406551e-07 0.000443634327084
11.9 -1.38771406551e-07 0.000401413935529
12 -1.38771406551e-07 0.000363212269703
12.1 -1.38771406551e-07 0.00032863300303
12.2 -1.38771406551e-07 0.000297362582302
12.3 -1.38771406551e-07 0.000269066006214
12.4 -1.38771406551e-07 0.000243459550583
12.5 -1.38771406551e-07 0.000220292938853
12.6 -1.38771406551e-07 0.00019933764675
12.7 -1.38771406551e-07 0.000180377147023
12.8 -1.38771406551e-07 0.000163213843441
12.9 -1.38771406551e-07 0.000147670317732
13 -1.38771406551e-07 0.000133593093963
13.1 -1.38771406551e-07 0.000120846141365
13.2 -1.38771406551e-07 0.000109312829314
13.3 -1.38771406551e-07 9.88957740622e-05
13.4 -1.38771406551e-07 8.94799298295e-05
13.5 -1.38771406551e-07 8.09570086691e-05
13.6 -1.38771406551e-07 7.32458494043e-05
13.7 -1.38771406551e-07 6.62779394748e-05
13.8 -1.38771406551e-07 5.99897152898e-05
13.9 -1.38771406551e-07 5.42993178016e-05
14 -1.38771406551e-07 4.91467114744e-05
14.1 -1.38771406551e-07 4.44816126206e-05
14.2 -1.38771406551e-07 4.01753609971e-05
14.3 -1.38771406551e-07 3.64098392602e-05
14.4 -1.38771406551e-07 3.29688428007e-05
14.5 -1.38771406551e-07 2.98368151666e-05
14.6 -1.38771406551e-07 2.69981999058e-05
14.7 -1.38771406551e-07 2.44342319542e-05
14.8 -1.38771406551e-07 2.21154847678e-05
14.9 -1.38771406551e-07 2.00201822993e-05
15 -1.38771406551e-07 1.81274594395e-05
15.1 -1.38771406551e-07 1.64164510789e-05
15.2 -1.38771406551e-07 1.48664179651e-05
15.3 -1.38771406551e-07 1.34656071003e-05
15.4 -1.38771406551e-07 1.22021022651e-05
15.5 -1.38771406551e-07 1.10597151539e-05
15.6 -1.38771406551e-07 1.00222574611e-05
15.7 -1.38771406551e-07 9.07354088124e-06
15.8 -1.38771406551e-07 8.20227688803e-06
15.9 -1.38771406551e-07 7.41345779689e-06
16 -1.38771406551e-07 6.70039306778e-06
16.1 -1.38771406551e-07 6.05500109381e-06
16.2 -1.38771406551e-07 5.46920026813e-06
16.3 -1.38771406551e-07 4.81479873791e-06
16.4 -1.38771406551e-07 4.38624121656e-06
16.5 -1.38771406551e-07 3.98584594043e-06
16.6 -1.38771406551e-07 3.61361290952e-06
16.7 -1.38771406551e-07 3.26954212383e-06
16.8 -1.38771406551e-07 2.95363358336e-06
16.9 -1.38771406551e-07 2.6650334794e-06
17 -1.38771406551e-07 2.40068325227e-06
17.1 -1.38771406551e-07 2.16030977497e-06
17.2 -1.38771406551e-07 1.94391304748e-06
17.3 -1.38771406551e-07 1.75149306983e-06
17.4 -1.38771406551e-07 1.58304984199e-06
17.5 -1.38771406551e-07 1.43408770047e-06
17.6 -1.38771406551e-07 1.29778922359e-06
17.7 -1.38771406551e-07 1.17408394988e-06
17.8 -1.38771406551e-07 1.06297187934e-06
17.9 -1.38771406551e-07 9.64453011965e-07
18 -1.38771406551e-07 8.78462913968e-07
18.1 -1.38771406551e-07 8.00854006721e-07
18.2 -1.38771406551e-07 7.29143139518e-07
18.3 -1.38771406551e-07 6.63330312359e-07
18.4 -1.38771406551e-07 6.03415525243e-07
18.5 -1.38771406551e-07 5.49398778172e-07
18.6 -1.38771406551e-07 5.01084963041e-07
18.7 -1.38771406551e-07 4.56569376975e-07
18.8 -1.38771406551e-07 4.15369604796e-07
18.9 -1.38771406551e-07 3.77485646505e-07
19 -1.38771406551e-07 3.429175021e-07
19.1 -1.38771406551e-07 3.11665171583e-07
19.2 -1.38771406551e-07 2.83477351841e-07
19.3 -1.38771406551e-07 2.57453811281e-07
19.4 -1.38771406551e-07 2.33514159921e-07
19.5 -1.38771406551e-07 2.11658397762e-07
19.6 -1.38771406551e-07 1.91886524804e-07
19.7 -1.38771406551e-07 1.74198541046e-07
19.8 -1.38771406551e-07 1.58261144858e-07
19.9 -1.38771406551e-07 1.43568903001e-07
20 -1.38771406551e-07 1.30116591569e-07
