"Time" "Prey" "Predator"
0 1.83592307974 8.65585106641
0.1 0.607670505542 8.75338200478
0.2 0.208808673397 8.2199362235
0.3 0.0780389551493 7.53644057464
0.4 0.0319720910089 6.85428414177
0.5 0.0143076997784 6.21555689397
0.6 0.00694757452019 5.62976432841
0.7 0.00363493742853 5.09661150163
0.8 0.00203503334755 4.61287005488
0.9 0.0012116416592 4.17455687793
1 0.000762583284059 3.77766002524
1.1 0.000504754055977 3.41838087105
1.2 0.000349731471541 3.0932090499
1.3 0.000252411994504 2.79893447244
1.4 0.000189127568609 2.53263583048
1.5 0.000146589689408 2.29166167724
1.6 0.000117037322267 2.07360717507
1.7 9.61380486507e-05 1.87629629175
1.8 8.09881310749e-05 1.69775726713
1.9 6.97836509976e-05 1.53620511679
2 6.13745242172e-05 1.39002431652
2.1 5.49910215065e-05 1.25775255073
2.2 5.01176678939e-05 1.13806735635
2.3 4.6380761978e-05 1.02977149092
2.4 4.35268455089e-05 0.931781239325
2.5 4.13417828715e-05 0.843114178602
2.6 3.97094353659e-05 0.762884321853
2.7 3.85320859149e-05 0.69028906437
2.8 3.7734919667e-05 0.62460189163
2.9 3.72632526222e-05 0.565165334044
3 3.7076052031e-05 0.511384705967
3.1 3.71426117646e-05 0.462721959007
3.2 3.74398146462e-05 0.41868999907
3.3 3.79492452768e-05 0.378847478787
3.4 3.86591052627e-05 0.342795978285
3.5 3.95648439983e-05 0.310175694157
3.6 4.065915001e-05 0.280659480904
3.7 4.19414447619e-05 0.253952333407
3.8 4.34111618824e-05 0.229786660568
3.9 4.50704325832e-05 0.207920534624
4 4.69231140628e-05 0.188135057835
4.1 4.89747581243e-05 0.170232392799
4.2 5.1232377528e-05 0.15403343112
4.3 5.37043350353e-05 0.139375968181
4.4 5.64003786749e-05 0.126113288974
4.5 5.93315202881e-05 0.114112655285
4.6 6.25101056766e-05 0.103253993571
4.7 6.59497576885e-05 0.0934285667956
4.8 6.96654986393e-05 0.0845382098629
4.9 7.36736600269e-05 0.0764938927298
5 7.79919924505e-05 0.0692150652868
5.1 8.26397362634e-05 0.0626288995624
5.2 8.76376524503e-05 0.0566694249176
5.3 9.30081384708e-05 0.0512770711298
5.4 9.87752893177e-05 0.0463978413587
5.5 0.000104965006215 0.041982908458
5.6 0.000111605104469 0.037988130375
5.7 0.000118725420081 0.0343734772642
5.8 0.000126357944233 0.0311027941885
5.9 0.0001345369624 0.0281433294367
6 0.000143299199542 0.0254654734277
6.1 0.00015268398004 0.0230424564219
6.2 0.000162733402567 0.0208499985501
6.3 0.00017349251747 0.0188661782356
6.4 0.000185009535944 0.0170711302
6.5 0.000197336033901 0.015446888279
6.6 0.000210527180834 0.0139772081647
6.7 0.000224641994487 0.0126473678092
6.8 0.00023974358217 0.0114440742744
6.9 0.000255899449346 0.010355284879
7 0.000273181766179 0.00937009529336
7.1 0.000291667715798 0.00847864856556
7.2 0.000311439841779 0.00767200988472
7.3 0.000332586351221 0.00694213044961
7.4 0.000355201588002 0.00628172706152
7.5 0.000379386484386 0.00568417714619
7.6 0.000405248765472 0.00514348120507
7.7 0.000432903705837 0.00465422676252
7.8 0.000462474690495 0.0042115424936
7.9 0.000494093300296 0.0038109607654
8 0.000527900400618 0.00344847171131
8.1 0.000564046740969 0.00312048430728
8.2 0.000602693067169 0.00282369475991
8.3 0.000644011513758 0.00255513913488
8.4 0.000688186209635 0.00231214936565
8.5 0.000735413508832 0.00209226988554
8.6 0.000785903736117 0.00189330614251
8.7 0.000839881780918 0.00171328093709
8.8 0.000897587497199 0.0015503748151
8.9 0.000959278085664 0.0014029726014
9 0.00102522831567 0.0012696099601
9.1 0.00109573099188 0.00114893051207
9.2 0.00117109912488 0.001039703596
9.3 0.00125166928473 0.000940872722668
9.4 0.00133779966231 0.000851447893657
9.5 0.00142987226032 0.000770518283827
9.6 0.00152829740478 0.000697285031672
9.7 0.00163351360242 0.000631026747277
9.8 0.00174598794145 0.000571072715585
9.9 0.00186621972103 0.000516813825664
10 0.0019947456331 0.000467722591479
10.1 0.0021321369134 0.000423304778813
10.2 0.00227900274936 0.000383103865802
10.3 0.00243599751115 0.000346722927393
10.4 0.00260382052588 0.000313804844538
10.5 0.00278321667395 0.000284017063829
10.6 0.00297498625814 0.000257052438139
10.7 0.00317997341518 0.000232664527647
10.8 0.00339910004566 0.000210593898509
10.9 0.00363333519871 0.000190618912701
11 0.00388373119669 0.000172545845174
11.1 0.00415140881244 0.000156195531852
11.2 0.00443755255927 0.000141399126921
11.3 0.00474341573324 0.000128002644835
11.4 0.00507035098256 0.000115868257099
11.5 0.00541986869173 0.000104876768976
11.6 0.00579351706991 9.49225327254e-05
11.7 0.00619292431428 8.59152362163e-05
11.8 0.00661980703594 7.77791228251e-05
11.9 0.00707613100765 7.04217282214e-05
12 0.00756397397678 6.37605613446e-05
12.1 0.00808547651854 5.77326627781e-05
12.2 0.00864289141407 5.22850013919e-05
12.3 0.00923866231225 4.73668343176e-05
12.4 0.00987558318227 4.2914220126e-05
12.5 0.0105564787091 3.8881060401e-05
12.6 0.0112843148157 3.52283652745e-05
12.7 0.0120622170388 3.19230030447e-05
12.8 0.0128937661239 2.89285867607e-05
12.9 0.0137827524527 2.62130454111e-05
13 0.0147330772752 2.3751669009e-05
13.1 0.0157488463712 2.1524220934e-05
13.2 0.0168345090129 1.95114178774e-05
13.3 0.0179951565498 1.76873664045e-05
13.4 0.0192359376992 1.60343742001e-05
13.5 0.0205622572987 1.45379154808e-05
13.6 0.0219798073574 1.31859875357e-05
13.7 0.0234950281693 1.19634627437e-05
13.8 0.0251148005771 1.08558579032e-05
13.9 0.0268462595474 9.85161766803e-06
14 0.028696985308 8.94046847607e-06
14.1 0.0306754123229 8.11368576098e-06
14.2 0.0327903511652 7.36378155896e-06
14.3 0.035051044439 6.68454104662e-06
14.4 0.0374674322514 6.07017087803e-06
14.5 0.0400505825461 5.51348927013e-06
14.6 0.0428119160317 5.00918582681e-06
14.7 0.0457634586705 4.5527596137e-06
14.8 0.0489183958434 4.13964482351e-06
14.9 0.0522910713921 3.76521218548e-06
15 0.0558963242822 3.42574470211e-06
15.1 0.059749831874 3.11797235458e-06
15.2 0.0638689396496 2.83883845936e-06
15.3 0.0682721222406 2.58565143774e-06
15.4 0.0729787722956 2.35613921159e-06
15.5 0.0780099751393 2.14803945623e-06
15.6 0.0833881882708 1.95929245052e-06
15.7 0.0891370161834 1.78818080729e-06
15.8 0.0952821787415 1.63302076176e-06
15.9 0.10185118106 1.4922503582e-06
16 0.108872874249 1.36454791018e-06
16.1 0.116378618392 1.24867516345e-06
16.2 0.124402056766 1.14349990754e-06
16.3 0.132978450861 1.04806260291e-06
16.4 0.142146030655 9.61454246899e-07
16.5 0.151945943418 8.82820848041e-07
16.6 0.162421279314 8.11448582265e-07
16.7 0.173618481633 7.46674005406e-07
16.8 0.18558776881 6.87861625904e-07
16.9 0.198382083475 6.34464487942e-07
17 0.212058654433 5.8597936001e-07
17.1 0.226678066143 5.41964644805e-07
17.2 0.24230520536 5.02018910737e-07
17.3 0.259009932422 4.65765973499e-07
17.4 0.276865984261 4.3288188678e-07
17.5 0.295953263263 4.03061498801e-07
17.6 0.316356409912 3.76036382064e-07
17.7 0.338165941051 3.51565987837e-07
17.8 0.361479388867 3.29427772567e-07
17.9 0.386399664747 3.09430712308e-07
18 0.413038245836 2.9139667816e-07
18.1 0.441513312805 2.75170349048e-07
18.2 0.471951117799 2.60615176874e-07
18.3 0.504487833017 2.47606884206e-07
18.4 0.539267043377 2.36041762975e-07
18.5 0.576443887489 2.2582798088e-07
18.6 0.616183592355 2.16888336876e-07
18.7 0.658663185964 2.09160301639e-07
18.8 0.704071174995 2.0259567668e-07
18.9 0.752609674466 1.97161061484e-07
19 0.80449433835 1.92837731446e-07
19.1 0.859955923784 1.89624315303e-07
19.2 0.919240755751 1.87536492416e-07
19.3 0.982613177472 1.86613863794e-07
19.4 1.05035436998 1.86916859901e-07
19.5 1.1227650211 1.8853583333e-07
19.6 1.20016774634 1.91600475611e-07
19.7 1.28290616207 1.96277153515e-07
19.8 1.37134806253 2.02798672808e-07
19.9 1.4658872069 2.1146159359e-07
20 1.56694427963 2.22663592854e-07
