"Time" "Prey" "Predator"
0 30.5397407366 15.7930365688
0.1 0.537431121697 35.6722392495
0.2 0.00596658457164 32.6511092998
0.3 0.0001011774451 29.5480805999
0.4 2.56133555723e-06 26.7362675638
0.5 6.78007764205e-08 24.1919830682
0.6 6.35987525492e-09 21.8898128196
0.7 4.12280866575e-10 19.8067224847
0.8 -2.57017029534e-10 17.9218649851
0.9 -8.02307982631e-09 16.2163658894
1 -5.38726900937e-09 14.6731722797
1.1 -5.87902632249e-09 13.2768329458
1.2 -5.75640372744e-09 12.0133722962
1.3 -4.87259245017e-09 10.8701442989
1.4 -3.54956831963e-09 9.83572364301
1.5 -3.1899493136e-09 8.8997333047
1.6 -3.48300540354e-09 8.052809376
1.7 -3.34870450931e-09 7.28648475974
1.8 -3.37134643648e-09 6.59308444763
1.9 -3.37149773823e-09 5.9656696094
2 -3.37149773823e-09 5.39796134734
2.1 -3.37149773823e-09 4.88427764666
2.2 -3.37149773823e-09 4.41947739328
2.3 -3.37149773823e-09 3.99890911012
2.4 -3.37149773823e-09 3.61836217309
2.5 -3.37149773823e-09 3.27402850781
2.6 -3.37149773823e-09 2.96246318202
2.7 -3.37149773823e-09 2.68054750248
2.8 -3.37149773823e-09 2.42545969385
2.9 -3.37149773823e-09 2.19464663153
3 -3.37149773823e-09 1.98579830992
3.1 -3.37149773823e-09 1.79682460375
3.2 -3.37149773823e-09 1.62583412289
3.3 -3.37149773823e-09 1.47111549332
3.4 -3.37149773823e-09 1.33112002206
3.5 -3.37149773823e-09 1.20444655995
3.6 -3.37149773823e-09 1.08982823319
3.7 -3.37149773823e-09 0.986117046156
3.8 -3.37149773823e-09 0.892275580902
3.9 -3.37149773823e-09 0.807364232421
4 -3.37149773823e-09 0.730533226032
4.1 -3.37149773823e-09 0.661013761267
4.2 -3.37149773823e-09 0.598109742
4.3 -3.37149773823e-09 0.541192112058
4.4 -3.37149773823e-09 0.489690776222
4.5 -3.37149773823e-09 0.443090537756
4.6 -3.37149773823e-09 0.400924835984
4.7 -3.37149773823e-09 0.362771702648
4.8 -3.37149773823e-09 0.328249403254
4.9 -3.37149773823e-09 0.297012238883
5 -3.37149773823e-09 0.268747806556
5.1 -3.37149773823e-09 0.243173017357
5.2 -3.37149773823e-09 0.220032037275
5.3 -3.37149773823e-09 0.199093188237
5.4 -3.37149773823e-09 0.180146917894
5.5 -3.37149773823e-09 0.163003674232
5.6 -3.37149773823e-09 0.147491778026
5.7 -3.37149773823e-09 0.133456080783
5.8 -3.37149773823e-09 0.120755987404
5.9 -3.37149773823e-09 0.109264497988
6 -3.37149773823e-09 0.0988666050683
6.1 -3.37149773823e-09 0.0894581705603
6.2 -3.37149773823e-09 0.0809451165495
6.3 -3.37149773823e-09 0.0732421499801
6.4 -3.37149773823e-09 0.0662722264661
6.5 -3.37149773823e-09 0.0599655863397
6.6 -3.37149773823e-09 0.0542590769642
6.7 -3.37149773823e-09 0.0490956514897
6.8 -3.37149773823e-09 0.0444235740199
6.9 -3.37149773823e-09 0.0401961090783
7 -3.37149773823e-09 0.0363709429525
7.1 -3.37149773823e-09 0.0329097729244
7.2 -3.37149773823e-09 0.0297779974063
7.3 -3.37149773823e-09 0.0269442375958
7.4 -3.37149773823e-09 0.02438015081
7.5 -3.37149773823e-09 0.0220600739645
7.6 -3.37149773823e-09 0.019960772706
7.7 -3.37149773823e-09 0.0180612566863
7.8 -3.37149773823e-09 0.0163424948332
7.9 -3.37149773823e-09 0.0147872977544
8 -3.37149773823e-09 0.0133801005643
8.1 -3.37149773823e-09 0.0121068107581
8.2 -3.37149773823e-09 0.0109546973376
8.3 -3.37149773823e-09 0.0099122172
8.4 -3.37149773823e-09 0.00896894357042
8.5 -3.37149773823e-09 0.00811543552347
8.6 -3.37149773823e-09 0.00734314611848
8.7 -3.37149773823e-09 0.00664435442897
8.8 -3.37149773823e-09 0.00601205895081
8.9 -3.37149773823e-09 0.0054399334564
9 -3.37149773823e-09 0.00492225688359
9.1 -3.37149773823e-09 0.0044538401425
9.2 -3.37149773823e-09 0.00402999909265
9.3 -3.37149773823e-09 0.00364647926664
9.4 -3.37149773823e-09 0.00329945075804
9.5 -3.37149773823e-09 0.00298546457963
9.6 -3.37149773823e-09 0.0027013752868
9.7 -3.37149773823e-09 0.00244433157249
9.8 -3.37149773823e-09 0.00221174335796
9.9 -3.37149773823e-09 0.00200128351254
10 -3.37149773823e-09 0.00181086480446
10.1 -3.37149773823e-09 0.00163856150555
10.2 -3.37149773823e-09 0.00148262412651
10.3 -3.37149773823e-09 0.00134153008522
10.4 -3.37149773823e-09 0.00121386768946
10.5 -3.37149773823e-09 0.00109834302237
10.6 -3.37149773823e-09 0.00099381653949
10.7 -3.37149773823e-09 0.000899247773741
10.8 -3.37149773823e-09 0.000813637101862
10.9 -3.37149773823e-09 0.000736231464881
11 -3.37149773823e-09 0.000666177268724
11.1 -3.37149773823e-09 0.000602785025573
11.2 -3.37149773823e-09 0.000545417652682
11.3 -3.37149773823e-09 0.000493518304104
11.4 -3.37149773823e-09 0.00044656013493
11.5 -3.37149773823e-09 0.000404062598383
11.6 -3.37149773823e-09 0.000365593074614
11.7 -3.37149773823e-09 0.000330766950687
11.8 -3.37149773823e-09 0.000299247415611
11.9 -3.37149773823e-09 0.000270745539693
12 -3.37149773823e-09 0.000244976707311
12.1 -3.37149773823e-09 0.000221652318765
12.2 -3.37149773823e-09 0.000200547012313
12.3 -3.37149773823e-09 0.000181468217994
12.4 -3.37149773823e-09 0.000164216158736
12.5 -3.37149773823e-09 0.000148598297793
12.6 -3.37149773823e-09 0.000134462070028
12.7 -3.37149773823e-09 0.000121553927234
12.8 -3.37149773823e-09 0.000110070950284
12.9 -3.37149773823e-09 9.96216295475e-05
13 -3.37149773823e-09 9.01425690109e-05
13.1 -3.37149773823e-09 8.15692098742e-05
13.2 -3.37149773823e-09 7.38189800001e-05
13.3 -3.37149773823e-09 6.68146246126e-05
13.4 -3.37149773823e-09 6.04835347195e-05
13.5 -3.37149773823e-09 5.47531013288e-05
13.6 -3.37149773823e-09 4.95572600171e-05
13.7 -3.37149773823e-09 4.48654628068e-05
13.8 -3.37149773823e-09 4.06277637055e-05
13.9 -3.37149773823e-09 3.67897177829e-05
14 -3.37149773823e-09 3.32968801088e-05
14.1 -3.37149773823e-09 3.01116704901e-05
14.2 -3.37149773823e-09 2.72338718471e-05
14.3 -3.37149773823e-09 2.46340847646e-05
14.4 -3.37149773823e-09 2.22811124367e-05
14.5 -3.37149773823e-09 2.01437580573e-05
14.6 -3.37149773823e-09 1.80192875457e-05
14.7 -3.37149773823e-09 1.63826275801e-05
14.8 -3.37149773823e-09 1.48618167664e-05
14.9 -3.37149773823e-09 1.34568551046e-05
15 -3.37149773823e-09 1.21675317122e-05
15.1 -3.37149773823e-09 1.09839180467e-05
15.2 -3.37149773823e-09 9.90057887162e-06
15.3 -3.37149773823e-09 8.91751418681e-06
15.4 -3.37149773823e-09 8.03472399231e-06
15.5 -3.37149773823e-09 7.25220828813e-06
15.6 -3.37149773823e-09 6.56607664475e-06
15.7 -3.37149773823e-09 5.94270386393e-06
15.8 -3.37149773823e-09 5.3743313136e-06
15.9 -3.37149773823e-09 4.86095899375e-06
16 -3.37149773823e-09 4.40258690437e-06
16.1 -3.37149773823e-09 3.99921504548e-06
16.2 -3.37149773823e-09 3.64449925359e-06
16.3 -3.37149773823e-09 3.3176700686e-06
16.4 -3.37149773823e-09 3.01711114921e-06
16.5 -3.37149773823e-09 2.74282249543e-06
16.6 -3.37149773823e-09 2.49480410724e-06
16.7 -3.37149773823e-09 2.27305598466e-06
16.8 -3.37149773823e-09 2.07265586361e-06
16.9 -3.37149773823e-09 1.88679914608e-06
17 -3.37149773823e-09 1.71544287293e-06
17.1 -3.37149773823e-09 1.55858704416e-06
17.2 -3.37149773823e-09 1.41623165978e-06
17.3 -3.37149773823e-09 1.28830209161e-06
17.4 -3.37149773823e-09 1.17128477802e-06
17.5 -3.37149773823e-09 1.0632562706e-06
17.6 -3.37149773823e-09 9.64216569336e-07
17.7 -3.37149773823e-09 8.7416567424e-07
17.8 -3.37149773823e-09 7.93103585309e-07
17.9 -3.37149773823e-09 7.20719158051e-07
18 -3.37149773823e-09 6.54323153363e-07
18.1 -3.37149773823e-09 5.93295059906e-07
18.2 -3.37149773823e-09 5.3763487768e-07
18.3 -3.37149773823e-09 4.87342606684e-07
18.4 -3.37149773823e-09 4.4241824692e-07
18.5 -3.37149773823e-09 4.02344598497e-07
18.6 -3.37149773823e-09 3.65428457503e-07
18.7 -3.37149773823e-09 3.3153805376e-07
18.8 -3.37149773823e-09 3.00673387268e-07
18.9 -3.37149773823e-09 2.72834458028e-07
19 -3.37149773823e-09 2.48021266039e-07
19.1 -3.37149773823e-09 2.25678633471e-07
19.2 -3.37149773823e-09 2.0503907571e-07
19.3 -3.37149773823e-09 1.8609774743e-07
19.4 -3.37149773823e-09 1.68854648632e-07
19.5 -3.37149773823e-09 1.53309779316e-07
19.6 -3.37149773823e-09 1.39453368918e-07
19.7 -3.37149773823e-09 1.26825410459e-07
19.8 -3.37149773823e-09 1.1517407978e-07
19.9 -3.37149773823e-09 1.04499376882e-07
20 -3.37149773823e-09 9.48013017658e-08
