"Time" "Prey" "Predator"
0 0.000492570313158 1.28284495297
0.1 0.000447438394778 1.160821323
0.2 0.00041278508096 1.05040068233
0.3 0.000386186245316 0.950480191552
0.4 0.000365905698856 0.860062173668
0.5 0.000350687739399 0.778243540712
0.6 0.000339614220221 0.70420804992
0.7 0.000331995145346 0.637215071805
0.8 0.000327317398708 0.57659486846
0.9 0.000325194776577 0.521740638445
1 0.000325344506511 0.472104931884
1.1 0.000327565253189 0.427193650644
1.2 0.000331696017165 0.386556057635
1.3 0.000337586570155 0.349781460052
1.4 0.000345189184313 0.316505525703
1.5 0.000354465049724 0.286396496723
1.6 0.000365379966223 0.259151707866
1.7 0.000377934788046 0.234498894488
1.8 0.000392145900564 0.212191504406
1.9 0.000408044730135 0.192006518237
2 0.000425677031758 0.173741985722
2.1 0.00044510149904 0.157215113604
2.2 0.000466389346096 0.142260627524
2.3 0.00048962368365 0.128729027173
2.4 0.000514898611372 0.116484729169
2.5 0.000542320220477 0.105405403797
2.6 0.000572005651963 0.0953800814443
2.7 0.000604083996259 0.0863086056888
2.8 0.000638695976029 0.0781001216255
2.9 0.000675994858445 0.0706726175546
3 0.000716146485557 0.0639516911365
3.1 0.000759330281191 0.0578701963562
3.2 0.000805739531679 0.0523672244978
3.3 0.000855582490816 0.0473877969104
3.4 0.000909082899256 0.0428820568836
3.5 0.000966481292412 0.0388050542873
3.6 0.0010280353757 0.0351158637789
3.7 0.00109402166161 0.031777530491
3.8 0.00116473677632 0.0287568078692
3.9 0.00124049795616 0.0260233515702
4 0.00132164552851 0.0235499451164
4.1 0.00140854336355 0.0213118098981
4.2 0.00150158100093 0.0192865311527
4.3 0.00160117559487 0.0174539303014
4.4 0.00170777278898 0.0157955799236
4.5 0.00182185010269 0.0142949691596
4.6 0.00194391773746 0.0129370754336
4.7 0.00207452142413 0.0117082981283
4.8 0.00221424528941 0.0105964020656
4.9 0.0023637131281 0.00959022096762
5 0.00252359343686 0.00867977463258
5.1 0.00269459979279 0.00785594170034
5.2 0.00287749364617 0.00711034781075
5.3 0.00307309221287 0.00643561673257
5.4 0.00328226845441 0.00582505721663
5.5 0.00350595324653 0.00527250173618
5.6 0.00374514449412 0.00477245571066
5.7 0.00400090949034 0.00431997453807
5.8 0.00427438593793 0.00391049237336
5.9 0.00456679199054 0.00353990971098
6 0.00487943237288 0.00320457371103
6.1 0.0052136974047 0.00290109725132
6.2 0.00557107398031 0.00262641864815
6.3 0.00595315678209 0.00237784862772
6.4 0.00636164489509 0.00215289322131
6.5 0.00679835369308 0.00194928505215
6.6 0.00726523136087 0.00176502471351
6.7 0.00776435430451 0.00159826766672
6.8 0.00829793958986 0.00144732863478
6.9 0.00886836820684 0.00131073075267
7 0.00947817787842 0.0011871097081
7.1 0.0101300737256 0.00107520224087
7.2 0.0108269563453 0.000973890498138
7.3 0.011571934773 0.000882194741493
7.4 0.0123683180417 0.000799195683254
7.5 0.0132196388654 0.000724053503368
7.6 0.0141296966304 0.000656038370798
7.7 0.0151025400842 0.000594476258124
7.8 0.0161424847116 0.000538743479806
7.9 0.0172541559288 0.000488284459519
8 0.0184425120309 0.000442609461426
8.1 0.0197128303277 0.000401258519696
8.2 0.0210707441768 0.000363809739625
8.3 0.0225223124333 0.000329902064043
8.4 0.0240739924499 0.000299201927913
8.5 0.0257326666153 0.000271401060076
8.6 0.0275057098994 0.00024622383452
8.7 0.029401030486 0.000223426564085
8.8 0.0314270447712 0.00020278154246
8.9 0.0335927363052 0.000184079890207
9 0.0359077671098 0.000167141533207
9.1 0.0383824358184 0.000151800025418
9.2 0.0410277180371 0.00013790087419
9.3 0.0438553698605 0.000125306119326
9.4 0.0468780069075 0.000113895951562
9.5 0.0501090523485 0.000103557738155
9.6 0.0535628294521 9.4188292479e-05
9.7 0.0572547418668 8.56976789126e-05
9.8 0.0612012190415 7.8003383201e-05
9.9 0.0654197674341 7.10288177927e-05
10 0.0699291237316 6.47050741724e-05
10.1 0.0747494110318 5.89725484463e-05
10.2 0.0799020393108 5.37750663509e-05
10.3 0.0854098481531 4.90609444184e-05
10.4 0.0912973917663 4.47854416631e-05
10.5 0.0975908796691 4.09078362224e-05
10.6 0.104318234163 3.73903185223e-05
10.7 0.111509319375 3.41986839152e-05
10.8 0.119196230419 3.13031664223e-05
10.9 0.127413117275 2.86758771271e-05
11 0.136196401705 2.62910845693e-05
11.1 0.145585221433 2.41264450796e-05
11.2 0.155621388294 2.2161763492e-05
11.3 0.166349437204 2.03782131366e-05
11.4 0.177816971704 1.87587107439e-05
11.5 0.190075176113 1.72885357296e-05
11.6 0.203178522654 1.59539216879e-05
11.7 0.21718509516 1.47421899351e-05
11.8 0.232157272367 1.36422197499e-05
11.9 0.248161757088 1.26440269981e-05
12 0.265269580179 1.17383090689e-05
12.1 0.283556627419 1.09166059709e-05
12.2 0.303104517859 1.0171699619e-05
12.3 0.32400014152 9.49686644886e-06
12.4 0.346336132434 8.88592779831e-06
12.5 0.370211905389 8.33348344607e-06
12.6 0.395733872919 7.83477393899e-06
12.7 0.423015324672 7.3853963685e-06
12.8 0.452177240057 6.98138942679e-06
12.9 0.483349757398 6.61945179122e-06
13 0.516671480038 6.29658752649e-06
13.1 0.552290150428 6.01011377529e-06
13.2 0.590364199651 5.75781297531e-06
13.3 0.63106339095 5.5379163775e-06
13.4 0.674568412391 5.3489002087e-06
13.5 0.721072145269 5.18957194312e-06
13.6 0.770782070954 5.05930556345e-06
13.7 0.82391928713 4.95778846773e-06
13.8 0.880719436602 4.8850438464e-06
13.9 0.941434766178 4.84164979026e-06
14 1.00633586884 4.82890865838e-06
14.1 1.07571115347 4.84862223639e-06
14.2 1.14986915422 4.90350169064e-06
14.3 1.22913983043 4.99731633133e-06
14.4 1.31387507571 5.13475678509e-06
14.5 1.40445174106 5.32248679483e-06
14.6 1.50127289849 5.56929811357e-06
14.7 1.60476837668 5.88591030517e-06
14.8 1.71539861535 6.28782870846e-06
14.9 1.83365576398 6.79519911675e-06
15 1.96006479387 7.43288543223e-06
15.1 2.09518820444 8.23891571951e-06
15.2 2.23962688328 9.26260956446e-06
15.3 2.39402192275 1.05666335385e-05
15.4 2.55906040926 1.22545573828e-05
15.5 2.73547594095 1.44607113421e-05
15.6 2.92405136885 1.73641409152e-05
15.7 3.12562566228 2.12893155742e-05
15.8 3.34109410771 2.66562073333e-05
15.9 3.57141219568 3.40676267463e-05
16 3.81760323871 4.47297581919e-05
16.1 4.08075850214 6.01956724469e-05
16.2 4.36204169023 8.27668025962e-05
16.3 4.66269558236 0.000117668387431
16.4 4.98404285206 0.000172408777064
16.5 5.32748703954 0.000261230355907
16.6 5.69450950654 0.000410096026316
16.7 6.08665550639 0.000669142610241
16.8 6.50550054952 0.00113697831112
16.9 6.95256544087 0.00201666128024
17 7.42911363458 0.00374481543033
17.1 7.93565271304 0.00730498707926
17.2 8.47068844049 0.0150108328099
17.3 9.02744295666 0.0325781345428
17.4 9.58495653667 0.0747734888965
17.5 10.0835163275 0.181063519969
17.6 10.3598217648 0.456707808323
17.7 10.0146147367 1.15342578507
17.8 8.39255232998 2.65414721417
17.9 5.45907988416 4.83119296187
18 2.7055449386 6.51973616895
18.1 1.15455936951 7.08592969987
18.2 0.482508001761 6.92405808455
18.3 0.210790749017 6.47306891084
18.4 0.0984442147537 5.94363126669
18.5 0.0493566409674 5.41616991502
18.6 0.0265000410668 4.91869835956
18.7 0.0151656029783 4.45962420639
18.8 0.00920253070258 4.04003226769
18.9 0.00589042160038 3.65827574319
19 0.00395783983371 3.31174783192
19.1 0.0027789313115 2.9975890879
19.2 0.00203068094769 2.71297570953
19.3 0.001538480196 2.45523599718
19.4 0.0012043366558 2.22189177911
19.5 0.000971224147039 2.01066806624
19.6 0.000804451834182 1.81948841243
19.7 0.000682660341243 1.64646312441
19.8 0.000592165424929 1.48987608732
19.9 0.000523966132883 1.34817067024
20 0.000472042524867 1.21993590794
