"Time" "Prey" "Predator"
0 3.60305984651e-05 2.00006640933
0.1 2.98835808451e-05 1.80974252739
0.2 2.53907262378e-05 1.63752811551
0.3 2.20496466992e-05 1.48170074535
0.4 1.95293094662e-05 1.34070074656
0.5 1.76089237578e-05 1.21311757249
0.6 1.61372365e-05 1.09767586045
0.7 1.50068099624e-05 0.993219550848
0.8 1.41416834075e-05 0.898703059724
0.9 1.34870153576e-05 0.813179633687
1 1.30042955784e-05 0.735796670227
1.1 1.26665554011e-05 0.665780506833
1.2 1.24438075438e-05 0.602424423119
1.3 1.23211670314e-05 0.545095633257
1.4 1.22911249148e-05 0.493223977245
1.5 1.23416095295e-05 0.446288277957
1.6 1.2466083903e-05 0.403818867578
1.7 1.26599347813e-05 0.365390847206
1.8 1.29196299385e-05 0.3306197716
1.9 1.324295018e-05 0.299157598039
2 1.3628655651e-05 0.270689384576
2.1 1.40763520197e-05 0.24493028717
2.2 1.45863666751e-05 0.221622571092
2.3 1.51596044706e-05 0.200532746658
2.4 1.57975914516e-05 0.181449906393
2.5 1.65023293904e-05 0.16418297331
2.6 1.72763157781e-05 0.148559207576
2.7 1.81224915293e-05 0.134422223368
2.8 1.90442408092e-05 0.121630525396
2.9 2.00453802616e-05 0.110056116998
3 2.11301561096e-05 0.0995831235093
3.1 2.23032542631e-05 0.0901067798964
3.2 2.35698016436e-05 0.0815321913219
3.3 2.4935388978e-05 0.0737736160163
3.4 2.6406076091e-05 0.066753317975
3.5 2.79884172355e-05 0.0604009266873
3.6 2.96894954349e-05 0.0546529750916
3.7 3.15169472699e-05 0.0494521861742
3.8 3.34789672224e-05 0.0447463029329
3.9 3.55843722791e-05 0.0404882977138
4 3.78426214818e-05 0.0366354958976
4.1 4.02638608664e-05 0.0331493117447
4.2 4.28589683488e-05 0.0299948512814
4.3 4.56396002171e-05 0.0271405509366
4.4 4.86182408937e-05 0.024557906808
4.5 5.18082561185e-05 0.0222210379707
4.6 5.52239505975e-05 0.0201065412575
4.7 5.8880636048e-05 0.0181932531579
4.8 6.27946929575e-05 0.0164620276946
4.9 6.6983647798e-05 0.0148955373027
5 7.14662487024e-05 0.0134780941484
5.1 7.62625414741e-05 0.0121955684554
5.2 8.13939792457e-05 0.0110351193304
5.3 8.6883489321e-05 0.00998510737738
5.4 9.27555775754e-05 0.00903499768048
5.5 9.90364889357e-05 0.0081753195063
5.6 0.000105754236507 0.00739743033373
5.7 0.000112938797637 0.00669354494807
5.8 0.000120622239649 0.00605665441588
5.9 0.000128838791392 0.00548035303307
6 0.000137625115628 0.00495890201336
6.1 0.000147020367204 0.00448707843433
6.2 0.000157066383303 0.00406013493282
6.3 0.000167807968832 0.00367383050888
6.4 0.000179292931209 0.00332428022759
6.5 0.000191572483801 0.00300800626534
6.6 0.000204701366752 0.00272186306575
6.7 0.000218737926186 0.00246294488012
6.8 0.000233744501971 0.00222860502431
6.9 0.00024978814342 0.00201657150628
7 0.000266940234435 0.00182472363844
7.1 0.000285276889426 0.00165110689394
7.2 0.000304879819179 0.00149400008092
7.3 0.000325836431232 0.00135186093223
7.4 0.000348239810578 0.00122325337878
7.5 0.000372189411385 0.00110686900774
7.6 0.00039779216927 0.0010015740136
7.7 0.000425161939052 0.000906309716045
7.8 0.000454420115828 0.00082009618443
7.9 0.00048569702034 0.000742076931169
8 0.000519132057959 0.000671488299423
8.1 0.000554873682666 0.000607617062759
8.2 0.000593081429355 0.000549801227169
8.3 0.000633923178112 0.000497515767402
8.4 0.000677582970627 0.000450201798175
8.5 0.000724253824083 0.000407385105568
8.6 0.000774144754805 0.000368645898219
8.7 0.000827478984181 0.000333600938825
8.8 0.000884492526092 0.000301889475265
8.9 0.000945435184056 0.000273183105583
9 0.00101058084899 0.000247190263778
9.1 0.00108022515519 0.000223655198737
9.2 0.00115467459158 0.000202353230984
9.3 0.00123425214254 0.000183093209877
9.4 0.0013193118192 0.000165685755053
9.5 0.00141024534741 0.000149928639901
9.6 0.00150745350057 0.000135669444131
9.7 0.00161135851073 0.000122778429105
9.8 0.00172241824545 0.000111132044219
9.9 0.00184114657798 0.000100589422231
10 0.00196806839615 9.10442933876e-05
10.1 0.00210373610832 8.24059397065e-05
10.2 0.00224874313217 7.4592612228e-05
10.3 0.00240376110483 6.75151683524e-05
10.4 0.00256947800382 6.11042823653e-05
10.5 0.0027466163753 5.53024297939e-05
10.6 0.00293594768323 5.00589443291e-05
10.7 0.00313835338376 4.53104202288e-05
10.8 0.00335473685458 4.10089724907e-05
10.9 0.00358604235965 3.71161514298e-05
11 0.0038332626402 3.36005105318e-05
11.1 0.00409751480846 3.04246998573e-05
11.2 0.00438002097354 2.75487608237e-05
11.3 0.00468202419416 2.49444194213e-05
11.4 0.00500483340774 2.25874454985e-05
11.5 0.0053498466123 2.04564121481e-05
11.6 0.00571867934185 1.8525820157e-05
11.7 0.0061129817218 1.67758885586e-05
11.8 0.00653447644824 1.51905221112e-05
11.9 0.00698497515272 1.37564358213e-05
12 0.00746651137153 1.24589257485e-05
12.1 0.00798131183045 1.12827823157e-05
12.2 0.00853164187395 1.02172065597e-05
12.3 0.00911988684597 9.25322174864e-06
12.4 0.00974859292432 8.3829192035e-06
12.5 0.0104207032892 7.59509645259e-06
12.6 0.0111392260158 6.88139099155e-06
12.7 0.011907300378 6.23505570706e-06
12.8 0.0127282277194 5.65038873447e-06
12.9 0.0136057099171 5.12132966476e-06
13 0.0145438077028 4.64170489942e-06
13.1 0.015546649683 4.20694059794e-06
13.2 0.0166185833073 3.813173953e-06
13.3 0.0177642466164 3.45702769064e-06
13.4 0.018989001338 3.13424887095e-06
13.5 0.0202983314091 2.84159930259e-06
13.6 0.0216979581342 2.57649360663e-06
13.7 0.0231938983168 2.33681651212e-06
13.8 0.0247928233847 2.12019631701e-06
13.9 0.0265020749927 1.92397332278e-06
14 0.0283292023095 1.74613593931e-06
14.1 0.0302821981905 1.58488940865e-06
14.2 0.0323699150576 1.4386392095e-06
14.3 0.0346016945997 1.30600581698e-06
14.4 0.0369873103501 1.18582699146e-06
14.5 0.0395372100471 1.07706642793e-06
14.6 0.0422630611891 9.78504591919e-07
14.7 0.045176948541 8.89193489694e-07
14.8 0.0482915820986 8.08338815707e-07
14.9 0.0516208181365 7.35153039488e-07
15 0.0551798142366 6.688155541e-07
15.1 0.0589842413258 6.08675229376e-07
15.2 0.0630506550051 5.5416113626e-07
15.3 0.0673973423648 5.04728258806e-07
15.4 0.0720437946204 4.59891144816e-07
15.5 0.0770104796805 4.19238083282e-07
15.6 0.0823196535834 3.82368962798e-07
15.7 0.0879949954864 3.48924577651e-07
15.8 0.0940614182448 3.18602617574e-07
15.9 0.100546101998 2.91103371318e-07
16 0.107478018873 2.66152549344e-07
16.1 0.114887610586 2.43517469752e-07
16.2 0.122808056556 2.22977352292e-07
16.3 0.131274763156 2.04332678592e-07
16.4 0.14032492194 1.8741338617e-07
16.5 0.149999032492 1.72056271503e-07
16.6 0.160340359516 1.58112630001e-07
16.7 0.171394327294 1.4545686452e-07
16.8 0.183210176934 1.33969520091e-07
16.9 0.195840726171 1.23539498058e-07
17 0.209341890154 1.14070111524e-07
17.1 0.223774079763 1.0547233924e-07
17.2 0.239201083178 9.76686416861e-08
17.3 0.255691642166 9.05869953835e-08
17.4 0.273319224202 8.41617912934e-08
17.5 0.292161740981 7.83356982929e-08
17.6 0.312303581152 7.30546632638e-08
17.7 0.333833589929 6.82721758721e-08
17.8 0.356848335914 6.3944485938e-08
17.9 0.381449746841 6.00337732939e-08
18 0.407746624023 5.65063387922e-08
18.1 0.435856410657 5.3331224272e-08
18.2 0.465903995833 5.04811060425e-08
18.3 0.49802284748 4.79320005545e-08
18.4 0.532355810484 4.5663457519e-08
18.5 0.569055817059 4.36567038729e-08
18.6 0.608286127864 4.18965595559e-08
18.7 0.650221040186 4.03709341727e-08
18.8 0.695046806096 3.90698112273e-08
18.9 0.742962909815 3.79864114239e-08
19 0.79418235857 3.71166027983e-08
19.1 0.848932650399 3.64591448603e-08
19.2 0.907457532948 3.60169251143e-08
19.3 0.970017058975 3.57960518734e-08
19.4 1.0368892811 3.58073485153e-08
19.5 1.10837182825 3.60677213952e-08
19.6 1.18478218095 3.65992193293e-08
19.7 1.26646022263 3.74337467944e-08
19.8 1.353769319 3.8613527231e-08
19.9 1.44709730173 4.01912433462e-08
20 1.54685879248 4.22378369326e-08
