"Time" "Prey" "Predator"
0 0.931359779981 8.98867052872
0.1 0.306380773807 8.6015268696
0.2 0.108647020938 7.93174790508
0.3 0.0422816364209 7.22719828666
0.4 0.0180391628039 6.55794064869
0.5 0.0083857654102 5.94130217282
0.6 0.00421697826665 5.37915343965
0.7 0.00227780806618 4.86878320853
0.8 0.00131272872421 4.40622477341
0.9 0.000802274372533 3.98732844155
1 0.000517149878227 3.60811718111
1.1 0.000349744742718 3.26489864863
1.2 0.000247064191047 2.95428943928
1.3 0.000181542588439 2.67320829138
1.4 0.000138284925779 2.41885702289
1.5 0.000108690967502 2.18869863757
1.6 8.79823274841e-05 1.98043523968
1.7 7.31439418293e-05 1.79198576681
1.8 6.22771145163e-05 1.6214662559
1.9 5.41951240417e-05 1.46717155999
2 4.81071614114e-05 1.32755882026
2.1 4.34829010363e-05 1.20123139757
2.2 3.9911670816e-05 1.08692374373
2.3 3.71678429843e-05 0.983493067581
2.4 3.50706818282e-05 0.889904603465
2.5 3.34868420512e-05 0.805221864168
2.6 3.23190456088e-05 0.728597318457
2.7 3.14971391762e-05 0.659264370072
2.8 3.09689446944e-05 0.59652955775
2.9 3.06910279731e-05 0.539764062129
3 3.06286993143e-05 0.488399374799
3.1 3.07663242025e-05 0.441922540995
3.2 3.10958463089e-05 0.399869476357
3.3 3.15968843789e-05 0.361818276338
3.4 3.22582953284e-05 0.327387694047
3.5 3.3078041688e-05 0.296233474857
3.6 3.40543682258e-05 0.268043955737
3.7 3.51850284499e-05 0.242537036553
3.8 3.64708405334e-05 0.219457455965
3.9 3.79144944414e-05 0.198574077978
4 3.95198306818e-05 0.179677870862
4.1 4.12920809209e-05 0.162579890216
4.2 4.32375413539e-05 0.147108995493
4.3 4.53636076254e-05 0.13311032231
4.4 4.7678813585e-05 0.120443753026
4.5 5.01927860689e-05 0.108982525686
4.6 5.29161836153e-05 0.0986118813153
4.7 5.58608248277e-05 0.0892281546605
4.8 5.90396028382e-05 0.0807374321162
4.9 6.24665294388e-05 0.0730546752736
5 6.6156833582e-05 0.0661030467573
5.1 7.01269712778e-05 0.059812901364
5.2 7.43947132167e-05 0.054121333207
5.3 7.89791945745e-05 0.0489713724785
5.4 8.39009943996e-05 0.0443114614788
5.5 8.91822278633e-05 0.040095024033
5.6 9.48466241069e-05 0.0362798100064
5.7 0.000100919634813 0.0328276533026
5.8 0.000107428544128 0.0297039956723
5.9 0.000114402585178 0.0268775680696
6 0.00012187306521 0.0243201182978
6.1 0.000129873505309 0.0220060216058
6.2 0.00013843978177 0.0199121371966
6.3 0.000147610290241 0.0180175061804
6.4 0.000157426111597 0.0163031577027
6.5 0.000167931189748 0.0147519489882
6.6 0.000179172537912 0.0133483402818
6.7 0.000191200429121 0.0120782954089
6.8 0.000204068643201 0.0109291124174
6.9 0.000217834676724 0.00988927524678
7 0.000232560019425 0.00894838574989
7.1 0.000248310437728 0.00809701014462
7.2 0.000265156216834 0.00732664765121
7.3 0.000283172510604 0.00662961621494
7.4 0.000302439747531 0.00599892603489
7.5 0.000323043778692 0.00542824851426
7.6 0.000345076417401 0.00491186213646
7.7 0.000368635995974 0.00444462988342
7.8 0.00039382737898 0.00402184250869
7.9 0.000420762764335 0.00363925664529
8 0.000449562296396 0.00329308639738
8.1 0.000480354077023 0.00297984739492
8.2 0.000513275226567 0.00269640580089
8.3 0.000548472485727 0.00243994811714
8.4 0.000586102328736 0.00220788444997
8.5 0.00062633231566 0.00199789527751
8.6 0.000669341662027 0.00180789499979
8.7 0.000715321501898 0.00163596419517
8.8 0.000764476760153 0.00148039673294
8.9 0.000817026397753 0.00133964760972
9 0.000873203744715 0.00121228573476
9.1 0.000933258191788 0.00109701109792
9.2 0.000997457930962 0.000992708396537
9.3 0.00106608840494 0.000898333378394
9.4 0.00113945401322 0.000812924862484
9.5 0.00121788167264 0.00073563875504
9.6 0.00130172084227 0.000665714320106
9.7 0.00139134373629 0.000602443966387
9.8 0.00148714817685 0.000545184439995
9.9 0.00158956182393 0.000493378886307
10 0.00169903989727 0.000446505958911
10.1 0.00181606783153 0.000404083841835
10.2 0.00194116698212 0.000365692997171
10.3 0.00207489466454 0.000330956876019
10.4 0.00221784446149 0.000299524593622
10.5 0.00237065414961 0.000271071600398
10.6 0.00253399602639 0.000245338317373
10.7 0.00270860506733 0.000222050585671
10.8 0.00289525336046 0.00020097461686
10.9 0.00309477916698 0.000181905671113
11 0.00330807585096 0.000164654925077
11.1 0.00353608744768 0.000149044214889
11.2 0.00377981287533 0.000134911032261
11.3 0.00404032895571 0.000122109812248
11.4 0.00431883947183 0.000110514677526
11.5 0.00461657879712 0.000100014047425
11.6 0.00493484473286 9.0512474852e-05
11.7 0.00527500500284 8.19300057855e-05
11.8 0.00563862370148 7.4169707939e-05
11.9 0.00602735846955 6.71440755938e-05
12 0.00644291545299 6.07865959736e-05
12.1 0.00688709031849 5.50412166228e-05
12.2 0.00736182781578 4.98547014809e-05
12.3 0.00786935465245 4.51595783912e-05
12.4 0.00841192311751 4.09070411737e-05
12.5 0.00899189722008 3.70558950112e-05
12.6 0.00961176733348 3.35711557107e-05
12.7 0.0102743828738 3.04145864997e-05
12.8 0.0109827674724 2.75522150966e-05
12.9 0.0117400305306 2.49579308391e-05
13 0.0125494446063 2.26103373065e-05
13.1 0.0134145512275 2.04892118593e-05
13.2 0.0143394078359 1.85672430026e-05
13.3 0.015328119529 1.68256980975e-05
13.4 0.0163849941327 1.5249234694e-05
13.5 0.0175145689386 1.3825173252e-05
13.6 0.0187220328128 1.25371139554e-05
13.7 0.0200128990094 1.13698844719e-05
13.8 0.021392834347 1.03121231617e-05
13.9 0.0228678031794 9.35410193343e-06
14 0.0244442234729 8.48700503203e-06
14.1 0.0261293926962 7.70096105553e-06
14.2 0.027930805351 6.9881965584e-06
14.3 0.0298563525202 6.34211396679e-06
14.4 0.0319146379297 5.7564731476e-06
14.5 0.0341149812232 5.2253835443e-06
14.6 0.0364670576005 4.744169766e-06
14.7 0.038981102765 4.30887821788e-06
14.8 0.0416685395183 3.91475406873e-06
14.9 0.0445414074748 3.55762741459e-06
15 0.0476122905162 3.23408961136e-06
15.1 0.0508946513297 2.94106374481e-06
15.2 0.0544035065423 2.6754120683e-06
15.3 0.0581544084105 2.43452810741e-06
15.4 0.0621637196236 2.21617687307e-06
15.5 0.066449205915 2.01827012263e-06
15.6 0.0710302620671 1.8387847448e-06
15.7 0.0759271109963 1.67605198626e-06
15.8 0.0811615146728 1.52852123633e-06
15.9 0.0867569801435 1.39469631629e-06
16 0.0927381317052 1.2733295456e-06
16.1 0.0991314977101 1.1632670663e-06
16.2 0.105965854752 1.06339837105e-06
16.3 0.113271295216 9.72792647676e-07
16.4 0.121080208648 8.90593989586e-07
16.5 0.129427752816 8.15981451781e-07
16.6 0.138350697481 7.48266753389e-07
16.7 0.147888583915 6.86817960629e-07
16.8 0.158084362742 6.31024415568e-07
16.9 0.168982953131 5.80375674512e-07
17 0.180632504009 5.34407670389e-07
17.1 0.193085336194 4.92670485978e-07
17.2 0.206396541443 4.54777709594e-07
17.3 0.220625604402 4.20373276364e-07
17.4 0.235835651757 3.89142421273e-07
17.5 0.252094090095 3.6080230757e-07
17.6 0.269473659904 3.35086496444e-07
17.7 0.288051093288 3.11765643637e-07
17.8 0.307909453777 2.90624792287e-07
17.9 0.329136877191 2.7147390417e-07
18 0.351827444466 2.54143763069e-07
18.1 0.376082744871 2.38476928315e-07
18.2 0.402009735853 2.24339494622e-07
18.3 0.4297240037 2.11607969292e-07
18.4 0.459348851664 2.00172387693e-07
18.5 0.491015841801 1.89935336872e-07
18.6 0.524865755063 1.80814610296e-07
18.7 0.561049312468 1.72735345515e-07
18.8 0.599727612824 1.65633711968e-07
18.9 0.641072485885 1.59461060662e-07
19 0.68526758044 1.54175975908e-07
19.1 0.732509459132 1.49748974773e-07
19.2 0.783008259632 1.46161986702e-07
19.3 0.836988231894 1.43407228141e-07
19.4 0.894689619803 1.41492666241e-07
19.5 0.956368969036 1.40439698947e-07
19.6 1.02230026712 1.4028560941e-07
19.7 1.09277700048 1.41092264033e-07
19.8 1.16811233171 1.42941550262e-07
19.9 1.24864107074 1.45947495277e-07
20 1.33472167007 1.50269053102e-07
