"Time" "Prey" "Predator"
0 1.01369295845 5.42423469438
0.1 0.529057303201 5.28722336761
0.2 0.284967847669 4.97591301096
0.3 0.160815931668 4.60075275644
0.4 0.0955131809091 4.21521461805
0.5 0.0596761989266 3.84313587536
0.6 0.0391232581951 3.49431665321
0.7 0.0268229840293 3.17207178092
0.8 0.0191625414497 2.87673338687
0.9 0.0142149572888 2.60727882782
1 0.010912665718 2.36210418052
1.1 0.00864280155326 2.13939654087
1.2 0.00704150796449 1.93731611052
1.3 0.00588602315404 1.75408429769
1.4 0.00503601980001 1.58802476338
1.5 0.00440058214505 1.43758021948
1.6 0.00391947516299 1.30131619872
1.7 0.00355187751199 1.17791858859
1.8 0.00326950384254 1.06618780346
1.9 0.00305256928824 0.965031202488
2 0.00288685436742 0.873455389656
2.1 0.00276206558608 0.790558144484
2.2 0.00267063936632 0.715520748336
2.3 0.00260695221937 0.647600674769
2.4 0.00256681445327 0.586124817704
2.5 0.00254708966032 0.530483206435
2.6 0.00254542896053 0.480123221276
2.7 0.00256006679432 0.434544304015
2.8 0.00258967922037 0.393293110547
2.9 0.00263341657706 0.355959207981
3 0.00269059919861 0.322170863526
3.1 0.00276084258573 0.291591640478
3.2 0.00284395581518 0.263916918878
3.3 0.00293987003049 0.238870887167
3.4 0.00304870910419 0.216204019511
3.5 0.00317067865823 0.195690256622
3.6 0.0033061292316 0.177125194955
3.7 0.00345549580181 0.16032364351
3.8 0.00361932039841 0.14511812467
3.9 0.00379823448579 0.13135698727
4 0.00399295899577 0.118902987356
4.1 0.00420430674604 0.107631961798
4.2 0.00443317647499 0.0974314532522
4.3 0.0046805604805 0.088199787972
4.4 0.00494754080892 0.0798448290434
4.5 0.00523529790131 0.0722833407066
4.6 0.00554511025283 0.0654399224332
4.7 0.00587835901299 0.0592462893318
4.8 0.00623653532996 0.0536407425052
4.9 0.00662124393394 0.0485673389939
5 0.00703421102211 0.0439755403724
5.1 0.00747729067991 0.0398195829277
5.2 0.00795247254115 0.0360580255506
5.3 0.00846189057981 0.0326534349039
5.4 0.00900783192814 0.0295718558629
5.5 0.00959274672212 0.0267826073277
5.6 0.0102192590055 0.0242579148068
5.7 0.0108901781653 0.0219726272214
5.8 0.011608510865 0.0199040267316
5.9 0.0123774749641 0.0180315074914
6 0.013200512897 0.0163364507487
6.1 0.014081307404 0.0148020039516
6.2 0.0150237979203 0.0134128998421
6.3 0.0160321971781 0.0121553482157
6.4 0.0171110112811 0.0110168451569
6.5 0.0182650579162 0.00998608694236
6.6 0.0194994903946 0.00905286139586
6.7 0.0208198170107 0.00820788882748
6.8 0.0222319281073 0.00744280211656
6.9 0.0237421235275 0.00675000348601
7 0.0253571361976 0.00612264052556
7.1 0.0270841614926 0.00555453502271
7.2 0.0289309030497 0.00504006143121
7.3 0.0309055872553 0.00457412431463
7.4 0.033016997856 0.00415209793741
7.5 0.035274552193 0.0037698445819
7.6 0.0376883025563 0.00342359248819
7.7 0.0402689764751 0.00310989078993
7.8 0.0430280796716 0.00282568539189
7.9 0.0459778948622 0.00256819399031
8 0.0491315270356 0.00233486558709
8.1 0.0525030298625 0.0021234330763
8.2 0.0561074089112 0.00193183125934
8.3 0.0599606721041 0.0017581624046
8.4 0.0640799843736 0.00160074493921
8.5 0.0684836772544 0.00145805025223
8.6 0.0731913057978 0.0013286728206
8.7 0.0782238551953 0.00121137199853
8.8 0.0836037271315 0.00110501683655
8.9 0.0893547922444 0.00100855869988
9 0.0955025681625 0.000921045611537
9.1 0.102074511 0.000841665515203
9.2 0.10909983004 0.000769654551612
9.3 0.116609667656 0.000704308363584
9.4 0.124637461091 0.000645006981269
9.5 0.133218994497 0.000591196718433
9.6 0.14239236126 0.000542359991604
9.7 0.152198231714 0.000498022791266
9.8 0.162680370934 0.000457777935843
9.9 0.173885394943 0.000421246746431
10 0.185862985403 0.000388077793625
10.1 0.198666368491 0.000357957938444
10.2 0.212352670761 0.000330616181039
10.3 0.226982661914 0.000305797048262
10.4 0.242621172218 0.000283266333745
10.5 0.259337931706 0.000262821021153
10.6 0.277207346335 0.000244276012122
10.7 0.296308679107 0.00022745968191
10.8 0.31672668513 0.000212217137217
10.9 0.33855250368 0.00019841630175
11 0.361883092897 0.000185933469974
11.1 0.386821833426 0.000174655245275
11.2 0.413479763829 0.000164484050289
11.3 0.441975651712 0.000155334113068
11.4 0.472435940529 0.000147126449796
11.5 0.50499565193 0.000139790679493
11.6 0.539800081592 0.000133269494497
11.7 0.577003944859 0.000127511656685
11.8 0.616772141296 0.000122472277768
11.9 0.659281404698 0.000118116012343
12 0.704721306824 0.000114417904976
12.1 0.753293527638 0.000111358218665
12.2 0.805213209057 0.000108924473285
12.3 0.860711474879 0.000107117229232
12.4 0.920035193455 0.000105946779857
12.5 0.983447785195 0.00010543350635
12.6 1.05123132891 0.000105614623947
12.7 1.1236869176 0.000106541569816
12.8 1.20113586991 0.000108282778641
12.9 1.28392272971 0.000110940694378
13 1.37241514441 0.000114643621284
13.1 1.46700548369 0.000119554490721
13.2 1.5681143234 0.000125910787835
13.3 1.67619033075 0.000134003981862
13.4 1.79171238392 0.000144207459048
13.5 1.91519356803 0.000157082044815
13.6 2.04718101952 0.000173314734317
13.7 2.18825861734 0.000193814806776
13.8 2.33905141376 0.000220022505248
13.9 2.50022554273 0.000253708916165
14 2.67249128999 0.000297344815927
14.1 2.85660704848 0.000355114073732
14.2 3.05338007613 0.000432187026438
14.3 3.26366875752 0.000535984374451
14.4 3.48838285293 0.000679597254447
14.5 3.7284833462 0.000882767210548
14.6 3.98498007034 0.00117478313363
14.7 4.25891984037 0.00160523355096
14.8 4.55136686996 0.0022571663079
14.9 4.86336670824 0.00326977877073
15 5.19585876608 0.00489269516921
15.1 5.54952604449 0.00757591827898
15.2 5.92446864556 0.0121652676052
15.3 6.31953690549 0.0203018020601
15.4 6.73091342356 0.0352753271685
15.5 7.14902433044 0.0638940603838
15.6 7.55174859056 0.120610608036
15.7 7.88977787671 0.236399652138
15.8 8.05799103721 0.475795093588
15.9 7.85623894734 0.958052811734
16 7.00632731407 1.83440581445
16.1 5.40487954732 3.10381647225
16.2 3.49710059248 4.38037884213
16.3 1.96287798117 5.18192764048
16.4 1.02929172194 5.42046530398
16.5 0.53722185514 5.28963777056
16.6 0.289212792681 4.98116191672
16.7 0.163087307265 4.60705125948
16.8 0.0967785502468 4.2217089983
16.9 0.0604153780583 3.84943198083
17 0.0395752710132 3.50024523445
17.1 0.0271121260722 3.1775690946
17.2 0.0193556456873 2.88178701529
17.3 0.0143488700713 2.61190131587
17.4 0.011008965466 2.36631891828
17.5 0.00871439204196 2.14323171468
17.6 0.00709642305977 1.94080114835
17.7 0.00592931166539 1.7572482893
17.8 0.00507096819429 1.5908954601
17.9 0.00442949028502 1.44018353298
18 0.00394391088713 1.3036762223
18.1 0.00357294803952 1.18005749546
18.2 0.00328806841197 1.06812587662
18.3 0.0030691822824 0.966787069267
18.4 0.00290188578977 0.875046064384
18.5 0.00277586747592 0.791999015287
18.6 0.00268347979497 0.716825804849
18.7 0.00261903325136 0.648782659149
18.8 0.00257831368347 0.587195294729
18.9 0.00255815213643 0.531452656776
19 0.00255616612165 0.481001159758
19.1 0.0025705880042 0.435339366372
19.2 0.0026001169891 0.394013151099
19.3 0.00264381080495 0.35661128257
19.4 0.00270099623973 0.322761360019
19.5 0.00277128475838 0.292126332003
19.6 0.00285451593579 0.264401134796
19.7 0.00295058328882 0.239309327652
19.8 0.00305963220859 0.216601046551
19.9 0.00318187858993 0.196049853999
20 0.00331764398507 0.177450798356
