"Time" "Prey" "Predator"
0 4.55319718644 1.00326616258
0.1 4.14918442855 1.40496080611
0.2 3.56632556604 1.87210041624
0.3 2.87773250341 2.33897268312
0.4 2.19185429208 2.72569657605
0.5 1.59924959185 2.97800508636
0.6 1.13927415481 3.08652585008
0.7 0.806651676501 3.07521726707
0.8 0.575457415002 2.97951127762
0.9 0.417377851507 2.83175747724
1 0.309386879069 2.65619975669
1.1 0.234981846837 2.46918564203
1.2 0.183007558183 2.28105007177
1.3 0.146107858756 2.09800879266
1.4 0.119464298295 1.9235968529
1.5 0.0999090579686 1.75965236223
1.6 0.0853376533885 1.60695918198
1.7 0.0743340747453 1.46565469842
1.8 0.0659311144583 1.33548836817
1.9 0.0594593608802 1.21598293507
2 0.0544472881972 1.10653942916
2.1 0.0505585060935 1.00650062126
2.2 0.0475497675066 0.915191995519
2.3 0.045243141175 0.83194675152
2.4 0.0435070703658 0.756121253159
2.5 0.0422433126061 0.687104058858
2.6 0.0413780180753 0.624320473857
2.7 0.0408554174231 0.567234534861
2.8 0.04063333562 0.515349321824
2.9 0.040679948727 0.468206069634
3 0.0409714119733 0.425382687449
3.1 0.0414901181333 0.38649183948
3.2 0.0422236715447 0.351178543365
3.3 0.0431634685533 0.319118504452
3.4 0.0443043504819 0.29001547595
3.5 0.0456439025445 0.263599278679
3.6 0.047182070494 0.239623696761
3.7 0.0489209061482 0.217864479114
3.8 0.0508642607544 0.198117589566
3.9 0.0530176841456 0.180197425497
4 0.0553882545918 0.163935246922
4.1 0.0579845130153 0.149177701464
4.2 0.0608164022319 0.135785473591
4.3 0.0638952211427 0.123632025987
4.4 0.0672336665357 0.112602486751
4.5 0.0708457657692 0.102592551038
4.6 0.0747469426345 0.0935075710884
4.7 0.0789540424485 0.0852616495923
4.8 0.0834853730273 0.077776848564
4.9 0.0883607772851 0.0709824829393
5 0.0936016835365 0.064814408374
5.1 0.0992312026062 0.0592144866927
5.2 0.105274200269 0.0541299569697
5.3 0.111757406694 0.0495130130881
5.4 0.118709519406 0.0453202836639
5.5 0.126161323509 0.0415124695478
5.6 0.134145820224 0.0380539361849
5.7 0.142698365092 0.0349123872176
5.8 0.151856820116 0.0320585482783
5.9 0.161661714982 0.0294658814912
6 0.172156415028 0.0271104003797
6.1 0.183387318999 0.0249703244156
6.2 0.195404052589 0.0230259130939
6.3 0.208259673873 0.021259338213
6.4 0.222010924992 0.0196544125859
6.5 0.236718458279 0.0181965017855
6.6 0.252447094585 0.0168723952052
6.7 0.269266130429 0.0156701026285
6.8 0.287249604544 0.0145788165306
6.9 0.306476624096 0.0135887910185
7 0.327031730211 0.0126912005182
7.1 0.349005217164 0.0118781208908
7.2 0.372493542425 0.0111424260938
7.3 0.397599749969 0.010477709534
7.4 0.424433863094 0.00987826140498
7.5 0.45311338828 0.0093389879441
7.6 0.48376379708 0.00885537246484
7.7 0.516519017185 0.00842345623006
7.8 0.55152203251 0.00803978957789
7.9 0.588925436642 0.00770141844253
8 0.628892035508 0.00740587334831
8.1 0.671595535956 0.00715116012724
8.2 0.717221190478 0.00693576171688
8.3 0.765966508514 0.00675865439681
8.4 0.81804200609 0.00661935127438
8.5 0.873671968189 0.00651791448231
8.6 0.933095208464 0.00645504310603
8.7 0.99656583104 0.00643219119912
8.8 1.06435412375 0.00645159975408
8.9 1.13674713746 0.00651657583661
9 1.21404942842 0.00663169594598
9.1 1.29658396275 0.0068029377834
9.2 1.38469188629 0.00703844806365
9.3 1.47873326893 0.00734882948568
9.4 1.57908743587 0.0077476623433
9.5 1.68615024585 0.00825356193714
9.6 1.80033504151 0.00889046454959
9.7 1.92207031037 0.00968954607318
9.8 2.05179069907 0.0106943888177
9.9 2.18993637357 0.0119621556927
10 2.33693658641 0.0135725839147
10.1 2.49319681721 0.0156352249271
10.2 2.65907200436 0.0183036783779
10.3 2.83482836124 0.0217957066311
10.4 3.02057571257 0.0264284435956
10.5 3.21618473967 0.0326617167948
10.6 3.42112516706 0.0411825243297
10.7 3.63423813698 0.0530240265465
10.8 3.85336328295 0.0697618328168
10.9 4.07473380319 0.0938321221248
11 4.2920567426 0.129014722799
11.1 4.49508262611 0.181175170273
11.2 4.66757029313 0.259287432069
11.3 4.78478296917 0.376583288388
11.4 4.81152468121 0.551078849794
11.5 4.70371189732 0.803480623924
11.6 4.4190039275 1.1490557087
11.7 3.94064025468 1.5816723233
11.8 3.3051019011 2.05806092979
11.9 2.60459638505 2.50257672811
12 1.94687998094 2.84099212759
12.1 1.40418222786 3.03615482019
12.2 0.996063335873 3.0941571763
12.3 0.706388092745 3.04580667232
12.4 0.506775855932 2.92646022205
12.5 0.370532205028 2.76551416167
12.6 0.277226734389 2.58396364107
12.7 0.212621842558 2.39557475148
12.8 0.167214440633 2.20887732702
12.9 0.134763901745 2.028901668
13 0.111180782682 1.85842712859
13.1 0.093766086939 1.69882160649
13.2 0.0807190274503 1.55057881463
13.3 0.0708207361544 1.4136611456
13.4 0.063234538573 1.28771446922
13.5 0.0573767197375 1.17220533295
13.6 0.0528345705538 1.06650586802
13.7 0.0493120611212 0.969948318305
13.8 0.0465940807172 0.881858897094
13.9 0.0445226905825 0.801578409113
14 0.0429802892124 0.728475352414
14.1 0.0418790384835 0.661952163799
14.2 0.0411527623899 0.601449100744
14.3 0.040751436897 0.546445474507
14.4 0.0406372443564 0.496459378792
14.5 0.0407817257191 0.451046533935
14.6 0.0411638100906 0.409798522636
14.7 0.0417677842949 0.37234109943
14.8 0.0425828863197 0.338331489535
14.9 0.0436019154109 0.307456544215
15 0.0448208265757 0.27943040711
15.1 0.046238204074 0.253992474952
15.2 0.0478548194583 0.230905306119
15.3 0.0496734692244 0.209952748043
15.4 0.0516986921729 0.190938139822
15.5 0.0539366541813 0.173682650916
15.6 0.0563950805157 0.158023846631
15.7 0.0590829437688 0.143813683389
15.8 0.0620107739146 0.130918132076
15.9 0.0651904284231 0.119215322442
16 0.06863507022 0.10859446712
16.1 0.0723593405423 0.0989553951715
16.2 0.0763791669604 0.0902067044476
16.3 0.0807120058964 0.0822659172153
16.4 0.085376742068 0.0750578637855
16.5 0.0903938366205 0.0685144987234
16.6 0.0957853866883 0.0625741727059
16.7 0.101575159078 0.0571807489503
16.8 0.107788773187 0.0522836286631
16.9 0.114453696936 0.0478366396059
17 0.121599449528 0.0437980971295
17.1 0.129257677105 0.040130183783
17.2 0.137462277958 0.0367985497493
17.3 0.146249578964 0.0337720651467
17.4 0.155658495803 0.0310227184588
17.5 0.165730669984 0.0285250702478
17.6 0.176510625682 0.0262558411291
17.7 0.188046011823 0.0241941402764
17.8 0.200387785622 0.0223209602432
17.9 0.213590431348 0.0206190967333
18 0.227712196199 0.019073025622
18.1 0.242815357945 0.0176686530775
18.2 0.258966471747 0.016393274855
18.3 0.276236666268 0.0152354064447
18.4 0.294701954785 0.0141846328857
18.5 0.314443533553 0.0132315682724
18.6 0.335548186963 0.0123677617884
18.7 0.358108594127 0.0115855958243
18.8 0.382223761422 0.0108782491561
18.9 0.407999463778 0.0102395740299
19 0.435548620645 0.00966411365934
19.1 0.46499178271 0.00914703900517
19.2 0.496457808504 0.00868404665956
19.3 0.53008409905 0.00827136474545
19.4 0.566017206866 0.00790571661776
19.5 0.604413900316 0.00758438206506
19.6 0.645441171987 0.00730506502632
19.7 0.689276987438 0.00706590882293
19.8 0.736111608018 0.00686565675391
19.9 0.78614756527 0.00670348048339
20 0.839600498097 0.00657903626682
