"Time" "Prey" "Predator"
0 0.931359779981 33.887116995
0.1 0.0125946682764 31.3090632698
0.2 0.000253204585691 28.3383252932
0.3 7.47287605083e-06 25.6417512615
0.4 3.28085869038e-07 23.2015988742
0.5 -5.90896428149e-08 20.9937095741
0.6 -5.00679372311e-08 18.9958985047
0.7 -5.00679372311e-08 17.1882026431
0.8 -5.00679372311e-08 15.5525301461
0.9 -5.00679372311e-08 14.0725009915
1 -5.00679372311e-08 12.7333228085
1.1 -5.00679372311e-08 11.5215855445
1.2 -5.00679372311e-08 10.4251589525
1.3 -5.00679372311e-08 9.43306852168
1.4 -5.00679372311e-08 8.53539502699
1.5 -5.00679372311e-08 7.72315823628
1.6 -5.00679372311e-08 6.98819820344
1.7 -5.00679372311e-08 6.32318348318
1.8 -5.00679372311e-08 5.72145412668
1.9 -5.00679372311e-08 5.17698590886
2 -5.00679372311e-08 4.68433064074
2.1 -5.00679372311e-08 4.23855800398
2.2 -5.00679372311e-08 3.83520604382
2.3 -5.00679372311e-08 3.47023831035
2.4 -5.00679372311e-08 3.14000229922
2.5 -5.00679372311e-08 2.8411921187
2.6 -5.00679372311e-08 2.5708172396
2.7 -5.00679372311e-08 2.32617219432
2.8 -5.00679372311e-08 2.1048079417
2.9 -5.00679372311e-08 1.90450927181
3 -5.00679372311e-08 1.72327167437
3.1 -5.00679372311e-08 1.55928086361
3.2 -5.00679372311e-08 1.41089592181
3.3 -5.00679372311e-08 1.27663157411
3.4 -5.00679372311e-08 1.15514395905
3.5 -5.00679372311e-08 1.04521671101
3.6 -5.00679372311e-08 0.945750953562
3.7 -5.00679372311e-08 0.855750692072
3.8 -5.00679372311e-08 0.774315315036
3.9 -5.00679372311e-08 0.700629467082
4 -5.00679372311e-08 0.633955732875
4.1 -5.00679372311e-08 0.573626802913
4.2 -5.00679372311e-08 0.519039004329
4.3 -5.00679372311e-08 0.469645917042
4.4 -5.00679372311e-08 0.424953165525
4.5 -5.00679372311e-08 0.384513484869
4.6 -5.00679372311e-08 0.347921961172
4.7 -5.00679372311e-08 0.314812563866
4.8 -5.00679372311e-08 0.284854181466
4.9 -5.00679372311e-08 0.257746624576
5 -5.00679372311e-08 0.233218819599
5.1 -5.00679372311e-08 0.211025090795
5.2 -5.00679372311e-08 0.190943333228
5.3 -5.00679372311e-08 0.17277267934
5.4 -5.00679372311e-08 0.156331090861
5.5 -5.00679372311e-08 0.141454223903
5.6 -5.00679372311e-08 0.127993073453
5.7 -5.00679372311e-08 0.115812904541
5.8 -5.00679372311e-08 0.104791863679
5.9 -5.00679372311e-08 0.0948195499449
6 -5.00679372311e-08 0.0857962742058
6.1 -5.00679372311e-08 0.0776316612975
6.2 -5.00679372311e-08 0.0702440068084
6.3 -5.00679372311e-08 0.0635594191362
6.4 -5.00679372311e-08 0.0575109238335
6.5 -5.00679372311e-08 0.052038039941
6.6 -5.00679372311e-08 0.0470859531221
6.7 -5.00679372311e-08 0.0426051126333
6.8 -5.00679372311e-08 0.038550705411
6.9 -5.00679372311e-08 0.0348821081766
7 -5.00679372311e-08 0.0315626399117
7.1 -5.00679372311e-08 0.0285590537586
7.2 -5.00679372311e-08 0.0258412918423
7.3 -5.00679372311e-08 0.0233821699232
7.4 -5.00679372311e-08 0.0211570515893
7.5 -5.00679372311e-08 0.0191436925841
7.6 -5.00679372311e-08 0.0173219274393
7.7 -5.00679372311e-08 0.0156735238865
7.8 -5.00679372311e-08 0.014181992437
7.9 -5.00679372311e-08 0.0128323919367
8 -5.00679372311e-08 0.0116112268655
8.1 -5.00679372311e-08 0.0105062549634
8.2 -5.00679372311e-08 0.00950642808451
8.3 -5.00679372311e-08 0.00860177804804
8.4 -5.00679372311e-08 0.00778323618603
8.5 -5.00679372311e-08 0.00704259195351
8.6 -5.00679372311e-08 0.00637241709477
8.7 -5.00679372311e-08 0.00576603759455
8.8 -5.00679372311e-08 0.00521734689329
8.9 -5.00679372311e-08 0.00472084807957
9 -5.00679372311e-08 0.00427161079343
9.1 -5.00679372311e-08 0.00386511193424
9.2 -5.00679372311e-08 0.00349729772874
9.3 -5.00679372311e-08 0.00316449908308
9.4 -5.00679372311e-08 0.0028633555329
9.5 -5.00679372311e-08 0.00259087404642
9.6 -5.00679372311e-08 0.00234432850173
9.7 -5.00679372311e-08 0.0021212353523
9.8 -5.00679372311e-08 0.00191939544302
9.9 -5.00679372311e-08 0.0017367788488
10 -5.00679372311e-08 0.00157151232452
10.1 -5.00679372311e-08 0.00142195301986
10.2 -5.00679372311e-08 0.00128663666667
10.3 -5.00679372311e-08 0.00116419629363
10.4 -5.00679372311e-08 0.00105338753079
10.5 -5.00679372311e-08 0.000953132561359
10.6 -5.00679372311e-08 0.000862428914804
10.7 -5.00679372311e-08 0.000780351483735
10.8 -5.00679372311e-08 0.000706084199564
10.9 -5.00679372311e-08 0.00063889568901
11 -5.00679372311e-08 0.000578102244574
11.1 -5.00679372311e-08 0.00052308024013
11.2 -5.00679372311e-08 0.000473296942481
11.3 -5.00679372311e-08 0.000428254843722
11.4 -5.00679372311e-08 0.000387475107072
11.5 -5.00679372311e-08 0.000350610536283
11.6 -5.00679372311e-08 0.000317247146912
11.7 -5.00679372311e-08 0.000287057737773
11.8 -5.00679372311e-08 0.000259738574392
11.9 -5.00679372311e-08 0.000235027265264
12 -5.00679372311e-08 0.000212671882345
12.1 -5.00679372311e-08 0.00019244027953
12.2 -5.00679372311e-08 0.000174121682502
12.3 -5.00679372311e-08 0.00015753137537
12.4 -5.00679372311e-08 0.000142507187182
12.5 -5.00679372311e-08 0.000128907468674
12.6 -5.00679372311e-08 0.000116612725656
12.7 -5.00679372311e-08 0.00010551028214
12.8 -5.00679372311e-08 9.54622756058e-05
12.9 -5.00679372311e-08 8.63687910628e-05
13 -5.00679372311e-08 7.81462660879e-05
13.1 -5.00679372311e-08 7.07242849021e-05
13.2 -5.00679372311e-08 6.40148879092e-05
13.3 -5.00679372311e-08 5.79401444666e-05
13.4 -5.00679372311e-08 5.24396722404e-05
13.5 -5.00679372311e-08 4.74618954922e-05
13.6 -5.00679372311e-08 4.29085146904e-05
13.7 -5.00679372311e-08 3.88626540566e-05
13.8 -5.00679372311e-08 3.51754975018e-05
13.9 -5.00679372311e-08 3.18289987957e-05
14 -5.00679372311e-08 2.88043233767e-05
14.1 -5.00679372311e-08 2.60698906246e-05
14.2 -5.00679372311e-08 2.35982950577e-05
14.3 -5.00679372311e-08 2.13656541986e-05
14.4 -5.00679372311e-08 1.93480855695e-05
14.5 -5.00679372311e-08 1.75217066931e-05
14.6 -5.00679372311e-08 1.58679869782e-05
14.7 -5.00679372311e-08 1.43767540052e-05
14.8 -5.00679372311e-08 1.30298287279e-05
14.9 -5.00679372311e-08 1.18087623653e-05
15 -5.00679372311e-08 1.06951061366e-05
15.1 -5.00679372311e-08 9.67165735346e-06
15.2 -5.00679372311e-08 8.7413606544e-06
15.3 -5.00679372311e-08 7.90056115697e-06
15.4 -5.00679372311e-08 7.14003526787e-06
15.5 -5.00679372311e-08 6.4505593938e-06
15.6 -5.00679372311e-08 5.82290994146e-06
15.7 -5.00679372311e-08 5.1595916112e-06
15.8 -5.00679372311e-08 4.69255699988e-06
15.9 -5.00679372311e-08 4.25759374135e-06
16 -5.00679372311e-08 3.85470183562e-06
16.1 -5.00679372311e-08 3.48388128269e-06
16.2 -5.00679372311e-08 3.14490790817e-06
16.3 -5.00679372311e-08 2.83440604009e-06
16.4 -5.00679372311e-08 2.55124130104e-06
16.5 -5.00679372311e-08 2.29541369102e-06
16.6 -5.00679372311e-08 2.06692321004e-06
16.7 -5.00679372311e-08 1.86576985809e-06
16.8 -5.00679372311e-08 1.68993601344e-06
16.9 -5.00679372311e-08 1.52973593217e-06
17 -5.00679372311e-08 1.38390099196e-06
17.1 -5.00679372311e-08 1.2524311928e-06
17.2 -5.00679372311e-08 1.13532653471e-06
17.3 -5.00679372311e-08 1.03258701768e-06
17.4 -5.00679372311e-08 9.41720849903e-07
17.5 -5.00679372311e-08 8.57722657631e-07
17.6 -5.00679372311e-08 7.80451269114e-07
17.7 -5.00679372311e-08 7.09906684351e-07
17.8 -5.00679372311e-08 6.46088903342e-07
17.9 -5.00679372311e-08 5.88993014643e-07
18 -5.00679372311e-08 5.36985525556e-07
18.1 -5.00679372311e-08 4.88758456054e-07
18.2 -5.00679372311e-08 4.44311806139e-07
18.3 -5.00679372311e-08 4.03645575809e-07
18.4 -5.00679372311e-08 3.66759765066e-07
18.5 -5.00679372311e-08 3.33587867794e-07
18.6 -5.00679372311e-08 3.03128418898e-07
18.7 -5.00679372311e-08 2.75044881124e-07
18.8 -5.00679372311e-08 2.49337254473e-07
18.9 -5.00679372311e-08 2.26005538943e-07
19 -5.00679372311e-08 2.05049734536e-07
19.1 -5.00679372311e-08 1.86320210659e-07
19.2 -5.00679372311e-08 1.69098654474e-07
19.3 -5.00679372311e-08 1.53290982585e-07
19.4 -5.00679372311e-08 1.38897194991e-07
19.5 -5.00679372311e-08 1.25917291692e-07
19.6 -5.00679372311e-08 1.14351272688e-07
19.7 -5.00679372311e-08 1.03996164636e-07
19.8 -5.00679372311e-08 9.44442458974e-08
19.9 -5.00679372311e-08 8.56840170743e-08
20 -5.00679372311e-08 7.77154781671e-08
