"Time" "Prey" "Predator"
0 1.01065140122 1.00376363217
0.1 0.945071399558 1.00150594335
0.2 0.884387375242 0.992960542602
0.3 0.828862105678 0.978782902919
0.4 0.778554417086 0.959715291593
0.5 0.733368383482 0.936538433107
0.6 0.693102869218 0.910026673344
0.7 0.65748665704 0.880919090343
0.8 0.626209737405 0.849897916399
0.9 0.5989483603 0.81757487558
1 0.575380818202 0.784486712301
1.1 0.55519848822 0.751094693498
1.2 0.538113706012 0.717786906341
1.3 0.523863593827 0.684883712976
1.4 0.51221155209 0.652644312364
1.5 0.502948203303 0.621273348711
1.6 0.495889221429 0.590928674867
1.7 0.490874637959 0.561727565979
1.8 0.487766867253 0.533753193749
1.9 0.486448636582 0.507060200696
2 0.486821191191 0.481679674668
2.1 0.488802385245 0.457623700641
2.2 0.492324943644 0.434889001282
2.3 0.497334932791 0.41346015096
2.4 0.503790131617 0.393312964823
2.5 0.511658992441 0.374415916618
2.6 0.520919357507 0.356732015941
2.7 0.53155741171 0.340221760025
2.8 0.543566831443 0.324843174443
2.9 0.556947786946 0.310553753597
3 0.571706281995 0.297310857298
3.1 0.587853338342 0.285072841393
3.2 0.605404369941 0.273799447985
3.3 0.62437844102 0.263452530806
3.4 0.644797650206 0.253996354663
3.5 0.666686352992 0.245398115254
3.6 0.690070455733 0.237628221457
3.7 0.714976603671 0.230660643395
3.8 0.741431541712 0.224472953444
3.9 0.769460670531 0.219047134221
4 0.799087317312 0.214369557621
4.1 0.830331540612 0.210431252019
4.2 0.863208114942 0.20722865929
4.3 0.897725650502 0.204763612738
4.4 0.93388408332 0.203044118114
4.5 0.971672442154 0.202084940586
4.6 1.01106691149 0.201907983543
4.7 1.05202665831 0.202543422639
4.8 1.09449133472 0.204030287387
4.9 1.13837696003 0.206417458251
5 1.18357028474 0.209765016239
5.1 1.22992520685 0.214145129297
5.2 1.27725563601 0.21964347135
5.3 1.3253291893 0.226360619027
5.4 1.37386083991 0.23441342112
5.5 1.42250452094 0.243935724587
5.6 1.47084514698 0.255079766407
5.7 1.51839238498 0.268015706968
5.8 1.56457214951 0.282932045613
5.9 1.60872356142 0.300032016158
6 1.65009370932 0.319531105282
6.1 1.68784172092 0.341649288588
6.2 1.72104838367 0.366599673465
6.3 1.74873186817 0.394574485622
6.4 1.76987206045 0.42572619329
6.5 1.78345665347 0.460139371046
6.6 1.78852838986 0.497802637841
6.7 1.78425590247 0.538573882549
6.8 1.7700032593 0.582148604365
6.9 1.74541316182 0.62802833588
7 1.7104711488 0.675507761784
7.1 1.66555385904 0.723678990778
7.2 1.61145578617 0.771449167378
7.3 1.54936160532 0.817599355298
7.4 1.48078711682 0.860855310383
7.5 1.40747898051 0.899977909171
7.6 1.33129019903 0.933857537063
7.7 1.25405339666 0.961593065336
7.8 1.17746295275 0.982552910436
7.9 1.10298465879 0.996404494808
8 1.03180279153 1.00311078064
8.1 0.964800026382 1.00290302881
8.2 0.902566813096 0.996233634943
8.3 0.845434569743 0.983718143603
8.4 0.793519330662 0.96607754049
8.5 0.746768993085 0.944085216887
8.6 0.705010688969 0.918521235691
8.7 0.667991191903 0.890138291858
8.8 0.635409881555 0.859637803015
8.9 0.606944826825 0.827654504884
9 0.58227181943 0.794748854752
9.1 0.56107739884 0.76140488853
9.2 0.543066677511 0.728033227014
9.3 0.527969110967 0.694974196122
9.4 0.515539739483 0.662505342898
9.5 0.50556080709 0.630847261136
9.6 0.497840340635 0.600171537533
9.7 0.492211021389 0.570607283983
9.8 0.488528656469 0.542247419742
9.9 0.486669856056 0.515154856815
10 0.486530408965 0.489367433731
10.1 0.488023257287 0.464902640449
10.2 0.491076735022 0.441761566706
10.3 0.495632974552 0.419932319836
10.4 0.501646177307 0.39939288786
10.5 0.50908174994 0.380113743389
10.6 0.517914728709 0.362059618309
10.7 0.528128837089 0.345191686401
10.8 0.539715522807 0.32946850872
10.9 0.552673015271 0.314847697698
11 0.56700562969 0.301286480916
11.1 0.582722894644 0.288742884207
11.2 0.599838965249 0.277176115683
11.3 0.618371836652 0.266547352311
11.4 0.638342754065 0.2568200577
11.5 0.659775446438 0.24796049039
11.6 0.682695454674 0.239938005609
11.7 0.707129274556 0.232725451071
11.8 0.733103604896 0.226299384207
11.9 0.760644576992 0.220640193521
12 0.789776150161 0.215732958945
12.1 0.820519487838 0.211567279756
12.2 0.85289137617 0.208137762235
12.3 0.886902255329 0.205444659923
12.4 0.922555153899 0.20349393759
12.5 0.959842715129 0.202298199494
12.6 0.998745131588 0.201877162064
12.7 1.03922761698 0.202258234838
12.8 1.08123590336 0.203477703308
12.9 1.12469373698 0.20558131339
13 1.16949781329 0.208625476494
13.1 1.2155122407 0.212678571797
13.2 1.2625642878 0.217821978247
13.3 1.31043658732 0.224151468637
13.4 1.35886087554 0.231778666014
13.5 1.40751084747 0.240832327511
13.6 1.45599390237 0.251458668049
13.7 1.50384302589 0.26382271848
13.8 1.55051151778 0.278106831607
13.9 1.59536440455 0.294510837
14 1.63767888005 0.313246169735
14.1 1.67663993092 0.334532644829
14.2 1.71134983368 0.358587631435
14.3 1.74084416828 0.385611292213
14.4 1.76411298158 0.415769992118
14.5 1.78013390613 0.449173381422
14.6 1.78792807899 0.485842533595
14.7 1.78661627909 0.525679597681
14.8 1.77549580724 0.568432588845
14.9 1.75411415883 0.61366603674
15 1.72234365556 0.660740535237
15.1 1.68043799845 0.708807459582
15.2 1.6290619351 0.756827414754
15.3 1.56928589977 0.803612753302
15.4 1.50253216708 0.847897393802
15.5 1.43048858006 0.888421221122
15.6 1.3549903746 0.924024667487
15.7 1.27788672745 0.953737062738
15.8 1.2009269002 0.976837681543
15.9 1.12565601183 0.992899454034
16 1.05334844019 1.0017969236
16.1 0.984980223245 1.00368261786
16.2 0.921229179824 0.998946751888
16.3 0.862502561146 0.988160791699
16.4 0.808977172856 0.972019717513
16.5 0.760647701669 0.951285870585
16.6 0.717373918181 0.926741357157
16.7 0.678923309512 0.899150427849
16.8 0.645006804057 0.86923222604
16.9 0.615306788258 0.837642992258
17 0.58949818395 0.804966728618
17.1 0.56726307545 0.771711039968
17.2 0.54830024805 0.738308638056
17.3 0.532331141134 0.705121047378
17.4 0.519103046353 0.672444193102
17.5 0.508389766154 0.640515607619
17.6 0.499991409965 0.609521332214
17.7 0.493733365264 0.5796027394
17.8 0.489464430641 0.550863341192
17.9 0.487055064035 0.523374688483
18 0.486395381157 0.497181829112
18.1 0.487393036231 0.472308219834
18.2 0.489971877574 0.44875951799
18.3 0.494069888639 0.426527502114
18.4 0.499637795009 0.405592999852
18.5 0.506637667919 0.385928555362
18.6 0.515041686678 0.36750049539
18.7 0.524831005647 0.350270923098
18.8 0.535994776816 0.334199068095
18.9 0.548529232654 0.319242720681
19 0.562436884068 0.305359138012
19.1 0.577725731518 0.292506015823
19.2 0.594408528783 0.280642220528
19.3 0.612502166196 0.269728240603
19.4 0.632027035886 0.259726595588
19.5 0.653006073023 0.250602843693
19.6 0.675464434701 0.242325226559
19.7 0.699428399465 0.23486549806
19.8 0.724924717647 0.228199032406
19.9 0.751979771203 0.222305030193
20 0.780618256557 0.217167162311
