"Time" "Prey" "Predator"
0 2.34065939074 38.8085323548
0.1 0.015141587981 36.7447881462
0.2 0.000152712249788 33.258585743
0.3 2.34775085963e-06 30.0937140951
0.4 -1.00423830006e-07 27.2299286937
0.5 -5.23469668691e-08 24.6386617434
0.6 -5.23469668691e-08 22.2939854111
0.7 -5.23469668691e-08 20.1724313457
0.8 -5.23469668691e-08 18.2527593962
0.9 -5.23469668691e-08 16.5157767027
1 -5.23469668691e-08 14.9440896764
1.1 -5.23469668691e-08 13.5219677682
1.2 -5.23469668691e-08 12.2351767059
1.3 -5.23469668691e-08 11.0708585161
1.4 -5.23469668691e-08 10.0173315398
1.5 -5.23469668691e-08 9.06405256306
1.6 -5.23469668691e-08 8.20149610096
1.7 -5.23469668691e-08 7.42102096439
1.8 -5.23469668691e-08 6.71481750781
1.9 -5.23469668691e-08 6.0758184163
2 -5.23469668691e-08 5.49762813875
2.1 -5.23469668691e-08 4.97445992504
2.2 -5.23469668691e-08 4.50107877771
2.3 -5.23469668691e-08 4.07274500759
2.4 -5.23469668691e-08 3.68517277252
2.5 -5.23469668691e-08 3.33448286862
2.6 -5.23469668691e-08 3.0171652132
2.7 -5.23469668691e-08 2.73004461496
2.8 -5.23469668691e-08 2.47024690464
2.9 -5.23469668691e-08 2.23517212619
3 -5.23469668691e-08 2.02246786478
3.1 -5.23469668691e-08 1.83000469364
3.2 -5.23469668691e-08 1.65585682449
3.3 -5.23469668691e-08 1.49828047147
3.4 -5.23469668691e-08 1.35569964118
3.5 -5.23469668691e-08 1.22668757777
3.6 -5.23469668691e-08 1.10995284136
3.7 -5.23469668691e-08 1.00432686894
3.8 -5.23469668691e-08 0.908752521139
3.9 -5.23469668691e-08 0.82227318177
4 -5.23469668691e-08 0.744023553666
4.1 -5.23469668691e-08 0.673220353434
4.2 -5.23469668691e-08 0.609154935082
4.3 -5.23469668691e-08 0.551186132557
4.4 -5.23469668691e-08 0.498733571027
4.5 -5.23469668691e-08 0.451272406754
4.6 -5.23469668691e-08 0.408328145011
4.7 -5.23469668691e-08 0.369470446267
4.8 -5.23469668691e-08 0.334310688988
4.9 -5.23469668691e-08 0.302496815378
5 -5.23469668691e-08 0.273710327983
5.1 -5.23469668691e-08 0.247663370284
5.2 -5.23469668691e-08 0.224094963104
5.3 -5.23469668691e-08 0.202769484572
5.4 -5.23469668691e-08 0.183473426096
5.5 -5.23469668691e-08 0.16601358387
5.6 -5.23469668691e-08 0.15021533158
5.7 -5.23469668691e-08 0.135920392585
5.8 -5.23469668691e-08 0.12298584087
5.9 -5.23469668691e-08 0.111282174876
6 -5.23469668691e-08 0.100692230036
6.1 -5.23469668691e-08 0.0911101181161
6.2 -5.23469668691e-08 0.0824398238488
6.3 -5.23469668691e-08 0.0745946374295
6.4 -5.23469668691e-08 0.0674960087884
6.5 -5.23469668691e-08 0.0610728812411
6.6 -5.23469668691e-08 0.0552610368319
6.7 -5.23469668691e-08 0.0500022377934
6.8 -5.23469668691e-08 0.0452438957637
6.9 -5.23469668691e-08 0.0409383682045
7 -5.23469668691e-08 0.037042552507
7.1 -5.23469668691e-08 0.0335174921336
7.2 -5.23469668691e-08 0.030327867488
7.3 -5.23469668691e-08 0.0274417870398
7.4 -5.23469668691e-08 0.0248303549359
7.5 -5.23469668691e-08 0.0224674264659
7.6 -5.23469668691e-08 0.0203293718648
7.7 -5.23469668691e-08 0.018394769101
7.8 -5.23469668691e-08 0.0166442740389
7.9 -5.23469668691e-08 0.0150603603664
8 -5.23469668691e-08 0.0136271716348
8.1 -5.23469668691e-08 0.0123303771911
8.2 -5.23469668691e-08 0.0111569831369
8.3 -5.23469668691e-08 0.0100952531882
8.4 -5.23469668691e-08 0.00913456390206
8.5 -5.23469668691e-08 0.00826529138226
8.6 -5.23469668691e-08 0.00747874116093
8.7 -5.23469668691e-08 0.00676702413833
8.8 -5.23469668691e-08 0.00612303764866
8.9 -5.23469668691e-08 0.00554036316178
9 -5.23469668691e-08 0.0050131530174
9.1 -5.23469668691e-08 0.0045361157145
9.2 -5.23469668691e-08 0.00410446200304
9.3 -5.23469668691e-08 0.00371390268012
9.4 -5.23469668691e-08 0.00336050411075
9.5 -5.23469668691e-08 0.0030407036402
9.6 -5.23469668691e-08 0.00275134630477
9.7 -5.23469668691e-08 0.00248952541806
9.8 -5.23469668691e-08 0.00225260690684
9.9 -5.23469668691e-08 0.00203824882246
10 -5.23469668691e-08 0.00184429187261
10.1 -5.23469668691e-08 0.00166877896061
10.2 -5.23469668691e-08 0.00150997798311
10.3 -5.23469668691e-08 0.00136628924831
10.4 -5.23469668691e-08 0.00123626687691
10.5 -5.23469668691e-08 0.00111863305981
10.6 -5.23469668691e-08 0.00101219998648
10.7 -5.23469668691e-08 0.000915874464044
10.8 -5.23469668691e-08 0.00082871091634
10.9 -5.23469668691e-08 0.000749848563908
11 -5.23469668691e-08 0.000678488258818
11.1 -5.23469668691e-08 0.000613909078712
11.2 -5.23469668691e-08 0.000555482987058
11.3 -5.23469668691e-08 0.000502622241146
11.4 -5.23469668691e-08 0.000454786340356
11.5 -5.23469668691e-08 0.000411504645202
11.6 -5.23469668691e-08 0.000372347616163
11.7 -5.23469668691e-08 0.000336915574105
11.8 -5.23469668691e-08 0.000304848270577
11.9 -5.23469668691e-08 0.00027583537007
12 -5.23469668691e-08 0.000249585231881
12.1 -5.23469668691e-08 0.000225821216621
12.2 -5.23469668691e-08 0.000204335320379
12.3 -5.23469668691e-08 0.000184891298615
12.4 -5.23469668691e-08 0.000167296656667
12.5 -5.23469668691e-08 0.000151375642638
12.6 -5.23469668691e-08 0.000136974821342
12.7 -5.23469668691e-08 0.000123946238571
12.8 -5.23469668691e-08 0.000112154351825
12.9 -5.23469668691e-08 0.000101476448592
13 -5.23469668691e-08 9.18057502458e-05
13.1 -5.23469668691e-08 8.30480494202e-05
13.2 -5.23469668691e-08 7.51216061018e-05
13.3 -5.23469668691e-08 6.79578235909e-05
13.4 -5.23469668691e-08 6.14880316593e-05
13.5 -5.23469668691e-08 5.56320017314e-05
13.6 -5.23469668691e-08 5.0332636032e-05
13.7 -5.23469668691e-08 4.55416871835e-05
13.8 -5.23469668691e-08 4.12180212408e-05
13.9 -5.23469668691e-08 3.73084895532e-05
14 -5.23469668691e-08 3.37686513395e-05
14.1 -5.23469668691e-08 3.05634140434e-05
14.2 -5.23469668691e-08 2.76628676387e-05
14.3 -5.23469668691e-08 2.50097953803e-05
14.4 -5.23469668691e-08 2.26514292686e-05
14.5 -5.23469668691e-08 2.05021625012e-05
14.6 -5.23469668691e-08 1.85516295867e-05
14.7 -5.23469668691e-08 1.67888995951e-05
14.8 -5.23469668691e-08 1.51952344354e-05
14.9 -5.23469668691e-08 1.375474102e-05
15 -5.23469668691e-08 1.24535118662e-05
15.1 -5.23469668691e-08 1.12776394913e-05
15.2 -5.23469668691e-08 1.02132164129e-05
15.3 -5.23469668691e-08 9.24961798814e-06
15.4 -5.23469668691e-08 8.3807099615e-06
15.5 -5.23469668691e-08 7.595817603e-06
15.6 -5.23469668691e-08 6.88415050993e-06
15.7 -5.23469668691e-08 6.23491827959e-06
15.8 -5.23469668691e-08 5.63819319821e-06
15.9 -5.23469668691e-08 5.09595892759e-06
16 -5.23469668691e-08 4.60585851168e-06
16.1 -5.23469668691e-08 4.16250555925e-06
16.2 -5.23469668691e-08 3.76051367908e-06
16.3 -5.23469668691e-08 3.39449647992e-06
16.4 -5.23469668691e-08 3.00864162676e-06
16.5 -5.23469668691e-08 2.73604199311e-06
16.6 -5.23469668691e-08 2.4822141356e-06
16.7 -5.23469668691e-08 2.24715805423e-06
16.8 -5.23469668691e-08 2.030873749e-06
16.9 -5.23469668691e-08 1.83320553753e-06
17 -5.23469668691e-08 1.65213744932e-06
17.1 -5.23469668691e-08 1.48705070192e-06
17.2 -5.23469668691e-08 1.33794529531e-06
17.3 -5.23469668691e-08 1.20482122952e-06
17.4 -5.23469668691e-08 1.08767850452e-06
17.5 -5.23469668691e-08 9.85223046093e-07
17.6 -5.23469668691e-08 8.9181775304e-07
17.7 -5.23469668691e-08 8.06806213491e-07
17.8 -5.23469668691e-08 7.30188427446e-07
17.9 -5.23469668691e-08 6.61964394907e-07
18 -5.23469668691e-08 6.02134115872e-07
18.1 -5.23469668691e-08 5.4914548418e-07
18.2 -5.23469668691e-08 5.00149568437e-07
18.3 -5.23469668691e-08 4.55084914205e-07
18.4 -5.23469668691e-08 4.13951521485e-07
18.5 -5.23469668691e-08 3.76749390275e-07
18.6 -5.23469668691e-08 3.43472442607e-07
18.7 -5.23469668691e-08 3.13127623617e-07
18.8 -5.23469668691e-08 2.84992933243e-07
18.9 -5.23469668691e-08 2.59068371485e-07
19 -5.23469668691e-08 2.35353938342e-07
19.1 -5.23469668691e-08 2.13849633815e-07
19.2 -5.23469668691e-08 1.94509645666e-07
19.3 -5.23469668691e-08 1.76740739608e-07
19.4 -5.23469668691e-08 1.6036082817e-07
19.5 -5.23469668691e-08 1.45369911353e-07
19.6 -5.23469668691e-08 1.31767989157e-07
19.7 -5.23469668691e-08 1.19555061581e-07
19.8 -5.23469668691e-08 1.0863518744e-07
19.9 -5.23469668691e-08 9.85904384899e-08
20 -5.23469668691e-08 8.93721491036e-08
