"Time" "Prey" "Predator"
0 28.3734323304 0.977495605096
0.1 16.9760541107 10.318678228
0.2 1.9500000296 20.3036886791
0.3 0.139926012355 19.6695212032
0.4 0.0122228249699 17.8895153746
0.5 0.00134904741378 16.1949527586
0.6 0.000184728728443 14.6546436748
0.7 3.07394591736e-05 13.2601821383
0.8 6.13895929048e-06 11.998328055
0.9 1.41766539142e-06 10.8565412691
1 3.72336092697e-07 9.82340697091
1.1 6.43575235435e-08 8.88858385815
1.2 4.47568529161e-08 8.04272095053
1.3 2.80431782914e-08 7.2773540347
1.4 5.68239070369e-09 6.58482147004
1.5 3.01662748281e-08 5.95819030194
1.6 3.6968946924e-08 5.39119619636
1.7 2.22082012469e-08 4.878159292
1.8 -1.11103487176e-09 4.41394168084
1.9 9.10106833614e-09 3.99389964142
2 1.19097474387e-08 3.61383011256
2.1 5.68629587058e-09 3.26992924792
2.2 3.77725716538e-09 2.95875461334
2.3 4.77346383572e-09 2.67719229894
2.4 8.23422041654e-09 2.42242500276
2.5 7.82893966748e-09 2.19190011128
2.6 1.12308344338e-08 1.98331074481
2.7 9.19768897243e-09 1.79457380682
2.8 6.9062102027e-09 1.62379832271
2.9 6.82137778861e-09 1.46927321557
3 6.53168074591e-09 1.329453097
3.1 5.40161808176e-09 1.20293884956
3.2 4.93458016868e-09 1.08846417364
3.3 4.71364809733e-09 0.984883198223
3.4 4.47745795104e-09 0.891159046219
3.5 4.27621220022e-09 0.806353981413
3.6 4.09475976993e-09 0.729619273448
3.7 3.99484981142e-09 0.660186820606
3.8 3.94153483267e-09 0.597361707687
3.9 3.93342782578e-09 0.540515021656
4 3.97888366571e-09 0.489077791625
4.1 4.00395283823e-09 0.442535823376
4.2 4.03563569636e-09 0.400422828721
4.3 4.09217804768e-09 0.362317493901
4.4 4.1788089526e-09 0.327838457639
4.5 4.28745977934e-09 0.296640387398
4.6 4.41435578044e-09 0.268411346595
4.7 4.56082008236e-09 0.242868524589
4.8 4.72725286405e-09 0.219756460655
4.9 4.91388847681e-09 0.198843892826
5 5.12133250119e-09 0.179921347647
5.1 5.35081332781e-09 0.162799598905
5.2 5.60296274638e-09 0.147307122869
5.3 5.87847384141e-09 0.133288961538
5.4 6.17833294844e-09 0.120604835556
5.5 6.50390411659e-09 0.109127712881
5.6 6.85665356229e-09 0.098742854552
5.7 7.23807085756e-09 0.0893462141265
5.8 7.64983503675e-09 0.0808437882741
5.9 8.09377335433e-09 0.0731504836203
6 8.57184349035e-09 0.0661892580224
6.1 9.08615104185e-09 0.0598905238698
6.2 9.63900514814e-09 0.0541911730596
6.3 1.02328983939e-08 0.0490341938857
6.4 1.08705028771e-08 0.0443679766012
6.5 1.15546770041e-08 0.0401457888177
6.6 1.22884929168e-08 0.0363254163867
6.7 1.30752491553e-08 0.0328685845302
6.8 1.3918478836e-08 0.0297407181135
6.9 1.48219681702e-08 0.0269105162265
7 1.57897743852e-08 0.0243496327323
7.1 1.68262418056e-08 0.0220324624382
7.2 1.79360182344e-08 0.0199357906494
7.3 1.91240768074e-08 0.0180386455029
7.4 2.03957393533e-08 0.0163220415327
7.5 2.17566999445e-08 0.0147687869617
7.6 2.3213048305e-08 0.0133633531406
7.7 2.47712987868e-08 0.012091659137
7.8 2.64384170275e-08 0.010940980007
7.9 2.82218541054e-08 0.00989981166692
8 3.01295751768e-08 0.0089577157824
8.1 3.21700981407e-08 0.00810527434046
8.2 3.43525335025e-08 0.00733393688201
8.3 3.66866176859e-08 0.00663599861318
8.4 3.91827586281e-08 0.00600450615523
8.5 4.18520979161e-08 0.00543312546469
8.6 4.47065295918e-08 0.00491612413996
8.7 4.77587636016e-08 0.00444830750364
8.8 5.1022422771e-08 0.00402502603244
8.9 5.45120370605e-08 0.00364202323655
9 5.8243132735e-08 0.00329543368281
9.1 6.22323568688e-08 0.00298183545558
9.2 6.64974599096e-08 0.00269808199989
9.3 7.10574118062e-08 0.0024413167976
9.4 7.59325486716e-08 0.00220900053952
9.5 8.11445524384e-08 0.0019987951032
9.6 8.67165985015e-08 0.00180857938078
9.7 9.26735282325e-08 0.00163647489388
9.8 9.90418249776e-08 0.00148074860177
9.9 1.05849814253e-07 0.00133983465245
10 1.13127863821e-07 0.00121234714959
10.1 1.20908316278e-07 0.00109699829168
10.2 1.29225674525e-07 0.000992603155074
10.3 1.38117038023e-07 0.000898137762129
10.4 1.47622002438e-07 0.000812668753816
10.5 1.57782755372e-07 0.000735329906506
10.6 1.6864443824e-07 0.000665340419661
10.7 1.80255532233e-07 0.000602019557119
10.8 1.92667629026e-07 0.00054473021498
10.9 2.05935769983e-07 0.000492886686223
11 2.20119118265e-07 0.000445979204952
11.1 2.35280816901e-07 0.00040354193014
11.2 2.51488143811e-07 0.000365141492039
11.3 2.68813087152e-07 0.00033038768003
11.4 2.87332964621e-07 0.000298944170404
11.5 3.07130050797e-07 0.000270494809945
11.6 3.28292996627e-07 0.000244740010589
11.7 3.50913655252e-07 0.000221453951185
11.8 3.75094968247e-07 0.000200380932228
11.9 4.00943725067e-07 0.000181312220099
12 4.28575143814e-07 0.000164057480378
12.1 4.58113624836e-07 0.000148450296571
12.2 4.89690303429e-07 0.000134330248107
12.3 5.2344407472e-07 0.000121550415793
12.4 5.59522355505e-07 0.000109977822344
12.5 5.98090979146e-07 9.94968210077e-05
12.6 6.39323235387e-07 9.00053421273e-05
12.7 6.83399802468e-07 8.14148698892e-05
12.8 7.30510820634e-07 7.36511524222e-05
12.9 7.80865265488e-07 6.66393591827e-05
13 8.34698145436e-07 6.02926838737e-05
13.1 8.92247128217e-07 5.4549356105e-05
13.2 9.53762329326e-07 4.9357141526e-05
13.3 1.01950850968e-06 4.46714056435e-05
13.4 1.08979131396e-06 4.04343184226e-05
13.5 1.16492820749e-06 3.65978884704e-05
13.6 1.24524829622e-06 3.31241057581e-05
13.7 1.33109782501e-06 2.99805838566e-05
13.8 1.42268602707e-06 2.71056040827e-05
13.9 1.52090827004e-06 2.45493522089e-05
14 1.6258190712e-06 2.22198674566e-05
14.1 1.7379239748e-06 2.01059010257e-05
14.2 1.8577390418e-06 1.81955398939e-05
14.3 1.9859149545e-06 1.64683685378e-05
14.4 2.12305093867e-06 1.49072213579e-05
14.5 2.26971339251e-06 1.34970061003e-05
14.6 2.42646871422e-06 1.2222630511e-05
14.7 2.59388330201e-06 1.10690023363e-05
14.8 2.77276196144e-06 1.00247109131e-05
14.9 2.96421369579e-06 9.08304313242e-06
15 3.16903082477e-06 8.23239551899e-06
15.1 3.38799877444e-06 7.46105814293e-06
15.2 3.62190297087e-06 6.7573210744e-06
15.3 3.87158950078e-06 6.11048783815e-06
15.4 4.13868097664e-06 5.52283533335e-06
15.5 4.42450320466e-06 4.99168173256e-06
15.6 4.73019263056e-06 4.51118157283e-06
15.7 5.05688570006e-06 4.07548939118e-06
15.8 5.40571885889e-06 3.67875972464e-06
15.9 5.80590418133e-06 3.26099792223e-06
16 6.19056187614e-06 2.96543776681e-06
16.1 6.60907306466e-06 2.69024902286e-06
16.2 7.06143774689e-06 2.4354316904e-06
16.3 7.54765592283e-06 2.20098576941e-06
16.4 8.06828125531e-06 1.98672865722e-06
16.5 8.62998589194e-06 1.790459823e-06
16.6 9.23472576561e-06 1.61153418353e-06
16.7 9.88250087631e-06 1.4499517388e-06
16.8 1.05733112241e-05 1.30571248882e-06
16.9 1.13071568088e-05 1.17881643358e-06
17 1.20876529143e-05 1.06779491505e-06
17.1 1.29298099094e-05 9.66550182449e-07
17.2 1.38352716292e-05 8.74414450983e-07
17.3 1.48040380735e-05 7.9138772065e-07
17.4 1.58361092424e-05 7.17469991449e-07
17.5 1.6931485136e-05 6.52661263381e-07
17.6 1.81009582935e-05 5.95223409387e-07
17.7 1.93634553323e-05 5.42108317728e-07
17.8 2.07193270687e-05 4.93259489825e-07
17.9 2.21685735026e-05 4.48676925677e-07
18 2.3711194634e-05 4.08360625284e-07
18.1 2.53474642215e-05 3.72302353204e-07
18.2 2.71114217554e-05 3.39478103717e-07
18.3 2.90266660586e-05 3.09177956397e-07
18.4 3.1093197131e-05 2.81401911245e-07
18.5 3.33110149727e-05 2.5614996826e-07
18.6 3.56801195837e-05 2.33422127443e-07
18.7 3.82005109639e-05 2.13218388793e-07
18.8 4.08721891134e-05 1.9553875231e-07
18.9 4.36951540322e-05 1.80383217994e-07
19 4.66931097652e-05 1.67422724616e-07
19.1 4.99523150044e-05 1.55459822907e-07
19.2 5.34806512049e-05 1.44385101949e-07
19.3 5.72781183667e-05 1.34198561743e-07
19.4 6.134471649e-05 1.24900202287e-07
19.5 6.56804455746e-05 1.16490023582e-07
19.6 7.02853056205e-05 1.08968025628e-07
19.7 7.51592966278e-05 1.02334208424e-07
19.8 8.03050622354e-05 9.6575851875e-08
19.9 8.583827186e-05 9.1136402607e-08
20 9.18207949654e-05 8.57181703604e-08
