"Time" "Prey" "Predator"
0 1.50908884339 0.805798937328
0.1 1.44494057085 0.84520407644
0.2 1.37661446208 0.880672257009
0.3 1.30574445402 0.911251801725
0.4 1.2339393161 0.936176826975
0.5 1.16268820312 0.954917896083
0.6 1.09328624713 0.967198549257
0.7 1.02678992191 0.972995001867
0.8 0.964000232983 0.97251331516
0.9 0.905468581544 0.966149634377
1 0.851521926277 0.954442966151
1.1 0.802298187457 0.938026490626
1.2 0.757784901628 0.917583296626
1.3 0.717859087844 0.893806277847
1.4 0.68232197387 0.867368136908
1.5 0.650927033273 0.838901191421
1.6 0.623402264574 0.808983578824
1.7 0.599468406733 0.778130023165
1.8 0.57885120114 0.746789449138
1.9 0.561289564303 0.7153459139
2 0.546541181386 0.684121448653
2.1 0.534384720133 0.653381467835
2.2 0.524621294551 0.62334013222
2.3 0.517074401159 0.594166335586
2.4 0.511588973171 0.565989686653
2.5 0.508030349474 0.538906026852
2.6 0.506282747763 0.512982692919
2.7 0.506247644966 0.488263101486
2.8 0.507842255099 0.464770921893
2.9 0.510998070553 0.442514623364
3 0.515659276528 0.42148871515
3.1 0.521781411203 0.401678749407
3.2 0.529330450537 0.383061474834
3.3 0.538281279662 0.365608883615
3.4 0.548617163778 0.34928798256
3.5 0.560328350882 0.334063903286
3.6 0.573411673454 0.319899600154
3.7 0.587869359788 0.306758116066
3.8 0.603708633031 0.294602317727
3.9 0.6209407174 0.283396504715
4 0.639580338686 0.273106238846
4.1 0.659644881054 0.263699460167
4.2 0.681153713487 0.255146427793
4.3 0.704127433316 0.247420490566
4.4 0.728586942224 0.240498150035
4.5 0.754552678204 0.234359595876
4.6 0.782043257275 0.228988885257
4.7 0.811075012557 0.224374441084
4.8 0.841660286048 0.220509360398
4.9 0.873805188984 0.21739169876
5 0.907509842535 0.215024901322
5.1 0.942764237463 0.213418541072
5.2 0.97954699742 0.212588678383
5.3 1.01782422342 0.212558236374
5.4 1.05754264346 0.213358491643
5.5 1.09863037452 0.215029000795
5.6 1.14099230313 0.217618642388
5.7 1.18450197913 0.221187375254
5.8 1.2290008624 0.225806422584
5.9 1.27429076024 0.231559630488
6 1.32013016026 0.238544310752
6.1 1.36622473191 0.246872391906
6.2 1.41222351818 0.256671251196
6.3 1.45771099934 0.268083185117
6.4 1.5022012581 0.281266368413
6.5 1.54513464484 0.296391429249
6.6 1.58587188446 0.313640977729
6.7 1.62369610973 0.333203735707
6.8 1.65781935108 0.355264689376
6.9 1.68739204596 0.379996579702
7 1.71151844183 0.407546537008
7.1 1.72928973797 0.438013788238
7.2 1.73981865278 0.471429391687
7.3 1.7422935776 0.507727404664
7.4 1.73603089931 0.546719695837
7.5 1.7205423799 0.588068634722
7.6 1.69559585474 0.631268232707
7.7 1.66126928883 0.675635124313
7.8 1.61798683059 0.720315838039
7.9 1.56652482663 0.764315700818
8 1.50798791124 0.806545681845
8.1 1.44374730476 0.845889765255
8.2 1.37535879057 0.881277148731
8.3 1.30445662092 0.911759964001
8.4 1.2326483269 0.93657769594
8.5 1.16141952196 0.955203630069
8.6 1.09206132431 0.967366519756
8.7 1.02562544859 0.973047718629
8.8 0.962907631829 0.97245690669
8.9 0.904454991861 0.965992926347
9 0.850590975579 0.954196618519
9.1 0.8014506973 0.937702236392
9.2 0.757020244158 0.917192620546
9.3 0.717175095554 0.893360835145
9.4 0.681714485595 0.866879935939
9.5 0.650391149705 0.838381371592
9.6 0.622932980854 0.808441897937
9.7 0.599060671941 0.777575197505
9.8 0.578500255409 0.746228927507
9.9 0.560991248797 0.714785748696
10 0.546291328652 0.683567008398
10.1 0.534179575905 0.652837116801
10.2 0.524457523805 0.622809328778
10.3 0.516949026358 0.593651806275
10.4 0.51149938187 0.565493481671
10.5 0.507974176984 0.53842956826
10.6 0.506258211486 0.512527055693
10.7 0.506253128816 0.487828960234
10.8 0.507876446805 0.464358909881
10.9 0.511059786748 0.442124524864
11 0.515747571918 0.421120582439
11.1 0.521895588775 0.401332063081
11.2 0.529469925015 0.382735947752
11.3 0.538445715533 0.36530379203
11.4 0.548806267017 0.349002886629
11.5 0.560542072053 0.333797947198
11.6 0.573649961793 0.319652272276
11.7 0.588132261244 0.306528884169
11.8 0.603996230655 0.294390729544
11.9 0.621253302238 0.283201572843
12 0.63991814202 0.27292750393
12.1 0.660008305304 0.263536189829
12.2 0.681543123005 0.254998179587
12.3 0.704543219146 0.247286728635
12.4 0.729029499295 0.240378510157
12.5 0.755022394761 0.234253727515
12.6 0.782540676435 0.228896589661
12.7 0.811600472048 0.224295542079
12.8 0.842213827554 0.220443712736
12.9 0.87438732589 0.217339257301
13 0.908120321942 0.214985808599
13.1 0.943402981766 0.213392981267
13.2 0.980214099691 0.212576887483
13.3 1.01851833425 0.212560834139
13.4 1.05826349241 0.213375947096
13.5 1.09937675447 0.215062068774
13.6 1.1417611972 0.217668550276
13.7 1.18529090183 0.22125529282
13.8 1.22980677186 0.225893728239
13.9 1.27511050245 0.231667839842
14 1.32095859285 0.238675298472
14.1 1.36705647244 0.247028504669
14.2 1.4130519818 0.256854550254
14.3 1.45852792332 0.268296764534
14.4 1.50299778665 0.281512953905
14.5 1.54590042166 0.29667409688
14.6 1.58659305646 0.313964182401
14.7 1.62435947922 0.333570421291
14.8 1.65841032294 0.355678067136
14.9 1.68789503533 0.380459703754
15 1.71191623717 0.408062137443
15.1 1.72956666444 0.438583158655
15.2 1.73995896836 0.472052173755
15.3 1.74228302773 0.508402021253
15.4 1.73585761704 0.547441984088
15.5 1.72019789509 0.588832485806
15.6 1.69508075636 0.632059979805
15.7 1.66058829253 0.67644098093
15.8 1.61714972297 0.721120002339
15.9 1.56554899327 0.765098389513
16 1.50689532602 0.807287651479
16.1 1.44256504371 0.846570655486
16.2 1.37411647101 0.881877952311
16.3 1.30318354399 0.912265749141
16.4 1.23137205739 0.936977131829
16.5 1.16016523111 0.955489497876
16.6 1.09084912846 0.967536980028
16.7 1.02447115433 0.973104627001
16.8 0.961822998243 0.972405700043
16.9 0.903447227564 0.965842162159
17 0.849664497842 0.95395607431
17.1 0.80060681431 0.937383352035
17.2 0.756257870341 0.916807333038
17.3 0.716492049703 0.892920577831
17.4 0.681107560731 0.866396060849
17.5 0.649855829885 0.837864968295
17.6 0.622464570392 0.807902806644
17.7 0.598654424795 0.77702215406
17.8 0.578151463112 0.745669502443
17.9 0.560695509122 0.714226200266
18 0.546044304901 0.683013093761
18.1 0.533977620562 0.652293141911
18.2 0.524297190644 0.622278894913
18.3 0.516827199227 0.593137755855
18.4 0.51141350946 0.564997866854
18.5 0.507922045118 0.537954057852
18.6 0.506237757517 0.512072618533
18.7 0.506262695985 0.48739630648
18.8 0.507914611454 0.463948321199
18.9 0.511125428246 0.441736007743
19 0.515839784833 0.420754032987
19.1 0.522013738962 0.400987085194
19.2 0.52961336686 0.382412128269
19.3 0.538614083306 0.365000589578
19.4 0.548999301951 0.348719639117
19.5 0.560759622713 0.333534084757
19.6 0.573892019095 0.319407074041
19.7 0.588398977105 0.30630142761
19.8 0.604287829503 0.294180253189
19.9 0.621569996745 0.283007685
20 0.640260263856 0.272749560706
