"Time" "Prey" "Predator"
0 38.2689219008 35.9967751264
0.1 0.0186409880917 59.2131241052
0.2 1.09028380306e-05 53.5911687708
0.3 4.10005758775e-08 48.491302589
0.4 -9.25198296304e-08 43.8767609545
0.5 -9.25198296304e-08 39.7013620283
0.6 -9.25198296304e-08 35.9233221114
0.7 -9.25198296304e-08 32.5047655398
0.8 -9.25198296304e-08 29.4115018559
0.9 -9.25198296304e-08 26.6126145504
1 -9.25198296304e-08 24.0800850664
1.1 -9.25198296304e-08 21.7885574729
1.2 -9.25198296304e-08 19.7150929137
1.3 -9.25198296304e-08 17.838948005
1.4 -9.25198296304e-08 16.1413777436
1.5 -9.25198296304e-08 14.6053231417
1.6 -9.25198296304e-08 13.2154372707
1.7 -9.25198296304e-08 11.9578262737
1.8 -9.25198296304e-08 10.8198890382
1.9 -9.25198296304e-08 9.79024047093
2 -9.25198296304e-08 8.85857646217
2.1 -9.25198296304e-08 8.01557184397
2.2 -9.25198296304e-08 7.25278977421
2.3 -9.25198296304e-08 6.56259736409
2.4 -9.25198296304e-08 5.9380843791
2.5 -9.25198296304e-08 5.3730016826
2.6 -9.25198296304e-08 4.86169401458
2.7 -9.25198296304e-08 4.39904312505
2.8 -9.25198296304e-08 3.98041947095
2.9 -9.25198296304e-08 3.60163321645
3 -9.25198296304e-08 3.25889282498
3.1 -9.25198296304e-08 2.94876867895
3.2 -9.25198296304e-08 2.66815648304
3.3 -9.25198296304e-08 2.41424771852
3.4 -9.25198296304e-08 2.18450030917
3.5 -9.25198296304e-08 1.97661725153
3.6 -9.25198296304e-08 1.78851697249
3.7 -9.25198296304e-08 1.61831719649
3.8 -9.25198296304e-08 1.46431394243
3.9 -9.25198296304e-08 1.32496596608
4 -9.25198296304e-08 1.19887870965
4.1 -9.25198296304e-08 1.08479031942
4.2 -9.25198296304e-08 0.98155887067
4.3 -9.25198296304e-08 0.888151116695
4.4 -9.25198296304e-08 0.803632232412
4.5 -9.25198296304e-08 0.727155996271
4.6 -9.25198296304e-08 0.657957745393
4.7 -9.25198296304e-08 0.595344684814
4.8 -9.25198296304e-08 0.538689994899
4.9 -9.25198296304e-08 0.487426938008
5 -9.25198296304e-08 0.441041983502
5.1 -9.25198296304e-08 0.39907128583
5.2 -9.25198296304e-08 0.361094523025
5.3 -9.25198296304e-08 0.326731718765
5.4 -9.25198296304e-08 0.295639121506
5.5 -9.25198296304e-08 0.267505277394
5.6 -9.25198296304e-08 0.242048814195
5.7 -9.25198296304e-08 0.21901475801
5.8 -9.25198296304e-08 0.198172700909
5.9 -9.25198296304e-08 0.17931406417
6 -9.25198296304e-08 0.162250007766
6.1 -9.25198296304e-08 0.146809895229
6.2 -9.25198296304e-08 0.132839035909
6.3 -9.25198296304e-08 0.120197710996
6.4 -9.25198296304e-08 0.108759379458
6.5 -9.25198296304e-08 0.0984095096282
6.6 -9.25198296304e-08 0.0890446220222
6.7 -9.25198296304e-08 0.0805708818801
6.8 -9.25198296304e-08 0.0729035416936
6.9 -9.25198296304e-08 0.0659658501001
7 -9.25198296304e-08 0.0596883416273
7.1 -9.25198296304e-08 0.0540082535477
7.2 -9.25198296304e-08 0.0488686730264
7.3 -9.25198296304e-08 0.0442181992855
7.4 -9.25198296304e-08 0.0400102806468
7.5 -9.25198296304e-08 0.0362027832797
7.6 -9.25198296304e-08 0.0327576381401
7.7 -9.25198296304e-08 0.0296403264271
7.8 -9.25198296304e-08 0.0268196730459
7.9 -9.25198296304e-08 0.0242674432963
8 -9.25198296304e-08 0.0219580813726
8.1 -9.25198296304e-08 0.0198684970327
8.2 -9.25198296304e-08 0.0179777536116
8.3 -9.25198296304e-08 0.0162669421879
8.4 -9.25198296304e-08 0.0147189374898
8.5 -9.25198296304e-08 0.0133182394115
8.6 -9.25198296304e-08 0.0120508434017
8.7 -9.25198296304e-08 0.0109040505899
8.8 -9.25198296304e-08 0.00986639191509
8.9 -9.25198296304e-08 0.00892748031037
9 -9.25198296304e-08 0.00807791456551
9.1 -9.25198296304e-08 0.00730920054586
9.2 -9.25198296304e-08 0.00661363599625
9.3 -9.25198296304e-08 0.00598426293335
9.4 -9.25198296304e-08 0.00541478641072
9.5 -9.25198296304e-08 0.00489949925061
9.6 -9.25198296304e-08 0.00443324781089
9.7 -9.25198296304e-08 0.00401135284345
9.8 -9.25198296304e-08 0.00362960226218
9.9 -9.25198296304e-08 0.00328420039028
10 -9.25198296304e-08 0.00297168434336
10.1 -9.25198296304e-08 0.00268891836827
10.2 -9.25198296304e-08 0.00243305189803
10.3 -9.25198296304e-08 0.0022015344787
10.4 -9.25198296304e-08 0.00199206120822
10.5 -9.25198296304e-08 0.00180250948489
10.6 -9.25198296304e-08 0.00163096914094
10.7 -9.25198296304e-08 0.00147576082062
10.8 -9.25198296304e-08 0.00133532462533
10.9 -9.25198296304e-08 0.00120824037952
11 -9.25198296304e-08 0.00109325979102
11.1 -9.25198296304e-08 0.000989229408751
11.2 -9.25198296304e-08 0.000895065363261
11.3 -9.25198296304e-08 0.000809904327195
11.4 -9.25198296304e-08 0.000732838455333
11.5 -9.25198296304e-08 0.000663098622466
11.6 -9.25198296304e-08 0.000599994774451
11.7 -9.25198296304e-08 0.000542903884485
11.8 -9.25198296304e-08 0.000491243848988
11.9 -9.25198296304e-08 0.000444487638701
12 -9.25198296304e-08 0.000402162156243
12.1 -9.25198296304e-08 0.000363849249948
12.2 -9.25198296304e-08 0.000329185894654
12.3 -9.25198296304e-08 0.00029785204569
12.4 -9.25198296304e-08 0.000269498372282
12.5 -9.25198296304e-08 0.000243837397665
12.6 -9.25198296304e-08 0.000220628160769
12.7 -9.25198296304e-08 0.000199649521342
12.8 -9.25198296304e-08 0.000180661107801
12.9 -9.25198296304e-08 0.000163472970225
13 -9.25198296304e-08 0.000147923118208
13.1 -9.25198296304e-08 0.000133804908979
13.2 -9.25198296304e-08 0.00012110990056
13.3 -9.25198296304e-08 0.000109588417533
13.4 -9.25198296304e-08 9.91626842672e-05
13.5 -9.25198296304e-08 8.97380593614e-05
13.6 -9.25198296304e-08 8.12194493761e-05
13.7 -9.25198296304e-08 7.35191979823e-05
13.8 -9.25198296304e-08 6.65496488513e-05
13.9 -9.25198296304e-08 6.02311525502e-05
14 -9.25198296304e-08 5.45249798378e-05
14.1 -9.25198296304e-08 4.93699956092e-05
14.2 -9.25198296304e-08 4.47002420009e-05
14.3 -9.25198296304e-08 4.04497611497e-05
14.4 -9.25198296304e-08 3.65840471475e-05
14.5 -9.25198296304e-08 3.30932655701e-05
14.6 -9.25198296304e-08 2.99385812784e-05
14.7 -9.25198296304e-08 2.70810603616e-05
14.8 -9.25198296304e-08 2.41605729584e-05
14.9 -9.25198296304e-08 2.1991219136e-05
15 -9.25198296304e-08 1.99709533599e-05
15.1 -9.25198296304e-08 1.809977563e-05
15.2 -9.25198296304e-08 1.63776859463e-05
15.3 -9.25198296304e-08 1.47990784244e-05
15.4 -9.25198296304e-08 1.33497650974e-05
15.5 -9.25198296304e-08 1.20290522107e-05
15.6 -9.25198296304e-08 1.08369397642e-05
15.7 -9.25198296304e-08 9.77342775809e-06
15.8 -9.25198296304e-08 8.83851619227e-06
15.9 -9.25198296304e-08 8.00392960579e-06
16 -9.25198296304e-08 7.24021948782e-06
16.1 -9.25198296304e-08 6.54738281245e-06
16.2 -9.25198296304e-08 5.92541957967e-06
16.3 -9.25198296304e-08 5.37432978947e-06
16.4 -9.25198296304e-08 4.89305325288e-06
16.5 -9.25198296304e-08 4.45642387008e-06
16.6 -9.25198296304e-08 4.05378240072e-06
16.7 -9.25198296304e-08 3.68512884481e-06
16.8 -9.25198296304e-08 3.35046320235e-06
16.9 -9.25198296304e-08 3.04978547333e-06
17 -9.25198296304e-08 2.78126661259e-06
17.1 -9.25198296304e-08 2.53347029505e-06
17.2 -9.25198296304e-08 2.30441132579e-06
17.3 -9.25198296304e-08 2.09408970481e-06
17.4 -9.25198296304e-08 1.9025054321e-06
17.5 -9.25198296304e-08 1.72965850766e-06
17.6 -9.25198296304e-08 1.57359286845e-06
17.7 -9.25198296304e-08 1.42935790259e-06
17.8 -9.25198296304e-08 1.29671153809e-06
17.9 -9.25198296304e-08 1.17565377496e-06
18 -9.25198296304e-08 1.0661846132e-06
18.1 -9.25198296304e-08 9.68304052803e-07
18.2 -9.25198296304e-08 8.79725190045e-07
18.3 -9.25198296304e-08 7.9806624557e-07
18.4 -9.25198296304e-08 7.23326974644e-07
18.5 -9.25198296304e-08 6.55507377267e-07
18.6 -9.25198296304e-08 5.94607453438e-07
18.7 -9.25198296304e-08 5.40540519623e-07
18.8 -9.25198296304e-08 4.91248936543e-07
18.9 -9.25198296304e-08 4.45861179736e-07
19 -9.25198296304e-08 4.04377249202e-07
19.1 -9.25198296304e-08 3.66797144942e-07
19.2 -9.25198296304e-08 3.33120866955e-07
19.3 -9.25198296304e-08 3.0314309124e-07
19.4 -9.25198296304e-08 2.75580004764e-07
19.5 -9.25198296304e-08 2.50208754548e-07
19.6 -9.25198296304e-08 2.27029340591e-07
19.7 -9.25198296304e-08 2.06041762893e-07
19.8 -9.25198296304e-08 1.87246021455e-07
19.9 -9.25198296304e-08 1.70387180812e-07
20 -9.25198296304e-08 1.54820023248e-07
