"Time" "Prey" "Predator"
0 0.394243869064 1e-06
0.1 0.421424101888 9.42482806785e-07
0.2 0.450475264952 8.90788037242e-07
0.3 0.481530861925 8.44456052909e-07
0.4 0.514727577135 8.03108479957e-07
0.5 0.550212858842 7.66411938868e-07
0.6 0.588144115639 7.34078925474e-07
0.7 0.62869010532 7.05871995931e-07
0.8 0.672031137585 6.81600102289e-07
0.9 0.71836030086 6.61120555469e-07
1 0.767883619339 6.44336978029e-07
1.1 0.820820939303 6.31203772413e-07
1.2 0.877407691095 6.2173240973e-07
1.3 0.937895650818 6.15998819618e-07
1.4 1.00255347658 6.14147553759e-07
1.5 1.07166914366 6.16416583044e-07
1.6 1.14554929735 6.23128836626e-07
1.7 1.22452205545 6.34744547171e-07
1.8 1.30893896734 6.51884621866e-07
1.9 1.39917593723 6.75352532773e-07
2 1.49563395447 7.06248153011e-07
2.1 1.59874165329 7.45947387789e-07
2.2 1.70895759199 7.96351152022e-07
2.3 1.82677178017 8.59930144907e-07
2.4 1.95270770659 9.39932285228e-07
2.5 2.08732572546 1.04098091173e-06
2.6 2.23122398888 1.16894225713e-06
2.7 2.38504251164 1.33253329325e-06
2.8 2.54946515553 1.54342046974e-06
2.9 2.72522280967 1.8187986413e-06
3 2.91309769929 2.18537251825e-06
3.1 3.11392444971 2.67689725927e-06
3.2 3.32859448187 3.34152221253e-06
3.3 3.55806265231 4.27415625892e-06
3.4 3.80334925256 5.60245512762e-06
3.5 4.06554491053 7.50000805817e-06
3.6 4.34581480175 1.03430585762e-05
3.7 4.64540377266 1.47502035614e-05
3.8 4.96564232068 2.15491795762e-05
3.9 5.30795150524 3.21465845611e-05
4 5.67384623577 5.05113713706e-05
4.1 6.06494399292 8.21245117059e-05
4.2 6.4829629653 0.000139079749274
4.3 6.92972004426 0.000246152476618
4.4 7.40711424352 0.000455979699782
4.5 7.91707327823 0.000887434201476
4.6 8.46141050523 0.0018209028121
4.7 9.04143196596 0.00395234849323
4.8 9.656826188 0.00910656112359
4.9 10.3023833135 0.0223500951642
5 10.9578557589 0.0585547079513
5.1 11.5555276008 0.163478004747
5.2 11.8791542087 0.479325154974
5.3 11.3183462757 1.39936378554
5.4 8.84044493886 3.53596513554
5.5 4.86773566568 6.36162056695
5.6 1.96292855734 7.97190512605
5.7 0.707892418854 8.15991586703
5.8 0.26156388372 7.72025688312
5.9 0.103988431766 7.10512218223
6 0.0449646825081 6.47408547936
6.1 0.021108129424 5.87638276629
6.2 0.0106982929094 5.32527280141
6.3 0.00581688259292 4.82234650193
6.4 0.00337166418528 4.36538657474
6.5 0.00207113081118 3.95101460393
6.6 0.00134103309091 3.57562386164
6.7 0.000910666478899 3.23571668119
6.8 0.000645779376653 2.92802229271
6.9 0.000476111055972 2.64953116302
7 0.000363641946771 2.39749471461
7.1 0.00028676380424 2.16941297436
7.2 0.000232819201184 1.96301656922
7.3 0.00019397550257 1.77624809939
7.4 0.000165470708003 1.60724394696
7.5 0.000144228625215 1.45431635929
7.6 0.000128183102602 1.31593725163
7.7 0.000115940433012 1.19072325627
7.8 0.000106559677125 1.07742250372
7.9 9.93707424647e-05 0.974902886149
8 9.38953326932e-05 0.882138362394
8.1 8.97448632444e-05 0.798199223064
8.2 8.66937705795e-05 0.722246861481
8.3 8.4557956204e-05 0.653521658732
8.4 8.3195651438e-05 0.59133594652
8.5 8.25032511881e-05 0.535067385019
8.6 8.24028597895e-05 0.484153053386
8.7 8.28367741329e-05 0.438083726706
8.8 8.37624178161e-05 0.396398543698
8.9 8.5144550239e-05 0.35867921471
9 8.69580345779e-05 0.324548103733
9.1 8.91956451258e-05 0.293664777031
9.2 9.18596821279e-05 0.265721553235
9.3 9.49400655785e-05 0.240437550164
9.4 9.8434720181e-05 0.217558924719
9.5 0.000102354164181 0.196857181759
9.6 0.000106711520504 0.178125526807
9.7 0.000111519268002 0.161176380281
9.8 0.000116794312528 0.145840192225
9.9 0.000122557080736 0.131963329204
10 0.000128830646273 0.119406783643
10.1 0.000135641282009 0.108045062609
10.2 0.000143018140557 0.09776459012
10.3 0.000150993025914 0.0884623864994
10.4 0.000159600825956 0.080045324972
10.5 0.000168879596903 0.0724291851697
10.6 0.000178870566119 0.0655377280845
10.7 0.000189618319574 0.059301995389
10.8 0.00020117102275 0.0536597099434
10.9 0.000213580449586 0.0485543260893
11 0.000226902299727 0.0439347506417
11.1 0.000241196415806 0.0397547410835
11.2 0.000256527030867 0.0359724515978
11.3 0.000272963036544 0.0325500796847
11.4 0.000290578272309 0.0294533413132
11.5 0.000309451848241 0.0266512765052
11.6 0.000329668489344 0.0241158504932
11.7 0.000351318899696 0.0218216681776
11.8 0.000374500154785 0.0197457820708
11.9 0.000399316157706 0.0178674026378
12 0.000425878057783 0.0161677484786
12.1 0.000454304793178 0.0146298311723
12.2 0.000484723548226 0.0132382352532
12.3 0.000517270368707 0.0119790506069
12.4 0.000552090784704 0.0108396559108
12.5 0.000589340359161 0.00980866952317
12.6 0.000629185459089 0.00887580311671
12.7 0.000671804097689 0.00803170836499
12.8 0.000717386330979 0.0072679168971
12.9 0.000766135566201 0.00657679158826
13 0.000818269396698 0.0059514374025
13.1 0.000874020002943 0.00538554853514
13.2 0.000933636106987 0.0048734880449
13.3 0.000997383496345 0.0044101526548
13.4 0.00106554587711 0.00399087678304
13.5 0.00113842728004 0.0036114968755
13.6 0.00121635226628 0.00326821462119
13.7 0.00129966752189 0.00295757038489
13.8 0.00138874454724 0.00267648632944
13.9 0.00148397965358 0.00242213919573
14 0.00158579683797 0.00219198193259
14.1 0.00169465026375 0.00198374364913
14.2 0.00181102376 0.00179531904022
14.3 0.0019354336127 0.00162477393371
14.4 0.00206843512162 0.00147044299927
14.5 0.00221062054348 0.00133079858505
14.6 0.00236262101834 0.00120442535578
14.7 0.00252511231714 0.00109005304439
14.8 0.00269881974152 0.000986569573432
14.9 0.00288451513846 0.000892934109898
15 0.00308302216255 0.000808191280053
15.1 0.00329522638972 0.000731511118137
15.2 0.00352207237745 0.000662130863897
15.3 0.0037645666881 0.00059934154869
15.4 0.00402378701061 0.000542508147531
15.5 0.00430089010899 0.000491081382615
15.6 0.00459710691699 0.000444544522678
15.7 0.00491376287665 0.000402409953878
15.8 0.00525223621106 0.000364306382998
15.9 0.00561406409002 0.000329818679698
16 0.00600084477298 0.000298605291483
16.1 0.00641430387065 0.000270356358952
16.2 0.00685630079433 0.000244798940735
16.3 0.0073287964641 0.00022167085236
16.4 0.0078338677304 0.000200732349865
16.5 0.00837372865763 0.000181767054641
16.6 0.0089508657473 0.000164587100031
16.7 0.00956785510715 0.000149026172779
16.8 0.0102273949089 0.000134940748372
16.9 0.0109323247295 0.000122210653643
17 0.0116858421929 0.000110700848319
17.1 0.0124914067849 0.00010027839328
17.2 0.0133525603168 9.08441232677e-05
17.3 0.014273032165 8.23140810912e-05
17.4 0.0152568431267 7.4610258695e-05
17.5 0.0163085942698 6.76348453833e-05
17.6 0.0174329585549 6.13155510935e-05
17.7 0.0186348379935 5.55915952708e-05
17.8 0.019919403497 5.0411166835e-05
17.9 0.021292569133 4.57172787324e-05
18 0.0227605706966 4.14603377166e-05
18.1 0.0243298471241 3.76016813608e-05
18.2 0.0260071752082 3.41095599782e-05
18.3 0.027799924353 3.09527502706e-05
18.4 0.0297163610161 2.80929233998e-05
18.5 0.031764973903 2.55015614086e-05
18.6 0.0339547347263 2.31536933877e-05
18.7 0.0362955261485 2.10255397001e-05
18.8 0.0387978401634 1.9096048245e-05
18.9 0.0414726464442 1.73475650163e-05
19 0.0443316736056 1.57643027518e-05
19.1 0.047387974674 1.43291368006e-05
19.2 0.050655088961 1.30283542142e-05
19.3 0.0541472664231 1.18503855869e-05
19.4 0.0578801415461 1.07834907038e-05
19.5 0.061870601696 9.81619218708e-06
19.6 0.0661361921164 8.93923540441e-06
19.7 0.0706955237235 8.14448180933e-06
19.8 0.0755692074009 7.42379518953e-06
19.9 0.0807789597094 6.77010773035e-06
20 0.0863477533523 6.17728309976e-06
