"Time" "Prey" "Predator"
0 3.23882760206 6.14402582694
0.1 1.42886871152 6.94933223746
0.2 0.602097754221 6.91906618495
0.3 0.262135041059 6.52071603628
0.4 0.121479872839 6.00846487909
0.5 0.0603635278688 5.48412647545
0.6 0.0321211406545 4.98438468273
0.7 0.0182271156875 4.5210741483
0.8 0.0109735741146 4.09666165819
0.9 0.0069734406952 3.71007075606
1 0.00465472812662 3.358929579
1.1 0.00324874542445 3.04046948625
1.2 0.00236098920831 2.75189342206
1.3 0.00177992586631 2.49052679853
1.4 0.00138711785872 2.25387592674
1.5 0.0011139697224 2.0396446769
1.6 0.00091935631013 1.84573340604
1.7 0.000777592256188 1.67022975996
1.8 0.000672485245084 1.51139559351
1.9 0.000593421078208 1.3676536102
2 0.000533283206979 1.23757373004
2.1 0.00048722425809 1.11986008325
2.2 0.000451940677 1.01333907728
2.3 0.000424844960934 0.916947398444
2.4 0.000404308188052 0.829722962388
2.5 0.000389010426393 0.750794284872
2.6 0.000378061438416 0.679372954525
2.7 0.000370760106869 0.614745266086
2.8 0.000366586496806 0.556265096939
2.9 0.000365160540804 0.503348069259
3 0.000366186117675 0.455464879036
3.1 0.000369453183766 0.412136933329
3.2 0.000374802595686 0.372930891307
3.3 0.000382125078515 0.337454678969
3.4 0.000391341448474 0.305353122163
3.5 0.000402412148314 0.276305460657
3.6 0.000415332411456 0.250021688605
3.7 0.000430097559164 0.226238469928
3.8 0.000446738018272 0.204718079969
3.9 0.000465290732987 0.185245044105
4 0.000485813140628 0.167624612632
4.1 0.000508375756984 0.151680492295
4.2 0.000533063887339 0.137253334241
4.3 0.000559975039625 0.124198752987
4.4 0.00058922005526 0.112386141711
4.5 0.000620922336613 0.101697313892
4.6 0.00065521837926 0.0920253879088
4.7 0.000692257638326 0.0832735534831
4.8 0.000732203394552 0.0753543394772
4.9 0.000775232890127 0.0681885722237
5 0.000821537707702 0.0617044913246
5.1 0.000871324940994 0.0558372708991
5.2 0.000924817626458 0.0505281724544
5.3 0.00098225582057 0.045724123904
5.4 0.00104389749865 0.0413770832552
5.5 0.00111001960018 0.0374435428784
5.6 0.00118091925578 0.0338842051112
5.7 0.00125691499083 0.0306634325757
5.8 0.00133834810566 0.0277490210842
5.9 0.00142558419181 0.0251118183368
6 0.00151901471386 0.0227254418554
6.1 0.00161905868533 0.0205660568852
6.2 0.00172616458246 0.018612044487
6.3 0.00184081221693 0.0168438764271
6.4 0.00196351495061 0.0152438689623
6.5 0.00209482192477 0.0137960166193
6.6 0.00223532043678 0.012485855134
6.7 0.0023856386976 0.0113002728257
6.8 0.00254644838986 0.0102274264314
6.9 0.00271846795446 0.00925659585038
7 0.00290246542857 0.00837806561885
7.1 0.0030992621366 0.00758305884908
7.2 0.00330973645686 0.00686361536235
7.3 0.00353482702873 0.00621256344163
7.4 0.00377553744604 0.00562342254615
7.5 0.00403294187621 0.00509029357139
7.6 0.00430818677401 0.00460783588435
7.7 0.0046024976656 0.00417121348539
7.8 0.00491718797188 0.00377609793936
7.9 0.00525365820033 0.00341851976722
8 0.00561340526131 0.00309487909654
8.1 0.00599803415607 0.00280199188205
8.2 0.00640925592897 0.00253692524132
8.3 0.00684889925848 0.00229701724634
8.4 0.00731892481824 0.00207990450209
8.5 0.00782142280176 0.00188340895179
8.6 0.00835862698335 0.00170555216716
8.7 0.00893293244424 0.0015445857656
8.8 0.00954689246487 0.00139889613855
8.9 0.0102032365757 0.00126702055471
9 0.010904892895 0.00114766973259
9.1 0.0116549800347 0.00103964602358
9.2 0.0124568239167 0.000941845309417
9.3 0.0133139988649 0.000853308149414
9.4 0.0142303239131 0.000773168579614
9.5 0.0152098668484 0.000700620511775
9.6 0.0162569763846 0.000634933089625
9.7 0.0173763270529 0.000575472391209
9.8 0.018572894017 0.000521646101434
9.9 0.0198519830442 0.000472908249778
10 0.0212192933526 0.000428780777417
10.1 0.0226809157864 0.000388831796713
10.2 0.0242433377291 0.000352658310824
10.3 0.0259134931887 0.000319894225444
10.4 0.0276988371094 0.000290226047628
10.5 0.0296073042052 0.000263359972924
10.6 0.0316473557517 0.000239025608258
10.7 0.0338280789116 0.00021698511387
10.8 0.0361591883741 0.000197024151797
10.9 0.0386510305233 0.000178943291677
11 0.0413146623092 0.000162561108288
11.1 0.0441619729398 0.000147721148021
11.2 0.0472056170473 0.000134276882707
11.3 0.0504590869172 0.000122092836829
11.4 0.0539368686239 0.000111050456768
11.5 0.0576544605709 0.000101044087814
11.6 0.0616283642498 9.19749920127e-05
11.7 0.0658762041205 8.37531245942e-05
11.8 0.0704169391271 7.63004840429e-05
11.9 0.0752707573169 6.95445374763e-05
12 0.0804591788762 6.34181698047e-05
12.1 0.0860052869369 5.78620298749e-05
12.2 0.0919338087952 5.2823644867e-05
12.3 0.0982710642341 4.8253763184e-05
12.4 0.105045150698 4.41072723953e-05
12.5 0.11228629464 4.0345451954e-05
12.6 0.120026702274 3.69324600296e-05
12.7 0.128300699028 3.38351455694e-05
12.8 0.137145064588 3.1023880806e-05
12.9 0.146599251135 2.84726046688e-05
13 0.156705238505 2.61568818049e-05
13.1 0.167507825072 2.40542654813e-05
13.2 0.179055194942 2.21454433268e-05
13.3 0.191398728367 2.04126562515e-05
13.4 0.204593175861 1.88394277132e-05
13.5 0.218697145438 1.74109672002e-05
13.6 0.233773574026 1.61144507655e-05
13.7 0.249889421322 1.49378451337e-05
13.8 0.267116119714 1.38701120895e-05
13.9 0.285530470931 1.290168802e-05
14 0.305214446494 1.20238749385e-05
14.1 0.326255374962 1.12286145057e-05
14.2 0.348746658734 1.0508664243e-05
14.3 0.372788682573 9.85785173406e-06
14.4 0.398488254731 9.27041712567e-06
14.5 0.42595928574 8.74111479741e-06
14.6 0.455324178617 8.26547437777e-06
14.7 0.486713712345 7.83955016323e-06
14.8 0.520267176817 7.45975514643e-06
14.9 0.556133442275 7.12296158715e-06
15 0.594472597859 6.82670013899e-06
15.1 0.635455021095 6.5687963076e-06
15.2 0.679262374397 6.34742801138e-06
15.3 0.726089718528 6.16136438873e-06
15.4 0.77614570338 6.00986348769e-06
15.5 0.829652494447 5.8925233674e-06
15.6 0.886847306627 5.80942390919e-06
15.7 0.947985063759 5.7614959405e-06
15.8 1.01333765195 5.75022673525e-06
15.9 1.08319547945 5.77786837331e-06
16 1.15786953813 5.84788078778e-06
16.1 1.23769155487 5.9646549187e-06
16.2 1.32301598828 6.13406695871e-06
16.3 1.41422285444 6.36453426285e-06
16.4 1.51171730388 6.66624500603e-06
16.5 1.615932423 7.05281882969e-06
16.6 1.72733227822 7.54357733748e-06
16.7 1.84641163407 8.16175408779e-06
16.8 1.97369958787 8.93976346727e-06
16.9 2.10976281041 9.92433298301e-06
17 2.25520542379 1.11719217437e-05
17.1 2.41067376147 1.27673927891e-05
17.2 2.57685969513 1.48353805821e-05
17.3 2.75450083246 1.75284660373e-05
17.4 2.94438656587 2.1101280438e-05
17.5 3.14736129147 2.59329887237e-05
17.6 3.36432525507 3.24982481105e-05
17.7 3.59624176691 4.17024433245e-05
17.8 3.84414021663 5.4903386497e-05
17.9 4.10911780872 7.38399028676e-05
18 4.39234604626 0.000101978109275
18.1 4.69507434023 0.000145456439535
18.2 5.01863027701 0.000214051134178
18.3 5.36442066829 0.000325652519842
18.4 5.73392464274 0.000513533738627
18.5 6.12867569395 0.000841002429276
18.6 6.55021400352 0.00143429848285
18.7 6.99997361764 0.00255574238092
18.8 7.47901981922 0.0047693796909
18.9 7.98739610011 0.0093502696999
19 8.52248490166 0.0193138682034
19.1 9.07471361751 0.0421261241123
19.2 9.61592608364 0.0970805954321
19.3 10.0678316171 0.235348649336
19.4 10.2230406898 0.589653234118
19.5 9.61276386174 1.45166890083
19.6 7.63344088476 3.15070805835
19.7 4.64312417007 5.27860381713
19.8 2.21060560988 6.66284535098
19.9 0.941487354344 6.9991370089
20 0.400937185437 6.74588445437
