"Time" "Prey" "Predator"
0 36.0890609816 1.09192126622
0.1 14.9342589044 17.6888143551
0.2 0.632363456604 26.2409926411
0.3 0.0231579698744 24.176581868
0.4 0.00115018418756 21.8915629197
0.5 7.63674320623e-05 19.809073755
0.6 6.64118704729e-06 17.9240416316
0.7 7.11953056153e-07 16.2183485701
0.8 9.51621516022e-08 14.6749700234
0.9 3.53476028194e-10 13.2784630869
1 -1.51856552124e-08 12.0148441436
1.1 -2.00563652886e-08 10.8714790531
1.2 -2.00987443812e-08 9.83691947677
1.3 -2.00878119921e-08 8.90081064071
1.4 -1.99943402435e-08 8.05378229279
1.5 -1.98739342475e-08 7.28737110038
1.6 -1.98126952133e-08 6.59388960906
1.7 -1.98527611521e-08 5.96639555168
1.8 -1.98365135201e-08 5.39861930593
1.9 -1.98388429173e-08 4.88487306801
2 -1.98390936101e-08 4.42001598819
2.1 -1.98390936101e-08 3.99939601841
2.2 -1.98390936101e-08 3.61880339342
2.3 -1.98390936101e-08 3.27442888684
2.4 -1.98390936101e-08 2.96282613965
2.5 -1.98390936101e-08 2.68087586041
2.6 -1.98390936101e-08 2.42575596157
2.7 -1.98390936101e-08 2.19491457966
2.8 -1.98390936101e-08 1.98604075498
2.9 -1.98390936101e-08 1.79704400651
3 -1.98390936101e-08 1.62603263718
3.1 -1.98390936101e-08 1.4712950996
3.2 -1.98390936101e-08 1.33128285345
3.3 -1.98390936101e-08 1.20459453371
3.4 -1.98390936101e-08 1.08996216409
3.5 -1.98390936101e-08 0.986238354559
3.6 -1.98390936101e-08 0.892384845539
3.7 -1.98390936101e-08 0.80746309324
3.8 -1.98390936101e-08 0.730622585828
3.9 -1.98390936101e-08 0.6610945575
4 -1.98390936101e-08 0.598183077435
4.1 -1.98390936101e-08 0.541258264612
4.2 -1.98390936101e-08 0.489750755635
4.3 -1.98390936101e-08 0.443144625079
4.4 -1.98390936101e-08 0.400973822965
4.5 -1.98390936101e-08 0.362816081023
4.6 -1.98390936101e-08 0.328289515456
4.7 -1.98390936101e-08 0.297048644641
4.8 -1.98390936101e-08 0.268780626515
4.9 -1.98390936101e-08 0.243202778439
5 -1.98390936101e-08 0.220058906147
5.1 -1.98390936101e-08 0.199117512899
5.2 -1.98390936101e-08 0.180168966448
5.3 -1.98390936101e-08 0.163023579495
5.4 -1.98390936101e-08 0.147509844348
5.5 -1.98390936101e-08 0.133472375485
5.6 -1.98390936101e-08 0.120770800206
5.7 -1.98390936101e-08 0.109277917019
5.8 -1.98390936101e-08 0.0988787319431
5.9 -1.98390936101e-08 0.0894691644272
6 -1.98390936101e-08 0.080954994952
6.1 -1.98390936101e-08 0.0732511132258
6.2 -1.98390936101e-08 0.0662803313442
6.3 -1.98390936101e-08 0.0599729156085
6.4 -1.98390936101e-08 0.0542657416982
6.5 -1.98390936101e-08 0.0491016520203
6.6 -1.98390936101e-08 0.0444290170011
6.7 -1.98390936101e-08 0.0402010229797
6.8 -1.98390936101e-08 0.0363753812457
6.9 -1.98390936101e-08 0.0329138087647
7 -1.98390936101e-08 0.0297816351556
7.1 -1.98390936101e-08 0.0269475421724
7.2 -1.98390936101e-08 0.0243831368252
7.3 -1.98390936101e-08 0.0220627692634
7.4 -1.98390936101e-08 0.0199632193756
7.5 -1.98390936101e-08 0.0180634595805
7.6 -1.98390936101e-08 0.0163444967508
7.7 -1.98390936101e-08 0.0147891088928
7.8 -1.98390936101e-08 0.0133817369312
7.9 -1.98390936101e-08 0.0121082963528
8 -1.98390936101e-08 0.0109560340449
8.1 -1.98390936101e-08 0.00991342990473
8.2 -1.98390936101e-08 0.00897004084038
8.3 -1.98390936101e-08 0.00811642713938
8.4 -1.98390936101e-08 0.00734403827887
8.5 -1.98390936101e-08 0.00664513788277
8.6 -1.98390936101e-08 0.00601276000107
8.7 -1.98390936101e-08 0.00544058509169
8.8 -1.98390936101e-08 0.00492287332715
8.9 -1.98390936101e-08 0.00445442022761
9 -1.98390936101e-08 0.0040305461931
9.1 -1.98390936101e-08 0.00364702386048
9.2 -1.98390936101e-08 0.00329997586623
9.3 -1.98390936101e-08 0.00298593766647
9.4 -1.98390936101e-08 0.00270179493696
9.5 -1.98390936101e-08 0.00244468264639
9.6 -1.98390936101e-08 0.00221203578222
9.7 -1.98390936101e-08 0.00200154205128
9.8 -1.98390936101e-08 0.00181107174035
9.9 -1.98390936101e-08 0.00163872305309
10 -1.98390936101e-08 0.00148278451219
10.1 -1.98390936101e-08 0.00134167870692
10.2 -1.98390936101e-08 0.00121400330563
10.3 -1.98390936101e-08 0.00109849262299
10.4 -1.98390936101e-08 0.000993972929054
10.5 -1.98390936101e-08 0.000899375721427
10.6 -1.98390936101e-08 0.000813784655006
10.7 -1.98390936101e-08 0.000736343464278
10.8 -1.98390936101e-08 0.000666263224663
10.9 -1.98390936101e-08 0.000602849347991
11 -1.98390936101e-08 0.000545478202221
11.1 -1.98390936101e-08 0.000493569129132
11.2 -1.98390936101e-08 0.000446593346484
11.3 -1.98390936101e-08 0.000404093648108
11.4 -1.98390936101e-08 0.000365642716258
11.5 -1.98390936101e-08 0.000330845415986
11.6 -1.98390936101e-08 0.000299356396443
11.7 -1.98390936101e-08 0.000270866993764
11.8 -1.98390936101e-08 0.000245089274987
11.9 -1.98390936101e-08 0.000221756194738
12 -1.98390936101e-08 0.0002006554967
12.1 -1.98390936101e-08 0.000181561566815
12.2 -1.98390936101e-08 0.000164282667168
12.3 -1.98390936101e-08 0.000148650345694
12.4 -1.98390936101e-08 0.00013451006992
12.5 -1.98390936101e-08 0.000121715676515
12.6 -1.98390936101e-08 0.000110133814692
12.7 -1.98390936101e-08 9.96448896785e-05
12.8 -1.98390936101e-08 9.01454645705e-05
12.9 -1.98390936101e-08 8.15438541755e-05
13 -1.98390936101e-08 7.3761541201e-05
13.1 -1.98390936101e-08 6.67328651964e-05
13.2 -1.98390936101e-08 6.0379159226e-05
13.3 -1.98390936101e-08 5.46280368746e-05
13.4 -1.98390936101e-08 4.94248217403e-05
13.5 -1.98390936101e-08 4.47233975685e-05
13.6 -1.98390936101e-08 4.0480417748e-05
13.7 -1.98390936101e-08 3.66405638866e-05
13.8 -1.98390936101e-08 3.31635886275e-05
13.9 -1.98390936101e-08 3.00156237805e-05
14 -1.98390936101e-08 2.7111405899e-05
14.1 -1.98390936101e-08 2.45695269742e-05
14.2 -1.98390936101e-08 2.22470008775e-05
14.3 -1.98390936101e-08 2.01333003024e-05
14.4 -1.98390936101e-08 1.82178979422e-05
14.5 -1.98390936101e-08 1.64878553298e-05
14.6 -1.98390936101e-08 1.49232595732e-05
14.7 -1.98390936101e-08 1.35094723423e-05
14.8 -1.98390936101e-08 1.22323683829e-05
14.9 -1.98390936101e-08 1.10778224407e-05
15 -1.98390936101e-08 1.00318397075e-05
15.1 -1.98390936101e-08 9.08672362874e-06
15.2 -1.98390936101e-08 8.23420318803e-06
15.3 -1.98390936101e-08 7.46331872401e-06
15.4 -1.98390936101e-08 6.76311057535e-06
15.5 -1.98390936101e-08 6.12261908073e-06
15.6 -1.98390936101e-08 5.53456290679e-06
15.7 -1.98390936101e-08 5.00230050253e-06
15.8 -1.98390936101e-08 4.52114374824e-06
15.9 -1.98390936101e-08 4.08562180491e-06
16 -1.98390936101e-08 3.69026383356e-06
16.1 -1.98390936101e-08 3.24979799672e-06
16.2 -1.98390936101e-08 2.96028889041e-06
16.3 -1.98390936101e-08 2.68984601512e-06
16.4 -1.98390936101e-08 2.43846937086e-06
16.5 -1.98390936101e-08 2.20615895762e-06
16.6 -1.98390936101e-08 1.99291477541e-06
16.7 -1.98390936101e-08 1.79809810445e-06
16.8 -1.98390936101e-08 1.61966642161e-06
16.9 -1.98390936101e-08 1.45746665433e-06
17 -1.98390936101e-08 1.31149880261e-06
17.1 -1.98390936101e-08 1.18176286645e-06
17.2 -1.98390936101e-08 1.06825884585e-06
17.3 -1.98390936101e-08 9.67715766722e-07
17.4 -1.98390936101e-08 8.75721855158e-07
17.5 -1.98390936101e-08 7.92253272641e-07
17.6 -1.98390936101e-08 7.1731001917e-07
17.7 -1.98390936101e-08 6.50892094746e-07
17.8 -1.98390936101e-08 5.92932964749e-07
17.9 -1.98390936101e-08 5.40522863905e-07
18 -1.98390936101e-08 4.92105650169e-07
18.1 -1.98390936101e-08 4.4768132354e-07
18.2 -1.98390936101e-08 4.07249884018e-07
18.3 -1.98390936101e-08 3.70811331603e-07
18.4 -1.98390936101e-08 3.38210493739e-07
18.5 -1.98390936101e-08 3.08147104369e-07
18.6 -1.98390936101e-08 2.80328494402e-07
18.7 -1.98390936101e-08 2.54754663839e-07
18.8 -1.98390936101e-08 2.3142561268e-07
18.9 -1.98390936101e-08 2.10341340925e-07
19 -1.98390936101e-08 1.91313902997e-07
19.1 -1.98390936101e-08 1.7374227916e-07
19.2 -1.98390936101e-08 1.57581427263e-07
19.3 -1.98390936101e-08 1.42831347308e-07
19.4 -1.98390936101e-08 1.29492039294e-07
19.5 -1.98390936101e-08 1.17563503221e-07
19.6 -1.98390936101e-08 1.06803233681e-07
19.7 -1.98390936101e-08 9.68841479758e-08
19.8 -1.98390936101e-08 8.78044787506e-08
19.9 -1.98390936101e-08 7.95642260056e-08
20 -1.98390936101e-08 7.21633897409e-08
