"Time" "Prey" "Predator"
0 0.000160170133784 3.49734160978
0.1 0.000109890967351 3.16457088989
0.2 7.86301829815e-05 2.86344957393
0.3 5.84512656333e-05 2.59097468704
0.4 4.49535046558e-05 2.34442214723
0.5 3.56756099675e-05 2.12132829337
0.6 2.91342338938e-05 1.91946312198
0.7 2.44084539922e-05 1.73680639942
0.8 2.09281444835e-05 1.57152957685
0.9 1.83333099746e-05 1.42197928826
1 1.64022510305e-05 1.2866648347
1.1 1.49657205036e-05 1.16422901535
1.2 1.37679332879e-05 1.05343788591
1.3 1.28677639247e-05 0.953190793564
1.4 1.22007521919e-05 0.862484508174
1.5 1.168744953e-05 0.780409281521
1.6 1.1315058182e-05 0.706144283177
1.7 1.10586409416e-05 0.638946499466
1.8 1.09007134367e-05 0.578143458899
1.9 1.08280402236e-05 0.523126442012
2 1.08312248146e-05 0.473344960419
2.1 1.09031438281e-05 0.428300924607
2.2 1.10383679953e-05 0.387543205249
2.3 1.12332263189e-05 0.350664096364
2.4 1.1485115574e-05 0.317294444616
2.5 1.17924670871e-05 0.287100280098
2.6 1.21545206835e-05 0.259779497506
2.7 1.25711789108e-05 0.23505853434
2.8 1.30429725082e-05 0.21269011889
2.9 1.35709254461e-05 0.192450265211
3 1.41565593854e-05 0.174136498726
3.1 1.48018182813e-05 0.157565503377
3.2 1.55090623806e-05 0.142571440494
3.3 1.62810288055e-05 0.129004039184
3.4 1.71208544697e-05 0.116727611164
3.5 1.80320901322e-05 0.105619661726
3.6 1.90186067379e-05 0.0955687540421
3.7 2.00847020076e-05 0.0864743906933
3.8 2.12350478318e-05 0.0782454515256
3.9 2.24747329027e-05 0.0707995757518
4 2.3809271713e-05 0.0640622228576
4.1 2.52446265201e-05 0.0579660212684
4.2 2.67872254965e-05 0.0524499721474
4.3 2.84439873985e-05 0.0474588388073
4.4 3.02223516176e-05 0.0429426566873
4.5 3.2130308177e-05 0.0388562306547
4.6 3.41764310489e-05 0.0351586746932
4.7 3.63699143968e-05 0.0318129595644
4.8 3.87206123038e-05 0.0287856580729
4.9 4.12390810346e-05 0.0260464488837
5 4.3936624208e-05 0.0235679044967
5.1 4.68253429238e-05 0.0213252228705
5.2 4.99181904434e-05 0.0192959412682
5.3 5.32290258762e-05 0.0174597770406
5.4 5.67726789208e-05 0.0157983411291
5.5 6.05650124814e-05 0.0142950077587
5.6 6.46229934751e-05 0.01293474327
5.7 6.89647705097e-05 0.0117039174758
5.8 7.36097490172e-05 0.0105902194352
5.9 7.85786839935e-05 0.00958249585855
6 8.3893767177e-05 0.00867066527775
6.1 8.95787263023e-05 0.00784561106145
6.2 9.56589350244e-05 0.00709906631437
6.3 0.000102161517452 0.00642356427621
6.4 0.000109115484889 0.00581233146706
6.5 0.000116551844258 0.00525925468022
6.6 0.000124503726574 0.00475882498404
6.7 0.00013300660231 0.00430603446784
6.8 0.000142098365199 0.00389634244998
6.9 0.000151819457001 0.00352562562783
7 0.000162213217163 0.00319018803764
7.1 0.000173325969082 0.00288668338767
7.2 0.000185207108358 0.00261203812347
7.3 0.000197909556312 0.0023635093236
7.4 0.000211489933488 0.00213863986934
7.5 0.000226008593659 0.00193516271862
7.6 0.00024153014724 0.00175104016138
7.7 0.000258123785289 0.0015844519482
7.8 0.000275863246284 0.00143371504827
7.9 0.000294827408086 0.00129731031151
8 0.00031510081603 0.001173894476
8.1 0.000336773561197 0.00106222237664
8.2 0.000359941980383 0.000961167488676
8.3 0.000384709432596 0.00086973956012
8.4 0.000411185979232 0.000787016749624
8.5 0.000439489012855 0.000712150156479
8.6 0.000469744721132 0.000644403261312
8.7 0.000502087858601 0.000583108021535
8.8 0.000536661980303 0.00052764362359
8.9 0.000573620622411 0.000477448775643
9 0.000613128749826 0.000432035543388
9.1 0.000655361920646 0.000390947407764
9.2 0.000700507398037 0.000353764142627
9.3 0.000748766413166 0.000320119383011
9.4 0.000800353853234 0.000289680062653
9.5 0.000855498646075 0.000262136102598
9.6 0.000914445633379 0.000237207229535
9.7 0.000977457897307 0.00021465215366
9.8 0.00104481540298 0.000194244399192
9.9 0.00111682002685 0.000175768463474
10 0.00119378343287 0.000159063560671
10.1 0.00127605657844 0.000143945373669
10.2 0.00136400272587 0.000130264540067
10.3 0.00145801348211 0.000117884197264
10.4 0.00155851228513 0.000106685374611
10.5 0.00166594552843 9.65532663086e-05
10.6 0.00178078602926 8.73825955041e-05
10.7 0.00190353495254 7.90779799705e-05
10.8 0.00203475524857 7.15562539499e-05
10.9 0.00217503801139 6.47441321469e-05
11 0.00232499842623 5.8577928329e-05
11.1 0.00248528398539 5.30041258182e-05
11.2 0.00265660208081 4.79702558849e-05
11.3 0.00283975392325 4.34136846968e-05
11.4 0.00303554943411 3.92897485196e-05
11.5 0.00324484032354 3.55608186946e-05
11.6 0.00346852620537 3.21950343889e-05
11.7 0.00370764316683 2.91516825289e-05
11.8 0.00396327533144 2.63957959735e-05
11.9 0.00423654334269 2.39000544964e-05
12 0.00452862637927 2.1641150771e-05
12.1 0.00484081270358 1.95971400839e-05
12.2 0.00517456359155 1.77440884627e-05
12.3 0.00553135516733 1.6064365365e-05
12.4 0.00591273954208 1.45434381391e-05
12.5 0.00632035588765 1.31693667128e-05
12.6 0.00675609173826 1.19258492016e-05
12.7 0.00722192299851 1.07991198332e-05
12.8 0.00771989159598 9.77891243935e-06
12.9 0.00825214606959 8.85671052069e-06
13 0.00882103166337 8.02398452288e-06
13.1 0.00942921287483 7.26979412651e-06
13.2 0.0100793805636 6.58651879038e-06
13.3 0.0107743635808 5.96767367772e-06
13.4 0.0115171477988 5.40771823427e-06
13.5 0.0123111688178 4.90040472787e-06
13.6 0.013160031511 4.44036058257e-06
13.7 0.0140674578127 4.0233829653e-06
13.8 0.0150373641886 3.64600169172e-06
13.9 0.0160740181442 3.30483443502e-06
14 0.0171822769854 2.99560306748e-06
14.1 0.0183670469265 2.71536205649e-06
14.2 0.0196334842172 2.46166984948e-06
14.3 0.0209870285367 2.23249429594e-06
14.4 0.0224339324507 2.02513212366e-06
14.5 0.02398077247 1.837206777e-06
14.6 0.0256343325529 1.66690616682e-06
14.7 0.027401751547 1.51268176962e-06
14.8 0.0292907431628 1.37310411637e-06
14.9 0.0313100374802 1.24657274561e-06
15 0.0334686048881 1.13182603473e-06
15.1 0.0357759145715 1.02777508348e-06
15.2 0.0382423530088 9.33401556268e-07
15.3 0.0408789829254 8.47811454087e-07
15.4 0.0436973678375 7.70274255197e-07
15.5 0.0467098624972 7.0013308932e-07
15.6 0.0499302095812 6.36584638538e-07
15.7 0.0533726774698 5.78997182669e-07
15.8 0.0570522846888 5.26828641103e-07
15.9 0.0609855224228 4.79554564303e-07
16 0.0651901563609 4.36684462895e-07
16.1 0.0696846680589 3.97807842964e-07
16.2 0.0744886929525 3.62563541906e-07
16.3 0.0796239615572 3.30596226594e-07
16.4 0.0851133178757 3.01601762146e-07
16.5 0.0909809906603 2.75314112129e-07
16.6 0.0972533713883 2.51466770594e-07
16.7 0.103958219638 2.29832491548e-07
16.8 0.111125078441 2.10210178973e-07
16.9 0.118786240461 1.92402874931e-07
17 0.126975585583 1.7624249886e-07
17.1 0.135729251425 1.6157902879e-07
17.2 0.145086675525 1.48266970486e-07
17.3 0.155089194872 1.36182937594e-07
17.4 0.165781015529 1.25215785466e-07
17.5 0.177210284318 1.15257248669e-07
17.6 0.189427432425 1.06216161224e-07
17.7 0.202486427484 9.80101654611e-08
17.8 0.21644587607 9.05598373046e-08
17.9 0.231367552323 8.37967054652e-08
18 0.247318128885 7.76576942724e-08
18.1 0.264368328532 7.2087140316e-08
18.2 0.282593830235 6.703471711e-08
18.3 0.302076050937 6.24536175627e-08
18.4 0.322901056598 5.83033473392e-08
18.5 0.345162018158 5.4545982918e-08
18.6 0.368957276518 5.11486341323e-08
18.7 0.394393428446 4.80807574912e-08
18.8 0.421583191437 4.53158969353e-08
18.9 0.450646854344 4.28306141846e-08
19 0.481714162176 4.06036380454e-08
19.1 0.514923153782 3.86163560032e-08
19.2 0.550421335209 3.6852682359e-08
19.3 0.588366586591 3.52991953183e-08
19.4 0.628927931571 3.39439030279e-08
19.5 0.672285783825 3.27776938408e-08
19.6 0.718632781782 3.17938734159e-08
19.7 0.768174792026 3.0987637687e-08
19.8 0.821132296991 3.0357100712e-08
19.9 0.877740667222 2.9902755708e-08
20 0.938251402139 2.96280178122e-08
