"Time" "Prey" "Predator"
0 7.4024460387 4.62223180713
0.1 3.55674572067 7.17678198167
0.2 1.34286634377 8.17156977341
0.3 0.483336638454 8.04182664763
0.4 0.182889148501 7.50365208227
0.5 0.0749605052817 6.8716685146
0.6 0.0334226182913 6.24958126068
0.7 0.0161495844683 5.66821436509
0.8 0.00840555305229 5.1348626856
0.9 0.00468245126052 4.64915754835
1 0.00277456375809 4.20825811151
1.1 0.00173886148903 3.80862962855
1.2 0.00114642295558 3.44667873821
1.3 0.000791353178217 3.11898156278
1.4 0.000569542248826 2.82236083873
1.5 0.000425572023939 2.55390350397
1.6 0.000329012745396 2.31095392788
1.7 0.000262317461134 2.0910990047
1.8 0.000215082122422 1.89214945745
1.9 0.000180841920304 1.71212103164
2 0.000155530847049 1.5492165602
2.1 0.000136566180182 1.40180895715
2.2 0.000122186166148 1.26842512626
2.3 0.000111184176874 1.14773129178
2.4 0.000102744655714 1.03852096208
2.5 9.62784967978e-05 0.939702278445
2.6 9.13780539674e-05 0.850287161454
2.7 8.76908934463e-05 0.76937859176
2.8 8.5020175772e-05 0.696168534738
2.9 8.32001031815e-05 0.629924715738
3 8.21047632064e-05 0.569984260145
3.1 8.16423318461e-05 0.515747386413
3.2 8.17430560715e-05 0.466671416296
3.3 8.23554972576e-05 0.422265444597
3.4 8.34426592809e-05 0.382085395436
3.5 8.49743418459e-05 0.345728169108
3.6 8.6928981789e-05 0.312829581344
3.7 8.92990776629e-05 0.283061251627
3.8 9.2088959614e-05 0.256126874705
3.9 9.52926169377e-05 0.231755854766
4 9.89097098646e-05 0.209703405463
4.1 0.000102950814085 0.18974915641
4.2 0.000107430289299 0.171693864418
4.3 0.000112362012223 0.155356695224
4.4 0.000117763825291 0.140574254887
4.5 0.000123657041625 0.127198486347
4.6 0.000130065567906 0.11509536282
4.7 0.000137016417171 0.104143875171
4.8 0.000144539576078 0.0942346046817
4.9 0.000152667661586 0.0852682888983
5 0.000161436347524 0.0771551592645
5.1 0.000170884487065 0.0698140271206
5.2 0.000181054145617 0.0631714247263
5.3 0.000191990747543 0.0571608539169
5.4 0.00020374333072 0.0517222832937
5.5 0.000216364612681 0.0468012464892
5.6 0.000229911257154 0.0423484705742
5.7 0.000244444123531 0.0383194003508
5.8 0.000260028519277 0.0346736847484
5.9 0.000276734470193 0.031374884444
6 0.000294637021061 0.0283899667533
6.1 0.000313816559392 0.0256890703349
6.2 0.000334359166369 0.0232451937281
6.3 0.000356356994293 0.0210338493403
6.4 0.000379908656325 0.0190329184438
6.5 0.000405119691411 0.0172223656308
6.6 0.000432103006349 0.0155840817379
6.7 0.000460979377095 0.0141016900621
6.8 0.000491878001872 0.0127603401733
6.9 0.000524937036512 0.0115466205176
7 0.000560304275304 0.0104483682606
7.1 0.000598137720614 0.00945460181997
7.2 0.000638606281856 0.00855541135154
7.3 0.000681890755225 0.00774179078378
7.4 0.000728184217386 0.00700558367289
7.5 0.000777693057894 0.006339406295
7.6 0.000830638357369 0.00573662888742
7.7 0.000887255966485 0.00519118634992
7.8 0.000947798189016 0.00469760693571
7.9 0.00101253514699 0.00425099775649
8 0.00108175494224 0.00384686502776
8.1 0.00115576604881 0.00348117427159
8.2 0.00123489833213 0.00315028557472
8.3 0.00131950372476 0.00285085991537
8.4 0.00140995928417 0.00257991808269
8.5 0.00150666780077 0.00233475609773
8.6 0.0016100593032 0.00211290259064
8.7 0.00172059508374 0.0019121703865
8.8 0.00183876701974 0.00173054822479
8.9 0.00196509950281 0.00156617828428
9 0.00210015476653 0.0014174130795
9.1 0.00224453548525 0.00128280591009
9.2 0.00239888311401 0.00116100071434
9.3 0.00256388248441 0.00105075825699
9.4 0.0027402701078 0.000951004269485
9.5 0.00292883084328 0.000860746459028
9.6 0.00313040128037 0.000779067189619
9.7 0.00334587817086 0.000705149000672
9.8 0.00357622262229 0.000638269158255
9.9 0.00382245765516 0.00057774976936
10 0.00408567540757 0.000522969253987
10.1 0.00436705048437 0.000473395937449
10.2 0.00466783459061 0.000428537721263
10.3 0.00498938452677 0.000387915494786
10.4 0.00533306662486 0.000351192248446
10.5 0.00570046938292 0.000317949168104
10.6 0.00609321328524 0.000287862998557
10.7 0.00651303965978 0.000260631214144
10.8 0.00696183997246 0.000235992886948
10.9 0.00744161461208 0.000213699326643
11 0.0079544811704 0.00019351997896
11.1 0.00850267829489 0.000175245129306
11.2 0.00908867913627 0.000158689708326
11.3 0.00971515982852 0.000143692234574
11.4 0.0103848779431 0.000130110737302
11.5 0.0111007380057 0.000117824954195
11.6 0.0118658470134 0.000106727713285
11.7 0.0126837843535 9.66830331633e-05
11.8 0.0135582030335 8.75880245284e-05
11.9 0.0144929215001 7.93586370672e-05
12 0.0154919559554 7.19247074903e-05
12.1 0.0165598392203 6.52051712878e-05
12.2 0.0177014897184 5.91182478552e-05
12.3 0.0189219285307 5.36034364818e-05
12.4 0.0202264423253 4.86088502668e-05
12.5 0.0216206998095 4.40882895696e-05
12.6 0.0231112322362 3.99891663346e-05
12.7 0.0247046866565 3.62712706867e-05
12.8 0.0264080176913 3.29019515011e-05
12.9 0.0282285407852 2.98547881875e-05
13 0.0301744368805 2.7098659198e-05
13.1 0.0322545820165 2.46014329891e-05
13.2 0.0344781615732 2.23383237077e-05
13.3 0.036854953821 2.02872273244e-05
13.4 0.0393957499956 1.84274259355e-05
13.5 0.0421118232409 1.67412257794e-05
13.6 0.0450150282329 1.52136499536e-05
13.7 0.0481183087302 1.38299702361e-05
13.8 0.0514357289567 1.25755494472e-05
13.9 0.0549818807478 1.14388193855e-05
14 0.0587722530189 1.04096485155e-05
14.1 0.0628240867259 9.47692462235e-06
14.2 0.0671554372143 8.63120594748e-06
14.3 0.0717852526588 7.86449940618e-06
14.4 0.0767339839139 7.1694634453e-06
14.5 0.0820240165443 6.53899804228e-06
14.6 0.0876787171208 5.96714977943e-06
14.7 0.0937232248274 5.44845794601e-06
14.8 0.100184646655 4.97781076422e-06
14.9 0.107091412876 4.55091705059e-06
15 0.114474268771 4.16370429458e-06
15.1 0.12236632009 3.8122929397e-06
15.2 0.130802280612 3.49342348767e-06
15.3 0.139819792429 3.20403285092e-06
15.4 0.149459221529 2.94130391802e-06
15.5 0.159762955807 2.70283764967e-06
15.6 0.170777065826 2.48635355221e-06
15.7 0.182550768671 2.28977777068e-06
15.8 0.195135811966 2.11134682219e-06
15.9 0.208588361307 1.94937671412e-06
16 0.222968411686 1.80232911661e-06
16.1 0.238339709531 1.66885143697e-06
16.2 0.254770969769 1.54770087104e-06
16.3 0.27233476885 1.43779588125e-06
16.4 0.291109572629 1.33812127034e-06
16.5 0.311178731449 1.2477752849e-06
16.6 0.332631255393 1.16595326593e-06
16.7 0.355563033847 1.09190977426e-06
16.8 0.380075270313 1.02500342304e-06
16.9 0.406277888173 9.64632089272e-07
17 0.434286715008 9.10281575547e-07
17.1 0.464226058505 8.61491173764e-07
17.2 0.496229449735 8.17846538362e-07
17.3 0.530438983065 7.78985519774e-07
17.4 0.567006678227 7.44604572773e-07
17.5 0.606095272294 7.14440900159e-07
17.6 0.647878886496 6.88267892602e-07
17.7 0.692543194793 6.65925884036e-07
17.8 0.740286631871 6.47292166969e-07
17.9 0.791321386909 6.32292589909e-07
18 0.845874575841 6.20912347e-07
18.1 0.904188487099 6.13184330143e-07
18.2 0.966522505318 6.09216896895e-07
18.3 1.03315390169 6.09193961632e-07
18.4 1.10437863347 6.13377794157e-07
18.5 1.18051366941 6.22165002611e-07
18.6 1.26189745142 6.36070484215e-07
18.7 1.34889155056 6.5577686326e-07
18.8 1.44188323711 6.82243375955e-07
18.9 1.54128574329 7.16651463565e-07
19 1.64754048932 7.60517833518e-07
19.1 1.76112007722 8.16048083834e-07
19.2 1.88252962135 8.86045354126e-07
19.3 2.01230915004 9.74089436994e-07
19.4 2.15103568649 1.08549637126e-06
19.5 2.29932593514 1.22746150941e-06
19.6 2.45783914824 1.40919069046e-06
19.7 2.62728006447 1.64443584573e-06
19.8 2.80840215533 1.95444994074e-06
19.9 3.0020104845 2.36649649271e-06
20 3.20896544166 2.920445822e-06
