"Time" "Prey" "Predator"
0 1.61223442202e-05 1.52468757656
0.1 1.42027363498e-05 1.37959755088
0.2 1.27441496241e-05 1.2483141037
0.3 1.16273402966e-05 1.12952315555
0.4 1.07692263014e-05 1.02203574168
0.5 1.0111286288e-05 0.924776347647
0.6 9.61161394798e-06 0.836772942735
0.7 9.23924714222e-06 0.757144043165
0.8 8.97148896017e-06 0.685092652247
0.9 8.7913863224e-06 0.61989678137
1 8.68664582034e-06 0.560905904514
1.1 8.64851182421e-06 0.507531354916
1.2 8.6688141423e-06 0.459235340302
1.3 8.74151133846e-06 0.415532585537
1.4 8.86426405384e-06 0.375989749961
1.5 9.0340542473e-06 0.340210259104
1.6 9.24885780548e-06 0.307835332047
1.7 9.50775335329e-06 0.278541158956
1.8 9.81029669705e-06 0.252034697671
1.9 1.01565702291e-05 0.228050731257
2 1.05471100062e-05 0.206349070486
2.1 1.09828675691e-05 0.186712583346
2.2 1.14651645692e-05 0.168944838921
2.3 1.19956515298e-05 0.152867878612
2.4 1.25763100477e-05 0.138320828102
2.5 1.32094331361e-05 0.125158067103
2.6 1.38976206146e-05 0.113247914702
2.7 1.46437730577e-05 0.102471128877
2.8 1.545109961e-05 0.0927199104423
2.9 1.63231172252e-05 0.0838966033147
3 1.726366599e-05 0.0759129601187
3.1 1.82769137609e-05 0.0686890270841
3.2 1.9367376111e-05 0.0621525584599
3.3 2.05399263663e-05 0.0562380875981
3.4 2.17998205039e-05 0.0508864815766
3.5 2.31527103751e-05 0.0460441248508
3.6 2.46046691189e-05 0.0416624485497
3.7 2.61622224558e-05 0.037697646757
3.8 2.78323757037e-05 0.0341102874473
3.9 2.96226300952e-05 0.0308643293818
4 3.15410270514e-05 0.0279272907243
4.1 3.35961804978e-05 0.0252697831525
4.2 3.57973123637e-05 0.0228651469377
4.3 3.81542946061e-05 0.0206893237359
4.4 4.06776945324e-05 0.0187205215762
4.5 4.33788188412e-05 0.0169390828562
4.6 4.62697641695e-05 0.0153271955531
4.7 4.9363469629e-05 0.0138687010434
4.8 5.26737731304e-05 0.0125489895093
4.9 5.62154781072e-05 0.0113548522251
5 6.00044122497e-05 0.0102743482418
5.1 6.40575053316e-05 0.0092966492844
5.2 6.83928582349e-05 0.00841197300786
5.3 7.302981742e-05 0.00761151795991
5.4 7.79890886525e-05 0.00688726206838
5.5 8.32927924175e-05 0.00623193631125
5.6 8.89645582805e-05 0.00563895553771
5.7 9.50297056189e-05 0.00510241574062
5.8 0.000101515257369 0.00461693136512
5.9 0.000108450088088 0.00417761178828
6 0.000115865141545 0.00378010700455
6.1 0.000123793423283 0.00342042792677
6.2 0.000132270227805 0.00309496558224
6.3 0.000141333352312 0.00280048984404
6.4 0.000151023104781 0.00253403052644
6.5 0.000161382629408 0.00229291956945
6.6 0.000172458081046 0.0020747614157
6.7 0.000184298693933 0.00187735501904
6.8 0.000196957254439 0.00169874276517
6.9 0.000210490141179 0.00153714627651
7 0.000224957442233 0.00139092085181
7.1 0.000240423407412 0.00125857675279
7.2 0.000256957108406 0.00113883304434
7.3 0.000274632048912 0.00103048847709
7.4 0.000293526626384 0.000932438504816
7.5 0.000313725069316 0.000843716490453
7.6 0.00033531735998 0.000763447437934
7.7 0.000358399354065 0.00069081844919
7.8 0.000383073541628 0.000625092427743
7.9 0.000409450067301 0.000565629687381
8 0.000437646155547 0.000511830467357
8.1 0.000467786830966 0.000463141009571
8.2 0.000500006421353 0.000419081225752
8.3 0.000534448429561 0.000379217674341
8.4 0.00057126572026 0.000343147025218
8.5 0.00061062252246 0.000310497719242
8.6 0.000652692222044 0.000280970044226
8.7 0.000697663878882 0.000254250376621
8.8 0.00074573642119 0.000230070040692
8.9 0.000797125926353 0.000208194521578
9 0.000852062294128 0.000188406035784
9.1 0.000910788558883 0.000170499927862
9.2 0.000973561841072 0.00015428965535
9.3 0.00104066030148 0.000139608453556
9.4 0.0011123937115 0.000126311865979
9.5 0.00118907948802 0.000114272007287
9.6 0.00127105160794 0.000103379697377
9.7 0.00135866256734 9.3542979996e-05
9.8 0.00145231703586 8.46482636787e-05
9.9 0.00155244024897 7.65968175941e-05
10 0.00165947127331 6.93125477e-05
10.1 0.00177387214393 6.27314464424e-05
10.2 0.00189614619682 5.67909820775e-05
10.3 0.00202686631516 5.14137499764e-05
10.4 0.00216661128357 4.65443102227e-05
10.5 0.00231598939049 4.21355267472e-05
10.6 0.00247564248645 3.81472268604e-05
10.7 0.00264630823987 3.45348084705e-05
10.8 0.00282876193148 3.12598916838e-05
10.9 0.00302380367847 2.82926567629e-05
11 0.00323227544247 2.56087316893e-05
11.1 0.00345509424608 2.31841907824e-05
11.2 0.00369330401904 2.09877482725e-05
11.3 0.00394795941122 1.89982524609e-05
11.4 0.00422016876133 1.7198215963e-05
11.5 0.00451110135513 1.55730883222e-05
11.6 0.00482210105491 1.41034623035e-05
11.7 0.00515458129691 1.27722758924e-05
11.8 0.00551000023133 1.15665174079e-05
11.9 0.00588989229653 1.0475059868e-05
12 0.00629592727041 9.48749737321e-06
12.1 0.00673000791148 8.59222107109e-06
12.2 0.00719405669661 7.78062152659e-06
12.3 0.00769009362821 7.0455555172e-06
12.4 0.008220249252 6.38112943502e-06
12.5 0.00878697069926 5.77973124903e-06
12.6 0.00939283515615 5.23471747859e-06
12.7 0.0100405000816 4.74113030534e-06
12.8 0.0107327620319 4.29485020185e-06
12.9 0.0114726615303 3.89184287743e-06
13 0.0122636664919 3.52684211953e-06
13.1 0.0131092812739 3.19615716507e-06
13.2 0.0140131873468 2.89666255506e-06
13.3 0.0149792667007 2.62569382205e-06
13.4 0.0160119754697 2.38024143889e-06
13.5 0.0171160128266 2.15766513988e-06
13.6 0.018296221958 1.95590755588e-06
13.7 0.0195576996756 1.77325774119e-06
13.8 0.0209059825873 1.608084901e-06
13.9 0.0223473910987 1.45834638132e-06
14 0.0238883131192 1.32261215258e-06
14.1 0.0255354581643 1.19970137784e-06
14.2 0.0272958951388 1.08863866106e-06
14.3 0.029177620275 9.88187153677e-07
14.4 0.0311891632353 8.97172371966e-07
14.5 0.0333393928006 8.14641937129e-07
14.6 0.0356377820515 7.39751485763e-07
14.7 0.0380947790742 6.71800923e-07
14.8 0.0407212586521 6.10180800808e-07
14.9 0.0435286695262 5.54386124998e-07
15 0.0465295851598 5.03871610394e-07
15.1 0.0497375733706 4.58088276985e-07
15.2 0.0531667324992 4.16613653305e-07
15.3 0.0568320455567 3.79073606553e-07
15.4 0.0607502101373 3.45056447643e-07
15.5 0.0649386673566 3.14213434896e-07
15.6 0.0694157301972 2.86245490485e-07
15.7 0.0742011811851 2.60881917273e-07
15.8 0.0793166738621 2.37871613598e-07
15.9 0.0847848025515 2.17003429122e-07
16 0.0906298706051 1.9808081291e-07
16.1 0.0968781021619 1.80913029923e-07
16.2 0.10355699207 1.65342353268e-07
16.3 0.110696240886 1.51220209634e-07
16.4 0.118327894837 1.38404434845e-07
16.5 0.126485528608 1.26775240976e-07
16.6 0.135205486697 1.16221265823e-07
16.7 0.144526860566 1.06639759787e-07
16.8 0.154490648009 9.79434748673e-08
16.9 0.165141313111 9.00497151093e-08
17 0.176526539593 8.28819788407e-08
17.1 0.188696379613 7.63756735628e-08
17.2 0.201705030426 7.04697668142e-08
17.3 0.215610610131 6.51077083266e-08
17.4 0.230474703815 6.02401258534e-08
17.5 0.246363792519 5.58215574978e-08
17.6 0.263348091324 5.18124196487e-08
17.7 0.281503368659 4.81757967485e-08
17.8 0.300910375446 4.48784587735e-08
17.9 0.32165502267 4.18910988354e-08
18 0.343830145173 3.91863199534e-08
18.1 0.367533574545 3.67405870003e-08
18.2 0.392871604962 3.45317994183e-08
18.3 0.419956360668 3.25409714999e-08
18.4 0.448907819527 3.07511848953e-08
18.5 0.47985523938 2.91470638331e-08
18.6 0.512936033993 2.77151529992e-08
18.7 0.548297178932 2.64439884554e-08
18.8 0.586096001437 2.53237275944e-08
18.9 0.626500892121 2.43456502427e-08
19 0.669691458455 2.35033262337e-08
19.1 0.715859597612 2.27917507209e-08
19.2 0.765210423814 2.22074203564e-08
19.3 0.81796359589 2.17488950331e-08
19.4 0.874353466916 2.14163276605e-08
19.5 0.934630721522 2.12121615961e-08
19.6 0.999063600256 2.11414971899e-08
19.7 1.06793829983 2.12118072413e-08
19.8 1.14156120778 2.14346354945e-08
19.9 1.22025976876 2.18256185935e-08
20 1.30438350723 2.24049993576e-08
