"Time" "Prey" "Predator"
0 0.931359779981 18.410544476
0.1 0.0909687488191 17.2640847539
0.2 0.01081899765 15.6791414887
0.3 0.00158088059011 14.1937843199
0.4 0.000279053590107 12.8440175053
0.5 5.84001229091e-05 11.6219095701
0.6 1.43453960223e-05 10.5159717291
0.7 4.02092177871e-06 9.5152541521
0.8 1.27610025435e-06 8.60976260822
0.9 4.4572011137e-07 7.79043771146
1 1.33324864292e-07 7.04907620887
1.1 9.07904183994e-08 6.3782639587
1.2 9.1159474158e-08 5.77129071834
1.3 3.26443472429e-08 5.22207860252
1.4 2.24855976897e-08 4.72513035501
1.5 4.67629346822e-08 4.27547199767
1.6 4.73713561827e-08 3.86861283247
1.7 3.10611594525e-08 3.50046903718
1.8 1.17385617813e-08 3.16735281361
1.9 1.67250768021e-08 2.86594051623
2 1.45125474179e-08 2.59321041503
2.1 9.9854270746e-09 2.34643381612
2.2 7.74896094458e-09 2.1231411808
2.3 7.61914363948e-09 1.92109775813
2.4 5.97226313927e-09 1.73828123852
2.5 4.75218181906e-09 1.5728622296
2.6 4.00378726108e-09 1.42318492846
2.7 3.92036516325e-09 1.28775133255
2.8 3.58826871939e-09 1.16520571908
2.9 3.2187690829e-09 1.05432199453
3 3.02016063711e-09 0.953990187901
3.1 2.8716711172e-09 0.863206149323
3.2 2.75735336236e-09 0.781061448289
3.3 2.66707074351e-09 0.706733710836
3.4 2.60348713592e-09 0.639479239816
3.5 2.56806273321e-09 0.578624846171
3.6 2.55220875334e-09 0.523561423888
3.7 2.55141484349e-09 0.47373755023
3.8 2.5672013118e-09 0.428655227805
3.9 2.59755561638e-09 0.387863203619
4 2.64271253237e-09 0.350953156683
4.1 2.70184931359e-09 0.317555569683
4.2 2.77406292524e-09 0.287336164688
4.3 2.85915411381e-09 0.259992458453
4.4 2.95708349723e-09 0.235250901127
4.5 3.06797272981e-09 0.212863824805
4.6 3.19208626106e-09 0.192607154829
4.7 3.32977196267e-09 0.174278134222
4.8 3.48148078382e-09 0.157693342589
4.9 3.64776862759e-09 0.142686704867
5 3.8292829976e-09 0.12910821314
5.1 4.02675861698e-09 0.116821933465
5.2 4.24102295415e-09 0.105704829392
5.3 4.47299862335e-09 0.0956457092912
5.4 4.72368805375e-09 0.0865437877916
5.5 4.99419203574e-09 0.0783080474398
5.6 5.28570695943e-09 0.0708560362425
5.7 5.59952949958e-09 0.0641131545315
5.8 5.93706199392e-09 0.0580119951495
5.9 6.29981524916e-09 0.0524914183021
6 6.68941697265e-09 0.0474962028367
6.1 7.10761665917e-09 0.0429763359728
6.2 7.55629300395e-09 0.038886573716
6.3 8.03746220937e-09 0.0351860305389
6.4 8.55328641066e-09 0.0318376249247
6.5 9.10608285289e-09 0.0288078732909
6.6 9.6983339934e-09 0.0260664430532
6.7 1.03326981513e-08 0.0235858857063
6.8 1.10120210963e-08 0.02134139482
6.9 1.17393489954e-08 0.019310482868
7 1.25179410391e-08 0.0174728446324
7.1 1.33512845853e-08 0.0158100833411
7.2 1.42431101565e-08 0.0143055502842
7.3 1.51974076889e-08 0.0129441999829
7.4 1.62184452011e-08 0.0117123925764
7.5 1.73107863114e-08 0.0105978100789
7.6 1.84793117729e-08 0.00958929385653
7.7 1.97292405039e-08 0.00867674747992
7.8 2.10661523453e-08 0.0078510473297
7.9 2.24960143523e-08 0.0071039195798
8 2.40252049557e-08 0.00642789055818
8.1 2.56605455254e-08 0.00581619684173
8.2 2.74093271412e-08 0.00526270998639
8.3 2.92793458504e-08 0.00476189366445
8.4 3.127893885e-08 0.00430872204235
8.5 3.34170140698e-08 0.00389867262757
8.6 3.5703091385e-08 0.00352766775337
8.7 3.81473665576e-08 0.00319198470699
8.8 4.07607224669e-08 0.00288825526598
8.9 4.35547747797e-08 0.00261341756241
9 4.65419825036e-08 0.00236473899871
9.1 4.9735651305e-08 0.00213973576679
9.2 5.31499677914e-08 0.00193612388261
9.3 5.68001355309e-08 0.00175186996113
9.4 6.07024255844e-08 0.00158515857443
9.5 6.48741758771e-08 0.00143431001668
9.6 6.93339321457e-08 0.00129780691428
9.7 7.41015856286e-08 0.00117430664349
9.8 7.9198324554e-08 0.00106256353715
9.9 8.46468655307e-08 0.000961427618778
10 9.04712642653e-08 0.000869947493081
10.1 9.66976481646e-08 0.000787166888495
10.2 1.03353605709e-07 0.000712254141543
10.3 1.104689525e-07 0.000644476165394
10.4 1.18075377303e-07 0.000583152795745
10.5 1.26206458661e-07 0.000527658933536
10.6 1.34898163837e-07 0.000477430389344
10.7 1.44189965729e-07 0.000431961958004
10.8 1.5412298309e-07 0.000390810624548
10.9 1.64740545825e-07 0.000353594589728
11 1.76090021125e-07 0.000319941217962
11.1 1.88223021238e-07 0.000289480906404
11.2 2.01192947119e-07 0.000261919567286
11.3 2.15056237431e-07 0.000237003569135
11.4 2.29875773585e-07 0.000214463652706
11.5 2.45718145407e-07 0.000194059961002
11.6 2.62652828102e-07 0.000175595593294
11.7 2.80753834597e-07 0.000158896598135
11.8 3.00103973304e-07 0.000143779228237
11.9 3.20789277942e-07 0.000130092778948
12 3.42900103477e-07 0.0001177111597
12.1 3.66534743401e-07 0.000106513715265
12.2 3.91802352294e-07 9.63706949889e-05
12.3 4.18814397131e-07 8.71857561641e-05
12.4 4.47688147073e-07 7.88786130907e-05
12.5 4.78547619419e-07 7.13819679723e-05
12.6 5.11536210852e-07 6.46034384067e-05
12.7 5.46803163571e-07 5.84663505386e-05
12.8 5.8450297582e-07 5.29115158205e-05
12.9 6.24798204707e-07 4.78887828868e-05
13 6.67867234716e-07 4.3348889498e-05
13.1 7.13911421599e-07 3.92359696246e-05
13.2 7.63134196054e-07 3.55094706903e-05
13.3 8.15749594121e-07 3.21352064076e-05
13.4 8.71984003829e-07 2.90842968171e-05
13.5 9.32098481024e-07 2.63214451913e-05
13.6 9.96364838861e-07 2.38174988575e-05
13.7 1.06506460637e-06 2.15499962896e-05
13.8 1.13849398026e-06 1.95005658037e-05
13.9 1.21682788409e-06 1.7632354083e-05
14 1.30084142232e-06 1.59694027789e-05
14.1 1.39057474371e-06 1.44561653612e-05
14.2 1.48646082739e-06 1.30837927412e-05
14.3 1.58894064777e-06 1.1843196796e-05
14.4 1.69856981235e-06 1.07218622303e-05
14.5 1.81586316837e-06 9.70849235404e-06
14.6 1.94130580695e-06 8.79268009245e-06
14.7 2.07538281919e-06 7.96401837086e-06
14.8 2.2185792962e-06 7.21210011459e-06
14.9 2.37157470484e-06 6.52965005638e-06
15 2.5353233396e-06 5.91382098718e-06
15.1 2.71050537763e-06 5.35734908384e-06
15.2 2.89779348994e-06 4.85284958361e-06
15.3 3.09786034756e-06 4.3929377237e-06
15.4 3.31142474375e-06 3.9707820873e-06
15.5 3.53986677234e-06 3.58748513383e-06
15.6 3.78433139206e-06 3.24132831679e-06
15.7 4.04579190043e-06 2.92853360434e-06
15.8 4.32522159496e-06 2.6453229646e-06
15.9 4.62359377314e-06 2.38791836571e-06
16 4.96620484793e-06 2.11508894661e-06
16.1 5.29507045071e-06 1.924811523e-06
16.2 5.65292952282e-06 1.7473791609e-06
16.3 6.03978206426e-06 1.58279186031e-06
16.4 6.45562807502e-06 1.43104962121e-06
16.5 6.90088949163e-06 1.29206307187e-06
16.6 7.38123026611e-06 1.16463251217e-06
16.7 7.89842811723e-06 1.04838139772e-06
16.8 8.45248304499e-06 9.433097285e-07
16.9 9.04339504938e-06 8.49417504524e-07
17 9.67116413042e-06 7.66704725789e-07
17.1 1.03386858135e-05 6.94298285045e-07
17.2 1.10588753208e-05 6.28303768584e-07
17.3 1.1833281494e-05 5.68254143695e-07
17.4 1.26619043333e-05 5.14149410378e-07
17.5 1.35447438386e-05 4.65989568632e-07
17.6 1.44818000099e-05 4.23774618459e-07
17.7 1.54818915075e-05 3.86421382457e-07
17.8 1.65615699039e-05 3.51896865934e-07
17.9 1.77212180739e-05 3.20154041212e-07
18 1.89608360173e-05 2.91192908291e-07
18.1 2.02804237342e-05 2.65013467172e-07
18.2 2.1680132633e-05 2.4161229087e-07
18.3 2.31887394021e-05 2.20338046737e-07
18.4 2.48276655486e-05 2.00705879582e-07
18.5 2.65969110724e-05 1.82715789404e-07
18.6 2.84964759735e-05 1.66367776204e-07
18.7 3.05263602519e-05 1.5166183998e-07
18.8 3.26865639077e-05 1.38597980734e-07
18.9 3.49770869407e-05 1.27176198465e-07
19 3.73979293511e-05 1.17396493173e-07
19.1 3.99597586812e-05 1.09147162452e-07
19.2 4.27404296167e-05 1.01612971133e-07
19.3 4.57555370991e-05 9.46306208247e-08
19.4 4.90050811285e-05 8.82001115279e-08
19.5 5.24890617048e-05 8.23214432424e-08
19.6 5.62074788282e-05 7.69946159681e-08
19.7 6.01603324985e-05 7.22196297049e-08
19.8 6.43476227158e-05 6.7996484453e-08
19.9 6.876934948e-05 6.43251802122e-08
20 7.34813883827e-05 6.10119990401e-08
