"Time" "Prey" "Predator"
0 25.5003056507 39.5367305223
0.1 0.0225971527307 53.5250426741
0.2 2.70863927983e-05 48.4471478366
0.3 1.48360979343e-07 43.8367892317
0.4 -1.05611281722e-07 39.6651946547
0.5 -9.48598537099e-08 35.8905608597
0.6 -1.25982415643e-07 32.4751127054
0.7 -1.27330819511e-07 29.3846951185
0.8 -1.27330819511e-07 26.5883699465
0.9 -1.27330819511e-07 24.0581486716
1 -1.27330819511e-07 21.7687167938
1.1 -1.27330819511e-07 19.6971530554
1.2 -1.27330819511e-07 17.8227216349
1.3 -1.27330819511e-07 16.1266659132
1.4 -1.27330819511e-07 14.5920114466
1.5 -1.27330819511e-07 13.2033984154
1.6 -1.27330819511e-07 11.9469335958
1.7 -1.27330819511e-07 10.8100415053
1.8 -1.27330819511e-07 9.78132629056
1.9 -1.27330819511e-07 8.85049631898
2 -1.27330819511e-07 8.00825751559
2.1 -1.27330819511e-07 7.2461766636
2.2 -1.27330819511e-07 6.55661096966
2.3 -1.27330819511e-07 5.93266445207
2.4 -1.27330819511e-07 5.36809638369
2.5 -1.27330819511e-07 4.85725485591
2.6 -1.27330819511e-07 4.39502673324
2.7 -1.27330819511e-07 3.97678423352
2.8 -1.27330819511e-07 3.59834243005
2.9 -1.27330819511e-07 3.25591500308
3 -1.27330819511e-07 2.94607383916
3.1 -1.27330819511e-07 2.66571768433
3.2 -1.27330819511e-07 2.41204062719
3.3 -1.27330819511e-07 2.18250272972
3.4 -1.27330819511e-07 1.97480926877
3.5 -1.27330819511e-07 1.78688223376
3.6 -1.27330819511e-07 1.61683861087
3.7 -1.27330819511e-07 1.46297558814
3.8 -1.27330819511e-07 1.32375440438
3.9 -1.27330819511e-07 1.19778240142
4 -1.27330819511e-07 1.08379832746
4.1 -1.27330819511e-07 0.980661417101
4.2 -1.27330819511e-07 0.887339169617
4.3 -1.27330819511e-07 0.802897517604
4.4 -1.27330819511e-07 0.72649143566
4.5 -1.27330819511e-07 0.657356660902
4.6 -1.27330819511e-07 0.59480092098
4.7 -1.27330819511e-07 0.538198132316
4.8 -1.27330819511e-07 0.486981711476
4.9 -1.27330819511e-07 0.440639157283
5 -1.27330819511e-07 0.398706396073
5.1 -1.27330819511e-07 0.360764348976
5.2 -1.27330819511e-07 0.32643307754
5.3 -1.27330819511e-07 0.295368827243
5.4 -1.27330819511e-07 0.267260831318
5.5 -1.27330819511e-07 0.241827495072
5.6 -1.27330819511e-07 0.218814541118
5.7 -1.27330819511e-07 0.197991527174
5.8 -1.27330819511e-07 0.179150045258
5.9 -1.27330819511e-07 0.162101710141
6 -1.27330819511e-07 0.146675678996
6.1 -1.27330819511e-07 0.132717658454
6.2 -1.27330819511e-07 0.120087874495
6.3 -1.27330819511e-07 0.108659935281
6.4 -1.27330819511e-07 0.0983195857601
6.5 -1.27330819511e-07 0.0889632069478
6.6 -1.27330819511e-07 0.0804972433281
6.7 -1.27330819511e-07 0.0728369184388
6.8 -1.27330819511e-07 0.0659055497224
6.9 -1.27330819511e-07 0.0596338132565
7 -1.27330819511e-07 0.0539588746017
7.1 -1.27330819511e-07 0.0488240043559
7.2 -1.27330819511e-07 0.0441777843534
7.3 -1.27330819511e-07 0.0399737017854
7.4 -1.27330819511e-07 0.036169708489
7.5 -1.27330819511e-07 0.0327276925635
7.6 -1.27330819511e-07 0.0296132393126
7.7 -1.27330819511e-07 0.026795161777
7.8 -1.27330819511e-07 0.0242452536543
7.9 -1.27330819511e-07 0.0219380173192
8 -1.27330819511e-07 0.0198503335455
8.1 -1.27330819511e-07 0.0179613253589
8.2 -1.27330819511e-07 0.0162520766403
8.3 -1.27330819511e-07 0.0147054799526
8.4 -1.27330819511e-07 0.0133060703931
8.5 -1.27330819511e-07 0.0120398257232
8.6 -1.27330819511e-07 0.0108940850146
8.7 -1.27330819511e-07 0.00985737514002
8.8 -1.27330819511e-07 0.00891931871646
8.9 -1.27330819511e-07 0.00807053409756
9 -1.27330819511e-07 0.00730251814324
9.1 -1.27330819511e-07 0.00660759041908
9.2 -1.27330819511e-07 0.00597878217106
9.3 -1.27330819511e-07 0.00540980258221
9.4 -1.27330819511e-07 0.00489498719389
9.5 -1.27330819511e-07 0.00442918420551
9.6 -1.27330819511e-07 0.00400772016366
9.7 -1.27330819511e-07 0.00362635391601
9.8 -1.27330819511e-07 0.00328128115683
9.9 -1.27330819511e-07 0.0029690593298
10 -1.27330819511e-07 0.00268652780353
10.1 -1.27330819511e-07 0.00243086547427
10.2 -1.27330819511e-07 0.00219954254493
10.3 -1.27330819511e-07 0.0019902268537
10.4 -1.27330819511e-07 0.00180082459295
10.5 -1.27330819511e-07 0.00162946028142
10.6 -1.27330819511e-07 0.00147440138224
10.7 -1.27330819511e-07 0.00133408857492
10.8 -1.27330819511e-07 0.00120713760634
10.9 -1.27330819511e-07 0.00109226642799
11 -1.27330819511e-07 0.000988319891719
11.1 -1.27330819511e-07 0.000894277511379
11.2 -1.27330819511e-07 0.00080918895424
11.3 -1.27330819511e-07 0.000732180767835
11.4 -1.27330819511e-07 0.000662499046496
11.5 -1.27330819511e-07 0.000599453901513
11.6 -1.27330819511e-07 0.000542405689153
11.7 -1.27330819511e-07 0.000490779277733
11.8 -1.27330819511e-07 0.000444072158947
11.9 -1.27330819511e-07 0.000401813740731
12 -1.27330819511e-07 0.000363571748956
12.1 -1.27330819511e-07 0.000328970924306
12.2 -1.27330819511e-07 0.000297667252657
12.3 -1.27330819511e-07 0.000269341077052
12.4 -1.27330819511e-07 0.000243705417528
12.5 -1.27330819511e-07 0.000220511798998
12.6 -1.27330819511e-07 0.000199526735761
12.7 -1.27330819511e-07 0.000180529520294
12.8 -1.27330819511e-07 0.000163352764912
12.9 -1.27330819511e-07 0.000147808586618
13 -1.27330819511e-07 0.000133742691839
13.1 -1.27330819511e-07 0.000121015009218
13.2 -1.27330819511e-07 0.000109502573363
13.3 -1.27330819511e-07 9.90869486195e-05
13.4 -1.27330819511e-07 8.96597711271e-05
13.5 -1.27330819511e-07 8.1123052746e-05
13.6 -1.27330819511e-07 7.33916089566e-05
13.7 -1.27330819511e-07 6.6390194331e-05
13.8 -1.27330819511e-07 6.00536711329e-05
13.9 -1.27330819511e-07 5.43274625279e-05
14 -1.27330819511e-07 4.91554105198e-05
14.1 -1.27330819511e-07 4.44738612591e-05
14.2 -1.27330819511e-07 4.02374594399e-05
14.3 -1.27330819511e-07 3.64077813042e-05
14.4 -1.27330819511e-07 3.29517422732e-05
14.5 -1.27330819511e-07 2.98262266408e-05
14.6 -1.27330819511e-07 2.69962220542e-05
14.7 -1.27330819511e-07 2.44337521579e-05
14.8 -1.27330819511e-07 2.21150074538e-05
14.9 -1.27330819511e-07 1.99950875804e-05
15 -1.27330819511e-07 1.81088234492e-05
15.1 -1.27330819511e-07 1.63901730277e-05
15.2 -1.27330819511e-07 1.48308039367e-05
15.3 -1.27330819511e-07 1.34217699183e-05
15.4 -1.27330819511e-07 1.2147784502e-05
15.5 -1.27330819511e-07 1.09963079874e-05
15.6 -1.27330819511e-07 9.95616171059e-06
15.7 -1.27330819511e-07 9.01616700779e-06
15.8 -1.27330819511e-07 8.1651452151e-06
15.9 -1.27330819511e-07 7.39492179868e-06
16 -1.27330819511e-07 6.70038851253e-06
16.1 -1.27330819511e-07 6.07291698194e-06
16.2 -1.27330819511e-07 5.50383547657e-06
16.3 -1.27330819511e-07 4.98447226607e-06
16.4 -1.27330819511e-07 4.50709229615e-06
16.5 -1.27330819511e-07 4.07363461834e-06
16.6 -1.27330819511e-07 3.68184717137e-06
16.7 -1.27330819511e-07 3.32740117978e-06
16.8 -1.27330819511e-07 3.00596786808e-06
16.9 -1.27330819511e-07 2.7132184608e-06
17 -1.27330819511e-07 2.40598970036e-06
17.1 -1.27330819511e-07 2.18770889111e-06
17.2 -1.27330819511e-07 1.98451410183e-06
17.3 -1.27330819511e-07 1.79640533252e-06
17.4 -1.27330819511e-07 1.62338258319e-06
17.5 -1.27330819511e-07 1.4652778785e-06
17.6 -1.27330819511e-07 1.32043811411e-06
17.7 -1.27330819511e-07 1.18844210544e-06
17.8 -1.27330819511e-07 1.0692898525e-06
17.9 -1.27330819511e-07 9.62981355288e-07
18 -1.27330819511e-07 8.69516613803e-07
18.1 -1.27330819511e-07 7.87658191946e-07
18.2 -1.27330819511e-07 7.1294731947e-07
18.3 -1.27330819511e-07 6.44982410871e-07
18.4 -1.27330819511e-07 5.83763466147e-07
18.5 -1.27330819511e-07 5.292904853e-07
18.6 -1.27330819511e-07 4.81563468329e-07
18.7 -1.27330819511e-07 4.39171328486e-07
18.8 -1.27330819511e-07 3.99961578912e-07
18.9 -1.27330819511e-07 3.63911352077e-07
19 -1.27330819511e-07 3.31020647981e-07
19.1 -1.27330819511e-07 3.01289466624e-07
19.2 -1.27330819511e-07 2.7470481253e-07
19.3 -1.27330819511e-07 2.50411424558e-07
19.4 -1.27330819511e-07 2.2789427941e-07
19.5 -1.27330819511e-07 2.07153377086e-07
19.6 -1.27330819511e-07 1.88188717587e-07
19.7 -1.27330819511e-07 1.71000300912e-07
19.8 -1.27330819511e-07 1.55538689091e-07
19.9 -1.27330819511e-07 1.41317345645e-07
20 -1.27330819511e-07 1.28212308856e-07
