"Time" "Prey" "Predator"
0 24.829255511 30.9992889781
0.1 0.0743129023817 45.3976605938
0.2 0.00024876538456 41.1291932221
0.3 1.40118782325e-06 37.2154002095
0.4 -6.92291318813e-08 33.6738966449
0.5 -6.84447475377e-08 30.4694034563
0.6 -6.84447475377e-08 27.569859255
0.7 -6.84447475377e-08 24.9462257027
0.8 -6.84447475377e-08 22.5722745424
0.9 -6.84447475377e-08 20.4242355975
1 -6.84447475377e-08 18.4806081381
1.1 -6.84447475377e-08 16.7219383547
1.2 -6.84447475377e-08 15.1306434073
1.3 -6.84447475377e-08 13.6907847773
1.4 -6.84447475377e-08 12.3879286989
1.5 -6.84447475377e-08 11.209063788
1.6 -6.84447475377e-08 10.1423809735
1.7 -6.84447475377e-08 9.17720595099
1.8 -6.84447475377e-08 8.30387961361
1.9 -6.84447475377e-08 7.51366144046
2 -6.84447475377e-08 6.79864233379
2.1 -6.84447475377e-08 6.15166666703
2.2 -6.84447475377e-08 5.56625809087
2.3 -6.84447475377e-08 5.03655697772
2.4 -6.84447475377e-08 4.55726485447
2.5 -6.84447475377e-08 4.1235835854
2.6 -6.84447475377e-08 3.73117275527
2.7 -6.84447475377e-08 3.37610467575
2.8 -6.84447475377e-08 3.05482569974
2.9 -6.84447475377e-08 2.7641205841
3 -6.84447475377e-08 2.50107971778
3.1 -6.84447475377e-08 2.26307043284
3.2 -6.84447475377e-08 2.04771041492
3.3 -6.84447475377e-08 1.85284413427
3.4 -6.84447475377e-08 1.67652257945
3.5 -6.84447475377e-08 1.51697992707
3.6 -6.84447475377e-08 1.37262017438
3.7 -6.84447475377e-08 1.2419979216
3.8 -6.84447475377e-08 1.12380602883
3.9 -6.84447475377e-08 1.01686164622
4 -6.84447475377e-08 0.920094156625
4.1 -6.84447475377e-08 0.832535669217
4.2 -6.84447475377e-08 0.753309264102
4.3 -6.84447475377e-08 0.681622432581
4.4 -6.84447475377e-08 0.616757344571
4.5 -6.84447475377e-08 0.558065056775
4.6 -6.84447475377e-08 0.504958083154
4.7 -6.84447475377e-08 0.456904856464
4.8 -6.84447475377e-08 0.413424623882
4.9 -6.84447475377e-08 0.374081973666
5 -6.84447475377e-08 0.338483379162
5.1 -6.84447475377e-08 0.306272342967
5.2 -6.84447475377e-08 0.277126659192
5.3 -6.84447475377e-08 0.250754534816
5.4 -6.84447475377e-08 0.226892049207
5.5 -6.84447475377e-08 0.205300410665
5.6 -6.84447475377e-08 0.185763442311
5.7 -6.84447475377e-08 0.168085719365
5.8 -6.84447475377e-08 0.152090204059
5.9 -6.84447475377e-08 0.137616906852
6 -6.84447475377e-08 0.124520904096
6.1 -6.84447475377e-08 0.112671160633
6.2 -6.84447475377e-08 0.101949049131
6.3 -6.84447475377e-08 0.0922472430962
6.4 -6.84447475377e-08 0.0834687629404
6.5 -6.84447475377e-08 0.0755256404147
6.6 -6.84447475377e-08 0.0683384243808
6.7 -6.84447475377e-08 0.0618351642747
6.8 -6.84447475377e-08 0.0559507451098
6.9 -6.84447475377e-08 0.0506263331482
7 -6.84447475377e-08 0.0458085800547
7.1 -6.84447475377e-08 0.041449310613
7.2 -6.84447475377e-08 0.0375048898741
7.3 -6.84447475377e-08 0.033935818075
7.4 -6.84447475377e-08 0.0307064035596
7.5 -6.84447475377e-08 0.0277842915489
7.6 -6.84447475377e-08 0.0251402617926
7.7 -6.84447475377e-08 0.022747848208
7.8 -6.84447475377e-08 0.0205830951157
7.9 -6.84447475377e-08 0.0186243585157
8 -6.84447475377e-08 0.016852012337
8.1 -6.84447475377e-08 0.0152483301669
8.2 -6.84447475377e-08 0.0137972584965
8.3 -6.84447475377e-08 0.0124842689932
8.4 -6.84447475377e-08 0.0112962347159
8.5 -6.84447475377e-08 0.0102212536657
8.6 -6.84447475377e-08 0.00924857180484
8.7 -6.84447475377e-08 0.00836844318196
8.8 -6.84447475377e-08 0.00757205708726
8.9 -6.84447475377e-08 0.00685147592351
9 -6.84447475377e-08 0.00619948973099
9.1 -6.84447475377e-08 0.00560956019644
9.2 -6.84447475377e-08 0.00507575641938
9.3 -6.84447475377e-08 0.00459276004737
9.4 -6.84447475377e-08 0.00415573658364
9.5 -6.84447475377e-08 0.00376026775198
9.6 -6.84447475377e-08 0.00340243200593
9.7 -6.84447475377e-08 0.00307865663812
9.8 -6.84447475377e-08 0.00278567618794
9.9 -6.84447475377e-08 0.00252058652571
10 -6.84447475377e-08 0.00228073216662
10.1 -6.84447475377e-08 0.00206368748834
10.2 -6.84447475377e-08 0.00186730472361
10.3 -6.84447475377e-08 0.00168961427142
10.4 -6.84447475377e-08 0.00152882357254
10.5 -6.84447475377e-08 0.0013833510366
10.6 -6.84447475377e-08 0.00125173313212
10.7 -6.84447475377e-08 0.00113261922822
10.8 -6.84447475377e-08 0.0010248275846
10.9 -6.84447475377e-08 0.000927301666781
11 -6.84447475377e-08 0.000839055906641
11.1 -6.84447475377e-08 0.000759194007214
11.2 -6.84447475377e-08 0.000686939219703
11.3 -6.84447475377e-08 0.000621568148935
11.4 -6.84447475377e-08 0.000562413410427
11.5 -6.84447475377e-08 0.000508887737552
11.6 -6.84447475377e-08 0.00046046358621
11.7 -6.84447475377e-08 0.000416648137946
11.8 -6.84447475377e-08 0.000376992556426
11.9 -6.84447475377e-08 0.000341112951656
12 -6.84447475377e-08 0.00030865042038
12.1 -6.84447475377e-08 0.000279260254478
12.2 -6.84447475377e-08 0.000252691204547
12.3 -6.84447475377e-08 0.000228645782777
12.4 -6.84447475377e-08 0.000206887800528
12.5 -6.84447475377e-08 0.000187198467285
12.6 -6.84447475377e-08 0.000169388850216
12.7 -6.84447475377e-08 0.000153277132295
12.8 -6.84447475377e-08 0.000138695886115
12.9 -6.84447475377e-08 0.000125493090367
13 -6.84447475377e-08 0.000113535617222
13.1 -6.84447475377e-08 0.000102706653765
13.2 -6.84447475377e-08 9.29041322961e-05
13.3 -6.84447475377e-08 8.40419740183e-05
13.4 -6.84447475377e-08 7.60400960988e-05
13.5 -6.84447475377e-08 6.87986211321e-05
13.6 -6.84447475377e-08 6.22449514676e-05
13.7 -6.84447475377e-08 5.63187128504e-05
13.8 -6.84447475377e-08 5.09693899066e-05
13.9 -6.84447475377e-08 4.61350461004e-05
14 -6.84447475377e-08 4.17580581477e-05
14.1 -6.84447475377e-08 3.77946943862e-05
14.2 -6.84447475377e-08 3.42075257317e-05
14.3 -6.84447475377e-08 3.09209708476e-05
14.4 -6.84447475377e-08 2.80090505716e-05
14.5 -6.84447475377e-08 2.53535552743e-05
14.6 -6.84447475377e-08 2.29418767293e-05
14.7 -6.84447475377e-08 2.07612345325e-05
14.8 -6.84447475377e-08 1.87902994842e-05
14.9 -6.84447475377e-08 1.70084755147e-05
15 -6.84447475377e-08 1.53988466786e-05
15.1 -6.84447475377e-08 1.39444970305e-05
15.2 -6.84447475377e-08 1.26285106252e-05
15.3 -6.84447475377e-08 1.14364916325e-05
15.4 -6.84447475377e-08 1.03614142011e-05
15.5 -6.84447475377e-08 9.39070177852e-06
15.6 -6.84447475377e-08 8.51122897e-06
15.7 -6.84447475377e-08 7.70987038091e-06
15.8 -6.84447475377e-08 6.97376334844e-06
15.9 -6.84447475377e-08 6.30309010604e-06
16 -6.84447475377e-08 5.69691417954e-06
16.1 -6.84447475377e-08 5.14868346836e-06
16.2 -6.84447475377e-08 4.65184587192e-06
16.3 -6.84447475377e-08 4.19984928962e-06
16.4 -6.84447475377e-08 3.71666458503e-06
16.5 -6.84447475377e-08 3.38130398689e-06
16.6 -6.84447475377e-08 3.06877724327e-06
16.7 -6.84447475377e-08 2.77908435418e-06
16.8 -6.84447475377e-08 2.51222531962e-06
16.9 -6.84447475377e-08 2.26815179466e-06
17 -6.84447475377e-08 2.04469044261e-06
17.1 -6.84447475377e-08 1.84066865515e-06
17.2 -6.84447475377e-08 1.65608643231e-06
17.3 -6.84447475377e-08 1.49094377407e-06
17.4 -6.84447475377e-08 1.34524068043e-06
17.5 -6.84447475377e-08 1.21816783556e-06
17.6 -6.84447475377e-08 1.10286396887e-06
17.7 -6.84447475377e-08 9.97770122832e-07
17.8 -6.84447475377e-08 9.02886297452e-07
17.9 -6.84447475377e-08 8.18212492731e-07
18 -6.84447475377e-08 7.43748708668e-07
18.1 -6.84447475377e-08 6.78281044308e-07
18.2 -6.84447475377e-08 6.17893036989e-07
18.3 -6.84447475377e-08 5.62286932782e-07
18.4 -6.84447475377e-08 5.11462731687e-07
18.5 -6.84447475377e-08 4.65420433704e-07
18.6 -6.84447475377e-08 4.24160038833e-07
18.7 -6.84447475377e-08 3.86797912058e-07
18.8 -6.84447475377e-08 3.5213105183e-07
18.9 -6.84447475377e-08 3.20152552593e-07
19 -6.84447475377e-08 2.90862414346e-07
19.1 -6.84447475377e-08 2.64260637091e-07
19.2 -6.84447475377e-08 2.40332994781e-07
19.3 -6.84447475377e-08 2.18439958163e-07
19.4 -6.84447475377e-08 1.98236473801e-07
19.5 -6.84447475377e-08 1.79722541696e-07
19.6 -6.84447475377e-08 1.62898161847e-07
19.7 -6.84447475377e-08 1.47763334255e-07
19.8 -6.84447475377e-08 1.34258057884e-07
19.9 -6.84447475377e-08 1.2187365205e-07
20 -6.84447475377e-08 1.10494538805e-07
