"Time" "Prey" "Predator"
0 6.72902615014 1.09192126622
0.1 5.92417053708 1.86866450305
0.2 4.62231661068 2.87423190577
0.3 3.1515753398 3.83412284116
0.4 1.92926120371 4.45818587022
0.5 1.1167765634 4.6820274925
0.6 0.640734497471 4.61517705117
0.7 0.375360331669 4.3879096958
0.8 0.227914179636 4.08903282763
0.9 0.144281641618 3.76796744768
1 0.0953322027288 3.44976579535
1.1 0.0656603414928 3.14633195318
1.2 0.0470299218928 2.86280716949
1.3 0.034933377859 2.60090418546
1.4 0.0268314772137 2.36061328274
1.5 0.021249905482 2.14107678946
1.6 0.0173064402551 1.94104360506
1.7 0.0144581297358 1.75910748432
1.8 0.0123612582447 1.59383390507
1.9 0.0107928383953 1.44382580512
2 0.00960474634477 1.3077571818
2.1 0.00869641869071 1.18438858923
2.2 0.007998257735 1.07257251474
2.3 0.00746135932793 0.971253114369
2.4 0.00705063857618 0.879463268686
2.5 0.00674063392604 0.796319617055
2.6 0.00651264739207 0.721016976888
2.7 0.00635281187961 0.65282261257
2.8 0.0062507752164 0.591070429431
2.9 0.00619876038101 0.535155462445
3 0.00619089325393 0.484528636922
3.1 0.00622295124574 0.438691715734
3.2 0.00629164052758 0.397193028817
3.3 0.00639472570099 0.359623042088
3.4 0.00653055409174 0.325610647061
3.5 0.00669813690945 0.294819550823
3.6 0.00689691764461 0.26694507929
3.7 0.00712676998715 0.241711245285
3.8 0.00738790569815 0.218868094439
3.9 0.00768084590819 0.19818924447
4 0.00800638767217 0.179469704403
4.1 0.00836557750514 0.162523834468
4.2 0.00875970012057 0.147183562116
4.3 0.00919025694755 0.133296645786
4.4 0.00965898606425 0.120725399736
4.5 0.0101678398238 0.109345153796
4.6 0.0107189676195 0.0990428741953
4.7 0.0113147573127 0.089716452433
4.8 0.0119578088491 0.0812732812742
4.9 0.0126509550302 0.0736295833411
5 0.0133972726045 0.0667096100302
5.1 0.014200082392 0.0604446362427
5.2 0.0150629723239 0.0547726095001
5.3 0.0159898047518 0.0496372937819
5.4 0.0169847321883 0.0449877493586
5.5 0.018052216937 0.0407779579344
5.6 0.0191970475221 0.0369661719597
5.7 0.0204243598665 0.0335146673766
5.8 0.0217396591726 0.0303893049365
5.9 0.0231488435022 0.027559127172
6 0.0246582290237 0.024996187277
6.1 0.0262745785038 0.0226751393427
6.2 0.0280051299491 0.0205730501802
6.3 0.029857628463 0.0186691837483
6.4 0.031840361948 0.0169447398241
6.5 0.033962195058 0.0153827413344
6.6 0.0362326109195 0.0139677982863
6.7 0.0386617516878 0.0126859806367
6.8 0.0412604627386 0.0115246978963
6.9 0.044040343881 0.010472529484
7 0.0470137965085 0.00951915905428
7.1 0.0501940822215 0.00865524059562
7.2 0.053595380517 0.00787231297185
7.3 0.0572328496052 0.00716273156313
7.4 0.0611226987955 0.00651955932444
7.5 0.06528225331 0.00593652652803
7.6 0.0697300413499 0.00540796411762
7.7 0.0744858644517 0.00492872504819
7.8 0.0795708941038 0.00449416514828
7.9 0.0850077727263 0.00410006277041
8 0.0908206936554 0.00374261522692
8.1 0.0970355023622 0.00341839933787
8.2 0.103679876255 0.00312429483236
8.3 0.110783386866 0.00285746864792
8.4 0.118377579933 0.00261535017489
8.5 0.126496214538 0.0023956209962
8.6 0.135175478105 0.00219621094574
8.7 0.144453916016 0.00201520933433
8.8 0.154372693019 0.00185087365399
8.9 0.164976033157 0.00170168668258
9 0.176311065526 0.00156624797837
9.1 0.188428052852 0.0014432703268
9.2 0.201380940878 0.00133161687905
9.3 0.215227368987 0.00123025851085
9.4 0.230028758021 0.00113824220384
9.5 0.245850845422 0.00105471236248
9.6 0.262764131914 0.0009789200501
9.7 0.280843685195 0.000910167058347
9.8 0.300169669702 0.00084781800822
9.9 0.32082820344 0.000791322771244
10 0.342911058484 0.000740175384331
10.1 0.366516104348 0.000693913107265
10.2 0.391748376887 0.000652132390632
10.3 0.418720101514 0.000614472547865
10.4 0.447550861642 0.000580603770376
10.5 0.478368635964 0.000550236320061
10.6 0.511310669094 0.000523124924559
10.7 0.546523091108 0.000499047569655
10.8 0.5841619433 0.000477811482115
10.9 0.624394837171 0.000459265491504
11 0.667400380724 0.000443282130697
11.1 0.71336903492 0.000429759040315
11.2 0.762505173675 0.000418634732158
11.3 0.815027139685 0.000409879996521
11.4 0.871167569698 0.000403492568346
11.5 0.931175380339 0.000399514767226
11.6 0.99531744439 0.000398047316018
11.7 1.06387787757 0.000399227087943
11.8 1.13715998962 0.000403249624907
11.9 1.21548940074 0.000410428292767
12 1.29921301536 0.000421146368837
12.1 1.38870063713 0.00043587993535
12.2 1.48434867613 0.000455347773258
12.3 1.58658035542 0.000480466350539
12.4 1.69584637131 0.000512330684005
12.5 1.81262818717 0.000552498550682
12.6 1.93744080808 0.000603242818509
12.7 2.07083203925 0.0006672196073
12.8 2.21338523539 0.000747858083809
12.9 2.36572236566 0.000850646012867
13 2.52850508464 0.000983001911253
13.1 2.70243394953 0.00115560813344
13.2 2.88825055472 0.00138295396541
13.3 3.08673415736 0.00168765583578
13.4 3.29870214198 0.00210154313177
13.5 3.52499640293 0.00267493114983
13.6 3.76647151402 0.00348493127686
13.7 4.02396293269 0.00465549688987
13.8 4.2982390953 0.00638592046223
13.9 4.58989823799 0.00901115902945
14 4.89919418156 0.0131030296346
14.1 5.22569410476 0.0196687214971
14.2 5.5676318547 0.0305274289058
14.3 5.92063023461 0.0490585615856
14.4 6.27517826311 0.0816861147885
14.5 6.61163218723 0.140824807083
14.6 6.89065994051 0.250474628064
14.7 7.03699665833 0.455451311661
14.8 6.92075663148 0.830526840649
14.9 6.36840097418 1.466803479
15 5.27926914839 2.38631685908
15.1 3.83216429987 3.40983552496
15.2 2.454193247 4.21509371635
15.3 1.44911381968 4.61958579179
15.4 0.831114964648 4.67174794262
15.5 0.480998464718 4.50610908435
15.6 0.2869128623 4.23288852625
15.7 0.178077473825 3.91816711713
15.8 0.115347176756 3.59670192645
15.9 0.0779424619521 3.28552681285
16 0.0548350820144 2.99240397689
16.1 0.0400602432563 2.72037326253
16.2 0.0303034015435 2.47009086385
16.3 0.0236667818188 2.24102442364
16.4 0.0190311016878 2.03206944895
16.5 0.0157159176642 1.84187330949
16.6 0.0132960153805 1.66900496974
16.7 0.0114986331033 1.51204500243
16.8 0.0101444233362 1.36963211071
16.9 0.00911313581241 1.24048543681
17 0.00832208881245 1.12341464418
17.1 0.0077135417789 1.0173216179
17.2 0.00724646166365 0.921198512657
17.3 0.00689125408611 0.834123619867
17.4 0.00662629779129 0.755256048893
17.5 0.00643555074153 0.683830093611
17.6 0.00630727624407 0.619149142811
17.7 0.00623250700828 0.560580467167
17.8 0.00620459248019 0.507549523888
17.9 0.00621854056758 0.459535001195
18 0.00627061526813 0.416064073932
18.1 0.00635811486043 0.376708020716
18.2 0.00647912240217 0.341078271367
18.3 0.00663235580656 0.308822687497
18.4 0.00681706560418 0.279622221836
18.5 0.00703293103443 0.253187844105
18.6 0.00727998194436 0.229257707795
18.7 0.00755862888712 0.207594774641
18.8 0.00786958112088 0.187984396582
18.9 0.00821371891717 0.170231999528
19 0.00859226436727 0.154161695203
19.1 0.00900661644302 0.139614008387
19.2 0.00945839066086 0.126444559634
19.3 0.00994945376718 0.114522827543
19.4 0.0104818551636 0.103730375996
19.5 0.011057881951 0.0939601947948
19.6 0.0116800424512 0.0851153906867
19.7 0.0123510625918 0.0771081133241
19.8 0.0130739147625 0.0698590335706
19.9 0.0138518107201 0.0632961907457
20 0.0146882201975 0.0573544923157
