"Time" "Prey" "Predator"
0 22.5046876454 25.7930133041
0.1 0.167929649803 39.0799107988
0.2 0.00124431342476 35.477798862
0.3 1.47553480956e-05 32.1025043946
0.4 2.87646972363e-07 29.0475421743
0.5 -8.84410957561e-08 26.2833315198
0.6 -8.38294973164e-08 23.7821564901
0.7 -8.38294973164e-08 21.5190023766
0.8 -8.38294973164e-08 19.4712125095
0.9 -8.38294973164e-08 17.6182701897
1 -8.38294973164e-08 15.9416570028
1.1 -8.38294973164e-08 14.4246055435
1.2 -8.38294973164e-08 13.051920141
1.3 -8.38294973164e-08 11.8098619667
1.4 -8.38294973164e-08 10.6859976096
1.5 -8.38294973164e-08 9.66910241142
1.6 -8.38294973164e-08 8.74897573892
1.7 -8.38294973164e-08 7.91639406898
1.8 -8.38294973164e-08 7.16305237111
1.9 -8.38294973164e-08 6.48139826395
2 -8.38294973164e-08 5.86461164512
2.1 -8.38294973164e-08 5.30652021692
2.2 -8.38294973164e-08 4.80153842447
2.3 -8.38294973164e-08 4.34461184657
2.4 -8.38294973164e-08 3.93116817502
2.5 -8.38294973164e-08 3.55706862107
2.6 -8.38294973164e-08 3.21856954165
2.7 -8.38294973164e-08 2.91228249557
2.8 -8.38294973164e-08 2.63514255903
2.9 -8.38294973164e-08 2.38437616459
3 -8.38294973164e-08 2.15747299908
3.1 -8.38294973164e-08 1.95216264608
3.2 -8.38294973164e-08 1.76639017241
3.3 -8.38294973164e-08 1.59829604232
3.4 -8.38294973164e-08 1.44619825247
3.5 -8.38294973164e-08 1.30857383684
3.6 -8.38294973164e-08 1.18404581058
3.7 -8.38294973164e-08 1.07136883077
3.8 -8.38294973164e-08 0.969414549606
3.9 -8.38294973164e-08 0.877162600049
4 -8.38294973164e-08 0.793689541943
4.1 -8.38294973164e-08 0.718159903825
4.2 -8.38294973164e-08 0.649817943691
4.3 -8.38294973164e-08 0.58797959234
4.4 -8.38294973164e-08 0.532025928106
4.5 -8.38294973164e-08 0.481396921207
4.6 -8.38294973164e-08 0.435585807888
4.7 -8.38294973164e-08 0.394133976518
4.8 -8.38294973164e-08 0.35662709637
4.9 -8.38294973164e-08 0.322689459719
5 -8.38294973164e-08 0.291981430287
5.1 -8.38294973164e-08 0.2641957694
5.2 -8.38294973164e-08 0.239054123688
5.3 -8.38294973164e-08 0.21630512369
5.4 -8.38294973164e-08 0.195720899626
5.5 -8.38294973164e-08 0.1770955159
5.6 -8.38294973164e-08 0.160242681424
5.7 -8.38294973164e-08 0.144993541903
5.8 -8.38294973164e-08 0.13119560265
5.9 -8.38294973164e-08 0.118710660129
6 -8.38294973164e-08 0.107413803231
6.1 -8.38294973164e-08 0.0971920334297
6.2 -8.38294973164e-08 0.0879429465512
6.3 -8.38294973164e-08 0.0795740772561
6.4 -8.38294973164e-08 0.072001596255
6.5 -8.38294973164e-08 0.0651497246079
6.6 -8.38294973164e-08 0.0589499125478
6.7 -8.38294973164e-08 0.0533400568476
6.8 -8.38294973164e-08 0.0482640807379
6.9 -8.38294973164e-08 0.0436711388735
7 -8.38294973164e-08 0.0395152708977
7.1 -8.38294973164e-08 0.0357549011383
7.2 -8.38294973164e-08 0.0323523593701
7.3 -8.38294973164e-08 0.0292736270867
7.4 -8.38294973164e-08 0.0264878659379
7.5 -8.38294973164e-08 0.0239672033925
7.6 -8.38294973164e-08 0.0216864255559
7.7 -8.38294973164e-08 0.0196226823915
7.8 -8.38294973164e-08 0.01775533924
7.9 -8.38294973164e-08 0.0160656918077
8 -8.38294973164e-08 0.0145368340783
8.1 -8.38294973164e-08 0.0131534725884
8.2 -8.38294973164e-08 0.0119017487883
8.3 -8.38294973164e-08 0.010769148611
8.4 -8.38294973164e-08 0.00974432713018
8.5 -8.38294973164e-08 0.00881702506339
8.6 -8.38294973164e-08 0.00797797872215
8.7 -8.38294973164e-08 0.00721877036235
8.8 -8.38294973164e-08 0.00653181212303
8.9 -8.38294973164e-08 0.00591021288566
9 -8.38294973164e-08 0.0053477588962
9.1 -8.38294973164e-08 0.00483885166788
9.2 -8.38294973164e-08 0.00437839264548
9.3 -8.38294973164e-08 0.00396176258532
9.4 -8.38294973164e-08 0.00358476751739
9.5 -8.38294973164e-08 0.00324365473267
9.6 -8.38294973164e-08 0.00293501356215
9.7 -8.38294973164e-08 0.00265571643286
9.8 -8.38294973164e-08 0.00240298763832
9.9 -8.38294973164e-08 0.00217431835965
10 -8.38294973164e-08 0.00196740032323
10.1 -8.38294973164e-08 0.00178017237446
10.2 -8.38294973164e-08 0.0016107746047
10.3 -8.38294973164e-08 0.00145749113539
10.4 -8.38294973164e-08 0.00131878893565
10.5 -8.38294973164e-08 0.0011932947555
10.6 -8.38294973164e-08 0.00107973891176
10.7 -8.38294973164e-08 0.000976986041197
10.8 -8.38294973164e-08 0.00088402368149
10.9 -8.38294973164e-08 0.000799910024324
11 -8.38294973164e-08 0.00072378270978
11.1 -8.38294973164e-08 0.000654901053494
11.2 -8.38294973164e-08 0.000592579315871
11.3 -8.38294973164e-08 0.000536183628341
11.4 -8.38294973164e-08 0.000485149982073
11.5 -8.38294973164e-08 0.00043897940551
11.6 -8.38294973164e-08 0.000397205543906
11.7 -8.38294973164e-08 0.000359401503279
11.8 -8.38294973164e-08 0.000325198280726
11.9 -8.38294973164e-08 0.0002942539295
12 -8.38294973164e-08 0.000266251508145
12.1 -8.38294973164e-08 0.000240910086097
12.2 -8.38294973164e-08 0.000217982800146
12.3 -8.38294973164e-08 0.000197238319464
12.4 -8.38294973164e-08 0.000178459947411
12.5 -8.38294973164e-08 0.000161479544407
12.6 -8.38294973164e-08 0.000146113587688
12.7 -8.38294973164e-08 0.00013220858236
12.8 -8.38294973164e-08 0.000119627494119
12.9 -8.38294973164e-08 0.000108247488601
13 -8.38294973164e-08 9.79511865642e-05
13.1 -8.38294973164e-08 8.86313814881e-05
13.2 -8.38294973164e-08 8.01914706197e-05
13.3 -8.38294973164e-08 7.25477338288e-05
13.4 -8.38294973164e-08 6.56260445155e-05
13.5 -8.38294973164e-08 5.93625802074e-05
13.6 -8.38294973164e-08 5.37040954173e-05
13.7 -8.38294973164e-08 4.85912367756e-05
13.8 -8.38294973164e-08 4.39631795371e-05
13.9 -8.38294973164e-08 3.9775562851e-05
14 -8.38294973164e-08 3.59908141463e-05
14.1 -8.38294973164e-08 3.25754213267e-05
14.2 -8.38294973164e-08 2.94855112332e-05
14.3 -8.38294973164e-08 2.66876643613e-05
14.4 -8.38294973164e-08 2.41544179148e-05
14.5 -8.38294973164e-08 2.18113220056e-05
14.6 -8.38294973164e-08 1.97692541273e-05
14.7 -8.38294973164e-08 1.79023835951e-05
14.8 -8.38294973164e-08 1.62023587415e-05
14.9 -8.38294973164e-08 1.46608278987e-05
15 -8.38294973164e-08 1.32682866889e-05
15.1 -8.38294973164e-08 1.20090232315e-05
15.2 -8.38294973164e-08 1.08710008585e-05
15.3 -8.38294973164e-08 9.84301498526e-06
15.4 -8.38294973164e-08 8.91386102695e-06
15.5 -8.38294973164e-08 8.07233666955e-06
15.6 -8.38294973164e-08 7.31131642924e-06
15.7 -8.38294973164e-08 6.62500139026e-06
15.8 -8.38294973164e-08 6.00469969392e-06
15.9 -8.38294973164e-08 5.44171948152e-06
16 -8.38294973164e-08 4.92736889438e-06
16.1 -8.38294973164e-08 4.45471490206e-06
16.2 -8.38294973164e-08 4.02629600692e-06
16.3 -8.38294973164e-08 3.63904299779e-06
16.4 -8.38294973164e-08 3.28861705426e-06
16.5 -8.38294973164e-08 2.97067935591e-06
16.6 -8.38294973164e-08 2.61217728622e-06
16.7 -8.38294973164e-08 2.38036349336e-06
16.8 -8.38294973164e-08 2.1636707373e-06
16.9 -8.38294973164e-08 1.96209901803e-06
17 -8.38294973164e-08 1.77564833555e-06
17.1 -8.38294973164e-08 1.60431868988e-06
17.2 -8.38294973164e-08 1.44779964603e-06
17.3 -8.38294973164e-08 1.30440706942e-06
17.4 -8.38294973164e-08 1.17388805344e-06
17.5 -8.38294973164e-08 1.05624259808e-06
17.6 -8.38294973164e-08 9.51470703344e-07
17.7 -8.38294973164e-08 8.5957236923e-07
17.8 -8.38294973164e-08 7.78709274136e-07
17.9 -8.38294973164e-08 7.04761684124e-07
18 -8.38294973164e-08 6.37575710313e-07
18.1 -8.38294973164e-08 5.77151352705e-07
18.2 -8.38294973164e-08 5.23488611298e-07
18.3 -8.38294973164e-08 4.7658630845e-07
18.4 -8.38294973164e-08 4.34557403547e-07
18.5 -8.38294973164e-08 3.95695352349e-07
18.6 -8.38294973164e-08 3.60000154856e-07
18.7 -8.38294973164e-08 3.27471811067e-07
18.8 -8.38294973164e-08 2.98110320982e-07
18.9 -8.38294973164e-08 2.71863030159e-07
19 -8.38294973164e-08 2.47759890848e-07
19.1 -8.38294973164e-08 2.25437116095e-07
19.2 -8.38294973164e-08 2.048947059e-07
19.3 -8.38294973164e-08 1.86132660264e-07
19.4 -8.38294973164e-08 1.69150979185e-07
19.5 -8.38294973164e-08 1.53858296783e-07
19.6 -8.38294973164e-08 1.39758945822e-07
19.7 -8.38294973164e-08 1.26778491915e-07
19.8 -8.38294973164e-08 1.14916935061e-07
19.9 -8.38294973164e-08 1.04174275262e-07
20 -8.38294973164e-08 9.45505125164e-08
