"Time" "Prey" "Predator"
0 34.1627891197 14.6738405517
0.1 0.543654000815 37.2485860248
0.2 0.00493691888491 34.0820282216
0.3 6.97998522497e-05 30.8421208667
0.4 1.45384692378e-06 27.9071459715
0.5 -8.63781609777e-08 25.2514477946
0.6 -7.12272873952e-08 22.8484607452
0.7 -7.12272873952e-08 20.6741622457
0.8 -7.12272873952e-08 18.706770834
0.9 -7.12272873952e-08 16.9265830907
1 -7.12272873952e-08 15.3157904779
1.1 -7.12272873952e-08 13.8582977483
1.2 -7.12272873952e-08 12.5395048266
1.3 -7.12272873952e-08 11.3462102575
1.4 -7.12272873952e-08 10.2664687921
1.5 -7.12272873952e-08 9.28948637031
1.6 -7.12272873952e-08 8.40549226782
1.7 -7.12272873952e-08 7.60559927462
1.8 -7.12272873952e-08 6.88183021269
1.9 -7.12272873952e-08 6.2269391849
2 -7.12272873952e-08 5.6343677035
2.1 -7.12272873952e-08 5.09818676492
2.2 -7.12272873952e-08 4.61303053826
2.3 -7.12272873952e-08 4.17404281957
2.4 -7.12272873952e-08 3.77683045028
2.5 -7.12272873952e-08 3.41741845344
2.6 -7.12272873952e-08 3.09220858487
2.7 -7.12272873952e-08 2.79794638196
2.8 -7.12272873952e-08 2.5316871782
2.9 -7.12272873952e-08 2.29076557242
3 -7.12272873952e-08 2.07277073233
3.1 -7.12272873952e-08 1.87552095022
3.2 -7.12272873952e-08 1.69704171206
3.3 -7.12272873952e-08 1.53554711522
3.4 -7.12272873952e-08 1.38942065343
3.5 -7.12272873952e-08 1.25719975389
3.6 -7.12272873952e-08 1.13756057179
3.7 -7.12272873952e-08 1.02930710672
3.8 -7.12272873952e-08 0.931355413869
3.9 -7.12272873952e-08 0.84272529903
4 -7.12272873952e-08 0.762529380648
4.1 -7.12272873952e-08 0.689965088614
4.2 -7.12272873952e-08 0.624306159541
4.3 -7.12272873952e-08 0.564895582751
4.4 -7.12272873952e-08 0.511138665182
4.5 -7.12272873952e-08 0.46249735369
4.6 -7.12272873952e-08 0.418484866934
4.7 -7.12272873952e-08 0.378660515193
4.8 -7.12272873952e-08 0.342625943439
4.9 -7.12272873952e-08 0.310020765003
5 -7.12272873952e-08 0.280518280298
5.1 -7.12272873952e-08 0.253823470337
5.2 -7.12272873952e-08 0.2296689451
5.3 -7.12272873952e-08 0.207812987516
5.4 -7.12272873952e-08 0.188036972463
5.5 -7.12272873952e-08 0.170142785359
5.6 -7.12272873952e-08 0.153951564458
5.7 -7.12272873952e-08 0.13930113318
5.8 -7.12272873952e-08 0.126044859707
5.9 -7.12272873952e-08 0.114050119708
6 -7.12272873952e-08 0.103196761716
6.1 -7.12272873952e-08 0.0933762898902
6.2 -7.12272873952e-08 0.0844903405316
6.3 -7.12272873952e-08 0.0764499952583
6.4 -7.12272873952e-08 0.0691748303283
6.5 -7.12272873952e-08 0.0625919561621
6.6 -7.12272873952e-08 0.0566355489684
6.7 -7.12272873952e-08 0.0512459496187
6.8 -7.12272873952e-08 0.0463692321854
6.9 -7.12272873952e-08 0.0419566217516
7 -7.12272873952e-08 0.037963907385
7.1 -7.12272873952e-08 0.0343511677683
7.2 -7.12272873952e-08 0.0310822174227
7.3 -7.12272873952e-08 0.028124344374
7.4 -7.12272873952e-08 0.0254479612314
7.5 -7.12272873952e-08 0.0230262558121
7.6 -7.12272873952e-08 0.0208350188285
7.7 -7.12272873952e-08 0.0188523023289
7.8 -7.12272873952e-08 0.0170582641847
7.9 -7.12272873952e-08 0.0154349572995
8 -7.12272873952e-08 0.013966120854
8.1 -7.12272873952e-08 0.0126370672059
8.2 -7.12272873952e-08 0.0114344729472
8.3 -7.12272873952e-08 0.0103463148681
8.4 -7.12272873952e-08 0.00936174089393
8.5 -7.12272873952e-08 0.00847088039314
8.6 -7.12272873952e-08 0.00766479657037
8.7 -7.12272873952e-08 0.00693541299756
8.8 -7.12272873952e-08 0.00627545915967
8.9 -7.12272873952e-08 0.00567828480753
9 -7.12272873952e-08 0.00513792476436
9.1 -7.12272873952e-08 0.00464899903445
9.2 -7.12272873952e-08 0.00420658414941
9.3 -7.12272873952e-08 0.00380627859957
9.4 -7.12272873952e-08 0.00344407677651
9.5 -7.12272873952e-08 0.0031163257633
9.6 -7.12272873952e-08 0.002819774124
9.7 -7.12272873952e-08 0.00255144391992
9.8 -7.12272873952e-08 0.00230864560406
9.9 -7.12272873952e-08 0.002088981487
10 -7.12272873952e-08 0.00189023012062
10.1 -7.12272873952e-08 0.00171034998624
10.2 -7.12272873952e-08 0.00154758122247
10.3 -7.12272873952e-08 0.00140031213499
10.4 -7.12272873952e-08 0.00126704895316
10.5 -7.12272873952e-08 0.00114644965591
10.6 -7.12272873952e-08 0.0010373408648
10.7 -7.12272873952e-08 0.000938624373843
10.8 -7.12272873952e-08 0.000849291933405
10.9 -7.12272873952e-08 0.000768466886179
11 -7.12272873952e-08 0.000695344480627
11.1 -7.12272873952e-08 0.000629176566241
11.2 -7.12272873952e-08 0.000569292332698
11.3 -7.12272873952e-08 0.000515112146795
11.4 -7.12272873952e-08 0.000466090684063
11.5 -7.12272873952e-08 0.000421713088667
11.6 -7.12272873952e-08 0.000381587739687
11.7 -7.12272873952e-08 0.000345276311876
11.8 -7.12272873952e-08 0.000312418515636
11.9 -7.12272873952e-08 0.000282687082612
12 -7.12272873952e-08 0.000255793847606
12.1 -7.12272873952e-08 0.000231462265237
12.2 -7.12272873952e-08 0.000209439514951
12.3 -7.12272873952e-08 0.00018949760287
12.4 -7.12272873952e-08 0.000171438456087
12.5 -7.12272873952e-08 0.000155086688565
12.6 -7.12272873952e-08 0.000140291132214
12.7 -7.12272873952e-08 0.000126924753228
12.8 -7.12272873952e-08 0.000114840773648
12.9 -7.12272873952e-08 0.00010390283348
13 -7.12272873952e-08 9.40067797068e-05
13.1 -7.12272873952e-08 8.50646116902e-05
13.2 -7.12272873952e-08 7.69903635287e-05
13.3 -7.12272873952e-08 6.968172266e-05
13.4 -7.12272873952e-08 6.30641470678e-05
13.5 -7.12272873952e-08 5.70740435802e-05
13.6 -7.12272873952e-08 5.158100955e-05
13.7 -7.12272873952e-08 4.67255329527e-05
13.8 -7.12272873952e-08 4.22974322386e-05
13.9 -7.12272873952e-08 3.82745916113e-05
14 -7.12272873952e-08 3.46348773915e-05
14.1 -7.12272873952e-08 3.13458338704e-05
14.2 -7.12272873952e-08 2.83724253772e-05
14.3 -7.12272873952e-08 2.56864038368e-05
14.4 -7.12272873952e-08 2.32595211741e-05
14.5 -7.12272873952e-08 2.10635293143e-05
14.6 -7.12272873952e-08 1.90731008487e-05
14.7 -7.12272873952e-08 1.72773086551e-05
14.8 -7.12272873952e-08 1.5656380258e-05
14.9 -7.12272873952e-08 1.41887523403e-05
15 -7.12272873952e-08 1.2852861585e-05
15.1 -7.12272873952e-08 1.16271759921e-05
15.2 -7.12272873952e-08 1.05082400554e-05
15.3 -7.12272873952e-08 9.49711643735e-06
15.4 -7.12272873952e-08 8.5829809971e-06
15.5 -7.12272873952e-08 7.7550095937e-06
15.6 -7.12272873952e-08 7.00237808621e-06
15.7 -7.12272873952e-08 6.18861721497e-06
15.8 -7.12272873952e-08 5.63260958352e-06
15.9 -7.12272873952e-08 5.11401195294e-06
16 -7.12272873952e-08 4.63282432321e-06
16.1 -7.12272873952e-08 4.18904669435e-06
16.2 -7.12272873952e-08 3.78267335221e-06
16.3 -7.12272873952e-08 3.41075761102e-06
16.4 -7.12272873952e-08 3.0708333354e-06
16.5 -7.12272873952e-08 2.76290052536e-06
16.6 -7.12272873952e-08 2.4869591809e-06
16.7 -7.12272873952e-08 2.24300930202e-06
16.8 -7.12272873952e-08 2.03038717563e-06
16.9 -7.12272873952e-08 1.8383554556e-06
17 -7.12272873952e-08 1.66315702446e-06
17.1 -7.12272873952e-08 1.50479188222e-06
17.2 -7.12272873952e-08 1.36326002886e-06
17.3 -7.12272873952e-08 1.23856146439e-06
17.4 -7.12272873952e-08 1.12936183805e-06
17.5 -7.12272873952e-08 1.02896427428e-06
17.6 -7.12272873952e-08 9.3644565109e-07
17.7 -7.12272873952e-08 8.51805968467e-07
17.8 -7.12272873952e-08 7.75045226415e-07
17.9 -7.12272873952e-08 7.06163424934e-07
18 -7.12272873952e-08 6.44066118997e-07
18.1 -7.12272873952e-08 5.86464452217e-07
18.2 -7.12272873952e-08 5.33286474879e-07
18.3 -7.12272873952e-08 4.84532186982e-07
18.4 -7.12272873952e-08 4.40201588526e-07
18.5 -7.12272873952e-08 4.00292946463e-07
18.6 -7.12272873952e-08 3.63912557172e-07
18.7 -7.12272873952e-08 3.30312463705e-07
18.8 -7.12272873952e-08 2.99492666062e-07
18.9 -7.12272873952e-08 2.71453164244e-07
19 -7.12272873952e-08 2.46193958249e-07
19.1 -7.12272873952e-08 2.23665783441e-07
19.2 -7.12272873952e-08 2.03071651671e-07
19.3 -7.12272873952e-08 1.84132687873e-07
19.4 -7.12272873952e-08 1.66848892047e-07
19.5 -7.12272873952e-08 1.51220264194e-07
19.6 -7.12272873952e-08 1.37246804314e-07
19.7 -7.12272873952e-08 1.2481998885e-07
19.8 -7.12272873952e-08 1.13395156858e-07
19.9 -7.12272873952e-08 1.02897230266e-07
20 -7.12272873952e-08 9.33262090723e-08
