"Time" "Prey" "Predator"
0 36.4691563953 7.71494273364
0.1 1.76717173821 32.1853487253
0.2 0.027881559972 30.3485556486
0.3 0.000632505625183 27.4797679259
0.4 2.07260127461e-05 24.8651562052
0.5 9.53968523603e-07 22.4989360512
0.6 -6.46057155693e-08 20.3578918293
0.7 -3.1624857778e-08 18.4205864687
0.8 -3.1624857778e-08 16.6676386443
0.9 -3.1624857778e-08 15.0815055373
1 -3.1624857778e-08 13.6463040585
1.1 -3.1624857778e-08 12.3476812829
1.2 -3.1624857778e-08 11.172641877
1.3 -3.1624857778e-08 10.1094222453
1.4 -3.1624857778e-08 9.1473797796
1.5 -3.1624857778e-08 8.27688941172
1.6 -3.1624857778e-08 7.48925192888
1.7 -3.1624857778e-08 6.77655464415
1.8 -3.1624857778e-08 6.13167849073
1.9 -3.1624857778e-08 5.54817366762
2 -3.1624857778e-08 5.02019536332
2.1 -3.1624857778e-08 4.54246066119
2.2 -3.1624857778e-08 4.11018863633
2.3 -3.1624857778e-08 3.71905265288
2.4 -3.1624857778e-08 3.36513822936
2.5 -3.1624857778e-08 3.04490394004
2.6 -3.1624857778e-08 2.75514337878
2.7 -3.1624857778e-08 2.49295723997
2.8 -3.1624857778e-08 2.25572150989
2.9 -3.1624857778e-08 2.04106145285
3 -3.1624857778e-08 1.84682917672
3.1 -3.1624857778e-08 1.67108046076
3.2 -3.1624857778e-08 1.51205631374
3.3 -3.1624857778e-08 1.36816546643
3.4 -3.1624857778e-08 1.23796739532
3.5 -3.1624857778e-08 1.12015930122
3.6 -3.1624857778e-08 1.01356147162
3.7 -3.1624857778e-08 0.917107901476
3.8 -3.1624857778e-08 0.829833408401
3.9 -3.1624857778e-08 0.750864333017
4 -3.1624857778e-08 0.679410158706
4.1 -3.1624857778e-08 0.614755730184
4.2 -3.1624857778e-08 0.556253904141
4.3 -3.1624857778e-08 0.5033193527
4.4 -3.1624857778e-08 0.455422186712
4.5 -3.1624857778e-08 0.412083020988
4.6 -3.1624857778e-08 0.372868102562
4.7 -3.1624857778e-08 0.337384865414
4.8 -3.1624857778e-08 0.305278163963
4.9 -3.1624857778e-08 0.276227079758
5 -3.1624857778e-08 0.249940524411
5.1 -3.1624857778e-08 0.226155517793
5.2 -3.1624857778e-08 0.204633992646
5.3 -3.1624857778e-08 0.185160414685
5.4 -3.1624857778e-08 0.167540085199
5.5 -3.1624857778e-08 0.151596468731
5.6 -3.1624857778e-08 0.137170118783
5.7 -3.1624857778e-08 0.124116673455
5.8 -3.1624857778e-08 0.112305384598
5.9 -3.1624857778e-08 0.101618133871
6 -3.1624857778e-08 0.0919478565511
6.1 -3.1624857778e-08 0.0831978375795
6.2 -3.1624857778e-08 0.075280513731
6.3 -3.1624857778e-08 0.068116592775
6.4 -3.1624857778e-08 0.0616344536919
6.5 -3.1624857778e-08 0.0557691507869
6.6 -3.1624857778e-08 0.0504620090309
6.7 -3.1624857778e-08 0.0456599120675
6.8 -3.1624857778e-08 0.0413147728502
6.9 -3.1624857778e-08 0.0373831566411
7 -3.1624857778e-08 0.0338256708238
7.1 -3.1624857778e-08 0.030606729034
7.2 -3.1624857778e-08 0.0276941154122
7.3 -3.1624857778e-08 0.0250586611561
7.4 -3.1624857778e-08 0.0226740168906
7.5 -3.1624857778e-08 0.0205162914199
7.6 -3.1624857778e-08 0.0185639038974
7.7 -3.1624857778e-08 0.0167973159826
7.8 -3.1624857778e-08 0.0151988344793
7.9 -3.1624857778e-08 0.0137524752238
8 -3.1624857778e-08 0.0124437513667
8.1 -3.1624857778e-08 0.0112595692182
8.2 -3.1624857778e-08 0.0101880688241
8.3 -3.1624857778e-08 0.00921851992849
8.4 -3.1624857778e-08 0.00834125683693
8.5 -3.1624857778e-08 0.00754750099237
8.6 -3.1624857778e-08 0.0068292924858
8.7 -3.1624857778e-08 0.00617941542993
8.8 -3.1624857778e-08 0.00559139584422
8.9 -3.1624857778e-08 0.00505933828739
9 -3.1624857778e-08 0.00457787609602
9.1 -3.1624857778e-08 0.00414223943568
9.2 -3.1624857778e-08 0.00374806125504
9.3 -3.1624857778e-08 0.00339137878805
9.4 -3.1624857778e-08 0.0030686554953
9.5 -3.1624857778e-08 0.00277664169253
9.6 -3.1624857778e-08 0.0025124059575
9.7 -3.1624857778e-08 0.00227332674825
9.8 -3.1624857778e-08 0.00205699252531
9.9 -3.1624857778e-08 0.0018612518323
10 -3.1624857778e-08 0.00168416086474
10.1 -3.1624857778e-08 0.00152392010907
10.2 -3.1624857778e-08 0.00137889063766
10.3 -3.1624857778e-08 0.00124766747029
10.4 -3.1624857778e-08 0.00112893829251
10.5 -3.1624857778e-08 0.00102149387398
10.6 -3.1624857778e-08 0.000924269046149
10.7 -3.1624857778e-08 0.000836308438484
10.8 -3.1624857778e-08 0.000756722553182
10.9 -3.1624857778e-08 0.000684701048611
11 -3.1624857778e-08 0.000619542508458
11.1 -3.1624857778e-08 0.000560591659506
11.2 -3.1624857778e-08 0.000507242178365
11.3 -3.1624857778e-08 0.000458964214934
11.4 -3.1624857778e-08 0.000415284979022
11.5 -3.1624857778e-08 0.000375763156714
11.6 -3.1624857778e-08 0.000339989261784
11.7 -3.1624857778e-08 0.000307638101172
11.8 -3.1624857778e-08 0.000278363685988
11.9 -3.1624857778e-08 0.000251872279655
12 -3.1624857778e-08 0.000227905361189
12.1 -3.1624857778e-08 0.000206226051604
12.2 -3.1624857778e-08 0.000186610280619
12.3 -3.1624857778e-08 0.000168853613075
12.4 -3.1624857778e-08 0.000152772639798
12.5 -3.1624857778e-08 0.000138208690686
12.6 -3.1624857778e-08 0.000125021140486
12.7 -3.1624857778e-08 0.000113089523561
12.8 -3.1624857778e-08 0.000102313147849
12.9 -3.1624857778e-08 9.25718429424e-05
13 -3.1624857778e-08 8.37543571256e-05
13.1 -3.1624857778e-08 7.5776837313e-05
13.2 -3.1624857778e-08 6.85685476449e-05
13.3 -3.1624857778e-08 6.20632396058e-05
13.4 -3.1624857778e-08 5.61761134266e-05
13.5 -3.1624857778e-08 5.08453537339e-05
13.6 -3.1624857778e-08 4.60190080694e-05
13.7 -3.1624857778e-08 4.15657170277e-05
13.8 -3.1624857778e-08 3.7668994485e-05
13.9 -3.1624857778e-08 3.41084276832e-05
14 -3.1624857778e-08 3.08678828089e-05
14.1 -3.1624857778e-08 2.79312260488e-05
14.2 -3.1624857778e-08 2.52787364827e-05
14.3 -3.1624857778e-08 2.28799133254e-05
14.4 -3.1624857778e-08 2.07122916449e-05
14.5 -3.1624857778e-08 1.87542337692e-05
14.6 -3.1624857778e-08 1.69841020262e-05
14.7 -3.1624857778e-08 1.53804380935e-05
14.8 -3.1624857778e-08 1.39313474426e-05
14.9 -3.1624857778e-08 1.2624247011e-05
15 -3.1624857778e-08 1.14423496349e-05
15.1 -3.1624857778e-08 1.03688681504e-05
15.2 -3.1624857778e-08 9.38701539354e-06
15.3 -3.1624857778e-08 8.48548305558e-06
15.4 -3.1624857778e-08 7.6694277177e-06
15.5 -3.1624857778e-08 6.93173220487e-06
15.6 -3.1624857778e-08 6.26401580604e-06
15.7 -3.1624857778e-08 5.65789781014e-06
15.8 -3.1624857778e-08 4.98211870501e-06
15.9 -3.1624857778e-08 4.53839475177e-06
16 -3.1624857778e-08 4.12387484561e-06
16.1 -3.1624857778e-08 3.73855898654e-06
16.2 -3.1624857778e-08 3.38244717456e-06
16.3 -3.1624857778e-08 3.05553940967e-06
16.4 -3.1624857778e-08 2.75688355439e-06
16.5 -3.1624857778e-08 2.48333901976e-06
16.6 -3.1624857778e-08 2.23465847173e-06
16.7 -3.1624857778e-08 2.01084191029e-06
16.8 -3.1624857778e-08 1.81188933545e-06
16.9 -3.1624857778e-08 1.63780074719e-06
17 -3.1624857778e-08 1.48366264083e-06
17.1 -3.1624857778e-08 1.34262909855e-06
17.2 -3.1624857778e-08 1.2146548217e-06
17.3 -3.1624857778e-08 1.0997398103e-06
17.4 -3.1624857778e-08 9.97884064331e-07
17.5 -3.1624857778e-08 9.08996033741e-07
17.6 -3.1624857778e-08 8.2865984266e-07
17.7 -3.1624857778e-08 7.54439964367e-07
17.8 -3.1624857778e-08 6.86336398864e-07
17.9 -3.1624857778e-08 6.24349146151e-07
18 -3.1624857778e-08 5.68478206228e-07
18.1 -3.1624857778e-08 5.18495873056e-07
18.2 -3.1624857778e-08 4.72414348022e-07
18.3 -3.1624857778e-08 4.29771336004e-07
18.4 -3.1624857778e-08 3.90566837003e-07
18.5 -3.1624857778e-08 3.54800851018e-07
18.6 -3.1624857778e-08 3.22473378049e-07
18.7 -3.1624857778e-08 2.93304153281e-07
18.8 -3.1624857778e-08 2.66368733983e-07
18.9 -3.1624857778e-08 2.41594316556e-07
19 -3.1624857778e-08 2.18980900998e-07
19.1 -3.1624857778e-08 1.98528487311e-07
19.2 -3.1624857778e-08 1.80237075494e-07
19.3 -3.1624857778e-08 1.63742384509e-07
19.4 -3.1624857778e-08 1.4853686665e-07
19.5 -3.1624857778e-08 1.34617163534e-07
19.6 -3.1624857778e-08 1.21983275161e-07
19.7 -3.1624857778e-08 1.1063520153e-07
19.8 -3.1624857778e-08 1.00565481092e-07
19.9 -3.1624857778e-08 9.14142093549e-08
20 -3.1624857778e-08 8.2982885042e-08
