"Time" "Prey" "Predator"
0 6.3929282467 37.141582329
0.1 0.0372220532694 38.0610566387
0.2 0.000317082728996 34.464957531
0.3 4.29507171025e-06 31.1854033837
0.4 6.83607814761e-08 28.2177305349
0.5 -7.74873481988e-08 25.5324644617
0.6 -7.74873481988e-08 23.1027458121
0.7 -7.74873481988e-08 20.9042437249
0.8 -7.74873481988e-08 18.9149400531
0.9 -7.74873481988e-08 17.1149289989
1 -7.74873481988e-08 15.4862249602
1.1 -7.74873481988e-08 14.0125132425
1.2 -7.74873481988e-08 12.6790439144
1.3 -7.74873481988e-08 11.4724736563
1.4 -7.74873481988e-08 10.380723447
1.5 -7.74873481988e-08 9.39286703106
1.6 -7.74873481988e-08 8.49901758979
1.7 -7.74873481988e-08 7.69022917283
1.8 -7.74873481988e-08 6.95840714076
1.9 -7.74873481988e-08 6.2962272414
2 -7.74873481988e-08 5.69706316672
2.1 -7.74873481988e-08 5.15491616414
2.2 -7.74873481988e-08 4.66435971507
2.3 -7.74873481988e-08 4.22048656475
2.4 -7.74873481988e-08 3.81885311798
2.5 -7.74873481988e-08 3.45544133865
2.6 -7.74873481988e-08 3.1266126638
2.7 -7.74873481988e-08 2.82907599362
2.8 -7.74873481988e-08 2.55985362145
2.9 -7.74873481988e-08 2.31625125178
3 -7.74873481988e-08 2.09583077854
3.1 -7.74873481988e-08 1.89638600942
3.2 -7.74873481988e-08 1.71592089813
3.3 -7.74873481988e-08 1.5526288472
3.4 -7.74873481988e-08 1.40487649174
3.5 -7.74873481988e-08 1.27118464128
3.6 -7.74873481988e-08 1.1502153647
3.7 -7.74873481988e-08 1.04075781898
3.8 -7.74873481988e-08 0.941716459888
3.9 -7.74873481988e-08 0.852100228816
4 -7.74873481988e-08 0.771011967549
4.1 -7.74873481988e-08 0.69764050019
4.2 -7.74873481988e-08 0.631251123175
4.3 -7.74873481988e-08 0.571179645322
4.4 -7.74873481988e-08 0.516824594429
4.5 -7.74873481988e-08 0.467642208538
4.6 -7.74873481988e-08 0.423140098063
4.7 -7.74873481988e-08 0.382872963013
4.8 -7.74873481988e-08 0.346437754139
4.9 -7.74873481988e-08 0.313469799821
5 -7.74873481988e-08 0.283639187651
5.1 -7.74873481988e-08 0.256647289427
5.2 -7.74873481988e-08 0.232224072604
5.3 -7.74873481988e-08 0.210124985153
5.4 -7.74873481988e-08 0.190128934926
5.5 -7.74873481988e-08 0.172035655775
5.6 -7.74873481988e-08 0.15566423703
5.7 -7.74873481988e-08 0.140850818175
5.8 -7.74873481988e-08 0.127447047921
5.9 -7.74873481988e-08 0.115318882772
6 -7.74873481988e-08 0.104344809745
6.1 -7.74873481988e-08 0.0944150754956
6.2 -7.74873481988e-08 0.0854302809985
6.3 -7.74873481988e-08 0.0773004717087
6.4 -7.74873481988e-08 0.069944372749
6.5 -7.74873481988e-08 0.0632882746057
6.6 -7.74873481988e-08 0.0572655995348
6.7 -7.74873481988e-08 0.0518160527499
6.8 -7.74873481988e-08 0.0468850786839
6.9 -7.74873481988e-08 0.0424233782595
7 -7.74873481988e-08 0.0383862457174
7.1 -7.74873481988e-08 0.0347333093534
7.2 -7.74873481988e-08 0.0314279977896
7.3 -7.74873481988e-08 0.0284372178642
7.4 -7.74873481988e-08 0.0257310625535
7.5 -7.74873481988e-08 0.0232824179243
7.6 -7.74873481988e-08 0.0210668002538
7.7 -7.74873481988e-08 0.0190620284604
7.8 -7.74873481988e-08 0.0172480301509
7.9 -7.74873481988e-08 0.0156066661373
8 -7.74873481988e-08 0.0141214906658
8.1 -7.74873481988e-08 0.0127776520625
8.2 -7.74873481988e-08 0.0115616965473
8.3 -7.74873481988e-08 0.0104614506629
8.4 -7.74873481988e-08 0.00946591374932
8.5 -7.74873481988e-08 0.00856511039761
8.6 -7.74873481988e-08 0.00775003010956
8.7 -7.74873481988e-08 0.00701251844033
8.8 -7.74873481988e-08 0.00634518616188
8.9 -7.74873481988e-08 0.00574135859609
9 -7.74873481988e-08 0.00519497757127
9.1 -7.74873481988e-08 0.00470058991334
9.2 -7.74873481988e-08 0.00425327486349
9.3 -7.74873481988e-08 0.00384854343383
9.4 -7.74873481988e-08 0.00348233472037
9.5 -7.74873481988e-08 0.00315096108952
9.6 -7.74873481988e-08 0.00285113271775
9.7 -7.74873481988e-08 0.00257984344405
9.8 -7.74873481988e-08 0.0023343403526
9.9 -7.74873481988e-08 0.00211219501836
10 -7.74873481988e-08 0.00191119757589
10.1 -7.74873481988e-08 0.00172931690288
10.2 -7.74873481988e-08 0.00156474599687
10.3 -7.74873481988e-08 0.00141584838035
10.4 -7.74873481988e-08 0.00128107671078
10.5 -7.74873481988e-08 0.00115919109921
10.6 -7.74873481988e-08 0.00104888847121
10.7 -7.74873481988e-08 0.000949074950501
10.8 -7.74873481988e-08 0.000858756288874
10.9 -7.74873481988e-08 0.000777040969078
11 -7.74873481988e-08 0.000703099139063
11.1 -7.74873481988e-08 0.000636180372517
11.2 -7.74873481988e-08 0.000575607965946
11.3 -7.74873481988e-08 0.000520785088889
11.4 -7.74873481988e-08 0.000471194365182
11.5 -7.74873481988e-08 0.000426350017982
11.6 -7.74873481988e-08 0.000385761907927
11.7 -7.74873481988e-08 0.000349035720508
11.8 -7.74873481988e-08 0.000315829512823
11.9 -7.74873481988e-08 0.000285785675621
12 -7.74873481988e-08 0.000258591089576
12.1 -7.74873481988e-08 0.00023398482419
12.2 -7.74873481988e-08 0.000211728649827
12.3 -7.74873481988e-08 0.000191579740874
12.4 -7.74873481988e-08 0.000173342331491
12.5 -7.74873481988e-08 0.000156849006076
12.6 -7.74873481988e-08 0.000141920070025
12.7 -7.74873481988e-08 0.000128397472943
12.8 -7.74873481988e-08 0.00011615668263
12.9 -7.74873481988e-08 0.000105094616853
13 -7.74873481988e-08 9.51115471584e-05
13.1 -7.74873481988e-08 8.60759094217e-05
13.2 -7.74873481988e-08 7.78960010503e-05
13.3 -7.74873481988e-08 7.04949032526e-05
13.4 -7.74873481988e-08 6.3807554625e-05
13.5 -7.74873481988e-08 5.7757163894e-05
13.6 -7.74873481988e-08 5.22754331659e-05
13.7 -7.74873481988e-08 4.73096365712e-05
13.8 -7.74873481988e-08 4.2815425821e-05
13.9 -7.74873481988e-08 3.87513537203e-05
14 -7.74873481988e-08 3.50682247137e-05
14.1 -7.74873481988e-08 3.17307927556e-05
14.2 -7.74873481988e-08 2.87101719851e-05
14.3 -7.74873481988e-08 2.59370828229e-05
14.4 -7.74873481988e-08 2.35008176477e-05
14.5 -7.74873481988e-08 2.12793149252e-05
14.6 -7.74873481988e-08 1.92604448813e-05
14.7 -7.74873481988e-08 1.74320777418e-05
14.8 -7.74873481988e-08 1.57803220767e-05
14.9 -7.74873481988e-08 1.42871538577e-05
15 -7.74873481988e-08 1.29379310347e-05
15.1 -7.74873481988e-08 1.17182489305e-05
15.2 -7.74873481988e-08 1.06137028678e-05
15.3 -7.74873481988e-08 9.61017162965e-06
15.4 -7.74873481988e-08 8.70216651468e-06
15.5 -7.74873481988e-08 7.88259483411e-06
15.6 -7.74873481988e-08 7.14121125024e-06
15.7 -7.74873481988e-08 6.46777042543e-06
15.8 -7.74873481988e-08 5.85202702199e-06
15.9 -7.74873481988e-08 5.28762109478e-06
16 -7.74873481988e-08 4.77730728839e-06
16.1 -7.74873481988e-08 4.31638117649e-06
16.2 -7.74873481988e-08 3.89961479895e-06
16.3 -7.74873481988e-08 3.52178019566e-06
16.4 -7.74873481988e-08 3.09993222172e-06
16.5 -7.74873481988e-08 2.82534846517e-06
16.6 -7.74873481988e-08 2.56858830739e-06
16.7 -7.74873481988e-08 2.32965174837e-06
16.8 -7.74873481988e-08 2.10853878813e-06
16.9 -7.74873481988e-08 1.90524942665e-06
17 -7.74873481988e-08 1.71917964303e-06
17.1 -7.74873481988e-08 1.54869293472e-06
17.2 -7.74873481988e-08 1.3936977013e-06
17.3 -7.74873481988e-08 1.25419394274e-06
17.4 -7.74873481988e-08 1.13018165907e-06
17.5 -7.74873481988e-08 1.02166085026e-06
17.6 -7.74873481988e-08 9.25219427923e-07
17.7 -7.74873481988e-08 8.3701583917e-07
17.8 -7.74873481988e-08 7.5704675771e-07
17.9 -7.74873481988e-08 6.85312183543e-07
18 -7.74873481988e-08 6.21812116669e-07
18.1 -7.74873481988e-08 5.66440816638e-07
18.2 -7.74873481988e-08 5.16257035399e-07
18.3 -7.74873481988e-08 4.69927283909e-07
18.4 -7.74873481988e-08 4.27451562168e-07
18.5 -7.74873481988e-08 3.88829870175e-07
18.6 -7.74873481988e-08 3.54062207932e-07
18.7 -7.74873481988e-08 3.22960672127e-07
18.8 -7.74873481988e-08 2.94249377837e-07
18.9 -7.74873481988e-08 2.67688851515e-07
19 -7.74873481988e-08 2.43279093162e-07
19.1 -7.74873481988e-08 2.21020102777e-07
19.2 -7.74873481988e-08 2.00911880361e-07
19.3 -7.74873481988e-08 1.82747060034e-07
19.4 -7.74873481988e-08 1.65963815576e-07
19.5 -7.74873481988e-08 1.50530699718e-07
19.6 -7.74873481988e-08 1.3644771246e-07
19.7 -7.74873481988e-08 1.23714853803e-07
19.8 -7.74873481988e-08 1.12332123747e-07
19.9 -7.74873481988e-08 1.0204341409e-07
20 -7.74873481988e-08 9.25603814278e-08
