"Time" "Prey" "Predator"
0 0.00178028725176 5.11375465364
0.1 0.000994663834957 4.62773540993
0.2 0.000591193267672 4.18767188771
0.3 0.000371770209892 3.78934283343
0.4 0.000245814181346 3.42884527716
0.5 0.000169872181745 3.10261016365
0.6 0.000122452464836 2.80739755088
0.7 9.1666782065e-05 2.54026513515
0.8 7.09775820007e-05 2.29854522337
0.9 5.67110084152e-05 2.0798221438
1 4.67463606267e-05 1.881911638
1.1 3.93857836502e-05 1.7028318363
1.2 3.38963607812e-05 1.5407917767
1.3 2.97977183766e-05 1.39417060162
1.4 2.66955840901e-05 1.2615013915
1.5 2.43163725918e-05 1.14145665041
1.6 2.24850350673e-05 1.03283520249
1.7 2.10848666956e-05 0.934550370882
1.8 2.00197616794e-05 0.845618064022
1.9 1.92257988895e-05 0.76514865461
2 1.86502821039e-05 0.692336530862
2.1 1.82600511432e-05 0.626453355057
2.2 1.80278413389e-05 0.566839610078
2.3 1.79336285085e-05 0.512898720963
2.4 1.79623513652e-05 0.464090953037
2.5 1.81027473694e-05 0.419927674084
2.6 1.83467990131e-05 0.379967108675
2.7 1.86885527952e-05 0.343809124747
2.8 1.91241980776e-05 0.311092006748
2.9 1.96512660909e-05 0.281488042539
3 2.02686992714e-05 0.254701079349
3.1 2.09769564575e-05 0.230463509376
3.2 2.17767778388e-05 0.208532402747
3.3 2.26702075022e-05 0.188688388254
3.4 2.36597786258e-05 0.170732715306
3.5 2.47488742338e-05 0.154485715631
3.6 2.59415174666e-05 0.13978476908
3.7 2.72424111012e-05 0.126482834261
3.8 2.8656865013e-05 0.114446728522
3.9 3.01908331179e-05 0.103555985204
4 3.18508940314e-05 0.0937016013004
4.1 3.36442749305e-05 0.0847849679292
4.2 3.55788576892e-05 0.0767167985567
4.3 3.76632236328e-05 0.0694164629817
4.4 3.99066510556e-05 0.062810854694
4.5 4.23191636178e-05 0.056833838324
4.6 4.49115713547e-05 0.0514256197508
4.7 4.76955030219e-05 0.0465320200973
4.8 5.06834627972e-05 0.0421041162558
4.9 5.3888875683e-05 0.0380975673394
5 5.73261460266e-05 0.0344722784312
5.1 6.10107190884e-05 0.0311920004764
5.2 6.49591456958e-05 0.0282238637589
5.3 6.91891538044e-05 0.025538182512
5.4 7.37197287059e-05 0.0231080619921
5.5 7.85711932677e-05 0.0209091861627
5.6 8.37652973837e-05 0.0189195693735
5.7 8.93253164224e-05 0.0171192757829
5.8 9.52761483351e-05 0.0154903055834
5.9 0.000101644430675 0.0140163457559
6 0.00010845865302 0.0126826438262
6.1 0.000115749284014 0.0114758601749
6.2 0.000123548912037 0.0103839057939
6.3 0.000131892378669 0.00939586449306
6.4 0.00014081694939 0.00850184643845
6.5 0.000150362461042 0.00769289893669
6.6 0.00016057151499 0.00696092668138
6.7 0.000171489667642 0.00629859198145
6.8 0.000183165596955 0.00569928723299
6.9 0.000195651359979 0.00515703620464
7 0.000209002663604 0.00466639867849
7.1 0.000223278955665 0.00422244932839
7.2 0.000238543803723 0.00382073268448
7.3 0.000254865323306 0.00345725896737
7.4 0.000272316134773 0.00312836560853
7.5 0.00029097387322 0.00283073533001
7.6 0.000310921778044 0.00256143546542
7.7 0.000332248575947 0.00231776159479
7.8 0.000355049097256 0.00209725978096
7.9 0.000379425028563 0.00189775306629
8 0.000405484764112 0.00171723386903
8.1 0.000433344129468 0.00155387697385
8.2 0.000463127341147 0.0014060722406
8.3 0.000494966817536 0.00127233332443
8.4 0.000529004067134 0.00115130973776
8.5 0.000565390945795 0.00104181398952
8.6 0.00060428920946 0.000942744299586
8.7 0.000645871345245 0.000853084294918
8.8 0.000690322636237 0.000771946818969
8.9 0.000737841175086 0.000698535402613
9 0.000788637931393 0.000632107875802
9.1 0.000842938379923 0.000571990171285
9.2 0.000900984917663 0.000517597915138
9.3 0.000963035576315 0.000468385980912
9.4 0.00102936551346 0.000423851674707
9.5 0.00110027021304 0.00038355393789
9.6 0.00117606556352 0.000347095392412
9.7 0.0012570880038 0.00031410517971
9.8 0.00134369709554 0.000284246164956
9.9 0.00143627941036 0.000257229433698
10 0.0015352464391 0.000232784561579
10.1 0.00164104253157 0.0002106524209
10.2 0.00175412315211 0.000190643036121
10.3 0.00187500604405 0.000172533356636
10.4 0.00200422477323 0.000156145329151
10.5 0.00214235378659 0.00014131443326
10.6 0.00229001556083 0.000127898514716
10.7 0.00244786667358 0.00011576057417
10.8 0.00261660251991 0.000104774595146
10.9 0.00279695895943 9.48262099398e-05
11 0.0029897591547 8.58153679957e-05
11.1 0.00319587575236 7.76541813738e-05
11.2 0.00341621386629 7.02659553004e-05
11.3 0.00365172638199 6.35860600594e-05
11.4 0.00390344480903 5.75537481278e-05
11.5 0.00417254860471 5.20937677314e-05
11.6 0.00446023180679 4.71517353254e-05
11.7 0.00476774773831 4.2682278698e-05
11.8 0.00509641672005 3.86473761855e-05
11.9 0.00544774971877 3.49999772112e-05
12 0.0058233501796 3.1697006371e-05
12.1 0.00622486698001 2.87055955339e-05
12.2 0.00665403556249 2.59976350758e-05
12.3 0.00711273405223 2.3547415761e-05
12.4 0.0076031134824 2.13261565539e-05
12.5 0.00812735035495 1.93124022466e-05
12.6 0.00868772873022 1.74885739754e-05
12.7 0.0092866544432 1.58404088927e-05
12.8 0.00992687967196 1.43491985025e-05
12.9 0.0106113273876 1.2997856124e-05
13 0.0113430020833 1.17740023195e-05
13.1 0.0121250659109 1.06673334339e-05
13.2 0.0129609369562 9.66807975673e-06
13.3 0.0138545371907 8.76311544612e-06
13.4 0.0148098354624 7.94312848707e-06
13.5 0.0158309949792 7.20030683674e-06
13.6 0.0169223987483 6.52801449526e-06
13.7 0.0180890509464 5.91897561933e-06
13.8 0.0193362881538 5.36658096273e-06
13.9 0.0206695874931 4.86575589631e-06
14 0.0220947139409 4.4122939376e-06
14.1 0.0236178577047 4.00238021821e-06
14.2 0.025246071741 3.63107381242e-06
14.3 0.0269866044645 3.29462244726e-06
14.4 0.0288470822345 2.9898294889e-06
14.5 0.0308357931348 2.7137007044e-06
14.6 0.0329617655242 2.46336812786e-06
14.7 0.0352343550236 2.23649036703e-06
14.8 0.0376634439969 2.03106320643e-06
14.9 0.0402600363202 1.84495555877e-06
15 0.0430358047507 1.67626252018e-06
15.1 0.0460029205554 1.52343826069e-06
15.2 0.0491743478124 1.38511291545e-06
15.3 0.0525645904869 1.25975568338e-06
15.4 0.0561887233846 1.14611182812e-06
15.5 0.0600625787074 1.04311854907e-06
15.6 0.0642032155968 9.49799918773e-07
15.7 0.0686294298151 8.65175853296e-07
15.8 0.0733607960858 7.88433151312e-07
15.9 0.0784182641188 7.18840965759e-07
16 0.0838245994133 6.55707017701e-07
16.1 0.0896036422674 5.98449749184e-07
16.2 0.0957809029782 5.46542286322e-07
16.3 0.1023842532 4.99448803399e-07
16.4 0.109442838244 4.56724541877e-07
16.5 0.116987800591 4.1797006987e-07
16.6 0.125053186625 3.82795338336e-07
16.7 0.133674620599 3.5087048559e-07
16.8 0.142890116957 3.21900849558e-07
16.9 0.15274126007 2.9559826353e-07
17 0.163271585136 2.71719756597e-07
17.1 0.174527419719 2.50050130294e-07
17.2 0.186559354303 2.30376352277e-07
17.3 0.199420701537 2.1251417326e-07
17.4 0.213168793 1.96296241634e-07
17.5 0.227864826959 1.81572391693e-07
17.6 0.243573740427 1.68210262003e-07
17.7 0.260365896831 1.56083735125e-07
17.8 0.27831553399 1.45083748007e-07
17.9 0.297502640475 1.35109796702e-07
18 0.31801270344 1.26070754211e-07
18.1 0.339936370325 1.1788703543e-07
18.2 0.36337183212 1.10484040928e-07
18.3 0.388422707404 1.03797473528e-07
18.4 0.415200617078 9.77686660823e-08
18.5 0.443824877076 9.23450169875e-08
18.6 0.474421986702 8.74813384352e-08
18.7 0.507128984379 8.31361363219e-08
18.8 0.542090486648 7.92745766873e-08
18.9 0.579461913905 7.58664439933e-08
19 0.619409759487 7.28859336573e-08
19.1 0.662111655232 7.03123796443e-08
19.2 0.70775752314 6.81298809451e-08
19.3 0.756550031779 6.63275619198e-08
19.4 0.808706499394 6.48996333609e-08
19.5 0.864458330802 6.3845894164e-08
19.6 0.924054017252 6.31726606051e-08
19.7 0.987757785831 6.28928147043e-08
19.8 1.05585378858 6.30286291926e-08
19.9 1.12864358686 6.36106089441e-08
20 1.20645161546 6.46839438904e-08
