"Time" "Prey" "Predator"
0 7.37283346027 4.16874900308
0.1 3.81622807511 6.56974232055
0.2 1.55350580088 7.67015591905
0.3 0.592465578371 7.66779890134
0.4 0.234280182257 7.20981085307
0.5 0.0995129890586 6.62653318447
0.6 0.0457382010175 6.03728707848
0.7 0.0226959335917 5.48064558822
0.8 0.0120952507042 4.96740573219
0.9 0.00688181626106 4.49883030636
1 0.00415607457874 4.07290035107
1.1 0.00264951997857 3.68654081839
1.2 0.00177414900349 3.33644524891
1.3 0.0012419278492 3.01938942407
1.4 0.000905047002505 2.73234646418
1.5 0.000684016473972 2.47252391343
1.6 0.00053438828404 2.2373673321
1.7 0.00043007631739 2.0245507166
1.8 0.000355597519312 1.83196085296
1.9 0.000301285940168 1.65768095627
2 0.000260972869955 1.49997379427
2.1 0.000230651981012 1.35726575671
2.2 0.000207592747573 1.22813180546
2.3 0.00018991176579 1.11128183162
2.4 0.000176313990496 1.00554786322
2.5 0.000165902131724 0.909872973787
2.6 0.000158011449682 0.823300561366
2.7 0.000152152962588 0.744964772688
2.8 0.000147974865298 0.674082173429
2.9 0.000145211730803 0.609943800107
3 0.000143664993013 0.551908122944
3.1 0.00014318571701 0.49939454007
3.2 0.000143652471668 0.451877038575
3.3 0.000144985251241 0.408880593455
3.4 0.000147142216454 0.369975763127
3.5 0.000150067175669 0.334772749173
3.6 0.000153741070494 0.30291960242
3.7 0.000158142368918 0.274097305432
3.8 0.000163266403586 0.248017478388
3.9 0.000169114908731 0.224419127635
4 0.000175698506515 0.203066326734
4.1 0.000183033528758 0.183745319645
4.2 0.000191142934938 0.166262759785
4.3 0.000200054873612 0.150443680369
4.4 0.000209803046492 0.136129835301
4.5 0.000220426037313 0.123177905661
4.6 0.000231967869826 0.111458424404
4.7 0.000244477458126 0.100854161888
4.8 0.000258008546424 0.0912588980987
4.9 0.000272620321543 0.082576678173
5 0.000288377093193 0.0747205421183
5.1 0.000305348794534 0.0676119289488
5.2 0.000323611088751 0.0611797183289
5.3 0.000343245622785 0.0553595088278
5.4 0.00036434043627 0.0500931364816
5.5 0.000386990181696 0.0453278466614
5.6 0.000411296590573 0.0410159693489
5.7 0.000437368878891 0.037114355576
5.8 0.000465324203128 0.033583949993
5.9 0.000495288165159 0.0303894750809
6 0.000527395347992 0.0274989318991
6.1 0.000561789892699 0.024883414391
6.2 0.000598626140942 0.0225167532097
6.3 0.000638069304856 0.0203752534446
6.4 0.000680296175178 0.018437508636
6.5 0.000725495946068 0.0166841122355
6.6 0.000773870996162 0.0150975358259
6.7 0.000825637820736 0.0136619085543
6.8 0.00088102798367 0.0123628568084
6.9 0.000940289107295 0.0111873960702
7 0.00100368604764 0.0101237552476
7.1 0.00107150198223 0.00916130071024
7.2 0.00114403972824 0.00829040527212
7.3 0.00122162308032 0.00750235194729
7.4 0.00130459819145 0.00678926708043
7.5 0.00139333522227 0.00614401025407
7.6 0.00148822983766 0.00556012859984
7.7 0.00158970517061 0.00503178809553
7.8 0.00169821346146 0.00455369602332
7.9 0.00181423825303 0.0041210758577
8 0.00193829667873 0.00372958815474
8.1 0.00207094129423 0.00337532632465
8.2 0.00221276244486 0.00305477307286
8.3 0.00236439240065 0.00276472064048
8.4 0.00252650648886 0.00250226053605
8.5 0.00269982518417 0.0022647514759
8.6 0.00288512010847 0.00204981949185
8.7 0.00308321756962 0.00185533546722
8.8 0.00329499792532 0.00167933547952
8.9 0.00352140197178 0.0015200358471
9 0.00376344009172 0.00137588285306
9.1 0.00402218857006 0.00124543617782
9.2 0.00429879583833 0.00112737626717
9.3 0.00459449520333 0.00102054107449
9.4 0.00491060284346 0.000923868413056
9.5 0.00524853820154 0.000836340824227
9.6 0.00560975842227 0.000757184787174
9.7 0.00599591500012 0.000685534145005
9.8 0.00640871377585 0.000620684317603
9.9 0.00684998995847 0.000561986237142
10 0.00732172300864 0.000508870992966
10.1 0.00782600686367 0.000460800528269
10.2 0.00836506031472 0.000417284823293
10.3 0.00894128488554 0.000377882876143
10.4 0.00955729623947 0.000342202635842
10.5 0.0102158101206 0.000309901245443
10.6 0.0109196901502 0.000280684889675
10.7 0.0116720935495 0.000254256467254
10.8 0.0124764422461 0.000230326005508
10.9 0.013336273767 0.000208664404942
11 0.0142553207113 0.000189075506693
11.1 0.0152377435578 0.000171350375285
11.2 0.0162879826298 0.000155296368859
11.3 0.0174106488891 0.000140758584275
11.4 0.0186106186882 0.000127603271945
11.5 0.0198933627693 0.000115689037023
11.6 0.0212646421159 0.000104893462976
11.7 0.0227304655719 9.51168213379e-05
11.8 0.0242972129033 8.62727093922e-05
11.9 0.0259720631067 7.82622337395e-05
12 0.0277624958279 7.10040624604e-05
12.1 0.0296763418002 6.443138493e-05
12.2 0.0317219627575 5.84846698901e-05
12.3 0.0339087574055 5.30966196165e-05
12.4 0.0362464431897 4.82135276499e-05
12.5 0.0387452246015 4.37902739708e-05
12.6 0.041416080748 3.97856274075e-05
12.7 0.0442712859895 3.61551168516e-05
12.8 0.0473234748878 3.28638343864e-05
12.9 0.050585944499 2.98822961611e-05
13 0.0540730642085 2.71827862924e-05
13.1 0.0578007061554 2.47356731615e-05
13.2 0.0617853581881 2.25170010049e-05
13.3 0.0660446279923 2.05053640511e-05
13.4 0.0705977285042 1.86807377968e-05
13.5 0.0754647691206 1.70261100093e-05
13.6 0.0806671319875 1.55264952451e-05
13.7 0.0862283327326 1.41663793142e-05
13.8 0.0921730164461 1.29327178941e-05
13.9 0.0985272653908 1.1814198203e-05
14 0.105319747479 1.07994699634e-05
14.1 0.112580666965 9.87866565041e-06
14.2 0.120341866324 9.04329960413e-06
14.3 0.128638249439 8.28513416732e-06
14.4 0.137506836393 7.59686589483e-06
14.5 0.146986523635 6.97230276684e-06
14.6 0.157119567769 6.40549574641e-06
14.7 0.167951302388 5.89089636323e-06
14.8 0.179529649404 5.42370101937e-06
14.9 0.191906446759 4.99946720333e-06
15 0.205136434024 4.61432050311e-06
15.1 0.219278412539 4.26470535603e-06
15.2 0.234395571293 3.94731527993e-06
15.3 0.250554610792 3.65930012526e-06
15.4 0.267827883866 3.39795876837e-06
15.5 0.286291989436 3.16091679563e-06
15.6 0.306028769927 2.94604937439e-06
15.7 0.32712658349 2.75137411003e-06
15.8 0.349678524364 2.57519196651e-06
15.9 0.37378540552 2.41591498175e-06
16 0.399554367664 2.27213904471e-06
16.1 0.427099385204 2.14263729015e-06
16.2 0.456543900456 2.02626825932e-06
16.3 0.488017932926 1.92206908275e-06
16.4 0.52166151085 1.82917962493e-06
16.5 0.557624493785 1.74684509723e-06
16.6 0.596066824137 1.67443123316e-06
16.7 0.637159474071 1.6114116268e-06
16.8 0.681084846479 1.55737031088e-06
16.9 0.728038662632 1.51199433288e-06
17 0.778229133303 1.47508630777e-06
17.1 0.831880091742 1.44657124647e-06
17.2 0.889229253074 1.42649786282e-06
17.3 0.950532604002 1.41507986041e-06
17.4 1.01606149281 1.41267283207e-06
17.5 1.08610798051 1.41987236604e-06
17.6 1.16098318888 1.43747670957e-06
17.7 1.24101975697 1.46661406968e-06
17.8 1.32657382436 1.50879328002e-06
17.9 1.41802638913 1.56596495554e-06
18 1.51578381057 1.64080566862e-06
18.1 1.62028044116 1.73665702515e-06
18.2 1.7319810012 1.85814464495e-06
18.3 1.85138213074 2.01129606664e-06
18.4 1.97901435172 2.20401899433e-06
18.5 2.11544555901 2.44765024275e-06
18.6 2.26128194534 2.75656272608e-06
18.7 2.41717207898 3.15214379312e-06
18.8 2.58380905794 3.66331712996e-06
18.9 2.76193339642 4.33169380859e-06
19 2.95233770482 5.22308146615e-06
19.1 3.15586783274 6.42162743931e-06
19.2 3.37342737019 8.05112982388e-06
19.3 3.6059836804 1.03451989204e-05
19.4 3.85457035776 1.36170183532e-05
19.5 4.12029222859 1.83213912697e-05
19.6 4.4043287917 2.54541942613e-05
19.7 4.7079401868 3.64637274063e-05
19.8 5.03247256415 5.33663654914e-05
19.9 5.37935998699 8.09834848432e-05
20 5.75012994068 0.00012784659917
