"Time" "Prey" "Predator"
0 8.23252996057 35.1897807962
0.1 0.0534305026858 37.5788502004
0.2 0.000483267751073 34.0399074523
0.3 6.77436943407e-06 30.8009113466
0.4 3.4842417773e-08 27.8698277548
0.5 -9.82813410443e-09 25.2176660377
0.6 -9.82813410443e-09 22.8178897607
0.7 -9.82813410443e-09 20.6464786618
0.8 -9.82813410443e-09 18.6816966731
0.9 -9.82813410443e-09 16.9038949924
1 -9.82813410443e-09 15.2952734848
1.1 -9.82813410443e-09 13.8397318956
1.2 -9.82813410443e-09 12.5227031556
1.3 -9.82813410443e-09 11.3310244824
1.4 -9.82813410443e-09 10.2527356967
1.5 -9.82813410443e-09 9.27705669856
1.6 -9.82813410443e-09 8.39422978168
1.7 -9.82813410443e-09 7.59541357438
1.8 -9.82813410443e-09 6.87261454047
1.9 -9.82813410443e-09 6.21859914711
2 -9.82813410443e-09 5.62682144204
2.1 -9.82813410443e-09 5.09135883628
2.2 -9.82813410443e-09 4.60685259241
2.3 -9.82813410443e-09 4.16845187674
2.4 -9.82813410443e-09 3.77177040806
2.5 -9.82813410443e-09 3.41283860877
2.6 -9.82813410443e-09 3.08806412477
2.7 -9.82813410443e-09 2.79419597501
2.8 -9.82813410443e-09 2.52829296016
2.9 -9.82813410443e-09 2.28769403471
3 -9.82813410443e-09 2.06999114864
3.1 -9.82813410443e-09 1.87300541027
3.2 -9.82813410443e-09 1.69476529808
3.3 -9.82813410443e-09 1.53348650648
3.4 -9.82813410443e-09 1.38755547663
3.5 -9.82813410443e-09 1.25551196043
3.6 -9.82813410443e-09 1.13603383883
3.7 -9.82813410443e-09 1.02792599363
3.8 -9.82813410443e-09 0.930105669944
3.9 -9.82813410443e-09 0.841594393609
4 -9.82813410443e-09 0.761505914853
4.1 -9.82813410443e-09 0.689038902999
4.2 -9.82813410443e-09 0.62346817652
4.3 -9.82813410443e-09 0.564137208624
4.4 -9.82813410443e-09 0.510452486779
4.5 -9.82813410443e-09 0.461876367824
4.6 -9.82813410443e-09 0.41792301137
4.7 -9.82813410443e-09 0.378152294933
4.8 -9.82813410443e-09 0.342166297464
4.9 -9.82813410443e-09 0.309604857154
5 -9.82813410443e-09 0.280141990523
5.1 -9.82813410443e-09 0.253482965199
5.2 -9.82813410443e-09 0.229360795943
5.3 -9.82813410443e-09 0.207534231333
5.4 -9.82813410443e-09 0.187784699307
5.5 -9.82813410443e-09 0.169914604438
5.6 -9.82813410443e-09 0.153745046191
5.7 -9.82813410443e-09 0.139114169563
5.8 -9.82813410443e-09 0.12587571625
5.9 -9.82813410443e-09 0.113897025951
6 -9.82813410443e-09 0.103058288682
6.1 -9.82813410443e-09 0.0932509959202
6.2 -9.82813410443e-09 0.0843769530677
6.3 -9.82813410443e-09 0.076347433338
6.4 -9.82813410443e-09 0.0690819839517
6.5 -9.82813410443e-09 0.0625079550715
6.6 -9.82813410443e-09 0.0565595393916
6.7 -9.82813410443e-09 0.051177172017
6.8 -9.82813410443e-09 0.0463070285585
6.9 -9.82813410443e-09 0.0419003152685
7 -9.82813410443e-09 0.0379129667732
7.1 -9.82813410443e-09 0.0343050686563
7.2 -9.82813410443e-09 0.0310404959721
7.3 -9.82813410443e-09 0.0280866079789
7.4 -9.82813410443e-09 0.0254138071664
7.5 -9.82813410443e-09 0.0229953620806
7.6 -9.82813410443e-09 0.0208070622092
7.7 -9.82813410443e-09 0.0188269985748
7.8 -9.82813410443e-09 0.017035375485
7.9 -9.82813410443e-09 0.015414240599
8 -9.82813410443e-09 0.0139473808283
8.1 -9.82813410443e-09 0.0126201118297
8.2 -9.82813410443e-09 0.011419144413
8.3 -9.82813410443e-09 0.010332470644
8.4 -9.82813410443e-09 0.00934920246345
8.5 -9.82813410443e-09 0.00845950718931
8.6 -9.82813410443e-09 0.00765447860814
8.7 -9.82813410443e-09 0.00692605598498
8.8 -9.82813410443e-09 0.00626695530751
8.9 -9.82813410443e-09 0.00567057397402
9 -9.82813410443e-09 0.00513094649299
9.1 -9.82813410443e-09 0.00464266263022
9.2 -9.82813410443e-09 0.0042008335509
9.3 -9.82813410443e-09 0.00380106023776
9.4 -9.82813410443e-09 0.00343935333902
9.5 -9.82813410443e-09 0.00311208028809
9.6 -9.82813410443e-09 0.00281595212268
9.7 -9.82813410443e-09 0.00254799242584
9.8 -9.82813410443e-09 0.00230554692185
9.9 -9.82813410443e-09 0.00208617267183
10 -9.82813410443e-09 0.00188764224301
10.1 -9.82813410443e-09 0.00170800644904
10.2 -9.82813410443e-09 0.00154547112602
10.3 -9.82813410443e-09 0.00139839131095
10.4 -9.82813410443e-09 0.0012653127345
10.5 -9.82813410443e-09 0.00114490928846
10.6 -9.82813410443e-09 0.00103592332555
10.7 -9.82813410443e-09 0.000937363940913
10.8 -9.82813410443e-09 0.000848169948015
10.9 -9.82813410443e-09 0.000767457413737
11 -9.82813410443e-09 0.000694421011296
11.1 -9.82813410443e-09 0.000628343817251
11.2 -9.82813410443e-09 0.000568553701266
11.3 -9.82813410443e-09 0.000514441794191
11.4 -9.82813410443e-09 0.000465459970701
11.5 -9.82813410443e-09 0.000421122792684
11.6 -9.82813410443e-09 0.000381008320422
11.7 -9.82813410443e-09 0.000344743288254
11.8 -9.82813410443e-09 0.000311926288229
11.9 -9.82813410443e-09 0.000282226538621
12 -9.82813410443e-09 0.000255365384975
12.1 -9.82813410443e-09 0.000231080912434
12.2 -9.82813410443e-09 0.000209099014067
12.3 -9.82813410443e-09 0.000189202776834
12.4 -9.82813410443e-09 0.000171205917068
12.5 -9.82813410443e-09 0.000154921342202
12.6 -9.82813410443e-09 0.000140176745779
12.7 -9.82813410443e-09 0.00012683268643
12.8 -9.82813410443e-09 0.000114767453251
12.9 -9.82813410443e-09 0.000103842924641
13 -9.82813410443e-09 9.3948095158e-05
13.1 -9.82813410443e-09 8.49934964932e-05
13.2 -9.82813410443e-09 7.6905728203e-05
13.3 -9.82813410443e-09 6.96031381808e-05
13.4 -9.82813410443e-09 6.29918412161e-05
13.5 -9.82813410443e-09 5.70067834966e-05
13.6 -9.82813410443e-09 5.15923644031e-05
13.7 -9.82813410443e-09 4.67001531949e-05
13.8 -9.82813410443e-09 4.22709930957e-05
13.9 -9.82813410443e-09 3.82578169464e-05
14 -9.82813410443e-09 3.46227228241e-05
14.1 -9.82813410443e-09 3.13341071924e-05
14.2 -9.82813410443e-09 2.83591948922e-05
14.3 -9.82813410443e-09 2.56628161985e-05
14.4 -9.82813410443e-09 2.3220020232e-05
14.5 -9.82813410443e-09 2.10101227309e-05
14.6 -9.82813410443e-09 1.89878534314e-05
14.7 -9.82813410443e-09 1.7201568813e-05
14.8 -9.82813410443e-09 1.55740074759e-05
14.9 -9.82813410443e-09 1.40960089046e-05
15 -9.82813410443e-09 1.27584125834e-05
15.1 -9.82813410443e-09 1.15498626971e-05
15.2 -9.82813410443e-09 1.04574081421e-05
15.3 -9.82813410443e-09 9.47025549648e-06
15.4 -9.82813410443e-09 8.57761951635e-06
15.5 -9.82813410443e-09 7.76871495771e-06
15.6 -9.82813410443e-09 7.03363133084e-06
15.7 -9.82813410443e-09 6.36943070041e-06
15.8 -9.82813410443e-09 5.76971943722e-06
15.9 -9.82813410443e-09 5.22684259683e-06
16 -9.82813410443e-09 4.7331452348e-06
16.1 -9.82813410443e-09 4.2809724067e-06
16.2 -9.82813410443e-09 3.86772238442e-06
16.3 -9.82813410443e-09 3.49446552871e-06
16.4 -9.82813410443e-09 3.15730557494e-06
16.5 -9.82813410443e-09 2.85232743417e-06
16.6 -9.82813410443e-09 2.57561601742e-06
16.7 -9.82813410443e-09 2.27234601154e-06
16.8 -9.82813410443e-09 2.06995592854e-06
16.9 -9.82813410443e-09 1.88088112832e-06
17 -9.82813410443e-09 1.70512161088e-06
17.1 -9.82813410443e-09 1.54267737622e-06
17.2 -9.82813410443e-09 1.39354842434e-06
17.3 -9.82813410443e-09 1.25697235405e-06
17.4 -9.82813410443e-09 1.13198640876e-06
17.5 -9.82813410443e-09 1.01858740154e-06
17.6 -9.82813410443e-09 9.16775332394e-07
17.7 -9.82813410443e-09 8.2655020132e-07
17.8 -9.82813410443e-09 7.47814824429e-07
17.9 -9.82813410443e-09 6.77023839253e-07
18 -9.82813410443e-09 6.12394172571e-07
18.1 -9.82813410443e-09 5.53925824383e-07
18.2 -9.82813410443e-09 5.01618794689e-07
18.3 -9.82813410443e-09 4.5547308349e-07
18.4 -9.82813410443e-09 4.15172401879e-07
18.5 -9.82813410443e-09 3.7827013004e-07
18.6 -9.82813410443e-09 3.44250897281e-07
18.7 -9.82813410443e-09 3.131147036e-07
18.8 -9.82813410443e-09 2.84861548999e-07
18.9 -9.82813410443e-09 2.59491433476e-07
19 -9.82813410443e-09 2.36701572238e-07
19.1 -9.82813410443e-09 2.15581659311e-07
19.2 -9.82813410443e-09 1.96070161192e-07
19.3 -9.82813410443e-09 1.78167077883e-07
19.4 -9.82813410443e-09 1.61872409382e-07
19.5 -9.82813410443e-09 1.4718615569e-07
19.6 -9.82813410443e-09 1.33844225502e-07
19.7 -9.82813410443e-09 1.21513125571e-07
19.8 -9.82813410443e-09 1.10191751965e-07
19.9 -9.82813410443e-09 9.98801046839e-08
20 -9.82813410443e-09 9.0578183728e-08
