"Time" "Prey" "Predator"
0 27.7679359545 1.09192126622
0.1 16.0544329177 10.6027396717
0.2 1.86558412065 19.9460534403
0.3 0.140975664078 19.2856078979
0.4 0.0129293166299 17.5424615471
0.5 0.00149121836537 15.8813402168
0.6 0.000212482009023 14.370959165
0.7 3.66624588995e-05 13.0035098478
0.8 7.56910340969e-06 11.7660845248
0.9 1.80161029999e-06 10.6463994377
1 4.91800302953e-07 9.63326318718
1.1 1.108395879e-07 8.71653599139
1.2 4.96371691977e-08 7.88704454302
1.3 4.53080319149e-08 7.13649205993
1.4 7.8625907836e-09 6.4573641685
1.5 2.7460076075e-08 5.84286253839
1.6 4.07231404975e-08 5.28684115146
1.7 3.41194204832e-08 4.78373681896
1.8 4.53269413464e-09 4.3285046902
1.9 5.28179400096e-09 3.91659302625
2 1.50830991419e-08 3.54388020224
2.1 8.936194006e-09 3.20663603288
2.2 5.37094658507e-09 2.90148448605
2.3 4.72909355659e-09 2.62537200594
2.4 8.01588953681e-09 2.37553590689
2.5 9.06924580525e-09 2.14947423414
2.6 1.07763300183e-08 1.94492267253
2.7 1.17708987741e-08 1.75983729218
2.8 8.72029942145e-09 1.5923675511
2.9 7.56637451132e-09 1.44083400541
3 7.87029818319e-09 1.30371998456
3.1 6.89474474819e-09 1.17965454268
3.2 6.00335844715e-09 1.06739559936
3.3 5.71086390364e-09 0.965819614629
3.4 5.45480133792e-09 0.873909708628
3.5 5.24243660301e-09 0.790746038607
3.6 5.05061482749e-09 0.715496616947
3.7 4.91366967677e-09 0.647408135795
3.8 4.85145328009e-09 0.58579908024
3.9 4.82382456759e-09 0.530052866326
4 4.85328769775e-09 0.479611361213
4.1 4.90250969821e-09 0.433970111359
4.2 4.95432949792e-09 0.392672348805
4.3 5.02980985538e-09 0.355304525256
4.4 5.13918966924e-09 0.32149287901
4.5 5.27557691767e-09 0.290898705135
4.6 5.43580467006e-09 0.263216016302
4.7 5.61988318516e-09 0.238167642169
4.8 5.82854919913e-09 0.215502903372
4.9 6.06211520521e-09 0.194995118345
5 6.32129738688e-09 0.176438843496
5.1 6.60743069816e-09 0.15964848341
5.2 6.92145661978e-09 0.144455883336
5.3 7.2643610718e-09 0.130709053446
5.4 7.63742537807e-09 0.118270437093
5.5 8.04230023073e-09 0.107015474067
5.6 8.48077066796e-09 0.0968316143055
5.7 8.95470439976e-09 0.0876168326428
5.8 9.46620110144e-09 0.0792789726024
5.9 1.00175312572e-08 0.0717345774167
6 1.06111288911e-08 0.0649080998374
6.1 1.1249620585e-08 0.0587312877009
6.2 1.19358733374e-08 0.053142251587
6.3 1.26729757319e-08 0.04808509204
6.4 1.34642403842e-08 0.0435091893251
6.5 1.43132184723e-08 0.039368723708
6.6 1.5223724498e-08 0.0356222999911
6.7 1.6199850276e-08 0.0322323805198
6.8 1.72459790267e-08 0.0291650607013
6.9 1.83668080706e-08 0.0263896381185
7 1.95673698422e-08 0.0238783213393
7.1 2.08530520998e-08 0.0216060019051
7.2 2.22296197238e-08 0.0195499124512
7.3 2.3703241101e-08 0.0176894898243
7.4 2.52805168626e-08 0.016006112388
7.5 2.69685084882e-08 0.0144829233292
7.6 2.87747682075e-08 0.0131046931348
7.7 3.07073748672e-08 0.0118576128448
7.8 3.27749667394e-08 0.010729207008
7.9 3.4986783872e-08 0.00970819068587
8 3.73527040086e-08 0.00878433040872
8.1 3.98832902894e-08 0.00794838850105
8.2 4.25898404433e-08 0.00719198032875
8.3 4.54844278749e-08 0.00650755250056
8.4 4.85799598971e-08 0.0058882846362
8.5 5.18902527653e-08 0.00532796443413
8.6 5.54300543109e-08 0.00482096977963
8.7 5.92151270807e-08 0.00436220825946
8.8 6.32623642352e-08 0.00394712083389
8.9 6.75897815309e-08 0.00357153049584
9 7.22166341484e-08 0.00323164870927
9.1 7.71635652951e-08 0.00292412074632
9.2 8.24525840993e-08 0.0026458590131
9.3 8.81072159877e-08 0.00239406344553
9.4 9.41526784782e-08 0.00216624416113
9.5 1.00615855929e-07 0.00196010708658
9.6 1.07525488477e-07 0.00177357298667
9.7 1.14912380196e-07 0.00160479991572
9.8 1.22809369548e-07 0.00145208768073
9.9 1.31251582831e-07 0.00131390116641
10 1.40276676315e-07 0.00118888130657
10.1 1.49924754213e-07 0.00107576487844
10.2 1.60238601446e-07 0.000973389919765
10.3 1.71264225954e-07 0.000880753034515
10.4 1.83050724e-07 0.000796938393685
10.5 1.95650407576e-07 0.000721096345242
10.6 2.09119258462e-07 0.000652461660603
10.7 2.23517392412e-07 0.00059036663009
10.8 2.38908781784e-07 0.000534186261068
10.9 2.55361679771e-07 0.000483346145601
11 2.72949455538e-07 0.000437346710636
11.1 2.91750402691e-07 0.000395730886452
11.2 3.11847944656e-07 0.000358073590226
11.3 3.33331356967e-07 0.000323992477308
11.4 3.5629651197e-07 0.000293157650116
11.5 3.80845427943e-07 0.000265258976586
11.6 4.07088010794e-07 0.000240002851625
11.7 4.35138236841e-07 0.000217167443125
11.8 4.65123689911e-07 0.000196502328917
11.9 4.97176796869e-07 0.000177802680062
12 5.31440469747e-07 0.000160881989715
12.1 5.68068946492e-07 0.000145576958952
12.2 6.07224816263e-07 0.000131730209932
12.3 6.49080287193e-07 0.000119197653247
12.4 6.938182008e-07 0.000107848910488
12.5 7.41644298657e-07 9.75706475402e-05
12.6 7.927733303e-07 8.82627996043e-05
12.7 8.47429297048e-07 7.98386374494e-05
12.8 9.05847922641e-07 7.22254387754e-05
12.9 9.68288676108e-07 6.53493974506e-05
13 1.03504280156e-06 5.91255447197e-05
13.1 1.10640490775e-06 5.34934092314e-05
13.2 1.18268507608e-06 4.84018193776e-05
13.3 1.26421173346e-06 4.3806939882e-05
13.4 1.35136417993e-06 3.96518395078e-05
13.5 1.44453575102e-06 3.58896307146e-05
13.6 1.54413446412e-06 3.24830635939e-05
13.7 1.65058957002e-06 2.94004105646e-05
13.8 1.76416449272e-06 2.65814360489e-05
13.9 1.88596040122e-06 2.40743536576e-05
14 2.01605127385e-06 2.17898016854e-05
14.1 2.15506342681e-06 1.97167344626e-05
14.2 2.30363727151e-06 1.78434006196e-05
14.3 2.46258050986e-06 1.61496731386e-05
14.4 2.63263390724e-06 1.46187762788e-05
14.5 2.81449917149e-06 1.32358897732e-05
14.6 3.00887801047e-06 1.19861933548e-05
14.7 3.21647213203e-06 1.08548667565e-05
14.8 3.43828865117e-06 9.83082780506e-06
14.9 3.67569660903e-06 8.90742419691e-06
15 3.92967616073e-06 8.07324377777e-06
15.1 4.20120036669e-06 7.31678755646e-06
15.2 4.49124228735e-06 6.62655654181e-06
15.3 4.80085628426e-06 5.99212837677e-06
15.4 5.13206168736e-06 5.41585934442e-06
15.5 5.48649173151e-06 4.89499284511e-06
15.6 5.86555435361e-06 4.42378876042e-06
15.7 6.27065749059e-06 3.99650697191e-06
15.8 6.70320907934e-06 3.60740736115e-06
15.9 7.19912383204e-06 3.19815532635e-06
16 7.67624647338e-06 2.90819290014e-06
16.1 8.19531004124e-06 2.63823492281e-06
16.2 8.75631453563e-06 2.38828139438e-06
16.3 9.35925995655e-06 2.15833231484e-06
16.4 1.00048871766e-05 1.94819400336e-06
16.5 1.07015075689e-05 1.75569367917e-06
16.6 1.14514441117e-05 1.58022406327e-06
16.7 1.22546968051e-05 1.42178515568e-06
16.8 1.31112656489e-05 1.28037695639e-06
16.9 1.40211506433e-05 1.15599946539e-06
17 1.49890376136e-05 1.04714387518e-06
17.1 1.60334515648e-05 9.47845245867e-07
17.2 1.71562934572e-05 8.57491479719e-07
17.3 1.83575632907e-05 7.76082576741e-07
17.4 1.96372610655e-05 7.03618536932e-07
17.5 2.09953867813e-05 6.40099360293e-07
17.6 2.244574505e-05 5.83762870863e-07
17.7 2.40114243379e-05 5.31661796979e-07
17.8 2.56927851505e-05 4.83750119687e-07
17.9 2.74898274876e-05 4.40027838987e-07
18 2.94025513494e-05 4.0049495488e-07
18.1 3.14314043208e-05 3.65141007677e-07
18.2 3.36199825918e-05 3.32947190974e-07
18.3 3.59970759934e-05 3.03240710559e-07
18.4 3.85626845255e-05 2.7602156643e-07
18.5 4.13168081883e-05 2.51289758589e-07
18.6 4.42594469816e-05 2.29045287036e-07
18.7 4.73906009055e-05 2.09288151769e-07
18.8 5.071026996e-05 1.9201835279e-07
18.9 5.42184541451e-05 1.77235890098e-07
19 5.7932943946e-05 1.64746569118e-07
19.1 6.19666679093e-05 1.53317702208e-07
19.2 6.63395174755e-05 1.42732161517e-07
19.3 7.10514926446e-05 1.32989947045e-07
19.4 7.61025934165e-05 1.24091058792e-07
19.5 8.14928197914e-05 1.16035496758e-07
19.6 8.7222171769e-05 1.08823260943e-07
19.7 9.32906493496e-05 1.02454351346e-07
19.8 9.9698252533e-05 9.69287679692e-08
19.9 0.000106526525017 9.18874161744e-08
20 0.000113911680481 8.67304506994e-08
