"Time" "Prey" "Predator"
0 1.01369295845 25.2424997184
0.1 0.0410613249894 23.532160039
0.2 0.00221046956707 21.3205009077
0.3 0.000157969439179 19.293057476
0.4 1.46482034218e-05 17.4571835592
0.5 1.69051739509e-06 15.7959230929
0.6 2.38342442183e-07 14.292744291
0.7 3.70167350977e-08 12.9326116145
0.8 -4.56856124234e-09 11.7019083157
0.9 -1.71431166322e-08 10.588318876
1 -1.9949674955e-08 9.58070519012
1.1 -1.9991285064e-08 8.66897860285
1.2 -1.99647164794e-08 7.84401384758
1.3 -1.98650649776e-08 7.09755477971
1.4 -1.96876439808e-08 6.42214175944
1.5 -1.96682022322e-08 5.81099491304
1.6 -1.96995248744e-08 5.25800405848
1.7 -1.96833172274e-08 4.75763996069
1.8 -1.96862136645e-08 4.30489089789
1.9 -1.96862137121e-08 3.89522642176
2 -1.96862137121e-08 3.52454680826
2.1 -1.96862137121e-08 3.18914199254
2.2 -1.96862137121e-08 2.88565519187
2.3 -1.96862137121e-08 2.61104964844
2.4 -1.96862137121e-08 2.36257573439
2.5 -1.96862137121e-08 2.13774735457
2.6 -1.96862137121e-08 1.93431421321
2.7 -1.96862137121e-08 1.750240091
2.8 -1.96862137121e-08 1.58368314178
2.9 -1.96862137121e-08 1.43297598216
3 -1.96862137121e-08 1.29661048937
3.1 -1.96862137121e-08 1.1732219939
3.2 -1.96862137121e-08 1.06157522652
3.3 -1.96862137121e-08 0.960553099834
3.4 -1.96862137121e-08 0.869143990934
3.5 -1.96862137121e-08 0.786433471361
3.6 -1.96862137121e-08 0.711594337273
3.7 -1.96862137121e-08 0.643877149264
3.8 -1.96862137121e-08 0.582604171823
3.9 -1.96862137121e-08 0.527162056074
4 -1.96862137121e-08 0.476995886532
4.1 -1.96862137121e-08 0.431603715569
4.2 -1.96862137121e-08 0.390531195428
4.3 -1.96862137121e-08 0.353367236549
4.4 -1.96862137121e-08 0.319739860454
4.5 -1.96862137121e-08 0.289312517866
4.6 -1.96862137121e-08 0.261780553906
4.7 -1.96862137121e-08 0.236868763488
4.8 -1.96862137121e-08 0.214327683413
4.9 -1.96862137121e-08 0.193931651176
5 -1.96862137121e-08 0.175476654749
5.1 -1.96862137121e-08 0.158777786617
5.2 -1.96862137121e-08 0.143668076426
5.3 -1.96862137121e-08 0.129996216029
5.4 -1.96862137121e-08 0.117625375889
5.5 -1.96862137121e-08 0.106431866534
5.6 -1.96862137121e-08 0.0963035185206
5.7 -1.96862137121e-08 0.0871390363098
5.8 -1.96862137121e-08 0.0788466469031
5.9 -1.96862137121e-08 0.0713433594547
6 -1.96862137121e-08 0.064554147704
6.1 -1.96862137121e-08 0.0584109828638
6.2 -1.96862137121e-08 0.0528524440539
6.3 -1.96862137121e-08 0.047822868456
6.4 -1.96862137121e-08 0.0432719084777
6.5 -1.96862137121e-08 0.039154046897
6.6 -1.96862137121e-08 0.0354280280811
6.7 -1.96862137121e-08 0.0320566031743
6.8 -1.96862137121e-08 0.0290060114827
6.9 -1.96862137121e-08 0.0262457161439
7 -1.96862137121e-08 0.023748110866
7.1 -1.96862137121e-08 0.0214881714541
7.2 -1.96862137121e-08 0.0194433012284
7.3 -1.96862137121e-08 0.0175930231399
7.4 -1.96862137121e-08 0.0159188181975
7.5 -1.96862137121e-08 0.0144039450748
7.6 -1.96862137121e-08 0.0130332244386
7.7 -1.96862137121e-08 0.0117929473262
7.8 -1.96862137121e-08 0.0106707005806
7.9 -1.96862137121e-08 0.00965524494869
8 -1.96862137121e-08 0.0087364220161
8.1 -1.96862137121e-08 0.00790501861796
8.2 -1.96862137121e-08 0.00715274012439
8.3 -1.96862137121e-08 0.00647207987444
8.4 -1.96862137121e-08 0.00585620801209
8.5 -1.96862137121e-08 0.00529893961261
8.6 -1.96862137121e-08 0.00479469770026
8.7 -1.96862137121e-08 0.00433845739765
8.8 -1.96862137121e-08 0.00392561314482
8.9 -1.96862137121e-08 0.00355203840692
9 -1.96862137121e-08 0.00321402556165
9.1 -1.96862137121e-08 0.00290816823167
9.2 -1.96862137121e-08 0.00263141688418
9.3 -1.96862137121e-08 0.00238101554289
9.4 -1.96862137121e-08 0.00215443192816
9.5 -1.96862137121e-08 0.00194941031537
9.6 -1.96862137121e-08 0.00176390715195
9.7 -1.96862137121e-08 0.00159604740739
9.8 -1.96862137121e-08 0.0014441723208
9.9 -1.96862137121e-08 0.00130676588743
10 -1.96862137121e-08 0.0011824260309
10.1 -1.96862137121e-08 0.00106989293174
10.2 -1.96862137121e-08 0.000968076567898
10.3 -1.96862137121e-08 0.000875952673664
10.4 -1.96862137121e-08 0.000792582002773
10.5 -1.96862137121e-08 0.000717146804754
10.6 -1.96862137121e-08 0.000648899452437
10.7 -1.96862137121e-08 0.000587146900017
10.8 -1.96862137121e-08 0.000531265087147
10.9 -1.96862137121e-08 0.000480709544496
11 -1.96862137121e-08 0.000434968722669
11.1 -1.96862137121e-08 0.000393571763112
11.2 -1.96862137121e-08 0.000356113285242
11.3 -1.96862137121e-08 0.000322222806196
11.4 -1.96862137121e-08 0.000291556792773
11.5 -1.96862137121e-08 0.000263801658172
11.6 -1.96862137121e-08 0.00023869944452
11.7 -1.96862137121e-08 0.000215985145018
11.8 -1.96862137121e-08 0.000195429781816
11.9 -1.96862137121e-08 0.000176835133324
12 -1.96862137121e-08 0.000160014538434
12.1 -1.96862137121e-08 0.000144793702915
12.2 -1.96862137121e-08 0.000131013889847
12.3 -1.96862137121e-08 0.000118533955262
12.4 -1.96862137121e-08 0.000107231491981
12.5 -1.96862137121e-08 9.69983033083e-05
12.6 -1.96862137121e-08 8.77423696382e-05
12.7 -1.96862137121e-08 7.93848700911e-05
12.8 -1.96862137121e-08 7.18258523552e-05
12.9 -1.96862137121e-08 6.49840502386e-05
13 -1.96862137121e-08 5.87952109786e-05
13.1 -1.96862137121e-08 5.32054773533e-05
13.2 -1.96862137121e-08 4.81588956057e-05
13.3 -1.96862137121e-08 4.3590396004e-05
13.4 -1.96862137121e-08 3.94535694776e-05
13.5 -1.96862137121e-08 3.57085991174e-05
13.6 -1.96862137121e-08 3.22646472873e-05
13.7 -1.96862137121e-08 2.92338603406e-05
13.8 -1.96862137121e-08 2.6466794909e-05
13.9 -1.96862137121e-08 2.39506665827e-05
14 -1.96862137121e-08 2.16726909518e-05
14.1 -1.96862137121e-08 1.96149871765e-05
14.2 -1.96862137121e-08 1.77541260227e-05
14.3 -1.96862137121e-08 1.60728659187e-05
14.4 -1.96862137121e-08 1.45540561905e-05
14.5 -1.96862137121e-08 1.3180546164e-05
14.6 -1.96862137121e-08 1.19359664712e-05
14.7 -1.96862137121e-08 1.08124983693e-05
14.8 -1.96862137121e-08 9.79873695311e-06
14.9 -1.96862137121e-08 8.88137520775e-06
15 -1.96862137121e-08 8.04710611822e-06
15.1 -1.96862137121e-08 7.28262266951e-06
15.2 -1.96862137121e-08 6.58239640875e-06
15.3 -1.96862137121e-08 5.94936726667e-06
15.4 -1.96862137121e-08 5.37703109053e-06
15.5 -1.96862137121e-08 4.85874499212e-06
15.6 -1.96862137121e-08 4.38786608324e-06
15.7 -1.96862137121e-08 3.87206389072e-06
15.8 -1.96862137121e-08 3.52528212782e-06
15.9 -1.96862137121e-08 3.20165016919e-06
16 -1.96862137121e-08 2.90116801482e-06
16.1 -1.96862137121e-08 2.62383566473e-06
16.2 -1.96862137121e-08 2.3696531189e-06
16.3 -1.96862137121e-08 2.13730004859e-06
16.4 -1.96862137121e-08 1.92468221828e-06
16.5 -1.96862137121e-08 1.73177318113e-06
16.6 -1.96862137121e-08 1.55857293715e-06
16.7 -1.96862137121e-08 1.40508148633e-06
16.8 -1.96862137121e-08 1.27122452919e-06
16.9 -1.96862137121e-08 1.15129282085e-06
17 -1.96862137121e-08 1.04171259586e-06
17.1 -1.96862137121e-08 9.42483854226e-07
17.2 -1.96862137121e-08 8.53606595938e-07
17.3 -1.96862137121e-08 7.75080821002e-07
17.4 -1.96862137121e-08 7.06517472715e-07
17.5 -1.96862137121e-08 6.43873646423e-07
17.6 -1.96862137121e-08 5.86077970942e-07
17.7 -1.96862137121e-08 5.33130446273e-07
17.8 -1.96862137121e-08 4.85031072414e-07
17.9 -1.96862137121e-08 4.41779849366e-07
18 -1.96862137121e-08 4.02960863849e-07
18.1 -1.96862137121e-08 3.67015905935e-07
18.2 -1.96862137121e-08 3.33796542525e-07
18.3 -1.96862137121e-08 3.0330277362e-07
18.4 -1.96862137121e-08 2.75534599219e-07
18.5 -1.96862137121e-08 2.50492019322e-07
18.6 -1.96862137121e-08 2.2778647933e-07
18.7 -1.96862137121e-08 2.06801674525e-07
18.8 -1.96862137121e-08 1.87529821966e-07
18.9 -1.96862137121e-08 1.69970921654e-07
19 -1.96862137121e-08 1.54124973589e-07
19.1 -1.96862137121e-08 1.39986469334e-07
19.2 -1.96862137121e-08 1.27132135203e-07
19.3 -1.96862137121e-08 1.15297018316e-07
19.4 -1.96862137121e-08 1.04481118674e-07
19.5 -1.96862137121e-08 9.46844362762e-08
19.6 -1.96862137121e-08 8.59069711234e-08
19.7 -1.96862137121e-08 7.81170136221e-08
19.8 -1.96862137121e-08 7.09850517492e-08
19.9 -1.96862137121e-08 6.44237647001e-08
20 -1.96862137121e-08 5.84331524747e-08
