"Time" "Prey" "Predator"
0 0 4.14447263892
0.1 0 3.75007777355
0.2 0 3.39321141628
0.3 0 3.07030553276
0.4 0 2.77812634739
0.5 0 2.51375157014
0.6 0 2.27453616175
0.7 0 2.05808512844
0.8 0 1.86223052654
0.9 0 1.68501381216
1 0 1.5246673283
1.1 0 1.37958022611
1.2 0 1.24829352836
1.3 0 1.12950287735
1.4 0 1.02201707342
1.5 0 0.924759349411
1.6 0 0.836756815028
1.7 0 0.757128940576
1.8 0 0.685078692405
1.9 0 0.619884887133
2 0 0.560895192033
2.1 0 0.507519121744
2.2 0 0.459222448668
2.3 0 0.415521716493
2.4 0 0.375979739965
2.5 0 0.340200587181
2.6 0 0.307826320498
2.7 0 0.278532843771
2.8 0 0.252026990506
2.9 0 0.228043534229
3 0 0.206342354068
3.1 0 0.186706376838
3.2 0 0.168938868604
3.3 0 0.152861929829
3.4 0 0.138315077609
3.5 0 0.125152609661
3.6 0 0.113242772391
3.7 0 0.102466333412
3.8 0 0.0927153840244
3.9 0 0.0838923273579
4 0 0.0759088866888
4.1 0 0.0686852108734
4.2 0 0.0621489591837
4.3 0 0.056234703673
4.4 0 0.0508832489399
4.5 0 0.0460410542129
4.6 0 0.041659623161
4.7 0 0.0376951713763
4.8 0 0.0341080056457
4.9 0 0.0308621998728
5 0 0.0279252806266
5.1 0 0.0252678265177
5.2 0 0.0228632702687
5.3 0 0.0206875369216
5.4 0 0.0187188473637
5.5 0 0.0169375188436
5.6 0 0.0153257004799
5.7 0 0.0138672688255
5.8 0 0.0125476203568
5.9 0 0.0113535482355
6 0 0.0102731159079
6.1 0 0.00929549729317
6.2 0 0.00841091364876
6.3 0 0.00761049872519
6.4 0 0.00688624288136
6.5 0 0.00623092759318
6.6 0 0.00563799424703
6.7 0 0.00510149731226
6.8 0 0.00461604139558
6.9 0 0.00417679182312
7 0 0.00377935268564
7.1 0 0.0034197025844
7.2 0 0.00309427454824
7.3 0 0.00279982372969
7.4 0 0.00253337827593
7.5 0 0.00229229540806
7.6 0 0.00207416530432
7.7 0 0.00187677920894
7.8 0 0.00169818105241
7.9 0 0.00153658515786
8 0 0.00139035678868
8.1 0 0.00125805529169
8.2 0 0.00113835672801
8.3 0 0.00103003709736
8.4 0 0.000932006414532
8.5 0 0.000843312148106
8.6 0 0.000763060360031
8.7 0 0.000690433286086
8.8 0 0.000624721273126
8.9 0 0.000565270451275
9 0 0.000511475676695
9.1 0 0.000462796360007
9.2 0 0.000418756843208
9.3 0 0.000378910595481
9.4 0 0.000342847884707
9.5 0 0.000310217363349
9.6 0 0.00028069488202
9.7 0 0.00025398065612
9.8 0 0.000229803554168
9.9 0 0.000207936354958
10 0 0.000188149413963
10.1 0 0.000170243155484
10.2 0 0.000154045545595
10.3 0 0.000139392920618
10.4 0 0.000126133280798
10.5 0 0.000114128313221
10.6 0 0.000103255698127
10.7 0 9.34089870046e-05
10.8 0 8.44943970621e-05
10.9 0 7.64324116428e-05
11 0 6.91533870461e-05
11.1 0 6.25683012389e-05
11.2 0 5.66082264339e-05
11.3 0 5.12175476892e-05
11.4 0 4.63497978891e-05
11.5 0 4.19536503858e-05
11.6 0 3.79736593932e-05
11.7 0 3.43697287062e-05
11.8 0 3.11073916078e-05
11.9 0 2.81115412354e-05
12 0 2.54684578861e-05
12.1 0 2.30563218212e-05
12.2 0 2.08638846126e-05
12.3 0 1.88798978321e-05
12.4 0 1.70874456246e-05
12.5 0 1.5466609424e-05
12.6 0 1.40022927498e-05
12.7 0 1.26794014847e-05
12.8 0 1.14828415115e-05
12.9 0 1.03986467779e-05
13 0 9.42033148196e-06
13.1 0 8.53736668662e-06
13.2 0 7.73804019207e-06
13.3 0 7.0106397985e-06
13.4 0 6.34345330611e-06
13.5 0 5.73341296268e-06
13.6 0 5.18203100991e-06
13.7 0 4.68346462898e-06
13.8 0 4.23186739634e-06
13.9 0 3.82139288843e-06
14 0 3.37558149623e-06
14.1 0 3.07246245838e-06
14.2 0 2.78971881353e-06
14.3 0 2.52735056171e-06
14.4 0 2.2853577029e-06
14.5 0 2.06374023711e-06
14.6 0 1.8610470226e-06
14.7 0 1.67570071036e-06
14.8 0 1.50770062173e-06
14.9 0 1.3570467567e-06
15 0 1.22373911529e-06
15.1 0 1.10756206961e-06
15.2 0 1.00294441948e-06
15.3 0 9.07437272778e-07
15.4 0 8.21040629504e-07
15.5 0 7.43754489658e-07
15.6 0 6.7557885324e-07
15.7 0 6.15958455945e-07
15.8 0 5.6126280779e-07
15.9 0 5.10834115982e-07
16 0 4.64672380522e-07
16.1 0 4.22777601408e-07
16.2 0 3.85149778642e-07
16.3 0 3.512927529e-07
16.4 0 3.19903281773e-07
16.5 0 2.90912683184e-07
16.6 0 2.64320957133e-07
16.7 0 2.4012810362e-07
16.8 0 2.18334122644e-07
16.9 0 1.98512052561e-07
17 0 1.80197798437e-07
17.1 0 1.63391160592e-07
17.2 0 1.48092139025e-07
17.3 0 1.34300733737e-07
17.4 0 1.22000958542e-07
17.5 0 1.10779776667e-07
17.6 0 1.00455632529e-07
17.7 0 9.10285261264e-08
17.8 0 8.24984574608e-08
17.9 0 7.48654265318e-08
18 0 6.80841764982e-08
18.1 0 6.18588041182e-08
18.2 0 5.6135695962e-08
18.3 0 5.09148520295e-08
18.4 0 4.61962723209e-08
18.5 0 4.1979956836e-08
18.6 0 3.61268994193e-08
18.7 0 2.9811594212e-08
18.8 0 2.38034194317e-08
18.9 0 1.81023750785e-08
19 0 1.27084611523e-08
19.1 0 7.62167765312e-09
19.2 0 2.842024581e-09
19.3 0 -1.63049806408e-09
19.4 0 -5.79589028212e-09
19.5 0 -9.65415207312e-09
19.6 0 -1.32052834371e-08
19.7 0 -1.6449284374e-08
19.8 0 -1.93861548839e-08
19.9 0 -2.20158949667e-08
20 0 -2.43385046226e-08
