"Time" "Prey" "Predator"
0 11.1728658833 1.00326616258
0.1 9.52256554078 2.59660044933
0.2 6.09174937355 5.1799697601
0.3 2.80352794856 7.23087705525
0.4 1.0815261598 7.84901592522
0.5 0.410178999753 7.6099024485
0.6 0.164500993613 7.07226621943
0.7 0.0712813678278 6.47050668359
0.8 0.0334493565863 5.88391590046
0.9 0.0169308550707 5.33684111452
1 0.00919059939347 4.83506146756
1.1 0.00531812729876 4.37802693261
1.2 0.00326141861536 3.96306159465
1.3 0.00210832452625 3.5868704355
1.4 0.00142967808396 3.24609945167
1.5 0.00101231392731 2.93754614728
1.6 0.000745514553437 2.65823266684
1.7 0.000568825025557 2.4054250204
1.8 0.000448113278166 2.17662846195
1.9 0.0003634279763 1.9695743235
2 0.000302585861035 1.78220361631
2.1 0.000258016153214 1.61264956346
2.2 0.000224810587605 1.45922082871
2.3 0.000199710531867 1.32038563754
2.4 0.000180560695877 1.19475707876
2.5 0.000165865247966 1.08107965528
2.6 0.000154577304329 0.978217018978
2.7 0.000145949187939 0.885140693014
2.8 0.000139439509839 0.80091988694
2.9 0.000134654211174 0.724712391572
3 0.000131293748702 0.655755701247
3.1 0.000129122597425 0.593359687929
3.2 0.000128004848698 0.536900770429
3.3 0.000127810172183 0.485813992687
3.4 0.000128451674514 0.439588325616
3.5 0.000129856478771 0.397761117165
3.6 0.000131976626582 0.359913845581
3.7 0.000134776905793 0.32566780075
3.8 0.000138236300347 0.294680436019
3.9 0.000142342957199 0.26664162494
4 0.000147094152149 0.241270800961
4.1 0.00015249403186 0.218314100364
4.2 0.000158552997571 0.19754174176
4.3 0.000165287511935 0.178745892504
4.4 0.00017272012827 0.161738696031
4.5 0.000180876731143 0.146349761234
4.6 0.000189788888824 0.132425190184
4.7 0.000199492408623 0.1198256013
4.8 0.00021002748335 0.108424862477
4.9 0.000221439107648 0.0981089974789
5 0.000233776507296 0.0887746661034
5.1 0.000247093795795 0.0803285565783
5.2 0.000261449785229 0.0726861370591
5.3 0.00027690822376 0.0657708914727
5.4 0.000293538121403 0.0595136720182
5.5 0.000311413871573 0.0538518029848
5.6 0.000330615644463 0.0487286814792
5.7 0.000351229641878 0.0440930320014
5.8 0.000373348461914 0.0398984516523
5.9 0.000397071504276 0.0361030100036
6 0.000422505363357 0.0326686848855
6.1 0.000449764296993 0.0295611362676
6.2 0.000478970725924 0.0267492606148
6.3 0.000510255757657 0.0242049151985
6.4 0.000543759753765 0.0219026701657
6.5 0.000579632965885 0.0198194623763
6.6 0.000618036161738 0.0179344641192
6.7 0.00065914136996 0.0162288099306
6.8 0.000703132621336 0.0146854282082
6.9 0.000750206748115 0.0132888920486
7 0.000800574306595 0.0120252137539
7.1 0.000854460441105 0.0108817621567
7.2 0.000912105943364 0.00984709494697
7.3 0.000973768293139 0.00891085663409
7.4 0.00103972277526 0.00806368895355
7.5 0.00111026379325 0.00729710931958
7.6 0.00118570605069 0.00660345403071
7.7 0.00126638613284 0.00597577347602
7.8 0.00135266383797 0.00540778803475
7.9 0.00144492359211 0.00489384514543
8 0.00154357683295 0.00442881054988
8.1 0.00164906335932 0.00400802074318
8.2 0.00176185248933 0.00362724655781
8.3 0.0018824467926 0.00328268451023
8.4 0.00201138396959 0.00297090673003
8.5 0.00214923728822 0.00268876391486
8.6 0.00229662040329 0.00243342818173
8.7 0.00245419052084 0.0022023832744
8.8 0.00262264808096 0.00199330565148
8.9 0.00280274238272 0.00180409782315
9 0.00299527644126 0.00163289369687
9.1 0.00320110601019 0.00147796795939
9.2 0.00342114602392 0.00133775781268
9.3 0.00365637753913 0.00121088491821
9.4 0.00390784607026 0.00109607294435
9.5 0.00417666919664 0.00099216426409
9.6 0.00446404624166 0.000898142078921
9.7 0.00477125447354 0.000813061284352
9.8 0.00509965600081 0.00073605055071
9.9 0.0054507144019 0.00066635103028
10 0.00582599376287 0.000603278792609
10.1 0.00622715999715 0.000546197086084
10.2 0.00665599393627 0.000494528309624
10.3 0.00711440983044 0.00044777166887
10.4 0.00760444514943 0.000405459342109
10.5 0.0081282727423 0.000367160102253
10.6 0.00868822648112 0.000332496373598
10.7 0.00928680064034 0.000301127187504
10.8 0.00992665192317 0.00027273453267
10.9 0.0106106200525 0.000247029648278
11 0.0113417578346 0.000223764788963
11.1 0.0121233145629 0.000202707869671
11.2 0.0129587552946 0.000183645314232
11.3 0.0138518016635 0.000166389485723
11.4 0.0148064315995 0.000150771106861
11.5 0.0158268819564 0.000136632716706
11.6 0.0169176811198 0.000123831215511
11.7 0.0180836973751 0.000112243070108
11.8 0.0193301125622 0.00010175262624
11.9 0.0206624524336 9.22531394636e-05
12 0.0220866514629 8.3651390209e-05
12.1 0.0236090535885 7.58636271017e-05
12.2 0.0252364154552 6.88118430228e-05
12.3 0.0269759581011 6.24251675148e-05
12.4 0.0288354449373 5.66420988513e-05
12.5 0.0308231397035 5.14052417986e-05
12.6 0.0329478551964 4.66616530554e-05
12.7 0.0352190857198 4.23659398192e-05
12.8 0.0376469687246 3.84768388177e-05
12.9 0.0402422780992 3.49549923337e-05
13 0.0430164869312 3.17633514959e-05
13.1 0.0459818361437 2.88674126435e-05
13.2 0.0491516629654 2.62425523051e-05
13.3 0.0525401049939 2.38643034793e-05
13.4 0.0561621869173 2.17090860857e-05
13.5 0.060033905413 1.97548876032e-05
13.6 0.0641724038441 1.79820270702e-05
13.7 0.0685963187268 1.63755070151e-05
13.8 0.0733253302713 1.49200074684e-05
13.9 0.0783803917564 1.36011554384e-05
14 0.0837838061173 1.24053819433e-05
14.1 0.0895596355999 1.13211321552e-05
14.2 0.0957338293677 1.03388597412e-05
14.3 0.102333808464 9.44868206837e-06
14.4 0.109388782448 8.64118937632e-06
14.5 0.116929848594 7.90730864255e-06
14.6 0.124990665638 7.24037395839e-06
14.7 0.133607247352 6.63481645414e-06
14.8 0.142817891307 6.08537343229e-06
14.9 0.152663480261 5.58750603742e-06
15 0.163187939596 5.13622776392e-06
15.1 0.174438095397 4.72700043857e-06
15.2 0.18646382676 4.35561525354e-06
15.3 0.199318403899 4.01813237497e-06
15.4 0.213059292585 3.71172073484e-06
15.5 0.227747597745 3.43352399929e-06
15.6 0.243448427248 3.18086120918e-06
15.7 0.260231447872 2.9513514154e-06
15.8 0.27817167704 2.74305468041e-06
15.9 0.297348832791 2.55417411037e-06
16 0.317847892232 2.38312583201e-06
16.1 0.339759992009 2.22842626307e-06
16.2 0.363182986666 2.0886235245e-06
16.3 0.388220882419 1.96240150344e-06
16.4 0.414984554958 1.84849177325e-06
16.5 0.443593066319 1.7458954897e-06
16.6 0.474173925142 1.65383251338e-06
16.7 0.506862996921 1.57160008379e-06
16.8 0.541805646808 1.49856595778e-06
16.9 0.579157459719 1.43412057914e-06
17 0.619084260505 1.37776159922e-06
17.1 0.661763345756 1.3290766126e-06
17.2 0.707384940384 1.28779323736e-06
17.3 0.756151688689 1.25369419049e-06
17.4 0.808280053096 1.2266541377e-06
17.5 0.864002360266 1.20669378922e-06
17.6 0.923566250445 1.19392508801e-06
17.7 0.987236049131 1.1885783133e-06
17.8 1.05529543212 1.19109454265e-06
17.9 1.12804701396 1.20206752254e-06
18 1.20581359353 1.22227229167e-06
18.1 1.28894147112 1.25288870053e-06
18.2 1.37780048004 1.29541907182e-06
18.3 1.47278493253 1.35169650011e-06
18.4 1.57431747415 1.42440052117e-06
18.5 1.68285009332 1.51704132696e-06
18.6 1.79886452937 1.63382438358e-06
18.7 1.92287651028 1.78086026415e-06
18.8 2.05543843515 1.96679405648e-06
18.9 2.19713888129 2.20191517835e-06
19 2.34860719819 2.501126916e-06
19.1 2.5105183548 2.88805633903e-06
19.2 2.68359147156 3.39084645511e-06
19.3 2.86859474373 4.05009108802e-06
19.4 3.06635254539 4.93960128143e-06
19.5 3.27774350012 6.14895843982e-06
19.6 3.50370541929 7.80547391397e-06
19.7 3.74524459833 1.01805853636e-05
19.8 4.0034343041 1.36189826154e-05
19.9 4.27941925443 1.85955999067e-05
20 4.57442631362 2.63180488061e-05
