"Time" "Prey" "Predator"
0 0.791960404647 17.2683482315
0.1 0.0903117997045 16.1321114145
0.2 0.0124029559512 14.6534487357
0.3 0.00206415535917 13.2665238315
0.4 0.000409837413532 12.0052591309
0.5 9.54598623167e-05 10.8630392671
0.6 2.57181081927e-05 9.82933610991
0.7 7.93628338155e-06 8.8939664812
0.8 2.73188050314e-06 8.0476000737
0.9 1.04298817917e-06 7.28177410541
1 4.23721926058e-07 6.58882237152
1.1 1.74161935312e-07 5.96180784077
1.2 1.56164965082e-07 5.39446514357
1.3 1.09926506392e-07 4.8811129163
1.4 4.52235677919e-08 4.41661263808
1.5 4.82135931297e-08 3.99631451214
1.6 6.31939540578e-08 3.61601444154
1.7 6.39250410795e-08 3.27191126931
1.8 3.43065589414e-08 2.96054700825
1.9 2.25308629977e-08 2.67881304357
2 2.52283473814e-08 2.42389097576
2.1 1.97642416877e-08 2.19322738266
2.2 1.45002452223e-08 1.98451422897
2.3 1.30474593664e-08 1.79566284601
2.4 1.14964692826e-08 1.62478302855
2.5 9.62764444437e-09 1.47016457995
2.6 8.05197481852e-09 1.33026041163
2.7 7.3456635731e-09 1.203669581
2.8 6.97380851618e-09 1.08912557625
2.9 6.44133160397e-09 0.985481754663
3 6.03578429533e-09 0.89170091841
3.1 5.77637444802e-09 0.806844612777
3.2 5.57761913158e-09 0.730063283358
3.3 5.43683559403e-09 0.660588757861
3.4 5.34254460994e-09 0.597725544753
3.5 5.29308941378e-09 0.540844515976
3.6 5.28391714826e-09 0.489376464701
3.7 5.30843062882e-09 0.442806064487
3.8 5.36367690029e-09 0.400667055108
3.9 5.44891684343e-09 0.36253842125
4 5.56195157196e-09 0.328038245669
4.1 5.70287179454e-09 0.296821320454
4.2 5.87069985616e-09 0.268575048664
4.3 6.06517937408e-09 0.243016752292
4.4 6.28644795204e-09 0.219890597816
4.5 6.53493218255e-09 0.198965245632
4.6 6.81129288468e-09 0.180031205969
4.7 7.11642713214e-09 0.162898970023
4.8 7.45141214771e-09 0.147397059561
4.9 7.81752436675e-09 0.133370337086
5 8.21623126117e-09 0.120678352092
5.1 8.64919298954e-09 0.109194255073
5.2 9.11824562649e-09 0.0988030380992
5.3 9.62541736372e-09 0.0894006689207
5.4 1.01729326836e-08 0.0808930896285
5.5 1.07632033967e-08 0.0731950652001
5.6 1.13988527293e-08 0.0662296298136
5.7 1.2082715659e-08 0.0599270293204
5.8 1.28178522321e-08 0.0542241896166
5.9 1.36075594719e-08 0.0490640885826
6 1.44553815982e-08 0.0443950172847
6.1 1.53651276644e-08 0.040170277891
6.2 1.63408856685e-08 0.0363475623407
6.3 1.73870401866e-08 0.0328886161944
6.4 1.85082913185e-08 0.0297588535354
6.5 1.9709674973e-08 0.0269269130984
6.6 2.09965842524e-08 0.0243644799975
6.7 2.23747937503e-08 0.0220458929758
6.8 2.38504840851e-08 0.0199479434014
6.9 2.54302692057e-08 0.0180496475015
7 2.71212265984e-08 0.0163319872812
7.1 2.89309265719e-08 0.014777792316
7.2 3.08674678987e-08 0.0133714984767
7.3 3.29395120991e-08 0.0120990288222
7.4 3.51563219371e-08 0.0109476562174
7.5 3.75278043307e-08 0.00990584515067
7.6 4.00645511235e-08 0.00896317920801
7.7 4.27778895808e-08 0.0081102182605
7.8 4.56799303028e-08 0.00733842563498
7.9 4.87836211309e-08 0.00664008344354
8 5.21028073389e-08 0.00600819420919
8.1 5.56522881144e-08 0.00543643826563
8.2 5.94478895828e-08 0.00491909287315
8.3 6.3506527275e-08 0.00445097733471
8.4 6.78462887545e-08 0.00402740656054
8.5 7.24865154042e-08 0.00364413049438
8.6 7.74478709504e-08 0.00329732672495
8.7 8.27524393044e-08 0.00298354811215
8.8 8.84238761587e-08 0.0026996444031
8.9 9.44874262036e-08 0.00244276665325
9 1.00970029634e-07 0.00221032321777
9.1 1.07900586198e-07 0.00200000245818
9.2 1.15309970734e-07 0.00180970726528
9.3 1.23231093312e-07 0.00163750627656
9.4 1.31699188733e-07 0.00148166788582
9.5 1.4075203103e-07 0.00134066702808
9.6 1.50429848243e-07 0.00121308583909
9.7 1.60775614435e-07 0.00109763394853
9.8 1.71835488274e-07 0.000993178664809
9.9 1.83658651005e-07 0.000898671887209
10 1.96297968876e-07 0.000813125348992
10.1 2.09808619629e-07 0.000735761706239
10.2 2.24251797984e-07 0.000665751175983
10.3 2.39691359947e-07 0.000602396174715
10.4 2.56196208206e-07 0.000545068033174
10.5 2.73840219797e-07 0.000493203718102
10.6 2.92701545165e-07 0.000446274067787
10.7 3.12863004799e-07 0.000403799314825
10.8 3.34415502346e-07 0.000365348909906
10.9 3.5745598309e-07 0.000330541627211
11 3.82085676178e-07 0.00029904565517
11.1 4.08411634293e-07 0.000270574874061
11.2 4.3655377849e-07 0.000244819359994
11.3 4.6663853087e-07 0.000221508197411
11.4 4.98797749025e-07 0.000200419990556
11.5 5.33171398622e-07 0.000181361418139
11.6 5.69916955913e-07 0.0001641166394
11.7 6.09198580082e-07 0.000148505556574
11.8 6.51188113515e-07 0.000134378432559
11.9 6.9601235945e-07 0.000121522343791
12 7.4403423784e-07 0.000110016019429
12.1 7.95335392132e-07 9.95588328457e-05
12.2 8.50160617876e-07 9.00844935017e-05
12.3 9.08770732677e-07 8.15203624709e-05
12.4 9.71465813215e-07 7.37782452827e-05
12.5 1.03851655658e-06 6.67815884821e-05
12.6 1.11019151464e-06 6.04546886121e-05
12.7 1.18675923927e-06 5.47218422155e-05
12.8 1.26859890694e-06 4.95314298441e-05
12.9 1.35615876888e-06 4.48468702591e-05
13 1.44979426678e-06 4.06113767258e-05
13.1 1.54986076227e-06 3.67681450803e-05
13.2 1.65672191889e-06 3.32618688675e-05
13.3 1.77098653343e-06 3.00814649881e-05
13.4 1.89322767688e-06 2.72094052143e-05
13.5 2.02393393327e-06 2.46129194219e-05
13.6 2.16359388666e-06 2.22592374866e-05
13.7 2.32143108233e-06 1.98494194095e-05
13.8 2.47619626688e-06 1.80656431871e-05
13.9 2.64427157514e-06 1.64043694968e-05
14 2.8256570071e-06 1.48655983386e-05
14.1 3.02035256276e-06 1.34493297124e-05
14.2 3.22928996572e-06 1.21511240499e-05
14.3 3.45488443583e-06 1.09594730731e-05
14.4 3.69725995552e-06 9.87378601827e-06
14.5 3.9564165248e-06 8.89406288537e-06
14.6 4.23235414367e-06 8.02030367442e-06
14.7 4.52507281213e-06 7.25250838543e-06
14.8 4.83839080165e-06 6.56760957728e-06
14.9 5.17639628244e-06 5.94090926134e-06
15 5.53909043646e-06 5.37240029701e-06
15.1 5.92647326371e-06 4.86208268429e-06
15.2 6.33854476418e-06 4.40995642316e-06
15.3 6.77562257072e-06 4.01519921328e-06
15.4 7.24566703169e-06 3.65720299235e-06
15.5 7.75213152871e-06 3.32702751051e-06
15.6 8.29501606176e-06 3.02467276776e-06
15.7 8.87432063086e-06 2.75013876409e-06
15.8 9.490045236e-06 2.5034254995e-06
15.9 1.01441946228e-05 2.28308026989e-06
16 1.08496698988e-05 2.07975451156e-06
16.1 1.16087735567e-05 1.89177976322e-06
16.2 1.24215055965e-05 1.71915602485e-06
16.3 1.32878660181e-05 1.56188329647e-06
16.4 1.42078548215e-05 1.41996157808e-06
16.5 1.51882711071e-05 1.29182330446e-06
16.6 1.62467419056e-05 1.17340447917e-06
16.7 1.73841723223e-05 1.06449642577e-06
16.8 1.86005623573e-05 9.65099144263e-07
16.9 1.98959120107e-05 8.75212634654e-07
17 2.12702212824e-05 7.9483689694e-07
17.1 2.27414980633e-05 7.22122192105e-07
17.2 2.43290271924e-05 6.55087615283e-07
17.3 2.60328142793e-05 5.93732590256e-07
17.4 2.7852859324e-05 5.38057117023e-07
17.5 2.97891623266e-05 4.88061195585e-07
17.6 3.18432093433e-05 4.43677786705e-07
17.7 3.40522629189e-05 4.03225895818e-07
17.8 3.64324921311e-05 3.65976100608e-07
17.9 3.89838969798e-05 3.31928401077e-07
18 4.17064774652e-05 3.01082797224e-07
18.1 4.46002335871e-05 2.73439289049e-07
18.2 4.76745800658e-05 2.48834317758e-07
18.3 5.09901373409e-05 2.26214744668e-07
18.4 5.45577302956e-05 2.05392512691e-07
18.5 5.837735893e-05 1.86367621829e-07
18.6 6.2449023244e-05 1.69140072079e-07
18.7 6.67727232376e-05 1.53709863444e-07
18.8 7.09444699774e-05 1.42668750072e-07
18.9 7.61311224442e-05 1.28530854616e-07
19 8.16056821197e-05 1.15960169751e-07
19.1 8.73888542493e-05 1.04823862864e-07
19.2 9.35013440784e-05 9.49891013419e-08
19.3 9.99638568525e-05 8.63230525716e-08
19.4 0.000106831402528 7.86907899095e-08
19.5 0.000114171916684 7.19565977054e-08
19.6 0.000122022080891 6.59866681183e-08
19.7 0.000130418566543 6.06471939283e-08
19.8 0.000139398045036 5.58043679155e-08
19.9 0.000148997187765 5.13243828599e-08
20 0.000159252666126 4.70734315417e-08
