"Time" "Prey" "Predator"
0 0.000491570313158 1.28284595297
0.1 0.000446529966924 1.16082211736
0.2 0.000411946970174 1.05040130953
0.3 0.000385402111644 0.95048068211
0.4 0.000365162722828 0.860062551957
0.5 0.000349975648323 0.778243826459
0.6 0.000338924603434 0.704208259173
0.7 0.000331320991927 0.637215217728
0.8 0.00032665273883 0.576594961928
0.9 0.000324534424311 0.521740688574
1 0.000324683849611 0.472104946465
1.1 0.00032690008872 0.427193635729
1.2 0.000331022457342 0.386556017377
1.3 0.000336901046991 0.349781399384
1.4 0.000344488231096 0.316505449448
1.5 0.000353745263886 0.286396407351
1.6 0.000364638019886 0.259151607946
1.7 0.000377167353054 0.234498786344
1.8 0.000391349614352 0.212191389994
1.9 0.000407216166351 0.192006399149
2 0.00042481267111 0.17374186322
2.1 0.000444197703298 0.157214988873
2.2 0.000465442332391 0.142260501525
2.3 0.000488629500406 0.128728900698
2.4 0.000513853115879 0.116484602822
2.5 0.000541219054858 0.105405278175
2.6 0.00057084422042 0.0953799569632
2.7 0.000602857441063 0.0863084827639
2.8 0.000637399153703 0.078100000529
2.9 0.000674622314467 0.0706724985609
3 0.000714692428694 0.0639515744102
3.1 0.000757788556053 0.0578700820764
3.2 0.000804103590471 0.0523671127579
3.3 0.000853845363047 0.0473876878163
3.4 0.000907237160243 0.0428819504942
3.5 0.00096451902923 0.0388049506641
3.6 0.0010259481521 0.0351157628281
3.7 0.00109180048041 0.0317774323217
3.8 0.00116237203792 0.028756712439
3.9 0.00123797941706 0.0260232588389
4 0.00131896225449 0.0235498551019
4.1 0.00140568368149 0.0213117225002
4.2 0.00149853244737 0.0192864463915
4.3 0.00159792485925 0.0174538481021
4.4 0.00170430565613 0.0157955002118
4.5 0.00181815138836 0.0142948919165
4.6 0.00193997122129 0.0129370005616
4.7 0.00207030977856 0.0117082256095
4.8 0.00220975000071 0.0105963318264
4.9 0.00235891441643 0.00959015294401
5 0.00251847016576 0.00867970879887
5.1 0.00268912937638 0.00785587795386
5.2 0.0028716519529 0.00711028603939
5.3 0.00306685345397 0.00643555695422
5.4 0.00327560506747 0.00582499935728
5.5 0.00349883577905 0.00527244569908
5.6 0.00373754147053 0.00477240149604
5.7 0.00399278726648 0.00431992208193
5.8 0.00426570855906 0.00391044158045
5.9 0.00455752103305 0.0035398605745
6 0.00486952676198 0.0032045261705
6.1 0.00520311324195 0.00290105122147
6.2 0.00555976435277 0.00262637410173
6.3 0.00594107153816 0.00237780552493
6.4 0.00634873043192 0.00215285149983
6.5 0.00678455272587 0.00194924467139
6.6 0.00725048265043 0.00176498564006
6.7 0.00774859239325 0.00159822984618
6.8 0.00828109452257 0.00144729202449
6.9 0.00885036519779 0.00131069532716
7 0.00945893698458 0.00118707541738
7.1 0.0101095095088 0.00107516901974
7.2 0.0108049774963 0.000973858339562
7.3 0.0115484436602 0.000882163609124
7.4 0.0123432103123 0.000799165534709
7.5 0.0131928030011 0.000724024303759
7.6 0.0141010134079 0.000656010098886
7.7 0.0150718820504 0.000594448878951
7.8 0.016109715646 0.000538716951184
7.9 0.01721913025 0.000488258765593
8 0.0184050740736 0.000442584571859
8.1 0.019672813707 0.000401234399659
8.2 0.0210279710815 0.000363786359239
8.3 0.0224765927675 0.00032987940483
8.4 0.0240251229897 0.000299179963161
8.5 0.0256804301543 0.000271379760469
8.6 0.0274498743072 0.000246203182234
8.7 0.0293413475495 0.000223406535737
8.8 0.0313632491798 0.000202762112672
8.9 0.0335245445261 0.000184061035854
9 0.0358348760221 0.000167123236562
9.1 0.0383045213608 0.000151782264311
9.2 0.0409444338491 0.000137883624722
9.3 0.0437663457988 0.000125289366025
9.4 0.0467828471711 0.000113879675812
9.5 0.0500073338619 0.000103541920315
9.6 0.0534541000837 9.41729138689e-05
9.7 0.0571385182796 8.56827240704e-05
9.8 0.0610769844757 7.79888342707e-05
9.9 0.0652869695552 7.1014655907e-05
10 0.0697871723044 6.46912846374e-05
10.1 0.0745976749107 5.89591155759e-05
10.2 0.0797398438302 5.37619734532e-05
10.3 0.0852364723016 4.90481751606e-05
10.4 0.0911120648336 4.47729824987e-05
10.5 0.0973927776 4.08956720263e-05
10.6 0.104106476154 3.73784337886e-05
10.7 0.11128296421 3.41870647951e-05
10.8 0.118954271672 3.12917988865e-05
10.9 0.127154479071 2.86647464037e-05
11 0.135919934233 2.62801757887e-05
11.1 0.145289695745 2.41157450752e-05
11.2 0.155305490298 2.21512579232e-05
11.3 0.166011762282 2.03678872197e-05
11.4 0.177456018931 1.87485503488e-05
11.5 0.18968934064 1.7278526649e-05
11.6 0.202766088805 1.59440489824e-05
11.7 0.216744229291 1.47324382454e-05
11.8 0.23168601484 1.36325741868e-05
11.9 0.247658012365 1.26344715619e-05
12 0.264731108321 1.17288269399e-05
12.1 0.282981034918 1.0907179985e-05
12.2 0.302489245637 1.01623119303e-05
12.3 0.323342453626 9.4874978692e-06
12.4 0.34563310467 8.87655786263e-06
12.5 0.369460413 8.3240908178e-06
12.6 0.394930574228 7.8253352376e-06
12.7 0.422156647668 7.37588617688e-06
12.8 0.451259367808 6.97178022922e-06
12.9 0.482368609254 6.60971335413e-06
13 0.515622693058 6.28668613744e-06
13.1 0.551169061249 6.00001187142e-06
13.2 0.589165825694 5.74746874762e-06
13.3 0.629782403404 5.52728203065e-06
13.4 0.673199115045 5.33792137314e-06
13.5 0.719608451237 5.17818667971e-06
13.6 0.769217473401 5.04744177544e-06
13.7 0.822246828674 4.94536189165e-06
13.8 0.878931680517 4.87195622304e-06
13.9 0.939523767199 4.82778572351e-06
14 1.00429313113 4.81412920466e-06
14.1 1.0735275948 4.83276101581e-06
14.2 1.14753506719 4.88635703588e-06
14.3 1.22664483743 4.97864027383e-06
14.4 1.31120808438 5.1142462639e-06
14.5 1.40160089561 5.29976302802e-06
14.6 1.4982255246 5.54388201906e-06
14.7 1.6015109273 5.8572012993e-06
14.8 1.71191660974 6.25504688906e-06
14.9 1.82993372306 6.75732799691e-06
15 1.95608617298 7.38861287402e-06
15.1 2.09093531793 8.18645611081e-06
15.2 2.23508082802 9.19955675854e-06
15.3 2.38916249509 1.04897691117e-05
15.4 2.5538660126 1.21592412295e-05
15.5 2.72992349525 1.43404583196e-05
15.6 2.91811620818 1.72098737245e-05
15.7 3.11928142501 2.10869958472e-05
15.8 3.33431262995 2.63854347382e-05
15.9 3.56416338804 3.3698055961e-05
16 3.80985496777 4.42104295804e-05
16.1 4.07247646902 5.9449507917e-05
16.2 4.35318930187 8.16736499088e-05
16.3 4.65323388617 0.000116006938935
16.4 4.9739304524 0.000169808438603
16.5 5.31668016921 0.00025702151178
16.6 5.68296229306 0.000403036531484
16.7 6.07432074207 0.000656836815758
16.8 6.49233149676 0.00111465975309
16.9 6.93852021785 0.00197438363065
17 7.41416548691 0.00366099922308
17.1 7.91981538242 0.00713053128076
17.2 8.45408052967 0.0146286741779
17.3 9.01045878001 0.0316952751997
17.4 9.56873126214 0.072625472615
17.5 10.0711992878 0.175604280126
17.6 10.3597448605 0.442617415196
17.7 10.0451513857 1.11932659457
17.8 8.47347768704 2.58992516769
17.9 5.564306532 4.76077397055
18 2.77796824967 6.48400519421
18.1 1.18824355726 7.08359149675
18.2 0.496142951674 6.93720418626
18.3 0.216280453435 6.49115398458
18.4 0.100758654181 5.96241665527
18.5 0.0503936636166 5.43414744373
18.6 0.0269947113487 4.93538399025
18.7 0.0154161344509 4.47491200271
18.8 0.0093365503127 4.05395666121
18.9 0.00596588358946 3.67092141297
19 0.00400220980937 3.32321494583
19.1 0.00280620122076 3.00797873252
19.2 0.00204795281722 2.72238481184
19.3 0.00154973988506 2.4637546503
19.4 0.00121183861764 2.22960289141
19.5 0.000976271224455 2.01764740766
19.6 0.000807969573034 1.82580486121
19.7 0.000685107905506 1.652179403
19.8 0.000593863542887 1.49504903685
19.9 0.000525131197802 1.35285180152
20 0.000472801596366 1.22417188935
