"Time" "Prey" "Predator"
0 7.83008092035 24.3695458431
0.1 0.218785394836 27.4543943506
0.2 0.00706910430563 24.991930838
0.3 0.000316913917619 22.6184409121
0.4 1.92617302939e-05 20.4662244774
0.5 1.50884033989e-06 18.5186190539
0.6 1.4939399082e-07 16.7563411807
0.7 1.15230787682e-08 15.161771952
0.8 4.39765166286e-09 13.7189530489
0.9 -4.27702916537e-09 12.4134219855
1 -1.09988428254e-08 11.2321189469
1.1 -1.18132763685e-08 10.1632367906
1.2 -1.18700686908e-08 9.19607522965
1.3 -1.18700686908e-08 8.32095120846
1.4 -1.18700686908e-08 7.52910802854
1.5 -1.18700686908e-08 6.81261869817
1.6 -1.18700686908e-08 6.16431232906
1.7 -1.18700686908e-08 5.57770047355
1.8 -1.18700686908e-08 5.04691211768
1.9 -1.18700686908e-08 4.566634953
2 -1.18700686908e-08 4.13206220482
2.1 -1.18700686908e-08 3.73884514073
2.2 -1.18700686908e-08 3.3830473909
2.3 -1.18700686908e-08 3.06110709745
2.4 -1.18700686908e-08 2.76980374645
2.5 -1.18700686908e-08 2.50622132623
2.6 -1.18700686908e-08 2.26772282687
2.7 -1.18700686908e-08 2.05192049209
2.8 -1.18700686908e-08 1.85665442486
2.9 -1.18700686908e-08 1.67997020246
3 -1.18700686908e-08 1.52009986754
3.1 -1.18700686908e-08 1.37544319623
3.2 -1.18700686908e-08 1.24455243102
3.3 -1.18700686908e-08 1.12611755194
3.4 -1.18700686908e-08 1.01895296376
3.5 -1.18700686908e-08 0.921986472253
3.6 -1.18700686908e-08 0.834247797576
3.7 -1.18700686908e-08 0.754858476056
3.8 -1.18700686908e-08 0.683024226392
3.9 -1.18700686908e-08 0.618025725402
4 -1.18700686908e-08 0.559212795065
4.1 -1.18700686908e-08 0.505996521771
4.2 -1.18700686908e-08 0.457844555016
4.3 -1.18700686908e-08 0.414274850708
4.4 -1.18700686908e-08 0.374851352711
4.5 -1.18700686908e-08 0.339179505653
4.6 -1.18700686908e-08 0.306902223872
4.7 -1.18700686908e-08 0.27769661624
4.8 -1.18700686908e-08 0.25127022326
4.9 -1.18700686908e-08 0.227358706911
5 -1.18700686908e-08 0.205722626251
5.1 -1.18700686908e-08 0.186145523462
5.2 -1.18700686908e-08 0.168431404963
5.3 -1.18700686908e-08 0.152403014055
5.4 -1.18700686908e-08 0.137899941374
5.5 -1.18700686908e-08 0.124777000786
5.6 -1.18700686908e-08 0.112902883597
5.7 -1.18700686908e-08 0.102158673393
5.8 -1.18700686908e-08 0.0924369753381
5.9 -1.18700686908e-08 0.0836404214737
6 -1.18700686908e-08 0.0756809637352
6.1 -1.18700686908e-08 0.0684789816248
6.2 -1.18700686908e-08 0.0619623206178
6.3 -1.18700686908e-08 0.056065826195
6.4 -1.18700686908e-08 0.0507304434202
6.5 -1.18700686908e-08 0.0459027820959
6.6 -1.18700686908e-08 0.0415345636022
6.7 -1.18700686908e-08 0.0375820180374
6.8 -1.18700686908e-08 0.0340056198231
6.9 -1.18700686908e-08 0.0307695508002
7 -1.18700686908e-08 0.0278414281968
7.1 -1.18700686908e-08 0.025191968613
7.2 -1.18700686908e-08 0.0227946258711
7.3 -1.18700686908e-08 0.0206254317221
7.4 -1.18700686908e-08 0.018662660999
7.5 -1.18700686908e-08 0.0168866691842
7.6 -1.18700686908e-08 0.0152796918403
7.7 -1.18700686908e-08 0.0138256297608
7.8 -1.18700686908e-08 0.0125099449965
7.9 -1.18700686908e-08 0.0113194667071
8 -1.18700686908e-08 0.0102422739872
8.1 -1.18700686908e-08 0.00926758782592
8.2 -1.18700686908e-08 0.00838563814692
8.3 -1.18700686908e-08 0.00758762606823
8.4 -1.18700686908e-08 0.00686558202244
8.5 -1.18700686908e-08 0.00621226418092
8.6 -1.18700686908e-08 0.0056211098076
8.7 -1.18700686908e-08 0.00508621180611
8.8 -1.18700686908e-08 0.00460223151507
8.9 -1.18700686908e-08 0.00416428067803
9 -1.18700686908e-08 0.00376799601975
9.1 -1.18700686908e-08 0.00340943351826
9.2 -1.18700686908e-08 0.00308497803151
9.3 -1.18700686908e-08 0.00279140394024
9.4 -1.18700686908e-08 0.00252577864606
9.5 -1.18700686908e-08 0.00228541624287
9.6 -1.18700686908e-08 0.00206793224962
9.7 -1.18700686908e-08 0.00187115045615
9.8 -1.18700686908e-08 0.00169308463419
9.9 -1.18700686908e-08 0.00153198104184
10 -1.18700686908e-08 0.00138622231898
10.1 -1.18700686908e-08 0.00125431467563
10.2 -1.18700686908e-08 0.001134941016
10.3 -1.18700686908e-08 0.00102693603922
10.4 -1.18700686908e-08 0.000929209686172
10.5 -1.18700686908e-08 0.000840767556294
10.6 -1.18700686908e-08 0.000760748138221
10.7 -1.18700686908e-08 0.000688352629052
10.8 -1.18700686908e-08 0.000622843005932
10.9 -1.18700686908e-08 0.000563565413641
11 -1.18700686908e-08 0.000509937828637
11.1 -1.18700686908e-08 0.000461415315455
11.2 -1.18700686908e-08 0.000417499524377
11.3 -1.18700686908e-08 0.000377764418257
11.4 -1.18700686908e-08 0.000341813765841
11.5 -1.18700686908e-08 0.000309264202647
11.6 -1.18700686908e-08 0.000279841503479
11.7 -1.18700686908e-08 0.000253212580039
11.8 -1.18700686908e-08 0.000229116964389
11.9 -1.18700686908e-08 0.000207311909991
12 -1.18700686908e-08 0.000187588175426
12.1 -1.18700686908e-08 0.000169745278704
12.2 -1.18700686908e-08 0.000153597945443
12.3 -1.18700686908e-08 0.000138977759559
12.4 -1.18700686908e-08 0.000125736592649
12.5 -1.18700686908e-08 0.000113744933382
12.6 -1.18700686908e-08 0.000102889191143
12.7 -1.18700686908e-08 9.30733271935e-05
12.8 -1.18700686908e-08 8.42107334287e-05
12.9 -1.18700686908e-08 7.61914544516e-05
13 -1.18700686908e-08 6.89335767565e-05
13.1 -1.18700686908e-08 6.23698378407e-05
13.2 -1.18700686908e-08 5.64441340658e-05
13.3 -1.18700686908e-08 5.1090553377e-05
13.4 -1.18700686908e-08 4.62435894164e-05
13.5 -1.18700686908e-08 4.18546270497e-05
13.6 -1.18700686908e-08 3.78819694352e-05
13.7 -1.18700686908e-08 3.42385351944e-05
13.8 -1.18700686908e-08 3.10165629504e-05
13.9 -1.18700686908e-08 2.80772976595e-05
14 -1.18700686908e-08 2.54068973763e-05
14.1 -1.18700686908e-08 2.29914773525e-05
14.2 -1.18700686908e-08 2.08087369674e-05
14.3 -1.18700686908e-08 1.88352260228e-05
14.4 -1.18700686908e-08 1.70523751128e-05
14.5 -1.18700686908e-08 1.54416148313e-05
14.6 -1.18700686908e-08 1.39843757721e-05
14.7 -1.18700686908e-08 1.26641541667e-05
14.8 -1.18700686908e-08 1.14732205304e-05
14.9 -1.18700686908e-08 1.03981213208e-05
15 -1.18700686908e-08 9.42444840037e-06
15.1 -1.18700686908e-08 8.53779363125e-06
15.2 -1.18700686908e-08 7.72381420566e-06
15.3 -1.18700686908e-08 6.98101249933e-06
15.4 -1.18700686908e-08 6.30964549276e-06
15.5 -1.18700686908e-08 5.70252059214e-06
15.6 -1.18700686908e-08 5.15244520368e-06
15.7 -1.18700686908e-08 4.65222673358e-06
15.8 -1.18700686908e-08 4.11353671555e-06
15.9 -1.18700686908e-08 3.74319245926e-06
16 -1.18700686908e-08 3.39791358285e-06
16.1 -1.18700686908e-08 3.07770008633e-06
16.2 -1.18700686908e-08 2.78255196969e-06
16.3 -1.18700686908e-08 2.51245708512e-06
16.4 -1.18700686908e-08 2.26527596908e-06
16.5 -1.18700686908e-08 2.03943444639e-06
16.6 -1.18700686908e-08 1.83493251705e-06
16.7 -1.18700686908e-08 1.65177018107e-06
16.8 -1.18700686908e-08 1.48994743843e-06
16.9 -1.18700686908e-08 1.3489101048e-06
17 -1.18700686908e-08 1.22134969061e-06
17.1 -1.18700686908e-08 1.10499726006e-06
17.2 -1.18700686908e-08 9.99852813157e-07
17.3 -1.18700686908e-08 9.05916349891e-07
17.4 -1.18700686908e-08 8.23187870266e-07
17.5 -1.18700686908e-08 7.50662520393e-07
17.6 -1.18700686908e-08 6.83910136795e-07
17.7 -1.18700686908e-08 6.22407043853e-07
17.8 -1.18700686908e-08 5.66153241567e-07
17.9 -1.18700686908e-08 5.15148729937e-07
18 -1.18700686908e-08 4.69393508962e-07
18.1 -1.18700686908e-08 4.2809453681e-07
18.2 -1.18700686908e-08 3.89779596325e-07
18.3 -1.18700686908e-08 3.54415772161e-07
18.4 -1.18700686908e-08 3.22003064319e-07
18.5 -1.18700686908e-08 2.92541472798e-07
18.6 -1.18700686908e-08 2.66027422726e-07
18.7 -1.18700686908e-08 2.41831310051e-07
18.8 -1.18700686908e-08 2.19489884502e-07
18.9 -1.18700686908e-08 1.99003146079e-07
19 -1.18700686908e-08 1.80371094782e-07
19.1 -1.18700686908e-08 1.6359373061e-07
19.2 -1.18700686908e-08 1.48629967455e-07
19.3 -1.18700686908e-08 1.34937968639e-07
19.4 -1.18700686908e-08 1.22349519838e-07
19.5 -1.18700686908e-08 1.10864621052e-07
19.6 -1.18700686908e-08 1.0048327228e-07
19.7 -1.18700686908e-08 9.12054735238e-08
19.8 -1.18700686908e-08 8.2949325346e-08
19.9 -1.18700686908e-08 7.53537524749e-08
20 -1.18700686908e-08 6.83760733439e-08
