"Time" "Prey" "Predator"
0 14.694601602 28.020286452
0.1 0.149143255253 35.6064501929
0.2 0.00172007082312 32.3216815087
0.3 3.04431910208e-05 29.2470584578
0.4 8.03424797245e-07 26.4638313234
0.5 -6.13447714074e-09 23.9454889958
0.6 -5.1436557675e-09 21.6667768601
0.7 -5.1436557675e-09 19.6049131875
0.8 -5.1436557675e-09 17.7392511359
0.9 -5.1436557675e-09 16.051132355
1 -5.1436557675e-09 14.5236623171
1.1 -5.1436557675e-09 13.1415503312
1.2 -5.1436557675e-09 11.8909619794
1.3 -5.1436557675e-09 10.7593865901
1.4 -5.1436557675e-09 9.73551035973
1.5 -5.1436557675e-09 8.80905078034
1.6 -5.1436557675e-09 7.97075834166
1.7 -5.1436557675e-09 7.21224171459
1.8 -5.1436557675e-09 6.5259063969
1.9 -5.1436557675e-09 5.90488441632
2 -5.1436557675e-09 5.34296076748
2.1 -5.1436557675e-09 4.83451102627
2.2 -5.1436557675e-09 4.37444692301
2.3 -5.1436557675e-09 3.95816432187
2.4 -5.1436557675e-09 3.58149584107
2.5 -5.1436557675e-09 3.24067183385
2.6 -5.1436557675e-09 2.93228184375
2.7 -5.1436557675e-09 2.65323869396
2.8 -5.1436557675e-09 2.40075001916
2.9 -5.1436557675e-09 2.17228897334
3 -5.1436557675e-09 1.96556855853
3.1 -5.1436557675e-09 1.77852029826
3.2 -5.1436557675e-09 1.60927187149
3.3 -5.1436557675e-09 1.45612931924
3.4 -5.1436557675e-09 1.31755938209
3.5 -5.1436557675e-09 1.19217677342
3.6 -5.1436557675e-09 1.07872596765
3.7 -5.1436557675e-09 0.976071700194
3.8 -5.1436557675e-09 0.883186189421
3.9 -5.1436557675e-09 0.799139871809
4 -5.1436557675e-09 0.723091594421
4.1 -5.1436557675e-09 0.654280338184
4.2 -5.1436557675e-09 0.592017334739
4.3 -5.1436557675e-09 0.535679390183
4.4 -5.1436557675e-09 0.484702694999
4.5 -5.1436557675e-09 0.438576816298
4.6 -5.1436557675e-09 0.396840466962
4.7 -5.1436557675e-09 0.359076074128
4.8 -5.1436557675e-09 0.324905336008
4.9 -5.1436557675e-09 0.293986559009
5 -5.1436557675e-09 0.266009987428
5.1 -5.1436557675e-09 0.240695734174
5.2 -5.1436557675e-09 0.217790495808
5.3 -5.1436557675e-09 0.197064867079
5.4 -5.1436557675e-09 0.178311687272
5.5 -5.1436557675e-09 0.161343073645
5.6 -5.1436557675e-09 0.145989239778
5.7 -5.1436557675e-09 0.132096533368
5.8 -5.1436557675e-09 0.119525821213
5.9 -5.1436557675e-09 0.108151440999
6 -5.1436557675e-09 0.0978594401724
6.1 -5.1436557675e-09 0.0885468618329
6.2 -5.1436557675e-09 0.0801205252029
6.3 -5.1436557675e-09 0.0724960257271
6.4 -5.1436557675e-09 0.0655971252999
6.5 -5.1436557675e-09 0.0593547125862
6.6 -5.1436557675e-09 0.0537063471967
6.7 -5.1436557675e-09 0.048595515766
6.8 -5.1436557675e-09 0.0439710239436
6.9 -5.1436557675e-09 0.0397866343527
7 -5.1436557675e-09 0.0360004277939
7.1 -5.1436557675e-09 0.0325745267987
7.2 -5.1436557675e-09 0.0294746510057
7.3 -5.1436557675e-09 0.0266697530388
7.4 -5.1436557675e-09 0.0241317932866
7.5 -5.1436557675e-09 0.0218353454262
7.6 -5.1436557675e-09 0.0197574342392
7.7 -5.1436557675e-09 0.0178772668543
7.8 -5.1436557675e-09 0.0161760121815
7.9 -5.1436557675e-09 0.0146366624873
8 -5.1436557675e-09 0.013243796229
8.1 -5.1436557675e-09 0.0119834795479
8.2 -5.1436557675e-09 0.0108431017194
8.3 -5.1436557675e-09 0.00981124029067
8.4 -5.1436557675e-09 0.00887757751652
8.5 -5.1436557675e-09 0.00803276281363
8.6 -5.1436557675e-09 0.00726834234499
8.7 -5.1436557675e-09 0.00657665994065
8.8 -5.1436557675e-09 0.00595078526025
8.9 -5.1436557675e-09 0.00538448087546
9 -5.1436557675e-09 0.00487209304363
9.1 -5.1436557675e-09 0.00440847914894
9.2 -5.1436557675e-09 0.00398898034725
9.3 -5.1436557675e-09 0.0036093954772
9.4 -5.1436557675e-09 0.00326594891828
9.5 -5.1436557675e-09 0.00295517301232
9.6 -5.1436557675e-09 0.00267394439244
9.7 -5.1436557675e-09 0.00241948886843
9.8 -5.1436557675e-09 0.00218924608682
9.9 -5.1436557675e-09 0.00198090305751
10 -5.1436557675e-09 0.00179240105052
10.1 -5.1436557675e-09 0.00162183855508
10.2 -5.1436557675e-09 0.00146749474377
10.3 -5.1436557675e-09 0.00132784810475
10.4 -5.1436557675e-09 0.00120149102281
10.5 -5.1436557675e-09 0.00108715034566
10.6 -5.1436557675e-09 0.000983703799699
10.7 -5.1436557675e-09 0.000890107592039
10.8 -5.1436557675e-09 0.000805400694901
10.9 -5.1436557675e-09 0.000728750382751
11 -5.1436557675e-09 0.000659400339255
11.1 -5.1436557675e-09 0.000596647963397
11.2 -5.1436557675e-09 0.000539858558299
11.3 -5.1436557675e-09 0.00048847994599
11.4 -5.1436557675e-09 0.000441995467922
11.5 -5.1436557675e-09 0.000399929734156
11.6 -5.1436557675e-09 0.000361868423999
11.7 -5.1436557675e-09 0.000327434266892
11.8 -5.1436557675e-09 0.000296276092829
11.9 -5.1436557675e-09 0.000268076828042
12 -5.1436557675e-09 0.0002425635242
12.1 -5.1436557675e-09 0.000219479831605
12.2 -5.1436557675e-09 0.000198582146019
12.3 -5.1436557675e-09 0.000179688114767
12.4 -5.1436557675e-09 0.000162589509567
12.5 -5.1436557675e-09 0.000147117217953
12.6 -5.1436557675e-09 0.00013311649602
12.7 -5.1436557675e-09 0.00012045257887
12.8 -5.1436557675e-09 0.000108995469268
12.9 -5.1436557675e-09 9.86260107104e-05
13 -5.1436557675e-09 8.92362796923e-05
13.1 -5.1436557675e-09 8.07322595892e-05
13.2 -5.1436557675e-09 7.30310597337e-05
13.3 -5.1436557675e-09 6.6060696116e-05
13.4 -5.1436557675e-09 5.97607145422e-05
13.5 -5.1436557675e-09 5.40712871079e-05
13.6 -5.1436557675e-09 4.89216878186e-05
13.7 -5.1436557675e-09 4.42615380969e-05
13.8 -5.1436557675e-09 4.0048332139e-05
13.9 -5.1436557675e-09 3.62459651375e-05
14 -5.1436557675e-09 3.28080388515e-05
14.1 -5.1436557675e-09 2.96952243487e-05
14.2 -5.1436557675e-09 2.68766312079e-05
14.3 -5.1436557675e-09 2.43259168156e-05
14.4 -5.1436557675e-09 2.19923386608e-05
14.5 -5.1436557675e-09 1.99188842769e-05
14.6 -5.1436557675e-09 1.80290944247e-05
14.7 -5.1436557675e-09 1.63138743548e-05
14.8 -5.1436557675e-09 1.47637011824e-05
14.9 -5.1436557675e-09 1.33622573118e-05
15 -5.1436557675e-09 1.20954801731e-05
15.1 -5.1436557675e-09 1.0951167508e-05
15.2 -5.1436557675e-09 9.91711705791e-06
15.3 -5.1436557675e-09 8.98112656424e-06
15.4 -5.1436557675e-09 8.13370923163e-06
15.5 -5.1436557675e-09 7.3695567011e-06
15.6 -5.1436557675e-09 6.67933401582e-06
15.7 -5.1436557675e-09 6.05357458094e-06
15.8 -5.1436557675e-09 5.48281180159e-06
15.9 -5.1436557675e-09 4.95823227927e-06
16 -5.1436557675e-09 4.48138915348e-06
16.1 -5.1436557675e-09 4.05039512113e-06
16.2 -5.1436557675e-09 3.66052464411e-06
16.3 -5.1436557675e-09 3.30705218431e-06
16.4 -5.1436557675e-09 2.98525220362e-06
16.5 -5.1436557675e-09 2.64533919715e-06
16.6 -5.1436557675e-09 2.40579678875e-06
16.7 -5.1436557675e-09 2.18272319011e-06
16.8 -5.1436557675e-09 1.9761184012e-06
16.9 -5.1436557675e-09 1.78598242204e-06
17 -5.1436557675e-09 1.61219706125e-06
17.1 -5.1436557675e-09 1.4530140157e-06
17.2 -5.1436557675e-09 1.30785180191e-06
17.3 -5.1436557675e-09 1.17671041989e-06
17.4 -5.1436557675e-09 1.05958986964e-06
17.5 -5.1436557675e-09 9.56490151156e-07
17.6 -5.1436557675e-09 8.66364713452e-07
17.7 -5.1436557675e-09 7.8424558765e-07
17.8 -5.1436557675e-09 7.09490584517e-07
17.9 -5.1436557675e-09 6.42099704052e-07
18 -5.1436557675e-09 5.82072946256e-07
18.1 -5.1436557675e-09 5.29410311127e-07
18.2 -5.1436557675e-09 4.82825091225e-07
18.3 -5.1436557675e-09 4.39759022646e-07
18.4 -5.1436557675e-09 4.00141991186e-07
18.5 -5.1436557675e-09 3.63973996845e-07
18.6 -5.1436557675e-09 3.31255039622e-07
18.7 -5.1436557675e-09 3.01982333564e-07
18.8 -5.1436557675e-09 2.75314713658e-07
18.9 -5.1436557675e-09 2.50586109508e-07
19 -5.1436557675e-09 2.27796521115e-07
19.1 -5.1436557675e-09 2.06945948477e-07
19.2 -5.1436557675e-09 1.88034391595e-07
19.3 -5.1436557675e-09 1.71027068209e-07
19.4 -5.1436557675e-09 1.55409474335e-07
19.5 -5.1436557675e-09 1.41010486582e-07
19.6 -5.1436557675e-09 1.27830104951e-07
19.7 -5.1436557675e-09 1.15868329442e-07
19.8 -5.1436557675e-09 1.05125160055e-07
19.9 -5.1436557675e-09 9.5523005609e-08
20 -5.1436557675e-09 8.66935414175e-08
