"Time" "Prey" "Predator"
0 39.989991555 1.09192126622
0.1 13.5951016044 21.570649622
0.2 0.364929270819 28.9266889485
0.3 0.0096768351494 26.4254323715
0.4 0.000361620890612 23.9173371816
0.5 1.85994478637e-05 21.641546251
0.6 1.26270779834e-06 19.5820937932
0.7 1.08804869895e-07 17.7186126665
0.8 8.09400248767e-09 16.0324724298
0.9 -1.33563085129e-09 14.5067948864
1 -2.38355307225e-09 13.1262969156
1.1 -6.86951450969e-09 11.877154859
1.2 -7.92366338332e-09 10.7468872755
1.3 -7.92366338332e-09 9.72418404168
1.4 -7.92366338332e-09 8.79880369797
1.5 -7.92366338332e-09 7.9614835894
1.6 -7.92366338332e-09 7.20384429404
1.7 -7.92366338332e-09 6.51831875271
1.8 -7.92366338332e-09 5.89802237619
1.9 -7.92366338332e-09 5.33674763393
2 -7.92366338332e-09 4.82889092824
2.1 -7.92366338332e-09 4.36936143904
2.2 -7.92366338332e-09 3.95356169722
2.3 -7.92366338332e-09 3.57733070691
2.4 -7.92366338332e-09 3.23690291298
2.5 -7.92366338332e-09 2.9288710243
2.6 -7.92366338332e-09 2.65015277067
2.7 -7.92366338332e-09 2.39795774611
2.8 -7.92366338332e-09 2.16976241794
2.9 -7.92366338332e-09 1.96328249883
3 -7.92366338332e-09 1.77645172345
3.1 -7.92366338332e-09 1.60740041005
3.2 -7.92366338332e-09 1.45443619849
3.3 -7.92366338332e-09 1.31602853981
3.4 -7.92366338332e-09 1.19079212724
3.5 -7.92366338332e-09 1.07747336402
3.6 -7.92366338332e-09 0.974938374329
3.7 -7.92366338332e-09 0.882160415911
3.8 -7.92366338332e-09 0.798211120944
3.9 -7.92366338332e-09 0.722251211031
4 -7.92366338332e-09 0.653519851773
4.1 -7.92366338332e-09 0.59132926655
4.2 -7.92366338332e-09 0.535056849485
4.3 -7.92366338332e-09 0.484139399349
4.4 -7.92366338332e-09 0.438067419105
4.5 -7.92366338332e-09 0.396379798186
4.6 -7.92366338332e-09 0.358659275138
4.7 -7.92366338332e-09 0.324528295159
4.8 -7.92366338332e-09 0.293645291358
4.9 -7.92366338332e-09 0.265701022632
5 -7.92366338332e-09 0.240416111477
5.1 -7.92366338332e-09 0.217537469439
5.2 -7.92366338332e-09 0.196835974491
5.3 -7.92366338332e-09 0.178104597035
5.4 -7.92366338332e-09 0.161155657875
5.5 -7.92366338332e-09 0.145819649022
5.6 -7.92366338332e-09 0.131943052917
5.7 -7.92366338332e-09 0.119386937946
5.8 -7.92366338332e-09 0.10802579098
5.9 -7.92366338332e-09 0.0977457659262
6 -7.92366338332e-09 0.0884440291777
6.1 -7.92366338332e-09 0.0800274616565
6.2 -7.92366338332e-09 0.0724118006612
6.3 -7.92366338332e-09 0.0655209130627
6.4 -7.92366338332e-09 0.0592857514424
6.5 -7.92366338332e-09 0.0536439609327
6.6 -7.92366338332e-09 0.0485390665321
6.7 -7.92366338332e-09 0.0439199495393
6.8 -7.92366338332e-09 0.0397404196133
6.9 -7.92366338332e-09 0.0359586023391
7 -7.92366338332e-09 0.0325366823592
7.1 -7.92366338332e-09 0.0294404074751
7.2 -7.92366338332e-09 0.0266387725269
7.3 -7.92366338332e-09 0.0241037631794
7.4 -7.92366338332e-09 0.0218099803239
7.5 -7.92366338332e-09 0.0197344839149
7.6 -7.92366338332e-09 0.0178564978343
7.7 -7.92366338332e-09 0.0161572189519
7.8 -7.92366338332e-09 0.0146196588691
7.9 -7.92366338332e-09 0.0132284110776
8 -7.92366338332e-09 0.011969557235
8.1 -7.92366338332e-09 0.0108305058284
8.2 -7.92366338332e-09 0.00979984222789
8.3 -7.92366338332e-09 0.00886726089388
8.4 -7.92366338332e-09 0.00802340840696
8.5 -7.92366338332e-09 0.0072598598445
8.6 -7.92366338332e-09 0.00656900286532
8.7 -7.92366338332e-09 0.00594390585441
8.8 -7.92366338332e-09 0.00537829517503
8.9 -7.92366338332e-09 0.00486649891687
9 -7.92366338332e-09 0.00440342464456
9.1 -7.92366338332e-09 0.00398440466261
9.2 -7.92366338332e-09 0.00360523338008
9.3 -7.92366338332e-09 0.00326215734742
9.4 -7.92366338332e-09 0.00295172286666
9.5 -7.92366338332e-09 0.00267082427978
9.6 -7.92366338332e-09 0.0024166717992
9.7 -7.92366338332e-09 0.00218669782263
9.8 -7.92366338332e-09 0.00197860400829
9.9 -7.92366338332e-09 0.00179032234025
10 -7.92366338332e-09 0.00161995027942
10.1 -7.92366338332e-09 0.00146579765351
10.2 -7.92366338332e-09 0.00132633197413
10.3 -7.92366338332e-09 0.00120013419532
10.4 -7.92366338332e-09 0.00108591681949
10.5 -7.92366338332e-09 0.000982574428778
10.6 -7.92366338332e-09 0.000889071218942
10.7 -7.92366338332e-09 0.000804454245832
10.8 -7.92366338332e-09 0.000727887830531
10.9 -7.92366338332e-09 0.000658617283099
11 -7.92366338332e-09 0.000595941001339
11.1 -7.92366338332e-09 0.000539221908253
11.2 -7.92366338332e-09 0.000487908063067
11.3 -7.92366338332e-09 0.000441482323576
11.4 -7.92366338332e-09 0.000399467011782
11.5 -7.92366338332e-09 0.000361446983033
11.6 -7.92366338332e-09 0.000327048581823
11.7 -7.92366338332e-09 0.000295923887872
11.8 -7.92366338332e-09 0.000267751704482
11.9 -7.92366338332e-09 0.00024227404785
12 -7.92366338332e-09 0.000219219671278
12.1 -7.92366338332e-09 0.000198356726032
12.2 -7.92366338332e-09 0.000179482581601
12.3 -7.92366338332e-09 0.000162409699753
12.4 -7.92366338332e-09 0.000146961459887
12.5 -7.92366338332e-09 0.000132976808959
12.6 -7.92366338332e-09 0.000120311650401
12.7 -7.92366338332e-09 0.000108841326383
12.8 -7.92366338332e-09 9.84553784353e-05
12.9 -7.92366338332e-09 8.9059421818e-05
13 -7.92366338332e-09 8.05741612216e-05
13.1 -7.92366338332e-09 7.290238748e-05
13.2 -7.92366338332e-09 6.59582796925e-05
13.3 -7.92366338332e-09 5.96760649213e-05
13.4 -7.92366338332e-09 5.40003726082e-05
13.5 -7.92366338332e-09 4.88777109128e-05
13.6 -7.92366338332e-09 4.4241233333e-05
13.7 -7.92366338332e-09 4.00428922349e-05
13.8 -7.92366338332e-09 3.62419360478e-05
13.9 -7.92366338332e-09 3.27389012993e-05
14 -7.92366338332e-09 2.96675903846e-05
14.1 -7.92366338332e-09 2.6861991917e-05
14.2 -7.92366338332e-09 2.4309313071e-05
14.3 -7.92366338332e-09 2.19967610215e-05
14.4 -7.92366338332e-09 1.99080190106e-05
14.5 -7.92366338332e-09 1.80190079556e-05
14.6 -7.92366338332e-09 1.63121543548e-05
14.7 -7.92366338332e-09 1.47702962617e-05
14.8 -7.92366338332e-09 1.33762717296e-05
14.9 -7.92366338332e-09 1.21132164414e-05
15 -7.92366338332e-09 1.09723322197e-05
15.1 -7.92366338332e-09 9.94311869263e-06
15.2 -7.92366338332e-09 9.0122601019e-06
15.3 -7.92366338332e-09 8.16644068927e-06
15.4 -7.92366338332e-09 7.39234469645e-06
15.5 -7.92366338332e-09 6.68203487376e-06
15.6 -7.92366338332e-09 6.03942145624e-06
15.7 -7.92366338332e-09 5.45848533774e-06
15.8 -7.92366338332e-09 4.93257926394e-06
15.9 -7.92366338332e-09 4.45505598053e-06
16 -7.92366338332e-09 3.92579121765e-06
16.1 -7.92366338332e-09 3.57549027794e-06
16.2 -7.92366338332e-09 3.24835435272e-06
16.3 -7.92366338332e-09 2.94438344199e-06
16.4 -7.92366338332e-09 2.66357754576e-06
16.5 -7.92366338332e-09 2.40593666403e-06
16.6 -7.92366338332e-09 2.17053341399e-06
16.7 -7.92366338332e-09 1.95497378214e-06
16.8 -7.92366338332e-09 1.75913589509e-06
16.9 -7.92366338332e-09 1.58301975284e-06
17 -7.92366338332e-09 1.4266253554e-06
17.1 -7.92366338332e-09 1.28995270275e-06
17.2 -7.92366338332e-09 1.16846925959e-06
17.3 -7.92366338332e-09 1.05734531059e-06
17.4 -7.92366338332e-09 9.5657964783e-07
17.5 -7.92366338332e-09 8.66172271307e-07
17.6 -7.92366338332e-09 7.86123181022e-07
17.7 -7.92366338332e-09 7.16281688427e-07
17.8 -7.92366338332e-09 6.52907414745e-07
17.9 -7.92366338332e-09 5.94384477925e-07
18 -7.92366338332e-09 5.40712877965e-07
18.1 -7.92366338332e-09 4.91892614867e-07
18.2 -7.92366338332e-09 4.4792368863e-07
18.3 -7.92366338332e-09 4.08557389483e-07
18.4 -7.92366338332e-09 3.72201301972e-07
18.5 -7.92366338332e-09 3.38572600055e-07
18.6 -7.92366338332e-09 3.07671283732e-07
18.7 -7.92366338332e-09 2.79497353004e-07
18.8 -7.92366338332e-09 2.54050807869e-07
18.9 -7.92366338332e-09 2.31058732118e-07
19 -7.92366338332e-09 2.09816599952e-07
19.1 -7.92366338332e-09 1.90288545685e-07
19.2 -7.92366338332e-09 1.72474569317e-07
19.3 -7.92366338332e-09 1.56374670849e-07
19.4 -7.92366338332e-09 1.41988850279e-07
19.5 -7.92366338332e-09 1.28981073159e-07
19.6 -7.92366338332e-09 1.16993272622e-07
19.7 -7.92366338332e-09 1.06025359112e-07
19.8 -7.92366338332e-09 9.60773326315e-08
19.9 -7.92366338332e-09 8.71491931789e-08
20 -7.92366338332e-09 7.92286590688e-08
