"Time" "Prey" "Predator"
0 9.37189834344 0.984852559622
0.1 8.18726363362 2.16606989197
0.2 5.83393306171 3.98124614112
0.3 3.25674239126 5.65213948263
0.4 1.53807899098 6.44405779934
0.5 0.690325243311 6.48196344767
0.6 0.317076240339 6.15228513387
0.7 0.153767911314 5.69321627177
0.8 0.0794633096147 5.20943410331
0.9 0.0437651247232 4.74184082674
1 0.0256039583015 4.30508487564
1.1 0.0158406333027 3.90329534507
1.2 0.0103154614814 3.53638159583
1.3 0.00703847927437 3.20258467895
1.4 0.00501069171476 2.89954239144
1.5 0.00370710989675 2.62474628155
1.6 0.00284000541208 2.37573959569
1.7 0.00224567268889 2.15020088187
1.8 0.00182731067092 1.94597614058
1.9 0.0015259104226 1.7610858573
2 0.00130450472165 1.59372100441
2.1 0.00113924059112 1.44223399215
2.2 0.00101418536241 1.30512744203
2.3 0.00091868276412 1.18104206562
2.4 0.000845369119709 1.06874517032
2.5 0.00078906016722 0.967119561595
2.6 0.000746057905343 0.87515307767
2.7 0.000713690990047 0.79192907491
2.8 0.000690039087326 0.716617714123
2.9 0.000673520973158 0.648466846183
3 0.000663125451916 0.586796612472
3.1 0.000657989770117 0.530990674622
3.2 0.000657542121021 0.480492074724
3.3 0.000661304912514 0.434795962088
3.4 0.000668959291468 0.393446001626
3.5 0.000680257459853 0.356028780964
3.6 0.000695038692386 0.322170440959
3.7 0.000713196795297 0.291532494807
3.8 0.000734679291387 0.263808672181
3.9 0.000759474361916 0.238721804744
4 0.000787608963994 0.216021101828
4.1 0.000819138536556 0.195479412994
4.2 0.000854153702967 0.176891638177
4.3 0.000892771768062 0.1600721207
4.4 0.000935129083814 0.144852452603
4.5 0.000981391260932 0.131080521749
4.6 0.00103174323741 0.118618500509
4.7 0.00108639520639 0.107341817885
4.8 0.00114557992671 0.0971376916117
4.9 0.00120955418501 0.0879041727265
5 0.00127859816807 0.0795488862675
5.1 0.00135301703838 0.0719882802177
5.2 0.00143314152747 0.0651467431281
5.3 0.00151932928639 0.0589558990109
5.4 0.00161196599017 0.0533538057377
5.5 0.00171146711409 0.048284505781
5.6 0.00181827938585 0.0436973423023
5.7 0.00193288250479 0.0395464007126
5.8 0.00205579137664 0.0357902073741
5.9 0.00218755820366 0.032391178345
6 0.00232877484566 0.0293153554767
6.1 0.00248007539939 0.0265320048266
6.2 0.0026421389469 0.0240132834612
6.3 0.00281569246182 0.0217340492794
6.4 0.00300151412463 0.0196715005611
6.5 0.0032004365745 0.0178050278208
6.6 0.00341335070328 0.0161159815304
6.7 0.00364120963358 0.0145874752991
6.8 0.00388503270626 0.0132042581842
6.9 0.00414591039419 0.0119525024383
7 0.00442500863978 0.0108197037153
7.1 0.00472357454446 0.00979454402955
7.2 0.00504294170755 0.00886677540391
7.3 0.00538453533388 0.0080271648319
7.4 0.00574988053995 0.00726733866769
7.5 0.00614060764832 0.00657969862786
7.6 0.00655845729743 0.00595735461161
7.7 0.00700529419404 0.00539411846116
7.8 0.00748311054739 0.0048843728475
7.9 0.00799403277585 0.00442298603961
8 0.00854034023644 0.00400539492871
8.1 0.00912446643754 0.00362744305332
8.2 0.00974900969615 0.00328533659603
8.3 0.0104167553202 0.00297569805112
8.4 0.0111306752443 0.00269543567764
8.5 0.0118939443296 0.00244173479897
8.6 0.0127099654449 0.0022120970974
8.7 0.0135823679441 0.00200422674377
8.8 0.0145150334986 0.00181604847263
8.9 0.0155121224678 0.00164572001268
9 0.0165780663212 0.00149153156726
9.1 0.0177175923825 0.00135190920668
9.2 0.0189357840056 0.00122549367425
9.3 0.0202380671208 0.00111104715789
9.4 0.0216302224715 0.00100742001845
9.5 0.0231184341341 0.000913574324292
9.6 0.0247093461641 0.000828607253251
9.7 0.0264100285526 0.000751673672904
9.8 0.0282280228077 0.000681995781646
9.9 0.0301714339421 0.000618895201487
10 0.0322489165199 0.000561754473958
10.1 0.0344696903317 0.000509998197665
10.2 0.0368436151517 0.000463105810702
10.3 0.0393812876559 0.000420631202519
10.4 0.0420939840245 0.000382154994719
10.5 0.0449937308957 0.000347291810322
10.6 0.048093450843 0.00031570378845
10.7 0.051406948659 0.000287084810112
10.8 0.0549489291908 0.000261150434037
10.9 0.0587351138144 0.000237642615921
11 0.0627824033991 0.000216338464933
11.1 0.0671087823517 0.000197028684711
11.2 0.0717334271743 0.000179519821605
11.3 0.0766769360045 0.000163643392313
11.4 0.0819613360885 0.000149248702165
11.5 0.0876100817439 0.000136194972786
11.6 0.093648226053 0.000124353902229
11.7 0.100102721517 0.000113614380545
11.8 0.107002263115 0.000103872966181
11.9 0.114377439356 9.50339418448e-05
12 0.122261062088 8.70126975767e-05
12.1 0.130688282953 7.9734489124e-05
12.2 0.139696514642 7.31290980992e-05
12.3 0.149325692444 6.71321556185e-05
12.4 0.159618782281 6.16885019439e-05
12.5 0.170621569586 5.67471464568e-05
12.6 0.182382848984 5.22609089986e-05
12.7 0.194954882945 4.81875252606e-05
12.8 0.208393766042 4.44899956224e-05
12.9 0.222759176744 4.11336129204e-05
13 0.238114785917 3.80864717364e-05
13.1 0.25452906926 3.53211308836e-05
13.2 0.272075085414 3.28125303343e-05
13.3 0.290830670812 3.05374164478e-05
13.4 0.310879086413 2.84748661693e-05
13.5 0.332309818687 2.66069404806e-05
13.6 0.355218070684 2.49168658844e-05
13.7 0.379705373466 2.33893050231e-05
13.8 0.40588083367 2.20110567598e-05
13.9 0.433861034036 2.07703616976e-05
14 0.463770135349 1.96564144821e-05
14.1 0.495740814224 1.86596154384e-05
14.2 0.529915779791 1.7772142347e-05
14.3 0.56644691813 1.69869154463e-05
14.4 0.605496157953 1.62977259365e-05
14.5 0.647237310162 1.56997298383e-05
14.6 0.691856415532 1.51892622976e-05
14.7 0.739551523404 1.47633975829e-05
14.8 0.790534035916 1.44202028711e-05
14.9 0.845031159346 1.41594549575e-05
15 0.903285283692 1.39820478337e-05
15.1 0.965555220575 1.3890237811e-05
15.2 1.03211818744 1.38884006666e-05
15.3 1.10326993758 1.39825822633e-05
15.4 1.179326307 1.41811173391e-05
15.5 1.26062603008 1.44965060115e-05
15.6 1.34753034216 1.49441911095e-05
15.7 1.44042508356 1.5544295745e-05
15.8 1.53972393441 1.63258355878e-05
15.9 1.64586803358 1.73239079843e-05
16 1.75932866653 1.85847310178e-05
16.1 1.8806110157 2.01762993414e-05
16.2 2.01025371656 2.21806865157e-05
16.3 2.14883231791 2.47102834813e-05
16.4 2.29696365731 2.79374158455e-05
16.5 2.45530531793 3.20710541009e-05
16.6 2.62456001856 3.74157926156e-05
16.7 2.80548054296 4.44634032365e-05
16.8 2.99886925816 5.38142881782e-05
16.9 3.20558341368 6.64248119975e-05
17 3.42654036372 8.39268384255e-05
17.1 3.662717505 0.000108327524628
17.2 3.91515735365 0.000142892978346
17.3 4.18497210971 0.000193840598083
17.4 4.47334373013 0.000270558829007
17.5 4.78152475362 0.000389125749915
17.6 5.11083428826 0.00057789923342
17.7 5.46264725323 0.000886951960988
17.8 5.8383601872 0.00141256512442
17.9 6.23932905529 0.00233750650716
18 6.66670772717 0.00403279363095
18.1 7.12110535242 0.00727016605243
18.2 7.60176018472 0.0137338949189
18.3 8.10456089649 0.0272511783918
18.4 8.61708158915 0.0568968022423
18.5 9.1059241556 0.124943045324
18.6 9.4848691178 0.286845955237
18.7 9.54413685737 0.674824436793
18.8 8.86132456838 1.54563330422
18.9 6.99155057281 3.12169387074
19 4.343309718 4.98484178664
19.1 2.17944066939 6.19961090309
19.2 0.989233717951 6.5254627746
19.3 0.447383321307 6.3207813737
19.4 0.211454601271 5.90134109884
19.5 0.106231477594 5.4215631749
19.6 0.0569073844773 4.94434653333
19.7 0.032435976601 4.49325018175
19.8 0.0195903368839 4.07598396737
19.9 0.0124796106399 3.69389848205
20 0.00834621523834 3.34580037118
