"Time" "Prey" "Predator"
0 8.09169807634 8.49079791344
0.1 2.06435142591 12.1666579946
0.2 0.425126117812 12.2128302685
0.3 0.094499070428 11.2938376281
0.4 0.0239950736277 10.271204486
0.5 0.0069602100917 9.30643766531
0.6 0.00228369857307 8.42431354037
0.7 0.000838241555172 7.62372388162
0.8 0.000340585267808 6.89860877549
0.9 0.000151634529917 6.24226413493
1 7.34202004322e-05 5.64829489564
1.1 3.84286438678e-05 5.11081923554
1.2 2.14792344251e-05 4.62447758884
1.3 1.26827366655e-05 4.18440569595
1.4 7.96548503007e-06 3.78620862174
1.5 5.30119622086e-06 3.42590504271
1.6 3.66149464413e-06 3.09988801752
1.7 2.65674037201e-06 2.80489483311
1.8 2.01647119527e-06 2.53797453927
1.9 1.59065278856e-06 2.29645643879
2 1.24583454331e-06 2.07792026902
2.1 1.01421334362e-06 1.88018025965
2.2 8.56264306477e-07 1.70125771555
2.3 7.39283601821e-07 1.53936194491
2.4 6.46894843244e-07 1.39287250283
2.5 5.79643538968e-07 1.26032334963
2.6 5.28745483642e-07 1.14038792705
2.7 4.8914474384e-07 1.03186587498
2.8 4.58644563111e-07 0.933670982541
2.9 4.35487006018e-07 0.844820557349
3 4.18250408616e-07 0.764425396158
3.1 4.05751221938e-07 0.691680809602
3.2 3.9728110453e-07 0.625858755116
3.3 3.92255190714e-07 0.566300516756
3.4 3.90233042045e-07 0.512410092202
3.5 3.90884111817e-07 0.463647968389
3.6 3.93957083198e-07 0.419525709226
3.7 3.99283772024e-07 0.379602266824
3.8 4.06740642716e-07 0.343478250652
3.9 4.16240066151e-07 0.310791955352
4 4.27730157246e-07 0.281216254924
4.1 4.41190098546e-07 0.254455017992
4.2 4.56621683724e-07 0.230240384839
4.3 4.74047451942e-07 0.208330090644
4.4 4.9350853866e-07 0.188504879899
4.5 5.15062626656e-07 0.170566286587
4.6 5.38783022788e-07 0.154334751689
4.7 5.64757784687e-07 0.139647848406
4.8 5.93088686474e-07 0.126358523227
4.9 6.23891774774e-07 0.114333815366
5 6.57297360369e-07 0.103453526142
5.1 6.93448157026e-07 0.0936086077861
5.2 7.32501786078e-07 0.084700588509
5.3 7.74629907075e-07 0.0766402639469
5.4 8.20019096606e-07 0.0693469523654
5.5 8.68871612181e-07 0.0627477259353
5.6 9.21405653142e-07 0.0567764624179
5.7 9.77856667707e-07 0.0513734688927
5.8 1.03847793475e-06 0.0464846464984
5.9 1.10354167667e-06 0.0420610460986
6 1.17334024278e-06 0.0380584188441
6.1 1.24818728513e-06 0.034436666723
6.2 1.328419117e-06 0.0311595836814
6.3 1.41439614743e-06 0.0281943571016
6.4 1.50650442541e-06 0.0255113030577
6.5 1.60515732595e-06 0.0230835910701
6.6 1.71079740215e-06 0.020886895457
6.7 1.82389823115e-06 0.0188992480946
6.8 1.94496661884e-06 0.0171007462793
6.9 2.07454475946e-06 0.0154733892611
7 2.21321261527e-06 0.0140009069893
7.1 2.36159060012e-06 0.0126685439157
7.2 2.5203421379e-06 0.0114629759836
7.3 2.69017680499e-06 0.0103721315668
7.4 2.87185335528e-06 0.00938509138979
7.5 3.06618306312e-06 0.00849198535894
7.6 3.27403351985e-06 0.00768386490079
7.7 3.49633219127e-06 0.00695265046509
7.8 3.73407083089e-06 0.00629102044546
7.9 3.98830971045e-06 0.00569235116923
8 4.26018228918e-06 0.00515065509506
8.1 4.55090057206e-06 0.00466050566008
8.2 4.86176002095e-06 0.00421700087212
8.3 5.19414617816e-06 0.00381569144719
8.4 5.54953988187e-06 0.00345256140927
8.5 5.92952309152e-06 0.00312399801933
8.6 6.33578864136e-06 0.00282672330931
8.7 6.77014739603e-06 0.00255775025614
8.8 7.23453095096e-06 0.00231437561034
8.9 7.73100365575e-06 0.00209414824077
9 8.26178108319e-06 0.00189489060296
9.1 8.82922399677e-06 0.00171459806214
9.2 9.43585148994e-06 0.00155143337397
9.3 1.00843689683e-05 0.00140379025891
9.4 1.07776637255e-05 0.00127020405442
9.5 1.15188135867e-05 0.00114932384102
9.6 1.23111172975e-05 0.00103994345261
9.7 1.31581065065e-05 0.000940984105
9.8 1.40635432236e-05 0.000851443838568
9.9 1.50314628188e-05 0.000770402191719
10 1.60661423604e-05 0.000697099329431
10.1 1.71722190435e-05 0.000630767415772
10.2 1.83545937437e-05 0.000570738557608
10.3 1.96185687225e-05 0.000516428334674
10.4 2.09697737084e-05 0.00046729129533
10.5 2.24141726286e-05 0.000422825009311
10.6 2.3958131113e-05 0.000382575788149
10.7 2.56086807562e-05 0.000346138607353
10.8 2.73731507939e-05 0.000313157214873
10.9 2.9259250763e-05 0.000283324106754
11 3.12752654983e-05 0.000256358413274
11.1 3.34304576919e-05 0.000231953281894
11.2 3.57343695636e-05 0.000209867153307
11.3 3.81970417529e-05 0.000189895150795
11.4 4.08293628972e-05 0.000171842753258
11.5 4.36434115711e-05 0.000155501449778
11.6 4.66516067987e-05 0.000140709221508
11.7 4.98670336364e-05 0.000127327360854
11.8 5.33014358487e-05 0.000115172994296
11.9 5.69778250316e-05 0.00010424937902
12 6.09059970424e-05 9.43332338113e-05
12.1 6.51042498931e-05 8.53593881258e-05
12.2 6.95937348354e-05 7.72477234123e-05
12.3 7.43960305237e-05 6.99158819735e-05
12.4 7.95311967862e-05 6.32894631823e-05
12.5 8.50192934508e-05 5.72940664116e-05
12.6 9.08812676449e-05 5.1857823977e-05
12.7 9.71508078916e-05 4.69452406073e-05
12.8 0.000103857635503 4.25094959751e-05
12.9 0.000111028322629 3.84947799465e-05
13 0.000118689441418 3.48452823878e-05
13.1 0.000126871696505 3.15149838744e-05
13.2 0.00013562492919 2.85032036679e-05
13.3 0.00014498781614 2.57828097203e-05
13.4 0.00015499693418 2.33216950308e-05
13.5 0.000165688860137 2.10877525988e-05
13.6 0.000177111848311 1.90589070019e-05
13.7 0.000189333716171 1.72298886265e-05
13.8 0.000202405322491 1.55808594309e-05
13.9 0.000216376912094 1.40914539589e-05
14 0.000231298769574 1.27413202512e-05
14.1 0.00024725225699 1.15206542102e-05
14.2 0.000264327246693 1.04225401753e-05
14.3 0.000282592662736 9.43295252213e-06
14.4 0.000302117429175 8.53786562616e-06
14.5 0.000322970470065 7.72325386296e-06
14.6 0.000345233916715 6.97786453855e-06
14.7 0.000369057052676 6.30454391571e-06
14.8 0.000394548433099 5.69758712115e-06
14.9 0.000421808037517 5.14948878692e-06
15 0.000450935845464 4.65274354511e-06
15.1 0.000482031926728 4.19985276247e-06
15.2 0.000515270115484 3.78882203325e-06
15.3 0.000550844687495 3.41918228309e-06
15.4 0.000588900029728 3.08674178403e-06
15.5 0.000629580529152 2.78730880806e-06
15.6 0.000673030572735 2.51669162721e-06
15.7 0.000719715555036 2.27816577848e-06
15.8 0.000769183152664 2.05365888274e-06
15.9 0.00082222004905 1.85392028516e-06
16 0.000878994332421 1.67530959544e-06
16.1 0.000939685721204 1.51445696444e-06
16.2 0.00100448568142 1.36826436094e-06
16.3 0.00107370142883 1.23503658245e-06
16.4 0.001147697778 1.11384887068e-06
16.5 0.00122679733582 1.00346152838e-06
16.6 0.00131134645021 9.03037103004e-07
16.7 0.00140171521008 8.12140386623e-07
16.8 0.00149829744533 7.30738415987e-07
16.9 0.00160152239544 6.58581974067e-07
17 0.00171188872546 5.93402559898e-07
17.1 0.00182989586098 5.34552004285e-07
17.2 0.00195606719235 4.81772522872e-07
17.3 0.00209095390324 4.34993781384e-07
17.4 0.0022351349706 3.94332895622e-07
17.5 0.00238922000332 3.60042998754e-07
17.6 0.00255395548562 3.30588205428e-07
17.7 0.00273011620345 3.04610868636e-07
17.8 0.00291847527114 2.81474669443e-07
17.9 0.00311984381641 2.60545560106e-07
18 0.0033350709804 2.41191764072e-07
18.1 0.00356504391763 2.22783775982e-07
18.2 0.00381078677053 2.04988770532e-07
18.3 0.00407356115349 1.88069502079e-07
18.4 0.00435453792932 1.71907972378e-07
18.5 0.00465494022609 1.56430848047e-07
18.6 0.00497605033031 1.41629964707e-07
18.7 0.0053192096869 1.27562326981e-07
18.8 0.00568584189746 1.14340315877e-07
18.9 0.00607773471117 1.02011617672e-07
19 0.00649670170206 9.0703281007e-08
19.1 0.00694459564638 8.06160208274e-08
19.2 0.00742336856125 7.1998654055e-08
19.3 0.00793508975973 6.50887347773e-08
19.4 0.00848216056615 5.94065729898e-08
19.5 0.00906705459278 5.46092016453e-08
19.6 0.00969233019453 5.04494256269e-08
19.7 0.0103606754944 4.66277786516e-08
19.8 0.0110749408015 4.28331058545e-08
19.9 0.0118385126344 3.92107856581e-08
20 0.012654857612 3.57917489862e-08
