"Time" "Prey" "Predator"
0 14.3168540324 5.42051744919
0.1 4.52880659768 12.3083798584
0.2 0.803394440245 13.8649587906
0.3 0.141705977677 13.0288025627
0.4 0.0287917077253 11.8717383524
0.5 0.00681443150862 10.7581928557
0.6 0.00185967244401 9.73808928774
0.7 0.000577787801816 8.81234416487
0.8 0.000201925603011 7.97402117217
0.9 7.84166911863e-05 7.21528621143
1 3.35974144147e-05 6.52869650894
1.1 1.57332737753e-05 5.90742641704
1.2 7.93454438551e-06 5.34527026494
1.3 4.30351827069e-06 4.83660779827
1.4 2.49014862183e-06 4.37634967269
1.5 1.51285538725e-06 3.95988361735
1.6 9.7036377675e-07 3.58304734712
1.7 6.7002845763e-07 3.24207506512
1.8 4.7546344395e-07 2.93355054981
1.9 3.49077047627e-07 2.65438563004
2 2.70481430008e-07 2.40178589486
2.1 2.17529578704e-07 2.17322601249
2.2 1.84156980034e-07 1.9664206511
2.3 1.4778728565e-07 1.77929018079
2.4 1.24298992812e-07 1.60996791889
2.5 1.10285205144e-07 1.4567597451
2.6 9.75618180433e-08 1.31813083607
2.7 8.79493581864e-08 1.19269411515
2.8 8.08998311788e-08 1.07919434025
2.9 7.54981292905e-08 0.976495503275
3 7.12454225517e-08 0.883569734934
3.1 6.80314536223e-08 0.799487253274
3.2 6.56905763795e-08 0.723406150421
3.3 6.4082301945e-08 0.654565199709
3.4 6.3041735891e-08 0.592275161211
3.5 6.2507489634e-08 0.535912894021
3.6 6.24253305664e-08 0.484914159827
3.7 6.27476987016e-08 0.438768568155
3.8 6.34417429602e-08 0.397014357735
3.9 6.44839552828e-08 0.35923349552
4 6.58583177103e-08 0.325048022376
4.1 6.75541945226e-08 0.294115660368
4.2 6.95662310067e-08 0.26612692771
4.3 7.18927105639e-08 0.240801423111
4.4 7.4535814576e-08 0.217885817108
4.5 7.75016292518e-08 0.197151208153
4.6 8.07976295547e-08 0.178389741315
4.7 8.44348078139e-08 0.161413762738
4.8 8.84259552757e-08 0.146053224047
4.9 9.27864406877e-08 0.13215441932
5 9.75337812158e-08 0.119578221416
5.1 1.02687768741e-07 0.108198856105
5.2 1.08270318592e-07 0.0979023835711
5.3 1.14305602638e-07 0.0885857429234
5.4 1.20820045719e-07 0.0801556776661
5.5 1.27842428529e-07 0.0725278412949
5.6 1.35403944843e-07 0.0656258414549
5.7 1.43538360524e-07 0.059380686505
5.8 1.52282083839e-07 0.053729870708
5.9 1.61674312938e-07 0.0486167916938
6 1.71757219509e-07 0.0439903051958
6.1 1.82576095674e-07 0.0398040606371
6.2 1.94179558819e-07 0.0360161958334
6.3 2.06619751151e-07 0.032588796179
6.4 2.19952561821e-07 0.0294875449796
6.5 2.34237869241e-07 0.0266814413359
6.6 2.49539802983e-07 0.0241423663637
6.7 2.65927014577e-07 0.0218449183595
6.8 2.83472991752e-07 0.019766097427
6.9 3.02256376466e-07 0.0178850928116
7 3.22361302309e-07 0.0161831019575
7.1 3.43877790438e-07 0.0146430731029
7.2 3.66902112554e-07 0.0132495999308
7.3 3.91537261819e-07 0.0119887242609
7.4 4.17893374764e-07 0.0108478237813
7.5 4.46088184487e-07 0.00981551756367
7.6 4.76247705133e-07 0.00888146997572
7.7 5.08506566948e-07 0.00803631670011
7.8 5.4300863743e-07 0.00727157539346
7.9 5.79908037815e-07 0.00657962921508
8 6.19369240332e-07 0.00595352252954
8.1 6.61568132975e-07 0.00538696695516
8.2 7.06693054908e-07 0.00487434123923
8.3 7.54944908692e-07 0.00441048783643
8.4 8.06538783973e-07 0.00399077349344
8.5 8.61704667376e-07 0.00361101510691
8.6 9.20687984572e-07 0.00326738091438
8.7 9.83751677346e-07 0.00295645185176
8.8 1.05117655581e-06 0.00267511811229
8.9 1.12326258748e-06 0.00242054733817
9 1.20033145271e-06 0.0021902288017
9.1 1.2827260055e-06 0.00198184552914
9.2 1.37081183683e-06 0.00179325978892
9.3 1.4649814638e-06 0.00162259796804
9.4 1.56565484259e-06 0.00146818851761
9.5 1.67327916311e-06 0.00132847141478
9.6 1.78833220082e-06 0.0012020270069
9.7 1.91132770808e-06 0.00108762563143
9.8 2.04281270902e-06 0.000984123194856
9.9 2.18337046073e-06 0.000890464089781
10 2.33362702263e-06 0.00080571755991
10.1 2.49425213431e-06 0.000729048672046
10.2 2.66595899965e-06 0.000659677048472
10.3 2.84950957867e-06 0.00059689114365
10.4 3.04572323962e-06 0.000540083227215
10.5 3.25547237531e-06 0.000488685444069
10.6 3.47969988276e-06 0.000442151625845
10.7 3.71936814647e-06 0.000400085056424
10.8 3.9755771495e-06 0.000362013831006
10.9 4.249457669e-06 0.000327564465535
11 4.54222606242e-06 0.000296390312244
11.1 4.85520054475e-06 0.000268191455596
11.2 5.18977316219e-06 0.000242680455281
11.3 5.54741827403e-06 0.000219592713682
11.4 5.92969912625e-06 0.000198688366565
11.5 6.33836386909e-06 0.000179757772179
11.6 6.77524996717e-06 0.000162616046606
11.7 7.24227315269e-06 0.000147102432236
11.8 7.74145015667e-06 0.000133081597266
11.9 8.27501473303e-06 0.000120412650901
12 8.84543316859e-06 0.000108945001337
12.1 9.4552177583e-06 9.85681681048e-05
12.2 1.01070146912e-05 8.91883116843e-05
12.3 1.08036628284e-05 8.07201758761e-05
12.4 1.15484120428e-05 7.30572833888e-05
12.5 1.23445779928e-05 6.61190608532e-05
12.6 1.31956348734e-05 5.98381777981e-05
12.7 1.41024262526e-05 5.40675706516e-05
12.8 1.50766799122e-05 4.89838029356e-05
12.9 1.61169106393e-05 4.43452944894e-05
13 1.72283002295e-05 4.01289993556e-05
13.1 1.84160304783e-05 3.63118715773e-05
13.2 1.96860306958e-05 3.28632280866e-05
13.3 2.1044938984e-05 2.97451443196e-05
13.4 2.2498551691e-05 2.69282956403e-05
13.5 2.40526568084e-05 2.43834427825e-05
13.6 2.57130423282e-05 2.20813464803e-05
13.7 2.74860094704e-05 1.99943690045e-05
13.8 2.93828399112e-05 1.81104142214e-05
13.9 3.1412583305e-05 1.64104209362e-05
14 3.3583261443e-05 1.48721204906e-05
14.1 3.59028961164e-05 1.34732442259e-05
14.2 3.83795091165e-05 1.21915234837e-05
14.3 4.10255428769e-05 1.10183526039e-05
14.4 4.38576331667e-05 9.95808637998e-06
14.5 4.68874367269e-05 8.99969079029e-06
14.6 5.01265608119e-05 8.13197886334e-06
14.7 5.35866126759e-05 7.34376362761e-06
14.8 5.76508569227e-05 6.48085942593e-06
14.9 6.14246264654e-05 5.90092519373e-06
15 6.55441618129e-05 5.35960880065e-06
15.1 7.0009462965e-05 4.85691024669e-06
15.2 7.48205299218e-05 4.39282953184e-06
15.3 7.99773626834e-05 3.96736665612e-06
15.4 8.55178688158e-05 3.57826909595e-06
15.5 9.14974441814e-05 3.22224514741e-06
15.6 9.79165658954e-05 2.89926645961e-06
15.7 0.000104775233958 2.60933303255e-06
15.8 0.000112073448368 2.35244486623e-06
15.9 0.000119813506724 2.12842824495e-06
16 0.000128125173112 1.92747202199e-06
16.1 0.000137083416601 1.74390796853e-06
16.2 0.000146688237192 1.57773608456e-06
16.3 0.000156939634885 1.42895637009e-06
16.4 0.000167837609679 1.29756882512e-06
16.5 0.000178042386069 1.22393225454e-06
16.6 0.000191140352192 1.10001188797e-06
16.7 0.00020495961202 9.91232960961e-07
16.8 0.000219553578952 8.9598647193e-07
16.9 0.000234975666386 8.12663419282e-07
17 0.00025127928772 7.39654801424e-07
17.1 0.000268551773525 6.75463098896e-07
17.2 0.000286984239427 6.18931922641e-07
17.3 0.000306684071721 5.68629674224e-07
17.4 0.000327749633567 5.23095097129e-07
17.5 0.000350279288125 4.80866934835e-07
17.6 0.000374371398556 4.40483930825e-07
17.7 0.000400124328019 4.00484828581e-07
17.8 0.000427674182229 3.61316914424e-07
17.9 0.000457187762011 3.24979646495e-07
18 0.000488788676045 2.91288368635e-07
18.1 0.000522600185258 2.60040839581e-07
18.2 0.000558745550575 2.31034818066e-07
18.3 0.000597348032922 2.04068062828e-07
18.4 0.000638534107889 1.78948636945e-07
18.5 0.000682587213377 1.55987733547e-07
18.6 0.000729767562574 1.35422100804e-07
18.7 0.000780264593803 1.17261623763e-07
18.8 0.000834267745385 1.01516187473e-07
18.9 0.000891966455643 8.81956769811e-08
19 0.0009535501629 7.73099773358e-08
19.1 0.00101923696303 6.87898905447e-08
19.2 0.00108948808615 6.18952683202e-08
19.3 0.00116465253045 5.61956762094e-08
19.4 0.00124503446118 5.13844001956e-08
19.5 0.00133093804361 4.71547262619e-08
19.6 0.00142267819519 4.32165644262e-08
19.7 0.00152080156298 3.9638103383e-08
19.8 0.00162579855097 3.64005740271e-08
19.9 0.00173808756563 3.33738914239e-08
20 0.00185808701344 3.04279706389e-08
