"Time" "Prey" "Predator"
0 22.4217223525 4.09752116812
0.1 6.29699008054 15.9171283267
0.2 0.613508587382 18.5086977453
0.3 0.0603409549139 17.1459309359
0.4 0.00729795584636 15.5526451803
0.5 0.00108391153455 14.0771308821
0.6 0.000194151374877 12.7381645756
0.7 4.12510570932e-05 11.5260804122
0.8 1.02113135752e-05 10.4292530932
0.9 2.8824715369e-06 9.43678597188
1 9.33089199887e-07 8.53876349721
1.1 3.02521867073e-07 7.72619946422
1.2 1.17059886519e-07 6.99096069663
1.3 4.36576730632e-08 6.32567900127
1.4 1.58301011619e-08 5.72370552642
1.5 2.01321691996e-08 5.17902215894
1.6 1.16927913564e-08 4.6861720999
1.7 5.28159569536e-09 4.24022271213
1.8 8.40888514691e-09 3.83670944722
1.9 9.41463031826e-09 3.47160097818
2 8.19488603165e-09 3.14123946364
2.1 3.46266108441e-09 2.84230864637
2.2 3.6453743527e-09 2.57182783623
2.3 3.49628366724e-09 2.32708643524
2.4 2.65022126627e-09 2.10563492446
2.5 2.00872158427e-09 1.90525730421
2.6 1.9093838768e-09 1.72394827548
2.7 1.59845545062e-09 1.55989298161
2.8 1.35112115542e-09 1.4114497154
2.9 1.14889442007e-09 1.27713294944
3 1.08061588167e-09 1.15559791604
3.1 1.01516774003e-09 1.04562840065
3.2 9.38488206364e-10 0.946123981957
3.3 8.89011026869e-10 0.856088487667
3.4 8.5440899956e-10 0.77462109243
3.5 8.28246020784e-10 0.700906306354
3.6 8.10069448591e-10 0.634206344819
3.7 7.98655175014e-10 0.573853806092
3.8 7.93821993184e-10 0.519244444823
3.9 7.9461876522e-10 0.469831898189
4 8.00203814573e-10 0.425121246602
4.1 8.10356855821e-10 0.384665208206
4.2 8.24899670564e-10 0.348059426434
4.3 8.43579443374e-10 0.314937142474
4.4 8.66412040679e-10 0.284966959346
4.5 8.93252636842e-10 0.257848773756
4.6 9.24100243088e-10 0.233311192846
4.7 9.58993124008e-10 0.211108662215
4.8 9.98010107304e-10 0.191019026014
4.9 1.04126557037e-09 0.172841169286
5 1.08890558353e-09 0.156393143228
5.1 1.14110410596e-09 0.141510350249
5.2 1.19806459699e-09 0.128043784876
5.3 1.26001921918e-09 0.115858693525
5.4 1.3272285771e-09 0.104833283258
5.5 1.39997952339e-09 0.0948570561071
5.6 1.47858913197e-09 0.0858302207439
5.7 1.56340266234e-09 0.0776623949131
5.8 1.65479518962e-09 0.0702718081217
5.9 1.75317365657e-09 0.0635845657651
6 1.85897733596e-09 0.0575336630478
6.1 1.97268025417e-09 0.0520586042289
6.2 2.09479249321e-09 0.0471045786739
6.3 2.22586236708e-09 0.0426219781053
6.4 2.36647883323e-09 0.0385659675657
6.5 2.51727375329e-09 0.0348959130348
6.6 2.67892469356e-09 0.0315751214315
6.7 2.85215783441e-09 0.028570348323
6.8 3.03775107308e-09 0.025851509349
6.9 3.23653739378e-09 0.0233914187495
7 3.44940860681e-09 0.0211654263544
7.1 3.67731907721e-09 0.0191512692531
7.2 3.92129013783e-09 0.0173287821357
7.3 4.18241447915e-09 0.015679721173
7.4 4.46186090218e-09 0.014187600741
7.5 4.76087976564e-09 0.0128374686522
7.6 5.08080812926e-09 0.0116158220766
7.7 5.42307605322e-09 0.0105104301533
7.8 5.78921275898e-09 0.00951022632108
7.9 6.18085329494e-09 0.00860520969378
8 6.59974624115e-09 0.00778631228416
8.1 7.0477608679e-09 0.00704534596615
8.2 7.52689598466e-09 0.00637489271795
8.3 8.03928855813e-09 0.00576823957993
8.4 8.58722301433e-09 0.00521931964168
8.5 9.17314213458e-09 0.00472263405382
8.6 9.79965688015e-09 0.00427321501595
8.7 1.04695597147e-08 0.00386655507194
8.8 1.11858353579e-08 0.0034985831078
8.9 1.19516723882e-08 0.0031656368816
9 1.27704820871e-08 0.0028643972644
9.1 1.3645914706e-08 0.00259183681547
9.2 1.45818637483e-08 0.00234521728436
9.3 1.55824892411e-08 0.00212205341868
9.4 1.6652256527e-08 0.00192013809845
9.5 1.7795924513e-08 0.00173744202745
9.6 1.9018570373e-08 0.00157210361343
9.7 2.03256455937e-08 0.00142249175007
9.8 2.17229707045e-08 0.00128712443198
9.9 2.32167497042e-08 0.00116463360653
10 2.48136290061e-08 0.00105379450135
10.1 2.65207281059e-08 0.000953515444399
10.2 2.83456300821e-08 0.000862781913853
10.3 3.02964691757e-08 0.000780659311515
10.4 3.23818591388e-08 0.000706379726358
10.5 3.46111535359e-08 0.000639163846635
10.6 3.69942271834e-08 0.000578335172163
10.7 3.9541763592e-08 0.000523300710722
10.8 4.2265114313e-08 0.000473508725011
10.9 4.51763038568e-08 0.000428450210369
11 4.82881540727e-08 0.000387665380267
11.1 5.16148315328e-08 0.000350743505464
11.2 5.51711210617e-08 0.000317323127471
11.3 5.89725684346e-08 0.000287092016623
11.4 6.30358530855e-08 0.000259766695103
11.5 6.73796423735e-08 0.00023503661154
11.6 7.20231827519e-08 0.000212656206647
11.7 7.69867190138e-08 0.000192417515915
11.8 8.22921719124e-08 0.000174124330536
11.9 8.79638927101e-08 0.000157565309598
12 9.4026922779e-08 0.000142575997915
12.1 1.0050764299e-07 0.000129015685529
12.2 1.07429643156e-07 0.000116699177175
12.3 1.14839456348e-07 0.000105630461017
12.4 1.22756719279e-07 9.55824803983e-05
12.5 1.31218327326e-07 8.64891408722e-05
12.6 1.40266846249e-07 7.82694715665e-05
12.7 1.4994580165e-07 7.0839983451e-05
12.8 1.60295636021e-07 6.41252761094e-05
12.9 1.71356791858e-07 5.80499491256e-05
13 1.83171568201e-07 5.25412731675e-05
13.1 1.95807869785e-07 4.75633587998e-05
13.2 2.09325408277e-07 4.30685289048e-05
13.3 2.23777712263e-07 3.90002105292e-05
13.4 2.39218310329e-07 3.530183072e-05
13.5 2.55709636573e-07 3.19274376952e-05
13.6 2.73351994378e-07 2.88762445266e-05
13.7 2.92222828307e-07 2.61202016848e-05
13.8 3.12395754383e-07 2.36266935262e-05
13.9 3.3394438863e-07 2.13631044071e-05
14 3.57977230167e-07 1.91009289116e-05
14.1 3.82017942762e-07 1.73698053206e-05
14.2 4.0806507967e-07 1.57605285356e-05
14.3 4.36118640891e-07 1.42730985565e-05
14.4 4.6618057754e-07 1.29074540785e-05
14.5 4.98553839928e-07 1.16540762628e-05
14.6 5.33456851727e-07 1.05061021368e-05
14.7 5.70889612936e-07 9.46353170069e-06
14.8 6.10852123555e-07 8.5263649543e-06
14.9 6.53344383584e-07 7.69460189768e-06
15 6.98433823796e-07 6.96555415349e-06
15.1 7.46982575039e-07 6.30484968424e-06
15.2 7.99253150226e-07 5.70202244089e-06
15.3 8.55245549357e-07 5.15707242347e-06
15.4 9.14959772432e-07 4.66999963195e-06
15.5 9.78395819451e-07 4.24080406635e-06
15.6 1.04585770108e-06 3.86429268021e-06
15.7 1.11865860661e-06 3.51803384997e-06
15.8 1.19694983703e-06 3.19944308348e-06
15.9 1.28073139236e-06 2.90852038074e-06
16 1.37000327259e-06 2.64526574175e-06
16.1 1.46476547773e-06 2.40967916651e-06
16.2 1.56592528628e-06 2.19742358581e-06
16.3 1.6751348356e-06 2.00060127715e-06
16.4 1.7924288636e-06 1.81904618257e-06
16.5 1.91780737029e-06 1.65275830208e-06
16.6 2.05127035568e-06 1.50173763568e-06
16.7 2.19283205496e-06 1.36596253297e-06
16.8 2.34470305828e-06 1.24207089715e-06
16.9 2.50847720982e-06 1.12763864324e-06
17 2.68415450958e-06 1.02266577125e-06
17.1 2.87173495756e-06 9.27152281165e-07
17.2 3.07121855376e-06 8.41098172992e-07
17.3 3.2829233358e-06 7.64287913185e-07
17.4 3.5109157296e-06 6.93965692016e-07
17.5 3.75643396858e-06 6.29292360843e-07
17.6 4.01947805277e-06 5.70267919663e-07
17.7 4.30004798215e-06 5.16892368478e-07
17.8 4.59814375673e-06 4.69165707288e-07
17.9 4.91518846861e-06 4.26664356449e-07
18 5.25732946478e-06 3.87558574219e-07
18.1 5.62527505417e-06 3.51637534295e-07
18.2 6.01902523679e-06 3.18901236678e-07
18.3 6.43858001264e-06 2.89349681367e-07
18.4 6.88393938171e-06 2.62982868363e-07
18.5 7.35936625673e-06 2.39312184787e-07
18.6 7.87262387561e-06 2.17447812279e-07
18.7 8.42387550628e-06 1.9737103715e-07
18.8 9.01312114875e-06 1.79081859401e-07
18.9 9.64036080302e-06 1.62580279031e-07
19 1.03056613284e-05 1.47863466139e-07
19.1 1.1019411858e-05 1.34491687852e-07
19.2 1.17891037813e-05 1.22147861866e-07
19.3 1.26147370985e-05 1.10831988182e-07
19.4 1.34963118096e-05 1.00544066799e-07
19.5 1.44338279144e-05 9.12840977169e-08
19.6 1.5429276848e-05 8.30288062261e-08
19.7 1.65081262799e-05 7.54805413243e-08
19.8 1.7678132157e-05 6.8548656106e-08
19.9 1.89392944793e-05 6.22331505713e-08
20 2.0291613247e-05 5.653402472e-08
