"Time" "Prey" "Predator"
0 11.0230137701 7.21903701024
0.1 2.97752273763 12.5479115145
0.2 0.555828247051 13.1279885803
0.3 0.109174718865 12.2059200018
0.4 0.0246698767861 11.1065588391
0.5 0.00643568572002 10.0631236876
0.6 0.00191828333055 9.10885460919
0.7 0.000645557256551 8.24298659298
0.8 0.000242465778333 7.4588671112
0.9 0.000100602701554 6.74917003688
1 4.56380099474e-05 6.10694373522
1.1 2.24909566631e-05 5.52581027927
1.2 1.19561305626e-05 4.99997156185
1.3 6.7732648763e-06 4.52416846418
1.4 4.02946917221e-06 4.09363680187
1.5 2.5565685694e-06 3.70407308791
1.6 1.74916379783e-06 3.35158400585
1.7 1.22098247448e-06 3.03263838925
1.8 8.86240302048e-07 2.74404416459
1.9 6.8948777373e-07 2.48291207727
2 5.55870725841e-07 2.24663326655
2.1 4.69431627958e-07 2.03284216524
2.2 3.62193104552e-07 1.8393901762
2.3 3.07216582925e-07 1.66434919622
2.4 2.70992550102e-07 1.5059658807
2.5 2.37808068188e-07 1.36265437712
2.6 2.12581730871e-07 1.23298071289
2.7 1.95073319383e-07 1.1156472062
2.8 1.81095593413e-07 1.00947941554
2.9 1.70108558372e-07 0.913414836687
3 1.61678697691e-07 0.826492294606
3.1 1.5561937707e-07 0.747841291728
3.2 1.51374332305e-07 0.676675017628
3.3 1.48487399231e-07 0.612280995691
3.4 1.46852350311e-07 0.554014881961
3.5 1.46325552277e-07 0.501293572764
3.6 1.46775602099e-07 0.453589250752
3.7 1.48120333914e-07 0.410424674941
3.8 1.50297722517e-07 0.371367668426
3.9 1.53264831182e-07 0.336027447977
4 1.56992685726e-07 0.304050288761
4.1 1.61464833552e-07 0.275116108572
4.2 1.66673917827e-07 0.248935085212
4.3 1.72623645081e-07 0.225245550919
4.4 1.7932469622e-07 0.203810559312
4.5 1.86793261485e-07 0.184415407509
4.6 1.95052723011e-07 0.166866003755
4.7 2.04131403261e-07 0.150986615525
4.8 2.14063524749e-07 0.136618320244
4.9 2.24888501903e-07 0.123617339713
5 2.36650990626e-07 0.111853606663
5.1 2.4940067911e-07 0.101209339549
5.2 2.63192494039e-07 0.0915779939084
5.3 2.7808661793e-07 0.0828631820405
5.4 2.94148671225e-07 0.0749776771074
5.5 3.1144988912e-07 0.0678425358554
5.6 3.30067460125e-07 0.0613864602457
5.7 3.50084600997e-07 0.0555447646095
5.8 3.71591022288e-07 0.050258983504
5.9 3.9468325144e-07 0.0454762169427
6 4.19464999312e-07 0.0411485633063
6.1 4.46047628602e-07 0.0372327612201
6.2 4.74550592494e-07 0.0336895829195
6.3 5.05101956778e-07 0.0304835858567
6.4 5.37838950375e-07 0.0275826973243
6.5 5.72908554026e-07 0.0249578547348
6.6 6.10468131879e-07 0.0225828060551
6.7 6.50686156745e-07 0.0204337609803
6.8 6.93742910668e-07 0.0184892242999
6.9 7.39831299073e-07 0.0167297437591
7 7.89157709187e-07 0.0151376931435
7.1 8.41942882524e-07 0.0136971548738
7.2 8.9842295871e-07 0.0123936980838
7.3 9.58850454212e-07 0.0112142807873
7.4 1.02349541957e-06 0.0101471016612
7.5 1.09264665394e-06 0.00918147237578
7.6 1.16661291267e-06 0.00830774030436
7.7 1.24572440844e-06 0.00751715504105
7.8 1.33033412264e-06 0.00680180312443
7.9 1.42081954916e-06 0.00615452052229
8 1.51758430149e-06 0.00556882139239
8.1 1.6210596205e-06 0.00503886580155
8.2 1.73170679084e-06 0.00455936629779
8.3 1.85001932322e-06 0.00412551113655
8.4 1.97652381031e-06 0.00373294259247
8.5 2.11178343953e-06 0.00337772108303
8.6 2.25640170616e-06 0.00305632016908
8.7 2.41102190836e-06 0.00276549921518
8.8 2.5763316893e-06 0.00250232089776
8.9 2.75306858205e-06 0.0022641958173
9 2.94201864604e-06 0.00204873394082
9.1 3.14402167638e-06 0.00185376149818
9.2 3.3599786252e-06 0.00167735541555
9.3 3.59084992685e-06 0.00151774323961
9.4 3.83766118759e-06 0.00137330619033
9.5 4.1015128593e-06 0.00124262061873
9.6 4.38357843332e-06 0.00112437612013
9.7 4.68511068133e-06 0.001017373877
9.8 5.00745463577e-06 0.000920562274182
9.9 5.35204422056e-06 0.000832972668952
10 5.7204079294e-06 0.000753709445289
10.1 6.11418426941e-06 0.000681976934137
10.2 6.53512992751e-06 0.000617076836408
10.3 6.98511452338e-06 0.00055835455872
10.4 7.46613398297e-06 0.000505211548829
10.5 7.98033473847e-06 0.000457128968839
10.6 8.53000430407e-06 0.0004136277127
10.7 9.11758089292e-06 0.000374264471371
10.8 9.74567777945e-06 0.000338644349332
10.9 1.04170961332e-05 0.000306419064961
11 1.11348174775e-05 0.00027726195291
11.1 1.19020246708e-05 0.000250873643176
11.2 1.27221407816e-05 0.000226997193304
11.3 1.35988137685e-05 0.000205395042757
11.4 1.45359980715e-05 0.000185835798962
11.5 1.55376747251e-05 0.00016815681784
11.6 1.66084737021e-05 0.000152155997669
11.7 1.77531174949e-05 0.000137677296719
11.8 1.89766807736e-05 0.000124574672042
11.9 2.02846763082e-05 0.000112722369409
12 2.16829342204e-05 0.000102000462693
12.1 2.3177626063e-05 9.22977375536e-05
12.2 2.47752760593e-05 8.35130360272e-05
12.3 2.6483082421e-05 7.55569906244e-05
12.4 2.83088548679e-05 6.83516871362e-05
12.5 3.02606317369e-05 6.18285982268e-05
12.6 3.23468799575e-05 5.59296626732e-05
12.7 3.45766368152e-05 5.060364899e-05
12.8 3.69603305609e-05 4.57851058912e-05
12.9 3.95086272817e-05 4.14239413222e-05
13 4.22326607979e-05 3.74795253412e-05
13.1 4.5144139938e-05 3.39179388505e-05
13.2 4.8256200517e-05 3.07010496527e-05
13.3 5.15832398813e-05 2.77886339006e-05
13.4 5.5139901369e-05 2.51513971827e-05
13.5 5.89416046574e-05 2.2764174492e-05
13.6 6.29937146474e-05 2.05727815369e-05
13.7 6.73450265995e-05 1.86381344429e-05
13.8 7.19915167512e-05 1.68727319871e-05
13.9 7.69560846718e-05 1.52683177677e-05
14 8.22616301178e-05 1.38166351911e-05
14.1 8.79353650445e-05 1.25050138715e-05
14.2 9.40062330685e-05 1.13190109647e-05
14.3 0.000100499890312 1.02475485729e-05
14.4 0.000107441992896 9.27954879879e-06
14.5 0.000114858196942 8.40393374461e-06
14.6 0.000122777879114 7.61055708636e-06
14.7 0.000131252170081 6.89471941177e-06
14.8 0.000140319766666 6.24860804033e-06
14.9 0.000150016246592 5.66362931068e-06
15 0.000160377187586 5.13118956147e-06
15.1 0.000171438168364 4.64269540073e-06
15.2 0.000183259627659 4.1962824109e-06
15.3 0.000195912017117 3.79279641705e-06
15.4 0.000209446815152 3.42794767106e-06
15.5 0.000223915500178 3.09744642484e-06
15.6 0.000239369550608 2.79700293027e-06
15.7 0.000255868986173 2.52300356632e-06
15.8 0.000273523829263 2.27579290194e-06
15.9 0.000292415537746 2.05345435022e-06
16 0.00031261839299 1.85350323536e-06
16.1 0.00033420667636 1.67345488158e-06
16.2 0.000357254671117 1.5108246549e-06
16.3 0.000381888098581 1.36426325816e-06
16.4 0.000408253457932 1.23288000159e-06
16.5 0.000436457946956 1.11491673802e-06
16.6 0.000466608763437 1.0086153203e-06
16.7 0.000498813105162 9.12217601274e-07
16.8 0.000533195929664 8.24255201616e-07
16.9 0.000569986514178 7.44961820723e-07
17 0.000609354626547 6.7360020363e-07
17.1 0.000651455021399 6.0918813995e-07
17.2 0.000696442453362 5.50743419297e-07
17.3 0.000744471679637 4.97283849709e-07
17.4 0.000795804467449 4.48593338839e-07
17.5 0.000850746388147 4.04769394132e-07
17.6 0.00090952085027 3.65321308089e-07
17.7 0.00097235126236 3.29758373211e-07
17.8 0.00103946103296 2.97589882e-07
17.9 0.00111111039442 2.68393508578e-07
18 0.00118777707932 2.42150823785e-07
18.1 0.00126981504502 2.18613548507e-07
18.2 0.00135754680833 1.97475018807e-07
18.3 0.00145129488611 1.78428570745e-07
18.4 0.0015513817983 1.61167542899e-07
18.5 0.00165835250089 1.45565417681e-07
18.6 0.001772844214 1.31570399281e-07
18.7 0.00189532252983 1.18991695909e-07
18.8 0.00202625304056 1.07638515778e-07
18.9 0.00216610133839 9.73200670977e-08
19 0.00231539489611 8.78767600222e-08
19.1 0.0024750469314 7.93435081493e-08
19.2 0.00264579017185 7.16642168812e-08
19.3 0.00282830597053 6.47568871384e-08
19.4 0.00302329710825 5.85406744596e-08
19.5 0.00323181922087 5.29537477015e-08
19.6 0.00345484441157 4.79297746287e-08
19.7 0.00369325550987 4.33976125625e-08
19.8 0.00394793963357 3.92865174098e-08
19.9 0.00422020804957 3.55651683949e-08
20 0.00451142933814 3.22075718395e-08
