"Time" "Prey" "Predator"
0 0.791960404647 7.06574722935
0.1 0.336104273912 6.74131799243
0.2 0.151057585959 6.24178508146
0.3 0.0727964121154 5.70831702148
0.4 0.0376352952988 5.19254350531
0.5 0.0207957319747 4.71169369937
0.6 0.0122198410847 4.27016536037
0.7 0.00759604791344 3.8675482882
0.8 0.00496991999347 3.50166066847
0.9 0.00340644309641 3.1697405047
1 0.00243529643897 2.868927179
1.1 0.0018088478138 2.59645788577
1.2 0.00139085407877 2.34974493293
1.3 0.00110344535156 2.12640047465
1.4 0.000900680936985 1.9242383626
1.5 0.000754280040007 1.74126625337
1.6 0.000646477705677 1.57567282001
1.7 0.000565842470264 1.42581389906
1.8 0.000504766405205 1.29019867053
1.9 0.00045809298455 1.1674761396
2 0.000422274188231 1.05642258313
2.1 0.000394870437774 0.955930051249
2.2 0.000373909730307 0.864994657118
2.3 0.000358194442357 0.782708528611
2.4 0.000346702549329 0.708249047081
2.5 0.000338772471513 0.640872417619
2.6 0.000333854850202 0.579905013942
2.7 0.00033156156888 0.524737341308
2.8 0.000331595212897 0.474817916538
2.9 0.000333733097805 0.429647382227
3 0.000337816046502 0.388774260678
3.1 0.00034372431914 0.351789504472
3.2 0.000351380435914 0.318323432404
3.3 0.000360733996285 0.288041075067
3.4 0.000371756650958 0.260639449678
3.5 0.000384455944352 0.235845137687
3.6 0.000398841336206 0.213409791332
3.7 0.00041494671446 0.193109057661
3.8 0.000432816427997 0.174739731389
3.9 0.000452509282039 0.158118052045
4 0.00047409685752 0.143077713474
4.1 0.000497663214961 0.129468341569
4.2 0.000523303931752 0.117153790461
4.3 0.000551126217192 0.106010835519
4.4 0.00058124895253 0.0959279857015
4.5 0.000613802868785 0.0868043996476
4.6 0.000648930764274 0.0785487789877
4.7 0.000686788020079 0.0710785439808
4.8 0.000727543215534 0.0643190774494
4.9 0.000771378193564 0.0582026640753
5 0.000818489246479 0.0526681407978
5.1 0.000869087665667 0.0476601240241
5.2 0.000923400610858 0.0431285032383
5.3 0.000981672104043 0.0390280011282
5.4 0.00104416396634 0.0353175535606
5.5 0.00111115698793 0.0319600819561
5.6 0.00118295210921 0.0289219994604
5.7 0.00125987170447 0.0261728991973
5.8 0.00134226098486 0.0236853027385
5.9 0.00143048957236 0.0214343067509
6 0.00152495302681 0.019397422213
6.1 0.00162607466085 0.0175542770514
6.2 0.001734307373 0.0158864287763
6.3 0.00185013560782 0.014377214428
6.4 0.00197407762562 0.0130115257982
6.5 0.00210668762973 0.0117757160512
6.6 0.00224855836647 0.0106574265302
6.7 0.00240032370436 0.00964547307964
6.8 0.00256266136206 0.00872975097347
6.9 0.00273629614972 0.00790109665914
7 0.00292200287211 0.00715122970254
7.1 0.00312061021045 0.00647264566902
7.2 0.00333300404927 0.00585856027694
7.3 0.00356013092711 0.00530286323636
7.4 0.00380300383523 0.00480000941398
7.5 0.00406270566863 0.00434496331262
7.6 0.00434039204936 0.00393315735426
7.7 0.00463730047519 0.00356048351161
7.8 0.00495475481715 0.00322323734532
7.9 0.00529416662527 0.00291801655991
8 0.00565704720503 0.00264177021919
8.1 0.0060450145166 0.00239177593749
8.2 0.00645979317938 0.00216552207818
8.3 0.00690322881323 0.00196074645503
8.4 0.00737729826489 0.00177543001374
8.5 0.00788410846089 0.00160770734779
8.6 0.00842591319523 0.00145589488948
8.7 0.009005127653 0.00131850089803
8.8 0.00962432578858 0.00119414438823
8.9 0.0102862610356 0.00108157900653
9 0.0109938860106 0.0009797047417
9.1 0.0117503447664 0.000887497444778
9.2 0.012558991272 0.000804014669658
9.3 0.0134234320876 0.000728441962758
9.4 0.0143475165222 0.000660037068467
9.5 0.0153353456983 0.000598110823873
9.6 0.0163913073094 0.00054204142344
9.7 0.0175201146224 0.000491287574486
9.8 0.0187267830959 0.000445342387738
9.9 0.0200166629938 0.000403739471813
10 0.021395504832 0.000366072825322
10.1 0.0228694477192 0.000331972429156
10.2 0.0244450321223 0.000301093812379
10.3 0.0261292539775 0.00027312587244
10.4 0.0279296302559 0.000247800980973
10.5 0.0298541597775 0.000224867671858
10.6 0.031911374558 0.00020409495579
10.7 0.0341104437917 0.000185280762708
10.8 0.0364611590073 0.000168241501946
10.9 0.0389739512067 0.000152806649081
11 0.0416599757575 0.000138821851349
11.1 0.0445312211951 0.00012615362951
11.2 0.0476004441302 0.000114676580222
11.3 0.0508812489207 0.000104274992381
11.4 0.0543882536661 9.48483361766e-05
11.5 0.0581370788637 8.63060158401e-05
11.6 0.0621443609798 7.85636187788e-05
11.7 0.0664278794833 7.15444311059e-05
11.8 0.0710067545344 6.51819779495e-05
11.9 0.0759013360325 5.94141654103e-05
12 0.0811333212555 5.41836211252e-05
12.1 0.0867260055786 4.94400229166e-05
12.2 0.0927043107598 4.51383860979e-05
12.3 0.0990947720507 4.12366140013e-05
12.4 0.105925730966 3.76962776026e-05
12.5 0.113227675125 3.44844201303e-05
12.6 0.121033067822 3.15703395277e-05
12.7 0.129376514666 2.89256853702e-05
12.8 0.138295135938 2.65253153608e-05
12.9 0.14782869408 2.43469042391e-05
13 0.158019512783 2.23695646828e-05
13.1 0.168912774988 2.05741592994e-05
13.2 0.180557087225 1.89442696073e-05
13.3 0.193004238346 1.7464680524e-05
13.4 0.206309425289 1.61213051757e-05
13.5 0.220531793686 1.49015935871e-05
13.6 0.235734784096 1.37945706006e-05
13.7 0.251985902168 1.27899480219e-05
13.8 0.269357186702 1.18783072603e-05
13.9 0.287926121707 1.10515243798e-05
14 0.307775328481 1.03021511194e-05
14.1 0.328992848412 9.62330136746e-06
14.2 0.351672928694 9.00883040067e-06
14.3 0.375916774602 8.45346851266e-06
14.4 0.401832060267 7.95229414422e-06
14.5 0.429533653168 7.5008366127e-06
14.6 0.459145056848 7.09531308616e-06
14.7 0.490798084153 6.73235163698e-06
14.8 0.524633163221 6.40889760917e-06
14.9 0.560800492749 6.12231187837e-06
15 0.599461496096 5.87050758375e-06
15.1 0.640787924919 5.65164306981e-06
15.2 0.684962952938 5.46418850838e-06
15.3 0.732183413891 5.30714989844e-06
15.4 0.782659603601 5.17992163635e-06
15.5 0.836615505261 5.08220345501e-06
15.6 0.8942903959 5.01413660957e-06
15.7 0.955941381382 4.97660291184e-06
15.8 1.02184256604 4.97095521205e-06
15.9 1.0922868393 4.99925213511e-06
16 1.16758779204 5.06460108224e-06
16.1 1.24807986714 5.17091637747e-06
16.2 1.33412060725 5.32351638966e-06
16.3 1.42609318977 5.52990185063e-06
16.4 1.5244060846 5.79912391169e-06
16.5 1.62949616526 6.14353039864e-06
16.6 1.74183132649 6.58029942505e-06
16.7 1.86191040033 7.13008849742e-06
16.8 1.99026714351 7.82250808614e-06
16.9 2.12747286143 8.69905475633e-06
17 2.27413667075 9.81012884289e-06
17.1 2.43091061896 1.12339008294e-05
17.2 2.59849222668 1.30811117157e-05
17.3 2.77762524864 1.54889483865e-05
17.4 2.96910605743 1.86937126694e-05
17.5 3.17378599686 2.30330128387e-05
17.6 3.3925729003 2.89381234086e-05
17.7 3.6264386503 3.72553991953e-05
17.8 3.87642130424 4.91967818981e-05
17.9 4.14363133893 6.66886842878e-05
18 4.42923974358 9.27914250106e-05
18.1 4.73451697257 0.000133911612111
18.2 5.0608013369 0.000197522104829
18.3 5.4095126914 0.000301091065592
18.4 5.78214555905 0.000477236370836
18.5 6.18025211259 0.000786413712643
18.6 6.60540018272 0.00134742774644
18.7 7.05905374824 0.0024149064637
18.8 7.54232746027 0.00453439937138
18.9 8.05533999296 0.00894846938671
19 8.59559527923 0.0186146689322
19.1 9.15370150593 0.0409112479758
19.2 9.70168713049 0.0950601474862
19.3 10.160960161 0.232521304055
19.4 10.3210876229 0.588194833225
19.5 9.70112382024 1.46194480119
19.6 7.67753599184 3.19511060236
19.7 4.62971843732 5.36032799295
19.8 2.17895785246 6.74829574784
19.9 0.918398730702 7.06895192067
20 0.387882764374 6.80107384037
