"Time" "Prey" "Predator"
0 27.8487406523 28.4157782189
0.1 0.093266872606 45.1900720965
0.2 0.000320074753847 40.9545458934
0.3 1.85804828282e-06 37.057426024
0.4 -1.07836198701e-07 33.5309543735
0.5 -8.04373173057e-08 30.3400647444
0.6 -8.04373173057e-08 27.4528293851
0.7 -8.04373173057e-08 24.8403364513
0.8 -8.04373173057e-08 22.476458689
0.9 -8.04373173057e-08 20.3375368723
1 -8.04373173057e-08 18.4021605362
1.1 -8.04373173057e-08 16.6509574096
1.2 -8.04373173057e-08 15.0664100411
1.3 -8.04373173057e-08 13.6326700203
1.4 -8.04373173057e-08 12.3353444659
1.5 -8.04373173057e-08 11.1614818568
1.6 -8.04373173057e-08 10.0993277626
1.7 -8.04373173057e-08 9.13824990914
1.8 -8.04373173057e-08 8.26863065141
1.9 -8.04373173057e-08 7.48176695269
2 -8.04373173057e-08 6.76978299614
2.1 -8.04373173057e-08 6.12555337354
2.2 -8.04373173057e-08 5.54263031463
2.3 -8.04373173057e-08 5.0151778691
2.4 -8.04373173057e-08 4.53792009007
2.5 -8.04373173057e-08 4.1060795392
2.6 -8.04373173057e-08 3.71533448448
2.7 -8.04373173057e-08 3.3617736501
2.8 -8.04373173057e-08 3.04185842092
2.9 -8.04373173057e-08 2.75238731568
3 -8.04373173057e-08 2.49046302133
3.1 -8.04373173057e-08 2.25346405011
3.2 -8.04373173057e-08 2.03901835985
3.3 -8.04373173057e-08 1.84497927175
3.4 -8.04373173057e-08 1.66940604936
3.5 -8.04373173057e-08 1.51054069513
3.6 -8.04373173057e-08 1.3667935782
3.7 -8.04373173057e-08 1.23672590442
3.8 -8.04373173057e-08 1.11903560599
3.9 -8.04373173057e-08 1.01254528528
4 -8.04373173057e-08 0.916188535152
4.1 -8.04373173057e-08 0.82900168906
4.2 -8.04373173057e-08 0.750111620145
4.3 -8.04373173057e-08 0.678729040251
4.4 -8.04373173057e-08 0.61413935121
4.5 -8.04373173057e-08 0.555696138937
4.6 -8.04373173057e-08 0.50281464382
4.7 -8.04373173057e-08 0.454965364296
4.8 -8.04373173057e-08 0.411669707946
4.9 -8.04373173057e-08 0.372494071297
5 -8.04373173057e-08 0.337046569403
5.1 -8.04373173057e-08 0.304972288451
5.2 -8.04373173057e-08 0.275950291598
5.3 -8.04373173057e-08 0.249690135274
5.4 -8.04373173057e-08 0.225928918819
5.5 -8.04373173057e-08 0.204428949134
5.6 -8.04373173057e-08 0.184974911728
5.7 -8.04373173057e-08 0.167372223284
5.8 -8.04373173057e-08 0.151444615627
5.9 -8.04373173057e-08 0.13703274138
6 -8.04373173057e-08 0.123992339946
6.1 -8.04373173057e-08 0.112192884651
6.2 -8.04373173057e-08 0.101516305116
6.3 -8.04373173057e-08 0.0918556803966
6.4 -8.04373173057e-08 0.0831144497143
6.5 -8.04373173057e-08 0.0752050522173
6.6 -8.04373173057e-08 0.0680483315252
6.7 -8.04373173057e-08 0.061572686794
6.8 -8.04373173057e-08 0.0557132471744
6.9 -8.04373173057e-08 0.0504114321707
7 -8.04373173057e-08 0.0456141362477
7.1 -8.04373173057e-08 0.041273360864
7.2 -8.04373173057e-08 0.0373456883634
7.3 -8.04373173057e-08 0.0337917671026
7.4 -8.04373173057e-08 0.0305760591664
7.5 -8.04373173057e-08 0.0276663553571
7.6 -8.04373173057e-08 0.0250335433082
7.7 -8.04373173057e-08 0.0226512885729
7.8 -8.04373173057e-08 0.0204957244514
7.9 -8.04373173057e-08 0.0185453003345
8 -8.04373173057e-08 0.0167804797093
8.1 -8.04373173057e-08 0.0151836020661
8.2 -8.04373173057e-08 0.0137386923583
8.3 -8.04373173057e-08 0.0124312763346
8.4 -8.04373173057e-08 0.0112482828653
8.5 -8.04373173057e-08 0.0101778670064
8.6 -8.04373173057e-08 0.00920931256677
8.7 -8.04373173057e-08 0.00833292460975
8.8 -8.04373173057e-08 0.0075399198896
8.9 -8.04373173057e-08 0.00682238928005
9 -8.04373173057e-08 0.00617316693997
9.1 -8.04373173057e-08 0.00558574062079
9.2 -8.04373173057e-08 0.00505420835224
9.3 -8.04373173057e-08 0.00457325678485
9.4 -8.04373173057e-08 0.00413808963335
9.5 -8.04373173057e-08 0.00374431060505
9.6 -8.04373173057e-08 0.00338798941283
9.7 -8.04373173057e-08 0.00306558785133
9.8 -8.04373173057e-08 0.0027738553994
9.9 -8.04373173057e-08 0.00250988549282
10 -8.04373173057e-08 0.00227104903554
10.1 -8.04373173057e-08 0.00205492983432
10.2 -8.04373173057e-08 0.00185937687476
10.3 -8.04373173057e-08 0.00168244140922
10.4 -8.04373173057e-08 0.00152233416553
10.5 -8.04373173057e-08 0.00137747240035
10.6 -8.04373173057e-08 0.00124641143262
10.7 -8.04373173057e-08 0.0011278146358
10.8 -8.04373173057e-08 0.00102047869776
10.9 -8.04373173057e-08 0.000923364390471
11 -8.04373173057e-08 0.000835495311423
11.1 -8.04373173057e-08 0.000755975581482
11.2 -8.04373173057e-08 0.000684024324384
11.3 -8.04373173057e-08 0.000618929044814
11.4 -8.04373173057e-08 0.000560028928911
11.5 -8.04373173057e-08 0.000506727974408
11.6 -8.04373173057e-08 0.000458507153829
11.7 -8.04373173057e-08 0.000414878887935
11.8 -8.04373173057e-08 0.000375394117665
11.9 -8.04373173057e-08 0.000339665614278
12 -8.04373173057e-08 0.000307340373461
12.1 -8.04373173057e-08 0.000278090855012
12.2 -8.04373173057e-08 0.000251617438948
12.3 -8.04373173057e-08 0.000227674726394
12.4 -8.04373173057e-08 0.000206009576704
12.5 -8.04373173057e-08 0.00018640362376
12.6 -8.04373173057e-08 0.000168667626724
12.7 -8.04373173057e-08 0.000152623857366
12.8 -8.04373173057e-08 0.000138106111843
12.9 -8.04373173057e-08 0.000124962984975
13 -8.04373173057e-08 0.000113059699464
13.1 -8.04373173057e-08 0.00010227945814
13.2 -8.04373173057e-08 9.25189507729e-05
13.3 -8.04373173057e-08 8.36902450799e-05
13.4 -8.04373173057e-08 7.57183462379e-05
13.5 -8.04373173057e-08 6.85085298668e-05
13.6 -8.04373173057e-08 6.19827553931e-05
13.7 -8.04373173057e-08 5.60796416899e-05
13.8 -8.04373173057e-08 5.07476976757e-05
13.9 -8.04373173057e-08 4.5934160872e-05
14 -8.04373173057e-08 4.15767463379e-05
14.1 -8.04373173057e-08 3.76310629819e-05
14.2 -8.04373173057e-08 3.40590750875e-05
14.3 -8.04373173057e-08 3.07730013293e-05
14.4 -8.04373173057e-08 2.78829831169e-05
14.5 -8.04373173057e-08 2.52441813232e-05
14.6 -8.04373173057e-08 2.28444341202e-05
14.7 -8.04373173057e-08 2.06715796796e-05
14.8 -8.04373173057e-08 1.87088896166e-05
14.9 -8.04373173057e-08 1.69339277663e-05
15 -8.04373173057e-08 1.53302522694e-05
15.1 -8.04373173057e-08 1.38815456036e-05
15.2 -8.04373173057e-08 1.25714902471e-05
15.3 -8.04373173057e-08 1.13844149585e-05
15.4 -8.04373173057e-08 1.03127448263e-05
15.5 -8.04373173057e-08 9.34576902017e-06
15.6 -8.04373173057e-08 8.47082646187e-06
15.7 -8.04373173057e-08 7.67525607296e-06
15.8 -8.04373173057e-08 6.94639677507e-06
15.9 -8.04373173057e-08 6.2785551971e-06
16 -8.04373173057e-08 5.67474696802e-06
16.1 -8.04373173057e-08 5.12884153273e-06
16.2 -8.04373173057e-08 4.63451862088e-06
16.3 -8.04373173057e-08 4.18545796208e-06
16.4 -8.04373173057e-08 3.69254253583e-06
16.5 -8.04373173057e-08 3.36204965592e-06
16.6 -8.04373173057e-08 3.05358288203e-06
16.7 -8.04373173057e-08 2.76714221418e-06
16.8 -8.04373173057e-08 2.50272765235e-06
16.9 -8.04373173057e-08 2.26033919654e-06
17 -8.04373173057e-08 2.03879084391e-06
17.1 -8.04373173057e-08 1.83603060238e-06
17.2 -8.04373173057e-08 1.65202219357e-06
17.3 -8.04373173057e-08 1.48676561749e-06
17.4 -8.04373173057e-08 1.34026087413e-06
17.5 -8.04373173057e-08 1.2124624287e-06
17.6 -8.04373173057e-08 1.09810939589e-06
17.7 -8.04373173057e-08 9.93605169307e-07
17.8 -8.04373173057e-08 8.98949748941e-07
17.9 -8.04373173057e-08 8.14143134795e-07
18 -8.04373173057e-08 7.3918532687e-07
18.1 -8.04373173057e-08 6.7375352512e-07
18.2 -8.04373173057e-08 6.14036702722e-07
18.3 -8.04373173057e-08 5.58932611329e-07
18.4 -8.04373173057e-08 5.08441250942e-07
18.5 -8.04373173057e-08 4.62562621559e-07
18.6 -8.04373173057e-08 4.21296723182e-07
18.7 -8.04373173057e-08 3.84278668898e-07
18.8 -8.04373173057e-08 3.50014508952e-07
18.9 -8.04373173057e-08 3.18343603878e-07
19 -8.04373173057e-08 2.89265953677e-07
19.1 -8.04373173057e-08 2.62781558348e-07
19.2 -8.04373173057e-08 2.38890417891e-07
19.3 -8.04373173057e-08 2.17243543905e-07
19.4 -8.04373173057e-08 1.97237125506e-07
19.5 -8.04373173057e-08 1.78860487568e-07
19.6 -8.04373173057e-08 1.62113630091e-07
19.7 -8.04373173057e-08 1.46996553074e-07
19.8 -8.04373173057e-08 1.33505880657e-07
19.9 -8.04373173057e-08 1.21251581242e-07
20 -8.04373173057e-08 1.09967009566e-07
