"Time" "Prey" "Predator"
0 32.7209604404 9.66508020472
0.1 1.41325821905 31.3781173009
0.2 0.0253859945476 29.3713832613
0.3 0.000652025946917 26.5938284933
0.4 2.38969296199e-05 24.0635372352
0.5 1.18634242966e-06 21.7736054963
0.6 7.74878336141e-08 19.7015743306
0.7 1.00488241316e-09 17.8267234975
0.8 -2.44374038482e-08 16.1302828592
0.9 -3.45773777094e-08 14.5952772883
1 -3.53877203344e-08 13.2063503077
1.1 -3.53877203344e-08 11.9495972602
1.2 -3.53877203344e-08 10.8124396574
1.3 -3.53877203344e-08 9.78349828813
1.4 -3.53877203344e-08 8.85248669378
1.5 -3.53877203344e-08 8.01005963366
1.6 -3.53877203344e-08 7.24780104355
1.7 -3.53877203344e-08 6.55808264333
1.8 -3.53877203344e-08 5.93399881645
1.9 -3.53877203344e-08 5.36930430253
2 -3.53877203344e-08 4.85834776604
2.1 -3.53877203344e-08 4.39601503006
2.2 -3.53877203344e-08 3.97767912772
2.3 -3.53877203344e-08 3.59915341731
2.4 -3.53877203344e-08 3.25664790767
2.5 -3.53877203344e-08 2.94673625856
2.6 -3.53877203344e-08 2.66631687946
2.7 -3.53877203344e-08 2.41258334489
2.8 -3.53877203344e-08 2.18299569369
2.9 -3.53877203344e-08 1.97525608571
3 -3.53877203344e-08 1.78728557901
3.1 -3.53877203344e-08 1.61720285629
3.2 -3.53877203344e-08 1.46330563168
3.3 -3.53877203344e-08 1.32405362926
3.4 -3.53877203344e-08 1.19805284182
3.5 -3.53877203344e-08 1.08404252826
3.6 -3.53877203344e-08 0.980882159372
3.7 -3.53877203344e-08 0.887538565258
3.8 -3.53877203344e-08 0.803078151734
3.9 -3.53877203344e-08 0.72665500963
4 -3.53877203344e-08 0.657504579797
4.1 -3.53877203344e-08 0.594934652251
4.2 -3.53877203344e-08 0.53831893735
4.3 -3.53877203344e-08 0.487091157478
4.4 -3.53877203344e-08 0.440738200341
4.5 -3.53877203344e-08 0.398796439501
4.6 -3.53877203344e-08 0.360845855074
4.7 -3.53877203344e-08 0.32650677994
4.8 -3.53877203344e-08 0.295435522694
4.9 -3.53877203344e-08 0.267321027176
5 -3.53877203344e-08 0.24188208908
5.1 -3.53877203344e-08 0.218863907124
5.2 -3.53877203344e-08 0.19803625688
5.3 -3.53877203344e-08 0.179190573808
5.4 -3.53877203344e-08 0.162138304924
5.5 -3.53877203344e-08 0.146708799119
5.6 -3.53877203344e-08 0.132747570444
5.7 -3.53877203344e-08 0.120114969439
5.8 -3.53877203344e-08 0.108684451787
5.9 -3.53877203344e-08 0.0983417379631
6 -3.53877203344e-08 0.0889832773472
6.1 -3.53877203344e-08 0.0805153709257
6.2 -3.53877203344e-08 0.0728533359548
6.3 -3.53877203344e-08 0.0659204017481
6.4 -3.53877203344e-08 0.0596472416645
6.5 -3.53877203344e-08 0.0539710480759
6.6 -3.53877203344e-08 0.0488349990692
6.7 -3.53877203344e-08 0.0441877433845
6.8 -3.53877203344e-08 0.0399827134875
6.9 -3.53877203344e-08 0.036177855555
7 -3.53877203344e-08 0.0327350740355
7.1 -3.53877203344e-08 0.0296199052414
7.2 -3.53877203344e-08 0.0268012023176
7.3 -3.53877203344e-08 0.024250721441
7.4 -3.53877203344e-08 0.0219429592621
7.5 -3.53877203344e-08 0.0198548101709
7.6 -3.53877203344e-08 0.0179653685779
7.7 -3.53877203344e-08 0.0162557402444
7.8 -3.53877203344e-08 0.0147087956753
7.9 -3.53877203344e-08 0.0133090643219
8 -3.53877203344e-08 0.0120425414337
8.1 -3.53877203344e-08 0.0108965380053
8.2 -3.53877203344e-08 0.00985959221339
8.3 -3.53877203344e-08 0.00892130673717
8.4 -3.53877203344e-08 0.00807231539154
8.5 -3.53877203344e-08 0.00730414554768
8.6 -3.53877203344e-08 0.00660909218376
8.7 -3.53877203344e-08 0.00598017675097
8.8 -3.53877203344e-08 0.0054111074776
8.9 -3.53877203344e-08 0.00489620941925
9 -3.53877203344e-08 0.00443028571437
9.1 -3.53877203344e-08 0.00400868691545
9.2 -3.53877203344e-08 0.0036272200303
9.3 -3.53877203344e-08 0.00328204033476
9.4 -3.53877203344e-08 0.00296971312521
9.5 -3.53877203344e-08 0.00268711982729
9.6 -3.53877203344e-08 0.00243140407849
9.7 -3.53877203344e-08 0.00220002768789
9.8 -3.53877203344e-08 0.00199067557295
9.9 -3.53877203344e-08 0.00180123577597
10 -3.53877203344e-08 0.00162984213197
10.1 -3.53877203344e-08 0.00147477312444
10.2 -3.53877203344e-08 0.00133443909908
10.3 -3.53877203344e-08 0.00120744045963
10.4 -3.53877203344e-08 0.00109253654985
10.5 -3.53877203344e-08 0.000988567421683
10.6 -3.53877203344e-08 0.000894475464893
10.7 -3.53877203344e-08 0.000809344510122
10.8 -3.53877203344e-08 0.000732324357943
10.9 -3.53877203344e-08 0.000662629732903
11 -3.53877203344e-08 0.000599565718671
11.1 -3.53877203344e-08 0.000542512629869
11.2 -3.53877203344e-08 0.000490890503308
11.3 -3.53877203344e-08 0.000444169284649
11.4 -3.53877203344e-08 0.000401895980421
11.5 -3.53877203344e-08 0.000363648812724
11.6 -3.53877203344e-08 0.000329020261684
11.7 -3.53877203344e-08 0.000297717774437
11.8 -3.53877203344e-08 0.000269387730039
11.9 -3.53877203344e-08 0.000243752832536
12 -3.53877203344e-08 0.000220554912862
12.1 -3.53877203344e-08 0.000199571351773
12.2 -3.53877203344e-08 0.000180588680865
12.3 -3.53877203344e-08 0.000163409766372
12.4 -3.53877203344e-08 0.000147855448085
12.5 -3.53877203344e-08 0.000133768264786
12.6 -3.53877203344e-08 0.000121010448293
12.7 -3.53877203344e-08 0.000109461253803
12.8 -3.53877203344e-08 9.9018639004e-05
12.9 -3.53877203344e-08 8.95901044566e-05
13 -3.53877203344e-08 8.1058497967e-05
13.1 -3.53877203344e-08 7.33369822071e-05
13.2 -3.53877203344e-08 6.6354076687e-05
13.3 -3.53877203344e-08 6.0050147077e-05
13.4 -3.53877203344e-08 5.43545378674e-05
13.5 -3.53877203344e-08 4.9197885242e-05
13.6 -3.53877203344e-08 4.45285038833e-05
13.7 -3.53877203344e-08 4.03020802891e-05
13.8 -3.53877203344e-08 3.64266471866e-05
13.9 -3.53877203344e-08 3.29983099147e-05
14 -3.53877203344e-08 2.9870982743e-05
14.1 -3.53877203344e-08 2.70299146092e-05
14.2 -3.53877203344e-08 2.44602891576e-05
14.3 -3.53877203344e-08 2.21381183957e-05
14.4 -3.53877203344e-08 2.00385820355e-05
14.5 -3.53877203344e-08 1.81418929448e-05
14.6 -3.53877203344e-08 1.64282639913e-05
14.7 -3.53877203344e-08 1.48779080427e-05
14.8 -3.53877203344e-08 1.34733647391e-05
14.9 -3.53877203344e-08 1.22064166226e-05
15 -3.53877203344e-08 1.1062655138e-05
15.1 -3.53877203344e-08 1.00267277195e-05
15.2 -3.53877203344e-08 9.08328180101e-06
15.3 -3.53877203344e-08 8.21706449745e-06
15.4 -3.53877203344e-08 7.42682487643e-06
15.5 -3.53877203344e-08 6.71258263606e-06
15.6 -3.53877203344e-08 6.06667356699e-06
15.7 -3.53877203344e-08 5.48143345985e-06
15.8 -3.53877203344e-08 4.94919810531e-06
15.9 -3.53877203344e-08 4.37678307944e-06
16 -3.53877203344e-08 3.98258181314e-06
16.1 -3.53877203344e-08 3.61508890079e-06
16.2 -3.53877203344e-08 3.27430434242e-06
16.3 -3.53877203344e-08 2.960228138e-06
16.4 -3.53877203344e-08 2.67284178824e-06
16.5 -3.53877203344e-08 2.40981417786e-06
16.6 -3.53877203344e-08 2.16952517901e-06
16.7 -3.53877203344e-08 1.95197479169e-06
16.8 -3.53877203344e-08 1.7571630159e-06
16.9 -3.53877203344e-08 1.58508985164e-06
17 -3.53877203344e-08 1.43510706273e-06
17.1 -3.53877203344e-08 1.29937204893e-06
17.2 -3.53877203344e-08 1.17557986334e-06
17.3 -3.53877203344e-08 1.06373050594e-06
17.4 -3.53877203344e-08 9.63823976736e-07
17.5 -3.53877203344e-08 8.75860275733e-07
17.6 -3.53877203344e-08 7.98709654028e-07
17.7 -3.53877203344e-08 7.27669252827e-07
17.8 -3.53877203344e-08 6.62222298488e-07
17.9 -3.53877203344e-08 6.0236879101e-07
18 -3.53877203344e-08 5.48108730394e-07
18.1 -3.53877203344e-08 4.9944211664e-07
18.2 -3.53877203344e-08 4.55491485131e-07
18.3 -3.53877203344e-08 4.14714277006e-07
18.4 -3.53877203344e-08 3.77081657346e-07
18.5 -3.53877203344e-08 3.42593626149e-07
18.6 -3.53877203344e-08 3.11250183417e-07
18.7 -3.53877203344e-08 2.83045884738e-07
18.8 -3.53877203344e-08 2.57294674521e-07
18.9 -3.53877203344e-08 2.33519743329e-07
19 -3.53877203344e-08 2.11721091162e-07
19.1 -3.53877203344e-08 1.91898718021e-07
19.2 -3.53877203344e-08 1.74052623904e-07
19.3 -3.53877203344e-08 1.58134749775e-07
19.4 -3.53877203344e-08 1.43563659679e-07
19.5 -3.53877203344e-08 1.30168469094e-07
19.6 -3.53877203344e-08 1.17949178018e-07
19.7 -3.53877203344e-08 1.06905786452e-07
19.8 -3.53877203344e-08 9.70382943957e-08
19.9 -3.53877203344e-08 8.82546235038e-08
20 -3.53877203344e-08 8.01714749244e-08
