"Time" "Prey" "Predator"
0 1.00326716871 23.2974874222
0.1 0.0521542558028 21.7590408148
0.2 0.00351374676332 19.7232117064
0.3 0.00030746227176 17.8486046479
0.4 3.41306558328e-05 16.1502826816
0.5 4.69202111995e-06 14.6134022261
0.6 7.72117192003e-07 13.2227570734
0.7 1.51365244026e-07 11.9644473094
0.8 2.71120748651e-08 10.8258811855
0.9 -9.58704580349e-09 9.79565651233
1 -1.37693190068e-08 8.86347358511
1.1 -1.4727033707e-08 8.02000091803
1.2 -1.48300831312e-08 7.25679531706
1.3 -1.41113111371e-08 6.56621715943
1.4 -1.29473728361e-08 5.94135843768
1.5 -1.03653932969e-08 5.37597251684
1.6 -1.0798428021e-08 4.86437944791
1.7 -1.09681531557e-08 4.40147193312
1.8 -1.0802905154e-08 3.98261742309
1.9 -1.08385019084e-08 3.60362142135
2 -1.08385019084e-08 3.26069156042
2.1 -1.08385019084e-08 2.95039594256
2.2 -1.08385019084e-08 2.66962876914
2.3 -1.08385019084e-08 2.41558019905
2.4 -1.08385019084e-08 2.18570808554
2.5 -1.08385019084e-08 1.97771074637
2.6 -1.08385019084e-08 1.7895069923
2.7 -1.08385019084e-08 1.61921329119
2.8 -1.08385019084e-08 1.4651249428
2.9 -1.08385019084e-08 1.32570018572
3 -1.08385019084e-08 1.19954336555
3.1 -1.08385019084e-08 1.08539186824
3.2 -1.08385019084e-08 0.982103440982
3.3 -1.08385019084e-08 0.88864400527
3.4 -1.08385019084e-08 0.804078439753
3.5 -1.08385019084e-08 0.727559861104
3.6 -1.08385019084e-08 0.658322947107
3.7 -1.08385019084e-08 0.595675144547
3.8 -1.08385019084e-08 0.538989140931
3.9 -1.08385019084e-08 0.487697573664
4 -1.08385019084e-08 0.441287015791
4.1 -1.08385019084e-08 0.399292941662
4.2 -1.08385019084e-08 0.361295184862
4.3 -1.08385019084e-08 0.326913407136
4.4 -1.08385019084e-08 0.295803482668
4.5 -1.08385019084e-08 0.267654025698
4.6 -1.08385019084e-08 0.242183321103
4.7 -1.08385019084e-08 0.219136331692
4.8 -1.08385019084e-08 0.198282679731
4.9 -1.08385019084e-08 0.179413562632
5 -1.08385019084e-08 0.162340057441
5.1 -1.08385019084e-08 0.146891393607
5.2 -1.08385019084e-08 0.132912783543
5.3 -1.08385019084e-08 0.120264451206
5.4 -1.08385019084e-08 0.108819748627
5.5 -1.08385019084e-08 0.0984641240055
5.6 -1.08385019084e-08 0.0890940449641
5.7 -1.08385019084e-08 0.0806156133018
5.8 -1.08385019084e-08 0.0729440300067
5.9 -1.08385019084e-08 0.0660024777014
6 -1.08385019084e-08 0.0597214788747
6.1 -1.08385019084e-08 0.0540382344203
6.2 -1.08385019084e-08 0.0488957960888
6.3 -1.08385019084e-08 0.0442427456763
6.4 -1.08385019084e-08 0.0400324922777
6.5 -1.08385019084e-08 0.0362228861448
6.6 -1.08385019084e-08 0.0327758271669
6.7 -1.08385019084e-08 0.0296567795612
6.8 -1.08385019084e-08 0.0268345609985
6.9 -1.08385019084e-08 0.0242809133711
7 -1.08385019084e-08 0.0219702717007
7.1 -1.08385019084e-08 0.0198795281007
7.2 -1.08385019084e-08 0.0179877345326
7.3 -1.08385019084e-08 0.0162759745202
7.4 -1.08385019084e-08 0.0147271083198
7.5 -1.08385019084e-08 0.0133256321703
7.6 -1.08385019084e-08 0.012057532934
7.7 -1.08385019084e-08 0.0109101037895
7.8 -1.08385019084e-08 0.00987186818221
7.9 -1.08385019084e-08 0.00893243658382
8 -1.08385019084e-08 0.00808239916048
8.1 -1.08385019084e-08 0.00731325294265
8.2 -1.08385019084e-08 0.00661728365422
8.3 -1.08385019084e-08 0.00598754705151
8.4 -1.08385019084e-08 0.00541776654802
8.5 -1.08385019084e-08 0.0049022231849
8.6 -1.08385019084e-08 0.00443574213164
8.7 -1.08385019084e-08 0.0040136403259
8.8 -1.08385019084e-08 0.00363172377303
8.9 -1.08385019084e-08 0.00328614536037
9 -1.08385019084e-08 0.00297342097039
9.1 -1.08385019084e-08 0.00269046615813
9.2 -1.08385019084e-08 0.0024344386859
9.3 -1.08385019084e-08 0.00220276227766
9.4 -1.08385019084e-08 0.00199314728179
9.5 -1.08385019084e-08 0.0018034824525
9.6 -1.08385019084e-08 0.00163185302789
9.7 -1.08385019084e-08 0.00147656575105
9.8 -1.08385019084e-08 0.00133605678159
9.9 -1.08385019084e-08 0.00120891106166
10 -1.08385019084e-08 0.00109387957872
10.1 -1.08385019084e-08 0.000989801539556
10.2 -1.08385019084e-08 0.000895608057646
10.3 -1.08385019084e-08 0.000810373016757
10.4 -1.08385019084e-08 0.000733255628629
10.5 -1.08385019084e-08 0.00066347474334
10.6 -1.08385019084e-08 0.000600324590754
10.7 -1.08385019084e-08 0.000543191182811
10.8 -1.08385019084e-08 0.00049150014053
10.9 -1.08385019084e-08 0.00044472294719
11 -1.08385019084e-08 0.000402398772166
11.1 -1.08385019084e-08 0.000364108072486
11.2 -1.08385019084e-08 0.000329460254817
11.3 -1.08385019084e-08 0.000298102575715
11.4 -1.08385019084e-08 0.000269731615924
11.5 -1.08385019084e-08 0.000244062369906
11.6 -1.08385019084e-08 0.000220823963799
11.7 -1.08385019084e-08 0.000199813709812
11.8 -1.08385019084e-08 0.000180799969503
11.9 -1.08385019084e-08 0.000163594738037
12 -1.08385019084e-08 0.000148025915169
12.1 -1.08385019084e-08 0.000133943636951
12.2 -1.08385019084e-08 0.000121203351385
12.3 -1.08385019084e-08 0.000109672544459
12.4 -1.08385019084e-08 9.92311825681e-05
12.5 -1.08385019084e-08 8.97747133275e-05
12.6 -1.08385019084e-08 8.12109640452e-05
12.7 -1.08385019084e-08 7.34598735129e-05
12.8 -1.08385019084e-08 6.64541983965e-05
12.9 -1.08385019084e-08 6.01275024169e-05
13 -1.08385019084e-08 5.44011145756e-05
13.1 -1.08385019084e-08 4.92189891931e-05
13.2 -1.08385019084e-08 4.4533851918e-05
13.3 -1.08385019084e-08 4.03055690629e-05
13.4 -1.08385019084e-08 3.64825973779e-05
13.5 -1.08385019084e-08 3.30211568804e-05
13.6 -1.08385019084e-08 2.98868888607e-05
13.7 -1.08385019084e-08 2.70504891548e-05
13.8 -1.08385019084e-08 2.44554562389e-05
13.9 -1.08385019084e-08 2.21498427892e-05
14 -1.08385019084e-08 2.00484268558e-05
14.1 -1.08385019084e-08 1.8141099073e-05
14.2 -1.08385019084e-08 1.64172848167e-05
14.3 -1.08385019084e-08 1.48588668364e-05
14.4 -1.08385019084e-08 1.34501938909e-05
14.5 -1.08385019084e-08 1.21777023507e-05
14.6 -1.08385019084e-08 1.10278285861e-05
14.7 -1.08385019084e-08 9.9870089676e-06
14.8 -1.08385019084e-08 9.04467098305e-06
14.9 -1.08385019084e-08 8.19492330519e-06
15 -1.08385019084e-08 7.42739411283e-06
15.1 -1.08385019084e-08 6.73155999726e-06
15.2 -1.08385019084e-08 6.09689754978e-06
15.3 -1.08385019084e-08 5.51359322256e-06
15.4 -1.08385019084e-08 4.983341517e-06
15.5 -1.08385019084e-08 4.50407445729e-06
15.6 -1.08385019084e-08 4.07053892595e-06
15.7 -1.08385019084e-08 3.6774818055e-06
15.8 -1.08385019084e-08 3.31964997845e-06
15.9 -1.08385019084e-08 2.94156777633e-06
16 -1.08385019084e-08 2.6752230208e-06
16.1 -1.08385019084e-08 2.42718556376e-06
16.2 -1.08385019084e-08 2.1974554052e-06
16.3 -1.08385019084e-08 1.98603254512e-06
16.4 -1.08385019084e-08 1.79278848271e-06
16.5 -1.08385019084e-08 1.61578325313e-06
16.6 -1.08385019084e-08 1.45436397932e-06
16.7 -1.08385019084e-08 1.30853066127e-06
16.8 -1.08385019084e-08 1.178283299e-06
16.9 -1.08385019084e-08 1.06362189249e-06
17 -1.08385019084e-08 9.63397267225e-07
17.1 -1.08385019084e-08 8.72083842193e-07
17.2 -1.08385019084e-08 7.88956526122e-07
17.3 -1.08385019084e-08 7.14015319012e-07
17.4 -1.08385019084e-08 6.47260220863e-07
17.5 -1.08385019084e-08 5.88691231675e-07
17.6 -1.08385019084e-08 5.36890113767e-07
17.7 -1.08385019084e-08 4.89003802803e-07
17.8 -1.08385019084e-08 4.44951503093e-07
17.9 -1.08385019084e-08 4.04733214636e-07
18 -1.08385019084e-08 3.68348937434e-07
18.1 -1.08385019084e-08 3.35795914951e-07
18.2 -1.08385019084e-08 3.06144182958e-07
18.3 -1.08385019084e-08 2.7864790317e-07
18.4 -1.08385019084e-08 2.53307075585e-07
18.5 -1.08385019084e-08 2.30121700203e-07
18.6 -1.08385019084e-08 2.09091777026e-07
18.7 -1.08385019084e-08 1.90179491598e-07
18.8 -1.08385019084e-08 1.7281396261e-07
18.9 -1.08385019084e-08 1.56803065284e-07
19 -1.08385019084e-08 1.4214679962e-07
19.1 -1.08385019084e-08 1.28845165619e-07
19.2 -1.08385019084e-08 1.16898163279e-07
19.3 -1.08385019084e-08 1.06220593849e-07
19.4 -1.08385019084e-08 9.64027957789e-08
19.5 -1.08385019084e-08 8.73910114628e-08
19.6 -1.08385019084e-08 7.91852409006e-08
19.7 -1.08385019084e-08 7.17854840922e-08
19.8 -1.08385019084e-08 6.51917410376e-08
19.9 -1.08385019084e-08 5.9288419379e-08
20 -1.08385019084e-08 5.38429823291e-08
