"Time" "Prey" "Predator"
0 1.25242260258 19.4055370949
0.1 0.105519588027 18.3831955302
0.2 0.0108769809909 16.7020385488
0.3 0.00139595339637 15.1194955587
0.4 0.000219118379644 13.6815416909
0.5 4.126337702e-05 12.3797009724
0.6 9.16920537558e-06 11.2016415656
0.7 2.34445171103e-06 10.1356712667
0.8 6.94894037216e-07 9.17114076091
0.9 1.93346732705e-07 8.29839842172
1 6.72444536245e-08 7.50870830477
1.1 2.45285307528e-08 6.79415619334
1.2 5.55899557687e-09 6.14760079396
1.3 8.63965509894e-09 5.56257841756
1.4 4.65032617313e-09 5.0332281001
1.5 2.16616772095e-09 4.5542518759
1.6 4.80104438984e-09 4.12085433768
1.7 5.76924604163e-09 3.72870586173
1.8 5.56383634731e-09 3.37387879065
1.9 1.97676902164e-09 3.05280905606
2 2.16018814613e-09 2.76229638792
2.1 2.33982585941e-09 2.49942964028
2.2 1.75727114967e-09 2.26157750925
2.3 1.23475827052e-09 2.04635998137
2.4 1.22577767458e-09 1.85162327115
2.5 1.01573384565e-09 1.6754180975
2.6 8.33561493291e-10 1.51598114826
2.7 6.79200724579e-10 1.37171694141
2.8 6.44318337219e-10 1.24118103773
2.9 6.07819980792e-10 1.12306723147
3 5.52225971992e-10 1.01619353909
3.1 5.17626323634e-10 0.919490049238
3.2 4.94201929693e-10 0.831989211005
3.3 4.75944707229e-10 0.75281512866
3.4 4.62510784575e-10 0.681175395559
3.5 4.53048293869e-10 0.61635316722
3.6 4.47928506761e-10 0.557699460804
3.7 4.46317581802e-10 0.504627440271
3.8 4.47424418367e-10 0.456605539421
3.9 4.51190920515e-10 0.413153367497
4 4.57575707388e-10 0.373836574308
4.1 4.66332949507e-10 0.338261272866
4.2 4.77539250987e-10 0.306071504217
4.3 4.9101614102e-10 0.27694495565
4.4 5.06744666217e-10 0.25059012807
4.5 5.24727486128e-10 0.226743291772
4.6 5.44993405099e-10 0.205165823626
4.7 5.67594302241e-10 0.185641720802
4.8 5.92599878561e-10 0.167975558336
4.9 6.20095329737e-10 0.151990551935
5 6.50183594603e-10 0.137526650449
5.1 6.82983938941e-10 0.124439143023
5.2 7.18631342528e-10 0.112597197282
5.3 7.57275854571e-10 0.101882131554
5.4 7.99084622101e-10 0.0921867760323
5.5 8.44239828191e-10 0.0834140397274
5.6 8.92940061833e-10 0.0754761111635
5.7 9.45401354594e-10 0.0682936136339
5.8 1.00185734456e-09 0.0617945814113
5.9 1.06256056089e-09 0.0559140461956
6 1.12778299652e-09 0.0505931253351
6.1 1.19781734252e-09 0.0457785457449
6.2 1.27297822283e-09 0.0414221478434
6.3 1.35360331922e-09 0.0374802892443
6.4 1.44005493024e-09 0.0339135635621
6.5 1.53272149747e-09 0.0306862566194
6.6 1.63201925672e-09 0.0277660623048
6.7 1.73839403978e-09 0.0251237783534
6.8 1.85232324375e-09 0.0227329290764
6.9 1.97431784714e-09 0.0205696052316
7 2.10492476412e-09 0.0186121443889
7.1 2.24472917108e-09 0.0168409552602
7.2 2.39435708017e-09 0.0152383290562
7.3 2.5544782291e-09 0.0137882062693
7.4 2.72580884243e-09 0.0124760856505
7.5 2.90911501935e-09 0.0112888282557
7.6 3.10521599364e-09 0.0102145500103
7.7 3.31498775136e-09 0.00924250814361
7.8 3.53936711968e-09 0.00836296323943
7.9 3.77935561145e-09 0.00756712175211
8 4.03602419303e-09 0.00684701467705
8.1 4.3105178428e-09 0.00619543318691
8.2 4.60406060544e-09 0.00560586046971
8.3 4.9179613645e-09 0.00507239030108
8.4 5.25361915538e-09 0.0045896874853
8.5 5.61253029812e-09 0.00415290977101
8.6 5.99629403244e-09 0.003757686757
8.7 6.40661884131e-09 0.00340008628104
8.8 6.84533323038e-09 0.00307653759408
8.9 7.31439254117e-09 0.00278379103696
9 7.81588270504e-09 0.00251890329905
9.1 8.35203422921e-09 0.00227921144768
9.2 8.92523945066e-09 0.0020623431246
9.3 9.53804726507e-09 0.00186611263198
9.4 1.01931792044e-08 0.00168852433585
9.5 1.08935581779e-08 0.00152783583909
9.6 1.16423005812e-08 0.00138244502334
9.7 1.24427302558e-08 0.00125087991862
9.8 1.32984139455e-08 0.0011318369985
9.9 1.42131622893e-08 0.00102413405065
10 1.51910872397e-08 0.000926636206447
10.1 1.62363948438e-08 0.000838480110988
10.2 1.73538726769e-08 0.000758696395818
10.3 1.85484570545e-08 0.000686500167933
10.4 1.98254563385e-08 0.000621166462058
10.5 2.11905967721e-08 0.000562058981901
10.6 2.26499395001e-08 0.000508578066807
10.7 2.42099076499e-08 0.000460177673008
10.8 2.58774611759e-08 0.000416366094388
10.9 2.76601516866e-08 0.000376705717653
11 2.95658335039e-08 0.000340814312617
11.1 3.16027961396e-08 0.000308363516956
11.2 3.37802356766e-08 0.000279012959461
11.3 3.61079887994e-08 0.00025244747179
11.4 3.85962779393e-08 0.000228412744995
11.5 4.12559288635e-08 0.000206688298024
11.6 4.40990743257e-08 0.000187033166056
11.7 4.71384469288e-08 0.000169240481286
11.8 5.03873571852e-08 0.000153139166381
11.9 5.38559534348e-08 0.000138494108428
12 5.75714042246e-08 0.000125375216708
12.1 6.15407032154e-08 0.00011345603029
12.2 6.57827377335e-08 0.000102659176928
12.3 7.03177920002e-08 9.28992974997e-05
12.4 7.51687343923e-08 8.40762577344e-05
12.5 8.03563168916e-08 7.61020240454e-05
12.6 8.59011994213e-08 6.88890891989e-05
12.7 9.18242905214e-08 6.23507819654e-05
12.8 9.8157608823e-08 5.64377901674e-05
12.9 1.04932642198e-07 5.10990168828e-05
13 1.12176492916e-07 4.62686180647e-05
13.1 1.19916263247e-07 4.1880749666e-05
13.2 1.28183129997e-07 3.78807865995e-05
13.3 1.37026447828e-07 3.42641553224e-05
13.4 1.4648501169e-07 3.099720681e-05
13.5 1.56595725076e-07 2.80410840381e-05
13.6 1.6739549148e-07 2.53569299824e-05
13.7 1.79337359662e-07 2.27237342257e-05
13.8 1.9143816475e-07 2.06530564882e-05
13.9 2.04527262414e-07 1.87311331195e-05
14 2.18604652652e-07 1.69579641197e-05
14.1 2.33687907029e-07 1.53321462688e-05
14.2 2.49964681547e-07 1.38386938395e-05
14.3 2.67485673492e-07 1.24735582766e-05
14.4 2.86250882866e-07 1.123673958e-05
14.5 3.06260309668e-07 1.01282377496e-05
14.6 3.27513953898e-07 9.14805278558e-06
14.7 3.50124711693e-07 8.28509340585e-06
14.8 3.74523801433e-07 7.49699532014e-06
14.9 4.00753429912e-07 6.77961199633e-06
15 4.28813597132e-07 6.13294343442e-06
15.1 4.58704303091e-07 5.55698963441e-06
15.2 4.9042554779e-07 5.05175059631e-06
15.3 5.24306960914e-07 4.6032797871e-06
15.4 5.60881497685e-07 4.18902803144e-06
15.5 6.00156444913e-07 3.8086870266e-06
15.6 6.42131802597e-07 3.46225677258e-06
15.7 6.86807570738e-07 3.14973726939e-06
15.8 7.34193022497e-07 2.87101793247e-06
15.9 7.85061409116e-07 2.61687756631e-06
16 8.39906139961e-07 2.38143215292e-06
16.1 8.98727215033e-07 2.16468169229e-06
16.2 9.6152463433e-07 1.96662618442e-06
16.3 1.02829839785e-06 1.78726562932e-06
16.4 1.09917745954e-06 1.62611033272e-06
16.5 1.17553900706e-06 1.47793051327e-06
16.6 1.25775510636e-06 1.34131327447e-06
16.7 1.34582575746e-06 1.21625861632e-06
16.8 1.43975096034e-06 1.10276653881e-06
16.9 1.53953071501e-06 1.00083704196e-06
17 1.64569751469e-06 9.09573155909e-07
17.1 1.76028530087e-06 8.25548763353e-07
17.2 1.88349315566e-06 7.48428516111e-07
17.3 2.01532107904e-06 6.78212414183e-07
17.4 2.15576907103e-06 6.14900457569e-07
17.5 2.30483713161e-06 5.58492646269e-07
17.6 2.46406824718e-06 5.07848721856e-07
17.7 2.6359572091e-06 4.61125047283e-07
17.8 2.82053812976e-06 4.1829641367e-07
17.9 3.01781100918e-06 3.79362821017e-07
18 3.22777584734e-06 3.44324269323e-07
18.1 3.45047620952e-06 3.13168346327e-07
18.2 3.68954539371e-06 2.84859882132e-07
18.3 3.94730188009e-06 2.58738314107e-07
18.4 4.22374566866e-06 2.34803642253e-07
18.5 4.51887675942e-06 2.13055866568e-07
18.6 4.83269515237e-06 1.93494987055e-07
18.7 5.16580687128e-06 1.76057184111e-07
18.8 5.52468452518e-06 1.60060835423e-07
18.9 5.91107686529e-06 1.453217822e-07
19 6.32498389162e-06 1.3184002444e-07
19.1 6.76640560416e-06 1.19615562144e-07
19.2 7.23534200293e-06 1.08648395312e-07
19.3 7.73429552245e-06 9.88369449582e-08
19.4 8.27282522587e-06 8.9793188968e-08
19.5 8.85186683842e-06 8.14791443219e-08
19.6 9.47142036011e-06 7.38948110199e-08
19.7 1.01314857909e-05 6.7040189062e-08
19.8 1.08320631309e-05 6.09152784483e-08
19.9 1.15804034276e-05 5.54028708429e-08
20 1.23882320282e-05 5.03134338486e-08
