"Time" "Prey" "Predator"
0 6.86411889084 1.08366474509
0.1 6.04357513279 1.87870801144
0.2 4.69897729611 2.91869969585
0.3 3.17715350763 3.91315434338
0.4 1.92200004105 4.55331161302
0.5 1.09853780007 4.7751562525
0.6 0.622881927623 4.69824785764
0.7 0.361156648786 4.4597004323
0.8 0.21735009137 4.15081284221
0.9 0.13654392662 3.82142525675
1 0.089621757827 3.49637716167
1.1 0.0613685456316 3.18726286416
1.2 0.0437310797928 2.89895751969
1.3 0.0323359415783 2.63297613077
1.4 0.0247362112909 2.38916499586
1.5 0.019520045084 2.16656090297
1.6 0.0158466488748 1.96383480828
1.7 0.0132005918977 1.77952146446
1.8 0.0112570158528 1.61214012891
1.9 0.00980590363482 1.46025685226
2 0.00870830151773 1.32251547343
2.1 0.00787005368764 1.19765163683
2.2 0.0072261805839 1.08449677948
2.3 0.00673099954932 0.981977250654
2.4 0.00635188514734 0.8891104245
2.5 0.00606511259702 0.804999552751
2.6 0.00585350534845 0.728827536227
2.7 0.00570417115215 0.659851334636
2.8 0.00560753095473 0.597395728495
2.9 0.00555641970939 0.540847638263
3 0.00554543933897 0.489650751863
3.1 0.00557056010737 0.443300510573
3.2 0.00562881199838 0.401339456539
3.3 0.00571804698506 0.363352952491
3.4 0.0058367645492 0.328965265819
3.5 0.00598396679724 0.297835955757
3.6 0.0061591594617 0.269656684848
3.7 0.00636222955563 0.244148179413
3.8 0.00659327665658 0.221057425303
3.9 0.00685280345855 0.200155488433
4 0.00714146213502 0.181234852512
4.1 0.00746017502536 0.164107769341
4.2 0.00781007811156 0.148604219668
4.3 0.00819249053484 0.134570200327
4.4 0.00860895445267 0.121866456512
4.5 0.00906118372479 0.110366730006
4.6 0.00955109936982 0.0999568813868
4.7 0.0100808138874 0.0905335125899
4.8 0.010652638334 0.0820030189122
4.9 0.0112690941162 0.0742807514997
5 0.011932911841 0.0672899707031
5.1 0.0126470488891 0.0609613293774
5.2 0.0134146944286 0.0552319732262
5.3 0.0142392843627 0.050045050499
5.4 0.0151245152477 0.045349149663
5.5 0.0160743567641 0.0410976316042
5.6 0.0170930707537 0.0372483741883
5.7 0.0181852282674 0.0337632016036
5.8 0.0193557290788 0.0306075707197
5.9 0.0206098228884 0.0277502564173
6 0.0219531323945 0.0251629337456
6.1 0.0233916769693 0.0228200224763
6.2 0.0249319000679 0.0206983431649
6.3 0.0265806969226 0.018776911029
6.4 0.0283454443508 0.017036761517
6.5 0.0302340353159 0.0154606944372
6.6 0.0322549106824 0.0140331684163
6.7 0.0344171011857 0.012740124155
6.8 0.0367302617956 0.0115688022247
6.9 0.0392047184533 0.0105076884367
7 0.0418515158966 0.0095463276854
7.1 0.0446824588255 0.00867529400907
7.2 0.047710168429 0.00788607243657
7.3 0.0509481523354 0.00717091177051
7.4 0.0544108307088 0.00652279393439
7.5 0.0581136238374 0.00593537137884
7.6 0.0620730455678 0.00540294004345
7.7 0.0663067087206 0.00492027404836
7.8 0.0708334606624 0.00448266747516
7.9 0.0756734755516 0.00408590728617
8 0.0808482677859 0.0037261206798
8.1 0.0863808742241 0.00339983120031
8.2 0.0922959312522 0.00310390402344
8.3 0.0986197175475 0.00283545893419
8.4 0.105380386041 0.00259192456132
8.5 0.112608020436 0.00237097282577
8.6 0.120334724111 0.00217046966193
8.7 0.128594943967 0.00198852812994
8.8 0.137425426661 0.00182341924247
8.9 0.146865335683 0.00167354251357
9 0.15695654665 0.00153744752219
9.1 0.16774412885 0.00141390268926
9.2 0.179276011534 0.00130174512265
9.3 0.191603290115 0.0011999020989
9.4 0.204780812265 0.00110742854837
9.5 0.218867329865 0.00102348780728
9.6 0.233925357025 0.000947295262992
9.7 0.250021594931 0.000878130268603
9.8 0.267227836574 0.000815375645824
9.9 0.285620623082 0.000758463683881
10 0.30528149291 0.000706866543433
10.1 0.326297633548 0.000660108178462
10.2 0.34876284823 0.000617788234773
10.3 0.372776897056 0.000579530268271
10.4 0.398446127574 0.000544989898354
10.5 0.425884702976 0.000513868453888
10.6 0.455214888859 0.000485906125673
10.7 0.486566778492 0.000460863283288
10.8 0.520079176689 0.000438525328721
10.9 0.555901485017 0.000418720196326
11 0.594192964139 0.000401297196238
11.1 0.63512327025 0.000386124635869
11.2 0.678873700342 0.00037309582737
11.3 0.72563911747 0.000362141713812
11.4 0.775627146973 0.000353213918848
11.5 0.829059599752 0.000346291847399
11.6 0.886173985804 0.000341390609838
11.7 0.947223543791 0.000338553326568
11.8 1.01247877255 0.000337861963158
11.9 1.08222971344 0.000339461488788
12 1.15678547751 0.000343539427988
12.1 1.23647617976 0.000350351007018
12.2 1.32165560194 0.000360270220823
12.3 1.41270079932 0.000373752145307
12.4 1.51001431214 0.000391390915719
12.5 1.61402726818 0.00041404965633
12.6 1.72519904351 0.000442766563242
12.7 1.84401974245 0.000478905647827
12.8 1.97101362941 0.000524522103841
12.9 2.10673899637 0.000582098004334
13 2.25179061882 0.000654979290065
13.1 2.4068025448 0.000748529955916
13.2 2.5724490089 0.000869290353284
13.3 2.74944591457 0.00102616787656
13.4 2.93854975105 0.00123404641388
13.5 3.14055868503 0.00151330784087
13.6 3.35630788016 0.00189499182718
13.7 3.58666228495 0.00242638079675
13.8 3.83250071087 0.0031822179122
13.9 4.09469173343 0.0042795223195
14 4.37403398235 0.00591389018622
14.1 4.67116917565 0.00841040131757
14.2 4.98639451762 0.012333116274
14.3 5.31932592961 0.0186812493771
14.4 5.66823372074 0.0292775997055
14.5 6.02872479272 0.0475432743729
14.6 6.39110665839 0.0800550886955
14.7 6.73509968422 0.139675460582
14.8 7.01956813448 0.251593844793
14.9 7.16483503529 0.463434907771
15 7.03212158444 0.855403942374
15.1 6.43650926971 1.52474373744
15.2 5.27896069655 2.48930265777
15.3 3.77038493939 3.54510542864
15.4 2.37078440278 4.34903359593
15.5 1.3771706767 4.72870277752
15.6 0.779940281165 4.75273355746
15.7 0.447231020053 4.56500550072
15.8 0.264974509993 4.27646757051
15.9 0.163629315222 3.95142516933
16 0.105572613562 3.62290666451
16.1 0.0711142569129 3.30675417921
16.2 0.0499031369757 3.00998673036
16.3 0.0363792118315 2.73519049344
16.4 0.0274689152983 2.48274230835
16.5 0.0214198143781 2.25193391538
16.6 0.0172012997216 2.04154751598
16.7 0.0141882897359 1.85015492233
16.8 0.0119913305346 1.67627271588
16.9 0.0103609571827 1.51844435612
17 0.00913368839142 1.37528109939
17.1 0.008199531423 1.24548204184
17.2 0.00748320689933 1.12784098262
17.3 0.00693221744724 1.0212472871
17.4 0.00650927783015 0.924683125773
17.5 0.00618752118171 0.837218589341
17.6 0.00594743845117 0.758005984027
17.7 0.0057744034774 0.686273926469
17.8 0.00565768085847 0.621321140166
17.9 0.00558917437715 0.562510688312
18 0.00556284502922 0.509264467182
18.1 0.00557418323196 0.461058117372
18.2 0.00561981498724 0.417416133996
18.3 0.00569728028995 0.377907446726
18.4 0.00580484781007 0.342141463227
18.5 0.00594136111179 0.309764319397
18.6 0.00610611525966 0.280455238873
18.7 0.00629877149663 0.253923600178
18.8 0.00651942507325 0.22990665844
18.9 0.00676843129132 0.208166298944
19 0.00704636453378 0.188486732472
19.1 0.00735407261129 0.170672680249
19.2 0.00769258836557 0.154547224816
19.3 0.00806317096348 0.139950261326
19.4 0.00846727617181 0.126736873105
19.5 0.00890655877424 0.114775896188
19.6 0.00938286321145 0.103948510436
19.7 0.00989823187518 0.0941471868936
19.8 0.0104549044477 0.0852745906863
19.9 0.0110553254005 0.0772426152623
20 0.0117021497254 0.0699714853569
