"Time" "Prey" "Predator"
0 8.0082560094 2.86371133419
0.1 5.06814248057 5.00482010957
0.2 2.47805722148 6.5449045074
0.3 1.06234955486 7.0054442127
0.4 0.450134131525 6.806153348
0.5 0.19986944292 6.35027400915
0.6 0.0948512559938 5.8270254934
0.7 0.0482712660345 5.30878664967
0.8 0.0262742114543 4.82089863398
0.9 0.0152243264871 4.37092758006
1 0.0093427978461 3.95972391827
1.1 0.00604142310136 3.58560940468
1.2 0.00409697999247 3.24601206208
1.3 0.00290081490205 2.9381274235
1.4 0.0021358816903 2.65918984558
1.5 0.00162931220946 2.40658343068
1.6 0.00128335674812 2.17788157369
1.7 0.00104062372085 1.97085636606
1.8 0.000866259573834 1.78347378641
1.9 0.000738594213834 1.61388272322
2 0.000643378878036 1.46040208138
2.1 0.000571428187573 1.32150655262
2.2 0.000516544261265 1.19581351385
2.3 0.000474433474255 1.0820703595
2.4 0.000442086573073 0.979142584262
2.5 0.000417361630184 0.886002918995
2.6 0.000398748925646 0.801721637063
2.7 0.00038503775358 0.725456336092
2.8 0.000375414021139 0.656445321067
2.9 0.000369232766991 0.593998488165
3 0.000366047473737 0.537492082337
3.1 0.000365490236013 0.486360805319
3.2 0.000367311686946 0.440093792396
3.3 0.000371311424197 0.398228116934
3.4 0.000377354673291 0.360345334152
3.5 0.000385342551185 0.326066467729
3.6 0.00039521453008 0.295048728541
3.7 0.000406936849797 0.266981865196
3.8 0.000420501391132 0.241585154021
3.9 0.000435918009463 0.218604367611
4 0.000453219766917 0.197809971828
4.1 0.000472454968685 0.178994109588
4.2 0.000493683761673 0.1619683718
4.3 0.00051698319759 0.146562488413
4.4 0.000542441455747 0.132622251238
4.5 0.000570161027554 0.120008237415
4.6 0.000600256984243 0.108594261256
4.7 0.000632857558017 0.0982662173764
4.8 0.000668103640889 0.0889207406485
4.9 0.000706149586011 0.0804643392027
5 0.00074716335008 0.0728124144512
5.1 0.000791327168119 0.0658884465263
5.2 0.000838838028441 0.0596231288495
5.3 0.00088990864547 0.053953878502
5.4 0.000944767983107 0.0488239675983
5.5 0.00100366226203 0.0441820511213
5.6 0.00106685604819 0.0399817210027
5.7 0.00113463326748 0.036180922522
5.8 0.00120729845837 0.0327416790172
5.9 0.00128517805942 0.0296295801927
6 0.00136862180682 0.0268134942028
6.1 0.00145800425314 0.0242652877219
6.2 0.00155372643052 0.0219594443138
6.3 0.00165621753252 0.0198729168331
6.4 0.00176593690531 0.0179848309479
6.5 0.00188337601422 0.0162763054818
6.6 0.00200906057957 0.0147302765329
6.7 0.0021435530387 0.013331268403
6.8 0.00228745482517 0.0120653018642
6.9 0.00244140933236 0.0109197058636
7 0.00260610448855 0.00988302885066
7.1 0.00278227563827 0.00894494425515
7.2 0.00297070987187 0.00809606988332
7.3 0.00317224797786 0.00732790619945
7.4 0.00338778838614 0.00663275276205
7.5 0.00361829366011 0.00600369907215
7.6 0.00386479092668 0.00543443245034
7.7 0.00412837836186 0.00491923867141
7.8 0.00441023225942 0.00445302133894
7.9 0.00471160720471 0.00403110076369
8 0.00503384592596 0.00364926438692
8.1 0.00537838495127 0.0033037222246
8.2 0.00574675671595 0.00299099541158
8.3 0.00614060264876 0.00270797383657
8.4 0.00656167681615 0.00245184175953
8.5 0.0070118515674 0.00222002296316
8.6 0.00749313526005 0.00201023546387
8.7 0.00800766996701 0.00182038502473
8.8 0.00855773927571 0.00164853690808
8.9 0.0091457899791 0.00149296627441
9 0.00977444709793 0.00135216883258
9.1 0.0104465039759 0.00122473178474
9.2 0.0111649420387 0.00110936199163
9.3 0.0119329675597 0.00100493732924
9.4 0.0127539989705 0.000910425547214
9.5 0.013631679522 0.000824871023637
9.6 0.0145699114553 0.000747417607225
9.7 0.0155728812439 0.000677313906737
9.8 0.0166450440224 0.000613853911028
9.9 0.0177911543482 0.000556388644742
10 0.0190163253174 0.000504361740971
10.1 0.0203260090943 0.000457261579064
10.2 0.0217260160215 0.00041461437232
10.3 0.023222568309 0.000375995084343
10.4 0.0248223431397 0.000341030396244
10.5 0.0265324458893 0.000309371179609
10.6 0.028360458988 0.000280696945654
10.7 0.0303145362086 0.000254730087555
10.8 0.0324033731361 0.000231215302483
10.9 0.0346362358866 0.000209915384722
11 0.0370230438838 0.000190617541012
11.1 0.0395744481092 0.000173137961105
11.2 0.0423017808986 0.000157303682853
11.3 0.0452171324983 0.000142956086973
11.4 0.0483335020798 0.000129956782456
11.5 0.0516647611899 0.000118179310196
11.6 0.0552256891638 0.000107506267497
11.7 0.0590320976612 9.78316739134e-05
11.8 0.0631009744077 8.90638900743e-05
11.9 0.0674503943207 8.11166658281e-05
12 0.0720996370532 7.39105409226e-05
12.1 0.0770694246405 6.73766493297e-05
12.2 0.0823818849947 6.14525401648e-05
12.3 0.0880605901004 5.60801622144e-05
12.4 0.0941307447727 5.12069236876e-05
12.5 0.100619441644 4.67871021e-05
12.6 0.107555510474 4.27779096965e-05
12.7 0.114969697831 3.91398711946e-05
12.8 0.122895064324 3.58388001693e-05
12.9 0.131366922872 3.28437202551e-05
13 0.140422860059 3.01255158926e-05
13.1 0.15010295696 2.76572190748e-05
13.2 0.16045043853 2.54163350311e-05
13.3 0.17151140383 2.33822629921e-05
13.4 0.183334922417 2.15356709439e-05
13.5 0.195973353008 1.98588162128e-05
13.6 0.209483167177 1.83366238763e-05
13.7 0.223924505188 1.69551038496e-05
13.8 0.239361414552 1.57012010524e-05
13.9 0.255862282657 1.45629481189e-05
14 0.273500876662 1.35304172781e-05
14.1 0.292355662327 1.25942424769e-05
14.2 0.312510231204 1.1745706264e-05
14.3 0.334053920489 1.09769090922e-05
14.4 0.357083069024 1.02813754267e-05
14.5 0.381700063025 9.65297402584e-06
14.6 0.408014007689 9.0860783163e-06
14.7 0.436141541717 8.57565128927e-06
14.8 0.466208214787 8.11749113607e-06
14.9 0.498347719117 7.70776713442e-06
15 0.532702845112 7.34310591122e-06
15.1 0.569426612544 7.02065421184e-06
15.2 0.608682211744 6.73793378511e-06
15.3 0.650643771081 6.49284154871e-06
15.4 0.695498228832 6.28387892624e-06
15.5 0.743445072683 6.10994467347e-06
15.6 0.794697038114 5.97032268635e-06
15.7 0.849482283075 5.8649193413e-06
15.8 0.90804461217 5.7941746608e-06
15.9 0.970643929349 5.75901165184e-06
16 1.03755866473 5.76124775432e-06
16.1 1.10908677331 5.80364965978e-06
16.2 1.18554577924 5.88973157751e-06
16.3 1.26727540729 6.02448261957e-06
16.4 1.35463980672 6.2149912314e-06
16.5 1.44802693 6.46972975625e-06
16.6 1.54785140081 6.79995880792e-06
16.7 1.65455808429 7.22220380948e-06
16.8 1.76862100631 7.75606469982e-06
16.9 1.89054632823 8.42699514542e-06
17 2.0208773078 9.27493484019e-06
17.1 2.16019315796 1.03481541109e-05
17.2 2.30911190208 1.17084489383e-05
17.3 2.46829668171 1.34612912704e-05
17.4 2.63845519301 1.57400808264e-05
17.5 2.82034209695 1.87130076306e-05
17.6 3.01476643541 2.26937835527e-05
17.7 3.22259258076 2.81130805709e-05
17.8 3.44474179205 3.55049850626e-05
17.9 3.68220003075 4.59422275542e-05
18 3.93602150872 6.11133465141e-05
18.1 4.20732912741 8.30883683478e-05
18.2 4.49732025271 0.000115615102817
18.3 4.80727230194 0.000166753030332
18.4 5.13854172132 0.000247990707321
18.5 5.49256186261 0.000381801489732
18.6 5.87083434233 0.000609698672574
18.7 6.27490140953 0.00101301114774
18.8 6.70628338001 0.00175488986544
18.9 7.16632658325 0.00317744274514
19 7.65583721681 0.00603206068474
19.1 8.17418232658 0.0120428212583
19.2 8.71698728692 0.0253546165407
19.3 9.27002747633 0.0563959481874
19.4 9.79260394573 0.13243830554
19.5 10.1730297448 0.325842866468
19.6 10.1258062835 0.8179899521
19.7 9.08131678642 1.95548350844
19.8 6.6087520033 3.91916384303
19.9 3.64402048441 5.90084533616
20 1.64040950963 6.88184728909
