"Time" "Prey" "Predator"
0 4.25173385482 1.89458302225
0.1 3.38686810279 2.51413352162
0.2 2.49415296781 3.05096941477
0.3 1.72965692156 3.40466539414
0.4 1.16017032023 3.55368245139
0.5 0.771820609302 3.53690368786
0.6 0.518704340447 3.4104796208
0.7 0.356152061094 3.22198431129
0.8 0.251327528339 3.00415069942
0.9 0.182724071431 2.77725019365
1 0.13691590527 2.55306271727
1.1 0.10564630417 2.33806798675
1.2 0.0838184407964 2.13557478361
1.3 0.0682586796738 1.94701471404
1.4 0.0569484913762 1.77274368365
1.5 0.0485834802515 1.61249821442
1.6 0.0423040614602 1.46567289492
1.7 0.0375321593682 1.33148640987
1.8 0.0338727971784 1.20907833113
1.9 0.0310504621008 1.09756990083
2 0.0288700911421 0.996097602651
2.1 0.0271915638769 0.903833044686
2.2 0.0259128729409 0.81999392745
2.3 0.0249589125691 0.743849040144
2.4 0.0242737379504 0.674720083497
2.5 0.0238157564852 0.611980668599
2.6 0.0235534390267 0.555055250683
2.7 0.0234630864246 0.503416157582
2.8 0.0235269195125 0.456580716171
2.9 0.0237317035929 0.414108205805
3 0.0240677622458 0.375596799332
3.1 0.0245282627245 0.340680478784
3.2 0.0251086736562 0.309026147631
3.3 0.0258063231858 0.280330913961
3.4 0.0266201470836 0.254319476795
3.5 0.0275505534815 0.230741681328
3.6 0.028598944212 0.209370481798
3.7 0.0297679578927 0.189999718204
3.8 0.03106105762 0.172442331797
3.9 0.0324826894206 0.156528626422
4 0.0340381034151 0.142104644772
4.1 0.0357333957268 0.129030788828
4.2 0.0375754598033 0.117180458335
4.3 0.0395719900629 0.106438893529
4.4 0.0417314955814 0.0967020658468
4.5 0.0440632998683 0.0878756619593
4.6 0.0465775817701 0.0798742358902
4.7 0.0492853872817 0.0726203125354
4.8 0.0521986809679 0.0660437210036
4.9 0.0553303751582 0.0600808224521
5 0.0586943957041 0.0546740559552
5.1 0.0623057228553 0.0497712308718
5.2 0.0661804482748 0.0453249969898
5.3 0.0703358535197 0.0412925543156
5.4 0.0747904747712 0.0376350513613
5.5 0.0795641831138 0.0343173235078
5.6 0.0846782699948 0.0313075597973
5.7 0.09015553993 0.02857686821
5.8 0.0960204059454 0.0260991475014
5.9 0.102298999058 0.023850739169
6 0.109019281841 0.021810182772
6.1 0.116211165187 0.0199580887626
6.2 0.123906650454 0.0182768608336
6.3 0.132139960952 0.0167505793673
6.4 0.140947691884 0.0153648490996
6.5 0.150368982729 0.0141065955858
6.6 0.16044567279 0.0129640122216
6.7 0.171222497334 0.0119264028113
6.8 0.182747284879 0.010984072037
6.9 0.195071153401 0.0101282670513
7 0.208248757445 0.00935104940326
7.1 0.222338511425 0.00864524464701
7.2 0.237402844615 0.00800437344078
7.3 0.253508501626 0.00742256246106
7.4 0.270726795474 0.00689451531007
7.5 0.289133965154 0.0064154429098
7.6 0.308811489521 0.00598102243042
7.7 0.329846385075 0.00558738106764
7.8 0.352331694563 0.005231030678
7.9 0.37636691217 0.00490881828861
8 0.402058152696 0.00461791673719
8.1 0.429518840268 0.00435580406685
8.2 0.458870453369 0.00412026858434
8.3 0.490242416433 0.00390931826524
8.4 0.52377296142 0.00372120015965
8.5 0.559610245891 0.00355445067032
8.6 0.597912086735 0.0034077838785
8.7 0.638846905728 0.00328011704263
8.8 0.68259519265 0.00317064080066
8.9 0.729349231124 0.00307872399493
9 0.779314063494 0.00300393782217
9.1 0.832709286539 0.00294616961325
9.2 0.889768879174 0.00290552847256
9.3 0.950742134406 0.00288237330489
9.4 1.01589568834 0.00287751937276
9.5 1.08551361636 0.00289213499921
9.6 1.15989827706 0.00292776920521
9.7 1.23937229635 0.00298678401836
9.8 1.32427911525 0.00307224346455
9.9 1.41498374931 0.00318789943153
10 1.51187401568 0.00333917646345
10.1 1.61536153172 0.00353317263207
10.2 1.72588269575 0.00377840787514
10.3 1.84389801976 0.00408671467862
10.4 1.96989178117 0.00447461776101
10.5 2.1043725304 0.00496347083563
10.6 2.24786705693 0.00558371650805
10.7 2.40092315675 0.00637437525186
10.8 2.56409437396 0.007392288409
10.9 2.73792919094 0.00871882222392
11 2.9229522541 0.0104703954262
11.1 3.11963629659 0.012814485466
11.2 3.3283367979 0.0160052740188
11.3 3.54921705007 0.0204240998037
11.4 3.78209832423 0.0266611660866
11.5 4.02622508741 0.0356428266035
11.6 4.27986142716 0.0488522693873
11.7 4.53961376905 0.0687007261345
11.8 4.79927763342 0.0991614592493
11.9 5.04790393606 0.146829716865
12 5.26670325568 0.222596662592
12.1 5.4245426909 0.343984344269
12.2 5.47298592187 0.537340919237
12.3 5.34556931646 0.836587469416
12.4 4.97295376052 1.27095861067
12.5 4.32674650837 1.83479844257
12.6 3.47454790394 2.45504014876
12.7 2.57698199692 3.00517885716
12.8 1.79569835731 3.37881735994
12.9 1.20705754261 3.54662855964
13 0.80298709687 3.54354487081
13.1 0.538844818532 3.42552987648
13.2 0.369118216483 3.24147565136
13.3 0.259763968219 3.02550689933
13.4 0.188314146447 2.79892540808
13.5 0.140702194651 2.57417705356
13.6 0.108269047754 2.35815079895
13.7 0.0856786835948 2.15439316904
13.8 0.0696054334836 1.96448282963
13.9 0.057942408884 1.78885560235
14 0.0493299936614 1.62729383357
14.1 0.0428732786598 1.47921767646
14.2 0.0379720249234 1.3438579391
14.3 0.0342161571125 1.22035974466
14.4 0.0313205909194 1.10784434147
14.5 0.0290834325391 1.00544615737
14.6 0.027360098271 0.912332921622
14.7 0.0260454163882 0.827717687736
14.8 0.0250620284388 0.750864326528
14.9 0.0243524972633 0.681089390629
15 0.0238739249534 0.617761761825
15.1 0.02359376505 0.560301285849
15.2 0.0234876856074 0.508175745024
15.3 0.0235374194593 0.460898269589
15.4 0.0237293273315 0.418024287887
15.5 0.0240534162809 0.379148379037
15.6 0.0245026057408 0.343901209991
15.7 0.025072177386 0.311946670282
15.8 0.0257594069996 0.282979163836
15.9 0.0265629590147 0.256720689894
16 0.0274830681898 0.23291894822
16.1 0.0285211005053 0.21134461887
16.2 0.0296795350046 0.191789723169
16.3 0.0309618018296 0.1740653768
16.4 0.0323722440039 0.158000323143
16.5 0.0339160549878 0.143439134005
16.6 0.0355992512401 0.130240903511
16.7 0.0374286616183 0.118277851986
16.8 0.0394119080533 0.107434097676
16.9 0.0415574320665 0.0976046597882
17 0.0438744874128 0.0886943209289
17.1 0.0463731808531 0.0806168574087
17.2 0.0490644715708 0.0732938906564
17.3 0.0519602338455 0.0666545179061
17.4 0.0550733282954 0.0606347888423
17.5 0.0584176087144 0.0551767089128
17.6 0.0620079373636 0.0502273275118
17.7 0.0658603288728 0.0457390016003
17.8 0.0699919566633 0.0416683907652
17.9 0.0744212455223 0.0379762699079
18 0.0791679527621 0.0346271534817
18.1 0.0842532514826 0.0315888675284
18.2 0.0896998203689 0.0288323731436
18.3 0.0955319386352 0.0263312836277
18.4 0.101775589986 0.024061675383
18.5 0.108458577484 0.0220018946321
18.6 0.115610654156 0.0201323377557
18.7 0.123263640481 0.0184352801936
18.8 0.13145157328 0.0168946468852
18.9 0.14021085185 0.0154958790284
19 0.14958039413 0.0142258204393
19.1 0.159601818226 0.0130725216649
19.2 0.170319608399 0.0120251751974
19.3 0.181781337768 0.0110740114501
19.4 0.1940378468 0.010210169086
19.5 0.207143487842 0.00942565672345
19.6 0.22115637578 0.0087132071607
19.7 0.236138602426 0.00806628220024
19.8 0.252156512141 0.0074789965326
19.9 0.269281109818 0.00694598423243
20 0.287588184717 0.00646240138137
