"Time" "Prey" "Predator"
0 18.1175126297 27.3939314336
0.1 0.15314587576 37.4435546957
0.2 0.00139835610532 33.9868325724
0.3 2.00335266265e-05 30.7535282591
0.4 4.32906247224e-07 27.8269358537
0.5 -9.76183338965e-08 25.1788852608
0.6 -7.79399360816e-08 22.7828096372
0.7 -7.79399360816e-08 20.6147549267
0.8 -7.79399360816e-08 18.6530180949
0.9 -7.79399360816e-08 16.877939196
1 -7.79399360816e-08 15.2717771351
1.1 -7.79399360816e-08 13.8184734622
1.2 -7.79399360816e-08 12.503469435
1.3 -7.79399360816e-08 11.3136038896
1.4 -7.79399360816e-08 10.2369644849
1.5 -7.79399360816e-08 9.26279673931
1.6 -7.79399360816e-08 8.38133806661
1.7 -7.79399360816e-08 7.58374151049
1.8 -7.79399360816e-08 6.86205530366
1.9 -7.79399360816e-08 6.20904516399
2 -7.79399360816e-08 5.61817640277
2.1 -7.79399360816e-08 5.08353633228
2.2 -7.79399360816e-08 4.59977429029
2.3 -7.79399360816e-08 4.16204810088
2.4 -7.79399360816e-08 3.76597745073
2.5 -7.79399360816e-08 3.40759797046
2.6 -7.79399360816e-08 3.08332286563
2.7 -7.79399360816e-08 2.78990617922
2.8 -7.79399360816e-08 2.52441195423
2.9 -7.79399360816e-08 2.28418288648
3 -7.79399360816e-08 2.06681436658
3.1 -7.79399360816e-08 1.87013139345
3.2 -7.79399360816e-08 1.69216512458
3.3 -7.79399360816e-08 1.53113448084
3.4 -7.79399360816e-08 1.38542796971
3.5 -7.79399360816e-08 1.25358677602
3.6 -7.79399360816e-08 1.13429137162
3.7 -7.79399360816e-08 1.02634917099
3.8 -7.79399360816e-08 0.928679023739
3.9 -7.79399360816e-08 0.840303594649
4 -7.79399360816e-08 0.760338135157
4.1 -7.79399360816e-08 0.687982323201
4.2 -7.79399360816e-08 0.622512118875
4.3 -7.79399360816e-08 0.563272262401
4.4 -7.79399360816e-08 0.509669819177
4.5 -7.79399360816e-08 0.461168275106
4.6 -7.79399360816e-08 0.417282224606
4.7 -7.79399360816e-08 0.37757224686
4.8 -7.79399360816e-08 0.341641363513
4.9 -7.79399360816e-08 0.309129837833
5 -7.79399360816e-08 0.279712146745
5.1 -7.79399360816e-08 0.253094075349
5.2 -7.79399360816e-08 0.22900891683
5.3 -7.79399360816e-08 0.207215821176
5.4 -7.79399360816e-08 0.187496587933
5.5 -7.79399360816e-08 0.16965382925
5.6 -7.79399360816e-08 0.153509167013
5.7 -7.79399360816e-08 0.138900815343
5.8 -7.79399360816e-08 0.125682663663
5.9 -7.79399360816e-08 0.113722363878
6 -7.79399360816e-08 0.102900195321
6.1 -7.79399360816e-08 0.0931079570534
6.2 -7.79399360816e-08 0.0842475282614
6.3 -7.79399360816e-08 0.0762303129443
6.4 -7.79399360816e-08 0.0689760410758
6.5 -7.79399360816e-08 0.0624120836416
6.6 -7.79399360816e-08 0.05647279692
6.7 -7.79399360816e-08 0.0510986749339
6.8 -7.79399360816e-08 0.0462359872802
6.9 -7.79399360816e-08 0.0418360489882
7 -7.79399360816e-08 0.0378548090459
7.1 -7.79399360816e-08 0.034252454909
7.2 -7.79399360816e-08 0.0309928925417
7.3 -7.79399360816e-08 0.0280435272067
7.4 -7.79399360816e-08 0.0253748291523
7.5 -7.79399360816e-08 0.0229600834536
7.6 -7.79399360816e-08 0.020775146521
7.7 -7.79399360816e-08 0.018798124487
7.8 -7.79399360816e-08 0.0170092463601
7.9 -7.79399360816e-08 0.0153906011932
8 -7.79399360816e-08 0.0139259853869
8.1 -7.79399360816e-08 0.0126007545083
8.2 -7.79399360816e-08 0.0114016297464
8.3 -7.79399360816e-08 0.010316620729
8.4 -7.79399360816e-08 0.00933486412752
8.5 -7.79399360816e-08 0.00844653118987
8.6 -7.79399360816e-08 0.00764273831745
8.7 -7.79399360816e-08 0.00691543310072
8.8 -7.79399360816e-08 0.0062573414663
8.9 -7.79399360816e-08 0.00566186508576
9 -7.79399360816e-08 0.00512304453475
9.1 -7.79399360816e-08 0.00463551526935
9.2 -7.79399360816e-08 0.00419440266282
9.3 -7.79399360816e-08 0.00379528006767
9.4 -7.79399360816e-08 0.00343413237121
9.5 -7.79399360816e-08 0.00310734940962
9.6 -7.79399360816e-08 0.0028116783924
9.7 -7.79399360816e-08 0.00254412981934
9.8 -7.79399360816e-08 0.00230201663475
9.9 -7.79399360816e-08 0.00208295347438
10 -7.79399360816e-08 0.00188473570801
10.1 -7.79399360816e-08 0.00170536978346
10.2 -7.79399360816e-08 0.00154308659709
10.3 -7.79399360816e-08 0.00139624996152
10.4 -7.79399360816e-08 0.00126336192623
10.5 -7.79399360816e-08 0.00114314922028
10.6 -7.79399360816e-08 0.00103436989692
10.7 -7.79399360816e-08 0.000935932426402
10.8 -7.79399360816e-08 0.000846871068058
10.9 -7.79399360816e-08 0.000766286217883
11 -7.79399360816e-08 0.000693359850264
11.1 -7.79399360816e-08 0.000627352991278
11.2 -7.79399360816e-08 0.000567607962446
11.3 -7.79399360816e-08 0.000513551990069
11.4 -7.79399360816e-08 0.000464674514954
11.5 -7.79399360816e-08 0.000420441788506
11.6 -7.79399360816e-08 0.000380412903213
11.7 -7.79399360816e-08 0.000344212911496
11.8 -7.79399360816e-08 0.000311470441933
11.9 -7.79399360816e-08 0.000281832914117
12 -7.79399360816e-08 0.000255012703252
12.1 -7.79399360816e-08 0.000230755323393
12.2 -7.79399360816e-08 0.00020879779813
12.3 -7.79399360816e-08 0.000188921830981
12.4 -7.79399360816e-08 0.000170943362055
12.5 -7.79399360816e-08 0.000154675693683
12.6 -7.79399360816e-08 0.000139939944652
12.7 -7.79399360816e-08 0.000126598583779
12.8 -7.79399360816e-08 0.000114537016737
12.9 -7.79399360816e-08 0.000103653313405
13 -7.79399360816e-08 9.38063592863e-05
13.1 -7.79399360816e-08 8.48917335775e-05
13.2 -7.79399360816e-08 7.68246949722e-05
13.3 -7.79399360816e-08 6.95339490334e-05
13.4 -7.79399360816e-08 6.29414571533e-05
13.5 -7.79399360816e-08 5.69688533075e-05
13.6 -7.79399360816e-08 5.15580267836e-05
13.7 -7.79399360816e-08 4.66598202742e-05
13.8 -7.79399360816e-08 4.22309283318e-05
13.9 -7.79399360816e-08 3.82182431166e-05
14 -7.79399360816e-08 3.45817636914e-05
14.1 -7.79399360816e-08 3.12894590538e-05
14.2 -7.79399360816e-08 2.82574548865e-05
14.3 -7.79399360816e-08 2.56070417238e-05
14.4 -7.79399360816e-08 2.31887645917e-05
14.5 -7.79399360816e-08 2.09896739906e-05
14.6 -7.79399360816e-08 1.89968204208e-05
14.7 -7.79399360816e-08 1.71962238283e-05
14.8 -7.79399360816e-08 1.55685790363e-05
14.9 -7.79399360816e-08 1.409778883e-05
15 -7.79399360816e-08 1.27684454278e-05
15.1 -7.79399360816e-08 1.15651410477e-05
15.2 -7.79399360816e-08 1.04724754602e-05
15.3 -7.79399360816e-08 9.48238524978e-06
15.4 -7.79399360816e-08 8.58892899171e-06
15.5 -7.79399360816e-08 7.78114220688e-06
15.6 -7.79399360816e-08 7.04806041617e-06
15.7 -7.79399360816e-08 6.37871914043e-06
15.8 -7.79399360816e-08 5.76440609283e-06
15.9 -7.79399360816e-08 5.20804660333e-06
16 -7.79399360816e-08 4.70555526533e-06
16.1 -7.79399360816e-08 4.2513399732e-06
16.2 -7.79399360816e-08 3.83980862131e-06
16.3 -7.79399360816e-08 3.37305460737e-06
16.4 -7.79399360816e-08 3.07572671348e-06
16.5 -7.79399360816e-08 2.79747404856e-06
16.6 -7.79399360816e-08 2.53829661262e-06
16.7 -7.79399360816e-08 2.29819440566e-06
16.8 -7.79399360816e-08 2.07716742767e-06
16.9 -7.79399360816e-08 1.87485772724e-06
17 -7.79399360816e-08 1.68939308216e-06
17.1 -7.79399360816e-08 1.52050326606e-06
17.2 -7.79399360816e-08 1.36818827893e-06
17.3 -7.79399360816e-08 1.23244812078e-06
17.4 -7.79399360816e-08 1.1132827916e-06
17.5 -7.79399360816e-08 1.00829920813e-06
17.6 -7.79399360816e-08 9.12304542932e-07
17.7 -7.79399360816e-08 8.2511946269e-07
17.8 -7.79399360816e-08 7.46743967405e-07
17.9 -7.79399360816e-08 6.77178057075e-07
18 -7.79399360816e-08 6.16418847546e-07
18.1 -7.79399360816e-08 5.6196459725e-07
18.2 -7.79399360816e-08 5.11633736859e-07
18.3 -7.79399360816e-08 4.65426266372e-07
18.4 -7.79399360816e-08 4.2334218579e-07
18.5 -7.79399360816e-08 3.85381495113e-07
18.6 -7.79399360816e-08 3.51470148762e-07
18.7 -7.79399360816e-08 3.20325702655e-07
18.8 -7.79399360816e-08 2.91482504483e-07
18.9 -7.79399360816e-08 2.64940554245e-07
19 -7.79399360816e-08 2.40699851942e-07
19.1 -7.79399360816e-08 2.18760397574e-07
19.2 -7.79399360816e-08 1.98999551975e-07
19.3 -7.79399360816e-08 1.80775865602e-07
19.4 -7.79399360816e-08 1.63996755115e-07
19.5 -7.79399360816e-08 1.48662220515e-07
19.6 -7.79399360816e-08 1.34772261802e-07
19.7 -7.79399360816e-08 1.22326878976e-07
19.8 -7.79399360816e-08 1.11146455637e-07
19.9 -7.79399360816e-08 1.00841236452e-07
20 -7.79399360816e-08 9.13977612948e-08
