"Time" "Prey" "Predator"
0 3.90863266404 19.4347056635
0.1 0.276562253154 20.1914758624
0.2 0.0224133510296 18.4524721993
0.3 0.00230178220795 16.7109856882
0.4 0.000295202689951 15.1221782772
0.5 4.62956077007e-05 13.6832938687
0.6 8.77194318191e-06 12.3811844892
0.7 1.92953621228e-06 11.2029655641
0.8 4.89121274132e-07 10.1368648981
0.9 1.09580717169e-07 9.17221293136
1 1.12574605922e-07 8.29936047031
1.1 3.98740516154e-08 7.50957145877
1.2 2.11435419859e-08 6.79494012045
1.3 3.94449675445e-08 6.14831561177
1.4 2.54048812303e-08 5.56322910306
1.5 -5.25618645207e-09 5.0338183455
1.6 2.44725256514e-09 4.5547872695
1.7 5.11914281347e-09 4.12134216088
1.8 1.16020022136e-09 3.72914489208
1.9 1.43098719559e-09 3.37427005042
2 2.22018360876e-09 3.05316610709
2.1 2.51792734008e-09 2.76261898996
2.2 5.09717214814e-09 2.49972010917
2.3 5.09122783473e-09 2.2618400783
2.4 5.6955772856e-09 2.04659737542
2.5 4.5699850157e-09 1.85183792581
2.6 3.8234657833e-09 1.67561224076
2.7 3.34407463509e-09 1.51615655285
2.8 2.89700760071e-09 1.37187518122
2.9 2.55917690328e-09 1.2413239928
3 2.36268566697e-09 1.1231963513
3.1 2.22631545708e-09 1.01630997301
3.2 2.21551327508e-09 0.919594795302
3.3 2.16095772464e-09 0.832083559284
3.4 2.06333969674e-09 0.752900171488
3.5 1.99059827433e-09 0.681252039363
3.6 1.95562665721e-09 0.616422388873
3.7 1.94405020191e-09 0.557761869929
3.8 1.93755968502e-09 0.504683823619
3.9 1.93760361059e-09 0.456656663767
4 1.95109487465e-09 0.413199949867
4.1 1.97971379927e-09 0.373878777916
4.2 2.01923644783e-09 0.338299423291
4.3 2.06786813613e-09 0.306106008462
4.4 2.12624071155e-09 0.276976077649
4.5 2.19430592049e-09 0.25061830575
4.6 2.27206250991e-09 0.226768776421
4.7 2.35972609227e-09 0.205188819685
4.8 2.45760421498e-09 0.185662533157
4.9 2.56591350767e-09 0.167994357181
5 2.68496576554e-09 0.152007591207
5.1 2.81522301229e-09 0.137542114931
5.2 2.9572283419e-09 0.124453235267
5.3 3.11156961246e-09 0.112609934826
5.4 3.27889115899e-09 0.101893651584
5.5 3.45991532474e-09 0.0921971904205
5.6 3.65542998142e-09 0.0834234178012
5.7 3.86629139023e-09 0.0754846210361
5.8 4.09343401792e-09 0.0683013014161
5.9 4.33787265387e-09 0.0618015524942
6 4.60070324397e-09 0.0559203683535
6.1 4.88310162103e-09 0.0505988228226
6.2 5.18633473139e-09 0.0457837073958
6.3 5.5117645392e-09 0.0414268039513
6.4 5.86085322401e-09 0.0374845051306
6.5 6.23516930474e-09 0.0339173894223
6.6 6.63639474812e-09 0.0306897137878
6.7 7.0663320777e-09 0.0277692025924
6.8 7.52691174001e-09 0.0251266099641
6.9 8.020200501e-09 0.0227354867335
7 8.54841070491e-09 0.0205719219841
7.1 9.11391050866e-09 0.0186142371551
7.2 9.71923342788e-09 0.0168428584556
7.3 1.03670902421e-08 0.0152400474301
7.4 1.10603805347e-08 0.013789760373
7.5 1.18022055186e-08 0.012477493033
7.6 1.2595882343e-08 0.0112900975173
7.7 1.34449576672e-08 0.0102157004103
7.8 1.43532251265e-08 0.00924354875483
7.9 1.53247402681e-08 0.00836390581
8 1.63638400981e-08 0.00756797078475
8.1 1.74751627016e-08 0.00684776251572
8.2 1.866366424e-08 0.00619609494202
8.3 1.99346448206e-08 0.00560646933337
8.4 2.12937759426e-08 0.00507296904319
8.5 2.27471104637e-08 0.00459023810056
8.6 2.43011217684e-08 0.00415343457043
8.7 2.59627441608e-08 0.00375821601772
8.8 2.77393712596e-08 0.00340059795724
8.9 2.96389108197e-08 0.00307698192591
9 3.16698363277e-08 0.00278417329438
9.1 3.3841180452e-08 0.00251922726091
9.2 3.61626040835e-08 0.00227948280372
9.3 3.86444582504e-08 0.00206256821637
9.4 4.12977768011e-08 0.00186629561475
9.5 4.41343614318e-08 0.00168868911387
9.6 4.71668563075e-08 0.00152799425724
9.7 5.04087394295e-08 0.0013825899956
9.8 5.38744348895e-08 0.0012510174836
9.9 5.75793984043e-08 0.00113198167502
10 6.15400901371e-08 0.00102427826352
10.1 6.57740748191e-08 0.000926801231585
10.2 7.03002453965e-08 0.000838598438515
10.3 7.51387495256e-08 0.000758795474284
10.4 8.03110580223e-08 0.000686582422266
10.5 8.58401629289e-08 0.000621233012455
10.6 9.17507365068e-08 0.000562110588208
10.7 9.8069034896e-08 0.000508619204097
10.8 1.04823078144e-07 0.00046021196795
10.9 1.12042994178e-07 0.000416414585737
11 1.19760912542e-07 0.000376790716209
11.1 1.28011073145e-07 0.000340935093596
11.2 1.36830142041e-07 0.000308485197656
11.3 1.4625746627e-07 0.000279126402542
11.4 1.56334917015e-07 0.000252563017928
11.5 1.6710756857e-07 0.000228516351202
11.6 1.78622350728e-07 0.000206773485139
11.7 1.90931512089e-07 0.000187097432725
11.8 2.04089424286e-07 0.000169292566588
11.9 2.18154833737e-07 0.000153182047623
12 2.33191005499e-07 0.000138609788513
12.1 2.49264642281e-07 0.000125425699007
12.2 2.66446385925e-07 0.000113492530805
12.3 2.84811392362e-07 0.000102686283424
12.4 3.04444297294e-07 9.289936493e-05
12.5 3.25433001354e-07 8.40366361064e-05
12.6 3.4786937041e-07 7.60158562063e-05
12.7 3.71850061386e-07 6.8768208599e-05
12.8 3.97482289947e-07 6.22213242168e-05
12.9 4.24885204409e-07 5.62952376025e-05
13 4.54179561708e-07 5.09327745731e-05
13.1 4.85492516822e-07 4.60854550616e-05
13.2 5.18959168548e-07 4.1711173528e-05
13.3 5.54735727134e-07 3.77548065556e-05
13.4 5.92983034234e-07 3.41724835469e-05
13.5 6.33868419923e-07 3.09288518462e-05
13.6 6.77567892538e-07 2.79938516777e-05
13.7 7.24197273624e-07 2.53113590038e-05
13.8 7.74191065529e-07 2.29228743579e-05
13.9 8.27591884551e-07 2.07469702394e-05
14 8.84655711767e-07 1.87730606734e-05
14.1 9.45646636221e-07 1.69896076768e-05
14.2 1.01089744813e-06 1.5377006625e-05
14.3 1.08070790516e-06 1.39195314544e-05
14.4 1.15536480165e-06 1.26029782094e-05
14.5 1.23515493193e-06 1.14131429343e-05
14.6 1.32036509034e-06 1.03358216737e-05
14.7 1.41142769444e-06 9.36099019858e-06
14.8 1.5088908472e-06 8.48194472117e-06
14.9 1.61315306216e-06 7.68768788788e-06
15 1.72461203785e-06 6.96719895305e-06
15.1 1.84366547284e-06 6.309457171e-06
15.2 1.97075783353e-06 5.70489410988e-06
15.3 2.10672987013e-06 5.15624740663e-06
15.4 2.25223179518e-06 4.6603378025e-06
15.5 2.40783904496e-06 4.21166396246e-06
15.6 2.5741270558e-06 3.80472455152e-06
15.7 2.751671264e-06 3.43401823465e-06
15.8 2.95461987001e-06 3.04628975781e-06
15.9 3.15074935915e-06 2.76964623184e-06
16 3.36402047173e-06 2.51217519178e-06
16.1 3.59443320775e-06 2.27387663766e-06
16.2 3.84198756722e-06 2.05475056945e-06
16.3 4.10710651838e-06 1.85453769067e-06
16.4 4.39325184636e-06 1.67111578828e-06
16.5 4.70118794241e-06 1.50401625982e-06
16.6 5.03091480653e-06 1.35323910527e-06
16.7 5.38243243872e-06 1.21878432464e-06
16.8 5.75574083898e-06 1.10065191793e-06
16.9 6.15318891846e-06 9.97068300507e-07
17 6.58215428712e-06 9.02462884615e-07
17.1 7.04317380569e-06 8.164303046e-07
17.2 7.53624747416e-06 7.38970560462e-07
17.3 8.06137529253e-06 6.70083652201e-07
17.4 8.61855726081e-06 6.09769579816e-07
17.5 9.21432898765e-06 5.56071976604e-07
17.6 9.8573396056e-06 5.06401814399e-07
17.7 1.05476301882e-05 4.6074679826e-07
17.8 1.12852007355e-05 4.19106928186e-07
17.9 1.20700512475e-05 3.81482204178e-07
18 1.29025298457e-05 3.47845233273e-07
18.1 1.37970538466e-05 3.17061547024e-07
18.2 1.47611972924e-05 2.88535159896e-07
18.3 1.57949601832e-05 2.62266071888e-07
18.4 1.68983425189e-05 2.38254283001e-07
18.5 1.80713442995e-05 2.16499793234e-07
18.6 1.93169566106e-05 1.96926320158e-07
18.7 2.06596654289e-05 1.78909391557e-07
18.8 2.21048784474e-05 1.62311093638e-07
18.9 2.36525956659e-05 1.471314264e-07
19 2.53028170844e-05 1.33370389843e-07
19.1 2.70555427031e-05 1.21027983968e-07
19.2 2.89218518576e-05 1.09972744019e-07
19.3 3.09365515796e-05 9.97916580565e-08
19.4 3.31021757426e-05 9.04546597448e-08
19.5 3.54187243465e-05 8.19617490835e-08
19.6 3.78861973913e-05 7.43129260726e-08
19.7 4.0504594877e-05 6.75081907122e-08
19.8 4.33146902384e-05 6.1396088022e-08
19.9 4.63704602026e-05 5.57761187269e-08
20 4.967216169e-05 5.06473284823e-08
