"Time" "Prey" "Predator"
0 14.873509236 2.0264263878
0.1 9.34788897968 6.39711796105
0.2 3.12337239249 10.4906560748
0.3 0.762961938116 11.238291613
0.4 0.189076085706 10.5928337633
0.5 0.0522624606878 9.68630989948
0.6 0.0163087559966 8.79137318846
0.7 0.00571012142151 7.96272868965
0.8 0.00222189233065 7.20761610245
0.9 0.000951682041383 6.52269045117
1 0.000444675842384 5.90236494762
1.1 0.000224778963257 5.34085173849
1.2 0.000122050031146 4.83268327109
1.3 7.05829038299e-05 4.37283349561
1.4 4.33251182684e-05 3.95672523116
1.5 2.8003835316e-05 3.58020527578
1.6 1.90088708855e-05 3.23951087327
1.7 1.34720644598e-05 2.93123508044
1.8 9.92568314081e-06 2.65229396248
1.9 7.57285814035e-06 2.3998960847
2 5.96668683541e-06 2.17151634058
2.1 4.84156388703e-06 1.96486952411
2.2 4.03271793892e-06 1.77788752477
2.3 3.43951980604e-06 1.60869915816
2.4 2.99734383619e-06 1.45561092623
2.5 2.66413802201e-06 1.31709130598
2.6 2.41052456358e-06 1.19175440169
2.7 2.21686441596e-06 1.07834554487
2.8 2.06680987387e-06 0.975727701656
2.9 1.95207909948e-06 0.882875090487
3 1.86561573298e-06 0.798858653963
3.1 1.80204743334e-06 0.722837493454
3.2 1.75748254729e-06 0.654050576542
3.3 1.72904650687e-06 0.591809607661
3.4 1.71459421946e-06 0.535491925154
3.5 1.71244836424e-06 0.484533545667
3.6 1.72123882394e-06 0.438423676935
3.7 1.74010973143e-06 0.396701330004
3.8 1.76871541668e-06 0.358950089878
3.9 1.80635685514e-06 0.324791233611
4 1.85290758657e-06 0.293883432753
4.1 1.90813819647e-06 0.265916929479
4.2 1.97200751269e-06 0.240611707334
4.3 2.04457017418e-06 0.217714415977
4.4 2.12597027856e-06 0.196996089299
4.5 2.21643237802e-06 0.178249497978
4.6 2.31624574279e-06 0.161286885401
4.7 2.42577178992e-06 0.145938460823
4.8 2.54542843918e-06 0.132050580803
4.9 2.6756986532e-06 0.119484308198
5 2.8171224854e-06 0.108113782284
5.1 2.97030444397e-06 0.0978253651291
5.2 3.1359078017e-06 0.088516095521
5.3 3.31465671511e-06 0.0800927073439
5.4 3.50734163822e-06 0.0724709264896
5.5 3.71481809121e-06 0.065574402052
5.6 3.93801229471e-06 0.0593341759617
5.7 4.17792320391e-06 0.0536877921151
5.8 4.43562650978e-06 0.0485787137973
5.9 4.71227952083e-06 0.0439558708529
6 5.0091248995e-06 0.0397729392871
6.1 5.32749650789e-06 0.035988066237
6.2 5.66882497663e-06 0.0325633605363
6.3 6.03464378865e-06 0.0294645404406
6.4 6.42659585375e-06 0.0266606368937
6.5 6.84644071937e-06 0.0241235516623
6.6 7.29606203525e-06 0.0218279076552
6.7 7.77747610487e-06 0.0197507251501
6.8 8.29284061211e-06 0.0178712038898
6.9 8.84446392132e-06 0.0161705492097
7 9.43481589181e-06 0.0146317229653
7.1 1.00665378963e-05 0.0132393357284
7.2 1.0742455788e-05 0.0119794632994
7.3 1.14655908676e-05 0.0108394764169
7.4 1.22391744299e-05 0.00980797429916
7.5 1.30666626828e-05 0.00887461522811
7.6 1.39517495404e-05 0.00803007667861
7.7 1.48983848978e-05 0.00726593389067
7.8 1.59107957299e-05 0.00657452495204
7.9 1.69934942998e-05 0.00594891131504
8 1.81513071023e-05 0.00538282376413
8.1 1.93894018216e-05 0.00487062577756
8.2 2.07132900024e-05 0.00440715206515
8.3 2.21288711658e-05 0.00398776106243
8.4 2.36424585848e-05 0.00360829294966
8.5 2.52607853356e-05 0.00326492528671
8.6 2.69910623294e-05 0.0029542312798
8.7 2.8840999822e-05 0.00267311792034
8.8 3.08188225126e-05 0.00241874438552
8.9 3.29333428456e-05 0.00218857749387
9 3.51939766522e-05 0.00198032210351
9.1 3.76107720725e-05 0.00179187441099
9.2 4.01945085433e-05 0.00162137312107
9.3 4.29566868361e-05 0.00146711423588
9.4 4.59095662119e-05 0.00132752244148
9.5 4.90662737905e-05 0.00120118638351
9.6 5.24409024015e-05 0.00108688147369
9.7 5.60484473373e-05 0.000983457076569
9.8 5.99049107167e-05 0.00088985899298
9.9 6.4027497999e-05 0.000805170544992
10 6.84345608715e-05 0.000728551370445
10.1 7.31456563027e-05 0.000659222981325
10.2 7.81817232205e-05 0.000596486085319
10.3 8.35652344592e-05 0.000539728873071
10.4 8.93201045187e-05 0.000488376509625
10.5 9.54718526037e-05 0.000441900351952
10.6 0.000102047918258 0.000399846219286
10.7 0.000109077568282 0.000361797609267
10.8 0.000116591990822 0.000327368680299
10.9 0.000124624697761 0.000296208284328
11 0.000133211180286 0.000268025727077
11.1 0.000142389904386 0.000242524075373
11.2 0.000152201522529 0.000219446212877
11.3 0.00016269021362 0.000198569891501
11.4 0.000173902794104 0.000179685060288
11.5 0.000185888800239 0.000162595963837
11.6 0.000198700614604 0.000147124368788
11.7 0.000212395547173 0.000133112077729
11.8 0.000227036531212 0.000120421769826
11.9 0.000242688127467 0.000108932173947
12 0.000259418339797 9.85402619173e-05
12.1 0.000277299366266 8.91571927858e-05
12.2 0.000296414540929 8.06698211108e-05
12.3 0.000316849847979 7.29877504201e-05
12.4 0.000338694702383 6.60390046287e-05
12.5 0.000362043159822 5.97633190008e-05
12.6 0.000386999429386 5.40968318251e-05
12.7 0.000413679731532 4.89669249773e-05
12.8 0.000442201693728 4.43216714517e-05
12.9 0.000472689166245 4.01164622499e-05
13 0.000505175051631 3.62510853505e-05
13.1 0.00054007490321 3.2846469955e-05
13.2 0.000577339355471 2.97384628513e-05
13.3 0.000617153241539 2.6912663469e-05
13.4 0.00065970139454 2.4354671238e-05
13.5 0.000705196780872 2.20438669236e-05
13.6 0.000753877309806 1.99541178429e-05
13.7 0.00080595031242 1.80660504097e-05
13.8 0.000861622874264 1.63603453101e-05
13.9 0.000921102080887 1.48176832304e-05
14 0.000984614340763 1.34197897874e-05
14.1 0.00105256473921 1.21580529492e-05
14.2 0.00112527620424 1.10194178439e-05
14.3 0.00120303592122 9.98889673545e-06
14.4 0.00128613107553 9.05150188761e-06
14.5 0.00137484885254 8.19224556429e-06
14.6 0.00146963790567 7.40557974651e-06
14.7 0.00157109211036 6.69444635847e-06
14.8 0.00167962851947 6.05144995403e-06
14.9 0.00179566269822 5.46910811669e-06
15 0.00191961021181 4.93993842995e-06
15.1 0.00205192283057 4.45717133285e-06
15.2 0.00219340384324 4.0209584352e-06
15.3 0.00234472579931 3.62887717553e-06
15.4 0.00250649532801 3.27720706477e-06
15.5 0.00267932080173 2.9622265286e-06
15.6 0.00286408599718 2.68004254027e-06
15.7 0.00306172889437 2.42672832884e-06
15.8 0.00327304392728 2.19844648769e-06
15.9 0.0034988255299 1.99135961022e-06
16 0.00374006214789 1.80284805491e-06
16.1 0.00399811981559 1.63266221472e-06
16.2 0.00427407216378 1.47871713486e-06
16.3 0.0045689791511 1.33884204391e-06
16.4 0.00488397474734 1.21109989824e-06
16.5 0.0052207664305 1.09536479846e-06
16.6 0.00558086312452 9.90883809633e-07
16.7 0.00596569205187 8.96645793266e-07
16.8 0.00637704792344 8.11676647959e-07
16.9 0.00681693939928 7.35023835063e-07
17 0.00728714018363 6.65711136041e-07
17.1 0.00778956454097 6.0285585524e-07
17.2 0.00832682921551 5.46042697644e-07
17.3 0.00890123582094 4.94646693561e-07
17.4 0.00951502444591 4.48000080451e-07
17.5 0.0101711640332 4.05725504507e-07
17.6 0.0108727892928 3.67511661056e-07
17.7 0.0116227121141 3.32918619106e-07
17.8 0.0124240120223 3.01553339638e-07
17.9 0.0132807172739 2.7318900916e-07
18 0.0141964476819 2.47527251544e-07
18.1 0.0151752632612 2.24303351855e-07
18.2 0.0162217744868 2.0330045523e-07
18.3 0.0173402443323 1.84271195869e-07
18.4 0.0185359210553 1.67042682945e-07
18.5 0.0198141792605 1.51451578415e-07
18.6 0.0211806769233 1.37338180105e-07
18.7 0.0226408673626 1.24533632855e-07
18.8 0.0242020974135 1.1295376658e-07
18.9 0.0258705516826 1.02454797801e-07
19 0.0276539299465 9.29368935229e-08
19.1 0.0295602130071 8.43146906552e-08
19.2 0.031597990857 7.65180885164e-08
19.3 0.0337762771169 6.94552721002e-08
19.4 0.036104772849 6.30586954329e-08
19.5 0.0385938305888 5.72739313172e-08
19.6 0.0412545981024 5.20361933179e-08
19.7 0.0440988650585 4.72898333955e-08
19.8 0.0471390850849 4.29880050051e-08
19.9 0.0503889223727 3.90877190225e-08
20 0.0538629031735 3.55512742005e-08
