"Time" "Prey" "Predator"
0 30.481867248 20.5210914428
0.1 0.258861813396 39.9449705579
0.2 0.00170631048169 36.3238268654
0.3 1.81740125672e-05 32.8683437097
0.4 3.28567487883e-07 29.7405066811
0.5 -7.78885980265e-08 26.9103461656
0.6 -7.78885980265e-08 24.3494975697
0.7 -7.78885980265e-08 22.0323494673
0.8 -7.78885980265e-08 19.9356945093
0.9 -7.78885980265e-08 18.0385465363
1 -7.78885980265e-08 16.3219473351
1.1 -7.78885980265e-08 14.7687059148
1.2 -7.78885980265e-08 13.3632750798
1.3 -7.78885980265e-08 12.0915851152
1.4 -7.78885980265e-08 10.9409192636
1.5 -7.78885980265e-08 9.89977070254
1.6 -7.78885980265e-08 8.95767824778
1.7 -7.78885980265e-08 8.10524215653
1.8 -7.78885980265e-08 7.33392796143
1.9 -7.78885980265e-08 6.63601261684
2 -7.78885980265e-08 6.00451261205
2.1 -7.78885980265e-08 5.43310812922
2.2 -7.78885980265e-08 4.91607973466
2.3 -7.78885980265e-08 4.44825333559
2.4 -7.78885980265e-08 4.02494710288
2.5 -7.78885980265e-08 3.64192340444
2.6 -7.78885980265e-08 3.29534894655
2.7 -7.78885980265e-08 2.9817557233
2.8 -7.78885980265e-08 2.69800452831
2.9 -7.78885980265e-08 2.44125580172
3 -7.78885980265e-08 2.20894012093
3.1 -7.78885980265e-08 1.99873189614
3.2 -7.78885980265e-08 1.80852770125
3.3 -7.78885980265e-08 1.6364237187
3.4 -7.78885980265e-08 1.4806972922
3.5 -7.78885980265e-08 1.33978936536
3.6 -7.78885980265e-08 1.2122913277
3.7 -7.78885980265e-08 1.09692637084
3.8 -7.78885980265e-08 0.99254011117
3.9 -7.78885980265e-08 0.89808742612
4 -7.78885980265e-08 0.81262305797
4.1 -7.78885980265e-08 0.735291691141
4.2 -7.78885980265e-08 0.665319441464
4.3 -7.78885980265e-08 0.602005928106
4.4 -7.78885980265e-08 0.544717439924
4.5 -7.78885980265e-08 0.492880651698
4.6 -7.78885980265e-08 0.445976516587
4.7 -7.78885980265e-08 0.403536013567
4.8 -7.78885980265e-08 0.365134446023
4.9 -7.78885980265e-08 0.330387176663
5 -7.78885980265e-08 0.298946740722
5.1 -7.78885980265e-08 0.270498135408
5.2 -7.78885980265e-08 0.244756788156
5.3 -7.78885980265e-08 0.221465079829
5.4 -7.78885980265e-08 0.200389766026
5.5 -7.78885980265e-08 0.181320186978
5.6 -7.78885980265e-08 0.164065272363
5.7 -7.78885980265e-08 0.148452392481
5.8 -7.78885980265e-08 0.134325280725
5.9 -7.78885980265e-08 0.121542473485
6 -7.78885980265e-08 0.109976186205
6.1 -7.78885980265e-08 0.099510534278
6.2 -7.78885980265e-08 0.0900408380018
6.3 -7.78885980265e-08 0.0814723284299
6.4 -7.78885980265e-08 0.0737191871522
6.5 -7.78885980265e-08 0.066703888581
6.6 -7.78885980265e-08 0.0603561508382
6.7 -7.78885980265e-08 0.0546124886983
6.8 -7.78885980265e-08 0.0494154249733
6.9 -7.78885980265e-08 0.0447129081285
7 -7.78885980265e-08 0.040457919872
7.1 -7.78885980265e-08 0.0366078307119
7.2 -7.78885980265e-08 0.0331241290719
7.3 -7.78885980265e-08 0.0299719505585
7.4 -7.78885980265e-08 0.0271197279939
7.5 -7.78885980265e-08 0.0245389481861
7.6 -7.78885980265e-08 0.0222037536881
7.7 -7.78885980265e-08 0.0200907846605
7.8 -7.78885980265e-08 0.0181788941249
7.9 -7.78885980265e-08 0.0164489356274
8 -7.78885980265e-08 0.0148836141967
8.1 -7.78885980265e-08 0.013467246882
8.2 -7.78885980265e-08 0.0121856666285
8.3 -7.78885980265e-08 0.0110260478041
8.4 -7.78885980265e-08 0.00997677665414
8.5 -7.78885980265e-08 0.00902736133703
8.6 -7.78885980265e-08 0.00816829237836
8.7 -7.78885980265e-08 0.00739097481088
8.8 -7.78885980265e-08 0.00668762127543
8.9 -7.78885980265e-08 0.00605118673813
9 -7.78885980265e-08 0.00547532988917
9.1 -7.78885980265e-08 0.00495429772377
9.2 -7.78885980265e-08 0.00448286179372
9.3 -7.78885980265e-08 0.00405628280515
9.4 -7.78885980265e-08 0.00367029487049
9.5 -7.78885980265e-08 0.00332105373267
9.6 -7.78885980265e-08 0.0030050300481
9.7 -7.78885980265e-08 0.00271905784413
9.8 -7.78885980265e-08 0.0024603102061
9.9 -7.78885980265e-08 0.00222618086819
10 -7.78885980265e-08 0.00201432441653
10.1 -7.78885980265e-08 0.00182264329599
10.2 -7.78885980265e-08 0.00164920106515
10.3 -7.78885980265e-08 0.00149225409125
10.4 -7.78885980265e-08 0.00135025224336
10.5 -7.78885980265e-08 0.00122176172124
10.6 -7.78885980265e-08 0.00110549329084
10.7 -7.78885980265e-08 0.00100030329643
10.8 -7.78885980265e-08 0.000905127516184
10.9 -7.78885980265e-08 0.00081898888231
11 -7.78885980265e-08 0.000741046248476
11.1 -7.78885980265e-08 0.000670526543377
11.2 -7.78885980265e-08 0.000606713832972
11.3 -7.78885980265e-08 0.000548966528593
11.4 -7.78885980265e-08 0.000496721890434
11.5 -7.78885980265e-08 0.000449453120679
11.6 -7.78885980265e-08 0.000406676876994
11.7 -7.78885980265e-08 0.000367974221811
11.8 -7.78885980265e-08 0.000332959512054
11.9 -7.78885980265e-08 0.000301274681163
12 -7.78885980265e-08 0.000272599632543
12.1 -7.78885980265e-08 0.000246656175773
12.2 -7.78885980265e-08 0.000223182942323
12.3 -7.78885980265e-08 0.000201933700839
12.4 -7.78885980265e-08 0.000182720122447
12.5 -7.78885980265e-08 0.000165332955023
12.6 -7.78885980265e-08 0.000149599244685
12.7 -7.78885980265e-08 0.000135362818858
12.8 -7.78885980265e-08 0.000122485683558
12.9 -7.78885980265e-08 0.000110835197017
13 -7.78885980265e-08 0.000100290088912
13.1 -7.78885980265e-08 9.07408202337e-05
13.2 -7.78885980265e-08 8.20923311373e-05
13.3 -7.78885980265e-08 7.42605584573e-05
13.4 -7.78885980265e-08 6.71728649615e-05
13.5 -7.78885980265e-08 6.07684849029e-05
13.6 -7.78885980265e-08 5.49832054505e-05
13.7 -7.78885980265e-08 4.97464947825e-05
13.8 -7.78885980265e-08 4.50078648978e-05
13.9 -7.78885980265e-08 4.07244999436e-05
14 -7.78885980265e-08 3.68591382134e-05
14.1 -7.78885980265e-08 3.33629785178e-05
14.2 -7.78885980265e-08 3.0197343778e-05
14.3 -7.78885980265e-08 2.73310107513e-05
14.4 -7.78885980265e-08 2.47374383736e-05
14.5 -7.78885980265e-08 2.23671662736e-05
14.6 -7.78885980265e-08 2.02563679159e-05
14.7 -7.78885980265e-08 1.83335054402e-05
14.8 -7.78885980265e-08 1.65892151254e-05
14.9 -7.78885980265e-08 1.50132561669e-05
15 -7.78885980265e-08 1.35882582179e-05
15.1 -7.78885980265e-08 1.23003505472e-05
15.2 -7.78885980265e-08 1.11369698715e-05
15.3 -7.78885980265e-08 1.00855529077e-05
15.4 -7.78885980265e-08 9.13353637251e-06
15.5 -7.78885980265e-08 8.27212758469e-06
15.6 -7.78885980265e-08 7.49535535519e-06
15.7 -7.78885980265e-08 6.79348892661e-06
15.8 -7.78885980265e-08 6.15678139483e-06
15.9 -7.78885980265e-08 5.57548585569e-06
16 -7.78885980265e-08 5.04119353457e-06
16.1 -7.78885980265e-08 4.5563729063e-06
16.2 -7.78885980265e-08 4.11815322632e-06
16.3 -7.78885980265e-08 3.72166903035e-06
16.4 -7.78885980265e-08 3.36205485407e-06
16.5 -7.78885980265e-08 3.03444523319e-06
16.6 -7.78885980265e-08 2.69204365245e-06
16.7 -7.78885980265e-08 2.4475190159e-06
16.8 -7.78885980265e-08 2.21995083012e-06
16.9 -7.78885980265e-08 2.0093390951e-06
17 -7.78885980265e-08 1.81568381086e-06
17.1 -7.78885980265e-08 1.63874631679e-06
17.2 -7.78885980265e-08 1.47664682627e-06
17.3 -7.78885980265e-08 1.32898328076e-06
17.4 -7.78885980265e-08 1.19575568028e-06
17.5 -7.78885980265e-08 1.07696402481e-06
17.6 -7.78885980265e-08 9.72608314367e-07
17.7 -7.78885980265e-08 8.81079748042e-07
17.8 -7.78885980265e-08 7.97472974266e-07
17.9 -7.78885980265e-08 7.21448330592e-07
18 -7.78885980265e-08 6.5300581702e-07
18.1 -7.78885980265e-08 5.92145433551e-07
18.2 -7.78885980265e-08 5.38867180184e-07
18.3 -7.78885980265e-08 4.91408410522e-07
18.4 -7.78885980265e-08 4.47509251624e-07
18.5 -7.78885980265e-08 4.07161233176e-07
18.6 -7.78885980265e-08 3.70364355179e-07
18.7 -7.78885980265e-08 3.37118617634e-07
18.8 -7.78885980265e-08 3.07397365734e-07
18.9 -7.78885980265e-08 2.80188657477e-07
19 -7.78885980265e-08 2.5497636948e-07
19.1 -7.78885980265e-08 2.31760501742e-07
19.2 -7.78885980265e-08 2.10541054265e-07
19.3 -7.78885980265e-08 1.91318027048e-07
19.4 -7.78885980265e-08 1.74021186846e-07
19.5 -7.78885980265e-08 1.58097348416e-07
19.6 -7.78885980265e-08 1.43428193628e-07
19.7 -7.78885980265e-08 1.30013722481e-07
19.8 -7.78885980265e-08 1.17853934975e-07
19.9 -7.78885980265e-08 1.06948831111e-07
20 -7.78885980265e-08 9.71791350099e-08
