"Time" "Prey" "Predator"
0 2.72615466603 1.09192126622
0.1 2.48749561826 1.28273151868
0.2 2.21308298324 1.46849832773
0.3 1.92304356709 1.63409470732
0.4 1.63794807422 1.76653193985
0.5 1.37438725783 1.85781761083
0.6 1.14257978555 1.90591308139
0.7 0.946380878275 1.91383792012
0.8 0.784882522389 1.88777226563
0.9 0.654421985831 1.83514526
1 0.550236950184 1.76324968871
1.1 0.467526146192 1.67847694711
1.2 0.401991743004 1.58603123673
1.3 0.350028066418 1.48993969568
1.4 0.308733500075 1.39318867012
1.5 0.275824452079 1.2979176976
1.6 0.249527958551 1.20560284117
1.7 0.228476445656 1.1172168042
1.8 0.211618113481 1.03335783962
1.9 0.19814389784 0.954350513851
2 0.187430186157 0.880322600996
2.1 0.178994931066 0.811262756674
2.2 0.172464350861 0.747063404423
2.3 0.167547768044 0.687552340566
2.4 0.164018648351 0.632515852765
2.5 0.161700295929 0.58171554567
2.6 0.160455188763 0.534900298457
2.7 0.16017623206 0.491815681232
2.8 0.160781205624 0.452209061469
2.9 0.16220759324 0.415834427174
3 0.164408951439 0.382455192741
3.1 0.167352130266 0.35184593189
3.2 0.171015093348 0.323793422693
3.3 0.175385176518 0.298097250087
3.4 0.180457904471 0.274569805831
3.5 0.186235565148 0.253036556243
3.6 0.192726952526 0.233335151053
3.7 0.199946397422 0.215315265105
3.8 0.207913612328 0.198837882232
3.9 0.216653017269 0.183774891959
4 0.226193832668 0.170008266308
4.1 0.236569627279 0.157429565234
4.2 0.247818451479 0.145939207188
4.3 0.25998263305 0.135445919397
4.4 0.273108883709 0.125866127843
4.5 0.287248361394 0.117123451289
4.6 0.302456615555 0.109148078555
4.7 0.318793605791 0.101876224014
4.8 0.336324335976 0.0952500146245
4.9 0.355118469998 0.0892166256936
5 0.375250713528 0.0837281081246
5.1 0.396801163176 0.0787411974162
5.2 0.419855177652 0.0742165372577
5.3 0.444503889717 0.0701188850083
5.4 0.470844302359 0.0664165766836
5.5 0.498979464718 0.0630812049271
5.6 0.529018847244 0.0600878704178
5.7 0.561078444745 0.057414520522
5.8 0.595280993134 0.0550420483968
5.9 0.631756153588 0.0529544532581
6 0.670640752387 0.0511382315673
6.1 0.712078578755 0.0495829964209
6.2 0.756220668255 0.0482812079794
6.3 0.803225361561 0.047228195821
6.4 0.853257346827 0.0464227370525
6.5 0.906487883372 0.0458671706968
6.6 0.963094454153 0.0455677575687
6.7 1.02325835576 0.0455354590515
6.8 1.0871646589 0.045786420525
6.9 1.15500090027 0.0463427824134
7 1.22695119934 0.0472351340557
7.1 1.30319577842 0.0485030480694
7.2 1.38390760683 0.0501967353771
7.3 1.46923965203 0.0523825001317
7.4 1.55932028649 0.0551449402678
7.5 1.65423882657 0.058593409429
7.6 1.75403668597 0.0628659713446
7.7 1.8586771021 0.0681425495239
7.8 1.96801715643 0.0746571012452
7.9 2.0817741942 0.0827121799123
8 2.199470867 0.0927030258211
8.1 2.32036273315 0.105148804981
8.2 2.44335093345 0.120729877202
8.3 2.56685809227 0.140340822724
8.4 2.68867356373 0.165154153881
8.5 2.80576300517 0.196695673305
8.6 2.91404835936 0.23692371888
8.7 3.0081799776 0.28829649906
8.8 3.08136300717 0.353778681319
8.9 3.12537112578 0.436716970683
9 3.13090621325 0.540480133986
9.1 3.08858721062 0.667718122754
9.2 2.99072855341 0.819191154848
9.3 2.83382524613 0.99231208978
9.4 2.62106466523 1.17993706386
9.5 2.36359765991 1.37026100715
9.6 2.07933502662 1.54849766731
9.7 1.78921461405 1.70007920868
9.8 1.51241859005 1.81407607977
9.9 1.26272717045 1.8852618361
10 1.04728299219 1.91413916825
10.1 0.867487953748 1.90544488715
10.2 0.720921738987 1.86614707077
10.3 0.6032434653 1.80374339938
10.4 0.509577172212 1.72516972507
10.5 0.435313047855 1.63628090783
10.6 0.376465488162 1.54172308668
10.7 0.329761604981 1.44501916714
10.8 0.292598961634 1.34873933751
10.9 0.262943880358 1.25469444416
11 0.239223680026 1.16410938766
11.1 0.220227165349 1.07776915201
11.2 0.205023005493 0.996134462052
11.3 0.192894228793 0.919430593089
11.4 0.183287518351 0.847714754405
11.5 0.175774552631 0.780926526478
11.6 0.170022625126 0.71892526045
11.7 0.165772693277 0.661517248065
11.8 0.162823107468 0.608475148302
11.9 0.161016440914 0.559553537678
12 0.160230143286 0.514498956778
12.1 0.160369347492 0.473057137747
12.2 0.161361408626 0.434978189853
12.3 0.163151660434 0.40002022839
12.4 0.165700080143 0.367951724493
12.5 0.168978884979 0.338552825331
12.6 0.172970630075 0.311616088548
12.7 0.17766650093 0.286947169145
12.8 0.183065272926 0.264364550814
12.9 0.189172426055 0.243699287383
13 0.195999340464 0.224794744895
13.1 0.203562920679 0.207505875139
13.2 0.211885053582 0.191698859537
13.3 0.220992436576 0.177250316141
13.4 0.230916296621 0.164046756229
13.5 0.241692299089 0.151983915489
13.6 0.253360466435 0.14096614757
13.7 0.265965127272 0.130905849816
13.8 0.279555050253 0.121722783974
13.9 0.294183396992 0.113343640248
14 0.309907801405 0.105701549047
14.1 0.326790604851 0.0987354959645
14.2 0.344898857735 0.092389978339
14.3 0.364304608239 0.0866145292671
14.4 0.385085012108 0.0813633777244
14.5 0.407322559654 0.0765951036312
14.6 0.431105301591 0.0722723244961
14.7 0.456527023245 0.0683614300238
14.8 0.483687535175 0.0648323411464
14.9 0.512692835703 0.0616582949349
15 0.543655386643 0.0588156748937
15.1 0.576694296858 0.0562838761608
15.2 0.611935497369 0.0540452030268
15.3 0.64951196136 0.0520848034905
15.4 0.689563660728 0.0503906834376
15.5 0.732237866525 0.0489536844573
15.6 0.777689037389 0.0477675983182
15.7 0.826078243608 0.0468294510105
15.8 0.877573573019 0.0461395334959
15.9 0.932349254577 0.0457018758184
16 0.99058423555 0.045524953944
16.1 1.05246248547 0.0456218085909
16.2 1.11817022023 0.0460113468863
16.3 1.1878929387 0.0467197523143
16.4 1.26181526902 0.0477808236198
16.5 1.34011402056 0.0492390485034
16.6 1.42295221135 0.0511523109397
16.7 1.51047320682 0.0535946433617
16.8 1.60278927415 0.0566612794589
16.9 1.69997291828 0.0604725659011
17 1.80202805054 0.06518648012
17.1 1.90887214501 0.0710064392085
17.2 2.02030661422 0.0781942101604
17.3 2.13596367452 0.0870931995634
17.4 2.25525100348 0.0981522131206
17.5 2.37727338098 0.111959280493
17.6 2.50072692147 0.129287095982
17.7 2.62376158774 0.151150522681
17.8 2.74381058831 0.178876025699
17.9 2.85738163362 0.214181541011
18 2.95983298566 0.259251035138
18.1 3.04516022669 0.316780931019
18.2 3.10588347823 0.389943108862
18.3 3.13320407313 0.482157154826
18.4 3.1176178005 0.596575826069
18.5 3.0502609126 0.735140906181
18.6 2.9250570435 0.897240482854
18.7 2.74134077357 1.07827485243
18.8 2.50596862157 1.2688495302
18.9 2.23355176794 1.45545466967
19 1.94398396384 1.6229558641
19.1 1.65795608287 1.75810469339
19.2 1.39245757688 1.85248792989
19.3 1.15818764302 1.90365148788
19.4 0.959419121436 1.91430564314
19.5 0.795523374777 1.89046630038
19.6 0.662977696692 1.8395235547
19.7 0.557058498972 1.76881073853
19.8 0.472945605185 1.68479711114
19.9 0.4062953975 1.59277473763
20 0.353452502855 1.49685035151
