"Time" "Prey" "Predator"
0 25.7314420639 25.4125910622
0.1 0.156517801759 41.0063282944
0.2 0.000908926634801 37.2129739576
0.3 8.67820498514e-06 33.6723232755
0.4 1.92701509575e-07 30.4679885813
0.5 -8.4546363261e-08 27.5685846345
0.6 -8.4546363261e-08 24.9450999281
0.7 -8.4546363261e-08 22.571272867
0.8 -8.4546363261e-08 20.4233300478
0.9 -8.4546363261e-08 18.4797760482
1 -8.4546363261e-08 16.7211899561
1.1 -8.4546363261e-08 15.1299564188
1.2 -8.4546363261e-08 13.690147249
1.3 -8.4546363261e-08 12.3873492749
1.4 -8.4546363261e-08 11.2085394987
1.5 -8.4546363261e-08 10.1419260112
1.6 -8.4546363261e-08 9.17678791825
1.7 -8.4546363261e-08 8.30350105646
1.8 -8.4546363261e-08 7.51332024613
1.9 -8.4546363261e-08 6.79833342155
2 -8.4546363261e-08 6.1513865234
2.1 -8.4546363261e-08 5.56600518584
2.2 -8.4546363261e-08 5.03632996854
2.3 -8.4546363261e-08 4.55706024795
2.4 -8.4546363261e-08 4.12339965618
2.5 -8.4546363261e-08 3.73100697162
2.6 -8.4546363261e-08 3.37595508754
2.7 -8.4546363261e-08 3.05469116326
2.8 -8.4546363261e-08 2.76399926607
2.9 -8.4546363261e-08 2.50097029623
3 -8.4546363261e-08 2.26297203117
3.1 -8.4546363261e-08 2.04762200349
3.2 -8.4546363261e-08 1.85276527992
3.3 -8.4546363261e-08 1.67645155838
3.4 -8.4546363261e-08 1.51691594043
3.5 -8.4546363261e-08 1.37256131777
3.6 -8.4546363261e-08 1.24194464419
3.7 -8.4546363261e-08 1.12375780558
3.8 -8.4546363261e-08 1.01681819971
3.9 -8.4546363261e-08 0.920055150768
4 -8.4546363261e-08 0.832500266811
4.1 -8.4546363261e-08 0.75327733914
4.2 -8.4546363261e-08 0.681593527955
4.3 -8.4546363261e-08 0.616731329736
4.4 -8.4546363261e-08 0.558041531182
4.5 -8.4546363261e-08 0.504936776726
4.6 -8.4546363261e-08 0.456885326592
4.7 -8.4546363261e-08 0.413406733379
4.8 -8.4546363261e-08 0.374065832287
4.9 -8.4546363261e-08 0.338468628734
5 -8.4546363261e-08 0.30625914703
5.1 -8.4546363261e-08 0.277114663678
5.2 -8.4546363261e-08 0.250743680202
5.3 -8.4546363261e-08 0.226882233487
5.4 -8.4546363261e-08 0.205291407676
5.5 -8.4546363261e-08 0.185755381841
5.6 -8.4546363261e-08 0.168078398014
5.7 -8.4546363261e-08 0.152083624189
5.8 -8.4546363261e-08 0.137610949338
5.9 -8.4546363261e-08 0.12451546797
6 -8.4546363261e-08 0.112666265137
6.1 -8.4546363261e-08 0.101944614464
6.2 -8.4546363261e-08 0.0922432892928
6.3 -8.4546363261e-08 0.0834651863267
6.4 -8.4546363261e-08 0.0755223990122
6.5 -8.4546363261e-08 0.0683355029277
6.6 -8.4546363261e-08 0.061832493813
6.7 -8.4546363261e-08 0.0559483417654
6.8 -8.4546363261e-08 0.0506241531806
6.9 -8.4546363261e-08 0.0458066103985
7 -8.4546363261e-08 0.0414475434149
7.1 -8.4546363261e-08 0.0375032777125
7.2 -8.4546363261e-08 0.0339343644069
7.3 -8.4546363261e-08 0.030705080578
7.4 -8.4546363261e-08 0.0277830912455
7.5 -8.4546363261e-08 0.025139184707
7.6 -8.4546363261e-08 0.0227468693834
7.7 -8.4546363261e-08 0.0205822169057
7.8 -8.4546363261e-08 0.0186235597026
7.9 -8.4546363261e-08 0.016851285527
8 -8.4546363261e-08 0.0152476757426
8.1 -8.4546363261e-08 0.0137966628655
8.2 -8.4546363261e-08 0.0124837351066
8.3 -8.4546363261e-08 0.0112957509432
8.4 -8.4546363261e-08 0.0102208140712
8.5 -8.4546363261e-08 0.00924817579244
8.6 -8.4546363261e-08 0.00836809311705
8.7 -8.4546363261e-08 0.00757176218895
8.8 -8.4546363261e-08 0.00685120329643
8.9 -8.4546363261e-08 0.00619920143449
9 -8.4546363261e-08 0.00560926126673
9.1 -8.4546363261e-08 0.00507548506429
9.2 -8.4546363261e-08 0.00459251739138
9.3 -8.4546363261e-08 0.00415550153669
9.4 -8.4546363261e-08 0.003760073532
9.5 -8.4546363261e-08 0.00340228946854
9.6 -8.4546363261e-08 0.00307853090446
9.7 -8.4546363261e-08 0.00278556548234
9.8 -8.4546363261e-08 0.00252048984936
9.9 -8.4546363261e-08 0.00228063134358
10 -8.4546363261e-08 0.0020635952502
10.1 -8.4546363261e-08 0.00186722677779
10.2 -8.4546363261e-08 0.00168953928657
10.3 -8.4546363261e-08 0.00152875510067
10.4 -8.4546363261e-08 0.00138328068846
10.5 -8.4546363261e-08 0.00125164493533
10.6 -8.4546363261e-08 0.00113253516901
10.7 -8.4546363261e-08 0.0010247743451
10.8 -8.4546363261e-08 0.000927269360328
10.9 -8.4546363261e-08 0.000839021230412
11 -8.4546363261e-08 0.000759173208954
11.1 -8.4546363261e-08 0.00068692885803
11.2 -8.4546363261e-08 0.000621552922805
11.3 -8.4546363261e-08 0.000562394012283
11.4 -8.4546363261e-08 0.000508872404601
11.5 -8.4546363261e-08 0.000460447148698
11.6 -8.4546363261e-08 0.000416623939964
11.7 -8.4546363261e-08 0.000376975605901
11.8 -8.4546363261e-08 0.000341104793955
11.9 -8.4546363261e-08 0.000308643482546
12 -8.4546363261e-08 0.000279267379623
12.1 -8.4546363261e-08 0.000252689678089
12.2 -8.4546363261e-08 0.000228642071437
12.3 -8.4546363261e-08 0.000206874190986
12.4 -8.4546363261e-08 0.000187189886556
12.5 -8.4546363261e-08 0.000169377347304
12.6 -8.4546363261e-08 0.000153258244264
12.7 -8.4546363261e-08 0.000138674429129
12.8 -8.4546363261e-08 0.000125482791346
12.9 -8.4546363261e-08 0.000113547139262
13 -8.4546363261e-08 0.000102743132123
13.1 -8.4546363261e-08 9.2958918673e-05
13.2 -8.4546363261e-08 8.40976924217e-05
13.3 -8.4546363261e-08 7.60736745203e-05
13.4 -8.4546363261e-08 6.8813165777e-05
13.5 -8.4546363261e-08 6.22547062038e-05
13.6 -8.4546363261e-08 5.63276147138e-05
13.7 -8.4546363261e-08 5.09625690412e-05
13.8 -8.4546363261e-08 4.61083077793e-05
13.9 -8.4546363261e-08 4.17214843094e-05
14 -8.4546363261e-08 3.77627108697e-05
14.1 -8.4546363261e-08 3.41807292773e-05
14.2 -8.4546363261e-08 3.09372960364e-05
14.3 -8.4546363261e-08 2.80006653586e-05
14.4 -8.4546363261e-08 2.52872525891e-05
14.5 -8.4546363261e-08 2.29184342151e-05
14.6 -8.4546363261e-08 2.07533061447e-05
14.7 -8.4546363261e-08 1.87821335141e-05
14.8 -8.4546363261e-08 1.69951814595e-05
14.9 -8.4546363261e-08 1.53810535468e-05
15 -8.4546363261e-08 1.3921347807e-05
15.1 -8.4546363261e-08 1.26022459709e-05
15.2 -8.4546363261e-08 1.14106866737e-05
15.3 -8.4546363261e-08 1.03336085504e-05
15.4 -8.4546363261e-08 9.35797791276e-06
15.5 -8.4546363261e-08 8.47598670314e-06
15.6 -8.4546363261e-08 7.68051326505e-06
15.7 -8.4546363261e-08 6.96142400384e-06
15.8 -8.4546363261e-08 6.30858532484e-06
15.9 -8.4546363261e-08 5.71186363338e-06
16 -8.4546363261e-08 5.16366031864e-06
16.1 -8.4546363261e-08 4.66706480296e-06
16.2 -8.4546363261e-08 4.21817336143e-06
16.3 -8.4546363261e-08 3.81192749422e-06
16.4 -8.4546363261e-08 3.44326870147e-06
16.5 -8.4546363261e-08 3.02952465643e-06
16.6 -8.4546363261e-08 2.76026809198e-06
16.7 -8.4546363261e-08 2.50864068572e-06
16.8 -8.4546363261e-08 2.27464243764e-06
16.9 -8.4546363261e-08 2.05827334773e-06
17 -8.4546363261e-08 1.85953341601e-06
17.1 -8.4546363261e-08 1.67797805197e-06
17.2 -8.4546363261e-08 1.51165968423e-06
17.3 -8.4546363261e-08 1.36034992885e-06
17.4 -8.4546363261e-08 1.22404878584e-06
17.5 -8.4546363261e-08 1.10275625519e-06
17.6 -8.4546363261e-08 9.96472336905e-07
17.7 -8.4546363261e-08 9.02727739858e-07
17.8 -8.4546363261e-08 8.16965982941e-07
17.9 -8.4546363261e-08 7.3908711081e-07
18 -8.4546363261e-08 6.69091123466e-07
18.1 -8.4546363261e-08 6.06978020908e-07
18.2 -8.4546363261e-08 5.52733539503e-07
18.3 -8.4546363261e-08 5.03944996563e-07
18.4 -8.4546363261e-08 4.58848451698e-07
18.5 -8.4546363261e-08 4.17443904909e-07
18.6 -8.4546363261e-08 3.79731356195e-07
18.7 -8.4546363261e-08 3.45710805557e-07
18.8 -8.4546363261e-08 3.15292899868e-07
18.9 -8.4546363261e-08 2.87310697337e-07
19 -8.4546363261e-08 2.61404107381e-07
19.1 -8.4546363261e-08 2.37573129998e-07
19.2 -8.4546363261e-08 2.15817765191e-07
19.3 -8.4546363261e-08 1.96138012958e-07
19.4 -8.4546363261e-08 1.78403041912e-07
19.5 -8.4546363261e-08 1.62039732601e-07
19.6 -8.4546363261e-08 1.4698087759e-07
19.7 -8.4546363261e-08 1.33226476879e-07
19.8 -8.4546363261e-08 1.20776530467e-07
19.9 -8.4546363261e-08 1.09631038355e-07
20 -8.4546363261e-08 9.96069290591e-08
