"Time" "Prey" "Predator"
0 5.94988266957 28.8075718895
0.1 0.106197508831 30.1944725605
0.2 0.0024426092808 27.3944318131
0.3 8.06753051347e-05 24.7891825374
0.4 3.68797465026e-06 22.4302350344
0.5 2.22295256409e-07 20.2957189357
0.6 1.75361677661e-08 18.3643266691
0.7 -1.74650093793e-08 16.6167314991
0.8 -3.32713364238e-08 15.0354316981
0.9 -3.49616756764e-08 13.6046186348
1 -3.49616756764e-08 12.3099656598
1.1 -3.49616756764e-08 11.1385148104
1.2 -3.49616756764e-08 10.0785407694
1.3 -3.49616756764e-08 9.11944783893
1.4 -3.49616756764e-08 8.25162268424
1.5 -3.49616756764e-08 7.46637414006
1.6 -3.49616756764e-08 6.75585615881
1.7 -3.49616756764e-08 6.11295179459
1.8 -3.49616756764e-08 5.53122759909
1.9 -3.49616756764e-08 5.00486189857
2 -3.49616756764e-08 4.52858656451
2.1 -3.49616756764e-08 4.09763477034
2.2 -3.49616756764e-08 3.70769379092
2.3 -3.49616756764e-08 3.35485989637
2.4 -3.49616756764e-08 3.03560172096
2.5 -3.49616756764e-08 2.74672577393
2.6 -3.49616756764e-08 2.4853401549
2.7 -3.49616756764e-08 2.24882879393
2.8 -3.49616756764e-08 2.03482441084
2.9 -3.49616756764e-08 1.84118516598
3 -3.49616756764e-08 1.66597322511
3.1 -3.49616756764e-08 1.50743490487
3.2 -3.49616756764e-08 1.36398344889
3.3 -3.49616756764e-08 1.23418304481
3.4 -3.49616756764e-08 1.11673438172
3.5 -3.49616756764e-08 1.01046292536
3.6 -3.49616756764e-08 0.914304400756
3.7 -3.49616756764e-08 0.827296733431
3.8 -3.49616756764e-08 0.748569008846
3.9 -3.49616756764e-08 0.677333057177
4 -3.49616756764e-08 0.612876311374
4.1 -3.49616756764e-08 0.554553194672
4.2 -3.49616756764e-08 0.501780480161
4.3 -3.49616756764e-08 0.454029693719
4.4 -3.49616756764e-08 0.410823017413
4.5 -3.49616756764e-08 0.371728021353
4.6 -3.49616756764e-08 0.33635330466
4.7 -3.49616756764e-08 0.304345068709
4.8 -3.49616756764e-08 0.275382714452
4.9 -3.49616756764e-08 0.249176582522
5 -3.49616756764e-08 0.225464265453
5.1 -3.49616756764e-08 0.204008471827
5.2 -3.49616756764e-08 0.184594492262
5.3 -3.49616756764e-08 0.167027941458
5.4 -3.49616756764e-08 0.151133140251
5.5 -3.49616756764e-08 0.136750882854
5.6 -3.49616756764e-08 0.12373731086
5.7 -3.49616756764e-08 0.111962108363
5.8 -3.49616756764e-08 0.101307443202
5.9 -3.49616756764e-08 0.0916667753764
6 -3.49616756764e-08 0.0829434997336
6.1 -3.49616756764e-08 0.0750503874317
6.2 -3.49616756764e-08 0.0679083919933
6.3 -3.49616756764e-08 0.0614460302888
6.4 -3.49616756764e-08 0.0555986734892
6.5 -3.49616756764e-08 0.050307735362
6.6 -3.49616756764e-08 0.0455203209879
6.7 -3.49616756764e-08 0.0411884876704
6.8 -3.49616756764e-08 0.0372688744872
6.9 -3.49616756764e-08 0.0337222774944
7 -3.49616756764e-08 0.0305131644253
7.1 -3.49616756764e-08 0.0276094519045
7.2 -3.49616756764e-08 0.024982061231
7.3 -3.49616756764e-08 0.022604695068
7.4 -3.49616756764e-08 0.0204535779457
7.5 -3.49616756764e-08 0.0185071564358
7.6 -3.49616756764e-08 0.0167459681047
7.7 -3.49616756764e-08 0.015152375769
7.8 -3.49616756764e-08 0.0137104303919
7.9 -3.49616756764e-08 0.0124057119513
8 -3.49616756764e-08 0.0112251487044
8.1 -3.49616756764e-08 0.0101569337934
8.2 -3.49616756764e-08 0.00919035933108
8.3 -3.49616756764e-08 0.00831575734527
8.4 -3.49616756764e-08 0.00752441035793
8.5 -3.49616756764e-08 0.00680839018413
8.6 -3.49616756764e-08 0.0061605161634
8.7 -3.49616756764e-08 0.00557428016683
8.8 -3.49616756764e-08 0.00504384917738
8.9 -3.49616756764e-08 0.00456389396454
9 -3.49616756764e-08 0.0041295773841
9.1 -3.49616756764e-08 0.0037366026404
9.2 -3.49616756764e-08 0.00338102364551
9.3 -3.49616756764e-08 0.00305926946481
9.4 -3.49616756764e-08 0.00276815060058
9.5 -3.49616756764e-08 0.00250473214487
9.6 -3.49616756764e-08 0.00226637215519
9.7 -3.49616756764e-08 0.00205070588097
9.8 -3.49616756764e-08 0.00185555656279
9.9 -3.49616756764e-08 0.0016789831928
10 -3.49616756764e-08 0.00151923347706
10.1 -3.49616756764e-08 0.00137468428255
10.2 -3.49616756764e-08 0.0012438568196
10.3 -3.49616756764e-08 0.00112548361869
10.4 -3.49616756764e-08 0.00101838118456
10.5 -3.49616756764e-08 0.000921458826125
10.6 -3.49616756764e-08 0.00083375525889
10.7 -3.49616756764e-08 0.000754408783045
10.8 -3.49616756764e-08 0.000682616955936
10.9 -3.49616756764e-08 0.000617648528352
11 -3.49616756764e-08 0.0005588707971
11.1 -3.49616756764e-08 0.000505692849304
11.2 -3.49616756764e-08 0.000457567891355
11.3 -3.49616756764e-08 0.000414017726891
11.4 -3.49616756764e-08 0.000374615969821
11.5 -3.49616756764e-08 0.000338964568272
11.6 -3.49616756764e-08 0.000306693988762
11.7 -3.49616756764e-08 0.000277511098631
11.8 -3.49616756764e-08 0.00025110360266
11.9 -3.49616756764e-08 0.000227206545214
12 -3.49616756764e-08 0.000205586643959
12.1 -3.49616756764e-08 0.000186030364611
12.2 -3.49616756764e-08 0.000168335586463
12.3 -3.49616756764e-08 0.000152317881269
12.4 -3.49616756764e-08 0.000137811753526
12.5 -3.49616756764e-08 0.000124674072407
12.6 -3.49616756764e-08 0.000112777963794
12.7 -3.49616756764e-08 0.000102014713826
12.8 -3.49616756764e-08 9.22934851065e-05
12.9 -3.49616756764e-08 8.35061684421e-05
13 -3.49616756764e-08 7.55522000663e-05
13.1 -3.49616756764e-08 6.83559062186e-05
13.2 -3.49616756764e-08 6.18534363871e-05
13.3 -3.49616756764e-08 5.5985155992e-05
13.4 -3.49616756764e-08 5.06745965614e-05
13.5 -3.49616756764e-08 4.5865919058e-05
13.6 -3.49616756764e-08 4.15122384606e-05
13.7 -3.49616756764e-08 3.74945964697e-05
13.8 -3.49616756764e-08 3.39797655909e-05
13.9 -3.49616756764e-08 3.07680569522e-05
14 -3.49616756764e-08 2.78449304988e-05
14.1 -3.49616756764e-08 2.51958461762e-05
14.2 -3.49616756764e-08 2.28030971869e-05
14.3 -3.49616756764e-08 2.06391796027e-05
14.4 -3.49616756764e-08 1.86838129788e-05
14.5 -3.49616756764e-08 1.69174928597e-05
14.6 -3.49616756764e-08 1.53207147897e-05
14.7 -3.49616756764e-08 1.38741225141e-05
14.8 -3.49616756764e-08 1.25669169341e-05
14.9 -3.49616756764e-08 1.13878118066e-05
15 -3.49616756764e-08 1.03216738124e-05
15.1 -3.49616756764e-08 9.3533696321e-06
15.2 -3.49616756764e-08 8.46776594648e-06
15.3 -3.49616756764e-08 7.65456374526e-06
15.4 -3.49616756764e-08 6.9184201934e-06
15.5 -3.49616756764e-08 6.25296517778e-06
15.6 -3.49616756764e-08 5.65064397037e-06
15.7 -3.49616756764e-08 5.10390184312e-06
15.8 -3.49616756764e-08 4.49398347014e-06
15.9 -3.49616756764e-08 4.09380287374e-06
16 -3.49616756764e-08 3.71994921869e-06
16.1 -3.49616756764e-08 3.37242250499e-06
16.2 -3.49616756764e-08 3.05122273263e-06
16.3 -3.49616756764e-08 2.75634990162e-06
16.4 -3.49616756764e-08 2.48696314595e-06
16.5 -3.49616756764e-08 2.24022234121e-06
16.6 -3.49616756764e-08 2.01589537513e-06
16.7 -3.49616756764e-08 1.8139822477e-06
16.8 -3.49616756764e-08 1.63448295892e-06
16.9 -3.49616756764e-08 1.4773975088e-06
17 -3.49616756764e-08 1.33836255743e-06
17.1 -3.49616756764e-08 1.21114729399e-06
17.2 -3.49616756764e-08 1.09570427081e-06
17.3 -3.49616756764e-08 9.92033487891e-07
17.4 -3.49616756764e-08 9.00134945236e-07
17.5 -3.49616756764e-08 8.19932908305e-07
17.6 -3.49616756764e-08 7.474758513e-07
17.7 -3.49616756764e-08 6.80532348034e-07
17.8 -3.49616756764e-08 6.19102398509e-07
17.9 -3.49616756764e-08 5.63186002725e-07
18 -3.49616756764e-08 5.12783160681e-07
18.1 -3.49616756764e-08 4.67695348443e-07
18.2 -3.49616756764e-08 4.26133682608e-07
18.3 -3.49616756764e-08 3.87671691966e-07
18.4 -3.49616756764e-08 3.52309376519e-07
18.5 -3.49616756764e-08 3.20046736265e-07
18.6 -3.49616756764e-08 2.90883771205e-07
18.7 -3.49616756764e-08 2.64573015158e-07
18.8 -3.49616756764e-08 2.40278621841e-07
18.9 -3.49616756764e-08 2.17932280798e-07
19 -3.49616756764e-08 1.97533992027e-07
19.1 -3.49616756764e-08 1.7908375553e-07
19.2 -3.49616756764e-08 1.62581571307e-07
19.3 -3.49616756764e-08 1.47703949506e-07
19.4 -3.49616756764e-08 1.33988949478e-07
19.5 -3.49616756764e-08 1.21433053542e-07
19.6 -3.49616756764e-08 1.10036261699e-07
19.7 -3.49616756764e-08 9.97985739474e-08
19.8 -3.49616756764e-08 9.07138176613e-08
19.9 -3.49616756764e-08 8.24599298058e-08
20 -3.49616756764e-08 7.48550414205e-08
