"Time" "Prey" "Predator"
0 6.87995796248 15.9131007865
0.1 0.646504840613 18.9006469041
0.2 0.0603555323411 17.5239484102
0.3 0.00695767387933 15.8949074883
0.4 0.000989468126394 14.3866394056
0.5 0.000170437547198 13.0181671439
0.6 3.4911122445e-05 11.7794241042
0.7 8.41703625762e-06 10.6584844791
0.8 2.30950283505e-06 9.6442019764
0.9 7.1877803346e-07 8.72643821939
1 2.1564453012e-07 7.89600770955
1.1 7.59998254558e-08 7.14459837552
1.2 9.46250065877e-08 6.46469899541
1.3 4.00669524052e-08 5.84950056186
1.4 1.8275466352e-08 5.292845601
1.5 4.67299021418e-08 4.78916191652
1.6 4.78243809922e-08 4.33341751993
1.7 2.90163972557e-08 3.92104134095
1.8 8.07734479204e-09 3.5479030197
1.9 1.58389365101e-08 3.21027632656
2 1.29885341577e-08 2.90477835286
2.1 8.26577278058e-09 2.62835218214
2.2 6.73058306454e-09 2.37823148677
2.3 6.93185129045e-09 2.15191300478
2.4 4.98859075743e-09 1.94713152625
2.5 3.69864317522e-09 1.76183786631
2.6 3.11001192865e-09 1.59417718206
2.7 3.30962961419e-09 1.44247157725
2.8 2.96981890463e-09 1.3052024014
2.9 2.53450036369e-09 1.18099625761
3 2.36708196374e-09 1.06860983987
3.1 2.23543831005e-09 0.966918311357
3.2 2.12085609404e-09 0.874904124557
3.3 2.02367763851e-09 0.791646089253
3.4 1.95117757338e-09 0.716311151755
3.5 1.90937519456e-09 0.648145230875
3.6 1.88319878052e-09 0.586466050395
3.7 1.86793680476e-09 0.53065596889
3.8 1.86621900401e-09 0.480157154144
3.9 1.87623351725e-09 0.434464065785
4 1.897765604e-09 0.393119370078
4.1 1.92988234853e-09 0.355709130485
4.2 1.97189202494e-09 0.321858931504
4.3 2.02348991154e-09 0.291229946061
4.4 2.08451771393e-09 0.263515754659
4.5 2.15494622863e-09 0.238438920617
4.6 2.23485979196e-09 0.215748454677
4.7 2.32441959541e-09 0.195217247231
4.8 2.4238730768e-09 0.176639818698
4.9 2.53354346126e-09 0.159830162711
5 2.65383328067e-09 0.144620271507
5.1 2.78520369476e-09 0.130857814169
5.2 2.9281857846e-09 0.118405021437
5.3 3.0833793011e-09 0.107137317796
5.4 3.25144248295e-09 0.0969418157931
5.5 3.43310509749e-09 0.087716579543
5.6 3.62916280695e-09 0.0793692184548
5.7 3.84048225395e-09 0.0718162017614
5.8 4.06800372381e-09 0.0649820026921
5.9 4.31274216687e-09 0.0587981380576
6 4.57579359805e-09 0.0532027624832
6.1 4.85833761502e-09 0.0481398391552
6.2 5.16164275732e-09 0.0435587052228
6.3 5.48707177053e-09 0.0394135499612
6.4 5.83608695306e-09 0.0356628392991
6.5 6.21025666742e-09 0.0322690736769
6.6 6.61126189882e-09 0.0291982644222
6.7 7.04090345636e-09 0.0264196752556
6.8 7.50110987571e-09 0.0239055131136
6.9 7.99394600926e-09 0.021630590636
7 8.52162166437e-09 0.0195721670677
7.1 9.08650184148e-09 0.0177096273491
7.2 9.69111672701e-09 0.0160243290633
7.3 1.03381729541e-08 0.0144994153144
7.4 1.10305660122e-08 0.013119608372
7.5 1.17713922207e-08 0.0118711126181
7.6 1.25639634419e-08 0.0107414244805
7.7 1.34118210361e-08 0.00971923854712
7.8 1.43187516884e-08 0.00879433236614
7.9 1.52888049014e-08 0.00795743851214
8 1.63263095792e-08 0.00720018739882
8.1 1.74358953387e-08 0.00651499893104
8.2 1.86225107955e-08 0.00589501233594
8.3 1.98914476613e-08 0.00533402266851
8.4 2.12483644458e-08 0.00482640328748
8.5 2.26993069082e-08 0.00436709202027
8.6 2.42507386547e-08 0.0039515159888
8.7 2.59095797045e-08 0.00357550191752
8.8 2.76832140781e-08 0.00323527598683
8.9 2.95795293345e-08 0.00292741259043
9 3.16069868111e-08 0.00264885855081
9.1 3.37746099276e-08 0.00239681713218
9.2 3.60920288688e-08 0.00216872936743
9.3 3.85695789408e-08 0.00196234406319
9.4 4.12182896601e-08 0.00177560628303
9.5 4.40499248797e-08 0.00160662812164
9.6 4.70771019626e-08 0.00145373263156
9.7 5.03133014089e-08 0.00131539903888
9.8 5.3773019712e-08 0.00119018673504
9.9 5.74712989022e-08 0.00107694976572
10 6.14249395155e-08 0.000974473137388
10.1 6.56514259064e-08 0.000881741439279
10.2 7.01695887775e-08 0.00079782991308
10.3 7.49996396706e-08 0.000721912311442
10.4 8.01629795453e-08 0.000653217284789
10.5 8.56823433067e-08 0.000591046875507
10.6 9.15826717136e-08 0.000534771908857
10.7 9.78902890729e-08 0.000483836386465
10.8 1.04632843397e-07 0.000437757806051
10.9 1.1184004172e-07 0.000396095168403
11 1.19544771105e-07 0.000358388219617
11.1 1.27781088119e-07 0.000324266419862
11.2 1.36584897575e-07 0.000293412684849
11.3 1.45995818693e-07 0.000265504705016
11.4 1.56056288245e-07 0.000240242569019
11.5 1.6681049661e-07 0.000217381533161
11.6 1.78305485558e-07 0.000196705568353
11.7 1.90593692758e-07 0.000177989347179
11.8 2.03729740457e-07 0.000161046218494
11.9 2.17771020919e-07 0.000145719461434
12 2.3278043415e-07 0.000131854848518
12.1 2.48826917975e-07 0.000119295612643
12.2 2.65981101908e-07 0.000107923713245
12.3 2.84317334204e-07 9.76405895856e-05
12.4 3.03914622302e-07 8.83615321271e-05
12.5 3.2486453519e-07 7.99687180858e-05
12.6 3.47261254931e-07 7.23703360606e-05
12.7 3.71202747303e-07 6.54936288196e-05
12.8 3.96792060558e-07 5.9277174668e-05
12.9 4.24143654494e-07 5.3657505042e-05
13 4.53384757182e-07 4.85662357957e-05
13.1 4.84644241113e-07 4.39535878614e-05
13.2 5.18057811408e-07 3.97774171203e-05
13.3 5.53769676247e-07 3.60014754546e-05
13.4 5.91946509188e-07 3.25811356782e-05
13.5 6.32759871693e-07 2.94813627413e-05
13.6 6.76388281466e-07 2.6674599062e-05
13.7 7.23019507172e-07 2.41384184081e-05
13.8 7.72777610533e-07 2.18278365713e-05
13.9 8.2612518826e-07 1.9767794282e-05
14 8.83108462786e-07 1.7893828566e-05
14.1 9.44000520923e-07 1.61949543291e-05
14.2 1.00908326602e-06 1.46596442567e-05
14.3 1.07871186701e-06 1.32718651719e-05
14.4 1.1532059209e-06 1.20177715849e-05
14.5 1.2328713828e-06 1.08843569879e-05
14.6 1.31801420784e-06 9.85861487294e-06
14.7 1.40894035114e-06 8.92753873207e-06
14.8 1.50611253436e-06 8.0831078115e-06
14.9 1.61011461879e-06 7.32115404384e-06
15 1.72137164672e-06 6.63245833178e-06
15.1 1.84030788318e-06 6.00777685919e-06
15.2 1.96734759324e-06 5.43786580997e-06
15.3 2.10296590196e-06 4.91469464668e-06
15.4 2.24806058859e-06 4.44031535084e-06
15.5 2.40332422678e-06 4.01188467469e-06
15.6 2.56937069209e-06 3.62468200741e-06
15.7 2.74681386007e-06 3.27398673815e-06
15.8 2.93626760626e-06 2.95507825607e-06
15.9 3.1527912928e-06 2.62013049472e-06
16 3.3620958112e-06 2.38375323919e-06
16.1 3.58968701219e-06 2.16345649796e-06
16.2 3.83556489577e-06 1.95924027101e-06
16.3 4.09972946192e-06 1.77110455836e-06
16.4 4.38264047598e-06 1.59885485573e-06
16.5 4.68799381857e-06 1.44092761632e-06
16.6 5.01659355223e-06 1.29698268051e-06
16.7 5.36843967695e-06 1.1670200483e-06
16.8 5.74353219272e-06 1.05103971969e-06
16.9 6.14187109956e-06 9.49041694681e-07
17 6.56599207367e-06 8.59509285256e-07
17.1 7.02374983772e-06 7.77744271808e-07
17.2 7.51570297155e-06 7.03412545684e-07
17.3 8.04185147517e-06 6.36514106884e-07
17.4 8.60219534858e-06 5.77048955408e-07
17.5 9.19673459178e-06 5.25017091257e-07
17.6 9.83250200106e-06 4.78706300068e-07
17.7 1.05186685293e-05 4.35883808899e-07
17.8 1.12552733308e-05 3.96540085222e-07
17.9 1.20423164054e-05 3.60675129038e-07
18 1.28797977532e-05 3.28288940348e-07
18.1 1.37681058489e-05 2.99356454947e-07
18.2 1.47226826877e-05 2.72881362646e-07
18.3 1.57515296177e-05 2.48347420293e-07
18.4 1.68546466387e-05 2.25754627887e-07
18.5 1.80320337508e-05 2.05102985428e-07
18.6 1.9283690954e-05 1.86392492917e-07
18.7 2.06128692317e-05 1.69556187752e-07
18.8 2.20457104176e-05 1.54055609758e-07
18.9 2.35879033509e-05 1.39773582247e-07
19 2.52394480318e-05 1.26710105221e-07
19.1 2.70003444602e-05 1.14865178678e-07
19.2 2.88705926361e-05 1.04238802619e-07
19.3 3.0862151369e-05 9.47171678783e-08
19.4 3.30120797842e-05 8.59475915163e-08
19.5 3.53230150276e-05 7.79049764381e-08
19.6 3.77949570993e-05 7.05893226437e-08
19.7 4.04279059992e-05 6.4000630133e-08
19.8 4.32218617272e-05 5.8138898906e-08
19.9 4.62206935928e-05 5.2872736637e-08
20 4.94816410505e-05 4.80307062731e-08
