"Time" "Prey" "Predator"
0 39.5036867845 17.6902500574
0.1 0.250956252056 43.7888925918
0.2 0.00101601032508 39.7964345508
0.3 7.01435503067e-06 36.0100099926
0.4 -2.21865868703e-08 32.5832131822
0.5 -7.24740955354e-08 29.4825137884
0.6 -7.24740955354e-08 26.6768839476
0.7 -7.24740955354e-08 24.1382408607
0.8 -7.24740955354e-08 21.8411718625
0.9 -7.24740955354e-08 19.7627058493
1 -7.24740955354e-08 17.8820319873
1.1 -7.24740955354e-08 16.1803271419
1.2 -7.24740955354e-08 14.6405604393
1.3 -7.24740955354e-08 13.2473432631
1.4 -7.24740955354e-08 11.9866930879
1.5 -7.24740955354e-08 10.8460057087
1.6 -7.24740955354e-08 9.81387388836
1.7 -7.24740955354e-08 8.87996073881
1.8 -7.24740955354e-08 8.03492089551
1.9 -7.24740955354e-08 7.27029748376
2 -7.24740955354e-08 6.57843748969
2.1 -7.24740955354e-08 5.95241668072
2.2 -7.24740955354e-08 5.38597002356
2.3 -7.24740955354e-08 4.87342636106
2.4 -7.24740955354e-08 4.40965761149
2.5 -7.24740955354e-08 3.99002276429
2.6 -7.24740955354e-08 3.61032195962
2.7 -7.24740955354e-08 3.26675440445
2.8 -7.24740955354e-08 2.95588148723
2.9 -7.24740955354e-08 2.67459213596
3 -7.24740955354e-08 2.4200710266
3.1 -7.24740955354e-08 2.18977077141
3.2 -7.24740955354e-08 1.98138642606
3.3 -7.24740955354e-08 1.79283191906
3.4 -7.24740955354e-08 1.62222092187
3.5 -7.24740955354e-08 1.46784597792
3.6 -7.24740955354e-08 1.32816159062
3.7 -7.24740955354e-08 1.20177036978
3.8 -7.24740955354e-08 1.08740651389
3.9 -7.24740955354e-08 0.983926105439
4 -7.24740955354e-08 0.890292908185
4.1 -7.24740955354e-08 0.805570234833
4.2 -7.24740955354e-08 0.728910046984
4.3 -7.24740955354e-08 0.65954496925
4.4 -7.24740955354e-08 0.596780977262
4.5 -7.24740955354e-08 0.539989587977
4.6 -7.24740955354e-08 0.488602793019
4.7 -7.24740955354e-08 0.44210597062
4.8 -7.24740955354e-08 0.400034005227
4.9 -7.24740955354e-08 0.361965695039
5 -7.24740955354e-08 0.327520052935
5.1 -7.24740955354e-08 0.296352387319
5.2 -7.24740955354e-08 0.268150643142
5.3 -7.24740955354e-08 0.242632745427
5.4 -7.24740955354e-08 0.219543129314
5.5 -7.24740955354e-08 0.198650838121
5.6 -7.24740955354e-08 0.179746680309
5.7 -7.24740955354e-08 0.162641500591
5.8 -7.24740955354e-08 0.147164103644
5.9 -7.24740955354e-08 0.133159549636
6 -7.24740955354e-08 0.12048774806
6.1 -7.24740955354e-08 0.109021793019
6.2 -7.24740955354e-08 0.0986469950447
6.3 -7.24740955354e-08 0.0892594406621
6.4 -7.24740955354e-08 0.0807652426858
6.5 -7.24740955354e-08 0.0730794160489
6.6 -7.24740955354e-08 0.0661249675966
6.7 -7.24740955354e-08 0.0598323564167
6.8 -7.24740955354e-08 0.0541385424696
6.9 -7.24740955354e-08 0.0489865665963
7 -7.24740955354e-08 0.0443248773333
7.1 -7.24740955354e-08 0.040106785027
7.2 -7.24740955354e-08 0.0362901247184
7.3 -7.24740955354e-08 0.0328366588144
7.4 -7.24740955354e-08 0.0297118343051
7.5 -7.24740955354e-08 0.0268843803226
7.6 -7.24740955354e-08 0.0243259800193
7.7 -7.24740955354e-08 0.022011058517
7.8 -7.24740955354e-08 0.0199164238411
7.9 -7.24740955354e-08 0.018021121676
8 -7.24740955354e-08 0.0163061871348
8.1 -7.24740955354e-08 0.0147544428549
8.2 -7.24740955354e-08 0.0133503735964
8.3 -7.24740955354e-08 0.0120799135043
8.4 -7.24740955354e-08 0.0109303501197
8.5 -7.24740955354e-08 0.00989019425191
8.6 -7.24740955354e-08 0.00894901451874
8.7 -7.24740955354e-08 0.00809740194836
8.8 -7.24740955354e-08 0.00732681557391
8.9 -7.24740955354e-08 0.006629555474
9 -7.24740955354e-08 0.00599867448242
9.1 -7.24740955354e-08 0.00542784747895
9.2 -7.24740955354e-08 0.00491134855886
9.3 -7.24740955354e-08 0.00444398601272
9.4 -7.24740955354e-08 0.00402111475874
9.5 -7.24740955354e-08 0.00363848607185
9.6 -7.24740955354e-08 0.00329223404639
9.7 -7.24740955354e-08 0.00297893943594
9.8 -7.24740955354e-08 0.00269546247045
9.9 -7.24740955354e-08 0.00243894625194
10 -7.24740955354e-08 0.0022068541913
10.1 -7.24740955354e-08 0.0019968538281
10.2 -7.24740955354e-08 0.00180682278796
10.3 -7.24740955354e-08 0.00163488463766
10.4 -7.24740955354e-08 0.00147931067584
10.5 -7.24740955354e-08 0.00133853267785
10.6 -7.24740955354e-08 0.00121116726806
10.7 -7.24740955354e-08 0.00109593070706
10.8 -7.24740955354e-08 0.000991639647169
10.9 -7.24740955354e-08 0.000897265127712
11 -7.24740955354e-08 0.000811878622937
11.1 -7.24740955354e-08 0.000734616104647
11.2 -7.24740955354e-08 0.000664694632545
11.3 -7.24740955354e-08 0.000601434484255
11.4 -7.24740955354e-08 0.000544200698454
11.5 -7.24740955354e-08 0.0004924083473
11.6 -7.24740955354e-08 0.000445545658316
11.7 -7.24740955354e-08 0.000403149170784
11.8 -7.24740955354e-08 0.000364786813619
11.9 -7.24740955354e-08 0.000330066927827
12 -7.24740955354e-08 0.000298653647537
12.1 -7.24740955354e-08 0.000270231921975
12.2 -7.24740955354e-08 0.000244501084233
12.3 -7.24740955354e-08 0.000221238450966
12.4 -7.24740955354e-08 0.000200185992765
12.5 -7.24740955354e-08 0.000181136101859
12.6 -7.24740955354e-08 0.000163897744016
12.7 -7.24740955354e-08 0.000148305287794
12.8 -7.24740955354e-08 0.000134198998043
12.9 -7.24740955354e-08 0.000121432196731
13 -7.24740955354e-08 0.000109871877193
13.1 -7.24740955354e-08 9.94019705178e-05
13.2 -7.24740955354e-08 8.99203303487e-05
13.3 -7.24740955354e-08 8.13380163132e-05
13.4 -7.24740955354e-08 7.35802016006e-05
13.5 -7.24740955354e-08 6.65748620315e-05
13.6 -7.24740955354e-08 6.02345725726e-05
13.7 -7.24740955354e-08 5.44967243514e-05
13.8 -7.24740955354e-08 4.93087610197e-05
13.9 -7.24740955354e-08 4.46263937574e-05
14 -7.24740955354e-08 4.03936321548e-05
14.1 -7.24740955354e-08 3.65612177062e-05
14.2 -7.24740955354e-08 3.30910045774e-05
14.3 -7.24740955354e-08 2.99504111067e-05
14.4 -7.24740955354e-08 2.70754925006e-05
14.5 -7.24740955354e-08 2.45240091094e-05
14.6 -7.24740955354e-08 2.21979710365e-05
14.7 -7.24740955354e-08 2.00862491867e-05
14.8 -7.24740955354e-08 1.81773752267e-05
14.9 -7.24740955354e-08 1.64518133705e-05
15 -7.24740955354e-08 1.48919625677e-05
15.1 -7.24740955354e-08 1.34828901058e-05
15.2 -7.24740955354e-08 1.22096632724e-05
15.3 -7.24740955354e-08 1.1057349355e-05
15.4 -7.24740955354e-08 1.00138460976e-05
15.5 -7.24740955354e-08 9.07282837043e-06
15.6 -7.24740955354e-08 8.22298661141e-06
15.7 -7.24740955354e-08 7.45273437136e-06
15.8 -7.24740955354e-08 6.75048520114e-06
15.9 -7.24740955354e-08 6.105170185e-06
16 -7.24740955354e-08 5.51802792482e-06
16.1 -7.24740955354e-08 4.98734543512e-06
16.2 -7.24740955354e-08 4.50733897622e-06
16.3 -7.24740955354e-08 4.07222480848e-06
16.4 -7.24740955354e-08 3.67621919222e-06
16.5 -7.24740955354e-08 3.25580409034e-06
16.6 -7.24740955354e-08 2.96142055459e-06
16.7 -7.24740955354e-08 2.68719364411e-06
16.8 -7.24740955354e-08 2.43312335889e-06
16.9 -7.24740955354e-08 2.19920969894e-06
17 -7.24740955354e-08 1.9853583516e-06
17.1 -7.24740955354e-08 1.78950791969e-06
17.2 -7.24740955354e-08 1.61081767034e-06
17.3 -7.24740955354e-08 1.44928760355e-06
17.4 -7.24740955354e-08 1.30491771932e-06
17.5 -7.24740955354e-08 1.17770801765e-06
17.6 -7.24740955354e-08 1.06663642071e-06
17.7 -7.24740955354e-08 9.65592433902e-07
17.8 -7.24740955354e-08 8.73561294764e-07
17.9 -7.24740955354e-08 7.90543003294e-07
18 -7.24740955354e-08 7.16537559493e-07
18.1 -7.24740955354e-08 6.51544963361e-07
18.2 -7.24740955354e-08 5.94214339546e-07
18.3 -7.24740955354e-08 5.41253595656e-07
18.4 -7.24740955354e-08 4.92514066824e-07
18.5 -7.24740955354e-08 4.4799575305e-07
18.6 -7.24740955354e-08 4.07698654334e-07
18.7 -7.24740955354e-08 3.71622769931e-07
18.8 -7.24740955354e-08 3.38842408149e-07
18.9 -7.24740955354e-08 3.08435193765e-07
19 -7.24740955354e-08 2.80401126779e-07
19.1 -7.24740955354e-08 2.5474020719e-07
19.2 -7.24740955354e-08 2.31452434998e-07
19.3 -7.24740955354e-08 2.10510058835e-07
19.4 -7.24740955354e-08 1.9130651543e-07
19.5 -7.24740955354e-08 1.73594420295e-07
19.6 -7.24740955354e-08 1.57373773431e-07
19.7 -7.24740955354e-08 1.42644574839e-07
19.8 -7.24740955354e-08 1.29406824517e-07
19.9 -7.24740955354e-08 1.17584747391e-07
20 -7.24740955354e-08 1.06725322005e-07
