"Time" "Prey" "Predator"
0 0.931359779981 17.9081723558
0.1 0.0970249990495 16.8058926167
0.2 0.0122265333748 15.2679895639
0.3 0.00188207882677 13.8225720617
0.4 0.000348247904623 12.508301667
0.5 7.60701519406e-05 11.318179426
0.6 1.93756638479e-05 10.2411545731
0.7 5.64686525868e-06 9.26659188982
0.8 1.85514360966e-06 8.38476463641
0.9 6.78259135065e-07 7.58685189711
1 2.43069317348e-07 6.86486663467
1.1 1.1952730182e-07 6.21158268467
1.2 1.41380896148e-07 5.62047141004
1.3 7.87188983263e-08 5.08561182927
1.4 2.8380945787e-08 4.60165058672
1.5 4.80517666142e-08 4.16374208398
1.6 5.35792284171e-08 3.76751198988
1.7 4.43357079553e-08 3.40899324901
1.8 1.90172272361e-08 3.08458179274
1.9 1.67829088464e-08 2.79104525317
2 1.74727765353e-08 2.52544286789
2.1 1.30561740244e-08 2.28511526178
2.2 9.36378800294e-09 2.0676578092
2.3 8.95040007166e-09 1.87089433693
2.4 7.5244159332e-09 1.69285528437
2.5 6.1944347498e-09 1.53175893875
2.6 5.10259398445e-09 1.38599330084
2.7 4.76261849266e-09 1.25409879006
2.8 4.48900335783e-09 1.13475572605
2.9 4.08486355049e-09 1.02676970574
3 3.81838871082e-09 0.929059762602
3.1 3.6418677451e-09 0.840648266932
3.2 3.50204659811e-09 0.760650142096
3.3 3.39983227565e-09 0.6882648221
3.4 3.32786099499e-09 0.622767941873
3.5 3.28730061937e-09 0.563503789336
3.6 3.27292123157e-09 0.509879427428
3.7 3.27923082646e-09 0.461357767684
3.8 3.30541596122e-09 0.417453329699
3.9 3.35065549745e-09 0.37772734306
4 3.4133952847e-09 0.341781772228
4.1 3.49386186192e-09 0.309256989006
4.2 3.59101245004e-09 0.279827301628
4.3 3.70468172991e-09 0.253198188351
4.4 3.83487847275e-09 0.229103156474
4.5 3.98179855281e-09 0.207301117948
4.6 4.14580101784e-09 0.187573815438
4.7 4.32738339092e-09 0.169723792393
4.8 4.52716025114e-09 0.153572419545
4.9 4.745873369e-09 0.138957990953
5 4.98438545609e-09 0.125734266558
5.1 5.24367728534e-09 0.113769070815
5.2 5.52483639828e-09 0.102942488211
5.3 5.82907524935e-09 0.0931462221949
5.4 6.15771876707e-09 0.0842821870096
5.5 6.51221099868e-09 0.0762616413522
5.6 6.89412390807e-09 0.0690043915568
5.7 7.30515743599e-09 0.0624377216463
5.8 7.7471496066e-09 0.0564959792124
5.9 8.22208062793e-09 0.0511196819541
6 8.73208135787e-09 0.0462549930167
6.1 9.2794427222e-09 0.0418532560974
6.2 9.8666238947e-09 0.0378703734869
6.3 1.04962635069e-08 0.0342665240918
6.4 1.11711906998e-08 0.0310056298954
6.5 1.18944371872e-08 0.0280550422105
6.6 1.26692503633e-08 0.0253852582062
6.7 1.34991076932e-08 0.02296952654
6.8 1.43877313469e-08 0.0207836865899
6.9 1.53391052911e-08 0.018805854267
7 1.63574924035e-08 0.0170162305689
7.1 1.74474530045e-08 0.0153969246499
7.2 1.86138660535e-08 0.0139317098655
7.3 1.98619492376e-08 0.0126059324569
7.4 2.11972835071e-08 0.0114063190885
7.5 2.26258371194e-08 0.0103208598365
7.6 2.41539916446e-08 0.0093387013468
7.7 2.57885720163e-08 0.00845000270832
7.8 2.75368744811e-08 0.00764587783344
7.9 2.94067011143e-08 0.00691827643683
8 3.1406393467e-08 0.00625991334146
8.1 3.35448688654e-08 0.00566420452834
8.2 3.58316629424e-08 0.00512518243505
8.3 3.82769679792e-08 0.00463745581127
8.4 4.08916847599e-08 0.00419613346467
8.5 4.36874647501e-08 0.00379679741656
8.6 4.66767554118e-08 0.00343547305816
8.7 4.98728751495e-08 0.00310855595321
8.8 5.32900716346e-08 0.00281276173127
8.9 5.6943543471e-08 0.00254511798431
9 6.08495362081e-08 0.00230293122606
9.1 6.50254797817e-08 0.00208380483209
9.2 6.94899474346e-08 0.00188553309759
9.3 7.42627642541e-08 0.0017060985064
9.4 7.93652204641e-08 0.00154373702935
9.5 8.48200259855e-08 0.00139683295324
9.6 9.06513973577e-08 0.00126389967697
9.7 9.68853098519e-08 0.00114361686165
9.8 1.0354953328e-07 0.00103479240617
9.9 1.10673661151e-07 0.000936322264872
10 1.18289435356e-07 0.000847205968313
10.1 1.26430611939e-07 0.000766592317453
10.2 1.35133552697e-07 0.000693645273141
10.3 1.44436902069e-07 0.000627631504912
10.4 1.54382381799e-07 0.000567908338792
10.5 1.65014177278e-07 0.000513871003634
10.6 1.76379113808e-07 0.000464967783782
10.7 1.88527760887e-07 0.000420701611012
10.8 2.01515224282e-07 0.000380629564594
10.9 2.15398781971e-07 0.000344364363423
11 2.30238850877e-07 0.000311573434593
11.1 2.46102175857e-07 0.00028191800302
11.2 2.63060618686e-07 0.000255076340045
11.3 2.8118871227e-07 0.000230790716882
11.4 3.0056528005e-07 0.00020883867757
11.5 3.21278499962e-07 0.000188979384604
11.6 3.43421354094e-07 0.00017100183136
11.7 3.67090891202e-07 0.000154732656072
11.8 3.92358739298e-07 0.000139929738271
11.9 4.19428448664e-07 0.000126678302414
12 4.48346747168e-07 0.000114636790395
12.1 4.79251736225e-07 0.000103727395944
12.2 5.12290300519e-07 9.38654176828e-05
12.3 5.47629939678e-07 8.49499709315e-05
12.4 5.85422738595e-07 7.6892272005e-05
12.5 6.25819743876e-07 6.96043522996e-05
12.6 6.68972966353e-07 6.29986894603e-05
12.7 7.15111266101e-07 5.70233274473e-05
12.8 7.64468322055e-07 5.16285404209e-05
12.9 8.1724221984e-07 4.67481297309e-05
13 8.73631045077e-07 4.23158967269e-05
13.1 9.3385815096e-07 3.82752144995e-05
13.2 9.98282390317e-07 3.46207854694e-05
13.3 1.06719004316e-06 3.13198203663e-05
13.4 1.14085073683e-06 2.83332216337e-05
13.5 1.21953409866e-06 2.56218917151e-05
13.6 1.30661975882e-06 2.29563718945e-05
13.7 1.3947330397e-06 2.08661285069e-05
13.8 1.49006263318e-06 1.89256925145e-05
13.9 1.59260853925e-06 1.71350639171e-05
14 1.70247713503e-06 1.54930699496e-05
14.1 1.82102024949e-06 1.39848072361e-05
14.2 1.94864792593e-06 1.2605755213e-05
14.3 2.08536016433e-06 1.13559138803e-05
14.4 2.23115696471e-06 1.02352832378e-05
14.5 2.38603832705e-06 9.24386328567e-06
14.6 2.55074294565e-06 8.3716467513e-06
14.7 2.72844881805e-06 7.57558052287e-06
14.8 2.91952024032e-06 6.85072939216e-06
14.9 3.12395721246e-06 6.19709335919e-06
15 3.34175973447e-06 5.61467242394e-06
15.1 3.57292780635e-06 5.10346658642e-06
15.2 3.81968860514e-06 4.65047995986e-06
15.3 4.08608237215e-06 4.23213717623e-06
15.4 4.37219301367e-06 3.84794863061e-06
15.5 4.67802052971e-06 3.49791432299e-06
15.6 5.00356492027e-06 3.18203425337e-06
15.7 5.34886180729e-06 2.90024982218e-06
15.8 5.71931271779e-06 2.64367529164e-06
15.9 6.11879666497e-06 2.40592952288e-06
16 6.54731364883e-06 2.18701251589e-06
16.1 7.00486366937e-06 1.98692427068e-06
16.2 7.49144672659e-06 1.80566478724e-06
16.3 8.00784356808e-06 1.64282505834e-06
16.4 8.56397702641e-06 1.49320684777e-06
16.5 9.16285716873e-06 1.35523328322e-06
16.6 9.80448399506e-06 1.22890436468e-06
16.7 1.04888575054e-05 1.11422009215e-06
16.8 1.12159776997e-05 1.01118046563e-06
16.9 1.19893284591e-05 9.18976027986e-07
17 1.28238996766e-05 8.34123974819e-07
17.1 1.37214098867e-05 7.56225015791e-07
17.2 1.46818590896e-05 6.852791509e-07
17.3 1.57052472851e-05 6.21286380147e-07
17.4 1.67915744733e-05 5.64246703531e-07
17.5 1.79512652488e-05 5.13097580638e-07
17.6 1.92032329104e-05 4.65911248822e-07
17.7 2.05478704065e-05 4.22647656298e-07
17.8 2.1985177737e-05 3.83306803066e-07
17.9 2.3515154902e-05 3.47888689126e-07
18 2.51379689984e-05 3.16386747892e-07
18.1 2.68789982162e-05 2.87803665274e-07
18.2 2.87564723666e-05 2.61423044742e-07
18.3 3.07703914495e-05 2.37244886294e-07
18.4 3.29207554649e-05 2.15269189931e-07
18.5 3.52075644128e-05 1.95495955652e-07
18.6 3.7634485505e-05 1.77871914785e-07
18.7 4.02481533647e-05 1.61719668606e-07
18.8 4.30627195954e-05 1.46833655724e-07
18.9 4.6078184197e-05 1.3321387614e-07
19 4.92945471696e-05 1.20860329853e-07
19.1 5.2711808513e-05 1.09773016863e-07
19.2 5.63515767496e-05 9.98642595828e-08
19.3 6.03068708522e-05 9.07566291837e-08
19.4 6.45883616673e-05 8.24068282082e-08
19.5 6.91960491948e-05 7.48148566563e-08
19.6 7.41299334347e-05 6.7980714528e-08
19.7 7.9390014387e-05 6.19044018233e-08
19.8 8.49762920518e-05 5.65859185422e-08
19.9 9.0888766429e-05 5.20252646847e-08
20 9.71278474591e-05 4.82212621212e-08
