"Time" "Prey" "Predator"
0 0.00470003827365 3.5776092861
0.1 0.00319063375937 3.23841005186
0.2 0.00226153454831 2.93102337243
0.3 0.00166630265956 2.65261486763
0.4 0.00127206267735 2.4005346811
0.5 0.0010026689705 2.17233885557
0.6 0.000813590104354 1.96579077715
0.7 0.000677991777209 1.77885303255
0.8 0.00057831010308 1.60967357152
0.9 0.000503989372252 1.45657147615
1 0.00044784365376 1.31802293457
1.1 0.000404998959352 1.19264724716
1.2 0.000372188161272 1.07919395636
1.3 0.000346962585636 0.976530253968
1.4 0.000327700967923 0.883631090497
1.5 0.000313152741885 0.799568203557
1.6 0.000302457852413 0.723501590139
1.7 0.00029496119624 0.654671030564
1.8 0.000290166098818 0.592388232298
1.9 0.000287714726728 0.536030637273
2 0.000287329576942 0.485034618829
2.1 0.000288806714138 0.438890175236
2.2 0.000291996603135 0.397135972029
2.3 0.000296786971824 0.35935401796
2.4 0.000303096019188 0.32516624875
2.5 0.00031089093059 0.294231420988
2.6 0.000320141307662 0.26623990013
2.7 0.000330842266598 0.240911679258
2.8 0.000343003078621 0.217993293462
2.9 0.000356646624933 0.197255402338
3 0.000371809900757 0.178490516621
3.1 0.000388541922066 0.161511002359
3.2 0.000406902726586 0.146147023003
3.3 0.000426962733005 0.132244819709
3.4 0.000448802697641 0.119665288007
3.5 0.000472513409144 0.108282597222
3.6 0.000498195731167 0.0979828481527
3.7 0.000525960775414 0.088662991379
3.8 0.000555930430471 0.0802299311651
3.9 0.000588236857948 0.0725991910227
4 0.000623023650041 0.0656944485464
4.1 0.000660446033323 0.0594466102736
4.2 0.000700671436527 0.053793147915
4.3 0.000743880269227 0.0486775687509
4.4 0.000790266468354 0.0440486414305
4.5 0.000840038428654 0.039860099692
4.6 0.00089341979984 0.0360700411928
4.7 0.000950650424145 0.0326405270059
4.8 0.00101198738887 0.0295372721449
4.9 0.00107770615513 0.0267292065542
5 0.00114810171099 0.0241882702301
5.1 0.00122348989556 0.0218890451258
5.2 0.00130420876148 0.0198085222387
5.3 0.00139062004178 0.0179259108116
5.4 0.00148311082121 0.0162223614053
5.5 0.00158209513411 0.0146808477726
5.6 0.00168801590037 0.0132859492909
5.7 0.00180134683957 0.0120237135642
5.8 0.0019225945254 0.0108815322911
5.9 0.00205230078098 0.00984797228103
6 0.00219104486929 0.00891270359047
6.1 0.00233944637772 0.00806636304278
6.2 0.00249816767553 0.00730048977319
6.3 0.00266791660014 0.00660745872962
6.4 0.00284945081686 0.00598034279938
6.5 0.00304357984234 0.00541286166757
6.6 0.00325116797947 0.00489931683274
6.7 0.00347314149537 0.00443460096811
6.8 0.00371048957809 0.00401406929438
6.9 0.00396426795776 0.00363347554856
7 0.00423560860588 0.00328905300727
7.1 0.004525719988 0.00297737054425
7.2 0.00483589194706 0.00269528975653
7.3 0.00516750750955 0.00244002029757
7.4 0.00552204274261 0.00220901273844
7.5 0.00590107336151 0.00199993502954
7.6 0.00630628900186 0.00181072284512
7.7 0.00673949251941 0.00163948591155
7.8 0.00720260927516 0.00148449943385
7.9 0.0076977053875 0.00134424342382
8 0.00822698287718 0.00121731449187
8.1 0.00879278934607 0.00110241615382
8.2 0.00939764365918 0.00099840561885
8.3 0.0100442434485 0.000904271930406
8.4 0.0107354604505 0.000819069077376
8.5 0.0114743613874 0.00074193372923
8.6 0.0122642444931 0.000672118183234
8.7 0.0131086230635 0.000608929246182
8.8 0.0140112423049 0.000551726194778
8.9 0.0149761189674 0.000499940823727
9 0.0160075552124 0.000453068559849
9.1 0.0171101309454 0.0004106366031
9.2 0.0182887364346 0.000372212125475
9.3 0.0195486314711 0.000337424950629
9.4 0.0208954192932 0.00030593138468
9.5 0.0223350726631 0.000277414032839
9.6 0.0238739962459 0.000251590624463
9.7 0.0255190516952 0.000228210552004
9.8 0.0272775431682 0.000207039880661
9.9 0.0291572691866 0.000187864504241
10 0.0311666176178 0.000170499709117
10.1 0.0333145247424 0.000154774077074
10.2 0.0356105154598 0.000140528707279
10.3 0.0380647997254 0.000127622591204
10.4 0.0406883234117 0.000115932278832
10.5 0.0434927355122 0.000105341893857
10.6 0.0464904696695 9.57454100343e-05
10.7 0.0496948996301 8.70507303882e-05
10.8 0.0531202805021 7.91729411399e-05
10.9 0.0567818044629 7.20333498121e-05
11 0.0606957440943 6.55615703307e-05
11.1 0.0648795601672 5.96961919319e-05
11.2 0.0693518318429 5.43794128155e-05
11.3 0.0741323846847 4.95581423702e-05
11.4 0.0792425397509 4.51866293917e-05
11.5 0.0847050363735 4.12229056305e-05
11.6 0.0905441051676 3.76280750757e-05
11.7 0.0967856825731 3.43671326051e-05
11.8 0.103457619738 3.14094836459e-05
11.9 0.110589549564 2.87264381767e-05
12 0.118213085628 2.62915867057e-05
12.1 0.126362216857 2.40820949364e-05
12.2 0.135073216657 2.20771164715e-05
12.3 0.144384731146 2.02572669206e-05
12.4 0.154338102122 1.86050509819e-05
12.5 0.164977750339 1.71053417945e-05
12.6 0.176350939796 1.5743948203e-05
12.7 0.188508083039 1.45078234197e-05
12.8 0.201503360548 1.33855852955e-05
12.9 0.215394635601 1.23669057419e-05
13 0.230243545694 1.14421814006e-05
13.1 0.24611599201 1.06027190238e-05
13.2 0.263082817051 9.84106029096e-06
13.3 0.281219407586 9.15021656429e-06
13.4 0.300606157042 8.5237660587e-06
13.5 0.32132942812 7.95612237589e-06
13.6 0.343481524985 7.44227863159e-06
13.7 0.367160753991 6.97759776178e-06
13.8 0.39247217114 6.55790111434e-06
13.9 0.419528747921 6.17964696093e-06
14 0.448450729469 5.83956415474e-06
14.1 0.479366324758 5.53468560827e-06
14.2 0.512413187768 5.26250643998e-06
14.3 0.547738564054 5.02088247497e-06
14.4 0.585499242539 4.8078914825e-06
14.5 0.625862706292 4.62190178749e-06
14.6 0.669009095954 4.46172686188e-06
14.7 0.715130210481 4.32639811986e-06
14.8 0.764430520346 4.21519701443e-06
14.9 0.817129422549 4.12784011659e-06
15 0.873461806721 4.06445393209e-06
15.1 0.933677733199 4.02543937977e-06
15.2 0.998044135835 4.01160379954e-06
15.3 1.06684784298 4.02453847461e-06
15.4 1.14039488244 4.0663711652e-06
15.5 1.21901209167 4.13997273093e-06
15.6 1.3030494294 4.24947431375e-06
15.7 1.3928802308 4.39997558203e-06
15.8 1.48890342446 4.59819811084e-06
15.9 1.59154664352 4.8537085542e-06
16 1.70126582998 5.17804843565e-06
16.1 1.81854845594 5.58692943204e-06
16.2 1.94391670728 6.10279298633e-06
16.3 2.07792734078 6.7527338478e-06
16.4 2.2211759759 7.5763101055e-06
16.5 2.37430017497 8.63050222183e-06
16.6 2.53797972949 9.98500160368e-06
16.7 2.71294230892 1.17523909367e-05
16.8 2.89996621818 1.40950267377e-05
16.9 3.09988142492 1.72171257791e-05
17 3.31357659673 2.14926884074e-05
17.1 3.54200139436 2.74578000211e-05
17.2 3.78616858601 3.58199516345e-05
17.3 4.04716200948 4.8076107633e-05
17.4 4.32613849809 6.63399844217e-05
17.5 4.62433101612 9.34888119171e-05
17.6 4.94305374356 0.000136477394163
17.7 5.28370505047 0.000205855271805
17.8 5.64776430968 0.000321695407023
17.9 6.03678426533 0.000522020127559
18 6.45236569884 0.000882354144228
18.1 6.89609664744 0.00155698407598
18.2 7.36940295467 0.00287510793295
18.3 7.87317944216 0.00557401060367
18.4 8.40686462992 0.0113815357401
18.5 8.96601769929 0.0245465075653
18.6 9.535730848 0.056022157384
18.7 10.0722266638 0.135204255509
18.8 10.4523018273 0.342146818896
18.9 10.3546387263 0.881612592154
19 9.14253519191 2.14095038202
19.1 6.41928852915 4.26246707826
19.2 3.37079021714 6.2577064071
19.3 1.45693251253 7.12918389065
19.4 0.598918845258 7.10422125884
19.5 0.254622635965 6.69097023497
19.6 0.11548673666 6.16109537986
19.7 0.0562910780836 5.6206266825
19.8 0.0294421984005 5.10674612957
19.9 0.0164504609852 4.63104579388
20 0.00976704565808 4.19569304334
