"Time" "Prey" "Predator"
0 21.2747282018 38.3488672674
0.1 0.0314770957591 49.522165736
0.2 6.26146327049e-05 44.831383662
0.3 2.55592517883e-07 40.5651500264
0.4 -9.44969792629e-08 36.7048797768
0.5 -9.44969792629e-08 33.2119502661
0.6 -9.44969792629e-08 30.0514177333
0.7 -9.44969792629e-08 27.1916311293
0.8 -9.44969792629e-08 24.6040009736
0.9 -9.44969792629e-08 22.2626165156
1 -9.44969792629e-08 20.1440435588
1.1 -9.44969792629e-08 18.2270763184
1.2 -9.44969792629e-08 16.4925552407
1.3 -9.44969792629e-08 14.9230891567
1.4 -9.44969792629e-08 13.5029642795
1.5 -9.44969792629e-08 12.2179901153
1.6 -9.44969792629e-08 11.0552952336
1.7 -9.44969792629e-08 10.00324492
1.8 -9.44969792629e-08 9.05131069283
1.9 -9.44969792629e-08 8.18996500822
2 -9.44969792629e-08 7.41058713083
2.1 -9.44969792629e-08 6.70537738316
2.2 -9.44969792629e-08 6.06727575373
2.3 -9.44969792629e-08 5.48989669225
2.4 -9.44969792629e-08 4.96746345703
2.5 -9.44969792629e-08 4.494746784
2.6 -9.44969792629e-08 4.06701508326
2.7 -9.44969792629e-08 3.67998731553
2.8 -9.44969792629e-08 3.32979013208
2.9 -9.44969792629e-08 3.01291868177
3 -9.44969792629e-08 2.72620152637
3.1 -9.44969792629e-08 2.46676905839
3.2 -9.44969792629e-08 2.23202430337
3.3 -9.44969792629e-08 2.01961834762
3.4 -9.44969792629e-08 1.82742609207
3.5 -9.44969792629e-08 1.65352302037
3.6 -9.44969792629e-08 1.4961695731
3.7 -9.44969792629e-08 1.3537899079
3.8 -9.44969792629e-08 1.22495972116
3.9 -9.44969792629e-08 1.10838914632
4 -9.44969792629e-08 1.00291178826
4.1 -9.44969792629e-08 0.907472091448
4.2 -9.44969792629e-08 0.821114539639
4.3 -9.44969792629e-08 0.742975187745
4.4 -9.44969792629e-08 0.672271550367
4.5 -9.44969792629e-08 0.608296452087
4.6 -9.44969792629e-08 0.55040926064
4.7 -9.44969792629e-08 0.498030855559
4.8 -9.44969792629e-08 0.450636911735
4.9 -9.44969792629e-08 0.407753068027
5 -9.44969792629e-08 0.368950224256
5.1 -9.44969792629e-08 0.333839864916
5.2 -9.44969792629e-08 0.302070811473
5.3 -9.44969792629e-08 0.273324905305
5.4 -9.44969792629e-08 0.247314599488
5.5 -9.44969792629e-08 0.223779466052
5.6 -9.44969792629e-08 0.202484008459
5.7 -9.44969792629e-08 0.183215092011
5.8 -9.44969792629e-08 0.165779826725
5.9 -9.44969792629e-08 0.150003794964
6 -9.44969792629e-08 0.135729010334
6.1 -9.44969792629e-08 0.122812682844
6.2 -9.44969792629e-08 0.111125441679
6.3 -9.44969792629e-08 0.100550412414
6.4 -9.44969792629e-08 0.090981776419
6.5 -9.44969792629e-08 0.0823236878825
6.6 -9.44969792629e-08 0.0744895686447
6.7 -9.44969792629e-08 0.0674009317998
6.8 -9.44969792629e-08 0.0609868717387
6.9 -9.44969792629e-08 0.0551832003292
7 -9.44969792629e-08 0.0499317961436
7.1 -9.44969792629e-08 0.0451801647077
7.2 -9.44969792629e-08 0.0408806980956
7.3 -9.44969792629e-08 0.0369903825362
7.4 -9.44969792629e-08 0.0334702822814
7.5 -9.44969792629e-08 0.0302851470699
7.6 -9.44969792629e-08 0.0274031366933
7.7 -9.44969792629e-08 0.0247953759764
7.8 -9.44969792629e-08 0.0224357800473
7.9 -9.44969792629e-08 0.0203007352514
8 -9.44969792629e-08 0.018368858143
8.1 -9.44969792629e-08 0.0166208323901
8.2 -9.44969792629e-08 0.0150391455392
8.3 -9.44969792629e-08 0.0136079731616
8.4 -9.44969792629e-08 0.012313008132
8.5 -9.44969792629e-08 0.011141266341
8.6 -9.44969792629e-08 0.0100810333408
8.7 -9.44969792629e-08 0.00912167764832
8.8 -9.44969792629e-08 0.00825361480327
8.9 -9.44969792629e-08 0.00746818831519
9 -9.44969792629e-08 0.00675752208259
9.1 -9.44969792629e-08 0.00611448552373
9.2 -9.44969792629e-08 0.00553263164921
9.3 -9.44969792629e-08 0.00500616787014
9.4 -9.44969792629e-08 0.00452978799455
9.5 -9.44969792629e-08 0.00409871800179
9.6 -9.44969792629e-08 0.00370868271687
9.7 -9.44969792629e-08 0.003355754219
9.8 -9.44969792629e-08 0.00303640924806
9.9 -9.44969792629e-08 0.00274746842965
10 -9.44969792629e-08 0.00248601235386
10.1 -9.44969792629e-08 0.00224943734084
10.2 -9.44969792629e-08 0.00203538363228
10.3 -9.44969792629e-08 0.00184168963511
10.4 -9.44969792629e-08 0.00166644280225
10.5 -9.44969792629e-08 0.00150789027148
10.6 -9.44969792629e-08 0.00136441199372
10.7 -9.44969792629e-08 0.00123455974421
10.8 -9.44969792629e-08 0.00111707382055
10.9 -9.44969792629e-08 0.0010107709466
11 -9.44969792629e-08 0.000914567669399
11.1 -9.44969792629e-08 0.000827522756918
11.2 -9.44969792629e-08 0.000748771688133
11.3 -9.44969792629e-08 0.000677513969058
11.4 -9.44969792629e-08 0.000613031893033
11.5 -9.44969792629e-08 0.000554696083623
11.6 -9.44969792629e-08 0.00050191533138
11.7 -9.44969792629e-08 0.000454146314203
11.8 -9.44969792629e-08 0.000410922837829
11.9 -9.44969792629e-08 0.000371816338582
12 -9.44969792629e-08 0.000336430055722
12.1 -9.44969792629e-08 0.000304403742144
12.2 -9.44969792629e-08 0.000275437778497
12.3 -9.44969792629e-08 0.000249227402072
12.4 -9.44969792629e-08 0.000225508329527
12.5 -9.44969792629e-08 0.000204052290968
12.6 -9.44969792629e-08 0.000184643021197
12.7 -9.44969792629e-08 0.000167079267012
12.8 -9.44969792629e-08 0.000151177836565
12.9 -9.44969792629e-08 0.000136776337356
13 -9.44969792629e-08 0.000123733663131
13.1 -9.44969792629e-08 0.000111925317901
13.2 -9.44969792629e-08 0.000101245615235
13.3 -9.44969792629e-08 9.1602909048e-05
13.4 -9.44969792629e-08 8.28802443167e-05
13.5 -9.44969792629e-08 7.49853466029e-05
13.6 -9.44969792629e-08 6.78443604359e-05
13.7 -9.44969792629e-08 6.13955001369e-05
13.8 -9.44969792629e-08 5.5572252658e-05
13.9 -9.44969792629e-08 5.03003905126e-05
14 -9.44969792629e-08 4.55266582064e-05
14.1 -9.44969792629e-08 4.12052799292e-05
14.2 -9.44969792629e-08 3.72346597771e-05
14.3 -9.44969792629e-08 3.37351137941e-05
14.4 -9.44969792629e-08 3.05408324331e-05
14.5 -9.44969792629e-08 2.76369724095e-05
14.6 -9.44969792629e-08 2.50086904386e-05
14.7 -9.44969792629e-08 2.26343332816e-05
14.8 -9.44969792629e-08 2.04872116204e-05
14.9 -9.44969792629e-08 1.85473869268e-05
15 -9.44969792629e-08 1.6794948264e-05
15.1 -9.44969792629e-08 1.52099846953e-05
15.2 -9.44969792629e-08 1.37738180835e-05
15.3 -9.44969792629e-08 1.24777120296e-05
15.4 -9.44969792629e-08 1.1308030978e-05
15.5 -9.44969792629e-08 1.02493262491e-05
15.6 -9.44969792629e-08 9.28614916344e-06
15.7 -9.44969792629e-08 8.40305104133e-06
15.8 -9.44969792629e-08 7.59497957059e-06
15.9 -9.44969792629e-08 6.86457073315e-06
16 -9.44969792629e-08 6.20415446611e-06
16.1 -9.44969792629e-08 5.60601858441e-06
16.2 -9.44969792629e-08 5.06245090296e-06
16.3 -9.44969792629e-08 4.47002007827e-06
16.4 -9.44969792629e-08 4.06905893702e-06
16.5 -9.44969792629e-08 3.69497335494e-06
16.6 -9.44969792629e-08 3.34776333204e-06
16.7 -9.44969792629e-08 3.02742886832e-06
16.8 -9.44969792629e-08 2.73396996378e-06
16.9 -9.44969792629e-08 2.46563367656e-06
17 -9.44969792629e-08 2.22018630624e-06
17.1 -9.44969792629e-08 1.99761988305e-06
17.2 -9.44969792629e-08 1.79793440699e-06
17.3 -9.44969792629e-08 1.62112987804e-06
17.4 -9.44969792629e-08 1.46701669799e-06
17.5 -9.44969792629e-08 1.32851276157e-06
17.6 -9.44969792629e-08 1.20202640545e-06
17.7 -9.44969792629e-08 1.08755762963e-06
17.8 -9.44969792629e-08 9.85106434093e-07
17.9 -9.44969792629e-08 8.94672818853e-07
18 -9.44969792629e-08 8.15647192259e-07
18.1 -9.44969792629e-08 7.43263206304e-07
18.2 -9.44969792629e-08 6.76507677539e-07
18.3 -9.44969792629e-08 6.15380605964e-07
18.4 -9.44969792629e-08 5.59881991579e-07
18.5 -9.44969792629e-08 5.10011834384e-07
18.6 -9.44969792629e-08 4.65188910188e-07
18.7 -9.44969792629e-08 4.23651094818e-07
18.8 -9.44969792629e-08 3.85277551336e-07
18.9 -9.44969792629e-08 3.50068279739e-07
19 -9.44969792629e-08 3.1802328003e-07
19.1 -9.44969792629e-08 2.89142552208e-07
19.2 -9.44969792629e-08 2.62910201976e-07
19.3 -9.44969792629e-08 2.38668846841e-07
19.4 -9.44969792629e-08 2.16416141277e-07
19.5 -9.44969792629e-08 1.96152085285e-07
19.6 -9.44969792629e-08 1.77876678864e-07
19.7 -9.44969792629e-08 1.61575865558e-07
19.8 -9.44969792629e-08 1.46724591381e-07
19.9 -9.44969792629e-08 1.33056577157e-07
20 -9.44969792629e-08 1.20571822886e-07
