"Time" "Prey" "Predator"
0 1.61965642871e-05 1.52737916729
0.1 1.42632491209e-05 1.38203301926
0.2 1.2794494414e-05 1.2505178159
0.3 1.16700101855e-05 1.13151716477
0.4 1.08060116909e-05 1.0238400015
0.5 1.01435003396e-05 0.926408913806
0.6 9.64023850321e-06 0.8382501535
0.7 9.26502565222e-06 0.758480681747
0.8 8.99499430843e-06 0.68630209464
0.9 8.81306637495e-06 0.620991129595
1 8.70685964576e-06 0.561896117582
1.1 8.66755579653e-06 0.508427345488
1.2 8.68691653845e-06 0.460046061718
1.3 8.75886114634e-06 0.416266155479
1.4 8.88103239073e-06 0.376653516525
1.5 9.05038186662e-06 0.340810860292
1.6 9.26486744042e-06 0.308378779365
1.7 9.52355446307e-06 0.279032891096
1.8 9.82598754516e-06 0.252479636354
1.9 1.01722406626e-05 0.228453329438
2 1.05628434035e-05 0.206713356943
2.1 1.09987426144e-05 0.18704220404
2.2 1.14812566309e-05 0.1692430934
2.3 1.20120335596e-05 0.153137750338
2.4 1.25930538839e-05 0.138565019236
2.5 1.32266100679e-05 0.125379020337
2.6 1.39153023381e-05 0.113447842467
2.7 1.46620321447e-05 0.10265203105
2.8 1.54700102657e-05 0.0928835983925
2.9 1.63427557055e-05 0.0840447143054
3 1.72841112457e-05 0.076046977234
3.1 1.8298247835e-05 0.0688102908218
3.2 1.938968472e-05 0.0622622831099
3.3 2.05632993018e-05 0.0563373707279
3.4 2.18243521864e-05 0.050976317327
3.5 2.31785002538e-05 0.0461254111847
3.6 2.46318222554e-05 0.0417359985621
3.7 2.61908500402e-05 0.0377641977506
3.8 2.78625955761e-05 0.0341705067586
3.9 2.96545672018e-05 0.0309188181894
4 3.15748141544e-05 0.0279765951761
4.1 3.36319587092e-05 0.0253143957509
4.2 3.58352318095e-05 0.0229055140969
4.3 3.81945151198e-05 0.0207258494079
4.4 4.07203863773e-05 0.0187535713095
4.5 4.34241634575e-05 0.0169689881502
4.6 4.63179549985e-05 0.0153542552573
4.7 4.94147129415e-05 0.0138931858337
4.8 5.27282889976e-05 0.0125711443303
4.9 5.62735013452e-05 0.0113748987413
5 6.00661934763e-05 0.010292487263
5.1 6.41233121358e-05 0.00931306195019
5.2 6.8462976197e-05 0.00842682403133
5.3 7.31045515371e-05 0.00762495649931
5.4 7.80687648339e-05 0.00689942216021
5.5 8.33777582386e-05 0.00624293930778
5.6 8.90551853865e-05 0.00564891150813
5.7 9.51263912833e-05 0.00511142465215
5.8 0.00010161842503 0.00462508266901
5.9 0.000108560191243 0.00418498736076
6 0.000115982664487 0.00378678103121
6.1 0.000123918882256 0.00342646663519
6.2 0.000132404176643 0.00310042998653
6.3 0.000141476381411 0.00280543456206
6.4 0.000151175844028 0.00253850438379
6.5 0.000161545754977 0.00229696801081
6.6 0.000172632313066 0.00207842478094
6.7 0.000184484801952 0.0018806696757
6.8 0.000197156064882 0.0017017426184
6.9 0.000210702532693 0.00153986111547
7 0.000225184350827 0.00139337691574
7.1 0.000240665841496 0.00126079895798
7.2 0.000257216144354 0.00114084404915
7.3 0.000274908831873 0.00103230814981
7.4 0.000293822379982 0.00093408465921
7.5 0.000314041112744 0.000845206230895
7.6 0.000335655093547 0.000764795637317
7.7 0.000358760269845 0.000692038259185
7.8 0.000383459246513 0.00062619623854
7.9 0.000409862276567 0.000566628714101
8 0.000438086694275 0.000512734505344
8.1 0.000468257649366 0.000463958804073
8.2 0.000500509622247 0.000419821318574
8.3 0.000534986245019 0.000379887442987
8.4 0.000571840528677 0.000343753013152
8.5 0.000611236856768 0.000311046279231
8.6 0.000653348869611 0.000281466376217
8.7 0.000698365729806 0.000254699514429
8.8 0.000746486594274 0.000230476432863
8.9 0.000797927819627 0.0002085624554
9 0.000852919464754 0.000188739093776
9.1 0.000911704765477 0.000170801284122
9.2 0.000974541038932 0.000154562144227
9.3 0.00104170703947 0.000139854741538
9.4 0.00111351272339 0.000126534440121
9.5 0.00119027565712 0.000114473230345
9.6 0.00127233004938 0.000103561899768
9.7 0.00136002885521 9.37082543325e-05
9.8 0.00145377772845 8.4797753603e-05
9.9 0.00155400177551 7.67320566673e-05
10 0.00166114037705 6.943502598e-05
10.1 0.00177565587437 6.28426562786e-05
10.2 0.00189805296354 5.68918030282e-05
10.3 0.00202890481764 5.15050006228e-05
10.4 0.00216879041516 4.66268860631e-05
10.5 0.00231831846335 4.22102951202e-05
10.6 0.00247813164885 3.82149745299e-05
10.7 0.00264896945769 3.45960385244e-05
10.8 0.00283160692013 3.13152247542e-05
10.9 0.00302684472543 2.8342710756e-05
11 0.00323552539307 2.56541424055e-05
11.1 0.00345856841796 2.3225320338e-05
11.2 0.00369701826631 2.10249434783e-05
11.3 0.00395192993706 1.9031910944e-05
11.4 0.0042244125316 1.72287347589e-05
11.5 0.00451563684485 1.56008221659e-05
11.6 0.00482695008629 1.41285745472e-05
11.7 0.0051597652202 1.2795008795e-05
11.8 0.00551554143984 1.15871020951e-05
11.9 0.00589581420078 1.04937234684e-05
12 0.00630225774129 9.50439670972e-06
12.1 0.00673677587253 8.60750396249e-06
12.2 0.0072012916794 7.79444681261e-06
12.3 0.00769782655543 7.058082461e-06
12.4 0.00822851374566 6.39250298937e-06
12.5 0.00879580655484 5.79002376142e-06
12.6 0.00940228128477 5.24403380876e-06
12.7 0.0100505972965 4.74957350607e-06
12.8 0.0107435530014 4.3025246949e-06
12.9 0.0114841969645 3.89880956667e-06
13 0.0122759991557 3.53315584486e-06
13.1 0.01312246499 3.20187977184e-06
13.2 0.0140272784747 2.90185393712e-06
13.3 0.0149943264275 2.63040855799e-06
13.4 0.0160280763696 2.38451285082e-06
13.5 0.0171332258159 2.16153477217e-06
13.6 0.0183146214222 1.95941617123e-06
13.7 0.019577363383 1.77644663218e-06
13.8 0.0209270028037 1.61098001783e-06
13.9 0.0223698640822 1.46097148206e-06
14 0.0239123369645 1.3249941837e-06
14.1 0.0255611355925 1.20186725511e-06
14.2 0.0273233366726 1.0906133265e-06
14.3 0.0292069556897 9.8998288112e-07
14.4 0.0312205224286 8.98804647721e-07
14.5 0.0333729125461 8.16124632066e-07
14.6 0.0356736135202 7.4109801309e-07
14.7 0.0381330839509 6.73024360728e-07
14.8 0.0407622043311 6.11293801694e-07
14.9 0.0435724327146 5.55401266303e-07
15 0.0465763697346 5.04796128303e-07
15.1 0.0497875857868 4.5893090662e-07
15.2 0.0532201899274 4.17382755004e-07
15.3 0.0568891860587 3.79776262168e-07
15.4 0.0608112948243 3.45698036222e-07
15.5 0.0650039642467 3.14799524323e-07
15.6 0.0694855208677 2.86781305335e-07
15.7 0.0742757846208 2.61371909219e-07
15.8 0.079396422205 2.38320051759e-07
15.9 0.0848700450163 2.17414457207e-07
16 0.0907209941253 1.98457645591e-07
16.1 0.0969755097417 1.81258863797e-07
16.2 0.103661108312 1.65660248441e-07
16.3 0.110807540437 1.51512544116e-07
16.4 0.118446869258 1.3867356359e-07
16.5 0.126612697587 1.27023368461e-07
16.6 0.135341429274 1.16450214871e-07
16.7 0.144672176921 1.06851311319e-07
16.8 0.15464597405 9.8139305625e-08
16.9 0.165307355224 9.02311765286e-08
17 0.176704030411 8.30504101787e-08
17.1 0.188886096142 7.65323325725e-08
17.2 0.201907830034 7.06156899167e-08
17.3 0.215827389205 6.52438936299e-08
17.4 0.230706429496 6.03674747156e-08
17.5 0.246611496091 5.59408982562e-08
17.6 0.263612865547 5.19245312836e-08
17.7 0.281786402933 4.82813538686e-08
17.8 0.30121291675 4.49781125822e-08
17.9 0.321978424384 4.19854314767e-08
18 0.34417584445 3.9275872818e-08
18.1 0.367903105658 3.68258678304e-08
18.2 0.393266613945 3.46132747957e-08
18.3 0.420378591235 3.26190862497e-08
18.4 0.449359157954 3.08263516169e-08
18.5 0.480337692308 2.92196748651e-08
18.6 0.51345174333 2.77855812988e-08
18.7 0.548848437425 2.65126052733e-08
18.8 0.586685264412 2.53908849256e-08
18.9 0.627130783924 2.44116963608e-08
19 0.67036477676 2.35686239237e-08
19.1 0.71657933248 2.28566619101e-08
19.2 0.765979777259 2.22723255881e-08
19.3 0.818785989771 2.18141972882e-08
19.4 0.875232550993 2.14824548831e-08
19.5 0.935570412489 2.1279596663e-08
19.6 1.00006807373 2.12107698724e-08
19.7 1.06901201657 2.12835166908e-08
19.8 1.14270895087 2.15094950858e-08
19.9 1.22148663493 2.19044408701e-08
20 1.30569495143 2.24887712301e-08
