"Time" "Prey" "Predator"
0 0.931359779981 22.3105227998
0.1 0.055198628541 20.8136236109
0.2 0.00419229836638 18.869523846
0.3 0.000408792287099 17.0765760935
0.4 5.00207667918e-05 15.4517845758
0.5 7.57132406118e-06 13.9813843361
0.6 1.35315100086e-06 12.6508854222
0.7 2.89081621486e-07 11.4469987825
0.8 4.98307294838e-08 10.3576780098
0.9 1.68963022079e-08 9.37201660128
1 -1.03656772715e-09 8.48014494836
1.1 -3.43771262898e-09 7.67314869538
1.2 -3.24120897408e-09 6.94295070817
1.3 -3.42631639633e-09 6.28224018901
1.4 -2.97937631523e-09 5.68440382262
1.5 -2.01288411343e-09 5.1434599961
1.6 -6.19130658864e-11 4.65400274391
1.7 -2.94755864679e-10 4.21111546861
1.8 -5.92374799404e-10 3.81037378162
1.9 -3.75458070952e-10 3.44776970435
2 -4.3533929715e-10 3.11967120629
2.1 -4.30293198774e-10 2.82279527433
2.2 -4.29765649215e-10 2.55417094133
2.3 -4.29765649215e-10 2.31110956142
2.4 -4.29765649215e-10 2.09117854633
2.5 -4.29765649215e-10 1.89217724617
2.6 -4.29765649215e-10 1.71211300965
2.7 -4.29765649215e-10 1.54918425803
2.8 -4.29765649215e-10 1.40176017896
2.9 -4.29765649215e-10 1.2683652298
3 -4.29765649215e-10 1.14766465327
3.1 -4.29765649215e-10 1.03845006074
3.2 -4.29765649215e-10 0.939628647364
3.3 -4.29765649215e-10 0.85021137703
3.4 -4.29765649215e-10 0.769303131801
3.5 -4.29765649215e-10 0.696094381084
3.6 -4.29765649215e-10 0.629852006747
3.7 -4.29765649215e-10 0.569913135219
3.8 -4.29765649215e-10 0.515678670185
3.9 -4.29765649215e-10 0.466605287153
4 -4.29765649215e-10 0.422201976119
4.1 -4.29765649215e-10 0.382024149368
4.2 -4.29765649215e-10 0.345669708629
4.3 -4.29765649215e-10 0.312774853116
4.4 -4.29765649215e-10 0.283010398413
4.5 -4.29765649215e-10 0.256078403396
4.6 -4.29765649215e-10 0.23170929659
4.7 -4.29765649215e-10 0.209659215732
4.8 -4.29765649215e-10 0.189707367335
4.9 -4.29765649215e-10 0.171654190773
5 -4.29765649215e-10 0.155319135692
5.1 -4.29765649215e-10 0.140538520518
5.2 -4.29765649215e-10 0.127164533928
5.3 -4.29765649215e-10 0.11506321214
5.4 -4.29765649215e-10 0.104113464407
5.5 -4.29765649215e-10 0.0942057588589
5.6 -4.29765649215e-10 0.0852408430188
5.7 -4.29765649215e-10 0.0771291088979
5.8 -4.29765649215e-10 0.0697893037351
5.9 -4.29765649215e-10 0.063147966464
6 -4.29765649215e-10 0.0571386486983
6.1 -4.29765649215e-10 0.0517011581369
6.2 -4.29765649215e-10 0.0467811415033
6.3 -4.29765649215e-10 0.0423293170805
6.4 -4.29765649215e-10 0.0383011380444
6.5 -4.29765649215e-10 0.0346563099673
6.6 -4.29765649215e-10 0.0313583167089
6.7 -4.29765649215e-10 0.0283741808356
6.8 -4.29765649215e-10 0.0256740126149
6.9 -4.29765649215e-10 0.0232307969528
7 -4.29765649215e-10 0.0210200970804
7.1 -4.29765649215e-10 0.019019763762
7.2 -4.29765649215e-10 0.0172097961457
7.3 -4.29765649215e-10 0.0155720649927
7.4 -4.29765649215e-10 0.0140901825796
7.5 -4.29765649215e-10 0.0127493252755
7.6 -4.29765649215e-10 0.011536060603
7.7 -4.29765649215e-10 0.0104382599239
7.8 -4.29765649215e-10 0.00944492703396
7.9 -4.29765649215e-10 0.00854612138329
8 -4.29765649215e-10 0.00773285109969
8.1 -4.29765649215e-10 0.00699696984937
8.2 -4.29765649215e-10 0.00633111866305
8.3 -4.29765649215e-10 0.00572861800391
8.4 -4.29765649215e-10 0.00518344476256
8.5 -4.29765649215e-10 0.00469017328698
8.6 -4.29765649215e-10 0.00424386238366
8.7 -4.29765649215e-10 0.00384003441743
8.8 -4.29765649215e-10 0.00347462396466
8.9 -4.29765649215e-10 0.00314399183289
9 -4.29765649215e-10 0.00284483469002
9.1 -4.29765649215e-10 0.00257412123267
9.2 -4.29765649215e-10 0.0023291563972
9.3 -4.29765649215e-10 0.00210751241696
9.4 -4.29765649215e-10 0.00190695295667
9.5 -4.29765649215e-10 0.00172547609222
9.6 -4.29765649215e-10 0.00156128251519
9.7 -4.29765649215e-10 0.00141271045616
9.8 -4.29765649215e-10 0.00127826874481
9.9 -4.29765649215e-10 0.00115662988403
10 -4.29765649215e-10 0.0010465645506
10.1 -4.29765649215e-10 0.000946967186399
10.2 -4.29765649215e-10 0.00085685965425
10.3 -4.29765649215e-10 0.000775330825588
10.4 -4.29765649215e-10 0.000701544039526
10.5 -4.29765649215e-10 0.000634778142212
10.6 -4.29765649215e-10 0.000574371107957
10.7 -4.29765649215e-10 0.000519709626181
10.8 -4.29765649215e-10 0.000470243574254
10.9 -4.29765649215e-10 0.000425491085192
11 -4.29765649215e-10 0.000385000902942
11.1 -4.29765649215e-10 0.000348358858657
11.2 -4.29765649215e-10 0.000315205951059
11.3 -4.29765649215e-10 0.00028521211672
11.4 -4.29765649215e-10 0.000258070893856
11.5 -4.29765649215e-10 0.000233507938737
11.6 -4.29765649215e-10 0.000211284925651
11.7 -4.29765649215e-10 0.000191177968003
11.8 -4.29765649215e-10 0.000172975921979
11.9 -4.29765649215e-10 0.000156517730714
12 -4.29765649215e-10 0.000141623954268
12.1 -4.29765649215e-10 0.000128146512784
12.2 -4.29765649215e-10 0.000115951506363
12.3 -4.29765649215e-10 0.000104920858438
12.4 -4.29765649215e-10 9.4941000498e-05
12.5 -4.29765649215e-10 8.59080900537e-05
12.6 -4.29765649215e-10 7.77283047479e-05
12.7 -4.29765649215e-10 7.0320138886e-05
12.8 -4.29765649215e-10 6.36115481491e-05
12.9 -4.29765649215e-10 5.75402550558e-05
13 -4.29765649215e-10 5.20541359858e-05
13.1 -4.29765649215e-10 4.70985197839e-05
13.2 -4.29765649215e-10 4.26128180396e-05
13.3 -4.29765649215e-10 3.85537269155e-05
13.4 -4.29765649215e-10 3.48845277778e-05
13.5 -4.29765649215e-10 3.15733633558e-05
13.6 -4.29765649215e-10 2.85785648356e-05
13.7 -4.29765649215e-10 2.58668947591e-05
13.8 -4.29765649215e-10 2.34115953774e-05
13.9 -4.29765649215e-10 2.11899158914e-05
14 -4.29765649215e-10 1.91593207354e-05
14.1 -4.29765649215e-10 1.73514217699e-05
14.2 -4.29765649215e-10 1.57044073067e-05
14.3 -4.29765649215e-10 1.42102648223e-05
14.4 -4.29765649215e-10 1.28602772871e-05
14.5 -4.29765649215e-10 1.16396254708e-05
14.6 -4.29765649215e-10 1.05363917606e-05
14.7 -4.29765649215e-10 9.53982725925e-06
14.8 -4.29765649215e-10 8.63918306946e-06
14.9 -4.29765649215e-10 7.82371029392e-06
15 -4.29765649215e-10 7.08579355118e-06
15.1 -4.29765649215e-10 6.42038391516e-06
15.2 -4.29765649215e-10 5.81916347001e-06
15.3 -4.29765649215e-10 5.27379434919e-06
15.4 -4.29765649215e-10 4.77593868615e-06
15.5 -4.29765649215e-10 4.31833369368e-06
15.6 -4.29765649215e-10 3.90302857608e-06
15.7 -4.29765649215e-10 3.52764465326e-06
15.8 -4.29765649215e-10 3.18801977933e-06
15.9 -4.29765649215e-10 2.87999180841e-06
16 -4.29765649215e-10 2.59939859461e-06
16.1 -4.29765649215e-10 2.30580484426e-06
16.2 -4.29765649215e-10 2.09643312683e-06
16.3 -4.29765649215e-10 1.90156662125e-06
16.4 -4.29765649215e-10 1.72120532753e-06
16.5 -4.29765649215e-10 1.55534924566e-06
16.6 -4.29765649215e-10 1.40380636803e-06
16.7 -4.29765649215e-10 1.26497293574e-06
16.8 -4.29765649215e-10 1.1384889069e-06
16.9 -4.29765649215e-10 1.02435428149e-06
17 -4.29765649215e-10 9.22569059532e-07
17.1 -4.29765649215e-10 8.33133241013e-07
17.2 -4.29765649215e-10 7.54722780974e-07
17.3 -4.29765649215e-10 6.83113961558e-07
17.4 -4.29765649215e-10 6.17991503972e-07
17.5 -4.29765649215e-10 5.59355408213e-07
17.6 -4.29765649215e-10 5.07205674282e-07
17.7 -4.29765649215e-10 4.6154230218e-07
17.8 -4.29765649215e-10 4.20899391538e-07
17.9 -4.29765649215e-10 3.83304893629e-07
18 -4.29765649215e-10 3.48748333159e-07
18.1 -4.29765649215e-10 3.17229710127e-07
18.2 -4.29765649215e-10 2.88749024535e-07
18.3 -4.29765649215e-10 2.63286589593e-07
18.4 -4.29765649215e-10 2.39987908227e-07
18.5 -4.29765649215e-10 2.18397108681e-07
18.6 -4.29765649215e-10 1.98514190957e-07
18.7 -4.29765649215e-10 1.80339155054e-07
18.8 -4.29765649215e-10 1.63872000972e-07
18.9 -4.29765649215e-10 1.49056213351e-07
19 -4.29765649215e-10 1.35419743156e-07
19.1 -4.29765649215e-10 1.22856615957e-07
19.2 -4.29765649215e-10 1.11366831756e-07
19.3 -4.29765649215e-10 1.0095039055e-07
19.4 -4.29765649215e-10 9.16072923412e-08
19.5 -4.29765649215e-10 8.32393703817e-08
19.6 -4.29765649215e-10 7.5533471679e-08
19.7 -4.29765649215e-10 6.84662209742e-08
19.8 -4.29765649215e-10 6.20376182673e-08
19.9 -4.29765649215e-10 5.62476635583e-08
20 -4.29765649215e-10 5.10963568472e-08
