"Time" "Prey" "Predator"
0 14.4118585041 1.09192126622
0.1 11.4902910614 3.72702815911
0.2 5.61493674503 7.97697390465
0.3 1.73615047567 10.124974403
0.4 0.475337693605 10.097681963
0.5 0.138199721328 9.38757948685
0.6 0.0446345585278 8.56421339349
0.7 0.0160672163041 7.77073020568
0.8 0.00640384061068 7.03857847667
0.9 0.00280202837895 6.37152451455
1 0.00133445279196 5.76632682877
1.1 0.000686301444198 5.21809376225
1.2 0.000378396441874 4.72176932053
1.3 0.000222187000626 4.27255828834
1.4 0.000138153406287 3.86603859648
1.5 9.03561646976e-05 3.4981754872
1.6 6.19479277784e-05 3.16530358643
1.7 4.43078161592e-05 2.86409992648
1.8 3.28896067406e-05 2.59155386451
1.9 2.53046003554e-05 2.34494097218
2 2.0088229748e-05 2.12179449199
2.1 1.64010598431e-05 1.91988197188
2.2 1.37400086967e-05 1.73718314548
2.3 1.17831909027e-05 1.57186984515
2.4 1.03230376125e-05 1.42228825732
2.5 9.22981052934e-06 1.28694274223
2.6 8.38006540103e-06 1.16447510645
2.7 7.72748311005e-06 1.05366151004
2.8 7.22729402645e-06 0.953393174001
2.9 6.84560654489e-06 0.862666557271
3 6.55903086801e-06 0.780573593348
3.1 6.35012403481e-06 0.70629273865
3.2 6.20635305392e-06 0.639080941283
3.3 6.11806967095e-06 0.578265699339
3.4 6.07699829063e-06 0.52323670824
3.5 6.07632242951e-06 0.473442980006
3.6 6.11412866309e-06 0.42838770933
3.7 6.19075540942e-06 0.38762189629
3.8 6.30099917638e-06 0.350735699261
3.9 6.44167753828e-06 0.317358795545
4 6.6134530441e-06 0.287157963312
4.1 6.81658493571e-06 0.259831359274
4.2 7.05033725896e-06 0.235105327196
4.3 7.31488897717e-06 0.212732410008
4.4 7.61092932879e-06 0.192488442035
4.5 7.93929640828e-06 0.174170737494
4.6 8.30112284121e-06 0.157596266357
4.7 8.69773332181e-06 0.142599158455
4.8 9.13064271014e-06 0.129029194829
4.9 9.60160915348e-06 0.116750542101
5 1.01126124159e-05 0.105640335904
5.1 1.06658291147e-05 0.095587314414
5.2 1.12636721951e-05 0.0864909971105
5.3 1.19087719136e-05 0.0782603941775
5.4 1.26039743356e-05 0.0708130253019
5.5 1.33523711501e-05 0.0640743818278
5.6 1.41573043175e-05 0.057976961977
5.7 1.50223794945e-05 0.0524597829097
5.8 1.595147761e-05 0.0474676369294
5.9 1.69487702568e-05 0.042950533317
6 1.80187393809e-05 0.0388633264754
6.1 1.91661927148e-05 0.0351650630128
6.2 2.03962855302e-05 0.0318187324091
6.3 2.17145435556e-05 0.028790836497
6.4 2.31268869175e-05 0.0260510633459
6.5 2.46396550077e-05 0.0235720331772
6.6 2.62596347119e-05 0.0213289057734
6.7 2.79940892928e-05 0.0192992432885
6.8 2.98507915041e-05 0.0174627312544
6.9 3.18380574902e-05 0.0158009775357
7 3.39647824251e-05 0.0142973639801
7.1 3.62404825521e-05 0.0129368277486
7.2 3.8675333739e-05 0.0117057621511
7.3 4.12802214209e-05 0.0105918579099
7.4 4.40667829281e-05 0.00958394831707
7.5 4.70474635965e-05 0.00867195345797
7.6 5.02355744449e-05 0.00784672934735
7.7 5.36453411553e-05 0.00710003291628
7.8 5.72919728473e-05 0.00642441859616
7.9 6.11917485826e-05 0.0058131128479
8 6.53620456439e-05 0.00525998252443
8.1 6.98214406651e-05 0.00475947543789
8.2 7.45898380935e-05 0.00430661583075
8.3 7.96884650439e-05 0.00389684374489
8.4 8.51400180244e-05 0.00352603312861
8.5 9.09688194441e-05 0.00319052078533
8.6 9.72008006781e-05 0.00288693385469
8.7 0.000103863695652 0.00261222390133
8.8 0.000110987214744 0.00236367106265
8.9 0.000118603032245 0.00213876878725
9 0.000126745035144 0.00193525732058
9.1 0.000135449512502 0.00175112255473
9.2 0.000144755152262 0.00158450604141
9.3 0.000154703387124 0.00143374293562
9.4 0.000165338566449 0.00129734430992
9.5 0.000176707932428 0.00117392765953
9.6 0.000188861919728 0.00106222682095
9.7 0.000201854787327 0.00096115562191
9.8 0.000215744347897 0.000869708359054
9.9 0.000230592224238 0.000786955556513
10 0.000246464478328 0.00071207001421
10.1 0.000263431904735 0.000644319734193
10.2 0.000281569863029 0.000583020851269
10.3 0.000300958809154 0.000527547349652
10.4 0.000321685266816 0.000477357618624
10.5 0.000343841432498 0.000431949660482
10.6 0.000367525577999 0.000390857937491
10.7 0.00039284305577 0.000353670074421
10.8 0.000419906768701 0.000320024213703
10.9 0.000448836894905 0.000289581098092
11 0.000479762686401 0.000262023002952
11.1 0.00051281940828 0.000237103191204
11.2 0.000548156572112 0.000214552357469
11.3 0.000585930308401 0.000194145359039
11.4 0.000626309646525 0.000175681100437
11.5 0.000669475930803 0.000158979306043
11.6 0.0007156205009 0.000143867699682
11.7 0.00076494594042 0.000130188905593
11.8 0.000817668585637 0.000117801103884
11.9 0.000874031925581 0.000106581531541
12 0.000934287318716 9.64214443168e-05
12.1 0.000998698123937 8.7227196024e-05
12.2 0.00106754137384 7.89206638825e-05
12.3 0.00114112817483 7.14148905572e-05
12.4 0.00121979829607 6.46205450506e-05
12.5 0.00130389787716 5.84725398972e-05
12.6 0.00139379139145 5.29157469411e-05
12.7 0.00148986825418 4.79010496699e-05
12.8 0.00159257840967 4.33640838939e-05
12.9 0.00170238124407 3.92557566283e-05
13 0.00181975645407 3.55357532511e-05
13.1 0.00194520850501 3.2169879586e-05
13.2 0.00207930428049 2.91229656487e-05
13.3 0.00222266337236 2.63606957995e-05
13.4 0.00237591655314 2.38574359255e-05
13.5 0.00253972799511 2.15920455477e-05
13.6 0.00271480723226 1.95460145205e-05
13.7 0.00290197409456 1.76933482571e-05
13.8 0.00310206568318 1.60150581458e-05
13.9 0.00331595603338 1.44960986727e-05
14 0.00354456428494 1.31240959565e-05
14.1 0.00378892295441 1.18845099519e-05
14.2 0.00405016165487 1.07617880765e-05
14.3 0.00432942989446 9.74483573002e-06
14.4 0.00462793807045 8.8241114453e-06
14.5 0.0049469786517 7.99119694346e-06
14.6 0.00528804533395 7.23637862451e-06
14.7 0.00565266412202 6.55207611331e-06
14.8 0.00604242792917 5.93213999263e-06
14.9 0.00645901189031 5.37154103306e-06
15 0.00690429592552 4.86454371732e-06
15.1 0.00738033960601 4.40508079448e-06
15.2 0.00788923782938 3.98890404815e-06
15.3 0.00843319649993 3.61245648711e-06
15.4 0.00901457000543 3.27259399985e-06
15.5 0.00963607968679 2.96496274834e-06
15.6 0.0103005073529 2.68627547803e-06
15.7 0.0110107560046 2.43386051304e-06
15.8 0.0117698785285 2.20544864491e-06
15.9 0.0125812976977 1.99868426489e-06
16 0.0134487686928 1.81120864696e-06
16.1 0.0143761093203 1.64125943491e-06
16.2 0.0153673397668 1.48736009129e-06
16.3 0.0164267488737 1.34822187396e-06
16.4 0.017559294552 1.2221516031e-06
16.5 0.0187700478795 1.10787386874e-06
16.6 0.0200642994264 1.00437376974e-06
16.7 0.0214476130237 9.1081738822e-07
16.8 0.0229261620753 8.26269242828e-07
16.9 0.0245067383639 7.49684891421e-07
17 0.0261963200225 6.80273890637e-07
17.1 0.0280022872695 6.17331300411e-07
17.2 0.0299328193014 5.60235688407e-07
17.3 0.0319965792498 5.0845070916e-07
17.4 0.0342026122888 4.61525614805e-07
17.5 0.0365605429742 4.19069979342e-07
17.6 0.039081160841 3.80605588572e-07
17.7 0.0417756838218 3.45752737217e-07
17.8 0.0446558834573 3.14198560512e-07
17.9 0.0477344524457 2.85648452836e-07
18 0.0510254868504 2.59775299624e-07
18.1 0.0545435261698 2.3632054133e-07
18.2 0.0583038879178 2.15058987293e-07
18.3 0.0623233029638 1.9578206254e-07
18.4 0.06661993843 1.78297262206e-07
18.5 0.0712127499358 1.62443586189e-07
18.6 0.0761221680831 1.48070500505e-07
18.7 0.0813702379496 1.35033005934e-07
18.8 0.0869800464773 1.23211880967e-07
18.9 0.0929764635148 1.12495678637e-07
19 0.0993865038073 1.02773738334e-07
19.1 0.106238396432 9.39541419253e-08
19.2 0.113562465788 8.59532035275e-08
19.3 0.121391738933 7.86911401059e-08
19.4 0.129760730482 7.21006556871e-08
19.5 0.138706419337 6.61207873565e-08
19.6 0.148269168624 6.06916381109e-08
19.7 0.158491171801 5.57632489461e-08
19.8 0.169417441057 5.12909486345e-08
19.9 0.181097106501 4.72305368649e-08
20 0.193581883601 4.35439658641e-08
