"Time" "Prey" "Predator"
0 1.00326816871 1.00326716258
0.1 0.938274462871 1.00030088948
0.2 0.878205820337 0.991122177836
0.3 0.823301241083 0.976397409802
0.4 0.773601403144 0.956873293336
0.5 0.728997543403 0.933330095749
0.6 0.689280307675 0.906537990134
0.7 0.654174059081 0.877229270716
0.8 0.623367236105 0.846077852402
0.9 0.5965364453 0.813686565043
1 0.573361880129 0.780583048745
1.1 0.553537583628 0.747219902049
1.2 0.536779028135 0.713977175976
1.3 0.522826649423 0.681167989225
1.4 0.51144714006 0.649045155174
1.5 0.502434280349 0.617807809328
1.6 0.49560669675 0.587609084383
1.7 0.49080714886 0.55856230128
1.8 0.487900511333 0.530747376525
1.9 0.486771722229 0.504216258566
2 0.487324011297 0.478997886175
2.1 0.489476986232 0.455102674136
2.2 0.493164936533 0.432525995508
2.3 0.498335312835 0.411251428827
2.4 0.504947118425 0.391254035717
2.5 0.51296986479 0.372501890565
2.6 0.52238235874 0.354957650741
2.7 0.53317160699 0.338581614979
2.8 0.545332021167 0.323331807052
2.9 0.558864405967 0.309165781183
3 0.57377531034 0.296041061967
3.1 0.590076212547 0.283916233904
3.2 0.607782907982 0.272751319292
3.3 0.626914746978 0.26250851182
3.4 0.647494048905 0.253152438324
3.5 0.669545282631 0.244650712672
3.6 0.693094414392 0.236974149351
3.7 0.718167980574 0.230097224641
3.8 0.744792503638 0.223998058135
3.9 0.772993181213 0.218659045801
4 0.802792768275 0.214067213469
4.1 0.834210740834 0.210214178432
4.2 0.867261108522 0.207096993124
4.3 0.901951300177 0.204718268012
4.4 0.938280174546 0.20308667659
4.5 0.976235038205 0.202217858723
4.6 1.01579009492 0.202134650155
4.7 1.05690246977 0.20286814123
4.8 1.09950878802 0.204458530941
4.9 1.14352196618 0.206955884928
5 1.18882502875 0.210421580021
5.1 1.23526710495 0.214929296891
5.2 1.28265736561 0.220566297121
5.3 1.33075732691 0.227434821147
5.4 1.37927507385 0.235653576366
5.5 1.42785716427 0.24535845428
5.6 1.47608032154 0.256703438459
5.7 1.52344470303 0.269860752592
5.8 1.56936728038 0.285020040317
5.9 1.61317618944 0.302386458971
6 1.65411076458 0.322174850384
6.1 1.69131938174 0.344605492196
6.2 1.7238768294 0.369888778107
6.3 1.75079692799 0.398212574777
6.4 1.77106091921 0.429721672297
6.5 1.78366138649 0.464490776452
6.6 1.7876553199 0.502493691597
6.7 1.78223214661 0.543571033856
6.8 1.76678776299 0.587395750212
6.9 1.74100099071 0.633448158421
7 1.70490506517 0.680996929796
7.1 1.6589233584 0.729113788325
7.2 1.60389595712 0.776690607604
7.3 1.54104836061 0.822499831563
7.4 1.47192535252 0.865270029308
7.5 1.39828816306 0.903775662924
7.6 1.32198981347 0.936929998766
7.7 1.24484829842 0.963863034491
7.8 1.16853162384 0.983978492794
7.9 1.09447211846 0.996979339839
8 1.02381780942 1.00286117413
8.1 0.957415233262 1.00188278779
8.2 0.895822613258 0.994517079536
8.3 0.83934435468 0.981393044892
8.4 0.788075270047 0.963238535109
8.5 0.741948021095 0.940827994879
8.6 0.700779584253 0.914938242595
8.7 0.664310799092 0.886315632741
8.8 0.632238524274 0.85565323427
8.9 0.604240675571 0.823576495281
9 0.57999455121 0.790636304519
9.1 0.559189320044 0.757307319119
9.2 0.541533163329 0.72399163244
9.3 0.526759028319 0.691021530627
9.4 0.514625511304 0.658667489634
9.5 0.504918105333 0.627144135099
9.6 0.497448128777 0.596617699239
9.7 0.492051153516 0.567212933922
9.8 0.488585660999 0.539019076357
9.9 0.486930713692 0.512095998182
10 0.486984224316 0.486479121591
10.1 0.488661077857 0.462183979806
10.2 0.491891335678 0.439210152662
10.3 0.496618598321 0.417544576285
10.4 0.50279843986 0.397164407036
10.5 0.510397448278 0.378039484123
10.6 0.519391696062 0.360134169295
10.7 0.529765831317 0.343409408445
10.8 0.5415121027 0.327823684167
10.9 0.554629442489 0.313334659798
11 0.569122774919 0.299899680134
11.1 0.585002136404 0.287477008499
11.2 0.602282119773 0.276026104894
11.3 0.620981050717 0.265508505046
11.4 0.641120442818 0.255888022135
11.5 0.662724172984 0.247131355988
11.6 0.685817862752 0.239208291811
11.7 0.710427943933 0.23209219055
11.8 0.736581008102 0.225760075
11.9 0.764302878961 0.220192903395
12 0.79361706439 0.215376368298
12.1 0.824544204069 0.211300640518
12.2 0.857100188114 0.207961052721
12.3 0.891294522874 0.205358539803
12.4 0.927128993935 0.203499834251
12.5 0.964594586289 0.202398433794
12.6 1.00366972265 0.202074937312
12.7 1.04431724784 0.202557794273
12.8 1.08648015068 0.203884416254
12.9 1.13007907897 0.206101750012
13 1.17500667462 0.209267617407
13.1 1.22112274972 0.213451872319
13.2 1.26824940711 0.218737526595
13.3 1.31616315147 0.225222142013
13.4 1.36458902274 0.233019299229
13.5 1.41319303624 0.242259692681
13.6 1.46157391373 0.253091620333
13.7 1.50925537348 0.265682073834
13.8 1.55568070987 0.280215234665
13.9 1.60020446588 0.296892428344
14 1.64209383517 0.315925582989
14.1 1.68052315741 0.337534772033
14.2 1.71458807426 0.361934793976
14.3 1.74331824735 0.389322185119
14.4 1.76570205286 0.419856877574
14.5 1.78072183353 0.453638468946
14.6 1.78740991264 0.490674203564
14.7 1.78490719658 0.53084882992
14.8 1.77253996881 0.573888619531
14.9 1.74989174449 0.619335925125
15 1.71688539057 0.666521602805
15.1 1.67382177874 0.71457616021
15.2 1.62141492573 0.762441967485
15.3 1.56078056746 0.808919030585
15.4 1.49337575231 0.85274106571
15.5 1.42090853841 0.892658511463
15.6 1.34521854257 0.927532989167
15.7 1.26814724976 0.956422202351
15.8 1.19141754007 0.978643486155
15.9 1.1165408044 0.993807944839
16 1.04475436348 1.00182501156
16.1 0.976995077811 1.00287879411
16.2 0.913905730331 0.997382989503
16.3 0.855863334385 0.985925533984
16.4 0.803020496958 0.96921074543
16.5 0.755353970658 0.948003871277
16.6 0.712711458727 0.923084784148
16.7 0.674852962881 0.895212046986
16.8 0.641485488881 0.865096765563
16.9 0.612290583162 0.833385753182
17 0.586944194842 0.8006528327
17.1 0.565130786523 0.767395713475
17.2 0.546552334633 0.734037742292
17.3 0.530933927619 0.700931856442
17.4 0.518026161239 0.668366600644
17.5 0.507606697453 0.636572449246
17.6 0.499478943416 0.605729782719
17.7 0.493471422916 0.575975069591
17.8 0.489435923595 0.547407632878
17.9 0.487245386168 0.520095725635
18 0.486792319133 0.494081589702
18.1 0.487986638525 0.469386356555
18.2 0.490753975796 0.44601404001
18.3 0.495034061492 0.423955088765
18.4 0.500778917993 0.403189310421
18.5 0.507951990557 0.383688574115
18.6 0.516526583575 0.365418642473
18.7 0.526484858456 0.348341390897
18.8 0.53781686892 0.332415865479
18.9 0.550519605001 0.317599900722
19 0.564596268858 0.303850824433
19.1 0.580055423076 0.291126555305
19.2 0.596910356827 0.279386130102
19.3 0.615178342455 0.268590394104
19.4 0.634879995638 0.258702443602
19.5 0.656038565743 0.249688045851
19.6 0.6786792148 0.241516038808
19.7 0.702828235563 0.23415864574
19.8 0.728512223243 0.227591798973
19.9 0.755757404428 0.221795171095
20 0.78458806367 0.21675302897
