"Time" "Prey" "Predator"
0 22.1987032981 11.6983293801
0.1 1.42561145515 25.6109026196
0.2 0.0535238842885 24.1489057673
0.3 0.00266206032678 21.8870886143
0.4 0.00017703243213 19.8060351807
0.5 1.54371212069e-05 17.9213581042
0.6 1.66155779142e-06 16.2159260767
0.7 2.21647998645e-07 14.6727786481
0.8 2.47670490003e-08 13.2764800671
0.9 -1.36608946074e-08 12.0130529741
1 -1.30797282168e-08 10.869859053
1.1 -1.37341721613e-08 9.83545440202
1.2 -8.38263608212e-09 8.89948231092
1.3 -1.40083461566e-09 8.05258350987
1.4 9.66448696324e-09 7.28629000883
1.5 -8.08091501507e-09 6.59290616482
1.6 -1.01551569856e-08 5.96550736218
1.7 -5.15886827306e-09 5.39781547311
1.8 -7.77171664524e-09 4.88414576667
1.9 -7.33782273583e-09 4.41935795083
2 -7.29091087607e-09 3.9988006835
2.1 -7.29091087607e-09 3.61826470036
2.2 -7.29091087607e-09 3.27394147893
2.3 -7.29091087607e-09 2.96238516848
2.4 -7.29091087607e-09 2.68047669662
2.5 -7.29091087607e-09 2.42539476625
2.6 -7.29091087607e-09 2.19458772361
2.7 -7.29091087607e-09 1.98574503061
2.8 -7.29091087607e-09 1.79677642179
2.9 -7.29091087607e-09 1.62579051085
3 -7.29091087607e-09 1.47107601042
3.1 -7.29091087607e-09 1.33108461414
3.2 -7.29091087607e-09 1.2044151598
3.3 -7.29091087607e-09 1.0897998547
3.4 -7.29091087607e-09 0.986091494155
3.5 -7.29091087607e-09 0.892251942785
3.6 -7.29091087607e-09 0.807342826816
3.7 -7.29091087607e-09 0.730513775581
3.8 -7.29091087607e-09 0.660996091309
3.9 -7.29091087607e-09 0.598093994017
4 -7.29091087607e-09 0.541177652195
4.1 -7.29091087607e-09 0.48967781646
4.2 -7.29091087607e-09 0.443078629506
4.3 -7.29091087607e-09 0.400914096291
4.4 -7.29091087607e-09 0.362762047407
4.5 -7.29091087607e-09 0.328240615374
4.6 -7.29091087607e-09 0.297004406386
4.7 -7.29091087607e-09 0.268740596584
4.8 -7.29091087607e-09 0.243166554328
4.9 -7.29091087607e-09 0.220026134063
5 -7.29091087607e-09 0.199087851474
5.1 -7.29091087607e-09 0.180142133806
5.2 -7.29091087607e-09 0.162999296793
5.3 -7.29091087607e-09 0.147487874777
5.4 -7.29091087607e-09 0.133452498
5.5 -7.29091087607e-09 0.120752809884
5.6 -7.29091087607e-09 0.109261642625
5.7 -7.29091087607e-09 0.0988640013818
5.8 -7.29091087607e-09 0.0894558415363
5.9 -7.29091087607e-09 0.0809429410962
6 -7.29091087607e-09 0.0732402031167
6.1 -7.29091087607e-09 0.0662704619695
6.2 -7.29091087607e-09 0.0599639809877
6.3 -7.29091087607e-09 0.0542576601468
6.4 -7.29091087607e-09 0.0490943402029
6.5 -7.29091087607e-09 0.0444223996719
6.6 -7.29091087607e-09 0.0401950374795
6.7 -7.29091087607e-09 0.0363699624783
6.8 -7.29091087607e-09 0.0329089070633
6.9 -7.29091087607e-09 0.0297772000065
7 -7.29091087607e-09 0.026943528313
7.1 -7.29091087607e-09 0.0243795062885
7.2 -7.29091087607e-09 0.0220594826644
7.3 -7.29091087607e-09 0.0199602465554
7.4 -7.29091087607e-09 0.0180607697329
7.5 -7.29091087607e-09 0.016342062219
7.6 -7.29091087607e-09 0.014786906709
7.7 -7.29091087607e-09 0.0133797434194
7.8 -7.29091087607e-09 0.0121064932363
7.9 -7.29091087607e-09 0.0109544026347
8 -7.29091087607e-09 0.00991195308466
8.1 -7.29091087607e-09 0.00896870518114
8.2 -7.29091087607e-09 0.00811521811263
8.3 -7.29091087607e-09 0.00734294585885
8.4 -7.29091087607e-09 0.00664414996528
8.5 -7.29091087607e-09 0.00601186346453
8.6 -7.29091087607e-09 0.00543977252237
8.7 -7.29091087607e-09 0.00492213727896
8.8 -7.29091087607e-09 0.00445375621611
8.9 -7.29091087607e-09 0.00402994348184
9 -7.29091087607e-09 0.00364647797327
9.1 -7.29091087607e-09 0.00329948611578
9.2 -7.29091087607e-09 0.00298549334761
9.3 -7.29091087607e-09 0.00270139217649
9.4 -7.29091087607e-09 0.00244432032196
9.5 -7.29091087607e-09 0.0022117062752
9.6 -7.29091087607e-09 0.00200124297339
9.7 -7.29091087607e-09 0.00181080319084
9.8 -7.29091087607e-09 0.00163847886985
9.9 -7.29091087607e-09 0.00148256300385
10 -7.29091087607e-09 0.0013414798222
10.1 -7.29091087607e-09 0.00121382144415
10.2 -7.29091087607e-09 0.00109832661623
10.3 -7.29091087607e-09 0.000993824047895
10.4 -7.29091087607e-09 0.000899242518682
10.5 -7.29091087607e-09 0.000813663352647
10.6 -7.29091087607e-09 0.000736233583117
10.7 -7.29091087607e-09 0.000666165489655
10.8 -7.29091087607e-09 0.00060276018517
10.9 -7.29091087607e-09 0.000545396811735
11 -7.29091087607e-09 0.000493495812538
11.1 -7.29091087607e-09 0.000446527278603
11.2 -7.29091087607e-09 0.000404033137344
11.3 -7.29091087607e-09 0.00036558776296
11.4 -7.29091087607e-09 0.000330796780232
11.5 -7.29091087607e-09 0.000299312111324
11.6 -7.29091087607e-09 0.000270826675925
11.7 -7.29091087607e-09 0.000245053006106
11.8 -7.29091087607e-09 0.000221722537751
11.9 -7.29091087607e-09 0.00020062544869
12 -7.29091087607e-09 0.0001815344043
12.1 -7.29091087607e-09 0.000164258422637
12.2 -7.29091087607e-09 0.000148627759631
12.3 -7.29091087607e-09 0.000134489263876
12.4 -7.29091087607e-09 0.000121696994808
12.5 -7.29091087607e-09 0.000110117686003
12.6 -7.29091087607e-09 9.96313886757e-05
12.7 -7.29091087607e-09 9.01342920103e-05
12.8 -7.29091087607e-09 8.15344141863e-05
12.9 -7.29091087607e-09 7.37526699463e-05
13 -7.29091087607e-09 6.67231127029e-05
13.1 -7.29091087607e-09 6.0370633562e-05
13.2 -7.29091087607e-09 5.46205241812e-05
13.3 -7.29091087607e-09 4.94177905968e-05
13.4 -7.29091087607e-09 4.47159062324e-05
13.5 -7.29091087607e-09 4.04728593982e-05
13.6 -7.29091087607e-09 3.66338300895e-05
13.7 -7.29091087607e-09 3.31576567917e-05
13.8 -7.29091087607e-09 3.00102792125e-05
13.9 -7.29091087607e-09 2.7101164476e-05
14 -7.29091087607e-09 2.45628910844e-05
14.1 -7.29091087607e-09 2.22427136781e-05
14.2 -7.29091087607e-09 2.01302189168e-05
14.3 -7.29091087607e-09 1.82149934607e-05
14.4 -7.29091087607e-09 1.64849611606e-05
14.5 -7.29091087607e-09 1.49204583435e-05
14.6 -7.29091087607e-09 1.35066313987e-05
14.7 -7.29091087607e-09 1.22295079776e-05
14.8 -7.29091087607e-09 1.10751157319e-05
14.9 -7.29091087607e-09 1.00295000626e-05
15 -7.29091087607e-09 9.08413796869e-06
15.1 -7.29091087607e-09 8.2315329501e-06
15.2 -7.29091087607e-09 7.46084403668e-06
15.3 -7.29091087607e-09 6.76123025822e-06
15.4 -7.29091087607e-09 6.12185064452e-06
15.5 -7.29091087607e-09 5.53440089528e-06
15.6 -7.29091087607e-09 5.0021517272e-06
15.7 -7.29091087607e-09 4.52103594935e-06
15.8 -7.29091087607e-09 4.08564197575e-06
15.9 -7.29091087607e-09 3.69055822047e-06
16 -7.29091087607e-09 3.24648014294e-06
16.1 -7.29091087607e-09 2.95808091263e-06
16.2 -7.29091087607e-09 2.68854143192e-06
16.3 -7.29091087607e-09 2.4378617008e-06
16.4 -7.29091087607e-09 2.20604171929e-06
16.5 -7.29091087607e-09 1.99308148737e-06
16.6 -7.29091087607e-09 1.79853516185e-06
16.7 -7.29091087607e-09 1.62031149948e-06
16.8 -7.29091087607e-09 1.45814397094e-06
16.9 -7.29091087607e-09 1.31203257623e-06
17 -7.29091087607e-09 1.18197731535e-06
17.1 -7.29091087607e-09 1.0679781883e-06
17.2 -7.29091087607e-09 9.6750992938e-07
17.3 -7.29091087607e-09 8.75606604323e-07
17.4 -7.29091087607e-09 7.92136288877e-07
17.5 -7.29091087607e-09 7.17098983043e-07
17.6 -7.29091087607e-09 6.5049468682e-07
17.7 -7.29091087607e-09 5.92314230313e-07
17.8 -7.29091087607e-09 5.40047526222e-07
17.9 -7.29091087607e-09 4.91730471762e-07
18 -7.29091087607e-09 4.47363066931e-07
18.1 -7.29091087607e-09 4.06945311729e-07
18.2 -7.29091087607e-09 3.70477206158e-07
18.3 -7.29091087607e-09 3.37873527925e-07
18.4 -7.29091087607e-09 3.07897242663e-07
18.5 -7.29091087607e-09 2.80141428361e-07
18.6 -7.29091087607e-09 2.54606085022e-07
18.7 -7.29091087607e-09 2.31291212643e-07
18.8 -7.29091087607e-09 2.10196811225e-07
18.9 -7.29091087607e-09 1.91191689439e-07
19 -7.29091087607e-09 1.7366048972e-07
19.1 -7.29091087607e-09 1.57524784639e-07
19.2 -7.29091087607e-09 1.42784574199e-07
19.3 -7.29091087607e-09 1.29439858397e-07
19.4 -7.29091087607e-09 1.17490637234e-07
19.5 -7.29091087607e-09 1.06749690906e-07
19.6 -7.29091087607e-09 9.68488517198e-08
19.7 -7.29091087607e-09 8.77783389887e-08
19.8 -7.29091087607e-09 7.95381527128e-08
19.9 -7.29091087607e-09 7.21282928922e-08
20 -7.29091087607e-09 6.55480121384e-08
