"Time" "Prey" "Predator"
0 0.000161170133784 3.49734060978
0.1 0.000110577073245 3.16457024794
0.2 7.91211197593e-05 2.86344915976
0.3 5.88162173694e-05 2.59097442209
0.4 4.52341826017e-05 2.34442198287
0.5 3.58983553624e-05 2.12132819741
0.6 2.93161384028e-05 1.91946307375
0.7 2.45608518365e-05 1.73680638465
0.8 2.1058812149e-05 1.571529586
0.9 1.84477759793e-05 1.42197931261
1 1.65046378296e-05 1.28666486889
1.1 1.50591840943e-05 1.1642290602
1.2 1.385393737e-05 1.05343793744
1.3 1.29481121531e-05 0.953190846418
1.4 1.22769470771e-05 0.862484563217
1.5 1.17604389734e-05 0.780409337203
1.6 1.13857204965e-05 0.70614433865
1.7 1.11277018102e-05 0.63894655404
1.8 1.09687880787e-05 0.57814351232
1.9 1.08956609354e-05 0.52312649386
2 1.08988652759e-05 0.473345010436
2.1 1.09712333647e-05 0.428300972847
2.2 1.11073019002e-05 0.387543251479
2.3 1.13033770744e-05 0.350664140765
2.4 1.15568392602e-05 0.317294486918
2.5 1.18661101164e-05 0.28710032054
2.6 1.22304246329e-05 0.259779535985
2.7 1.26496847989e-05 0.235058571
2.8 1.3124424645e-05 0.212690153797
2.9 1.36556745337e-05 0.192450298345
3 1.42449656429e-05 0.17413653028
3.1 1.48942540488e-05 0.157565533275
3.2 1.56059147555e-05 0.142571468992
3.3 1.63827019858e-05 0.129004066439
3.4 1.72277722017e-05 0.116727636964
3.5 1.81446983578e-05 0.105619686141
3.6 1.91373755815e-05 0.0955687772255
3.7 2.02101284159e-05 0.0864744126716
3.8 2.13676579437e-05 0.0782454724507
3.9 2.26150846254e-05 0.0707995956672
4 2.39579573927e-05 0.0640622418363
4.1 2.54022757322e-05 0.0579660392823
4.2 2.69545079633e-05 0.0524499892962
4.3 2.86216160473e-05 0.0474588551466
4.4 3.0411085833e-05 0.0429426722762
4.5 3.23309572398e-05 0.0388562455079
4.6 3.43898577825e-05 0.0351586888859
4.7 3.65970390405e-05 0.0318129731155
4.8 3.89624166332e-05 0.0287856709713
4.9 4.14966127475e-05 0.0260464612107
5 4.42110015924e-05 0.0235679162695
5.1 4.71177598346e-05 0.0213252341402
5.2 5.02299216273e-05 0.0192959520568
5.3 5.35614326276e-05 0.0174597873524
5.4 5.71272151409e-05 0.0157983510114
5.5 6.09432311351e-05 0.0142950172124
5.6 6.50265534791e-05 0.0129347523309
5.7 6.93954441173e-05 0.0117039261657
5.8 7.40694296659e-05 0.0105902277676
5.9 7.90693947282e-05 0.00958250386107
6 8.44176696301e-05 0.00867067295112
6.1 9.01381302761e-05 0.00784561843001
6.2 9.62563087792e-05 0.00709907339443
6.3 0.00010279949863 0.00642357108061
6.4 0.000109796892294 0.0058123380214
6.5 0.000117279690347 0.00525926098054
6.6 0.000125281230695 0.00475883101807
6.7 0.000133837205271 0.00430604025903
6.8 0.00014298574452 0.00389634801928
6.9 0.000152767542778 0.00352563100908
7 0.000163226209969 0.00319019319932
7.1 0.000174408358928 0.00288668835693
7.2 0.000186363693792 0.00261204295803
7.3 0.000199145466069 0.00236351396886
7.4 0.000212810650114 0.0021386443376
7.5 0.000227419976725 0.00193516705077
7.6 0.000243038459376 0.00175104431977
7.7 0.000259735721506 0.00158445594518
7.8 0.000277585962234 0.00143371892245
7.9 0.00029666855155 0.0012973140417
8 0.000317068563001 0.00117389806545
8.1 0.000338876650505 0.0010622258525
8.2 0.000362189751921 0.0009611708374
8.3 0.000387111871913 0.000869742776803
8.4 0.000413753759605 0.000787019856209
8.5 0.000442233540649 0.000712153179109
8.6 0.00047267818972 0.000644406172068
8.7 0.000505223303746 0.000583110827692
8.8 0.000540013334666 0.000527646344579
8.9 0.000577202776303 0.000477451403951
9 0.000616957624034 0.000432038074673
9.1 0.000659454532993 0.000390949851982
9.2 0.00070488193576 0.00035376651186
9.3 0.000753442318622 0.000320121665462
9.4 0.000805351912071 0.000289682264127
9.5 0.000860841074242 0.000262138236524
9.6 0.000920156173949 0.000237209293154
9.7 0.000983561936733 0.000214654145169
9.8 0.00105134007719 0.000194246324004
9.9 0.00112379436352 0.000175770314198
10 0.00120123838515 0.000159065356646
10.1 0.00128402530886 0.000143947110444
10.2 0.00137252066398 0.000130266221723
10.3 0.00146711849389 0.000117885819647
10.4 0.00156824488482 0.000106686939023
10.5 0.00167634902374 9.65547789959e-05
10.6 0.00179190668675 8.73840635973e-05
10.7 0.00191542216132 7.90794091701e-05
10.8 0.00204746188141 7.15576448727e-05
10.9 0.00218862066824 6.47454836115e-05
11 0.00233951755974 5.85792343153e-05
11.1 0.00250080410537 5.30053741956e-05
11.2 0.00267319203745 4.79714597922e-05
11.3 0.0028574876004 4.34148511513e-05
11.4 0.00305450580563 3.92908757588e-05
11.5 0.00326510369918 3.55619014022e-05
11.6 0.0034901864922 3.21960698257e-05
11.7 0.00373079665075 2.91526852356e-05
11.8 0.00398802515936 2.63967678391e-05
11.9 0.00426299968056 2.39009957798e-05
12 0.00455690678262 2.16420596029e-05
12.1 0.00487104262811 1.95980216392e-05
12.2 0.00520687767357 1.77449454803e-05
12.3 0.0055658973223 1.60651971586e-05
12.4 0.00594966340995 1.454424206e-05
12.5 0.00635982530757 1.31701410895e-05
12.6 0.00679828216674 1.19266005324e-05
12.7 0.00726702240141 1.07998482147e-05
12.8 0.00776810072913 9.77961699353e-06
12.9 0.00830367915367 8.85738917532e-06
13 0.00887611729025 8.02464062755e-06
13.1 0.00948809637798 7.27043002554e-06
13.2 0.0101423242014 6.58713506384e-06
13.3 0.010841647338 5.96827040346e-06
13.4 0.0115890702405 5.40829565889e-06
13.5 0.0123880496138 4.90096513607e-06
13.6 0.0132422131862 4.44090438636e-06
13.7 0.0141553062109 4.02391011228e-06
13.8 0.0151312697058 3.64651156265e-06
13.9 0.0161743973032 3.3053284952e-06
14 0.0172895768153 2.9960823711e-06
14.1 0.0184817453424 2.7158267721e-06
14.2 0.0197560914539 2.46211981071e-06
14.3 0.0211180886875 2.23292946683e-06
14.4 0.0225740279392 2.02555412341e-06
14.5 0.0241305274717 1.83761606512e-06
14.6 0.0257944137574 1.6673030782e-06
14.7 0.0275728704099 1.5130664801e-06
14.8 0.0294736583181 1.37347738283e-06
14.9 0.0315055617129 1.24693543445e-06
15 0.033677607626 1.1321784727e-06
15.1 0.0359993252531 1.02811698111e-06
15.2 0.0384811662942 9.33732805636e-07
15.3 0.0411342607297 8.48132809466e-07
15.4 0.043970243784 7.70586888447e-07
15.5 0.0470015504335 7.00437167899e-07
15.6 0.0502420081883 6.36880079835e-07
15.7 0.0537059715727 5.79284551641e-07
15.8 0.0574085523324 5.27108468784e-07
15.9 0.0613663544444 4.79826525022e-07
16 0.0655972450986 4.36948959927e-07
16.1 0.0701198186227 3.98065418679e-07
16.2 0.074953839209 3.62814485677e-07
16.3 0.0801211773275 3.30840665816e-07
16.4 0.0856448106718 3.01840280923e-07
16.5 0.0915491246682 2.75547032618e-07
16.6 0.0978606762718 2.51694217203e-07
16.7 0.104607388625 2.30054907924e-07
16.8 0.111819000914 2.10427751109e-07
16.9 0.119528006448 1.92615757636e-07
17 0.127768482907 1.76451091433e-07
17.1 0.136576812472 1.6178350895e-07
17.2 0.145992673103 1.48467550372e-07
17.3 0.156057642347 1.36380025983e-07
17.4 0.166816232169 1.25409542432e-07
17.5 0.178316875677 1.15447911817e-07
17.6 0.190610296982 1.06404121364e-07
17.7 0.203750839762 9.81956145915e-08
17.8 0.217797458508 9.07430334042e-08
17.9 0.232812309322 8.39779506912e-08
18 0.248862495932 7.78372649069e-08
18.1 0.266019148656 7.22654079861e-08
18.2 0.28435847084 6.72119442886e-08
18.3 0.303962343788 6.26301635968e-08
18.4 0.324917384736 5.84795771161e-08
18.5 0.347317362199 5.47222537548e-08
18.6 0.371261207606 5.13253652653e-08
18.7 0.39685619389 4.82583861428e-08
18.8 0.424215728975 4.54949030965e-08
18.9 0.453460863668 4.30115224689e-08
19 0.484722168707 4.07870116271e-08
19.1 0.518138523166 3.88028147194e-08
19.2 0.553858360192 3.70429525792e-08
19.3 0.592040555679 3.54940615199e-08
19.4 0.632855194693 3.41442364933e-08
19.5 0.676483795206 3.29845436934e-08
19.6 0.723120200214 3.20084078605e-08
19.7 0.772971567045 3.12112105321e-08
19.8 0.826259764094 3.05913040965e-08
19.9 0.883221609276 3.01494297007e-08
20 0.944110198948 2.988937046e-08
