"Time" "Prey" "Predator"
0 33.2103068696 1.09192126622
0.1 15.6316363048 15.021562211
0.2 0.935183384568 24.1694966668
0.3 0.0436856268203 22.5046410937
0.4 0.00267880665181 20.3923541807
0.5 0.000215258783064 18.4535333928
0.6 2.22059272212e-05 16.6975869353
0.7 2.80781613397e-06 15.1086163633
0.8 4.32393412461e-07 13.6708441902
0.9 7.5104528789e-08 12.3698964141
1 1.13370221339e-08 11.1927549957
1.1 -1.62836149659e-09 10.1276234729
1.2 -6.9053330686e-09 9.16384503466
1.3 -7.51695805403e-09 8.29178614546
1.4 -7.65703168054e-09 7.50271694277
1.5 -7.65703168054e-09 6.78873756266
1.6 -7.65703168054e-09 6.14270050156
1.7 -7.65703168054e-09 5.55814260173
1.8 -7.65703168054e-09 5.02922557877
1.9 -7.65703168054e-09 4.55063367202
2 -7.65703168054e-09 4.11758057341
2.1 -7.65703168054e-09 3.72574270894
2.2 -7.65703168054e-09 3.37119160139
2.3 -7.65703168054e-09 3.05038026508
2.4 -7.65703168054e-09 2.76009832182
2.5 -7.65703168054e-09 2.49744043684
2.6 -7.65703168054e-09 2.25977767581
2.7 -7.65703168054e-09 2.04473191361
2.8 -7.65703168054e-09 1.85015024268
2.9 -7.65703168054e-09 1.67408560251
3 -7.65703168054e-09 1.51477548788
3.1 -7.65703168054e-09 1.3706257628
3.2 -7.65703168054e-09 1.24019380301
3.3 -7.65703168054e-09 1.12217388113
3.4 -7.65703168054e-09 1.01538513971
3.5 -7.65703168054e-09 0.918758649111
3.6 -7.65703168054e-09 0.831327292681
3.7 -7.65703168054e-09 0.75221619254
3.8 -7.65703168054e-09 0.680633179383
3.9 -7.65703168054e-09 0.615861788047
4 -7.65703168054e-09 0.55725470879
4.1 -7.65703168054e-09 0.504224816594
4.2 -7.65703168054e-09 0.456241543351
4.3 -7.65703168054e-09 0.41282442393
4.4 -7.65703168054e-09 0.37353895618
4.5 -7.65703168054e-09 0.33799198035
4.6 -7.65703168054e-09 0.305827799748
4.7 -7.65703168054e-09 0.276724442788
4.8 -7.65703168054e-09 0.250390607508
4.9 -7.65703168054e-09 0.226562765438
5 -7.65703168054e-09 0.205002333151
5.1 -7.65703168054e-09 0.185493622607
5.2 -7.65703168054e-09 0.167841573198
5.3 -7.65703168054e-09 0.151869287746
5.4 -7.65703168054e-09 0.13741703163
5.5 -7.65703168054e-09 0.124340061238
5.6 -7.65703168054e-09 0.112507496096
5.7 -7.65703168054e-09 0.101800997459
5.8 -7.65703168054e-09 0.0921132969228
5.9 -7.65703168054e-09 0.0833475567492
6 -7.65703168054e-09 0.075415990719
6.1 -7.65703168054e-09 0.0682391998022
6.2 -7.65703168054e-09 0.0617453905337
6.3 -7.65703168054e-09 0.0558695099654
6.4 -7.65703168054e-09 0.0505528192759
6.5 -7.65703168054e-09 0.0457420735518
6.6 -7.65703168054e-09 0.0413891241342
6.7 -7.65703168054e-09 0.0374504369281
6.8 -7.65703168054e-09 0.0338865474012
6.9 -7.65703168054e-09 0.0306618176664
7 -7.65703168054e-09 0.0277439530255
7.1 -7.65703168054e-09 0.0251037539948
7.2 -7.65703168054e-09 0.0227148195228
7.3 -7.65703168054e-09 0.020553211879
7.4 -7.65703168054e-09 0.0185973166988
7.5 -7.65703168054e-09 0.0168275461838
7.6 -7.65703168054e-09 0.0152261877603
7.7 -7.65703168054e-09 0.0137772258829
7.8 -7.65703168054e-09 0.0124661433434
7.9 -7.65703168054e-09 0.0112798329711
8 -7.65703168054e-09 0.0102064141766
8.1 -7.65703168054e-09 0.00923514279096
8.2 -7.65703168054e-09 0.00835630376005
8.3 -7.65703168054e-09 0.00756109316433
8.4 -7.65703168054e-09 0.00684155869065
8.5 -7.65703168054e-09 0.00619048419533
8.6 -7.65703168054e-09 0.00560135800179
8.7 -7.65703168054e-09 0.00506831539454
8.8 -7.65703168054e-09 0.00458601921271
8.9 -7.65703168054e-09 0.00414963092462
9 -7.65703168054e-09 0.00375475880766
9.1 -7.65703168054e-09 0.00339746856667
9.2 -7.65703168054e-09 0.00307419042113
9.3 -7.65703168054e-09 0.00278165034346
9.4 -7.65703168054e-09 0.00251693726546
9.5 -7.65703168054e-09 0.00227742448142
9.6 -7.65703168054e-09 0.00206069509248
9.7 -7.65703168054e-09 0.00186458906289
9.8 -7.65703168054e-09 0.00168715826437
9.9 -7.65703168054e-09 0.00152660598488
10 -7.65703168054e-09 0.00138132684995
10.1 -7.65703168054e-09 0.00124988165773
10.2 -7.65703168054e-09 0.00113094058258
10.3 -7.65703168054e-09 0.00102331600977
10.4 -7.65703168054e-09 0.000925946092448
10.5 -7.65703168054e-09 0.000837843802111
10.6 -7.65703168054e-09 0.000758106197598
10.7 -7.65703168054e-09 0.000685958310998
10.8 -7.65703168054e-09 0.0006206811715
10.9 -7.65703168054e-09 0.000561610598234
11 -7.65703168054e-09 0.000508156918334
11.1 -7.65703168054e-09 0.00045979690632
11.2 -7.65703168054e-09 0.000416041920255
11.3 -7.65703168054e-09 0.000376445042187
11.4 -7.65703168054e-09 0.000340620062764
11.5 -7.65703168054e-09 0.000308208399544
11.6 -7.65703168054e-09 0.000278877825433
11.7 -7.65703168054e-09 0.000252334708872
11.8 -7.65703168054e-09 0.000228320177334
11.9 -7.65703168054e-09 0.000206591856318
12 -7.65703168054e-09 0.000186923130412
12.1 -7.65703168054e-09 0.00016913733168
12.2 -7.65703168054e-09 0.000153042660174
12.3 -7.65703168054e-09 0.000138478156281
12.4 -7.65703168054e-09 0.000125300610669
12.5 -7.65703168054e-09 0.000113381041916
12.6 -7.65703168054e-09 0.000102596451841
12.7 -7.65703168054e-09 9.28345250352e-05
12.8 -7.65703168054e-09 8.39941383616e-05
12.9 -7.65703168054e-09 7.59877066961e-05
13 -7.65703168054e-09 6.87376530101e-05
13.1 -7.65703168054e-09 6.2177254773e-05
13.2 -7.65703168054e-09 5.62508693066e-05
13.3 -7.65703168054e-09 5.08954722969e-05
13.4 -7.65703168054e-09 4.60478905362e-05
13.5 -7.65703168054e-09 4.16617313268e-05
13.6 -7.65703168054e-09 3.76977325818e-05
13.7 -7.65703168054e-09 3.4120560929e-05
13.8 -7.65703168054e-09 3.08840701647e-05
13.9 -7.65703168054e-09 2.79534846216e-05
14 -7.65703168054e-09 2.53000800444e-05
14.1 -7.65703168054e-09 2.28471123185e-05
14.2 -7.65703168054e-09 2.07074732979e-05
14.3 -7.65703168054e-09 1.87516098398e-05
14.4 -7.65703168054e-09 1.69707499084e-05
14.5 -7.65703168054e-09 1.53561214679e-05
14.6 -7.65703168054e-09 1.38976034158e-05
14.7 -7.65703168054e-09 1.25786474462e-05
14.8 -7.65703168054e-09 1.13867090631e-05
14.9 -7.65703168054e-09 1.03100194582e-05
15 -7.65703168054e-09 9.33680982275e-06
15.1 -7.65703168054e-09 8.455321957e-06
15.2 -7.65703168054e-09 7.65830014202e-06
15.3 -7.65703168054e-09 6.93948983307e-06
15.4 -7.65703168054e-09 6.28976108528e-06
15.5 -7.65703168054e-09 5.69998395377e-06
15.6 -7.65703168054e-09 5.16102849366e-06
15.7 -7.65703168054e-09 4.66582314848e-06
15.8 -7.65703168054e-09 4.21710290514e-06
15.9 -7.65703168054e-09 3.81149378958e-06
16 -7.65703168054e-09 3.4444382937e-06
16.1 -7.65703168054e-09 3.11137890943e-06
16.2 -7.65703168054e-09 2.73670258346e-06
16.3 -7.65703168054e-09 2.49365592638e-06
16.4 -7.65703168054e-09 2.26649242373e-06
16.5 -7.65703168054e-09 2.05521207552e-06
16.6 -7.65703168054e-09 1.85981488174e-06
16.7 -7.65703168054e-09 1.68030084241e-06
16.8 -7.65703168054e-09 1.51630780612e-06
16.9 -7.65703168054e-09 1.36607201021e-06
17 -7.65703168054e-09 1.22935854169e-06
17.1 -7.65703168054e-09 1.10616740056e-06
17.2 -7.65703168054e-09 9.96498586829e-07
17.3 -7.65703168054e-09 9.00352100494e-07
17.4 -7.65703168054e-09 8.15653486107e-07
17.5 -7.65703168054e-09 7.38180650478e-07
17.6 -7.65703168054e-09 6.67810147052e-07
17.7 -7.65703168054e-09 6.04541975831e-07
17.8 -7.65703168054e-09 5.48376136813e-07
17.9 -7.65703168054e-09 4.99307145977e-07
18 -7.65703168054e-09 4.55254513809e-07
18.1 -7.65703168054e-09 4.14528308776e-07
18.2 -7.65703168054e-09 3.77128530876e-07
18.3 -7.65703168054e-09 3.43055180111e-07
18.4 -7.65703168054e-09 3.12308256481e-07
18.5 -7.65703168054e-09 2.84820511265e-07
18.6 -7.65703168054e-09 2.59555690664e-07
18.7 -7.65703168054e-09 2.36160950001e-07
18.8 -7.65703168054e-09 2.14636289277e-07
18.9 -7.65703168054e-09 1.94981708491e-07
19 -7.65703168054e-09 1.77197207643e-07
19.1 -7.65703168054e-09 1.61176204474e-07
19.2 -7.65703168054e-09 1.46399618232e-07
19.3 -7.65703168054e-09 1.32798313312e-07
19.4 -7.65703168054e-09 1.20372289713e-07
19.5 -7.65703168054e-09 1.09121547436e-07
19.6 -7.65703168054e-09 9.90460864791e-08
19.7 -7.65703168054e-09 8.99921059671e-08
19.8 -7.65703168054e-09 8.16465783837e-08
19.9 -7.65703168054e-09 7.40003513567e-08
20 -7.65703168054e-09 6.70534248862e-08
