"Time" "Prey" "Predator"
0 11.2120726793 15.6659980743
0.1 0.823451758327 21.6610576977
0.2 0.0534090235894 20.1508080008
0.3 0.00441264352929 18.2683903596
0.4 0.000464387145953 16.5327707657
0.5 6.09112851356e-05 14.959761943
0.6 9.81115487856e-06 13.5361898734
0.7 1.87036034264e-06 12.2480582342
0.8 4.16157907619e-07 11.0825038428
0.9 7.80199641068e-08 10.0278635125
1 4.75547432598e-08 9.07358414981
1.1 2.44217944078e-08 8.21011802874
1.2 9.03585633048e-09 7.42882107678
1.3 3.10184061542e-08 6.72187350326
1.4 3.04926745181e-08 6.08220667843
1.5 1.34869219782e-09 5.50340896064
1.6 -2.77795210954e-09 4.97969053456
1.7 7.07107893375e-09 4.50581056261
1.8 1.60926517546e-09 4.07702646622
1.9 1.25885229191e-09 3.68904630442
2 1.87366579081e-09 3.33798745142
2.1 4.15394390557e-09 3.02033701857
2.2 4.89338773911e-09 2.7329133958
2.3 1.00467714041e-08 2.4728403265
2.4 9.35083507905e-09 2.23751805144
2.5 1.08524000749e-08 2.0245895691
2.6 8.8239205586e-09 1.8319246513
2.7 7.48810028704e-09 1.65759405624
2.8 6.42212340521e-09 1.4998529629
2.9 5.62004670091e-09 1.3571229306
3 4.93169696063e-09 1.22797562426
3.1 4.47394867095e-09 1.11111831388
3.2 4.22639829618e-09 1.00538134209
3.3 4.01499655703e-09 0.909706547097
3.4 3.92365242089e-09 0.823135944293
3.5 3.85191340496e-09 0.74480377054
3.6 3.73066790551e-09 0.673926278283
3.7 3.63719792229e-09 0.609793514089
3.8 3.59713568721e-09 0.551764092427
3.9 3.59499060242e-09 0.499256679569
4 3.61297338365e-09 0.451746047365
4.1 3.64365465915e-09 0.408756670584
4.2 3.69249885295e-09 0.369858119708
4.3 3.76573698486e-09 0.334661522525
4.4 3.85888487853e-09 0.302814229178
4.5 3.97000195219e-09 0.273997652536
4.6 4.09880161132e-09 0.247923302978
4.7 4.24573646346e-09 0.224330166569
4.8 4.41099671958e-09 0.202982345514
4.9 4.59501006918e-09 0.183665951001
5 4.79857318371e-09 0.166187821035
5.1 5.02241243885e-09 0.150372956689
5.2 5.26726409055e-09 0.136063040145
5.3 5.53401549586e-09 0.123114942129
5.4 5.82381244163e-09 0.111398951806
5.5 6.13791478207e-09 0.10079793502
5.6 6.4776708054e-09 0.0912057324998
5.7 6.84456234415e-09 0.0825263375792
5.8 7.24021351973e-09 0.0746729264553
5.9 7.66637434297e-09 0.0675668254016
6 8.12493472735e-09 0.0611369914274
6.1 8.61794585078e-09 0.0553190256947
6.2 9.14762225534e-09 0.0500547058505
6.3 9.7163455296e-09 0.045291378866
6.4 1.03266673879e-08 0.0409813199896
6.5 1.09813297412e-08 0.037081434242
6.6 1.16832746383e-08 0.0335526622133
6.7 1.24356554722e-08 0.0303596919556
6.8 1.32418509934e-08 0.0274705891186
6.9 1.41054812692e-08 0.0248564071888
7 1.50304223415e-08 0.0224910089253
7.1 1.60208228088e-08 0.0203507035271
7.2 1.70811219034e-08 0.0184140718055
7.3 1.82160695689e-08 0.0166617431865
7.4 1.94307483163e-08 0.0150761617312
7.5 2.07305938616e-08 0.0136414757671
7.6 2.21214209902e-08 0.0123433160301
7.7 2.36094480367e-08 0.0111686907457
7.8 2.52013247581e-08 0.0101058507833
7.9 2.69041627717e-08 0.00914414799062
8 2.87255648686e-08 0.00827396623619
8.1 3.06736624038e-08 0.00748659407168
8.2 3.27571474008e-08 0.00677414807938
8.3 3.49853148656e-08 0.00612949741901
8.4 3.73681040332e-08 0.00554617824397
8.5 3.99161347442e-08 0.00501837313712
8.6 4.26407632907e-08 0.00454082163939
8.7 4.55541437879e-08 0.00410872962543
8.8 4.86692455829e-08 0.00371775931759
8.9 5.19999317025e-08 0.00336398158138
9 5.5561064605e-08 0.00304388596175
9.1 5.93684891002e-08 0.00275425020631
9.2 6.34391323268e-08 0.00249214325378
9.3 6.7791155591e-08 0.00225498481863
9.4 7.24439206919e-08 0.00204039955253
9.5 7.74181020384e-08 0.0018462203229
9.6 8.27358826114e-08 0.00167052995283
9.7 8.84209198453e-08 0.0015115671922
9.8 9.44984645475e-08 0.00136771848802
9.9 1.00995608967e-07 0.00123756310211
10 1.07941259119e-07 0.00111979945991
10.1 1.1536625946e-07 0.00101323303335
10.2 1.23303720189e-07 0.000916813572281
10.3 1.31788965892e-07 0.000829579590882
10.4 1.40859645408e-07 0.000750641193592
10.5 1.50556066884e-07 0.000679200043114
10.6 1.60921509571e-07 0.000614563314708
10.7 1.72002023272e-07 0.000556080236353
10.8 1.83846746897e-07 0.000503154187252
10.9 1.96508511167e-07 0.000455266404525
11 2.10043672565e-07 0.000411941630886
11.1 2.2451228668e-07 0.000372739336747
11.2 2.39978644663e-07 0.000337263623948
11.3 2.56511757452e-07 0.000305168939886
11.4 2.74185061805e-07 0.00027613064737
11.5 2.93076918319e-07 0.000249850309586
11.6 3.13271579473e-07 0.000226070745176
11.7 3.34858918758e-07 0.000204556379725
11.8 3.57934706835e-07 0.000185088900352
11.9 3.8260184587e-07 0.000167469439886
12 4.08969295118e-07 0.000151533918495
12.1 4.37155196361e-07 0.000137114255319
12.2 4.67284362704e-07 0.000124065004433
12.3 4.99492435255e-07 0.000112260512382
12.4 5.33923194437e-07 0.000101582150735
12.5 5.70728763628e-07 9.19192831088e-05
12.6 6.10070013098e-07 8.31711832603e-05
12.7 6.52122770976e-07 7.52483564399e-05
12.8 6.9708037411e-07 6.80730820701e-05
12.9 7.45141106746e-07 6.15767413985e-05
13 7.96513819689e-07 5.57010129418e-05
13.1 8.5142011871e-07 5.03957215336e-05
13.2 9.10115745374e-07 4.55970568738e-05
13.3 9.72864899764e-07 4.12537319362e-05
13.4 1.03994218524e-06 3.73250017637e-05
13.5 1.11163646606e-06 3.37767335641e-05
13.6 1.18826733766e-06 3.05730183515e-05
13.7 1.27019189116e-06 2.76727257513e-05
13.8 1.35777140303e-06 2.50464690665e-05
13.9 1.45138623607e-06 2.26690161649e-05
14 1.55113371178e-06 2.04833918128e-05
14.1 1.65829872395e-06 1.85588746519e-05
14.2 1.77272340855e-06 1.68019795941e-05
14.3 1.89497573378e-06 1.52045713142e-05
14.4 2.02562366784e-06 1.37585144866e-05
14.5 2.1653193832e-06 1.24522510302e-05
14.6 2.31479515e-06 1.12709670346e-05
14.7 2.47468825678e-06 1.02037094247e-05
14.8 2.64563504002e-06 9.23956382472e-06
14.9 2.8282718362e-06 8.36761585892e-06
15 3.02329137685e-06 7.57751213963e-06
15.1 3.23193502e-06 6.86435672369e-06
15.2 3.45519858058e-06 6.22081113597e-06
15.3 3.69396446863e-06 5.63840880967e-06
15.4 3.94911509418e-06 5.10868317799e-06
15.5 4.22153286729e-06 4.62316767412e-06
15.6 4.51258589756e-06 4.17861802273e-06
15.7 4.8241043264e-06 3.77675776124e-06
15.8 5.15737041838e-06 3.41341959947e-06
15.9 5.51366094567e-06 3.08437719262e-06
16 5.89425268047e-06 2.78540419593e-06
16.1 6.34131335399e-06 2.45852171584e-06
16.2 6.75640827553e-06 2.23821147065e-06
16.3 7.20953685435e-06 2.032630316e-06
16.4 7.70069909046e-06 1.84177825189e-06
16.5 8.22989498384e-06 1.66565527832e-06
16.6 8.7971245345e-06 1.50426139529e-06
16.7 9.40655370956e-06 1.35671248022e-06
16.8 1.00642791364e-05 1.22171467605e-06
16.9 1.07703537136e-05 1.09925675635e-06
17 1.15247774412e-05 9.89338721121e-07
17.1 1.23275503193e-05 8.91960570366e-07
17.2 1.3178924153e-05 8.07056473112e-07
17.3 1.40931680044e-05 7.30895980127e-07
17.4 1.50785333501e-05 6.61321856836e-07
17.5 1.61350201902e-05 5.98334103238e-07
17.6 1.72626285245e-05 5.41932719334e-07
17.7 1.84613583532e-05 4.92117705123e-07
17.8 1.97338947086e-05 4.48610759483e-07
17.9 2.1105228127e-05 4.08821636504e-07
18 2.25814660282e-05 3.72117307782e-07
18.1 2.41626084122e-05 3.38497773318e-07
18.2 2.5848655279e-05 3.07963033112e-07
18.3 2.76396066287e-05 2.80513087164e-07
18.4 2.95493585674e-05 2.55884250934e-07
18.5 3.16259875284e-05 2.33164253613e-07
18.6 3.38735695896e-05 2.12275749884e-07
18.7 3.62921047509e-05 1.93218739747e-07
18.8 3.88815930125e-05 1.75993223203e-07
18.9 4.16420343742e-05 1.60599200251e-07
19 4.4573428836e-05 1.47036670892e-07
19.1 4.76757763981e-05 1.35305635125e-07
19.2 5.09491158007e-05 1.25405749584e-07
19.3 5.44649129548e-05 1.16703594021e-07
19.4 5.82882438744e-05 1.08622383441e-07
19.5 6.24191085595e-05 1.01162117843e-07
19.6 6.68575070101e-05 9.43227972289e-08
19.7 7.16034392262e-05 8.81044215972e-08
19.8 7.66569052078e-05 8.25069909482e-08
19.9 8.20179049549e-05 7.7530505282e-08
20 8.76864384676e-05 7.31749645986e-08
