"Time" "Prey" "Predator"
0 35.1583738429 6.49129279862
0.1 2.46537546977 29.7796347303
0.2 0.0502749088384 28.6522156578
0.3 0.00141214204572 25.9602029266
0.4 5.59642086724e-05 23.4907270222
0.5 3.03633470203e-06 21.2553268111
0.6 2.12932804378e-07 19.2326176304
0.7 1.70967312177e-08 17.4023930042
0.8 -6.92596444657e-09 15.7463344396
0.9 -7.54126260097e-09 14.2478720183
1 -7.63110127101e-09 12.8920071866
1.1 -6.63245740855e-09 11.6651690137
1.2 -4.78869405416e-09 10.5550843364
1.3 -4.61521270874e-09 9.55063565215
1.4 -4.60990461687e-09 8.64177266074
1.5 -4.60990461687e-09 7.81939951947
1.6 -4.60990461687e-09 7.07528546468
1.7 -4.60990461687e-09 6.40198402502
1.8 -4.60990461687e-09 5.79275933507
1.9 -4.60990461687e-09 5.24150657621
2 -4.60990461687e-09 4.74270588923
2.1 -4.60990461687e-09 4.29137276956
2.2 -4.60990461687e-09 3.88299653426
2.3 -4.60990461687e-09 3.51348184368
2.4 -4.60990461687e-09 3.17912852196
2.5 -4.60990461687e-09 2.87659395387
2.6 -4.60990461687e-09 2.60284969341
2.7 -4.60990461687e-09 2.35515617495
2.8 -4.60990461687e-09 2.13103365231
2.9 -4.60990461687e-09 1.92823855065
3 -4.60990461687e-09 1.74474222813
3.1 -4.60990461687e-09 1.57870812034
3.2 -4.60990461687e-09 1.42847419292
3.3 -4.60990461687e-09 1.2925368205
3.4 -4.60990461687e-09 1.1695352332
3.5 -4.60990461687e-09 1.05823823353
3.6 -4.60990461687e-09 0.957533382819
3.7 -4.60990461687e-09 0.866411784914
3.8 -4.60990461687e-09 0.783961664477
3.9 -4.60990461687e-09 0.709357952998
4 -4.60990461687e-09 0.641853366095
4.1 -4.60990461687e-09 0.580772977379
4.2 -4.60990461687e-09 0.525504900979
4.3 -4.60990461687e-09 0.475496313159
4.4 -4.60990461687e-09 0.430246932222
4.5 -4.60990461687e-09 0.389303438803
4.6 -4.60990461687e-09 0.352256383349
4.7 -4.60990461687e-09 0.318734662153
4.8 -4.60990461687e-09 0.288402946464
4.9 -4.60990461687e-09 0.260957778834
5 -4.60990461687e-09 0.23612424521
5.1 -4.60990461687e-09 0.21365408359
5.2 -4.60990461687e-09 0.19332218799
5.3 -4.60990461687e-09 0.174925122253
5.4 -4.60990461687e-09 0.15827879927
5.5 -4.60990461687e-09 0.143216496911
5.6 -4.60990461687e-09 0.129587653659
5.7 -4.60990461687e-09 0.117255734093
5.8 -4.60990461687e-09 0.106097355515
5.9 -4.60990461687e-09 0.096000868781
6 -4.60990461687e-09 0.0868651426831
6.1 -4.60990461687e-09 0.0785988384153
6.2 -4.60990461687e-09 0.0711191472654
6.3 -4.60990461687e-09 0.0643512452565
6.4 -4.60990461687e-09 0.0582274210927
6.5 -4.60990461687e-09 0.0526863305286
6.6 -4.60990461687e-09 0.0476725700413
6.7 -4.60990461687e-09 0.0431359141031
6.8 -4.60990461687e-09 0.039030977805
6.9 -4.60990461687e-09 0.0353166908693
7 -4.60990461687e-09 0.0319558484309
7.1 -4.60990461687e-09 0.028914850993
7.2 -4.60990461687e-09 0.0261632342862
7.3 -4.60990461687e-09 0.0236734683594
7.4 -4.60990461687e-09 0.0214206411568
7.5 -4.60990461687e-09 0.0193821879693
7.6 -4.60990461687e-09 0.0175377305224
7.7 -4.60990461687e-09 0.0158687912176
7.8 -4.60990461687e-09 0.0143586727858
7.9 -4.60990461687e-09 0.0129922656455
8 -4.60990461687e-09 0.0117558830721
8.1 -4.60990461687e-09 0.0106371627743
8.2 -4.60990461687e-09 0.00962490136583
8.3 -4.60990461687e-09 0.00870896845196
8.4 -4.60990461687e-09 0.00788019260777
8.5 -4.60990461687e-09 0.00713026973842
8.6 -4.60990461687e-09 0.00645172391485
8.7 -4.60990461687e-09 0.00583777605711
8.8 -4.60990461687e-09 0.00528226687976
8.9 -4.60990461687e-09 0.00477961334707
9 -4.60990461687e-09 0.00432479352867
9.1 -4.60990461687e-09 0.00391327026949
9.2 -4.60990461687e-09 0.00354088454892
9.3 -4.60990461687e-09 0.00320392178287
9.4 -4.60990461687e-09 0.00289903602263
9.5 -4.60990461687e-09 0.00262315289796
9.6 -4.60990461687e-09 0.00237352402627
9.7 -4.60990461687e-09 0.00214766374882
9.8 -4.60990461687e-09 0.00194328651465
9.9 -4.60990461687e-09 0.00175835738418
10 -4.60990461687e-09 0.00159103480886
10.1 -4.60990461687e-09 0.00143962625888
10.2 -4.60990461687e-09 0.00130263351442
10.3 -4.60990461687e-09 0.00117869227152
10.4 -4.60990461687e-09 0.0010665396564
10.5 -4.60990461687e-09 0.000965035344649
10.6 -4.60990461687e-09 0.000873196935957
10.7 -4.60990461687e-09 0.000790101974676
10.8 -4.60990461687e-09 0.000714903237176
10.9 -4.60990461687e-09 0.000646860838374
11 -4.60990461687e-09 0.00058530203532
11.1 -4.60990461687e-09 0.000529602355789
11.2 -4.60990461687e-09 0.000479197128641
11.3 -4.60990461687e-09 0.000433595815137
11.4 -4.60990461687e-09 0.00039233787647
11.5 -4.60990461687e-09 0.000354998736435
11.6 -4.60990461687e-09 0.000321211270919
11.7 -4.60990461687e-09 0.000290642239673
11.8 -4.60990461687e-09 0.000262982078293
11.9 -4.60990461687e-09 0.000237946652648
12 -4.60990461687e-09 0.000215304909497
12.1 -4.60990461687e-09 0.000194816884417
12.2 -4.60990461687e-09 0.000176276190934
12.3 -4.60990461687e-09 0.00015950352567
12.4 -4.60990461687e-09 0.000144331312766
12.5 -4.60990461687e-09 0.000130602456781
12.6 -4.60990461687e-09 0.000118173801062
12.7 -4.60990461687e-09 0.000106917666839
12.8 -4.60990461687e-09 9.67234937613e-05
12.9 -4.60990461687e-09 8.7493411844e-05
13 -4.60990461687e-09 7.91440068268e-05
13.1 -4.60990461687e-09 7.16045842794e-05
13.2 -4.60990461687e-09 6.47866108762e-05
13.3 -4.60990461687e-09 5.86154349612e-05
13.4 -4.60990461687e-09 5.30328627355e-05
13.5 -4.60990461687e-09 4.79900141774e-05
13.6 -4.60990461687e-09 4.34378924221e-05
13.7 -4.60990461687e-09 3.93173316104e-05
13.8 -4.60990461687e-09 3.55861292025e-05
13.9 -4.60990461687e-09 3.22082289608e-05
14 -4.60990461687e-09 2.90987791144e-05
14.1 -4.60990461687e-09 2.63670287938e-05
14.2 -4.60990461687e-09 2.38723393894e-05
14.3 -4.60990461687e-09 2.16032570491e-05
14.4 -4.60990461687e-09 1.95483279206e-05
14.5 -4.60990461687e-09 1.76922241635e-05
14.6 -4.60990461687e-09 1.60136252345e-05
14.7 -4.60990461687e-09 1.44969732629e-05
14.8 -4.60990461687e-09 1.31269008068e-05
14.9 -4.60990461687e-09 1.18880404241e-05
15 -4.60990461687e-09 1.07654958301e-05
15.1 -4.60990461687e-09 9.75189776917e-06
15.2 -4.60990461687e-09 8.83739045977e-06
15.3 -4.60990461687e-09 8.01005033252e-06
15.4 -4.60990461687e-09 7.25795381803e-06
15.5 -4.60990461687e-09 6.56917734692e-06
15.6 -4.60990461687e-09 5.93770838469e-06
15.7 -4.60990461687e-09 5.36667822344e-06
15.8 -4.60990461687e-09 4.8504253151e-06
15.9 -4.60990461687e-09 4.38299755027e-06
16 -4.60990461687e-09 3.95844281954e-06
16.1 -4.60990461687e-09 3.49082393802e-06
16.2 -4.60990461687e-09 3.17872099904e-06
16.3 -4.60990461687e-09 2.88736115301e-06
16.4 -4.60990461687e-09 2.61674439995e-06
16.5 -4.60990461687e-09 2.36687073985e-06
16.6 -4.60990461687e-09 2.13774017271e-06
16.7 -4.60990461687e-09 1.92834197125e-06
16.8 -4.60990461687e-09 1.73665922148e-06
16.9 -4.60990461687e-09 1.56263607594e-06
17 -4.60990461687e-09 1.40627253463e-06
17.1 -4.60990461687e-09 1.26756859755e-06
17.2 -4.60990461687e-09 1.14650933571e-06
17.3 -4.60990461687e-09 1.03843205234e-06
17.4 -4.60990461687e-09 9.39629947386e-07
17.5 -4.60990461687e-09 8.50103020862e-07
17.6 -4.60990461687e-09 7.69851272766e-07
17.7 -4.60990461687e-09 6.98874703096e-07
17.8 -4.60990461687e-09 6.36936868558e-07
17.9 -4.60990461687e-09 5.80518062212e-07
18 -4.60990461687e-09 5.28443328855e-07
18.1 -4.60990461687e-09 4.80712668488e-07
18.2 -4.60990461687e-09 4.37326081112e-07
18.3 -4.60990461687e-09 3.98283566724e-07
18.4 -4.60990461687e-09 3.63287259468e-07
18.5 -4.60990461687e-09 3.30917536672e-07
18.6 -4.60990461687e-09 3.0099002629e-07
18.7 -4.60990461687e-09 2.73504728323e-07
18.8 -4.60990461687e-09 2.4846164277e-07
18.9 -4.60990461687e-09 2.25860769632e-07
19 -4.60990461687e-09 2.05404688644e-07
19.1 -4.60990461687e-09 1.86499895402e-07
19.2 -4.60990461687e-09 1.69129956034e-07
19.3 -4.60990461687e-09 1.53294870539e-07
19.4 -4.60990461687e-09 1.38994638918e-07
19.5 -4.60990461687e-09 1.2622815436e-07
19.6 -4.60990461687e-09 1.1464973222e-07
19.7 -4.60990461687e-09 1.03984556461e-07
19.8 -4.60990461687e-09 9.42326270843e-08
19.9 -4.60990461687e-09 8.53939440888e-08
20 -4.60990461687e-09 7.74685074748e-08
