"Time" "Prey" "Predator"
0 3.70305984651e-05 2.00006540933
0.1 3.07129789382e-05 1.80974178724
0.2 2.60954305594e-05 1.63752757097
0.3 2.26616228016e-05 1.48170034985
0.4 2.00713358661e-05 1.34070046589
0.5 1.80976512977e-05 1.21311738089
0.6 1.65851183803e-05 1.09767573839
0.7 1.54233175406e-05 0.993219483264
0.8 1.45341798372e-05 0.898703034866
0.9 1.38613415038e-05 0.813179641719
1 1.33652233553e-05 0.735796703598
1.1 1.30181104316e-05 0.665780561401
1.2 1.27891838302e-05 0.602424495877
1.3 1.26631373485e-05 0.5450957166
1.4 1.26322611713e-05 0.493224069303
1.5 1.26841474533e-05 0.446288376905
1.6 1.28120762954e-05 0.403818971079
1.7 1.30113072482e-05 0.365390953532
1.8 1.32782099767e-05 0.330619879469
1.9 1.36105036782e-05 0.299157706584
2 1.40069140647e-05 0.270689492869
2.1 1.44670358574e-05 0.244930394458
2.2 1.49912055721e-05 0.221622677054
2.3 1.55803531326e-05 0.200532850742
2.4 1.62360469682e-05 0.181450008466
2.5 1.69603443755e-05 0.164183072932
2.6 1.77558121915e-05 0.148559304748
2.7 1.86254729287e-05 0.134422317816
2.8 1.95728046956e-05 0.121630617185
2.9 2.06017300481e-05 0.11005620597
3 2.17166130711e-05 0.0995832097435
3.1 2.29222697185e-05 0.0901068633166
3.2 2.4223969212e-05 0.0815322720086
3.3 2.56274574398e-05 0.0737736939691
3.4 2.71389624181e-05 0.0667533933534
3.5 2.87652203046e-05 0.0604009995607
3.6 3.05135106962e-05 0.0546530453239
3.7 3.23916821302e-05 0.0494522538722
3.8 3.44081565204e-05 0.0447463682172
3.9 3.65719955571e-05 0.0404883606171
4 3.88929208153e-05 0.0366355565674
4.1 4.13813599237e-05 0.0331493702416
4.2 4.40484927048e-05 0.0299949077024
4.3 4.69062989571e-05 0.0271406053092
4.4 4.99676095981e-05 0.0245579591951
4.5 5.32461613241e-05 0.0222210884671
4.6 5.67566558563e-05 0.0201065899363
4.7 6.05148298764e-05 0.0181933001021
4.8 6.45375184987e-05 0.0164620729432
4.9 6.88427346243e-05 0.0148955809537
5 7.34497467307e-05 0.0134781362345
5.1 7.83791569749e-05 0.0121956089938
5.2 8.36530138939e-05 0.0110351584068
5.3 8.92948811476e-05 0.00998514507618
5.4 9.53299447216e-05 0.00903503403969
5.5 0.000101785177956 0.0081753545684
5.6 0.000108689371477 0.00739746420667
5.7 0.000116073334547 0.00669357761157
5.8 0.00012397002456 0.00605668593019
5.9 0.000132414620353 0.00548038345936
6 0.000141444802179 0.00495893135774
6.1 0.00015110081168 0.00448710677215
6.2 0.000161425647116 0.00406016228614
6.3 0.000172465356946 0.00367385690581
6.4 0.000184269075497 0.00332430572808
6.5 0.000196889437313 0.00300803084376
6.6 0.000210382702019 0.0027218867717
6.7 0.000224808835232 0.00246296781537
6.8 0.000240231906721 0.00222862720888
6.9 0.000256720826625 0.00201659291589
7 0.00027434896035 0.00182474432007
7.1 0.000293194534903 0.00165112691591
7.2 0.000313341528208 0.00149401940545
7.3 0.000334879774236 0.00135187958549
7.4 0.000357904941703 0.00122327141019
7.5 0.000382519244597 0.00110688643297
7.6 0.000408832586336 0.00100159083267
7.7 0.000436961982172 0.000906325966211
7.8 0.000467032196591 0.000820111917129
7.9 0.000499177166178 0.000742092128504
8 0.000533540166212 0.000671502981832
8.1 0.000570273771261 0.000607631260609
8.2 0.000609541945114 0.000549814930454
8.3 0.00065151722177 0.000497529024247
8.4 0.000696388756268 0.000450214614289
8.5 0.000744354921854 0.000407397502577
8.6 0.00079563053231 0.000368657870464
8.7 0.000850445007956 0.000333612509129
8.8 0.000909040915236 0.000301900669652
8.9 0.000971674993425 0.000273193949409
9 0.00103862871566 0.00024720076753
9.1 0.00111020593767 0.0002236653685
9.2 0.00118672165944 0.000202363059676
9.3 0.0012685078355 0.00018310267352
9.4 0.00135592826625 0.000165694907306
9.5 0.00144938557179 0.000149937496023
9.6 0.00154929165877 0.000135678002652
9.7 0.00165608048636 0.00012278667652
9.8 0.00177022258821 0.000111140013911
9.9 0.00189224611528 0.000100597138004
10 0.00202269054335 9.10517611414e-05
10.1 0.0021621236239 8.24131578532e-05
10.2 0.00231115519982 7.45995961479e-05
10.3 0.00247047554963 6.75219349896e-05
10.4 0.00264079178059 6.11108334263e-05
10.5 0.00282284650827 5.53087600367e-05
10.6 0.00301743255744 5.00650627765e-05
10.7 0.00322545582345 4.53163472409e-05
10.8 0.00344784482218 4.10147100266e-05
10.9 0.00368557004733 3.7121696485e-05
11 0.00393965181628 3.36058547775e-05
11.1 0.00421123802823 3.04298726758e-05
11.2 0.00450158487634 2.75537682737e-05
11.3 0.00481196994801 2.49492654345e-05
11.4 0.00514373854493 2.25921312712e-05
11.5 0.00549832734242 2.04609444897e-05
11.6 0.00587739664182 1.85302106136e-05
11.7 0.00628264252104 1.67801410256e-05
11.8 0.00671583553496 1.51946383036e-05
11.9 0.00717883764832 1.37604149484e-05
12 0.00767373838614 1.24627810239e-05
12.1 0.00820282661561 1.12865171992e-05
12.2 0.00876843061397 1.02208228867e-05
12.3 0.00937300200346 9.256719381e-06
12.4 0.0100191573805 8.38630204075e-06
12.5 0.0107099214523 7.59837263299e-06
12.6 0.0114483861053 6.88456376037e-06
12.7 0.0122377778383 6.23812750063e-06
12.8 0.0130814897378 5.65336100945e-06
12.9 0.0139833254828 5.1242093286e-06
13 0.014947459211 4.6444951937e-06
13.1 0.0159781342381 4.20964419637e-06
13.2 0.0170798188278 3.81579283065e-06
13.3 0.0182572792522 3.45956511472e-06
13.4 0.0195160257022 3.13670924527e-06
13.5 0.0208616949867 2.84398495984e-06
13.6 0.0223001673981 2.57880622702e-06
13.7 0.0238376269735 2.33905700181e-06
13.8 0.0254809272129 2.12237056002e-06
13.9 0.0272376133591 1.92608559671e-06
14 0.0291154453679 1.74818623283e-06
14.1 0.031122642253 1.58687226414e-06
14.2 0.0332683030897 1.4405543515e-06
14.3 0.0355620206304 1.30785840043e-06
14.4 0.0380138370564 1.18762606265e-06
14.5 0.0406345053418 1.07881416977e-06
14.6 0.0434360122803 9.80201508985e-07
14.7 0.0464307642095 8.90845329993e-07
14.8 0.0496318171207 8.09952338847e-07
14.9 0.0530534629687 7.36720897707e-07
15 0.0567112375863 6.70339039738e-07
15.1 0.0606212342237 6.1015664402e-07
15.2 0.0648004764027 5.5560238572e-07
15.3 0.0692678077991 5.06128819386e-07
15.4 0.074043212289 4.6125434047e-07
15.5 0.0791477264052 4.20567844823e-07
15.6 0.0846042628941 3.83665418368e-07
15.7 0.0904371064302 3.50190833698e-07
15.8 0.0966718629953 3.19841437034e-07
15.9 0.103336538127 2.92313592254e-07
16 0.11046082823 2.67335968159e-07
16.1 0.118076019395 2.44676092971e-07
16.2 0.126216311916 2.24111312147e-07
16.3 0.134917985712 2.05443975443e-07
16.4 0.144219259961 1.88504293048e-07
16.5 0.154161897853 1.73126959844e-07
16.6 0.164790216521 1.5916503422e-07
16.7 0.176150880159 1.46493180653e-07
16.8 0.1882946752 1.34990192378e-07
16.9 0.201275734377 1.24546073885e-07
17 0.215151603832 1.15064006675e-07
17.1 0.229984335317 1.0645515203e-07
17.2 0.245839419017 9.86423038639e-08
17.3 0.262787679199 9.15527584538e-08
17.4 0.280904419859 8.51215905596e-08
17.5 0.300269874441 7.92912235186e-08
17.6 0.320970716412 7.40077449927e-08
17.7 0.343098226469 6.92248895683e-08
17.8 0.366751693143 6.48989480082e-08
17.9 0.392035767097 6.09923657545e-08
18 0.419062398798 5.74715570799e-08
18.1 0.447952289066 5.43057444562e-08
18.2 0.478833724738 5.14678251884e-08
18.3 0.511843902572 4.89343699161e-08
18.4 0.547129674793 4.66850774818e-08
18.5 0.584848238214 4.47015301042e-08
18.6 0.625167291923 4.29694095372e-08
18.7 0.668265975269 4.14770633294e-08
18.8 0.714335733176 4.02152549669e-08
18.9 0.76358162804 3.91782065528e-08
19 0.816222480475 3.8362790003e-08
19.1 0.872492208473 3.7769272082e-08
19.2 0.932641293908 3.74022351178e-08
19.3 0.996936935876 3.72697689979e-08
19.4 1.06566501574 3.73855525494e-08
19.5 1.13913135501 3.77697114314e-08
19.6 1.21766218814 3.84483152039e-08
19.7 1.30160701927 3.94594005907e-08
19.8 1.39133912818 4.08515459035e-08
19.9 1.4872570316 4.26856242073e-08
20 1.58978706117 4.50466971271e-08
