"Time" "Prey" "Predator"
0 8.59033454798 16.5129709741
0.1 0.665158051321 20.6498668289
0.2 0.0496020497715 19.1261987728
0.3 0.00466856272783 17.3384409228
0.4 0.000552851547756 15.6914455453
0.5 8.06642466036e-05 14.1985500509
0.6 1.42827700559e-05 12.8474285783
0.7 2.95890347399e-06 11.6248437463
0.8 7.15920214429e-07 10.5185969071
0.9 1.98907027048e-07 9.51762237073
1 4.56474765208e-08 8.61190094228
1.1 -1.9809252753e-09 7.79236385158
1.2 2.84411427671e-09 7.05082117013
1.3 2.54251589901e-10 6.37984567357
1.4 1.08269243398e-10 5.77272157022
1.5 3.33624252545e-09 5.22337097002
1.6 3.71787766158e-09 4.7263040209
1.7 6.0430713189e-09 4.27654384083
1.8 2.54831331365e-10 3.86957395161
1.9 1.63827560016e-09 3.50133589365
2 1.9352416137e-09 3.16814027442
2.1 1.08531116909e-09 2.86665192967
2.2 8.78619314949e-10 2.59385397749
2.3 1.00655971948e-09 2.34701635827
2.4 6.70246629871e-10 2.12366831947
2.5 4.87210874601e-10 1.92157478996
2.6 3.95125769062e-10 1.73871329853
2.7 4.32723215488e-10 1.57325316987
2.8 4.06280976133e-10 1.42353853106
2.9 3.25483712493e-10 1.28807128644
3 2.9999591321e-10 1.16549524741
3.1 2.86142133748e-10 1.05458392396
3.2 2.67656844296e-10 0.954227229107
3.3 2.52612717572e-10 0.86342060389
3.4 2.40814058992e-10 0.7812554707
3.5 2.33920393045e-10 0.706909259889
3.6 2.29655580208e-10 0.639638012747
3.7 2.26886637316e-10 0.578768014295
3.8 2.25900665735e-10 0.523690613742
3.9 2.26321074043e-10 0.473854777208
4 2.28049789019e-10 0.428761528114
4.1 2.30876298779e-10 0.387959502304
4.2 2.34942121549e-10 0.351040277837
4.3 2.401941425e-10 0.317634322242
4.4 2.46610096901e-10 0.287407411005
4.5 2.54172389722e-10 0.260056985884
4.6 2.62876050683e-10 0.235309292952
4.7 2.72731959581e-10 0.212916623621
4.8 2.83762807492e-10 0.192654888075
4.9 2.95998615255e-10 0.174321194645
5 3.09482110858e-10 0.157732269064
5.1 3.24262628364e-10 0.142722045947
5.2 3.40396712154e-10 0.129140210241
5.3 3.57949830646e-10 0.116850923556
5.4 3.76995249271e-10 0.10573105433
5.5 3.97614711691e-10 0.0956694019997
5.6 4.19897710412e-10 0.0865652372232
5.7 4.43941978954e-10 0.0783274184574
5.8 4.69854090134e-10 0.0708735953691
5.9 4.97749183312e-10 0.0641290736464
6 5.27751824556e-10 0.0580263889453
6.1 5.59996343982e-10 0.0525044421208
6.2 5.94627390907e-10 0.0475079560699
6.3 6.31800526561e-10 0.0429869806305
6.4 6.71682733553e-10 0.0388962136594
6.5 7.14453235872e-10 0.0351947476246
6.6 7.6030422387e-10 0.0318455263243
6.7 8.09441668127e-10 0.0288150147687
6.8 8.62086212944e-10 0.0260729072162
6.9 9.18474170257e-10 0.0235917304992
7 9.78858502298e-10 0.0213466768613
7.1 1.04350997088e-09 0.0193152716212
7.2 1.11271830286e-09 0.0174771745128
7.3 1.1867934532e-09 0.0158140048433
7.4 1.26606704967e-09 0.0143090986599
7.5 1.35089375297e-09 0.0129474066114
7.6 1.44165292309e-09 0.0117152965422
7.7 1.53875025696e-09 0.0106004332264
7.8 1.64261955311e-09 0.00959167045264
7.9 1.75372475256e-09 0.00867890009006
8 1.87256181892e-09 0.00785299132038
8.1 1.99966119167e-09 0.0071056816688
8.2 2.13558986478e-09 0.00642948354828
8.3 2.28095412037e-09 0.00581763399577
8.4 2.43640233813e-09 0.00526399415257
8.5 2.60262732691e-09 0.00476303829429
8.6 2.78036961545e-09 0.00430978048533
8.7 2.9704221117e-09 0.00389967196653
8.8 3.1736311096e-09 0.00352859784595
8.9 3.39090038253e-09 0.00319282178399
9 3.62319930085e-09 0.00288901005102
9.1 3.87156207615e-09 0.00261411624224
9.2 4.13709230638e-09 0.00236535133346
9.3 4.42097405902e-09 0.00214025514651
9.4 4.72447135372e-09 0.00193658755755
9.5 5.04893236051e-09 0.00175229048855
9.6 5.39580280773e-09 0.00158553379717
9.7 5.76662739699e-09 0.00143465824232
9.8 6.16306579985e-09 0.00129809780119
9.9 6.58684647032e-09 0.00117459162323
10 7.03989038427e-09 0.00106282334303
10.1 7.52420174032e-09 0.000961683223212
10.2 8.04194014052e-09 0.000870165202184
10.3 8.59541939035e-09 0.000787364292557
10.4 9.18709046907e-09 0.000712439662488
10.5 9.81956275603e-09 0.000644631168459
10.6 1.04956976823e-08 0.00058325343084
10.7 1.12185006453e-08 0.000527702671415
10.8 1.19911345495e-08 0.000477455856768
10.9 1.28170349634e-08 0.000432015315576
11 1.36999505855e-08 0.000390887416806
11.1 1.4643769621e-08 0.000353674051872
11.2 1.56526134191e-08 0.000320027957462
11.3 1.6731064515e-08 0.000289583677788
11.4 1.78839370227e-08 0.000262027001551
11.5 1.91162782644e-08 0.000237094469334
11.6 2.04335418788e-08 0.000214541937125
11.7 2.18417226979e-08 0.000194124397189
11.8 2.33470304683e-08 0.000175644793242
11.9 2.49560390816e-08 0.000158933138771
12 2.66761336639e-08 0.00014380416878
12.1 2.85150501106e-08 0.000130100777168
12.2 3.04808372259e-08 0.00011769758821
12.3 3.25819606521e-08 0.000106491152551
12.4 3.48276994089e-08 9.6376145295e-05
12.5 3.72285700824e-08 8.72199044565e-05
12.6 3.97951840353e-08 7.89310258478e-05
12.7 4.25387027341e-08 7.14320325123e-05
12.8 4.54709241657e-08 6.46568237402e-05
12.9 4.86054486699e-08 5.85254698382e-05
13 5.19564697803e-08 5.29703540785e-05
13.1 5.55386748058e-08 4.7938322127e-05
13.2 5.93675177425e-08 4.33847816928e-05
13.3 6.34599202448e-08 3.92665050041e-05
13.4 6.78350214722e-08 3.55339294201e-05
13.5 7.25121579579e-08 3.21519000251e-05
13.6 7.75116684987e-08 2.90914050649e-05
13.7 8.28371112373e-08 2.62854712743e-05
13.8 8.85610557688e-08 2.38148206655e-05
13.9 9.46722897894e-08 2.15626216767e-05
14 1.01201327755e-07 1.95164818153e-05
14.1 1.08178684123e-07 1.76640085886e-05
14.2 1.15638504617e-07 1.59905023729e-05
14.3 1.23620564819e-07 1.44776866073e-05
14.4 1.32159231439e-07 1.31107212658e-05
14.5 1.41288691632e-07 1.18748804011e-05
14.6 1.51043132555e-07 1.07554380662e-05
14.7 1.61458544566e-07 9.73824806495e-06
14.8 1.72599806535e-07 8.81845219226e-06
14.9 1.84522273e-07 7.98813005929e-06
15 1.97273350969e-07 7.23680605541e-06
15.1 2.10900447454e-07 6.55400457001e-06
15.2 2.25450969464e-07 5.92924999248e-06
15.3 2.40993271914e-07 5.35713985497e-06
15.4 2.57628187052e-07 4.84013701716e-06
15.5 2.75425344619e-07 4.37314774718e-06
15.6 2.94453338555e-07 3.95082746395e-06
15.7 3.14780762799e-07 3.56783158633e-06
15.8 3.38787544443e-07 3.14348898366e-06
15.9 3.60905393687e-07 2.86438079303e-06
16 3.85066581403e-07 2.60349697517e-06
16.1 4.11271107592e-07 2.36083753007e-06
16.2 4.39518972255e-07 2.13640245775e-06
16.3 4.69810175391e-07 1.9301917582e-06
16.4 5.02326169767e-07 1.74142422087e-06
16.5 5.37429609979e-07 1.568538505e-06
16.6 5.75130581567e-07 1.41149118922e-06
16.7 6.1542908453e-07 1.27028227353e-06
16.8 6.58325118868e-07 1.14491175793e-06
16.9 7.03820829766e-07 1.0353666325e-06
17 7.52596090218e-07 9.3752366707e-07
17.1 8.05192309433e-07 8.48099373678e-07
17.2 8.61609487413e-07 7.67093752323e-07
17.3 9.21847624156e-07 6.94506803004e-07
17.4 9.85906719663e-07 6.30338525723e-07
17.5 1.0538735434e-06 5.74374818842e-07
17.6 1.12704325761e-06 5.23419899546e-07
17.7 1.20584889469e-06 4.76405270497e-07
17.8 1.29029045463e-06 4.33330931696e-07
17.9 1.38036793742e-06 3.94196883142e-07
18 1.47608134308e-06 3.59003124836e-07
18.1 1.57784705185e-06 3.27477378884e-07
18.2 1.68765292226e-06 2.98319751917e-07
18.3 1.80575764417e-06 2.71361082396e-07
18.4 1.93216121756e-06 2.46601370322e-07
18.5 2.06686364244e-06 2.24040615695e-07
18.6 2.20986491881e-06 2.03678818515e-07
18.7 2.36244848871e-06 1.85247963308e-07
18.8 2.52717951131e-06 1.68212379345e-07
18.9 2.70412932836e-06 1.52557168642e-07
19 2.89329793986e-06 1.38282331199e-07
19.1 3.09468534582e-06 1.25387867017e-07
19.2 3.3083016639e-06 1.13872799857e-07
19.3 3.53735431131e-06 1.03427651042e-07
19.4 3.78439755466e-06 9.38059633741e-08
19.5 4.04943139394e-06 8.50077368543e-08
19.6 4.33245582916e-06 7.70329714824e-08
19.7 4.63347086031e-06 6.98816672584e-08
19.8 4.95288274472e-06 6.35365301386e-08
19.9 5.29675584383e-06 5.77394051881e-08
20 5.66711782471e-06 5.2403976269e-08
