"Time" "Prey" "Predator"
0 32.8687893343 31.9833135792
0.1 0.044083030133 51.883129241
0.2 6.48961817022e-05 46.9764125982
0.3 2.188658357e-07 42.5060280279
0.4 -6.87276282314e-08 38.4610699714
0.5 -9.9886992922e-08 34.801027933
0.6 -1.29551983666e-07 31.4892682729
0.7 -1.38034956194e-07 28.4926607021
0.8 -1.38034956194e-07 25.7812242733
0.9 -1.38034956194e-07 23.3278134845
1 -1.38034956194e-07 21.1078678078
1.1 -1.38034956194e-07 19.0992017801
1.2 -1.38034956194e-07 17.2816820989
1.3 -1.38034956194e-07 15.6371153682
1.4 -1.38034956194e-07 14.1490474324
1.5 -1.38034956194e-07 12.8025886091
1.6 -1.38034956194e-07 11.584263557
1.7 -1.38034956194e-07 10.4818761588
1.8 -1.38034956194e-07 9.48439534431
1.9 -1.38034956194e-07 8.58184181793
2 -1.38034956194e-07 7.76517106291
2.1 -1.38034956194e-07 7.0262062798
2.2 -1.38034956194e-07 6.35756988481
2.3 -1.38034956194e-07 5.75257317022
2.4 -1.38034956194e-07 5.20514285263
2.5 -1.38034956194e-07 4.70980536781
2.6 -1.38034956194e-07 4.26160822435
2.7 -1.38034956194e-07 3.85606310277
2.8 -1.38034956194e-07 3.48911068352
2.9 -1.38034956194e-07 3.15707734091
3 -1.38034956194e-07 2.85664134311
3.1 -1.38034956194e-07 2.58479621462
3.2 -1.38034956194e-07 2.33882033486
3.3 -1.38034956194e-07 2.11625200816
3.4 -1.38034956194e-07 1.91486341919
3.5 -1.38034956194e-07 1.73263935537
3.6 -1.38034956194e-07 1.56775693012
3.7 -1.38034956194e-07 1.41856502206
3.8 -1.38034956194e-07 1.28357076329
3.9 -1.38034956194e-07 1.1614225727
4 -1.38034956194e-07 1.05089855993
4.1 -1.38034956194e-07 0.950892097825
4.2 -1.38034956194e-07 0.860402729887
4.3 -1.38034956194e-07 0.778524528588
4.4 -1.38034956194e-07 0.704438104525
4.5 -1.38034956194e-07 0.637401854557
4.6 -1.38034956194e-07 0.576744943637
4.7 -1.38034956194e-07 0.521860371948
4.8 -1.38034956194e-07 0.472198714371
4.9 -1.38034956194e-07 0.427263068707
5 -1.38034956194e-07 0.386603537349
5.1 -1.38034956194e-07 0.34981334433
5.2 -1.38034956194e-07 0.31652412398
5.3 -1.38034956194e-07 0.286402869542
5.4 -1.38034956194e-07 0.25914799089
5.5 -1.38034956194e-07 0.234486786718
5.6 -1.38034956194e-07 0.212172318444
5.7 -1.38034956194e-07 0.191981353072
5.8 -1.38034956194e-07 0.173711911986
5.9 -1.38034956194e-07 0.15718098734
6 -1.38034956194e-07 0.142223258115
6.1 -1.38034956194e-07 0.128688898116
6.2 -1.38034956194e-07 0.116442509628
6.3 -1.38034956194e-07 0.105361529355
6.4 -1.38034956194e-07 0.0953350067571
6.5 -1.38034956194e-07 0.0862626930903
6.6 -1.38034956194e-07 0.0780536980217
6.7 -1.38034956194e-07 0.0706259064839
6.8 -1.38034956194e-07 0.0639049551523
6.9 -1.38034956194e-07 0.0578235695834
7 -1.38034956194e-07 0.0523209335083
7.1 -1.38034956194e-07 0.0473419205123
7.2 -1.38034956194e-07 0.0428367415051
7.3 -1.38034956194e-07 0.0387602780077
7.4 -1.38034956194e-07 0.035071734879
7.5 -1.38034956194e-07 0.0317342216221
7.6 -1.38034956194e-07 0.0287142986846
7.7 -1.38034956194e-07 0.0259817728352
7.8 -1.38034956194e-07 0.0235092772405
7.9 -1.38034956194e-07 0.0212720664649
8 -1.38034956194e-07 0.0192477644193
8.1 -1.38034956194e-07 0.0174160897767
8.2 -1.38034956194e-07 0.0157587300348
8.3 -1.38034956194e-07 0.0142590865797
8.4 -1.38034956194e-07 0.012902150653
8.5 -1.38034956194e-07 0.0116743505207
8.6 -1.38034956194e-07 0.0105633848553
8.7 -1.38034956194e-07 0.00955814452269
8.8 -1.38034956194e-07 0.00864856676485
8.9 -1.38034956194e-07 0.00782554387977
9 -1.38034956194e-07 0.00708083975247
9.1 -1.38034956194e-07 0.00640698743382
9.2 -1.38034956194e-07 0.00579726573297
9.3 -1.38034956194e-07 0.00524559417605
9.4 -1.38034956194e-07 0.00474643574257
9.5 -1.38034956194e-07 0.0042947784808
9.6 -1.38034956194e-07 0.00388609152076
9.7 -1.38034956194e-07 0.00351631335709
9.8 -1.38034956194e-07 0.00318171587606
9.9 -1.38034956194e-07 0.00287892896039
10 -1.38034956194e-07 0.00260496652024
10.1 -1.38034956194e-07 0.00235707470004
10.2 -1.38034956194e-07 0.00213276042221
10.3 -1.38034956194e-07 0.00192980708722
10.4 -1.38034956194e-07 0.00174616938942
10.5 -1.38034956194e-07 0.00157999394822
10.6 -1.38034956194e-07 0.00142964173141
10.7 -1.38034956194e-07 0.00129359802192
10.8 -1.38034956194e-07 0.00117049260446
10.9 -1.38034956194e-07 0.00105911648404
11 -1.38034956194e-07 0.000958345691857
11.1 -1.38034956194e-07 0.000867145347904
11.2 -1.38034956194e-07 0.000784618986452
11.3 -1.38034956194e-07 0.000709952366714
11.4 -1.38034956194e-07 0.000642389095335
11.5 -1.38034956194e-07 0.000581245927054
11.6 -1.38034956194e-07 0.000525928347536
11.7 -1.38034956194e-07 0.000475880135091
11.8 -1.38034956194e-07 0.000430589515866
11.9 -1.38034956194e-07 0.000389610410544
12 -1.38034956194e-07 0.000352536559909
12.1 -1.38034956194e-07 0.000318989785709
12.2 -1.38034956194e-07 0.000288628658306
12.3 -1.38034956194e-07 0.000261159366018
12.4 -1.38034956194e-07 0.000236305924486
12.5 -1.38034956194e-07 0.000213806108054
12.6 -1.38034956194e-07 0.000193463560787
12.7 -1.38034956194e-07 0.000175054100955
12.8 -1.38034956194e-07 0.00015839565364
12.9 -1.38034956194e-07 0.000143321621163
13 -1.38034956194e-07 0.000129686889519
13.1 -1.38034956194e-07 0.000117351482065
13.2 -1.38034956194e-07 0.000106187093482
13.3 -1.38034956194e-07 9.60775123574e-05
13.4 -1.38034956194e-07 8.6921530332e-05
13.5 -1.38034956194e-07 7.86299116131e-05
13.6 -1.38034956194e-07 7.11251599138e-05
13.7 -1.38034956194e-07 6.43421946834e-05
13.8 -1.38034956194e-07 5.82165811128e-05
13.9 -1.38034956194e-07 5.26721776983e-05
14 -1.38034956194e-07 4.76547529676e-05
14.1 -1.38034956194e-07 4.31185481698e-05
14.2 -1.38034956194e-07 3.90246904983e-05
14.3 -1.38034956194e-07 3.53232071699e-05
14.4 -1.38034956194e-07 3.1971761516e-05
14.5 -1.38034956194e-07 2.89370938659e-05
14.6 -1.38034956194e-07 2.61908407443e-05
14.7 -1.38034956194e-07 2.36783844393e-05
14.8 -1.38034956194e-07 2.14459549553e-05
14.9 -1.38034956194e-07 1.94112768341e-05
15 -1.38034956194e-07 1.7564558108e-05
15.1 -1.38034956194e-07 1.58955430725e-05
15.2 -1.38034956194e-07 1.43866566074e-05
15.3 -1.38034956194e-07 1.30227620989e-05
15.4 -1.38034956194e-07 1.179072126e-05
15.5 -1.38034956194e-07 1.06773958037e-05
15.6 -1.38034956194e-07 9.66964744321e-06
15.7 -1.38034956194e-07 8.75726775335e-06
15.8 -1.38034956194e-07 7.93453679313e-06
15.9 -1.38034956194e-07 7.19140154356e-06
16 -1.38034956194e-07 6.51766859792e-06
16.1 -1.38034956194e-07 5.90314454951e-06
16.2 -1.38034956194e-07 5.33834345893e-06
16.3 -1.38034956194e-07 4.82494572267e-06
16.4 -1.38034956194e-07 4.36091160701e-06
16.5 -1.38034956194e-07 3.94115277532e-06
16.6 -1.38034956194e-07 3.56058089097e-06
16.7 -1.38034956194e-07 3.21410761734e-06
16.8 -1.38034956194e-07 2.84816116736e-06
16.9 -1.38034956194e-07 2.5902459618e-06
17 -1.38034956194e-07 2.35006396817e-06
17.1 -1.38034956194e-07 2.12761518647e-06
17.2 -1.38034956194e-07 1.92289961669e-06
17.3 -1.38034956194e-07 1.73578925445e-06
17.4 -1.38034956194e-07 1.56440058114e-06
17.5 -1.38034956194e-07 1.40810905664e-06
17.6 -1.38034956194e-07 1.26691468092e-06
17.7 -1.38034956194e-07 1.140817454e-06
17.8 -1.38034956194e-07 1.02981737588e-06
17.9 -1.38034956194e-07 9.32783957137e-07
18 -1.38034956194e-07 8.44368596717e-07
18.1 -1.38034956194e-07 7.63882608222e-07
18.2 -1.38034956194e-07 6.91325991652e-07
18.3 -1.38034956194e-07 6.26698747006e-07
18.4 -1.38034956194e-07 5.70000874285e-07
18.5 -1.38034956194e-07 5.19843848998e-07
18.6 -1.38034956194e-07 4.73475380812e-07
18.7 -1.38034956194e-07 4.3082068397e-07
18.8 -1.38034956194e-07 3.91879758473e-07
18.9 -1.38034956194e-07 3.56652604319e-07
19 -1.38034956194e-07 3.25136132947e-07
19.1 -1.38034956194e-07 2.96423346493e-07
19.2 -1.38034956194e-07 2.69798415771e-07
19.3 -1.38034956194e-07 2.45261340781e-07
19.4 -1.38034956194e-07 2.22812121524e-07
19.5 -1.38034956194e-07 2.02450757999e-07
19.6 -1.38034956194e-07 1.84139582714e-07
19.7 -1.38034956194e-07 1.67324337989e-07
19.8 -1.38034956194e-07 1.51821242162e-07
19.9 -1.38034956194e-07 1.37630295233e-07
20 -1.38034956194e-07 1.24751497202e-07
