"Time" "Prey" "Predator"
0 38.4709886666 1.09192126622
0.1 14.1612937284 20.0293278135
0.2 0.453076429192 27.8944733682
0.3 0.0136135403169 25.55145548
0.4 0.000568240010058 23.1291917319
0.5 3.22808707068e-05 20.9285408305
0.6 2.41103154258e-06 18.9369487992
0.7 2.26867414136e-07 17.1348621242
0.8 2.90180755545e-08 15.504271429
0.9 -1.18727688243e-09 14.0288560278
1 2.50315587166e-10 12.6938441953
1.1 -6.50315220212e-09 11.4858581775
1.2 -8.05314364882e-09 10.3928251988
1.3 -8.09957662138e-09 9.4038157386
1.4 -8.09957662138e-09 8.50892263997
1.5 -8.09957662138e-09 7.69918930025
1.6 -8.09957662138e-09 6.96650931867
1.7 -8.09957662138e-09 6.30356494598
1.8 -8.09957662138e-09 5.70370973681
1.9 -8.09957662138e-09 5.16092531352
2 -8.09957662138e-09 4.6697999829
2.1 -8.09957662138e-09 4.22541024851
2.2 -8.09957662138e-09 3.823309305
2.3 -8.09957662138e-09 3.45947339224
2.4 -8.09957662138e-09 3.13026125903
2.5 -8.09957662138e-09 2.8323776633
2.6 -8.09957662138e-09 2.56284170271
2.7 -8.09957662138e-09 2.31895556895
2.8 -8.09957662138e-09 2.09827827628
2.9 -8.09957662138e-09 1.89860089298
3 -8.09957662138e-09 1.71792548746
3.1 -8.09957662138e-09 1.55444357877
3.2 -8.09957662138e-09 1.4065188877
3.3 -8.09957662138e-09 1.27267123201
3.4 -8.09957662138e-09 1.15156071342
3.5 -8.09957662138e-09 1.041975373
3.6 -8.09957662138e-09 0.942818462403
3.7 -8.09957662138e-09 0.853097318391
3.8 -8.09957662138e-09 0.771913717446
3.9 -8.09957662138e-09 0.698456267683
4 -8.09957662138e-09 0.631989240065
4.1 -8.09957662138e-09 0.571847577489
4.2 -8.09957662138e-09 0.517429086439
4.3 -8.09957662138e-09 0.468189175102
4.4 -8.09957662138e-09 0.423635028455
4.5 -8.09957662138e-09 0.383320834665
4.6 -8.09957662138e-09 0.346843039957
4.7 -8.09957662138e-09 0.313836535701
4.8 -8.09957662138e-09 0.283971011113
4.9 -8.09957662138e-09 0.256947434941
5 -8.09957662138e-09 0.232495454792
5.1 -8.09957662138e-09 0.210370587462
5.2 -8.09957662138e-09 0.19035111479
5.3 -8.09957662138e-09 0.172236829033
5.4 -8.09957662138e-09 0.155846316209
5.5 -8.09957662138e-09 0.14101552363
5.6 -8.09957662138e-09 0.127596130295
5.7 -8.09957662138e-09 0.115453685429
5.8 -8.09957662138e-09 0.104466811466
5.9 -8.09957662138e-09 0.0945254830611
6 -8.09957662138e-09 0.0855301793872
6.1 -8.09957662138e-09 0.0773909191011
6.2 -8.09957662138e-09 0.0700261635473
6.3 -8.09957662138e-09 0.0633622877845
6.4 -8.09957662138e-09 0.0573325580694
6.5 -8.09957662138e-09 0.051876623309
6.6 -8.09957662138e-09 0.0469399207821
6.7 -8.09957662138e-09 0.0424729852677
6.8 -8.09957662138e-09 0.0384311480886
6.9 -8.09957662138e-09 0.0347739328177
7 -8.09957662138e-09 0.0314647393717
7.1 -8.09957662138e-09 0.0284704780214
7.2 -8.09957662138e-09 0.0257611452466
7.3 -8.09957662138e-09 0.0233096497322
7.4 -8.09957662138e-09 0.0210914412423
7.5 -8.09957662138e-09 0.0190843180374
7.6 -8.09957662138e-09 0.0172682070293
7.7 -8.09957662138e-09 0.0156249122676
7.8 -8.09957662138e-09 0.0141380050942
7.9 -8.09957662138e-09 0.0127925951289
8 -8.09957662138e-09 0.0115752152607
8.1 -8.09957662138e-09 0.0104736891987
8.2 -8.09957662138e-09 0.00947698207004
8.3 -8.09957662138e-09 0.00857512656731
8.4 -8.09957662138e-09 0.00775908046738
8.5 -8.09957662138e-09 0.00702068166028
8.6 -8.09957662138e-09 0.0063525751266
8.7 -8.09957662138e-09 0.00574806812169
8.8 -8.09957662138e-09 0.00520109737266
8.9 -8.09957662138e-09 0.00470616291149
9 -8.09957662138e-09 0.00425833997636
9.1 -8.09957662138e-09 0.00385313875913
9.2 -8.09957662138e-09 0.00348646276591
9.3 -8.09957662138e-09 0.00315468367171
9.4 -8.09957662138e-09 0.00285448353804
9.5 -8.09957662138e-09 0.00258283527519
9.6 -8.09957662138e-09 0.0023370494636
9.7 -8.09957662138e-09 0.00211466038558
9.8 -8.09957662138e-09 0.0019134191228
9.9 -8.09957662138e-09 0.00173133650781
10 -8.09957662138e-09 0.00156658447684
10.1 -8.09957662138e-09 0.00141750141009
10.2 -8.09957662138e-09 0.00128262158663
10.3 -8.09957662138e-09 0.00116058702846
10.4 -8.09957662138e-09 0.00105014506663
10.5 -8.09957662138e-09 0.000950202556695
10.6 -8.09957662138e-09 0.000859778324563
10.7 -8.09957662138e-09 0.00077795804591
10.8 -8.09957662138e-09 0.000703911370939
10.9 -8.09957662138e-09 0.000636918364668
11 -8.09957662138e-09 0.00057630759314
11.1 -8.09957662138e-09 0.00052145998545
11.2 -8.09957662138e-09 0.000471832110348
11.3 -8.09957662138e-09 0.000426934144611
11.4 -8.09957662138e-09 0.000386308906335
11.5 -8.09957662138e-09 0.000349540781601
11.6 -8.09957662138e-09 0.000316273981795
11.7 -8.09957662138e-09 0.000286175357098
11.8 -8.09957662138e-09 0.000258925788584
11.9 -8.09957662138e-09 0.000234291100956
12 -8.09957662138e-09 0.000211996575255
12.1 -8.09957662138e-09 0.000191822867266
12.2 -8.09957662138e-09 0.000173567324816
12.3 -8.09957662138e-09 0.000157054700633
12.4 -8.09957662138e-09 0.000142116168794
12.5 -8.09957662138e-09 0.000128596459388
12.6 -8.09957662138e-09 0.000116354664933
12.7 -8.09957662138e-09 0.0001052675621
12.8 -8.09957662138e-09 9.52268894406e-05
12.9 -8.09957662138e-09 8.61381928584e-05
13 -8.09957662138e-09 7.79218925571e-05
13.1 -8.09957662138e-09 7.05029489748e-05
13.2 -8.09957662138e-09 6.37887032543e-05
13.3 -8.09957662138e-09 5.77122816697e-05
13.4 -8.09957662138e-09 5.22178375898e-05
13.5 -8.09957662138e-09 4.72585303062e-05
13.6 -8.09957662138e-09 4.27761359455e-05
13.7 -8.09957662138e-09 3.8717757059e-05
13.8 -8.09957662138e-09 3.5042909223e-05
13.9 -8.09957662138e-09 3.17169720032e-05
14 -8.09957662138e-09 2.8670877384e-05
14.1 -8.09957662138e-09 2.59701045745e-05
14.2 -8.09957662138e-09 2.35074961003e-05
14.3 -8.09957662138e-09 2.1271321468e-05
14.4 -8.09957662138e-09 1.92496182974e-05
14.5 -8.09957662138e-09 1.74222199735e-05
14.6 -8.09957662138e-09 1.57702241735e-05
14.7 -8.09957662138e-09 1.42778930261e-05
14.8 -8.09957662138e-09 1.29294886597e-05
14.9 -8.09957662138e-09 1.17092732032e-05
15 -8.09957662138e-09 1.06041072227e-05
15.1 -8.09957662138e-09 9.60741880453e-06
15.2 -8.09957662138e-09 8.70741039981e-06
15.3 -8.09957662138e-09 7.89187117199e-06
15.4 -8.09957662138e-09 7.14859028451e-06
15.5 -8.09957662138e-09 6.46571076092e-06
15.6 -8.09957662138e-09 5.84389530039e-06
15.7 -8.09957662138e-09 5.28187729044e-06
15.8 -8.09957662138e-09 4.77356116027e-06
15.9 -8.09957662138e-09 4.31285133908e-06
16 -8.09957662138e-09 3.89365225604e-06
16.1 -8.09957662138e-09 3.44680138049e-06
16.2 -8.09957662138e-09 3.13552620205e-06
16.3 -8.09957662138e-09 2.84549385953e-06
16.4 -8.09957662138e-09 2.57670435294e-06
16.5 -8.09957662138e-09 2.32915768228e-06
16.6 -8.09957662138e-09 2.10278899735e-06
16.7 -8.09957662138e-09 1.89550919813e-06
16.8 -8.09957662138e-09 1.70631455868e-06
16.9 -8.09957662138e-09 1.53520507899e-06
17 -8.09957662138e-09 1.38218075906e-06
17.1 -8.09957662138e-09 1.2472415989e-06
17.2 -8.09957662138e-09 1.12950787782e-06
17.3 -8.09957662138e-09 1.02255899265e-06
17.4 -8.09957662138e-09 9.25108815318e-07
17.5 -8.09957662138e-09 8.37157345837e-07
17.6 -8.09957662138e-09 7.58704584204e-07
17.7 -8.09957662138e-09 6.89750530419e-07
17.8 -8.09957662138e-09 6.29048495241e-07
17.9 -8.09957662138e-09 5.73018442384e-07
18 -8.09957662138e-09 5.21437149341e-07
18.1 -8.09957662138e-09 4.74304616112e-07
18.2 -8.09957662138e-09 4.31620842697e-07
18.3 -8.09957662138e-09 3.93385829097e-07
18.4 -8.09957662138e-09 3.58715732097e-07
18.5 -8.09957662138e-09 3.26548879666e-07
18.6 -8.09957662138e-09 2.96883090146e-07
18.7 -8.09957662138e-09 2.69718363535e-07
18.8 -8.09957662138e-09 2.45054699834e-07
18.9 -8.09957662138e-09 2.22873015296e-07
19 -8.09957662138e-09 2.02558541373e-07
19.1 -8.09957662138e-09 1.83815907273e-07
19.2 -8.09957662138e-09 1.66645112994e-07
19.3 -8.09957662138e-09 1.51046158536e-07
19.4 -8.09957662138e-09 1.37019043901e-07
19.5 -8.09957662138e-09 1.24498547983e-07
19.6 -8.09957662138e-09 1.13008657395e-07
19.7 -8.09957662138e-09 1.02454020632e-07
19.8 -8.09957662138e-09 9.28346376938e-08
19.9 -8.09957662138e-09 8.41505085812e-08
20 -8.09957662138e-09 7.64016332936e-08
