"Time" "Prey" "Predator"
0 1.00326713869 1.00326706639
0.1 0.93827351789 1.00030069477
0.2 0.87820496389 0.991121895613
0.3 0.823300473395 0.976397052493
0.4 0.77360072197 0.956872873881
0.5 0.728996944776 0.933329626928
0.6 0.689279786549 0.906537484058
0.7 0.654173609855 0.877228738482
0.8 0.623366853017 0.846077303894
0.9 0.596536122684 0.813686008861
1 0.573361612622 0.780582492192
1.1 0.55353736627 0.747219351199
1.2 0.536778856428 0.713976635767
1.3 0.52282651935 0.681167463584
1.4 0.511447048079 0.649044647131
1.5 0.502434223369 0.61780732115
1.6 0.4956066721 0.58760861768
1.7 0.490807154257 0.558561857118
1.8 0.487900544842 0.530746955522
1.9 0.486771782225 0.504215860971
2 0.487324096436 0.478997511944
2.1 0.489477095415 0.455102323002
2.2 0.49316506888 0.432525667019
2.3 0.49833546766 0.411251122401
2.4 0.504947295212 0.391253750674
2.5 0.51297006317 0.372501626172
2.6 0.522382578478 0.354957406227
2.7 0.533171847966 0.338581389546
2.8 0.54533228336 0.32333159991
2.9 0.558864689444 0.309165591551
3 0.573775615242 0.296040889095
3.1 0.590076539076 0.283916077075
3.2 0.607783256392 0.272751177835
3.3 0.626915117558 0.262508385111
3.4 0.647494441972 0.253152325797
3.5 0.669545698517 0.244650613819
3.6 0.693094853427 0.236974063727
3.7 0.718168443075 0.23009715187
3.8 0.74479298988 0.223997997925
3.9 0.77299369144 0.218658997916
4 0.802793302644 0.21406717777
4.1 0.834211299406 0.210214154866
4.2 0.867261691252 0.207096981722
4.3 0.901951906842 0.20471826892
4.4 0.938280804753 0.203086690051
4.5 0.976235691321 0.202217885101
4.6 1.01579077001 0.202134689953
4.7 1.05690316561 0.202868195077
4.8 1.09950950293 0.204458599635
4.9 1.14352269803 0.206955969439
5 1.18882577488 0.210421681501
5.1 1.23526786202 0.214929416704
5.2 1.28265812955 0.220566436862
5.3 1.33075809281 0.227434982643
5.4 1.37927583582 0.235653761698
5.5 1.42785791533 0.245358665825
5.6 1.47608105357 0.256703678823
5.7 1.52344540652 0.269861024689
5.8 1.56936794464 0.285020347161
5.9 1.61317680214 0.302386803888
6 1.65411131241 0.322175236533
6.1 1.69131984989 0.344605922748
6.2 1.7238772022 0.369889255867
6.3 1.75079718923 0.398213101846
6.4 1.7710610532 0.429722249573
6.5 1.78366137811 0.464491403448
6.6 1.78765515642 0.502494365605
6.7 1.78223181826 0.543571749696
6.8 1.76678726486 0.587396499387
6.9 1.74100032286 0.633448929601
7 1.70490423483 0.680997707767
7.1 1.65892237938 0.729114555099
7.2 1.60389484949 0.776691343293
7.3 1.54104715025 0.822500515079
7.4 1.47192406914 0.865270640245
7.5 1.39828683815 0.903776183004
7.6 1.32198847831 0.93693041307
7.7 1.24484698194 0.963863332698
7.8 1.16853035099 0.983978669675
7.9 1.09447090929 0.996979395216
8 1.02381667881 1.0028611124
8.1 0.957414190906 1.00188261721
8.2 0.895821664288 0.994516811166
8.3 0.839343500485 0.981392691552
8.4 0.788074509033 0.963238110526
8.5 0.741947349591 0.940827512816
8.6 0.700778997232 0.914937716258
8.7 0.664310290755 0.886315074369
8.8 0.632238088511 0.855652654869
8.9 0.604240306305 0.823575904492
9 0.579994242618 0.790635710603
9.1 0.5591890667 0.757306728996
9.2 0.54153296028 0.72399105179
9.3 0.526758871116 0.691020964003
9.4 0.514625396016 0.658666940585
9.5 0.504918028509 0.627143606324
9.6 0.49744808743 0.596617192693
9.7 0.492051145083 0.567212450941
9.8 0.488585683295 0.539018617767
9.9 0.486930764882 0.512095564387
10 0.48698430287 0.486478712658
10.1 0.48866118252 0.462183595534
10.2 0.491891465439 0.439209792643
10.3 0.496618752378 0.417544239952
10.4 0.502798617607 0.397164093711
10.5 0.510397649273 0.378039193045
10.6 0.519391920009 0.360133899658
10.7 0.52976607805 0.343409159411
10.8 0.541512372165 0.327823454897
10.9 0.554629734732 0.313334449461
11 0.569123090066 0.299899487923
11.1 0.585002474655 0.287476833642
11.2 0.602282481385 0.27602594666
11.3 0.620981435993 0.265508362756
11.4 0.641120852093 0.255887895165
11.5 0.662724606614 0.247131243778
11.6 0.685818321097 0.239208193866
11.7 0.710428427343 0.232092106449
11.8 0.736581516904 0.225760004392
11.9 0.764303413431 0.220192846013
12 0.793617624738 0.215376323962
12.1 0.824544790419 0.211300609134
12.2 0.857100800459 0.207961034298
12.3 0.891295161063 0.205358534453
12.4 0.927129657627 0.203499842195
12.5 0.964595274902 0.202398455383
12.6 1.00367043533 0.202074973026
12.7 1.0443179834 0.202557844742
12.8 1.0864809075 0.203884482271
12.9 1.13007985499 0.206101832545
13 1.17500746719 0.209267717626
13.1 1.22112355555 0.213451991607
13.2 1.26825022214 0.218737666571
13.3 1.31616397078 0.225222304551
13.4 1.36458984041 0.233019486481
13.5 1.41319384524 0.242259907075
13.6 1.46157470578 0.253091864593
13.7 1.50925613897 0.265682350954
13.8 1.55568143774 0.280215547891
13.9 1.6002051436 0.296892781111
14 1.64209444876 0.315925978799
14.1 1.6805236915 0.337535214348
14.2 1.71458851244 0.36193528591
14.3 1.74331857252 0.389322729187
14.4 1.7657022478 0.419857475301
14.5 1.78072188184 0.453639120346
14.6 1.78740979965 0.490674906616
14.7 1.7849069107 0.530849580006
14.8 1.7725395028 0.573889408887
14.9 1.74989109672 0.619336742502
15 1.71688456613 0.666522433301
15.1 1.6738207898 0.714576985722
15.2 1.6214137917 0.762442767197
15.3 1.56077931402 0.808919782288
15.4 1.49337440997 0.852741747221
15.5 1.42090714039 0.892659102304
15.6 1.34521712249 0.927533472153
15.7 1.26814583942 0.95642256479
15.8 1.19141616761 0.978643720628
15.9 1.11653949295 0.993808049427
16 1.04475313065 1.00182498943
16.1 0.976993935688 1.00287865279
16.2 0.91390468589 0.997382739885
16.3 0.855862390321 0.9859251892
16.4 0.803019652562 0.969210319831
16.5 0.755353222708 0.94800337954
16.6 0.712710802301 0.923084240563
16.7 0.674852392064 0.895211464926
16.8 0.641484997284 0.865096157174
16.9 0.612290164311 0.833385129203
17 0.586943842466 0.800652202394
17.1 0.565130494731 0.767395084662
17.2 0.546552097997 0.734037121457
17.3 0.530933741259 0.700931248807
17.4 0.5180260208 0.668366010342
17.5 0.507606599108 0.636571879448
17.6 0.499478883846 0.605729235758
17.7 0.49347139925 0.575974547116
17.8 0.489435933388 0.547407135948
17.9 0.487245427354 0.520095254832
18 0.486792389983 0.494081145222
18.1 0.487986737616 0.469385938285
18.2 0.49075410197 0.446013647595
18.3 0.495034213829 0.423954721664
18.4 0.500779095781 0.403188967959
18.5 0.507952193272 0.383688255518
18.6 0.516526810856 0.365418346903
18.7 0.526485110084 0.348341117483
18.8 0.537817144803 0.332415613331
18.9 0.550519905155 0.317599668962
19 0.564596593394 0.303850612194
19.1 0.580055772183 0.291126361761
19.2 0.596910730766 0.279385954462
19.3 0.615178741535 0.268590235632
19.4 0.634880420212 0.258702301616
19.5 0.656039016187 0.249687919736
19.6 0.678679691505 0.241515928016
19.7 0.702828738912 0.234158549798
19.8 0.7285127536 0.227591717485
19.9 0.755757962118 0.221795103747
20 0.784588648949 0.21675297554
