"Time" "Prey" "Predator"
0 0.931359779981 6.26657670736
0.1 0.436507949723 6.05190464866
0.2 0.213643414547 5.64870475454
0.3 0.110842959807 5.19145268821
0.4 0.0611359482571 4.73662861745
0.5 0.0357747158625 4.30611461867
0.6 0.0221249562872 3.90736827161
0.7 0.0143984669694 3.54187203397
0.8 0.00981679328438 3.208640103
0.9 0.00698285343133 2.90570596241
1 0.00516198405988 2.63077166461
1.1 0.00395153306521 2.38149621924
1.2 0.00312219458555 2.15562378487
1.3 0.00253874550166 1.95103796177
1.4 0.00211862583907 1.7657813205
1.5 0.00181008413502 1.59805765688
1.6 0.00157988182582 1.44622659126
1.7 0.00140572428235 1.30879477269
1.8 0.00127274037259 1.18440477052
1.9 0.00117066256229 1.071824471
2 0.00109225800924 0.969936478209
2.1 0.00103236134766 0.877727958544
2.2 0.000987237402929 0.794281259616
2.3 0.000954219086318 0.718765462559
2.4 0.00093113930679 0.650427337951
2.5 0.000916538052426 0.588585694092
2.6 0.000909240088277 0.532623071256
2.7 0.000908434605584 0.481981355162
2.8 0.000913461483064 0.436154551058
2.9 0.00092387736488 0.394685460871
3 0.000939331702002 0.35715948671
3.1 0.000959606004954 0.323202154103
3.2 0.000984545749699 0.292473866042
3.3 0.00101408160818 0.264667903673
3.4 0.00104819168933 0.239506097397
3.5 0.00108691314187 0.216737212026
3.6 0.00113032445041 0.196133538919
3.7 0.0011785417401 0.177489095635
3.8 0.0012317321181 0.160618058949
3.9 0.0012900811896 0.145351501253
4 0.00135381645019 0.131536891337
4.1 0.00142319359914 0.119036044298
4.2 0.00149850106546 0.107724004222
4.3 0.00158005954713 0.0974876828617
4.4 0.00166822240495 0.0882248084391
4.5 0.00176337599534 0.0798428121832
4.6 0.00186594055165 0.0722578791798
4.7 0.00197637187741 0.0653941841878
4.8 0.00209516272626 0.0591831303863
4.9 0.00222284470559 0.0535626496416
5 0.00235999020954 0.0484765395199
5.1 0.00250721501863 0.0438740523006
5.2 0.00266518033 0.0397091507013
5.3 0.00283459577403 0.0359402043263
5.4 0.00301622244879 0.0325295588328
5.5 0.00321087614747 0.0294431080758
5.6 0.00341943083648 0.0266500539774
5.7 0.0036428225478 0.024122471142
5.8 0.00388205334879 0.0218351161232
5.9 0.00413819578254 0.0197651575868
6 0.00441239766796 0.017891897187
6.1 0.00470588690417 0.0161966401846
6.2 0.00501997727936 0.0146624466196
6.3 0.00535607396884 0.013274004607
6.4 0.00571567982494 0.0120174653956
6.5 0.00610040228214 0.0108802727877
6.6 0.00651195999644 0.00985108591788
6.7 0.00695219138352 0.00891961808915
6.8 0.00742306162732 0.00807658371445
6.9 0.00792667125169 0.00731360687129
7 0.00846526877854 0.00662307091716
7.1 0.00904125545883 0.00599807748005
7.2 0.00965719682871 0.00543237353489
7.3 0.0103158423284 0.00492035594636
7.4 0.011020125397 0.00445690333658
7.5 0.0117731807163 0.00403736546246
7.6 0.0125783682955 0.00365761494316
7.7 0.0134392714021 0.00331386011361
7.8 0.0143597209432 0.00300266618569
7.9 0.0153438213901 0.00272096980666
8 0.0163959491878 0.00246595140948
8.1 0.0175207859895 0.00223506699378
8.2 0.0187233448336 0.00202604645135
8.3 0.0200089708709 0.00183679768343
8.4 0.0213833901619 0.00166544969422
8.5 0.0228527285201 0.00151032217467
8.6 0.0244235121357 0.00136985634619
8.7 0.0261027089911 0.00124262528173
8.8 0.0278978167882 0.00112740765724
8.9 0.0298168222691 0.00102306971218
9 0.0318682385812 0.000928563586151
9.1 0.0340611926582 0.000842956955404
9.2 0.0364054666288 0.000765425718142
9.3 0.0389114722596 0.00069519915853
9.4 0.0415903237817 0.000631570963902
9.5 0.0444539753573 0.000573930383906
9.6 0.0475151669567 0.000521712097581
9.7 0.0507874766947 0.00047439125165
9.8 0.0542854526364 0.00043150049801
9.9 0.0580246998351 0.000392633128785
10 0.0620218241091 0.000357406599558
10.1 0.0662945475924 0.000325470730586
10.2 0.070861930366 0.000296520968202
10.3 0.0757442947863 0.000270277336134
10.4 0.0809632978192 0.000246480462009
10.5 0.086542131589 0.000224897789699
10.6 0.0925056905424 0.000205326491034
10.7 0.0988804587107 0.000187575485738
10.8 0.1056946867 0.000171468640332
10.9 0.112978758484 0.000156854535786
11 0.120765106119 0.000143595408533
11.1 0.129088275863 0.000131563059764
11.2 0.137985199748 0.000120641213741
11.3 0.147495598718 0.000110729190549
11.4 0.157661734053 0.000101732708337
11.5 0.168528664182 9.35646384892e-05
11.6 0.18014477326 8.61486927646e-05
11.7 0.192561833581 7.94168539413e-05
11.8 0.205834958984 7.33053606883e-05
11.9 0.220022994786 6.77559000986e-05
12 0.235189267247 6.27187199801e-05
12.1 0.251401222058 5.81476376746e-05
12.2 0.268730742473 5.40000062255e-05
12.3 0.287254849594 5.02378172611e-05
12.4 0.307056193725 4.68278964181e-05
12.5 0.328222699711 4.37391760221e-05
12.6 0.350848171171 4.09432051348e-05
12.7 0.37503350813 3.84157692526e-05
12.8 0.400886362976 3.61349261479e-05
12.9 0.428521419581 3.40804714525e-05
13 0.458061322084 3.2234448867e-05
13.1 0.489637942409 3.05819324585e-05
13.2 0.523391568371 2.91092130804e-05
13.3 0.559471786204 2.78040895215e-05
13.4 0.598039283529 2.66567278633e-05
13.5 0.639265903715 2.5659108932e-05
13.6 0.683334606152 2.48044004362e-05
13.7 0.73044071344 2.40873256992e-05
13.8 0.780794190724 2.35052075137e-05
13.9 0.834618973431 2.30569695622e-05
14 0.892154182562 2.27434743714e-05
14.1 0.953655961971 2.2568414731e-05
14.2 1.01939756194 2.25377216486e-05
14.3 1.08967076915 2.26602750992e-05
14.4 1.16478856211 2.29502091358e-05
14.5 1.24508470726 2.34253574777e-05
14.6 1.33091564237 2.41091082946e-05
14.7 1.42266358099 2.50354456368e-05
14.8 1.52073613122 2.62456942768e-05
14.9 1.62556862719 2.77934113559e-05
15 1.73762781152 2.97571541908e-05
15.1 1.85741138626 3.22318868323e-05
15.2 1.98545092959 3.53433546582e-05
15.3 2.12231632103 3.92839405863e-05
15.4 2.26861516094 4.42872017825e-05
15.5 2.42499638413 5.06753176502e-05
15.6 2.59215542049 5.89723999281e-05
15.7 2.77083359327 6.98193533756e-05
15.8 2.96182241774 8.41538455855e-05
15.9 3.16596925952 0.000103621064963
16 3.38417701415 0.000130247607381
16.1 3.61740841617 0.000167031564565
16.2 3.86669078089 0.000219635120996
16.3 4.13311652464 0.000296695463103
16.4 4.41784365183 0.000411978333363
16.5 4.72209506203 0.00058895467728
16.6 5.04714871488 0.00086914466877
16.7 5.39432010543 0.00132498409317
16.8 5.76491043522 0.00209534289907
16.9 6.1601165114 0.00344148215459
17 6.58080413087 0.00588771677113
17.1 7.02702367336 0.0105190359683
17.2 7.49688441077 0.0196744614211
17.3 7.98387965306 0.0386029364209
17.4 8.47034328036 0.0795361909699
17.5 8.91133685418 0.171745368765
17.6 9.19670778741 0.385084842361
17.7 9.07879807411 0.87318413176
17.8 8.13295860036 1.88475832477
17.9 6.10136304702 3.50277781497
18 3.64517047666 5.15145386235
18.1 1.82494619072 6.08065039469
18.2 0.851608129961 6.25299819141
18.3 0.400857272662 6.00575144007
18.4 0.19757579788 5.59190455671
18.5 0.103301396861 5.13348253283
18.6 0.0574097397707 4.6812146859
18.7 0.0338350563497 4.25457762598
18.8 0.0210637049317 3.8600436127
18.9 0.0137907302667 3.49869053611
19 0.0094542882553 3.1693712733
19.1 0.00675861265989 2.87006223419
19.2 0.00501887479361 2.59845368215
19.3 0.00385778619685 2.3522130823
19.4 0.00305949123521 2.1291015788
19.5 0.00249605033879 1.92702300083
19.6 0.00208932941523 1.74404045965
19.7 0.00179001060079 1.57837798579
19.8 0.00156614153019 1.42841438238
19.9 0.00139659527979 1.29267376062
20 0.00126707576716 1.16981504539
