"Time" "Prey" "Predator"
0 32.9391590495 26.6865925738
0.1 0.0927971037617 47.2025520168
0.2 0.000246689482974 42.7751608766
0.3 1.12727978219e-06 38.7047339183
0.4 -1.10454454186e-07 35.0215035635
0.5 -9.25153370745e-08 31.6887697275
0.6 -9.25153370745e-08 28.6731883529
0.7 -9.25153370745e-08 25.9445626619
0.8 -9.25153370745e-08 23.4756031304
0.9 -9.25153370745e-08 21.2415999776
1 -9.25153370745e-08 19.2201904684
1.1 -9.25153370745e-08 17.3911412325
1.2 -9.25153370745e-08 15.7361554374
1.3 -9.25153370745e-08 14.2386821887
1.4 -9.25153370745e-08 12.88368692
1.5 -9.25153370745e-08 11.657642322
1.6 -9.25153370745e-08 10.5482725062
1.7 -9.25153370745e-08 9.54447193434
1.8 -9.25153370745e-08 8.63619553904
1.9 -9.25153370745e-08 7.8143534494
2 -9.25153370745e-08 7.07071970384
2.1 -9.25153370745e-08 6.39785215517
2.2 -9.25153370745e-08 5.78901647944
2.3 -9.25153370745e-08 5.23811729177
2.4 -9.25153370745e-08 4.73964398925
2.5 -9.25153370745e-08 4.28860685701
2.6 -9.25153370745e-08 3.88049203243
2.7 -9.25153370745e-08 3.51121437853
2.8 -9.25153370745e-08 3.17707798301
2.9 -9.25153370745e-08 2.87473903445
3 -9.25153370745e-08 2.60117143384
3.1 -9.25153370745e-08 2.35363716246
3.2 -9.25153370745e-08 2.12965872241
3.3 -9.25153370745e-08 1.92699403639
3.4 -9.25153370745e-08 1.74361608596
3.5 -9.25153370745e-08 1.57768868808
3.6 -9.25153370745e-08 1.42755160705
3.7 -9.25153370745e-08 1.29170202312
3.8 -9.25153370745e-08 1.16878006017
3.9 -9.25153370745e-08 1.05755591606
4 -9.25153370745e-08 0.956915826878
4.1 -9.25153370745e-08 0.86585327525
4.2 -9.25153370745e-08 0.783456300298
4.3 -9.25153370745e-08 0.70890056363
4.4 -9.25153370745e-08 0.6414396593
4.5 -9.25153370745e-08 0.580398489561
4.6 -9.25153370745e-08 0.525166243351
4.7 -9.25153370745e-08 0.475189926682
4.8 -9.25153370745e-08 0.429969649865
4.9 -9.25153370745e-08 0.389052535818
5 -9.25153370745e-08 0.352029293202
5.1 -9.25153370745e-08 0.318529208136
5.2 -9.25153370745e-08 0.288217107595
5.3 -9.25153370745e-08 0.260789601922
5.4 -9.25153370745e-08 0.235972134722
5.5 -9.25153370745e-08 0.213516423622
5.6 -9.25153370745e-08 0.193197595625
5.7 -9.25153370745e-08 0.174812417879
5.8 -9.25153370745e-08 0.15817677711
5.9 -9.25153370745e-08 0.143124257604
6 -9.25153370745e-08 0.129504167156
6.1 -9.25153370745e-08 0.117180195928
6.2 -9.25153370745e-08 0.106029003043
6.3 -9.25153370745e-08 0.0959389335119
6.4 -9.25153370745e-08 0.0868091353535
6.5 -9.25153370745e-08 0.07854813836
6.6 -9.25153370745e-08 0.0710732854914
6.7 -9.25153370745e-08 0.0643097752523
6.8 -9.25153370745e-08 0.0581898649751
6.9 -9.25153370745e-08 0.0526523707908
7 -9.25153370745e-08 0.0476418179618
7.1 -9.25153370745e-08 0.0431080862301
7.2 -9.25153370745e-08 0.0390058152109
7.3 -9.25153370745e-08 0.0352939111431
7.4 -9.25153370745e-08 0.0319352564698
7.5 -9.25153370745e-08 0.0288962058511
7.6 -9.25153370745e-08 0.0261463597217
7.7 -9.25153370745e-08 0.0236582053427
7.8 -9.25153370745e-08 0.021406819756
7.9 -9.25153370745e-08 0.0193696945099
8 -9.25153370745e-08 0.0175264214513
8.1 -9.25153370745e-08 0.0158585589894
8.2 -9.25153370745e-08 0.0143494178138
8.3 -9.25153370745e-08 0.012983883058
8.4 -9.25153370745e-08 0.0117483030665
8.5 -9.25153370745e-08 0.0106303031455
8.6 -9.25153370745e-08 0.00961869426403
8.7 -9.25153370745e-08 0.00870334669814
8.8 -9.25153370745e-08 0.00787509073463
8.9 -9.25153370745e-08 0.00712566775065
9 -9.25153370745e-08 0.00644758665766
9.1 -9.25153370745e-08 0.0058340470489
9.2 -9.25153370745e-08 0.00527888261926
9.3 -9.25153370745e-08 0.0047765537742
9.4 -9.25153370745e-08 0.00432204089425
9.5 -9.25153370745e-08 0.0039107502449
9.6 -9.25153370745e-08 0.00353859287239
9.7 -9.25153370745e-08 0.00320186051398
9.8 -9.25153370745e-08 0.00289715705152
9.9 -9.25153370745e-08 0.00262145707886
10 -9.25153370745e-08 0.00237200402489
10.1 -9.25153370745e-08 0.00214627465988
10.2 -9.25153370745e-08 0.00194203184212
10.3 -9.25153370745e-08 0.00175723072498
10.4 -9.25153370745e-08 0.00159000550131
10.5 -9.25153370745e-08 0.0014387099622
10.6 -9.25153370745e-08 0.00130182497333
10.7 -9.25153370745e-08 0.00117794748356
10.8 -9.25153370745e-08 0.00106584149763
10.9 -9.25153370745e-08 0.000964412152466
11 -9.25153370745e-08 0.00087263560182
11.1 -9.25153370745e-08 0.000789578121857
11.2 -9.25153370745e-08 0.000714430796519
11.3 -9.25153370745e-08 0.000646443160482
11.4 -9.25153370745e-08 0.000584921936543
11.5 -9.25153370745e-08 0.000529253440933
11.6 -9.25153370745e-08 0.000478890890726
11.7 -9.25153370745e-08 0.000433322479724
11.8 -9.25153370745e-08 0.000392080364035
11.9 -9.25153370745e-08 0.000354764534255
12 -9.25153370745e-08 0.000321002739714
12.1 -9.25153370745e-08 0.000290435114837
12.2 -9.25153370745e-08 0.000262803695541
12.3 -9.25153370745e-08 0.000237796063161
12.4 -9.25153370745e-08 0.00021516748279
12.5 -9.25153370745e-08 0.000194690012162
12.6 -9.25153370745e-08 0.000176167183141
12.7 -9.25153370745e-08 0.00015941062691
12.8 -9.25153370745e-08 0.000144246333581
12.9 -9.25153370745e-08 0.000130516143534
13 -9.25153370745e-08 0.000118081022911
13.1 -9.25153370745e-08 0.00010681936254
13.2 -9.25153370745e-08 9.66245459156e-05
13.3 -9.25153370745e-08 8.7406455821e-05
13.4 -9.25153370745e-08 7.90835637804e-05
13.5 -9.25153370745e-08 7.15525075288e-05
13.6 -9.25153370745e-08 6.47365275594e-05
13.7 -9.25153370745e-08 5.85724961574e-05
13.8 -9.25153370745e-08 5.30077510826e-05
13.9 -9.25153370745e-08 4.79801007952e-05
14 -9.25153370745e-08 4.34282084377e-05
14.1 -9.25153370745e-08 3.93064377082e-05
14.2 -9.25153370745e-08 3.55756559162e-05
14.3 -9.25153370745e-08 3.21544527995e-05
14.4 -9.25153370745e-08 2.912834788e-05
14.5 -9.25153370745e-08 2.63678697687e-05
14.6 -9.25153370745e-08 2.38600074562e-05
14.7 -9.25153370745e-08 2.15916992803e-05
14.8 -9.25153370745e-08 1.95418569388e-05
14.9 -9.25153370745e-08 1.76885268522e-05
15 -9.25153370745e-08 1.60142531927e-05
15.1 -9.25153370745e-08 1.45015801325e-05
15.2 -9.25153370745e-08 1.31330518436e-05
15.3 -9.25153370745e-08 1.18932224312e-05
15.4 -9.25153370745e-08 1.07748359353e-05
15.5 -9.25153370745e-08 9.76520506196e-06
15.6 -9.25153370745e-08 8.85078555294e-06
15.7 -9.25153370745e-08 8.01803314979e-06
15.8 -9.25153370745e-08 7.25348089318e-06
15.9 -9.25153370745e-08 6.55591088063e-06
16 -9.25153370745e-08 5.9254256661e-06
16.1 -9.25153370745e-08 5.35526400816e-06
16.2 -9.25153370745e-08 4.83866466543e-06
16.3 -9.25153370745e-08 4.36886639648e-06
16.4 -9.25153370745e-08 3.8633505187e-06
16.5 -9.25153370745e-08 3.5154436466e-06
16.6 -9.25153370745e-08 3.19109930584e-06
16.7 -9.25153370745e-08 2.89031749643e-06
16.8 -9.25153370745e-08 2.61309821835e-06
16.9 -9.25153370745e-08 2.35942711467e-06
17 -9.25153370745e-08 2.12726449566e-06
17.1 -9.25153370745e-08 1.91516186174e-06
17.2 -9.25153370745e-08 1.72311921291e-06
17.3 -9.25153370745e-08 1.55113654915e-06
17.4 -9.25153370745e-08 1.39921387048e-06
17.5 -9.25153370745e-08 1.26679892468e-06
17.6 -9.25153370745e-08 1.14699080185e-06
17.7 -9.25153370745e-08 1.03771856379e-06
17.8 -9.25153370745e-08 9.38982210473e-07
17.9 -9.25153370745e-08 8.50781741916e-07
18 -9.25153370745e-08 7.73117158115e-07
18.1 -9.25153370745e-08 7.05011746554e-07
18.2 -9.25153370745e-08 6.42310402926e-07
18.3 -9.25153370745e-08 5.84543578271e-07
18.4 -9.25153370745e-08 5.3171127259e-07
18.5 -9.25153370745e-08 4.83813485882e-07
18.6 -9.25153370745e-08 4.40850218147e-07
18.7 -9.25153370745e-08 4.02058308933e-07
18.8 -9.25153370745e-08 3.66068023878e-07
18.9 -9.25153370745e-08 3.32851897692e-07
19 -9.25153370745e-08 3.02409930374e-07
19.1 -9.25153370745e-08 2.74742121924e-07
19.2 -9.25153370745e-08 2.49844247562e-07
19.3 -9.25153370745e-08 2.27116093292e-07
19.4 -9.25153370745e-08 2.06131413039e-07
19.5 -9.25153370745e-08 1.86890206804e-07
19.6 -9.25153370745e-08 1.69392474586e-07
19.7 -9.25153370745e-08 1.53638216386e-07
19.8 -9.25153370745e-08 1.39586489353e-07
19.9 -9.25153370745e-08 1.26725674129e-07
20 -9.25153370745e-08 1.14902235586e-07
