"Time" "Prey" "Predator"
0 29.316545427 0.977495605096
0.1 17.0046017978 11.0139415736
0.2 1.73820055736 21.0778216888
0.3 0.114429799056 20.2347407317
0.4 0.0093184362296 18.3846169632
0.5 0.000966030744435 16.6411116258
0.6 0.000124943403509 15.0581097026
0.7 1.98238994773e-05 13.6252181325
0.8 3.71954814116e-06 12.3286201633
0.9 8.21800593488e-07 11.1554005245
1 2.09035367384e-07 10.0938258547
1.1 2.60512085336e-08 9.13327054593
1.2 -2.39465871367e-08 8.2641189379
1.3 -2.09466605742e-08 7.47768262513
1.4 -2.38583478965e-08 6.76608558088
1.5 -2.33450198191e-08 6.12220566634
1.6 -1.76427801857e-08 5.53959754704
1.7 -1.13527546762e-08 5.0124403248
1.8 -5.97414411168e-09 4.53544779545
1.9 -9.01983735671e-09 4.10384027654
2 -7.93736990563e-09 3.71330939585
2.1 -8.02921832713e-09 3.35994152504
2.2 -8.07085997108e-09 3.04020083798
2.3 -8.07085997108e-09 2.7508875662
2.4 -8.07085997108e-09 2.48910619346
2.5 -8.07085997108e-09 2.25223654673
2.6 -8.07085997108e-09 2.03790835651
2.7 -8.07085997108e-09 1.84397610815
2.8 -8.07085997108e-09 1.66849904083
2.9 -8.07085997108e-09 1.50972052857
3 -8.07085997108e-09 1.36605191386
3.1 -8.07085997108e-09 1.23605517728
3.2 -8.07085997108e-09 1.11842911654
3.3 -8.07085997108e-09 1.01199678506
3.4 -8.07085997108e-09 0.915692693163
3.5 -8.07085997108e-09 0.828553146074
3.6 -8.07085997108e-09 0.749706013917
3.7 -8.07085997108e-09 0.678361987237
3.8 -8.07085997108e-09 0.613806756272
3.9 -8.07085997108e-09 0.555395160435
4 -8.07085997108e-09 0.502542213555
4.1 -8.07085997108e-09 0.454719050073
4.2 -8.07085997108e-09 0.41144681558
4.3 -8.07085997108e-09 0.372292464878
4.4 -8.07085997108e-09 0.336864092922
4.5 -8.07085997108e-09 0.304807245843
4.6 -8.07085997108e-09 0.275801006978
4.7 -8.07085997108e-09 0.249555057927
4.8 -8.07085997108e-09 0.225806730108
4.9 -8.07085997108e-09 0.204318280388
5 -8.07085997108e-09 0.184874645154
5.1 -8.07085997108e-09 0.1672814871
5.2 -8.07085997108e-09 0.151362509835
5.3 -8.07085997108e-09 0.136958458676
5.4 -8.07085997108e-09 0.123925146265
5.5 -8.07085997108e-09 0.11213205934
5.6 -8.07085997108e-09 0.101461290795
5.7 -8.07085997108e-09 0.0918059277729
5.8 -8.07085997108e-09 0.0830694185955
5.9 -8.07085997108e-09 0.0751643288296
6 -8.07085997108e-09 0.0680114832275
6.1 -8.07085997108e-09 0.0615393467989
6.2 -8.07085997108e-09 0.0556830808774
6.3 -8.07085997108e-09 0.0503841215124
6.4 -8.07085997108e-09 0.0455894358985
6.5 -8.07085997108e-09 0.041251008305
6.6 -8.07085997108e-09 0.0373254638006
6.7 -8.07085997108e-09 0.0337734703527
6.8 -8.07085997108e-09 0.0305594971564
6.9 -8.07085997108e-09 0.0276513743229
7 -8.07085997108e-09 0.0250199832127
7.1 -8.07085997108e-09 0.0226390199462
7.2 -8.07085997108e-09 0.0204846274068
7.3 -8.07085997108e-09 0.018535255918
7.4 -8.07085997108e-09 0.0167713937538
7.5 -8.07085997108e-09 0.015175377984
7.6 -8.07085997108e-09 0.0137312514661
7.7 -8.07085997108e-09 0.0124245452967
7.8 -8.07085997108e-09 0.0112421912814
7.9 -8.07085997108e-09 0.0101723558819
8 -8.07085997108e-09 0.00920432497664
8.1 -8.07085997108e-09 0.00832841843309
8.2 -8.07085997108e-09 0.00753586263913
8.3 -8.07085997108e-09 0.00681872891845
8.4 -8.07085997108e-09 0.00616983109989
8.5 -8.07085997108e-09 0.00558267074808
8.6 -8.07085997108e-09 0.00505139922758
8.7 -8.07085997108e-09 0.00457070914539
8.8 -8.07085997108e-09 0.00413577608942
8.9 -8.07085997108e-09 0.00374222732449
9 -8.07085997108e-09 0.00338612476531
9.1 -8.07085997108e-09 0.00306392508654
9.2 -8.07085997108e-09 0.00277237311594
9.3 -8.07085997108e-09 0.0025085400233
9.4 -8.07085997108e-09 0.00226982427854
9.5 -8.07085997108e-09 0.00205382360537
9.6 -8.07085997108e-09 0.00185836743563
9.7 -8.07085997108e-09 0.00168152566189
9.8 -8.07085997108e-09 0.00152151454529
9.9 -8.07085997108e-09 0.0013767176693
10 -8.07085997108e-09 0.00124570901173
10.1 -8.07085997108e-09 0.00112716879388
10.2 -8.07085997108e-09 0.00101990019809
10.3 -8.07085997108e-09 0.000922851271395
10.4 -8.07085997108e-09 0.000835044401348
10.5 -8.07085997108e-09 0.000755578483074
10.6 -8.07085997108e-09 0.000683669226515
10.7 -8.07085997108e-09 0.000618608969606
10.8 -8.07085997108e-09 0.000559739166637
10.9 -8.07085997108e-09 0.000506462914921
11 -8.07085997108e-09 0.00045826229426
11.1 -8.07085997108e-09 0.000414653367256
11.2 -8.07085997108e-09 0.000375190258313
11.3 -8.07085997108e-09 0.00033948297719
11.4 -8.07085997108e-09 0.0003071785999
11.5 -8.07085997108e-09 0.000277948168963
11.6 -8.07085997108e-09 0.00025149343555
11.7 -8.07085997108e-09 0.000227558291232
11.8 -8.07085997108e-09 0.00020590263362
11.9 -8.07085997108e-09 0.000186297203274
12 -8.07085997108e-09 0.000168572398932
12.1 -8.07085997108e-09 0.000152531577528
12.2 -8.07085997108e-09 0.000138016546559
12.3 -8.07085997108e-09 0.000124881717091
12.4 -8.07085997108e-09 0.000113000938525
12.5 -8.07085997108e-09 0.000102252545024
12.6 -8.07085997108e-09 9.25248163234e-05
12.7 -8.07085997108e-09 8.37164514079e-05
12.8 -8.07085997108e-09 7.57389678941e-05
12.9 -8.07085997108e-09 6.85145043692e-05
13 -8.07085997108e-09 6.19752731544e-05
13.1 -8.07085997108e-09 5.60642339425e-05
13.2 -8.07085997108e-09 5.07265681956e-05
13.3 -8.07085997108e-09 4.5895653092e-05
13.4 -8.07085997108e-09 4.15237486786e-05
13.5 -8.07085997108e-09 3.75707914017e-05
13.6 -8.07085997108e-09 3.40030314989e-05
13.7 -8.07085997108e-09 3.07778700951e-05
13.8 -8.07085997108e-09 2.78577473337e-05
13.9 -8.07085997108e-09 2.52136006416e-05
14 -8.07085997108e-09 2.28206076745e-05
14.1 -8.07085997108e-09 2.06299884117e-05
14.2 -8.07085997108e-09 1.8685950045e-05
14.3 -8.07085997108e-09 1.69136662094e-05
14.4 -8.07085997108e-09 1.53046576017e-05
14.5 -8.07085997108e-09 1.38501938387e-05
14.6 -8.07085997108e-09 1.25354148196e-05
14.7 -8.07085997108e-09 1.13468947761e-05
14.8 -8.07085997108e-09 1.02732579384e-05
14.9 -8.07085997108e-09 9.30312853681e-06
15 -8.07085997108e-09 8.42513080149e-06
15.1 -8.07085997108e-09 7.63002590375e-06
15.2 -8.07085997108e-09 6.91300619446e-06
15.3 -8.07085997108e-09 6.26546390191e-06
15.4 -8.07085997108e-09 5.67857429768e-06
15.5 -8.07085997108e-09 5.1435126533e-06
15.6 -8.07085997108e-09 4.65183735031e-06
15.7 -8.07085997108e-09 4.20445979632e-06
15.8 -8.07085997108e-09 3.80010282367e-06
15.9 -8.07085997108e-09 3.43436127554e-06
16 -8.07085997108e-09 3.10282999509e-06
16.1 -8.07085997108e-09 2.8011038255e-06
16.2 -8.07085997108e-09 2.48068220982e-06
16.3 -8.07085997108e-09 2.25640622746e-06
16.4 -8.07085997108e-09 2.04748242852e-06
16.5 -8.07085997108e-09 1.85391081299e-06
16.6 -8.07085997108e-09 1.67569138087e-06
16.7 -8.07085997108e-09 1.51275429886e-06
16.8 -8.07085997108e-09 1.36353378419e-06
16.9 -8.07085997108e-09 1.22738361781e-06
17 -8.07085997108e-09 1.10430379972e-06
17.1 -8.07085997108e-09 9.94294329919e-07
17.2 -8.07085997108e-09 8.97355208413e-07
17.3 -8.07085997108e-09 8.12718800973e-07
17.4 -8.07085997108e-09 7.35731115165e-07
17.5 -8.07085997108e-09 6.65608398579e-07
17.6 -8.07085997108e-09 6.02350651216e-07
17.7 -8.07085997108e-09 5.45957873075e-07
17.8 -8.07085997108e-09 4.96430064156e-07
17.9 -8.07085997108e-09 4.52747840932e-07
18 -8.07085997108e-09 4.12397311824e-07
18.1 -8.07085997108e-09 3.75262041067e-07
18.2 -8.07085997108e-09 3.41342028662e-07
18.3 -8.07085997108e-09 3.10637274608e-07
18.4 -8.07085997108e-09 2.83147778905e-07
18.5 -8.07085997108e-09 2.58173352879e-07
18.6 -8.07085997108e-09 2.35006509333e-07
18.7 -8.07085997108e-09 2.13647243518e-07
18.8 -8.07085997108e-09 1.94095555433e-07
18.9 -8.07085997108e-09 1.76351445079e-07
19 -8.07085997108e-09 1.60394359482e-07
19.1 -8.07085997108e-09 1.45763465639e-07
19.2 -8.07085997108e-09 1.32268571737e-07
19.3 -8.07085997108e-09 1.19909677776e-07
19.4 -8.07085997108e-09 1.08686783755e-07
19.5 -8.07085997108e-09 9.8599889675e-08
19.6 -8.07085997108e-09 8.95920825439e-08
19.7 -8.07085997108e-09 8.13183117824e-08
19.8 -8.07085997108e-09 7.37204693837e-08
19.9 -8.07085997108e-09 6.6798555348e-08
20 -8.07085997108e-09 6.05525696752e-08
