"Time" "Prey" "Predator"
0 0.917438394226 0.985990651671
0.1 0.86044950478 0.975062428633
0.2 0.808458674158 0.959012938656
0.3 0.761466228759 0.938571921036
0.4 0.719344580495 0.914483828839
0.5 0.681876745202 0.887477236847
0.6 0.648793199309 0.858237553282
0.7 0.619796656164 0.827391155407
0.8 0.594581069292 0.795496419245
0.9 0.572846010167 0.763039902298
1 0.5543071349 0.730436713226
1.1 0.53869964928 0.698035255557
1.2 0.525782705636 0.666121628934
1.3 0.515340282701 0.634926122014
1.4 0.507180956632 0.604629823421
1.5 0.501137167094 0.575371135669
1.6 0.497063670918 0.547251920916
1.7 0.494835637845 0.520343490246
1.8 0.494346970868 0.494691278032
1.9 0.495508627014 0.470319858337
2 0.498246797841 0.447236574415
2.1 0.502501443675 0.425435080685
2.2 0.508224742656 0.404898510793
2.3 0.515379882543 0.385601566198
2.4 0.523939814469 0.367512934964
2.5 0.533886154189 0.350597097988
2.6 0.545208100607 0.334816144668
2.7 0.557901856691 0.32013000201
2.8 0.571969760096 0.306497500094
2.9 0.587419183052 0.293879026922
3 0.604262311847 0.282235232464
3.1 0.622515002564 0.271528809285
3.2 0.642196350131 0.261724395144
3.3 0.663327883962 0.252789267216
3.4 0.685932891267 0.244693651949
3.5 0.71003560983 0.237411038267
3.6 0.735660345585 0.23091858001
3.7 0.762830631357 0.225197281132
3.8 0.791567971686 0.220232493892
3.9 0.821890851576 0.21601408161
4 0.853813011517 0.212536993617
4.1 0.887342566712 0.209801310303
4.2 0.922479284102 0.207813103349
4.3 0.959212791574 0.206584907033
4.4 0.99752129399 0.206135900184
4.5 1.03736581411 0.206493419642
4.6 1.07869040991 0.207692888274
4.7 1.12141652589 0.209779150807
4.8 1.16543737281 0.212807804044
4.9 1.21061787484 0.216845246243
5 1.25678352622 0.221971009155
5.1 1.30371700825 0.228278546862
5.2 1.35115141384 0.235876207668
5.3 1.39876420823 0.244888462286
5.4 1.44616847485 0.255456456235
5.5 1.49290613984 0.267738957134
5.6 1.53844246341 0.281910576338
5.7 1.58215900604 0.2981616006
5.8 1.62335281641 0.316693418306
5.9 1.66123705492 0.337711998964
6 1.69494898838 0.361419026183
6.1 1.72355878661 0.38800152569
6.2 1.74610099288 0.417609202685
6.3 1.76160401293 0.450335403552
6.4 1.7691368911 0.486189695764
6.5 1.76786833217 0.525066697575
6.6 1.75713572993 0.566715079563
6.7 1.73651457312 0.610710897028
6.8 1.7058860965 0.656438486808
6.9 1.66549326566 0.703085300766
7 1.6159628317 0.749663545012
7.1 1.55830164569 0.795047094702
7.2 1.49385078639 0.838035058762
7.3 1.42420354788 0.877431775778
7.4 1.35109760435 0.912132742024
7.5 1.27629533015 0.941205479469
7.6 1.201470398 0.96395172131
7.7 1.12811027991 0.979950437178
7.8 1.05745821607 0.989057736011
7.9 0.990477494701 0.991397121498
8 0.927851494733 0.987318757857
8.1 0.870005183037 0.977349900128
8.2 0.817141856185 0.962140309149
8.3 0.769286615037 0.942410120643
8.4 0.726330382265 0.918904240507
8.5 0.688070151095 0.892355542403
8.6 0.654243994635 0.863458027486
8.7 0.624557777964 0.832849228956
8.8 0.598705879184 0.80109982884
8.9 0.576386369134 0.768708921298
9 0.55731101542 0.736104196317
9.1 0.541211504523 0.70364516902
9.2 0.527842679815 0.671628391372
9.3 0.516984175502 0.640293408454
9.4 0.508440433275 0.609829382098
9.5 0.502039693379 0.580381675527
9.6 0.497633003893 0.552058180648
9.7 0.495092070249 0.524934951461
9.8 0.494307719181 0.499061797363
9.9 0.495188009463 0.474466467726
10 0.497656644082 0.451159039138
10.1 0.501651251445 0.429135469865
10.2 0.507122033044 0.40838031012
10.3 0.514030306266 0.388869755192
10.4 0.52234739332 0.370573391878
10.5 0.532053517783 0.353456186242
10.6 0.543136681719 0.337480366079
10.7 0.555591846128 0.322606471051
10.8 0.569420306289 0.308793682283
10.9 0.584628721526 0.296001523095
11 0.601228355715 0.284190948967
11.1 0.619234598798 0.273323987144
11.2 0.638665955812 0.263365084218
11.3 0.65954363432 0.254280917632
11.4 0.68189062936 0.246041241974
11.5 0.705731111754 0.238618914223
11.6 0.731089412987 0.231990450953
11.7 0.757989288588 0.226136156686
11.8 0.786452674377 0.221040597091
11.9 0.816498695169 0.216692824007
12 0.848142036607 0.213086863515
12.1 0.881391790078 0.210221935377
12.2 0.91624960716 0.208102920692
12.3 0.952706750341 0.206741285136
12.4 0.990743696625 0.206154977493
12.5 1.03032485243 0.206369815145
12.6 1.07139706727 0.207419853119
12.7 1.11388664832 0.209348084383
12.8 1.15769149484 0.212208280201
12.9 1.20268189552 0.216064863525
13 1.24869090783 0.22099493602
13.1 1.29550885713 0.227089491512
13.2 1.34287815123 0.234454186723
13.3 1.390486237 0.243210626081
13.4 1.43795818937 0.253497038446
13.5 1.48484857522 0.265469050712
13.6 1.53063647303 0.279298822381
13.7 1.57471851554 0.295173693543
13.8 1.61640592391 0.313294085239
13.9 1.65492661366 0.333865285382
14 1.68943032314 0.357090549301
14.1 1.71899701167 0.383160882886
14.2 1.74266564276 0.412233759202
14.3 1.75946282472 0.444414077604
14.4 1.76844587101 0.479728469036
14.5 1.768762109 0.51809348066
14.6 1.7597144934 0.559285396502
14.7 1.74083154412 0.602912183185
14.8 1.71193736404 0.648391739648
14.9 1.67320880807 0.694945811791
15 1.62520562587 0.741614331583
15.1 1.56887038166 0.787291691089
15.2 1.50549118519 0.830784341915
15.3 1.4366246782 0.870889583334
15.4 1.36399200005 0.906480846454
15.5 1.28935980883 0.936590605117
15.6 1.21442446001 0.9604765498
15.7 1.14071174466 0.977667433987
15.8 1.06951030173 0.987972182153
15.9 1.00183324736 0.991469634299
16 0.938411521271 0.98847413487
16.1 0.879712756748 0.9794859528
16.2 0.825975758452 0.965137478901
16.3 0.777253416017 0.946140069573
16.4 0.733456928062 0.923237419154
16.5 0.694396944652 0.897166461964
16.6 0.659819766609 0.8686294871
16.7 0.629434992325 0.838275034388
16.8 0.602937784447 0.806685825337
16.9 0.580024783003 0.774373444328
17 0.560404902954 0.74177779078
17.1 0.543805935516 0.709270030723
17.2 0.529978523393 0.677157251942
17.3 0.518697988079 0.645688415154
17.4 0.509764507491 0.61506096738
17.5 0.503002279127 0.585427448749
17.6 0.498258421641 0.556901827095
17.7 0.495401253995 0.529565292648
17.8 0.494318365258 0.503471909901
17.9 0.494914943997 0.478652879081
18 0.497112093683 0.455121177032
18.1 0.500845126773 0.432874916355
18.2 0.506062162348 0.411900440883
18.3 0.51272266119 0.392175274253
18.4 0.520796303119 0.373669951132
18.5 0.530261822895 0.356350168241
18.6 0.541105956974 0.340178469829
18.7 0.553322491263 0.325115683118
18.8 0.566911668786 0.311121197572
18.9 0.581879321135 0.298154201305
19 0.598235897628 0.286175584346
19.1 0.615996173201 0.275147008906
19.2 0.635178127624 0.265032541449
19.3 0.655802568195 0.255798400178
19.4 0.677892223017 0.247413797098
19.5 0.701471125302 0.23985101608
19.6 0.72656363928 0.233085916624
19.7 0.753193695102 0.227098123271
19.8 0.781383626309 0.221871428052
19.9 0.811153140452 0.217394085983
20 0.842517816987 0.21365921786
