"Time" "Prey" "Predator"
0 0 3.92309083518
0.1 0 3.54976302314
0.2 0 3.21195913202
0.3 0 2.90630165146
0.4 0 2.62972957194
0.5 0 2.37947663543
0.6 0 2.15303919058
0.7 0 1.94815012929
0.8 0 1.76275738531
0.9 0 1.59500678865
1 0 1.44322527713
1.1 0 1.30588844093
1.2 0 1.18161459899
1.3 0 1.0691691534
1.4 0 0.967424879405
1.5 0 0.875362298378
1.6 0 0.792060513001
1.7 0 0.716686041724
1.8 0 0.648484448895
1.9 0 0.586773045463
2 0 0.530934335095
2.1 0 0.480409430541
2.2 0 0.434692567258
2.3 0 0.393326169431
2.4 0 0.35589637152
2.5 0 0.322028398728
2.6 0 0.291383455813
2.7 0 0.263654706996
2.8 0 0.238564705916
2.9 0 0.215862342987
3 0 0.195320358223
3.1 0 0.176733257616
3.2 0 0.159914851107
3.3 0 0.144696691914
3.4 0 0.130926823456
3.5 0 0.118467448038
3.6 0 0.107193769855
3.7 0 0.096992975748
3.8 0 0.0877628864649
3.9 0 0.0794111329186
4 0 0.0718541263562
4.1 0 0.0650163099512
4.2 0 0.0588292009063
4.3 0 0.0532308662526
4.4 0 0.0481652657566
4.5 0 0.0435817253324
4.6 0 0.0394343382649
4.7 0 0.0356816387265
4.8 0 0.032286087943
4.9 0 0.0292136604185
5 0 0.0264336209706
5.1 0 0.0239181213537
5.2 0 0.0216420021662
5.3 0 0.0195824912358
5.4 0 0.0177189601805
5.5 0 0.016032781484
5.6 0 0.0145070616826
5.7 0 0.0131265325056
5.8 0 0.0118773769275
5.9 0 0.0107470868064
6 0 0.00972436535362
6.1 0 0.00879896871853
6.2 0 0.00796163524329
6.3 0 0.00720397902243
6.4 0 0.00651840979787
6.5 0 0.00589809112867
6.6 0 0.00533682685748
6.7 0 0.00482898771389
6.8 0 0.00436947003563
6.9 0 0.00395367791964
7 0 0.00357747008569
7.1 0 0.00323704534505
7.2 0 0.00292899444889
7.3 0 0.00265026986881
7.4 0 0.00239806327181
7.5 0 0.00216985042162
7.6 0 0.00196336959839
7.7 0 0.00177653438293
7.8 0 0.00160747059746
7.9 0 0.00145450529488
8 0 0.00131609294441
8.1 0 0.0011908493175
8.2 0 0.00107753931964
8.3 0 0.000975014826402
8.4 0 0.000882223995019
8.5 0 0.000798263902709
8.6 0 0.000722299335381
8.7 0 0.000653558151021
8.8 0 0.000591352513797
8.9 0 0.000535074518113
9 0 0.000484155976004
9.1 0 0.000438076580676
9.2 0 0.000396386295677
9.3 0 0.000358668377076
9.4 0 0.00032453635979
9.5 0 0.000293647403751
9.6 0 0.000265700944473
9.7 0 0.000240415144659
9.8 0 0.000217525832668
9.9 0 0.0001968283099
10 0 0.000178098631082
10.1 0 0.000161149818782
10.2 0 0.000145814666029
10.3 0 0.000131943591369
10.4 0 0.000119393510133
10.5 0 0.000108033706006
10.6 0 9.77463483975e-05
10.7 0 8.84294007609e-05
10.8 0 7.99924984906e-05
10.9 0 7.23577933799e-05
11 0 6.5460324114e-05
11.1 0 5.92281994526e-05
11.2 0 5.35870011826e-05
11.3 0 4.848262816e-05
11.4 0 4.38692436832e-05
11.5 0 3.97061166411e-05
11.6 0 3.59398644061e-05
11.7 0 3.25296208367e-05
11.8 0 2.94418803452e-05
11.9 0 2.65852191557e-05
12 0 2.40965231937e-05
12.1 0 2.18212241934e-05
12.2 0 1.97491592165e-05
12.3 0 1.78701653244e-05
12.4 0 1.61727435306e-05
12.5 0 1.46377936422e-05
12.6 0 1.32506116262e-05
12.7 0 1.19975594916e-05
12.8 0 1.08649992474e-05
12.9 0 9.83929362164e-06
13 0 8.91164462323e-06
13.1 0 8.0750735327e-06
13.2 0 7.31899837082e-06
13.3 0 6.63283715839e-06
13.4 0 6.00600791618e-06
13.5 0 5.429966272e-06
13.6 0 4.90776045528e-06
13.7 0 4.43573411094e-06
13.8 0 4.00860506308e-06
13.9 0 3.62109113577e-06
14 0 3.1836910129e-06
14.1 0 2.90124791911e-06
14.2 0 2.63721402754e-06
14.3 0 2.39158933816e-06
14.4 0 2.164373851e-06
14.5 0 1.95556756604e-06
14.6 0 1.76481025305e-06
14.7 0 1.59004972525e-06
14.8 0 1.43096152709e-06
14.9 0 1.28754565859e-06
15 0 1.15980211974e-06
15.1 0 1.04773091054e-06
15.2 0 9.49165679476e-07
15.3 0 8.59040674128e-07
15.4 0 7.77147044898e-07
15.5 0 7.03484791786e-07
15.6 0 6.38053914793e-07
15.7 0 5.8085404006e-07
15.8 0 5.2964063546e-07
15.9 0 4.82282452065e-07
16 0 4.38779489877e-07
16.1 0 3.99131748894e-07
16.2 0 3.63339229117e-07
16.3 0 3.31343526177e-07
16.4 0 3.01973515774e-07
16.5 0 2.74770898846e-07
16.6 0 2.49735675393e-07
16.7 0 2.26867845414e-07
16.8 0 2.0616740891e-07
16.9 0 1.87528377119e-07
17 0 1.70346945269e-07
17.1 0 1.54527650411e-07
17.2 0 1.40070492547e-07
17.3 0 1.26975471676e-07
17.4 0 1.15242587798e-07
17.5 0 1.04711231205e-07
17.6 0 9.50058354182e-08
17.7 0 8.61109166736e-08
17.8 0 7.80264749716e-08
17.9 0 7.07525103122e-08
18 0 6.4288992224e-08
18.1 0 5.84529798023e-08
18.2 0 5.30707653052e-08
18.3 0 4.81423487328e-08
18.4 0 4.3667730085e-08
18.5 0 3.96469093619e-08
18.6 0 3.53654015717e-08
18.7 0 2.94242246745e-08
18.8 0 2.37594746011e-08
18.9 0 1.83711513516e-08
19 0 1.3259254926e-08
19.1 0 8.42378532429e-09
19.2 0 3.86474254648e-09
19.3 0 -4.17873407451e-10
19.4 0 -4.42406253749e-09
19.5 0 -8.15382484363e-09
19.6 0 -1.16071603259e-08
19.7 0 -1.47840689843e-08
19.8 0 -1.76845508187e-08
19.9 0 -2.03086058293e-08
20 0 -2.2656234016e-08
