"Time" "Prey" "Predator"
0 10.6563522052 1.09192126622
0.1 8.97000782633 2.67560047031
0.2 5.73269985914 5.0892945668
0.3 2.70781236052 6.95132750937
0.4 1.08919365883 7.5216942152
0.5 0.430993467868 7.30543284964
0.6 0.179601177114 6.80174136037
0.7 0.0805145783449 6.23046909623
0.8 0.0389419580548 5.66972020873
0.9 0.0202513969007 5.14477598475
1 0.0112634530179 4.66228532997
1.1 0.00666171947874 4.22229034444
1.2 0.00416691876195 3.8225091642
1.3 0.00274219526545 3.45992247574
1.4 0.0018897904018 3.13138141595
1.5 0.00135771639337 2.83384552517
1.6 0.00101299564178 2.56447035637
1.7 0.00078212719233 2.32063524912
1.8 0.000622913358746 2.09994406484
1.9 0.000510138652546 1.90021504763
2 0.000428502658529 1.71946602177
2.1 0.000368273027288 1.55589896606
2.2 0.000323142738301 1.40788414266
2.3 0.000288955034855 1.27394523015
2.4 0.000262835818045 1.15274519309
2.5 0.000242760598008 1.04307351536
2.6 0.000227338648684 0.943834202646
2.7 0.000215598807613 0.854035538124
2.8 0.000206802952863 0.772779757601
2.9 0.000200416571129 0.699254336522
3 0.000196048365328 0.63272414895
3.1 0.000193399054594 0.572523713517
3.2 0.000192247981853 0.518050942153
3.3 0.000192430600134 0.468761155154
3.4 0.000193817861196 0.424160794248
3.5 0.000196311203321 0.383803509536
3.6 0.000199864273537 0.347286404487
3.7 0.000204427972092 0.314243955305
3.8 0.000209976909201 0.284345585846
3.9 0.000216498373095 0.257292077928
4 0.000223990103991 0.232812649334
4.1 0.000232462113754 0.210662343725
4.2 0.000241933583631 0.190619641741
4.3 0.000252432237984 0.17248406242
4.4 0.000263993261696 0.156074078426
4.5 0.000276659283472 0.141225473728
4.6 0.000290479748841 0.127789691809
4.7 0.000305510949974 0.115632285271
4.8 0.000321815880139 0.104631584367
4.9 0.000339464699767 0.0946776956177
5 0.000358533940932 0.08567090711
5.1 0.000379107408855 0.077521105281
5.2 0.000401276202416 0.0701467396517
5.3 0.00042513892758 0.0634739828203
5.4 0.00045080224221 0.0574361493725
5.5 0.000478381047545 0.0519727671669
5.6 0.000507999084209 0.0470292095825
5.7 0.000539789365477 0.0425560267579
5.8 0.000573894700222 0.0385084241597
5.9 0.00061046833986 0.0348459316787
6 0.00064967461704 0.0315318740645
6.1 0.000691689643849 0.0285331213212
6.2 0.000736702080452 0.0258196789173
6.3 0.000784913949987 0.023364379386
6.4 0.000836541508926 0.0211426828413
6.5 0.000891816237993 0.0191323404401
6.6 0.00095098580397 0.0173132500136
6.7 0.00101431519803 0.0156672137416
6.8 0.00108208790111 0.0141777576396
6.9 0.00115460708968 0.0128300003654
7 0.00123219708318 0.0116104483635
7.1 0.00131520464346 0.0105069051216
7.2 0.00140400068179 0.00950832402008
7.3 0.00149898179338 0.00860471291199
7.4 0.00160057182357 0.00778706732607
7.5 0.00170922439804 0.00704721355047
7.6 0.00182542428912 0.00637773932535
7.7 0.00194968914116 0.00577192209861
7.8 0.0020825736174 0.00522373125184
7.9 0.0022246700481 0.00472768109502
8 0.00237661083121 0.00427876642421
8.1 0.00253907393103 0.00387254290534
8.2 0.00271278288745 0.00350495108882
8.3 0.00289851047867 0.00317229239879
8.4 0.00309708508137 0.00287127494212
8.5 0.00330939034298 0.00259887950213
8.6 0.00353637055934 0.00235236327325
8.7 0.00377903769243 0.00212929057774
8.8 0.00403847089073 0.00192742008156
8.9 0.00431582479207 0.00174473117129
9 0.0046123364198 0.00157942586658
9.1 0.00492932341266 0.00142983510587
9.2 0.00526819174601 0.00129442515806
9.3 0.0056304536678 0.00117187555603
9.4 0.00601772213106 0.00106097549004
9.5 0.00643171593622 0.00096060289168
9.6 0.00687427526202 0.000869750061247
9.7 0.0073473753686 0.000787535358368
9.8 0.00785311822416 0.000713133428979
9.9 0.00839374676715 0.000645786376709
10 0.00897167250711 0.0005848359047
10.1 0.00958946784141 0.000529677638596
10.2 0.0102498739305 0.000479749718717
10.3 0.0109558251802 0.000434548175059
10.4 0.0117104718913 0.000393637546618
10.5 0.012517166265 0.000356608180325
10.6 0.0133794851355 0.000323084735778
10.7 0.0143012741284 0.000292739863298
10.8 0.0152866358775 0.000265273996196
10.9 0.0163399420679 0.000240409526826
11 0.0174658720056 0.000217896698359
11.1 0.0186694496867 0.000197517927273
11.2 0.0199560211074 0.000179068741459
11.3 0.0213312902353 0.000162361081683
11.4 0.0228013894377 0.000147232765947
11.5 0.0243728616002 0.000133535578861
11.6 0.0260526784818 0.000121132116051
11.7 0.0278483016169 0.000109898630085
11.8 0.0297677430702 9.97268215419e-05
11.9 0.0318195283884 9.05153274202e-05
12 0.0340127566123 8.21710890362e-05
12.1 0.0363572422499 7.46152935848e-05
12.2 0.0388634342077 6.77744319374e-05
12.3 0.041542447651 6.15788825617e-05
12.4 0.0444061169643 5.59629016337e-05
12.5 0.0474671052728 5.08669680105e-05
12.6 0.0507391948479 4.62488715304e-05
12.7 0.0542369493454 4.20644376441e-05
12.8 0.057975868217 3.82720421722e-05
12.9 0.0619724504329 3.48327425015e-05
13 0.0662444661915 3.17131160938e-05
13.1 0.0708111245767 2.88864334412e-05
13.2 0.0756927140832 2.63253931211e-05
13.3 0.0809108477413 2.40045347731e-05
13.4 0.0864885362777 2.18998117049e-05
13.5 0.0924507502428 1.99918766824e-05
13.6 0.0988241791975 1.82632470092e-05
13.7 0.105637109977 1.66963773116e-05
13.8 0.11291966789 1.52744989214e-05
13.9 0.120703975508 1.39817688875e-05
14 0.129024885897 1.28073240678e-05
14.1 0.137919495611 1.17410399258e-05
14.2 0.147427321682 1.07738032049e-05
14.3 0.157590591174 9.89746799043e-06
14.4 0.168454667135 9.10297175771e-06
14.5 0.180067831692 8.38240910474e-06
14.6 0.192481534311 7.72824174689e-06
14.7 0.205750874645 7.13380582324e-06
14.8 0.219935164151 6.59417621215e-06
14.9 0.235097404423 6.1042191582e-06
15 0.251304753613 5.65920813123e-06
15.1 0.268629331472 5.25508917483e-06
15.2 0.287148468284 4.88843502625e-06
15.3 0.306944388169 4.55609868559e-06
15.4 0.328104767246 4.25530783533e-06
15.5 0.35072396185 3.9833661304e-06
15.6 0.374902780455 3.73774328002e-06
15.7 0.400748513088 3.51609638568e-06
15.8 0.428375608017 3.31620166047e-06
15.9 0.457907227294 3.13645452193e-06
16 0.489474821484 2.97546257793e-06
16.1 0.523218599503 2.83202926809e-06
16.2 0.559288775397 2.70500595684e-06
16.3 0.597845803392 2.59337043187e-06
16.4 0.639060756921 2.49626110652e-06
16.5 0.683116967316 2.41303606915e-06
16.6 0.73021060964 2.3432549244e-06
16.7 0.780550733531 2.28659146904e-06
16.8 0.834361059833 2.24292735051e-06
16.9 0.891881328511 2.21239695842e-06
17 0.953366971847 2.19530395052e-06
17.1 1.01909104853 2.19222234121e-06
17.2 1.08934645617 2.20413140679e-06
17.3 1.16444528169 2.2322815652e-06
17.4 1.2447208552 2.27835795685e-06
17.5 1.33053092856 2.34489242349e-06
17.6 1.42225686001 2.43495033979e-06
17.7 1.52030567057 2.5524055069e-06
17.8 1.62511418143 2.70308067632e-06
17.9 1.73714841776 2.89409712107e-06
18 1.85690547304 3.13425764038e-06
18.1 1.98491857984 3.43732207723e-06
18.2 2.12175724135 3.82084633017e-06
18.3 2.2680286478 4.30629283562e-06
18.4 2.42438356854 4.92883741706e-06
18.5 2.5915179512 5.73698852349e-06
18.6 2.77017354166 6.78969077818e-06
18.7 2.96114435334 8.18682730775e-06
18.8 3.16528074006 1.00848629797e-05
18.9 3.38348872266 1.26727307498e-05
19 3.61673690102 1.62749147887e-05
19.1 3.86606355479 2.14976612484e-05
19.2 4.13257473832 2.90707080198e-05
19.3 4.41745068101 4.01155036275e-05
19.4 4.72195579636 5.73749199599e-05
19.5 5.04743628273 8.45821763628e-05
19.6 5.3953267211 0.00012898970756
19.7 5.7671504609 0.000203929666423
19.8 6.16451622991 0.000335213794286
19.9 6.58910338131 0.000574298978975
20 7.04262069018 0.00102794511845
