"Time" "Prey" "Predator"
0 15.674095504 0.985990651671
0.1 12.5897133982 3.8109287866
0.2 5.82332272285 8.72143211574
0.3 1.60109889328 11.0374791992
0.4 0.391327449564 10.8809893579
0.5 0.103306107532 10.0588344182
0.6 0.0306791658877 9.15568347999
0.7 0.0102501566965 8.29971353548
0.8 0.00382094742384 7.51474385483
0.9 0.00157399228307 6.80133077144
1 0.000709840495877 6.1547616827
1.1 0.000347436108522 5.56933940323
1.2 0.00018316742325 5.03947523941
1.3 0.000103202029062 4.55996891272
1.4 6.18870793985e-05 4.12606343901
1.5 3.91838120127e-05 3.73343489183
1.6 2.60628683546e-05 3.37816206147
1.7 1.81502382795e-05 3.0566937955
1.8 1.31634488466e-05 2.76581488095
1.9 9.90426005887e-06 2.50261534333
2 7.70771615976e-06 2.26446139422
2.1 6.1915994129e-06 2.04897077734
2.2 5.13060054436e-06 1.85398796884
2.3 4.33062013188e-06 1.67755867569
2.4 3.73813217297e-06 1.51791849866
2.5 3.29629332687e-06 1.37347002815
2.6 2.9615856998e-06 1.24276764007
2.7 2.70324169676e-06 1.12450306122
2.8 2.50525477426e-06 1.01749280785
2.9 2.35403088984e-06 0.920666066384
3 2.23819429787e-06 0.833053078696
3.1 2.15048473734e-06 0.753777218242
3.2 2.0883059017e-06 0.682045867496
3.3 2.04615884085e-06 0.617140655696
3.4 2.02242078507e-06 0.558412128212
3.5 2.01391417026e-06 0.505272305321
3.6 2.01903645049e-06 0.457189317792
3.7 2.0365779569e-06 0.413682063463
3.8 2.06565286912e-06 0.374315089911
3.9 2.1056353499e-06 0.338694371878
4 2.1561085069e-06 0.306463376971
4.1 2.21683674226e-06 0.277299530048
4.2 2.28769792365e-06 0.250910829274
4.3 2.36876556425e-06 0.227033478048
4.4 2.46015974538e-06 0.205428398627
4.5 2.56209171933e-06 0.185879287508
4.6 2.67488324701e-06 0.168190616805
4.7 2.79891094682e-06 0.152185154929
4.8 2.93464580876e-06 0.137702855334
4.9 3.08262257223e-06 0.124598702138
5 3.24344849868e-06 0.112741540547
5.1 3.41780612702e-06 0.102012821212
5.2 3.60644218045e-06 0.0923050336509
5.3 3.81018016527e-06 0.0835210871759
5.4 4.02991667841e-06 0.0755730227953
5.5 4.26662596462e-06 0.0683812927296
5.6 4.521363517e-06 0.0618739855961
5.7 4.79526753873e-06 0.055985898863
5.8 5.08956585541e-06 0.0506581616749
5.9 5.40557908108e-06 0.0458374231113
6 5.74472646282e-06 0.0414754263479
6.1 6.10853195536e-06 0.0375285448562
6.2 6.49863036963e-06 0.0339572357055
6.3 6.91677449946e-06 0.030725796016
6.4 7.36484259428e-06 0.027801867179
6.5 7.84484639888e-06 0.0251561804662
6.6 8.3589399694e-06 0.0227622764014
6.7 8.90942934586e-06 0.020596169699
6.8 9.49878215357e-06 0.0186362018638
6.9 1.01296390993e-05 0.0168627462655
7 1.08048251827e-05 0.0152580526922
7.1 1.15273621669e-05 0.0138060749689
7.2 1.23004825268e-05 0.012492264126
7.3 1.31276426683e-05 0.0113034805484
7.4 1.4012539905e-05 0.010227826651
7.5 1.49591270173e-05 0.00925452967577
7.6 1.59716312757e-05 0.00837385290481
7.7 1.70545735625e-05 0.00757696543721
7.8 1.8212785012e-05 0.00685591699898
7.9 1.9451432586e-05 0.0062035142733
8 2.07760443049e-05 0.00561321052243
8.1 2.21925203038e-05 0.00507907820851
8.2 2.37071736874e-05 0.00459576827667
8.3 2.53267622198e-05 0.00415846812986
8.4 2.70584925379e-05 0.0037627646412
8.5 2.89100793725e-05 0.00340469538673
8.6 3.08897790682e-05 0.00308071236053
8.7 3.30063955029e-05 0.00278755189045
8.8 3.5269356123e-05 0.00252228553296
8.9 3.768874521e-05 0.00228227676683
9 4.02753167683e-05 0.00206509928959
9.1 4.30405900739e-05 0.00186858513184
9.2 4.59968815307e-05 0.00169078052808
9.3 4.91573275759e-05 0.00152988805239
9.4 5.25360152591e-05 0.00138431244766
9.5 5.61479922746e-05 0.00125260630203
9.6 6.00092944484e-05 0.00113342925617
9.7 6.41370660659e-05 0.00102556615291
9.8 6.85497401616e-05 0.000927973161789
9.9 7.32669331256e-05 0.00083967174193
10 7.83095663484e-05 0.000759761884918
10.1 8.37001146952e-05 0.000687454943725
10.2 8.94625923587e-05 0.000622037827978
10.3 9.56225798965e-05 0.000562847773069
10.4 0.000102207425182 0.000509283376189
10.5 0.000109246521328 0.000460823470763
10.6 0.000116771151927 0.000416979535709
10.7 0.000124814680677 0.000377300493221
10.8 0.000133412950073 0.000341394648341
10.9 0.000142604257259 0.000308908910206
11 0.000152429396118 0.000279514649492
11.1 0.000162932193915 0.000252908766792
11.2 0.000174158903721 0.000228847320848
11.3 0.000186159993238 0.000207074358052
11.4 0.000198988541883 0.000187370852528
11.5 0.000212702198162 0.000169545609421
11.6 0.000227362324556 0.000153421366477
11.7 0.000243033783065 0.000138831308405
11.8 0.00025978519807 0.000125623339278
11.9 0.000277690743968 0.000113661445485
12 0.000296833101319 0.000102827949615
12.1 0.000317297003638 9.30185902862e-05
12.2 0.000339171591136 8.41443167256e-05
12.3 0.000362550914118 7.61302262174e-05
12.4 0.000387542858074 6.88841220373e-05
12.5 0.000414260988966 6.23252415659e-05
12.6 0.000442822492983 5.63915143106e-05
12.7 0.000473350690658 5.10307049583e-05
12.8 0.000505979769601 4.61920669626e-05
12.9 0.000540862638233 4.18124920805e-05
13 0.000578153807577 3.78466992098e-05
13.1 0.000618015629664 3.42562326314e-05
13.2 0.000660466804686 3.09477534081e-05
13.3 0.000706109447377 2.80460221877e-05
13.4 0.000754837601531 2.53953959891e-05
13.5 0.000806895592893 2.2983780342e-05
13.6 0.00086252774721 2.07990807762e-05
13.7 0.000922001182633 1.88257653384e-05
13.8 0.000985631333499 1.70410151737e-05
13.9 0.0010536934842 1.5428066721e-05
14 0.00112646057051 1.39705106307e-05
14.1 0.00120420552822 1.26519375529e-05
14.2 0.0012872371481 1.14572375042e-05
14.3 0.00137607455194 1.03789227851e-05
14.4 0.0014711199678 9.4052695285e-06
14.5 0.00157274600716 8.52348057991e-06
14.6 0.00168132528154 7.72075878466e-06
14.7 0.00179724596138 6.98491187442e-06
14.8 0.00192121945351 6.31631406133e-06
14.9 0.00205387459809 5.71212960743e-06
15 0.00219574099953 5.16566478132e-06
15.1 0.00234734826225 4.67022585157e-06
15.2 0.00250922624757 4.21912263998e-06
15.3 0.00268219609135 3.8096938214e-06
15.4 0.00286720197088 3.44097995551e-06
15.5 0.00306500369458 3.10947144767e-06
15.6 0.00327636107086 2.81165870324e-06
15.7 0.0035022730359 2.54413437629e-06
15.8 0.00374391710766 2.30356748072e-06
15.9 0.00400227263459 2.08654229508e-06
16 0.00427831864909 1.88964296277e-06
16.1 0.00457331796849 1.71074686026e-06
16.2 0.00488885838695 1.54921231212e-06
16.3 0.00522622872482 1.40303519274e-06
16.4 0.00558671419707 1.27019494664e-06
16.5 0.00597186881367 1.14928749331e-06
16.6 0.00638372391562 1.04000349982e-06
16.7 0.00682399086433 9.41299767509e-07
16.8 0.00729446997542 8.52138338661e-07
16.9 0.00779755403903 7.71657188625e-07
17 0.00833540432657 6.98925544146e-07
17.1 0.00891014001868 6.33006176894e-07
17.2 0.00952458955979 5.73352080154e-07
17.3 0.0101815754592 5.19412981823e-07
17.4 0.0108837085624 4.70522156998e-07
17.5 0.0116341528858 4.26193333735e-07
17.6 0.0124366251386 3.86120537133e-07
17.7 0.0132943809477 3.49847380059e-07
17.8 0.0142109363348 3.16959293378e-07
17.9 0.0151908447972 2.87209669381e-07
18 0.0162382523639 2.60285932311e-07
18.1 0.0173578596791 2.35916942379e-07
18.2 0.0185548488515 2.13871840054e-07
18.3 0.0198341324312 1.93895844311e-07
18.4 0.0212018021676 1.75815075052e-07
18.5 0.0226638126575 1.59446242625e-07
18.6 0.0242266071532 1.44621254395e-07
18.7 0.0258970133281 1.31188232554e-07
18.8 0.0276825978916 1.19026374572e-07
18.9 0.029590949221 1.07998780586e-07
19 0.0316307826405 9.80026692126e-08
19.1 0.0338112513898 8.89533849566e-08
19.2 0.0361421067259 8.07646014848e-08
19.3 0.0386336721741 7.33441476775e-08
19.4 0.0412970464462 6.66269016627e-08
19.5 0.0441441049617 6.05494485818e-08
19.6 0.0471875577389 5.50424339132e-08
19.7 0.0504407937089 5.00511278658e-08
19.8 0.0539181917422 4.55264537035e-08
19.9 0.0576354529897 4.14234178895e-08
20 0.0616089720966 3.7703965139e-08
