"Time" "Prey" "Predator"
0 1.61223440973e-05 1.52468756955
0.1 1.42027362542e-05 1.37959754454
0.2 1.27441495486e-05 1.24831409796
0.3 1.16273402361e-05 1.12952315036
0.4 1.07692262525e-05 1.02203573698
0.5 1.01112862481e-05 0.924776343399
0.6 9.61161391524e-06 0.836772938891
0.7 9.23924711525e-06 0.757144039687
0.8 8.97148893795e-06 0.6850926491
0.9 8.79138630413e-06 0.619896778522
1 8.68664580542e-06 0.560905901938
1.1 8.64851181216e-06 0.507531352585
1.2 8.66881413279e-06 0.459235338193
1.3 8.74151133122e-06 0.415532583628
1.4 8.86426404863e-06 0.375989748234
1.5 9.03405424398e-06 0.340210257541
1.6 9.24885780391e-06 0.307835330633
1.7 9.50775335339e-06 0.278541157676
1.8 9.81029669874e-06 0.252034696513
1.9 1.01565702324e-05 0.228050730209
2 1.05471100109e-05 0.206349069538
2.1 1.09828675754e-05 0.186712582488
2.2 1.1465164577e-05 0.168944838145
2.3 1.19956515391e-05 0.15286787791
2.4 1.25763100586e-05 0.138320827466
2.5 1.32094331487e-05 0.125158066528
2.6 1.38976206289e-05 0.113247914182
2.7 1.46437730737e-05 0.102471128406
2.8 1.54510996277e-05 0.0927199100164
2.9 1.63231172449e-05 0.0838966029293
3 1.72636660116e-05 0.07591295977
3.1 1.82769137846e-05 0.0686890267686
3.2 1.93673761369e-05 0.0621525581744
3.3 2.05399263945e-05 0.0562380873397
3.4 2.17998205345e-05 0.0508864813428
3.5 2.31527104083e-05 0.0460441246393
3.6 2.46046691548e-05 0.0416624483583
3.7 2.61622224947e-05 0.0376976465838
3.8 2.78323757457e-05 0.0341102872906
3.9 2.96226301404e-05 0.03086432924
4 3.15410271001e-05 0.027927290596
4.1 3.35961805503e-05 0.0252697830364
4.2 3.57973124201e-05 0.0228651468326
4.3 3.81542946667e-05 0.0206893236409
4.4 4.06776945975e-05 0.0187205214902
4.5 4.33788189112e-05 0.0169390827784
4.6 4.62697642445e-05 0.0153271954827
4.7 4.93634697095e-05 0.0138687009797
4.8 5.26737732167e-05 0.0125489894516
4.9 5.62154781997e-05 0.0113548521729
5 6.00044123489e-05 0.0102743481946
5.1 6.40575054379e-05 0.00929664924169
5.2 6.83928583487e-05 0.00841197296922
5.3 7.30298175419e-05 0.00761151792495
5.4 7.79890887831e-05 0.00688726203674
5.5 8.32927925573e-05 0.00623193628262
5.6 8.89645584301e-05 0.00563895551181
5.7 9.5029705779e-05 0.00510241571718
5.8 0.00010151525754 0.00461693134391
5.9 0.000108450088272 0.00417761176909
6 0.000115865141741 0.00378010698719
6.1 0.000123793423493 0.00342042791106
6.2 0.00013227022803 0.00309496556803
6.3 0.000141333352552 0.00280048983118
6.4 0.000151023105038 0.0025340305148
6.5 0.000161382629682 0.00229291955892
6.6 0.000172458081339 0.00207476140617
6.7 0.000184298694247 0.00187735501042
6.8 0.000196957254775 0.00169874275736
6.9 0.000210490141538 0.00153714626945
7 0.000224957442617 0.00139092084543
7.1 0.000240423407822 0.00125857674701
7.2 0.000256957108845 0.00113883303911
7.3 0.000274632049381 0.00103048847235
7.4 0.000293526626886 0.000932438500534
7.5 0.000313725069853 0.000843716486578
7.6 0.000335317360554 0.000763447434428
7.7 0.000358399354679 0.000690818446017
7.8 0.000383073542284 0.000625092424872
7.9 0.000409450068002 0.000565629684783
8 0.000437646156297 0.000511830465006
8.1 0.000467786831768 0.000463141007444
8.2 0.00050000642221 0.000419081223828
8.3 0.000534448430477 0.0003792176726
8.4 0.00057126572124 0.000343147023643
8.5 0.000610622523506 0.000310497717816
8.6 0.000652692223163 0.000280970042936
8.7 0.000697663880078 0.000254250375453
8.8 0.000745736422469 0.000230070039636
8.9 0.000797125927719 0.000208194520622
9 0.000852062295589 0.000188406034919
9.1 0.000910788560445 0.000170499927079
9.2 0.000973561842742 0.000154289654642
9.3 0.00104066030327 0.000139608452916
9.4 0.00111239371341 0.000126311865401
9.5 0.00118907949005 0.000114272006764
9.6 0.00127105161012 0.000103379696904
9.7 0.00135866256967 9.35429795668e-05
9.8 0.00145231703835 8.46482632906e-05
9.9 0.00155244025163 7.65968172431e-05
10 0.00165947127616 6.93125473821e-05
10.1 0.00177387214698 6.27314461536e-05
10.2 0.00189614620007 5.67909818157e-05
10.3 0.00202686631864 5.14137497395e-05
10.4 0.00216661128729 4.65443100084e-05
10.5 0.00231598939446 4.21355265532e-05
10.6 0.0024756424907 3.81472266846e-05
10.7 0.00264630824441 3.45348083117e-05
10.8 0.00282876193633 3.12598915403e-05
10.9 0.00302380368365 2.82926566332e-05
11 0.00323227544802 2.56087315716e-05
11.1 0.00345509425201 2.31841906759e-05
11.2 0.00369330402538 2.09877481762e-05
11.3 0.00394795941799 1.89982523738e-05
11.4 0.00422016876857 1.71982158841e-05
11.5 0.00451110136287 1.55730882504e-05
11.6 0.00482210106318 1.41034622386e-05
11.7 0.00515458130575 1.27722758336e-05
11.8 0.00551000024078 1.15665173547e-05
11.9 0.00588989230664 1.04750598198e-05
12 0.00629592728121 9.48749732959e-06
12.1 0.00673000792303 8.59222103168e-06
12.2 0.00719405670895 7.78062149097e-06
12.3 0.00769009364141 7.04555548495e-06
12.4 0.00822024926611 6.38112940575e-06
12.5 0.00878697071434 5.77973122257e-06
12.6 0.00939283517226 5.23471745467e-06
12.7 0.0100405000988 4.74113028367e-06
12.8 0.0107327620503 4.29485018217e-06
12.9 0.01147266155 3.89184285958e-06
13 0.0122636665129 3.52684210337e-06
13.1 0.0131092812964 3.19615715044e-06
13.2 0.0140131873708 2.8966625418e-06
13.3 0.0149792667264 2.62569381002e-06
13.4 0.0160119754972 2.38024142801e-06
13.5 0.0171160128559 2.15766513004e-06
13.6 0.0182962219894 1.95590754698e-06
13.7 0.0195576997092 1.77325773311e-06
13.8 0.0209059826231 1.60808489368e-06
13.9 0.0223473911371 1.4583463747e-06
14 0.0238883131602 1.32261214659e-06
14.1 0.0255354582081 1.1997013724e-06
14.2 0.0272958951856 1.08863865611e-06
14.3 0.0291776203251 9.88187149187e-07
14.4 0.0311891632888 8.97172367897e-07
14.5 0.0333393928578 8.14641933444e-07
14.6 0.0356377821127 7.39751482428e-07
14.7 0.0380947791395 6.71800919981e-07
14.8 0.040721258722 6.10180798071e-07
14.9 0.0435286696009 5.54386122511e-07
15 0.0465295852396 5.03871608139e-07
15.1 0.049737573456 4.58088274939e-07
15.2 0.0531667325905 4.16613651447e-07
15.3 0.0568320456542 3.79073604864e-07
15.4 0.0607502102415 3.45056446108e-07
15.5 0.064938667468 3.14213433502e-07
15.6 0.0694157303163 2.86245489218e-07
15.7 0.0742011813124 2.60881916122e-07
15.8 0.0793166739982 2.37871612552e-07
15.9 0.084784802697 2.17003428171e-07
16 0.0906298707606 1.98080812045e-07
16.1 0.0968781023281 1.80913029136e-07
16.2 0.103556992248 1.65342352551e-07
16.3 0.110696241076 1.51220208981e-07
16.4 0.11832789504 1.38404434251e-07
16.5 0.126485528825 1.26775240434e-07
16.6 0.135205486929 1.16221265329e-07
16.7 0.144526860814 1.06639759337e-07
16.8 0.154490648275 9.79434744556e-08
16.9 0.165141313394 9.00497147333e-08
17 0.176526539896 8.28819784971e-08
17.1 0.188696379937 7.63756732485e-08
17.2 0.201705030772 7.04697665265e-08
17.3 0.215610610501 6.51077080632e-08
17.4 0.230474704211 6.02401256119e-08
17.5 0.246363792941 5.58215572764e-08
17.6 0.263348091776 5.18124194455e-08
17.7 0.281503369142 4.81757965617e-08
17.8 0.300910375962 4.48784586017e-08
17.9 0.321655023221 4.18910986773e-08
18 0.343830145763 3.91863198078e-08
18.1 0.367533575176 3.6740586866e-08
18.2 0.392871605636 3.45317992944e-08
18.3 0.419956361389 3.25409713853e-08
18.4 0.448907820298 3.07511847893e-08
18.5 0.479855240203 2.9147063735e-08
18.6 0.512936034873 2.77151529083e-08
18.7 0.548297179872 2.6443988371e-08
18.8 0.586096002443 2.53237275161e-08
18.9 0.626500893196 2.434565017e-08
19 0.669691459604 2.35033261661e-08
19.1 0.715859598841 2.2791750658e-08
19.2 0.765210425127 2.22074202979e-08
19.3 0.817963597294 2.17488949788e-08
19.4 0.874353468416 2.14163276101e-08
19.5 0.934630723125 2.12121615495e-08
19.6 0.99906360197 2.1141497147e-08
19.7 1.06793830166 2.1211807202e-08
19.8 1.14156120974 2.14346354588e-08
19.9 1.22025977085 2.18256185616e-08
20 1.30438350947 2.24049993298e-08
