"Time" "Prey" "Predator"
0 25.2732736524 26.0617619638
0.1 0.145450235317 41.2692367077
0.2 0.000817660980262 37.4431621797
0.3 7.60146866953e-06 33.8805428002
0.4 1.19075375945e-08 30.6563904572
0.5 -5.58515011988e-08 27.7390524134
0.6 -5.58515011988e-08 25.0993346451
0.7 -5.58515011988e-08 22.7108155984
0.8 -5.58515011988e-08 20.5495846801
0.9 -5.58515011988e-08 18.5940296625
1 -5.58515011988e-08 16.8245702728
1.1 -5.58515011988e-08 15.2234965166
1.2 -5.58515011988e-08 13.7747844672
1.3 -5.58515011988e-08 12.4639556122
1.4 -5.58515011988e-08 11.2778548349
1.5 -5.58515011988e-08 10.204622401
1.6 -5.58515011988e-08 9.23352616382
1.7 -5.58515011988e-08 8.35484038703
1.8 -5.58515011988e-08 7.55977234044
1.9 -5.58515011988e-08 6.8403652615
2 -5.58515011988e-08 6.1894187147
2.1 -5.58515011988e-08 5.60041791947
2.2 -5.58515011988e-08 5.06746834533
2.3 -5.58515011988e-08 4.5852342041
2.4 -5.58515011988e-08 4.14889058166
2.5 -5.58515011988e-08 3.75407102336
2.6 -5.58515011988e-08 3.39682398457
2.7 -5.58515011988e-08 3.07357344874
2.8 -5.58515011988e-08 2.78108414216
2.9 -5.58515011988e-08 2.51642895435
3 -5.58515011988e-08 2.27695906175
3.1 -5.58515011988e-08 2.06027771702
3.2 -5.58515011988e-08 1.86421627772
3.3 -5.58515011988e-08 1.68681203716
3.4 -5.58515011988e-08 1.5262901503
3.5 -5.58515011988e-08 1.38104425567
3.6 -5.58515011988e-08 1.2496201432
3.7 -5.58515011988e-08 1.13070313323
3.8 -5.58515011988e-08 1.02310224176
3.9 -5.58515011988e-08 0.925741183026
4 -5.58515011988e-08 0.837645043484
4.1 -5.58515011988e-08 0.757932454968
4.2 -5.58515011988e-08 0.685805620286
4.3 -5.58515011988e-08 0.620542461464
4.4 -5.58515011988e-08 0.56149006222
4.5 -5.58515011988e-08 0.508057058053
4.6 -5.58515011988e-08 0.459709038361
4.7 -5.58515011988e-08 0.415961835634
4.8 -5.58515011988e-08 0.376377800142
4.9 -5.58515011988e-08 0.340560689097
5 -5.58515011988e-08 0.308151992327
5.1 -5.58515011988e-08 0.278827453287
5.2 -5.58515011988e-08 0.252293429309
5.3 -5.58515011988e-08 0.228284542651
5.4 -5.58515011988e-08 0.206560346169
5.5 -5.58515011988e-08 0.186903523145
5.6 -5.58515011988e-08 0.169117278755
5.7 -5.58515011988e-08 0.153023613286
5.8 -5.58515011988e-08 0.138461486604
5.9 -5.58515011988e-08 0.125285094695
6 -5.58515011988e-08 0.113362647249
6.1 -5.58515011988e-08 0.102574738719
6.2 -5.58515011988e-08 0.0928134580069
6.3 -5.58515011988e-08 0.0839810489755
6.4 -5.58515011988e-08 0.0759891486434
6.5 -5.58515011988e-08 0.0687578311741
6.6 -5.58515011988e-08 0.0622146379901
6.7 -5.58515011988e-08 0.056294139955
6.8 -5.58515011988e-08 0.0509370367198
6.9 -5.58515011988e-08 0.046089720382
7 -5.58515011988e-08 0.0417037061217
7.1 -5.58515011988e-08 0.0377350534236
7.2 -5.58515011988e-08 0.0341440899692
7.3 -5.58515011988e-08 0.0308948484264
7.4 -5.58515011988e-08 0.0279548092072
7.5 -5.58515011988e-08 0.0252945603966
7.6 -5.58515011988e-08 0.0228874529331
7.7 -5.58515011988e-08 0.020709423768
7.8 -5.58515011988e-08 0.0187386577184
7.9 -5.58515011988e-08 0.0169554331221
8 -5.58515011988e-08 0.0153419131763
8.1 -5.58515011988e-08 0.0138819323496
8.2 -5.58515011988e-08 0.0125608926835
8.3 -5.58515011988e-08 0.0113655628459
8.4 -5.58515011988e-08 0.0102839822287
8.5 -5.58515011988e-08 0.00930533296727
8.6 -5.58515011988e-08 0.00841981059981
8.7 -5.58515011988e-08 0.00761855889642
8.8 -5.58515011988e-08 0.00689354288356
8.9 -5.58515011988e-08 0.00623751321628
9 -5.58515011988e-08 0.00564393550428
9.1 -5.58515011988e-08 0.0051068635149
9.2 -5.58515011988e-08 0.00462091063616
9.3 -5.58515011988e-08 0.00418118801778
9.4 -5.58515011988e-08 0.00378332114678
9.5 -5.58515011988e-08 0.00342332443933
9.6 -5.58515011988e-08 0.00309755324228
9.7 -5.58515011988e-08 0.0028027813388
9.8 -5.58515011988e-08 0.00253606866262
9.9 -5.58515011988e-08 0.00229472248938
10 -5.58515011988e-08 0.00207635032194
10.1 -5.58515011988e-08 0.00187876969891
10.2 -5.58515011988e-08 0.00169997833933
10.3 -5.58515011988e-08 0.00153820424007
10.4 -5.58515011988e-08 0.00139183168418
10.5 -5.58515011988e-08 0.0012593785406
10.6 -5.58515011988e-08 0.00113953833926
10.7 -5.58515011988e-08 0.0010311147361
10.8 -5.58515011988e-08 0.000933000943406
10.9 -5.58515011988e-08 0.000844204875223
11 -5.58515011988e-08 0.000763865668427
11.1 -5.58515011988e-08 0.000691174529298
11.2 -5.58515011988e-08 0.000625390256973
11.3 -5.58515011988e-08 0.000565868318098
11.4 -5.58515011988e-08 0.000512017944259
11.5 -5.58515011988e-08 0.000463291707609
11.6 -5.58515011988e-08 0.000419197832852
11.7 -5.58515011988e-08 0.000379306565865
11.8 -5.58515011988e-08 0.000343214127491
11.9 -5.58515011988e-08 0.000310549282942
12 -5.58515011988e-08 0.00028099261555
12.1 -5.58515011988e-08 0.000254251337631
12.2 -5.58515011988e-08 0.000230054186369
12.3 -5.58515011988e-08 0.000208154207839
12.4 -5.58515011988e-08 0.000188347224018
12.5 -5.58515011988e-08 0.000170424430801
12.6 -5.58515011988e-08 0.000154205062694
12.7 -5.58515011988e-08 0.000139532956817
12.8 -5.58515011988e-08 0.000126260555879
12.9 -5.58515011988e-08 0.000114250296103
13 -5.58515011988e-08 0.000103376927433
13.1 -5.58515011988e-08 9.35292455354e-05
13.2 -5.58515011988e-08 8.46107153085e-05
13.3 -5.58515011988e-08 7.6536085778e-05
13.4 -5.58515011988e-08 6.92329200606e-05
13.5 -5.58515011988e-08 6.26388031908e-05
13.6 -5.58515011988e-08 5.66742769876e-05
13.7 -5.58515011988e-08 5.12757343136e-05
13.8 -5.58515011988e-08 4.63925651113e-05
13.9 -5.58515011988e-08 4.19823854281e-05
14 -5.58515011988e-08 3.80003888422e-05
14.1 -5.58515011988e-08 3.43955130077e-05
14.2 -5.58515011988e-08 3.11312517844e-05
14.3 -5.58515011988e-08 2.81762487882e-05
14.4 -5.58515011988e-08 2.5459957347e-05
14.5 -5.58515011988e-08 2.30677034819e-05
14.6 -5.58515011988e-08 2.08838697998e-05
14.7 -5.58515011988e-08 1.88983395591e-05
14.8 -5.58515011988e-08 1.71009960179e-05
14.9 -5.58515011988e-08 1.54773839805e-05
15 -5.58515011988e-08 1.40091214369e-05
15.1 -5.58515011988e-08 1.26825927933e-05
15.2 -5.58515011988e-08 1.14842233734e-05
15.3 -5.58515011988e-08 1.04004385012e-05
15.4 -5.58515011988e-08 9.4183895402e-06
15.5 -5.58515011988e-08 8.5320128623e-06
15.6 -5.58515011988e-08 7.732142694e-06
15.7 -5.58515011988e-08 7.00824667166e-06
15.8 -5.58515011988e-08 6.34979243165e-06
15.9 -5.58515011988e-08 5.74624761035e-06
16 -5.58515011988e-08 5.19369788184e-06
16.1 -5.58515011988e-08 4.69421902667e-06
16.2 -5.58515011988e-08 4.2426159593e-06
16.3 -5.58515011988e-08 3.83363117654e-06
16.4 -5.58515011988e-08 3.46200717524e-06
16.5 -5.58515011988e-08 3.05596452298e-06
16.6 -5.58515011988e-08 2.78205527055e-06
16.7 -5.58515011988e-08 2.52646890083e-06
16.8 -5.58515011988e-08 2.28920541381e-06
16.9 -5.58515011988e-08 2.07026480948e-06
17 -5.58515011988e-08 1.86964708786e-06
17.1 -5.58515011988e-08 1.68623260235e-06
17.2 -5.58515011988e-08 1.51842902038e-06
17.3 -5.58515011988e-08 1.36622448743e-06
17.4 -5.58515011988e-08 1.22961900351e-06
17.5 -5.58515011988e-08 1.10861256862e-06
17.6 -5.58515011988e-08 1.00311425089e-06
17.7 -5.58515011988e-08 9.08442299436e-07
17.8 -5.58515011988e-08 8.21963290201e-07
17.9 -5.58515011988e-08 7.43677223181e-07
18 -5.58515011988e-08 6.73584098377e-07
18.1 -5.58515011988e-08 6.11683915787e-07
18.2 -5.58515011988e-08 5.57616440403e-07
18.3 -5.58515011988e-08 5.08152791052e-07
18.4 -5.58515011988e-08 4.62526357747e-07
18.5 -5.58515011988e-08 4.20737140488e-07
18.6 -5.58515011988e-08 3.82785139275e-07
18.7 -5.58515011988e-08 3.48670354107e-07
18.8 -5.58515011988e-08 3.18030537092e-07
18.9 -5.58515011988e-08 2.89646975239e-07
19 -5.58515011988e-08 2.63420675018e-07
19.1 -5.58515011988e-08 2.39351636427e-07
19.2 -5.58515011988e-08 2.17439859467e-07
19.3 -5.58515011988e-08 1.97685344139e-07
19.4 -5.58515011988e-08 1.79758632567e-07
19.5 -5.58515011988e-08 1.63191178237e-07
19.6 -5.58515011988e-08 1.47979492941e-07
19.7 -5.58515011988e-08 1.34123576677e-07
19.8 -5.58515011988e-08 1.21623429448e-07
19.9 -5.58515011988e-08 1.10472309674e-07
20 -5.58515011988e-08 1.00323118114e-07
