"Time" "Prey" "Predator"
0 29.1320497722 1.09192126622
0.1 16.0697922957 11.6250837858
0.2 1.58093184013 21.0494105365
0.3 0.105539134624 20.1029349981
0.4 0.00874399720684 18.2594032015
0.5 0.000921034326074 16.5274335086
0.6 0.000120919521325 14.9552199957
0.7 1.93754187327e-05 13.5321165745
0.8 3.71953208486e-06 12.2443780092
0.9 8.31193269503e-07 11.0791750908
1 1.9568807942e-07 10.0248535719
1.1 1.01984826748e-08 9.07085861312
1.2 2.26475842805e-08 8.20765147754
1.3 6.69789553744e-09 7.42658935894
1.4 4.70375376587e-09 6.71985464281
1.5 2.13454651062e-08 6.08037380628
1.6 3.11340438359e-08 5.50175472891
1.7 9.08345768768e-09 4.97819496975
1.8 -1.85860953347e-09 4.50445740114
1.9 1.02933454897e-08 4.07580189515
2 7.07638793546e-09 3.68793845808
2.1 3.27100554399e-09 3.3369850419
2.2 2.56683736212e-09 3.01942923053
2.3 4.53487519758e-09 2.7320934181
2.4 6.31150075138e-09 2.47210131753
2.5 7.50379612071e-09 2.23684814099
2.6 1.02785562954e-08 2.02398173368
2.7 7.03650035361e-09 1.83137511563
2.8 5.41043354593e-09 1.65709724267
2.9 6.13108175511e-09 1.49940308883
3 5.45810665932e-09 1.35671587638
3.1 4.40979774955e-09 1.22760727938
3.2 4.12352958303e-09 1.11078513219
3.3 3.92578205552e-09 1.0050799744
3.4 3.75571757076e-09 0.909433795107
3.5 3.55409710866e-09 0.822889718575
3.6 3.37920742973e-09 0.744581431524
3.7 3.30901870252e-09 0.673725120935
3.8 3.26672187954e-09 0.609611647532
3.9 3.30057807096e-09 0.551599094054
4 3.36131980675e-09 0.499107135316
4.1 3.36543923048e-09 0.451610779308
4.2 3.37858458074e-09 0.40863414945
4.3 3.42371662642e-09 0.369747502808
4.4 3.49537800202e-09 0.334561338973
4.5 3.58489079478e-09 0.302723526814
4.6 3.68779788431e-09 0.273915584623
4.7 3.80720145187e-09 0.247848921539
4.8 3.94343599204e-09 0.224262984001
4.9 4.09652449113e-09 0.20292152977
5 4.2672117658e-09 0.183610964258
5.1 4.45650145991e-09 0.166138092784
5.2 4.66469086087e-09 0.150327889703
5.3 4.89215593315e-09 0.136022299747
5.4 5.13986329788e-09 0.123078034286
5.5 5.40897723256e-09 0.111365572247
5.6 5.70072360757e-09 0.100767754631
5.7 6.01629742286e-09 0.0911784058541
5.8 6.35709062377e-09 0.0825016413448
5.9 6.72460679865e-09 0.0746505520382
6 7.12045241477e-09 0.0675465853732
6.1 7.54636867495e-09 0.0611186848264
6.2 8.00427740587e-09 0.0553024512499
6.3 8.49625265567e-09 0.0500397328
6.4 9.02449876743e-09 0.0452778157095
6.5 9.59138265142e-09 0.0409690498346
6.6 1.01994485632e-08 0.0370703322297
6.7 1.08514307862e-08 0.0335426068083
6.8 1.15502565376e-08 0.0303506075141
6.9 1.22990647811e-08 0.0274623612959
7 1.31012193118e-08 0.0248489657793
7.1 1.39603214916e-08 0.0224842768407
7.2 1.48802233666e-08 0.0203446058314
7.3 1.58650469765e-08 0.0184085615875
7.4 1.69192050055e-08 0.0166567516605
7.5 1.80474178163e-08 0.0150716472923
7.6 1.92547345502e-08 0.0136373923948
7.7 2.05465560521e-08 0.0123396182191
7.8 2.19286576602e-08 0.0111653477232
7.9 2.34072168024e-08 0.0101028235289
8 2.49888376144e-08 0.00914140962124
8.1 2.66805832919e-08 0.008271482682
8.2 2.84900070386e-08 0.00748432360383
8.3 3.04251797829e-08 0.00677208326655
8.4 3.24947362822e-08 0.00612764869886
8.5 3.47079108997e-08 0.00554455444021
8.6 3.70745597114e-08 0.00501694173898
8.7 3.96052352976e-08 0.00453953688386
8.8 4.23112244224e-08 0.00410757836779
8.9 4.52045657097e-08 0.00371670231985
9 4.82981551056e-08 0.00336300853611
9.1 5.16057817846e-08 0.00304298411507
9.2 5.51421529997e-08 0.00275340251843
9.3 5.89230269534e-08 0.00249137936589
9.4 6.29652457176e-08 0.00225430415301
9.5 6.72867749219e-08 0.00203977828722
9.6 7.19068685419e-08 0.00184566738409
9.7 7.6846096609e-08 0.00167003646533
9.8 8.21264067181e-08 0.00151110957476
9.9 8.7771345185e-08 0.0013673162766
10 9.38060405157e-08 0.00123722181159
10.1 1.00257276034e-07 0.00111949896935
10.2 1.07153718109e-07 0.00101295446365
10.3 1.1452615693e-07 0.000916556412573
10.4 1.22407353338e-07 0.00082933521614
10.5 1.30832262025e-07 0.000750401580075
10.6 1.39838459599e-07 0.000678980982296
10.7 1.4946604276e-07 0.000614365743157
10.8 1.59757737225e-07 0.000555899730194
10.9 1.70759268356e-07 0.000502991830001
11 1.82519733814e-07 0.000455126673442
11.1 1.95091379658e-07 0.000411820065085
11.2 2.08529948628e-07 0.000372626259991
11.3 2.22895367664e-07 0.000337161263889
11.4 2.38251581388e-07 0.000305074412004
11.5 2.54666725329e-07 0.000276040483457
11.6 2.72214003504e-07 0.000249762409211
11.7 2.90970888738e-07 0.000225996166164
11.8 3.11021476355e-07 0.000204490728212
11.9 3.32454532348e-07 0.000185029305571
12 3.55366521741e-07 0.000167424182644
12.1 3.79859774987e-07 0.000151498733313
12.2 4.06042542219e-07 0.000137087953096
12.3 4.34029308836e-07 0.000124041554504
12.4 4.63944902101e-07 0.00011222585813
12.5 4.95927021218e-07 0.000101524957755
12.6 5.30116812603e-07 9.18363802496e-05
12.7 5.66662924158e-07 8.30729525717e-05
12.8 6.05722864864e-07 7.51601093973e-05
12.9 6.47478289837e-07 6.80034030948e-05
13 6.92117487864e-07 6.15257283356e-05
13.1 7.39835899575e-07 5.56662206771e-05
13.2 7.90839131521e-07 5.0373849807e-05
13.3 8.45353845502e-07 4.5595831295e-05
13.4 9.03634467557e-07 4.12704869982e-05
13.5 9.65938196643e-07 3.73538404214e-05
13.6 1.03253575524e-06 3.3808176091e-05
13.7 1.1034890989e-06 3.05471392978e-05
13.8 1.17972983691e-06 2.76778907279e-05
13.9 1.26113330513e-06 2.5058227737e-05
14 1.34810438066e-06 2.26760565587e-05
14.1 1.44104794061e-06 2.0519283427e-05
14.2 1.54042469246e-06 1.85710817611e-05
14.3 1.64675887647e-06 1.68092392289e-05
14.4 1.76050525116e-06 1.52174335499e-05
14.5 1.88211742995e-06 1.37794395195e-05
14.6 2.01204902622e-06 1.24790319331e-05
14.7 2.15078781493e-06 1.13006937164e-05
14.8 2.29921132585e-06 1.0236986967e-05
14.9 2.45803748581e-06 9.27716539558e-06
15 2.62789532175e-06 8.40863992036e-06
15.1 2.80941386062e-06 7.6188214595e-06
15.2 3.0032221294e-06 6.89512093117e-06
15.3 3.21027119424e-06 6.23217156189e-06
15.4 3.43187859903e-06 5.63282550004e-06
15.5 3.6689610993e-06 5.09094649427e-06
15.6 3.92242884456e-06 4.60025014172e-06
15.7 4.19319198434e-06 4.15445203953e-06
15.8 4.5118205986e-06 3.66580810735e-06
15.9 4.80689413565e-06 3.33756577611e-06
16 5.12908004675e-06 3.03122427769e-06
16.1 5.4783783319e-06 2.74678361209e-06
16.2 5.8547889911e-06 2.48424377931e-06
16.3 6.25831202435e-06 2.24360477934e-06
16.4 6.69171888985e-06 2.02363963444e-06
16.5 7.15952768267e-06 1.82234809713e-06
16.6 7.66180226224e-06 1.63970189563e-06
16.7 8.19854262857e-06 1.47570102994e-06
16.8 8.76974878164e-06 1.33034550005e-06
16.9 9.37553411777e-06 1.20357346806e-06
17 1.00257072346e-05 1.09003605471e-06
17.1 1.07265794251e-05 9.86291550575e-07
17.2 1.14781506891e-05 8.92339955644e-07
17.3 1.22804210266e-05 8.08181269922e-07
17.4 1.31333904377e-05 7.33815493408e-07
17.5 1.40386912338e-05 6.68889736166e-07
17.6 1.50139666628e-05 6.09589698744e-07
17.7 1.6064023392e-05 5.54876226193e-07
17.8 1.71888614214e-05 5.04749318513e-07
17.9 1.83884807511e-05 4.59208975703e-07
18 1.96628813809e-05 4.18255197765e-07
18.1 2.10192236581e-05 3.81509552154e-07
18.2 2.24850904283e-05 3.47514253904e-07
18.3 2.40632134288e-05 3.16124927561e-07
18.4 2.57535926599e-05 2.87341573124e-07
18.5 2.75562281213e-05 2.61164190594e-07
18.6 2.94711198132e-05 2.37592779969e-07
18.7 3.15012008952e-05 2.16571154861e-07
18.8 3.3689094304e-05 1.97282847986e-07
18.9 3.6048829922e-05 1.79459108737e-07
19 3.85804077493e-05 1.63099937114e-07
19.1 4.12838277859e-05 1.48205333117e-07
19.2 4.41590900317e-05 1.34775296746e-07
19.3 4.66060085432e-05 1.27177525698e-07
19.4 5.01143108232e-05 1.14570914058e-07
19.5 5.38090263961e-05 1.03322832757e-07
19.6 5.77045911697e-05 9.33282282184e-08
19.7 6.18154410517e-05 8.44820468635e-08
19.8 6.61560119497e-05 7.66792351141e-08
19.9 7.07407397716e-05 6.98147393921e-08
20 7.55973891734e-05 6.37804712769e-08
