"Time" "Prey" "Predator"
0 25.2337448443 11.4966440039
0.1 1.35214622644 27.651834484
0.2 0.0392921052247 25.9509120381
0.3 0.00155621425657 23.5081804474
0.4 8.41826220637e-05 21.2721317354
0.5 6.08207955399e-06 19.2478770182
0.6 5.49984980418e-07 17.4162039885
0.7 6.30198570272e-08 15.758834184
0.8 -2.40032692284e-09 14.2591822385
0.9 -1.07764899293e-08 12.9022395818
1 -1.15345168882e-08 11.6744285626
1.1 -1.09346846799e-08 10.5634580775
1.2 -8.24761562012e-09 9.55820969001
1.3 -2.98292343587e-09 8.64863234023
1.4 -2.32504812887e-09 7.82560723184
1.5 -2.10019757096e-09 7.08090253047
1.6 -2.10019757096e-09 6.40706597255
1.7 -2.10019757096e-09 5.79735379611
1.8 -2.10019757096e-09 5.24566295507
1.9 -2.10019757096e-09 4.74647278727
2 -2.10019757096e-09 4.29479025528
2.1 -2.10019757096e-09 3.886089851
2.2 -2.10019757096e-09 3.51627495469
2.3 -2.10019757096e-09 3.18164893193
2.4 -2.10019757096e-09 2.87887590377
2.5 -2.10019757096e-09 2.60491818252
2.6 -2.10019757096e-09 2.3570259099
2.7 -2.10019757096e-09 2.1327239211
2.8 -2.10019757096e-09 1.92976850951
2.9 -2.10019757096e-09 1.74612717584
3 -2.10019757096e-09 1.57996159765
3.1 -2.10019757096e-09 1.42960793134
3.2 -2.10019757096e-09 1.29356245786
3.3 -2.10019757096e-09 1.17046390227
3.4 -2.10019757096e-09 1.05907957982
3.5 -2.10019757096e-09 0.958294733326
3.6 -2.10019757096e-09 0.867100715852
3.7 -2.10019757096e-09 0.784584782312
3.8 -2.10019757096e-09 0.709921700255
3.9 -2.10019757096e-09 0.642363727619
4 -2.10019757096e-09 0.581234764489
4.1 -2.10019757096e-09 0.525922830409
4.2 -2.10019757096e-09 0.475874622794
4.3 -2.10019757096e-09 0.430589070135
4.4 -2.10019757096e-09 0.389613094004
4.5 -2.10019757096e-09 0.352536490348
4.6 -2.10019757096e-09 0.318988200675
4.7 -2.10019757096e-09 0.28863240794
4.8 -2.10019757096e-09 0.26116535936
4.9 -2.10019757096e-09 0.236312173833
5 -2.10019757096e-09 0.213824074844
5.1 -2.10019757096e-09 0.193475982413
5.2 -2.10019757096e-09 0.175064189546
5.3 -2.10019757096e-09 0.158404621514
5.4 -2.10019757096e-09 0.143330386706
5.5 -2.10019757096e-09 0.129690684341
5.6 -2.10019757096e-09 0.117348985793
5.7 -2.10019757096e-09 0.106181716638
5.8 -2.10019757096e-09 0.0960771978051
5.9 -2.10019757096e-09 0.0869342052863
6 -2.10019757096e-09 0.0786613140802
6.1 -2.10019757096e-09 0.0711756977425
6.2 -2.10019757096e-09 0.0644024195015
6.3 -2.10019757096e-09 0.0582737258578
6.4 -2.10019757096e-09 0.0527282261688
6.5 -2.10019757096e-09 0.0477104710865
6.6 -2.10019757096e-09 0.0431702097817
6.7 -2.10019757096e-09 0.0390620100929
6.8 -2.10019757096e-09 0.0353447695138
6.9 -2.10019757096e-09 0.0319812539622
7 -2.10019757096e-09 0.0289378368332
7.1 -2.10019757096e-09 0.0261840315096
7.2 -2.10019757096e-09 0.0236922846754
7.3 -2.10019757096e-09 0.0214376680405
7.4 -2.10019757096e-09 0.0193975959273
7.5 -2.10019757096e-09 0.0175516722297
7.6 -2.10019757096e-09 0.0158814061566
7.7 -2.10019757096e-09 0.0143700862531
7.8 -2.10019757096e-09 0.0130025931226
7.9 -2.10019757096e-09 0.0117652278523
8 -2.10019757096e-09 0.0106456194476
8.1 -2.10019757096e-09 0.00963255272444
8.2 -2.10019757096e-09 0.00871588750362
8.3 -2.10019757096e-09 0.00788646538419
8.4 -2.10019757096e-09 0.0071359659592
8.5 -2.10019757096e-09 0.00645688770836
8.6 -2.10019757096e-09 0.00584241854023
8.7 -2.10019757096e-09 0.00528641664953
8.8 -2.10019757096e-09 0.00478334740051
8.9 -2.10019757096e-09 0.00432817034291
9 -2.10019757096e-09 0.00391631943022
9.1 -2.10019757096e-09 0.00354364853475
9.2 -2.10019757096e-09 0.00320644880114
9.3 -2.10019757096e-09 0.00290134822873
9.4 -2.10019757096e-09 0.00262525459583
9.5 -2.10019757096e-09 0.00237542457854
9.6 -2.10019757096e-09 0.00214937821124
9.7 -2.10019757096e-09 0.00194483351018
9.8 -2.10019757096e-09 0.001759752872
9.9 -2.10019757096e-09 0.00159229809695
10 -2.10019757096e-09 0.0014407730122
10.1 -2.10019757096e-09 0.00130366158363
10.2 -2.10019757096e-09 0.00117960686188
10.3 -2.10019757096e-09 0.00106735383732
10.4 -2.10019757096e-09 0.000965779204445
10.5 -2.10019757096e-09 0.000873882843203
10.6 -2.10019757096e-09 0.000790734048442
10.7 -2.10019757096e-09 0.000715480165303
10.8 -2.10019757096e-09 0.000647388493139
10.9 -2.10019757096e-09 0.000585781608507
11 -2.10019757096e-09 0.000530033100218
11.1 -2.10019757096e-09 0.000479584785688
11.2 -2.10019757096e-09 0.000433943768658
11.3 -2.10019757096e-09 0.000392649153701
11.4 -2.10019757096e-09 0.000355278833398
11.5 -2.10019757096e-09 0.000321467839732
11.6 -2.10019757096e-09 0.000290878392607
11.7 -2.10019757096e-09 0.000263197327487
11.8 -2.10019757096e-09 0.000238146558694
11.9 -2.10019757096e-09 0.000215482245518
12 -2.10019757096e-09 0.000194975760564
12.1 -2.10019757096e-09 0.000176412691232
12.2 -2.10019757096e-09 0.000159627157994
12.3 -2.10019757096e-09 0.000144437480364
12.4 -2.10019757096e-09 0.000130692040845
12.5 -2.10019757096e-09 0.000118255178339
12.6 -2.10019757096e-09 0.000107005660553
12.7 -2.10019757096e-09 9.68274837398e-05
12.8 -2.10019757096e-09 8.76146825214e-05
12.9 -2.10019757096e-09 7.92717248671e-05
13 -2.10019757096e-09 7.17157915983e-05
13.1 -2.10019757096e-09 6.48735703972e-05
13.2 -2.10019757096e-09 5.86818967938e-05
13.3 -2.10019757096e-09 5.30880507486e-05
13.4 -2.10019757096e-09 4.80338821665e-05
13.5 -2.10019757096e-09 4.34589415321e-05
13.6 -2.10019757096e-09 3.93193348181e-05
13.7 -2.10019757096e-09 3.55778662811e-05
13.8 -2.10019757096e-09 3.22015365034e-05
13.9 -2.10019757096e-09 2.91471029112e-05
14 -2.10019757096e-09 2.63813880551e-05
14.1 -2.10019757096e-09 2.38772192952e-05
14.2 -2.10019757096e-09 2.15602492523e-05
14.3 -2.10019757096e-09 1.95420463777e-05
14.4 -2.10019757096e-09 1.76968692069e-05
14.5 -2.10019757096e-09 1.60164766916e-05
14.6 -2.10019757096e-09 1.44926277834e-05
14.7 -2.10019757096e-09 1.31160221969e-05
14.8 -2.10019757096e-09 1.18711889342e-05
14.9 -2.10019757096e-09 1.07461895285e-05
15 -2.10019757096e-09 9.72996766194e-06
15.1 -2.10019757096e-09 8.81146701655e-06
15.2 -2.10019757096e-09 7.9796314774e-06
15.3 -2.10019757096e-09 7.22728913286e-06
15.4 -2.10019757096e-09 6.54881638463e-06
15.5 -2.10019757096e-09 5.93563643701e-06
15.6 -2.10019757096e-09 5.37917249432e-06
15.7 -2.10019757096e-09 4.87084776088e-06
15.8 -2.10019757096e-09 4.40370158389e-06
15.9 -2.10019757096e-09 3.9801883455e-06
16 -2.10019757096e-09 3.59737262851e-06
16.1 -2.10019757096e-09 3.25097306677e-06
16.2 -2.10019757096e-09 2.93670829415e-06
16.3 -2.10019757096e-09 2.58182443376e-06
16.4 -2.10019757096e-09 2.35281252854e-06
16.5 -2.10019757096e-09 2.13872149199e-06
16.6 -2.10019757096e-09 1.93955132412e-06
16.7 -2.10019757096e-09 1.75530202492e-06
16.8 -2.10019757096e-09 1.5859735944e-06
16.9 -2.10019757096e-09 1.43128019887e-06
17 -2.10019757096e-09 1.28955866897e-06
17.1 -2.10019757096e-09 1.16054027278e-06
17.2 -2.10019757096e-09 1.0442250103e-06
17.3 -2.10019757096e-09 9.40612881539e-07
17.4 -2.10019757096e-09 8.49703886488e-07
17.5 -2.10019757096e-09 7.69766738529e-07
17.6 -2.10019757096e-09 6.96678718127e-07
17.7 -2.10019757096e-09 6.30262803201e-07
17.8 -2.10019757096e-09 5.70518993752e-07
17.9 -2.10019757096e-09 5.17447289779e-07
18 -2.10019757096e-09 4.71047585815e-07
18.1 -2.10019757096e-09 4.29519152781e-07
18.2 -2.10019757096e-09 3.91115652311e-07
18.3 -2.10019757096e-09 3.55837084405e-07
18.4 -2.10019757096e-09 3.23683449064e-07
18.5 -2.10019757096e-09 2.94654746286e-07
18.6 -2.10019757096e-09 2.68705543606e-07
18.7 -2.10019757096e-09 2.44890054019e-07
18.8 -2.10019757096e-09 2.22831361341e-07
18.9 -2.10019757096e-09 2.02529465573e-07
19 -2.10019757096e-09 1.83984366716e-07
19.1 -2.10019757096e-09 1.67196064768e-07
19.2 -2.10019757096e-09 1.52080434717e-07
19.3 -2.10019757096e-09 1.38147981641e-07
19.4 -2.10019757096e-09 1.25319613826e-07
19.5 -2.10019757096e-09 1.13595331273e-07
19.6 -2.10019757096e-09 1.02975133982e-07
19.7 -2.10019757096e-09 9.34590219517e-08
19.8 -2.10019757096e-09 8.49186358914e-08
19.9 -2.10019757096e-09 7.70483133213e-08
20 -2.10019757096e-09 6.98349296506e-08
