"Time" "Prey" "Predator"
0 23.6789348671 1.09192126622
0.1 15.4923927836 7.90334111737
0.2 2.93903026017 16.4378296076
0.3 0.328256819154 16.7616339322
0.4 0.0410429751963 15.3744697202
0.5 0.00622293694789 13.9367118223
0.6 0.00113461086216 12.6141763591
0.7 0.000244648417603 11.4144325532
0.8 6.14405004268e-05 10.3283410198
0.9 1.77387070705e-05 9.34550200017
1 5.81407840566e-06 8.45617114235
1.1 2.1185261065e-06 7.6514656563
1.2 8.51586576318e-07 6.92333743861
1.3 3.68617873331e-07 6.26449534105
1.4 1.61895070186e-07 5.66834525185
1.5 1.16692873658e-07 5.12892869186
1.6 8.12942425197e-08 4.64084567239
1.7 3.9323230463e-08 4.19920987415
1.8 3.3124539066e-08 3.79960005474
1.9 4.37529083389e-08 3.43801790547
2 5.04503580528e-08 3.11085367903
2.1 3.92725554056e-08 2.81482011079
2.2 1.85033381476e-08 2.54695172482
2.3 2.19080052359e-08 2.30457848193
2.4 1.90093595584e-08 2.08526905796
2.5 1.47208967645e-08 1.88682944697
2.6 1.20059604904e-08 1.70727391851
2.7 1.1225403785e-08 1.54480550689
2.8 9.59095017943e-09 1.39779790668
2.9 8.37773350222e-09 1.26478004878
3 7.44961426663e-09 1.14442063917
3.1 7.02782029276e-09 1.03551487317
3.2 6.62272983765e-09 0.936972723885
3.3 6.24261399275e-09 0.847808226295
3.4 5.99622956555e-09 0.767128720401
3.5 5.82107964852e-09 0.694126909026
3.6 5.69842238768e-09 0.628072169806
3.7 5.62453077537e-09 0.568303268459
3.8 5.59347114194e-09 0.514222200242
3.9 5.60165137704e-09 0.465287560501
4 5.64490549621e-09 0.42100966948
4.1 5.72023101971e-09 0.38094501885
4.2 5.82609507495e-09 0.344692984321
4.3 5.96114161207e-09 0.311891052598
4.4 6.12475407605e-09 0.282210667282
4.5 6.31669992588e-09 0.255354813589
4.6 6.5368994714e-09 0.23105459794
4.7 6.7856666035e-09 0.209066813222
4.8 7.06357860555e-09 0.189171447136
4.9 7.37145649498e-09 0.171169413134
5 7.71034664011e-09 0.154880497149
5.1 8.08150469398e-09 0.140141654193
5.2 8.48638499787e-09 0.126805396094
5.3 8.9266390993e-09 0.114738193915
5.4 9.40411901857e-09 0.103819310734
5.5 9.92087868192e-09 0.0939396017995
5.6 1.04791608466e-08 0.0850000484218
5.7 1.10814236871e-08 0.0769112341123
5.8 1.17303338125e-08 0.069592159367
5.9 1.24287794139e-08 0.0629695607622
6 1.31798828392e-08 0.0569772181521
6.1 1.39870074953e-08 0.0515550896801
6.2 1.48537756973e-08 0.0466489707572
6.3 1.57840799944e-08 0.0422097386758
6.4 1.67821000556e-08 0.0381929452634
6.5 1.78523208273e-08 0.0345584116909
6.6 1.89995511136e-08 0.0312697271346
6.7 2.02289442317e-08 0.0282940146253
6.8 2.15460206417e-08 0.0256014797463
6.9 2.29566915377e-08 0.0231651677957
7 2.44672846682e-08 0.0209607159673
7.1 2.60845730079e-08 0.0189660356325
7.2 2.7815802897e-08 0.0171611788255
7.3 2.96687279272e-08 0.015528073486
7.4 3.16516420275e-08 0.0140503738421
7.5 3.37734157953e-08 0.01271330562
7.6 3.60435380455e-08 0.0115034720332
7.7 3.84721543211e-08 0.0104087716569
7.8 4.10701172438e-08 0.00941823361275
7.9 4.3849029272e-08 0.00852194710999
8 4.6821291307e-08 0.00771097682113
8.1 5.00001774007e-08 0.00697720137879
8.2 5.33998666657e-08 0.00631326299451
8.3 5.70355058036e-08 0.00571249120103
8.4 6.09233266536e-08 0.0051689070159
8.5 6.50806515922e-08 0.00467705275906
8.6 6.95259881935e-08 0.00423196831298
8.7 7.4279174315e-08 0.00382924947184
8.8 7.93613690393e-08 0.00346485504885
8.9 8.4795192141e-08 0.0031351228046
9 9.06048775663e-08 0.0028367850794
9.1 9.68162670799e-08 0.00256683617929
9.2 1.03457006708e-07 0.00232256574925
9.3 1.10556693731e-07 0.00210155189867
9.4 1.18146889688e-07 0.00190156457637
9.5 1.26261412596e-07 0.00172061245061
9.6 1.34936424667e-07 0.00155690140841
9.7 1.44210457644e-07 0.00140876908356
9.8 1.54124669614e-07 0.00127469856594
9.9 1.64723335712e-07 0.00115338999263
10 1.76053600228e-07 0.00104363194319
10.1 1.88165726045e-07 0.000944307161911
10.2 2.01113651641e-07 0.000854428592181
10.3 2.14955102132e-07 0.000773114368514
10.4 2.29751544662e-07 0.000699542621281
10.5 2.4556863694e-07 0.000632963395532
10.6 2.62476982604e-07 0.000572727944723
10.7 2.80551766989e-07 0.00051823141597
10.8 2.99873147083e-07 0.000468913736524
10.9 3.20527143648e-07 0.00042428358952
11 3.42605816818e-07 0.0003839047313
11.1 3.66207190821e-07 0.000347369438008
11.2 3.91436623028e-07 0.000314298313674
11.3 4.1840483669e-07 0.000284392031215
11.4 4.4723345886e-07 0.000257329776716
11.5 4.78049910189e-07 0.000232840336005
11.6 5.10992374412e-07 0.000210684074472
11.7 5.46208556726e-07 0.000190642763165
11.8 5.83854436241e-07 0.000172509356327
11.9 6.24095106208e-07 0.000156094876274
12 6.67107697019e-07 0.000141229545592
12.1 7.13091013721e-07 0.000127766520145
12.2 7.62249395643e-07 0.00011557563724
12.3 8.1479738759e-07 0.000104545224976
12.4 8.70960804344e-07 9.45820947008e-05
12.5 9.30996069649e-07 8.55770170186e-05
12.6 9.95178357291e-07 7.74258923679e-05
12.7 1.0637896754e-06 7.00510229384e-05
12.8 1.13712689168e-06 6.33867859901e-05
12.9 1.21550948395e-06 5.73727024735e-05
13 1.29930509477e-06 5.19305832181e-05
13.1 1.38888673402e-06 4.70028031402e-05
13.2 1.48464516492e-06 4.25412243293e-05
13.3 1.58657701437e-06 3.84215906081e-05
13.4 1.69624641132e-06 3.48210548844e-05
13.5 1.81331613801e-06 3.15306040991e-05
13.6 1.9383780051e-06 2.85353888953e-05
13.7 2.07202382328e-06 2.58205599158e-05
13.8 2.21488607429e-06 2.33683730464e-05
13.9 2.36774267257e-06 2.11507330368e-05
14 2.53127006307e-06 1.91467667019e-05
14.1 2.70613129438e-06 1.73365543408e-05
14.2 2.89298941511e-06 1.57001762527e-05
14.3 3.09251274535e-06 1.4217804515e-05
14.4 3.30585212269e-06 1.28780119212e-05
14.5 3.53417016975e-06 1.16695764453e-05
14.6 3.77838633763e-06 1.05770424001e-05
14.7 4.03942007741e-06 9.5849540987e-06
14.8 4.31819084016e-06 8.677855854e-06
14.9 4.61585267303e-06 7.84471081511e-06
15 4.93439852247e-06 7.09028358402e-06
15.1 5.27523603544e-06 6.4083140996e-06
15.2 5.63969558221e-06 5.79108672167e-06
15.3 6.02910753302e-06 5.23088581002e-06
15.4 6.49459781633e-06 4.60418832112e-06
15.5 6.91612618484e-06 4.19456400102e-06
15.6 7.37728486722e-06 3.81182739894e-06
15.7 7.87807386347e-06 3.45597851487e-06
15.8 8.41849317358e-06 3.12701734882e-06
15.9 8.99854279756e-06 2.82494390079e-06
16 9.62029780648e-06 2.5489866187e-06
16.1 1.02916612431e-05 2.29620699646e-06
16.2 1.10134035275e-05 2.06631857674e-06
16.3 1.17855246599e-05 1.85932135955e-06
16.4 1.26080246401e-05 1.67521534488e-06
16.5 1.34809034681e-05 1.51400053273e-06
16.6 1.44131692747e-05 1.371550934e-06
16.7 1.54193459184e-05 1.24121419364e-06
16.8 1.64996297224e-05 1.1229003899e-06
16.9 1.76540206868e-05 1.01660952276e-06
17 1.88825188114e-05 9.22341592224e-07
17.1 2.01853832613e-05 8.40049538323e-07
17.2 2.1583967808e-05 7.65855877378e-07
17.3 2.30918606917e-05 6.97293214827e-07
17.4 2.47090619124e-05 6.34361550672e-07
17.5 2.643557147e-05 5.77060884912e-07
17.6 2.82713893647e-05 5.25391217547e-07
17.7 3.02207807844e-05 4.79189706396e-07
17.8 3.23291208161e-05 4.3672395935e-07
17.9 3.46086349885e-05 3.97527213466e-07
18 3.70593233015e-05 3.61599468745e-07
18.1 3.9681185755e-05 3.28940725186e-07
18.2 4.24742223492e-05 2.99550982789e-07
18.3 4.54384330839e-05 2.73430241554e-07
18.4 4.85738179592e-05 2.50578501482e-07
18.5 5.19229818023e-05 2.30305605693e-07
18.6 5.55560807591e-05 2.11475092658e-07
18.7 5.9474146535e-05 1.94070249754e-07
18.8 6.36771791299e-05 1.78091076981e-07
18.9 6.81651785438e-05 1.63537574339e-07
19 7.29381447767e-05 1.50409741828e-07
19.1 7.79960778287e-05 1.38707579449e-07
19.2 8.33511582519e-05 1.28375879195e-07
19.3 8.91411410432e-05 1.18790270479e-07
19.4 9.54047396882e-05 1.09775285531e-07
19.5 0.000102141954187 1.01330924353e-07
19.6 0.00010935278454 9.34571869431e-08
19.7 0.000117037230746 8.61540733024e-08
19.8 0.000125195292806 7.94215834307e-08
19.9 0.00013382697072 7.32597173278e-08
20 0.00014302793112 6.75599388241e-08
