"Time" "Prey" "Predator"
0 1.01369295845 6.94661407129
0.1 0.433564876142 6.72879403409
0.2 0.19454019684 6.27185707076
0.3 0.0932673758172 5.75327478394
0.4 0.0479149658531 5.2411458541
0.5 0.0263056843852 4.75941486059
0.6 0.0153620176837 4.31522452902
0.7 0.00949415643649 3.90931931448
0.8 0.00617872849604 3.54001843853
0.9 0.00421428319114 3.20478000456
1 0.00299954462366 2.90083746543
1.1 0.00221892879084 2.62546400048
1.2 0.00169999287835 2.37607943995
1.3 0.00134424143924 2.15029051781
1.4 0.00109381980983 1.94589914
1.5 0.000913436517128 1.76089822634
1.6 0.000780910515576 1.59346106752
1.7 0.000682051374708 1.44192831166
1.8 0.000607234655029 1.30479460975
1.9 0.00055010065415 1.18069522866
2 0.000506243245217 1.06839363446
2.1 0.000472555755431 0.966769840585
2.2 0.000446826858466 0.874809736397
2.3 0.00042745636176 0.791595200321
2.4 0.00041326535295 0.716295095677
2.5 0.000403384177168 0.648157194403
2.6 0.000397154514363 0.586500441589
2.7 0.000394055051049 0.530708253666
2.8 0.000393769524141 0.480223422061
2.9 0.000396017983478 0.434541171821
3 0.000400605047151 0.393204773716
3.1 0.000407378757388 0.355800773457
3.2 0.00041624021496 0.321955102156
3.3 0.000427124460351 0.291329253611
3.4 0.000440000564281 0.263617036274
3.5 0.000454861189634 0.238541227109
3.6 0.000471722613168 0.215851017989
3.7 0.000490619505606 0.195319456917
3.8 0.000511603917838 0.176741131394
3.9 0.000534744320562 0.159930214025
4 0.000560126145731 0.144718751361
4.1 0.000587845990868 0.130954415059
4.2 0.000618016328494 0.118499590856
4.3 0.000650762936614 0.107229666677
4.4 0.000686225121554 0.0970318594084
4.5 0.000724556902947 0.0878042553787
4.6 0.000765925992837 0.0794544558307
4.7 0.000810515415454 0.0718990176329
4.8 0.000858523387822 0.0650623531974
4.9 0.000910164115543 0.058876043119
5 0.000965668810369 0.0532782511135
5.1 0.0010252863134 0.0482129323027
5.2 0.0010892843071 0.0436294696602
5.3 0.00115795028057 0.0394820058574
5.4 0.00123159275741 0.0357290479691
5.5 0.00131054263291 0.0323330936901
5.6 0.00139515455451 0.0292601407056
5.7 0.00148580844988 0.0264794819872
5.8 0.0015829112252 0.0239632978286
5.9 0.00168689850247 0.0216864213447
6 0.00179823651671 0.0196261072182
6.1 0.00191742424514 0.0177617287502
6.2 0.00204499547624 0.0160746598531
6.3 0.00218152130595 0.0145480258003
6.4 0.00232761258316 0.0131665595991
6.5 0.0024839225826 0.0119164629612
6.6 0.0026511500615 0.0107852248744
6.7 0.00283004212483 0.00976154820564
6.8 0.00302139776117 0.00883519732788
6.9 0.00322607127165 0.00799691086474
7 0.00344497600315 0.00723831812106
7.1 0.00367908868705 0.00655183137413
7.2 0.00392945337318 0.00593059598265
7.3 0.00419718670562 0.00536839403052
7.4 0.00448348226171 0.0048596092588
7.5 0.00478961526062 0.00439918658334
7.6 0.00511695056043 0.00398253412899
7.7 0.00546694719662 0.00360547945802
7.8 0.00584116197862 0.00326423935426
7.9 0.00624126144725 0.002955406478
8 0.00666902985052 0.00267591984272
8.1 0.00712636900155 0.00242296408208
8.2 0.0076153130112 0.00219399701673
8.3 0.00813804295889 0.00198677575623
8.4 0.00869688281896 0.00179922528327
8.5 0.00929431603112 0.00162946091613
8.6 0.00993300721565 0.00147581702497
8.7 0.010615796178 0.00133675518004
8.8 0.011345726016 0.00121085357851
8.9 0.0121260200261 0.00109692573839
9 0.0129601779071 0.000993791606927
9.1 0.0138518970931 0.000900422231972
9.2 0.0148051693827 0.000815906447561
9.3 0.0158242376349 0.000739400502519
9.4 0.0169135991013 0.000670131936926
9.5 0.0180780976702 0.000607403321674
9.6 0.0193229978343 0.000550589965467
9.7 0.0206537902127 0.000499145943616
9.8 0.0220762827914 0.000452597281086
9.9 0.0235969175439 0.00041045378127
10 0.0252225061723 0.000372282929638
10.1 0.026960174595 0.000337725418614
10.2 0.0288175697073 0.000306453990549
10.3 0.0308031661862 0.000278124450621
10.4 0.0329257449583 0.0002524589391
10.5 0.0351945629919 0.000229219350692
10.6 0.0376198304208 0.000208168397854
10.7 0.0402124725413 0.000189088411337
10.8 0.0429838746911 0.000171801492928
10.9 0.0459461748292 0.000156150027444
11 0.0491128831282 0.000141964070743
11.1 0.0524980556374 0.000129104843657
11.2 0.0561164735802 0.00011745529503
11.3 0.0599842863302 0.000106901007648
11.4 0.06411902021 9.7329955997e-05
11.5 0.068538864733 8.8652155668e-05
11.6 0.0732630992915 8.07891870783e-05
11.7 0.0783130572698 7.36599949446e-05
11.8 0.0837112583108 6.7193669221e-05
11.9 0.0894815112963 6.13288117856e-05
12 0.095649753418 5.60075447446e-05
12.1 0.102243333961 5.1179710855e-05
12.2 0.109291263506 4.68013820651e-05
12.3 0.116825285447 4.28284130255e-05
12.4 0.124878783186 3.92230278532e-05
12.5 0.133487229961 3.59519663276e-05
12.6 0.142689409835 3.29826333345e-05
12.7 0.152526052097 3.02871202751e-05
12.8 0.163040532336 2.78406522299e-05
12.9 0.174280222917 2.56191839543e-05
13 0.18629481067 2.36022796703e-05
13.1 0.199137250099 2.17717373127e-05
13.2 0.212865206415 2.0109785678e-05
13.3 0.22753946416 1.86010757885e-05
13.4 0.243225520294 1.72315533641e-05
13.5 0.259993046844 1.59887111037e-05
13.6 0.277916314512 1.48613805244e-05
13.7 0.297075500204 1.38390675116e-05
13.8 0.317555233287 1.291272033e-05
13.9 0.339447049878 1.20738917856e-05
14 0.362848081905 1.13151299162e-05
14.1 0.387862156894 1.0629790262e-05
14.2 0.414601110014 1.00117619312e-05
14.3 0.443182917649 9.4558417847e-06
14.4 0.473735081629 8.95726530962e-06
14.5 0.506393435376 8.51184320181e-06
14.6 0.541303018806 8.11592369828e-06
14.7 0.578619059619 7.76647384454e-06
14.8 0.618507748454 7.46077573717e-06
14.9 0.661146579194 7.19668271499e-06
15 0.706724982906 6.97263691855e-06
15.1 0.755445401851 6.78746209335e-06
15.2 0.807524611747 6.64059705806e-06
15.3 0.863194144798 6.53201375626e-06
15.4 0.922701258571 6.4622676764e-06
15.5 0.986310845656 6.43278658119e-06
15.6 1.05430555345 6.44569841826e-06
15.7 1.12698759087 6.5041949714e-06
15.8 1.20468039994 6.61286150126e-06
15.9 1.28772903099 6.77749274522e-06
16 1.37650291873 7.00632367224e-06
16.1 1.47139691436 7.31004959502e-06
16.2 1.57283247848 7.701956479e-06
16.3 1.68126025228 8.200195097e-06
16.4 1.79716254038 8.83003288442e-06
16.5 1.92105469933 9.62300691803e-06
16.6 2.05348770061 1.06212907069e-05
16.7 2.19505008928 1.18881485054e-05
16.8 2.34637106704 1.35041853899e-05
16.9 2.50812310559 1.557576768e-05
17 2.6810251374 1.82775794429e-05
17.1 2.86584542382 2.18464218803e-05
17.2 3.06340473039 2.65925645453e-05
17.3 3.27458033552 3.30500056468e-05
17.4 3.50030981938 4.20534541895e-05
17.5 3.74159446412 5.46997741781e-05
17.6 3.99950321664 7.2862884069e-05
17.7 4.27517609734 0.000100365932794
17.8 4.56982923257 0.000142286117109
17.9 4.88475844456 0.000206042624624
18 5.22133278163 0.000309169133056
18.1 5.58099923903 0.000479793773777
18.2 5.96526077368 0.000773284278399
18.3 6.37564302256 0.00129649824056
18.4 6.81360137056 0.00226819324478
18.5 7.28031092281 0.00415205618196
18.6 7.77615789318 0.0079750937769
18.7 8.29947883547 0.0161173160449
18.8 8.84330241635 0.0343622275313
18.9 9.38669367427 0.077373544979
19 9.87135009465 0.1835490819
19.1 10.1413491032 0.453055493349
19.2 9.82325265965 1.12047774495
19.3 8.30752809952 2.54098061278
19.4 5.52383997899 4.6218022533
19.5 2.82023007324 6.30022024267
19.6 1.23535391882 6.91644621194
19.7 0.526380068661 6.79985879813
19.8 0.233315832509 6.37735764926
19.9 0.110225812302 5.86543324184
20 0.0557966840287 5.3496211841
