"Time" "Prey" "Predator"
0 38.9405337203 1.09192126622
0.1 13.9916751223 20.502233239
0.2 0.423890016629 28.2151954842
0.3 0.0122528420415 25.821816101
0.4 0.000494199865855 23.3729056234
0.5 2.72353748917e-05 21.1490128544
0.6 1.97908556955e-06 19.136436774
0.7 1.81788525167e-07 17.3153660062
0.8 1.65014136975e-08 15.6675923638
0.9 -8.65874780059e-09 14.176620295
1 -1.21042433719e-08 12.8275353833
1.1 -1.22504188289e-08 11.6068329598
1.2 -1.21701740712e-08 10.5022950497
1.3 -1.19058487007e-08 9.50286874448
1.4 -1.1434205208e-08 8.59855622197
1.5 -1.13882065117e-08 7.78029603452
1.6 -1.1383536966e-08 7.0399030983
1.7 -1.1383536966e-08 6.36996807149
1.8 -1.1383536966e-08 5.76378590722
1.9 -1.1383536966e-08 5.2152894792
2 -1.1383536966e-08 4.71899195197
2.1 -1.1383536966e-08 4.26992714688
2.2 -1.1383536966e-08 3.86358963057
2.3 -1.1383536966e-08 3.49591201772
2.4 -1.1383536966e-08 3.1632301045
2.5 -1.1383536966e-08 2.86221413571
2.6 -1.1383536966e-08 2.5898366816
2.7 -1.1383536966e-08 2.34337952094
2.8 -1.1383536966e-08 2.12037795507
2.9 -1.1383536966e-08 1.91859775761
3 -1.1383536966e-08 1.73601914498
3.1 -1.1383536966e-08 1.57081453592
3.2 -1.1383536966e-08 1.42133185018
3.3 -1.1383536966e-08 1.28607440023
3.4 -1.1383536966e-08 1.16368813994
3.5 -1.1383536966e-08 1.05294844821
3.6 -1.1383536966e-08 0.952746878922
3.7 -1.1383536966e-08 0.862081058884
3.8 -1.1383536966e-08 0.780043235393
3.9 -1.1383536966e-08 0.705812280793
4 -1.1383536966e-08 0.638645272113
4.1 -1.1383536966e-08 0.577870106315
4.2 -1.1383536966e-08 0.522878461592
4.3 -1.1383536966e-08 0.473119989399
4.4 -1.1383536966e-08 0.428096655
4.5 -1.1383536966e-08 0.387357832765
4.6 -1.1383536966e-08 0.350495838143
4.7 -1.1383536966e-08 0.317141729852
4.8 -1.1383536966e-08 0.286961688961
4.9 -1.1383536966e-08 0.259653562991
5 -1.1383536966e-08 0.234944162451
5.1 -1.1383536966e-08 0.212586247565
5.2 -1.1383536966e-08 0.192355924705
5.3 -1.1383536966e-08 0.174050856067
5.4 -1.1383536966e-08 0.157487689262
5.5 -1.1383536966e-08 0.142500746038
5.6 -1.1383536966e-08 0.128939980622
5.7 -1.1383536966e-08 0.116669678202
5.8 -1.1383536966e-08 0.105567098871
5.9 -1.1383536966e-08 0.0955210375409
6 -1.1383536966e-08 0.0864310159595
6.1 -1.1383536966e-08 0.0782059968166
6.2 -1.1383536966e-08 0.0707637014372
6.3 -1.1383536966e-08 0.0640296380162
6.4 -1.1383536966e-08 0.0579363924468
6.5 -1.1383536966e-08 0.0524230166906
6.6 -1.1383536966e-08 0.0474342796756
6.7 -1.1383536966e-08 0.0429203060508
6.8 -1.1383536966e-08 0.0388358945536
6.9 -1.1383536966e-08 0.0351401582863
7 -1.1383536966e-08 0.0317961361893
7.1 -1.1383536966e-08 0.0287703227362
7.2 -1.1383536966e-08 0.0260324637687
7.3 -1.1383536966e-08 0.0235551435339
7.4 -1.1383536966e-08 0.0213135657299
7.5 -1.1383536966e-08 0.0192853155197
7.6 -1.1383536966e-08 0.0174500696642
7.7 -1.1383536966e-08 0.0157894763726
7.8 -1.1383536966e-08 0.0142869070687
7.9 -1.1383536966e-08 0.0129273222684
8 -1.1383536966e-08 0.0116971261284
8.1 -1.1383536966e-08 0.0105839936741
8.2 -1.1383536966e-08 0.00957679251077
8.3 -1.1383536966e-08 0.00866542650232
8.4 -1.1383536966e-08 0.00784077827382
8.5 -1.1383536966e-08 0.00709462975859
8.6 -1.1383536966e-08 0.00641950740206
8.7 -1.1383536966e-08 0.00580864069052
8.8 -1.1383536966e-08 0.00525589029161
8.9 -1.1383536966e-08 0.00475575589584
9 -1.1383536966e-08 0.0043032185982
9.1 -1.1383536966e-08 0.00389370991838
9.2 -1.1383536966e-08 0.00352317878088
9.3 -1.1383536966e-08 0.00318791151278
9.4 -1.1383536966e-08 0.00288453330633
9.5 -1.1383536966e-08 0.00261004029727
9.6 -1.1383536966e-08 0.00236167113588
9.7 -1.1383536966e-08 0.00213692353851
9.8 -1.1383536966e-08 0.00193357424932
9.9 -1.1383536966e-08 0.00174957450155
10 -1.1383536966e-08 0.00158308132898
10.1 -1.1383536966e-08 0.00143245226737
10.2 -1.1383536966e-08 0.00129616229163
10.3 -1.1383536966e-08 0.00117281180292
10.4 -1.1383536966e-08 0.00106119767705
10.5 -1.1383536966e-08 0.000960212239643
10.6 -1.1383536966e-08 0.000868830234124
10.7 -1.1383536966e-08 0.000786134235813
10.8 -1.1383536966e-08 0.000711318057695
10.9 -1.1383536966e-08 0.000643627437197
11 -1.1383536966e-08 0.000582370724634
11.1 -1.1383536966e-08 0.00052694828436
11.2 -1.1383536966e-08 0.000476807143358
11.3 -1.1383536966e-08 0.000431433853855
11.4 -1.1383536966e-08 0.000390370444323
11.5 -1.1383536966e-08 0.000353218578513
11.6 -1.1383536966e-08 0.00031960394264
11.7 -1.1383536966e-08 0.000289174461338
11.8 -1.1383536966e-08 0.000261659757032
11.9 -1.1383536966e-08 0.000236760726566
12 -1.1383536966e-08 0.000214229549569
12.1 -1.1383536966e-08 0.000193842902759
12.2 -1.1383536966e-08 0.000175402781881
12.3 -1.1383536966e-08 0.000158719135059
12.4 -1.1383536966e-08 0.000143618239822
12.5 -1.1383536966e-08 0.000129943253956
12.6 -1.1383536966e-08 0.000117558197249
12.7 -1.1383536966e-08 0.000106342757577
12.8 -1.1383536966e-08 9.61930516538e-05
12.9 -1.1383536966e-08 8.70222335835e-05
13 -1.1383536966e-08 7.87374718844e-05
13.1 -1.1383536966e-08 7.12382434954e-05
13.2 -1.1383536966e-08 6.44523797235e-05
13.3 -1.1383536966e-08 5.83186790142e-05
13.4 -1.1383536966e-08 5.27836168621e-05
13.5 -1.1383536966e-08 4.77769854629e-05
13.6 -1.1383536966e-08 4.32436701129e-05
13.7 -1.1383536966e-08 3.91389949295e-05
13.8 -1.1383536966e-08 3.54249997187e-05
13.9 -1.1383536966e-08 3.20312768323e-05
14 -1.1383536966e-08 2.90080366041e-05
14.1 -1.1383536966e-08 2.6254188723e-05
14.2 -1.1383536966e-08 2.37562969177e-05
14.3 -1.1383536966e-08 2.14995456353e-05
14.4 -1.1383536966e-08 1.94589187868e-05
14.5 -1.1383536966e-08 1.76146415696e-05
14.6 -1.1383536966e-08 1.59486886635e-05
14.7 -1.1383536966e-08 1.44430347481e-05
14.8 -1.1383536966e-08 1.30796545031e-05
14.9 -1.1383536966e-08 1.18461763739e-05
15 -1.1383536966e-08 1.07338767391e-05
15.1 -1.1383536966e-08 9.72878079163e-06
15.2 -1.1383536966e-08 8.81690261167e-06
15.3 -1.1383536966e-08 7.98425627955e-06
15.4 -1.1383536966e-08 7.21896102815e-06
15.5 -1.1383536966e-08 6.52470483704e-06
15.6 -1.1383536966e-08 5.89717608039e-06
15.7 -1.1383536966e-08 5.32939295478e-06
15.8 -1.1383536966e-08 4.8143736568e-06
15.9 -1.1383536966e-08 4.34513638301e-06
16 -1.1383536966e-08 3.85555225638e-06
16.1 -1.1383536966e-08 3.50516995451e-06
16.2 -1.1383536966e-08 3.17911851816e-06
16.3 -1.1383536966e-08 2.87739794733e-06
16.4 -1.1383536966e-08 2.60000824203e-06
16.5 -1.1383536966e-08 2.34657479376e-06
16.6 -1.1383536966e-08 2.11439241671e-06
16.7 -1.1383536966e-08 1.90292429004e-06
16.8 -1.1383536966e-08 1.71217041376e-06
16.9 -1.1383536966e-08 1.54213078786e-06
17 -1.1383536966e-08 1.39280541235e-06
17.1 -1.1383536966e-08 1.2617492136e-06
17.2 -1.1383536966e-08 1.14200006319e-06
17.3 -1.1383536966e-08 1.03313045784e-06
17.4 -1.1383536966e-08 9.35140397551e-07
17.5 -1.1383536966e-08 8.48029882327e-07
17.6 -1.1383536966e-08 7.71798912166e-07
17.7 -1.1383536966e-08 7.03809057722e-07
17.8 -1.1383536966e-08 6.40920488759e-07
17.9 -1.1383536966e-08 5.83127387363e-07
18 -1.1383536966e-08 5.30429753532e-07
18.1 -1.1383536966e-08 4.82827587269e-07
18.2 -1.1383536966e-08 4.40273945542e-07
18.3 -1.1383536966e-08 4.01289649177e-07
18.4 -1.1383536966e-08 3.65169990562e-07
18.5 -1.1383536966e-08 3.31914969694e-07
18.6 -1.1383536966e-08 3.01524586575e-07
18.7 -1.1383536966e-08 2.73998841204e-07
18.8 -1.1383536966e-08 2.49227493518e-07
18.9 -1.1383536966e-08 2.26414459436e-07
19 -1.1383536966e-08 2.05401762926e-07
19.1 -1.1383536966e-08 1.86189403989e-07
19.2 -1.1383536966e-08 1.68777382623e-07
19.3 -1.1383536966e-08 1.5316569883e-07
19.4 -1.1383536966e-08 1.39173079613e-07
19.5 -1.1383536966e-08 1.26283366334e-07
19.6 -1.1383536966e-08 1.14464864733e-07
19.7 -1.1383536966e-08 1.03717574808e-07
19.8 -1.1383536966e-08 9.40414965613e-08
19.9 -1.1383536966e-08 8.54366299915e-08
20 -1.1383536966e-08 7.76879329437e-08
