"Time" "Prey" "Predator"
0 37.9526774906 0.977495605096
0.1 15.4756415058 18.636451024
0.2 0.549290458282 27.5223783659
0.3 0.0171867507348 25.2806040744
0.4 0.000742292057581 22.886537727
0.5 4.35086115487e-05 20.7090948812
0.6 3.36733907131e-06 18.7383930662
0.7 3.25591746988e-07 16.9552021033
0.8 3.95835683814e-08 15.3417023321
0.9 -1.01180464044e-08 13.8817476334
1 -2.51013000505e-08 12.5607166116
1.1 -2.81438818061e-08 11.3654042883
1.2 -2.81438818061e-08 10.2838411596
1.3 -2.81438818061e-08 9.30520195718
1.4 -2.81438818061e-08 8.41969097639
1.5 -2.81438818061e-08 7.61845686969
1.6 -2.81438818061e-08 6.89347050595
1.7 -2.81438818061e-08 6.23746714012
1.8 -2.81438818061e-08 5.64389499236
1.9 -2.81438818061e-08 5.10680768772
2 -2.81438818061e-08 4.62083074671
2.1 -2.81438818061e-08 4.18110070953
2.2 -2.81438818061e-08 3.78321661079
2.3 -2.81438818061e-08 3.42319611833
2.4 -2.81438818061e-08 3.09743629778
2.5 -2.81438818061e-08 2.80267623972
2.6 -2.81438818061e-08 2.53596544909
2.7 -2.81438818061e-08 2.29463623978
2.8 -2.81438818061e-08 2.07627261352
2.9 -2.81438818061e-08 1.87868917622
3 -2.81438818061e-08 1.69990824674
3.1 -2.81438818061e-08 1.53814050418
3.2 -2.81438818061e-08 1.39176707809
3.3 -2.81438818061e-08 1.25932292411
3.4 -2.81438818061e-08 1.13948245654
3.5 -2.81438818061e-08 1.03104619071
3.6 -2.81438818061e-08 0.932928642433
3.7 -2.81438818061e-08 0.844148610916
3.8 -2.81438818061e-08 0.763817024418
3.9 -2.81438818061e-08 0.691130098975
4 -2.81438818061e-08 0.625360373725
4.1 -2.81438818061e-08 0.56584928885
4.2 -2.81438818061e-08 0.512001636022
4.3 -2.81438818061e-08 0.463278055615
4.4 -2.81438818061e-08 0.41919129144
4.5 -2.81438818061e-08 0.379299933366
4.6 -2.81438818061e-08 0.343204712303
4.7 -2.81438818061e-08 0.310544478332
4.8 -2.81438818061e-08 0.280992158927
4.9 -2.81438818061e-08 0.254252227711
5 -2.81438818061e-08 0.230056861994
5.1 -2.81438818061e-08 0.208164032978
5.2 -2.81438818061e-08 0.188354597896
5.3 -2.81438818061e-08 0.170430242259
5.4 -2.81438818061e-08 0.154211670702
5.5 -2.81438818061e-08 0.139536437676
5.6 -2.81438818061e-08 0.126257789482
5.7 -2.81438818061e-08 0.114242750143
5.8 -2.81438818061e-08 0.103371097473
5.9 -2.81438818061e-08 0.0935340241983
6 -2.81438818061e-08 0.0846330289477
6.1 -2.81438818061e-08 0.0765791355605
6.2 -2.81438818061e-08 0.0692916502062
6.3 -2.81438818061e-08 0.0626976688988
6.4 -2.81438818061e-08 0.0567312010117
6.5 -2.81438818061e-08 0.0513324908772
6.6 -2.81438818061e-08 0.0464475634672
6.7 -2.81438818061e-08 0.0420274788344
6.8 -2.81438818061e-08 0.0380280260292
6.9 -2.81438818061e-08 0.0344091840121
7 -2.81438818061e-08 0.0311347063114
7.1 -2.81438818061e-08 0.0281718517218
7.2 -2.81438818061e-08 0.0254909376659
7.3 -2.81438818061e-08 0.0230651484048
7.4 -2.81438818061e-08 0.0208702096537
7.5 -2.81438818061e-08 0.0188841379511
7.6 -2.81438818061e-08 0.0170870773173
7.7 -2.81438818061e-08 0.0154610235439
7.8 -2.81438818061e-08 0.0139897102545
7.9 -2.81438818061e-08 0.0126584134338
8 -2.81438818061e-08 0.011453800281
8.1 -2.81438818061e-08 0.0103638273557
8.2 -2.81438818061e-08 0.00937757733154
8.3 -2.81438818061e-08 0.00848518130533
8.4 -2.81438818061e-08 0.00767770095265
8.5 -2.81438818061e-08 0.00694704817591
8.6 -2.81438818061e-08 0.00628593992019
8.7 -2.81438818061e-08 0.00568776884906
8.8 -2.81438818061e-08 0.005146534774
8.9 -2.81438818061e-08 0.00465679694089
9 -2.81438818061e-08 0.00421366511476
9.1 -2.81438818061e-08 0.0038127171667
9.2 -2.81438818061e-08 0.00344989942205
9.3 -2.81438818061e-08 0.00312159508229
9.4 -2.81438818061e-08 0.00282454362098
9.5 -2.81438818061e-08 0.00255574906349
9.6 -2.81438818061e-08 0.00231253434384
9.7 -2.81438818061e-08 0.00209247778619
9.8 -2.81438818061e-08 0.00189335218095
9.9 -2.81438818061e-08 0.0017131747309
10 -2.81438818061e-08 0.00155015175554
10.1 -2.81438818061e-08 0.00140263385991
10.2 -2.81438818061e-08 0.00126916056932
10.3 -2.81438818061e-08 0.00114840364997
10.4 -2.81438818061e-08 0.00103913322149
10.5 -2.81438818061e-08 0.000940237176482
10.6 -2.81438818061e-08 0.000850758434755
10.7 -2.81438818061e-08 0.00076979873639
10.8 -2.81438818061e-08 0.000696532672825
10.9 -2.81438818061e-08 0.000630238614033
11 -2.81438818061e-08 0.000570261607615
11.1 -2.81438818061e-08 0.000515993419008
11.2 -2.81438818061e-08 0.000466883389263
11.3 -2.81438818061e-08 0.000422453689429
11.4 -2.81438818061e-08 0.000382255905873
11.5 -2.81438818061e-08 0.000345876447442
11.6 -2.81438818061e-08 0.000312957141923
11.7 -2.81438818061e-08 0.000283173604411
11.8 -2.81438818061e-08 0.000256224316947
11.9 -2.81438818061e-08 0.000231832066111
12 -2.81438818061e-08 0.000209772231608
12.1 -2.81438818061e-08 0.000189810713202
12.2 -2.81438818061e-08 0.000171746492272
12.3 -2.81438818061e-08 0.000155404693216
12.4 -2.81438818061e-08 0.000140622301386
12.5 -2.81438818061e-08 0.000127246294761
12.6 -2.81438818061e-08 0.00011513720264
12.7 -2.81438818061e-08 0.000104170520558
12.8 -2.81438818061e-08 9.42384774977e-05
12.9 -2.81438818061e-08 8.52456376318e-05
13 -2.81438818061e-08 7.71106043817e-05
13.1 -2.81438818061e-08 6.97645855825e-05
13.2 -2.81438818061e-08 6.31218741119e-05
13.3 -2.81438818061e-08 5.7109304164e-05
13.4 -2.81438818061e-08 5.16701046003e-05
13.5 -2.81438818061e-08 4.67565592731e-05
13.6 -2.81438818061e-08 4.23213478939e-05
13.7 -2.81438818061e-08 3.8306730948e-05
13.8 -2.81438818061e-08 3.46714664594e-05
13.9 -2.81438818061e-08 3.13803813808e-05
14 -2.81438818061e-08 2.8349864927e-05
14.1 -2.81438818061e-08 2.56889388451e-05
14.2 -2.81438818061e-08 2.32587297122e-05
14.3 -2.81438818061e-08 2.10481021038e-05
14.4 -2.81438818061e-08 1.90459205953e-05
14.5 -2.81438818061e-08 1.72374847206e-05
14.6 -2.81438818061e-08 1.56019857895e-05
14.7 -2.81438818061e-08 1.41242549763e-05
14.8 -2.81438818061e-08 1.2789351332e-05
14.9 -2.81438818061e-08 1.15823339079e-05
15 -2.81438818061e-08 1.04886585834e-05
15.1 -2.81438818061e-08 9.50103228002e-06
15.2 -2.81438818061e-08 8.60999131371e-06
15.3 -2.81438818061e-08 7.80394292619e-06
15.4 -2.81438818061e-08 7.07129435914e-06
15.5 -2.81438818061e-08 6.40045285428e-06
15.6 -2.81438818061e-08 5.78526461444e-06
15.7 -2.81438818061e-08 5.22889477642e-06
15.8 -2.81438818061e-08 4.72590408984e-06
15.9 -2.81438818061e-08 4.27050564656e-06
16 -2.81438818061e-08 3.85691253843e-06
16.1 -2.81438818061e-08 3.40057252479e-06
16.2 -2.81438818061e-08 3.09670449135e-06
16.3 -2.81438818061e-08 2.81300405764e-06
16.4 -2.81438818061e-08 2.54947122367e-06
16.5 -2.81438818061e-08 2.30610598943e-06
16.6 -2.81438818061e-08 2.08290835493e-06
16.7 -2.81438818061e-08 1.87894612339e-06
16.8 -2.81438818061e-08 1.69222045416e-06
16.9 -2.81438818061e-08 1.52266434885e-06
17 -2.81438818061e-08 1.37027780745e-06
17.1 -2.81438818061e-08 1.23506082997e-06
17.2 -2.81438818061e-08 1.11700734714e-06
17.3 -2.81438818061e-08 1.01173904349e-06
17.4 -2.81438818061e-08 9.15488524126e-07
17.5 -2.81438818061e-08 8.28255789041e-07
17.6 -2.81438818061e-08 7.50040838236e-07
17.7 -2.81438818061e-08 6.8084367171e-07
17.8 -2.81438818061e-08 6.20464648723e-07
17.9 -2.81438818061e-08 5.65522354354e-07
18 -2.81438818061e-08 5.14803586095e-07
18.1 -2.81438818061e-08 4.68308343947e-07
18.2 -2.81438818061e-08 4.26036627909e-07
18.3 -2.81438818061e-08 3.87988437981e-07
18.4 -2.81438818061e-08 3.53895585776e-07
18.5 -2.81438818061e-08 3.22374013856e-07
18.6 -2.81438818061e-08 2.93226886924e-07
18.7 -2.81438818061e-08 2.66454204981e-07
18.8 -2.81438818061e-08 2.42055968027e-07
18.9 -2.81438818061e-08 2.20032176061e-07
19 -2.81438818061e-08 2.00108527319e-07
19.1 -2.81438818061e-08 1.81696856798e-07
19.2 -2.81438818061e-08 1.64777450013e-07
19.3 -2.81438818061e-08 1.49350306964e-07
19.4 -2.81438818061e-08 1.35415427652e-07
19.5 -2.81438818061e-08 1.22972362111e-07
19.6 -2.81438818061e-08 1.11696509373e-07
19.7 -2.81438818061e-08 1.01308561094e-07
19.8 -2.81438818061e-08 9.1808517276e-08
19.9 -2.81438818061e-08 8.31963779177e-08
20 -2.81438818061e-08 7.54721430195e-08
