"Time" "Prey" "Predator"
0 0.415566583203 0.720759307583
0.1 0.404631892343 0.679457622844
0.2 0.396117698839 0.639899652177
0.3 0.38978438528 0.602199303839
0.4 0.385435645924 0.566418858771
0.5 0.382908101093 0.532582304523
0.6 0.382067895799 0.500683040662
0.7 0.38280569743 0.470692244899
0.8 0.385033688 0.442563788194
0.9 0.388682826532 0.416238772659
1 0.393700310197 0.391649442138
1.1 0.400047802659 0.368721800552
1.2 0.407698631239 0.347379707499
1.3 0.416637537053 0.327544620687
1.4 0.426858872484 0.309138152414
1.5 0.438365691335 0.29208318509
1.6 0.451168812301 0.276304728083
1.7 0.465286047948 0.261730658457
1.8 0.480741613274 0.248292112618
1.9 0.497565598932 0.235923847116
2 0.515793204381 0.224564915074
2.1 0.535464636126 0.214158238938
2.2 0.556624445375 0.204651144709
2.3 0.579321146913 0.195995343052
2.4 0.603606805153 0.188147017981
2.5 0.62953647202 0.181066954143
2.6 0.657167739234 0.174720514899
2.7 0.686560098718 0.169077835566
2.8 0.71777418696 0.164113886867
2.9 0.750871157718 0.159808636106
3 0.785911316595 0.156147355447
3.1 0.822953462565 0.153120754072
3.2 0.862052513864 0.150725664665
3.3 0.9032596675 0.148964876383
3.4 0.946618274956 0.147848441523
3.5 0.992161656687 0.147394311988
3.6 1.03991280203 0.147628315934
3.7 1.08987604387 0.148586853992
3.8 1.14203580821 0.150317212794
3.9 1.19634962558 0.152879730035
4 1.25274416861 0.156349014618
4.1 1.31110416735 0.160817401262
4.2 1.37126613264 0.166396888911
4.3 1.43300519641 0.173222974304
4.4 1.49602394883 0.181458011641
4.5 1.5599384917 0.191295048642
4.6 1.6242576803 0.202963456668
4.7 1.68836824081 0.216732072592
4.8 1.75151573119 0.232913484461
4.9 1.81278187113 0.251866667971
5 1.87106900137 0.273997557539
5.1 1.92508472406 0.299754812733
5.2 1.97333917943 0.329619715519
5.3 2.01415884727 0.364082631516
5.4 2.04571600441 0.403613760082
5.5 2.06610003541 0.448607905703
5.6 2.07342001151 0.499316691241
5.7 2.06595188707 0.555760882219
5.8 2.04232596531 0.617630930358
5.9 2.00173510162 0.684191594618
6 1.94413430902 0.754211735728
6.1 1.8703882174 0.825946966212
6.2 1.78232285047 0.897197381223
6.3 1.68263107125 0.965463328279
6.4 1.57466263132 1.02816085848
6.5 1.46209563832 1.0828885342
6.6 1.34857425482 1.12767543525
6.7 1.23737939505 1.16116487079
6.8 1.1311922082 1.1827006356
6.9 1.03197652363 1.19231173198
7 0.940974780821 1.19061485837
7.1 0.858788118907 1.17866781803
7.2 0.785510448947 1.15780500883
7.3 0.720855839488 1.12949938394
7.4 0.664299059417 1.09523328346
7.5 0.615178895757 1.0564161931
7.6 0.572779442829 1.01432880876
7.7 0.536386402518 0.970094474265
7.8 0.505322334769 0.924669776519
7.9 0.478965748377 0.87884968298
8 0.456761167537 0.83327816207
8.1 0.438220764626 0.788464757804
8.2 0.4229216876 0.744802612612
8.3 0.410501311262 0.70258588774
8.4 0.400651273226 0.662026101291
8.5 0.393111322579 0.623266883429
8.6 0.387663187974 0.586396927338
8.7 0.384125172316 0.551460985416
8.8 0.382346914168 0.518469199497
8.9 0.382205425587 0.487404912459
9 0.383601183224 0.458230893051
9.1 0.386454938371 0.430894931019
9.2 0.390705000132 0.405333827932
9.3 0.396304973376 0.381476977985
9.4 0.403221778268 0.359249143082
9.5 0.411434101317 0.338572504219
9.6 0.42093094872 0.319368610735
9.7 0.431710589792 0.301559517749
9.8 0.443779518376 0.285068987871
9.9 0.457151619061 0.269823305045
10 0.471847618471 0.255751584123
10.1 0.487894330795 0.242786514471
10.2 0.505324096816 0.23086476562
10.3 0.524174460264 0.219926885001
10.4 0.544487484524 0.20991784076
10.5 0.566309573552 0.200786746164
10.6 0.589690777501 0.19248734822
10.7 0.614684572414 0.184977763352
10.8 0.641347144303 0.178220800198
10.9 0.669737016873 0.172183868581
11 0.699914259538 0.166839197425
11.1 0.731939843446 0.162163915597
11.2 0.765874702041 0.158140253918
11.3 0.801778644355 0.15475582113
11.4 0.839709198574 0.152003857407
11.5 0.879719821168 0.149883760299
11.6 0.921858406804 0.148401461062
11.7 0.966164517338 0.147570268357
11.8 1.01266726262 0.147411475884
11.9 1.06138128215 0.14795560071
12 1.11230345507 0.149243390373
12.1 1.1654072253 0.151327575376
12.2 1.22063760215 0.154274431188
12.3 1.2779044621 0.158165849617
12.4 1.33707197112 0.163102563322
12.5 1.39795216714 0.169206175023
12.6 1.46028994608 0.176623424818
12.7 1.52375138291 0.185529736253
12.8 1.58790885423 0.19613324115
12.9 1.65222046515 0.208679635974
13 1.71601421672 0.223456912165
13.1 1.77846711209 0.240797272272
13.2 1.83858333382 0.261080874585
13.3 1.89518156028 0.284732936582
13.4 1.94688431894 0.312217624765
13.5 1.99212045816 0.344022727642
13.6 2.0291393029 0.380637297762
13.7 2.05607020037 0.422504017758
13.8 2.0709954937 0.469965444801
13.9 2.07207481923 0.523185281578
14 2.05771355597 0.582052410681
14.1 2.02676164475 0.646082655261
14.2 1.97872031191 0.714331620908
14.3 1.91393021377 0.785340570351
14.4 1.83367175311 0.857157703823
14.5 1.74017158377 0.927426037449
14.6 1.63643933375 0.993580728756
14.7 1.52601220894 1.05308390433
14.8 1.41259764184 1.10369384702
14.9 1.29971776745 1.14368965377
15 1.1904145712 1.17201523495
15.1 1.08706435461 1.18831990478
15.2 0.991311744158 1.19290401926
15.3 0.904106838939 1.18659566153
15.4 0.82581209931 1.17059313804
15.5 0.75633906941 1.14630780456
15.6 0.695283900183 1.11522871365
15.7 0.64204996489 1.07881564233
15.8 0.595943927405 1.03842698398
15.9 0.556245238373 0.995276868355
16 0.52225208318 0.950416658329
16.1 0.493309884278 0.904731433467
16.2 0.468824936757 0.858948960652
16.3 0.448271367603 0.813652356026
16.4 0.431190213903 0.769298205103
16.5 0.417185408288 0.726234574807
16.6 0.405918693806 0.684717704036
16.7 0.397103537153 0.64492776497
16.8 0.390498617201 0.606983054293
16.9 0.385902221929 0.570951869758
17 0.383146887304 0.536862841807
17.1 0.382094653874 0.504713610426
17.2 0.382633209576 0.474477773161
17.3 0.384672209328 0.4461110826
17.4 0.38814034856 0.4195560191
17.5 0.392982859424 0.394745807836
17.6 0.399159345866 0.371607538281
17.7 0.406642047363 0.350064567782
17.8 0.415414278234 0.330038665104
17.9 0.425469217335 0.311451424381
18 0.436808810315 0.294225555498
18.1 0.449442826694 0.278285894632
18.2 0.463388316131 0.263559674349
18.3 0.478668634596 0.249977703281
18.4 0.495313098402 0.237474336329
18.5 0.513356366961 0.225987893776
18.6 0.532837982321 0.215460861238
18.7 0.55380198895 0.205839932237
18.8 0.576296382894 0.197076315374
18.9 0.600372820666 0.189125565677
19 0.62608595918 0.181947908355
19.1 0.653493138427 0.175508080996
19.2 0.682653574151 0.169775628268
19.3 0.713627892093 0.164724850553
19.4 0.74647709562 0.160335105672
19.5 0.781261826393 0.156590909197
19.6 0.818040878117 0.153482350301
19.7 0.856870268278 0.151005265751
19.8 0.897801482294 0.149161726622
19.9 0.940878436712 0.147961029864
20 0.986137395642 0.147419535922
