"Time" "Prey" "Predator"
0 15.1194535938 1.09192126622
0.1 11.9145693469 3.96123710833
0.2 5.48779490355 8.58673322864
0.3 1.56265116852 10.6984311659
0.4 0.40000432905 10.5410012774
0.5 0.11024888165 9.75290028749
0.6 0.0340308534956 8.88165094996
0.7 0.011771415231 8.05316610116
0.8 0.00452724287389 7.29228629513
0.9 0.00191826306588 6.60032326588
1 0.000887474285982 5.97301261749
1.1 0.000444611844483 5.40494943764
1.2 0.000239387382982 4.89076168895
1.3 0.000137594875574 4.42542505142
1.4 8.38170132364e-05 4.00433334383
1.5 5.39048408729e-05 3.62329495664
1.6 3.63419486316e-05 3.27850701751
1.7 2.56345937876e-05 2.96652453439
1.8 1.88067786672e-05 2.68422794922
1.9 1.42971211574e-05 2.42879352982
2 1.12247801457e-05 2.19766532542
2.1 9.07399911065e-06 1.98853088717
2.2 7.53526479005e-06 1.79929783221
2.3 6.40959517713e-06 1.62807235022
2.4 5.57206074757e-06 1.47314115574
2.5 4.93991437355e-06 1.33295303823
2.6 4.45909241324e-06 1.20610612711
2.7 4.09087252268e-06 1.09133062985
2.8 3.80973396163e-06 0.987478723029
2.9 3.59297270633e-06 0.893508102665
3 3.4291514161e-06 0.808479844289
3.1 3.30831018819e-06 0.731543150323
3.2 3.22294663392e-06 0.661927932835
3.3 3.16763357605e-06 0.598937425933
3.4 3.13824760233e-06 0.541941235421
3.5 3.13171554195e-06 0.490369054449
3.6 3.14574042255e-06 0.443704782816
3.7 3.1784557918e-06 0.401480580514
3.8 3.22857558639e-06 0.363274001406
3.9 3.2956116217e-06 0.328703786533
4 3.37879292993e-06 0.297423342977
4.1 3.47792009613e-06 0.269119886974
4.2 3.59287248715e-06 0.243509965226
4.3 3.72370679317e-06 0.220337077298
4.4 3.87067321287e-06 0.199369246596
4.5 4.03415602308e-06 0.180396719401
4.6 4.2146824328e-06 0.163229789906
4.7 4.41288728365e-06 0.14769651142
4.8 4.62953146766e-06 0.133641407016
4.9 4.86547969437e-06 0.120923776148
5 5.12171174903e-06 0.109416388504
5.1 5.39931349262e-06 0.0990039920385
5.2 5.6994873893e-06 0.0895825020903
5.3 6.02354767489e-06 0.0810576624161
5.4 6.37292251374e-06 0.0733440536766
5.5 6.74916476061e-06 0.0663645091009
5.6 7.15395181022e-06 0.0600491120571
5.7 7.58909513406e-06 0.0543347031938
5.8 8.05654579137e-06 0.0491641028223
5.9 8.55840194503e-06 0.0444855282934
6 9.09691851185e-06 0.0402522154755
6.1 9.67451516839e-06 0.0364217482699
6.2 1.02937872771e-05 0.032955795922
6.3 1.09575170709e-05 0.0298196656967
6.4 1.16686856017e-05 0.026981958487
6.5 1.2430485448e-05 0.0244143155488
6.6 1.32463350096e-05 0.0220910093496
6.7 1.41198929136e-05 0.0199887977129
6.8 1.50550746373e-05 0.0180866416424
6.9 1.60560696864e-05 0.0163654905028
7 1.71273594494e-05 0.0148081340191
7.1 1.82737383562e-05 0.0133989705997
7.2 1.95003333147e-05 0.0121239041693
7.3 2.08126289918e-05 0.0109701892735
7.4 2.22164888839e-05 0.00992625687439
7.5 2.3718183723e-05 0.00898166853647
7.6 2.53244205789e-05 0.00812695308617
7.7 2.70423677889e-05 0.00735357078593
7.8 2.88796887071e-05 0.00665381117528
7.9 3.08445861488e-05 0.00602065902805
8 3.2945817141e-05 0.00544776280934
8.1 3.51927418873e-05 0.00492937073915
8.2 3.75953901255e-05 0.00446032848525
8.3 4.01644590263e-05 0.00403591509243
8.4 4.29113851833e-05 0.00365185642791
8.5 4.58484245988e-05 0.00330435716043
8.6 4.89886447811e-05 0.0029899244724
8.7 5.23460215356e-05 0.00270540140726
8.8 5.59355256338e-05 0.00244796982959
8.9 5.97731181627e-05 0.00221503350829
9 6.38758769498e-05 0.0020042535156
9.1 6.82620869576e-05 0.00181354226131
9.2 7.29512432707e-05 0.00164097461055
9.3 7.79642292324e-05 0.00148482876659
9.4 8.33233892942e-05 0.00134356045723
9.5 8.90525277221e-05 0.00121573680156
9.6 9.51770624769e-05 0.00110004723435
9.7 0.000101724338885 0.000995368270449
9.8 0.000108723485048 0.000900656774203
9.9 0.000116205551409 0.000814949461516
10 0.000124203839214 0.000737391596638
10.1 0.000132754015945 0.00066722388777
10.2 0.00014189405393 0.000603737654155
10.3 0.000151664501112 0.000546284910425
10.4 0.000162108963384 0.000494305256988
10.5 0.000173273892975 0.000447277974547
10.6 0.00018520880707 0.00040472045731
10.7 0.000197966813307 0.000366206873369
10.8 0.00021160479397 0.000331361770752
10.9 0.000226183304698 0.000299833596897
11 0.000241767454358 0.000271293932873
11.1 0.000258425501677 0.000245486131357
11.2 0.000276232700363 0.000222132119597
11.3 0.000295267737716 0.000200998344074
11.4 0.000315615864612 0.000181877152457
11.5 0.000337368404959 0.000164581195949
11.6 0.000360621749845 0.000148931951429
11.7 0.000385477941931 0.000134766390029
11.8 0.000412046142682 0.000121937768878
11.9 0.000440449110247 0.000110319126669
12 0.000470813324367 9.97979548939e-05
12.1 0.000503271421506 9.02775118917e-05
12.2 0.000537962937678 8.16771306861e-05
12.3 0.000575045318694 7.39050235526e-05
12.4 0.000614689274616 6.68697565549e-05
12.5 0.000657069139344 6.05040614947e-05
12.6 0.000702368461473 5.47510264067e-05
12.7 0.000750783882766 4.95593006884e-05
12.8 0.000802542332363 4.48618382282e-05
12.9 0.000857874848707 4.06082608521e-05
13 0.000917023017607 3.67568990699e-05
13.1 0.000980240922647 3.32724279381e-05
13.2 0.00104781550367 3.01179316572e-05
13.3 0.00112005802918 2.72582274795e-05
13.4 0.00119728618523 2.46668471926e-05
13.5 0.00127983444397 2.23219955993e-05
13.6 0.00136806110473 2.02042809332e-05
13.7 0.00146237963739 1.8286611721e-05
13.8 0.00156321102294 1.65495591929e-05
13.9 0.00167099544293 1.49775893238e-05
14 0.00178619584166 1.35579320026e-05
14.1 0.0019093350508 1.22751376694e-05
14.2 0.00204098035297 1.11133406734e-05
14.3 0.00218171066306 1.00610712573e-05
14.4 0.00233213549248 9.10847495877e-06
14.5 0.00249290773422 8.24677564909e-06
14.6 0.00266478081085 7.46587537365e-06
14.7 0.002848521888 6.75799930138e-06
14.8 0.00304493310295 6.11680414242e-06
14.9 0.00325485813458 5.53710544546e-06
15 0.0034792701361 5.01237470223e-06
15.1 0.00371922079263 4.53618936013e-06
15.2 0.00397576536985 4.10436621714e-06
15.3 0.0042500124252 3.7135464562e-06
15.4 0.00454312380782 3.36119564515e-06
15.5 0.00485632698496 3.04538986481e-06
15.6 0.00519114698517 2.76079130001e-06
15.7 0.00554913986005 2.50327290107e-06
15.8 0.00593187626517 2.27020326851e-06
15.9 0.00634100602772 2.0593263499e-06
16 0.00677825814653 1.86876143997e-06
16.1 0.00724548950611 1.69680925573e-06
16.2 0.00774495566978 1.54087394137e-06
16.3 0.0082789164439 1.39903326999e-06
16.4 0.00884971976853 1.26970468479e-06
16.5 0.00945983756851 1.15150258047e-06
16.6 0.0101119686596 1.04333328153e-06
16.7 0.0108091707356 9.44516861151e-07
16.8 0.0115545275061 8.54479922327e-07
16.9 0.0123512786963 7.72875583186e-07
17 0.0132028272854 6.99588210371e-07
17.1 0.0141130487344 6.33808924775e-07
17.2 0.0150861674646 5.74404890805e-07
17.3 0.0161264626262 5.20798977268e-07
17.4 0.0172384379817 4.72461857709e-07
17.5 0.0184268488334 4.28904584204e-07
17.6 0.0196971651308 3.89550867817e-07
17.7 0.0210551385142 3.53856482896e-07
17.8 0.0225067472944 3.21324440992e-07
17.9 0.0240583390944 2.91507909059e-07
18 0.0257170006525 2.64268234297e-07
18.1 0.0274901302432 2.39476606579e-07
18.2 0.0293854780768 2.17042247078e-07
18.3 0.0314113137171 1.96891945581e-07
18.4 0.033576948342 1.78699414143e-07
18.5 0.0358920095482 1.6226109834e-07
18.6 0.0383666024116 1.47412712502e-07
18.7 0.0410115838328 1.3399786818e-07
18.8 0.0438391171432 1.21856700925e-07
18.9 0.0468617252774 1.10845286739e-07
19 0.0500925828898 1.0082965169e-07
19.1 0.0535458946501 9.1701745278e-08
19.2 0.0572373889024 8.34033998876e-08
19.3 0.0611834037472 7.58819743096e-08
19.4 0.0654013609525 6.90902682417e-08
19.5 0.0699102912618 6.29404831605e-08
19.6 0.0747301252338 5.73687748e-08
19.7 0.079882020116 5.23186499169e-08
19.8 0.0853892544478 4.77390389545e-08
19.9 0.0912762630612 4.35835084835e-08
20 0.0975688629586 3.98104648506e-08
