"Time" "Prey" "Predator"
0 35.8731719369 4.905806268
0.1 3.54570051102 28.2918581374
0.2 0.0809077247585 28.0510417695
0.3 0.00244738152532 25.4372423937
0.4 0.000103674884468 23.0182360376
0.5 5.99603290192e-06 20.8278312738
0.6 4.42547630552e-07 18.8458056143
0.7 4.31302890757e-08 17.0523922297
0.8 -2.59795096759e-09 15.4296533751
0.9 4.04257212551e-10 13.9613382158
1 -7.50809593254e-09 12.6327358424
1.1 -9.57458735809e-09 11.4305617415
1.2 -9.61815524151e-09 10.3427985399
1.3 -9.61815524151e-09 9.35854940454
1.4 -9.61815524151e-09 8.46796451208
1.5 -9.61815524151e-09 7.66213104711
1.6 -9.61815524151e-09 6.93298287352
1.7 -9.61815524151e-09 6.2732223489
1.8 -9.61815524151e-09 5.67624634545
1.9 -9.61815524151e-09 5.13608011518
2 -9.61815524151e-09 4.64731749077
2.1 -9.61815524151e-09 4.20506688331
2.2 -9.61815524151e-09 3.80490277077
2.3 -9.61815524151e-09 3.44281836201
2.4 -9.61815524151e-09 3.11518990019
2.5 -9.61815524151e-09 2.81873994357
2.6 -9.61815524151e-09 2.55050070306
2.7 -9.61815524151e-09 2.30778858886
2.8 -9.61815524151e-09 2.08817350871
2.9 -9.61815524151e-09 1.88945739943
3 -9.61815524151e-09 1.70965163496
3.1 -9.61815524151e-09 1.54695670382
3.2 -9.61815524151e-09 1.39974429964
3.3 -9.61815524151e-09 1.26654094416
3.4 -9.61815524151e-09 1.14601353871
3.5 -9.61815524151e-09 1.03695547877
3.6 -9.61815524151e-09 0.93827597879
3.7 -9.61815524151e-09 0.848987084109
3.8 -9.61815524151e-09 0.768195223673
3.9 -9.61815524151e-09 0.695091743794
4 -9.61815524151e-09 0.6289448818
4.1 -9.61815524151e-09 0.569092842412
4.2 -9.61815524151e-09 0.514936333652
4.3 -9.61815524151e-09 0.465933680104
4.4 -9.61815524151e-09 0.421594160121
4.5 -9.61815524151e-09 0.38147417279
4.6 -9.61815524151e-09 0.345172037125
4.7 -9.61815524151e-09 0.312324531759
4.8 -9.61815524151e-09 0.282602893724
4.9 -9.61815524151e-09 0.255709620677
5 -9.61815524151e-09 0.231375636053
5.1 -9.61815524151e-09 0.209357285374
5.2 -9.61815524151e-09 0.189434309046
5.3 -9.61815524151e-09 0.171407204529
5.4 -9.61815524151e-09 0.155095648582
5.5 -9.61815524151e-09 0.14033632277
5.6 -9.61815524151e-09 0.126981544344
5.7 -9.61815524151e-09 0.114897608501
5.8 -9.61815524151e-09 0.103963573683
5.9 -9.61815524151e-09 0.0940701371405
6 -9.61815524151e-09 0.0851181550895
6.1 -9.61815524151e-09 0.0770180925508
6.2 -9.61815524151e-09 0.0696888515587
6.3 -9.61815524151e-09 0.0630570533318
6.4 -9.61815524151e-09 0.0570563874392
6.5 -9.61815524151e-09 0.0516267292592
6.6 -9.61815524151e-09 0.0467137903882
6.7 -9.61815524151e-09 0.0422683876838
6.8 -9.61815524151e-09 0.0382460085724
6.9 -9.61815524151e-09 0.0346064260436
7 -9.61815524151e-09 0.0313131757366
7.1 -9.61815524151e-09 0.0283333286816
7.2 -9.61815524151e-09 0.0256370535114
7.3 -9.61815524151e-09 0.0231973550402
7.4 -9.61815524151e-09 0.0209898393983
7.5 -9.61815524151e-09 0.0189923872205
7.6 -9.61815524151e-09 0.0171850219417
7.7 -9.61815524151e-09 0.0155496490173
7.8 -9.61815524151e-09 0.0140698967196
7.9 -9.61815524151e-09 0.0127309703297
8 -9.61815524151e-09 0.0115194554954
8.1 -9.61815524151e-09 0.0104232334907
8.2 -9.61815524151e-09 0.00943131985458
8.3 -9.61815524151e-09 0.00853378724129
8.4 -9.61815524151e-09 0.00772168840163
8.5 -9.61815524151e-09 0.00698689284586
8.6 -9.61815524151e-09 0.00632203249
8.7 -9.61815524151e-09 0.00572042658551
8.8 -9.61815524151e-09 0.00517608604062
8.9 -9.61815524151e-09 0.00468354975346
9 -9.61815524151e-09 0.00423784791036
9.1 -9.61815524151e-09 0.00383456873309
9.2 -9.61815524151e-09 0.00346966899107
9.3 -9.61815524151e-09 0.0031394783765
9.4 -9.61815524151e-09 0.00284072542563
9.5 -9.61815524151e-09 0.00257040275872
9.6 -9.61815524151e-09 0.00232579235265
9.7 -9.61815524151e-09 0.00210447098368
9.8 -9.61815524151e-09 0.0019042067171
9.9 -9.61815524151e-09 0.00172300182872
10 -9.61815524151e-09 0.00155906241785
10.1 -9.61815524151e-09 0.00141072543294
10.2 -9.61815524151e-09 0.00127646997946
10.3 -9.61815524151e-09 0.00115499234014
10.4 -9.61815524151e-09 0.00104508175708
10.5 -9.61815524151e-09 0.000945620257546
10.6 -9.61815524151e-09 0.000855616185838
10.7 -9.61815524151e-09 0.000774188389128
10.8 -9.61815524151e-09 0.000700514583943
10.9 -9.61815524151e-09 0.00063384303085
11 -9.61815524151e-09 0.000573523314345
11.1 -9.61815524151e-09 0.000518950937615
11.2 -9.61815524151e-09 0.000469565601606
11.3 -9.61815524151e-09 0.000424873214335
11.4 -9.61815524151e-09 0.000384438060147
11.5 -9.61815524151e-09 0.000347852141445
11.6 -9.61815524151e-09 0.000314734434166
11.7 -9.61815524151e-09 0.000284786941476
11.8 -9.61815524151e-09 0.000257687102284
11.9 -9.61815524151e-09 0.000233163885719
12 -9.61815524151e-09 0.000210976353683
12.1 -9.61815524151e-09 0.000190906953263
12.2 -9.61815524151e-09 0.000172748499443
12.3 -9.61815524151e-09 0.000156311803084
12.4 -9.61815524151e-09 0.000141426596875
12.5 -9.61815524151e-09 0.000127945537229
12.6 -9.61815524151e-09 0.00011573806345
12.7 -9.61815524151e-09 0.000104691932808
12.8 -9.61815524151e-09 9.47135513588e-05
12.9 -9.61815524151e-09 8.56961677859e-05
13 -9.61815524151e-09 7.75338373555e-05
13.1 -9.61815524151e-09 7.01485215159e-05
13.2 -9.61815524151e-09 6.34742078507e-05
13.3 -9.61815524151e-09 5.74512312224e-05
13.4 -9.61815524151e-09 5.20017302504e-05
13.5 -9.61815524151e-09 4.70673089001e-05
13.6 -9.61815524151e-09 4.25996218923e-05
13.7 -9.61815524151e-09 3.84703653694e-05
13.8 -9.61815524151e-09 3.4867172752e-05
13.9 -9.61815524151e-09 3.15736138484e-05
14 -9.61815524151e-09 2.85748991211e-05
14.1 -9.61815524151e-09 2.58562390326e-05
14.2 -9.61815524151e-09 2.3400460152e-05
14.3 -9.61815524151e-09 2.11796432515e-05
14.4 -9.61815524151e-09 1.91727149449e-05
14.5 -9.61815524151e-09 1.73598362713e-05
14.6 -9.61815524151e-09 1.57211682701e-05
14.7 -9.61815524151e-09 1.42368994939e-05
14.8 -9.61815524151e-09 1.2894965757e-05
14.9 -9.61815524151e-09 1.16846957376e-05
15 -9.61815524151e-09 1.05906965699e-05
15.1 -9.61815524151e-09 9.59757538804e-06
15.2 -9.61815524151e-09 8.6899393263e-06
15.3 -9.61815524151e-09 7.8560348194e-06
15.4 -9.61815524151e-09 7.10051305613e-06
15.5 -9.61815524151e-09 6.41757422308e-06
15.6 -9.61815524151e-09 5.7995340077e-06
15.7 -9.61815524151e-09 5.23870809745e-06
15.8 -9.61815524151e-09 4.60848009517e-06
15.9 -9.61815524151e-09 4.19905935511e-06
16 -9.61815524151e-09 3.8164170777e-06
16.1 -9.61815524151e-09 3.46055326293e-06
16.2 -9.61815524151e-09 3.13146791082e-06
16.3 -9.61815524151e-09 2.82916102135e-06
16.4 -9.61815524151e-09 2.5529932144e-06
16.5 -9.61815524151e-09 2.29999711101e-06
16.6 -9.61815524151e-09 2.06979927271e-06
16.7 -9.61815524151e-09 1.86239969951e-06
16.8 -9.61815524151e-09 1.67779839141e-06
16.9 -9.61815524151e-09 1.5159953484e-06
17 -9.61815524151e-09 1.37337970687e-06
17.1 -9.61815524151e-09 1.24291982406e-06
17.2 -9.61815524151e-09 1.12443409133e-06
17.3 -9.61815524151e-09 1.01792250867e-06
17.4 -9.61815524151e-09 9.2338507608e-07
17.5 -9.61815524151e-09 8.40807583292e-07
17.6 -9.61815524151e-09 7.66610080277e-07
17.7 -9.61815524151e-09 6.98020694415e-07
17.8 -9.61815524151e-09 6.35039425708e-07
17.9 -9.61815524151e-09 5.77666274154e-07
18 -9.61815524151e-09 5.25901239753e-07
18.1 -9.61815524151e-09 4.79621101229e-07
18.2 -9.61815524151e-09 4.37066789026e-07
18.3 -9.61815524151e-09 3.9766531442e-07
18.4 -9.61815524151e-09 3.61416677413e-07
18.5 -9.61815524151e-09 3.28320878003e-07
18.6 -9.61815524151e-09 2.98377916191e-07
18.7 -9.61815524151e-09 2.71399622081e-07
18.8 -9.61815524151e-09 2.46512694552e-07
18.9 -9.61815524151e-09 2.23607230474e-07
19 -9.61815524151e-09 2.02683229847e-07
19.1 -9.61815524151e-09 1.83740692672e-07
19.2 -9.61815524151e-09 1.66779618948e-07
19.3 -9.61815524151e-09 1.51532306083e-07
19.4 -9.61815524151e-09 1.37477441395e-07
19.5 -9.61815524151e-09 1.24601560764e-07
19.6 -9.61815524151e-09 1.12904664188e-07
19.7 -9.61815524151e-09 1.02386751667e-07
19.8 -9.61815524151e-09 9.30466650173e-08
19.9 -9.61815524151e-09 8.45926260345e-08
20 -9.61815524151e-09 7.67987175964e-08
