"Time" "Prey" "Predator"
0 23.21463532 1.52468664982
0.1 13.1443366223 9.56922131619
0.2 2.15703408742 16.7337116987
0.3 0.242919671682 16.5252064978
0.4 0.0314568909245 15.1058159904
0.5 0.00493758442162 13.6876056407
0.6 0.000929243145597 12.3879893907
0.7 0.000206266498678 11.2096479849
0.8 5.31185477244e-05 10.143022206
0.9 1.57177772453e-05 9.17781451324
1 5.2411612219e-06 8.3044400996
1.1 1.9485429302e-06 7.51417391563
1.2 7.97064377331e-07 6.79910970716
1.3 3.39385572824e-07 6.15208808712
1.4 1.59430125562e-07 5.56663417777
1.5 1.34565254115e-07 5.03689810244
1.6 8.28434547439e-08 4.55757318771
1.7 3.99779296935e-08 4.12386163897
1.8 4.62108581553e-08 3.73142150506
1.9 5.51267056531e-08 3.37633029971
2 5.8442118428e-08 3.05503709409
2.1 3.08856205547e-08 2.76431034851
2.2 2.19467210042e-08 2.50125084966
2.3 2.41135478113e-08 2.26322617177
2.4 1.91156483735e-08 2.04785182754
2.5 1.44918813714e-08 1.85297296494
2.6 1.30775650534e-08 1.67663939633
2.7 1.16071041901e-08 1.51708615844
2.8 9.92723894874e-09 1.37271641339
2.9 8.54601154543e-09 1.24208561959
3 7.84588602287e-09 1.12388571643
3.1 7.43759879886e-09 1.01693412711
3.2 6.94976483092e-09 0.920160216276
3.3 6.58261378509e-09 0.832595533221
3.4 6.34223221719e-09 0.753363828524
3.5 6.16356976269e-09 0.681671862459
3.6 6.04340576404e-09 0.616802371124
3.7 5.97285185998e-09 0.558105978861
3.8 5.94784325641e-09 0.504995243423
3.9 5.9638823096e-09 0.45693870777
4 6.01610943605e-09 0.413455170552
4.1 6.1020618499e-09 0.374109281565
4.2 6.22024567885e-09 0.338507956327
4.3 6.36922211529e-09 0.306294583899
4.4 6.54873175604e-09 0.277146840204
4.5 6.7583043239e-09 0.250772845276
4.6 6.99797067981e-09 0.226908653731
4.7 7.26810522725e-09 0.205315387928
4.8 7.56937842629e-09 0.18577704865
4.9 7.9027028895e-09 0.168098032508
5 8.26924080154e-09 0.152101389878
5.1 8.6703599017e-09 0.137627005473
5.2 9.10764629061e-09 0.1245300332
5.3 9.58289446727e-09 0.112679324019
5.4 1.00981174895e-08 0.101956429768
5.5 1.0655529467e-08 0.0922539867802
5.6 1.12575600056e-08 0.0834748420815
5.7 1.19068644637e-08 0.0755311798638
5.8 1.26063178621e-08 0.068343412298
5.9 1.33590382037e-08 0.0618396701471
6 1.41683903585e-08 0.0559548332011
6.1 1.50380009714e-08 0.0506299978315
6.2 1.59717736528e-08 0.0458119284809
6.3 1.69739016374e-08 0.0414523426344
6.4 1.80488879776e-08 0.0375076344893
6.5 1.92015634184e-08 0.0339383050178
6.6 2.04371069893e-08 0.0307086299828
6.7 2.17610684109e-08 0.027786320409
6.8 2.3179392342e-08 0.0251420926915
6.9 2.46984435306e-08 0.022749506578
7 2.63250357333e-08 0.0205846054019
7.1 2.80664607946e-08 0.0186257156635
7.2 2.99305206209e-08 0.016853246547
7.3 3.19255632284e-08 0.0152494399058
7.4 3.40605167822e-08 0.013798259221
7.5 3.63449332419e-08 0.0124851834543
7.6 3.87890258678e-08 0.0112970578536
7.7 4.14037182234e-08 0.010221997775
7.8 4.4200693841e-08 0.00924922529523
7.9 4.71924394899e-08 0.00836902997915
8 5.03923113489e-08 0.00757262458667
8.1 5.38145968512e-08 0.00685202247006
8.2 5.7474547795e-08 0.00619998779259
8.3 6.13884913604e-08 0.00561000215645
8.4 6.55738900665e-08 0.0050761775326
8.5 7.00493746618e-08 0.00459312499377
8.6 7.48349049981e-08 0.0041560313524
8.7 7.99518122924e-08 0.00376054346773
8.8 8.54228593977e-08 0.00340267511904
8.9 9.12724416973e-08 0.0030788696852
9 9.7526609189e-08 0.00278588892703
9.1 1.0421317237e-07 0.00252077294624
9.2 1.11361941424e-07 0.00228089339582
9.3 1.19004727441e-07 0.00206384555994
9.4 1.27175522657e-07 0.00186744347118
9.5 1.35910783383e-07 0.00168975308
9.6 1.45249353133e-07 0.00152898462822
9.7 1.55232654745e-07 0.00138348747695
9.8 1.65905185969e-07 0.00125182208818
9.9 1.77314517784e-07 0.00113269559433
10 1.8951131504e-07 0.00102490345943
10.1 2.02549728962e-07 0.000927352148867
10.2 2.16487974163e-07 0.000839093387146
10.3 2.3138801913e-07 0.000759242718845
10.4 2.4731594709e-07 0.00068698485472
10.5 2.6434272629e-07 0.000621604114637
10.6 2.82544219278e-07 0.000562454829886
10.7 3.02001226045e-07 0.000508934376842
10.8 3.2280010472e-07 0.000460495075376
10.9 3.4503369794e-07 0.000416668436008
11 3.6880083062e-07 0.000377015524399
11.1 3.94208203752e-07 0.000341116150065
11.2 4.21365263528e-07 0.000308661504716
11.3 4.50396309437e-07 0.000279289947142
11.4 4.81429493516e-07 0.000252712483896
11.5 5.14602801132e-07 0.000228662225284
11.6 5.50065726241e-07 0.000206908173749
11.7 5.87975944114e-07 0.000187227838301
11.8 6.2850045447e-07 0.000169416643246
11.9 6.71816004359e-07 0.000153288953914
12 7.18120414121e-07 0.000138682479452
12.1 7.67623138565e-07 0.000125454603626
12.2 8.20541527937e-07 0.000113480931333
12.3 8.77104398297e-07 0.000102656676524
12.4 9.37559758633e-07 9.28827841224e-05
12.5 1.00219081172e-06 8.40371921313e-05
12.6 1.0712841744e-06 7.60319087461e-05
12.7 1.14514079593e-06 6.87934026939e-05
12.8 1.22407783715e-06 6.22599720842e-05
12.9 1.30845870183e-06 5.63547197236e-05
13 1.39866800926e-06 5.10080748439e-05
13.1 1.4951016799e-06 4.61667148458e-05
13.2 1.59817640242e-06 4.17850460602e-05
13.3 1.70810276782e-06 3.77723106776e-05
13.4 1.82604990643e-06 3.42140275365e-05
13.5 1.95201717897e-06 3.09696060578e-05
13.6 2.08661718369e-06 2.80235799478e-05
13.7 2.23046705238e-06 2.53601583149e-05
13.8 2.38433565338e-06 2.29526859698e-05
13.9 2.54896670599e-06 2.07763083888e-05
14 2.72504654864e-06 1.88102795031e-05
14.1 2.91326151974e-06 1.70338532438e-05
14.2 3.11429795773e-06 1.54262835421e-05
14.3 3.32904130977e-06 1.39703123611e-05
14.4 3.55886695869e-06 1.26572644677e-05
14.5 3.80475650044e-06 1.1471566181e-05
14.6 4.06766168211e-06 1.03971209212e-05
14.7 4.34853425078e-06 9.41783210831e-06
14.8 4.64835210215e-06 8.51809870684e-06
14.9 4.96896838414e-06 7.69890665559e-06
15 5.3120911912e-06 6.95849297339e-06
15.1 5.67909762353e-06 6.28882198098e-06
15.2 6.07136478133e-06 5.68185799907e-06
15.3 6.49026976481e-06 5.12956534841e-06
15.4 6.97407189029e-06 4.5411440852e-06
15.5 7.43450446152e-06 4.13098153614e-06
15.6 7.93595938529e-06 3.74882163181e-06
15.7 8.47843666158e-06 3.39466437221e-06
15.8 9.06193629039e-06 3.06850975733e-06
15.9 9.68670083302e-06 2.77026704945e-06
16 1.03601314636e-05 2.49716760475e-06
16.1 1.10857105302e-05 2.2479087406e-06
16.2 1.18634380327e-05 2.02249045702e-06
16.3 1.26933139711e-05 1.82091275398e-06
16.4 1.35753383454e-05 1.64317563151e-06
16.5 1.45120961862e-05 1.48808781226e-06
16.6 1.55219671285e-05 1.34717928318e-06
16.7 1.66085482922e-05 1.21879235891e-06
16.8 1.77718396772e-05 1.10292703944e-06
16.9 1.90118412835e-05 9.99583324793e-07
17 2.03285531111e-05 9.08761214953e-07
17.1 2.17311276482e-05 8.28788575276e-07
17.2 2.32453048931e-05 7.54962778097e-07
17.3 2.48726300025e-05 6.8700152754e-07
17.4 2.66131029762e-05 6.24904823603e-07
17.5 2.84667238143e-05 5.68672666287e-07
17.6 3.04334925169e-05 5.18305055591e-07
17.7 3.25427101481e-05 4.72670047633e-07
17.8 3.48287734891e-05 4.30438843386e-07
17.9 3.72917367544e-05 3.91609348458e-07
18 3.99315999441e-05 3.56181562849e-07
18.1 4.2748363058e-05 3.24155486558e-07
18.2 4.57420260964e-05 2.95531119585e-07
18.3 4.8912589059e-05 2.70308461931e-07
18.4 5.22745473066e-05 2.482510335e-07
18.5 5.59153984985e-05 2.27931380667e-07
18.6 5.98498135127e-05 2.09110159908e-07
18.7 6.40777923494e-05 1.91787371225e-07
18.8 6.85993350084e-05 1.75963014616e-07
18.9 7.34144414898e-05 1.61637090083e-07
19 7.85231117936e-05 1.48809597624e-07
19.1 8.21644572969e-05 1.45589309916e-07
19.2 8.85842391373e-05 1.3242478489e-07
19.3 9.53244162249e-05 1.20635135048e-07
19.4 0.000102410831946 1.10101353348e-07
19.5 0.000109869329687 1.00704432749e-07
19.6 0.000117725752835 9.23253662074e-08
19.7 0.000126005944776 8.4845146683e-08
19.8 0.000134735748896 7.81447671337e-08
19.9 0.000143960321367 7.21162030555e-08
20 0.000153802676062 6.66957050258e-08
