"Time" "Prey" "Predator"
0 37.0665765209 3.80411927058
0.1 4.63613780694 27.5579866055
0.2 0.107418175325 28.1413205578
0.3 0.00320617679047 25.5371724772
0.4 0.000134169057311 23.1091742936
0.5 7.68296142801e-06 20.9101361305
0.6 5.60953846619e-07 18.9202792752
0.7 5.32926472045e-08 17.119778051
0.8 -8.67331246973e-10 15.4906252075
0.9 1.439948071e-09 14.0165060337
1 -1.04935860586e-08 12.6826545556
1.1 -1.23299882786e-08 11.4757302639
1.2 -1.24951491824e-08 10.383668643
1.3 -1.24951491824e-08 9.39553015006
1.4 -1.24951491824e-08 8.5014248985
1.5 -1.24951491824e-08 7.69240105235
1.6 -1.24951491824e-08 6.96037785944
1.7 -1.24951491824e-08 6.29802189755
1.8 -1.24951491824e-08 5.6986804379
1.9 -1.24951491824e-08 5.15638060557
2 -1.24951491824e-08 4.66568695689
2.1 -1.24951491824e-08 4.22168816592
2.2 -1.24951491824e-08 3.81994146768
2.3 -1.24951491824e-08 3.45642631873
2.4 -1.24951491824e-08 3.12750400662
2.5 -1.24951491824e-08 2.82988299694
2.6 -1.24951491824e-08 2.56058464493
2.7 -1.24951491824e-08 2.316913288
2.8 -1.24951491824e-08 2.09643006354
2.9 -1.24951491824e-08 1.89692879504
3 -1.24951491824e-08 1.71641243731
3.1 -1.24951491824e-08 1.55307441032
3.2 -1.24951491824e-08 1.40528018644
3.3 -1.24951491824e-08 1.27155024662
3.4 -1.24951491824e-08 1.15054642619
3.5 -1.24951491824e-08 1.04105761714
3.6 -1.24951491824e-08 0.941987815093
3.7 -1.24951491824e-08 0.852345137474
3.8 -1.24951491824e-08 0.77123358489
3.9 -1.24951491824e-08 0.697840867507
4 -1.24951491824e-08 0.631432593349
4.1 -1.24951491824e-08 0.571343838109
4.2 -1.24951491824e-08 0.516973261922
4.3 -1.24951491824e-08 0.467776689386
4.4 -1.24951491824e-08 0.423261861559
4.5 -1.24951491824e-08 0.382983175506
4.6 -1.24951491824e-08 0.346537481623
4.7 -1.24951491824e-08 0.313560048498
4.8 -1.24951491824e-08 0.283720689677
4.9 -1.24951491824e-08 0.256720876641
5 -1.24951491824e-08 0.232290654466
5.1 -1.24951491824e-08 0.210185203351
5.2 -1.24951491824e-08 0.190183454366
5.3 -1.24951491824e-08 0.172085094281
5.4 -1.24951491824e-08 0.155708971862
5.5 -1.24951491824e-08 0.140891313596
5.6 -1.24951491824e-08 0.127483658258
5.7 -1.24951491824e-08 0.115351979633
5.8 -1.24951491824e-08 0.104374790893
5.9 -1.24951491824e-08 0.0944421994452
6 -1.24951491824e-08 0.0854548500481
6.1 -1.24951491824e-08 0.0773227069447
6.2 -1.24951491824e-08 0.0699644724271
6.3 -1.24951491824e-08 0.063306460909
6.4 -1.24951491824e-08 0.0572820315256
6.5 -1.24951491824e-08 0.0518309375297
6.6 -1.24951491824e-08 0.0468985591437
6.7 -1.24951491824e-08 0.0424355729415
6.8 -1.24951491824e-08 0.0383972857714
6.9 -1.24951491824e-08 0.034743282908
7 -1.24951491824e-08 0.0314370273685
7.1 -1.24951491824e-08 0.0284453891963
7.2 -1.24951491824e-08 0.0257384540779
7.3 -1.24951491824e-08 0.0232891142315
7.4 -1.24951491824e-08 0.0210728539833
7.5 -1.24951491824e-08 0.0190675090323
7.6 -1.24951491824e-08 0.017252987321
7.7 -1.24951491824e-08 0.015611148189
7.8 -1.24951491824e-08 0.0141255500775
7.9 -1.24951491824e-08 0.012781322335
8 -1.24951491824e-08 0.0115650201691
8.1 -1.24951491824e-08 0.0104644588384
8.2 -1.24951491824e-08 0.00946863244425
8.3 -1.24951491824e-08 0.00856755773071
8.4 -1.24951491824e-08 0.00775222180461
8.5 -1.24951491824e-08 0.00701450116801
8.6 -1.24951491824e-08 0.00634700473977
8.7 -1.24951491824e-08 0.00574303780572
8.8 -1.24951491824e-08 0.00519653051378
8.9 -1.24951491824e-08 0.00470204530817
9 -1.24951491824e-08 0.00425461848356
9.1 -1.24951491824e-08 0.00384973428352
9.2 -1.24951491824e-08 0.00348338807478
9.3 -1.24951491824e-08 0.00315190690827
9.4 -1.24951491824e-08 0.00285195516513
9.5 -1.24951491824e-08 0.00258056277539
9.6 -1.24951491824e-08 0.00233499845471
9.7 -1.24951491824e-08 0.00211278924732
9.8 -1.24951491824e-08 0.00191173673639
9.9 -1.24951491824e-08 0.00172981465037
10 -1.24951491824e-08 0.00156520224707
10.1 -1.24951491824e-08 0.00141627471561
10.2 -1.24951491824e-08 0.00128152368593
10.3 -1.24951491824e-08 0.00115956571521
10.4 -1.24951491824e-08 0.00104921242433
10.5 -1.24951491824e-08 0.000949367651723
10.6 -1.24951491824e-08 0.00085901728981
10.7 -1.24951491824e-08 0.000777255444473
10.8 -1.24951491824e-08 0.000703284453356
10.9 -1.24951491824e-08 0.000636358297065
11 -1.24951491824e-08 0.000575793265687
11.1 -1.24951491824e-08 0.000520996966845
11.2 -1.24951491824e-08 0.000471422192123
11.3 -1.24951491824e-08 0.000426561040461
11.4 -1.24951491824e-08 0.00038596147442
11.5 -1.24951491824e-08 0.000349229300202
11.6 -1.24951491824e-08 0.000315994299283
11.7 -1.24951491824e-08 0.00028590874441
11.8 -1.24951491824e-08 0.000258704623047
11.9 -1.24951491824e-08 0.000234086783973
12 -1.24951491824e-08 0.000211809959884
12.1 -1.24951491824e-08 0.000191653722529
12.2 -1.24951491824e-08 0.00017342195778
12.3 -1.24951491824e-08 0.0001569266914
12.4 -1.24951491824e-08 0.000141996147031
12.5 -1.24951491824e-08 0.000128475330635
12.6 -1.24951491824e-08 0.000116229915327
12.7 -1.24951491824e-08 0.000105141009719
12.8 -1.24951491824e-08 9.51060490762e-05
12.9 -1.24951491824e-08 8.60393508423e-05
13 -1.24951491824e-08 7.78481201674e-05
13.1 -1.24951491824e-08 7.04335403027e-05
13.2 -1.24951491824e-08 6.37243699151e-05
13.3 -1.24951491824e-08 5.76602049393e-05
13.4 -1.24951491824e-08 5.21879094541e-05
13.5 -1.24951491824e-08 4.72377563864e-05
13.6 -1.24951491824e-08 4.27555585069e-05
13.7 -1.24951491824e-08 3.86971952728e-05
13.8 -1.24951491824e-08 3.50252009862e-05
13.9 -1.24951491824e-08 3.16704114473e-05
14 -1.24951491824e-08 2.86807413571e-05
14.1 -1.24951491824e-08 2.59577193439e-05
14.2 -1.24951491824e-08 2.34880303953e-05
14.3 -1.24951491824e-08 2.12568521446e-05
14.4 -1.24951491824e-08 1.92393019301e-05
14.5 -1.24951491824e-08 1.7415918765e-05
14.6 -1.24951491824e-08 1.57688408848e-05
14.7 -1.24951491824e-08 1.42802065248e-05
14.8 -1.24951491824e-08 1.29321539206e-05
14.9 -1.24951491824e-08 1.17127026638e-05
15 -1.24951491824e-08 1.06130280368e-05
15.1 -1.24951491824e-08 9.61927418071e-06
15.2 -1.24951491824e-08 8.71758243553e-06
15.3 -1.24951491824e-08 7.89409414103e-06
15.4 -1.24951491824e-08 7.13725151633e-06
15.5 -1.24951491824e-08 6.45085317343e-06
15.6 -1.24951491824e-08 5.83042188661e-06
15.7 -1.24951491824e-08 5.26903932024e-06
15.8 -1.24951491824e-08 4.75978713868e-06
15.9 -1.24951491824e-08 4.29574700632e-06
16 -1.24951491824e-08 3.81250940792e-06
16.1 -1.24951491824e-08 3.46584991656e-06
16.2 -1.24951491824e-08 3.14329989954e-06
16.3 -1.24951491824e-08 2.84485935688e-06
16.4 -1.24951491824e-08 2.57052828857e-06
16.5 -1.24951491824e-08 2.31989831371e-06
16.6 -1.24951491824e-08 2.09028358687e-06
16.7 -1.24951491824e-08 1.88119476845e-06
16.8 -1.24951491824e-08 1.69263185847e-06
16.9 -1.24951491824e-08 1.52459485692e-06
17 -1.24951491824e-08 1.3770837638e-06
17.1 -1.24951491824e-08 1.24752036285e-06
17.2 -1.24951491824e-08 1.12909969105e-06
17.3 -1.24951491824e-08 1.02145968225e-06
17.4 -1.24951491824e-08 9.24600336463e-07
17.5 -1.24951491824e-08 8.3852165369e-07
17.6 -1.24951491824e-08 7.63223633929e-07
17.7 -1.24951491824e-08 6.95968544014e-07
17.8 -1.24951491824e-08 6.33764070102e-07
17.9 -1.24951491824e-08 5.76608749561e-07
18 -1.24951491824e-08 5.24502582391e-07
18.1 -1.24951491824e-08 4.77445568593e-07
18.2 -1.24951491824e-08 4.35380549108e-07
18.3 -1.24951491824e-08 3.96813862429e-07
18.4 -1.24951491824e-08 3.61085769353e-07
18.5 -1.24951491824e-08 3.28196269882e-07
18.6 -1.24951491824e-08 2.98145364014e-07
18.7 -1.24951491824e-08 2.70933051749e-07
18.8 -1.24951491824e-08 2.46439148764e-07
18.9 -1.24951491824e-08 2.23873225032e-07
19 -1.24951491824e-08 2.03091270519e-07
19.1 -1.24951491824e-08 1.84093285224e-07
19.2 -1.24951491824e-08 1.66879269149e-07
19.3 -1.24951491824e-08 1.51449222292e-07
19.4 -1.24951491824e-08 1.37612000091e-07
19.5 -1.24951491824e-08 1.24863094172e-07
19.6 -1.24951491824e-08 1.1317566157e-07
19.7 -1.24951491824e-08 1.02549702284e-07
19.8 -1.24951491824e-08 9.29852163154e-08
19.9 -1.24951491824e-08 8.44822036633e-08
20 -1.24951491824e-08 7.68175292251e-08
