"Time" "Prey" "Predator"
0 1.01369295845 31.801080374
0.1 0.0177734494919 29.477314652
0.2 0.000450655173456 26.6844334535
0.3 1.63214404836e-05 24.1453823117
0.4 8.03039589907e-07 21.8476568503
0.5 5.21136608384e-08 19.7685786115
0.6 3.75278977342e-09 17.8873511804
0.7 -5.80388178369e-09 16.1851433304
0.8 -1.15508368436e-08 14.6449153897
0.9 -1.20755934733e-08 13.2512648525
1 -1.20755934733e-08 11.9902376936
1.1 -1.20755934733e-08 10.8492127444
1.2 -1.20755934733e-08 9.81677021149
1.3 -1.20755934733e-08 8.88259165471
1.4 -1.20755934733e-08 8.03730256099
1.5 -1.20755934733e-08 7.27245014024
1.6 -1.20755934733e-08 6.5803864232
1.7 -1.20755934733e-08 5.95418017793
1.8 -1.20755934733e-08 5.38756511422
1.9 -1.20755934733e-08 4.87487076717
2 -1.20755934733e-08 4.41096568166
2.1 -1.20755934733e-08 3.99120699476
2.2 -1.20755934733e-08 3.61139394087
2.3 -1.20755934733e-08 3.26772387869
2.4 -1.20755934733e-08 2.95675808449
2.5 -1.20755934733e-08 2.67538504776
2.6 -1.20755934733e-08 2.42078851172
2.7 -1.20755934733e-08 2.19042003374
2.8 -1.20755934733e-08 1.9819739356
2.9 -1.20755934733e-08 1.79336412987
3 -1.20755934733e-08 1.62270295614
3.1 -1.20755934733e-08 1.46828233394
3.2 -1.20755934733e-08 1.32855674309
3.3 -1.20755934733e-08 1.20212746777
3.4 -1.20755934733e-08 1.0877293838
3.5 -1.20755934733e-08 0.984218170782
3.6 -1.20755934733e-08 0.890557108197
3.7 -1.20755934733e-08 0.805809425641
3.8 -1.20755934733e-08 0.729126382212
3.9 -1.20755934733e-08 0.659740755807
4 -1.20755934733e-08 0.596958044148
4.1 -1.20755934733e-08 0.540149769
4.2 -1.20755934733e-08 0.488747763321
4.3 -1.20755934733e-08 0.442237160269
4.4 -1.20755934733e-08 0.400152749274
4.5 -1.20755934733e-08 0.36207310285
4.6 -1.20755934733e-08 0.327617233052
4.7 -1.20755934733e-08 0.296440307742
4.8 -1.20755934733e-08 0.268230191199
4.9 -1.20755934733e-08 0.242704734532
5 -1.20755934733e-08 0.219608268985
5.1 -1.20755934733e-08 0.198709780845
5.2 -1.20755934733e-08 0.1798000068
5.3 -1.20755934733e-08 0.162689739678
5.4 -1.20755934733e-08 0.147207759838
5.5 -1.20755934733e-08 0.133199047884
5.6 -1.20755934733e-08 0.120523483505
5.7 -1.20755934733e-08 0.109054091695
5.8 -1.20755934733e-08 0.0986761987468
5.9 -1.20755934733e-08 0.0892859115577
6 -1.20755934733e-08 0.0807892049801
6.1 -1.20755934733e-08 0.0731011113118
6.2 -1.20755934733e-08 0.0661445990142
6.3 -1.20755934733e-08 0.0598501022603
6.4 -1.20755934733e-08 0.0541546050733
6.5 -1.20755934733e-08 0.0490010876886
6.6 -1.20755934733e-08 0.0443380264473
6.7 -1.20755934733e-08 0.0401186957768
6.8 -1.20755934733e-08 0.0363008966869
6.9 -1.20755934733e-08 0.0328464069353
7 -1.20755934733e-08 0.0297206430316
7.1 -1.20755934733e-08 0.0268923535982
7.2 -1.20755934733e-08 0.0243331988595
7.3 -1.20755934733e-08 0.0220175873669
7.4 -1.20755934733e-08 0.0199223368595
7.5 -1.20755934733e-08 0.0180264690828
7.6 -1.20755934733e-08 0.0163110262896
7.7 -1.20755934733e-08 0.0147588207511
7.8 -1.20755934733e-08 0.0133543282348
7.9 -1.20755934733e-08 0.0120834983924
8 -1.20755934733e-08 0.0109335973032
8.1 -1.20755934733e-08 0.00989312524278
8.2 -1.20755934733e-08 0.00895164910165
8.3 -1.20755934733e-08 0.00809976944037
8.4 -1.20755934733e-08 0.0073289863801
8.5 -1.20755934733e-08 0.00663156873772
8.6 -1.20755934733e-08 0.00600051514825
8.7 -1.20755934733e-08 0.00542950970124
8.8 -1.20755934733e-08 0.00491286028326
8.9 -1.20755934733e-08 0.0044453534516
9 -1.20755934733e-08 0.00402232031426
9.1 -1.20755934733e-08 0.00363955592525
9.2 -1.20755934733e-08 0.00329320290373
9.3 -1.20755934733e-08 0.0029798128688
9.4 -1.20755934733e-08 0.00269625841044
9.5 -1.20755934733e-08 0.00243967345579
9.6 -1.20755934733e-08 0.00220750975451
9.7 -1.20755934733e-08 0.00199744574369
9.8 -1.20755934733e-08 0.00180736165688
9.9 -1.20755934733e-08 0.00163538436728
10 -1.20755934733e-08 0.00147978787815
10.1 -1.20755934733e-08 0.00133897802285
10.2 -1.20755934733e-08 0.00121154715873
10.3 -1.20755934733e-08 0.00109625221212
10.4 -1.20755934733e-08 0.000991929797255
10.5 -1.20755934733e-08 0.000897518131811
10.6 -1.20755934733e-08 0.000812097263083
10.7 -1.20755934733e-08 0.000734814976984
10.8 -1.20755934733e-08 0.000664883738504
10.9 -1.20755934733e-08 0.000601604897204
11 -1.20755934733e-08 0.00054435752232
11.1 -1.20755934733e-08 0.000492560017335
11.2 -1.20755934733e-08 0.000445680152477
11.3 -1.20755934733e-08 0.000403262933346
11.4 -1.20755934733e-08 0.000364885634934
11.5 -1.20755934733e-08 0.000330138712735
11.6 -1.20755934733e-08 0.000298730221595
11.7 -1.20755934733e-08 0.000270303881351
11.8 -1.20755934733e-08 0.000244581861337
11.9 -1.20755934733e-08 0.000221304987554
12 -1.20755934733e-08 0.00020024983681
12.1 -1.20755934733e-08 0.000181202568722
12.2 -1.20755934733e-08 0.000163965435236
12.3 -1.20755934733e-08 0.000148358653396
12.4 -1.20755934733e-08 0.000134223958992
12.5 -1.20755934733e-08 0.000121423066301
12.6 -1.20755934733e-08 0.00010983461298
12.7 -1.20755934733e-08 9.93559441517e-05
12.8 -1.20755934733e-08 8.98949399946e-05
12.9 -1.20755934733e-08 8.13344225199e-05
13 -1.20755934733e-08 7.35866422751e-05
13.1 -1.20755934733e-08 6.65797243018e-05
13.2 -1.20755934733e-08 6.02537241385e-05
13.3 -1.20755934733e-08 5.45388151852e-05
13.4 -1.20755934733e-08 4.93647429792e-05
13.5 -1.20755934733e-08 4.46795776993e-05
13.6 -1.20755934733e-08 4.04387632977e-05
13.7 -1.20755934733e-08 3.65486669779e-05
13.8 -1.20755934733e-08 3.31097578102e-05
13.9 -1.20755934733e-08 2.99724004958e-05
14 -1.20755934733e-08 2.71218400538e-05
14.1 -1.20755934733e-08 2.45432917843e-05
14.2 -1.20755934733e-08 2.22132152397e-05
14.3 -1.20755934733e-08 2.01064516709e-05
14.4 -1.20755934733e-08 1.82032086881e-05
14.5 -1.20755934733e-08 1.64836939014e-05
14.6 -1.20755934733e-08 1.49281149206e-05
14.7 -1.20755934733e-08 1.35187615651e-05
14.8 -1.20755934733e-08 1.22473727584e-05
14.9 -1.20755934733e-08 1.10996839113e-05
15 -1.20755934733e-08 1.00603383771e-05
15.1 -1.20755934733e-08 9.1139795094e-06
15.2 -1.20755934733e-08 8.24529603254e-06
15.3 -1.20755934733e-08 7.45234370188e-06
15.4 -1.20755934733e-08 6.73564886515e-06
15.5 -1.20755934733e-08 6.08754527597e-06
15.6 -1.20755934733e-08 5.50036668796e-06
15.7 -1.20755934733e-08 4.96644685477e-06
15.8 -1.20755934733e-08 4.39071726909e-06
15.9 -1.20755934733e-08 3.99557517032e-06
16 -1.20755934733e-08 3.62714852426e-06
16.1 -1.20755934733e-08 3.28543733092e-06
16.2 -1.20755934733e-08 2.97044159031e-06
16.3 -1.20755934733e-08 2.68215285053e-06
16.4 -1.20755934733e-08 2.41834353846e-06
16.5 -1.20755934733e-08 2.17727888129e-06
16.6 -1.20755934733e-08 1.95895887902e-06
16.7 -1.20755934733e-08 1.76338353164e-06
16.8 -1.20755934733e-08 1.59055283917e-06
16.9 -1.20755934733e-08 1.43993021691e-06
17 -1.20755934733e-08 1.30378527768e-06
17.1 -1.20755934733e-08 1.17958634065e-06
17.2 -1.20755934733e-08 1.06733340581e-06
17.3 -1.20755934733e-08 9.67026473163e-07
17.4 -1.20755934733e-08 8.78665542713e-07
17.5 -1.20755934733e-08 8.01236022186e-07
17.6 -1.20755934733e-08 7.30001646602e-07
17.7 -1.20755934733e-08 6.64362204422e-07
17.8 -1.20755934733e-08 6.04317695644e-07
17.9 -1.20755934733e-08 5.49868120269e-07
18 -1.20755934733e-08 5.01013478296e-07
18.1 -1.20755934733e-08 4.56939766274e-07
18.2 -1.20755934733e-08 4.16053284355e-07
18.3 -1.20755934733e-08 3.78312226638e-07
18.4 -1.20755934733e-08 3.43716593124e-07
18.5 -1.20755934733e-08 3.12266383813e-07
18.6 -1.20755934733e-08 2.83959111285e-07
18.7 -1.20755934733e-08 2.58139192836e-07
18.8 -1.20755934733e-08 2.34296078651e-07
18.9 -1.20755934733e-08 2.12429768731e-07
19 -1.20755934733e-08 1.92540263075e-07
19.1 -1.20755934733e-08 1.74627561684e-07
19.2 -1.20755934733e-08 1.58651883157e-07
19.3 -1.20755934733e-08 1.44040110816e-07
19.4 -1.20755934733e-08 1.30604550503e-07
19.5 -1.20755934733e-08 1.1834520222e-07
19.6 -1.20755934733e-08 1.07262065966e-07
19.7 -1.20755934733e-08 9.73551417397e-08
19.8 -1.20755934733e-08 8.85417368506e-08
19.9 -1.20755934733e-08 8.04358297274e-08
20 -1.20755934733e-08 7.29885011052e-08
