"Time" "Prey" "Predator"
0 0.836942710224 0.977495605096
0.1 0.786236549338 0.95921068566
0.2 0.740617919005 0.936744795804
0.3 0.699904262171 0.910866966129
0.4 0.663839412261 0.882312560862
0.5 0.632123120265 0.851764012845
0.6 0.604438084465 0.819836768622
0.7 0.580466762193 0.787072890526
0.8 0.559903382447 0.753939671948
0.9 0.542460704531 0.720831950367
1 0.527875771744 0.688076816429
1.1 0.515911336763 0.655940018774
1.2 0.506356241017 0.624632761445
1.3 0.499024703897 0.594318553901
1.4 0.493754949178 0.565119961576
1.5 0.490407650698 0.537124408678
1.6 0.488863712713 0.510391687666
1.7 0.489022580737 0.48495629353
1.8 0.490800399913 0.460833381379
1.9 0.494128304171 0.438022469331
2 0.498950822642 0.416510551143
2.1 0.505224429901 0.396275020142
2.2 0.512916255903 0.377285990069
2.3 0.52200291426 0.359508354231
2.4 0.532469317552 0.342903817649
2.5 0.544308023809 0.327431347652
2.6 0.557518269511 0.313048612015
2.7 0.572104986256 0.299713988011
2.8 0.588078380204 0.287386015184
2.9 0.605452900964 0.276024980182
3 0.624246803785 0.265592852628
3.1 0.644481313202 0.256054154274
3.2 0.666180043514 0.24737608221
3.3 0.689368141167 0.239529073636
3.4 0.714071629388 0.232486952341
3.5 0.740316383018 0.226227394761
3.6 0.768127292972 0.220732116783
3.7 0.797526944625 0.215987343406
3.8 0.828534879599 0.211983832914
3.9 0.861165641699 0.20871752859
4 0.895426989953 0.20619012591
4.1 0.93131935744 0.204408997758
4.2 0.968831167569 0.203388484906
4.3 1.00793853124 0.203149962384
4.4 1.04860210526 0.203722611686
4.5 1.0907606869 0.205144986501
4.6 1.13433244021 0.207464750951
4.7 1.17920634134 0.210740676926
4.8 1.22523717997 0.215043831729
4.9 1.27224139551 0.220458392075
5 1.31999035702 0.227083066843
5.1 1.36820370625 0.235032284602
5.2 1.41654022401 0.24443765113
5.3 1.46459269782 0.255448413547
5.4 1.51187809677 0.268231595416
5.5 1.55783274621 0.282972102667
5.6 1.60180687829 0.299868790056
5.7 1.64305913613 0.319134747104
5.8 1.68076472438 0.340984452084
5.9 1.71401973891 0.365627210406
6 1.74185541556 0.393253917364
6.1 1.76327001235 0.424014002351
6.2 1.77725916644 0.457995103386
6.3 1.7828786768 0.495188415562
6.4 1.77929922435 0.535460242444
6.5 1.76588179865 0.578518218293
6.6 1.742252867 0.623883612122
6.7 1.70837340036 0.670874076418
6.8 1.66458933697 0.718604736082
6.9 1.61165193933 0.766011808244
7 1.55070299163 0.811899698068
7.1 1.48321071761 0.855016531467
7.2 1.41088141365 0.894136367682
7.3 1.33553679835 0.928152859706
7.4 1.25898869942 0.956159609227
7.5 1.18292298541 0.977510611396
7.6 1.10880924145 0.991851379893
7.7 1.03784371023 0.999119935389
7.8 0.970926936373 0.999521041604
7.9 0.908671317383 0.993481299686
8 0.851430499694 0.981593900851
8.1 0.799341527542 0.964561323599
8.2 0.752371723592 0.943142537828
8.3 0.710364280932 0.918107366052
8.4 0.673078784336 0.890202508057
8.5 0.640224852045 0.860126325323
8.6 0.611488303578 0.828513013376
8.7 0.586550273381 0.79592462883
8.8 0.565100516853 0.762848539181
8.9 0.546846509003 0.729698640647
9 0.531518580448 0.696819719482
9.1 0.518872468102 0.664493397334
9.2 0.508689965278 0.63294490839
9.3 0.500778504676 0.60234995942
9.4 0.494969902401 0.572841480798
9.5 0.491119178642 0.54451612907
9.6 0.489101828788 0.517440008203
9.7 0.488812573546 0.491653888849
9.8 0.490163251995 0.467177965276
9.9 0.493081145834 0.444015464328
10 0.497507314402 0.422156549205
10.1 0.503395144225 0.401580950938
10.2 0.510709034412 0.382260493073
10.3 0.519423128742 0.364161365154
10.4 0.529520349395 0.347245568907
10.5 0.540991169281 0.331473087502
10.6 0.553833025812 0.316802226713
10.7 0.568049566165 0.303190317527
10.8 0.58364950027 0.290596194711
10.9 0.600646326087 0.278979414541
11 0.619057307343 0.268301557377
11.1 0.63890295957 0.258526366334
11.2 0.660206298876 0.249620316029
11.3 0.682992163552 0.24155292638
11.4 0.70728639669 0.234297097346
11.5 0.733115027965 0.227829438834
11.6 0.760503314535 0.222130523248
11.7 0.789474690054 0.217185297554
11.8 0.820049528819 0.212983331669
11.9 0.85224369753 0.209519271448
12 0.88606754258 0.206792945998
12.1 0.921522816846 0.204810389665
12.2 0.958601849078 0.203583929275
12.3 0.9972849927 0.203132792513
12.4 1.03753564931 0.203484418962
12.5 1.07930087899 0.204674275153
12.6 1.12250415811 0.206747621128
12.7 1.16704177633 0.209760397533
12.8 1.21277861927 0.213780141127
12.9 1.25954227204 0.218887323738
13 1.30711752602 0.225176486353
13.1 1.35523741261 0.23275795322
13.2 1.40357898078 0.241758522199
13.3 1.45175238066 0.25232253935
13.4 1.49929641821 0.264612682328
13.5 1.54566962018 0.278808290199
13.6 1.5902442871 0.295106633805
13.7 1.63230579133 0.313715598417
13.8 1.67105046163 0.334850410052
13.9 1.70559398679 0.358723586704
14 1.73498203898 0.385533189006
14.1 1.75821875249 0.415441422209
14.2 1.77429803827 0.448554449807
14.3 1.78225297371 0.484892907532
14.4 1.78121537044 0.524360382449
14.5 1.77048780431 0.566709963673
14.6 1.74961890162 0.611514965783
14.7 1.71847291873 0.658149254072
14.8 1.67729065767 0.705779057909
14.9 1.62671362004 0.753386419724
15 1.56778181128 0.799805336453
15.1 1.50188475952 0.843790226533
15.2 1.43067590512 0.884099122319
15.3 1.35595851974 0.919584863297
15.4 1.27955937739 0.949280357435
15.5 1.20320843451 0.972465312488
15.6 1.12844041169 0.988705737456
15.7 1.05652838384 0.997862814872
15.8 0.988452447815 1.00007361475
15.9 0.92490023357 0.995710290665
16 0.866291113297 0.985326952667
16.1 0.812815733846 0.969602224658
16.2 0.764482357082 0.949284527367
16.3 0.721163307349 0.92514475349
16.4 0.682637082121 0.897938689009
16.5 0.648623607264 0.868379864816
16.6 0.618813127619 0.8371203987
16.7 0.5928863731 0.804742372521
16.8 0.570529733773 0.771753192817
16.9 0.551445311142 0.738586115359
17 0.535356949083 0.705603951017
17.1 0.52201341687 0.673104644457
17.2 0.511189430427 0.641327914474
17.3 0.502685709608 0.610462047565
17.4 0.496327841653 0.580650768433
17.5 0.491964620985 0.551999951633
17.6 0.489466216484 0.524583354762
17.7 0.488722398044 0.498448047749
17.8 0.489640584826 0.473619311132
17.9 0.4921440695 0.450104614754
18 0.496170383182 0.427897254792
18.1 0.501669771032 0.406979427056
18.2 0.508603789905 0.387324926532
18.3 0.516943967973 0.368901701195
18.4 0.52667097542 0.351672562821
18.5 0.537773461264 0.335597170832
18.6 0.550247089399 0.320634453801
18.7 0.564093911003 0.30674212251
18.8 0.579321332966 0.293878639111
18.9 0.595941621377 0.282003206739
19 0.613971059034 0.271076870361
19.1 0.633429387639 0.26106267765
19.2 0.654338999994 0.251926381059
19.3 0.676724360131 0.243636589551
19.4 0.700611087013 0.236165305671
19.5 0.726025267094 0.229488081978
19.6 0.75299235209 0.223584506467
19.7 0.781536456679 0.218438231612
19.8 0.811679065757 0.214037411537
19.9 0.843437288198 0.210375411405
20 0.876823136849 0.207450635814
