"Time" "Prey" "Predator"
0 4.82753789425 9.68739545718
0.1 1.21290516842 11.4457840797
0.2 0.286379304426 11.0400371322
0.3 0.0744396836336 10.1462839058
0.4 0.021889670376 9.21984267682
0.5 0.00725677902968 8.35341865759
0.6 0.00268706383874 7.56193312943
0.7 0.0011003407648 6.84352651519
0.8 0.000493592952355 6.19274419154
0.9 0.000240397845058 5.60362266722
1 0.000126195278166 5.07045676546
1.1 7.08272158945e-05 4.58798262342
1.2 4.23245771236e-05 4.15140103985
1.3 2.67110520512e-05 3.75635552734
1.4 1.77170023434e-05 3.39889812613
1.5 1.23049924253e-05 3.07545442161
1.6 8.90171999106e-06 2.78278883458
1.7 6.68409635088e-06 2.51797316922
1.8 5.19327690757e-06 2.27835660784
1.9 4.17257327717e-06 2.06154376118
2 3.45910231841e-06 1.86536442222
2.1 2.91266910748e-06 1.68785236872
2.2 2.50831113446e-06 1.52723240607
2.3 2.20904901422e-06 1.38189747079
2.4 1.98357329174e-06 1.25039306126
2.5 1.80871025139e-06 1.13140273075
2.6 1.67419667133e-06 1.02373582653
2.7 1.57154971909e-06 0.926315191984
2.8 1.49353138855e-06 0.838165115213
2.9 1.43336505308e-06 0.758402376144
3 1.38881018037e-06 0.686229863103
3.1 1.35939239834e-06 0.620926272686
3.2 1.34058323799e-06 0.561837073161
3.3 1.33431259628e-06 0.508371528863
3.4 1.33705436869e-06 0.459993786214
3.5 1.34817919032e-06 0.41621966541
3.6 1.36695487255e-06 0.376610961512
3.7 1.39300261646e-06 0.340771719255
3.8 1.42601709525e-06 0.308343084156
3.9 1.46583686349e-06 0.279000439575
4 1.51238486178e-06 0.25245004324
4.1 1.5656794173e-06 0.228426242955
4.2 1.6257954795e-06 0.206688493999
4.3 1.6928795222e-06 0.187019313521
4.4 1.76714947764e-06 0.169222125522
4.5 1.84884697269e-06 0.153118535667
4.6 1.93827918253e-06 0.138547439404
4.7 2.03579745869e-06 0.125362921023
4.8 2.14180126371e-06 0.113433023444
4.9 2.25673947682e-06 0.10263846734
5 2.38110404144e-06 0.0928710924323
5.1 2.51543833317e-06 0.0840332573858
5.2 2.66033328599e-06 0.0760364680238
5.3 2.8164306783e-06 0.0688006557971
5.4 2.98442600412e-06 0.0622534329658
5.5 3.165069968e-06 0.0563292158045
5.6 3.35917233619e-06 0.0509687892879
5.7 3.56760404905e-06 0.0461184779244
5.8 3.79130117461e-06 0.0417297271646
5.9 4.03126893064e-06 0.0377586434725
6 4.28858561053e-06 0.0341654389363
6.1 4.56440733443e-06 0.0309141813157
6.2 4.8599730824e-06 0.0279723130396
6.3 5.17660996695e-06 0.0253103930097
6.4 5.51573900524e-06 0.022901807345
6.5 5.87888143781e-06 0.0207224193696
6.6 6.26766513214e-06 0.0187504337398
6.7 6.68383216439e-06 0.0169661030861
6.8 7.12924620296e-06 0.0153515685517
6.9 7.60590073473e-06 0.0138906852075
7 8.1159282802e-06 0.0125688155148
7.1 8.66160918593e-06 0.0113727439707
7.2 9.24538242723e-06 0.010290493408
7.3 9.86985596002e-06 0.00931122990764
7.4 1.05378182674e-05 0.00842515871976
7.5 1.12522514527e-05 0.0076234036926
7.6 1.20163433604e-05 0.00689794740433
7.7 1.28335035993e-05 0.00624151489979
7.8 1.37073766157e-05 0.00564753949156
7.9 1.46418566184e-05 0.00511010834025
8 1.56411123446e-05 0.0046238417351
8.1 1.67095976548e-05 0.00418386092959
8.2 1.7852066372e-05 0.00378573856087
8.3 1.90736129274e-05 0.00342550606634
8.4 2.0379681114e-05 0.00309956586582
8.5 2.17760770409e-05 0.00280461789324
8.6 2.32690234862e-05 0.00253772468006
8.7 2.48651729978e-05 0.00229623916764
8.8 2.65716189825e-05 0.00207772512625
8.9 2.83959612837e-05 0.00188000345516
9 3.03463278666e-05 0.00170111072225
9.1 3.24313841457e-05 0.00153923587982
9.2 3.46604110968e-05 0.00139275940714
9.3 3.7043339113e-05 0.00126023071493
9.4 3.95907540098e-05 0.00114030933886
9.5 4.23139961585e-05 0.00103179738908
9.6 4.52252040947e-05 0.000933624537469
9.7 4.83373067046e-05 0.000844795794269
9.8 5.16641077726e-05 0.000764400603968
9.9 5.52204576895e-05 0.000691657363258
10 5.90221772025e-05 0.0006258414667
10.1 6.30861303295e-05 0.000566283385569
10.2 6.74303995118e-05 0.000512388220841
10.3 7.20743572827e-05 0.000463628673178
10.4 7.70386265886e-05 0.000419512174666
10.5 8.23452269362e-05 0.000379588075144
10.6 8.80178386872e-05 0.000343466866265
10.7 9.40816912697e-05 0.000310787146524
10.8 0.00010056367761 0.000281214009245
10.9 0.000107492634275 0.000254451165353
11 0.000114899455924 0.000230237746877
11.1 0.000122817030137 0.000208329420658
11.2 0.000131280722256 0.000188497586425
11.3 0.000140327575909 0.000170564324353
11.4 0.000149998483352 0.000154336099807
11.5 0.000160336174657 0.000139650702424
11.6 0.00017138692723 0.000126363622391
11.7 0.000183200352648 0.000114344929968
11.8 0.000195828806101 0.000103470630862
11.9 0.000209327715935 9.36274900255e-05
12 0.000223756324514 8.47135239706e-05
12.1 0.000239181283097 7.66403895463e-05
12.2 0.000255671327889 6.93298461928e-05
12.3 0.000273298509933 6.27145731972e-05
12.4 0.00029213862318 5.67384236121e-05
12.5 0.000312276996072 5.13381852649e-05
12.6 0.000333806467717 4.64499542222e-05
12.7 0.000356821737857 4.20269280358e-05
12.8 0.000381422516811 3.80294858521e-05
12.9 0.000407715486679 3.44220997211e-05
13 0.000435823838742 3.1158314178e-05
13.1 0.000465873158254 2.8202976229e-05
13.2 0.000497994679856 2.55271084236e-05
13.3 0.000532176241384 2.30528237731e-05
13.4 0.00056896951729 2.0895284376e-05
13.5 0.000608242472355 1.89229397735e-05
13.6 0.000650194671815 1.71269556367e-05
13.7 0.000695025680909 1.54984976371e-05
13.8 0.000742945418687 1.40274309571e-05
13.9 0.00079421567166 1.26971059757e-05
14 0.000849066571699 1.14948490474e-05
14.1 0.000907721710497 1.04088080046e-05
14.2 0.000970404679748 9.42713068001e-06
14.3 0.00103733927229 8.53797109096e-06
14.4 0.00110889364183 7.73392203448e-06
14.5 0.00118547454032 7.00876312005e-06
14.6 0.00126739204567 6.353301441e-06
14.7 0.00135495623576 5.75834409067e-06
14.8 0.00144847718848 5.21469816241e-06
14.9 0.00154832416648 4.71513635765e-06
15 0.001655166044 4.26238189521e-06
15.1 0.00176948963531 3.85311152861e-06
15.2 0.00189174363364 3.48273596008e-06
15.3 0.00202237673227 3.14666589183e-06
15.4 0.00216183795309 2.84031574119e-06
15.5 0.00231085022161 2.56219625749e-06
15.6 0.00247024143359 2.31200482201e-06
15.7 0.00264066750149 2.08749463765e-06
15.8 0.00282278433774 1.88641890733e-06
15.9 0.0030174002579 1.70641660084e-06
16 0.00322558617954 1.54492985583e-06
16.1 0.00344820238806 1.39955868834e-06
16.2 0.00368610156559 1.26790881345e-06
16.3 0.00394024214247 1.14798117362e-06
16.4 0.00421207113294 1.03960276241e-06
16.5 0.00450277029995 9.41609213577e-07
16.6 0.004813471263 8.52648752957e-07
16.7 0.00514534590684 7.71444439859e-07
16.8 0.00550014378423 6.97792936719e-07
16.9 0.00587950306812 6.31283905196e-07
17 0.00628493874379 5.71278061151e-07
17.1 0.00671829132671 5.17158632948e-07
17.2 0.00718170620908 4.68329933134e-07
17.3 0.00767706133481 4.24177778489e-07
17.4 0.00820636959005 3.84141851368e-07
17.5 0.0087723709628 3.47950463838e-07
17.6 0.00937749510135 3.15208735793e-07
17.7 0.0100241092861 2.85495042677e-07
17.8 0.0107153629854 2.58574193481e-07
17.9 0.0114545140199 2.34236822755e-07
18 0.0122445167841 2.12201243899e-07
18.1 0.0130886856593 1.92224445529e-07
18.2 0.0139912300349 1.74159571613e-07
18.3 0.0149559143501 1.57811869209e-07
18.4 0.0159871295188 1.43019088155e-07
18.5 0.0170896159926 1.29637962893e-07
18.6 0.0182678831909 1.17512008532e-07
18.7 0.019527565354 1.0653690202e-07
18.8 0.0208741624642 9.66020943179e-08
18.9 0.0223136120789 8.76054269099e-08
19 0.0238520731481 7.94508854597e-08
19.1 0.0254967363201 7.2071087694e-08
19.2 0.0272544028798 6.53793687672e-08
19.3 0.0291331661126 5.93133692049e-08
19.4 0.0311414370988 5.38204417659e-08
19.5 0.0332882356449 4.88524023115e-08
19.6 0.0355830530688 4.43507039723e-08
19.7 0.0380361156182 4.02747933627e-08
19.8 0.0406583409064 3.65885705091e-08
19.9 0.0434614660193 3.32493360327e-08
20 0.0464578599312 3.02230817054e-08
