"Time" "Prey" "Predator"
0 13.7901689496 19.259153085
0.1 0.505689839956 26.9104540712
0.2 0.0171575677173 24.6963087507
0.3 0.000798060393116 22.3577955446
0.4 4.99840940127e-05 20.230704894
0.5 4.07963924646e-06 18.3055322926
0.6 4.16300942674e-07 16.5635339789
0.7 5.18734899498e-08 14.9873079597
0.8 5.08048010273e-09 13.561081281
0.9 -1.93468681838e-09 12.2705737528
1 -4.17835853878e-09 11.1028648258
1.1 -4.52881735927e-09 10.046285793
1.2 -4.52915837612e-09 9.09025408517
1.3 -4.52915837612e-09 8.22519990255
1.4 -4.52915837612e-09 7.44246255068
1.5 -4.52915837612e-09 6.73421879842
1.6 -4.52915837612e-09 6.09338816999
1.7 -4.52915837612e-09 5.51352335151
1.8 -4.52915837612e-09 4.9888404029
1.9 -4.52915837612e-09 4.51409134047
2 -4.52915837612e-09 4.08451888428
2.1 -4.52915837612e-09 3.69582549012
2.2 -4.52915837612e-09 3.34412143823
2.3 -4.52915837612e-09 3.02588638094
2.4 -4.52915837612e-09 2.73793538429
2.5 -4.52915837612e-09 2.47738712487
2.6 -4.52915837612e-09 2.24163285113
2.7 -4.52915837612e-09 2.02831364393
2.8 -4.52915837612e-09 1.83529446962
2.9 -4.52915837612e-09 1.66064329291
3 -4.52915837612e-09 1.50261252421
3.1 -4.52915837612e-09 1.3596202729
3.2 -4.52915837612e-09 1.23023545125
3.3 -4.52915837612e-09 1.11316333932
3.4 -4.52915837612e-09 1.00723193026
3.5 -4.52915837612e-09 0.911381246888
3.6 -4.52915837612e-09 0.824651386474
3.7 -4.52915837612e-09 0.746174991675
3.8 -4.52915837612e-09 0.675166941016
3.9 -4.52915837612e-09 0.61091630585
4 -4.52915837612e-09 0.552779960187
4.1 -4.52915837612e-09 0.500175993189
4.2 -4.52915837612e-09 0.452577880092
4.3 -4.52915837612e-09 0.409509397428
4.4 -4.52915837612e-09 0.370539430532
4.5 -4.52915837612e-09 0.335277937301
4.6 -4.52915837612e-09 0.303371988038
4.7 -4.52915837612e-09 0.274502243259
4.8 -4.52915837612e-09 0.248379666623
4.9 -4.52915837612e-09 0.22474316138
5 -4.52915837612e-09 0.203355981449
5.1 -4.52915837612e-09 0.184004058806
5.2 -4.52915837612e-09 0.166493791262
5.3 -4.52915837612e-09 0.150649753186
5.4 -4.52915837612e-09 0.136313533996
5.5 -4.52915837612e-09 0.123341544958
5.6 -4.52915837612e-09 0.111603991028
5.7 -4.52915837612e-09 0.100983490118
5.8 -4.52915837612e-09 0.0913736229395
5.9 -4.52915837612e-09 0.0826782849061
6 -4.52915837612e-09 0.0748103879446
6.1 -4.52915837612e-09 0.0676912065862
6.2 -4.52915837612e-09 0.0612495412461
6.3 -4.52915837612e-09 0.0554208513819
6.4 -4.52915837612e-09 0.0501468643533
6.5 -4.52915837612e-09 0.0453747566841
6.6 -4.52915837612e-09 0.0410567677493
6.7 -4.52915837612e-09 0.037149702981
6.8 -4.52915837612e-09 0.0336144225026
6.9 -4.52915837612e-09 0.0304155870935
7 -4.52915837612e-09 0.0275211576484
7.1 -4.52915837612e-09 0.0249021665816
7.2 -4.52915837612e-09 0.0225324160824
7.3 -4.52915837612e-09 0.0203881650913
7.4 -4.52915837612e-09 0.0184479752341
7.5 -4.52915837612e-09 0.01669241416
7.6 -4.52915837612e-09 0.015103914738
7.7 -4.52915837612e-09 0.0136665895338
7.8 -4.52915837612e-09 0.0123660374733
7.9 -4.52915837612e-09 0.0111892526792
8 -4.52915837612e-09 0.0101244540757
8.1 -4.52915837612e-09 0.00916098133692
8.2 -4.52915837612e-09 0.0082891924123
8.3 -4.52915837612e-09 0.00750034794333
8.4 -4.52915837612e-09 0.00678658115196
8.5 -4.52915837612e-09 0.00614076637239
8.6 -4.52915837612e-09 0.00555642351216
8.7 -4.52915837612e-09 0.00502768227561
8.8 -4.52915837612e-09 0.00454925455606
8.9 -4.52915837612e-09 0.00411637107504
9 -4.52915837612e-09 0.00372465992045
9.1 -4.52915837612e-09 0.0033702083402
9.2 -4.52915837612e-09 0.00304949849118
9.3 -4.52915837612e-09 0.00275929770219
9.4 -4.52915837612e-09 0.00249671292925
9.5 -4.52915837612e-09 0.00225912997208
9.6 -4.52915837612e-09 0.00204414555039
9.7 -4.52915837612e-09 0.00184961860454
9.8 -4.52915837612e-09 0.00167361158542
9.9 -4.52915837612e-09 0.00151434478588
10 -4.52915837612e-09 0.00137024287488
10.1 -4.52915837612e-09 0.00123986955186
10.2 -4.52915837612e-09 0.00112189578328
10.3 -4.52915837612e-09 0.00101512331882
10.4 -4.52915837612e-09 0.000918518604804
10.5 -4.52915837612e-09 0.000831110797962
10.6 -4.52915837612e-09 0.000752008689359
10.7 -4.52915837612e-09 0.000680434808346
10.8 -4.52915837612e-09 0.00061568096116
10.9 -4.52915837612e-09 0.000557090072493
11 -4.52915837612e-09 0.000504068752424
11.1 -4.52915837612e-09 0.000456100834136
11.2 -4.52915837612e-09 0.000412701554043
11.3 -4.52915837612e-09 0.000373424212065
11.4 -4.52915837612e-09 0.000337883150529
11.5 -4.52915837612e-09 0.000305727520436
11.6 -4.52915837612e-09 0.000276631592527
11.7 -4.52915837612e-09 0.000250296916002
11.8 -4.52915837612e-09 0.000226479895665
11.9 -4.52915837612e-09 0.000204928441261
12 -4.52915837612e-09 0.00018542539831
12.1 -4.52915837612e-09 0.000167782336972
12.2 -4.52915837612e-09 0.000151822705934
12.3 -4.52915837612e-09 0.000137381216097
12.4 -4.52915837612e-09 0.00012430727296
12.5 -4.52915837612e-09 0.000112466691555
12.6 -4.52915837612e-09 0.000101743225809
12.7 -4.52915837612e-09 9.20340169819e-05
12.8 -4.52915837612e-09 8.32514602885e-05
12.9 -4.52915837612e-09 7.53210773821e-05
13 -4.52915837612e-09 6.81491608162e-05
13.1 -4.52915837612e-09 6.16576522884e-05
13.2 -4.52915837612e-09 5.57854186671e-05
13.3 -4.52915837612e-09 5.04811455626e-05
13.4 -4.52915837612e-09 4.56928145907e-05
13.5 -4.52915837612e-09 4.13583192549e-05
13.6 -4.52915837612e-09 3.74333931338e-05
13.7 -4.52915837612e-09 3.38801563794e-05
13.8 -4.52915837612e-09 3.06103657219e-05
13.9 -4.52915837612e-09 2.77361458004e-05
14 -4.52915837612e-09 2.511156802e-05
14.1 -4.52915837612e-09 2.27245573209e-05
14.2 -4.52915837612e-09 2.05630386434e-05
14.3 -4.52915837612e-09 1.86106245844e-05
14.4 -4.52915837612e-09 1.68449396064e-05
14.5 -4.52915837612e-09 1.52496254404e-05
14.6 -4.52915837612e-09 1.38084822632e-05
14.7 -4.52915837612e-09 1.2505310252e-05
14.8 -4.52915837612e-09 1.13244788711e-05
14.9 -4.52915837612e-09 1.02583527882e-05
15 -4.52915837612e-09 9.29641507061e-06
15.1 -4.52915837612e-09 8.42609643625e-06
15.2 -4.52915837612e-09 7.63482760295e-06
15.3 -4.52915837612e-09 6.91003928855e-06
15.4 -4.52915837612e-09 6.24574321883e-06
15.5 -4.52915837612e-09 5.64508952843e-06
15.6 -4.52915837612e-09 5.10204548211e-06
15.7 -4.52915837612e-09 4.61033654207e-06
15.8 -4.52915837612e-09 4.1636881705e-06
15.9 -4.52915837612e-09 3.6726060013e-06
16 -4.52915837612e-09 3.34406869424e-06
16.1 -4.52915837612e-09 3.03739779354e-06
16.2 -4.52915837612e-09 2.7525932992e-06
16.3 -4.52915837612e-09 2.48965521123e-06
16.4 -4.52915837612e-09 2.24858352963e-06
16.5 -4.52915837612e-09 2.02825565658e-06
16.6 -4.52915837612e-09 1.82659020719e-06
16.7 -4.52915837612e-09 1.6435408303e-06
16.8 -4.52915837612e-09 1.4791075259e-06
16.9 -4.52915837612e-09 1.33329029399e-06
17 -4.52915837612e-09 1.20606005471e-06
17.1 -4.52915837612e-09 1.09233873908e-06
17.2 -4.52915837612e-09 9.883949784e-07
17.3 -4.52915837612e-09 8.94228772659e-07
17.4 -4.52915837612e-09 8.09840121859e-07
17.5 -4.52915837612e-09 7.35229026002e-07
17.6 -4.52915837612e-09 6.70110520699e-07
17.7 -4.52915837612e-09 6.1073421376e-07
17.8 -4.52915837612e-09 5.55937262699e-07
17.9 -4.52915837612e-09 5.05719667515e-07
18 -4.52915837612e-09 4.60081428209e-07
18.1 -4.52915837612e-09 4.1902254478e-07
18.2 -4.52915837612e-09 3.82204495295e-07
18.3 -4.52915837612e-09 3.48136817269e-07
18.4 -4.52915837612e-09 3.16643621693e-07
18.5 -4.52915837612e-09 2.87724908567e-07
18.6 -4.52915837612e-09 2.61380677892e-07
18.7 -4.52915837612e-09 2.37610929667e-07
18.8 -4.52915837612e-09 2.16085308564e-07
18.9 -4.52915837612e-09 1.96191309741e-07
19 -4.52915837612e-09 1.77915293092e-07
19.1 -4.52915837612e-09 1.61257258617e-07
19.2 -4.52915837612e-09 1.46217206316e-07
19.3 -4.52915837612e-09 1.32792980256e-07
19.4 -4.52915837612e-09 1.20608100726e-07
19.5 -4.52915837612e-09 1.09385930166e-07
19.6 -4.52915837612e-09 9.91264685757e-08
19.7 -4.52915837612e-09 8.98297159549e-08
19.8 -4.52915837612e-09 8.14956723037e-08
19.9 -4.52915837612e-09 7.41011118881e-08
20 -4.52915837612e-09 6.7340362786e-08
