"Time" "Prey" "Predator"
0 1.01369295845 28.6336916353
0.1 0.0266250601539 26.6076483525
0.2 0.000971119109651 24.0938145972
0.3 4.8770118148e-05 21.8016425342
0.4 3.26664232047e-06 19.7269748838
0.5 2.79394895738e-07 17.8497078381
0.6 2.76014102664e-08 16.1510844628
0.7 -6.87749466111e-09 14.6141039947
0.8 -6.56081460312e-09 13.2233876578
0.9 -6.07328723237e-09 11.9650151656
1 -7.4501759452e-11 10.8263904571
1.1 6.71010819496e-09 9.79612818425
1.2 -6.12954989993e-09 8.86390461968
1.3 -8.27181315083e-09 8.02039294002
1.4 -3.35324844485e-09 7.25715201237
1.5 -5.91540485542e-09 6.56654337042
1.6 -5.62316803008e-09 5.94165447183
1.7 -5.11402705702e-09 5.37623201028
1.8 -2.97588826367e-09 4.86461868559
1.9 -1.27492814874e-09 4.40168857292
2 4.82925224088e-09 3.98280790429
2.1 2.7220734793e-09 3.60379267681
2.2 -2.94621034139e-09 3.26084821092
2.3 -5.68877045041e-10 2.95053716799
2.4 1.81627900462e-09 2.66975571806
2.5 -8.00366927083e-11 2.41569474006
2.6 -3.80551308135e-10 2.18581113294
2.7 2.18259611386e-10 1.97780390237
2.8 1.60374132578e-10 1.78959077632
2.9 9.47872079965e-11 1.61928852276
3 7.50722241136e-11 1.46519288223
3.1 7.71785539813e-11 1.32576135401
3.2 8.44561839346e-11 1.19959841993
3.3 8.55954967757e-11 1.08544119302
3.4 9.65852185053e-11 0.982146984115
3.5 9.3770912926e-11 0.888683181714
3.6 8.48987159789e-11 0.804113534594
3.7 7.82900488316e-11 0.72759185386
3.8 7.73291968825e-11 0.658352409685
3.9 7.81549101483e-11 0.595701669291
4 7.77485668305e-11 0.539013198921
4.1 7.69653828093e-11 0.487719115365
4.2 7.68351123522e-11 0.441306360783
4.3 7.77652049729e-11 0.399310556213
4.4 7.92343622348e-11 0.361311039246
4.5 8.09397615391e-11 0.326927805139
4.6 8.29926065996e-11 0.295816421119
4.7 8.54324037788e-11 0.26766569812
4.8 8.82626783114e-11 0.242193928841
4.9 9.14800705707e-11 0.219146022076
5 9.51056142311e-11 0.19829155323
5.1 9.91436112173e-11 0.179421584614
5.2 1.03597721577e-10 0.162347348322
5.3 1.08480150314e-10 0.146897948482
5.4 1.13813955316e-10 0.132918689187
5.5 1.19624955988e-10 0.120269817449
5.6 1.25935391273e-10 0.108824600513
5.7 1.32771567799e-10 0.0984685611771
5.8 1.4016303189e-10 0.0890980380415
5.9 1.48142034804e-10 0.080619202214
6 1.56743156502e-10 0.0729472802418
6.1 1.66004825318e-10 0.0660054040451
6.2 1.75968874416e-10 0.0597241498244
6.3 1.8668005103e-10 0.0540406466963
6.4 1.98186153064e-10 0.0488979803059
6.5 2.10538670259e-10 0.0442447298208
6.6 2.23793162001e-10 0.0400342734115
6.7 2.38009184268e-10 0.036224502776
6.8 2.53250610845e-10 0.032777284722
6.9 2.69585938515e-10 0.0296581003593
7 2.87088584691e-10 0.0268357636847
7.1 3.05837105077e-10 0.0242819962361
7.2 3.25915587102e-10 0.0219712562296
7.3 3.4741406507e-10 0.0198804140869
7.4 3.70428911189e-10 0.017988533844
7.5 3.95063223612e-10 0.0162767010443
7.6 4.21427300722e-10 0.0147277637194
7.7 4.49639113531e-10 0.0133262301745
7.8 4.79824847464e-10 0.012058071669
7.9 5.12119450383e-10 0.0109105895982
8 5.46667213926e-10 0.00987231050047
8.1 5.83622473218e-10 0.00893283356855
8.2 6.2315021783e-10 0.00808276059771
8.3 6.65426909633e-10 0.00731357379487
8.4 7.10641202484e-10 0.0066175716066
8.5 7.58994686127e-10 0.00598781922398
8.6 8.10703105901e-10 0.00541801915166
8.7 8.65997051943e-10 0.00490245553862
8.8 9.25122652131e-10 0.00443594400013
8.9 9.88343580213e-10 0.00401382994193
9 1.05594166447e-09 0.00363189843587
9.1 1.12821752566e-09 0.00328628622807
9.2 1.20549333036e-09 0.00297355186038
9.3 1.28811342483e-09 0.0026905882152
9.4 1.37644507226e-09 0.00243454068814
9.5 1.47088185731e-09 0.00220286056065
9.6 1.57184441616e-09 0.00199324064908
9.7 1.67978137934e-09 0.00180355863128
9.8 1.79517355228e-09 0.00163192600751
9.9 1.91853474609e-09 0.00147663459953
10 2.05041299807e-09 0.00133611283739
10.1 2.19139614483e-09 0.00120896886047
10.2 2.34211199654e-09 0.00109393838074
10.3 2.50322958289e-09 0.000989850351878
10.4 2.6754643122e-09 0.000895644577228
10.5 2.85958525493e-09 0.000810409321774
10.6 3.0564108012e-09 0.000733289334548
10.7 3.26681384638e-09 0.000663498363505
10.8 3.49173224203e-09 0.000600348338569
10.9 3.73216780571e-09 0.000543215807454
11 3.98918776602e-09 0.000491521540919
11.1 4.26393328756e-09 0.000444740595029
11.2 4.55763070402e-09 0.000402417866555
11.3 4.87158514282e-09 0.00036412647656
11.4 5.20718860977e-09 0.000329472544635
11.5 5.56593676433e-09 0.000298114461654
11.6 5.94942726305e-09 0.000269743465456
11.7 6.35936202952e-09 0.000244072402679
11.8 6.79756948878e-09 0.000220836877766
11.9 7.26598046529e-09 0.000199823351296
12 7.76669946312e-09 0.000180808567082
12.1 8.30194142344e-09 0.000163601105357
12.2 8.87411237289e-09 0.000148034219306
12.3 9.48577157226e-09 0.000133952847081
12.4 1.01396246658e-08 0.00012121126113
12.5 1.08385340327e-08 0.000109676620116
12.6 1.15855983081e-08 9.92302400264e-05
12.7 1.23842655987e-08 8.97694038643e-05
12.8 1.32380689456e-08 8.12031331534e-05
12.9 1.41507261387e-08 7.34537834254e-05
13 1.51261623972e-08 6.64558813126e-05
13.1 1.61688865468e-08 6.01282730018e-05
13.2 1.72836295179e-08 5.44008892169e-05
13.3 1.84752789177e-08 4.92195893676e-05
13.4 1.97489778934e-08 4.45388419272e-05
13.5 2.11103359991e-08 4.03139123225e-05
13.6 2.25657294129e-08 3.64897406588e-05
13.7 2.41215994573e-08 3.30269297753e-05
13.8 2.57847172797e-08 2.98919394822e-05
13.9 2.75560193549e-08 2.70043138214e-05
14 2.9460247572e-08 2.44701236891e-05
14.1 3.14932482155e-08 2.21554951269e-05
14.2 3.36651986414e-08 2.00498404756e-05
14.3 3.59862762055e-08 1.81425720762e-05
14.4 3.84677493888e-08 1.64198797402e-05
14.5 4.11229295333e-08 1.4861919891e-05
14.6 4.3963305907e-08 1.34542302682e-05
14.7 4.70002809461e-08 1.21826050591e-05
14.8 5.02452570869e-08 1.10328384513e-05
14.9 5.37100922593e-08 9.99105351903e-06
15 5.74161012835e-08 9.05020163414e-06
15.1 6.13820430978e-08 8.20138870744e-06
15.2 6.56237294927e-08 7.43359267745e-06
15.3 7.0156972259e-08 6.73579148268e-06
15.4 7.49975831874e-08 6.09696306164e-06
15.5 8.0167667918e-08 5.51100180681e-06
15.6 8.5701115773e-08 4.98100695892e-06
15.7 9.1621305943e-08 4.50186774721e-06
15.8 9.79511167552e-08 4.06808215027e-06
15.9 1.04713426537e-07 3.67414814667e-06
16 1.12719384062e-07 3.23882003509e-06
16.1 1.20069493133e-07 2.94954814206e-06
16.2 1.28101122635e-07 2.679451032e-06
16.3 1.36814272567e-07 2.42852870489e-06
16.4 1.4620894293e-07 2.19678116075e-06
16.5 1.56285133724e-07 1.98420839957e-06
16.6 1.6709760163e-07 1.78996603264e-06
16.7 1.78771530555e-07 1.61212363112e-06
16.8 1.91311821385e-07 1.45060561969e-06
16.9 2.0471847412e-07 1.30541199837e-06
17 2.1899148876e-07 1.17654276715e-06
17.1 2.34130944659e-07 1.06399641878e-06
17.2 2.50348757113e-07 9.63747876282e-07
17.3 2.67840984543e-07 8.72073244931e-07
17.4 2.86607626948e-07 7.8897252473e-07
17.5 3.06648684331e-07 7.1444571568e-07
17.6 3.27964156689e-07 6.48492817781e-07
17.7 3.50576063505e-07 5.90948024806e-07
17.8 3.74906316568e-07 5.3863434994e-07
17.9 4.01116334536e-07 4.90336314125e-07
18 4.29206117408e-07 4.46053917361e-07
18.1 4.59175665186e-07 4.05787159648e-07
18.2 4.91024977867e-07 3.69536040985e-07
18.3 5.24874007734e-07 3.37063125154e-07
18.4 5.61388539627e-07 3.07050542792e-07
18.5 6.00671010115e-07 2.79295528667e-07
18.6 6.42721419199e-07 2.5379808278e-07
18.7 6.87539766879e-07 2.30558205131e-07
18.8 7.35126053155e-07 2.09575895719e-07
18.9 7.8586758338e-07 1.90602685206e-07
19 8.40649815142e-07 1.73070522936e-07
19.1 8.99507414194e-07 1.56957169668e-07
19.2 9.62440380537e-07 1.42262625402e-07
19.3 1.02944871417e-06 1.28986890137e-07
19.4 1.10053278936e-06 1.17129852161e-07
19.5 1.17669235981e-06 1.06393099117e-07
19.6 1.25885238112e-06 9.65005448198e-08
19.7 1.3470128533e-06 8.74521892692e-08
19.8 1.44117377635e-06 7.92480324652e-08
19.9 1.54133515026e-06 7.1888074408e-08
20 1.64760007495e-06 6.53588015187e-08
