"Time" "Prey" "Predator"
0 0.000289512906731 4.12836846709
0.1 0.000183401509489 3.73559267287
0.2 0.000122065593233 3.38015560137
0.3 8.49862325375e-05 3.058523395
0.4 6.15626611636e-05 2.76748563068
0.5 4.62944789674e-05 2.50413668551
0.6 3.60170595776e-05 2.26584548929
0.7 2.88745979097e-05 2.05022806407
0.8 2.37948230153e-05 1.85512645851
0.9 2.01249849335e-05 1.67858956916
1 1.74977327517e-05 1.51885664582
1.1 1.55341192666e-05 1.37432395972
1.2 1.38559655162e-05 1.24353975683
1.3 1.26616176384e-05 1.12520302966
1.4 1.17513268583e-05 1.01812749198
1.5 1.10339591534e-05 0.921240970691
1.6 1.04924371414e-05 0.833574182844
1.7 1.00906108036e-05 0.754249951488
1.8 9.80242375633e-06 0.682474337841
1.9 9.60885925329e-06 0.617528971913
2 9.49724963605e-06 0.558764030961
2.1 9.45721057535e-06 0.505591251221
2.2 9.48117882189e-06 0.457478481569
2.3 9.56332392931e-06 0.413944104727
2.4 9.69961004163e-06 0.374552627617
2.5 9.88708961623e-06 0.338909614552
2.6 1.01238855947e-05 0.306658518426
2.7 1.04088435516e-05 0.27747645366
2.8 1.07415191504e-05 0.25107140355
2.9 1.11220256306e-05 0.227179130404
3 1.15509684957e-05 0.205560442467
3.1 1.20294074884e-05 0.185999084034
3.2 1.25587866009e-05 0.168299108131
3.3 1.31409118052e-05 0.152283260568
3.4 1.37780062824e-05 0.137791638802
3.5 1.44725833842e-05 0.124679163665
3.6 1.5227493905e-05 0.112814539668
3.7 1.60459277857e-05 0.102079014001
3.8 1.69313965634e-05 0.0923650748266
3.9 1.78877616335e-05 0.0835755050067
4 1.8919233702e-05 0.0756223497713
4.1 2.00303887452e-05 0.0684260744064
4.2 2.12261759886e-05 0.0619146104429
4.3 2.25119417849e-05 0.0560227800859
4.4 2.38934474331e-05 0.0506916100817
4.5 2.53768929143e-05 0.0458677670478
4.6 2.69689406805e-05 0.0415029372831
4.7 2.86767452236e-05 0.037553496111
4.8 3.05079812012e-05 0.033979913749
4.9 3.24708760456e-05 0.0307463937313
5 3.45742461396e-05 0.0278205886816
5.1 3.68275358689e-05 0.0251731885647
5.2 3.92408569971e-05 0.0227777233407
5.3 4.18250345078e-05 0.0206102156184
5.4 4.45916533424e-05 0.0186489640872
5.5 4.75531085726e-05 0.0168743630632
5.6 5.07226627712e-05 0.0152686301944
5.7 5.41145007209e-05 0.0138157014331
5.8 5.77437959377e-05 0.0125010310839
5.9 6.16267764783e-05 0.0113114597122
6 6.57807948902e-05 0.0102350974356
6.1 7.02244107827e-05 0.00926116014174
6.2 7.49774654378e-05 0.00837990471219
6.3 8.00611807257e-05 0.00758250090763
6.4 8.54982442637e-05 0.00686096627559
6.5 9.13128994238e-05 0.00620810872069
6.6 9.75310943844e-05 0.005617398445
6.7 0.000104180559166 0.00508291231724
6.8 0.000111290894378 0.00459927597495
6.9 0.000118893816184 0.00416166766382
7 0.000127023214051 0.00376571439929
7.1 0.000135715242648 0.00340741053854
7.2 0.000145008656627 0.00308319406579
7.3 0.000154944861805 0.00278983931512
7.4 0.000165568028157 0.00252438605914
7.5 0.000176925503028 0.00228419614259
7.6 0.000189067864711 0.00206687428776
7.7 0.000202049069585 0.00187022020321
7.8 0.000215926959297 0.0016922802264
7.9 0.000230763314259 0.00153128002764
8 0.000246624049256 0.00138559036004
8.1 0.000263579887665 0.00125377205894
8.2 0.000281706308864 0.00113451084303
8.3 0.000301083759479 0.00102659045296
8.4 0.000321798333788 0.000928916557513
8.5 0.000343942513809 0.000840543474803
8.6 0.000367614700383 0.00076058265752
8.7 0.000392919879915 0.00068821895314
8.8 0.000419970908438 0.00062274205338
8.9 0.000448888222522 0.00056350342451
9 0.000479800152064 0.000509901610647
9.1 0.000512844023478 0.000461394429716
9.2 0.000548167306268 0.000417509673098
9.3 0.000585926926274 0.000377803696697
9.4 0.000626290305501 0.000341868029161
9.5 0.000669437424419 0.000309350454563
9.6 0.000715560350382 0.000279929664117
9.7 0.00076486373329 0.000253307589697
9.8 0.000817567442879 0.00022921170825
9.9 0.000873904122046 0.000207418607319
10 0.000934126406042 0.000187698007899
10.1 0.000998500876115 0.000169851179193
10.2 0.00106731723247 0.000153706018474
10.3 0.00114088287541 0.000139100763062
10.4 0.00121952296616 0.000125884173203
10.5 0.00130358140711 0.000113918478455
10.6 0.00139343281387 0.000103081069211
10.7 0.00148949095518 9.32656891726e-05
10.8 0.00159217987599 8.4378355341e-05
10.9 0.00170194612464 7.63390855987e-05
11 0.00181926259282 6.9079629122e-05
11.1 0.00194467449263 6.25136982543e-05
11.2 0.00207874782566 5.65703325004e-05
11.3 0.00222206971375 5.11936843767e-05
11.4 0.00237525783886 4.63369074917e-05
11.5 0.00253899197048 4.19519497323e-05
11.6 0.00271403683482 3.79821494716e-05
11.7 0.00290116522934 3.43871268358e-05
11.8 0.00310119046176 3.11322817415e-05
11.9 0.00331497360131 2.81878847057e-05
12 0.00354350860758 2.55203689961e-05
12.1 0.00378782735079 2.31020461283e-05
12.2 0.00404899975821 2.09110908848e-05
12.3 0.0043281514347 1.89297389063e-05
12.4 0.00462652073791 1.71394670687e-05
12.5 0.00494550129673 1.55174030829e-05
12.6 0.00528650128012 1.40482093082e-05
12.7 0.00565100258725 1.27190845399e-05
12.8 0.00604057366379 1.15192061218e-05
12.9 0.00645702537639 1.04337463292e-05
13 0.00690223910831 9.45047133131e-06
13.1 0.00737816477454 8.55981738534e-06
13.2 0.00788685380813 7.75362457878e-06
13.3 0.00843056017603 7.02402416038e-06
13.4 0.00901182486667 6.36250792738e-06
13.5 0.00963321481432 5.76280391943e-06
13.6 0.010297431002 5.21968568752e-06
13.7 0.0110073307733 4.72878321769e-06
13.8 0.0117662115344 4.2842926377e-06
13.9 0.0125775041912 3.88145106262e-06
14 0.0134447625977 3.51662177823e-06
14.1 0.0143717257438 3.18679220753e-06
14.2 0.0153624962632 2.88885739502e-06
14.3 0.0164217066648 2.61895277059e-06
14.4 0.0175540361339 2.37439366481e-06
14.5 0.0187644074773 2.15288478757e-06
14.6 0.0200580260583 1.95245530049e-06
14.7 0.0214408960712 1.77083596569e-06
14.8 0.0229192742591 1.60611819871e-06
14.9 0.0244996377771 1.45679284015e-06
15 0.026188801417 1.32160873107e-06
15.1 0.0279941757373 1.19935411709e-06
15.2 0.0299240995578 1.08857507624e-06
15.3 0.0319871289305 9.8817765136e-07
15.4 0.0341923059522 8.97207792022e-07
15.5 0.03654957687 8.14748950119e-07
15.6 0.0390695071705 7.39987514882e-07
15.7 0.0417631436874 6.72244482354e-07
15.8 0.0446422930316 6.10911969904e-07
15.9 0.0477201001455 5.55321915123e-07
16 0.0510102023924 5.04938052566e-07
16.1 0.0545269509052 4.59305793247e-07
16.2 0.0582860832641 4.17971010824e-07
16.3 0.062304610602 3.80492870765e-07
16.4 0.0666002033282 3.46513635734e-07
16.5 0.0711916023755 3.15719239405e-07
16.6 0.0760995595726 2.87794827375e-07
16.7 0.0813459472454 2.62466853596e-07
16.8 0.0869539002816 2.39498001182e-07
16.9 0.0929486349716 2.18659884878e-07
17 0.0993567294808 1.99755496126e-07
17.1 0.106206369309 1.82612758056e-07
17.2 0.113528410599 1.67058295699e-07
17.3 0.121355307684 1.52943386059e-07
17.4 0.129721515298 1.40137437762e-07
17.5 0.138664731526 1.28513062497e-07
17.6 0.148224565961 1.17960857903e-07
17.7 0.158443132819 1.0838419266e-07
17.8 0.169366482131 9.96886345255e-08
17.9 0.181042950192 9.1793741702e-08
18 0.193523938801 8.46284327495e-08
18.1 0.206865496503 7.81230463949e-08
18.2 0.221126735588 7.22171763723e-08
18.3 0.236371252491 6.68558174307e-08
18.4 0.252666844207 6.19897517935e-08
18.5 0.270085602321 5.75753537474e-08
18.6 0.288705497602 5.35713600735e-08
18.7 0.308608802469 4.99421602318e-08
18.8 0.329884378046 4.6654699229e-08
18.9 0.352626778624 4.36795142667e-08
19 0.376936712523 4.09905960963e-08
19.1 0.402923044022 3.85637504741e-08
19.2 0.430700411606 3.63784341547e-08
19.3 0.460392608958 3.44158530035e-08
19.4 0.492131745066 3.26593596409e-08
19.5 0.526058767083 3.10943398368e-08
19.6 0.562324507318 2.97086146745e-08
19.7 0.601090447654 2.84912653418e-08
19.8 0.642529167081 2.74332749514e-08
19.9 0.686824759226 2.65280955402e-08
20 0.734173981587 2.57705047446e-08
