"Time" "Prey" "Predator"
0 33.534316083 4.01001517213
0.1 4.99451788973 24.8997778265
0.2 0.159669622429 25.964611084
0.3 0.00626009780276 23.6027931899
0.4 0.000334761210992 21.3609180396
0.5 2.39157607848e-05 19.328380752
0.6 2.15659949341e-06 17.4890584324
0.7 2.44233505133e-07 15.8247566557
0.8 2.92610889952e-08 14.3188347736
0.9 4.8211278939e-09 12.956220243
1 -7.60801588509e-10 11.7232699594
1.1 -5.62741310622e-09 10.607646131
1.2 -4.8095529824e-09 9.59819339292
1.3 -5.03135968274e-09 8.68480265538
1.4 -4.91597747835e-09 7.8583317203
1.5 -4.23071304123e-09 7.11050770252
1.6 -3.42904444651e-09 6.43386199147
1.7 -2.80027543146e-09 5.82160534412
1.8 -3.20545481519e-09 5.267602047
1.9 -3.05851485838e-09 4.76632532676
2 -3.07080270698e-09 4.31274981537
2.1 -3.07669191115e-09 3.90233739578
2.2 -3.07669191115e-09 3.53098099821
2.3 -3.07669191115e-09 3.19496399414
2.4 -3.07669191115e-09 2.89092312619
2.5 -3.07669191115e-09 2.61581594909
2.6 -3.07669191115e-09 2.36688857974
2.7 -3.07669191115e-09 2.14164989594
2.8 -3.07669191115e-09 1.93784517197
2.9 -3.07669191115e-09 1.7534351337
3 -3.07669191115e-09 1.58657409826
3.1 -3.07669191115e-09 1.43559176749
3.2 -3.07669191115e-09 1.29897745405
3.3 -3.07669191115e-09 1.17536359991
3.4 -3.07669191115e-09 1.06351308535
3.5 -3.07669191115e-09 0.962306597477
3.6 -3.07669191115e-09 0.870730826481
3.7 -3.07669191115e-09 0.787869156581
3.8 -3.07669191115e-09 0.712893396828
3.9 -3.07669191115e-09 0.645052511402
4 -3.07669191115e-09 0.583667715425
4.1 -3.07669191115e-09 0.528124390424
4.2 -3.07669191115e-09 0.47786666945
4.3 -3.07669191115e-09 0.432391601096
4.4 -3.07669191115e-09 0.39124410761
4.5 -3.07669191115e-09 0.35401231284
4.6 -3.07669191115e-09 0.320323555123
4.7 -3.07669191115e-09 0.289840701682
4.8 -3.07669191115e-09 0.26225851901
4.9 -3.07669191115e-09 0.237301157047
5 -3.07669191115e-09 0.214718958287
5.1 -3.07669191115e-09 0.194285677946
5.2 -3.07669191115e-09 0.175796983723
5.3 -3.07669191115e-09 0.159067660961
5.4 -3.07669191115e-09 0.143930331464
5.5 -3.07669191115e-09 0.13023354551
5.6 -3.07669191115e-09 0.117840111397
5.7 -3.07669191115e-09 0.106626152914
5.8 -3.07669191115e-09 0.0964793288641
5.9 -3.07669191115e-09 0.0872980996658
6 -3.07669191115e-09 0.0789905923681
6.1 -3.07669191115e-09 0.0714736034847
6.2 -3.07669191115e-09 0.0646719923108
6.3 -3.07669191115e-09 0.0585176220648
6.4 -3.07669191115e-09 0.0529489199733
6.5 -3.07669191115e-09 0.0479101721827
6.6 -3.07669191115e-09 0.0433509029517
6.7 -3.07669191115e-09 0.0392255235644
6.8 -3.07669191115e-09 0.0354927094011
6.9 -3.07669191115e-09 0.0321151193823
7 -3.07669191115e-09 0.0290589644568
7.1 -3.07669191115e-09 0.0262936286752
7.2 -3.07669191115e-09 0.0237914627318
7.3 -3.07669191115e-09 0.0215274015166
7.4 -3.07669191115e-09 0.019478793252
7.5 -3.07669191115e-09 0.0176251415405
7.6 -3.07669191115e-09 0.0159478791676
7.7 -3.07669191115e-09 0.0144302392059
7.8 -3.07669191115e-09 0.0130570183257
7.9 -3.07669191115e-09 0.0118144711921
8 -3.07669191115e-09 0.0106901810245
8.1 -3.07669191115e-09 0.00967287129712
8.2 -3.07669191115e-09 0.00875237413848
8.3 -3.07669191115e-09 0.00791945768368
8.4 -3.07669191115e-09 0.00716579818768
8.5 -3.07669191115e-09 0.00648388717614
8.6 -3.07669191115e-09 0.00586688704147
8.7 -3.07669191115e-09 0.00530860842071
8.8 -3.07669191115e-09 0.00480344217671
8.9 -3.07669191115e-09 0.0043463654587
9 -3.07669191115e-09 0.00393278348039
9.1 -3.07669191115e-09 0.0035585245915
9.2 -3.07669191115e-09 0.00321989082393
9.3 -3.07669191115e-09 0.00291348340171
9.4 -3.07669191115e-09 0.00263622056389
9.5 -3.07669191115e-09 0.00238535805857
9.6 -3.07669191115e-09 0.00215836923777
9.7 -3.07669191115e-09 0.00195296845321
9.8 -3.07669191115e-09 0.00176712460626
9.9 -3.07669191115e-09 0.00159896409586
10 -3.07669191115e-09 0.00144680271814
10.1 -3.07669191115e-09 0.00130913986538
10.2 -3.07669191115e-09 0.0011845816807
10.3 -3.07669191115e-09 0.00107184923248
10.4 -3.07669191115e-09 0.000969843299607
10.5 -3.07669191115e-09 0.000877551216478
10.6 -3.07669191115e-09 0.00079403580218
10.7 -3.07669191115e-09 0.000718458913588
10.8 -3.07669191115e-09 0.000650083557503
10.9 -3.07669191115e-09 0.000588220241247
11 -3.07669191115e-09 0.000532236814339
11.1 -3.07669191115e-09 0.000481585441114
11.2 -3.07669191115e-09 0.0004357606498
11.3 -3.07669191115e-09 0.000394293194803
11.4 -3.07669191115e-09 0.00035676479932
11.5 -3.07669191115e-09 0.00032281125991
11.6 -3.07669191115e-09 0.000292090429034
11.7 -3.07669191115e-09 0.000264280624862
11.8 -3.07669191115e-09 0.000239134541164
11.9 -3.07669191115e-09 0.000216378994556
12 -3.07669191115e-09 0.000195787406463
12.1 -3.07669191115e-09 0.000177155793883
12.2 -3.07669191115e-09 0.000160303113432
12.3 -3.07669191115e-09 0.000145055655608
12.4 -3.07669191115e-09 0.000131254652602
12.5 -3.07669191115e-09 0.000118756791917
12.6 -3.07669191115e-09 0.000107437833779
12.7 -3.07669191115e-09 9.71878417115e-05
12.8 -3.07669191115e-09 8.79119203027e-05
12.9 -3.07669191115e-09 7.95307559362e-05
13 -3.07669191115e-09 7.19591980085e-05
13.1 -3.07669191115e-09 6.51055462315e-05
13.2 -3.07669191115e-09 5.89038790248e-05
13.3 -3.07669191115e-09 5.3298293395e-05
13.4 -3.07669191115e-09 4.82398049812e-05
13.5 -3.07669191115e-09 4.36641536375e-05
13.6 -3.07669191115e-09 3.95210659643e-05
13.7 -3.07669191115e-09 3.57697287567e-05
13.8 -3.07669191115e-09 3.23754714101e-05
13.9 -3.07669191115e-09 2.92740888646e-05
14 -3.07669191115e-09 2.65109286071e-05
14.1 -3.07669191115e-09 2.39940628589e-05
14.2 -3.07669191115e-09 2.17112029803e-05
14.3 -3.07669191115e-09 1.96487559304e-05
14.4 -3.07669191115e-09 1.77838107581e-05
14.5 -3.07669191115e-09 1.60983231128e-05
14.6 -3.07669191115e-09 1.45758068527e-05
14.7 -3.07669191115e-09 1.31997758362e-05
14.8 -3.07669191115e-09 1.19537439218e-05
14.9 -3.07669191115e-09 1.08264816107e-05
15 -3.07669191115e-09 9.80995603009e-06
15.1 -3.07669191115e-09 8.89138281391e-06
15.2 -3.07669191115e-09 8.05797052487e-06
15.3 -3.07669191115e-09 7.29692772565e-06
15.4 -3.07669191115e-09 6.59745367842e-06
15.5 -3.07669191115e-09 5.96296808913e-06
15.6 -3.07669191115e-09 5.38946354592e-06
15.7 -3.07669191115e-09 4.8705545904e-06
15.8 -3.07669191115e-09 4.39985576424e-06
15.9 -3.07669191115e-09 3.97098160905e-06
16 -3.07669191115e-09 3.52379702619e-06
16.1 -3.07669191115e-09 3.20350520187e-06
16.2 -3.07669191115e-09 2.90546625647e-06
16.3 -3.07669191115e-09 2.62968018999e-06
16.4 -3.07669191115e-09 2.37614700243e-06
16.5 -3.07669191115e-09 2.14451275599e-06
16.6 -3.07669191115e-09 1.93230125817e-06
16.7 -3.07669191115e-09 1.73903488238e-06
16.8 -3.07669191115e-09 1.56471362861e-06
16.9 -3.07669191115e-09 1.40933749687e-06
17 -3.07669191115e-09 1.27290648715e-06
17.1 -3.07669191115e-09 1.15313679878e-06
17.2 -3.07669191115e-09 1.04368895116e-06
17.3 -3.07669191115e-09 9.44191483654e-07
17.4 -3.07669191115e-09 8.54644396278e-07
17.5 -3.07669191115e-09 7.75047689029e-07
17.6 -3.07669191115e-09 7.05401361906e-07
17.7 -3.07669191115e-09 6.43254490006e-07
17.8 -3.07669191115e-09 5.85771613889e-07
17.9 -3.07669191115e-09 5.32949035051e-07
18 -3.07669191115e-09 4.84786753491e-07
18.1 -3.07669191115e-09 4.41284769211e-07
18.2 -3.07669191115e-09 4.02396969657e-07
18.3 -3.07669191115e-09 3.66761641368e-07
18.4 -3.07669191115e-09 3.33746299631e-07
18.5 -3.07669191115e-09 3.03350944446e-07
18.6 -3.07669191115e-09 2.75575575812e-07
18.7 -3.07669191115e-09 2.5042019373e-07
18.8 -3.07669191115e-09 2.2778064144e-07
18.9 -3.07669191115e-09 2.06928225386e-07
19 -3.07669191115e-09 1.87722389687e-07
19.1 -3.07669191115e-09 1.70163134343e-07
19.2 -3.07669191115e-09 1.54250459353e-07
19.3 -3.07669191115e-09 1.39984364718e-07
19.4 -3.07669191115e-09 1.27195533263e-07
19.5 -3.07669191115e-09 1.15413966466e-07
19.6 -3.07669191115e-09 1.04612124856e-07
19.7 -3.07669191115e-09 9.47900084335e-08
19.8 -3.07669191115e-09 8.59476171979e-08
19.9 -3.07669191115e-09 7.80849511494e-08
20 -3.07669191115e-09 7.1002250272e-08
