"Time" "Prey" "Predator"
0 1.01369295845 1.02170444499
0.1 0.945637920809 1.01958765152
0.2 0.882795787411 1.01083352277
0.3 0.825426699644 0.996147646769
0.4 0.773571367615 0.976328451871
0.5 0.727106484116 0.952212842818
0.6 0.685798355309 0.924628263448
0.7 0.649341873645 0.894361167508
0.8 0.617394182668 0.862134264809
0.9 0.589601965657 0.828592092773
1 0.565616416078 0.794298024924
1.1 0.545105964719 0.75973319649
1.2 0.52776347544 0.725300211405
1.3 0.51330985677 0.691329400643
1.4 0.501495374876 0.658086117606
1.5 0.492099733891 0.625778340286
1.6 0.484930141371 0.594564874848
1.7 0.479819721938 0.56456228148
1.8 0.476625500528 0.535851660319
1.9 0.4752260801 0.508484795425
2 0.475519510982 0.482489296633
2.1 0.477421281715 0.45787329994
2.2 0.480862425901 0.434629437521
2.3 0.485787781699 0.412738337138
2.4 0.492154437593 0.392171654837
2.5 0.49993052669 0.372893468794
2.6 0.50909386581 0.354863357042
2.7 0.519630973239 0.338037842579
2.8 0.531536030351 0.322371616287
2.9 0.544810045357 0.307818688096
3 0.559460040579 0.294333374457
3.1 0.575498363491 0.281870965576
3.2 0.592941947827 0.270388478498
3.3 0.611811718855 0.259845047351
3.4 0.632131840403 0.250202493236
3.5 0.653929111036 0.241425591088
3.6 0.677232157255 0.23348253274
3.7 0.702070932631 0.226344898124
3.8 0.728475603561 0.219988287436
3.9 0.756475653802 0.214392608098
4 0.786099174843 0.209542012493
4.1 0.817371071595 0.205425683848
4.2 0.850312243116 0.202037832084
4.3 0.884937797777 0.199378208714
4.4 0.921254834144 0.197452797172
4.5 0.959261081746 0.196273986712
4.6 0.998941423687 0.195861581143
4.7 1.04026555085 0.196243362321
4.8 1.08318475344 0.197455889072
4.9 1.12762682671 0.199545823829
5 1.17349304267 0.202570681481
5.1 1.22065177703 0.206600324386
5.2 1.26893265084 0.211718375848
5.3 1.31812090833 0.218023570209
5.4 1.3679485723 0.225631294775
5.5 1.41808690057 0.234675262728
5.6 1.46813853024 0.24530825406
5.7 1.51762815589 0.25770355205
5.8 1.56599527021 0.272054196044
5.9 1.6125861245 0.288572323806
6 1.6566496435 0.307486071475
6.1 1.69733865277 0.329032496352
6.2 1.73370801632 0.353452332877
6.3 1.76473994703 0.380969709203
6.4 1.78936092778 0.411776780968
6.5 1.80647719181 0.446009222023
6.6 1.81503148892 0.48371260778
6.7 1.81406776497 0.524806342244
6.8 1.80281177997 0.569047218579
6.9 1.78075659117 0.615991928219
7 1.74774260192 0.66497590736
7.1 1.70402427118 0.71510371117
7.2 1.65030603951 0.765266712422
7.3 1.58773551528 0.814190739272
7.4 1.51784577779 0.860511750326
7.5 1.44245916816 0.90287032762
7.6 1.36355402222 0.940017516239
7.7 1.28311708443 0.970912537913
7.8 1.20301606854 0.994791094604
7.9 1.12488594058 1.01121220081
8 1.05005942738 1.02006365194
8.1 0.979539406439 1.02153458387
8.2 0.914004074649 1.01606773796
8.3 0.853840739182 1.00429608421
8.4 0.799193064949 0.986978314418
8.5 0.750015386786 0.964937783922
8.6 0.706124794378 0.939011445829
8.7 0.667247420681 0.91001020309
8.8 0.633056287143 0.878691026787
8.9 0.60320052736 0.84573936501
9 0.577326835092 0.811760713885
9.1 0.555093681555 0.77727749507
9.2 0.536181007658 0.742731366704
9.3 0.520295153719 0.708488569801
9.4 0.507171484646 0.674846415155
9.5 0.496574870859 0.642040986423
9.6 0.488298625336 0.610255154626
9.7 0.482162991167 0.579625983035
9.8 0.478013228785 0.550251711083
9.9 0.475717379979 0.522198199771
10 0.475163673443 0.495504840104
10.1 0.476259122136 0.470189066358
10.2 0.478927027834 0.446250919143
10.3 0.483105476556 0.423676713182
10.4 0.488745535406 0.402442127854
10.5 0.495809939266 0.382514820078
10.6 0.504271723124 0.363856666401
10.7 0.514113114163 0.34642552525
10.8 0.52532449365 0.330176857579
10.9 0.537903518544 0.315064846139
11 0.551854245925 0.301043562795
11.1 0.567186390112 0.288067754638
11.2 0.583914620835 0.276093531051
11.3 0.602058011411 0.265078660785
11.4 0.62163906943 0.254983741222
11.5 0.642683421697 0.245771906892
11.6 0.665218882327 0.237409550624
11.7 0.689274782797 0.229866573114
11.8 0.714881326289 0.223116464785
11.9 0.742068406628 0.217136981861
12 0.770865023488 0.211910013875
12.1 0.801297782875 0.207422202815
12.2 0.833389870242 0.20366512334
12.3 0.86715954307 0.200635663983
12.4 0.902618138005 0.198336629376
12.5 0.939768595752 0.196777003336
12.6 0.978602434003 0.195972821566
12.7 1.01909767476 0.195947649035
12.8 1.06121532571 0.196733491989
12.9 1.10489555964 0.198371788732
13 1.15005392011 0.200914342515
13.1 1.19657580814 0.204424662919
13.2 1.24431169631 0.208979161387
13.3 1.29306992873 0.214668698636
13.4 1.34261038375 0.221600110481
13.5 1.3926364391 0.229897517342
13.6 1.44278656622 0.239703986824
13.7 1.49262620056 0.251182323726
13.8 1.54163908148 0.264515390974
13.9 1.58921871168 0.279906533676
14 1.63466562772 0.29757511475
14.1 1.67717781124 0.317756497584
14.2 1.71586066488 0.340689980515
14.3 1.74973273757 0.366609025577
14.4 1.7777439423 0.395725539121
14.5 1.79880319276 0.428208508493
14.6 1.81182912044 0.464152221931
14.7 1.81580428204 0.503545508987
14.8 1.80985247742 0.546231874261
14.9 1.7933178952 0.591875462334
15 1.76585875881 0.639922659429
15.1 1.72751197472 0.689595666154
15.2 1.67875016067 0.739891761965
15.3 1.6205013004 0.789611154436
15.4 1.55411206467 0.837425667474
15.5 1.4812727315 0.881960520111
15.6 1.40390032513 0.921897439708
15.7 1.32399633916 0.956078609072
15.8 1.24350423397 0.983592169996
15.9 1.16418797017 1.00383069668
16 1.08753952385 1.01651673786
16.1 1.01472972703 1.02169164031
16.2 0.946599238912 1.01967620134
16.3 0.88367780433 1.01101504216
16.4 0.826225880397 0.996411251268
16.5 0.774287484045 0.976662104406
16.6 0.727743491516 0.952603165519
16.7 0.686360602563 0.925063071922
16.8 0.649834612981 0.894828953931
16.9 0.61782369991 0.862624237059
17 0.589973419854 0.829095768951
17.1 0.565934785128 0.794807912729
17.2 0.545376203151 0.760242569756
17.3 0.527989775082 0.725804197065
17.4 0.513496164759 0.691823752767
17.5 0.501645353712 0.658567359734
17.6 0.492216100376 0.626244213952
17.7 0.48501546021 0.595013435804
17.8 0.479876217846 0.56499218406
17.9 0.476654985895 0.536262070318
18 0.475230160322 0.508875141141
18.1 0.475499509338 0.482859359487
18.2 0.477378299212 0.45822312246
18.3 0.48079741215 0.434959322299
18.4 0.485701360148 0.41304863208
18.5 0.492047175568 0.392462554129
18.6 0.499802823418 0.373165534828
18.7 0.508945992169 0.355117348906
18.8 0.519463069061 0.338274425686
18.9 0.531348107649 0.322591512217
19 0.544602039162 0.308022577596
19.1 0.559231803315 0.294521923382
19.2 0.575249676598 0.282044829955
19.3 0.592672541692 0.270548258602
19.4 0.61152125121 0.259991342113
19.5 0.631819947867 0.250335822156
19.6 0.653595393321 0.241546444509
19.7 0.676876229102 0.23359129883
19.8 0.701692263266 0.226442081171
19.9 0.728073830641 0.220074153301
20 0.756050372978 0.214467389122
