"Time" "Prey" "Predator"
0 1.51223455054e-05 1.52468764982
0.1 1.33218025368e-05 1.37959748783
0.2 1.19536857586e-05 1.24831394253
0.3 1.09061475137e-05 1.12952292451
0.4 1.01012589036e-05 1.02203546174
0.5 9.48412837726e-06 0.924776034558
0.6 9.01544887116e-06 0.836772608316
0.7 8.66617869344e-06 0.757143696345
0.8 8.41502872607e-06 0.685092299767
0.9 8.24609744948e-06 0.61989642852
1 8.14785396766e-06 0.560905555365
1.1 8.11208561897e-06 0.507531011744
1.2 8.13112848824e-06 0.459235003694
1.3 8.19931706236e-06 0.415532258678
1.4 8.31445654351e-06 0.375989434199
1.5 8.47371571999e-06 0.340209954258
1.6 8.67519640652e-06 0.307835038746
1.7 8.9180342791e-06 0.278540877358
1.8 9.20181268855e-06 0.252034427813
1.9 9.52660892869e-06 0.228050472972
2 9.89292580689e-06 0.206348823514
2.1 1.03016558509e-05 0.186712347416
2.2 1.07540387437e-05 0.168944613768
2.3 1.12516226233e-05 0.152867663698
2.4 1.17962661964e-05 0.138320623156
2.5 1.23901202434e-05 0.125157871603
2.6 1.30356233416e-05 0.113247728334
2.7 1.37354961536e-05 0.102470951144
2.8 1.4492748785e-05 0.0927197410073
2.9 1.53106800493e-05 0.0838964417097
3 1.61928918587e-05 0.0759128060125
3.1 1.71432935589e-05 0.0686888800523
3.2 1.81661206509e-05 0.0621524181873
3.3 1.92659441943e-05 0.0562379537048
3.4 2.04476941698e-05 0.0508863537597
3.5 2.17166718744e-05 0.046044002736
3.6 2.30785737673e-05 0.0416623318242
3.7 2.45395208175e-05 0.0376975352071
3.8 2.61060838432e-05 0.0341101808706
3.9 2.77852988153e-05 0.0308642274454
4 2.95847083942e-05 0.0279271932301
4.1 3.15123922317e-05 0.0252696898248
4.2 3.35770002737e-05 0.0228650575608
4.3 3.57877921766e-05 0.0206892381082
4.4 3.81546798191e-05 0.0187204395095
4.5 4.06882686095e-05 0.0169390042074
4.6 4.33999049e-05 0.0153271201327
4.7 4.63017252622e-05 0.013868628687
4.8 4.94067093215e-05 0.0125489200634
4.9 5.27287423388e-05 0.0113547855469
5 5.62826703035e-05 0.0102742842076
5.1 6.00843729349e-05 0.00929658775201
5.2 6.41508284165e-05 0.0084119138797
5.3 6.85001832604e-05 0.00761146114818
5.4 7.31518589801e-05 0.00688720744883
5.5 7.81266040342e-05 0.00623188377119
5.6 8.34465823951e-05 0.00563890498218
5.7 8.91355430354e-05 0.00510236709495
5.8 9.52188327778e-05 0.00461688451841
5.9 0.000101723535295 0.00417756667316
6 0.000108678675083 0.00378006356105
6.1 0.000116115210499 0.00342038606348
6.2 0.000124066247003 0.00309492525389
6.3 0.000132567237408 0.00280045098513
6.4 0.000141655989582 0.0025339930529
6.5 0.000151372971834 0.00229288344881
6.6 0.000161761476218 0.00207472658746
6.7 0.000172867683248 0.00187732142114
6.8 0.000184741105387 0.00169871037348
6.9 0.000197434624261 0.00153711503517
7 0.000211004600934 0.00139089068476
7.1 0.000225511300426 0.001258547632
7.2 0.000241019510265 0.00113880494458
7.3 0.000257598174958 0.00103046135046
7.4 0.000275320829404 0.000932412301342
7.5 0.000294266478266 0.000843691198399
7.6 0.000314519522404 0.000763423021601
7.7 0.000336169871975 0.000690794863944
7.8 0.00035931366057 0.00062506965008
7.9 0.000384054201109 0.000565607693712
8 0.000410501447006 0.000511809221672
8.1 0.000438772668282 0.00046312047428
8.2 0.000468993861783 0.000419061389047
8.3 0.000501299629161 0.000379198510031
8.4 0.000535833353507 0.000343128503528
8.5 0.000572749077212 0.000310479829563
8.6 0.000612209435069 0.000280952751917
8.7 0.000654391757365 0.000254233663641
8.8 0.000699482634989 0.000230053885332
8.9 0.000747684745557 0.000208178912768
9 0.000799213726712 0.000188390950246
9.1 0.000854297537178 0.000170485341257
9.2 0.000913177347388 0.000154275543777
9.3 0.000976114077802 0.000139594799256
9.4 0.00104339828126 0.000126298655195
9.5 0.00111532768009 0.000114259231239
9.6 0.00119221553238 0.000103367354758
9.7 0.00127439247539 9.3531066487e-05
9.8 0.00136223810428 8.4636741432e-05
9.9 0.00145615125492 7.65856761133e-05
10 0.00155654375565 6.9301781243e-05
10.1 0.0016638489773 6.27210550867e-05
10.2 0.0017785390757 5.67809419211e-05
10.3 0.001901151388 5.14040408761e-05
10.4 0.00203222878164 4.65349209615e-05
10.5 0.00217234180753 4.21264487209e-05
10.6 0.00232209251518 3.81384507186e-05
10.7 0.00248217287267 3.45263148082e-05
10.8 0.00265331002249 3.12516716536e-05
10.9 0.00283625444371 2.82847045023e-05
11 0.00303179586174 2.56010449121e-05
11.1 0.00324079449978 2.317675515e-05
11.2 0.00346422950814 2.09805525986e-05
11.3 0.00370309008463 1.89912909879e-05
11.4 0.00395841580653 1.71914848729e-05
11.5 0.00423130346182 1.55665824899e-05
11.6 0.00452301368355 1.40971664257e-05
11.7 0.00483487210894 1.27661829257e-05
11.8 0.00516824641955 1.15606212e-05
11.9 0.00552457584721 1.04693553334e-05
12 0.00590542681818 9.48197520832e-06
12.1 0.00631258399442 8.58687373994e-06
12.2 0.00674785050444 7.77544399976e-06
12.3 0.00721312101118 7.04054406939e-06
12.4 0.00771039397109 6.37628003861e-06
12.5 0.00824196506335 5.77503459339e-06
12.6 0.00881025129312 5.2301690982e-06
12.7 0.00941774522142 4.73672670642e-06
12.8 0.0100670698632 4.290589028e-06
12.9 0.0107610776705 3.88771795564e-06
13 0.0115030212948 3.52284768399e-06
13.1 0.012296187471 3.19228902821e-06
13.2 0.0131440292072 2.89291689941e-06
13.3 0.0140501878329 2.62206664883e-06
13.4 0.0150188438914 2.3767269833e-06
13.5 0.0160544043123 2.15425949803e-06
13.6 0.0171614117212 1.95260727137e-06
13.7 0.0183446465992 1.770059889e-06
13.8 0.0196093033046 1.60498497248e-06
13.9 0.0209613098861 1.45534039338e-06
14 0.0224066574284 1.31969716876e-06
14.1 0.0239516390165 1.19687498826e-06
14.2 0.0256028854171 1.08589854312e-06
14.3 0.0273679032921 9.85527161884e-07
14.4 0.0292546927767 8.94589022844e-07
14.5 0.0312715690835 8.12137060539e-07
14.6 0.0334274030492 7.37329934345e-07
14.7 0.0357320062371 6.69458885864e-07
14.8 0.0381955922101 6.07910167622e-07
14.9 0.0408289051234 5.52174011259e-07
15 0.0436436787165 5.01723943988e-07
15.1 0.0466526965186 4.55999460567e-07
15.2 0.049869196987 4.14577233421e-07
15.3 0.0533071991457 3.77088076302e-07
15.4 0.0569823245203 3.43126445579e-07
15.5 0.0609110112852 3.12336939924e-07
15.6 0.0651104665627 2.8441955084e-07
15.7 0.0695991153015 2.59106077105e-07
15.8 0.0743973208433 2.3614305643e-07
15.9 0.0795263394793 2.15316529298e-07
16 0.0850088575832 1.96434841107e-07
16.1 0.0908695472148 1.79305694607e-07
16.2 0.0971342752174 1.63769592535e-07
16.3 0.103830699604 1.49682526854e-07
16.4 0.110989008637 1.36900368683e-07
16.5 0.118640797829 1.25301948069e-07
16.6 0.126819873382 1.14778205693e-07
16.7 0.135563099327 1.05224876564e-07
16.8 0.144909059883 9.6553583268e-08
16.9 0.154899069801 8.86843690389e-08
17 0.165578142629 8.15391251898e-08
17.1 0.176993388311 7.50524065707e-08
17.2 0.18919518626 6.91651818672e-08
17.3 0.202238336789 6.3819929347e-08
17.4 0.216180559971 5.89671411178e-08
17.5 0.231084133259 5.45614112849e-08
17.6 0.247015200941 5.05625379823e-08
17.7 0.264044360441 4.69344407951e-08
17.8 0.282247787675 4.36431541419e-08
17.9 0.301705868978 4.06594225804e-08
18 0.322505601848 3.79558647934e-08
18.1 0.344739270267 3.55083207876e-08
18.2 0.368505488657 3.32952336534e-08
18.3 0.393910573795 3.12966789243e-08
18.4 0.421066583062 2.94956894741e-08
18.5 0.45009463506 2.78766536801e-08
18.6 0.481123825265 2.64257544371e-08
18.7 0.514291957013 2.51308339176e-08
18.8 0.549746502457 2.39816976213e-08
18.9 0.587645349201 2.29691078393e-08
19 0.628157184313 2.20854494546e-08
19.1 0.67146198728 2.13250057452e-08
19.2 0.717752106161 2.06831133566e-08
19.3 0.767233473825 2.01568359874e-08
19.4 0.820126130917 1.97447949357e-08
19.5 0.87666497628 1.94471589683e-08
19.6 0.937101684498 1.92664552969e-08
19.7 1.0017048837 1.92071389408e-08
19.8 1.07076162346 1.92762533677e-08
19.9 1.14457928941 1.94845823797e-08
20 1.22348579203 1.9845957178e-08
