"Time" "Prey" "Predator"
0 35.8336619567 1.09192126622
0.1 15.0074152374 17.4444323696
0.2 0.65506586288 26.0607472265
0.3 0.0245078408705 24.0287682968
0.4 0.00124016543618 21.7587177011
0.5 8.37836519003e-05 19.6889297221
0.6 7.34419020521e-06 17.8153357395
0.7 8.01455602346e-07 16.1199878587
0.8 1.08724302533e-07 14.5859698719
0.9 2.97030635128e-09 13.1979427686
1 5.50925305013e-09 11.9420016834
1.1 -1.15481456272e-08 10.8055668352
1.2 -1.35249166691e-08 9.7772716774
1.3 -1.39147991863e-08 8.84684001462
1.4 -1.39147991863e-08 8.00495073928
1.5 -1.39147991863e-08 7.24317712852
1.6 -1.39147991863e-08 6.55389162224
1.7 -1.39147991863e-08 5.93020649749
1.8 -1.39147991863e-08 5.36588734559
1.9 -1.39147991863e-08 4.85525418756
2 -1.39147991863e-08 4.39321332223
2.1 -1.39147991863e-08 3.97514579726
2.2 -1.39147991863e-08 3.59686078009
2.3 -1.39147991863e-08 3.25457415569
2.4 -1.39147991863e-08 2.94486067372
2.5 -1.39147991863e-08 2.66462031029
2.6 -1.39147991863e-08 2.41104829166
2.7 -1.39147991863e-08 2.18160733231
2.8 -1.39147991863e-08 1.97400020075
2.9 -1.39147991863e-08 1.78614960992
3 -1.39147991863e-08 1.61617530112
3.1 -1.39147991863e-08 1.46237606146
3.2 -1.39147991863e-08 1.3232129081
3.3 -1.39147991863e-08 1.19729271924
3.4 -1.39147991863e-08 1.08335541049
3.5 -1.39147991863e-08 0.98026075218
3.6 -1.39147991863e-08 0.88697668482
3.7 -1.39147991863e-08 0.802569831835
3.8 -1.39147991863e-08 0.726194861139
3.9 -1.39147991863e-08 0.657087790973
4 -1.39147991863e-08 0.594557534572
4.1 -1.39147991863e-08 0.537977866351
4.2 -1.39147991863e-08 0.486782545561
4.3 -1.39147991863e-08 0.440459066183
4.4 -1.39147991863e-08 0.398543784576
4.5 -1.39147991863e-08 0.360617310765
4.6 -1.39147991863e-08 0.326300042914
4.7 -1.39147991863e-08 0.295248490615
4.8 -1.39147991863e-08 0.267151848637
4.9 -1.39147991863e-08 0.241728943184
5 -1.39147991863e-08 0.2187252031
5.1 -1.39147991863e-08 0.197910652866
5.2 -1.39147991863e-08 0.179076946771
5.3 -1.39147991863e-08 0.162035470319
5.4 -1.39147991863e-08 0.146615792252
5.5 -1.39147991863e-08 0.132663415977
5.6 -1.39147991863e-08 0.120038805687
5.7 -1.39147991863e-08 0.108615584026
5.8 -1.39147991863e-08 0.0982793842193
5.9 -1.39147991863e-08 0.0889268832675
6 -1.39147991863e-08 0.0804643623616
6.1 -1.39147991863e-08 0.0728071687625
6.2 -1.39147991863e-08 0.0658786453927
6.3 -1.39147991863e-08 0.0596094288714
6.4 -1.39147991863e-08 0.0539368468834
6.5 -1.39147991863e-08 0.0488040589584
6.6 -1.39147991863e-08 0.0441597348113
6.7 -1.39147991863e-08 0.0399573832429
6.8 -1.39147991863e-08 0.0361549239619
6.9 -1.39147991863e-08 0.0327143327781
7 -1.39147991863e-08 0.0296011386297
7.1 -1.39147991863e-08 0.0267842125344
7.2 -1.39147991863e-08 0.024235357583
7.3 -1.39147991863e-08 0.0219290505437
7.4 -1.39147991863e-08 0.019842229653
7.5 -1.39147991863e-08 0.0179539863688
7.6 -1.39147991863e-08 0.0162454367422
7.7 -1.39147991863e-08 0.0146994775906
7.8 -1.39147991863e-08 0.013300630403
7.9 -1.39147991863e-08 0.0120349102485
8 -1.39147991863e-08 0.0108896344137
8.1 -1.39147991863e-08 0.00985334543398
8.2 -1.39147991863e-08 0.00891567765049
8.3 -1.39147991863e-08 0.00806723484127
8.4 -1.39147991863e-08 0.00729953285532
8.5 -1.39147991863e-08 0.00660487057903
8.6 -1.39147991863e-08 0.00597631321157
8.7 -1.39147991863e-08 0.00540759932115
8.8 -1.39147991863e-08 0.00489302204167
8.9 -1.39147991863e-08 0.00442741792676
9 -1.39147991863e-08 0.00400610770116
9.1 -1.39147991863e-08 0.00362490637678
9.2 -1.39147991863e-08 0.00327997994997
9.3 -1.39147991863e-08 0.00296784342416
9.4 -1.39147991863e-08 0.0026854180119
9.5 -1.39147991863e-08 0.00242987229014
9.6 -1.39147991863e-08 0.00219863018924
9.7 -1.39147991863e-08 0.00198940663486
9.8 -1.39147991863e-08 0.00180009901503
9.9 -1.39147991863e-08 0.00162879177799
10 -1.39147991863e-08 0.00147379462151
10.1 -1.39147991863e-08 0.00133355041747
10.2 -1.39147991863e-08 0.00120664258873
10.3 -1.39147991863e-08 0.00109182476065
10.4 -1.39147991863e-08 0.000987942110843
10.5 -1.39147991863e-08 0.000893928915383
10.6 -1.39147991863e-08 0.000808852765557
10.7 -1.39147991863e-08 0.000731879416026
10.8 -1.39147991863e-08 0.000662230796198
10.9 -1.39147991863e-08 0.000599199377619
11 -1.39147991863e-08 0.000542172097317
11.1 -1.39147991863e-08 0.000490577771498
11.2 -1.39147991863e-08 0.000443889431427
11.3 -1.39147991863e-08 0.000401643695502
11.4 -1.39147991863e-08 0.000363424244586
11.5 -1.39147991863e-08 0.000328842265686
11.6 -1.39147991863e-08 0.000297543765692
11.7 -1.39147991863e-08 0.000269225634574
11.8 -1.39147991863e-08 0.000243604507651
11.9 -1.39147991863e-08 0.000220408289406
12 -1.39147991863e-08 0.00019943852356
12.1 -1.39147991863e-08 0.000180460563013
12.2 -1.39147991863e-08 0.000163287920976
12.3 -1.39147991863e-08 0.000147747919772
12.4 -1.39147991863e-08 0.000133691482648
12.5 -1.39147991863e-08 0.000120975098044
12.6 -1.39147991863e-08 0.00010946663894
12.7 -1.39147991863e-08 9.90461513516e-05
12.8 -1.39147991863e-08 8.96085786698e-05
12.9 -1.39147991863e-08 8.10617163904e-05
13 -1.39147991863e-08 7.33250258167e-05
13.1 -1.39147991863e-08 6.63305917398e-05
13.2 -1.39147991863e-08 6.00151158405e-05
13.3 -1.39147991863e-08 5.42997553969e-05
13.4 -1.39147991863e-08 4.91272587751e-05
13.5 -1.39147991863e-08 4.44499834196e-05
13.6 -1.39147991863e-08 4.02280530782e-05
13.7 -1.39147991863e-08 3.64124945139e-05
13.8 -1.39147991863e-08 3.29578974459e-05
13.9 -1.39147991863e-08 2.98297575666e-05
14 -1.39147991863e-08 2.6998548634e-05
14.1 -1.39147991863e-08 2.44047428837e-05
14.2 -1.39147991863e-08 2.2106381518e-05
14.3 -1.39147991863e-08 2.00104568927e-05
14.4 -1.39147991863e-08 1.81070127692e-05
14.5 -1.39147991863e-08 1.63859493217e-05
14.6 -1.39147991863e-08 1.48303846375e-05
14.7 -1.39147991863e-08 1.34240846276e-05
14.8 -1.39147991863e-08 1.21536911211e-05
14.9 -1.39147991863e-08 1.10058459475e-05
15 -1.39147991863e-08 9.9671909358e-06
15.1 -1.39147991863e-08 9.02638722314e-06
15.2 -1.39147991863e-08 8.17788603663e-06
15.3 -1.39147991863e-08 7.41174525623e-06
15.4 -1.39147991863e-08 6.71760096492e-06
15.5 -1.39147991863e-08 6.08508924567e-06
15.6 -1.39147991863e-08 5.50406525691e-06
15.7 -1.39147991863e-08 4.97473177034e-06
15.8 -1.39147991863e-08 4.4963031558e-06
15.9 -1.39147991863e-08 4.06360591666e-06
16 -1.39147991863e-08 3.67146655625e-06
16.1 -1.39147991863e-08 3.31471157794e-06
16.2 -1.39147991863e-08 2.93348681608e-06
16.3 -1.39147991863e-08 2.66876395185e-06
16.4 -1.39147991863e-08 2.42207092592e-06
16.5 -1.39147991863e-08 2.19340773827e-06
16.6 -1.39147991863e-08 1.98277438891e-06
16.7 -1.39147991863e-08 1.79013058996e-06
16.8 -1.39147991863e-08 1.61375216898e-06
16.9 -1.39147991863e-08 1.4527234986e-06
17 -1.39147991863e-08 1.30704457881e-06
17.1 -1.39147991863e-08 1.17671540962e-06
17.2 -1.39147991863e-08 1.06173599104e-06
17.3 -1.39147991863e-08 9.61453125755e-07
17.4 -1.39147991863e-08 8.7044381352e-07
17.5 -1.39147991863e-08 7.87496557529e-07
17.6 -1.39147991863e-08 7.12611357783e-07
17.7 -1.39147991863e-08 6.45788214282e-07
17.8 -1.39147991863e-08 5.87027127025e-07
17.9 -1.39147991863e-08 5.35356306841e-07
18 -1.39147991863e-08 4.87690006488e-07
18.1 -1.39147991863e-08 4.43799617737e-07
18.2 -1.39147991863e-08 4.03685140588e-07
18.3 -1.39147991863e-08 3.67346575042e-07
18.4 -1.39147991863e-08 3.34783921099e-07
18.5 -1.39147991863e-08 3.05292409344e-07
18.6 -1.39147991863e-08 2.77928536587e-07
18.7 -1.39147991863e-08 2.52687451848e-07
18.8 -1.39147991863e-08 2.29569155127e-07
18.9 -1.39147991863e-08 2.08573646425e-07
19 -1.39147991863e-08 1.89689069988e-07
19.1 -1.39147991863e-08 1.72408043521e-07
19.2 -1.39147991863e-08 1.56461120007e-07
19.3 -1.39147991863e-08 1.41848299445e-07
19.4 -1.39147991863e-08 1.28569581836e-07
19.5 -1.39147991863e-08 1.16624967179e-07
19.6 -1.39147991863e-08 1.05966027952e-07
19.7 -1.39147991863e-08 9.61907072701e-08
19.8 -1.39147991863e-08 8.72091857339e-08
19.9 -1.39147991863e-08 7.90214633433e-08
20 -1.39147991863e-08 7.16275400981e-08
