"Time" "Prey" "Predator"
0 7.37283446027 4.16874900308
0.1 3.81622847365 6.56974278349
0.2 1.5535058387 7.67015660173
0.3 0.592465538502 7.66779957285
0.4 0.23428014656 7.20981145564
0.5 0.0995129663618 6.62653371905
0.6 0.0457381875077 6.03728755482
0.7 0.0226959255238 5.48064601486
0.8 0.0120952457521 4.96740611572
0.9 0.00688181310912 4.49883065193
1 0.00415607249349 4.07290066287
1.1 0.00264951854449 3.68654109997
1.2 0.00177414797998 3.33644550335
1.3 0.00124192709248 3.01938965406
1.4 0.000905046424765 2.73234667213
1.5 0.000684016019427 2.47252410148
1.6 0.000534387916085 2.23736750217
1.7 0.000430076011948 2.02455087043
1.8 0.00035559725986 1.8319609921
1.9 0.000301285714981 1.65768108213
2 0.000260972670731 1.49997390813
2.1 0.000230651801871 1.35726585971
2.2 0.000207592583375 1.22813189864
2.3 0.000189911613343 1.11128191591
2.4 0.000176313847091 1.00554793948
2.5 0.00016590199512 0.909873042778
2.6 0.000158011318179 0.823300623782
2.7 0.00015215283477 0.744964829156
2.8 0.000147974739914 0.674082224515
2.9 0.00014521160681 0.609943846323
3 0.000143664869532 0.551908164759
3.1 0.000143185593169 0.499394577898
3.2 0.000143652346622 0.451877072794
3.3 0.000144985124431 0.408880624416
3.4 0.000147142087163 0.369975791137
3.5 0.000150067043276 0.334772774514
3.6 0.000153740934376 0.302919625346
3.7 0.000158142228442 0.274097326174
3.8 0.000163266258129 0.248017497151
3.9 0.000169114757661 0.22441914461
4 0.000175698349186 0.203066342091
4.1 0.000183033364503 0.183745333538
4.2 0.000191142763069 0.166262772353
4.3 0.000200054693411 0.150443691739
4.4 0.000209802857207 0.136129845586
4.5 0.000220425838155 0.123177914965
4.6 0.000231967659967 0.111458432821
4.7 0.000244477236688 0.100854169502
4.8 0.000258008312481 0.0912589049861
4.9 0.000272620074113 0.0825766844033
5 0.000288376831235 0.0747205477536
5.1 0.00030534851694 0.0676119340466
5.2 0.000323610794346 0.0611797229397
5.3 0.000343245310316 0.0553595129983
5.4 0.000364340104406 0.0500931402539
5.5 0.000386989829016 0.0453278500732
5.6 0.000411296215563 0.0410159724348
5.7 0.000437368479938 0.0371143583667
5.8 0.000465323778511 0.0335839525169
5.9 0.00049528771304 0.0303894773635
6 0.000527394866412 0.0274989339632
6.1 0.000561789379565 0.0248834162576
6.2 0.00059862559402 0.0225167548975
6.3 0.000638068721761 0.0203752549708
6.4 0.000680295553363 0.018437510016
6.5 0.000725495282811 0.0166841134831
6.6 0.000773870288558 0.0150975369539
6.7 0.00082563706568 0.013661909574
6.8 0.000881027177845 0.0123628577302
6.9 0.000940288247158 0.0111873969034
7 0.0010036851294 0.0101237560007
7.1 0.00107150100185 0.00916130139088
7.2 0.00114403868139 0.00829040588718
7.3 0.00122162196239 0.00750235250308
7.4 0.00130459699749 0.00678926758262
7.5 0.00139333394701 0.00614401070776
7.6 0.00148822847546 0.00556012900974
7.7 0.00158970371544 0.00503178846572
7.8 0.0016982119069 0.00455369635765
7.9 0.00181423659217 0.00412107615956
8 0.00193829490423 0.00372958842721
8.1 0.00207093939822 0.00337532657064
8.2 0.00221276041894 0.00305477329505
8.3 0.00236439023585 0.00276472084108
8.4 0.00252650417556 0.00250226071709
8.5 0.0026998227121 0.00226475163907
8.6 0.0028851174667 0.00204981963911
8.7 0.0030832147464 0.00185533560006
8.8 0.00329499490812 0.0016793355991
8.9 0.0035213987472 0.00152003595478
9 0.00376343664546 0.00137588295012
9.1 0.00402218488681 0.00124543626523
9.2 0.00429879190172 0.00112737634579
9.3 0.0045944909959 0.00102054114535
9.4 0.00491059834651 0.00092386847685
9.5 0.00524853339484 0.000836340881878
9.6 0.00560975328492 0.000757184838778
9.7 0.00599590950915 0.000685534191328
9.8 0.00640870790678 0.000620684359119
9.9 0.00684998368534 0.000561986274424
10 0.00732171630359 0.000508871026449
10.1 0.00782599969678 0.00046080055824
10.2 0.00836505265383 0.00041728485001
10.3 0.00894127669723 0.000377882899875
10.4 0.00955728748727 0.000342202656912
10.5 0.0102158007652 0.000309901264277
10.6 0.0109196801493 0.000280684906822
10.7 0.0116720828601 0.000254256482438
10.8 0.0124764308204 0.000230326018951
10.9 0.0133362615536 0.000208664416948
11 0.0142553076552 0.000189075517583
11.1 0.0152377296027 0.000171350384842
11.2 0.0162879677134 0.000155296377216
11.3 0.0174106329439 0.000140758591632
11.4 0.018610601643 0.000127603278467
11.5 0.0198933445504 0.000115689042627
11.6 0.0212646226416 0.00010489346779
11.7 0.0227304447541 9.51168255499e-05
11.8 0.0242971906497 8.62727130985e-05
11.9 0.0259720393206 7.82622368626e-05
12 0.0277624704025 7.10040650891e-05
12.1 0.0296763146202 6.44313871934e-05
12.2 0.0317219337035 5.84846718141e-05
12.3 0.0339087263506 5.30966211634e-05
12.4 0.0362464099942 4.82135288763e-05
12.5 0.0387451891144 4.37902749622e-05
12.6 0.0414160428151 3.97856281593e-05
12.7 0.0442712454441 3.61551173602e-05
12.8 0.0473234315469 3.28638346987e-05
12.9 0.0505858981653 2.98822963473e-05
13 0.0540730146811 2.71827863366e-05
13.1 0.0578006532154 2.47356730634e-05
13.2 0.0617853015977 2.25170007843e-05
13.3 0.0660445675018 2.05053637218e-05
13.4 0.0705976638456 1.8680737371e-05
13.5 0.0754647000031 1.70261095106e-05
13.6 0.0806670581045 1.55264946849e-05
13.7 0.0862282537586 1.41663786914e-05
13.8 0.0921729320269 1.29327172211e-05
13.9 0.0985271751502 1.18141974895e-05
14 0.105319651021 1.07994692081e-05
14.1 0.112580563856 9.87866486017e-06
14.2 0.120341756105 9.04329878624e-06
14.3 0.128638131624 8.28513332153e-06
14.4 0.137506710456 7.59686502604e-06
14.5 0.146986389012 6.97230188128e-06
14.6 0.157119423867 6.40549484364e-06
14.7 0.167951148566 5.89089544529e-06
14.8 0.179529484977 5.42370008775e-06
14.9 0.191906270999 4.99946625902e-06
15 0.205136246144 4.61431954817e-06
15.1 0.219278211709 4.26470439024e-06
15.2 0.234395356619 3.94731430396e-06
15.3 0.250554381317 3.65929913949e-06
15.4 0.267827638573 3.39795777217e-06
15.5 0.286291727231 3.16091578888e-06
15.6 0.306028489648 2.9460483561e-06
15.7 0.327126283889 2.75137307919e-06
15.8 0.349678204107 2.575190922e-06
15.9 0.373785063187 2.41591392172e-06
16 0.399554001729 2.27213796734e-06
16.1 0.427098994043 2.1426361931e-06
16.2 0.45654348233 2.02626713983e-06
16.3 0.488017485972 1.92206793776e-06
16.4 0.521661033085 1.82917845072e-06
16.5 0.557623983082 1.74684388957e-06
16.6 0.596066278228 1.67442998712e-06
16.7 0.637158890526 1.61141033667e-06
16.8 0.681084222706 1.55736897003e-06
16.9 0.728037995856 1.51199293354e-06
17 0.778228420561 1.47508484087e-06
17.1 0.831879329864 1.44656970127e-06
17.2 0.889228438674 1.42649622667e-06
17.3 0.950531733457 1.41507811812e-06
17.4 1.01606056225 1.41267096555e-06
17.5 1.08610698579 1.41987035331e-06
17.6 1.16098212559 1.43747452395e-06
17.7 1.24101862038 1.46661167848e-06
17.8 1.32657260941 1.50879064261e-06
17.9 1.41802509043 1.5659620214e-06
18 1.51578242234 1.64080237364e-06
18.1 1.62027895723 1.73665328816e-06
18.2 1.73197941497 1.85814036107e-06
18.3 1.85138043516 2.01129109902e-06
18.4 1.97901253924 2.20401316396e-06
18.5 2.11544362159 2.44764330753e-06
18.6 2.26127987435 2.75655436246e-06
18.7 2.41716986523 3.15213355165e-06
18.8 2.58380669158 3.66330438552e-06
18.9 2.76193086693 4.33167767236e-06
19 2.95233500096 5.2230606137e-06
19.1 3.15586494249 6.42159998285e-06
19.2 3.37342428071 8.05109301175e-06
19.3 3.60598037795 1.03451482522e-05
19.4 3.85456682769 1.36169469595e-05
19.5 4.12028845521 1.83212887434e-05
19.6 4.40432475827 2.54540417299e-05
19.7 4.70793587544 3.6463493507e-05
19.8 5.03246795579 5.33660012515e-05
19.9 5.37935506133 8.09828866585e-05
20 5.7501246761 0.00012784559913
