"Time" "Prey" "Predator"
0 11.0468495673 32.5616579829
0.1 0.0811461063765 37.1668533535
0.2 0.000771710169797 33.6863842432
0.3 1.15379989022e-05 30.4812363238
0.4 2.95228055841e-07 27.5805594387
0.5 -8.44551037999e-08 24.9559472881
0.6 -8.22946746803e-08 22.5810891934
0.7 -8.22946746803e-08 20.432231231
0.8 -8.22946746803e-08 18.4878600079
0.9 -8.22946746803e-08 16.7284962907
1 -8.22946746803e-08 15.1365571962
1.1 -8.22946746803e-08 13.6961211878
1.2 -8.22946746803e-08 12.3927603503
1.3 -8.22946746803e-08 11.2134296156
1.4 -8.22946746803e-08 10.1463237785
1.5 -8.22946746803e-08 9.18078520886
1.6 -8.22946746803e-08 8.30712711488
1.7 -8.22946746803e-08 7.51659330252
1.8 -8.22946746803e-08 6.80129757765
1.9 -8.22946746803e-08 6.15406894473
2 -8.22946746803e-08 5.56843182777
2.1 -8.22946746803e-08 5.03852563355
2.2 -8.22946746803e-08 4.5590468765
2.3 -8.22946746803e-08 4.12519640958
2.4 -8.22946746803e-08 3.73263285646
2.5 -8.22946746803e-08 3.37742640434
2.6 -8.22946746803e-08 3.05602250751
2.7 -8.22946746803e-08 2.76520384526
2.8 -8.22946746803e-08 2.50206027305
2.9 -8.22946746803e-08 2.26395830839
3 -8.22946746803e-08 2.04851440679
3.1 -8.22946746803e-08 1.85357281894
3.2 -8.22946746803e-08 1.67718239168
3.3 -8.22946746803e-08 1.51757749995
3.4 -8.22946746803e-08 1.37316109058
3.5 -8.22946746803e-08 1.24248710306
3.6 -8.22946746803e-08 1.12424808076
3.7 -8.22946746803e-08 1.01726161434
3.8 -8.22946746803e-08 0.920456313872
3.9 -8.22946746803e-08 0.832863357805
4 -8.22946746803e-08 0.753605930489
4.1 -8.22946746803e-08 0.681890756905
4.2 -8.22946746803e-08 0.617000260451
4.3 -8.22946746803e-08 0.558284925029
4.4 -8.22946746803e-08 0.505157083778
4.5 -8.22946746803e-08 0.457084985792
4.6 -8.22946746803e-08 0.413587474533
4.7 -8.22946746803e-08 0.374229080693
4.8 -8.22946746803e-08 0.338616396225
4.9 -8.22946746803e-08 0.306392713502
5 -8.22946746803e-08 0.277235521495
5.1 -8.22946746803e-08 0.250853121484
5.2 -8.22946746803e-08 0.226981203324
5.3 -8.22946746803e-08 0.205381089863
5.4 -8.22946746803e-08 0.185836432641
5.5 -8.22946746803e-08 0.168151678694
5.6 -8.22946746803e-08 0.152149963302
5.7 -8.22946746803e-08 0.137670950557
5.8 -8.22946746803e-08 0.124569845514
5.9 -8.22946746803e-08 0.112715431068
6 -8.22946746803e-08 0.10198909481
6.1 -8.22946746803e-08 0.0922835556543
6.2 -8.22946746803e-08 0.0835015749471
6.3 -8.22946746803e-08 0.0755553560377
6.4 -8.22946746803e-08 0.0683653085063
6.5 -8.22946746803e-08 0.061859474701
6.6 -8.22946746803e-08 0.055972772248
6.7 -8.22946746803e-08 0.05064623079
6.8 -8.22946746803e-08 0.0458266050021
6.9 -8.22946746803e-08 0.0414656207691
7 -8.22946746803e-08 0.0375196351547
7.1 -8.22946746803e-08 0.0339491755649
7.2 -8.22946746803e-08 0.0307184722162
7.3 -8.22946746803e-08 0.0277952242845
7.4 -8.22946746803e-08 0.0251501526449
7.5 -8.22946746803e-08 0.0227567901268
7.6 -8.22946746803e-08 0.0205911985144
7.7 -8.22946746803e-08 0.0186316804861
7.8 -8.22946746803e-08 0.0168586432658
7.9 -8.22946746803e-08 0.0152543282247
8 -8.22946746803e-08 0.0138026818169
8.1 -8.22946746803e-08 0.0124891843142
8.2 -8.22946746803e-08 0.0113006762614
8.3 -8.22946746803e-08 0.0102252754484
8.4 -8.22946746803e-08 0.00925221059477
8.5 -8.22946746803e-08 0.00837174390562
8.6 -8.22946746803e-08 0.00757506778729
8.7 -8.22946746803e-08 0.00685420171534
8.8 -8.22946746803e-08 0.00620193687945
8.9 -8.22946746803e-08 0.00561173023813
9 -8.22946746803e-08 0.00507768072077
9.1 -8.22946746803e-08 0.00459447319532
9.2 -8.22946746803e-08 0.00415726869653
9.3 -8.22946746803e-08 0.00376168089105
9.4 -8.22946746803e-08 0.00340372734514
9.5 -8.22946746803e-08 0.00307984090013
9.6 -8.22946746803e-08 0.00278678835651
9.7 -8.22946746803e-08 0.00252160093765
9.8 -8.22946746803e-08 0.00228163333059
9.9 -8.22946746803e-08 0.00206451122601
10 -8.22946746803e-08 0.00186804514172
10.1 -8.22946746803e-08 0.00169026961599
10.2 -8.22946746803e-08 0.00152942544782
10.3 -8.22946746803e-08 0.0013838864328
10.4 -8.22946746803e-08 0.00125217916565
10.5 -8.22946746803e-08 0.00113302901138
10.6 -8.22946746803e-08 0.00102521096361
10.7 -8.22946746803e-08 0.000927645618234
10.8 -8.22946746803e-08 0.000839373986099
10.9 -8.22946746803e-08 0.000759501432361
11 -8.22946746803e-08 0.000687217629959
11.1 -8.22946746803e-08 0.000621790761812
11.2 -8.22946746803e-08 0.000562573076133
11.3 -8.22946746803e-08 0.000509001878994
11.4 -8.22946746803e-08 0.000460559530064
11.5 -8.22946746803e-08 0.000416716147129
11.6 -8.22946746803e-08 0.000377042981133
11.7 -8.22946746803e-08 0.00034116986169
11.8 -8.22946746803e-08 0.000308714588589
11.9 -8.22946746803e-08 0.000279337524365
12 -8.22946746803e-08 0.000252756271372
12.1 -8.22946746803e-08 0.000228713626991
12.2 -8.22946746803e-08 0.000206948020699
12.3 -8.22946746803e-08 0.000187247750169
12.4 -8.22946746803e-08 0.000169431280248
12.5 -8.22946746803e-08 0.000153303600816
12.6 -8.22946746803e-08 0.000138695394837
12.7 -8.22946746803e-08 0.000125472375286
12.8 -8.22946746803e-08 0.000113523481657
12.9 -8.22946746803e-08 0.000102739478678
13 -8.22946746803e-08 9.29784642622e-05
13.1 -8.22946746803e-08 8.41420242503e-05
13.2 -8.22946746803e-08 7.61472855128e-05
13.3 -8.22946746803e-08 6.89239896642e-05
13.4 -8.22946746803e-08 6.23882939406e-05
13.5 -8.22946746803e-08 5.64669434469e-05
13.6 -8.22946746803e-08 5.11030333729e-05
13.7 -8.22946746803e-08 4.62487245557e-05
13.8 -8.22946746803e-08 4.18587845122e-05
13.9 -8.22946746803e-08 3.78801776355e-05
14 -8.22946746803e-08 3.42750489202e-05
14.1 -8.22946746803e-08 3.10122895066e-05
14.2 -8.22946746803e-08 2.80182343137e-05
14.3 -8.22946746803e-08 2.53858433071e-05
14.4 -8.22946746803e-08 2.29857129953e-05
14.5 -8.22946746803e-08 2.08047342141e-05
14.6 -8.22946746803e-08 1.88297977994e-05
14.7 -8.22946746803e-08 1.70456862011e-05
14.8 -8.22946746803e-08 1.54328740993e-05
14.9 -8.22946746803e-08 1.39755514015e-05
15 -8.22946746803e-08 1.26581147664e-05
15.1 -8.22946746803e-08 1.14649608531e-05
15.2 -8.22946746803e-08 1.03808868067e-05
15.3 -8.22946746803e-08 9.40022992719e-06
15.4 -8.22946746803e-08 8.51504318687e-06
15.5 -8.22946746803e-08 7.71422185028e-06
15.6 -8.22946746803e-08 6.98666118193e-06
15.7 -8.22946746803e-08 6.32125644635e-06
15.8 -8.22946746803e-08 5.71150283995e-06
15.9 -8.22946746803e-08 5.16029395594e-06
16 -8.22946746803e-08 4.66241775902e-06
16.1 -8.22946746803e-08 4.21221113811e-06
16.2 -8.22946746803e-08 3.80401098211e-06
16.3 -8.22946746803e-08 3.3494969222e-06
16.4 -8.22946746803e-08 3.05254039048e-06
16.5 -8.22946746803e-08 2.77490319861e-06
16.6 -8.22946746803e-08 2.51658534661e-06
16.7 -8.22946746803e-08 2.27758683446e-06
16.8 -8.22946746803e-08 2.05790766217e-06
16.9 -8.22946746803e-08 1.8568340781e-06
17 -8.22946746803e-08 1.67262532437e-06
17.1 -8.22946746803e-08 1.50520266131e-06
17.2 -8.22946746803e-08 1.35456608891e-06
17.3 -8.22946746803e-08 1.22071560718e-06
17.4 -8.22946746803e-08 1.10365121433e-06
17.5 -8.22946746803e-08 9.99435453211e-07
17.6 -8.22946746803e-08 9.04141414348e-07
17.7 -8.22946746803e-08 8.17769097746e-07
17.8 -8.22946746803e-08 7.40318503404e-07
17.9 -8.22946746803e-08 6.71789631323e-07
18 -8.22946746803e-08 6.12033377909e-07
18.1 -8.22946746803e-08 5.57785410494e-07
18.2 -8.22946746803e-08 5.07713357728e-07
18.3 -8.22946746803e-08 4.61817219612e-07
18.4 -8.22946746803e-08 4.20096996144e-07
18.5 -8.22946746803e-08 3.82552687326e-07
18.6 -8.22946746803e-08 3.48953008424e-07
18.7 -8.22946746803e-08 3.17913968654e-07
18.8 -8.22946746803e-08 2.8920552138e-07
18.9 -8.22946746803e-08 2.62827666603e-07
19 -8.22946746803e-08 2.38780404322e-07
19.1 -8.22946746803e-08 2.17063734537e-07
19.2 -8.22946746803e-08 1.9743320832e-07
19.3 -8.22946746803e-08 1.79292642958e-07
19.4 -8.22946746803e-08 1.62615071322e-07
19.5 -8.22946746803e-08 1.4740049341e-07
19.6 -8.22946746803e-08 1.33648909224e-07
19.7 -8.22946746803e-08 1.21360318629e-07
19.8 -8.22946746803e-08 1.10239191982e-07
19.9 -8.22946746803e-08 9.9990791305e-08
20 -8.22946746803e-08 9.06151165989e-08
