"Time" "Prey" "Predator"
0 1.01369295845 36.6143367984
0.1 0.00962370532001 33.8350350185
0.2 0.000140446031914 30.6218835245
0.3 3.06588494721e-06 27.7079220728
0.4 7.85251343606e-08 25.0711766199
0.5 -6.95865461206e-08 22.6853455453
0.6 -6.95865461206e-08 20.5265646528
0.7 -6.95865461206e-08 18.57322542
0.8 -6.95865461206e-08 16.8057497303
0.9 -6.95865461206e-08 15.2064571871
1 -6.95865461206e-08 13.7593649302
1.1 -6.95865461206e-08 12.4499859316
1.2 -6.95865461206e-08 11.2652107378
1.3 -6.95865461206e-08 10.1931793526
1.4 -6.95865461206e-08 9.22316680494
1.5 -6.95865461206e-08 8.34548230309
1.6 -6.95865461206e-08 7.55130568263
1.7 -6.95865461206e-08 6.83270053773
1.8 -6.95865461206e-08 6.18248542429
1.9 -6.95865461206e-08 5.59414439617
2 -6.95865461206e-08 5.06179115603
2.1 -6.95865461206e-08 4.58009830228
2.2 -6.95865461206e-08 4.14424455726
2.3 -6.95865461206e-08 3.749867755
2.4 -6.95865461206e-08 3.39302163448
2.5 -6.95865461206e-08 3.070133313
2.6 -6.95865461206e-08 2.77797200116
2.7 -6.95865461206e-08 2.51361351992
2.8 -6.95865461206e-08 2.27441181791
2.9 -6.95865461206e-08 2.05797337005
3 -6.95865461206e-08 1.86213162166
3.1 -6.95865461206e-08 1.68492657686
3.2 -6.95865461206e-08 1.52458497367
3.3 -6.95865461206e-08 1.37950163017
3.4 -6.95865461206e-08 1.24822479521
3.5 -6.95865461206e-08 1.12943988388
3.6 -6.95865461206e-08 1.02195898209
3.7 -6.95865461206e-08 0.924706576295
3.8 -6.95865461206e-08 0.836709125814
3.9 -6.95865461206e-08 0.757085739799
4 -6.95865461206e-08 0.685039501083
4.1 -6.95865461206e-08 0.619849282801
4.2 -6.95865461206e-08 0.560862832193
4.3 -6.95865461206e-08 0.507489680384
4.4 -6.95865461206e-08 0.459195634161
4.5 -6.95865461206e-08 0.415497355502
4.6 -6.95865461206e-08 0.375957382452
4.7 -6.95865461206e-08 0.340179991895
4.8 -6.95865461206e-08 0.307807562852
4.9 -6.95865461206e-08 0.278515713125
5 -6.95865461206e-08 0.252011421873
5.1 -6.95865461206e-08 0.228029378568
5.2 -6.95865461206e-08 0.206329426583
5.3 -6.95865461206e-08 0.186694602466
5.4 -6.95865461206e-08 0.168928180985
5.5 -6.95865461206e-08 0.152852502338
5.6 -6.95865461206e-08 0.138306680041
5.7 -6.95865461206e-08 0.125145030236
5.8 -6.95865461206e-08 0.113235928394
5.9 -6.95865461206e-08 0.102460065781
6 -6.95865461206e-08 0.092709678617
6.1 -6.95865461206e-08 0.0838871810186
6.2 -6.95865461206e-08 0.0759042237389
6.3 -6.95865461206e-08 0.0686809958692
6.4 -6.95865461206e-08 0.062145123509
6.5 -6.95865461206e-08 0.0562312286201
6.6 -6.95865461206e-08 0.0508801162529
6.7 -6.95865461206e-08 0.0460382063702
6.8 -6.95865461206e-08 0.0416570971785
6.9 -6.95865461206e-08 0.0376928904314
7 -6.95865461206e-08 0.0341059346193
7.1 -6.95865461206e-08 0.0308603270152
7.2 -6.95865461206e-08 0.0279235667052
7.3 -6.95865461206e-08 0.025266291182
7.4 -6.95865461206e-08 0.0228618768509
7.5 -6.95865461206e-08 0.0206862776193
7.6 -6.95865461206e-08 0.0187177188393
7.7 -6.95865461206e-08 0.0169364862054
7.8 -6.95865461206e-08 0.0153247679362
7.9 -6.95865461206e-08 0.0138664198941
8 -6.95865461206e-08 0.0125468529678
8.1 -6.95865461206e-08 0.0113528502053
8.2 -6.95865461206e-08 0.0102724572522
8.3 -6.95865461206e-08 0.00929490175832
8.4 -6.95865461206e-08 0.00841039673765
8.5 -6.95865461206e-08 0.00761007291468
8.6 -6.95865461206e-08 0.00688589417648
8.7 -6.95865461206e-08 0.00623064801091
8.8 -6.95865461206e-08 0.00563775337991
8.9 -6.95865461206e-08 0.0051012462075
9 -6.95865461206e-08 0.00461580809864
9.1 -6.95865461206e-08 0.00417655930878
9.2 -6.95865461206e-08 0.00377910388254
9.3 -6.95865461206e-08 0.00341948739316
9.4 -6.95865461206e-08 0.00309408142485
9.5 -6.95865461206e-08 0.00279964173159
9.6 -6.95865461206e-08 0.00253323004462
9.7 -6.95865461206e-08 0.0022921605711
9.8 -6.95865461206e-08 0.0020740532881
9.9 -6.95865461206e-08 0.00187672158672
10 -6.95865461206e-08 0.00169814617243
10.1 -6.95865461206e-08 0.00153653432733
10.2 -6.95865461206e-08 0.00139031328979
10.3 -6.95865461206e-08 0.0012580086125
10.4 -6.95865461206e-08 0.00113827260191
10.5 -6.95865461206e-08 0.00102993700391
10.6 -6.95865461206e-08 0.000931923324652
10.7 -6.95865461206e-08 0.000843234211077
10.8 -6.95865461206e-08 0.000762980619234
10.9 -6.95865461206e-08 0.000690376774125
11 -6.95865461206e-08 0.000624685666461
11.1 -6.95865461206e-08 0.000565231404711
11.2 -6.95865461206e-08 0.000511435833455
11.3 -6.95865461206e-08 0.000462763977317
11.4 -6.95865461206e-08 0.000418694999875
11.5 -6.95865461206e-08 0.00037886228677
11.6 -6.95865461206e-08 0.000342810723201
11.7 -6.95865461206e-08 0.000310188928959
11.8 -6.95865461206e-08 0.000280668051411
11.9 -6.95865461206e-08 0.000253964032571
12 -6.95865461206e-08 0.000229806550701
12.1 -6.95865461206e-08 0.000207945190366
12.2 -6.95865461206e-08 0.000188152322178
12.3 -6.95865461206e-08 0.000170227555253
12.4 -6.95865461206e-08 0.000153995354048
12.5 -6.95865461206e-08 0.000139301902143
12.6 -6.95865461206e-08 0.000126017066411
12.7 -6.95865461206e-08 0.000114019418479
12.8 -6.95865461206e-08 0.000103161404851
12.9 -6.95865461206e-08 9.33347886765e-05
13 -6.95865461206e-08 8.44490893742e-05
13.1 -6.95865461206e-08 7.64275978602e-05
13.2 -6.95865461206e-08 6.9174889024e-05
13.3 -6.95865461206e-08 6.26082445314e-05
13.4 -6.95865461206e-08 5.66626989713e-05
13.5 -6.95865461206e-08 5.12828355778e-05
13.6 -6.95865461206e-08 4.63694770044e-05
13.7 -6.95865461206e-08 4.19914521212e-05
13.8 -6.95865461206e-08 3.8004596256e-05
13.9 -6.95865461206e-08 3.43885689918e-05
14 -6.95865461206e-08 3.11211852222e-05
14.1 -6.95865461206e-08 2.8166912871e-05
14.2 -6.95865461206e-08 2.54971491291e-05
14.3 -6.95865461206e-08 2.30855441629e-05
14.4 -6.95865461206e-08 2.09057481387e-05
14.5 -6.95865461206e-08 1.89314112227e-05
14.6 -6.95865461206e-08 1.71448650819e-05
14.7 -6.95865461206e-08 1.55338390578e-05
14.8 -6.95865461206e-08 1.40781357098e-05
14.9 -6.95865461206e-08 1.27575440558e-05
15 -6.95865461206e-08 1.15518531141e-05
15.1 -6.95865461206e-08 1.04439468025e-05
15.2 -6.95865461206e-08 9.43910171058e-06
15.3 -6.95865461206e-08 8.53096895706e-06
15.4 -6.95865461206e-08 7.70941976635e-06
15.5 -6.95865461206e-08 6.96432536285e-06
15.6 -6.95865461206e-08 6.28555697093e-06
15.7 -6.95865461206e-08 5.57719313183e-06
15.8 -6.95865461206e-08 5.07070179424e-06
15.9 -6.95865461206e-08 4.59930295425e-06
16 -6.95865461206e-08 4.16299661188e-06
16.1 -6.95865461206e-08 3.76178276711e-06
16.2 -6.95865461206e-08 3.39511982587e-06
16.3 -6.95865461206e-08 3.05917425613e-06
16.4 -6.95865461206e-08 2.75319879785e-06
16.5 -6.95865461206e-08 2.47719345104e-06
16.6 -6.95865461206e-08 2.2311582157e-06
16.7 -6.95865461206e-08 2.01509309182e-06
16.8 -6.95865461206e-08 1.82541823959e-06
16.9 -6.95865461206e-08 1.65210268825e-06
17 -6.95865461206e-08 1.49454833293e-06
17.1 -6.95865461206e-08 1.35275517364e-06
17.2 -6.95865461206e-08 1.22672321037e-06
17.3 -6.95865461206e-08 1.11645244313e-06
17.4 -6.95865461206e-08 1.01808134376e-06
17.5 -6.95865461206e-08 9.27095517982e-07
17.6 -6.95865461206e-08 8.43488209131e-07
17.7 -6.95865461206e-08 7.67259417203e-07
17.8 -6.95865461206e-08 6.98409142199e-07
17.9 -6.95865461206e-08 6.36866172306e-07
18 -6.95865461206e-08 5.80477141222e-07
18.1 -6.95865461206e-08 5.28232434938e-07
18.2 -6.95865461206e-08 4.80132053453e-07
18.3 -6.95865461206e-08 4.36175996768e-07
18.4 -6.95865461206e-08 3.96364264882e-07
18.5 -6.95865461206e-08 3.60534069379e-07
18.6 -6.95865461206e-08 3.27533155037e-07
18.7 -6.95865461206e-08 2.97136915862e-07
18.8 -6.95865461206e-08 2.69345351854e-07
18.9 -6.95865461206e-08 2.44158463014e-07
19 -6.95865461206e-08 2.2157624934e-07
19.1 -6.95865461206e-08 2.01333087104e-07
19.2 -6.95865461206e-08 1.82684679358e-07
19.3 -6.95865461206e-08 1.65586646784e-07
19.4 -6.95865461206e-08 1.50038989382e-07
19.5 -6.95865461206e-08 1.36041707153e-07
19.6 -6.95865461206e-08 1.23594800097e-07
19.7 -6.95865461206e-08 1.12384010507e-07
19.8 -6.95865461206e-08 1.02041949329e-07
19.9 -6.95865461206e-08 9.25680666917e-08
20 -6.95865461206e-08 8.39623625955e-08
