"Time" "Prey" "Predator"
0 14.1879067339 1.09192126622
0.1 11.3524526328 3.65544027631
0.2 5.64930812428 7.78753704109
0.3 1.79286745593 9.94116766408
0.4 0.501605420325 9.95498815618
0.5 0.148359349686 9.2706790785
0.6 0.0486138319091 8.46312298886
0.7 0.0177230713509 7.68102955238
0.8 0.00714423424204 6.95811597726
0.9 0.00315788600794 6.29901629975
1 0.00151784589603 5.7008532376
1.1 0.000787105930409 5.15891591432
1.2 0.000437263751114 4.66825643253
1.3 0.00025850324567 4.22415604511
1.4 0.000161692468023 3.82225293817
1.5 0.000106388880996 3.4585628438
1.6 7.32882609832e-05 3.12946456969
1.7 5.2666803994e-05 2.83167403287
1.8 3.92761591867e-05 2.56221570876
1.9 3.03112909341e-05 2.31839581582
2 2.41441824776e-05 2.09777623463
2.1 1.97740859109e-05 1.89814991825
2.2 1.66096509614e-05 1.71751962447
2.3 1.42763342399e-05 1.55407781573
2.4 1.25326408913e-05 1.40618919266
2.5 1.12152491169e-05 1.27237496682
2.6 1.02107510091e-05 1.15129489553
2.7 9.43204594442e-06 1.04173584854
2.8 8.83409590559e-06 0.942602416833
2.9 8.37915847567e-06 0.852902754228
3 8.03846677133e-06 0.771739140782
3.1 7.79117258515e-06 0.6982990546
3.2 7.6222136387e-06 0.631847692102
3.3 7.52039590249e-06 0.571720441326
3.4 7.47671182542e-06 0.517314993683
3.5 7.48359297505e-06 0.468085709068
3.6 7.53611595159e-06 0.423540385868
3.7 7.63391315892e-06 0.383235252774
3.8 7.77370422519e-06 0.346766416039
3.9 7.95192740759e-06 0.313767584768
4 8.16788235847e-06 0.283908608216
4.1 8.42203602144e-06 0.25689125281
4.2 8.71404159398e-06 0.232444970162
4.3 9.04407957595e-06 0.210325176423
4.4 9.4129863059e-06 0.190310365196
4.5 9.82183934723e-06 0.172200048648
4.6 1.02720232801e-05 0.155813105132
4.7 1.07652251138e-05 0.140985685717
4.8 1.13033539137e-05 0.127569288229
4.9 1.18885963379e-05 0.115429601008
5 1.25234148789e-05 0.104445138255
5.1 1.32105268549e-05 0.0945059270477
5.2 1.39529199938e-05 0.0855125089567
5.3 1.47538693597e-05 0.0773750273178
5.4 1.56169135611e-05 0.0700119218294
5.5 1.65458934633e-05 0.0633495187493
5.6 1.75449589261e-05 0.0573211170548
5.7 1.86185845119e-05 0.051866359411
5.8 1.97715883283e-05 0.0469307131276
5.9 2.10091473546e-05 0.0424647263418
6 2.23368228294e-05 0.0384237474251
6.1 2.37605813255e-05 0.0347673326393
6.2 2.5286819711e-05 0.0314588592277
6.3 2.69223933819e-05 0.0284652327539
6.4 2.86746471526e-05 0.0257564652781
6.5 3.05514454876e-05 0.0233054746254
6.6 3.25612078431e-05 0.0210877302493
6.7 3.47129451115e-05 0.0190810236002
6.8 3.70162986872e-05 0.0172652907084
6.9 3.94815851952e-05 0.0156223388574
7 4.21198389754e-05 0.0141357338225
7.1 4.49428636494e-05 0.0127905943144
7.2 4.79632835303e-05 0.0115734540476
7.3 5.11945978481e-05 0.0104721469271
7.4 5.46512450806e-05 0.00947563938882
7.5 5.83486609261e-05 0.00857396128277
7.6 6.23033551508e-05 0.00775807852079
7.7 6.65329782966e-05 0.00701982336476
7.8 7.10563913552e-05 0.0063518367463
7.9 7.5893781107e-05 0.00574743802699
8 8.10667214137e-05 0.00520056672902
8.1 8.65982416746e-05 0.00470572416372
8.2 9.25130164729e-05 0.00425797643803
8.3 9.88374114476e-05 0.00385284900657
8.4 0.000105599555369 0.00348624384029
8.5 0.000112829599787 0.00315451675955
8.6 0.000120559757259 0.00285436636251
8.7 0.000128824392753 0.00258276405414
8.8 0.000137660344271 0.00233701124326
8.9 0.000147106959359 0.00211465593898
9 0.000157206217217 0.0019134470218
9.1 0.00016800312214 0.0017313866909
9.2 0.000179545735203 0.00156665818422
9.3 0.000191885340861 0.00141759485144
9.4 0.000205076968854 0.00128272547473
9.5 0.000219179333686 0.00116070369047
9.6 0.000234255017463 0.00105028404469
9.7 0.000250371022191 0.000950349333254
9.8 0.000267599291258 0.000859931225262
9.9 0.000286016373326 0.000778119831133
10 0.000305703951873 0.000704081173012
10.1 0.00032674984751 0.000637089678194
10.2 0.000349247743978 0.000576480847536
10.3 0.000373297474173 0.000521638862744
10.4 0.000399005909609 0.000472010057769
10.5 0.000426487769978 0.000427110869792
10.6 0.000455865132334 0.000386486929146
10.7 0.000487268257686 0.000349720309332
10.8 0.000520837201168 0.000316451411968
10.9 0.00055672136561 0.000286350947238
11 0.000595079956292 0.000259113755579
11.1 0.000636084032951 0.000234461750133
11.2 0.000679914715688 0.000212165401682
11.3 0.000726768409075 0.000191989603771
11.4 0.000776852591152 0.000173730956569
11.5 0.00083039274139 0.00015721363878
11.6 0.000887627885625 0.00014227170198
11.7 0.000948810915004 0.000128750338201
11.8 0.00101420926411 0.000116508575005
11.9 0.00108411514433 0.000105421188362
12 0.00115885001263 9.53795379844e-05
12.1 0.00123874351654 8.62876315937e-05
12.2 0.00132414286492 7.80638765575e-05
12.3 0.00141541638383 7.06381520131e-05
12.4 0.00151298911988 6.3921296354e-05
12.5 0.00161730040653 5.78414734791e-05
12.6 0.00172880677027 5.23416821033e-05
12.7 0.00184798845196 4.73741669501e-05
12.8 0.00197537640318 4.28888470695e-05
12.9 0.00211156445691 3.88280990251e-05
13 0.00225715327341 3.51507838268e-05
13.1 0.00241277521833 3.18215832213e-05
13.2 0.00257910097877 2.88100113943e-05
13.3 0.00275690551174 2.60814882111e-05
13.4 0.00294698970178 2.36079436139e-05
13.5 0.00315018548103 2.13671245698e-05
13.6 0.00336736798504 1.93409496622e-05
13.7 0.00359950450109 1.75100369517e-05
13.8 0.00384767719572 1.58511631707e-05
13.9 0.00411298054869 1.43487300142e-05
14 0.00439656676361 1.29896874944e-05
14.1 0.00469965755122 1.17628983693e-05
14.2 0.00502366494428 1.06529964113e-05
14.3 0.00537004897031 9.64762173957e-06
14.4 0.00574032576752 8.73700823849e-06
14.5 0.00613609024099 7.91283181175e-06
14.6 0.00655910334685 7.16693816333e-06
14.7 0.0070113381012 6.49067219003e-06
14.8 0.00749478939843 5.87764999245e-06
14.9 0.00801155720512 5.32254627468e-06
15 0.0085638672107 4.82086854594e-06
15.1 0.00915429119655 4.3666009105e-06
15.2 0.00978549117411 3.95493977058e-06
15.3 0.0104602303035 3.58217708257e-06
15.4 0.0111814153646 3.24524625418e-06
15.5 0.0119522522443 2.94089452734e-06
15.6 0.0127763379289 2.66519333221e-06
15.7 0.0136573084463 2.41541218819e-06
15.8 0.0145989910317 2.18920877047e-06
15.9 0.0156054403536 1.98456093119e-06
16 0.016681340482 1.79912516378e-06
16.1 0.0178315450208 1.63097054547e-06
16.2 0.0190610898341 1.47855842572e-06
16.3 0.0203752726614 1.34061536197e-06
16.4 0.0217799300233 1.21583923996e-06
16.5 0.0232816194075 1.10270591996e-06
16.6 0.0248869681372 1.00016028188e-06
16.7 0.0266029514391 9.07321111904e-07
16.8 0.0284369441356 8.23446966992e-07
16.9 0.0303973431033 7.47556143551e-07
17 0.0324929787424 6.7878599469e-07
17.1 0.0347330783518 6.16415290882e-07
17.2 0.0371275597634 5.59811861093e-07
17.3 0.0396872892526 5.08454772454e-07
17.4 0.0424235565338 4.61889181089e-07
17.5 0.0453482828554 4.19737380605e-07
17.6 0.0484746837042 3.81560585954e-07
17.7 0.0518167899838 3.4696065352e-07
17.8 0.0553892562514 3.15620819143e-07
17.9 0.0592077794529 2.8725126858e-07
18 0.0632897782404 2.61536971591e-07
18.1 0.0676533184209 2.3822019848e-07
18.2 0.0723174342594 2.17076343166e-07
18.3 0.0773029592583 1.97898156212e-07
18.4 0.0826323063971 1.80499273177e-07
18.5 0.088328970893 1.64721972575e-07
18.6 0.0944184337114 1.50412360523e-07
18.7 0.100927865979 1.37429784758e-07
18.8 0.107885869188 1.2565574296e-07
18.9 0.115323623285 1.14974264435e-07
19 0.123274302062 1.05280414991e-07
19.1 0.131772849684 9.64841312974e-08
19.2 0.140857406944 8.84996299914e-08
19.3 0.150568433334 8.12508627708e-08
19.4 0.160948622239 7.46721866163e-08
19.5 0.17204461548 6.86994440001e-08
19.6 0.183905755524 6.3276276171e-08
19.7 0.196584170277 5.83540405256e-08
19.8 0.210136665968 5.38855015737e-08
19.9 0.224623467393 4.98287512986e-08
20 0.240108975239 4.6146292881e-08
