"Time" "Prey" "Predator"
0 29.0782415406 1.09192126622
0.1 16.0707849117 11.5836298037
0.2 1.59146389526 21.006501318
0.3 0.106757530358 20.0708619026
0.4 0.00888036896904 18.2311640879
0.5 0.000938748956122 16.5019676797
0.6 0.00012364307092 14.9321884658
0.7 1.98695985251e-05 13.5112784121
0.8 3.82511384353e-06 12.2255231372
0.9 8.56887431193e-07 11.0621145563
1 2.03566447229e-07 10.0094166163
1.1 1.21258706445e-08 9.05689071024
1.2 2.43085558872e-08 8.19501276645
1.3 7.56649047084e-09 7.41515339486
1.4 4.85164533103e-09 6.70950697882
1.5 2.21026852059e-08 6.07101082186
1.6 3.14879226931e-08 5.49328267126
1.7 9.52315629558e-09 4.97052918038
1.8 -1.82661502732e-09 4.49752111601
1.9 1.03985709102e-08 4.06952567999
2 7.27110280984e-09 3.68225949687
2.1 3.3703542532e-09 3.33184650809
2.2 2.62272988876e-09 3.0147796928
2.3 4.59337270283e-09 2.727886326
2.4 6.41094283285e-09 2.46829458403
2.5 7.54582303921e-09 2.23340368921
2.6 1.0313198838e-08 2.02086507597
2.7 7.10914665451e-09 1.82855503401
2.8 5.48551685132e-09 1.65454552373
2.9 6.16592753225e-09 1.49709420606
3 5.48773283633e-09 1.35462671337
3.1 4.44185949641e-09 1.225716925
3.2 4.15401074141e-09 1.10907466718
3.3 3.95423970444e-09 1.00353228195
3.4 3.78008873989e-09 0.908033386796
3.5 3.57875456669e-09 0.821622576286
3.6 3.4049487171e-09 0.743434873137
3.7 3.33388456254e-09 0.672687672263
3.8 3.29100090852e-09 0.608672925705
3.9 3.32278848846e-09 0.550749705531
4 3.38181075059e-09 0.498338577128
4.1 3.38654841996e-09 0.450915359079
4.2 3.40062369299e-09 0.408004906915
4.3 3.44643260158e-09 0.369178139676
4.4 3.51868896923e-09 0.334046158392
4.5 3.60890565792e-09 0.302257371829
4.6 3.71272382487e-09 0.27349379072
4.7 3.83315646875e-09 0.247467267133
4.8 3.97052223498e-09 0.223917648309
4.9 4.12485626441e-09 0.202609057234
5 4.29690209942e-09 0.183328226954
5.1 4.4876642249e-09 0.165882261815
5.2 4.69745192841e-09 0.150096404631
5.3 4.92665765712e-09 0.135812843216
5.4 5.17625244222e-09 0.122888510449
5.5 5.44740533597e-09 0.111194083676
5.6 5.74134969249e-09 0.10061258548
5.7 6.05929161777e-09 0.0910380031124
5.8 6.40263389706e-09 0.0823745995776
5.9 6.77289145167e-09 0.0745356001231
6 7.17168352665e-09 0.0674425724429
6.1 7.60076482097e-09 0.0610245701175
6.2 8.06207107122e-09 0.0552172927833
6.3 8.55769111543e-09 0.0499626781246
6.4 9.08984585761e-09 0.0452080938628
6.5 9.66091992968e-09 0.0409059628218
6.6 1.02734764962e-08 0.0370132488157
6.7 1.09302699676e-08 0.0334909556537
6.8 1.1634249182e-08 0.030303871547
6.9 1.23885762273e-08 0.027420072894
7 1.31966396099e-08 0.0248107015903
7.1 1.40620671562e-08 0.0224496540138
7.2 1.49887392768e-08 0.0203132778397
7.3 1.59808083534e-08 0.0183802148146
7.4 1.70427194843e-08 0.0166311024775
7.5 1.81792277048e-08 0.015048438913
7.6 1.93954192326e-08 0.0136163926053
7.7 2.06967345771e-08 0.0123206168401
7.8 2.2088991472e-08 0.0111481545323
7.9 2.35784126958e-08 0.010087266524
8 2.51716508648e-08 0.00912733304082
8.1 2.6875821003e-08 0.00825874573415
8.2 2.86985317553e-08 0.00747279877689
8.3 3.06479132945e-08 0.00676165504322
8.4 3.27326636718e-08 0.00611821277875
8.5 3.49620850779e-08 0.00553601641682
8.6 3.73461059423e-08 0.0050092163228
8.7 3.98953560801e-08 0.00453254652149
8.8 4.26212052352e-08 0.00410125319363
8.9 4.55357803985e-08 0.00371097931153
9 4.86520718313e-08 0.00335783005235
9.1 5.19839701332e-08 0.00303829837917
9.2 5.55462904892e-08 0.00274916281084
9.3 5.93549063297e-08 0.00248754298862
9.4 6.3426783642e-08 0.00225083280524
9.5 6.77800198621e-08 0.0020366374112
9.6 7.24340097405e-08 0.00184282530274
9.7 7.74094746964e-08 0.00166746482414
9.8 8.27285231909e-08 0.00150878272213
9.9 8.84148736032e-08 0.00136521064496
10 9.44938396436e-08 0.00123531641325
10.1 1.00992401706e-07 0.00111777510138
10.2 1.07939434548e-07 0.00101139467358
10.3 1.15365954979e-07 0.000915144989399
10.4 1.23304964991e-07 0.000828058131236
10.5 1.31791675439e-07 0.000749246165385
10.6 1.40863936803e-07 0.000677935464861
10.7 1.5056214162e-07 0.000613419670911
10.8 1.60929329924e-07 0.00055504376719
10.9 1.72011559628e-07 0.00050221730148
11 1.83858289728e-07 0.000454425783614
11.1 1.96522150848e-07 0.000411185872346
11.2 2.10059294229e-07 0.000372052507008
11.3 2.24530083543e-07 0.000336642090932
11.4 2.39998935222e-07 0.000304604631111
11.5 2.5653448604e-07 0.000275615452037
11.6 2.74210477366e-07 0.000249377764025
11.7 2.93104938031e-07 0.000225648144389
11.8 3.13302595048e-07 0.000204175830529
11.9 3.34892858463e-07 0.000184744385948
12 3.57972891739e-07 0.000167166315124
12.1 3.82645789246e-07 0.000151265369563
12.2 4.0902060375e-07 0.000136876814606
12.3 4.37212672678e-07 0.000123850597067
12.4 4.67347667036e-07 0.000112053190606
12.5 4.99564338264e-07 0.000101368847653
12.6 5.3400489458e-07 9.16952132556e-05
12.7 5.70819094728e-07 8.29451908752e-05
12.8 6.10165565674e-07 7.50443939014e-05
12.9 6.52227208668e-07 6.78987342114e-05
13 6.97193792792e-07 6.143104206e-05
13.1 7.45262217406e-07 5.55805139516e-05
13.2 7.96639628333e-07 5.02961567679e-05
13.3 8.51554154229e-07 4.55254795505e-05
13.4 9.10262190396e-07 4.1206821739e-05
13.5 9.73022879971e-07 3.72962311731e-05
13.6 1.04010896919e-06 3.3756030648e-05
13.7 1.11158074017e-06 3.0499602933e-05
13.8 1.18838176785e-06 2.76350465692e-05
13.9 1.27038285647e-06 2.50195790313e-05
14 1.3579920908e-06 2.264113576e-05
14.1 1.45161755564e-06 2.04876521959e-05
14.2 1.5517224268e-06 1.85424415095e-05
14.3 1.65883569267e-06 1.67832950343e-05
14.4 1.77341587168e-06 1.51939167067e-05
14.5 1.89592017103e-06 1.37581204768e-05
14.6 2.02680579794e-06 1.24597202951e-05
14.7 2.16656274113e-06 1.12832026672e-05
14.8 2.31607319211e-06 1.0221100647e-05
14.9 2.47606315949e-06 9.26274299383e-06
15 2.64716665378e-06 8.39557100693e-06
15.1 2.83001768549e-06 7.60702598534e-06
15.2 3.02525026512e-06 6.88454922817e-06
15.3 3.23381617742e-06 6.22263561493e-06
15.4 3.45704683559e-06 5.62420657358e-06
15.5 3.69586716384e-06 5.08316076522e-06
15.6 3.95119452248e-06 4.59322895589e-06
15.7 4.22394627179e-06 4.14814191165e-06
15.8 4.5450837024e-06 3.65992357063e-06
15.9 4.84225583104e-06 3.33228218861e-06
16 5.16675513496e-06 3.0264887871e-06
16.1 5.51858161417e-06 2.74254336611e-06
16.2 5.89773526866e-06 2.48044592563e-06
16.3 6.30421609843e-06 2.24019646566e-06
16.4 6.74076148439e-06 2.02059552145e-06
16.5 7.21197251871e-06 1.81962698777e-06
16.6 7.71792239951e-06 1.63725879069e-06
16.7 8.25861112678e-06 1.47349093022e-06
16.8 8.83403870052e-06 1.32832340635e-06
16.9 9.44430311592e-06 1.20170332781e-06
17 1.00991800782e-05 1.0883544203e-06
17.1 1.08051577845e-05 9.84774787317e-07
17.2 1.15622362347e-05 8.90964428857e-07
17.3 1.2370415429e-05 8.06923344923e-07
17.4 1.32296953672e-05 7.32651535516e-07
17.5 1.41416440041e-05 6.67813500208e-07
17.6 1.51239865039e-05 6.08616527019e-07
17.7 1.61817027698e-05 5.53995049663e-07
17.8 1.73147928016e-05 5.0394906814e-07
17.9 1.85232565994e-05 4.58478582452e-07
18 1.98070941631e-05 4.17583592597e-07
18.1 2.11733676438e-05 3.80897765566e-07
18.2 2.26501443925e-05 3.46965171382e-07
18.3 2.42403251767e-05 3.15635339347e-07
18.4 2.59439099962e-05 2.86908269459e-07
18.5 2.77608988512e-05 2.60783961719e-07
18.6 2.96912917414e-05 2.37262416126e-07
18.7 3.17368407895e-05 2.16310326498e-07
18.8 3.39391571475e-05 1.97136704361e-07
18.9 3.63158693125e-05 1.7940644873e-07
19 3.88669772845e-05 1.63119559606e-07
19.1 4.15924810634e-05 1.48276036987e-07
19.2 4.44923806494e-05 1.34875880876e-07
19.3 4.75666760423e-05 1.2291909127e-07
19.4 5.04435113613e-05 1.15035337277e-07
19.5 5.41789890375e-05 1.03756134254e-07
19.6 5.81163307636e-05 9.37260493909e-08
19.7 6.22702256755e-05 8.48412048992e-08
19.8 6.66553629091e-05 7.69977229895e-08
19.9 7.12864316003e-05 7.00917258722e-08
20 7.61849212253e-05 6.40181816622e-08
