"Time" "Prey" "Predator"
0 29.1115255907 22.1507767418
0.1 0.216473758222 40.4471032975
0.2 0.00134323530464 36.7486851118
0.3 1.35703129821e-05 33.2525191706
0.4 2.71699383189e-07 30.088128691
0.5 -7.83149052998e-08 27.2248790958
0.6 -7.83149052998e-08 24.6340979514
0.7 -7.83149052998e-08 22.289861916
0.8 -7.83149052998e-08 20.1686979038
0.9 -7.83149052998e-08 18.2493770857
1 -7.83149052998e-08 16.5127167709
1.1 -7.83149052998e-08 14.9413213076
1.2 -7.83149052998e-08 13.5194628006
1.3 -7.83149052998e-08 12.2329025366
1.4 -7.83149052998e-08 11.0687928283
1.5 -7.83149052998e-08 10.0154867274
1.6 -7.83149052998e-08 9.06237969297
1.7 -7.83149052998e-08 8.19997833568
1.8 -7.83149052998e-08 7.41965051501
1.9 -7.83149052998e-08 6.71357744751
2 -7.83149052998e-08 6.07469598722
2.1 -7.83149052998e-08 5.49661273588
2.2 -7.83149052998e-08 4.97354112062
2.3 -7.83149052998e-08 4.50024639336
2.4 -7.83149052998e-08 4.07199239322
2.5 -7.83149052998e-08 3.68449156151
2.6 -7.83149052998e-08 3.33386625355
2.7 -7.83149052998e-08 3.0166075779
2.8 -7.83149052998e-08 2.72953971718
2.9 -7.83149052998e-08 2.46979002923
3 -7.83149052998e-08 2.23475890687
3.1 -7.83149052998e-08 2.02209368341
3.2 -7.83149052998e-08 1.82966630643
3.3 -7.83149052998e-08 1.65555077065
3.4 -7.83149052998e-08 1.49800419467
3.5 -7.83149052998e-08 1.35544928556
3.6 -7.83149052998e-08 1.22646099075
3.7 -7.83149052998e-08 1.1097476034
3.8 -7.83149052998e-08 1.00414124589
3.9 -7.83149052998e-08 0.908584570974
4 -7.83149052998e-08 0.822121266383
4.1 -7.83149052998e-08 0.743886018868
4.2 -7.83149052998e-08 0.673095912467
4.3 -7.83149052998e-08 0.609042371495
4.4 -7.83149052998e-08 0.551084277603
4.5 -7.83149052998e-08 0.498641606762
4.6 -7.83149052998e-08 0.451189244743
4.7 -7.83149052998e-08 0.40825267064
4.8 -7.83149052998e-08 0.369402257882
4.9 -7.83149052998e-08 0.334248851558
5 -7.83149052998e-08 0.3024409275
5.1 -7.83149052998e-08 0.273659809437
5.2 -7.83149052998e-08 0.247617583861
5.3 -7.83149052998e-08 0.224053638262
5.4 -7.83149052998e-08 0.202731988708
5.5 -7.83149052998e-08 0.183439515592
5.6 -7.83149052998e-08 0.165982922126
5.7 -7.83149052998e-08 0.15018755161
5.8 -7.83149052998e-08 0.135895319833
5.9 -7.83149052998e-08 0.122963102727
6 -7.83149052998e-08 0.111261623657
6.1 -7.83149052998e-08 0.100673647105
6.2 -7.83149052998e-08 0.0910932638748
6.3 -7.83149052998e-08 0.0824246039854
6.4 -7.83149052998e-08 0.074580841588
6.5 -7.83149052998e-08 0.0674835455071
6.6 -7.83149052998e-08 0.0610616141494
6.7 -7.83149052998e-08 0.0552508168027
6.8 -7.83149052998e-08 0.0499930088447
6.9 -7.83149052998e-08 0.0452355274843
7 -7.83149052998e-08 0.040930805205
7.1 -7.83149052998e-08 0.037035715446
7.2 -7.83149052998e-08 0.0335112944731
7.3 -7.83149052998e-08 0.0303222727589
7.4 -7.83149052998e-08 0.0274367124449
7.5 -7.83149052998e-08 0.024825767358
7.6 -7.83149052998e-08 0.022463278646
7.7 -7.83149052998e-08 0.0203256121649
7.8 -7.83149052998e-08 0.0183913751243
7.9 -7.83149052998e-08 0.0166411962926
8 -7.83149052998e-08 0.0150575787234
8.1 -7.83149052998e-08 0.0136246566268
8.2 -7.83149052998e-08 0.0123280965746
8.3 -7.83149052998e-08 0.0111549239171
8.4 -7.83149052998e-08 0.0100933885492
8.5 -7.83149052998e-08 0.00913287602137
8.6 -7.83149052998e-08 0.00826376615553
8.7 -7.83149052998e-08 0.00747736292277
8.8 -7.83149052998e-08 0.00676578888113
8.9 -7.83149052998e-08 0.00612191577906
9 -7.83149052998e-08 0.00553932754284
9.1 -7.83149052998e-08 0.00501220495237
9.2 -7.83149052998e-08 0.00453525831375
9.3 -7.83149052998e-08 0.00410369349321
9.4 -7.83149052998e-08 0.0037131935995
9.5 -7.83149052998e-08 0.00335987009868
9.6 -7.83149052998e-08 0.00304015306909
9.7 -7.83149052998e-08 0.00275083841927
9.8 -7.83149052998e-08 0.00248906649398
9.9 -7.83149052998e-08 0.00225220083225
10 -7.83149052998e-08 0.00203786822313
10.1 -7.83149052998e-08 0.00184394664592
10.2 -7.83149052998e-08 0.00166847719609
10.3 -7.83149052998e-08 0.00150969587415
10.4 -7.83149052998e-08 0.00136603427477
10.5 -7.83149052998e-08 0.00123604187857
10.6 -7.83149052998e-08 0.00111841464843
10.7 -7.83149052998e-08 0.00101199533807
10.8 -7.83149052998e-08 0.000915707180813
10.9 -7.83149052998e-08 0.000828561693353
11 -7.83149052998e-08 0.000749708082913
11.1 -7.83149052998e-08 0.000678364117425
11.2 -7.83149052998e-08 0.000613805452797
11.3 -7.83149052998e-08 0.000555383166093
11.4 -7.83149052998e-08 0.000502527871058
11.5 -7.83149052998e-08 0.000454706579811
11.6 -7.83149052998e-08 0.000411430322711
11.7 -7.83149052998e-08 0.000372275333164
11.8 -7.83149052998e-08 0.00033685138436
11.9 -7.83149052998e-08 0.00030479617635
12 -7.83149052998e-08 0.000275785959542
12.1 -7.83149052998e-08 0.000249539262186
12.2 -7.83149052998e-08 0.000225791644632
12.3 -7.83149052998e-08 0.000204294056157
12.4 -7.83149052998e-08 0.000184855868693
12.5 -7.83149052998e-08 0.000167265464378
12.6 -7.83149052998e-08 0.000151347834938
12.7 -7.83149052998e-08 0.000136945031047
12.8 -7.83149052998e-08 0.000123917400567
12.9 -7.83149052998e-08 0.000112130738125
13 -7.83149052998e-08 0.000101462350854
13.1 -7.83149052998e-08 9.18014263298e-05
13.2 -7.83149052998e-08 8.30518133268e-05
13.3 -7.83149052998e-08 7.51284755779e-05
13.4 -7.83149052998e-08 6.79579471614e-05
13.5 -7.83149052998e-08 6.14787776999e-05
13.6 -7.83149052998e-08 5.56258713156e-05
13.7 -7.83149052998e-08 5.03279409035e-05
13.8 -7.83149052998e-08 4.5533927573e-05
13.9 -7.83149052998e-08 4.12005299812e-05
14 -7.83149052998e-08 3.72900248829e-05
14.1 -7.83149052998e-08 3.37529925274e-05
14.2 -7.83149052998e-08 3.05503466303e-05
14.3 -7.83149052998e-08 2.7650505418e-05
14.4 -7.83149052998e-08 2.50266259568e-05
14.5 -7.83149052998e-08 2.26287352411e-05
14.6 -7.83149052998e-08 2.04931843981e-05
14.7 -7.83149052998e-08 1.85478068684e-05
14.8 -7.83149052998e-08 1.67831255012e-05
14.9 -7.83149052998e-08 1.51887573405e-05
15 -7.83149052998e-08 1.37471063144e-05
15.1 -7.83149052998e-08 1.24441529529e-05
15.2 -7.83149052998e-08 1.12671817404e-05
15.3 -7.83149052998e-08 1.02034771613e-05
15.4 -7.83149052998e-08 9.24032370001e-06
15.5 -7.83149052998e-08 8.3688590102e-06
15.6 -7.83149052998e-08 7.58301670878e-06
15.7 -7.83149052998e-08 6.87294595375e-06
15.8 -7.83149052998e-08 6.22878165045e-06
15.9 -7.83149052998e-08 5.64065870425e-06
16 -7.83149052998e-08 5.10009396714e-06
16.1 -7.83149052998e-08 4.60960902438e-06
16.2 -7.83149052998e-08 4.1662687974e-06
16.3 -7.83149052998e-08 3.76514882177e-06
16.4 -7.83149052998e-08 3.40132463307e-06
16.5 -7.83149052998e-08 3.06987176687e-06
16.6 -7.83149052998e-08 2.72358112209e-06
16.7 -7.83149052998e-08 2.47616552728e-06
16.8 -7.83149052998e-08 2.24591199373e-06
16.9 -7.83149052998e-08 2.03282052143e-06
17 -7.83149052998e-08 1.83689111039e-06
17.1 -7.83149052998e-08 1.65787740559e-06
17.2 -7.83149052998e-08 1.49387543972e-06
17.3 -7.83149052998e-08 1.34448445127e-06
17.4 -7.83149052998e-08 1.20970444022e-06
17.5 -7.83149052998e-08 1.08953540659e-06
17.6 -7.83149052998e-08 9.83977350374e-07
17.7 -7.83149052998e-08 8.91381452843e-07
17.8 -7.83149052998e-08 8.06794059888e-07
17.9 -7.83149052998e-08 7.29880720561e-07
18 -7.83149052998e-08 6.60641434862e-07
18.1 -7.83149052998e-08 5.99076202793e-07
18.2 -7.83149052998e-08 5.45185024351e-07
18.3 -7.83149052998e-08 4.97167433019e-07
18.4 -7.83149052998e-08 4.52751507316e-07
18.5 -7.83149052998e-08 4.11929774207e-07
18.6 -7.83149052998e-08 3.74702233692e-07
18.7 -7.83149052998e-08 3.4106888577e-07
18.8 -7.83149052998e-08 3.11001484543e-07
18.9 -7.83149052998e-08 2.83471587548e-07
19 -7.83149052998e-08 2.57962315448e-07
19.1 -7.83149052998e-08 2.34473668242e-07
19.2 -7.83149052998e-08 2.13005645931e-07
19.3 -7.83149052998e-08 1.93558248515e-07
19.4 -7.83149052998e-08 1.76058979004e-07
19.5 -7.83149052998e-08 1.59947540735e-07
19.6 -7.83149052998e-08 1.45105998203e-07
19.7 -7.83149052998e-08 1.31534351407e-07
19.8 -7.83149052998e-08 1.19232600347e-07
19.9 -7.83149052998e-08 1.08200745024e-07
20 -7.83149052998e-08 9.8316542828e-08
