"Time" "Prey" "Predator"
0 20.000001 10.5660616197
0.1 1.80898380937 22.7915057499
0.2 0.0950298964648 21.8460377734
0.3 0.00631393530163 19.8306043285
0.4 0.000544946296343 17.9476186093
0.5 5.96864867839e-05 16.2400271504
0.6 8.18969039912e-06 14.694622002
0.7 1.33849510875e-06 13.2962499655
0.8 2.63981667059e-07 12.0309484422
0.9 3.95229412438e-08 10.8860578393
1 1.19063424727e-08 9.8501150322
1.1 -6.93046137084e-10 8.91274675486
1.2 -3.97858770979e-09 8.06458211894
1.3 -3.62533308451e-09 7.29713428973
1.4 -3.80357071473e-09 6.60271868032
1.5 -3.55430203378e-09 5.97438478687
1.6 -2.87675836807e-09 5.40584506717
1.7 -1.58478076e-09 4.891418581
1.8 -1.48767442621e-09 4.42593898514
1.9 -1.7214359106e-09 4.00475376473
2 -1.59753087271e-09 3.62365209398
2.1 -1.61972127849e-09 3.27881619558
2.2 -1.61979056734e-09 2.96679560587
2.3 -1.61979056734e-09 2.68446782174
2.4 -1.61979056734e-09 2.42900706905
2.5 -1.61979056734e-09 2.19785661773
2.6 -1.61979056734e-09 1.98870356008
2.7 -1.61979056734e-09 1.79945364642
2.8 -1.61979056734e-09 1.62821337331
2.9 -1.61979056734e-09 1.4732686635
3 -1.61979056734e-09 1.33306880083
3.1 -1.61979056734e-09 1.20621088189
3.2 -1.61979056734e-09 1.09142487459
3.3 -1.61979056734e-09 0.987562261326
3.4 -1.61979056734e-09 0.893583502597
3.5 -1.61979056734e-09 0.808547861261
3.6 -1.61979056734e-09 0.731604486428
3.7 -1.61979056734e-09 0.661982890462
3.8 -1.61979056734e-09 0.598986336287
3.9 -1.61979056734e-09 0.541985186294
4 -1.61979056734e-09 0.490408399796
4.1 -1.61979056734e-09 0.443739925681
4.2 -1.61979056734e-09 0.401512491632
4.3 -1.61979056734e-09 0.363303490369
4.4 -1.61979056734e-09 0.328730556793
4.5 -1.61979056734e-09 0.297447716131
4.6 -1.61979056734e-09 0.269141828633
4.7 -1.61979056734e-09 0.24352957187
4.8 -1.61979056734e-09 0.220354642054
4.9 -1.61979056734e-09 0.199384982977
5 -1.61979056734e-09 0.180410853406
5.1 -1.61979056734e-09 0.163242491118
5.2 -1.61979056734e-09 0.147707865785
5.3 -1.61979056734e-09 0.133651626595
5.4 -1.61979056734e-09 0.120932975556
5.5 -1.61979056734e-09 0.109424644498
5.6 -1.61979056734e-09 0.0990115134323
5.7 -1.61979056734e-09 0.0895892669168
5.8 -1.61979056734e-09 0.0810637257569
5.9 -1.61979056734e-09 0.0733494920915
6 -1.61979056734e-09 0.0663693576471
6.1 -1.61979056734e-09 0.0600534843281
6.2 -1.61979056734e-09 0.0543386091582
6.3 -1.61979056734e-09 0.0491676059066
6.4 -1.61979056734e-09 0.0444886787838
6.5 -1.61979056734e-09 0.0402550086548
6.6 -1.61979056734e-09 0.0364242455272
6.7 -1.61979056734e-09 0.032958010463
6.8 -1.61979056734e-09 0.0298216437546
6.9 -1.61979056734e-09 0.0269837308541
7 -1.61979056734e-09 0.0244158785438
7.1 -1.61979056734e-09 0.0220924033626
7.2 -1.61979056734e-09 0.0199900262294
7.3 -1.61979056734e-09 0.0180877260368
7.4 -1.61979056734e-09 0.0163664486842
7.5 -1.61979056734e-09 0.0148089704626
7.6 -1.61979056734e-09 0.0133997114927
7.7 -1.61979056734e-09 0.0121245540857
7.8 -1.61979056734e-09 0.0109707508807
7.9 -1.61979056734e-09 0.00992674470482
8 -1.61979056734e-09 0.00898208793466
8.1 -1.61979056734e-09 0.00812732998521
8.2 -1.61979056734e-09 0.00735390895143
8.3 -1.61979056734e-09 0.00665409050081
8.4 -1.61979056734e-09 0.00602085471665
8.5 -1.61979056734e-09 0.00544787128626
8.6 -1.61979056734e-09 0.00492943698465
8.7 -1.61979056734e-09 0.00446035777513
8.8 -1.61979056734e-09 0.00403592786178
8.9 -1.61979056734e-09 0.00365187505088
9 -1.61979056734e-09 0.00330437647326
9.1 -1.61979056734e-09 0.0029899569427
9.2 -1.61979056734e-09 0.00270543066822
9.3 -1.61979056734e-09 0.00244797126132
9.4 -1.61979056734e-09 0.00221502144598
9.5 -1.61979056734e-09 0.00200422960149
9.6 -1.61979056734e-09 0.00181349748298
9.7 -1.61979056734e-09 0.00164092881809
9.8 -1.61979056734e-09 0.00148477517302
9.9 -1.61979056734e-09 0.00134347702739
10 -1.61979056734e-09 0.00121563375468
10.1 -1.61979056734e-09 0.00109995140353
10.2 -1.61979056734e-09 0.000995275903701
10.3 -1.61979056734e-09 0.000900574000642
10.4 -1.61979056734e-09 0.000814885418669
10.5 -1.61979056734e-09 0.000737332366294
10.6 -1.61979056734e-09 0.000667161566783
10.7 -1.61979056734e-09 0.000603673197371
10.8 -1.61979056734e-09 0.000546221034262
10.9 -1.61979056734e-09 0.000494232273904
11 -1.61979056734e-09 0.000447197594805
11.1 -1.61979056734e-09 0.000404641566074
11.2 -1.61979056734e-09 0.000366129643648
11.3 -1.61979056734e-09 0.000331286418138
11.4 -1.61979056734e-09 0.000299762884827
11.5 -1.61979056734e-09 0.000271235825241
11.6 -1.61979056734e-09 0.0002454201092
11.7 -1.61979056734e-09 0.000222063696226
11.8 -1.61979056734e-09 0.000200930777198
11.9 -1.61979056734e-09 0.000181801169276
12 -1.61979056734e-09 0.000164502667126
12.1 -1.61979056734e-09 0.000148849020738
12.2 -1.61979056734e-09 0.00013468354729
12.3 -1.61979056734e-09 0.000121867187649
12.4 -1.61979056734e-09 0.000110274278654
12.5 -1.61979056734e-09 9.97851637935e-05
12.6 -1.61979056734e-09 9.02905996111e-05
12.7 -1.61979056734e-09 8.16922900856e-05
12.8 -1.61979056734e-09 7.39051098125e-05
12.9 -1.61979056734e-09 6.6853651684e-05
13 -1.61979056734e-09 6.04731104627e-05
13.1 -1.61979056734e-09 5.47094435216e-05
13.2 -1.61979056734e-09 4.95007583183e-05
13.3 -1.61979056734e-09 4.47859895273e-05
13.4 -1.61979056734e-09 4.05200651765e-05
13.5 -1.61979056734e-09 3.66648627636e-05
13.6 -1.61979056734e-09 3.31858370718e-05
13.7 -1.61979056734e-09 3.00379907945e-05
13.8 -1.61979056734e-09 2.71876603707e-05
13.9 -1.61979056734e-09 2.46069401997e-05
14 -1.61979056734e-09 2.22220589695e-05
14.1 -1.61979056734e-09 2.01405314442e-05
14.2 -1.61979056734e-09 1.82379380754e-05
14.3 -1.61979056734e-09 1.65057292001e-05
14.4 -1.61979056734e-09 1.49353551554e-05
14.5 -1.61979056734e-09 1.35168481338e-05
14.6 -1.61979056734e-09 1.22340561887e-05
14.7 -1.61979056734e-09 1.1074819778e-05
14.8 -1.61979056734e-09 1.00276686559e-05
14.9 -1.61979056734e-09 9.08113257682e-06
15 -1.61979056734e-09 8.22376114694e-06
15.1 -1.61979056734e-09 7.44864045498e-06
15.2 -1.61979056734e-09 6.74956146848e-06
15.3 -1.61979056734e-09 6.11762609026e-06
15.4 -1.61979056734e-09 5.54393622315e-06
15.5 -1.61979056734e-09 5.01959376997e-06
15.6 -1.61979056734e-09 4.5378644836e-06
15.7 -1.61979056734e-09 4.10145007341e-06
15.8 -1.61979056734e-09 3.70696051084e-06
15.9 -1.61979056734e-09 3.34995401698e-06
16 -1.61979056734e-09 3.02598881289e-06
16.1 -1.61979056734e-09 2.66216398367e-06
16.2 -1.61979056734e-09 2.42560860608e-06
16.3 -1.61979056734e-09 2.20453304814e-06
16.4 -1.61979056734e-09 1.99893730986e-06
16.5 -1.61979056734e-09 1.80882139122e-06
16.6 -1.61979056734e-09 1.63418529223e-06
16.7 -1.61979056734e-09 1.47464920722e-06
16.8 -1.61979056734e-09 1.32850031692e-06
16.9 -1.61979056734e-09 1.1955304217e-06
17 -1.61979056734e-09 1.07573952156e-06
17.1 -1.61979056734e-09 9.69127616506e-07
17.2 -1.61979056734e-09 8.75694706535e-07
17.3 -1.61979056734e-09 7.93313610758e-07
17.4 -1.61979056734e-09 7.17950806469e-07
17.5 -1.61979056734e-09 6.49510028429e-07
17.6 -1.61979056734e-09 5.87991276637e-07
17.7 -1.61979056734e-09 5.33394551094e-07
17.8 -1.61979056734e-09 4.8570961601e-07
17.9 -1.61979056734e-09 4.42842445677e-07
18 -1.61979056734e-09 4.03217256334e-07
18.1 -1.61979056734e-09 3.66834047982e-07
18.2 -1.61979056734e-09 3.3369282062e-07
18.3 -1.61979056734e-09 3.03793574248e-07
18.4 -1.61979056734e-09 2.7706153942e-07
18.5 -1.61979056734e-09 2.52475856991e-07
18.6 -1.61979056734e-09 2.29712776563e-07
18.7 -1.61979056734e-09 2.08772298137e-07
18.8 -1.61979056734e-09 1.89654421713e-07
18.9 -1.61979056734e-09 1.7235914729e-07
19 -1.61979056734e-09 1.56774693612e-07
19.1 -1.61979056734e-09 1.42396957917e-07
19.2 -1.61979056734e-09 1.29164664618e-07
19.3 -1.61979056734e-09 1.17077813716e-07
19.4 -1.61979056734e-09 1.06136405209e-07
19.5 -1.61979056734e-09 9.63404390984e-08
19.6 -1.61979056734e-09 8.75322047767e-08
19.7 -1.61979056734e-09 7.94126541855e-08
19.8 -1.61979056734e-09 7.19746501558e-08
19.9 -1.61979056734e-09 6.52181926878e-08
20 -1.61979056734e-09 5.91432817813e-08
