"Time" "Prey" "Predator"
0 1.01369295845 16.9028012579
0.1 0.119565948249 15.9409794776
0.2 0.0167956684125 14.4985793748
0.3 0.00284988577238 13.1290264952
0.4 0.000575800857494 11.8813013697
0.5 0.000136286937188 10.7509700231
0.6 3.72249874217e-05 9.72795339467
0.7 1.16394640822e-05 8.80223729944
0.8 4.05690914167e-06 7.96460220944
0.9 1.56777551052e-06 7.20667608847
1 6.53614765726e-07 6.52087096443
1.1 2.72045273338e-07 5.90032373579
1.2 2.06999396599e-07 5.33883112597
1.3 1.55017728897e-07 4.83077320607
1.4 6.93095670726e-08 4.37106338164
1.5 5.89562285159e-08 3.95510032485
1.6 7.8567220543e-08 3.57872185963
1.7 7.98939754722e-08 3.23816656109
1.8 4.61335546245e-08 2.93001415913
1.9 2.89020385341e-08 2.65118573597
2 3.18242057256e-08 2.39889266786
2.1 2.50584524542e-08 2.1706079947
2.2 1.8665497796e-08 1.96404736843
2.3 1.6542353337e-08 1.77714365122
2.4 1.46380947107e-08 1.60802616758
2.5 1.23245361261e-08 1.45500234228
2.6 1.03697716986e-08 1.31654104838
2.7 9.42659102103e-09 1.19125579698
2.8 8.94808414655e-09 1.07789314232
2.9 8.29126340008e-09 0.975318207911
3 7.77881643276e-09 0.882504576691
3.1 7.45016062552e-09 0.798523413159
3.2 7.20160840279e-09 0.722533952196
3.3 7.02658162519e-09 0.653775961563
3.4 6.91121534227e-09 0.591561048363
3.5 6.85246086334e-09 0.535266662797
3.6 6.84511606401e-09 0.484329403892
3.7 6.88136605799e-09 0.438239325224
3.8 6.95709367545e-09 0.39653492112
3.9 7.07135354203e-09 0.358799478707
4 7.22160497066e-09 0.324655113653
4.1 7.40769802415e-09 0.293760125939
4.2 7.62866035811e-09 0.265805169195
4.3 7.88414435464e-09 0.240510464654
4.4 8.17437073867e-09 0.217622816708
4.5 8.49992529959e-09 0.196913268042
4.6 8.86169307288e-09 0.178174499989
4.7 9.260862296e-09 0.161218955329
4.8 9.69885735823e-09 0.145876919216
4.9 1.01773571424e-08 0.131994864837
5 1.06982867473e-08 0.119433779684
5.1 1.12638207993e-08 0.108068107182
5.2 1.1876364539e-08 0.0977840611565
5.3 1.25385684369e-08 0.0884786570379
5.4 1.32533405552e-08 0.080058820267
5.5 1.40238323099e-08 0.0724401909556
5.6 1.48534691686e-08 0.0655465870404
5.7 1.57459531132e-08 0.0593089911717
5.8 1.67052783157e-08 0.0536649627914
5.9 1.77357480971e-08 0.0485580785325
6 1.88419877261e-08 0.0439371619718
6.1 2.00289673371e-08 0.0397559914893
6.2 2.13020208602e-08 0.0359727034007
6.3 2.26668686998e-08 0.0325494284556
6.4 2.41296425408e-08 0.0294519438816
6.5 2.56969119455e-08 0.0266492108258
6.6 2.73757121585e-08 0.0241132026999
6.7 2.91735757849e-08 0.0218185291369
6.8 3.10985650638e-08 0.0197422155169
6.9 3.31593070462e-08 0.0178634976814
7 3.53650334572e-08 0.0161635528065
7.1 3.7725618312e-08 0.0146253817196
7.2 4.02516261913e-08 0.013233595469
7.3 4.29543535665e-08 0.0119742486719
7.4 4.58458829598e-08 0.0108347458864
7.5 4.89391380694e-08 0.00980366285384
7.6 5.22479318234e-08 0.00887070526598
7.7 5.57870386297e-08 0.0080265591883
7.8 5.95722635001e-08 0.00726275971226
7.9 6.36204791949e-08 0.00657163805799
8 6.79497484848e-08 0.00594628593189
8.1 7.2579388483e-08 0.00538046017983
8.2 7.75300109347e-08 0.00486845003088
8.3 8.28236993734e-08 0.00440515688509
8.4 8.84840496725e-08 0.00398596215721
8.5 9.45362466154e-08 0.00360664174441
8.6 1.01007281804e-07 0.00326342799274
8.7 1.07925969903e-07 0.00295288419891
8.8 1.15323083537e-07 0.00267187589952
8.9 1.23231604018e-07 0.00241761841675
9 1.31686717436e-07 0.00218755867697
9.1 1.40726047543e-07 0.00197938558696
9.2 1.50389921377e-07 0.00179104727807
9.3 1.60721298957e-07 0.00162064167751
9.4 1.71766007899e-07 0.00146641799748
9.5 1.83573318587e-07 0.00132686173208
9.6 1.96195828868e-07 0.00120059530378
9.7 2.09689577141e-07 0.0010863395962
9.8 2.24114514957e-07 0.000982940344728
9.9 2.39535042145e-07 0.000889392372719
10 2.56019691672e-07 0.000804755354691
10.1 2.73641574297e-07 0.000728164576293
10.2 2.92479267208e-07 0.000658866106345
10.3 3.12616651779e-07 0.000596172048024
10.4 3.34143097992e-07 0.000539442035504
10.5 3.57154215323e-07 0.000488098628171
10.6 3.81752711146e-07 0.000441645385373
10.7 4.08047879291e-07 0.000399615520404
10.8 4.36157515582e-07 0.000361566153121
10.9 4.6620350616e-07 0.000327164497523
11 4.98322699047e-07 0.00029603210218
11.1 5.32656937154e-07 0.000267860988637
11.2 5.69359207719e-07 0.000242369687514
11.3 6.08594787398e-07 0.000219312420186
11.4 6.50537903293e-07 0.000198452325794
11.5 6.95373094849e-07 0.000179572381368
11.6 7.43296121646e-07 0.000162476079062
11.7 7.9452709146e-07 0.000146992385825
11.8 8.49296409885e-07 0.000132970435287
11.9 9.0784415007e-07 0.000120279289655
12 9.70422971295e-07 0.000108809042322
12.1 1.03730994604e-06 9.84500661082e-05
12.2 1.10881749728e-06 8.90738226606e-05
12.3 1.18526150651e-06 8.05888201532e-05
12.4 1.26697432174e-06 7.29177894038e-05
12.5 1.35430746641e-06 6.59949359748e-05
12.6 1.4476664486e-06 5.9735329646e-05
12.7 1.5474735064e-06 5.40676654122e-05
12.8 1.65416593662e-06 4.89357331569e-05
12.9 1.76820383346e-06 4.42916124183e-05
13 1.88985873242e-06 4.00434577502e-05
13.1 2.02033471194e-06 3.62676854985e-05
13.2 2.15969388069e-06 3.28265846429e-05
13.3 2.30860869167e-06 2.97035647824e-05
13.4 2.46776396647e-06 2.68811704937e-05
13.5 2.63802254715e-06 2.43294961181e-05
13.6 2.82018413744e-06 2.20230517073e-05
13.7 3.01500213533e-06 1.99395858031e-05
13.8 3.22322993883e-06 1.80568469473e-05
13.9 3.44562094592e-06 1.63525836817e-05
14 3.68322995093e-06 1.48097041992e-05
14.1 3.93753931823e-06 1.34184363313e-05
14.2 4.20960553241e-06 1.21617172069e-05
14.3 4.5004733321e-06 1.10222828738e-05
14.4 4.81118745593e-06 9.98286937994e-06
14.5 5.14286398427e-06 9.02753372766e-06
14.6 5.4976458667e-06 8.15934629912e-06
14.7 5.87731186589e-06 7.3746342381e-06
14.8 6.28337363377e-06 6.6647788998e-06
14.9 6.71734282229e-06 6.02116163942e-06
15 7.18073108336e-06 5.43516381216e-06
15.1 7.71284147058e-06 4.81702936369e-06
15.2 8.22358008675e-06 4.38066336143e-06
15.3 8.77934921571e-06 3.97433081647e-06
15.4 9.38014885747e-06 3.59803172881e-06
15.5 1.0025979012e-05 3.25176609844e-06
15.6 1.07174923638e-05 2.93529538856e-06
15.7 1.14634829653e-05 2.64540563367e-06
15.8 1.22667172589e-05 2.38108578099e-06
15.9 1.31271952449e-05 2.14233583053e-06
16 1.4044916923e-05 1.92915578229e-06
16.1 1.50198822935e-05 1.74154563626e-06
16.2 1.60565780968e-05 1.57748516051e-06
16.3 1.7175066089e-05 1.42794120533e-06
16.4 1.83777594184e-05 1.29182720927e-06
16.5 1.96646580851e-05 1.16914317232e-06
16.6 2.1035762089e-05 1.0598890945e-06
16.7 2.24910714301e-05 9.64064975792e-07
16.8 2.40442603135e-05 8.79229843697e-07
16.9 2.57210530856e-05 8.00791663653e-07
17 2.75220490569e-05 7.28643453164e-07
17.1 2.94472482274e-05 6.62785212229e-07
17.2 3.14966505972e-05 6.03216940849e-07
17.3 3.36704665024e-05 5.49930869674e-07
17.4 3.60093429924e-05 5.01425586696e-07
17.5 3.85436131956e-05 4.56580653318e-07
17.6 4.12732771119e-05 4.15396069542e-07
17.7 4.41983347415e-05 3.77871835368e-07
17.8 4.73187860841e-05 3.44007950795e-07
17.9 5.063463114e-05 3.13804415823e-07
18 5.4145869909e-05 2.87261230453e-07
18.1 5.78654470107e-05 2.64172899527e-07
18.2 6.18925320144e-05 2.42965111328e-07
18.3 6.62478434358e-05 2.23308960505e-07
18.4 7.09313812749e-05 2.05204447056e-07
18.5 7.59431455317e-05 1.88651570984e-07
18.6 8.12831362062e-05 1.73650332286e-07
18.7 8.69513532985e-05 1.60200730964e-07
18.8 9.29477968084e-05 1.48302767017e-07
18.9 9.93363831182e-05 1.37606223271e-07
19 0.000106246233027 1.27403607844e-07
19.1 0.000113681045612 1.17674652372e-07
19.2 0.000121640820874 1.08419356855e-07
19.3 0.000130125558812 9.96377212917e-08
19.4 0.000139135259427 9.13297456832e-08
19.5 0.000148718794961 8.34976235396e-08
19.6 0.000159074753227 7.61502679861e-08
19.7 0.000170224275312 6.92886278886e-08
19.8 0.000182167361217 6.2912703247e-08
19.9 0.000194904010941 5.70224940613e-08
20 0.000208434224486 5.16180003316e-08
