"Time" "Prey" "Predator"
0 34.3648181689 4.15443702157
0.1 4.64483870606 25.8577359658
0.2 0.134302388408 26.5971728545
0.3 0.00486768523576 24.1580353186
0.4 0.000242636084664 21.8623911397
0.5 1.62475055767e-05 19.7820717685
0.6 1.37597986561e-06 17.8995700515
0.7 1.48258977727e-07 16.196202412
0.8 1.7271998686e-08 14.6549326337
0.9 2.58965379628e-09 13.2603324931
1 -4.63295483663e-09 11.9984367345
1.1 -5.1405133789e-09 10.856631756
1.2 -5.30408461048e-09 9.82348472243
1.3 -5.30723988598e-09 8.88865471477
1.4 -5.13993012562e-09 8.04278330684
1.5 -4.92673942922e-09 7.27741178613
1.6 -4.44913369195e-09 6.58488597886
1.7 -4.57271759412e-09 5.95824811802
1.8 -4.58192399796e-09 5.39124566074
1.9 -4.55675956018e-09 4.87820183744
2 -4.56295733963e-09 4.41397969662
2.1 -4.56295733963e-09 3.99393405921
2.2 -4.56295733963e-09 3.6138612745
2.3 -4.56295733963e-09 3.26995704522
2.4 -4.56295733963e-09 2.95877977498
2.5 -4.56295733963e-09 2.67721544353
2.6 -4.56295733963e-09 2.4224451245
2.7 -4.56295733963e-09 2.19191928669
2.8 -4.56295733963e-09 1.98333109398
2.9 -4.56295733963e-09 1.79459240583
3 -4.56295733963e-09 1.62381465547
3.1 -4.56295733963e-09 1.46928860521
3.2 -4.56295733963e-09 1.3294674531
3.3 -4.56295733963e-09 1.20295216081
3.4 -4.56295733963e-09 1.08847623833
3.5 -4.56295733963e-09 0.984894052932
3.6 -4.56295733963e-09 0.891168384453
3.7 -4.56295733963e-09 0.806362178183
3.8 -4.56295733963e-09 0.729626535465
3.9 -4.56295733963e-09 0.660193427017
4 -4.56295733963e-09 0.597367722927
4.1 -4.56295733963e-09 0.540520661151
4.2 -4.56295733963e-09 0.489083243554
4.3 -4.56295733963e-09 0.442540828693
4.4 -4.56295733963e-09 0.400427505112
4.5 -4.56295733963e-09 0.36232177286
4.6 -4.56295733963e-09 0.327842266829
4.7 -4.56295733963e-09 0.29664380755
4.8 -4.56295733963e-09 0.268414165192
4.9 -4.56295733963e-09 0.242871166444
5 -4.56295733963e-09 0.21975885259
5.1 -4.56295733963e-09 0.198846025244
5.2 -4.56295733963e-09 0.179923333077
5.3 -4.56295733963e-09 0.162801294071
5.4 -4.56295733963e-09 0.147308715634
5.5 -4.56295733963e-09 0.133290371992
5.6 -4.56295733963e-09 0.120606089713
5.7 -4.56295733963e-09 0.109128915478
5.8 -4.56295733963e-09 0.0987439041629
5.9 -4.56295733963e-09 0.0893471968977
6 -4.56295733963e-09 0.080844654204
6.1 -4.56295733963e-09 0.0731512510487
6.2 -4.56295733963e-09 0.0661899842596
6.3 -4.56295733963e-09 0.0598911461366
6.4 -4.56295733963e-09 0.0541917616457
6.5 -4.56295733963e-09 0.049034724266
6.6 -4.56295733963e-09 0.0443684503572
6.7 -4.56295733963e-09 0.0401462305526
6.8 -4.56295733963e-09 0.0363257904503
6.9 -4.56295733963e-09 0.0328689389522
7 -4.56295733963e-09 0.0297410379856
7.1 -4.56295733963e-09 0.026910802168
7.2 -4.56295733963e-09 0.0243499013596
7.3 -4.56295733963e-09 0.0220326924326
7.4 -4.56295733963e-09 0.0199360070768
7.5 -4.56295733963e-09 0.0180388379764
7.6 -4.56295733963e-09 0.0163222127308
7.7 -4.56295733963e-09 0.0147689493332
7.8 -4.56295733963e-09 0.0133634931778
7.9 -4.56295733963e-09 0.0120917899325
8 -4.56295733963e-09 0.010941100959
8.1 -4.56295733963e-09 0.0098999155182
8.2 -4.56295733963e-09 0.00895780232705
8.3 -4.56295733963e-09 0.00810532922306
8.4 -4.56295733963e-09 0.00733400052396
8.5 -4.56295733963e-09 0.00663609717842
8.6 -4.56295733963e-09 0.00600461974058
8.7 -4.56295733963e-09 0.00543322100134
8.8 -4.56295733963e-09 0.00491620905455
8.9 -4.56295733963e-09 0.00444840466775
9 -4.56295733963e-09 0.00402508247628
9.1 -4.56295733963e-09 0.0036420481573
9.2 -4.56295733963e-09 0.00329547016892
9.3 -4.56295733963e-09 0.00298185678735
9.4 -4.56295733963e-09 0.0026981009934
9.5 -4.56295733963e-09 0.00244135323344
9.6 -4.56295733963e-09 0.00220902289203
9.7 -4.56295733963e-09 0.00199881172892
9.8 -4.56295733963e-09 0.00180860505374
9.9 -4.56295733963e-09 0.00163649333411
10 -4.56295733963e-09 0.00148078083247
10.1 -4.56295733963e-09 0.00133989349198
10.2 -4.56295733963e-09 0.00121238387346
10.3 -4.56295733963e-09 0.0010970032646
10.4 -4.56295733963e-09 0.000992610351135
10.5 -4.56295733963e-09 0.000898146707107
10.6 -4.56295733963e-09 0.000812660004953
10.7 -4.56295733963e-09 0.000735318544572
10.8 -4.56295733963e-09 0.000665343885776
10.9 -4.56295733963e-09 0.000602020897318
11 -4.56295733963e-09 0.000544727680924
11.1 -4.56295733963e-09 0.000492894437048
11.2 -4.56295733963e-09 0.000445991305929
11.3 -4.56295733963e-09 0.000403542306255
11.4 -4.56295733963e-09 0.000365136608588
11.5 -4.56295733963e-09 0.000330387843247
11.6 -4.56295733963e-09 0.000298930654658
11.7 -4.56295733963e-09 0.00027048820959
11.8 -4.56295733963e-09 0.000244749076181
11.9 -4.56295733963e-09 0.000221458022713
12 -4.56295733963e-09 0.000200382959347
12.1 -4.56295733963e-09 0.000181320245317
12.2 -4.56295733963e-09 0.000164073776188
12.3 -4.56295733963e-09 0.000148464064068
12.4 -4.56295733963e-09 0.000134328753627
12.5 -4.56295733963e-09 0.000121526769207
12.6 -4.56295733963e-09 0.000109933508727
12.7 -4.56295733963e-09 9.94410416739e-05
12.8 -4.56295733963e-09 8.99589097548e-05
12.9 -4.56295733963e-09 8.13946081286e-05
13 -4.56295733963e-09 7.36425478541e-05
13.1 -4.56295733963e-09 6.66275488319e-05
13.2 -4.56295733963e-09 6.02859553723e-05
13.3 -4.56295733963e-09 5.45630873844e-05
13.4 -4.56295733963e-09 4.93877436302e-05
13.5 -4.56295733963e-09 4.47017499501e-05
13.6 -4.56295733963e-09 4.04587420044e-05
13.7 -4.56295733963e-09 3.66192427874e-05
13.8 -4.56295733963e-09 3.31086030097e-05
13.9 -4.56295733963e-09 2.99855524635e-05
14 -4.56295733963e-09 2.71398733719e-05
14.1 -4.56295733963e-09 2.45577848228e-05
14.2 -4.56295733963e-09 2.22245521801e-05
14.3 -4.56295733963e-09 2.01149744766e-05
14.4 -4.56295733963e-09 1.82082334978e-05
14.5 -4.56295733963e-09 1.64858431832e-05
14.6 -4.56295733963e-09 1.49293174728e-05
14.7 -4.56295733963e-09 1.35201703061e-05
14.8 -4.56295733963e-09 1.22447455896e-05
14.9 -4.56295733963e-09 1.10946612166e-05
15 -4.56295733963e-09 1.00556612228e-05
15.1 -4.56295733963e-09 9.11340267236e-06
15.2 -4.56295733963e-09 8.25354262952e-06
15.3 -4.56295733963e-09 7.46319409449e-06
15.4 -4.56295733963e-09 6.74544776232e-06
15.5 -4.56295733963e-09 6.09670370421e-06
15.6 -4.56295733963e-09 5.5098017706e-06
15.7 -4.56295733963e-09 4.97758181199e-06
15.8 -4.56295733963e-09 4.49288367882e-06
15.9 -4.56295733963e-09 3.98371242148e-06
16 -4.56295733963e-09 3.62239538015e-06
16.1 -4.56295733963e-09 3.28603028356e-06
16.2 -4.56295733963e-09 2.97461713173e-06
16.3 -4.56295733963e-09 2.68815592464e-06
16.4 -4.56295733963e-09 2.42638520075e-06
16.5 -4.56295733963e-09 2.18658092401e-06
16.6 -4.56295733963e-09 1.9680198944e-06
16.7 -4.56295733963e-09 1.77070211192e-06
16.8 -4.56295733963e-09 1.59462757657e-06
16.9 -4.56295733963e-09 1.43979628836e-06
17 -4.56295733963e-09 1.30423521959e-06
17.1 -4.56295733963e-09 1.18053886521e-06
17.2 -4.56295733963e-09 1.06799995104e-06
17.3 -4.56295733963e-09 9.66618477078e-07
17.4 -4.56295733963e-09 8.76394443316e-07
17.5 -4.56295733963e-09 7.97327849759e-07
17.6 -4.56295733963e-09 7.27145330944e-07
17.7 -4.56295733963e-09 6.62234399146e-07
17.8 -4.56295733963e-09 6.02549080848e-07
17.9 -4.56295733963e-09 5.48089376049e-07
18 -4.56295733963e-09 4.98855284751e-07
18.1 -4.56295733963e-09 4.54828790529e-07
18.2 -4.56295733963e-09 4.14614899126e-07
18.3 -4.56295733963e-09 3.77338802569e-07
18.4 -4.56295733963e-09 3.43000500859e-07
18.5 -4.56295733963e-09 3.11599993994e-07
18.6 -4.56295733963e-09 2.83137281975e-07
18.7 -4.56295733963e-09 2.57535415925e-07
18.8 -4.56295733963e-09 2.33992704252e-07
18.9 -4.56295733963e-09 2.12296307128e-07
19 -4.56295733963e-09 1.92446224555e-07
19.1 -4.56295733963e-09 1.74442456531e-07
19.2 -4.56295733963e-09 1.58285003057e-07
19.3 -4.56295733963e-09 1.43827587167e-07
19.4 -4.56295733963e-09 1.30521177132e-07
19.5 -4.56295733963e-09 1.1831333683e-07
19.6 -4.56295733963e-09 1.07204066258e-07
19.7 -4.56295733963e-09 9.71933654192e-08
19.8 -4.56295733963e-09 8.82812343118e-08
19.9 -4.56295733963e-09 8.02823858683e-08
20 -4.56295733963e-09 7.29023899716e-08
