"Time" "Prey" "Predator"
0 1.00326616871 1.00326716258
0.1 0.938272604696 1.00030069644
0.2 0.87820411416 0.991121809848
0.3 0.823299690595 0.976396888287
0.4 0.773600006977 0.956872641303
0.5 0.728996296513 0.933329336468
0.6 0.689279202558 0.906537146106
0.7 0.654173086794 0.877228362928
0.8 0.62336638705 0.846076899861
0.9 0.596535709764 0.813685584566
1 0.573361248721 0.780582054866
1.1 0.553537047514 0.747218907083
1.2 0.536778579191 0.713976190154
1.3 0.522826280306 0.681167020881
1.4 0.511446844224 0.649044210946
1.5 0.502434052025 0.61780689438
1.6 0.495606530911 0.5876082026
1.7 0.490807041168 0.558561455462
1.8 0.487900458079 0.530746568572
1.9 0.486771720275 0.504215489619
2 0.487324058022 0.478997156765
2.1 0.489477079475 0.455101984309
2.2 0.493165074545 0.432525344909
2.3 0.498335494238 0.411250816799
2.4 0.504947342168 0.391253461366
2.5 0.51297013011 0.372501352854
2.6 0.522382665138 0.354957148513
2.7 0.533171954194 0.338581146987
2.8 0.54533240911 0.323331372029
2.9 0.558864834764 0.309165377844
3 0.573775780262 0.296040689054
3.1 0.590076724002 0.283915890195
3.2 0.607783461494 0.272751003622
3.3 0.626915343166 0.262508223094
3.4 0.647494688463 0.253152175529
3.5 0.669545966308 0.244650474888
3.6 0.693095142969 0.236973935756
3.7 0.718168754835 0.230097034527
3.8 0.744793324329 0.223997890934
3.9 0.772994049061 0.218658901038
4 0.802793683887 0.214067090833
4.1 0.834211704688 0.210214077763
4.2 0.867262120945 0.207096914406
4.3 0.901952361222 0.204718211428
4.4 0.938281284009 0.203086642497
4.5 0.9762361955 0.202217847693
4.6 1.01579129897 0.202134663006
4.7 1.05690371902 0.20286817901
4.8 1.09951008018 0.204458595001
4.9 1.14352329816 0.206955976937
5 1.1888263966 0.21042170198
5.1 1.2352685035 0.214929451199
5.2 1.28265878846 0.220566486611
5.3 1.33075876615 0.227435049096
5.4 1.37927651982 0.235653846541
5.5 1.42785860535 0.245358771033
5.6 1.47608174403 0.256703806614
5.7 1.52344609066 0.269861177608
5.8 1.5693686146 0.285020527943
5.9 1.61317744858 0.302387015642
6 1.65411192496 0.322175482397
6.1 1.69132041664 0.344606206062
6.2 1.72387771009 0.369889579898
6.3 1.75079762429 0.398213469546
6.4 1.77106140115 0.429722663207
6.5 1.78366162449 0.464491864439
6.6 1.78765528786 0.502494873844
6.7 1.782231823 0.543572303282
6.8 1.76678713432 0.587397093853
6.9 1.74100005189 0.633449558139
7 1.70490382371 0.680998360227
7.1 1.65892183364 0.729115218649
7.2 1.60389418004 0.776692002913
7.3 1.54104637336 0.822501153961
7.4 1.47192320518 0.865271241192
7.5 1.39828591016 0.903776729584
7.6 1.32198751049 0.9369308907
7.7 1.24484599787 0.96386372981
7.8 1.16852937217 0.983978978361
7.9 1.09446995413 0.996979611458
8 1.02381576213 1.00286123595
8.1 0.957413323665 1.0018826512
8.2 0.895820853843 0.994516761431
8.3 0.839342751052 0.981392565884
8.4 0.788073822187 0.963237917997
8.5 0.741946724912 0.940827263074
8.6 0.700778432856 0.914937419005
8.7 0.664309783842 0.886314738962
8.8 0.632237635647 0.855652290029
8.9 0.604239903808 0.823575518134
9 0.579993886752 0.790635309744
9.1 0.559188753836 0.757306319737
9.2 0.541532686986 0.723990639341
9.3 0.526758634223 0.691020552733
9.4 0.514625192656 0.658666534084
9.5 0.504917856103 0.627143207511
9.6 0.497447943704 0.596616803874
9.7 0.492051028047 0.567212073899
9.8 0.488585591222 0.53901825384
9.9 0.486930696296 0.512095214529
10 0.486984256518 0.48647837751
10.1 0.488661157353 0.462183275475
10.2 0.491891460599 0.439209487838
10.3 0.496618767167 0.417543950392
10.4 0.502798651485 0.397163819254
10.5 0.510397701834 0.378038933438
10.6 0.519391990969 0.360133654572
10.7 0.529766167238 0.343408928458
10.8 0.541512479508 0.327823237646
10.9 0.554629860248 0.313334245461
11 0.569123233855 0.299899296707
11.1 0.585002636887 0.287476654745
11.2 0.602282662296 0.276025779624
11.3 0.620981635875 0.26550820714
11.4 0.641121071287 0.255887750547
11.5 0.662724845501 0.24713110977
11.6 0.685818580091 0.239208070108
11.7 0.710428706879 0.232091992624
11.8 0.736581817434 0.225759900218
11.9 0.764303735407 0.22019275126
12 0.793617968598 0.215376238452
12.1 0.824545156581 0.211300532741
12.2 0.857101189288 0.207960966964
12.3 0.891295572868 0.205358476182
12.4 0.92713009263 0.203499793066
12.5 0.964595733203 0.202398415561
12.6 1.0036709169 0.202074942762
12.7 1.04431848799 0.202557824395
12.8 1.08648143466 0.203884472311
12.9 1.13008040399 0.206101833567
13 1.17500803695 0.209267730371
13.1 1.22112414458 0.213452016979
13.2 1.26825082848 0.218737705647
13.3 1.31616459187 0.225222358611
13.4 1.36459047304 0.233019557031
13.5 1.41319448543 0.242259995847
13.6 1.46157534864 0.253091973584
13.7 1.50925677866 0.265682482413
13.8 1.55568206729 0.280215704343
13.9 1.60020575488 0.296892965317
14 1.64209503243 0.315926193707
14.1 1.68052423687 0.337535463078
14.2 1.71458900787 0.361935571487
14.3 1.74331900534 0.389323054471
14.4 1.76570260464 0.419857842737
14.5 1.78072214932 0.453639531555
14.6 1.78740996485 0.490675362059
14.7 1.7849069621 0.530850078553
14.8 1.7725394312 0.573889947317
14.9 1.74989089628 0.619337315174
15 1.7168842353 0.666523031825
15.1 1.67382033175 0.714577599219
15.2 1.62141321496 0.762443382246
15.3 1.56077863198 0.808920383816
15.4 1.49337364028 0.852742319291
15.5 1.42090630373 0.892659629282
15.6 1.34521624097 0.92753393988
15.7 1.26814493519 0.956422961512
15.8 1.19141526133 0.978644037799
15.9 1.11653860265 0.993808282118
16 1.04475227115 1.00182513624
16.1 0.976993118319 1.00287871558
16.2 0.913903918529 0.997382723275
16.3 0.855861677808 0.985925099803
16.4 0.803018997164 0.969210165642
16.5 0.755352624643 0.948003169312
16.6 0.712710260275 0.92308398326
16.7 0.674851903773 0.895211169292
16.8 0.641484559767 0.865095831461
16.9 0.612289774266 0.83338478097
17 0.586943496478 0.800651838395
17.1 0.565130189441 0.767394710804
17.2 0.546551830186 0.734036742843
17.3 0.530933507948 0.700930869718
17.4 0.518025819256 0.668365634349
17.5 0.507606426874 0.63657150946
17.6 0.499478738747 0.605728874093
17.7 0.493471279365 0.575974195595
17.8 0.489435837052 0.547406795952
17.9 0.487245353137 0.52009492737
18 0.486792336661 0.494080830993
18.1 0.487986704165 0.469385637729
18.2 0.490754087543 0.44601336094
18.3 0.495034217736 0.423954448966
18.4 0.500779117477 0.403188709136
18.5 0.507952232343 0.383688010381
18.6 0.516526867006 0.365418115178
18.7 0.526485183121 0.348340898838
18.8 0.537817234633 0.332415407389
18.9 0.550520011769 0.317599475319
19 0.564596716862 0.303850430428
19.1 0.580055912644 0.291126191449
19.2 0.596910888421 0.279385795181
19.3 0.615178916641 0.268590086975
19.4 0.634880613075 0.25870216319
19.5 0.656039227152 0.249687791175
19.6 0.678679920951 0.241515808979
19.7 0.702828987241 0.234158439983
19.8 0.728513021234 0.227591616621
19.9 0.755758249485 0.221795011603
20 0.784588956468 0.216752891939
