"Time" "Prey" "Predator"
0 39.0099658285 7.73800510807
0.1 1.55244596771 34.1556045179
0.2 0.0193516658782 31.9839385507
0.3 0.000356941561949 28.9536651632
0.4 9.56770747425e-06 26.1985993914
0.5 3.96922158314e-07 23.7054811491
0.6 3.5110002643e-08 21.449610263
0.7 1.42454893545e-09 19.4084116749
0.8 -5.67290547458e-09 17.5614559806
0.9 -6.57984345983e-09 15.8902613334
1 -6.57984345983e-09 14.3781025066
1.1 -6.57984345983e-09 13.0098352536
1.2 -6.57984345983e-09 11.7717754111
1.3 -6.57984345983e-09 10.6515617269
1.4 -6.57984345983e-09 9.63794821294
1.5 -6.57984345983e-09 8.72076602744
1.6 -6.57984345983e-09 7.89087811911
1.7 -6.57984345983e-09 7.13996378047
1.8 -6.57984345983e-09 6.46050663903
1.9 -6.57984345983e-09 5.84570818745
2 -6.57984345983e-09 5.28941609616
2.1 -6.57984345983e-09 4.78606194636
2.2 -6.57984345983e-09 4.33060824514
2.3 -6.57984345983e-09 3.91849746404
2.4 -6.57984345983e-09 3.54560354025
2.5 -6.57984345983e-09 3.20819529943
2.6 -6.57984345983e-09 2.90289572355
2.7 -6.57984345983e-09 2.62664895046
2.8 -6.57984345983e-09 2.37669073905
2.9 -6.57984345983e-09 2.15051908181
3 -6.57984345983e-09 1.94587035502
3.1 -6.57984345983e-09 1.76069669333
3.2 -6.57984345983e-09 1.5931443822
3.3 -6.57984345983e-09 1.44153673771
3.4 -6.57984345983e-09 1.30435562683
3.5 -6.57984345983e-09 1.18022930439
3.6 -6.57984345983e-09 1.06791545483
3.7 -6.57984345983e-09 0.966289901534
3.8 -6.57984345983e-09 0.874335266477
3.9 -6.57984345983e-09 0.791131252929
4 -6.57984345983e-09 0.715845062959
4.1 -6.57984345983e-09 0.647723410379
4.2 -6.57984345983e-09 0.586084382706
4.3 -6.57984345983e-09 0.530311050586
4.4 -6.57984345983e-09 0.479845239851
4.5 -6.57984345983e-09 0.434181691409
4.6 -6.57984345983e-09 0.392863496143
4.7 -6.57984345983e-09 0.355477581397
4.8 -6.57984345983e-09 0.321649301107
4.9 -6.57984345983e-09 0.291040330142
5 -6.57984345983e-09 0.263344176094
5.1 -6.57984345983e-09 0.238283568102
5.2 -6.57984345983e-09 0.215607908452
5.3 -6.57984345983e-09 0.195089996692
5.4 -6.57984345983e-09 0.176524709091
5.5 -6.57984345983e-09 0.159726170874
5.6 -6.57984345983e-09 0.144526184745
5.7 -6.57984345983e-09 0.13077272482
5.8 -6.57984345983e-09 0.118328001239
5.9 -6.57984345983e-09 0.107067588649
6 -6.57984345983e-09 0.0968787466668
6.1 -6.57984345983e-09 0.0876594755755
6.2 -6.57984345983e-09 0.0793175917643
6.3 -6.57984345983e-09 0.0717695074907
6.4 -6.57984345983e-09 0.0649397359764
6.5 -6.57984345983e-09 0.0587598936977
6.6 -6.57984345983e-09 0.0531681214759
6.7 -6.57984345983e-09 0.0481085133438
6.8 -6.57984345983e-09 0.0435303691663
6.9 -6.57984345983e-09 0.0393879070368
7 -6.57984345983e-09 0.0356396506314
7.1 -6.57984345983e-09 0.0322480764471
7.2 -6.57984345983e-09 0.0291792701504
7.3 -6.57984345983e-09 0.026402483597
7.4 -6.57984345983e-09 0.0238899531504
7.5 -6.57984345983e-09 0.0216165228676
7.6 -6.57984345983e-09 0.0195594320376
7.7 -6.57984345983e-09 0.0176981092019
7.8 -6.57984345983e-09 0.0160139050625
7.9 -6.57984345983e-09 0.0144899793359
8 -6.57984345983e-09 0.0131110741021
8.1 -6.57984345983e-09 0.0118633852806
8.2 -6.57984345983e-09 0.0107344370023
8.3 -6.57984345983e-09 0.00971291719633
8.4 -6.57984345983e-09 0.00878860865221
8.5 -6.57984345983e-09 0.0079522628626
8.6 -6.57984345983e-09 0.00719550164817
8.7 -6.57984345983e-09 0.00651075542903
8.8 -6.57984345983e-09 0.00589115534485
8.9 -6.57984345983e-09 0.00533051834958
9 -6.57984345983e-09 0.00482326023908
9.1 -6.57984345983e-09 0.00436428969053
9.2 -6.57984345983e-09 0.0039490008487
9.3 -6.57984345983e-09 0.00357321766264
9.4 -6.57984345983e-09 0.00323320982718
9.5 -6.57984345983e-09 0.0029255591376
9.6 -6.57984345983e-09 0.00264715128721
9.7 -6.57984345983e-09 0.00239524171558
9.8 -6.57984345983e-09 0.00216730984212
9.9 -6.57984345983e-09 0.00196105399725
10 -6.57984345983e-09 0.00177443577016
10.1 -6.57984345983e-09 0.00160558542536
10.2 -6.57984345983e-09 0.00145278991599
10.3 -6.57984345983e-09 0.0013145390909
10.4 -6.57984345983e-09 0.00118945039079
10.5 -6.57984345983e-09 0.00107625581647
10.6 -6.57984345983e-09 0.000973840074187
10.7 -6.57984345983e-09 0.000881180890395
10.8 -6.57984345983e-09 0.000797332433694
10.9 -6.57984345983e-09 0.000721447789876
11 -6.57984345983e-09 0.00065279073691
11.1 -6.57984345983e-09 0.000590669775544
11.2 -6.57984345983e-09 0.000534451319245
11.3 -6.57984345983e-09 0.000483584846476
11.4 -6.57984345983e-09 0.000437565161232
11.5 -6.57984345983e-09 0.000395924195462
11.6 -6.57984345983e-09 0.000358241965433
11.7 -6.57984345983e-09 0.000324151155197
11.8 -6.57984345983e-09 0.000293306705154
11.9 -6.57984345983e-09 0.000265391559879
12 -6.57984345983e-09 0.000240132880774
12.1 -6.57984345983e-09 0.00021728024285
12.2 -6.57984345983e-09 0.000196601701011
12.3 -6.57984345983e-09 0.000177886382885
12.4 -6.57984345983e-09 0.000160959570291
12.5 -6.57984345983e-09 0.000145642946184
12.6 -6.57984345983e-09 0.000131782008915
12.7 -6.57984345983e-09 0.000119243385239
12.8 -6.57984345983e-09 0.00010790087534
12.9 -6.57984345983e-09 9.76369242474e-05
13 -6.57984345983e-09 8.83445234577e-05
13.1 -6.57984345983e-09 7.99287088031e-05
13.2 -6.57984345983e-09 7.23069687658e-05
13.3 -6.57984345983e-09 6.54064935042e-05
13.4 -6.57984345983e-09 5.9165441429e-05
13.5 -6.57984345983e-09 5.35303689761e-05
13.6 -6.57984345983e-09 4.84331557532e-05
13.7 -6.57984345983e-09 4.3819642854e-05
13.8 -6.57984345983e-09 3.96466132177e-05
13.9 -6.57984345983e-09 3.58778891449e-05
14 -6.57984345983e-09 3.24749123709e-05
14.1 -6.57984345983e-09 2.93941762428e-05
14.2 -6.57984345983e-09 2.66045262322e-05
14.3 -6.57984345983e-09 2.40791946021e-05
14.4 -6.57984345983e-09 2.17583396182e-05
14.5 -6.57984345983e-09 1.97136306764e-05
14.6 -6.57984345983e-09 1.78471706186e-05
14.7 -6.57984345983e-09 1.61502995815e-05
14.8 -6.57984345983e-09 1.46143577019e-05
14.9 -6.57984345983e-09 1.32268505518e-05
15 -6.57984345983e-09 1.19721176475e-05
15.1 -6.57984345983e-09 1.08385153257e-05
15.2 -6.57984345983e-09 9.81442516403e-06
15.3 -6.57984345983e-09 8.88822874003e-06
15.4 -6.57984345983e-09 8.04897444144e-06
15.5 -6.57984345983e-09 7.29152051818e-06
15.6 -6.57984345983e-09 6.60797088121e-06
15.7 -6.57984345983e-09 5.9893122885e-06
15.8 -6.57984345983e-09 5.42653149804e-06
15.9 -6.57984345983e-09 4.91061526782e-06
16 -6.57984345983e-09 4.43840091867e-06
16.1 -6.57984345983e-09 4.01155636152e-06
16.2 -6.57984345983e-09 3.62562086827e-06
16.3 -6.57984345983e-09 3.27609519999e-06
16.4 -6.57984345983e-09 2.9584801177e-06
16.5 -6.57984345983e-09 2.61185293231e-06
16.6 -6.57984345983e-09 2.3776668833e-06
16.7 -6.57984345983e-09 2.15916096695e-06
16.8 -6.57984345983e-09 1.95633518328e-06
16.9 -6.57984345983e-09 1.76918953228e-06
17 -6.57984345983e-09 1.59772401395e-06
17.1 -6.57984345983e-09 1.44095047103e-06
17.2 -6.57984345983e-09 1.29753370311e-06
17.3 -6.57984345983e-09 1.16746640966e-06
17.4 -6.57984345983e-09 1.05074859069e-06
17.5 -6.57984345983e-09 9.47380246194e-07
17.6 -6.57984345983e-09 8.57268875357e-07
17.7 -6.57984345983e-09 7.76347683358e-07
17.8 -6.57984345983e-09 7.02438038528e-07
17.9 -6.57984345983e-09 6.35539940866e-07
18 -6.57984345983e-09 5.75653390373e-07
18.1 -6.57984345983e-09 5.22778387049e-07
18.2 -6.57984345983e-09 4.7658482159e-07
18.3 -6.57984345983e-09 4.34300318033e-07
18.4 -6.57984345983e-09 3.95299723272e-07
18.5 -6.57984345983e-09 3.59583037308e-07
18.6 -6.57984345983e-09 3.27150260141e-07
18.7 -6.57984345983e-09 2.9800139177e-07
18.8 -6.57984345983e-09 2.7181291419e-07
18.9 -6.57984345983e-09 2.47548495023e-07
19 -6.57984345983e-09 2.25130252352e-07
19.1 -6.57984345983e-09 2.04558186178e-07
19.2 -6.57984345983e-09 1.85832296502e-07
19.3 -6.57984345983e-09 1.68952583322e-07
19.4 -6.57984345983e-09 1.53628229737e-07
19.5 -6.57984345983e-09 1.39466283265e-07
19.6 -6.57984345983e-09 1.26464595344e-07
19.7 -6.57984345983e-09 1.14623165976e-07
19.8 -6.57984345983e-09 1.03941995159e-07
19.9 -6.57984345983e-09 9.44142248434e-08
20 -6.57984345983e-09 8.57383410999e-08
