"Time" "Prey" "Predator"
0 0.931359779981 1.20260571536
0.1 0.848728491707 1.18936405312
0.2 0.77527250975 1.16712502908
0.3 0.710643818757 1.13742577807
0.4 0.654256873467 1.10180146541
0.5 0.605401570433 1.061698195
0.6 0.563324630272 1.01842028213
0.7 0.527282707752 0.97310442817
0.8 0.496578670743 0.926711984782
0.9 0.470576959272 0.880036980522
1 0.448712789051 0.833718760233
1.1 0.430492438717 0.788259939759
1.2 0.415489847223 0.744045213906
1.3 0.403341199068 0.701359627629
1.4 0.393737919268 0.660405789061
1.5 0.386420231026 0.621318687036
1.6 0.381170917991 0.584178778843
1.7 0.377809552952 0.549023239276
1.8 0.376187375977 0.515855379413
1.9 0.376182955715 0.484652201497
2 0.377698358985 0.455370953375
2.1 0.38065538492 0.427955469127
2.2 0.384993910678 0.402337759043
2.3 0.390669046361 0.378442671607
2.4 0.397648867115 0.356192163773
2.5 0.405913365918 0.335505384108
2.6 0.415452651324 0.316301510931
2.7 0.426266074386 0.298500443578
2.8 0.438361164792 0.282024008874
2.9 0.451752862571 0.266796757655
3 0.466462894873 0.252746481565
3.1 0.482519056629 0.239804699474
3.2 0.499954772027 0.227906855882
3.3 0.518808525999 0.216992727284
3.4 0.539123650475 0.207006168428
3.5 0.560947685822 0.197895590363
3.6 0.584331968918 0.189614058952
3.7 0.609331406564 0.182119001706
3.8 0.636003647818 0.175372673273
3.9 0.664408927955 0.169341843363
4 0.694609148842 0.163998176017
4.1 0.726667334249 0.159318235608
4.2 0.760646796954 0.155283618598
4.3 0.796609843453 0.151881353421
4.4 0.834617013655 0.149103973999
4.5 0.874724992291 0.146950178176
4.6 0.916985351376 0.145425125654
4.7 0.961442012511 0.144541198379
4.8 1.00812846398 0.144318851091
4.9 1.05706522604 0.144787365997
5 1.10825468085 0.145986481635
5.1 1.16167758591 0.147967479201
5.2 1.2172861903 0.150795330894
5.3 1.27499836017 0.154550561333
5.4 1.3346885243 0.159332046212
5.5 1.39617780925 0.165260077427
5.6 1.45922326397 0.172479613494
5.7 1.52350218713 0.181164800603
5.8 1.5885989606 0.191522896934
5.9 1.65398438371 0.203799269935
6 1.71899774777 0.218282495352
6.1 1.78282595409 0.235306966509
6.2 1.84448019624 0.255258040006
6.3 1.90277946933 0.278570464877
6.4 1.9563399589 0.305720638482
6.5 2.00357306936 0.337215522028
6.6 2.04269489761 0.37357203902
6.7 2.07178208391 0.415269053268
6.8 2.08884435722 0.462693586171
6.9 2.09194450716 0.516062995881
7 2.079371252 0.575323353285
7.1 2.04984485164 0.640045744718
7.2 2.00273789489 0.709328756548
7.3 1.93828153203 0.781732868019
7.4 1.8576867348 0.855290784608
7.5 1.76316710581 0.927589031815
7.6 1.65778488099 0.995965888287
7.7 1.54518999599 1.05775689582
7.8 1.42924585273 1.11058159996
7.9 1.31364848299 1.15258889463
8 1.20160575674 1.18261890601
8.1 1.09563168284 1.20025451773
8.2 0.997469473082 1.20576957117
8.3 0.908127098396 1.20000089642
8.4 0.827989699764 1.18418162381
8.5 0.756964576127 1.15977420591
8.6 0.694626018203 1.12832579774
8.7 0.64034598436 1.09135420368
8.8 0.593396220982 1.05027120901
8.9 0.553021771826 1.00633716427
9 0.518489161288 0.960641815129
9.1 0.48911615329 0.914100596976
9.2 0.464285593762 0.867464547697
9.3 0.443452070327 0.821334070956
9.4 0.426140862399 0.776177811458
9.5 0.411943197497 0.732351916811
9.6 0.400510630948 0.690117612816
9.7 0.391548619354 0.649657591013
9.8 0.384809513506 0.611090895983
9.9 0.380086617105 0.574485281146
10 0.377208523699 0.539867912274
10.1 0.376034224815 0.507234331901
10.2 0.376448977325 0.476555644935
10.3 0.378360534048 0.447784878698
10.4 0.381696086645 0.420861699272
10.5 0.386399692193 0.395716453161
10.6 0.392430019558 0.372273433855
10.7 0.39975857966 0.350453273651
10.8 0.408368130134 0.330175112895
10.9 0.418251414908 0.311358075798
11 0.429410069339 0.293922522031
11.1 0.441853664263 0.277791060617
11.2 0.455599163588 0.26288880488
11.3 0.470669877036 0.249144688058
11.4 0.487095250424 0.2364911547
11.5 0.504910094683 0.22486486253
11.6 0.524154299603 0.214206594833
11.7 0.544872306777 0.204461555068
11.8 0.567112730715 0.195579413891
11.9 0.590927943468 0.187514333746
12 0.616373575796 0.180225116654
12.1 0.643508119222 0.173675140376
12.2 0.672392238378 0.167832573388
12.3 0.703088301674 0.162670326769
12.4 0.735659422537 0.158166342417
12.5 0.770168765415 0.154303654759
12.6 0.806678114064 0.151070811721
12.7 0.845247296291 0.148461891327
12.8 0.885931780125 0.146477272223
12.9 0.928780820091 0.14512418172
13 0.97383679654 0.144416739632
13.1 1.0211288397 0.144378085738
13.2 1.07067335046 0.145040069851
13.3 1.12246893477 0.146444857938
13.4 1.17648779401 0.148647736719
13.5 1.23267383014 0.151717599218
13.6 1.29093335529 0.155739850579
13.7 1.35112871708 0.16081841318
13.8 1.41306361173 0.167080303153
13.9 1.47647630649 0.174677575353
14 1.54101912447 0.183793266616
14.1 1.60624978127 0.194643896603
14.2 1.6716042471 0.207486462523
14.3 1.73638221106 0.222621515656
14.4 1.79972512459 0.240397482953
14.5 1.86059529825 0.2612118991
14.6 1.9177575544 0.285512236613
14.7 1.9697714309 0.313785296682
14.8 2.01499379892 0.346543014798
14.9 2.05159741465 0.38429694731
15 2.0776319168 0.427507398263
15.1 2.09110641503 0.476524847983
15.2 2.09012759311 0.531502688305
15.3 2.07307925888 0.592296708953
15.4 2.03883580088 0.658358954134
15.5 1.9869834842 0.72864698113
15.6 1.91800774347 0.801576260052
15.7 1.83339921248 0.875042480676
15.8 1.73561503713 0.946547819938
15.9 1.62791213501 1.0133995814
16 1.51403538762 1.07298353335
16.1 1.39783928468 1.1230407358
16.2 1.28291609957 1.16189441373
16.3 1.17230060085 1.18858594135
16.4 1.06830036398 1.20289402875
16.5 0.972452501803 1.20525942443
16.6 0.885584035094 1.19664261983
16.7 0.807935563342 1.1783550383
16.8 0.739309750492 1.15189527256
16.9 0.67921512094 1.11881144493
17 0.626988236078 1.08059849959
17.1 0.581887691384 1.0386305361
17.2 0.543160463165 0.99412309796
17.3 0.5100848316 0.948118303609
17.4 0.481995283473 0.901485804916
17.5 0.458294491278 0.854933762392
17.6 0.438455646006 0.809026053156
17.7 0.422022311279 0.764199062878
17.8 0.408602855084 0.720781395088
17.9 0.397864102983 0.679011550674
18 0.389524689252 0.639053788517
18.1 0.383348642407 0.601012138415
18.2 0.379139334125 0.564942438802
18.3 0.376733920835 0.530862556596
18.4 0.375998953599 0.498760708115
18.5 0.376826044465 0.468602667033
18.6 0.379128493948 0.440337305176
18.7 0.382838279093 0.413901499451
18.8 0.387903604452 0.389223649004
18.9 0.394286784202 0.36622681425
19 0.401962482101 0.344831106535
19.1 0.410916298307 0.324955459677
19.2 0.421143461243 0.306519259629
19.3 0.432647811401 0.289443432332
19.4 0.44544102421 0.273651125119
19.5 0.459541825848 0.259068461683
19.6 0.474975218878 0.245625334661
19.7 0.491772178314 0.233255244137
19.8 0.509968883853 0.221896019558
19.9 0.529606543921 0.211489543189
20 0.550730717481 0.20198230091
