"Time" "Prey" "Predator"
0 4.80012361293 11.0420654577
0.1 0.999541673419 12.7891349993
0.2 0.200441199392 12.1580806263
0.3 0.0453653200113 11.1152179817
0.4 0.0118104155321 10.0822946212
0.5 0.00351085008804 9.12901666638
0.6 0.00117834879188 8.26202417015
0.7 0.000441532230768 7.47634494437
0.8 0.000182808332934 6.76507355879
0.9 8.27421356657e-05 6.12136847057
1 4.06868854208e-05 5.53887583165
1.1 2.15972427844e-05 5.01180053369
1.2 1.22240630131e-05 4.5348754861
1.3 7.29328287199e-06 4.10332783181
1.4 4.58798395517e-06 3.71284275336
1.5 3.11683697785e-06 3.35951959245
1.6 2.18144844962e-06 3.03981917159
1.7 1.58059020198e-06 2.75054202652
1.8 1.2086454452e-06 2.4887923039
1.9 9.62053325563e-07 2.25195276577
2 8.0490136896e-07 2.03765527031
2.1 6.38856065425e-07 1.84374608357
2.2 5.34224946925e-07 1.66829025708
2.3 4.69976294078e-07 1.50953194152
2.4 4.13139708668e-07 1.36588114411
2.5 3.69938466843e-07 1.2359004364
2.6 3.38592920468e-07 1.11828907075
2.7 3.14394244323e-07 1.01186989619
2.8 2.9533384868e-07 0.9155778361
2.9 2.80803290353e-07 0.828449440615
3 2.70154786886e-07 0.74961223025
3.1 2.62688552481e-07 0.678277468246
3.2 2.57642613835e-07 0.613730927864
3.3 2.54762398517e-07 0.555326883023
3.4 2.53803122559e-07 0.502480691829
3.5 2.54546265999e-07 0.454663429616
3.6 2.56843519635e-07 0.411396642048
3.7 2.60587001398e-07 0.372247133233
3.8 2.65701968666e-07 0.336823256825
3.9 2.72137021119e-07 0.30477034094
4 2.79863732015e-07 0.275767677363
4.1 2.88869270764e-07 0.249524721996
4.2 2.99157926454e-07 0.225778998951
4.3 3.10750100725e-07 0.204293260072
4.4 3.23672204507e-07 0.184852146737
4.5 3.37965372829e-07 0.16726119272
4.6 3.53678133153e-07 0.151344199371
4.7 3.70869738878e-07 0.136941892127
4.8 3.89608232062e-07 0.12391011124
4.9 4.09970940254e-07 0.112118517646
5 4.32043798612e-07 0.101449042758
5.1 4.55921885814e-07 0.0917948939129
5.2 4.81709350786e-07 0.0830594400325
5.3 5.09519813465e-07 0.0751552732345
5.4 5.39476569442e-07 0.068003237437
5.5 5.71713237723e-07 0.0615318530246
5.6 6.06373950744e-07 0.0556763270617
5.7 6.43614008982e-07 0.0503780209971
5.8 6.83600566526e-07 0.0455839334359
5.9 7.26513202801e-07 0.0412460345365
6 7.72544750423e-07 0.0373209526024
6.1 8.21902064632e-07 0.03376938841
6.2 8.74806910352e-07 0.030555791501
6.3 9.31496922312e-07 0.0276480337319
6.4 9.92226632467e-07 0.0250169761016
6.5 1.05726855103e-06 0.0226363007201
6.6 1.12691441696e-06 0.0204821698108
6.7 1.20147644236e-06 0.0185330237515
6.8 1.28128867442e-06 0.0167693772057
6.9 1.36670853286e-06 0.0151735566177
7 1.45811828911e-06 0.0137296041391
7.1 1.55592686407e-06 0.0124230619056
7.2 1.66057157659e-06 0.0112408495873
7.3 1.77252006327e-06 0.010171144153
7.4 1.89227247052e-06 0.00920322835017
7.5 2.02036348348e-06 0.00832742403265
7.6 2.15736496166e-06 0.00753496798214
7.7 2.30388818835e-06 0.00681792066019
7.8 2.46058682242e-06 0.00616910833329
7.9 2.62815990048e-06 0.00558202399575
8 2.8073543506e-06 0.00505080771256
8.1 2.9989686579e-06 0.00457016763041
8.2 3.20385768963e-06 0.004135281887
8.3 3.4229337812e-06 0.00374178698334
8.4 3.65717153903e-06 0.00338572335918
8.5 3.90761621151e-06 0.00306355754473
8.6 4.17538257893e-06 0.00277205403796
8.7 4.46166071283e-06 0.00250825729535
8.8 4.7677276188e-06 0.00226956460754
8.9 5.09494564732e-06 0.0020535934913
9 5.44476848912e-06 0.00185816101423
9.1 5.81875565864e-06 0.00168133235434
9.2 6.21857187558e-06 0.00152134212856
9.3 6.6459928223e-06 0.00137656632562
9.4 7.10292278654e-06 0.00124556785409
9.5 7.5913959563e-06 0.00112704311618
9.6 8.11358150039e-06 0.00101979013446
9.7 8.67180603272e-06 0.000922744711095
9.8 9.26855599444e-06 0.000834945418011
9.9 9.90648048021e-06 0.000755500058683
10 1.05884106911e-05 0.00068359777329
10.1 1.13173913358e-05 0.000618541986959
10.2 1.20966630953e-05 0.000559681047959
10.3 1.29296817574e-05 0.000506414844772
10.4 1.38201584138e-05 0.000458216230196
10.5 1.4772060451e-05 0.000414610501983
10.6 1.57896134646e-05 0.000375155847914
10.7 1.68773334914e-05 0.000339450529102
10.8 1.80400754807e-05 0.000307147308832
10.9 1.92830073973e-05 0.000277921248378
11 2.06116401089e-05 0.00025147222931
11.1 2.20318918525e-05 0.000227538326714
11.2 2.35500896038e-05 0.000205884449187
11.3 2.51729719326e-05 0.000186291552553
11.4 2.690777915e-05 0.000168556909558
11.5 2.87621421719e-05 0.000152518726755
11.6 3.074440565e-05 0.00013800585712
11.7 3.28633341478e-05 0.000124872395754
11.8 3.51284426114e-05 0.000112990596107
11.9 3.75498732357e-05 0.000102242754624
12 4.01383431739e-05 9.25177644569e-05
12.1 4.29051928316e-05 8.37142983681e-05
12.2 4.58626456506e-05 7.57415755617e-05
12.3 4.90243656912e-05 6.85210075527e-05
12.4 5.24043658807e-05 6.19829755365e-05
12.5 5.60173791184e-05 5.60679258155e-05
12.6 5.98789331726e-05 5.07259524552e-05
12.7 6.40067859405e-05 4.58965443836e-05
12.8 6.84197498859e-05 4.15251737141e-05
12.9 7.31371923138e-05 3.7570347342e-05
13 7.81794966836e-05 3.39970973819e-05
13.1 8.35687513162e-05 3.07721238572e-05
13.2 8.93302283597e-05 2.78533638783e-05
13.3 9.54894885564e-05 2.52104110949e-05
13.4 0.000102073365227 2.28175758742e-05
13.5 0.000109083822238 2.06111685926e-05
13.6 0.000116623043803 1.86783538055e-05
13.7 0.000124671605956 1.69125421608e-05
13.8 0.000133269979391 1.53057055932e-05
13.9 0.000142458634799 1.38498160377e-05
14 0.000152281628402 1.25348265393e-05
14.1 0.000162792092615 1.13455796534e-05
14.2 0.000174035942106 1.0270981998e-05
14.3 0.000186058519331 9.30026238518e-06
14.4 0.000198905166745 8.42264962731e-06
14.5 0.000212622235458 7.62751150407e-06
14.6 0.000227291959004 6.90915950109e-06
14.7 0.00024299108183 6.26114884448e-06
14.8 0.000259782481396 5.67512423406e-06
14.9 0.00027772903516 5.14273036964e-06
15 0.000296893620582 4.65561195104e-06
15.1 0.000317359767892 4.20848891576e-06
15.2 0.000339263398189 3.80388230344e-06
15.3 0.000362698802779 3.43811439623e-06
15.4 0.000387756961483 3.10701439063e-06
15.5 0.000414528854128 2.80641148318e-06
15.6 0.000443107767373 2.53223531933e-06
15.7 0.000473669423889 2.28400514092e-06
15.8 0.000506377013291 2.06069444998e-06
15.9 0.000541361816894 1.85988733248e-06
16 0.000578755116012 1.6791678744e-06
16.1 0.000618688191962 1.5161201617e-06
16.2 0.000661340558722 1.36888614825e-06
16.3 0.000707010578236 1.23698240541e-06
16.4 0.000755895334292 1.11875410271e-06
16.5 0.000808184024569 1.01245519747e-06
16.6 0.000864065846744 9.16339646991e-07
16.7 0.000923729998497 8.28661408607e-07
16.8 0.000987387799093 7.4789197826e-07
16.9 0.00105547019581 6.74662623629e-07
17 0.00112831467441 6.08685533236e-07
17.1 0.00120621367943 5.49229970319e-07
17.2 0.00128945965539 4.95565198112e-07
17.3 0.00137835149257 4.46974160587e-07
17.4 0.00147341266698 4.03216471799e-07
17.5 0.00157513536065 3.63985326129e-07
17.6 0.00168392705258 3.28794140734e-07
17.7 0.00180019522175 2.97156332773e-07
17.8 0.00192434738918 2.68585357841e-07
17.9 0.00205704486579 2.42826844948e-07
18 0.00219904923766 2.19718157338e-07
18.1 0.002350936424 1.98926805508e-07
18.2 0.00251328234398 1.80120299953e-07
18.3 0.00268666291681 1.62966151168e-07
18.4 0.00287184537772 1.47279514542e-07
18.5 0.00306990903354 1.331163814e-07
18.6 0.00328168690122 1.20342673044e-07
18.7 0.00350800440869 1.08818454085e-07
18.8 0.00374987151667 9.84227048054e-08
18.9 0.00400857751552 8.90630383786e-08
19 0.0042851848243 8.0623812367e-08
19.1 0.00458075001218 7.2988784686e-08
19.2 0.00489659751301 6.60724954032e-08
19.3 0.0052344272367 5.98326330881e-08
19.4 0.00559562489201 5.41907793223e-08
19.5 0.00598156952581 4.90677501274e-08
19.6 0.0063939544146 4.44097622668e-08
19.7 0.0068349210657 4.01992652364e-08
19.8 0.00730628908409 3.63926875615e-08
19.9 0.0078100227333 3.29489282365e-08
20 0.00834867421237 2.98383701252e-08
