"Time" "Prey" "Predator"
0 0 2.67667975334
0.1 0 2.42196240062
0.2 0 2.1914829674
0.3 0 1.98293643769
0.4 0 1.79423458024
0.5 0 1.62348962717
0.6 0 1.4689939474
0.7 0 1.3292004558
0.8 0 1.20270942704
0.9 0 1.08825457832
1 0 0.984694959031
1.1 0 0.890992883217
1.2 0 0.806202881958
1.3 0 0.72948175174
1.4 0 0.660063051494
1.5 0 0.597249843114
1.6 0 0.540413981239
1.7 0 0.488986781452
1.8 0 0.442453643694
1.9 0 0.400348643262
2 0 0.362250468681
2.1 0 0.327777967501
2.2 0 0.296585844261
2.3 0 0.268362108803
2.4 0 0.242824109484
2.5 0 0.219716442067
2.6 0 0.198807699881
2.7 0 0.179888715705
2.8 0 0.162770092709
2.9 0 0.147280510812
3 0 0.133264972709
3.1 0 0.120583158265
3.2 0 0.109108224433
3.3 0 0.0987252141263
3.4 0 0.0893300895293
3.5 0 0.0808290150189
3.6 0 0.0731370943297
3.7 0 0.0661771475601
3.8 0 0.0598796029997
3.9 0 0.0541813290553
4 0 0.0490253020589
4.1 0 0.0443598982862
4.2 0 0.0401384797249
4.3 0 0.0363188093574
4.4 0 0.0328626292867
4.5 0 0.0297353372846
4.6 0 0.0269056338443
4.7 0 0.0243452168927
4.8 0 0.0220284382826
4.9 0 0.019932146058
5 0 0.0180353572296
5.1 0 0.0163190693732
5.2 0 0.0147661086946
5.3 0 0.0133609196886
5.4 0 0.0120894555715
5.5 0 0.0109389893811
5.6 0 0.00989800194395
5.7 0 0.00895608568494
5.8 0 0.00810380200154
5.9 0 0.00733262398837
6 0 0.00663483054686
6.1 0 0.00600343773287
6.2 0 0.00543213534243
6.3 0 0.00491519872001
6.4 0 0.00444745582559
6.5 0 0.00402421734903
6.6 0 0.00364124582315
6.7 0 0.00329472516375
6.8 0 0.00298119993479
6.9 0 0.00269752318428
7 0 0.00244084560992
7.1 0 0.00220858016988
7.2 0 0.00199842995537
7.3 0 0.00180828397939
7.4 0 0.00163620468605
7.5 0 0.00148049272709
7.6 0 0.00133960648306
7.7 0 0.00121212195327
7.8 0 0.00109676280395
7.9 0 0.000992394095225
8 0 0.000897960640433
8.1 0 0.000812488878275
8.2 0 0.000735180928376
8.3 0 0.000665224635799
8.4 0 0.000601916065206
8.5 0 0.000544637398962
8.6 0 0.000492815099361
8.7 0 0.000445919489134
8.8 0 0.00040347204553
8.9 0 0.00036504548588
9 0 0.000330263653963
9.1 0 0.000298801542586
9.2 0 0.000270362107016
9.3 0 0.000244623118921
9.4 0 0.000221330164792
9.5 0 0.000200267204736
9.6 0 0.000181226812019
9.7 0 0.000163990936771
9.8 0 0.00014838949254
9.9 0 0.000134128498677
10 0 0.000121464406699
10.1 0 0.000109937626764
10.2 0 9.94780950836e-05
10.3 0 9.0015219467e-05
10.4 0 8.1461010928e-05
10.5 0 7.37295427675e-05
10.6 0 6.67411137694e-05
10.7 0 6.04160227177e-05
10.8 0 5.4681259394e-05
10.9 0 4.95022345293e-05
11 0 4.48241499931e-05
11.1 0 4.05871504435e-05
11.2 0 3.67313805385e-05
11.3 0 3.32191428854e-05
11.4 0 3.00468810963e-05
11.5 0 2.71806939969e-05
11.6 0 2.45857683552e-05
11.7 0 2.18740500965e-05
11.8 0 1.99236767484e-05
11.9 0 1.81045170866e-05
12 0 1.6416571111e-05
12.1 0 1.48598388217e-05
12.2 0 1.34326712846e-05
12.3 0 1.21217938635e-05
12.4 0 1.09243150582e-05
12.5 0 9.84023486882e-06
12.6 0 8.86955329528e-06
12.7 0 8.0122703376e-06
12.8 0 7.25657682276e-06
12.9 0 6.56585114724e-06
13 0 5.93748418157e-06
13.1 0 5.37147592576e-06
13.2 0 4.8678263798e-06
13.3 0 4.4265355437e-06
13.4 0 4.03353572751e-06
13.5 0 3.67046111312e-06
13.6 0 3.33723261709e-06
13.7 0 3.03385023942e-06
13.8 0 2.76031398011e-06
13.9 0 2.5164064182e-06
14 0 2.2934582079e-06
14.1 0 2.08697256379e-06
14.2 0 1.89694948589e-06
14.3 0 1.72338897418e-06
14.4 0 1.56629102866e-06
14.5 0 1.42507534466e-06
14.6 0 1.29507021713e-06
14.7 0 1.17525804862e-06
14.8 0 1.06563883914e-06
14.9 0 9.66212588698e-07
15 0 8.76979297282e-07
15.1 0 7.96988922094e-07
15.2 0 7.23295271156e-07
15.3 0 6.55688441145e-07
15.4 0 5.94168432061e-07
15.5 0 5.38735243903e-07
15.6 0 4.89388876673e-07
15.7 0 4.44980870029e-07
15.8 0 4.04011872352e-07
15.9 0 3.66475427415e-07
16 0 3.32371535219e-07
16.1 0 3.01700195763e-07
16.2 0 2.74436949024e-07
16.3 0 2.49606487085e-07
16.4 0 2.26702918203e-07
16.5 0 2.05726242379e-07
16.6 0 1.86676459613e-07
16.7 0 1.69553569904e-07
16.8 0 1.54281773817e-07
16.9 0 1.40250852922e-07
17 0 1.27327888572e-07
17.1 0 1.1551288077e-07
17.2 0 1.04805829514e-07
17.3 0 9.52067348044e-08
17.4 0 8.66080450002e-08
17.5 0 7.86762300937e-08
17.6 0 7.13875275273e-08
17.7 0 6.4741937301e-08
17.8 0 5.87394594147e-08
17.9 0 5.33800938684e-08
18 0 4.85458781737e-08
18.1 0 4.40828085374e-08
18.2 0 3.99902218175e-08
18.3 0 3.62681180139e-08
18.4 0 3.29164971267e-08
18.5 0 2.94954218336e-08
18.6 0 2.4357806463e-08
18.7 0 1.94444668975e-08
18.8 0 1.47554031369e-08
18.9 0 1.02906151813e-08
19 0 6.05010303072e-09
19.1 0 2.03386668511e-09
19.2 0 -1.75809385551e-09
19.3 0 -5.32577859114e-09
19.4 0 -8.66918752179e-09
19.5 0 -1.17883206474e-08
19.6 0 -1.46831779681e-08
19.7 0 -1.73537594838e-08
19.8 0 -1.98000651945e-08
19.9 0 -2.20220951002e-08
20 0 -2.40198492009e-08
