"Time" "Prey" "Predator"
0 0.6274711313 1.09192126622
0.1 0.581474228689 1.04951431125
0.2 0.542007500444 1.00445901578
0.3 0.508322332617 0.957834523814
0.4 0.479728931543 0.910540875299
0.5 0.455609279328 0.863307886975
0.6 0.435419827838 0.816716850717
0.7 0.418689406668 0.771218062286
0.8 0.405014140445 0.727150116965
0.9 0.394051513336 0.684756949301
1 0.385511964143 0.64420856624
1.1 0.37915309301 0.605611265951
1.2 0.374773077781 0.569021747319
1.3 0.372205050375 0.534457842117
1.4 0.371312162297 0.501907130161
1.5 0.371983349036 0.471334032546
1.6 0.374129755576 0.442685776485
1.7 0.377681296704 0.415897918289
1.8 0.382584810859 0.390896544093
1.9 0.38880148371 0.367602364438
2 0.396304987359 0.345933552805
2.1 0.40508006786 0.325807129659
2.2 0.415121303018 0.307140457617
2.3 0.426431981744 0.289852552083
2.4 0.439023303655 0.273864766431
2.5 0.452913588133 0.25910164105
2.6 0.468127645042 0.245491276692
2.7 0.484696202903 0.232965712783
2.8 0.502655378728 0.221461267757
2.9 0.522046423547 0.210918365419
3 0.542915101769 0.201282007963
3.1 0.565311306298 0.192501853271
3.2 0.589288847484 0.184531927348
3.3 0.614904669403 0.177331108221
3.4 0.642218750591 0.170862752777
3.5 0.671293258991 0.165095071457
3.6 0.702192101467 0.160001083681
3.7 0.734980182599 0.15555872413
3.8 0.769722298707 0.151751181276
3.9 0.806482478585 0.14856692327
4 0.845322160917 0.14600027594
4.1 0.886299149057 0.144051640522
4.2 0.929465339354 0.142728173443
4.3 0.974864408874 0.142044482781
4.4 1.02252952866 0.14202330241
4.5 1.07247890567 0.142696904512
4.6 1.12471259542 0.144108090702
4.7 1.1792066362 0.146312038294
4.8 1.23590791508 0.149377939495
4.9 1.29472562654 0.153391691965
5 1.35552352302 0.158458364296
5.1 1.41810849487 0.164705670476
5.2 1.48221862705 0.172287663565
5.3 1.54750855634 0.181388983863
5.4 1.61353201555 0.192229856604
5.5 1.6797240137 0.205070778111
5.6 1.74537830697 0.220217574364
5.7 1.8096265904 0.238026061078
5.8 1.87141780133 0.258902443272
5.9 1.92949401223 0.283307424401
6 1.98238822924 0.311742218538
6.1 2.02842066197 0.344736968079
6.2 2.06572205753 0.38282183381
6.3 2.09228654496 0.426481084158
6.4 2.10606388884 0.476086904941
6.5 2.10509940391 0.531811250424
6.6 2.08771887424 0.593520819053
6.7 2.05275177105 0.660665333749
6.8 1.9997677051 0.732179504454
6.9 1.92926974123 0.806433554942
7 1.84280339633 0.881257418941
7.1 1.74291902528 0.954068775946
7.2 1.63299424432 1.0220849742
7.3 1.51690466597 1.08260929255
7.4 1.39862632466 1.1333208888
7.5 1.28184620132 1.17251183288
7.6 1.16965953043 1.19922251306
7.7 1.0643980016 1.21325931225
7.8 0.967592024037 1.21511033402
7.9 0.88003737827 1.20579524701
8 0.801939639006 1.18667978382
8.1 0.733052327713 1.15932086346
8.2 0.672841763008 1.12531102933
8.3 0.620605507968 1.0861817154
8.4 0.57557003182 1.04333315813
8.5 0.536956917885 0.997998497387
8.6 0.504025281337 0.951230079578
8.7 0.476094623236 0.903903468353
8.8 0.452557068095 0.856728129061
8.9 0.432879371737 0.810265594391
9 0.416600187019 0.764949105217
9.1 0.403324698784 0.721102933913
9.2 0.392717853158 0.678960531796
9.3 0.384497409117 0.638680869686
9.4 0.378427044663 0.600362767567
9.5 0.374310259992 0.564057052402
9.6 0.371984506406 0.529776839821
9.7 0.371316848899 0.49750606682
9.8 0.372199514347 0.467206409851
9.9 0.374546447981 0.438823230853
10 0.378290282078 0.412290116959
10.1 0.383379904394 0.387532538163
10.2 0.389778250452 0.36447103567
10.3 0.397460649854 0.343023338894
10.4 0.406413291197 0.323106409909
10.5 0.416632017615 0.304637799921
10.6 0.428121299944 0.287536764865
10.7 0.440893309334 0.271725221029
10.8 0.45496743208 0.257127901179
10.9 0.470369252755 0.243673597329
11 0.487130357721 0.231294847511
11.1 0.505287616965 0.219928534442
11.2 0.524882892777 0.209515812877
11.3 0.545962552045 0.200002339967
11.4 0.568577083442 0.191338331082
11.5 0.592780709356 0.183478543588
11.6 0.618630879528 0.176382427392
11.7 0.646187892162 0.170014043281
11.8 0.675514195722 0.16434227653
11.9 0.706673926626 0.159340786433
12 0.739731935238 0.154988293407
12.1 0.774753090032 0.151268646375
12.2 0.811800816433 0.148171249791
12.3 0.850936483546 0.145691105793
12.4 0.892217000086 0.14382957893
12.5 0.935692883627 0.142594973373
12.6 0.981407524137 0.142002614635
12.7 1.02939073433 0.142077009946
12.8 1.07965930122 0.142851528432
12.9 1.13221135657 0.14437021115
13 1.18701815002 0.146690464778
13.1 1.24402150529 0.149883763184
13.2 1.30312464427 0.154038546812
13.3 1.3641848257 0.159262554258
13.4 1.42699909329 0.165687303136
13.5 1.4912959706 0.173470496048
13.6 1.55671540721 0.182801923312
13.7 1.62279832387 0.193906433268
13.8 1.68895918437 0.207051137254
13.9 1.75447035726 0.222548636256
14 1.81843956196 0.240761633234
14.1 1.87978726461 0.262104281588
14.2 1.93722891634 0.287042506873
14.3 1.98926630535 0.316083033498
14.4 2.03419193792 0.349757791283
14.5 2.07011120486 0.388595348999
14.6 2.09500775665 0.433067171764
14.7 2.10683441747 0.483523869991
14.8 2.10366300349 0.540101394324
14.9 2.08387660357 0.602614461008
15 2.04639586287 0.670445345744
15.1 1.99090916013 0.742452162939
15.2 1.91806066478 0.816926208941
15.3 1.8295423214 0.89162941751
15.4 1.72803594612 0.963936341076
15.5 1.61701074335 1.03105868109
15.6 1.50038094464 1.09033553749
15.7 1.38210385145 1.13951977196
15.8 1.26579993555 1.17700178432
15.9 1.15446409893 1.20193184392
16 1.05031347524 1.21421980756
16.1 0.954771785313 1.21443632149
16.2 0.868544224101 1.20365999682
16.3 0.791759101954 1.18329652804
16.4 0.724124365093 1.15491243417
16.5 0.665074447703 1.12009854929
16.6 0.613892679102 1.08036992287
16.7 0.569801756936 1.03710495786
16.8 0.532026534099 0.991511837503
16.9 0.499833315254 0.944618021381
17 0.472551749904 0.897274450406
17.1 0.449584358078 0.850168887774
17.2 0.43040814007 0.803843868483
17.3 0.41457143177 0.758716264453
17.4 0.40168813079 0.71509653853
17.5 0.391431040856 0.673206842129
17.6 0.383524793986 0.633196913251
17.7 0.37773890219 0.595158347678
17.8 0.373881848082 0.559136097824
17.9 0.371795662733 0.5251386192
18 0.371351091358 0.493146376563
18.1 0.372443560094 0.463118582882
18.2 0.374989824014 0.434998578355
18.3 0.378924962665 0.40871856323
18.4 0.384199784164 0.384203465399
18.5 0.39077901736 0.361373330245
18.6 0.398639838342 0.340145051914
18.7 0.407769731651 0.320435947994
18.8 0.418165894278 0.302163643441
18.9 0.429833900234 0.285247769214
19 0.442786999427 0.269610562273
19.1 0.457045393689 0.255177463062
19.2 0.472635586129 0.241877678439
19.3 0.489589906206 0.229644379891
19.4 0.507945961161 0.218415005613
19.5 0.527746210219 0.208131424947
19.6 0.549037626415 0.198739915626
19.7 0.571871352805 0.190191135966
19.8 0.596301958937 0.182440686668
19.9 0.622387435771 0.175448552288
20 0.650188365245 0.169179508978
