"Time" "Prey" "Predator"
0 21.8818686083 19.0307678124
0.1 0.454982940974 32.4631121736
0.2 0.00764427040874 29.6892276954
0.3 0.000188814939336 26.8691976678
0.4 6.71289175499e-06 24.3123848517
0.5 3.89564319814e-07 21.9987494155
0.6 -5.09525635559e-08 19.9053138713
0.7 -7.61294875414e-08 18.0110745966
0.8 -1.00005279349e-07 16.2970909991
0.9 -1.00005279349e-07 14.7462171629
1 -1.00005279349e-07 13.3429276849
1.1 -1.00005279349e-07 12.0731756282
1.2 -1.00005279349e-07 10.9242569051
1.3 -1.00005279349e-07 9.88467262255
1.4 -1.00005279349e-07 8.94401917109
1.5 -1.00005279349e-07 8.09287904161
1.6 -1.00005279349e-07 7.32273883556
1.7 -1.00005279349e-07 6.62589038649
1.8 -1.00005279349e-07 5.99535892911
1.9 -1.00005279349e-07 5.42482552771
2 -1.00005279349e-07 4.90858514374
2.1 -1.00005279349e-07 4.44147185984
2.2 -1.00005279349e-07 4.01881058576
2.3 -1.00005279349e-07 3.63637043556
2.4 -1.00005279349e-07 3.2903244257
2.5 -1.00005279349e-07 2.97720989493
2.6 -1.00005279349e-07 2.69389023078
2.7 -1.00005279349e-07 2.43753026557
2.8 -1.00005279349e-07 2.20556810045
2.9 -1.00005279349e-07 1.99567989208
3 -1.00005279349e-07 1.8057661762
3.1 -1.00005279349e-07 1.63392493146
3.2 -1.00005279349e-07 1.47843631212
3.3 -1.00005279349e-07 1.33774421431
3.4 -1.00005279349e-07 1.21044105754
3.5 -1.00005279349e-07 1.09525239625
3.6 -1.00005279349e-07 0.991025302385
3.7 -1.00005279349e-07 0.896716685037
3.8 -1.00005279349e-07 0.811382379413
3.9 -1.00005279349e-07 0.734168409559
4 -1.00005279349e-07 0.664303027624
4.1 -1.00005279349e-07 0.601086081927
4.2 -1.00005279349e-07 0.543885188646
4.3 -1.00005279349e-07 0.492127691297
4.4 -1.00005279349e-07 0.445295352047
4.5 -1.00005279349e-07 0.402919927093
4.6 -1.00005279349e-07 0.364576835809
4.7 -1.00005279349e-07 0.32988269684
4.8 -1.00005279349e-07 0.298490246506
4.9 -1.00005279349e-07 0.270085093285
5 -1.00005279349e-07 0.244383146107
5.1 -1.00005279349e-07 0.221126916536
5.2 -1.00005279349e-07 0.20008386056
5.3 -1.00005279349e-07 0.181043348319
5.4 -1.00005279349e-07 0.163814721043
5.5 -1.00005279349e-07 0.148225723437
5.6 -1.00005279349e-07 0.134120155538
5.7 -1.00005279349e-07 0.121356929075
5.8 -1.00005279349e-07 0.109808277434
5.9 -1.00005279349e-07 0.0993585785617
6 -1.00005279349e-07 0.0899033726524
6.1 -1.00005279349e-07 0.0813479147089
6.2 -1.00005279349e-07 0.0736066341759
6.3 -1.00005279349e-07 0.0666020376273
6.4 -1.00005279349e-07 0.0602639896095
6.5 -1.00005279349e-07 0.0545291194933
6.6 -1.00005279349e-07 0.0493399670793
6.7 -1.00005279349e-07 0.04464464137
6.8 -1.00005279349e-07 0.0403961433622
6.9 -1.00005279349e-07 0.0365519295211
7 -1.00005279349e-07 0.0330735594873
7.1 -1.00005279349e-07 0.0299261830889
7.2 -1.00005279349e-07 0.027078325845
7.3 -1.00005279349e-07 0.0245014812027
7.4 -1.00005279349e-07 0.022169846985
7.5 -1.00005279349e-07 0.0200601109486
7.6 -1.00005279349e-07 0.0181511341113
7.7 -1.00005279349e-07 0.0164238238915
7.8 -1.00005279349e-07 0.0148608894778
7.9 -1.00005279349e-07 0.0134466820451
8 -1.00005279349e-07 0.0121670629544
8.1 -1.00005279349e-07 0.0110092105123
8.2 -1.00005279349e-07 0.00996154475926
8.3 -1.00005279349e-07 0.00901357836081
8.4 -1.00005279349e-07 0.00815581940709
8.5 -1.00005279349e-07 0.00737969167244
8.6 -1.00005279349e-07 0.00667741872095
8.7 -1.00005279349e-07 0.00604197577688
8.8 -1.00005279349e-07 0.00546700726116
8.9 -1.00005279349e-07 0.00494675079004
9 -1.00005279349e-07 0.0044760028806
9.1 -1.00005279349e-07 0.00405003945995
9.2 -1.00005279349e-07 0.00366460763455
9.3 -1.00005279349e-07 0.00331587461376
9.4 -1.00005279349e-07 0.00300034434198
9.5 -1.00005279349e-07 0.00271485098382
9.6 -1.00005279349e-07 0.00245651650227
9.7 -1.00005279349e-07 0.00222276618933
9.8 -1.00005279349e-07 0.00201127256521
9.9 -1.00005279349e-07 0.00181989237868
10 -1.00005279349e-07 0.00164669783895
10.1 -1.00005279349e-07 0.0014899929116
10.2 -1.00005279349e-07 0.00134820236178
10.3 -1.00005279349e-07 0.00121989257664
10.4 -1.00005279349e-07 0.00110380330386
10.5 -1.00005279349e-07 0.000998769598941
10.6 -1.00005279349e-07 0.000903697976363
10.7 -1.00005279349e-07 0.000817715236561
10.8 -1.00005279349e-07 0.000739906058956
10.9 -1.00005279349e-07 0.000669493435877
11 -1.00005279349e-07 0.000605781270941
11.1 -1.00005279349e-07 0.000548139806543
11.2 -1.00005279349e-07 0.000495981323782
11.3 -1.00005279349e-07 0.00044877383605
11.4 -1.00005279349e-07 0.000406039866213
11.5 -1.00005279349e-07 0.000367357592108
11.6 -1.00005279349e-07 0.000332360971916
11.7 -1.00005279349e-07 0.000300725663748
11.8 -1.00005279349e-07 0.000272098128999
11.9 -1.00005279349e-07 0.00024618965218
12 -1.00005279349e-07 0.00022275744251
12.1 -1.00005279349e-07 0.000201576355386
12.2 -1.00005279349e-07 0.000182404078478
12.3 -1.00005279349e-07 0.000165049783562
12.4 -1.00005279349e-07 0.000149350374904
12.5 -1.00005279349e-07 0.000135099439109
12.6 -1.00005279349e-07 0.000122278504151
12.7 -1.00005279349e-07 0.000110644926439
12.8 -1.00005279349e-07 0.000100119289514
12.9 -1.00005279349e-07 9.06041640318e-05
13 -1.00005279349e-07 8.20039271679e-05
13.1 -1.00005279349e-07 7.42294622973e-05
13.2 -1.00005279349e-07 6.71916527949e-05
13.3 -1.00005279349e-07 6.08120443671e-05
13.4 -1.00005279349e-07 5.50516850535e-05
13.5 -1.00005279349e-07 4.98469037402e-05
13.6 -1.00005279349e-07 4.51306201717e-05
13.7 -1.00005279349e-07 4.08357958396e-05
13.8 -1.00005279349e-07 3.69340256339e-05
13.9 -1.00005279349e-07 3.3410682594e-05
14 -1.00005279349e-07 3.0226071081e-05
14.1 -1.00005279349e-07 2.73404954556e-05
14.2 -1.00005279349e-07 2.44160142985e-05
14.3 -1.00005279349e-07 2.22173297272e-05
14.4 -1.00005279349e-07 2.01710715607e-05
14.5 -1.00005279349e-07 1.82772397992e-05
14.6 -1.00005279349e-07 1.65358344426e-05
14.7 -1.00005279349e-07 1.49390043856e-05
14.8 -1.00005279349e-07 1.34737994738e-05
14.9 -1.00005279349e-07 1.21400279988e-05
15 -1.00005279349e-07 1.09376899605e-05
15.1 -1.00005279349e-07 9.86678535892e-06
15.2 -1.00005279349e-07 8.92692520718e-06
15.3 -1.00005279349e-07 8.08262684015e-06
15.4 -1.00005279349e-07 7.31078765055e-06
15.5 -1.00005279349e-07 6.61140763838e-06
15.6 -1.00005279349e-07 5.98448680364e-06
15.7 -1.00005279349e-07 5.43002514632e-06
15.8 -1.00005279349e-07 4.94551339175e-06
15.9 -1.00005279349e-07 4.50336538723e-06
16 -1.00005279349e-07 4.09597695867e-06
16.1 -1.00005279349e-07 3.72334810607e-06
16.2 -1.00005279349e-07 3.38547882944e-06
16.3 -1.00005279349e-07 3.08236912876e-06
16.4 -1.00005279349e-07 2.81107057916e-06
16.5 -1.00005279349e-07 2.56009030702e-06
16.6 -1.00005279349e-07 2.32827142282e-06
16.7 -1.00005279349e-07 2.11561392656e-06
16.8 -1.00005279349e-07 1.92211781824e-06
16.9 -1.00005279349e-07 1.74778309786e-06
17 -1.00005279349e-07 1.58987492694e-06
17.1 -1.00005279349e-07 1.44388227446e-06
17.2 -1.00005279349e-07 1.30973836102e-06
17.3 -1.00005279349e-07 1.18744318662e-06
17.4 -1.00005279349e-07 1.07699675127e-06
17.5 -1.00005279349e-07 9.78367567138e-07
17.6 -1.00005279349e-07 8.88683373541e-07
17.7 -1.00005279349e-07 8.06074054168e-07
17.8 -1.00005279349e-07 7.3053960902e-07
17.9 -1.00005279349e-07 6.62080038097e-07
18 -1.00005279349e-07 6.00695341398e-07
18.1 -1.00005279349e-07 5.46180299957e-07
18.2 -1.00005279349e-07 4.96278802943e-07
18.3 -1.00005279349e-07 4.50368949226e-07
18.4 -1.00005279349e-07 4.08450738809e-07
18.5 -1.00005279349e-07 3.70524171689e-07
18.6 -1.00005279349e-07 3.36589247867e-07
18.7 -1.00005279349e-07 3.06315094242e-07
18.8 -1.00005279349e-07 2.78411977183e-07
18.9 -1.00005279349e-07 2.52750070211e-07
19 -1.00005279349e-07 2.29329373324e-07
19.1 -1.00005279349e-07 2.08149886523e-07
19.2 -1.00005279349e-07 1.89211609808e-07
19.3 -1.00005279349e-07 1.72158239431e-07
19.4 -1.00005279349e-07 1.56402063437e-07
19.5 -1.00005279349e-07 1.41934381588e-07
19.6 -1.00005279349e-07 1.28755193883e-07
19.7 -1.00005279349e-07 1.16864500323e-07
19.8 -1.00005279349e-07 1.06258734574e-07
19.9 -1.00005279349e-07 9.66125822079e-08
20 -1.00005279349e-07 8.77142324331e-08
