"Time" "Prey" "Predator"
0 1.71676869116 0.723312088979
0.1 1.66066853131 0.774946295143
0.2 1.5954986476 0.825237409047
0.3 1.52289797305 0.872746923616
0.4 1.44480432943 0.916047816059
0.5 1.3633073456 0.953838271046
0.6 1.28049041456 0.985044596102
0.7 1.1982912111 1.00889679093
0.8 1.11838514719 1.02497195274
0.9 1.04211871074 1.03319405284
1 0.970485605705 1.03380192409
1.1 0.904137952471 1.02729420623
1.2 0.843425851992 1.01436096333
1.3 0.78845065011 0.995813947891
1.4 0.739124561341 0.972522459205
1.5 0.695225370258 0.945361070463
1.6 0.656444503311 0.915169699625
1.7 0.622425605979 0.882726257977
1.8 0.592793644662 0.848730359994
1.9 0.567176566369 0.813794745329
2 0.545219111897 0.77844435103
2.1 0.526588901201 0.743122531254
2.2 0.51098462729 0.70819204583
2.3 0.49813612639 0.673945470213
2.4 0.487804392957 0.640613318124
2.5 0.479780538747 0.608372147419
2.6 0.473883583477 0.577352438206
2.7 0.469958197988 0.547646001263
2.8 0.467872504061 0.519312404548
2.9 0.467515407159 0.492384939881
3 0.468794492601 0.466875473027
3.1 0.471634130889 0.442779059931
3.2 0.475973524704 0.420077141081
3.3 0.481764928434 0.398741377214
3.4 0.488972436448 0.378735314839
3.5 0.497570332138 0.360017620305
3.6 0.507542318049 0.342542827415
3.7 0.51888013015 0.326263790155
3.8 0.531582932577 0.311132122671
3.9 0.545656253035 0.297099793554
4 0.561111420683 0.284119483416
4.1 0.577964696248 0.272145657667
4.2 0.596236788526 0.261134677704
4.3 0.615952155838 0.251045401002
4.4 0.637138196261 0.24183998201
4.5 0.65982480481 0.233483611014
4.6 0.68404344939 0.225945211853
4.7 0.70982656141 0.219197450868
4.8 0.737206590908 0.213217172382
4.9 0.766215116873 0.207985563721
5 0.796881655637 0.203488536944
5.1 0.829232508568 0.199716986038
5.2 0.863289164136 0.196667244385
5.3 0.899066679 0.194341469362
5.4 0.936571565795 0.192748211563
5.5 0.975799927431 0.191902846452
5.6 1.01673360946 0.191828668167
5.7 1.05933888483 0.192557152632
5.8 1.10356041817 0.194129553686
5.9 1.14931907695 0.196597466464
6 1.1965058733 0.200024327808
6.1 1.244975595 0.204487019186
6.2 1.29454316635 0.210076707144
6.3 1.34497148031 0.216901529734
6.4 1.39596952292 0.22508713715
6.5 1.44717757112 0.234778982649
6.6 1.49816277239 0.246143614962
6.7 1.54840802036 0.259368513923
6.8 1.59730255818 0.27466320356
6.9 1.64413663845 0.292258090354
7 1.68809709398 0.312397123859
7.1 1.72826874333 0.335333366434
7.2 1.76363888457 0.361319652001
7.3 1.79311931285 0.390588334123
7.4 1.81557576626 0.423329236179
7.5 1.82986864902 0.459663206911
7.6 1.83491880077 0.499603009926
7.7 1.82978253699 0.543014816773
7.8 1.81373935145 0.589577677759
7.9 1.78638506182 0.638747421903
8 1.7477163202 0.689735832862
8.1 1.69818840795 0.741512646871
8.2 1.63873659894 0.792836817496
8.3 1.57074920962 0.842317578068
8.4 1.49598649968 0.888507423915
8.5 1.41645648284 0.930010825517
8.6 1.33426386566 0.965595613344
8.7 1.25145577333 0.994288176939
8.8 1.16988746877 1.01543838881
8.9 1.09112497699 1.02874638499
9 1.01639182458 1.03425178408
9.1 0.9465582762 1.03229212883
9.2 0.882164656822 1.02344138133
9.3 0.823467108182 1.00844002759
9.4 0.770494179303 0.988126640642
9.5 0.723104844849 0.963377736602
9.6 0.681041589303 0.935059566791
9.7 0.643974931554 0.903993062158
9.8 0.611539503084 0.870929397965
9.9 0.583359357839 0.836538317217
10 0.559066509365 0.801402237207
10.1 0.538312922028 0.766016771274
10.2 0.52077754689 0.730795144159
10.3 0.50616978551 0.696074963614
10.4 0.494230365444 0.662126237265
10.5 0.484731242342 0.62915952409
10.6 0.47747341144 0.597334390101
10.7 0.472285179376 0.566766987107
10.8 0.469019707694 0.537537173415
10.9 0.467552580571 0.509694680535
11 0.467779573207 0.483264710109
11.1 0.469614423755 0.458252816034
11.2 0.4729868855 0.434648798437
11.3 0.477840980764 0.412430198184
11.4 0.484133149552 0.391565954419
11.5 0.491831183139 0.372017772821
11.6 0.500912894963 0.35374194044
11.7 0.511364831461 0.336692716047
11.8 0.523181557873 0.320822103388
11.9 0.536364504111 0.306081961437
12 0.550921372277 0.292424286898
12.1 0.566865274552 0.279802406295
12.2 0.584214156768 0.268171284325
12.3 0.602990049827 0.257488293551
12.4 0.623218530182 0.247713420467
12.5 0.644927932456 0.238809817766
12.6 0.668148770028 0.230743973293
12.7 0.692912879259 0.223486151303
12.8 0.719252918241 0.217010319717
12.9 0.747201128187 0.211294799053
13 0.776788400015 0.206322507438
13.1 0.808043472453 0.202080940289
13.2 0.840990933653 0.198562966798
13.3 0.875650314465 0.195766866385
13.4 0.912034091659 0.193696889238
13.5 0.950145122593 0.192364037326
13.6 0.989975160605 0.191786290298
13.7 1.03150089659 0.191989727842
13.8 1.07468117775 0.193009232647
13.9 1.11945352861 0.194889368454
14 1.16572816476 0.197685925259
14.1 1.21338453158 0.201466815975
14.2 1.26226435195 0.206313696122
14.3 1.31216445108 0.212323645496
14.4 1.362830753 0.219610685387
14.5 1.41394853726 0.228307330826
14.6 1.46513355833 0.238566396861
14.7 1.51592398783 0.250561619426
14.8 1.56577048414 0.264488807363
14.9 1.61402907632 0.280564356788
15 1.65995353871 0.299023689521
15.1 1.70269312343 0.320116470398
15.2 1.74129798678 0.344096579205
15.3 1.77472841795 0.371210482182
15.4 1.80187355135 0.401679902755
15.5 1.82159218503 0.435673964726
15.6 1.83275688138 0.4732800214
15.7 1.83432761999 0.514464002331
15.8 1.82542688082 0.559031487656
15.9 1.8054369734 0.606585191995
16 1.77408661274 0.656495765355
16.1 1.73152661931 0.707891019328
16.2 1.67838204968 0.759659782591
16.3 1.61575309266 0.810499831196
16.4 1.54517069018 0.858988984064
16.5 1.46849824586 0.903684908451
16.6 1.38779454414 0.943238330758
16.7 1.30516097281 0.976498142635
16.8 1.22258865669 1.00260018833
16.9 1.14184280048 1.02101390258
17 1.06437193682 1.03156255158
17.1 0.991275761099 1.03439549416
17.2 0.923304643355 1.02994106555
17.3 0.86089350905 1.0188396266
17.4 0.804211880327 1.00187373465
17.5 0.753222275709 0.979901712899
17.6 0.707737016385 0.953801440318
17.7 0.66746866201 0.92442665257
17.8 0.632071537659 0.892575949035
17.9 0.601173710917 0.858973119383
18 0.574400334549 0.824257725158
18.1 0.551389333733 0.788981231434
18.2 0.53180158296 0.753609627293
18.3 0.515326286061 0.718528928958
18.4 0.501683933997 0.684051895853
18.5 0.490626400691 0.650426647051
18.6 0.48193589049 0.617845018102
18.7 0.47542331164 0.586450417123
18.8 0.470926008394 0.556345417435
18.9 0.468305391392 0.527598537259
19 0.467444253788 0.500250432125
19.1 0.468244963869 0.474318882224
19.2 0.470627081382 0.449803395254
19.3 0.474525583058 0.426689198266
19.4 0.479889004161 0.404950417725
19.5 0.486678041675 0.384552883015
19.6 0.494864115454 0.365456391745
19.7 0.50442820687 0.347616620114
19.8 0.515359782247 0.330986745261
19.9 0.527655885179 0.315518645001
20 0.541320238946 0.301164080611
