"Time" "Prey" "Predator"
0 9.7269979347 2.14291270821
0.1 6.74397483877 4.47349454212
0.2 3.39063053055 6.67270936651
0.3 1.3820245106 7.56909030355
0.4 0.537601480891 7.48894348159
0.5 0.217973922857 7.0192167562
0.6 0.0949206425263 6.44535962116
0.7 0.0446514487202 5.87075979021
0.8 0.02263124536 5.32922150921
0.9 0.0122948976379 4.83021002984
1 0.00711826731972 4.37467572262
1.1 0.00436702488455 3.96058975166
1.2 0.00282397076949 3.58495317989
1.3 0.00191535500054 3.24455613709
1.4 0.001356569773 2.93626964986
1.5 0.000999102841939 2.65715618743
1.6 0.00076234821135 2.40450422676
1.7 0.000600642701327 2.17583259626
1.8 0.000487176250127 1.96888119421
1.9 0.000405735181515 1.78159649839
2 0.000345988179682 1.61211556627
2.1 0.000301441695204 1.45874960139
2.2 0.000267789777422 1.31996872218
2.3 0.000242113487015 1.19438750967
2.4 0.00022241425538 1.0807515953
2.5 0.000207298543363 0.977925610185
2.6 0.000195777284143 0.884881910358
2.7 0.000187059950511 0.800689771638
2.8 0.00018065530908 0.724507640423
2.9 0.000176156955105 0.655573513565
3 0.00017327756602 0.593197945649
3.1 0.000171798449897 0.536757189544
3.2 0.000171553257066 0.485686405885
3.3 0.000172422662736 0.439474999503
3.4 0.0001743138021 0.397660371884
3.5 0.000177163631056 0.359824462789
3.6 0.000180925375881 0.325588479369
3.7 0.000185571172658 0.294610063031
3.8 0.000191084718425 0.266579022734
3.9 0.000197461747645 0.241215004814
4 0.000204711712205 0.218264720583
4.1 0.000212846246378 0.197498156718
4.2 0.000221889019001 0.178707656246
4.3 0.000231868048525 0.161705047037
4.4 0.000242819226444 0.146320246402
4.5 0.000254784425962 0.132399284565
4.6 0.000267811939808 0.119802962891
4.7 0.000281955836526 0.108405190491
4.8 0.000297276344781 0.0980919138176
4.9 0.000313839721245 0.0887599244934
5 0.000331718512664 0.0803158752834
5.1 0.000350991631411 0.0726752197916
5.2 0.000371744788952 0.0657615994913
5.3 0.000394070595609 0.0595058362812
5.4 0.000418068926901 0.0538452846789
5.5 0.000443847410906 0.0487233405967
5.6 0.000471521751697 0.0440887032894
5.7 0.000501216274639 0.039895038875
5.8 0.000533064412782 0.0361003838038
5.9 0.000567209271117 0.0326667548369
6 0.000603804248901 0.0295598393475
6.1 0.000643013692881 0.0267485145546
6.2 0.00068501359875 0.0242046646402
6.3 0.000729992408136 0.0219028326299
6.4 0.00077815182331 0.0198199830577
6.5 0.000829707673544 0.0179353050735
6.6 0.000884890913594 0.0162299209407
6.7 0.000943948580359 0.0146867813074
6.8 0.00100714494105 0.0132904465936
6.9 0.0010747626438 0.0120269408159
7 0.00114710393529 0.0108836359461
7.1 0.00122449209164 0.00984908358204
7.2 0.00130727272519 0.00891294231945
7.3 0.00139581549272 0.00806585606729
7.4 0.00149051553471 0.00729933918873
7.5 0.0015917953817 0.00660573104392
7.6 0.00170010692448 0.00597807965491
7.7 0.00181593305003 0.00541012146075
7.8 0.00193978990252 0.00489620394639
7.9 0.00207223010329 0.0044311780733
8 0.00221384354347 0.00401038322927
8.1 0.00236526025597 0.00362958909022
8.2 0.00252715588082 0.00328501791611
8.3 0.00270025121622 0.00297321621912
8.4 0.00288531565144 0.00269102761872
8.5 0.0030831746411 0.00243566775536
8.6 0.00329470900241 0.00220459216609
8.7 0.0035208586005 0.00199546938032
8.8 0.00376263158557 0.00180623107671
8.9 0.00402110417558 0.00163499072536
9 0.00429742442257 0.00148001403652
9.1 0.00459282350555 0.00133976611998
9.2 0.0049086163701 0.00121285268433
9.3 0.00524620545413 0.00109798982899
9.4 0.00560709533911 0.000994042711919
9.5 0.0059928931053 0.000899981735635
9.6 0.00640531117309 0.000814852313841
9.7 0.00684618039481 0.000737789246001
9.8 0.00731746925182 0.000668048826027
9.9 0.0078212725103 0.000604933743673
10 0.0083598242677 0.000547802484571
10.1 0.00893552453421 0.000496093059625
10.2 0.00955093774474 0.000449297361999
10.3 0.0102087955301 0.000406942892654
10.4 0.0109120180645 0.000368600752331
10.5 0.0116637442044 0.000333899911289
10.6 0.0124673146753 0.000302492589583
10.7 0.0133262921705 0.000274057715811
10.8 0.0142445037702 0.000248315884938
10.9 0.0152260393729 0.000225015524827
11 0.0162752552496 0.000203922380793
11.1 0.0173968079069 0.00018482390008
11.2 0.018595703049 0.000167535453568
11.3 0.0198772685118 0.000151884718217
11.4 0.0212471859444 0.000137712802373
11.5 0.0227115578781 0.00012488066539
11.6 0.0242769069062 0.000113262930081
11.7 0.0259501801821 0.000102742671714
11.8 0.0277388029371 9.321368938e-05
11.9 0.0296507578005 8.45847134126e-05
12 0.0316945414562 7.67703401342e-05
12.1 0.0338792144906 6.96919461219e-05
12.2 0.036214507678 6.32804122029e-05
12.3 0.0387108232631 5.74734211883e-05
12.4 0.041379240146 5.22129522549e-05
12.5 0.0442316104178 4.74465525691e-05
12.6 0.0472807024233 4.31296954157e-05
12.7 0.0505400711034 3.92196626773e-05
12.8 0.0540241539905 3.56764401974e-05
12.9 0.0577483229529 3.24621981628e-05
13 0.061729222585 2.95470105668e-05
13.1 0.0659846662223 2.69048609477e-05
13.2 0.0705335412906 2.45098530598e-05
13.3 0.0753959669141 2.23379607182e-05
13.4 0.0805934517706 2.03673143783e-05
13.5 0.086149352369 1.85807295961e-05
13.6 0.0920883998436 1.69612843802e-05
13.7 0.0984369190941 1.54930631054e-05
13.8 0.105222939188 1.41610849426e-05
13.9 0.112476728709 1.2952776793e-05
14 0.120230783447 1.18573058528e-05
14.1 0.128519529195 1.08637987633e-05
14.2 0.137379639126 9.96196266156e-06
14.3 0.146850240638 9.1421910186e-06
14.4 0.15697371465 8.39750838568e-06
14.5 0.167795158202 7.72136618751e-06
14.6 0.179362636594 7.10788914996e-06
14.7 0.19172756289 6.55166720633e-06
14.8 0.204945095169 6.04714072341e-06
14.9 0.219073934971 5.5893895157e-06
15 0.234176654191 5.17370769694e-06
15.1 0.250320508511 4.79625635535e-06
15.2 0.267577483325 4.45377325066e-06
15.3 0.286024169192 4.14306892796e-06
15.4 0.305742299823 3.86125074226e-06
15.5 0.326819893621 3.60586930088e-06
15.6 0.349350750337 3.37471496501e-06
15.7 0.373434805808 3.16579690447e-06
15.8 0.399178937542 2.97732147359e-06
15.9 0.426698127388 2.80763080333e-06
16 0.456114650778 2.65521279816e-06
16.1 0.487558857079 2.51865435374e-06
16.2 0.521170685242 2.39682144661e-06
16.3 0.557100057743 2.28882547847e-06
16.4 0.595506475061 2.19383252964e-06
16.5 0.636560070987 2.11114028773e-06
16.6 0.680443728931 2.04021332842e-06
16.7 0.727352791833 1.98064800872e-06
16.8 0.777495666693 1.93216631047e-06
16.9 0.831095558327 1.89468298847e-06
17 0.888390792339 1.86826847666e-06
17.1 0.949635612141 1.8531500862e-06
17.2 1.01510267709 1.84984680751e-06
17.3 1.085083191 1.85911861536e-06
17.4 1.15988775676 1.88197731218e-06
17.5 1.23984936829 1.91995291398e-06
17.6 1.32532372088 1.97502011365e-06
17.7 1.41669021187 2.04962864654e-06
17.8 1.51435552652 2.1473520731e-06
17.9 1.61875411743 2.27273072834e-06
18 1.73034935229 2.43132953158e-06
18.1 1.84963791513 2.63148103673e-06
18.2 1.97715048008 2.88391040448e-06
18.3 2.1134530055 3.20182991153e-06
18.4 2.25915207285 3.60618908092e-06
18.5 2.4148958569 4.12466931084e-06
18.6 2.58137559073 4.79175292827e-06
18.7 2.75933202664 5.66674233216e-06
18.8 2.94955679893 6.8307665769e-06
18.9 3.15289406795 8.38622855985e-06
19 3.37024827428 1.05288384624e-05
19.1 3.602586033 1.35377195359e-05
19.2 3.85093797025 1.77699131673e-05
19.3 4.11640766928 2.40048818683e-05
19.4 4.4001743018 3.34085829787e-05
19.5 4.70349468548 4.74699340401e-05
19.6 5.02771093056 6.96542972259e-05
19.7 5.37425508508 0.000106073042122
19.8 5.7446490728 0.000167280047504
19.9 6.14050360207 0.000274220089391
20 6.56350806048 0.000468443712231
