"Time" "Prey" "Predator"
0 16.9872221866 13.1649251727
0.1 1.23181239116 23.29894833
0.2 0.063040854659 21.915559509
0.3 0.00416040649257 19.8721528652
0.4 0.000357230502074 17.9838003404
0.5 3.89713676509e-05 16.2726451518
0.6 5.28006980126e-06 14.7241233928
0.7 8.56449512926e-07 13.3229420805
0.8 1.66193789925e-07 12.0550983986
0.9 2.94117491116e-08 10.9079057316
1 -1.01702718247e-08 9.86987555221
1.1 -1.50868249688e-08 8.93062966895
1.2 -1.61194066554e-08 8.08076623821
1.3 -1.6237834752e-08 7.3117780344
1.4 -1.55208844799e-08 6.61596764879
1.5 -1.43347808977e-08 5.98637453559
1.6 -1.17143247315e-08 5.41670464463
1.7 -1.21603864775e-08 4.90123539917
1.8 -1.232253983e-08 4.43482062166
1.9 -1.21595806268e-08 4.01279253809
2 -1.21949003422e-08 3.63092499563
2.1 -1.21949003422e-08 3.28539686003
2.2 -1.21949003422e-08 2.97275022391
2.3 -1.21949003422e-08 2.68985575892
2.4 -1.21949003422e-08 2.43388234246
2.5 -1.21949003422e-08 2.20226855432
2.6 -1.21949003422e-08 1.99269528478
2.7 -1.21949003422e-08 1.80306556106
2.8 -1.21949003422e-08 1.63148159887
2.9 -1.21949003422e-08 1.47622576795
3 -1.21949003422e-08 1.33574462685
3.1 -1.21949003422e-08 1.20863195792
3.2 -1.21949003422e-08 1.09361556605
3.3 -1.21949003422e-08 0.989544552471
3.4 -1.21949003422e-08 0.895377001554
3.5 -1.21949003422e-08 0.810170703495
3.6 -1.21949003422e-08 0.733072361196
3.7 -1.21949003422e-08 0.663310868619
3.8 -1.21949003422e-08 0.600188400828
3.9 -1.21949003422e-08 0.543072906569
4 -1.21949003422e-08 0.491392716374
4.1 -1.21949003422e-08 0.444630518976
4.2 -1.21949003422e-08 0.402318267564
4.3 -1.21949003422e-08 0.36403261407
4.4 -1.21949003422e-08 0.329390335343
4.5 -1.21949003422e-08 0.298044699514
4.6 -1.21949003422e-08 0.269681962467
4.7 -1.21949003422e-08 0.24401827167
4.8 -1.21949003422e-08 0.2207966608
4.9 -1.21949003422e-08 0.199785010706
5 -1.21949003422e-08 0.180772926329
5.1 -1.21949003422e-08 0.1635700613
5.2 -1.21949003422e-08 0.148004346972
5.3 -1.21949003422e-08 0.133919824027
5.4 -1.21949003422e-08 0.121175660397
5.5 -1.21949003422e-08 0.109644243266
5.6 -1.21949003422e-08 0.0992101581322
5.7 -1.21949003422e-08 0.0897690848441
5.8 -1.21949003422e-08 0.0812264140579
5.9 -1.21949003422e-08 0.0734967060222
6 -1.21949003422e-08 0.0665025587505
6.1 -1.21949003422e-08 0.060173971164
6.2 -1.21949003422e-08 0.0544476663527
6.3 -1.21949003422e-08 0.049266264953
6.4 -1.21949003422e-08 0.0445779603574
6.5 -1.21949003422e-08 0.0403358066768
6.6 -1.21949003422e-08 0.0364973364851
6.7 -1.21949003422e-08 0.033024160003
6.8 -1.21949003422e-08 0.029881480069
6.9 -1.21949003422e-08 0.0270378788033
7 -1.21949003422e-08 0.0244648826808
7.1 -1.21949003422e-08 0.0221367341079
7.2 -1.21949003422e-08 0.0200301494999
7.3 -1.21949003422e-08 0.0181240222334
7.4 -1.21949003422e-08 0.0163992929142
7.5 -1.21949003422e-08 0.0148386912309
7.6 -1.21949003422e-08 0.0134265966253
7.7 -1.21949003422e-08 0.0121488893618
7.8 -1.21949003422e-08 0.010992766408
7.9 -1.21949003422e-08 0.0099466645978
8 -1.21949003422e-08 0.00900011500283
8.1 -1.21949003422e-08 0.00814363715612
8.2 -1.21949003422e-08 0.00736866313902
8.3 -1.21949003422e-08 0.00666742060857
8.4 -1.21949003422e-08 0.00603291327858
8.5 -1.21949003422e-08 0.00545881607807
8.6 -1.21949003422e-08 0.00493936666205
8.7 -1.21949003422e-08 0.00446935057596
8.8 -1.21949003422e-08 0.00404405076201
8.9 -1.21949003422e-08 0.00365924066747
9 -1.21949003422e-08 0.00331104273968
9.1 -1.21949003422e-08 0.00299594896294
9.2 -1.21949003422e-08 0.00271085073969
9.3 -1.21949003422e-08 0.00245288297297
9.4 -1.21949003422e-08 0.00221945160045
9.5 -1.21949003422e-08 0.00200824893841
9.6 -1.21949003422e-08 0.00181714651273
9.7 -1.21949003422e-08 0.00164421687839
9.8 -1.21949003422e-08 0.00148775340196
9.9 -1.21949003422e-08 0.00134617935175
10 -1.21949003422e-08 0.00121807076289
10.1 -1.21949003422e-08 0.00110216848579
10.2 -1.21949003422e-08 0.000997301778552
10.3 -1.21949003422e-08 0.000902393562431
10.4 -1.21949003422e-08 0.000816513078794
10.5 -1.21949003422e-08 0.000738811574388
10.6 -1.21949003422e-08 0.000668501421195
10.7 -1.21949003422e-08 0.000604872825815
10.8 -1.21949003422e-08 0.000547306863871
10.9 -1.21949003422e-08 0.000495224200488
11 -1.21949003422e-08 0.000448092268976
11.1 -1.21949003422e-08 0.000405447742956
11.2 -1.21949003422e-08 0.000366867105555
11.3 -1.21949003422e-08 0.000331956431123
11.4 -1.21949003422e-08 0.000300361118873
11.5 -1.21949003422e-08 0.000271775322384
11.6 -1.21949003422e-08 0.000245911571908
11.7 -1.21949003422e-08 0.00022249751515
11.8 -1.21949003422e-08 0.000201327754334
11.9 -1.21949003422e-08 0.000182169921214
12 -1.21949003422e-08 0.000164834201686
12.1 -1.21949003422e-08 0.000149147595615
12.2 -1.21949003422e-08 0.000134958801445
12.3 -1.21949003422e-08 0.000122121968423
12.4 -1.21949003422e-08 0.000110503536211
12.5 -1.21949003422e-08 9.99826311265e-05
12.6 -1.21949003422e-08 9.04541282228e-05
12.7 -1.21949003422e-08 8.18252370563e-05
12.8 -1.21949003422e-08 7.40155050288e-05
12.9 -1.21949003422e-08 6.69574516025e-05
13 -1.21949003422e-08 6.05829301971e-05
13.1 -1.21949003422e-08 5.48130639932e-05
13.2 -1.21949003422e-08 4.95917226465e-05
13.3 -1.21949003422e-08 4.4871430037e-05
13.4 -1.21949003422e-08 4.06115879485e-05
13.5 -1.21949003422e-08 3.67595645241e-05
13.6 -1.21949003422e-08 3.32717807078e-05
13.7 -1.21949003422e-08 3.01136895899e-05
13.8 -1.21949003422e-08 2.72558594755e-05
13.9 -1.21949003422e-08 2.46422624706e-05
14 -1.21949003422e-08 2.23182432462e-05
14.1 -1.21949003422e-08 2.02004256524e-05
14.2 -1.21949003422e-08 1.82785788436e-05
14.3 -1.21949003422e-08 1.65418534622e-05
14.4 -1.21949003422e-08 1.49716592898e-05
14.5 -1.21949003422e-08 1.35524061393e-05
14.6 -1.21949003422e-08 1.22703674018e-05
14.7 -1.21949003422e-08 1.11118164683e-05
14.8 -1.21949003422e-08 1.00630267296e-05
14.9 -1.21949003422e-08 9.11365391473e-06
15 -1.21949003422e-08 8.25757736873e-06
15.1 -1.21949003422e-08 7.48423901119e-06
15.2 -1.21949003422e-08 6.78298892341e-06
15.3 -1.21949003422e-08 6.1431771867e-06
15.4 -1.21949003422e-08 5.55509757469e-06
15.5 -1.21949003422e-08 5.02085444102e-06
15.6 -1.21949003422e-08 4.53797485615e-06
15.7 -1.21949003422e-08 4.10114254563e-06
15.8 -1.21949003422e-08 3.705041235e-06
15.9 -1.21949003422e-08 3.34435464979e-06
16 -1.21949003422e-08 2.96467663023e-06
16.1 -1.21949003422e-08 2.69594542123e-06
16.2 -1.21949003422e-08 2.44574159415e-06
16.3 -1.21949003422e-08 2.21406514898e-06
16.4 -1.21949003422e-08 2.00091608573e-06
16.5 -1.21949003422e-08 1.80612444827e-06
16.6 -1.21949003422e-08 1.62768557357e-06
16.7 -1.21949003422e-08 1.46502001683e-06
16.8 -1.21949003422e-08 1.31812777807e-06
16.9 -1.21949003422e-08 1.18700885726e-06
17 -1.21949003422e-08 1.07166325443e-06
17.1 -1.21949003422e-08 9.70737070164e-07
17.2 -1.21949003422e-08 8.78690569073e-07
17.3 -1.21949003422e-08 7.94928578473e-07
17.4 -1.21949003422e-08 7.19451098365e-07
17.5 -1.21949003422e-08 6.52258128748e-07
17.6 -1.21949003422e-08 5.93349669623e-07
17.7 -1.21949003422e-08 5.41129700759e-07
17.8 -1.21949003422e-08 4.92838513952e-07
17.9 -1.21949003422e-08 4.48427424358e-07
18 -1.21949003422e-08 4.07896431975e-07
18.1 -1.21949003422e-08 3.71245536803e-07
18.2 -1.21949003422e-08 3.38466020358e-07
18.3 -1.21949003422e-08 3.08553845093e-07
18.4 -1.21949003422e-08 2.80823031885e-07
18.5 -1.21949003422e-08 2.55273580736e-07
18.6 -1.21949003422e-08 2.31905491645e-07
18.7 -1.21949003422e-08 2.10718764612e-07
18.8 -1.21949003422e-08 1.9166338614e-07
18.9 -1.21949003422e-08 1.7414943804e-07
19 -1.21949003422e-08 1.58006405359e-07
19.1 -1.21949003422e-08 1.43234288098e-07
19.2 -1.21949003422e-08 1.29833086257e-07
19.3 -1.21949003422e-08 1.17802799836e-07
19.4 -1.21949003422e-08 1.0704305207e-07
19.5 -1.21949003422e-08 9.71431324456e-08
19.6 -1.21949003422e-08 8.80589154477e-08
19.7 -1.21949003422e-08 7.97904010763e-08
19.8 -1.21949003422e-08 7.23375893314e-08
19.9 -1.21949003422e-08 6.5700480213e-08
20 -1.21949003422e-08 5.97489913241e-08
