"Time" "Prey" "Predator"
0 0.931359779981 24.7246509376
0.1 0.0405383801598 23.0059286275
0.2 0.00233315568962 20.8439110044
0.3 0.000177103674974 18.8618967504
0.4 1.73051083484e-05 17.0670651108
0.5 2.11135927793e-06 15.4429309582
0.6 3.12323750159e-07 13.9733440983
0.7 5.53624788695e-08 12.6436059144
0.8 9.98939110996e-10 11.4404080434
0.9 -1.31968066176e-08 10.3517022417
1 -1.55826961384e-08 9.36660579055
1.1 -1.58757133619e-08 8.47525367277
1.2 -1.58466884399e-08 7.66872463699
1.3 -1.53631982734e-08 6.93894541283
1.4 -1.48220764789e-08 6.27862321748
1.5 -1.43834214708e-08 5.68113772242
1.6 -1.46224931695e-08 5.14050330808
1.7 -1.45346227974e-08 4.65132101202
1.8 -1.4544703692e-08 4.20868955573
1.9 -1.45471660185e-08 3.80817983011
2 -1.45471660185e-08 3.44578372931
2.1 -1.45471660185e-08 3.11787425971
2.2 -1.45471660185e-08 2.82116944281
2.3 -1.45471660185e-08 2.55270032225
2.4 -1.45471660185e-08 2.3097791616
2.5 -1.45471660185e-08 2.08997517068
2.6 -1.45471660185e-08 1.89108796844
2.7 -1.45471660185e-08 1.71112745341
2.8 -1.45471660185e-08 1.54829255226
2.9 -1.45471660185e-08 1.40095319088
3 -1.45471660185e-08 1.26763517539
3.1 -1.45471660185e-08 1.14700394319
3.2 -1.45471660185e-08 1.03785220456
3.3 -1.45471660185e-08 0.939087649997
3.4 -1.45471660185e-08 0.849721454814
3.5 -1.45471660185e-08 0.76885910534
3.6 -1.45471660185e-08 0.695692394736
3.7 -1.45471660185e-08 0.629488403955
3.8 -1.45471660185e-08 0.569584726467
3.9 -1.45471660185e-08 0.515381573624
4 -1.45471660185e-08 0.466336494508
4.1 -1.45471660185e-08 0.42195866877
4.2 -1.45471660185e-08 0.381803999662
4.3 -1.45471660185e-08 0.345470549565
4.4 -1.45471660185e-08 0.312594648876
4.5 -1.45471660185e-08 0.28284729947
4.6 -1.45471660185e-08 0.255930633155
4.7 -1.45471660185e-08 0.231575451415
4.8 -1.45471660185e-08 0.209538126348
4.9 -1.45471660185e-08 0.189597869
5 -1.45471660185e-08 0.171555277397
5.1 -1.45471660185e-08 0.155229607703
5.2 -1.45471660185e-08 0.140457517439
5.3 -1.45471660185e-08 0.127091214234
5.4 -1.45471660185e-08 0.114996814428
5.5 -1.45471660185e-08 0.104053430616
5.6 -1.45471660185e-08 0.0941514338192
5.7 -1.45471660185e-08 0.0851917328541
5.8 -1.45471660185e-08 0.0770846731311
5.9 -1.45471660185e-08 0.0697490575431
6 -1.45471660185e-08 0.0631115583357
6.1 -1.45471660185e-08 0.0571056836541
6.2 -1.45471660185e-08 0.0516713452616
6.3 -1.45471660185e-08 0.0467541747455
6.4 -1.45471660185e-08 0.042304913582
6.5 -1.45471660185e-08 0.038279073042
6.6 -1.45471660185e-08 0.0346363260252
6.7 -1.45471660185e-08 0.0313402317416
6.8 -1.45471660185e-08 0.028357817166
6.9 -1.45471660185e-08 0.0256592046236
7 -1.45471660185e-08 0.0232174119438
7.1 -1.45471660185e-08 0.0210079790746
7.2 -1.45471660185e-08 0.0190088004039
7.3 -1.45471660185e-08 0.0171998744957
7.4 -1.45471660185e-08 0.015563081856
7.5 -1.45471660185e-08 0.0140820601059
7.6 -1.45471660185e-08 0.0127419729441
7.7 -1.45471660185e-08 0.0115294063712
7.8 -1.45471660185e-08 0.0104322436975
7.9 -1.45471660185e-08 0.00943948008015
8 -1.45471660185e-08 0.00854119306576
8.1 -1.45471660185e-08 0.00772837341847
8.2 -1.45471660185e-08 0.00699289792842
8.3 -1.45471660185e-08 0.00632743998015
8.4 -1.45471660185e-08 0.00572532732005
8.5 -1.45471660185e-08 0.00518052002522
8.6 -1.45471660185e-08 0.00468754295458
8.7 -1.45471660185e-08 0.00424149478294
8.8 -1.45471660185e-08 0.00383789346881
8.9 -1.45471660185e-08 0.00347266498946
9 -1.45471660185e-08 0.00314220105108
9.1 -1.45471660185e-08 0.00284318731761
9.2 -1.45471660185e-08 0.00257261371248
9.3 -1.45471660185e-08 0.00232780320791
9.4 -1.45471660185e-08 0.00210629234216
9.5 -1.45471660185e-08 0.00190584702606
9.6 -1.45471660185e-08 0.00172448666496
9.7 -1.45471660185e-08 0.00156038472358
9.8 -1.45471660185e-08 0.00141189319363
9.9 -1.45471660185e-08 0.00127755033175
10 -1.45471660185e-08 0.00115599802424
10.1 -1.45471660185e-08 0.00104598761309
10.2 -1.45471660185e-08 0.000946442148141
10.3 -1.45471660185e-08 0.000856376628768
10.4 -1.45471660185e-08 0.000774877734143
10.5 -1.45471660185e-08 0.000701124037831
10.6 -1.45471660185e-08 0.000634397814455
10.7 -1.45471660185e-08 0.000574027224837
10.8 -1.45471660185e-08 0.000519395129857
10.9 -1.45471660185e-08 0.000469965191706
11 -1.45471660185e-08 0.000425245756298
11.1 -1.45471660185e-08 0.000384779744161
11.2 -1.45471660185e-08 0.000348156764078
11.3 -1.45471660185e-08 0.000315022228735
11.4 -1.45471660185e-08 0.000285042730298
11.5 -1.45471660185e-08 0.00025790311803
11.6 -1.45471660185e-08 0.000233364361385
11.7 -1.45471660185e-08 0.000211157928133
11.8 -1.45471660185e-08 0.000191063513749
11.9 -1.45471660185e-08 0.000172880962381
12 -1.45471660185e-08 0.00015643455868
12.1 -1.45471660185e-08 0.000141555085156
12.2 -1.45471660185e-08 0.000128087682652
12.3 -1.45471660185e-08 0.000115892294914
12.4 -1.45471660185e-08 0.000104847252316
12.5 -1.45471660185e-08 9.48450734366e-05
12.6 -1.45471660185e-08 8.5792683198e-05
12.7 -1.45471660185e-08 7.76120908436e-05
12.8 -1.45471660185e-08 7.0223242064e-05
12.9 -1.45471660185e-08 6.3535137503e-05
13 -1.45471660185e-08 5.74829631638e-05
13.1 -1.45471660185e-08 5.20118239881e-05
13.2 -1.45471660185e-08 4.70744985719e-05
13.3 -1.45471660185e-08 4.26094471202e-05
13.4 -1.45471660185e-08 3.85665756708e-05
13.5 -1.45471660185e-08 3.49058974759e-05
13.6 -1.45471660185e-08 3.15933724759e-05
13.7 -1.45471660185e-08 2.85647476809e-05
13.8 -1.45471660185e-08 2.58701596132e-05
13.9 -1.45471660185e-08 2.3414958402e-05
14 -1.45471660185e-08 2.11872478937e-05
14.1 -1.45471660185e-08 1.91742766131e-05
14.2 -1.45471660185e-08 1.7354245196e-05
14.3 -1.45471660185e-08 1.57092223437e-05
14.4 -1.45471660185e-08 1.42232480739e-05
14.5 -1.45471660185e-08 1.28803624044e-05
14.6 -1.45471660185e-08 1.16646053529e-05
14.7 -1.45471660185e-08 1.05642566653e-05
14.8 -1.45471660185e-08 9.57204230003e-06
14.9 -1.45471660185e-08 8.67564603087e-06
15 -1.45471660185e-08 7.86268467167e-06
15.1 -1.45471660185e-08 7.12077503632e-06
15.2 -1.45471660185e-08 6.4388391938e-06
15.3 -1.45471660185e-08 5.81960665194e-06
15.4 -1.45471660185e-08 5.25990409651e-06
15.5 -1.45471660185e-08 4.75354990593e-06
15.6 -1.45471660185e-08 4.29436245864e-06
15.7 -1.45471660185e-08 3.87616013304e-06
15.8 -1.45471660185e-08 3.43710425825e-06
15.9 -1.45471660185e-08 3.12530903668e-06
16 -1.45471660185e-08 2.83505647926e-06
16.1 -1.45471660185e-08 2.56634658597e-06
16.2 -1.45471660185e-08 2.31917935681e-06
16.3 -1.45471660185e-08 2.09332056717e-06
16.4 -1.45471660185e-08 1.88641277246e-06
16.5 -1.45471660185e-08 1.69784541134e-06
16.6 -1.45471660185e-08 1.52761848382e-06
16.7 -1.45471660185e-08 1.37573198989e-06
16.8 -1.45471660185e-08 1.24218592956e-06
16.9 -1.45471660185e-08 1.12523865609e-06
17 -1.45471660185e-08 1.01851225123e-06
17.1 -1.45471660185e-08 9.21418629071e-07
17.2 -1.45471660185e-08 8.33957789622e-07
17.3 -1.45471660185e-08 7.56129732879e-07
17.4 -1.45471660185e-08 6.87934458841e-07
17.5 -1.45471660185e-08 6.27377849924e-07
17.6 -1.45471660185e-08 5.71368160392e-07
17.7 -1.45471660185e-08 5.19870023732e-07
17.8 -1.45471660185e-08 4.72883439943e-07
17.9 -1.45471660185e-08 4.30408409026e-07
18 -1.45471660185e-08 3.92427598628e-07
18.1 -1.45471660185e-08 3.57726412848e-07
18.2 -1.45471660185e-08 3.25561591583e-07
18.3 -1.45471660185e-08 2.95933134835e-07
18.4 -1.45471660185e-08 2.68841042604e-07
18.5 -1.45471660185e-08 2.44285314889e-07
18.6 -1.45471660185e-08 2.22197025082e-07
18.7 -1.45471660185e-08 2.01882434625e-07
18.8 -1.45471660185e-08 1.83161870174e-07
18.9 -1.45471660185e-08 1.66035331731e-07
19 -1.45471660185e-08 1.50502819295e-07
19.1 -1.45471660185e-08 1.36564332865e-07
19.2 -1.45471660185e-08 1.24090749561e-07
19.3 -1.45471660185e-08 1.12609220803e-07
19.4 -1.45471660185e-08 1.02076146851e-07
19.5 -1.45471660185e-08 9.24915277028e-08
19.6 -1.45471660185e-08 8.385536336e-08
19.7 -1.45471660185e-08 7.61676538221e-08
19.8 -1.45471660185e-08 6.92658704581e-08
19.9 -1.45471660185e-08 6.28980235128e-08
20 -1.45471660185e-08 5.70612304727e-08
