"Time" "Prey" "Predator"
0 6.04415338046 13.3443584275
0.1 0.853217953732 15.8554032248
0.2 0.116215854623 14.8812674393
0.3 0.0186824841068 13.5361504595
0.4 0.0035815487867 12.2590663814
0.5 0.000808032343356 11.0945027013
0.6 0.000211292701412 10.0391628208
0.7 6.31608892346e-05 9.08392045998
0.8 2.13446875965e-05 8.21950245638
0.9 8.08666673313e-06 7.43732584652
1 3.34704238812e-06 6.72957698135
1.1 1.48843282564e-06 6.08917256213
1.2 7.70818743005e-07 5.50971104091
1.3 4.0837370409e-07 4.98539271133
1.4 2.43448869493e-07 4.51096930572
1.5 1.75909352507e-07 4.08169401575
1.6 1.24877958525e-07 3.69327086999
1.7 6.50924916212e-08 3.34180994263
1.8 5.6881028775e-08 3.02379478863
1.9 4.37738737492e-08 2.73604282908
2 3.0568681901e-08 2.47567404613
2.1 2.36382448785e-08 2.2400826917
2.2 2.17588615369e-08 2.02691137525
2.3 1.90161778912e-08 1.8340255241
2.4 1.61484986573e-08 1.65949526568
2.5 1.33752557305e-08 1.50157378042
2.6 1.18077462719e-08 1.35868031712
2.7 1.09860498676e-08 1.22938515095
2.8 9.98032047743e-09 1.11239385766
2.9 9.18914962968e-09 1.00653576882
3 8.6473466742e-09 0.910751477657
3.1 8.24433233708e-09 0.824082075012
3.2 7.96113758219e-09 0.745660401877
3.3 7.76650872437e-09 0.674701161992
3.4 7.68096031933e-09 0.610494325586
3.5 7.621071546e-09 0.552398049045
3.6 7.62921057055e-09 0.499830364009
3.7 7.65446641507e-09 0.452265264525
3.8 7.72625005315e-09 0.409226536821
3.9 7.84081539716e-09 0.370283440841
4 7.99658253333e-09 0.335046285078
4.1 8.19211193073e-09 0.303162422524
4.2 8.42642811944e-09 0.274312707837
4.3 8.69920498658e-09 0.248208373812
4.4 9.01061607048e-09 0.224588193032
4.5 9.36115737894e-09 0.203215644036
4.6 9.75175598543e-09 0.183876996586
4.7 1.01836457733e-08 0.16637878156
4.8 1.06582961258e-08 0.150545696742
4.9 1.11775076955e-08 0.136219407806
5 1.17433312115e-08 0.123256392697
5.1 1.23581084496e-08 0.111526966865
5.2 1.30244460653e-08 0.10091376704
5.3 1.37452060538e-08 0.0913104951451
5.4 1.45235438435e-08 0.082621163331
5.5 1.53628848517e-08 0.0747587167465
5.6 1.62669526325e-08 0.0676444806236
5.7 1.7239777415e-08 0.0612072595699
5.8 1.82857088758e-08 0.0553825866562
5.9 1.9409437199e-08 0.0501122386458
6 2.06160048003e-08 0.0453434153708
6.1 2.19108313696e-08 0.0410284095858
6.2 2.32997353829e-08 0.0371240460577
6.3 2.47889578923e-08 0.033591215408
6.4 2.63851897735e-08 0.0303945923746
6.5 2.80956008598e-08 0.027502154438
6.6 2.99278702726e-08 0.0248849697569
6.7 3.1890220406e-08 0.0225168536833
6.8 3.39914528548e-08 0.0203740844006
6.9 3.62409860004e-08 0.01843523711
7 3.86488989644e-08 0.0166808887809
7.1 4.12259733779e-08 0.0150934887321
7.2 4.39837426734e-08 0.0136571535401
7.3 4.69345435251e-08 0.0123574970448
7.4 5.00915679493e-08 0.0111815270827
7.5 5.34689259383e-08 0.0101174624201
7.6 5.7081702744e-08 0.00915465332117
7.7 6.09460337365e-08 0.00828347667749
7.8 6.50791660981e-08 0.00749519611484
7.9 6.94995427897e-08 0.00678193207101
8 7.42268886356e-08 0.00613652898081
8.1 7.92822834439e-08 0.00555253827047
8.2 8.46882556948e-08 0.00502414658882
8.3 9.04689258976e-08 0.0045460563012
8.4 9.66500483312e-08 0.0041134712992
8.5 1.03259123182e-07 0.00372203793491
8.6 1.10325637231e-07 0.00336786479914
8.7 1.17881061771e-07 0.00304740302397
8.8 1.25958981755e-07 0.00275740563372
8.9 1.34595421463e-07 0.00249500189796
9 1.43828837618e-07 0.00225757714273
9.1 1.53700258448e-07 0.00204273344423
9.2 1.64253683079e-07 0.00184833969527
9.3 1.7553609677e-07 0.00167245640831
9.4 1.87597616839e-07 0.00151329985163
9.5 2.00491979223e-07 0.00136928902124
9.6 2.14276587926e-07 0.00123899015717
9.7 2.29012665382e-07 0.00112108296698
9.8 2.44765886029e-07 0.00101439932695
9.9 2.61606403204e-07 0.000917879940916
10 2.79608969423e-07 0.000830542896383
10.1 2.98853505685e-07 0.000751498141179
10.2 3.19425938405e-07 0.000679980377297
10.3 3.41417709258e-07 0.000615272276671
10.4 3.64926343611e-07 0.000556713994209
10.5 3.90056609427e-07 0.000503727546354
10.6 4.16920445929e-07 0.000455790158848
10.7 4.45637094229e-07 0.000412415854861
10.8 4.76334036196e-07 0.00037316376724
10.9 5.09148285831e-07 0.000337652148737
11 5.44225667749e-07 0.000305523156037
11.1 5.81721704018e-07 0.000276446549749
11.2 6.2180347389e-07 0.000250135301094
11.3 6.646494922e-07 0.000226330482596
11.4 7.1044991335e-07 0.000204791160839
11.5 7.59409030032e-07 0.000185295151865
11.6 8.11742460766e-07 0.000167663689837
11.7 8.67685436663e-07 0.00015170920888
11.8 9.27485384872e-07 0.000137271144566
11.9 9.91411037496e-07 0.000124209446912
12 1.05974841251e-06 0.000112394225324
12.1 1.13279984603e-06 0.000101703255193
12.2 1.21088520815e-06 9.20251105847e-05
12.3 1.29435031292e-06 8.32601492208e-05
12.4 1.38358053667e-06 7.53221074839e-05
12.5 1.47897081328e-06 6.81345862132e-05
12.6 1.58093663288e-06 6.16323388898e-05
12.7 1.68991641562e-06 5.57604619394e-05
12.8 1.80641318265e-06 5.04513064547e-05
12.9 1.930956173e-06 4.56457448058e-05
13 2.06409160098e-06 4.12982916165e-05
13.1 2.20639426828e-06 3.73706699528e-05
13.2 2.35848986514e-06 3.38256317633e-05
13.3 2.52109108363e-06 3.06169510219e-05
13.4 2.69491805136e-06 2.77114712403e-05
13.5 2.88072749758e-06 2.5081023646e-05
13.6 3.07860981096e-06 2.26573849238e-05
13.7 3.29136379619e-06 2.05315193809e-05
13.8 3.51850106621e-06 1.85896954294e-05
13.9 3.76116016846e-06 1.68230454858e-05
14 4.02047965036e-06 1.52227019668e-05
14.1 4.29771366943e-06 1.37772417292e-05
14.2 4.59435340171e-06 1.24700023376e-05
14.3 4.91168587389e-06 1.1288834076e-05
14.4 5.25098668425e-06 1.0221839853e-05
14.5 5.6135314311e-06 9.2571225772e-06
14.6 6.00063935655e-06 8.38302117339e-06
14.7 6.41467529192e-06 7.59352887889e-06
14.8 6.85775503018e-06 6.88129218742e-06
14.9 7.33164744819e-06 6.23708154784e-06
15 7.83812142281e-06 5.65166740902e-06
15.1 8.3789458309e-06 5.11582021982e-06
15.2 8.95655638727e-06 4.6242094668e-06
15.3 9.5747560131e-06 4.17949876614e-06
15.4 1.02361700524e-05 3.77746637656e-06
15.5 1.09433579206e-05 3.4135050685e-06
15.6 1.1698879033e-05 3.08300761243e-06
15.7 1.25944660513e-05 2.71718022906e-06
15.8 1.34152171446e-05 2.47462836705e-06
15.9 1.43122104806e-05 2.24813290042e-06
16 1.5285446059e-05 2.03769382915e-06
16.1 1.63349238801e-05 1.84331115326e-06
16.2 1.74606439436e-05 1.66498487275e-06
16.3 1.86684203568e-05 1.50204395453e-06
16.4 1.99724707279e-05 1.35284747851e-06
16.5 2.13734418326e-05 1.21732079728e-06
16.6 2.2871333671e-05 1.09546391084e-06
16.7 2.44661462431e-05 9.87276819191e-07
16.8 2.61578795488e-05 8.92759522333e-07
16.9 2.79693518545e-05 8.08667937458e-07
17 2.99233945e-05 7.31756123042e-07
17.1 3.20200074858e-05 6.62024079018e-07
17.2 3.42591908121e-05 5.99471805385e-07
17.3 3.66409444787e-05 5.44099302145e-07
17.4 3.91673818168e-05 4.95787454305e-07
17.5 4.18850555474e-05 4.51912381935e-07
17.6 4.48130213197e-05 4.11400039666e-07
17.7 4.79512791334e-05 3.74250427497e-07
17.8 5.12998289887e-05 3.40463545427e-07
17.9 5.48586708855e-05 3.10039393458e-07
18 5.86439770631e-05 2.82806052478e-07
18.1 6.27528617356e-05 2.57731149113e-07
18.2 6.72015240757e-05 2.34642477936e-07
18.3 7.19899640836e-05 2.13540038947e-07
18.4 7.71181817592e-05 1.94423832145e-07
18.5 8.25861771025e-05 1.7729385753e-07
18.6 8.83939501136e-05 1.62150115103e-07
18.7 9.45415007923e-05 1.48992604863e-07
18.8 0.000101030235861 1.37811585841e-07
18.9 0.000107989749911 1.27709669018e-07
19 0.00011550460433 1.18101301727e-07
19.1 0.000123574799117 1.08986483965e-07
19.2 0.000132200334272 1.00365215734e-07
19.3 0.000141381209796 9.22374970339e-08
19.4 0.000151121327675 8.460250098e-08
19.5 0.000161592139882 7.74238945894e-08
19.6 0.000172885478299 7.06822174484e-08
19.7 0.000185001342924 6.4377469557e-08
19.8 0.00019793973376 5.85096509153e-08
19.9 0.000211700650804 5.30787615232e-08
20 0.000226293194555 4.80835968692e-08
