"Time" "Prey" "Predator"
0 1.71676869116 12.855380671
0.1 0.328865385492 12.648799031
0.2 0.0694742220523 11.6355659215
0.3 0.0169108234697 10.5670840392
0.4 0.00472597183187 9.57053779582
0.5 0.00149966337678 8.66219109237
0.6 0.000534116224661 7.8386010691
0.7 0.000211173080754 7.09290439169
0.8 9.17880338221e-05 6.41801655323
0.9 4.34224858846e-05 5.80729877415
1 2.22219607923e-05 5.25467841989
1.1 1.2221874961e-05 4.75464063777
1.2 7.14822622474e-06 4.30218405363
1.3 4.38936868304e-06 3.89277739353
1.4 2.84960914878e-06 3.52232811774
1.5 1.97723845617e-06 3.18713447481
1.6 1.41084339985e-06 2.88383842628
1.7 1.04378795223e-06 2.60940445903
1.8 8.15109302443e-07 2.36108454447
1.9 6.60831591853e-07 2.13639805258
2 5.70449550516e-07 1.93309890295
2.1 4.60999815297e-07 1.74913986818
2.2 3.82525483098e-07 1.58268613462
2.3 3.44086955861e-07 1.43207454698
2.4 3.05109738761e-07 1.29579477391
2.5 2.75604476437e-07 1.17248359848
2.6 2.53889621105e-07 1.06090710545
2.7 2.3774182512e-07 0.95994858079
2.8 2.24758352891e-07 0.868597475579
2.9 2.1506020556e-07 0.78593970023
3 2.0796593987e-07 0.711147873745
3.1 2.03185970968e-07 0.643473421134
3.2 2.00180700772e-07 0.582238918485
3.3 1.98735191428e-07 0.526831750348
3.4 1.98701497735e-07 0.476697164675
3.5 1.99936315413e-07 0.431333550278
3.6 2.0233826706e-07 0.390286853579
3.7 2.05837895869e-07 0.353146209164
3.8 2.10387342406e-07 0.319540022683
3.9 2.15955762793e-07 0.289131814381
4 2.22528544078e-07 0.261617383784
4.1 2.30102450813e-07 0.236721070303
4.2 2.38685713383e-07 0.21419374606
4.3 2.48299407813e-07 0.19381046944
4.4 2.58968914024e-07 0.175366909739
4.5 2.7073039553e-07 0.158678589315
4.6 2.83625971903e-07 0.143578345748
4.7 2.97705689026e-07 0.129915065601
4.8 3.13026487399e-07 0.117551972363
4.9 3.29652511639e-07 0.106365425044
5 3.47654712455e-07 0.0962434294739
5.1 3.67111203565e-07 0.0870846646138
5.2 3.88107321881e-07 0.0787974501977
5.3 4.10735935407e-07 0.0712988718162
5.4 4.35097652022e-07 0.0645138351286
5.5 4.6130129329e-07 0.0583744877617
5.6 4.89464219747e-07 0.0528194293411
5.7 5.1971270503e-07 0.047792992167
5.8 5.52182583968e-07 0.0432449010675
5.9 5.87019726538e-07 0.0391295980984
6 6.24380680188e-07 0.035405912511
6.1 6.64433330096e-07 0.0320365948944
6.2 7.07357609261e-07 0.0289878938632
6.3 7.53346277159e-07 0.026229336248
6.4 8.0260577027e-07 0.0237332880708
6.5 8.55357074539e-07 0.0214747681155
6.6 9.11836718641e-07 0.0194311759027
6.7 9.72297831576e-07 0.0175820446998
6.8 1.037011197e-06 0.0159088911464
6.9 1.10626655251e-06 0.0143949601689
7 1.18037374274e-06 0.0130250973351
7.1 1.25966421744e-06 0.0117855911241
7.2 1.34449246589e-06 0.0106640228631
7.3 1.43523738543e-06 0.00964920180452
7.4 1.53230445589e-06 0.00873097835536
7.5 1.63612709362e-06 0.00790014770627
7.6 1.74716820244e-06 0.00714836617393
7.7 1.86592370462e-06 0.00646814076811
7.8 1.99292317093e-06 0.00585265227017
7.9 2.12873230798e-06 0.00529569746013
8 2.27395735453e-06 0.0047917545171
8.1 2.42924512985e-06 0.00433576774327
8.2 2.59528722032e-06 0.00392315958954
8.3 2.77282422648e-06 0.00354983367732
8.4 2.9626460693e-06 0.00321202781206
8.5 3.16559831403e-06 0.00290636279873
8.6 3.38258528488e-06 0.00262979628006
8.7 3.61457193057e-06 0.00237953886552
8.8 3.86259300068e-06 0.0021531132496
8.9 4.12775296379e-06 0.00194825840624
9 4.4112291507e-06 0.00176288490529
9.1 4.71428150314e-06 0.0015951121954
9.2 5.03826347018e-06 0.00144331565023
9.3 5.38461516571e-06 0.00130596895481
9.4 5.75487307779e-06 0.00118167186398
9.5 6.15068887968e-06 0.00106920432655
9.6 6.57382527834e-06 0.000967453018427
9.7 7.02616050684e-06 0.000875385658253
9.8 7.50970441107e-06 0.00079207123814
9.9 8.02661534796e-06 0.00071669799892
10 8.57919010139e-06 0.000648503429375
10.1 9.16987905748e-06 0.000586785040575
10.2 9.80131639287e-06 0.000530937822966
10.3 1.04763132951e-05 0.000480410054366
10.4 1.11978651021e-05 0.000434689784154
10.5 1.19691899031e-05 0.000393308869419
10.6 1.27936925785e-05 0.000355883561101
10.7 1.36750710097e-05 0.000322018416267
10.8 1.46172266797e-05 0.000291372219117
10.9 1.56243965705e-05 0.000263648602966
11 1.67010783331e-05 0.000238569619842
11.1 1.7852030276e-05 0.000215875736516
11.2 1.90822851161e-05 0.000195330691162
11.3 2.03973617737e-05 0.000176725005547
11.4 2.18032752784e-05 0.000159876149288
11.5 2.33062190683e-05 0.000144623271457
11.6 2.49127183572e-05 0.000130829743851
11.7 2.66297624218e-05 0.000118372971125
11.8 2.84653627395e-05 0.000107101303851
11.9 3.04277009066e-05 9.68998172645e-05
12 3.25253423788e-05 8.76738109713e-05
12.1 3.4767311631e-05 7.93436453939e-05
12.2 3.71638789682e-05 7.18138626655e-05
12.3 3.97259656779e-05 6.49965319382e-05
12.4 4.24648200851e-05 5.882396293e-05
12.5 4.5392283218e-05 5.32382796268e-05
12.6 4.85157247157e-05 4.81349565641e-05
12.7 5.18648644778e-05 4.35920574486e-05
12.8 5.54421609538e-05 3.94543296347e-05
12.9 5.92648359272e-05 3.57005965282e-05
13 6.33505832125e-05 3.23082706215e-05
13.1 6.77216237914e-05 2.92412325758e-05
13.2 7.23981369851e-05 2.64694656326e-05
13.3 7.73993748228e-05 2.39657247369e-05
13.4 8.27445893333e-05 2.17027648337e-05
13.5 8.84530325456e-05 1.96533408681e-05
13.6 9.45531706553e-05 1.77981349762e-05
13.7 0.000101082089555 1.61252450472e-05
13.8 0.00010806657365 1.4613906329e-05
13.9 0.00011553330923 1.32432696572e-05
14 0.000123508982585 1.19924858677e-05
14.1 0.000132023050155 1.08431193635e-05
14.2 0.000141131565322 9.79990782211e-06
14.3 0.000150878593723 8.85714428974e-06
14.4 0.000161302749378 8.00437194561e-06
14.5 0.000172442646302 7.23113396892e-06
14.6 0.000184336898515 6.52697353887e-06
14.7 0.000197045308664 5.88685599249e-06
14.8 0.000210647527485 5.31082578016e-06
14.9 0.000225199499883 4.79286104441e-06
15 0.000240756944043 4.32688191077e-06
15.1 0.000257375578152 3.90680850477e-06
15.2 0.000275116848599 3.52698119825e-06
15.3 0.00029409725901 3.18577960594e-06
15.4 0.000314408510877 2.87976374802e-06
15.5 0.000336131012419 2.60466512032e-06
15.6 0.000359345171858 2.35621521865e-06
15.7 0.000384131397414 2.13014553885e-06
15.8 0.000410614229819 1.92452277362e-06
15.9 0.000438959696012 1.73960878785e-06
16 0.000469284353221 1.57304784067e-06
16.1 0.000501704280357 1.4224588819e-06
16.2 0.000536335556332 1.28546086138e-06
16.3 0.000573306150379 1.15994623388e-06
16.4 0.000612858856186 1.04644868219e-06
16.5 0.000655184871171 9.44315055529e-07
16.6 0.000700451768716 8.52348795662e-07
16.7 0.0007488271222 7.69353344335e-07
16.8 0.000800478505006 6.94132143299e-07
16.9 0.000855917552736 6.27570828247e-07
17 0.000914828160733 5.65545720714e-07
17.1 0.000977951914632 5.10334066799e-07
17.2 0.00104548881891 4.60935574598e-07
17.3 0.00111765239259 4.16431739367e-07
17.4 0.00119468564878 3.76021501116e-07
17.5 0.00127700921222 3.39351760639e-07
17.6 0.00136501174254 3.06049720658e-07
17.7 0.00145907922529 2.75788246991e-07
17.8 0.00155962573698 2.48354519137e-07
17.9 0.00166709344508 2.23650030276e-07
18 0.00178195340574 2.01678460215e-07
18.1 0.00190474336449 1.81971008579e-07
18.2 0.00203603173751 1.64133970877e-07
18.3 0.00217640396259 1.48056238947e-07
18.4 0.00232647748103 1.33681537255e-07
18.5 0.00248690173769 1.21008422893e-07
18.6 0.00265835818098 1.10090285577e-07
18.7 0.00284163595882 1.00694138729e-07
18.8 0.00303762126639 9.23486359114e-08
18.9 0.00324717756676 8.48839911049e-08
19 0.00347121133917 7.81356099075e-08
19.1 0.00371067224962 7.19433210041e-08
19.2 0.00396655315082 6.6151376166e-08
19.3 0.00423997893825 6.06591808472e-08
19.4 0.00453234251553 5.54989208715e-08
19.5 0.00484495007841 5.06330444403e-08
19.6 0.00517916356208 4.60355895538e-08
19.7 0.00553641132006 4.16982809394e-08
19.8 0.00591818812426 3.76305300517e-08
19.9 0.00632610292877 3.3852720644e-08
20 0.00676215326575 3.03576354073e-08
