"Time" "Prey" "Predator"
0 0.780233683529 1.61778076786
0.1 0.674048544164 1.57397426656
0.2 0.586283422408 1.51661001279
0.3 0.514208796637 1.44973803437
0.4 0.455233640853 1.3767917072
0.5 0.407061804324 1.30055340154
0.6 0.36774110978 1.22319275082
0.7 0.335656597487 1.14634755983
0.8 0.309494605461 1.07121625802
0.9 0.28819781347 0.998644353204
1 0.27092119739 0.929200034328
1.1 0.25699145086 0.863239498679
1.2 0.24587069623 0.800961954177
1.3 0.237133149012 0.742442190518
1.4 0.23043985474 0.687668947054
1.5 0.22552140489 0.636568207694
1.6 0.222163811261 0.589021953546
1.7 0.220197536693 0.544882785754
1.8 0.219488885669 0.503984554455
1.9 0.219933524572 0.466150141498
2 0.221450661173 0.431198427073
2.1 0.223979040771 0.398948240919
2.2 0.227473784561 0.369221404853
2.3 0.231903768118 0.34184509369
2.4 0.237249597973 0.316653407046
2.5 0.24350194987 0.293488380869
2.6 0.25066032637 0.272200592192
2.7 0.258732299846 0.25264905781
2.8 0.267732243213 0.234702153032
2.9 0.277681269128 0.218236645248
3 0.288606285984 0.203138175657
3.1 0.300540045537 0.18930041095
3.2 0.313520583737 0.176625133077
3.3 0.327591276782 0.165021528407
3.4 0.342800543436 0.154406069454
3.5 0.359201923556 0.144701923147
3.6 0.376853931963 0.135838698029
3.7 0.395820163464 0.127751968098
3.8 0.416169249056 0.120383002363
3.9 0.43797496265 0.113678373183
4 0.461316211206 0.107589707315
4.1 0.486277244114 0.102073307303
4.2 0.512947646493 0.097089955951
4.3 0.541422222214 0.0926048238392
4.4 0.571801345103 0.0885871065609
4.5 0.604190731117 0.0850099960921
4.6 0.638701356072 0.0818506074667
4.7 0.675449642456 0.0790898369995
4.8 0.714556860435 0.0767125192064
4.9 0.756149017559 0.0747074499234
5 0.800356680407 0.0730674616215
5.1 0.847313556547 0.0717899337877
5.2 0.897156317211 0.0708769294246
5.3 0.950023520265 0.0703356646294
5.4 1.00605262513 0.070179674838
5.5 1.06537969249 0.0704290635854
5.6 1.12813599848 0.0711118947954
5.7 1.19444234287 0.0722664719633
5.8 1.26440830154 0.0739417957526
5.9 1.33812414852 0.0762008254652
6 1.41564979803 0.0791249208398
6.1 1.49700749333 0.0828168711497
6.2 1.5821693013 0.0874059670513
6.3 1.67103857497 0.0930554950499
6.4 1.76342600624 0.0999724299043
6.5 1.85902259367 0.108418135271
6.6 1.95736088394 0.118723675085
6.7 2.05776925201 0.13130789851
6.8 2.15931117584 0.146701231491
6.9 2.26071506126 0.165571781334
7 2.36027779904 0.188760056803
7.1 2.45577196617 0.217308859755
7.2 2.54433562163 0.252495851116
7.3 2.62237602875 0.295843946869
7.4 2.6855148059 0.349102727481
7.5 2.72862100124 0.414164605774
7.6 2.74602953825 0.492863574014
7.7 2.73198672773 0.586643810534
7.8 2.68144308659 0.696043292635
7.9 2.59113853747 0.820063153484
8 2.46080888787 0.955566699421
8.1 2.29411169705 1.09699321831
8.2 2.09880509935 1.23666135055
8.3 1.8858387931 1.36580309203
8.4 1.66751029435 1.47609833194
8.5 1.45529572596 1.56119036893
8.6 1.25813284273 1.61763627158
8.7 1.08162836667 1.645045957
8.8 0.928189577298 1.64553392019
8.9 0.797735783007 1.6228360621
9 0.688589213426 1.58142062716
9.1 0.598262754538 1.52580269277
9.2 0.524028194918 1.46011072005
9.3 0.46326168899 1.38787608786
9.4 0.413618062178 1.31197614071
9.5 0.373093657349 1.23466708043
9.6 0.340025178495 1.15766051953
9.7 0.313056906086 1.08221441153
9.8 0.291096337491 1.00922143567
9.9 0.273269199426 0.939287327958
10 0.258878530253 0.872796713926
10.1 0.247369495091 0.809966701158
10.2 0.238301054949 0.750889132504
10.3 0.231322497403 0.695564063378
10.4 0.226155025453 0.643925463287
10.5 0.222577201984 0.59586087715
10.6 0.220413540098 0.551226426811
10.7 0.219525548455 0.50985814957
10.8 0.21980460663 0.471580637623
10.9 0.221166802665 0.436212812793
11 0.223548203546 0.403573256008
11.1 0.226901785621 0.373483073212
11.2 0.231194452425 0.345768669771
11.3 0.236405199708 0.320262999482
11.4 0.242523329504 0.2968068191
11.5 0.249547124599 0.275249392911
11.6 0.257482920847 0.255448670147
11.7 0.266344194962 0.237271516143
11.8 0.276150999609 0.220593574774
11.9 0.286929462239 0.205299099981
12 0.298711381722 0.191280721683
12.1 0.311534182537 0.178438805125
12.2 0.325440355808 0.166681612936
12.3 0.340477642905 0.155924493501
12.4 0.35669879126 0.146089686293
12.5 0.374161589245 0.137105857156
12.6 0.392928878263 0.128907713004
12.7 0.413068527917 0.121435715803
12.8 0.434653570284 0.114635644073
12.9 0.45776216008 0.108458391141
13 0.482477748714 0.102859591564
13.1 0.508889048942 0.0977994320856
13.2 0.537090182101 0.0932423884837
13.3 0.567180634005 0.0891570903824
13.4 0.599265326691 0.0855161427869
13.5 0.633454469724 0.0822960809341
13.6 0.669863577538 0.0794772786994
13.7 0.708613441591 0.0770439048787
13.8 0.749829163492 0.0749842795924
13.9 0.79364060963 0.0732906061649
14 0.840181487985 0.0719593713014
14.1 0.889587451054 0.0709922483773
14.2 0.941997272944 0.0703954047154
14.3 0.997548742089 0.0701813854198
14.4 1.05637748033 0.0703696115398
14.5 1.11861713681 0.0709862156372
14.6 1.18439048183 0.0720678484844
14.7 1.25380826348 0.0736621472861
14.8 1.32696169384 0.0758307342714
14.9 1.40391816742 0.0786510120845
15 1.48470720039 0.082221943097
15.1 1.56930870945 0.0866688080943
15.2 1.65763572889 0.0921500159842
15.3 1.74951589483 0.0988646488172
15.4 1.84465915767 0.107065523727
15.5 1.94262611308 0.117071639466
15.6 2.04277714559 0.129288222897
15.7 2.14421949836 0.144227351685
15.8 2.24573385205 0.162535675461
15.9 2.34568987378 0.185025017211
16 2.44194476363 0.212706530727
16.1 2.53173678429 0.246820645964
16.2 2.61158743257 0.288854772289
16.3 2.67723275514 0.340529321346
16.4 2.72365074715 0.403721275523
16.5 2.74522846674 0.480294029329
16.6 2.73618818395 0.571775170584
16.7 2.69131392727 0.678875132323
16.8 2.6070047436 0.800863785359
16.9 2.48247838974 0.934953318394
17 2.32078113494 1.07593636469
17.1 2.12908955941 1.21640072788
17.2 1.91798019415 1.34764936706
17.3 1.69968787445 1.46119331219
17.4 1.48594075211 1.55030361268
17.5 1.28612285355 1.61108246656
17.6 1.10634606968 1.6427074384
17.7 0.949453786163 1.64697559862
17.8 0.815677166622 1.62744150417
17.9 0.7035212045 1.58851344019
18 0.610578479575 1.53473125495
18.1 0.534130527316 1.47029808497
18.2 0.471524185706 1.39883989687
18.3 0.420366915841 1.32333049195
18.4 0.378603809691 1.24611364574
18.5 0.344522650769 1.16897612962
18.6 0.316725025835 1.09323730447
18.7 0.294082227928 1.01983890645
18.8 0.275690329078 0.949424767674
18.9 0.260828380252 0.882408656302
19 0.248922674588 0.81902936264
19.1 0.239516656495 0.759395507336
19.2 0.232247352385 0.703519132988
19.3 0.226826580981 0.651341936837
19.4 0.22302523315 0.602757378037
19.5 0.220661594839 0.557625645621
19.6 0.219592140897 0.515785171694
19.7 0.219704283193 0.477061674614
19.8 0.220910667337 0.441274791807
19.9 0.223144579614 0.408242998272
20 0.226356656382 0.377786824249
