"Time" "Prey" "Predator"
0 18.3774015081 1.09192126622
0.1 13.6321830529 5.20795422716
0.2 4.63097163673 11.5472599158
0.3 0.907179304533 13.1837444335
0.4 0.173720367885 12.4661832468
0.5 0.0378548159091 11.3797254013
0.6 0.00953293891366 10.317729311
0.7 0.00275076543448 9.34090957115
0.8 0.000898794675723 8.45339042113
0.9 0.00032871966439 7.64937364424
1 0.000133055960822 6.9215881106
1.1 5.91498773591e-05 6.26296950778
1.2 2.86103620973e-05 5.66699553344
1.3 1.49221057182e-05 5.12772449127
1.4 8.31341817429e-06 4.6397662762
1.5 4.93257082197e-06 4.1982404761
1.6 3.06447118566e-06 3.79872399335
1.7 2.01556246558e-06 3.43722482895
1.8 1.41259386121e-06 3.11012964053
1.9 1.01656423551e-06 2.81416141202
2 7.59373323627e-07 2.54635798495
2.1 5.9920584813e-07 2.30403735235
2.2 4.8961883389e-07 2.08477964717
2.3 4.27516029352e-07 1.88639315697
2.4 3.49458135428e-07 1.70687898346
2.5 2.8993523906e-07 1.54444655407
2.6 2.62488051659e-07 1.39747408259
2.7 2.33898658918e-07 1.26448696582
2.8 2.12115960696e-07 1.14415510024
2.9 1.96015962305e-07 1.03527440041
3 1.84159959334e-07 0.936755160587
3.1 1.7463323109e-07 0.84761119262
3.2 1.67562126029e-07 0.766950485381
3.3 1.62425993971e-07 0.693965731334
3.4 1.59028799167e-07 0.62792634903
3.5 1.56987979279e-07 0.568171349589
3.6 1.56133951631e-07 0.514102879094
3.7 1.5635920995e-07 0.465179593773
3.8 1.57560769707e-07 0.420912024995
3.9 1.59664520473e-07 0.380857052247
4 1.62620517294e-07 0.344613773563
4.1 1.66394757306e-07 0.311819548867
4.2 1.70966196781e-07 0.28214603875
4.3 1.76325915826e-07 0.255296398247
4.4 1.8247368138e-07 0.23100162585
4.5 1.89417824916e-07 0.209018579557
4.6 1.97176539354e-07 0.189127771236
4.7 2.05771548037e-07 0.17112982678
4.8 2.1523264387e-07 0.154844712214
4.9 2.25594445494e-07 0.140109313079
5 2.36897621201e-07 0.126776156571
5.1 2.49188292148e-07 0.114711770836
5.2 2.62518211705e-07 0.103795499033
5.3 2.76944527192e-07 0.0939180638279
5.4 2.92530021526e-07 0.0849805874214
5.5 3.09343209971e-07 0.0768936037517
5.6 3.27458573065e-07 0.06957620043
5.7 3.46956748071e-07 0.0629551032242
5.8 3.6792488548e-07 0.0569640815961
5.9 3.90456953696e-07 0.0515432413502
6 4.14654011171e-07 0.0466382500677
6.1 4.40624734765e-07 0.0422000451995
6.2 4.68485809899e-07 0.038184176025
6.3 4.98362435323e-07 0.0345504561748
6.4 5.30388858175e-07 0.0312625474576
6.5 5.64708943833e-07 0.0282875073593
6.6 6.01476795637e-07 0.0255955975685
6.7 6.40857439145e-07 0.0231598582765
6.8 6.83027522108e-07 0.0209559059913
6.9 7.28176098775e-07 0.0189616910203
7 7.76505490775e-07 0.017157237644
7.1 8.28232117803e-07 0.0155245075736
7.2 8.83587545293e-07 0.0140471565812
7.3 9.4281940029e-07 0.0127103903786
7.4 1.006192561e-06 0.0115008342183
7.5 1.07399033558e-06 0.0104063648142
7.6 1.14651552819e-06 0.00941605916708
7.7 1.22409213031e-06 0.00852001971761
7.8 1.30706656509e-06 0.00770926358929
7.9 1.39580874165e-06 0.00697564846438
8 1.4907148776e-06 0.00631185566328
8.1 1.59220829748e-06 0.00571124164804
8.2 1.70074097545e-06 0.00516774678815
8.3 1.8167973194e-06 0.00467597709176
8.4 1.94089438793e-06 0.00423101038113
8.5 2.07358459404e-06 0.00382836980678
8.6 2.21545985864e-06 0.00346406152203
8.7 2.36715159622e-06 0.00313442197284
8.8 2.52933505813e-06 0.00283613932021
8.9 2.70273322667e-06 0.00256625404889
9 2.88811720334e-06 0.00232204539395
9.1 3.08631326109e-06 0.00210108404901
9.2 3.29820464269e-06 0.00190117534461
9.3 3.52473260105e-06 0.00172028811348
9.4 3.76690278134e-06 0.00155657188443
9.5 4.02579686928e-06 0.00140844043517
9.6 4.30256644422e-06 0.00127441269747
9.7 4.59843937969e-06 0.00115312378476
9.8 4.91473377686e-06 0.00104337089284
9.9 5.25285963535e-06 0.000944075894238
10 5.61431852546e-06 0.000854234890278
10.1 6.00071473494e-06 0.000772933074533
10.2 6.41377323941e-06 0.000699378529412
10.3 6.85533062654e-06 0.000632831655504
10.4 7.32734510272e-06 0.000572607961165
10.5 7.83191881506e-06 0.000518109030606
10.6 8.37130046498e-06 0.000468801363182
10.7 8.94788470223e-06 0.000424186841306
10.8 9.56424490807e-06 0.000383803076511
10.9 1.02230890228e-05 0.000347283207742
11 1.09273857431e-05 0.00031423650995
11.1 1.16802485901e-05 0.000284331485092
11.2 1.24850544336e-05 0.000257275928097
11.3 1.33454086688e-05 0.000232802484443
11.4 1.42651204225e-05 0.000210658367273
11.5 1.52482210044e-05 0.000190613009814
11.6 1.62990590167e-05 0.000172459922288
11.7 1.74224798554e-05 0.000156020196506
11.8 1.86234584119e-05 0.000141135334732
11.9 1.99072280176e-05 0.00012766976719
12 2.12793190878e-05 0.000115508539373
12.1 2.27460726766e-05 0.00010451074285
12.2 2.43141252921e-05 9.45562322827e-05
12.3 2.599034935e-05 8.55510250848e-05
12.4 2.77819767897e-05 7.74160919167e-05
12.5 2.9696965957e-05 7.00705297564e-05
12.6 3.1744234532e-05 6.34208787558e-05
12.7 3.39328165455e-05 5.73997853326e-05
12.8 3.62722223078e-05 5.19494941992e-05
12.9 3.87657007717e-05 4.69479481232e-05
13 4.14433118706e-05 4.25313241726e-05
13.1 4.43025436444e-05 3.85020895391e-05
13.2 4.73575098096e-05 3.48407263162e-05
13.3 5.06223242641e-05 3.15277159537e-05
13.4 5.41137328511e-05 2.8534198039e-05
13.5 5.78495175513e-05 2.58276344792e-05
13.6 6.18454682521e-05 2.33825579444e-05
13.7 6.6117374841e-05 2.11735011044e-05
13.8 7.06810272052e-05 1.91749966293e-05
13.9 7.55545204786e-05 1.73638013455e-05
14 8.07693160692e-05 1.57295681797e-05
14.1 8.63492079092e-05 1.42545522951e-05
14.2 9.23160863568e-05 1.29191722412e-05
14.3 9.86918417701e-05 1.17038465675e-05
14.4 0.000105498365524 1.05889948397e-05
14.5 0.000112772906272 9.57038194091e-06
14.6 0.000120558769918 8.6498252881e-06
14.7 0.000128887630662 7.8175196537e-06
14.8 0.000137791162705 7.06365981014e-06
14.9 0.000147301040248 6.37844052988e-06
15 0.000157454235472 5.75360933854e-06
15.1 0.00016831846301 5.18992388389e-06
15.2 0.00017994380818 4.68297494284e-06
15.3 0.000192375975353 4.22706930647e-06
15.4 0.000205660668899 3.81651376585e-06
15.5 0.000219843595211 3.44561528028e-06
15.6 0.000235002240701 3.11132533253e-06
15.7 0.00025122664957 2.81164038152e-06
15.8 0.000268582778873 2.5425525129e-06
15.9 0.000287136585662 2.30005381231e-06
16 0.000306954026993 2.08013636539e-06
16.1 0.000328112088188 1.8794597372e-06
16.2 0.000350751880544 1.69856467897e-06
16.3 0.000374977774093 1.53576819898e-06
16.4 0.000400884985168 1.38883328313e-06
16.5 0.000428568730098 1.25552291734e-06
16.6 0.000458124228708 1.13360017974e-06
16.7 0.000489712877746 1.02257531435e-06
16.8 0.000523522440299 9.22654674342e-07
16.9 0.000559690371418 8.32716408565e-07
17 0.000598354126155 7.51638665855e-07
17.1 0.000639651159564 6.78299595046e-07
17.2 0.000684028912671 6.13719947409e-07
17.3 0.000731037621122 5.52719050317e-07
17.4 0.00078144087427 4.98502851228e-07
17.5 0.000835398379857 4.50103308084e-07
17.6 0.000893080931125 4.06629001079e-07
17.7 0.00095467041072 3.67265142309e-07
17.8 0.00102045375186 3.31506052682e-07
17.9 0.00109078180184 2.990533828e-07
18 0.00116596083438 2.69547694865e-07
18.1 0.0012463196261 2.42734422116e-07
18.2 0.00133220945657 2.18463868837e-07
18.3 0.00142400410831 1.96691210349e-07
18.4 0.00152210848745 1.77363386874e-07
18.5 0.00162699809261 1.5990126091e-07
18.6 0.00173915019092 1.44102607441e-07
18.7 0.00185906284259 1.29892506332e-07
18.8 0.00198726063876 1.17248060209e-07
18.9 0.00212429470147 1.06198394454e-07
19 0.00227074290373 9.68235614914e-08
19.1 0.0024272990021 8.88107306537e-08
19.2 0.00259471623973 8.17350005368e-08
19.3 0.00277373133568 7.54378727e-08
19.4 0.00296511743503 6.97636015786e-08
19.5 0.00316968410887 6.45591944831e-08
19.6 0.00338827735435 5.96744115998e-08
19.7 0.00362183222855 5.49949165597e-08
19.8 0.00387155939074 5.05597668341e-08
19.9 0.0041385921982 4.63391431363e-08
20 0.00442409736438 4.23040455638e-08
