"Time" "Prey" "Predator"
0 1.71223455081e-05 1.52468764998
0.1 1.50836721496e-05 1.37959774666
0.2 1.35346150217e-05 1.24831438496
0.3 1.23485342516e-05 1.12952349526
0.4 1.14371945809e-05 1.02203611994
0.5 1.07384448419e-05 0.92477674971
0.6 1.02077794692e-05 0.836773357661
0.7 9.81231586581e-06 0.75714446283
0.8 9.52794932101e-06 0.685093070641
0.9 9.33667518553e-06 0.619897193861
1 9.22543753365e-06 0.560906307629
1.1 9.1849377786e-06 0.507531746918
1.2 9.20649951379e-06 0.459235721095
1.3 9.28370521908e-06 0.415532952376
1.4 9.41407104488e-06 0.375990101898
1.5 9.59439216849e-06 0.340210596682
1.6 9.82251849679e-06 0.307835654966
1.7 1.00974716159e-05 0.278541467352
1.8 1.0418779788e-05 0.252034991778
1.9 1.0786530502e-05 0.228051011483
2 1.12012930632e-05 0.206349337311
2.1 1.16640780246e-05 0.18671283724
2.2 1.21762890044e-05 0.168945080328
2.3 1.27396789122e-05 0.152868108233
2.4 1.33563522324e-05 0.138321046356
2.5 1.40287442111e-05 0.125158274645
2.6 1.47596159086e-05 0.113248111966
2.7 1.55520478111e-05 0.10247131647
2.8 1.64094481006e-05 0.0927200887982
2.9 1.73355518708e-05 0.0838967729917
3 1.83344373812e-05 0.0759131215288
3.1 1.94105309985e-05 0.0686891807246
3.2 2.05686283666e-05 0.0621527047124
3.3 2.18139050768e-05 0.0562382269022
3.4 2.31519431009e-05 0.0508866142894
3.5 2.45887448438e-05 0.0460442513957
3.6 2.61307601227e-05 0.0416625692835
3.7 2.77849194077e-05 0.037697761934
3.8 2.95586625146e-05 0.0341103973059
3.9 3.14599559364e-05 0.0308644342879
4 3.34973398529e-05 0.0279273909056
4.1 3.56799624616e-05 0.0252698789115
4.2 3.80176176727e-05 0.0228652385145
4.3 4.05207897415e-05 0.0206894113544
4.4 4.3200701402e-05 0.0187206054443
4.5 4.60693606402e-05 0.0169391631349
4.6 4.9139614375e-05 0.0153272724484
4.7 5.24252042557e-05 0.0138687747343
4.8 5.59408264748e-05 0.0125490601627
4.9 5.97022026351e-05 0.011354919996
5 6.37261421242e-05 0.0102744132647
5.1 6.80306247658e-05 0.00929671171146
5.2 7.26348741371e-05 0.00841203294562
5.3 7.75594366419e-05 0.00761157550427
5.4 8.28263022923e-05 0.00688731735089
5.5 8.84589635972e-05 0.00623198945121
5.6 9.44825157082e-05 0.00563900663611
5.7 0.0001009238484 0.00510246487755
5.8 0.000107811660721 0.00461697865634
5.9 0.000115176618103 0.0041776573057
6 0.000123051583578 0.00378015081212
6.1 0.000131471609877 0.00342047011951
6.2 0.000140474180525 0.00309500620878
6.3 0.00015009943711 0.00280052897283
6.4 0.000160390187715 0.00253406824422
6.5 0.000171392252395 0.00229295591116
6.6 0.000183154648807 0.00207479644404
6.7 0.000195729664901 0.00187738879808
6.8 0.000209173360923 0.00169877532084
6.9 0.000223545612484 0.00153717766631
7 0.00023891023468 0.00139095115322
7.1 0.000255335462063 0.00125860599524
7.2 0.000272894650478 0.00113886125429
7.3 0.000291665862814 0.00103051570347
7.4 0.000311732359066 0.000932464798642
7.5 0.000333183591491 0.00084374186436
7.6 0.00035611512379 0.000763471928426
7.7 0.000380628757187 0.000690842101611
7.8 0.000406833338127 0.000625115266306
7.9 0.000434845842939 0.000565651736264
8 0.000464790767143 0.0005118517631
8.1 0.000496800889896 0.000463161590259
8.2 0.000531018869824 0.000419101103651
8.3 0.000567597111021 0.000379236876042
8.4 0.000606697959736 0.000343165580851
8.5 0.000648495831616 0.000310515639766
8.6 0.000693174863195 0.000280987364576
8.7 0.000740935844312 0.000254267115104
8.8 0.000791990040333 0.000230086219272
8.9 0.000846566928055 0.000208210151547
9 0.000904910669663 0.000188421140616
9.1 0.00096727937532 0.00017051453207
9.2 0.00103394611575 0.000154303782992
9.3 0.00110520629039 0.000139622122546
9.4 0.00118138888977 0.000126325090211
9.5 0.00126283102616 0.000114284795676
9.6 0.00134988739582 0.000103392051365
9.7 0.00144293235294 9.35549039754e-05
9.8 0.00154239563825 8.46597955899e-05
9.9 0.00164872888999 7.66079680219e-05
10 0.00176239841372 6.93233224731e-05
10.1 0.00188389490949 6.27418455702e-05
10.2 0.00201375288832 5.6801029471e-05
10.3 0.00215258078091 5.14234658531e-05
10.4 0.0023009932914 4.65537058519e-05
10.5 0.0024596364468 4.21446107839e-05
10.6 0.00262919189736 3.81560086852e-05
10.7 0.0028104430046 3.45433075307e-05
10.8 0.00300421319414 3.12681168648e-05
10.9 0.00321135222266 2.83006139661e-05
11 0.00343275428968 2.56164232408e-05
11.1 0.00366939320682 2.31916310199e-05
11.2 0.00392237768679 2.09949484217e-05
11.3 0.00419282783637 1.90052183052e-05
11.4 0.00448192075777 1.72049513465e-05
11.5 0.00479089823107 1.55795983739e-05
11.6 0.00512118733085 1.4109762352e-05
11.7 0.00547428930955 1.27783729981e-05
11.8 0.00585175278934 1.15724177399e-05
11.9 0.0062552074193 1.04807685283e-05
12 0.00668642630085 9.49302366617e-06
12.1 0.00714743029794 8.59757255538e-06
12.2 0.00764026125007 7.78580324598e-06
12.3 0.00816706450529 7.05057121183e-06
12.4 0.00873010269174 6.38598313158e-06
12.5 0.00933197434698 5.7844322766e-06
12.6 0.00997541688218 5.239270315e-06
12.7 0.0106632526629 4.74553845713e-06
12.8 0.0113984517977 4.29911603897e-06
12.9 0.0121842428145 3.89597256533e-06
13 0.0130243089097 3.53084144277e-06
13.1 0.0139223720986 3.2000303207e-06
13.2 0.0148823423295 2.9004133701e-06
13.3 0.0159083422403 2.62932629807e-06
13.4 0.0170051034436 2.38376135405e-06
13.5 0.0181776174595 2.16107640771e-06
13.6 0.0194310280567 1.95921364277e-06
13.7 0.020770748403 1.77646158256e-06
13.8 0.0222026268653 1.61122148949e-06
13.9 0.023733297828 1.46151308688e-06
14 0.0253695568988 1.32585484968e-06
14.1 0.0271185624762 1.20298001026e-06
14.2 0.028988120845 1.09167895332e-06
14.3 0.0309867207949 9.90782114128e-07
14.4 0.0331231543027 8.99347363798e-07
14.5 0.0354067052961 8.16569416983e-07
14.6 0.0378477180202 7.41586945987e-07
14.7 0.040457181018 6.73623749056e-07
14.8 0.0432465392058 6.12052518955e-07
14.9 0.0462279539745 5.56322754476e-07
15 0.0494150587401 5.05821927174e-07
15.1 0.0528220612855 4.60040427083e-07
15.2 0.0564638585709 4.18550466105e-07
15.3 0.0603564102642 3.80965970915e-07
15.4 0.0645174157953 3.46888377462e-07
15.5 0.0689653183868 3.1598636907e-07
15.6 0.0737197557685 2.87966632902e-07
15.7 0.0788021546024 2.62549355241e-07
15.8 0.0842349848579 2.39497444643e-07
15.9 0.090042134544 2.18602049797e-07
16 0.0962498213601 1.99647762922e-07
16.1 0.10288554158 1.82452698888e-07
16.2 0.109978456175 1.6685770982e-07
16.3 0.117560566389 1.52705800272e-07
16.4 0.125665508577 1.39861733328e-07
16.5 0.134328882313 1.2820776049e-07
16.6 0.143589736253 1.17628401809e-07
16.7 0.153489212642 1.08023701323e-07
16.8 0.164070746845 9.9307602516e-08
16.9 0.175381757692 9.13955243748e-08
17 0.187472594737 8.42118243723e-08
17.1 0.200396896673 7.76895468172e-08
17.2 0.214212449921 7.17673301554e-08
17.3 0.228980223151 6.63918923648e-08
17.4 0.244766224845 6.15128419934e-08
17.5 0.261640577495 5.70853063157e-08
17.6 0.279677992447 5.30694599189e-08
17.7 0.29895923721 4.94278525358e-08
17.8 0.319569445975 4.61282426365e-08
17.9 0.341600682868 4.31406574409e-08
18 0.365150885407 4.04384535032e-08
18.1 0.390324258732 3.79982140215e-08
18.2 0.417233549832 3.57980785758e-08
18.3 0.445997602164 3.38194443458e-08
18.4 0.476744814145 3.20453495362e-08
18.5 0.509611975578 3.046093917e-08
18.6 0.544744285201 2.90536253748e-08
18.7 0.582298798299 2.78121845528e-08
18.8 0.622442131087 2.67273863655e-08
18.9 0.665353299479 2.57917326339e-08
19 0.711222403481 2.49995411025e-08
19.1 0.760254056633 2.43469360935e-08
19.2 0.812665579754 2.38318815658e-08
19.3 0.868690686309 2.3454592468e-08
19.4 0.928577681268 2.32173216048e-08
19.5 0.992593856572 2.31254445348e-08
19.6 1.06102284019 2.31868107164e-08
19.7 1.13416909026 2.34135733166e-08
19.8 1.21235795305 2.38221743425e-08
19.9 1.29593661755 2.44344235746e-08
20 1.38527681167 2.52804209189e-08
