"Time" "Prey" "Predator"
0 9.5019024685 1.09192126622
0.1 8.11376078294 2.41054026873
0.2 5.54443813427 4.34675105388
0.3 2.95016882128 5.97863950214
0.4 1.34495025473 6.64636689018
0.5 0.591568042367 6.59123455961
0.6 0.268775259957 6.21202279175
0.7 0.129546015535 5.72854532169
0.8 0.066693534231 5.23243348624
0.9 0.0366379006596 4.75819099907
1 0.0213940144703 4.31754653712
1.1 0.0132166965838 3.91328627935
1.2 0.00859644759885 3.54467771592
1.3 0.00585985444984 3.20963949822
1.4 0.00416810314053 2.9056395802
1.5 0.00308145100287 2.63007447208
1.6 0.00235930036762 2.38043154315
1.7 0.00186457000166 2.15435515077
1.8 0.0015164083398 1.94966879849
1.9 0.00126571772764 1.7643775169
2 0.00108159870782 1.59666144344
2.1 0.000944230793267 1.44486485392
2.2 0.000840332134525 1.30748413614
2.3 0.00076099500999 1.18315514081
2.4 0.000700095178148 1.07064117731
2.5 0.000653317212356 0.968821705918
2.6 0.000617582885638 0.876681807827
2.7 0.000590666885863 0.793302414262
2.8 0.000570932736224 0.71785141285
2.9 0.000557193722981 0.649575755971
3 0.000548502625128 0.58779310772
3.1 0.000544194008073 0.531886509342
3.2 0.000543752958219 0.481297063153
3.3 0.000546814071162 0.435519555362
3.4 0.000553088793114 0.394096114156
3.5 0.000562385549728 0.356612987867
3.6 0.000574561461785 0.322695168254
3.7 0.000589533628411 0.292003795541
3.8 0.000607254623519 0.264231825249
3.9 0.00062771654851 0.239101681064
4 0.000650939460354 0.216362004806
4.1 0.000676971779619 0.195785438669
4.2 0.000705883982525 0.177166026621
4.3 0.000737771249425 0.160317758195
4.4 0.000772751417952 0.14507243619
4.5 0.00081095687891 0.131277325281
4.6 0.000852543420967 0.118794559513
4.7 0.000897683120096 0.107499174042
4.8 0.000946568551527 0.0972782417834
4.9 0.00099941131555 0.0880295178726
5 0.00105644322039 0.079660590087
5.1 0.00111791616581 0.0720877262233
5.2 0.00118410339782 0.0652351824122
5.3 0.00125530028803 0.0590344167015
5.4 0.00133182551289 0.0534234468722
5.5 0.00141402217403 0.0483461292208
5.6 0.00150225930473 0.0437517251728
5.7 0.00159693332238 0.039594337747
5.8 0.00169846954737 0.0358323374527
5.9 0.001807324161 0.0324281297465
6 0.00192398614 0.0293476517619
6.1 0.00204897932864 0.0265601138928
6.2 0.00218286473364 0.024037668485
6.3 0.0023262430034 0.0217550716268
6.4 0.00247975696472 0.0196895336325
6.5 0.00264409459073 0.0178203917153
6.6 0.00281999189371 0.0161289603316
6.7 0.00300823622766 0.0145983396323
6.8 0.00320966988948 0.0132132205666
6.9 0.00342519357924 0.0119597789117
7 0.0036557707913 0.0108254861003
7.1 0.00390243162671 0.00979900355061
7.2 0.00416627777913 0.00887007727759
7.3 0.00444848742036 0.00802941407393
7.4 0.00475031956701 0.00726864311511
7.5 0.00507312107962 0.00658018357117
7.6 0.00541833247611 0.00595714700098
7.7 0.00578749132148 0.00539329026914
7.8 0.00618224369889 0.00488299117216
7.9 0.00660435031883 0.00442117410329
8 0.00705568925388 0.00400318808409
8.1 0.00753827229238 0.00362487551133
8.2 0.00805425045823 0.00328248962273
8.3 0.00860591816312 0.00297259034884
8.4 0.00919573388032 0.00269210362383
8.5 0.0098263247754 0.0024382445445
8.6 0.0105004936314 0.00220845643219
8.7 0.0112212444538 0.00200046527268
8.8 0.0119917857986 0.00181220540389
8.9 0.0128155418848 0.0016417837833
9 0.0136961867707 0.00148752803501
9.1 0.0146376397147 0.00134790514768
9.2 0.0156440783751 0.0012214974801
9.3 0.0167199764692 0.0011070355386
9.4 0.0178701370304 0.00100341841682
9.5 0.0190996703104 0.000909610893041
9.6 0.0204140293482 0.000824664066602
9.7 0.021819077559 0.000747753005172
9.8 0.023321069579 0.000678121988979
9.9 0.0249266704019 0.000615070470244
10 0.026643014092 0.000557967951257
10.1 0.0284777604365 0.000506264612761
10.2 0.0304390598828 0.000459443454945
10.3 0.0325356082094 0.000417028388203
10.4 0.0347767547746 0.000378609603935
10.5 0.0371724758334 0.000343812884597
10.6 0.0397334010328 0.00031229097243
10.7 0.0424709045859 0.000283730780408
10.8 0.0453972032935 0.000257858843274
10.9 0.0485252964589 0.000234419304602
11 0.051869051712 0.000213176787801
11.1 0.0554433773397 0.000193926866916
11.2 0.0592641856194 0.000176482938936
11.3 0.0633484284028 0.000160671231888
11.4 0.0677142343034 0.000146334542455
11.5 0.0723810922564 0.000133338241594
11.6 0.0773697375269 0.000121555696396
11.7 0.082702282353 0.000110870413052
11.8 0.0884024836103 0.000101180155144
11.9 0.094495733582 9.23926207466e-05
12 0.101009073714 8.44218078528e-05
12.1 0.107971396692 7.71893367232e-05
12.2 0.115413780811 7.06279806704e-05
12.3 0.123369306429 6.46747557293e-05
12.4 0.131873240315 5.92714109205e-05
12.5 0.140963431963 5.43667389307e-05
12.6 0.150680400417 4.99153096185e-05
12.7 0.161067279411 4.58746200679e-05
12.8 0.172170123492 4.22058385674e-05
12.9 0.184038481592 3.88753805313e-05
13 0.19672513226 3.585210671e-05
13.1 0.210286329463 3.31071875549e-05
13.2 0.224782366684 3.06150116685e-05
13.3 0.240277901896 2.83531999468e-05
13.4 0.256841736529 2.63007224516e-05
13.5 0.274547292844 2.44383225498e-05
13.6 0.293473550881 2.27494623917e-05
13.7 0.313704720809 2.12189842242e-05
13.8 0.335330535999 1.98328928449e-05
13.9 0.358447049593 1.8578688826e-05
14 0.383157421723 1.74456194558e-05
14.1 0.40957140004 1.64236613192e-05
14.2 0.43780605523 1.55037003316e-05
14.3 0.467987255195 1.46780650527e-05
14.4 0.500249365534 1.39399486289e-05
14.5 0.534735521463 1.32831880874e-05
14.6 0.571598774941 1.27024671316e-05
14.7 0.611003668909 1.21936330207e-05
14.8 0.653125277779 1.17530525378e-05
14.9 0.698150293769 1.13777414038e-05
15 0.746279271999 1.10658310837e-05
15.1 0.797726611111 1.08163188312e-05
15.2 0.852720622591 1.06288457171e-05
15.3 0.911505121 1.05039788526e-05
15.4 0.974342129307 1.04439259392e-05
15.5 1.0415110658 1.04519537555e-05
15.6 1.11331042629 1.05328507554e-05
15.7 1.1900598195 1.06937748078e-05
15.8 1.27210014317 1.09437078415e-05
15.9 1.35979573392 1.12946904828e-05
16 1.45353712937 1.17638150871e-05
16.1 1.55374066804 1.23717079723e-05
16.2 1.66085150974 1.3146266492e-05
16.3 1.77534652508 1.412678168e-05
16.4 1.89773411551 1.53605108301e-05
16.5 2.02855811692 1.69147192362e-05
16.6 2.16840074735 1.88852351187e-05
16.7 2.31788271581 2.13882664316e-05
16.8 2.47766827923 2.46034460584e-05
16.9 2.64846810298 2.87896165703e-05
17 2.83103986885 3.42666171871e-05
17.1 3.02619449963 4.15859408382e-05
17.2 3.23479880819 5.15484889796e-05
17.3 3.45777689252 6.51737676134e-05
17.4 3.69611693059 8.44754337121e-05
17.5 3.95087366416 0.000112379476154
17.6 4.2231707128 0.000152687566982
17.7 4.51420363863 0.00021369611605
17.8 4.82524327176 0.000308395623941
17.9 5.15763150758 0.000459592455355
18 5.51277248737 0.000708927182189
18.1 5.89210877888 0.00113476810961
18.2 6.29706562859 0.00188942332495
18.3 6.72892516552 0.00327915218052
18.4 7.18852920082 0.00594978367071
18.5 7.67558402259 0.0113189555245
18.6 8.18696126043 0.0226355906544
18.7 8.71239060997 0.0476802012872
18.8 9.22327400078 0.105812230407
18.9 9.64370021129 0.246247272441
19 9.78198704599 0.590685144863
19.1 9.22485608323 1.39381592725
19.2 7.45162835764 2.9361699958
19.3 4.72130984517 4.89745877232
19.4 2.3715224446 6.26664717842
19.5 1.05979227574 6.67815340203
19.6 0.468718719549 6.49574080816
19.7 0.216462357323 6.07174032034
19.8 0.106389685896 5.57926927606
19.9 0.0558593647876 5.08786579096
20 0.0312638532053 4.62314236786
