"Time" "Prey" "Predator"
0 14.4978418579 36.9901922694
0.1 0.0448944212624 43.5788063663
0.2 0.000189710537423 39.4629706631
0.3 1.32926961126e-06 35.7077012928
0.4 -1.29159766118e-07 32.3096773282
0.5 -9.53467226345e-08 29.2350099641
0.6 -9.53467226345e-08 26.4529357906
0.7 -9.53467226345e-08 23.9356061635
0.8 -9.53467226345e-08 21.6578157266
0.9 -9.53467226345e-08 19.5967989123
1 -9.53467226345e-08 17.7319137367
1.1 -9.53467226345e-08 16.0444949561
1.2 -9.53467226345e-08 14.517649622
1.3 -9.53467226345e-08 13.1361221245
1.4 -9.53467226345e-08 11.8860713985
1.5 -9.53467226345e-08 10.7549538947
1.6 -9.53467226345e-08 9.73148750281
1.7 -9.53467226345e-08 8.80541494232
1.8 -9.53467226345e-08 7.96746896753
1.9 -9.53467226345e-08 7.20926422152
2 -9.53467226345e-08 6.52321253431
2.1 -9.53467226345e-08 5.9024470839
2.2 -9.53467226345e-08 5.34075590005
2.3 -9.53467226345e-08 4.83251661879
2.4 -9.53467226345e-08 4.37264286846
2.5 -9.53467226345e-08 3.95653129338
2.6 -9.53467226345e-08 3.58001812694
2.7 -9.53467226345e-08 3.23933509424
2.8 -9.53467226345e-08 2.93107190166
2.9 -9.53467226345e-08 2.65214403996
3 -9.53467226345e-08 2.3997596108
3.1 -9.53467226345e-08 2.17139245921
3.2 -9.53467226345e-08 1.96475736575
3.3 -9.53467226345e-08 1.77778544156
3.4 -9.53467226345e-08 1.60860581812
3.5 -9.53467226345e-08 1.45552658149
3.6 -9.53467226345e-08 1.31701484166
3.7 -9.53467226345e-08 1.19168435157
3.8 -9.53467226345e-08 1.07828058846
3.9 -9.53467226345e-08 0.97566850795
4 -9.53467226345e-08 0.882821368209
4.1 -9.53467226345e-08 0.798809806696
4.2 -9.53467226345e-08 0.722792986016
4.3 -9.53467226345e-08 0.654010086427
4.4 -9.53467226345e-08 0.591772574828
4.5 -9.53467226345e-08 0.535457494799
4.6 -9.53467226345e-08 0.484501918325
4.7 -9.53467226345e-08 0.43839533023
4.8 -9.53467226345e-08 0.396676444214
4.9 -9.53467226345e-08 0.358927721351
5 -9.53467226345e-08 0.324771100413
5.1 -9.53467226345e-08 0.293865067499
5.2 -9.53467226345e-08 0.265899992827
5.3 -9.53467226345e-08 0.240596196247
5.4 -9.53467226345e-08 0.217700466685
5.5 -9.53467226345e-08 0.196983479821
5.6 -9.53467226345e-08 0.178238056095
5.7 -9.53467226345e-08 0.161276405982
5.8 -9.53467226345e-08 0.145928890708
5.9 -9.53467226345e-08 0.132041913437
6 -9.53467226345e-08 0.119476406979
6.1 -9.53467226345e-08 0.1081067432
6.2 -9.53467226345e-08 0.0978190051897
6.3 -9.53467226345e-08 0.0885102867963
6.4 -9.53467226345e-08 0.080087415223
6.5 -9.53467226345e-08 0.0724660499628
6.6 -9.53467226345e-08 0.0655700022634
6.7 -9.53467226345e-08 0.0593301756693
6.8 -9.53467226345e-08 0.0536841572031
6.9 -9.53467226345e-08 0.0485754358845
7 -9.53467226345e-08 0.0439528530405
7.1 -9.53467226345e-08 0.0397701912961
7.2 -9.53467226345e-08 0.035985544099
7.3 -9.53467226345e-08 0.0325610606505
7.4 -9.53467226345e-08 0.0294624671417
7.5 -9.53467226345e-08 0.0266587324524
7.6 -9.53467226345e-08 0.0241218227254
7.7 -9.53467226345e-08 0.0218263207209
7.8 -9.53467226345e-08 0.0197492680875
7.9 -9.53467226345e-08 0.0178698764696
8 -9.53467226345e-08 0.0161693254385
8.1 -9.53467226345e-08 0.0146306131619
8.2 -9.53467226345e-08 0.0132383227496
8.3 -9.53467226345e-08 0.0119785243249
8.4 -9.53467226345e-08 0.0108386202292
8.5 -9.53467226345e-08 0.00980718446241
8.6 -9.53467226345e-08 0.00887390509245
8.7 -9.53467226345e-08 0.00802942157224
8.8 -9.53467226345e-08 0.00726530010015
8.9 -9.53467226345e-08 0.0065739240596
9 -9.53467226345e-08 0.00594835786926
9.1 -9.53467226345e-08 0.00538232438775
9.2 -9.53467226345e-08 0.00487014390704
9.3 -9.53467226345e-08 0.00440672207725
9.4 -9.53467226345e-08 0.00398739097051
9.5 -9.53467226345e-08 0.00360793503664
9.6 -9.53467226345e-08 0.00326460135984
9.7 -9.53467226345e-08 0.0029539358499
9.8 -9.53467226345e-08 0.00267282549302
9.9 -9.53467226345e-08 0.00241848186361
10 -9.53467226345e-08 0.00218833701989
10.1 -9.53467226345e-08 0.001980086373
10.2 -9.53467226345e-08 0.00179166332159
10.3 -9.53467226345e-08 0.00162116455642
10.4 -9.53467226345e-08 0.0014668948369
10.5 -9.53467226345e-08 0.00132732371866
10.6 -9.53467226345e-08 0.00120103297519
10.7 -9.53467226345e-08 0.00108673097854
10.8 -9.53467226345e-08 0.000983310489892
10.9 -9.53467226345e-08 0.000889737223952
11 -9.53467226345e-08 0.000805058126681
11.1 -9.53467226345e-08 0.000728433643994
11.2 -9.53467226345e-08 0.00065911061999
11.3 -9.53467226345e-08 0.000596387765322
11.4 -9.53467226345e-08 0.000539626212654
11.5 -9.53467226345e-08 0.000488273310456
11.6 -9.53467226345e-08 0.000441812726214
11.7 -9.53467226345e-08 0.000399766813221
11.8 -9.53467226345e-08 0.000361718021758
11.9 -9.53467226345e-08 0.000327293639738
12 -9.53467226345e-08 0.000296145840603
12.1 -9.53467226345e-08 0.000267951873231
12.2 -9.53467226345e-08 0.000242455447799
12.3 -9.53467226345e-08 0.000219383838431
12.4 -9.53467226345e-08 0.000198505475112
12.5 -9.53467226345e-08 0.00017961666749
12.6 -9.53467226345e-08 0.000162530767426
12.7 -9.53467226345e-08 0.000147071172338
12.8 -9.53467226345e-08 0.000133076748084
12.9 -9.53467226345e-08 0.000120402941126
13 -9.53467226345e-08 0.000108924735661
13.1 -9.53467226345e-08 9.85313144948e-05
13.2 -9.53467226345e-08 8.9127748244e-05
13.3 -9.53467226345e-08 8.06346874882e-05
13.4 -9.53467226345e-08 7.2957389424e-05
13.5 -9.53467226345e-08 6.60081852408e-05
13.6 -9.53467226345e-08 5.97209850683e-05
13.7 -9.53467226345e-08 5.40400356575e-05
13.8 -9.53467226345e-08 4.89131057015e-05
13.9 -9.53467226345e-08 4.4273366281e-05
14 -9.53467226345e-08 4.00721058858e-05
14.1 -9.53467226345e-08 3.62683799812e-05
14.2 -9.53467226345e-08 3.27586934018e-05
14.3 -9.53467226345e-08 2.96875904254e-05
14.4 -9.53467226345e-08 2.68814225278e-05
14.5 -9.53467226345e-08 2.43274780158e-05
14.6 -9.53467226345e-08 2.2013045196e-05
14.7 -9.53467226345e-08 1.99225758226e-05
14.8 -9.53467226345e-08 1.80320250041e-05
14.9 -9.53467226345e-08 1.63236894606e-05
15 -9.53467226345e-08 1.47805156337e-05
15.1 -9.53467226345e-08 1.33854499648e-05
15.2 -9.53467226345e-08 1.21215815511e-05
15.3 -9.53467226345e-08 1.09795408118e-05
15.4 -9.53467226345e-08 9.94940270436e-06
15.5 -9.53467226345e-08 9.01793542987e-06
15.6 -9.53467226345e-08 8.17190718936e-06
15.7 -9.53467226345e-08 7.39808618388e-06
15.8 -9.53467226345e-08 6.68756971986e-06
15.9 -9.53467226345e-08 6.04442256087e-06
16 -9.53467226345e-08 5.46303099483e-06
16.1 -9.53467226345e-08 4.93678971432e-06
16.2 -9.53467226345e-08 4.45909341192e-06
16.3 -9.53467226345e-08 3.92653396134e-06
16.4 -9.53467226345e-08 3.57681340264e-06
16.5 -9.53467226345e-08 3.25011179973e-06
16.6 -9.53467226345e-08 2.94642915261e-06
16.7 -9.53467226345e-08 2.66576546129e-06
16.8 -9.53467226345e-08 2.40812072577e-06
16.9 -9.53467226345e-08 2.17274256688e-06
17 -9.53467226345e-08 1.95715585042e-06
17.1 -9.53467226345e-08 1.76116646326e-06
17.2 -9.53467226345e-08 1.58477440543e-06
17.3 -9.53467226345e-08 1.42797967691e-06
17.4 -9.53467226345e-08 1.29078227771e-06
17.5 -9.53467226345e-08 1.16930293303e-06
17.6 -9.53467226345e-08 1.0581515976e-06
17.7 -9.53467226345e-08 9.57293186737e-07
17.8 -9.53467226345e-08 8.66727700454e-07
17.9 -9.53467226345e-08 7.86455138749e-07
18 -9.53467226345e-08 7.16402665123e-07
18.1 -9.53467226345e-08 6.53087020086e-07
18.2 -9.53467226345e-08 5.94592101495e-07
18.3 -9.53467226345e-08 5.40917909349e-07
18.4 -9.53467226345e-08 4.92064443647e-07
18.5 -9.53467226345e-08 4.4803170439e-07
18.6 -9.53467226345e-08 4.0863955681e-07
18.7 -9.53467226345e-08 3.72321007443e-07
18.8 -9.53467226345e-08 3.38712637607e-07
18.9 -9.53467226345e-08 3.078144473e-07
19 -9.53467226345e-08 2.79626436524e-07
19.1 -9.53467226345e-08 2.54148605277e-07
19.2 -9.53467226345e-08 2.31159543677e-07
19.3 -9.53467226345e-08 2.09930870057e-07
19.4 -9.53467226345e-08 1.90405460881e-07
19.5 -9.53467226345e-08 1.72583316148e-07
19.6 -9.53467226345e-08 1.5646443586e-07
19.7 -9.53467226345e-08 1.42048820015e-07
19.8 -9.53467226345e-08 1.29048866126e-07
19.9 -9.53467226345e-08 1.17064965887e-07
20 -9.53467226345e-08 1.06094518182e-07
