"Time" "Prey" "Predator"
0 0.791960404647 5.52642203122
0.1 0.410485369043 5.29859811962
0.2 0.221505666871 4.94291955229
0.3 0.125740632281 4.54848986956
0.4 0.0752431775885 4.15614040623
0.5 0.0473878286098 3.78326218876
0.6 0.0313123775806 3.4364931544
0.7 0.0216292506517 3.11758795149
0.8 0.0155609151522 2.82609688513
0.9 0.0116184039163 2.56060101569
1 0.00897260588716 2.31929479183
1.1 0.00714517739758 2.10026527599
1.2 0.00585048700978 1.90162706038
1.3 0.00491277453827 1.7215853838
1.4 0.00422067114747 1.55846385781
1.5 0.00370196407021 1.41071346115
1.6 0.00330849794929 1.27691271231
1.7 0.00300750509879 1.15576257975
1.8 0.00277626499208 1.04607917127
1.9 0.0025987307874 0.946785621955
2 0.00246339802776 0.856903652742
2.1 0.00236183806522 0.775545429804
2.2 0.0022879895457 0.701905567912
2.3 0.00223723852971 0.635254046484
2.4 0.00220623898949 0.574929249089
2.5 0.0021923834582 0.520331843244
2.6 0.00219377018434 0.47091892299
2.7 0.00220897293419 0.426198821278
2.8 0.00223693797094 0.385726323576
2.9 0.0022769254005 0.349098350442
3 0.00232842485587 0.315949959153
3.1 0.00239112634403 0.285950780314
3.2 0.00246487907266 0.258801744004
3.3 0.00254965942523 0.234232066773
3.4 0.00264559684318 0.21199688165
3.5 0.00275291057768 0.191874431466
3.6 0.0028718937057 0.173663860683
3.7 0.00300296226072 0.157183714407
3.8 0.0031465859135 0.142269403366
3.9 0.00330332368956 0.128772138879
4 0.0034738174963 0.116557345994
4.1 0.00365877532773 0.105502992396
4.2 0.00385899182865 0.0954989247307
4.3 0.00407533542772 0.0864452753375
4.4 0.00430875450742 0.0782516709006
4.5 0.00456028288791 0.0708364555364
4.6 0.00483103783221 0.0641255501771
4.7 0.00512222835422 0.0580520578756
4.8 0.00543515782793 0.0525554020079
4.9 0.00577122880808 0.0475807082571
5 0.00613194993649 0.0430784342164
5.1 0.00651894081521 0.0390036376518
5.2 0.00693393939174 0.0353156878013
5.3 0.00737880937995 0.0319778272576
5.4 0.0078555482035 0.0289567576287
5.5 0.00836629550487 0.0262224094863
5.6 0.00891334268378 0.023747513368
5.7 0.00949914259892 0.0215074162731
5.8 0.0101263204872 0.0194798180004
5.9 0.0107976857555 0.0176445061498
6 0.0115162436965 0.0159832262936
6.1 0.0122852096985 0.0144794316928
6.2 0.0131080227099 0.0131181637883
6.3 0.0139883606495 0.0118858938306
6.4 0.0149301572663 0.0107703543388
6.5 0.0159376182869 0.00976046598623
6.6 0.0170152421276 0.00884619310351
6.7 0.0181678375758 0.00801845142219
6.8 0.0194005471003 0.00726902578975
6.9 0.020718869927 0.00659046627785
7 0.0221286821238 0.00597606749055
7.1 0.0236362676914 0.00541976333669
7.2 0.0252483508889 0.00491602694934
7.3 0.0269721076752 0.00445985623874
7.4 0.0288152121135 0.00404672772398
7.5 0.0307858858391 0.00367258689774
7.6 0.0328928944506 0.00333371217165
7.7 0.0351456109813 0.00302673734955
7.8 0.0375540821998 0.00274867979603
7.9 0.0401290172022 0.00249678890512
8 0.0428818655097 0.00226857324516
8.1 0.0458249002463 0.00206181794392
8.2 0.0489712035646 0.00187447927834
8.3 0.05233476038 0.00170470432737
8.4 0.0559305630368 0.0015508544984
8.5 0.0597745922035 0.0014114156396
8.6 0.0638839369961 0.00128501775544
8.7 0.0682769278908 0.00117045238564
8.8 0.072973083752 0.00106659491578
8.9 0.077993218781 0.000972407416528
9 0.0833597060264 0.000886989335597
9.1 0.0890964579231 0.000809530410816
9.2 0.0952289375991 0.000739274180606
9.3 0.101784349554 0.00067553184246
9.4 0.108791961102 0.000617709229548
9.5 0.116282925597 0.000565251838147
9.6 0.124290453636 0.000517647044358
9.7 0.132850176517 0.000474441637093
9.8 0.142000259503 0.000435233810347
9.9 0.151781322617 0.000399646200407
10 0.16223672355 0.000367332481178
10.1 0.173413116451 0.000337997184854
10.2 0.185360215688 0.000311366934086
10.3 0.198131001246 0.000287188665536
10.4 0.211782208794 0.000265235520514
10.5 0.226374752306 0.00024530942858
10.6 0.241973431502 0.000227224670311
10.7 0.258647372241 0.000210810559527
10.8 0.27647091064 0.000195919917483
10.9 0.295523385981 0.000182418847688
11 0.315889314694 0.000170183034593
11.1 0.337659064682 0.000159100431312
11.2 0.360929805605 0.000149075809637
11.3 0.385804918537 0.000140020257783
11.4 0.412394635537 0.000131852616383
11.5 0.440817356084 0.000124503095841
11.6 0.471199702175 0.000117910403589
11.7 0.503676490016 0.000112018449264
11.8 0.538391703157 0.000106777676139
11.9 0.575500261506 0.000102148774348
12 0.615167110144 9.80969974213e-05
12.1 0.657568063133 9.45926315402e-05
12.2 0.702891633969 9.16138232825e-05
12.3 0.75133989817 8.91468190833e-05
12.4 0.8031278816 8.71823932822e-05
12.5 0.858485000539 8.5717619634e-05
12.6 0.917657747959 8.47612391493e-05
12.7 0.980909304932 8.43304424739e-05
12.8 1.04852056782 8.44519577685e-05
12.9 1.1207923284 8.51687524801e-05
13 1.19804558112 8.65370463671e-05
13.1 1.28062298915 8.86304451335e-05
13.2 1.3688919876 9.1556837954e-05
13.3 1.463244506 9.54489846358e-05
13.4 1.56409900538 0.000100477653094
13.5 1.67190399458 0.000106891377153
13.6 1.78713777218 0.000114992143904
13.7 1.91031108927 0.000125178254523
13.8 2.04197107826 0.000138047934992
13.9 2.18270099051 0.000154327818247
14 2.33312356051 0.000175026400913
14.1 2.49390520439 0.000201728410321
14.2 2.66575592943 0.000236366905574
14.3 2.84943298421 0.000281841078312
14.4 3.04574443655 0.000342933989461
14.5 3.25555018207 0.000425516406479
14.6 3.47976353444 0.00053865129157
14.7 3.71935074434 0.000698631892902
14.8 3.97533217972 0.000928602452955
14.9 4.24877238582 0.00126745828254
15 4.54076739582 0.00177963005084
15.1 4.85241382466 0.00257551642041
15.2 5.18474854189 0.00384930204928
15.3 5.53862629434 0.00595333464449
15.4 5.9144681864 0.00954934965857
15.5 6.31174204459 0.0159209007333
15.6 6.72784488794 0.0276474923913
15.7 7.15566628364 0.0500826989334
15.8 7.57812664752 0.0946836962424
15.9 7.95606899936 0.186399643015
16 8.20291224554 0.378983764492
16.1 8.14236672833 0.779276295712
16.2 7.48930890426 1.55028272254
16.3 6.02661199022 2.77554528943
16.4 4.05094515696 4.16193921872
16.5 2.31162160335 5.15242517107
16.6 1.20469642608 5.52911005804
16.7 0.616686080432 5.46177209714
16.8 0.323962546136 5.17117544937
16.9 0.178121045936 4.79407138846
17 0.103167798315 4.39753876893
17.1 0.0629682256374 4.01144855996
17.2 0.0404045819908 3.64814023039
17.3 0.0271643977043 3.31195922299
17.4 0.0190646936558 3.00362455995
17.5 0.0139164383691 2.72222683601
17.6 0.0105287012752 2.46615740642
17.7 0.00822929381486 2.23354952022
17.8 0.00662503279688 2.0224914337
17.9 0.00547843693296 1.83112809229
18 0.0046417159816 1.65770830953
18.1 0.00402026673985 1.5006041092
18.2 0.00355219162474 1.35831549979
18.3 0.00319582935048 1.22946847974
18.4 0.00292263446979 1.11280880965
18.5 0.00271266770965 1.00719434205
18.6 0.00255176278322 0.911586719886
18.7 0.00242968603283 0.825043023182
18.8 0.00233894295502 0.746707696355
18.9 0.00227411695349 0.675804803335
19 0.00223107756171 0.611631132368
19.1 0.00220675547785 0.553549458349
19.2 0.0021988669221 0.500982535331
19.3 0.00220566804709 0.453407527763
19.4 0.00222589354947 0.410350955585
19.5 0.00225861388409 0.371384119433
19.6 0.00230317510515 0.33611886193
19.7 0.00235915184401 0.304203797312
19.8 0.00242629446729 0.27532081273
19.9 0.00250449806154 0.24918188829
20 0.00259380162714 0.225526403827
