"Time" "Prey" "Predator"
0 7.10856383992 25.7765027871
0.1 0.173601120505 28.2391346953
0.2 0.00509334312933 25.671224907
0.3 0.000209519026027 23.2317579737
0.4 1.1840001045e-05 21.0211051841
0.5 8.525907431e-07 19.0206909702
0.6 7.94978820982e-08 17.2106341629
0.7 1.31122487166e-09 15.5728329415
0.8 1.98964329597e-09 14.0908884094
0.9 -1.33576606885e-08 12.7499596424
1 -1.5399457985e-08 11.5366307569
1.1 -1.56416965946e-08 10.4387736077
1.2 -1.56416965946e-08 9.445391138
1.3 -1.56416965946e-08 8.54654109999
1.4 -1.56416965946e-08 7.73322573887
1.5 -1.56416965946e-08 6.99731863587
1.6 -1.56416965946e-08 6.3314415674
1.7 -1.56416965946e-08 5.72892179146
1.8 -1.56416965946e-08 5.18374434293
1.9 -1.56416965946e-08 4.6904461552
2 -1.56416965946e-08 4.24409122108
2.1 -1.56416965946e-08 3.84021267137
2.2 -1.56416965946e-08 3.47476836259
2.3 -1.56416965946e-08 3.14410059719
2.4 -1.56416965946e-08 2.84490052848
2.5 -1.56416965946e-08 2.57417289095
2.6 -1.56416965946e-08 2.32920855579
2.7 -1.56416965946e-08 2.10755530198
2.8 -1.56416965946e-08 1.90699522479
2.9 -1.56416965946e-08 1.72552107196
3 -1.56416965946e-08 1.5613162016
3.1 -1.56416965946e-08 1.41273764639
3.2 -1.56416965946e-08 1.27829811409
3.3 -1.56416965946e-08 1.15665208751
3.4 -1.56416965946e-08 1.04658224207
3.5 -1.56416965946e-08 0.94698654521
3.6 -1.56416965946e-08 0.856868154916
3.7 -1.56416965946e-08 0.775326279655
3.8 -1.56416965946e-08 0.701544126472
3.9 -1.56416965946e-08 0.634783438944
4 -1.56416965946e-08 0.574375808459
4.1 -1.56416965946e-08 0.519716674635
4.2 -1.56416965946e-08 0.470259058269
4.3 -1.56416965946e-08 0.425507998254
4.4 -1.56416965946e-08 0.385015561602
4.5 -1.56416965946e-08 0.348376449764
4.6 -1.56416965946e-08 0.315224000094
4.7 -1.56416965946e-08 0.285226245248
4.8 -1.56416965946e-08 0.258083230778
4.9 -1.56416965946e-08 0.233523345086
5 -1.56416965946e-08 0.211300583055
5.1 -1.56416965946e-08 0.191192715278
5.2 -1.56416965946e-08 0.17299828248
5.3 -1.56416965946e-08 0.156535287845
5.4 -1.56416965946e-08 0.141638971634
5.5 -1.56416965946e-08 0.128160161003
5.6 -1.56416965946e-08 0.115964128073
5.7 -1.56416965946e-08 0.104928672794
5.8 -1.56416965946e-08 0.0949433871247
5.9 -1.56416965946e-08 0.0859083292246
6 -1.56416965946e-08 0.0777330266559
6.1 -1.56416965946e-08 0.0703357561272
6.2 -1.56416965946e-08 0.0636424025797
6.3 -1.56416965946e-08 0.0575860169093
6.4 -1.56416965946e-08 0.0521059889396
6.5 -1.56416965946e-08 0.0471474332021
6.6 -1.56416965946e-08 0.0426607677044
6.7 -1.56416965946e-08 0.038601043469
6.8 -1.56416965946e-08 0.0349276586728
6.9 -1.56416965946e-08 0.0316038537712
7 -1.56416965946e-08 0.0285963386471
7.1 -1.56416965946e-08 0.0258750421155
7.2 -1.56416965946e-08 0.0234127004293
7.3 -1.56416965946e-08 0.0211846834814
7.4 -1.56416965946e-08 0.0191686936858
7.5 -1.56416965946e-08 0.0173445420785
7.6 -1.56416965946e-08 0.0156939929668
7.7 -1.56416965946e-08 0.0142005090885
7.8 -1.56416965946e-08 0.0128491458788
7.9 -1.56416965946e-08 0.0116263921595
8 -1.56416965946e-08 0.0105199896191
8.1 -1.56416965946e-08 0.00951887796156
8.2 -1.56416965946e-08 0.00861301686451
8.3 -1.56416965946e-08 0.00779335811291
8.4 -1.56416965946e-08 0.00705173084042
8.5 -1.56416965946e-08 0.00638069584405
8.6 -1.56416965946e-08 0.00577351985367
8.7 -1.56416965946e-08 0.0052241128488
8.8 -1.56416965946e-08 0.00472700741967
8.9 -1.56416965946e-08 0.00427719490552
9 -1.56416965946e-08 0.00387016135106
9.1 -1.56416965946e-08 0.00350187488341
9.2 -1.56416965946e-08 0.00316862801215
9.3 -1.56416965946e-08 0.00286708911186
9.4 -1.56416965946e-08 0.00259426041601
9.5 -1.56416965946e-08 0.00234738565802
9.6 -1.56416965946e-08 0.00212400138407
9.7 -1.56416965946e-08 0.00192188392082
9.8 -1.56416965946e-08 0.0017389914099
9.9 -1.56416965946e-08 0.00157351381326
10 -1.56416965946e-08 0.00142380124131
10.1 -1.56416965946e-08 0.00128832754673
10.2 -1.56416965946e-08 0.00116571632838
10.3 -1.56416965946e-08 0.00105478081749
10.4 -1.56416965946e-08 0.000954406306201
10.5 -1.56416965946e-08 0.00086356945407
10.6 -1.56416965946e-08 0.000781377341243
10.7 -1.56416965946e-08 0.000707016972889
10.8 -1.56416965946e-08 0.000639734029566
10.9 -1.56416965946e-08 0.000578847068974
11 -1.56416965946e-08 0.000523763275252
11.1 -1.56416965946e-08 0.000473925946531
11.2 -1.56416965946e-08 0.000428821955597
11.3 -1.56416965946e-08 0.00038800834646
11.4 -1.56416965946e-08 0.000351082352725
11.5 -1.56416965946e-08 0.000317669979089
11.6 -1.56416965946e-08 0.000287428430674
11.7 -1.56416965946e-08 0.000260078090113
11.8 -1.56416965946e-08 0.000235329428074
11.9 -1.56416965946e-08 0.00021293312813
12 -1.56416965946e-08 0.00019267272076
12.1 -1.56416965946e-08 0.000174345505704
12.2 -1.56416965946e-08 0.000157761681095
12.3 -1.56416965946e-08 0.000142748313559
12.4 -1.56416965946e-08 0.000129151279819
12.5 -1.56416965946e-08 0.000116837068292
12.6 -1.56416965946e-08 0.000105687535712
12.7 -1.56416965946e-08 9.56020446913e-05
12.8 -1.56416965946e-08 8.649509648e-05
12.9 -1.56416965946e-08 7.82592259679e-05
13 -1.56416965946e-08 7.0804686442e-05
13.1 -1.56416965946e-08 6.40612611247e-05
13.2 -1.56416965946e-08 5.79700046925e-05
13.3 -1.56416965946e-08 5.24713036468e-05
13.4 -1.56416965946e-08 4.74937975515e-05
13.5 -1.56416965946e-08 4.29866225916e-05
13.6 -1.56416965946e-08 3.89062669178e-05
13.7 -1.56416965946e-08 3.51511530096e-05
13.8 -1.56416965946e-08 3.18507089861e-05
13.9 -1.56416965946e-08 2.88368751402e-05
14 -1.56416965946e-08 2.60957895094e-05
14.1 -1.56416965946e-08 2.36135901312e-05
14.2 -1.56416965946e-08 2.13715237875e-05
14.3 -1.56416965946e-08 1.93438846862e-05
14.4 -1.56416965946e-08 1.75118865178e-05
14.5 -1.56416965946e-08 1.58569346248e-05
14.6 -1.56416965946e-08 1.436043435e-05
14.7 -1.56416965946e-08 1.3004426286e-05
14.8 -1.56416965946e-08 1.17801153019e-05
14.9 -1.56416965946e-08 1.06754609396e-05
15 -1.56416965946e-08 9.67603602665e-06
15.1 -1.56416965946e-08 8.76741339049e-06
15.2 -1.56416965946e-08 7.93516585863e-06
15.3 -1.56416965946e-08 7.1723332788e-06
15.4 -1.56416965946e-08 6.48256933964e-06
15.5 -1.56416965946e-08 5.85896440623e-06
15.6 -1.56416965946e-08 5.29431626644e-06
15.7 -1.56416965946e-08 4.78142270812e-06
15.8 -1.56416965946e-08 4.21729041489e-06
15.9 -1.56416965946e-08 3.84007345738e-06
16 -1.56416965946e-08 3.48795498712e-06
16.1 -1.56416965946e-08 3.1609350041e-06
16.2 -1.56416965946e-08 2.85901350834e-06
16.3 -1.56416965946e-08 2.58219049983e-06
16.4 -1.56416965946e-08 2.32919166953e-06
16.5 -1.56416965946e-08 2.0976169773e-06
16.6 -1.56416965946e-08 1.88741031022e-06
16.7 -1.56416965946e-08 1.69857166829e-06
16.8 -1.56416965946e-08 1.53110105152e-06
16.9 -1.56416965946e-08 1.38496873256e-06
17 -1.56416965946e-08 1.25438500263e-06
17.1 -1.56416965946e-08 1.1350242521e-06
17.2 -1.56416965946e-08 1.02688648097e-06
17.3 -1.56416965946e-08 9.29971689229e-07
17.4 -1.56416965946e-08 8.44279876886e-07
17.5 -1.56416965946e-08 7.69492909068e-07
17.6 -1.56416965946e-08 7.01315281448e-07
17.7 -1.56416965946e-08 6.38393961984e-07
17.8 -1.56416965946e-08 5.80728950675e-07
17.9 -1.56416965946e-08 5.28320247522e-07
18 -1.56416965946e-08 4.81167852525e-07
18.1 -1.56416965946e-08 4.38889280386e-07
18.2 -1.56416965946e-08 3.99772074311e-07
18.3 -1.56416965946e-08 3.63609918742e-07
18.4 -1.56416965946e-08 3.30402813681e-07
18.5 -1.56416965946e-08 3.00150759126e-07
18.6 -1.56416965946e-08 2.72853755079e-07
18.7 -1.56416965946e-08 2.4813676684e-07
18.8 -1.56416965946e-08 2.25293452143e-07
18.9 -1.56416965946e-08 2.04307296712e-07
19 -1.56416965946e-08 1.85178300549e-07
19.1 -1.56416965946e-08 1.67906463653e-07
19.2 -1.56416965946e-08 1.52489582089e-07
19.3 -1.56416965946e-08 1.38498416513e-07
19.4 -1.56416965946e-08 1.25612273449e-07
19.5 -1.56416965946e-08 1.13831152897e-07
19.6 -1.56416965946e-08 1.03155054857e-07
19.7 -1.56416965946e-08 9.3583979329e-08
19.8 -1.56416965946e-08 8.50919972413e-08
19.9 -1.56416965946e-08 7.73290104214e-08
20 -1.56416965946e-08 7.01847421685e-08
