"Time" "Prey" "Predator"
0 7.2287955631 5.39654769228
0.1 3.0889939967 8.06459463717
0.2 1.05118486298 8.82983296045
0.3 0.351268282989 8.51449294683
0.4 0.125737277626 7.87402233108
0.5 0.049262295526 7.18265303027
0.6 0.0211316379324 6.5206128432
0.7 0.00986904828905 5.908770066
0.8 0.00498316075625 5.3502768029
0.9 0.00270135034532 4.84292491946
1 0.00156198457921 4.38296643801
1.1 0.000957431877575 3.96635963057
1.2 0.000618751657635 3.58918784968
1.3 0.00041950631649 3.24779730762
1.4 0.000296984854412 2.93883242282
1.5 0.000218649790291 2.65923335659
1.6 0.000166815819151 2.40621974161
1.7 0.000131403636482 2.17726956076
1.8 0.00010651028631 1.97009770593
1.9 8.86526916986e-05 1.78263487963
2 7.55736368185e-05 1.61300745471
2.1 6.58242760371e-05 1.45951929878
2.2 5.84732649242e-05 1.32063537965
2.3 5.28880624329e-05 1.19496785628
2.4 4.8607967783e-05 1.08125808776
2.5 4.53014220974e-05 0.978367495863
2.6 4.27723752165e-05 0.885267403326
2.7 4.08651727615e-05 0.801026494092
2.8 3.9462111542e-05 0.72480182429
2.9 3.84765855499e-05 0.655830415688
3 3.78456096726e-05 0.593422267578
3.1 3.75226772087e-05 0.536953373633
3.2 3.74698488408e-05 0.485858029191
3.3 3.76550904079e-05 0.439623584152
3.4 3.80568964601e-05 0.397787780393
3.5 3.86748143557e-05 0.359934051307
3.6 3.94999121236e-05 0.325683699345
3.7 4.05151025671e-05 0.29469228147
3.8 4.17162223588e-05 0.26664940304
3.9 4.31078762678e-05 0.241275200964
4 4.46909647801e-05 0.21831571783
4.1 4.64669768821e-05 0.197541195703
4.2 4.84409222631e-05 0.178743663361
4.3 5.06192144894e-05 0.161734746771
4.4 5.30096429846e-05 0.146344266362
4.5 5.56216083195e-05 0.132418469504
4.6 5.84655413975e-05 0.119817905593
4.7 6.15531720339e-05 0.108416389903
4.8 6.4897661329e-05 0.0980998149634
4.9 6.85135004534e-05 0.0887649422787
5 7.24164927148e-05 0.0803183007851
5.1 7.66239322235e-05 0.0726755049913
5.2 8.11545135909e-05 0.0657600444206
5.3 8.60284308239e-05 0.0595026526917
5.4 9.12674912006e-05 0.0538407215123
5.5 9.68951857296e-05 0.0487175373672
5.6 0.000102936784765 0.0440818818494
5.7 0.000109419429072 0.03988734426
5.8 0.000116372249523 0.0360919454595
5.9 0.000123826492848 0.0326577458484
6 0.000131815646462 0.0295503311066
6.1 0.000140375585492 0.0267386142182
6.2 0.0001495447369 0.0241944416388
6.3 0.000159364241994 0.02189235752
6.4 0.000169878134866 0.0198093514625
6.5 0.000181133540663 0.017924550622
6.6 0.000193180873946 0.0162191092419
6.7 0.000206074074211 0.0146759509979
6.8 0.000219870834721 0.013279629385
6.9 0.000234632857997 0.0120161789856
7 0.000250426142535 0.0108729444304
7.1 0.000267321252151 0.00983849860556
7.2 0.00028539366104 0.00890248914164
7.3 0.000304724052736 0.00805554164765
7.4 0.00032539871031 0.0072891816481
7.5 0.000347509904887 0.00659572786196
7.6 0.000371156232141 0.00596826064646
7.7 0.000396443129557 0.00540052250239
7.8 0.000423483429429 0.00488681987686
7.9 0.000452397545214 0.00442199683718
8 0.000483314236864 0.00400138954743
8.1 0.000516371467606 0.00362082023927
8.2 0.000551716330615 0.00327645435004
8.3 0.000589506092402 0.00296482096701
8.4 0.000629909347167 0.00268284837018
8.5 0.000673105806913 0.00242770410191
8.6 0.000719287581647 0.00219682080057
8.7 0.000768660629317 0.00198791847097
8.8 0.000821444490686 0.00179889412445
8.9 0.000877873819595 0.00162783926924
9 0.000938200209027 0.00147306751387
9.1 0.00100269184817 0.00133302126392
9.2 0.00107163545151 0.00120628903594
9.3 0.0011453385947 0.00109162721562
9.4 0.00122412885781 0.000987880307085
9.5 0.0013083556145 0.000893983508424
9.6 0.00139839435283 0.000809012044424
9.7 0.00149464618508 0.000732129684247
9.8 0.00159753838426 0.00066255868053
9.9 0.00170752782714 0.000599594855039
10 0.00182510550183 0.000542626538435
10.1 0.00195079395588 0.000491081985288
10.2 0.00208515052669 0.00044443462396
10.3 0.0022287740129 0.000402224363115
10.4 0.00238230406131 0.000364033961217
10.5 0.0025464220582 0.000329474598526
10.6 0.00272185657698 0.000298194154016
10.7 0.00290939064317 0.000269890330936
10.8 0.00310985758235 0.000244279479863
10.9 0.00332415635947 0.000221091128839
11 0.00355321296668 0.000200124570918
11.1 0.00379807329464 0.000181147883218
11.2 0.00405981838213 0.000163974093698
11.3 0.00433961308774 0.000148431359
11.4 0.00463871797113 0.00013437063381
11.5 0.00495846206971 0.000121648098182
11.6 0.00530025307742 0.000110131727973
11.7 0.00566558201114 9.97018170297e-05
11.8 0.00605612168525 9.0253928775e-05
11.9 0.00647363447749 8.16961316686e-05
12 0.00691995225955 7.3948397667e-05
12.1 0.00739700327598 6.69434078651e-05
12.2 0.00790688602415 6.06163238566e-05
12.3 0.00845198781138 5.48883735694e-05
12.4 0.00903472231103 4.97031864739e-05
12.5 0.00965762600552 4.50134410973e-05
12.6 0.0103233744623 4.07792879774e-05
12.7 0.0110350419933 3.69504170852e-05
12.8 0.0117958647118 3.34824215724e-05
12.9 0.0126091800332 3.03409759634e-05
13 0.0134785000749 2.74967670141e-05
13.1 0.0144076439615 2.49225854678e-05
13.2 0.015400966331 2.25883031919e-05
13.3 0.0164628675637 2.04716389894e-05
13.4 0.0175979705867 1.85542722067e-05
13.5 0.0188111501651 1.6821262317e-05
13.6 0.0201080028087 1.52525766224e-05
13.7 0.0214944295588 1.38306125087e-05
13.8 0.0229765123232 1.25424270843e-05
13.9 0.0245606514682 1.13772564377e-05
14 0.0262537580084 1.03248276988e-05
14.1 0.0280636644155 9.37175104343e-06
14.2 0.029998410396 8.50779246752e-06
14.3 0.0320664722904 7.72388122593e-06
14.4 0.0342771339038 7.01234798455e-06
14.5 0.0366403561557 6.36676880671e-06
14.6 0.0391665167903 5.78165361845e-06
14.7 0.0418666371608 5.25233560963e-06
14.8 0.0447530283855 4.77285962178e-06
14.9 0.0478385481577 4.33841086248e-06
15 0.0511366854208 3.94503819184e-06
15.1 0.0546620225564 3.5889827823e-06
15.2 0.0584306406217 3.26625248849e-06
15.3 0.0624591639597 2.97362531577e-06
15.4 0.0667651388676 2.70826940106e-06
15.5 0.07136787665 2.46757312297e-06
15.6 0.076288038221 2.24922421862e-06
15.7 0.0815473042708 2.05126733498e-06
15.8 0.0871692249718 1.87175565745e-06
15.9 0.0931788777719 1.7089157017e-06
16 0.0996026534813 1.56125883371e-06
16.1 0.106469338007 1.42732642051e-06
16.2 0.113809585572 1.30579251305e-06
16.3 0.121655639997 1.19552282497e-06
16.4 0.130042675966 1.09544259438e-06
16.5 0.139008121937 1.00459102127e-06
16.6 0.148591366269 9.22145485476e-07
16.7 0.158835386789 8.47305249355e-07
16.8 0.169785878393 7.79352314745e-07
16.9 0.181490934253 7.17675456575e-07
17 0.194002854579 6.61686952476e-07
17.1 0.207377420637 6.10852740754e-07
17.2 0.221673922854 5.64702707917e-07
17.3 0.236956287092 5.22805356025e-07
17.4 0.253291996332 4.84785666224e-07
17.5 0.270754025385 4.50290490468e-07
17.6 0.289419940813 4.19004904505e-07
17.7 0.309372443604 3.90649136244e-07
17.8 0.330700802629 3.64962093898e-07
17.9 0.353499085952 3.41719535624e-07
18 0.377869575939 3.20709915945e-07
18.1 0.403920069461 3.01751769965e-07
18.2 0.431765981257 2.84682715289e-07
18.3 0.461531635308 2.69354603683e-07
18.4 0.493349196292 2.55637218662e-07
18.5 0.527360029237 2.43418922725e-07
18.6 0.563715454109 2.32602858614e-07
18.7 0.602577433154 2.23102152206e-07
18.8 0.644118717789 2.14850895305e-07
18.9 0.688523876937 2.07795877863e-07
19 0.735990182179 2.01896879201e-07
19.1 0.786728911494 1.97131547102e-07
19.2 0.840965478585 1.93491161812e-07
19.3 0.898940964514 1.909858532e-07
19.4 0.960913395098 1.89648100536e-07
19.5 1.02715804125 1.89529578026e-07
19.6 1.09796954987 1.90714046681e-07
19.7 1.17366291333 1.9331883643e-07
19.8 1.25457427936 1.97496297075e-07
19.9 1.34106381042 2.03467017749e-07
20 1.43351601625 2.11508355623e-07
