"Time" "Prey" "Predator"
0 3.09482371026 7.80027283046
0.1 1.09175894347 8.5680714761
0.2 0.376847062964 8.2899873852
0.3 0.138689822011 7.68073421528
0.4 0.0556642240334 7.01284539469
0.5 0.0243934271337 6.36941162447
0.6 0.011611965226 5.77314948533
0.7 0.00596462405875 5.22816522543
0.8 0.00328376158096 4.73275320993
0.9 0.00192532987718 4.28345647717
1 0.00119523814335 3.87642246016
1.1 0.00078128569274 3.50787220651
1.2 0.00053514560931 3.17425972893
1.3 0.000382407159825 2.87231906698
1.4 0.000283918443581 2.59906732273
1.5 0.000218174923772 2.35179169511
1.6 0.000173033744693 2.12803026561
1.7 0.000141176437142 1.92555122059
1.8 0.000118134340716 1.74233223999
1.9 0.000101211111733 1.57654369754
2 8.85646440688e-05 1.42652850123
2.1 7.8988474071e-05 1.29078656059
2.2 7.16731863783e-05 1.16796023466
2.3 6.60585907178e-05 1.05682091755
2.4 6.17555642818e-05 0.956257064556
2.5 5.84806806647e-05 0.865263272757
2.6 5.60224329407e-05 0.78292784478
2.7 5.42238909511e-05 0.708426387902
2.8 5.29799449828e-05 0.641014119283
2.9 5.22092532634e-05 0.580016675989
3 5.18492877383e-05 0.524823662292
3.1 5.18533635134e-05 0.474882584546
3.2 5.21871236984e-05 0.429693821574
3.3 5.2825386856e-05 0.388805365646
3.4 5.37494805838e-05 0.351807764645
3.5 5.49455019661e-05 0.31833018039
3.6 5.64061326595e-05 0.288037960784
3.7 5.81304606058e-05 0.260628876674
3.8 6.01156309574e-05 0.235827928236
3.9 6.23654065791e-05 0.21338732486
4 6.48840166006e-05 0.193082190894
4.1 6.76785105287e-05 0.174709211448
4.2 7.07581059923e-05 0.158084454695
4.3 7.41340312073e-05 0.143041672679
4.4 7.78194679727e-05 0.129430462285
4.5 8.18293068178e-05 0.117114488006
4.6 8.61803557544e-05 0.105970479163
4.7 9.08911784541e-05 0.0958868810164
4.8 9.59822346034e-05 0.0867628294979
4.9 0.000101475845514 0.0785069482685
5 0.000107396335616 0.0710367073037
5.1 0.000113770056345 0.0642773975054
5.2 0.0001206254492 0.0581612828608
5.3 0.000127993217765 0.0526271770724
5.4 0.00013590640349 0.0476196509203
5.5 0.000144400539983 0.0430886252849
5.6 0.000153513791638 0.0389887755341
5.7 0.000163287108861 0.0352790391102
5.8 0.000173764409814 0.0319223391796
5.9 0.000184992761794 0.0288850492539
6 0.00019702258352 0.0261367742292
6.1 0.000209907870306 0.023650010263
6.2 0.000223706431588 0.0213998600914
6.3 0.000238480134721 0.019363840903
6.4 0.00025429519038 0.0175215560819
6.5 0.000271222429539 0.0158545745715
6.6 0.000289337626665 0.0143462173264
6.7 0.000308721837336 0.0129813783172
6.8 0.000329461740172 0.0117464122655
6.9 0.000351650049492 0.0106289498932
7 0.000375385891407 0.00961781296589
7.1 0.000400775294616 0.00870289940879
7.2 0.000427931594959 0.00787503376303
7.3 0.000456975988159 0.0071259398717
7.4 0.000488038096185 0.00644810724716
7.5 0.000521256446659 0.00583476307745
7.6 0.000556779089421 0.00527979842181
7.7 0.000594764537146 0.00477765381305
7.8 0.000635382039208 0.00432329451013
7.9 0.000678812326434 0.00391214974159
8 0.000725249183411 0.00354013384317
8.1 0.000774899426576 0.0032035194261
8.2 0.000827983779793 0.00289889724441
8.3 0.000884739002682 0.00262325398625
8.4 0.000945417811815 0.00237384229091
8.5 0.00101028985019 0.00214814390928
8.6 0.00107964430299 0.00194392230818
8.7 0.00115378992509 0.00175913960285
8.8 0.00123305609313 0.00159192315755
8.9 0.00131779600514 0.00144061445498
9 0.00140838687105 0.00130370619065
9.1 0.00150523105297 0.00117981184656
9.2 0.00160876025831 0.00106770675513
9.3 0.00171943544422 0.000966276763079
9.4 0.00183774783128 0.000874489670871
9.5 0.00196422281178 0.000791412546022
9.6 0.00209942508081 0.000716241929692
9.7 0.00224395550846 0.00064822366742
9.8 0.00239845503264 0.000586664776699
9.9 0.0025636123974 0.000530959658153
10 0.00274016311728 0.000480558360831
10.1 0.002928890777 0.000434950109151
10.2 0.00313063340209 0.000393672611999
10.3 0.00334629143298 0.000356324952418
10.4 0.00357682311027 0.000322530832528
10.5 0.00382325052866 0.000291943288089
10.6 0.00408667204689 0.000264261669935
10.7 0.00436826064747 0.000239213592452
10.8 0.00466926592965 0.000216545888099
10.9 0.00499103038228 0.000196025766544
11 0.0053349722827 0.000177464756609
11.1 0.00570263629261 0.000160666266401
11.2 0.00609564895388 0.00014546150185
11.3 0.00651577743919 0.000131703704303
11.4 0.00696490050076 0.00011925608242
11.5 0.00744500452907 0.000107990174909
11.6 0.0079581908664 9.77888886446e-05
11.7 0.00850673579792 8.85476429974e-05
11.8 0.00909317125041 8.01759091579e-05
11.9 0.0097200908914 7.25935114824e-05
12 0.0103902241984 6.5732040361e-05
12.1 0.0111064528687 5.95338191653e-05
12.2 0.0118720882789 5.39272329419e-05
12.3 0.0126906047282 4.88504480411e-05
12.4 0.0135655910314 4.42557164322e-05
12.5 0.0145008235959 4.01028777495e-05
12.6 0.0155004182115 3.63526359886e-05
12.7 0.0165690590711 3.29564153459e-05
12.8 0.0177114773249 2.98794569317e-05
12.9 0.0189326454569 2.70922091496e-05
13 0.0202378095723 2.45695057769e-05
13.1 0.021632999353 2.22833434527e-05
13.2 0.0231245553178 2.02095771021e-05
13.3 0.0247190188073 1.83294780855e-05
13.4 0.0264232732639 1.66277332507e-05
13.5 0.0282447586936 1.50898082997e-05
13.6 0.0301918957658 1.36967338526e-05
13.7 0.0322733326013 1.24343655401e-05
13.8 0.0344981955081 1.12903692144e-05
13.9 0.0368764946942 1.0253283775e-05
14 0.0394189105967 9.31290732783e-06
14.1 0.0421365974044 8.46065227167e-06
14.2 0.0450414497743 7.68892540847e-06
14.3 0.0481467224287 6.98940807454e-06
14.4 0.0514661937896 6.35537771277e-06
14.5 0.0550143525297 5.78119006758e-06
14.6 0.0588070351775 5.26120199219e-06
14.7 0.0628614315602 4.78976280248e-06
14.8 0.0671953789018 4.36233563014e-06
14.9 0.071827781294 3.97493209839e-06
15 0.0767795567537 3.6236157442e-06
15.1 0.0820727893604 3.30494658446e-06
15.2 0.0877308175714 3.01594637658e-06
15.3 0.0937790745699 2.75374881216e-06
15.4 0.100244388876 2.51587791156e-06
15.5 0.107155193615 2.30017817968e-06
15.6 0.114542611587 2.10446671094e-06
15.7 0.122439399097 1.92686542666e-06
15.8 0.130880314766 1.76572800162e-06
15.9 0.139903386261 1.61945579067e-06
16 0.149548586093 1.48667240336e-06
16.1 0.159858402542 1.36616290128e-06
16.2 0.170879291092 1.25674025383e-06
16.3 0.182660024691 1.15739270249e-06
16.4 0.195252466972 1.0672263783e-06
16.5 0.208713163023 9.85364990012e-07
16.6 0.223101752672 9.11048473658e-07
16.7 0.238482402261 8.43585014972e-07
16.8 0.254923508781 7.82355970722e-07
16.9 0.272497815634 7.26812614955e-07
17 0.291283984091 6.76436221118e-07
17.1 0.311365019386 6.30779192576e-07
17.2 0.332830587523 5.89425862778e-07
17.3 0.355776067462 5.5200623518e-07
17.4 0.380303093181 5.18193321971e-07
17.5 0.406521476157 4.87683506357e-07
17.6 0.434546880984 4.60218949688e-07
17.7 0.464504227897 4.35563809051e-07
17.8 0.496526788135 4.13509535992e-07
17.9 0.530756769136 3.93873348916e-07
18 0.567346355135 3.76503193493e-07
18.1 0.606458476309 3.6126287068e-07
18.2 0.648267238983 3.48040966421e-07
18.3 0.692958381678 3.36756921516e-07
18.4 0.740730416807 3.27347335202e-07
18.5 0.791795856233 3.19777061115e-07
18.6 0.846381792406 3.14037051693e-07
18.7 0.904730647143 3.10144214545e-07
18.8 0.967102142314 3.08155676038e-07
18.9 1.03377350867 3.08161821726e-07
19 1.10504099084 3.10298266086e-07
19.1 1.1812218049 3.14766480728e-07
19.2 1.26265435645 3.21821911856e-07
19.3 1.34970077505 3.31822966553e-07
19.4 1.4427483681 3.45246431248e-07
19.5 1.54221048363 3.62682737713e-07
19.6 1.64852893607 3.84919772226e-07
19.7 1.76217671942 4.1307650232e-07
19.8 1.88365922899 4.48548202092e-07
19.9 2.01351683269 4.93165776306e-07
20 2.15232679658 5.49682339049e-07
