"Time" "Prey" "Predator"
0 1.00861879564 0.985990651671
0.1 0.945414720547 0.983692353502
0.2 0.886798357282 0.975435738137
0.3 0.833036640673 0.961827430401
0.4 0.784206641831 0.943555754782
0.5 0.740239306735 0.921347708806
0.6 0.70096469739 0.895927295491
0.7 0.666144233724 0.867988585194
0.8 0.635499433526 0.838175455593
0.9 0.608734923876 0.807068592318
1 0.585555049339 0.775179548467
1.1 0.565673277593 0.742950845491
1.2 0.5488207231 0.710756922522
1.3 0.534750139448 0.678908843491
1.4 0.523237761458 0.647660078337
1.5 0.51408449299 0.617212427498
1.6 0.507114399385 0.587722942264
1.7 0.502174162197 0.559309865905
1.8 0.499131311061 0.532058536295
1.9 0.497872571623 0.506026540076
2 0.498302215553 0.481248591571
2.1 0.500340309411 0.457740697313
2.2 0.503921160483 0.435503639246
2.3 0.508991850849 0.414526207886
2.4 0.515510806545 0.394788093199
2.5 0.523446619654 0.376262080605
2.6 0.532777010618 0.358915175144
2.7 0.543487731093 0.342711214975
2.8 0.555571734147 0.327611989735
2.9 0.569028267213 0.313578164325
3 0.583862106834 0.300570336402
3.1 0.600082828801 0.288549755441
3.2 0.617704117895 0.277478992484
3.3 0.636743048762 0.267322499084
3.4 0.657219422305 0.258047047596
3.5 0.679154996658 0.24962217424
3.6 0.70257275213 0.242020513458
3.7 0.727495970124 0.235218214915
3.8 0.753947478766 0.229195110537
3.9 0.781948713885 0.223934957201
4 0.811518045806 0.219426264461
4.1 0.842670129485 0.215662108538
4.2 0.87541407941 0.21264072821
4.3 0.909751433766 0.210366148507
4.4 0.945674961145 0.208848279882
4.5 0.983165442438 0.208103891306
4.6 1.02218948216 0.208157099794
4.7 1.0626968216 0.209039975281
4.8 1.10461557656 0.210793729886
4.9 1.14784954617 0.2134693405
5 1.19227315495 0.217128671223
5.1 1.23772554767 0.22184573491
5.2 1.28400631231 0.227707725189
5.3 1.33086812905 0.234816027369
5.4 1.37801018479 0.243287533045
5.5 1.42507138436 0.253255804368
5.6 1.47162379838 0.264870269735
5.7 1.51716477915 0.278297198686
5.8 1.56111392074 0.293717120376
5.9 1.60280668293 0.311323637893
6 1.64149625864 0.331317131525
6.1 1.67635887266 0.353896208469
6.2 1.70650460173 0.379247181322
6.3 1.73099419311 0.407529558998
6.4 1.74887405906 0.438853252876
6.5 1.7592121001 0.47325570742
6.6 1.76115635818 0.510672307237
6.7 1.7539929127 0.550906744945
6.8 1.73721805259 0.59360285749
6.9 1.71060637152 0.638220462533
7 1.67426222814 0.68403417019
7.1 1.62866129469 0.730134929662
7.2 1.57465551842 0.775463578444
7.3 1.51344228914 0.818865687023
7.4 1.44649635455 0.859162033858
7.5 1.37547577072 0.895230850455
7.6 1.30210752607 0.926090082368
7.7 1.22807182736 0.950966001129
7.8 1.15490635599 0.969337830805
7.9 1.08392891391 0.980959802246
8 1.01619473497 0.985853054309
8.1 0.952486124581 0.98427542651
8.2 0.893322588325 0.976678610832
8.3 0.838992061625 0.963655115545
8.4 0.789591606714 0.945886051907
8.5 0.745068315187 0.924095486183
8.6 0.705261786508 0.899009654049
8.7 0.669939936057 0.871327220172
8.8 0.638827813295 0.841698625151
8.9 0.6116309764 0.810712445684
9 0.588052466798 0.77888889251
9.1 0.567804406851 0.746678124117
9.2 0.550615610138 0.71446230719
9.3 0.536236224015 0.682559644152
9.4 0.52443967214 0.651229968682
9.5 0.515023989582 0.620680572978
9.6 0.507810472492 0.591073556556
9.7 0.502643326731 0.562531186273
9.8 0.499387796018 0.535142240528
9.9 0.49792842284 0.508967331516
10 0.498167624991 0.484043516878
10.1 0.500023713104 0.460388736236
10.2 0.503429448481 0.438005389748
10.3 0.508330562341 0.416883600278
10.4 0.514684135824 0.397003818719
10.5 0.522457701011 0.378339326723
10.6 0.531628000576 0.360857949245
10.7 0.542179905224 0.344523913399
10.8 0.55410556823 0.329299142955
10.9 0.567403542067 0.315144333964
11 0.582077990252 0.302020104539
11.1 0.598138010172 0.289887490752
11.2 0.615596806008 0.27870898017
11.3 0.634471148559 0.268448679776
11.4 0.654780505968 0.259073162312
11.5 0.676546499983 0.250551553378
11.6 0.699791966621 0.242856165935
11.7 0.724540294512 0.235962634944
11.8 0.750814319275 0.229850439524
11.9 0.778635570695 0.224502994488
12 0.808023176943 0.219907946287
12.1 0.838991992826 0.216058020604
12.2 0.871551904563 0.212950836404
12.3 0.905705679262 0.210589593114
12.4 0.941446768639 0.208983688414
12.5 0.978757871472 0.208148918104
12.6 1.0176072808 0.208108525024
12.7 1.05794645924 0.208893744889
12.8 1.09970694129 0.210544514394
12.9 1.14279501827 0.213110731929
13 1.18708868818 0.216652989354
13.1 1.23243207475 0.221243740813
13.2 1.27862896847 0.226968574805
13.3 1.32543799793 0.233927392266
13.4 1.37256517721 0.242235084809
13.5 1.41965676574 0.252022802341
13.6 1.46629211214 0.263439039966
13.7 1.51197877768 0.276647433811
13.8 1.55614407322 0.291827748678
13.9 1.59813482167 0.309171339368
14 1.63721438746 0.328877658663
14.1 1.67256338815 0.351148536932
14.2 1.70330025386 0.376171413379
14.3 1.72849253651 0.404108411896
14.4 1.74718420971 0.435077495567
14.5 1.75843929458 0.469125989712
14.6 1.7613924585 0.506201941574
14.7 1.75531093745 0.546126445259
14.8 1.73966451057 0.588561368731
14.9 1.71418980255 0.632991500002
15 1.67895100947 0.678711493854
15.1 1.63438211353 0.724831057211
15.2 1.5812911554 0.770307433326
15.3 1.52083793526 0.813993186657
15.4 1.45447125123 0.854707400051
15.5 1.38383235794 0.891318386219
15.6 1.31064718713 0.922823040403
15.7 1.23660435417 0.948422989226
15.8 1.16326479721 0.967564108321
15.9 1.09197372752 0.979969600465
16 1.02381907322 0.985630372796
16.1 0.959613961091 0.984779439315
16.2 0.899906812679 0.977848774691
16.3 0.845010643999 0.965417245975
16.4 0.795041581226 0.94815892179
16.5 0.749962102466 0.926794789027
16.6 0.709622226839 0.902052570009
16.7 0.673796258474 0.874635472685
16.8 0.642213005335 0.845200144504
16.9 0.614579383831 0.814342559819
17 0.590598069778 0.782591276193
17.1 0.569979678103 0.750404398982
17.2 0.552450804984 0.718171765585
17.3 0.537758856386 0.686218731
17.4 0.525674830817 0.654811262345
17.5 0.515993690907 0.624162684892
17.6 0.508534205856 0.594439857153
17.7 0.503138019363 0.565769343995
17.8 0.499667957948 0.538243565853
17.9 0.498006528263 0.51192606333
18 0.498054205267 0.486856383589
18.1 0.499727321815 0.463054626314
18.2 0.502957188029 0.440524721378
18.3 0.507687979598 0.419258030371
18.4 0.513875671353 0.39923603209
18.5 0.521486631867 0.380432685075
18.6 0.53049658524 0.36281639267
18.7 0.540889519224 0.346351731695
18.8 0.552656785952 0.331000790419
18.9 0.565796226906 0.316724425094
19 0.580311421885 0.303483125375
19.1 0.596210892968 0.29123795192
19.2 0.613507436564 0.279951111443
19.3 0.632217354923 0.269586671591
19.4 0.652359960684 0.260110656963
19.5 0.673956598176 0.251491958618
19.6 0.697030001322 0.243702547373
19.7 0.721603629446 0.236717548386
19.8 0.747700386906 0.230516045626
19.9 0.775342095309 0.225080907
20 0.804548026825 0.220399437578
