"Time" "Prey" "Predator"
0 2.63687779036 39.6821262097
0.1 0.0149015312091 37.7416214022
0.2 0.000132358662653 34.1603948019
0.3 1.80633195917e-06 30.9096863164
0.4 -5.93492685678e-08 27.9682522871
0.5 -3.46357315288e-08 25.3067233861
0.6 -3.46357315288e-08 22.8984732182
0.7 -3.46357315288e-08 20.7193857715
0.8 -3.46357315288e-08 18.7476698372
0.9 -3.46357315288e-08 16.9635898587
1 -3.46357315288e-08 15.3492876864
1.1 -3.46357315288e-08 13.8886046524
1.2 -3.46357315288e-08 12.5669302007
1.3 -3.46357315288e-08 11.3710440236
1.4 -3.46357315288e-08 10.2889413855
1.5 -3.46357315288e-08 9.30981979953
1.6 -3.46357315288e-08 8.42387440544
1.7 -3.46357315288e-08 7.62223697686
1.8 -3.46357315288e-08 6.89688539379
1.9 -3.46357315288e-08 6.24056043095
2 -3.46357315288e-08 5.64669284552
2.1 -3.46357315288e-08 5.10933931948
2.2 -3.46357315288e-08 4.62312175625
2.3 -3.46357315288e-08 4.18317234082
2.4 -3.46357315288e-08 3.78509042312
2.5 -3.46357315288e-08 3.42489113307
2.6 -3.46357315288e-08 3.09896971879
2.7 -3.46357315288e-08 2.8040637508
2.8 -3.46357315288e-08 2.53722165881
2.9 -3.46357315288e-08 2.29577309155
3 -3.46357315288e-08 2.07730138767
3.1 -3.46357315288e-08 1.87961995765
3.2 -3.46357315288e-08 1.70075028515
3.3 -3.46357315288e-08 1.5389017795
3.4 -3.46357315288e-08 1.39245567921
3.5 -3.46357315288e-08 1.2599457045
3.6 -3.46357315288e-08 1.14004583193
3.7 -3.46357315288e-08 1.03155610472
3.8 -3.46357315288e-08 0.933390310036
3.9 -3.46357315288e-08 0.84456649617
4 -3.46357315288e-08 0.76419509293
4.1 -3.46357315288e-08 0.691472306944
4.2 -3.46357315288e-08 0.625669930313
4.3 -3.46357315288e-08 0.566129518607
4.4 -3.46357315288e-08 0.512255134546
4.5 -3.46357315288e-08 0.463507473962
4.6 -3.46357315288e-08 0.419398914784
4.7 -3.46357315288e-08 0.379487709929
4.8 -3.46357315288e-08 0.343374688884
4.9 -3.46357315288e-08 0.310698210435
5 -3.46357315288e-08 0.281131344045
5.1 -3.46357315288e-08 0.254378129872
5.2 -3.46357315288e-08 0.230170784836
5.3 -3.46357315288e-08 0.208267144069
5.4 -3.46357315288e-08 0.18844785005
5.5 -3.46357315288e-08 0.170514663915
5.6 -3.46357315288e-08 0.154287958885
5.7 -3.46357315288e-08 0.139605461192
5.8 -3.46357315288e-08 0.126320245579
5.9 -3.46357315288e-08 0.114299243705
6 -3.46357315288e-08 0.103422253231
6.1 -3.46357315288e-08 0.0935803005515
6.2 -3.46357315288e-08 0.0846749401305
6.3 -3.46357315288e-08 0.0766170503728
6.4 -3.46357315288e-08 0.0693259356753
6.5 -3.46357315288e-08 0.0627287105619
6.6 -3.46357315288e-08 0.0567592754532
6.7 -3.46357315288e-08 0.0513579117713
6.8 -3.46357315288e-08 0.046470560466
6.9 -3.46357315288e-08 0.0420482794749
7 -3.46357315288e-08 0.0380468603665
7.1 -3.46357315288e-08 0.0344262124084
7.2 -3.46357315288e-08 0.0311501197104
7.3 -3.46357315288e-08 0.0281857962566
7.4 -3.46357315288e-08 0.0255035535052
7.5 -3.46357315288e-08 0.0230765726717
7.6 -3.46357315288e-08 0.0208805389683
7.7 -3.46357315288e-08 0.0188934882927
7.8 -3.46357315288e-08 0.0170955358754
7.9 -3.46357315288e-08 0.0154686743862
8 -3.46357315288e-08 0.0139966377869
8.1 -3.46357315288e-08 0.0126646782079
8.2 -3.46357315288e-08 0.0114594725285
8.3 -3.46357315288e-08 0.0103689594539
8.4 -3.46357315288e-08 0.00938221783199
8.5 -3.46357315288e-08 0.00848938300388
8.6 -3.46357315288e-08 0.00768150959791
8.7 -3.46357315288e-08 0.00695051381931
8.8 -3.46357315288e-08 0.0062890872592
8.9 -3.46357315288e-08 0.00569059881853
9 -3.46357315288e-08 0.00514906471064
9.1 -3.46357315288e-08 0.00465905055634
9.2 -3.46357315288e-08 0.00421566197945
9.3 -3.46357315288e-08 0.00381448885108
9.4 -3.46357315288e-08 0.00345150995261
9.5 -3.46357315288e-08 0.00312308337697
9.6 -3.46357315288e-08 0.00282590000006
9.7 -3.46357315288e-08 0.00255700010521
9.8 -3.46357315288e-08 0.00231370117989
9.9 -3.46357315288e-08 0.00209353652778
10 -3.46357315288e-08 0.00189430278386
10.1 -3.46357315288e-08 0.00171403754116
10.2 -3.46357315288e-08 0.00155092526388
10.3 -3.46357315288e-08 0.00140332487812
10.4 -3.46357315288e-08 0.00126978360268
10.5 -3.46357315288e-08 0.00114895487452
10.6 -3.46357315288e-08 0.00103959808911
10.7 -3.46357315288e-08 0.000940679246544
10.8 -3.46357315288e-08 0.000851167712471
10.9 -3.46357315288e-08 0.000770164322032
11 -3.46357315288e-08 0.000696876117329
11.1 -3.46357315288e-08 0.000630566119162
11.2 -3.46357315288e-08 0.000570559102231
11.3 -3.46357315288e-08 0.000516245793917
11.4 -3.46357315288e-08 0.000467080910675
11.5 -3.46357315288e-08 0.000422587357313
11.6 -3.46357315288e-08 0.000382353725174
11.7 -3.46357315288e-08 0.0003459615014
11.8 -3.46357315288e-08 0.00031302319737
11.9 -3.46357315288e-08 0.000283223260394
12 -3.46357315288e-08 0.000256284243053
12.1 -3.46357315288e-08 0.000231906677362
12.2 -3.46357315288e-08 0.000209840557184
12.3 -3.46357315288e-08 0.000189875579665
12.4 -3.46357315288e-08 0.000171817116624
12.5 -3.46357315288e-08 0.000155466911587
12.6 -3.46357315288e-08 0.000140667040229
12.7 -3.46357315288e-08 0.000127283040106
12.8 -3.46357315288e-08 0.000115170326471
12.9 -3.46357315288e-08 0.000104198340278
13 -3.46357315288e-08 9.42657507813e-05
13.1 -3.46357315288e-08 8.52885621684e-05
13.2 -3.46357315288e-08 7.71876764778e-05
13.3 -3.46357315288e-08 6.9856242905e-05
13.4 -3.46357315288e-08 6.32188827291e-05
13.5 -3.46357315288e-08 5.72128635839e-05
13.6 -3.46357315288e-08 5.17852553904e-05
13.7 -3.46357315288e-08 4.68750210374e-05
13.8 -3.46357315288e-08 4.24261154472e-05
13.9 -3.46357315288e-08 3.83957322211e-05
14 -3.46357315288e-08 3.47478520857e-05
14.1 -3.46357315288e-08 3.14494405461e-05
14.2 -3.46357315288e-08 2.84604656969e-05
14.3 -3.46357315288e-08 2.5752004863e-05
14.4 -3.46357315288e-08 2.33004890719e-05
14.5 -3.46357315288e-08 2.10481272759e-05
14.6 -3.46357315288e-08 1.90719586466e-05
14.7 -3.46357315288e-08 1.72697468207e-05
14.8 -3.46357315288e-08 1.56316318766e-05
14.9 -3.46357315288e-08 1.41477538926e-05
15 -3.46357315288e-08 1.28070841438e-05
15.1 -3.46357315288e-08 1.15951285998e-05
15.2 -3.46357315288e-08 1.04999896588e-05
15.3 -3.46357315288e-08 9.51003172786e-06
15.4 -3.46357315288e-08 8.61361921416e-06
15.5 -3.46357315288e-08 7.79924619902e-06
15.6 -3.46357315288e-08 7.06207844563e-06
15.7 -3.46357315288e-08 6.39675553243e-06
15.8 -3.46357315288e-08 5.79501461118e-06
15.9 -3.46357315288e-08 5.24859283363e-06
16 -3.46357315288e-08 4.74922735154e-06
16.1 -3.46357315288e-08 4.2913142246e-06
16.2 -3.46357315288e-08 3.87713272752e-06
16.3 -3.46357315288e-08 3.5030555259e-06
16.4 -3.46357315288e-08 3.1648592418e-06
16.5 -3.46357315288e-08 2.85832049733e-06
16.6 -3.46357315288e-08 2.51441744251e-06
16.7 -3.46357315288e-08 2.29206465044e-06
16.8 -3.46357315288e-08 2.08408511365e-06
16.9 -3.46357315288e-08 1.89047883215e-06
17 -3.46357315288e-08 1.71124580594e-06
17.1 -3.46357315288e-08 1.54638603502e-06
17.2 -3.46357315288e-08 1.39548540951e-06
17.3 -3.46357315288e-08 1.25719292992e-06
17.4 -3.46357315288e-08 1.13140403828e-06
17.5 -3.46357315288e-08 1.01811873458e-06
17.6 -3.46357315288e-08 9.17337018814e-07
17.7 -3.46357315288e-08 8.29058890994e-07
17.8 -3.46357315288e-08 7.50830147661e-07
17.9 -3.46357315288e-08 6.79270391818e-07
18 -3.46357315288e-08 6.14358750955e-07
18.1 -3.46357315288e-08 5.56095225072e-07
18.2 -3.46357315288e-08 5.04479814171e-07
18.3 -3.46357315288e-08 4.59464039131e-07
18.4 -3.46357315288e-08 4.18790692229e-07
18.5 -3.46357315288e-08 3.81228367518e-07
18.6 -3.46357315288e-08 3.46777065e-07
18.7 -3.46357315288e-08 3.15436784674e-07
18.8 -3.46357315288e-08 2.8720752654e-07
18.9 -3.46357315288e-08 2.61970538885e-07
19 -3.46357315288e-08 2.38704165567e-07
19.1 -3.46357315288e-08 2.17173533322e-07
19.2 -3.46357315288e-08 1.9737864215e-07
19.3 -3.46357315288e-08 1.79319492052e-07
19.4 -3.46357315288e-08 1.62996083026e-07
19.5 -3.46357315288e-08 1.48265311386e-07
19.6 -3.46357315288e-08 1.346603131e-07
19.7 -3.46357315288e-08 1.22144956131e-07
19.8 -3.46357315288e-08 1.10719240481e-07
19.9 -3.46357315288e-08 1.00383166149e-07
20 -3.46357315288e-08 9.11367331355e-08
