"Time" "Prey" "Predator"
0 7.07527727096e-05 2.80644078469
0.1 5.298052194e-05 2.53939073083
0.2 4.10364469413e-05 2.29774723098
0.3 3.27739752211e-05 2.07909596528
0.4 2.6905151308e-05 1.88124887296
0.5 2.26485983097e-05 1.70222759217
0.6 1.95062107349e-05 1.54024222903
0.7 1.71486691493e-05 1.39367110509
0.8 1.53585767051e-05 1.26104683825
0.9 1.39900229435e-05 1.14104198593
1 1.29471073866e-05 1.03246047987
1.1 1.21622478084e-05 0.934214372843
1.2 1.15425727038e-05 0.845312278014
1.3 1.10792217006e-05 0.764870186586
1.4 1.07513984218e-05 0.692084639186
1.5 1.05259721982e-05 0.626224841933
1.6 1.03920418361e-05 0.566632233168
1.7 1.03379090955e-05 0.512710566212
1.8 1.03546337592e-05 0.463920297245
1.9 1.04357633519e-05 0.419772911796
2 1.05766108674e-05 0.379826673606
2.1 1.07738728559e-05 0.343681946074
2.2 1.10252206592e-05 0.310976697653
2.3 1.1329354793e-05 0.281383808143
2.4 1.16856514307e-05 0.25460692484
2.5 1.20941814955e-05 0.230378245703
2.6 1.25555216332e-05 0.208455162045
2.7 1.3070769104e-05 0.188618337591
2.8 1.36414500405e-05 0.170669215951
2.9 1.42695063084e-05 0.154428144311
3 1.49572698536e-05 0.139732628732
3.1 1.57074407564e-05 0.126435528231
3.2 1.6523091431e-05 0.114403857054
3.3 1.74076477947e-05 0.103517061881
3.4 1.83648980388e-05 0.0936660802939
3.5 1.9399021697e-05 0.0847525642841
3.6 2.05145731595e-05 0.0766874172357
3.7 2.17164858293e-05 0.0693897644797
3.8 2.3010118466e-05 0.0627866418508
3.9 2.44012464404e-05 0.056811857765
4 2.58961019365e-05 0.0514056289518
4.1 2.75013917695e-05 0.0465138270777
4.2 2.9224327011e-05 0.0420875610687
4.3 3.10726492394e-05 0.038082526394
4.4 3.30546636033e-05 0.034458615998
4.5 3.51792756002e-05 0.0311795492345
4.6 3.74560291246e-05 0.0282125136369
4.7 3.98951472246e-05 0.0255278266065
4.8 4.25075772525e-05 0.0230986001388
4.9 4.53050374391e-05 0.0209005653942
5 4.83000702048e-05 0.0189117071767
5.1 5.15060952529e-05 0.0171121092226
5.2 5.4937469531e-05 0.0154837619196
5.3 5.86095532099e-05 0.0140103569998
5.4 6.25387729648e-05 0.0126771694422
5.5 6.67426996999e-05 0.011470847685
5.6 7.12401226646e-05 0.0103793195944
5.7 7.60511335433e-05 0.00939166939646
5.8 8.1197219045e-05 0.00849800069902
5.9 8.67013495799e-05 0.00768937457157
6 9.2588089344e-05 0.00695769303183
6.1 9.88836995796e-05 0.00629563654119
6.2 0.00010561625605 0.00569658631032
6.3 0.000112815779429 0.00515453967827
6.4 0.000120514358963 0.00466407474084
6.5 0.00012874631607 0.00422027243228
6.6 0.000137548330162 0.00381869366693
6.7 0.000146959586302 0.00345533992504
6.8 0.000157022032089 0.0031265805475
6.9 0.00016778051028 0.00282911745723
7 0.000179282859677 0.00255995886958
7.1 0.000191580254259 0.00231640215576
7.2 0.000204727562387 0.00209603658525
7.3 0.000218783238843 0.00189663927345
7.4 0.000233809713009 0.00171618340133
7.5 0.000249874035902 0.0015529010187
7.6 0.000267047675189 0.0014051618484
7.7 0.000285406867038 0.00127146923039
7.8 0.000305033440401 0.00115050089535
7.9 0.000326014785029 0.00104105453983
8 0.000348445155855 0.000941978045158
8.1 0.000372421195295 0.000852392167407
8.2 0.000398052580239 0.00077131430333
8.3 0.000425452546252 0.000697945952286
8.4 0.000454742886374 0.000631550815021
8.5 0.000486054923518 0.000571482297365
8.6 0.000519527641403 0.000517130644984
8.7 0.000555308321194 0.000467940950279
8.8 0.000593556909479 0.000423413827322
8.9 0.000634446330754 0.000383105370685
9 0.000678156629503 0.000346627927171
9.1 0.000724877970755 0.000313647818627
9.2 0.000774821927308 0.000283814878029
9.3 0.000828213465938 0.000256812481635
9.4 0.000885286871702 0.00023238299464
9.5 0.000946290819027 0.000210301255316
9.6 0.00101150418484 0.000190319984227
9.7 0.00108121810519 0.000172231729105
9.8 0.00115573756096 0.000155863390724
9.9 0.00123538943143 0.000141059210646
10 0.00132053895868 0.000127654769294
10.1 0.00141156339453 0.000115518604899
10.2 0.00150885962843 0.000104540166938
10.3 0.00161286216973 9.46106440941e-05
10.4 0.00172405050643 8.5615366086e-05
10.5 0.00184291438962 7.74696487698e-05
10.6 0.00196996928727 7.01028375407e-05
10.7 0.00210576189432 6.34548381911e-05
10.8 0.00225092561002 5.74419811961e-05
10.9 0.00240611454721 5.19976263856e-05
11 0.00257200792109 4.70694625243e-05
11.1 0.00274932025465 4.26132277927e-05
11.2 0.00293884126364 3.85842694193e-05
11.3 0.00314145458842 3.49335796829e-05
11.4 0.00335805396084 3.16255365031e-05
11.5 0.003589580278 2.8630057966e-05
11.6 0.00383703125199 2.59215082448e-05
11.7 0.00410155955263 2.34680927509e-05
11.8 0.00438435697541 2.12443744101e-05
11.9 0.00468666127401 1.92305353684e-05
12 0.00500977448587 1.74103968165e-05
12.1 0.00535513477958 1.57664628576e-05
12.2 0.00572435264791 1.4277423853e-05
12.3 0.00611905663478 1.29287984049e-05
12.4 0.00654096111317 1.17082579339e-05
12.5 0.006991883584 1.06051754505e-05
12.6 0.00747392447831 9.60640361587e-06
12.7 0.00798925642728 8.70122289822e-06
12.8 0.00854013514428 7.8810860495e-06
12.9 0.009128933527 7.13881735388e-06
13 0.00975826937693 6.46724165571e-06
13.1 0.0104310796629 5.85838719643e-06
13.2 0.0111503328847 5.3065731728e-06
13.3 0.0119191536586 4.80707240849e-06
13.4 0.0127408518651 4.35590095442e-06
13.5 0.01361925165 3.94753712084e-06
13.6 0.0145583165984 3.57752015261e-06
13.7 0.0155621583532 3.24239047542e-06
13.8 0.016635102379 2.93923375393e-06
13.9 0.0177819105274 2.66510905414e-06
14 0.0190079390634 2.4166428227e-06
14.1 0.0203185998247 2.19141333665e-06
14.2 0.0217195882769 1.98736475846e-06
14.3 0.023216925062 1.80275143554e-06
14.4 0.0248174763364 1.63553144228e-06
14.5 0.0265284556735 1.48394711622e-06
14.6 0.0283573884056 1.34656661856e-06
14.7 0.0303123201239 1.22211192325e-06
14.8 0.0324021687766 1.10927611682e-06
14.9 0.0346361891025 1.00700129856e-06
15 0.0370241185665 9.14402856404e-07
15.1 0.0395765804479 8.30595284419e-07
15.2 0.0423051993043 7.54642959693e-07
15.3 0.0452219859294 6.85822341005e-07
15.4 0.0483396307865 6.23504309112e-07
15.5 0.0516722590138 5.67038529673e-07
15.6 0.0552348509822 5.15842001862e-07
15.7 0.0590430321349 4.69431174422e-07
15.8 0.063113418034 4.27380326981e-07
15.9 0.0674644719879 3.89252899261e-07
16 0.0721155531994 3.54677706447e-07
16.1 0.077087164709 3.23331863904e-07
16.2 0.082401686435 2.94900120766e-07
16.3 0.0880826790645 2.69111503548e-07
16.4 0.0941550961804 2.45730429332e-07
16.5 0.100646306418 2.24520045829e-07
16.6 0.107585127166 2.05275793001e-07
16.7 0.115002039631 1.87820226695e-07
16.8 0.122930454816 1.71979115578e-07
16.9 0.131405599153 1.5760089144e-07
17 0.140464700669 1.44554308829e-07
17.1 0.150148543306 1.32710618816e-07
17.2 0.160500181192 1.21957551036e-07
17.3 0.171565051076 1.1219852554e-07
17.4 0.183392717509 1.03339309641e-07
17.5 0.196035825591 9.52956150812e-08
17.6 0.209550475526 8.7992721748e-08
17.7 0.223997074287 8.13621106917e-08
17.8 0.239439385056 7.53442642201e-08
17.9 0.255946449225 6.98828679491e-08
18 0.273591543204 6.49279721968e-08
18.1 0.292452864439 6.04350307028e-08
18.2 0.312614810258 5.6362408251e-08
18.3 0.334166399442 5.26742365063e-08
18.4 0.357203980027 4.93370832487e-08
18.5 0.381829825257 4.63214856747e-08
18.6 0.408153063518 4.36013669574e-08
18.7 0.436291482291 4.11526137349e-08
18.8 0.46636931548 3.89547584303e-08
18.9 0.498521021818 3.69891046795e-08
19 0.532889347949 3.52395661531e-08
19.1 0.569626373418 3.36924921797e-08
19.2 0.608896241753 3.23359341253e-08
19.3 0.650873212922 3.11602797839e-08
19.4 0.695744406767 3.01579942112e-08
19.5 0.743708646626 2.93237200821e-08
19.6 0.794979904997 2.86543568588e-08
19.7 0.849785375141 2.81490972776e-08
19.8 0.9083695482 2.7810049758e-08
19.9 0.970991972919 2.76419325484e-08
20 1.03793219014 2.76536418537e-08
