"Time" "Prey" "Predator"
0 0.0413862838322 1.09192126622
0.1 0.0385051523844 0.99195893666
0.2 0.0362840096312 0.900921025134
0.3 0.0345891010993 0.818078021101
0.4 0.0333221998753 0.742742924924
0.5 0.0324106789224 0.674272047481
0.6 0.0317998968055 0.612067063451
0.7 0.0314483320146 0.555574215784
0.8 0.0313247305205 0.504283642474
0.9 0.0314055325707 0.457727157613
1 0.0316734363792 0.415476096874
1.1 0.0321156468179 0.377138563106
1.2 0.0327230384924 0.342356535061
1.3 0.0334895807995 0.310803597691
1.4 0.0344117712935 0.282182570233
1.5 0.0354881734937 0.256222839632
1.6 0.0367191625178 0.232678128152
1.7 0.0381066950255 0.21132500947
1.8 0.0396541481435 0.191959999278
1.9 0.0413659427959 0.174397418552
2 0.0432480107491 0.158470108522
2.1 0.0453072636332 0.144025757095
2.2 0.0475517384762 0.130926187807
2.3 0.0499905179669 0.119045963105
2.4 0.0526337422489 0.108271227629
2.5 0.0554926265343 0.098498780208
2.6 0.0585794706966 0.0896350159357
2.7 0.061907705603 0.0815951478985
2.8 0.0654918936119 0.0743021028962
2.9 0.0693477854353 0.0676858704158
3 0.0734924193221 0.0616832272988
3.1 0.0779441974362 0.0562371496284
3.2 0.0827228816726 0.0512956993129
3.3 0.0878496788601 0.0468115785128
3.4 0.0933474025544 0.0427422649829
3.5 0.0992404907184 0.0390489602569
3.6 0.105555141066 0.0356965396295
3.7 0.112319426502 0.0326532365943
3.8 0.11956341923 0.0298902458678
3.9 0.127319312671 0.0273815786628
4 0.135621559854 0.0251036510191
4.1 0.144507019298 0.0230350160011
4.2 0.154015113166 0.0211562839601
4.3 0.164188016493 0.0194498903909
4.4 0.175070826339 0.0178999439325
4.5 0.186711757649 0.0164920725701
4.6 0.199162370791 0.0152132267272
4.7 0.212477775078 0.0140516364481
4.8 0.226716882163 0.0129966424492
4.9 0.241942664597 0.0120385728461
5 0.258222408317 0.0111686987506
5.1 0.275628052791 0.0103791361858
5.2 0.294236450922 0.00966276089253
5.3 0.314129735244 0.00901316257581
5.4 0.335395695032 0.00842452934582
5.5 0.358128083841 0.00789166890034
5.6 0.382427044085 0.00740993823134
5.7 0.408399709473 0.006975134393
5.8 0.436160365624 0.00658350918134
5.9 0.46583097626 0.00623172168669
6 0.497542182474 0.00591687324932
6.1 0.531433253968 0.00563639547362
6.2 0.567652700084 0.00538803561119
6.3 0.606359587587 0.00516995603655
6.4 0.647723482475 0.00498061287145
6.5 0.691925084871 0.00481874587238
6.6 0.739157770794 0.00468351025519
6.7 0.789627668935 0.00457437935663
6.8 0.843554287518 0.00449113581731
6.9 0.901172207104 0.00443408183821
7 0.962731378678 0.00440395457014
7.1 1.02849772616 0.00440191247553
7.2 1.09875477876 0.00442992785266
7.3 1.17380427597 0.00449072386379
7.4 1.25396677948 0.00458772353282
7.5 1.33958269714 0.0047258885497
7.6 1.43101314965 0.00491175740187
7.7 1.52864082973 0.00515322239343
7.8 1.63286943594 0.00546115676544
7.9 1.74412366614 0.00585035531251
8 1.86284979324 0.00633961118184
8.1 1.98951059213 0.00695534721244
8.2 2.12458815239 0.00773089505357
8.3 2.26857345272 0.00871289201199
8.4 2.42195741779 0.00996684145017
8.5 2.5852180653 0.0115843042222
8.6 2.75880568853 0.0136914617499
8.7 2.94309662741 0.0164740577077
8.8 3.13834557156 0.0202027443224
8.9 3.34460400884 0.0252766012806
9 3.56157216634 0.0323020081293
9.1 3.78838643114 0.0422058306502
9.2 4.02324565053 0.0564358703985
9.3 4.26282264744 0.0772770375829
9.4 4.50127958952 0.108381064291
9.5 4.72870469247 0.155603098156
9.6 4.92871061191 0.228263348033
9.7 5.07513451534 0.340791453755
9.8 5.12864579 0.51410733966
9.9 5.03655527729 0.774444546311
10 4.74330272409 1.1448246943
10.1 4.21997358143 1.62467143245
10.2 3.50440912988 2.16571269557
10.3 2.710397642 2.67392609107
10.4 1.97396309827 3.05509336605
10.5 1.38188743337 3.26491700398
10.6 0.951091153796 3.31550681837
10.7 0.655671325182 3.24779440357
10.8 0.458601812674 3.10500972958
10.9 0.327932042892 2.92092369654
11 0.240663884944 2.71839748431
11.1 0.181526613319 2.51171408565
11.2 0.140717426284 2.30932357246
11.3 0.112002541148 2.11596081636
11.4 0.0914072308219 1.9340651494
11.5 0.0763665813241 1.76468951676
11.6 0.0652028107819 1.60805646624
11.7 0.0567983840808 1.46390418145
11.8 0.0503969077804 1.33169496322
11.9 0.0454774989148 1.21074489608
12 0.0416759547021 1.10030283356
12.1 0.0387333005028 0.999599765463
12.2 0.0364629196319 0.907877855102
12.3 0.0347286146591 0.824407917859
12.4 0.0334298830293 0.748499185919
12.5 0.0324917985981 0.679504315284
12.6 0.031858272682 0.61682100613
12.7 0.031487008837 0.55989216291
12.8 0.0313460854154 0.508204591847
12.9 0.0314114759101 0.461286985621
13 0.0316652284317 0.418707562117
13.1 0.0320941996459 0.380071467488
13.2 0.0326890592138 0.345018189423
13.3 0.0334435540075 0.313218949553
13.4 0.0343539589601 0.284374227626
13.5 0.0354186318178 0.258211394667
13.6 0.0366378884502 0.234482337758
13.7 0.038013534857 0.212961534452
13.8 0.0395488030653 0.193444054435
13.9 0.0412482426338 0.175743706737
14 0.0431175356655 0.159691447198
14.1 0.0451635581838 0.145133789404
14.2 0.0473942198717 0.131931421283
14.3 0.0498185470595 0.119957941208
14.4 0.0524465877385 0.109098653321
14.5 0.0552894872617 0.0992495593318
14.6 0.0583594566297 0.0903162909528
14.7 0.0616698360999 0.0822133117128
14.8 0.0652351107447 0.0748630301689
14.9 0.0690709712518 0.0681951247162
15 0.0731943581486 0.0621458033389
15.1 0.0776235364655 0.0566572817308
15.2 0.0823781699204 0.0516772537176
15.3 0.0874793738055 0.0471581680966
15.4 0.0929498249734 0.0430570122572
15.5 0.0988138508517 0.0393348203444
15.6 0.105097527716 0.0359562039211
15.7 0.111828794813 0.0328891852442
15.8 0.119037575422 0.0301047503136
15.9 0.126755904246 0.0275765960826
16 0.135018062579 0.0252809579366
16.1 0.143860735704 0.0231962429489
16.2 0.153323163413 0.0213029113128
16.3 0.163447310921 0.019583292018
16.4 0.174278066678 0.0180213371264
16.5 0.18586341806 0.0166025529188
16.6 0.198254672085 0.0153138166176
16.7 0.211506686077 0.0141432220418
16.8 0.225678085551 0.0130800297705
16.9 0.240831544548 0.0121145059193
17 0.257034047715 0.0112378466141
17.1 0.274357169542 0.0104421148642
17.2 0.292877418248 0.00972012201866
17.3 0.312676537464 0.00906539291393
17.4 0.333841865401 0.00847209957309
17.5 0.356466741518 0.00793497975438
17.6 0.380650865632 0.00744932111909
17.7 0.406500757019 0.00701089998434
17.8 0.434130216485 0.00661593967234
17.9 0.463660775684 0.00626109346274
18 0.495222262788 0.0059434001341
18.1 0.528953324933 0.0056602676306
18.2 0.565001997625 0.00540945840841
18.3 0.603526374584 0.00518906838186
18.4 0.644695212179 0.00499752410123
18.5 0.688688636271 0.00483358151607
18.6 0.735698904243 0.00469633284306
18.7 0.785931125979 0.00458521210191
18.8 0.839604095877 0.00450003260113
18.9 0.896951136076 0.0044410177916
19 0.958220959018 0.00440883189677
19.1 1.02367853837 0.00440470324353
19.2 1.09360606551 0.00443046940393
19.3 1.16830386475 0.00448870004755
19.4 1.24809112377 0.00458299098014
19.5 1.33330701822 0.00471801610052
19.6 1.42431123405 0.00489997549467
19.7 1.52148432547 0.00513716301762
19.8 1.62522889111 0.00544011324033
19.9 1.73596813892 0.00582313666994
20 1.85414597225 0.00630511127774
