"Time" "Prey" "Predator"
0 1.71252917306 0.758456906593
0.1 1.64860667909 0.811936689804
0.2 1.57599328447 0.863261012316
0.3 1.49664707026 0.910866867105
0.4 1.41277005654 0.953268302179
0.5 1.32663295045 0.989180080231
0.6 1.24040375492 1.01761873321
0.7 1.15600954153 1.03796569174
0.8 1.0750338454 1.04998979091
0.9 0.998677224688 1.05382174676
1 0.92775522538 1.04990228777
1.1 0.862734464628 1.03890915241
1.2 0.803789522153 1.02167851002
1.3 0.750868063038 0.99913089885
1.4 0.703755278262 0.972208321725
1.5 0.66212972041 0.941825949097
1.6 0.625609268217 0.908838021247
1.7 0.59378613205 0.874016700466
1.8 0.566251815867 0.838041568155
1.9 0.542615438493 0.801495458075
2 0.522510791327 0.764870910733
2.1 0.505605123505 0.728572499083
2.2 0.491600073603 0.692926673218
2.3 0.480232044348 0.658190725537
2.4 0.47127076637 0.62456203035
2.5 0.464516847449 0.592186932273
2.6 0.459799223389 0.561168825148
2.7 0.456972643981 0.5315753965
2.8 0.455914702922 0.503445229372
2.9 0.456523452324 0.476793213953
3 0.458715182092 0.451615703076
3.1 0.462422352994 0.427893972567
3.2 0.46759152794 0.405598538671
3.3 0.474182084503 0.384690927905
3.4 0.482164395799 0.365127201947
3.5 0.491518941647 0.346858929268
3.6 0.502234917303 0.329835564781
3.7 0.514309436779 0.314005314711
3.8 0.527746589904 0.299316406628
3.9 0.542556689401 0.285717892322
4 0.558755480298 0.273160526882
4.1 0.576363738775 0.261596744514
4.2 0.595406300872 0.250981929265
4.3 0.615911653605 0.241274360417
4.4 0.637911185758 0.232435648447
4.5 0.66143858517 0.224430952435
4.6 0.686529108738 0.21722928167
4.7 0.713218863209 0.210803699408
4.8 0.741543858333 0.205131617375
4.9 0.771539115348 0.200195010893
5 0.80323742764 0.195980768421
5.1 0.836668165749 0.192480980325
5.2 0.87185550995 0.189693422762
5.3 0.90881714558 0.18762183176
5.4 0.947561607681 0.186276652938
5.5 0.98808592819 0.185675689844
5.6 1.03037375119 0.185844523952
5.7 1.07438938463 0.186818176465
5.8 1.1200775157 0.18864112901
5.9 1.16735465492 0.191369596377
6 1.21610662904 0.19507219192
6.1 1.26618253789 0.199831435631
6.2 1.31738402133 0.205746424532
6.3 1.36946107191 0.212933726494
6.4 1.42210169523 0.221529616239
6.5 1.47492336572 0.231691680344
6.6 1.52746101398 0.243600782144
6.7 1.57915910944 0.257461426855
6.8 1.62936015725 0.273502125037
6.9 1.67729934518 0.291972923733
7 1.72209756965 0.313142019944
7.1 1.76276328753 0.337288313564
7.2 1.79820558037 0.364684745618
7.3 1.82725089706 0.39558352923
7.4 1.84867902568 0.430188791027
7.5 1.86127260186 0.468623489883
7.6 1.86389618941 0.510885309248
7.7 1.85557753878 0.556803958192
7.8 1.83560925966 0.605995264783
7.9 1.80365160991 0.657823588557
8 1.7598211291 0.711382123915
8.1 1.70475047053 0.765499649034
8.2 1.63959340888 0.818787746833
8.3 1.56598134777 0.869716127422
8.4 1.48591549588 0.91672426595
8.5 1.40161595195 0.958346011285
8.6 1.3153483861 0.99333075264
8.7 1.22925708319 1.02073969988
8.8 1.14522719123 1.04000576181
8.9 1.06479536901 1.05094607996
9 0.98911039662 1.0537358761
9.1 0.918939323358 1.04885130729
9.2 0.854706925995 1.03699518408
9.3 0.796554459356 1.01901852982
9.4 0.744405212583 0.995847762032
9.5 0.698027542587 0.968423744593
9.6 0.657089850253 0.937655233574
9.7 0.621204937556 0.904386719995
9.8 0.589963724111 0.869378709286
9.9 0.562959237575 0.833298215768
10 0.539802575428 0.796716819057
10.1 0.520132592694 0.760113977344
10.2 0.503621186869 0.723883510339
10.3 0.489974040792 0.688343039117
10.4 0.47893210061 0.653741381477
10.5 0.470269180832 0.620268771889
10.6 0.463789749404 0.588065507045
10.7 0.459326301729 0.557229936833
10.8 0.456736604149 0.527825653121
10.9 0.45590113199 0.499887831258
11 0.456720537686 0.473428734547
11.1 0.459113193502 0.44844243104
11.2 0.463013537334 0.424908758012
11.3 0.468369899927 0.402796618427
11.4 0.475143125617 0.382066972628
11.5 0.48330504114 0.362674937759
11.6 0.492837270581 0.344571925802
11.7 0.503730141055 0.327707032938
11.8 0.515981710917 0.312028461238
11.9 0.52959693225 0.297484478081
12 0.544586882015 0.284024306069
12.1 0.560968044434 0.271598805259
12.2 0.578761670577 0.260161010604
12.3 0.597993073 0.249666695277
12.4 0.618691155984 0.240074489753
12.5 0.640887722612 0.231346296841
12.6 0.664616605736 0.223447933926
12.7 0.689913347458 0.216348793756
12.8 0.716813985972 0.210022583626
12.9 0.74535450919 0.204447254569
13 0.775569725575 0.199605373162
13.1 0.807491987907 0.195484553127
13.2 0.841150237438 0.192077520316
13.3 0.876567871903 0.189382828261
13.4 0.913761501348 0.1874050675
13.5 0.952738423631 0.186155575985
13.6 0.993494085909 0.185653127929
13.7 1.0360096455 0.185924531286
13.8 1.08024750147 0.187005863561
13.9 1.12614840552 0.188943218191
14 1.17362588997 0.191794160605
14.1 1.22256090844 0.19562914
14.2 1.27279601127 0.200532950851
14.3 1.32412734092 0.206606623422
14.4 1.37629763398 0.21396919148
14.5 1.42898621452 0.222759505507
14.6 1.4817998464 0.233138413422
14.7 1.53426297122 0.245289473882
14.8 1.58580664178 0.259420552728
14.9 1.63575988508 0.275763339614
15 1.68334400472 0.29456976675
15.1 1.72766190747 0.316111915586
15.2 1.76771093032 0.340666884279
15.3 1.80238808063 0.368506370644
15.4 1.83051075925 0.399878382242
15.5 1.85085488007 0.434979067392
15.6 1.86221138578 0.473916161356
15.7 1.8634590323 0.51666932441
15.8 1.85365380754 0.563042658532
15.9 1.83212999589 0.612622074912
16 1.79860719416 0.664732543485
16.1 1.75326419702 0.718435369334
16.2 1.69680103445 0.772528185781
16.3 1.6304395228 0.825597044057
16.4 1.55586660594 0.876101731329
16.5 1.47512109684 0.922486626459
16.6 1.39043847686 0.963307818596
16.7 1.30407773219 0.997350468544
16.8 1.21815551278 1.02372241746
16.9 1.13451462254 1.04190702021
17 1.05464273247 1.05176963016
17.1 0.979638338914 1.05352797776
17.2 0.910221218721 1.04769209899
17.3 0.846776093459 1.03498817433
17.4 0.789412871425 1.01628057404
17.5 0.738030926196 0.992501275106
17.6 0.692382448148 0.964589592957
17.7 0.652126223393 0.933447580118
17.8 0.616870415074 0.899909782673
17.9 0.586204825681 0.864725036209
18 0.559724048873 0.828547808429
18.1 0.537042553681 0.791937064926
18.2 0.517802704284 0.755361592354
18.3 0.501680737881 0.719204456081
18.4 0.488387574493 0.683773136278
18.5 0.477668173087 0.649308765901
18.6 0.469300646967 0.615994414011
18.7 0.463093244349 0.583964490639
18.8 0.458881803845 0.553312469415
18.9 0.45652730157 0.524097826579
19 0.455912933209 0.496352471891
19.1 0.456941785729 0.47008603227
19.2 0.459534602791 0.445290501638
19.3 0.463627495102 0.421944082387
19.4 0.46917065345 0.400014596637
19.5 0.476126388669 0.379461956968
19.6 0.484467879056 0.360240856283
19.7 0.494177954208 0.3423021693
19.8 0.505247974674 0.32559494489
19.9 0.517676983677 0.310067216771
20 0.531470740325 0.295667434553
