"Time" "Prey" "Predator"
0 10.5089525347 7.27067403444
0.1 2.88620858841 12.2806131466
0.2 0.561056067665 12.8174641622
0.3 0.114641999854 11.9251890837
0.4 0.0268387032195 10.8550554492
0.5 0.00722800264953 9.83659284949
0.6 0.00221720959454 8.90425398738
0.7 0.000765777348077 8.05799201627
0.8 0.000294447885437 7.29152925154
0.9 0.000124812149178 6.59777786962
1 5.77052299114e-05 5.96996787148
1.1 2.89274561818e-05 5.40187316403
1.2 1.56197489928e-05 4.88783062222
1.3 8.9824087084e-06 4.42270087645
1.4 5.42661662919e-06 4.00182615857
1.5 3.46804395691e-06 3.62099957307
1.6 2.38662427545e-06 3.27641624655
1.7 1.68617897734e-06 2.96462405954
1.8 1.23296548291e-06 2.68250235903
1.9 9.54496942861e-07 2.42722694061
2 7.67638985988e-07 2.19624628599
2.1 6.51775148591e-07 1.98725071406
2.2 5.18189085596e-07 1.79813799566
2.3 4.33668103902e-07 1.62702213256
2.4 3.85466454272e-07 1.47219112896
2.5 3.39983395072e-07 1.33209376213
2.6 3.05730517615e-07 1.20532831698
2.7 2.80832936328e-07 1.09062626206
2.8 2.61784756546e-07 0.986839556179
2.9 2.4666399729e-07 0.892929437637
3 2.3521783135e-07 0.807956271672
3.1 2.26863399382e-07 0.731069249921
3.2 2.21110334771e-07 0.66149906891
3.3 2.17329207381e-07 0.598549195132
3.4 2.1531321837e-07 0.541589883802
3.5 2.14875852105e-07 0.490050919779
3.6 2.15845072572e-07 0.443416507722
3.7 2.18103833586e-07 0.401219993852
3.8 2.21568549935e-07 0.363038918301
3.9 2.26181669501e-07 0.328491315738
4 2.31904608393e-07 0.29723128775
4.1 2.38717290675e-07 0.268946068634
4.2 2.46612366059e-07 0.243352287551
4.3 2.55596206576e-07 0.220193939483
4.4 2.65688668778e-07 0.199239687309
4.5 2.76914518987e-07 0.180279479424
4.6 2.89310699084e-07 0.163123672048
4.7 3.02920388966e-07 0.147600416882
4.8 3.17795688558e-07 0.133554379481
4.9 3.33996103005e-07 0.120844960482
5 3.51588978517e-07 0.109345052195
5.1 3.70648961723e-07 0.09893950719
5.2 3.91258459116e-07 0.0895241732433
5.3 4.13507609047e-07 0.081004806675
5.4 4.37494633025e-07 0.0732961664694
5.5 4.63326023382e-07 0.0663210515106
5.6 4.91117091845e-07 0.0600097419746
5.7 5.20992191092e-07 0.0542990651863
5.8 5.53085230147e-07 0.0491318220432
5.9 5.87540295643e-07 0.0444563257952
6 6.24512149751e-07 0.0402257346079
6.1 6.64166933732e-07 0.0363977444348
6.2 7.06682845203e-07 0.0329340366811
6.3 7.52250897887e-07 0.0297999330308
6.4 8.01075749878e-07 0.0269641035204
6.5 8.53376595971e-07 0.024398130902
6.6 9.09388094438e-07 0.0220763452888
6.7 9.6936144175e-07 0.0199755021488
6.8 1.03356545609e-06 0.0180745712881
6.9 1.10228773425e-06 0.0163545505977
7 1.17583600123e-06 0.0147982072032
7.1 1.25453935345e-06 0.0133899723616
7.2 1.33874986903e-06 0.0121157391475
7.3 1.42884404262e-06 0.0109627527064
7.4 1.52522434786e-06 0.00991951142596
7.5 1.6283215698e-06 0.00897556902452
7.6 1.7385959269e-06 0.00812146176186
7.7 1.85653926193e-06 0.00734861893767
7.8 1.98267844102e-06 0.00664934268221
7.9 2.11757568613e-06 0.00601660108715
8 2.26183235949e-06 0.00544404413156
8.1 2.41609225922e-06 0.0049259881244
8.2 2.58104216709e-06 0.0044572196709
8.3 2.7574174786e-06 0.00403305993194
8.4 2.94600433658e-06 0.00364927843939
8.5 3.14764176878e-06 0.00330200299143
8.6 3.36322874434e-06 0.00298778064006
8.7 3.59372512664e-06 0.0027034659722
8.8 3.84015653596e-06 0.00244619882955
8.9 4.10362265835e-06 0.00221344200309
9 4.38529538115e-06 0.00200285102022
9.1 4.68642444403e-06 0.0018122640986
9.2 5.00835229345e-06 0.00163979496815
9.3 5.35251416473e-06 0.00148375012579
9.4 5.7204386404e-06 0.00134255172254
9.5 6.11375945704e-06 0.0012147671301
9.6 6.53423300448e-06 0.00109915447916
9.7 6.98372896279e-06 0.000994555677348
9.8 7.46424115009e-06 0.0008999032764
9.9 7.97791070732e-06 0.000814259620159
10 8.52702655128e-06 0.000736778889939
10.1 9.11402655212e-06 0.000666671567025
10.2 9.7415162147e-06 0.000603219904731
10.3 1.04122967562e-05 0.000545810341749
10.4 1.11293499364e-05 0.000493867965221
10.5 1.1895895367e-05 0.000446842279535
10.6 1.27152344803e-05 0.000404328926513
10.7 1.35911182658e-05 0.000365854115228
10.8 1.45274132667e-05 0.00033103944302
10.9 1.55282810488e-05 0.000299535086821
11 1.65982272157e-05 0.000271037716258
11.1 1.77420075105e-05 0.000245256177751
11.2 1.89646593121e-05 0.000221923004968
11.3 2.02715321327e-05 0.000200796042613
11.4 2.16686155002e-05 0.000181664042085
11.5 2.31621717935e-05 0.000164340395416
11.6 2.47587438426e-05 0.000148663264971
11.7 2.64652186767e-05 0.000134496635215
11.8 2.82892960814e-05 0.000121692905421
11.9 3.02393583328e-05 0.000110103289453
12 3.2323983555e-05 9.96166669039e-05
12.1 3.45522061572e-05 9.01387910852e-05
12.2 3.69337881519e-05 8.15811964898e-05
12.3 3.94798354872e-05 7.38360008155e-05
12.4 4.22016396561e-05 6.68232643685e-05
12.5 4.51110602767e-05 6.04753487072e-05
12.6 4.82121839396e-05 5.46532119045e-05
12.7 5.15421575409e-05 4.9508947848e-05
12.8 5.50979978357e-05 4.48175834268e-05
12.9 5.88972790071e-05 4.05553981374e-05
13 6.29575768043e-05 3.66986667135e-05
13.1 6.72997810371e-05 3.32135855291e-05
13.2 7.19458866965e-05 3.00629900025e-05
13.3 7.69155185331e-05 2.7216923668e-05
13.4 8.22283012976e-05 2.46454300596e-05
13.5 8.79038597407e-05 2.23185527117e-05
13.6 9.39648523441e-05 2.0209210955e-05
13.7 0.00010045043055 1.83059584645e-05
13.8 0.000107390020057 1.65881294902e-05
13.9 0.000114810818222 1.50329459462e-05
14 0.000122740022402 1.36176297465e-05
14.1 0.000131204839064 1.23194112948e-05
14.2 0.00014025211345 1.11338225729e-05
14.3 0.000149935257234 1.00625148846e-05
14.4 0.000160293624369 9.09403900286e-06
14.5 0.00017136656881 8.21694570054e-06
14.6 0.000183193444513 7.41978575054e-06
14.7 0.000195820582848 6.69302323623e-06
14.8 0.000209332284997 6.03753412408e-06
14.9 0.000223790470933 5.44805712218e-06
15 0.000239251926437 4.91792306756e-06
15.1 0.000255773437289 4.44046279728e-06
15.2 0.000273411807769 4.0090086217e-06
15.3 0.000292264477686 3.62012916198e-06
15.4 0.000312442508471 3.271477898e-06
15.5 0.000334027848899 2.95838970789e-06
15.6 0.000357102447743 2.67619946981e-06
15.7 0.000381748253779 2.42024206191e-06
15.8 0.000408061734696 2.18667700776e-06
15.9 0.000436218568687 1.97616282988e-06
16 0.000466347792283 1.78670889719e-06
16.1 0.000498567708443 1.61571493307e-06
16.2 0.000532996620124 1.46058066093e-06
16.3 0.000569752865768 1.31870667627e-06
16.4 0.000609039382194 1.18957288928e-06
16.5 0.000651087782043 1.07336402343e-06
16.6 0.000696068849469 9.68769719457e-07
16.7 0.000744153368622 8.74479618119e-07
16.8 0.000795512123655 7.89183360162e-07
16.9 0.000850698682892 7.14062381306e-07
17 0.000909165021172 6.43127117777e-07
17.1 0.000971851760984 5.80078596462e-07
17.2 0.00103895753192 5.23787722473e-07
17.3 0.00111069473705 4.73215061577e-07
17.4 0.00118728959604 4.27410944159e-07
17.5 0.00126909874059 3.85796634412e-07
17.6 0.00135655391092 3.48030966168e-07
17.7 0.00145003782805 3.13711009888e-07
17.8 0.00154996190872 2.82559481452e-07
17.9 0.0016567662653 2.54424742163e-07
18 0.00177091970585 2.29280798744e-07
18.1 0.00189293880887 2.06904488561e-07
18.2 0.00202340116033 1.86651461277e-07
18.3 0.00216289167272 1.68364655816e-07
18.4 0.00231202706433 1.5196002148e-07
18.5 0.0024714566368 1.37413359537e-07
18.6 0.0026418622751 1.24760323218e-07
18.7 0.002823989206 1.13947095055e-07
18.8 0.00301873555951 1.04395594125e-07
18.9 0.00322697363782 9.58711593481e-08
19 0.00344960981808 8.81917402097e-08
19.1 0.00368759437694 8.11802017386e-08
19.2 0.00394192149055 7.46643245089e-08
19.3 0.00421365762423 6.84944626921e-08
19.4 0.00450417692831 6.26899574321e-08
19.5 0.00481481883151 5.72261640506e-08
19.6 0.00514694408934 5.20693134309e-08
19.7 0.00550198087583 4.72051805783e-08
19.8 0.00588142478358 4.26390846194e-08
19.9 0.00628684743858 3.83944805811e-08
20 0.00672017568804 3.4467321829e-08
