"Time" "Prey" "Predator"
0 3.10689339868 18.8099527516
0.1 0.251383465639 19.0727216286
0.2 0.0235266468701 17.4217098533
0.3 0.00275361354269 15.7788291676
0.4 0.000397483618099 14.2789859873
0.5 6.93486882761e-05 12.920400284
0.6 1.44420653859e-05 11.6909023096
0.7 3.48515230681e-06 10.5783754648
0.8 9.65772854298e-07 9.57171438877
0.9 2.77945393288e-07 8.66084603059
1 5.72240919458e-08 7.83665296651
1.1 7.66847423013e-08 7.09089591867
1.2 3.91245452127e-08 6.41610718699
1.3 1.26684175821e-08 5.8055327253
1.4 4.17909194421e-08 5.25306041768
1.5 4.4912895109e-08 4.75316918032
1.6 2.70946481238e-08 4.30084853302
1.7 4.83054137993e-09 3.89156710555
1.8 1.44484309629e-08 3.52123628514
1.9 1.12172910392e-08 3.18614658001
2 6.7348883224e-09 2.88294471092
2.1 5.94779967238e-09 2.60859634296
2.2 6.4544872953e-09 2.36035575457
2.3 4.16159823055e-09 2.13573833374
2.4 3.42932304832e-09 1.93249619708
2.5 3.22078541774e-09 1.74859501821
2.6 1.80010174751e-09 1.58219354797
2.7 8.61736459427e-10 1.43162768656
2.8 -8.37703147684e-10 1.29539010348
2.9 -7.4866355806e-10 1.17211749733
3 -6.4292701157e-10 1.06057577815
3.1 -7.0127789535e-10 0.959648576105
3.2 -7.15813263968e-10 0.868325920129
3.3 -7.02047359913e-10 0.785693778749
3.4 -7.02935801931e-10 0.710925118438
3.5 -7.04670756977e-10 0.643271615298
3.6 -7.10964459692e-10 0.582055993392
3.7 -7.21256220414e-10 0.526665637731
3.8 -7.22106179546e-10 0.476546732933
3.9 -7.22032905487e-10 0.43119713163
4 -7.22010262003e-10 0.390163262523
4.1 -7.22127085989e-10 0.35303431801
4.2 -7.22303814628e-10 0.319438542144
4.3 -7.22308257303e-10 0.289039976643
4.4 -7.22281460253e-10 0.261534058194
4.5 -7.22268132733e-10 0.23664577036
4.6 -7.22268132733e-10 0.214125949691
4.7 -7.22268132733e-10 0.193749119867
4.8 -7.22268132733e-10 0.175311485546
4.9 -7.22268132733e-10 0.15862833015
5 -7.22268132733e-10 0.143532835824
5.1 -7.22268132733e-10 0.129873859556
5.2 -7.22268132733e-10 0.117514675708
5.3 -7.22268132733e-10 0.106331694715
5.4 -7.22268132733e-10 0.0962128645123
5.5 -7.22268132733e-10 0.0870569998992
5.6 -7.22268132733e-10 0.0787724196778
5.7 -7.22268132733e-10 0.0712761995068
5.8 -7.22268132733e-10 0.0644933825244
5.9 -7.22268132733e-10 0.0583560041425
6 -7.22268132733e-10 0.0528026961645
6.1 -7.22268132733e-10 0.0477778516149
6.2 -7.22268132733e-10 0.0432311711802
6.3 -7.22268132733e-10 0.0391171872214
6.4 -7.22268132733e-10 0.035394679562
6.5 -7.22268132733e-10 0.0320264292001
6.6 -7.22268132733e-10 0.0289787091104
6.7 -7.22268132733e-10 0.0262210105912
6.8 -7.22268132733e-10 0.0237257556993
6.9 -7.22268132733e-10 0.0214679431301
7 -7.22268132733e-10 0.0194249975812
7.1 -7.22268132733e-10 0.0175764625329
7.2 -7.22268132733e-10 0.0159038342983
7.3 -7.22268132733e-10 0.0143903869556
7.4 -7.22268132733e-10 0.0130209559507
7.5 -7.22268132733e-10 0.0117818455993
7.6 -7.22268132733e-10 0.0106606556757
7.7 -7.22268132733e-10 0.00964615606496
7.8 -7.22268132733e-10 0.00872819872155
7.9 -7.22268132733e-10 0.00789757876248
8 -7.22268132733e-10 0.00714600782102
8.1 -7.22268132733e-10 0.00646598757306
8.2 -7.22268132733e-10 0.00585069497089
8.3 -7.22268132733e-10 0.00529395183195
8.4 -7.22268132733e-10 0.00479018377666
8.5 -7.22268132733e-10 0.00433437283905
8.6 -7.22268132733e-10 0.00392191892405
8.7 -7.22268132733e-10 0.00354869525164
8.8 -7.22268132733e-10 0.00321100034195
8.9 -7.22268132733e-10 0.00290543168788
9 -7.22268132733e-10 0.00262893997045
9.1 -7.22268132733e-10 0.00237877401315
9.2 -7.22268132733e-10 0.00215240443639
9.3 -7.22268132733e-10 0.00194757522299
9.4 -7.22268132733e-10 0.00176224662913
9.5 -7.22268132733e-10 0.00159454527849
9.6 -7.22268132733e-10 0.00144281208593
9.7 -7.22268132733e-10 0.00130553451151
9.8 -7.22268132733e-10 0.00118131312334
9.9 -7.22268132733e-10 0.00106888606673
10 -7.22268132733e-10 0.000967165111596
10.1 -7.22268132733e-10 0.000875128061887
10.2 -7.22268132733e-10 0.000791836555238
10.3 -7.22268132733e-10 0.000716471904899
10.4 -7.22268132733e-10 0.000648288486312
10.5 -7.22268132733e-10 0.000586594493821
10.6 -7.22268132733e-10 0.000530765097358
10.7 -7.22268132733e-10 0.000480256770572
10.8 -7.22268132733e-10 0.000434559064165
10.9 -7.22268132733e-10 0.000393201563876
11 -7.22268132733e-10 0.000355778161613
11.1 -7.22268132733e-10 0.000321919472873
11.2 -7.22268132733e-10 0.000291282541186
11.3 -7.22268132733e-10 0.000263553091098
11.4 -7.22268132733e-10 0.000238474659801
11.5 -7.22268132733e-10 0.000215781789406
11.6 -7.22268132733e-10 0.000195245838589
11.7 -7.22268132733e-10 0.000176668373449
11.8 -7.22268132733e-10 0.000159863506058
11.9 -7.22268132733e-10 0.00014465719285
12 -7.22268132733e-10 0.000130890859767
12.1 -7.22268132733e-10 0.000118423203586
12.2 -7.22268132733e-10 0.000107131820952
12.3 -7.22268132733e-10 9.69083983657e-05
12.4 -7.22268132733e-10 8.76606807017e-05
12.5 -7.22268132733e-10 7.93102554727e-05
12.6 -7.22268132733e-10 7.17584977645e-05
12.7 -7.22268132733e-10 6.49231802145e-05
12.8 -7.22268132733e-10 5.87399273512e-05
12.9 -7.22268132733e-10 5.31547011343e-05
13 -7.22268132733e-10 4.81127670391e-05
13.1 -7.22268132733e-10 4.35487155683e-05
13.2 -7.22268132733e-10 3.94159255729e-05
13.3 -7.22268132733e-10 3.56745062836e-05
13.4 -7.22268132733e-10 3.22314609983e-05
13.5 -7.22268132733e-10 2.920507107e-05
13.6 -7.22268132733e-10 2.64415225487e-05
13.7 -7.22268132733e-10 2.39281028011e-05
13.8 -7.22268132733e-10 2.16520991941e-05
13.9 -7.22268132733e-10 1.95962775371e-05
14 -7.22268132733e-10 1.77370733863e-05
14.1 -7.22268132733e-10 1.60572618948e-05
14.2 -7.22268132733e-10 1.45397881482e-05
14.3 -7.22268132733e-10 1.31675972323e-05
14.4 -7.22268132733e-10 1.19242276792e-05
14.5 -7.22268132733e-10 1.08016307178e-05
14.6 -7.22268132733e-10 9.78874392529e-06
14.7 -7.22268132733e-10 8.87233442162e-06
14.8 -7.22268132733e-10 8.03916932658e-06
14.9 -7.22268132733e-10 7.27601576002e-06
15 -7.22268132733e-10 6.57654148716e-06
15.1 -7.22268132733e-10 5.94407528828e-06
15.2 -7.22268132733e-10 5.372270669e-06
15.3 -7.22268132733e-10 4.85452178929e-06
15.4 -7.22268132733e-10 4.38422280913e-06
15.5 -7.22268132733e-10 3.86706905665e-06
15.6 -7.22268132733e-10 3.52115000224e-06
15.7 -7.22268132733e-10 3.19825178514e-06
15.8 -7.22268132733e-10 2.89837440537e-06
15.9 -7.22268132733e-10 2.62151786292e-06
16 -7.22268132733e-10 2.36768215779e-06
16.1 -7.22268132733e-10 2.13568996014e-06
16.2 -7.22268132733e-10 1.92334640341e-06
16.3 -7.22268132733e-10 1.73060176375e-06
16.4 -7.22268132733e-10 1.55745604117e-06
16.5 -7.22268132733e-10 1.40390923566e-06
16.6 -7.22268132733e-10 1.26993192375e-06
16.7 -7.22268132733e-10 1.15019038459e-06
16.8 -7.22268132733e-10 1.04074260055e-06
16.9 -7.22268132733e-10 9.41588571641e-07
17 -7.22268132733e-10 8.52728297852e-07
17.1 -7.22268132733e-10 7.74161779185e-07
17.2 -7.22268132733e-10 7.05591888849e-07
17.3 -7.22268132733e-10 6.43073192956e-07
17.4 -7.22268132733e-10 5.85375612894e-07
17.5 -7.22268132733e-10 5.32499148664e-07
17.6 -7.22268132733e-10 4.84443800265e-07
17.7 -7.22268132733e-10 4.41209567697e-07
17.8 -7.22268132733e-10 4.02442010475e-07
17.9 -7.22268132733e-10 3.66571439438e-07
18 -7.22268132733e-10 3.33411267449e-07
18.1 -7.22268132733e-10 3.0296149451e-07
18.2 -7.22268132733e-10 2.75222120619e-07
18.3 -7.22268132733e-10 2.50193145777e-07
18.4 -7.22268132733e-10 2.27528107442e-07
18.5 -7.22268132733e-10 2.06581104163e-07
18.6 -7.22268132733e-10 1.87337503296e-07
18.7 -7.22268132733e-10 1.6979730484e-07
18.8 -7.22268132733e-10 1.53960508797e-07
18.9 -7.22268132733e-10 1.39824933762e-07
19 -7.22268132733e-10 1.26995147321e-07
19.1 -7.22268132733e-10 1.15178895419e-07
19.2 -7.22268132733e-10 1.04376178056e-07
19.3 -7.22268132733e-10 9.45869952316e-08
19.4 -7.22268132733e-10 8.58113469459e-08
19.5 -7.22268132733e-10 7.80250161957e-08
19.6 -7.22268132733e-10 7.09064345856e-08
19.7 -7.22268132733e-10 6.43553458659e-08
19.8 -7.22268132733e-10 5.83717500366e-08
19.9 -7.22268132733e-10 5.29556470977e-08
20 -7.22268132733e-10 4.81070370492e-08
