"Time" "Prey" "Predator"
0 1.01369295845 35.6805302345
0.1 0.010839469583 32.9898108717
0.2 0.000176079602456 29.8579304426
0.3 4.27315194891e-06 27.0166943129
0.4 2.02717683831e-07 24.4457266957
0.5 -6.06749405785e-08 22.1194163967
0.6 -1.0687649654e-07 20.0144748452
0.7 -1.1945854436e-07 18.1098431601
0.8 -1.1945854436e-07 16.3864632284
0.9 -1.1945854436e-07 14.8270816636
1 -1.1945854436e-07 13.4160943304
1.1 -1.1945854436e-07 12.1393806806
1.2 -1.1945854436e-07 10.9841627154
1.3 -1.1945854436e-07 9.93887858074
1.4 -1.1945854436e-07 8.99306710058
1.5 -1.1945854436e-07 8.137263061
1.6 -1.1945854436e-07 7.36290808379
1.7 -1.1945854436e-07 6.66223553231
1.8 -1.1945854436e-07 6.0282400906
1.9 -1.1945854436e-07 5.45457764541
2 -1.1945854436e-07 4.93550664579
2.1 -1.1945854436e-07 4.46583138224
2.2 -1.1945854436e-07 4.04085171294
2.3 -1.1945854436e-07 3.65631559283
2.4 -1.1945854436e-07 3.30837197785
2.5 -1.1945854436e-07 2.99353576991
2.6 -1.1945854436e-07 2.7086608339
2.7 -1.1945854436e-07 2.45089905265
2.8 -1.1945854436e-07 2.21766555163
2.9 -1.1945854436e-07 2.00662595494
3 -1.1945854436e-07 1.81567013235
3.1 -1.1945854436e-07 1.64288632822
3.2 -1.1945854436e-07 1.48654522405
3.3 -1.1945854436e-07 1.34508169551
3.4 -1.1945854436e-07 1.21708001582
3.5 -1.1945854436e-07 1.10125956465
3.6 -1.1945854436e-07 0.996460893079
3.7 -1.1945854436e-07 0.901635056941
3.8 -1.1945854436e-07 0.815833007214
3.9 -1.1945854436e-07 0.738195657775
4 -1.1945854436e-07 0.667946716258
4.1 -1.1945854436e-07 0.604383080875
4.2 -1.1945854436e-07 0.546868188566
4.3 -1.1945854436e-07 0.494826903163
4.4 -1.1945854436e-07 0.447737788858
4.5 -1.1945854436e-07 0.405129851524
4.6 -1.1945854436e-07 0.366576599814
4.7 -1.1945854436e-07 0.331692015711
4.8 -1.1945854436e-07 0.300127399989
4.9 -1.1945854436e-07 0.271566463435
5 -1.1945854436e-07 0.245723497508
5.1 -1.1945854436e-07 0.222339811383
5.2 -1.1945854436e-07 0.201181274901
5.3 -1.1945854436e-07 0.182036362341
5.4 -1.1945854436e-07 0.164713248473
5.5 -1.1945854436e-07 0.149038688081
5.6 -1.1945854436e-07 0.134855792498
5.7 -1.1945854436e-07 0.12202252791
5.8 -1.1945854436e-07 0.110410566549
5.9 -1.1945854436e-07 0.0999035705443
6 -1.1945854436e-07 0.090396468926
6.1 -1.1945854436e-07 0.08179410708
6.2 -1.1945854436e-07 0.074010339155
6.3 -1.1945854436e-07 0.0669673376009
6.4 -1.1945854436e-07 0.0605945366095
6.5 -1.1945854436e-07 0.0548281970015
6.6 -1.1945854436e-07 0.0496106009434
6.7 -1.1945854436e-07 0.0448895043205
6.8 -1.1945854436e-07 0.0406177097123
6.9 -1.1945854436e-07 0.0367524143933
7 -1.1945854436e-07 0.0332549569544
7.1 -1.1945854436e-07 0.0300903291252
7.2 -1.1945854436e-07 0.0272268427663
7.3 -1.1945854436e-07 0.0246358694213
7.4 -1.1945854436e-07 0.022291448811
7.5 -1.1945854436e-07 0.020170134093
7.6 -1.1945854436e-07 0.018250692564
7.7 -1.1945854436e-07 0.0165139030295
7.8 -1.1945854436e-07 0.0149423997692
7.9 -1.1945854436e-07 0.0135204376443
8 -1.1945854436e-07 0.0122337957996
8.1 -1.1945854436e-07 0.0110695961031
8.2 -1.1945854436e-07 0.0100161804531
8.3 -1.1945854436e-07 0.00906301645718
8.4 -1.1945854436e-07 0.00820055400315
8.5 -1.1945854436e-07 0.00742016712915
8.6 -1.1945854436e-07 0.00671404465356
8.7 -1.1945854436e-07 0.00607511590772
8.8 -1.1945854436e-07 0.00549699266353
8.9 -1.1945854436e-07 0.00497388357764
9 -1.1945854436e-07 0.00450055522886
9.1 -1.1945854436e-07 0.00407226262416
9.2 -1.1945854436e-07 0.00368471618568
9.3 -1.1945854436e-07 0.00333405601786
9.4 -1.1945854436e-07 0.00301678812883
9.5 -1.1945854436e-07 0.00272972506253
9.6 -1.1945854436e-07 0.00246998397805
9.7 -1.1945854436e-07 0.00223494681011
9.8 -1.1945854436e-07 0.00202228779978
9.9 -1.1945854436e-07 0.00182987151472
10 -1.1945854436e-07 0.00165573826087
10.1 -1.1945854436e-07 0.00149816754794
10.2 -1.1945854436e-07 0.00135559914348
10.3 -1.1945854436e-07 0.00122659252388
10.4 -1.1945854436e-07 0.00110985712587
10.5 -1.1945854436e-07 0.00100424309064
10.6 -1.1945854436e-07 0.000908682218664
10.7 -1.1945854436e-07 0.000822191558354
10.8 -1.1945854436e-07 0.000743959870601
10.9 -1.1945854436e-07 0.000673167888079
11 -1.1945854436e-07 0.000609103204212
11.1 -1.1945854436e-07 0.000551141143558
11.2 -1.1945854436e-07 0.000498699838671
11.3 -1.1945854436e-07 0.000451243505864
11.4 -1.1945854436e-07 0.000408288425872
11.5 -1.1945854436e-07 0.000369402448735
11.6 -1.1945854436e-07 0.000334205714555
11.7 -1.1945854436e-07 0.000302370474293
11.8 -1.1945854436e-07 0.000273592078511
11.9 -1.1945854436e-07 0.000247545133616
12 -1.1945854436e-07 0.000223974254236
12.1 -1.1945854436e-07 0.000202661823834
12.2 -1.1945854436e-07 0.000183393306034
12.3 -1.1945854436e-07 0.000165950481132
12.4 -1.1945854436e-07 0.000150162232721
12.5 -1.1945854436e-07 0.000135745762623
12.6 -1.1945854436e-07 0.000122920827348
12.7 -1.1945854436e-07 0.000111251436001
12.8 -1.1945854436e-07 0.00010066579799
12.9 -1.1945854436e-07 9.10909560947e-05
13 -1.1945854436e-07 8.2435266282e-05
13.1 -1.1945854436e-07 7.46123077111e-05
13.2 -1.1945854436e-07 6.75405202188e-05
13.3 -1.1945854436e-07 6.11383436418e-05
13.4 -1.1945854436e-07 5.53348150876e-05
13.5 -1.1945854436e-07 5.00952311834e-05
13.6 -1.1945854436e-07 4.5361220253e-05
13.7 -1.1945854436e-07 4.10715017777e-05
13.8 -1.1945854436e-07 3.71647952385e-05
13.9 -1.1945854436e-07 3.36115715614e-05
14 -1.1945854436e-07 3.0403043919e-05
14.1 -1.1945854436e-07 2.75034706715e-05
14.2 -1.1945854436e-07 2.48770791208e-05
14.3 -1.1945854436e-07 2.21694704374e-05
14.4 -1.1945854436e-07 2.01836816784e-05
14.5 -1.1945854436e-07 1.83332434739e-05
14.6 -1.1945854436e-07 1.6618155824e-05
14.7 -1.1945854436e-07 1.50384187285e-05
14.8 -1.1945854436e-07 1.3590462056e-05
14.9 -1.1945854436e-07 1.22607406319e-05
15 -1.1945854436e-07 1.10479410577e-05
15.1 -1.1945854436e-07 9.95206333333e-06
15.2 -1.1945854436e-07 8.97310745889e-06
15.3 -1.1945854436e-07 8.11107343434e-06
15.4 -1.1945854436e-07 7.34594646811e-06
15.5 -1.1945854436e-07 6.64558037589e-06
15.6 -1.1945854436e-07 6.00954742508e-06
15.7 -1.1945854436e-07 5.43784761569e-06
15.8 -1.1945854436e-07 4.93048094772e-06
15.9 -1.1945854436e-07 4.48719603985e-06
16 -1.1945854436e-07 4.0876266421e-06
16.1 -1.1945854436e-07 3.71886357864e-06
16.2 -1.1945854436e-07 3.38090684946e-06
16.3 -1.1945854436e-07 3.07375645458e-06
16.4 -1.1945854436e-07 2.79741239398e-06
16.5 -1.1945854436e-07 2.55091631763e-06
16.6 -1.1945854436e-07 2.32413054242e-06
16.7 -1.1945854436e-07 2.11433451656e-06
16.8 -1.1945854436e-07 1.92152824004e-06
16.9 -1.1945854436e-07 1.74571171286e-06
17 -1.1945854436e-07 1.58688493502e-06
17.1 -1.1945854436e-07 1.44379384753e-06
17.2 -1.1945854436e-07 1.31168051711e-06
17.3 -1.1945854436e-07 1.19008359405e-06
17.4 -1.1945854436e-07 1.07900307835e-06
17.5 -1.1945854436e-07 9.78438970007e-07
17.6 -1.1945854436e-07 8.88391269028e-07
17.7 -1.1945854436e-07 8.07247587023e-07
17.8 -1.1945854436e-07 7.32418232561e-07
17.9 -1.1945854436e-07 6.63868747573e-07
18 -1.1945854436e-07 6.01599132058e-07
18.1 -1.1945854436e-07 5.45609386017e-07
18.2 -1.1945854436e-07 4.95878979586e-07
18.3 -1.1945854436e-07 4.50744637465e-07
18.4 -1.1945854436e-07 4.09152090297e-07
18.5 -1.1945854436e-07 3.71101338081e-07
18.6 -1.1945854436e-07 3.36592380817e-07
18.7 -1.1945854436e-07 3.05625218505e-07
18.8 -1.1945854436e-07 2.78092097463e-07
18.9 -1.1945854436e-07 2.52853170415e-07
19 -1.1945854436e-07 2.2960254759e-07
19.1 -1.1945854436e-07 2.08340228989e-07
19.2 -1.1945854436e-07 1.8906621461e-07
19.3 -1.1945854436e-07 1.71780504455e-07
19.4 -1.1945854436e-07 1.56319384792e-07
19.5 -1.1945854436e-07 1.42061721355e-07
19.6 -1.1945854436e-07 1.28947286291e-07
19.7 -1.1945854436e-07 1.169760796e-07
19.8 -1.1945854436e-07 1.06148101282e-07
19.9 -1.1945854436e-07 9.64633513361e-08
20 -1.1945854436e-07 8.77392746027e-08
