"Time" "Prey" "Predator"
0 16.3913793117 33.475019902
0.1 0.0695748459579 41.7300260869
0.2 0.000371111457562 37.8073025288
0.3 3.24654109741e-06 34.2097183263
0.4 -8.55442668982e-08 30.9542436549
0.5 -7.92864378376e-08 28.0085620231
0.6 -7.92864378376e-08 25.3431980044
0.7 -7.92864378376e-08 22.9314748212
0.8 -7.92864378376e-08 20.7492418066
0.9 -7.92864378376e-08 18.7746872554
1 -7.92864378376e-08 16.988036432
1.1 -7.92864378376e-08 15.3714071727
1.2 -7.92864378376e-08 13.9086163211
1.3 -7.92864378376e-08 12.5850464111
1.4 -7.92864378376e-08 11.3874327492
1.5 -7.92864378376e-08 10.3037688899
1.6 -7.92864378376e-08 9.32323827557
1.7 -7.92864378376e-08 8.43601542129
1.8 -7.92864378376e-08 7.63322246997
1.9 -7.92864378376e-08 6.90682553017
2 -7.92864378376e-08 6.249554599
2.1 -7.92864378376e-08 5.65483112477
2.2 -7.92864378376e-08 5.11670392492
2.3 -7.92864378376e-08 4.62978587047
2.4 -7.92864378376e-08 4.18920446401
2.5 -7.92864378376e-08 3.79054942577
2.6 -7.92864378376e-08 3.42983144114
2.7 -7.92864378376e-08 3.1034405866
2.8 -7.92864378376e-08 2.80810946944
2.9 -7.92864378376e-08 2.54088296045
3 -7.92864378376e-08 2.29908646871
3.1 -7.92864378376e-08 2.08029959612
3.2 -7.92864378376e-08 1.88233309736
3.3 -7.92864378376e-08 1.70320480525
3.4 -7.92864378376e-08 1.54112258624
3.5 -7.92864378376e-08 1.3944652149
3.6 -7.92864378376e-08 1.2617642651
3.7 -7.92864378376e-08 1.1416915481
3.8 -7.92864378376e-08 1.03304522804
3.9 -7.92864378376e-08 0.934737862241
4 -7.92864378376e-08 0.845785796116
4.1 -7.92864378376e-08 0.765298635597
4.2 -7.92864378376e-08 0.692470819477
4.3 -7.92864378376e-08 0.626573458823
4.4 -7.92864378376e-08 0.566946867485
4.5 -7.92864378376e-08 0.512994283277
4.6 -7.92864378376e-08 0.464176383192
4.7 -7.92864378376e-08 0.420004019895
4.8 -7.92864378376e-08 0.380035318976
4.9 -7.92864378376e-08 0.343870196357
5 -7.92864378376e-08 0.311146492421
5.1 -7.92864378376e-08 0.281537015185
5.2 -7.92864378376e-08 0.254745105587
5.3 -7.92864378376e-08 0.230502850792
5.4 -7.92864378376e-08 0.208567625059
5.5 -7.92864378376e-08 0.18871974515
5.6 -7.92864378376e-08 0.170760719995
5.7 -7.92864378376e-08 0.154510630623
5.8 -7.92864378376e-08 0.139806969968
5.9 -7.92864378376e-08 0.126502567884
6 -7.92864378376e-08 0.114464202132
6.1 -7.92864378376e-08 0.103571513748
6.2 -7.92864378376e-08 0.0937153606227
6.3 -7.92864378376e-08 0.0847971588312
6.4 -7.92864378376e-08 0.0767276362838
6.5 -7.92864378376e-08 0.0694259976439
6.6 -7.92864378376e-08 0.0628192493152
6.7 -7.92864378376e-08 0.0568411912834
6.8 -7.92864378376e-08 0.051432032749
6.9 -7.92864378376e-08 0.0465376285528
7 -7.92864378376e-08 0.0421089697816
7.1 -7.92864378376e-08 0.0381017766733
7.2 -7.92864378376e-08 0.0344758997956
7.3 -7.92864378376e-08 0.0311950790447
7.4 -7.92864378376e-08 0.0282264753546
7.5 -7.92864378376e-08 0.0255403614929
7.6 -7.92864378376e-08 0.0231098788484
7.7 -7.92864378376e-08 0.0209106759408
7.8 -7.92864378376e-08 0.018920759074
7.9 -7.92864378376e-08 0.0171202101135
8 -7.92864378376e-08 0.0154909995952
8.1 -7.92864378376e-08 0.0140168385941
8.2 -7.92864378376e-08 0.0126829565426
8.3 -7.92864378376e-08 0.0114760090539
8.4 -7.92864378376e-08 0.0103839249779
8.5 -7.92864378376e-08 0.00939575936301
8.6 -7.92864378376e-08 0.00850163195027
8.7 -7.92864378376e-08 0.00769257460601
8.8 -7.92864378376e-08 0.00696050883993
8.9 -7.92864378376e-08 0.00629813779484
9 -7.92864378376e-08 0.00569881609127
9.1 -7.92864378376e-08 0.00515652956017
9.2 -7.92864378376e-08 0.00466583614584
9.3 -7.92864378376e-08 0.00422185633586
9.4 -7.92864378376e-08 0.00382011807093
9.5 -7.92864378376e-08 0.0034565799809
9.6 -7.92864378376e-08 0.00312764893574
9.7 -7.92864378376e-08 0.00283001680925
9.8 -7.92864378376e-08 0.00256069805746
9.9 -7.92864378376e-08 0.00231702394385
10 -7.92864378376e-08 0.00209653523802
10.1 -7.92864378376e-08 0.00189701983992
10.2 -7.92864378376e-08 0.00171650101115
10.3 -7.92864378376e-08 0.00155315589961
10.4 -7.92864378376e-08 0.00140535584394
10.5 -7.92864378376e-08 0.00127163839448
10.6 -7.92864378376e-08 0.00115064681894
10.7 -7.92864378376e-08 0.00104114114625
10.8 -7.92864378376e-08 0.000942058491106
10.9 -7.92864378376e-08 0.000852410676151
11 -7.92864378376e-08 0.000771285525812
11.1 -7.92864378376e-08 0.000697874903826
11.2 -7.92864378376e-08 0.000631459528573
11.3 -7.92864378376e-08 0.000571368361651
11.4 -7.92864378376e-08 0.000516988244354
11.5 -7.92864378376e-08 0.000467788971232
11.6 -7.92864378376e-08 0.000423277297365
11.7 -7.92864378376e-08 0.000382996259494
11.8 -7.92864378376e-08 0.000346543406576
11.9 -7.92864378376e-08 0.000313562982008
12 -7.92864378376e-08 0.000283722106597
12.1 -7.92864378376e-08 0.000256710209957
12.2 -7.92864378376e-08 0.000232283832675
12.3 -7.92864378376e-08 0.000210180173905
12.4 -7.92864378376e-08 0.000190177987539
12.5 -7.92864378376e-08 0.0001720810147
12.6 -7.92864378376e-08 0.00015571161168
12.7 -7.92864378376e-08 0.000140900758634
12.8 -7.92864378376e-08 0.000127494136887
12.9 -7.92864378376e-08 0.000115352932344
13 -7.92864378376e-08 0.000104357041696
13.1 -7.92864378376e-08 9.44000276975e-05
13.2 -7.92864378376e-08 8.53904423152e-05
13.3 -7.92864378376e-08 7.72520260527e-05
13.4 -7.92864378376e-08 6.98970537341e-05
13.5 -7.92864378376e-08 6.32395228781e-05
13.6 -7.92864378376e-08 5.72158328839e-05
13.7 -7.92864378376e-08 5.1772206718e-05
13.8 -7.92864378376e-08 4.68597679977e-05
13.9 -7.92864378376e-08 4.24148947228e-05
14 -7.92864378376e-08 3.83901311495e-05
14.1 -7.92864378376e-08 3.47460801142e-05
14.2 -7.92864378376e-08 3.13790437165e-05
14.3 -7.92864378376e-08 2.84395626531e-05
14.4 -7.92864378376e-08 2.57528444116e-05
14.5 -7.92864378376e-08 2.33068082203e-05
14.6 -7.92864378376e-08 2.10893733078e-05
14.7 -7.92864378376e-08 1.90863935287e-05
14.8 -7.92864378376e-08 1.72750346385e-05
14.9 -7.92864378376e-08 1.56381521574e-05
15 -7.92864378376e-08 1.41595382953e-05
15.1 -7.92864378376e-08 1.28229852617e-05
15.2 -7.92864378376e-08 1.16123200556e-05
15.3 -7.92864378376e-08 1.05178578047e-05
15.4 -7.92864378376e-08 9.5307554402e-06
15.5 -7.92864378376e-08 8.63843738372e-06
15.6 -7.92864378376e-08 7.82832805674e-06
15.7 -7.92864378376e-08 7.08785188078e-06
15.8 -7.92864378376e-08 6.40758508217e-06
15.9 -7.92864378376e-08 5.79136211239e-06
16 -7.92864378376e-08 5.23433472017e-06
16.1 -7.92864378376e-08 4.73022524602e-06
16.2 -7.92864378376e-08 4.27275603049e-06
16.3 -7.92864378376e-08 3.75936439932e-06
16.4 -7.92864378376e-08 3.42523598152e-06
16.5 -7.92864378376e-08 3.11298492455e-06
16.6 -7.92864378376e-08 2.82261122842e-06
16.7 -7.92864378376e-08 2.55411489313e-06
16.8 -7.92864378376e-08 2.30749591867e-06
16.9 -7.92864378376e-08 2.0822015599e-06
17 -7.92864378376e-08 1.87581523642e-06
17.1 -7.92864378376e-08 1.68805426392e-06
17.2 -7.92864378376e-08 1.51891864239e-06
17.3 -7.92864378376e-08 1.36840837184e-06
17.4 -7.92864378376e-08 1.23652345226e-06
17.5 -7.92864378376e-08 1.1201955496e-06
17.6 -7.92864378376e-08 1.01377330737e-06
17.7 -7.92864378376e-08 9.1713348062e-07
17.8 -7.92864378376e-08 8.30276069364e-07
17.9 -7.92864378376e-08 7.532010736e-07
18 -7.92864378376e-08 6.8589056011e-07
18.1 -7.92864378376e-08 6.25348109004e-07
18.2 -7.92864378376e-08 5.6938729121e-07
18.3 -7.92864378376e-08 5.18008106729e-07
18.4 -7.92864378376e-08 4.71210555561e-07
18.5 -7.92864378376e-08 4.28994637706e-07
18.6 -7.92864378376e-08 3.91249109216e-07
18.7 -7.92864378376e-08 3.5652548085e-07
18.8 -7.92864378376e-08 3.24377617482e-07
18.9 -7.92864378376e-08 2.94805519111e-07
19 -7.92864378376e-08 2.67809185737e-07
19.1 -7.92864378376e-08 2.4338861736e-07
19.2 -7.92864378376e-08 2.2138115635e-07
19.3 -7.92864378376e-08 2.01075669848e-07
19.4 -7.92864378376e-08 1.82388971667e-07
19.5 -7.92864378376e-08 1.65321061807e-07
19.6 -7.92864378376e-08 1.49871940267e-07
19.7 -7.92864378376e-08 1.36041607048e-07
19.8 -7.92864378376e-08 1.23602581153e-07
19.9 -7.92864378376e-08 1.12135880752e-07
20 -7.92864378376e-08 1.01632368677e-07
