"Time" "Prey" "Predator"
0 33.9637377802 21.5978745521
0.1 0.185303240521 43.3720755193
0.2 0.000795133523029 39.3736090722
0.3 5.79069873242e-06 35.6272679766
0.4 -1.1798220763e-08 32.2368946764
0.5 -8.03329184554e-08 29.1691525605
0.6 -8.03329184554e-08 26.3933427706
0.7 -8.03329184554e-08 23.8816850377
0.8 -8.03329184554e-08 21.609028549
0.9 -8.03329184554e-08 19.5526541593
1 -8.03329184554e-08 17.6919696355
1.1 -8.03329184554e-08 16.0083520248
1.2 -8.03329184554e-08 14.4849489541
1.3 -8.03329184554e-08 13.1065367585
1.4 -8.03329184554e-08 11.8592917783
1.5 -8.03329184554e-08 10.7307262204
1.6 -8.03329184554e-08 9.70956509865
1.7 -8.03329184554e-08 8.7855782967
1.8 -8.03329184554e-08 7.94952005769
1.9 -8.03329184554e-08 7.19302350842
2 -8.03329184554e-08 6.50851716873
2.1 -8.03329184554e-08 5.88915018083
2.2 -8.03329184554e-08 5.32872493277
2.3 -8.03329184554e-08 4.82163031384
2.4 -8.03329184554e-08 4.36279236385
2.5 -8.03329184554e-08 3.94761851235
2.6 -8.03329184554e-08 3.57195335343
2.7 -8.03329184554e-08 3.23203780374
2.8 -8.03329184554e-08 2.92446917383
2.9 -8.03329184554e-08 2.6461694892
3 -8.03329184554e-08 2.39435373967
3.1 -8.03329184554e-08 2.16650095606
3.2 -8.03329184554e-08 1.96033123869
3.3 -8.03329184554e-08 1.77378020526
3.4 -8.03329184554e-08 1.60498204235
3.5 -8.03329184554e-08 1.45224759203
3.6 -8.03329184554e-08 1.3140479905
3.7 -8.03329184554e-08 1.18899979087
3.8 -8.03329184554e-08 1.0758514865
3.9 -8.03329184554e-08 0.973470569368
4 -8.03329184554e-08 0.880832608725
4.1 -8.03329184554e-08 0.797010305145
4.2 -8.03329184554e-08 0.72116470511
4.3 -8.03329184554e-08 0.652536754036
4.4 -8.03329184554e-08 0.590439342823
4.5 -8.03329184554e-08 0.534251203538
4.6 -8.03329184554e-08 0.483410464608
4.7 -8.03329184554e-08 0.437407709965
4.8 -8.03329184554e-08 0.39578289388
4.9 -8.03329184554e-08 0.358119135098
5 -8.03329184554e-08 0.32403948738
5.1 -8.03329184554e-08 0.293203064093
5.2 -8.03329184554e-08 0.265300952819
5.3 -8.03329184554e-08 0.24005423457
5.4 -8.03329184554e-08 0.217210044289
5.5 -8.03329184554e-08 0.196539747103
5.6 -8.03329184554e-08 0.177836534842
5.7 -8.03329184554e-08 0.160913070849
5.8 -8.03329184554e-08 0.145600168486
5.9 -8.03329184554e-08 0.131744445746
6 -8.03329184554e-08 0.119207270593
6.1 -8.03329184554e-08 0.107863211708
6.2 -8.03329184554e-08 0.0975986327578
6.3 -8.03329184554e-08 0.0883109032083
6.4 -8.03329184554e-08 0.0799069862056
6.5 -8.03329184554e-08 0.0723028061935
6.6 -8.03329184554e-08 0.0654222909136
6.7 -8.03329184554e-08 0.0591965133656
6.8 -8.03329184554e-08 0.0535632271894
6.9 -8.03329184554e-08 0.0484660023474
7 -8.03329184554e-08 0.0438538403692
7.1 -8.03329184554e-08 0.0396805981367
7.2 -8.03329184554e-08 0.0359044724791
7.3 -8.03329184554e-08 0.0324877132429
7.4 -8.03329184554e-08 0.0293960932323
7.5 -8.03329184554e-08 0.0265986789003
7.6 -8.03329184554e-08 0.0240674820752
7.7 -8.03329184554e-08 0.021777148167
7.8 -8.03329184554e-08 0.0197047801002
7.9 -8.03329184554e-08 0.017829618179
8 -8.03329184554e-08 0.0161329012443
8.1 -8.03329184554e-08 0.01459765434
8.2 -8.03329184554e-08 0.0132084984563
8.3 -8.03329184554e-08 0.0119515433845
8.4 -8.03329184554e-08 0.0108142022844
8.5 -8.03329184554e-08 0.00978509192898
8.6 -8.03329184554e-08 0.00885390963009
8.7 -8.03329184554e-08 0.00801132467221
8.8 -8.03329184554e-08 0.00724893582054
8.9 -8.03329184554e-08 0.00655912418297
9 -8.03329184554e-08 0.00593497058243
9.1 -8.03329184554e-08 0.00537020275256
9.2 -8.03329184554e-08 0.00485918339241
9.3 -8.03329184554e-08 0.00439680714283
9.4 -8.03329184554e-08 0.00397840195042
9.5 -8.03329184554e-08 0.00359980667516
9.6 -8.03329184554e-08 0.00325724910421
9.7 -8.03329184554e-08 0.00294727490574
9.8 -8.03329184554e-08 0.00266680592596
9.9 -8.03329184554e-08 0.0024130375246
10 -8.03329184554e-08 0.00218340328738
10.1 -8.03329184554e-08 0.0019756274507
10.2 -8.03329184554e-08 0.00178762918608
10.3 -8.03329184554e-08 0.00161751132644
10.4 -8.03329184554e-08 0.00146359925965
10.5 -8.03329184554e-08 0.00132434651787
10.6 -8.03329184554e-08 0.00119832519399
10.7 -8.03329184554e-08 0.00108428022387
10.8 -8.03329184554e-08 0.000981096494627
10.9 -8.03329184554e-08 0.000887732062094
11 -8.03329184554e-08 0.000803237494146
11.1 -8.03329184554e-08 0.000726790341626
11.2 -8.03329184554e-08 0.00065762657604
11.3 -8.03329184554e-08 0.000595040703418
11.4 -8.03329184554e-08 0.000538409406094
11.5 -8.03329184554e-08 0.000487175797547
11.6 -8.03329184554e-08 0.000440818952753
11.7 -8.03329184554e-08 0.000398863200524
11.8 -8.03329184554e-08 0.000360901921117
11.9 -8.03329184554e-08 0.000326556083425
12 -8.03329184554e-08 0.000295460051487
12.1 -8.03329184554e-08 0.000267350266661
12.2 -8.03329184554e-08 0.000241909940277
12.3 -8.03329184554e-08 0.000218889819711
12.4 -8.03329184554e-08 0.000198058138249
12.5 -8.03329184554e-08 0.000179215023528
12.6 -8.03329184554e-08 0.000162168600813
12.7 -8.03329184554e-08 0.000146741815196
12.8 -8.03329184554e-08 0.000132773791493
12.9 -8.03329184554e-08 0.000120123276743
13 -8.03329184554e-08 0.000108666586924
13.1 -8.03329184554e-08 9.82954087416e-05
13.2 -8.03329184554e-08 8.89182555443e-05
13.3 -8.03329184554e-08 8.04516549031e-05
13.4 -8.03329184554e-08 7.27902365586e-05
13.5 -8.03329184554e-08 6.58563422418e-05
13.6 -8.03329184554e-08 5.95858627302e-05
13.7 -8.03329184554e-08 5.3925287388e-05
13.8 -8.03329184554e-08 4.88106007639e-05
13.9 -8.03329184554e-08 4.41798697394e-05
14 -8.03329184554e-08 3.99867191529e-05
14.1 -8.03329184554e-08 3.61914066725e-05
14.2 -8.03329184554e-08 3.27120614245e-05
14.3 -8.03329184554e-08 2.96328302298e-05
14.4 -8.03329184554e-08 2.68241684533e-05
14.5 -8.03329184554e-08 2.42728054747e-05
14.6 -8.03329184554e-08 2.19653861947e-05
14.7 -8.03329184554e-08 1.98800885876e-05
14.8 -8.03329184554e-08 1.79947585076e-05
14.9 -8.03329184554e-08 1.62915932316e-05
15 -8.03329184554e-08 1.47527900362e-05
15.1 -8.03329184554e-08 1.33605461981e-05
15.2 -8.03329184554e-08 1.20992932383e-05
15.3 -8.03329184554e-08 1.09616492857e-05
15.4 -8.03329184554e-08 9.93457405736e-06
15.5 -8.03329184554e-08 9.00425453065e-06
15.6 -8.03329184554e-08 8.15687768311e-06
15.7 -8.03329184554e-08 7.37875943552e-06
15.8 -8.03329184554e-08 6.66913907387e-06
15.9 -8.03329184554e-08 6.02776281005e-06
16 -8.03329184554e-08 5.44773512847e-06
16.1 -8.03329184554e-08 4.92216051351e-06
16.2 -8.03329184554e-08 4.44414344956e-06
16.3 -8.03329184554e-08 3.93086041703e-06
16.4 -8.03329184554e-08 3.57664988959e-06
16.5 -8.03329184554e-08 3.24646944448e-06
16.6 -8.03329184554e-08 2.94031908169e-06
16.7 -8.03329184554e-08 2.65819880122e-06
16.8 -8.03329184554e-08 2.40008472693e-06
16.9 -8.03329184554e-08 2.16382569613e-06
17 -8.03329184554e-08 1.9480249049e-06
17.1 -8.03329184554e-08 1.75268235324e-06
17.2 -8.03329184554e-08 1.57779804115e-06
17.3 -8.03329184554e-08 1.42337196862e-06
17.4 -8.03329184554e-08 1.28875490232e-06
17.5 -8.03329184554e-08 1.16683737651e-06
17.6 -8.03329184554e-08 1.05566495307e-06
17.7 -8.03329184554e-08 9.55237632018e-07
17.8 -8.03329184554e-08 8.65555413346e-07
17.9 -8.03329184554e-08 7.86618297055e-07
18 -8.03329184554e-08 7.1734376251e-07
18.1 -8.03329184554e-08 6.53523730527e-07
18.2 -8.03329184554e-08 5.9473619893e-07
18.3 -8.03329184554e-08 5.40981167719e-07
18.4 -8.03329184554e-08 4.92258636894e-07
18.5 -8.03329184554e-08 4.48568606455e-07
18.6 -8.03329184554e-08 4.0908561604e-07
18.7 -8.03329184554e-08 3.72451752335e-07
18.8 -8.03329184554e-08 3.38647123492e-07
18.9 -8.03329184554e-08 3.07671729511e-07
19 -8.03329184554e-08 2.79525570392e-07
19.1 -8.03329184554e-08 2.54201619693e-07
19.2 -8.03329184554e-08 2.31066817996e-07
19.3 -8.03329184554e-08 2.09710103931e-07
19.4 -8.03329184554e-08 1.90131477497e-07
19.5 -8.03329184554e-08 1.72330938695e-07
19.6 -8.03329184554e-08 1.56308487524e-07
19.7 -8.03329184554e-08 1.42015991001e-07
19.8 -8.03329184554e-08 1.28926366221e-07
19.9 -8.03329184554e-08 1.16894714686e-07
20 -8.03329184554e-08 1.05921036395e-07
