"Time" "Prey" "Predator"
0 18.9438690273 1.09192126622
0.1 13.8885791534 5.45487501435
0.2 4.4532145348 12.0756764266
0.3 0.818933339198 13.5904442847
0.4 0.149513939087 12.7865547584
0.5 0.031316508094 11.6565049025
0.6 0.00761642940462 10.5647299609
0.7 0.00213025386557 9.56343543808
0.8 0.000676623192525 8.65444031362
0.9 0.000241140921655 7.83118909327
1 9.53858741624e-05 7.08606340212
1.1 4.15102708788e-05 6.41177642417
1.2 1.9672943659e-05 5.80163202409
1.3 1.01046830439e-05 5.24954461235
1.4 5.5480080655e-06 4.74999139158
1.5 3.21668291863e-06 4.29797084798
1.6 1.96832985005e-06 3.88896160827
1.7 1.31775507786e-06 3.51887769654
1.8 9.06515748729e-07 3.18401185489
1.9 6.43438135043e-07 2.88101261011
2 4.87151834602e-07 2.60684625876
2.1 3.8954837028e-07 2.35877112101
2.2 3.34462160964e-07 2.13430976906
2.3 2.69848987798e-07 1.93120457206
2.4 2.1038039583e-07 1.74742449005
2.5 1.88100800733e-07 1.58113601696
2.6 1.64388189529e-07 1.43067117481
2.7 1.45335946832e-07 1.29452481148
2.8 1.31427420308e-07 1.17133453363
2.9 1.2176448686e-07 1.05986745978
3 1.13558257306e-07 0.959007808211
3.1 1.07348410364e-07 0.867746312399
3.2 1.02635246293e-07 0.785169609378
3.3 9.93726265778e-08 0.710451035444
3.4 9.70942041004e-08 0.642842788932
3.5 9.56459398293e-08 0.581668409757
3.6 9.49663818433e-08 0.52631541718
3.7 9.49586807527e-08 0.476230026018
3.8 9.55535864639e-08 0.430910851532
3.9 9.67065896839e-08 0.389904334108
4 9.83841532745e-08 0.352800152608
4.1 1.00562881071e-07 0.319226820583
4.2 1.03228709719e-07 0.288848474892
4.3 1.06374000932e-07 0.261360795678
4.4 1.09997352282e-07 0.236488673465
4.5 1.14104478948e-07 0.213983738043
4.6 1.18703290639e-07 0.193620431958
4.7 1.23807287717e-07 0.175195054929
4.8 1.29432996799e-07 0.158523060119
4.9 1.35600910992e-07 0.14343760078
5 1.42334893287e-07 0.129787665541
5.1 1.49662305408e-07 0.117436736072
5.2 1.57613738825e-07 0.106261163993
5.3 1.66223170926e-07 0.096149083647
5.4 1.75527942625e-07 0.0869992730333
5.5 1.85568887749e-07 0.0787201853004
5.6 1.96390391515e-07 0.0712289091581
5.7 2.0804061291e-07 0.0644505352626
5.8 2.20571594061e-07 0.0583172624196
5.9 2.34039415024e-07 0.0527676340485
6 2.48504495299e-07 0.0477461432429
6.1 2.64031777593e-07 0.0432024877186
6.2 2.80691023303e-07 0.0390912145088
6.3 2.98557097351e-07 0.035371192088
6.4 3.17710279141e-07 0.0320051591347
6.5 3.38236613702e-07 0.0289594707712
6.6 3.6022828134e-07 0.0262036145432
6.7 3.83783989658e-07 0.0237100112877
6.8 4.09009416188e-07 0.0214537063049
6.9 4.36017676032e-07 0.0194121039145
7 4.64929798298e-07 0.0175647987982
7.1 4.95875290445e-07 0.0158932841257
7.2 5.28992678366e-07 0.0143808361689
7.3 5.64430138226e-07 0.0130123218057
7.4 6.02346159789e-07 0.0117740326713
7.5 6.42910213416e-07 0.0106535869816
7.6 6.86303558234e-07 0.00963976089132
7.7 7.32719977705e-07 0.00872240977377
7.8 7.8236674061e-07 0.00789236748307
7.9 8.35465390275e-07 0.00714130798972
8 8.9225282736e-07 0.00646172242752
8.1 9.52982418614e-07 0.00584679455237
8.2 1.01792493311e-06 0.00529037850749
8.3 1.08736972505e-06 0.00478693349455
8.4 1.16162661451e-06 0.00433141555797
8.5 1.24102644185e-06 0.00391925594428
8.6 1.32592239122e-06 0.00354630523241
8.7 1.41669314493e-06 0.00320885335588
8.8 1.51374305276e-06 0.00290352458991
8.9 1.61750344838e-06 0.00262722360306
9 1.72843686e-06 0.00237720676276
9.1 1.8470374652e-06 0.00215099139551
9.2 1.973832228e-06 0.00194629323278
9.3 2.10938593616e-06 0.00176107391614
9.4 2.25430244435e-06 0.00159349366404
9.5 2.40922552122e-06 0.00144185488203
9.6 2.5748447515e-06 0.0013046407711
9.7 2.75189799748e-06 0.00118049326491
9.8 2.941171748e-06 0.0010681562427
9.9 3.14350834632e-06 0.00096650543054
10 3.35980985657e-06 0.000874540142845
10.1 3.59103694531e-06 0.000791328994442
10.2 3.83821509919e-06 0.00071601867814
10.3 4.10244752385e-06 0.000647875914405
10.4 4.38490985333e-06 0.000586222819493
10.5 4.6868551464e-06 0.00053043254908
10.6 5.00962642891e-06 0.000479946458151
10.7 5.35466331634e-06 0.000434271281292
10.8 5.72349814911e-06 0.000392945762797
10.9 6.11776675101e-06 0.000355547441742
11 6.5392283003e-06 0.000321711075103
11.1 6.98975757218e-06 0.000291098657269
11.2 7.47135280614e-06 0.000263396813189
11.3 7.9861557509e-06 0.00023832722773
11.4 8.53646225441e-06 0.000215645886763
11.5 9.12471594966e-06 0.000195123999381
11.6 9.75354536245e-06 0.000176546979319
11.7 1.0425698899e-05 0.00015974884898
11.8 1.11442182369e-05 0.000144547763176
11.9 1.19122777547e-05 0.000130791991912
12 1.27333128021e-05 0.000118345759787
12.1 1.36110116733e-05 0.000107087766905
12.2 1.45492653177e-05 9.69019221835e-05
12.3 1.55521935731e-05 8.76821771945e-05
12.4 1.66241927519e-05 7.93329212172e-05
12.5 1.77702120793e-05 7.17712762053e-05
12.6 1.89953656431e-05 6.49238752285e-05
12.7 2.03050094975e-05 5.87275025846e-05
12.8 2.17047778824e-05 5.31293938646e-05
12.9 2.32009845843e-05 4.80713951255e-05
13 2.48005463508e-05 4.34929855635e-05
13.1 2.6510502571e-05 3.93502346327e-05
13.2 2.8338265813e-05 3.56059139019e-05
13.3 3.02917479966e-05 3.22270079014e-05
13.4 3.23800934752e-05 2.91702517751e-05
13.5 3.46126500218e-05 2.64024318176e-05
13.6 3.69991732578e-05 2.38963524722e-05
13.7 3.95383732193e-05 2.15775480523e-05
13.8 4.22721850442e-05 1.95578321542e-05
13.9 4.51901360115e-05 1.77112582389e-05
14 4.83070887502e-05 1.60295811399e-05
14.1 5.16379058894e-05 1.45045556905e-05
14.2 5.51981193923e-05 1.31268825842e-05
14.3 5.90071847576e-05 1.18810833083e-05
14.4 6.30823174041e-05 1.07552072689e-05
14.5 6.74401690484e-05 9.73819165145e-06
14.6 7.20973914072e-05 8.81897364128e-06
14.7 7.70706365398e-05 7.98649055596e-06
14.8 8.23866133426e-05 7.23355414732e-06
14.9 8.80761040992e-05 6.55454545502e-06
15 9.4162199924e-05 5.9408824667e-06
15.1 0.000100667991931 5.38398316998e-06
15.2 0.000107616571234 4.87526555247e-06
15.3 0.000115034887024 4.40775442649e-06
15.4 0.000122972522045 3.98390110352e-06
15.5 0.000131466141267 3.60077685722e-06
15.6 0.000140549155766 3.2540977672e-06
15.7 0.000150254976614 2.93957991307e-06
15.8 0.00016061701563 2.65293946495e-06
15.9 0.000171691789685 2.39270687645e-06
16 0.000183545192103 2.15855468887e-06
16.1 0.000196225433619 1.94800163682e-06
16.2 0.000209780724969 1.75856645493e-06
16.3 0.000224259276887 1.5877678778e-06
16.4 0.000239717281347 1.43339567226e-06
16.5 0.000256257789603 1.29483088388e-06
16.6 0.000273957117036 1.17054664362e-06
16.7 0.000292884837904 1.05878716282e-06
16.8 0.000313110526463 9.57796652856e-07
16.9 0.000334703758277 8.6581935786e-07
17 0.000357782246953 7.82308026281e-07
17.1 0.000382483343669 7.0720840724e-07
17.2 0.000408907486728 6.39539553168e-07
17.3 0.000437155114437 5.78320516498e-07
17.4 0.000467326665098 5.22570349663e-07
17.5 0.000499539167821 4.71490898766e-07
17.6 0.000534007409407 4.25361081804e-07
17.7 0.000570890487335 3.83846244562e-07
17.8 0.000610333395302 3.46456340554e-07
17.9 0.000652481126999 3.12701323293e-07
18 0.000697923119945 2.83361189064e-07
18.1 0.000745770220124 2.54990710638e-07
18.2 0.000797117781978 2.29815592628e-07
18.3 0.000852128394823 2.073960698e-07
18.4 0.000910976341468 1.87325792244e-07
18.5 0.000973847598211 1.69231825372e-07
18.6 0.00104096275404 1.52798218864e-07
18.7 0.00111269810517 1.37890534136e-07
18.8 0.00118938401158 1.24348484441e-07
18.9 0.00127135578135 1.12038261762e-07
19 0.00135897260938 1.00872012369e-07
19.1 0.00145261757734 9.08078368211e-08
19.2 0.00155269791997 8.18482514842e-08
19.3 0.00165968274702 7.38222544952e-08
19.4 0.00177407430568 6.65513537298e-08
19.5 0.00189638340152 5.99915693666e-08
19.6 0.00202714874682 5.41216512565e-08
19.7 0.00216693696055 4.89430789226e-08
19.8 0.0023163425684 4.44800615602e-08
19.9 0.00247602510029 4.07022289538e-08
20 0.0026467798941 3.73770805795e-08
