"Time" "Prey" "Predator"
0 31.6337355259 1.00326616258
0.1 16.660872462 13.0342328258
0.2 1.26073356335 22.9307850929
0.3 0.0675074452115 21.6003999144
0.4 0.00463567698161 19.5898675931
0.5 0.000412551387723 17.7286816996
0.6 4.64600252294e-05 16.0418389704
0.7 6.52851044228e-06 14.515285657
0.8 1.08930395354e-06 13.1339786686
0.9 2.18232699771e-07 11.8841198701
1 3.17856378087e-08 10.7532022305
1.1 8.9603368797e-09 9.72990203139
1.2 -1.12374949817e-09 8.80397287372
1.3 -3.11672605904e-09 7.96615997924
1.4 -3.11759094206e-09 7.20807825612
1.5 -3.19930459128e-09 6.52213747621
1.6 -3.01185503759e-09 5.90147163826
1.7 -2.57500688617e-09 5.33987053382
1.8 -1.71718283708e-09 4.83172297854
1.9 -1.65583753153e-09 4.37192418621
2 -1.82027202534e-09 3.95587895072
2.1 -1.73327124967e-09 3.57942845157
2.2 -1.7487697394e-09 3.23880098354
2.3 -1.74888543464e-09 2.93058833005
2.4 -1.74888543464e-09 2.65170612182
2.5 -1.74888543464e-09 2.39936306394
2.6 -1.74888543464e-09 2.17103360634
2.7 -1.74888543464e-09 1.9644330666
2.8 -1.74888543464e-09 1.77749279558
2.9 -1.74888543464e-09 1.60834237643
3 -1.74888543464e-09 1.45528862377
3.1 -1.74888543464e-09 1.3167997892
3.2 -1.74888543464e-09 1.19149006338
3.3 -1.74888543464e-09 1.07810492195
3.4 -1.74888543464e-09 0.975509869647
3.5 -1.74888543464e-09 0.882678039541
3.6 -1.74888543464e-09 0.798680191974
3.7 -1.74888543464e-09 0.722675854835
3.8 -1.74888543464e-09 0.653903939693
3.9 -1.74888543464e-09 0.591676198877
4 -1.74888543464e-09 0.535370698759
4.1 -1.74888543464e-09 0.484423360913
4.2 -1.74888543464e-09 0.438324440094
4.3 -1.74888543464e-09 0.396612357973
4.4 -1.74888543464e-09 0.358869667784
4.5 -1.74888543464e-09 0.324718666339
4.6 -1.74888543464e-09 0.293817607843
4.7 -1.74888543464e-09 0.265857171137
4.8 -1.74888543464e-09 0.24055749191
4.9 -1.74888543464e-09 0.217665393941
5 -1.74888543464e-09 0.19695165567
5.1 -1.74888543464e-09 0.178209084119
5.2 -1.74888543464e-09 0.161250249238
5.3 -1.74888543464e-09 0.145905212157
5.4 -1.74888543464e-09 0.132020516317
5.5 -1.74888543464e-09 0.11945708816
5.6 -1.74888543464e-09 0.108089204649
5.7 -1.74888543464e-09 0.0978031590471
5.8 -1.74888543464e-09 0.0884959038436
5.9 -1.74888543464e-09 0.0800744081667
6 -1.74888543464e-09 0.0724543214647
6.1 -1.74888543464e-09 0.0655593729113
6.2 -1.74888543464e-09 0.0593205807223
6.3 -1.74888543464e-09 0.0536754512967
6.4 -1.74888543464e-09 0.0485675549948
6.5 -1.74888543464e-09 0.0439457310724
6.6 -1.74888543464e-09 0.0397637285411
6.7 -1.74888543464e-09 0.0359797172274
6.8 -1.74888543464e-09 0.0325557849783
6.9 -1.74888543464e-09 0.0294576947272
7 -1.74888543464e-09 0.0266544167245
7.1 -1.74888543464e-09 0.0241179023382
7.2 -1.74888543464e-09 0.0218227835611
7.3 -1.74888543464e-09 0.0197460643558
7.4 -1.74888543464e-09 0.0178669799375
7.5 -1.74888543464e-09 0.0161667096458
7.6 -1.74888543464e-09 0.014628238871
7.7 -1.74888543464e-09 0.0132361789681
7.8 -1.74888543464e-09 0.0119765838899
7.9 -1.74888543464e-09 0.0108368617092
8 -1.74888543464e-09 0.00980559693145
8.1 -1.74888543464e-09 0.00887246875969
8.2 -1.74888543464e-09 0.00802814253973
8.3 -1.74888543464e-09 0.00726416054911
8.4 -1.74888543464e-09 0.00657288286407
8.5 -1.74888543464e-09 0.00594737551025
8.6 -1.74888543464e-09 0.00538138449476
8.7 -1.74888543464e-09 0.00486927630631
8.8 -1.74888543464e-09 0.00440592157677
8.9 -1.74888543464e-09 0.00398667179489
9 -1.74888543464e-09 0.00360730687803
9.1 -1.74888543464e-09 0.00326404870077
9.2 -1.74888543464e-09 0.00295346686647
9.3 -1.74888543464e-09 0.00267241481297
9.4 -1.74888543464e-09 0.00241809665113
9.5 -1.74888543464e-09 0.00218798941859
9.6 -1.74888543464e-09 0.00197977092813
9.7 -1.74888543464e-09 0.00179136541802
9.8 -1.74888543464e-09 0.00162090234845
9.9 -1.74888543464e-09 0.00146665561481
10 -1.74888543464e-09 0.00132708108102
10.1 -1.74888543464e-09 0.0012007976854
10.2 -1.74888543464e-09 0.00108652819149
10.3 -1.74888543464e-09 0.000983128995706
10.4 -1.74888543464e-09 0.000889581934542
10.5 -1.74888543464e-09 0.000804939613274
10.6 -1.74888543464e-09 0.000728333976778
10.7 -1.74888543464e-09 0.000659019076454
10.8 -1.74888543464e-09 0.000596305427725
10.9 -1.74888543464e-09 0.000539555420486
11 -1.74888543464e-09 0.000488200725024
11.1 -1.74888543464e-09 0.000441739680143
11.2 -1.74888543464e-09 0.000399703162709
11.3 -1.74888543464e-09 0.000361661492063
11.4 -1.74888543464e-09 0.000327243084596
11.5 -1.74888543464e-09 0.00029610412402
11.6 -1.74888543464e-09 0.000267925818171
11.7 -1.74888543464e-09 0.00024242499415
11.8 -1.74888543464e-09 0.000219353489265
11.9 -1.74888543464e-09 0.000198478584607
12 -1.74888543464e-09 0.000179581984763
12.1 -1.74888543464e-09 0.000162494895661
12.2 -1.74888543464e-09 0.00014703232124
12.3 -1.74888543464e-09 0.000133039951835
12.4 -1.74888543464e-09 0.000120379645556
12.5 -1.74888543464e-09 0.000108928024865
12.6 -1.74888543464e-09 9.85670067669e-05
12.7 -1.74888543464e-09 8.91887231292e-05
12.8 -1.74888543464e-09 8.06959167005e-05
12.9 -1.74888543464e-09 7.30042683331e-05
13 -1.74888543464e-09 6.60391411373e-05
13.1 -1.74888543464e-09 5.97362202728e-05
13.2 -1.74888543464e-09 5.40418197315e-05
13.3 -1.74888543464e-09 4.8896855597e-05
13.4 -1.74888543464e-09 4.42397255944e-05
13.5 -1.74888543464e-09 4.00257393057e-05
13.6 -1.74888543464e-09 3.62170226287e-05
13.7 -1.74888543464e-09 3.27800101629e-05
13.8 -1.74888543464e-09 2.96707092002e-05
13.9 -1.74888543464e-09 2.68553158026e-05
14 -1.74888543464e-09 2.43061636343e-05
14.1 -1.74888543464e-09 2.19474110888e-05
14.2 -1.74888543464e-09 1.98930430595e-05
14.3 -1.74888543464e-09 1.80147753214e-05
14.4 -1.74888543464e-09 1.63042216511e-05
14.5 -1.74888543464e-09 1.47529958254e-05
14.6 -1.74888543464e-09 1.33516498333e-05
14.7 -1.74888543464e-09 1.20844484845e-05
14.8 -1.74888543464e-09 1.09392303873e-05
14.9 -1.74888543464e-09 9.90474476293e-06
15 -1.74888543464e-09 8.96974083249e-06
15.1 -1.74888543464e-09 8.12296787369e-06
15.2 -1.74888543464e-09 7.35709792147e-06
15.3 -1.74888543464e-09 6.66642920789e-06
15.4 -1.74888543464e-09 6.04223407341e-06
15.5 -1.74888543464e-09 5.47578485849e-06
15.6 -1.74888543464e-09 4.95835390361e-06
15.7 -1.74888543464e-09 4.48283370515e-06
15.8 -1.74888543464e-09 4.05171020959e-06
15.9 -1.74888543464e-09 3.6620161933e-06
16 -1.74888543464e-09 3.30939495105e-06
16.1 -1.74888543464e-09 2.98948977761e-06
16.2 -1.74888543464e-09 2.6281267837e-06
16.3 -1.74888543464e-09 2.39503053319e-06
16.4 -1.74888543464e-09 2.17711759974e-06
16.5 -1.74888543464e-09 1.97438798334e-06
16.6 -1.74888543464e-09 1.78684168399e-06
16.7 -1.74888543464e-09 1.6144787017e-06
16.8 -1.74888543464e-09 1.45701237501e-06
16.9 -1.74888543464e-09 1.31275020783e-06
17 -1.74888543464e-09 1.18141464723e-06
17.1 -1.74888543464e-09 1.06300569321e-06
17.2 -1.74888543464e-09 9.57523345772e-07
17.3 -1.74888543464e-09 8.64967604917e-07
17.4 -1.74888543464e-09 7.83593776376e-07
17.5 -1.74888543464e-09 7.09195072323e-07
17.6 -1.74888543464e-09 6.4158585029e-07
17.7 -1.74888543464e-09 5.80766110278e-07
17.8 -1.74888543464e-09 5.26735852286e-07
17.9 -1.74888543464e-09 4.79495046913e-07
18 -1.74888543464e-09 4.37224394937e-07
18.1 -1.74888543464e-09 3.98133646887e-07
18.2 -1.74888543464e-09 3.62222802763e-07
18.3 -1.74888543464e-09 3.29491862566e-07
18.4 -1.74888543464e-09 2.99940826294e-07
18.5 -1.74888543464e-09 2.73524771445e-07
18.6 -1.74888543464e-09 2.49283771139e-07
18.7 -1.74888543464e-09 2.26830471193e-07
18.8 -1.74888543464e-09 2.06164871607e-07
18.9 -1.74888543464e-09 1.87286972381e-07
19 -1.74888543464e-09 1.70196773515e-07
19.1 -1.74888543464e-09 1.54809905071e-07
19.2 -1.74888543464e-09 1.40628233155e-07
19.3 -1.74888543464e-09 1.27570068645e-07
19.4 -1.74888543464e-09 1.15635411541e-07
19.5 -1.74888543464e-09 1.04824261842e-07
19.6 -1.74888543464e-09 9.51366195501e-08
19.7 -1.74888543464e-09 8.64431314394e-08
19.8 -1.74888543464e-09 7.84319024244e-08
19.9 -1.74888543464e-09 7.10891688034e-08
20 -1.74888543464e-09 6.44149305762e-08
