"Time" "Prey" "Predator"
0 0.931359779981 18.1119377148
0.1 0.0945211252219 16.9917699994
0.2 0.0116347336057 15.4347635346
0.3 0.00175353484366 13.9731346219
0.4 0.000318320543873 12.6444636241
0.5 6.83336330259e-05 11.4413674389
0.6 1.71487530352e-05 10.3526156561
0.7 4.92078111198e-06 9.36744501268
0.8 1.59328431233e-06 8.47601965663
0.9 5.74540161313e-07 7.66942269207
1 1.94429917007e-07 6.93957894931
1.1 1.07073877551e-07 6.27918566225
1.2 1.20873834989e-07 5.68164105558
1.3 5.69783100351e-08 5.14096031693
1.4 2.43645277743e-08 4.65173180758
1.5 4.83284968457e-08 4.20905759832
1.6 5.07443634228e-08 3.80851664868
1.7 3.88772975514e-08 3.44609428708
1.8 1.49375300848e-08 3.11815201608
1.9 1.67049824471e-08 2.82142147219
2 1.61300680983e-08 2.55292815997
2.1 1.17127480944e-08 2.30998495231
2.2 8.52450760502e-09 2.09016085191
2.3 8.38506042102e-09 1.89125595134
2.4 6.7888341426e-09 1.71127923428
2.5 5.54460211637e-09 1.54842967673
2.6 4.57076988559e-09 1.40107755073
2.7 4.35101015056e-09 1.26774765582
2.8 4.06536735857e-09 1.1471056806
2.9 3.67165674548e-09 1.03794443956
3 3.43887029385e-09 0.939171086712
3.1 3.27610581924e-09 0.849797327609
3.2 3.14835455561e-09 0.768928605669
3.3 3.0524670945e-09 0.695755461679
3.4 2.98425835714e-09 0.629545751804
3.5 2.94602191905e-09 0.569636616279
3.6 2.93114610244e-09 0.515428608034
3.7 2.93432270111e-09 0.466378787072
3.8 2.955567015e-09 0.42199661614
3.9 2.99392179505e-09 0.381838264845
4 3.04826816264e-09 0.345501521755
4.1 3.1186505891e-09 0.312622744942
4.2 3.20400145955e-09 0.282872763405
4.3 3.30414625434e-09 0.255953820829
4.4 3.41907128088e-09 0.231596570739
4.5 3.54893486641e-09 0.209557251482
4.6 3.69405191431e-09 0.189615248151
4.7 3.85485054328e-09 0.171570950382
4.8 4.03186754468e-09 0.155243795112
4.9 4.22575630164e-09 0.140470290515
5 4.43727833623e-09 0.127102672979
5.1 4.66729792923e-09 0.11500725824
5.2 4.91677864602e-09 0.104062841721
5.3 5.18679644296e-09 0.0941599709411
5.4 5.47852343374e-09 0.0851994522848
5.5 5.79324113297e-09 0.0770916247517
5.6 6.13234372956e-09 0.0697553866672
5.7 6.49734005748e-09 0.063117244945
5.8 6.88986196529e-09 0.0571108486727
5.9 7.31166727735e-09 0.0516760338398
6 7.76464855309e-09 0.0467584045392
6.1 8.25084040245e-09 0.0423087579713
6.2 8.77242704912e-09 0.0382825248307
6.3 9.33175236371e-09 0.0346394599278
6.4 9.93132960082e-09 0.0313430722406
6.5 1.05738520986e-08 0.0283603760895
6.6 1.12622049976e-08 0.0256615349392
6.7 1.1999477829e-08 0.023219510208
6.8 1.27889776703e-08 0.0210098834448
6.9 1.3634244397e-08 0.0190105226538
7 1.45390655256e-08 0.0172014244117
7.1 1.55074932095e-08 0.015564494615
7.2 1.65438625567e-08 0.0140833324644
7.3 1.76528097273e-08 0.0127431279012
7.4 1.88392939423e-08 0.0115304570621
7.5 2.01086181934e-08 0.0104331855819
7.6 2.14664532395e-08 0.00944033732872
7.7 2.29188634812e-08 0.00854196604812
7.8 2.44723321767e-08 0.00772909100227
7.9 2.61337924408e-08 0.00699356999242
8 2.79106561756e-08 0.00632804237658
8.1 2.98108476581e-08 0.00572585003852
8.2 3.18428399484e-08 0.00518096098567
8.3 3.40156901516e-08 0.00468792602416
8.4 3.63390853054e-08 0.00424179754688
8.5 3.88233775278e-08 0.0038381154326
8.6 4.14796265912e-08 0.00347286520004
8.7 4.43196739897e-08 0.00314239283884
8.8 4.73561734532e-08 0.00284338090396
8.9 5.06026251268e-08 0.00257281964402
9 5.4073481203e-08 0.00232799881733
9.1 5.77842217844e-08 0.00210648981335
9.2 6.17513413084e-08 0.00190605448833
9.3 6.59924686217e-08 0.0017246619064
9.4 7.05265287253e-08 0.00156053642181
9.5 7.53736836744e-08 0.0014120338383
9.6 8.05554543834e-08 0.0012776508875
9.7 8.60949494293e-08 0.00115606341618
9.8 9.20168173837e-08 0.00104605646909
9.9 9.83475614264e-08 0.000946480851371
10 1.05114754255e-07 0.000856430167377
10.1 1.12349100155e-07 0.000774937384111
10.2 1.200825854e-07 0.000701192972246
10.3 1.28349688314e-07 0.000634462806712
10.4 1.37187411529e-07 0.000574091471277
10.5 1.4663490988e-07 0.000519464140514
10.6 1.56733707459e-07 0.000470023812427
10.7 1.67529376355e-07 0.000425269630091
10.8 1.79070326457e-07 0.000384758101004
10.9 1.91407225906e-07 0.000348103681013
11 2.04593896777e-07 0.000314968461884
11.1 2.18690603797e-07 0.000284986175232
11.2 2.33760213154e-07 0.000257850955166
11.3 2.49868629791e-07 0.000233307233269
11.4 2.67086625642e-07 0.000211121726011
11.5 2.85493126855e-07 0.000191041315494
11.6 3.0516960601e-07 0.000172864901989
11.7 3.26201823308e-07 0.000156421094074
11.8 3.48668447299e-07 0.000141494271551
11.9 3.72714289868e-07 0.000128067259531
12 3.98407908566e-07 0.000115883238093
12.1 4.2586886138e-07 0.000104858877887
12.2 4.55235618177e-07 9.48928528058e-05
12.3 4.86645538476e-07 8.58848933569e-05
12.4 5.20228734033e-07 7.77416271042e-05
12.5 5.56115316605e-07 7.03696816113e-05
12.6 5.94456251396e-07 6.36877056999e-05
12.7 6.35471989079e-07 5.76544040441e-05
12.8 6.79337882143e-07 5.22024838517e-05
12.9 7.26223964817e-07 4.72615865444e-05
13 7.76301082186e-07 4.27617345467e-05
13.1 8.29834832922e-07 3.86774727008e-05
13.2 8.87103265478e-07 3.49891957009e-05
13.3 9.48336919947e-07 3.1654975211e-05
13.4 1.01376633642e-06 2.86328828948e-05
13.5 1.08691540896e-06 2.56029724249e-05
13.6 1.15978051581e-06 2.32890927754e-05
13.7 1.238773202e-06 2.1137495619e-05
13.8 1.32389346753e-06 1.91481809555e-05
13.9 1.41514188845e-06 1.73211405935e-05
14 1.51335099245e-06 1.56445354687e-05
14.1 1.61926965265e-06 1.41077161376e-05
14.2 1.73289786906e-06 1.27106826002e-05
14.3 1.85423564167e-06 1.14534348564e-05
14.4 1.98328297047e-06 1.03359729063e-05
14.5 2.12017921897e-06 9.35589339392e-06
14.6 2.26746848579e-06 8.46932274451e-06
14.7 2.426100368e-06 7.65988493464e-06
14.8 2.59607486561e-06 6.92757996432e-06
14.9 2.77739197861e-06 6.27240783353e-06
15 2.97005170701e-06 5.69436854229e-06
15.1 3.17480249491e-06 5.18789429951e-06
15.2 3.39568303151e-06 4.72294067324e-06
15.3 3.63329633398e-06 4.29502172583e-06
15.4 3.8876424023e-06 3.9041374573e-06
15.5 4.15872123649e-06 3.55028786763e-06
15.6 4.44653283654e-06 3.23347295684e-06
15.7 4.75346365831e-06 2.94867521647e-06
15.8 5.08483680619e-06 2.68470285309e-06
15.9 5.44084890376e-06 2.44114246683e-06
16 5.82149995103e-06 2.21799405768e-06
16.1 6.22678994799e-06 2.01525762565e-06
16.2 6.65672312658e-06 1.83293033585e-06
16.3 7.11742392973e-06 1.66690954848e-06
16.4 7.61440179191e-06 1.51350460543e-06
16.5 8.14765671313e-06 1.37271550669e-06
16.6 8.71718869338e-06 1.24454225226e-06
16.7 9.32299773267e-06 1.12898484214e-06
16.8 9.96574105522e-06 1.02584831365e-06
16.9 1.06574183501e-05 9.31573011716e-07
17 1.14025089404e-05 8.44830164818e-07
17.1 1.22010128262e-05 7.65619772951e-07
17.2 1.30529300074e-05 6.93941836117e-07
17.3 1.3958260484e-05 6.29796354314e-07
17.4 1.4920507278e-05 5.72727677039e-07
17.5 1.59585754012e-05 5.20276762343e-07
17.6 1.70752879334e-05 4.7207640222e-07
17.7 1.82706448744e-05 4.2812659667e-07
17.8 1.95446462244e-05 3.88427345693e-07
17.9 2.08972919832e-05 3.52978649288e-07
18 2.23397938602e-05 3.21218024883e-07
18.1 2.38971654819e-05 2.91890558626e-07
18.2 2.55703312718e-05 2.64949872929e-07
18.3 2.73592912299e-05 2.40395967791e-07
18.4 2.92640453561e-05 2.18228843213e-07
18.5 3.12846134101e-05 1.98448132646e-07
18.6 3.34497753383e-05 1.80519959732e-07
18.7 3.57854298558e-05 1.63963895781e-07
18.8 3.82915769627e-05 1.48779940794e-07
18.9 4.0968216659e-05 1.34968094772e-07
19 4.38153489445e-05 1.22528357714e-07
19.1 4.68370866703e-05 1.11439670815e-07
19.2 5.01085789396e-05 1.01317252227e-07
19.3 5.36578887358e-05 9.2017412591e-08
19.4 5.74850160589e-05 8.35401519061e-08
19.5 6.15899609089e-05 7.58854701724e-08
19.6 6.59727232857e-05 6.90533673901e-08
19.7 7.06333031895e-05 6.30438435591e-08
19.8 7.55717006202e-05 5.78568986794e-08
19.9 8.07879155777e-05 5.3492532751e-08
20 8.63214855653e-05 4.9811152796e-08
