"Time" "Prey" "Predator"
0 35.5522406098 5.55601692789
0.1 3.03624497374 28.9226609106
0.2 0.066293215394 28.2705029993
0.3 0.00195226837308 25.6257990515
0.4 8.07509291621e-05 23.1885128627
0.5 4.57084968041e-06 20.9818887413
0.6 3.3093015009e-07 18.9852016234
0.7 3.19997144506e-08 17.1785232826
0.8 -4.45721086103e-09 15.5437846043
0.9 -1.59192847831e-09 14.0646106018
1 -5.83027126547e-09 12.726180882
1.1 -7.47357488803e-09 11.5151135745
1.2 -7.47637056466e-09 10.4193043276
1.3 -7.47637056466e-09 9.42777497773
1.4 -7.47637056466e-09 8.53060146818
1.5 -7.47637056466e-09 7.71880174246
1.6 -7.47637056466e-09 6.98426329046
1.7 -7.47637056466e-09 6.3196355008
1.8 -7.47637056466e-09 5.71823815724
1.9 -7.47637056466e-09 5.17407613974
2 -7.47637056466e-09 4.68169880203
2.1 -7.47637056466e-09 4.23617633612
2.2 -7.47637056466e-09 3.83305089621
2.3 -7.47637056466e-09 3.46828819782
2.4 -7.47637056466e-09 3.13823707225
2.5 -7.47637056466e-09 2.83959460789
2.6 -7.47637056466e-09 2.56937216938
2.7 -7.47637056466e-09 2.32486449405
2.8 -7.47637056466e-09 2.10362465027
2.9 -7.47637056466e-09 1.90343876872
3 -7.47637056466e-09 1.72230284269
3.1 -7.47637056466e-09 1.55840431542
3.2 -7.47637056466e-09 1.41010287511
3.3 -7.47637056466e-09 1.27591398123
3.4 -7.47637056466e-09 1.1544949388
3.5 -7.47637056466e-09 1.0446303532
3.6 -7.47637056466e-09 0.945220633033
3.7 -7.47637056466e-09 0.855270369811
3.8 -7.47637056466e-09 0.773880359269
3.9 -7.47637056466e-09 0.700235769005
4 -7.47637056466e-09 0.633599571671
4.1 -7.47637056466e-09 0.57330460601
4.2 -7.47637056466e-09 0.518747449612
4.3 -7.47637056466e-09 0.469382029532
4.4 -7.47637056466e-09 0.424714434064
4.5 -7.47637056466e-09 0.384297517047
4.6 -7.47637056466e-09 0.347726754463
4.7 -7.47637056466e-09 0.314636148942
4.8 -7.47637056466e-09 0.284694414921
4.9 -7.47637056466e-09 0.257601919261
5 -7.47637056466e-09 0.233087846812
5.1 -7.47637056466e-09 0.210906540221
5.2 -7.47637056466e-09 0.190836128198
5.3 -7.47637056466e-09 0.172675674038
5.4 -7.47637056466e-09 0.156243343992
5.5 -7.47637056466e-09 0.141374836639
5.6 -7.47637056466e-09 0.127921176134
5.7 -7.47637056466e-09 0.115747845936
5.8 -7.47637056466e-09 0.104732992609
5.9 -7.47637056466e-09 0.0947663101733
6 -7.47637056466e-09 0.0857481202154
6.1 -7.47637056466e-09 0.0775880743355
6.2 -7.47637056466e-09 0.0702045785654
6.3 -7.47637056466e-09 0.0635237234837
6.4 -7.47637056466e-09 0.0574786153066
6.5 -7.47637056466e-09 0.0520088135715
6.6 -7.47637056466e-09 0.047059510761
6.7 -7.47637056466e-09 0.0425812044209
6.8 -7.47637056466e-09 0.0385290625851
6.9 -7.47637056466e-09 0.0348625173888
7 -7.47637056466e-09 0.031544914902
7.1 -7.47637056466e-09 0.0285430113759
7.2 -7.47637056466e-09 0.0258267837034
7.3 -7.47637056466e-09 0.023369040308
7.4 -7.47637056466e-09 0.0211451731052
7.5 -7.47637056466e-09 0.0191329463495
7.6 -7.47637056466e-09 0.017312198523
7.7 -7.47637056466e-09 0.0156647228062
7.8 -7.47637056466e-09 0.014174027541
7.9 -7.47637056466e-09 0.0128251859541
8 -7.47637056466e-09 0.0116047095019
8.1 -7.47637056466e-09 0.0105003721732
8.2 -7.47637056466e-09 0.00950112784499
8.3 -7.47637056466e-09 0.00859696366923
8.4 -7.47637056466e-09 0.00777882904784
8.5 -7.47637056466e-09 0.0070385716613
8.6 -7.47637056466e-09 0.00636878220955
8.7 -7.47637056466e-09 0.00576274302807
8.8 -7.47637056466e-09 0.00521436179893
8.9 -7.47637056466e-09 0.00471817679126
9 -7.47637056466e-09 0.00426921750831
9.1 -7.47637056466e-09 0.00386294747351
9.2 -7.47637056466e-09 0.00349534172469
9.3 -7.47637056466e-09 0.00316272453526
9.4 -7.47637056466e-09 0.00286174356525
9.5 -7.47637056466e-09 0.00258941718331
9.6 -7.47637056466e-09 0.00234301230813
9.7 -7.47637056466e-09 0.00212004038548
9.8 -7.47637056466e-09 0.0019182962908
9.9 -7.47637056466e-09 0.00173575228273
10 -7.47637056466e-09 0.00157057218734
10.1 -7.47637056466e-09 0.00142113032147
10.2 -7.47637056466e-09 0.00128591829409
10.3 -7.47637056466e-09 0.00116354705202
10.4 -7.47637056466e-09 0.00105281338498
10.5 -7.47637056466e-09 0.000952625225767
10.6 -7.47637056466e-09 0.000861967934766
10.7 -7.47637056466e-09 0.000779924762045
10.8 -7.47637056466e-09 0.000705698159657
10.9 -7.47637056466e-09 0.000638542217689
11 -7.47637056466e-09 0.000577770638095
11.1 -7.47637056466e-09 0.000522784615875
11.2 -7.47637056466e-09 0.000473038935086
11.3 -7.47637056466e-09 0.000428025879142
11.4 -7.47637056466e-09 0.000387286896853
11.5 -7.47637056466e-09 0.000350428022319
11.6 -7.47637056466e-09 0.000317079058299
11.7 -7.47637056466e-09 0.000286888188894
11.8 -7.47637056466e-09 0.000259592125786
11.9 -7.47637056466e-09 0.000234889896165
12 -7.47637056466e-09 0.000212537327533
12.1 -7.47637056466e-09 0.000192310833044
12.2 -7.47637056466e-09 0.00017401563855
12.3 -7.47637056466e-09 0.000157463937948
12.4 -7.47637056466e-09 0.000142483555572
12.5 -7.47637056466e-09 0.000128918523127
12.6 -7.47637056466e-09 0.000116633006177
12.7 -7.47637056466e-09 0.000105507258023
12.8 -7.47637056466e-09 9.54372548798e-05
12.9 -7.47637056466e-09 8.633562461e-05
13 -7.47637056466e-09 7.81161146396e-05
13.1 -7.47637056466e-09 7.06765108442e-05
13.2 -7.47637056466e-09 6.39439917503e-05
13.3 -7.47637056466e-09 5.78571435446e-05
13.4 -7.47637056466e-09 5.23638441082e-05
13.5 -7.47637056466e-09 4.73971557793e-05
13.6 -7.47637056466e-09 4.29001671044e-05
13.7 -7.47637056466e-09 3.88282326927e-05
13.8 -7.47637056466e-09 3.51432711729e-05
13.9 -7.47637056466e-09 3.17718293692e-05
14 -7.47637056466e-09 2.87764903116e-05
14.1 -7.47637056466e-09 2.60464139442e-05
14.2 -7.47637056466e-09 2.35684672565e-05
14.3 -7.47637056466e-09 2.13289197086e-05
14.4 -7.47637056466e-09 1.9304254287e-05
14.5 -7.47637056466e-09 1.74741304191e-05
14.6 -7.47637056466e-09 1.58209302396e-05
14.7 -7.47637056466e-09 1.43270358834e-05
14.8 -7.47637056466e-09 1.29748294851e-05
14.9 -7.47637056466e-09 1.17505613623e-05
15 -7.47637056466e-09 1.06465845223e-05
15.1 -7.47637056466e-09 9.6494297034e-06
15.2 -7.47637056466e-09 8.74542745079e-06
15.3 -7.47637056466e-09 7.92090830982e-06
15.4 -7.47637056466e-09 7.16311488278e-06
15.5 -7.47637056466e-09 6.47422765283e-06
15.6 -7.47637056466e-09 5.85157864604e-06
15.7 -7.47637056466e-09 5.28834400163e-06
15.8 -7.47637056466e-09 4.77769985878e-06
15.9 -7.47637056466e-09 4.31282235673e-06
16 -7.47637056466e-09 3.82156804456e-06
16.1 -7.47637056466e-09 3.47555771877e-06
16.2 -7.47637056466e-09 3.15332771583e-06
16.3 -7.47637056466e-09 2.85487803575e-06
16.4 -7.47637056466e-09 2.58020867851e-06
16.5 -7.47637056466e-09 2.3291545136e-06
16.6 -7.47637056466e-09 2.09919801844e-06
16.7 -7.47637056466e-09 1.88948717232e-06
16.8 -7.47637056466e-09 1.70002197524e-06
16.9 -7.47637056466e-09 1.5308024272e-06
17 -7.47637056466e-09 1.3818285282e-06
17.1 -7.47637056466e-09 1.25161629997e-06
17.2 -7.47637056466e-09 1.132986391e-06
17.3 -7.47637056466e-09 1.02498994172e-06
17.4 -7.47637056466e-09 9.27626952121e-07
17.5 -7.47637056466e-09 8.40897422213e-07
17.6 -7.47637056466e-09 7.64801351993e-07
17.7 -7.47637056466e-09 6.97503964351e-07
17.8 -7.47637056466e-09 6.35293532826e-07
17.9 -7.47637056466e-09 5.78063313304e-07
18 -7.47637056466e-09 5.25813305783e-07
18.1 -7.47637056466e-09 4.78543510265e-07
18.2 -7.47637056466e-09 4.36250547992e-07
18.3 -7.47637056466e-09 3.97729605334e-07
18.4 -7.47637056466e-09 3.62008499091e-07
18.5 -7.47637056466e-09 3.29087229265e-07
18.6 -7.47637056466e-09 2.98965795854e-07
18.7 -7.47637056466e-09 2.71644198858e-07
18.8 -7.47637056466e-09 2.47073841738e-07
18.9 -7.47637056466e-09 2.24513838565e-07
19 -7.47637056466e-09 2.03713446742e-07
19.1 -7.47637056466e-09 1.84672666267e-07
19.2 -7.47637056466e-09 1.67391497142e-07
19.3 -7.47637056466e-09 1.51869939365e-07
19.4 -7.47637056466e-09 1.37997973321e-07
19.5 -7.47637056466e-09 1.25243334144e-07
19.6 -7.47637056466e-09 1.13535675005e-07
19.7 -7.47637056466e-09 1.02874995904e-07
19.8 -7.47637056466e-09 9.32612968396e-08
19.9 -7.47637056466e-09 8.46945778134e-08
20 -7.47637056466e-09 7.70252977694e-08
