"Time" "Prey" "Predator"
0 1.00330518998 1.00325338766
0.1 0.938310576925 1.00029081662
0.2 0.878240589196 0.991115713554
0.3 0.823334356462 0.976394357646
0.4 0.773632669669 0.956873383514
0.5 0.729026858387 0.9333330113
0.6 0.689307640777 0.906543389635
0.7 0.654199433405 0.877236807125
0.8 0.62339071201 0.846087187296
0.9 0.596558107399 0.813697378416
1 0.573381826951 0.780595045534
1.1 0.553555919927 0.747232815759
1.2 0.536795859347 0.713990770031
1.3 0.522842077841 0.681182056779
1.4 0.511461262319 0.649059517881
1.5 0.502447185949 0.61782231529
1.6 0.495618467218 0.587623605948
1.7 0.490817857426 0.558576732542
1.8 0.487910222983 0.530761630804
1.9 0.486780493912 0.504230266087
2 0.487331892289 0.479011591805
2.1 0.489484018589 0.455116035258
2.2 0.493171155519 0.432538980292
2.3 0.498340747378 0.411264014523
2.4 0.504951791577 0.391266207195
2.5 0.51297379418 0.372513638791
2.6 0.522385556822 0.354968972006
2.7 0.533174081493 0.338592509923
2.8 0.545333775338 0.323342279595
2.9 0.558865438855 0.309175837976
3 0.57377561705 0.296050711654
3.1 0.590075784456 0.283925486667
3.2 0.607781732934 0.272760186352
3.3 0.626912809475 0.262517005066
3.4 0.647491330265 0.25316056996
3.5 0.66954176117 0.244658494926
3.6 0.693090065533 0.236981594263
3.7 0.718162777154 0.230104343719
3.8 0.744786416233 0.224004861968
3.9 0.772986177783 0.218665544464
4 0.802784815207 0.214073415648
4.1 0.834201802921 0.210220091436
4.2 0.867251149072 0.207102622884
4.3 0.901940282312 0.204723618381
4.4 0.938268060877 0.203091749483
4.5 0.97622179221 0.202222653592
4.6 1.01577568218 0.202139163461
4.7 1.05688685764 0.20287236646
4.8 1.0994919489 0.20446245758
4.9 1.14350387823 0.206959498062
5 1.18880567736 0.210424859807
5.1 1.23524648692 0.2149322174
5.2 1.28263549014 0.220568825476
5.3 1.33073422001 0.227436916678
5.4 1.37925078284 0.235655189322
5.5 1.42783176155 0.245359523775
5.6 1.476053909 0.256703892465
5.7 1.52341742099 0.269860504613
5.8 1.56933930796 0.285018991754
5.9 1.61314775982 0.302384492361
6 1.65408215697 0.322171837164
6.1 1.69129094112 0.344601285809
6.2 1.7238489612 0.369883219969
6.3 1.75077009826 0.398205499419
6.4 1.77103564272 0.429712916634
6.5 1.78363822961 0.464480184494
6.6 1.78763486667 0.502481135293
6.7 1.78221498389 0.543556424876
6.8 1.76677443226 0.58737906772
6.9 1.74099196953 0.633429453413
7 1.70490069728 0.680976363783
7.1 1.65892383707 0.729091628736
7.2 1.60390129824 0.776667227274
7.3 1.54105838122 0.822475706756
7.4 1.47193968638 0.8652457071
7.5 1.39830628832 0.903751728421
7.6 1.32201109125 0.936907037405
7.7 1.24487202695 0.963841587675
7.8 1.16855709125 0.983959023857
7.9 1.09449864724 0.996962210373
8 1.02384478974 1.00284663142
8.1 0.95744214785 1.00187096287
8.2 0.895849044865 0.9945079974
8.3 0.839369985083 0.981386639978
8.4 0.788099872787 0.963234669695
8.5 0.741971447927 0.940826479877
8.6 0.700801751183 0.914938855686
8.7 0.664331672531 0.886318134181
8.8 0.632258107979 0.855657379932
8.9 0.604258999791 0.823582046239
9 0.580011663873 0.790643033951
9.1 0.559205279627 0.75731501692
9.2 0.541548034104 0.724000107064
9.3 0.526772876146 0.691030610974
9.4 0.514638400513 0.658677025195
9.5 0.50493009805 0.62715399404
9.6 0.497459282627 0.596627768492
9.7 0.492061521519 0.567223117041
9.8 0.488595291231 0.539029292024
9.9 0.486939648836 0.512106178808
10 0.4869925021 0.486489211477
10.1 0.488668730963 0.462193933835
10.2 0.491898391889 0.439219934818
10.3 0.496625081179 0.417554158521
10.4 0.502804368308 0.397173767907
10.5 0.510402837273 0.378048608164
10.6 0.519396556701 0.360143045691
10.7 0.529770170999 0.343418030593
10.8 0.541515925366 0.327832048783
10.9 0.55463274873 0.313342766399
11 0.569125562132 0.299907530555
11.1 0.585004398936 0.287484606312
11.2 0.60228384896 0.276033455221
11.3 0.620982235056 0.265515613977
11.4 0.641121067922 0.255894896702
11.5 0.662724221797 0.247138003639
11.6 0.685817315467 0.239214720419
11.7 0.710426778247 0.232098407952
11.8 0.736579198841 0.225766089309
11.9 0.76430039873 0.220198722263
12 0.793613883416 0.215381998906
12.1 0.824540289912 0.211306089786
12.2 0.857095506941 0.207966326461
12.3 0.891289038389 0.205363643213
12.4 0.927122668237 0.203504771451
12.5 0.964587380765 0.202403207325
12.6 1.00366159704 0.20207954844
12.7 1.04430816254 0.202562242155
12.8 1.08647006643 0.203888697848
12.9 1.13006795729 0.206105859808
13 1.17499448137 0.209271546377
13.1 1.22110945379 0.213455607806
13.2 1.26823498357 0.218741051526
13.3 1.31614758487 0.225225433773
13.4 1.36457230788 0.233022328492
13.5 1.41317518228 0.2422624234
13.6 1.46155494939 0.253094006989
13.7 1.50923534907 0.265684061422
13.8 1.55565970474 0.280216755717
13.9 1.60018259178 0.296893402868
14 1.64207124284 0.31592591751
14.1 1.68050004768 0.337534355146
14.2 1.71456468723 0.361933505214
14.3 1.74329488047 0.389319888508
14.4 1.76567906167 0.419853425535
14.5 1.78069961647 0.453633712406
14.6 1.78738891655 0.490667997073
14.7 1.78488789224 0.530841042722
14.8 1.77252310155 0.573878893588
14.9 1.74987983713 0.619322501674
15 1.7168754554 0.666507482389
15.1 1.67381441282 0.714561042245
15.2 1.62141078437 0.762425405298
15.3 1.56077930478 0.80890177219
15.4 1.4933778272 0.852722788341
15.5 1.42091410967 0.892639289096
15.6 1.34522868235 0.927512543053
15.7 1.26815871206 0.956403317762
15.8 1.19143056716 0.978625734626
15.9 1.11655524821 0.993791326124
16 1.04476964052 1.00180990973
16.1 0.97701129896 1.00286494762
16.2 0.913922674465 0.997370601392
16.3 0.855880753204 0.985914765324
16.4 0.80303825199 0.969201592402
16.5 0.755371953065 0.94799632584
16.6 0.712729333241 0.923078978886
16.7 0.674870410446 0.895208005402
16.8 0.641502419586 0.865094348598
16.9 0.612306883935 0.833384693791
17 0.586959849254 0.80065308197
17.1 0.565145744363 0.767397220327
17.2 0.546566585204 0.734040380989
17.3 0.530947312746 0.700935576891
17.4 0.51803887764 0.66837104873
17.5 0.507618709165 0.636577574038
17.6 0.499490306252 0.60573543598
17.7 0.493482216928 0.575981106699
17.8 0.489446154574 0.54741398467
17.9 0.487255213901 0.520102233445
18 0.486801801541 0.494088190547
18.1 0.487995735183 0.469393072755
18.2 0.490762687946 0.446020819075
18.3 0.495042319309 0.42396187887
18.4 0.500786804702 0.4031960807
18.5 0.507959517705 0.383695257855
18.6 0.516533775138 0.365425254367
18.7 0.526491737671 0.348347886974
18.8 0.537823438288 0.332422264362
18.9 0.550525884448 0.31760617101
19 0.564602250821 0.30385698724
19.1 0.580061113292 0.29113259864
19.2 0.596915697759 0.279392158023
19.3 0.615183301263 0.268596446746
19.4 0.634884597042 0.258708399101
19.5 0.656042729629 0.249693991037
19.6 0.678682973121 0.241521905827
19.7 0.70283157925 0.234164424839
19.8 0.728515205929 0.227597419951
19.9 0.755759960142 0.221800680495
20 0.784590152379 0.216758468541
