"Time" "Prey" "Predator"
0 1.01526639517 14.3066972421
0.1 0.167255038358 13.5634866631
0.2 0.0317063300755 12.3719210073
0.3 0.00704155150387 11.2127152111
0.4 0.0018139401168 10.1495506827
0.5 0.000534921215047 9.18464510504
0.6 0.000178273698883 8.31087777083
0.7 6.63516215943e-05 7.52007758555
0.8 2.74191885664e-05 6.80447939689
0.9 1.23443839884e-05 6.15696216122
1 6.04397407248e-06 5.57105924877
1.1 3.1804992579e-06 5.04091183081
1.2 1.78241393225e-06 4.56120686189
1.3 1.04672652183e-06 4.12714725664
1.4 6.74868282557e-07 3.73439509598
1.5 4.59445943306e-07 3.37901993759
1.6 3.17113298172e-07 3.0574630615
1.7 2.32766675324e-07 2.7665056514
1.8 1.88936503092e-07 2.50323489861
1.9 1.58963157397e-07 2.26502407618
2 1.42482467647e-07 2.04948463079
2.1 1.03678515916e-07 1.85444763797
2.2 8.86341344025e-08 1.67797380772
2.3 7.98614170464e-08 1.51829419465
2.4 6.95679897112e-08 1.37380943423
2.5 6.16974020128e-08 1.24307415691
2.6 5.67178499023e-08 1.12478013563
2.7 5.2675345463e-08 1.01774323495
2.8 4.93523487799e-08 0.920892225327
2.9 4.6807680823e-08 0.833258053849
3 4.50052237473e-08 0.753963194999
3.1 4.37643325005e-08 0.682214328943
3.2 4.2896468578e-08 0.617293152028
3.3 4.23943081412e-08 0.558550054627
3.4 4.22186890606e-08 0.505397149653
3.5 4.23265813054e-08 0.457302311822
3.6 4.26941432879e-08 0.413784369739
3.7 4.33032898708e-08 0.37440764866
3.8 4.41411112922e-08 0.338778117772
3.9 4.51990082857e-08 0.30653921664
4 4.64718916191e-08 0.27736816815
4.1 4.79574539878e-08 0.250972801966
4.2 4.96566298994e-08 0.227089381238
4.3 5.1572184382e-08 0.205478914689
4.4 5.37087425109e-08 0.185925006366
4.5 5.60728417619e-08 0.168231940721
4.6 5.86725684894e-08 0.152222565292
4.7 6.15176620538e-08 0.137736645069
4.8 6.46193798657e-08 0.124629243822
4.9 6.79904781954e-08 0.112769213764
5 7.16451750847e-08 0.102037813577
5.1 7.55991929494e-08 0.0923276243985
5.2 7.98697714662e-08 0.0835414754443
5.3 8.44757113521e-08 0.0755914145955
5.4 8.94374327414e-08 0.0683978664246
5.5 9.47770655641e-08 0.0618889478211
5.6 1.00518468811e-07 0.0559994314669
5.7 1.0668737172e-07 0.0506703848193
5.8 1.13311458592e-07 0.0458484641568
5.9 1.2042047831e-07 0.041485384496
6 1.28046376687e-07 0.0375375296806
6.1 1.36223421615e-07 0.0339653457137
6.2 1.44988354069e-07 0.030733108164
6.3 1.54380545173e-07 0.0278084725433
6.4 1.64442164593e-07 0.0251621434311
6.5 1.75218362843e-07 0.0227676533601
6.6 1.86757478763e-07 0.0206010153842
6.7 1.99111239519e-07 0.0186405630606
6.8 2.12334996606e-07 0.0168666790571
6.9 2.26487968673e-07 0.0152615964521
7 2.41633494864e-07 0.0138092670114
7.1 2.57839333338e-07 0.0124951399752
7.2 2.75177940265e-07 0.0113060691432
7.3 2.93726806438e-07 0.0102301537878
7.4 3.13568799647e-07 0.0092566202472
7.5 3.34792516516e-07 0.00837573691817
7.6 3.57492709783e-07 0.00757867976997
7.7 3.81770666098e-07 0.0068574727133
7.8 4.07734710935e-07 0.00620489037218
7.9 4.35500654678e-07 0.00561439667869
8 4.65192234115e-07 0.00508010599712
8.1 4.96941843812e-07 0.00459668286816
8.2 5.30891069018e-07 0.00415927716045
8.3 5.67190991985e-07 0.00376349281064
8.4 6.06003291291e-07 0.00340536514054
8.5 6.47501093484e-07 0.00308133435452
8.6 6.91868953277e-07 0.00278812881514
8.7 7.39304282065e-07 0.00252279615051
8.8 7.90018676155e-07 0.00228272346023
8.9 8.4423763492e-07 0.00206549673168
9 9.02202234393e-07 0.00186892891941
9.1 9.64170985735e-07 0.00169108087479
9.2 1.03041939768e-06 0.00153016136174
9.3 1.10124186601e-06 0.0013845416032
9.4 1.17695418481e-06 0.00125278778103
9.5 1.2578929627e-06 0.00113357488975
9.6 1.34441780587e-06 0.00102569657571
9.7 1.43691474365e-06 0.000928094740219
9.8 1.53579502823e-06 0.000839788818382
9.9 1.64149713623e-06 0.000759873565208
10 1.75449182559e-06 0.000687554929921
10.1 1.87528278053e-06 0.000622124436618
10.2 2.00440632935e-06 0.000562920843809
10.3 2.14243546051e-06 0.000509342170782
10.4 2.28998629056e-06 0.000460867054061
10.5 2.44771484088e-06 0.00041701021825
10.6 2.61632056895e-06 0.000377323681223
10.7 2.79655424364e-06 0.000341412911975
10.8 2.98921904755e-06 0.000308924568521
10.9 3.19517027138e-06 0.000279528475891
11 3.41532165087e-06 0.00025292367034
11.1 3.65065575529e-06 0.000228852234611
11.2 3.90221875453e-06 0.000207073461862
11.3 4.17114142569e-06 0.000187355684018
11.4 4.45857759541e-06 0.000169530898599
11.5 4.76584651725e-06 0.000153399022376
11.6 5.0943041547e-06 0.000138801700813
11.7 5.44540944013e-06 0.000125592026054
11.8 5.82074474733e-06 0.000113643351409
11.9 6.22198004212e-06 0.000102833856364
12 6.65088385497e-06 9.3051270861e-05
12.1 7.10932659574e-06 8.41936361372e-05
12.2 7.59939423593e-06 7.61715205276e-05
12.3 8.1233106503e-06 6.890650581e-05
12.4 8.68337809809e-06 6.23300271108e-05
12.5 9.28202068473e-06 5.63842200268e-05
12.6 9.92185185867e-06 5.1015693986e-05
12.7 1.06058699335e-05 4.61574951727e-05
12.8 1.13371157197e-05 4.17606902917e-05
12.9 1.21187773119e-05 3.77846998356e-05
13 1.29542105632e-05 3.41956075735e-05
13.1 1.38472405437e-05 3.09522586544e-05
13.2 1.48019556205e-05 2.80157556934e-05
13.3 1.58225496128e-05 2.53567378799e-05
13.4 1.69134370476e-05 2.29500659115e-05
13.5 1.80766430828e-05 2.07445516005e-05
13.6 1.93250184187e-05 1.8791353414e-05
13.7 2.06582200828e-05 1.70100042078e-05
13.8 2.20827582397e-05 1.53920632497e-05
13.9 2.36051666674e-05 1.3929002885e-05
14 2.52334985998e-05 1.26067021295e-05
14.1 2.69757512293e-05 1.14112462964e-05
14.2 2.88392183754e-05 1.0331309912e-05
14.3 3.08311938576e-05 9.3555675024e-06
14.4 3.29589714956e-05 8.47269359365e-06
14.5 3.52315942124e-05 7.67293745301e-06
14.6 3.76637240094e-05 6.95160727813e-06
14.7 4.026593865e-05 6.300334173e-06
14.8 4.30483525208e-05 5.71033205771e-06
14.9 4.60210800087e-05 5.17281485237e-06
15 4.91943715575e-05 4.67912892261e-06
15.1 5.25872414273e-05 4.22915181611e-06
15.2 5.62183822417e-05 3.82244798237e-06
15.3 6.01024286945e-05 3.45463165774e-06
15.4 6.42540154795e-05 3.12131707858e-06
15.5 6.86877772904e-05 2.81811848126e-06
15.6 7.38247407867e-05 2.49339310492e-06
15.7 7.86907395502e-05 2.26855573264e-06
15.8 8.39926918189e-05 2.05900310228e-06
15.9 8.97305975929e-05 1.86473521384e-06
16 9.59044568721e-05 1.68575206733e-06
16.1 0.000102515539858 1.52202925592e-06
16.2 0.000109637759293 1.37214655148e-06
16.3 0.000117314175291 1.23527655704e-06
16.4 0.00012554478785 1.11141927257e-06
16.5 0.000134329596971 1.00057469809e-06
16.6 0.000143668602653 9.02742833599e-07
16.7 0.000153582312541 8.17438309708e-07
16.8 0.000164263700514 7.4009387264e-07
16.9 0.000175760319774 6.69584046015e-07
17 0.00018807217032 6.05908829833e-07
17.1 0.000201199252153 5.49068224095e-07
17.2 0.000215141565274 4.99062228801e-07
17.3 0.000229971047295 4.55107819741e-07
17.4 0.000245938741065 4.14472453902e-07
17.5 0.000263066209924 3.76921419315e-07
17.6 0.000281353453874 3.42454715978e-07
17.7 0.000300800472915 3.11072343893e-07
17.8 0.000321601571805 2.82386800058e-07
17.9 0.000343986751353 2.55939392661e-07
18 0.000367956412268 2.31729322562e-07
18.1 0.00039351055455 2.09756589761e-07
18.2 0.000420667733638 1.89997617763e-07
18.3 0.000449790325484 1.71991972515e-07
18.4 0.000481018299747 1.55561808892e-07
18.5 0.000514351656427 1.40707126895e-07
18.6 0.000549851580101 1.27380221428e-07
18.7 0.000587972926798 1.15226445108e-07
18.8 0.000628808292055 1.04173601981e-07
18.9 0.000672357675871 9.42216920483e-08
19 0.000717659732647 8.57972647828e-08
19.1 0.000768286410157 7.73154453535e-08
19.2 0.000821964357331 6.97849206507e-08
19.3 0.000878900493511 6.31138804695e-08
19.4 0.000939420522655 5.71992737853e-08
19.5 0.00100404187609 5.19199060388e-08
19.6 0.00107311391722 4.71704872668e-08
19.7 0.00114698039877 4.28462584537e-08
19.8 0.00122598525291 3.88429415279e-08
19.9 0.00131051140701 3.51607879232e-08
20 0.00140094972755 3.18213302995e-08
