"Time" "Prey" "Predator"
0 37.5726454252 29.8740712105
0.1 0.0456822544718 53.2743405228
0.2 5.63508804769e-05 48.2363306147
0.3 1.82230278628e-07 43.6460455511
0.4 -9.89069461042e-08 39.4926090051
0.5 -8.88344159312e-08 35.7343991052
0.6 -1.21428226303e-07 32.3338132846
0.7 -1.24463636675e-07 29.2568410461
0.8 -1.24463636675e-07 26.4726829688
0.9 -1.24463636675e-07 23.9534714194
1 -1.24463636675e-07 21.6740000736
1.1 -1.24463636675e-07 19.6114492195
1.2 -1.24463636675e-07 17.745173491
1.3 -1.24463636675e-07 16.0564973871
1.4 -1.24463636675e-07 14.5285201456
1.5 -1.24463636675e-07 13.1459491488
1.6 -1.24463636675e-07 11.8949518675
1.7 -1.24463636675e-07 10.7630024578
1.8 -1.24463636675e-07 9.73876128945
1.9 -1.24463636675e-07 8.81198652696
2 -1.24463636675e-07 7.97341699377
2.1 -1.24463636675e-07 7.21464823629
2.2 -1.24463636675e-07 6.52808206751
2.3 -1.24463636675e-07 5.90685215032
2.4 -1.24463636675e-07 5.34474052735
2.5 -1.24463636675e-07 4.83612170229
2.6 -1.24463636675e-07 4.3759041301
2.7 -1.24463636675e-07 3.95948115566
2.8 -1.24463636675e-07 3.58268652216
2.9 -1.24463636675e-07 3.24174886573
3 -1.24463636675e-07 2.93325565245
3.1 -1.24463636675e-07 2.6541193328
3.2 -1.24463636675e-07 2.40154545183
3.3 -1.24463636675e-07 2.17300643433
3.4 -1.24463636675e-07 1.9662173696
3.5 -1.24463636675e-07 1.77910634999
3.6 -1.24463636675e-07 1.60980189949
3.7 -1.24463636675e-07 1.45660898908
3.8 -1.24463636675e-07 1.31799382667
3.9 -1.24463636675e-07 1.19257024051
4 -1.24463636675e-07 1.07908162624
4.1 -1.24463636675e-07 0.976393313451
4.2 -1.24463636675e-07 0.883477218948
4.3 -1.24463636675e-07 0.799403058055
4.4 -1.24463636675e-07 0.7233299253
4.5 -1.24463636675e-07 0.654495709823
4.6 -1.24463636675e-07 0.59221215755
4.7 -1.24463636675e-07 0.535855623766
4.8 -1.24463636675e-07 0.484862015603
4.9 -1.24463636675e-07 0.438721379463
5 -1.24463636675e-07 0.396971410982
5.1 -1.24463636675e-07 0.359194601631
5.2 -1.24463636675e-07 0.325012649348
5.3 -1.24463636675e-07 0.294083475055
5.4 -1.24463636675e-07 0.266097765007
5.5 -1.24463636675e-07 0.240775126225
5.6 -1.24463636675e-07 0.217862358144
5.7 -1.24463636675e-07 0.19712998827
5.8 -1.24463636675e-07 0.17837053498
5.9 -1.24463636675e-07 0.161396347232
6 -1.24463636675e-07 0.146037384027
6.1 -1.24463636675e-07 0.132140094863
6.2 -1.24463636675e-07 0.119565284259
6.3 -1.24463636675e-07 0.108187117194
6.4 -1.24463636675e-07 0.0978917591218
6.5 -1.24463636675e-07 0.0885760819049
6.6 -1.24463636675e-07 0.0801469566557
6.7 -1.24463636675e-07 0.0725199494613
6.8 -1.24463636675e-07 0.0656187447
6.9 -1.24463636675e-07 0.0593743037485
7 -1.24463636675e-07 0.0537240705358
7.1 -1.24463636675e-07 0.0486115533825
7.2 -1.24463636675e-07 0.0439855416015
7.3 -1.24463636675e-07 0.039799750275
7.4 -1.24463636675e-07 0.0360123075047
7.5 -1.24463636675e-07 0.0325852703411
7.6 -1.24463636675e-07 0.0294843749172
7.7 -1.24463636675e-07 0.0266785603416
7.8 -1.24463636675e-07 0.0241397522448
7.9 -1.24463636675e-07 0.0218425530659
8 -1.24463636675e-07 0.0197639502075
8.1 -1.24463636675e-07 0.0178831631526
8.2 -1.24463636675e-07 0.0161813523072
8.3 -1.24463636675e-07 0.0146414890625
8.4 -1.24463636675e-07 0.0132481685492
8.5 -1.24463636675e-07 0.0119874331555
8.6 -1.24463636675e-07 0.0108466773906
8.7 -1.24463636675e-07 0.00981447880072
8.8 -1.24463636675e-07 0.00888050505002
8.9 -1.24463636675e-07 0.00803540657617
9 -1.24463636675e-07 0.00727071379657
9.1 -1.24463636675e-07 0.00657880145757
9.2 -1.24463636675e-07 0.00595275972706
9.3 -1.24463636675e-07 0.00538630795752
9.4 -1.24463636675e-07 0.00487375452345
9.5 -1.24463636675e-07 0.0044099751029
9.6 -1.24463636675e-07 0.003990345786
9.7 -1.24463636675e-07 0.0036106271843
9.8 -1.24463636675e-07 0.00326702711713
9.9 -1.24463636675e-07 0.00295613606726
10 -1.24463636675e-07 0.00267481990145
10.1 -1.24463636675e-07 0.00242027371953
10.2 -1.24463636675e-07 0.00218996450342
10.3 -1.24463636675e-07 0.00198156237218
10.4 -1.24463636675e-07 0.00179299052554
10.5 -1.24463636675e-07 0.00162237220828
10.6 -1.24463636675e-07 0.00146798180713
10.7 -1.24463636675e-07 0.00132829047694
10.8 -1.24463636675e-07 0.00120190793639
10.9 -1.24463636675e-07 0.00108754701762
11 -1.24463636675e-07 0.000984043623827
11.1 -1.24463636675e-07 0.000890396129231
11.2 -1.24463636675e-07 0.00080566450289
11.3 -1.24463636675e-07 0.000728984919199
11.4 -1.24463636675e-07 0.000659602058538
11.5 -1.24463636675e-07 0.000596830557731
11.6 -1.24463636675e-07 0.00054003392951
11.7 -1.24463636675e-07 0.000488635843214
11.8 -1.24463636675e-07 0.000442136176256
11.9 -1.24463636675e-07 0.000400065623513
12 -1.24463636675e-07 0.000361991270454
12.1 -1.24463636675e-07 0.000327538206909
12.2 -1.24463636675e-07 0.000296366993233
12.3 -1.24463636675e-07 0.000268162087753
12.4 -1.24463636675e-07 0.000242633329945
12.5 -1.24463636675e-07 0.000219545687561
12.6 -1.24463636675e-07 0.000198654127034
12.7 -1.24463636675e-07 0.000179748285967
12.8 -1.24463636675e-07 0.000162645105166
12.9 -1.24463636675e-07 0.000147173997781
13 -1.24463636675e-07 0.000133174815115
13.1 -1.24463636675e-07 0.000120501587573
13.2 -1.24463636675e-07 0.000109023995543
13.3 -1.24463636675e-07 9.86292398152e-05
13.4 -1.24463636675e-07 8.92174275613e-05
13.5 -1.24463636675e-07 8.07033537919e-05
13.6 -1.24463636675e-07 7.30150305038e-05
13.7 -1.24463636675e-07 6.60628291832e-05
13.8 -1.24463636675e-07 5.97701225113e-05
13.9 -1.24463636675e-07 5.40774871613e-05
14 -1.24463636675e-07 4.89349747014e-05
14.1 -1.24463636675e-07 4.42931120195e-05
14.2 -1.24463636675e-07 4.00914571232e-05
14.3 -1.24463636675e-07 3.62868300755e-05
14.4 -1.24463636675e-07 3.28424131419e-05
14.5 -1.24463636675e-07 2.96705816693e-05
14.6 -1.24463636675e-07 2.68857591821e-05
14.7 -1.24463636675e-07 2.43423716079e-05
14.8 -1.24463636675e-07 2.20287671873e-05
14.9 -1.24463636675e-07 1.99332941604e-05
15 -1.24463636675e-07 1.80405957985e-05
15.1 -1.24463636675e-07 1.63288910758e-05
15.2 -1.24463636675e-07 1.47823028789e-05
15.3 -1.24463636675e-07 1.33851981232e-05
15.4 -1.24463636675e-07 1.21219437244e-05
15.5 -1.24463636675e-07 1.0977314489e-05
15.6 -1.24463636675e-07 9.94366297402e-06
15.7 -1.24463636675e-07 9.01110210232e-06
15.8 -1.24463636675e-07 8.1675020788e-06
15.9 -1.24463636675e-07 7.40073310834e-06
16 -1.24463636675e-07 6.69866539581e-06
16.1 -1.24463636675e-07 6.05482222324e-06
16.2 -1.24463636675e-07 5.47252912579e-06
16.3 -1.24463636675e-07 4.94610339354e-06
16.4 -1.24463636675e-07 4.46948997443e-06
16.5 -1.24463636675e-07 4.03663381644e-06
16.6 -1.24463636675e-07 3.55894025341e-06
16.7 -1.24463636675e-07 3.24094177417e-06
16.8 -1.24463636675e-07 2.94404515039e-06
16.9 -1.24463636675e-07 2.66825038206e-06
17 -1.24463636675e-07 2.41355746917e-06
17.1 -1.24463636675e-07 2.17996641174e-06
17.2 -1.24463636675e-07 1.96650805858e-06
17.3 -1.24463636675e-07 1.77108649233e-06
17.4 -1.24463636675e-07 1.59362993609e-06
17.5 -1.24463636675e-07 1.43413838988e-06
17.6 -1.24463636675e-07 1.29261185368e-06
17.7 -1.24463636675e-07 1.16904477725e-06
17.8 -1.24463636675e-07 1.05887583952e-06
17.9 -1.24463636675e-07 9.58142474276e-07
18 -1.24463636675e-07 8.66844681527e-07
18.1 -1.24463636675e-07 7.84982461268e-07
18.2 -1.24463636675e-07 7.125558135e-07
18.3 -1.24463636675e-07 6.49359470182e-07
18.4 -1.24463636675e-07 5.91860715411e-07
18.5 -1.24463636675e-07 5.38781154266e-07
18.6 -1.24463636675e-07 4.90120786745e-07
18.7 -1.24463636675e-07 4.4587961285e-07
18.8 -1.24463636675e-07 4.0605763258e-07
18.9 -1.24463636675e-07 3.7037684518e-07
19 -1.24463636675e-07 3.37388708196e-07
19.1 -1.24463636675e-07 3.06885017639e-07
19.2 -1.24463636675e-07 2.78865773508e-07
19.3 -1.24463636675e-07 2.53330975804e-07
19.4 -1.24463636675e-07 2.30280624525e-07
19.5 -1.24463636675e-07 2.09429536834e-07
19.6 -1.24463636675e-07 1.90160967191e-07
19.7 -1.24463636675e-07 1.72453794498e-07
19.8 -1.24463636675e-07 1.56308018756e-07
19.9 -1.24463636675e-07 1.41723639963e-07
20 -1.24463636675e-07 1.28700246635e-07
