"Time" "Prey" "Predator"
0 0.406124151338 3.50887791951
0.1 0.275940566663 3.28345666623
0.2 0.193477441114 3.04062201422
0.3 0.140149134474 2.79702294196
0.4 0.104821082289 2.56174004095
0.5 0.080829323104 2.33940016549
0.6 0.0641410146304 2.13207198205
0.7 0.0522700101616 1.94037731342
0.8 0.0436537057769 1.76412783916
0.9 0.0372875544292 1.60269713479
1 0.0325121544546 1.4552340742
1.1 0.0288856508213 1.3207881948
1.2 0.026106673929 1.19838197993
1.3 0.0239653772939 1.08705404872
1.4 0.0223133941615 0.985882330313
1.5 0.021044221334 0.893996695279
1.6 0.0200803772155 0.810584869589
1.7 0.0193648203334 0.734894155462
1.8 0.0188551282868 0.666230748338
1.9 0.0185197252496 0.603957340328
2 0.0183347778724 0.547490516194
2.1 0.0182823261116 0.496297221361
2.2 0.0183489395503 0.449891139365
2.3 0.0185246550545 0.407829195932
2.4 0.0188022183186 0.369708172921
2.5 0.0191765431853 0.33516137444
2.6 0.0196443054983 0.303855545367
2.7 0.0202036048219 0.275488002322
2.8 0.0208537573332 0.249783935916
2.9 0.0215952540123 0.226493889764
3 0.0224293133514 0.205391590762
3.1 0.0233581195657 0.186271793606
3.2 0.0243845150234 0.16894834518
3.3 0.0255120683628 0.153252497678
3.4 0.0267450158327 0.139031252739
3.5 0.0280882157582 0.126145917961
3.6 0.0295471853697 0.114470832998
3.7 0.0311280422145 0.103892066635
3.8 0.0328375626537 0.094306460511
3.9 0.0346831541245 0.0856204690026
4 0.0366729009385 0.0777494050433
4.1 0.0388155728513 0.0706165037296
4.2 0.0411206616744 0.0641522503262
4.3 0.0435984125654 0.0582936554943
4.4 0.0462598631816 0.0529836626901
4.5 0.0491168935733 0.0481706855055
4.6 0.0521822615597 0.0438078751383
4.7 0.0554696638409 0.039852852356
4.8 0.0589937930228 0.0362672579547
4.9 0.0627703985332 0.0330162858203
5 0.0668163543853 0.0300684917053
5.1 0.0711497336524 0.0273953549937
5.2 0.0757898854678 0.0249710488992
5.3 0.0807575182727 0.02277223048
5.4 0.0860747950224 0.020777699743
5.5 0.0917654238866 0.0189682948412
5.6 0.0978547668392 0.0173266631023
5.7 0.104369953479 0.0158370711568
5.8 0.111339990966 0.0144853056482
5.9 0.118795909058 0.0132584798573
6 0.126770876987 0.0121449163759
6.1 0.135300363531 0.0111340637389
6.2 0.144422300697 0.0102163374771
6.3 0.15417722008 0.00938310350865
6.4 0.164608458441 0.00862655395761
6.5 0.1757623829 0.00793958033719
6.6 0.187688478546 0.00731574844228
6.7 0.200439672305 0.00674924682286
6.8 0.214072620528 0.00623485040476
6.9 0.228647736479 0.00576777387357
7 0.244229671022 0.00534371907165
7.1 0.260887602154 0.00495884045692
7.2 0.278695287548 0.00460960819819
7.3 0.297731690117 0.00429286545392
7.4 0.318081242126 0.00400577938553
7.5 0.339833975297 0.00374575687389
7.6 0.363086307965 0.00351049889129
7.7 0.38794126933 0.00329794661024
7.8 0.414508740876 0.00310622850702
7.9 0.44290647554 0.00293371097353
8 0.473260177367 0.00277893723333
8.1 0.505703826924 0.00264059389101
8.2 0.540380942 0.00251756178635
8.3 0.577445035142 0.00240889655412
8.4 0.617059615272 0.00231377080089
8.5 0.659399477931 0.00223151377968
8.6 0.704651900667 0.00216164005786
8.7 0.753016277867 0.00210377934705
8.8 0.804705445425 0.00205771577399
8.9 0.859947550766 0.0020234682692
9 0.918985542944 0.00200120276494
9.1 0.98207841688 0.00199127418944
9.2 1.04950355251 0.0019943964538
9.3 1.12155649377 0.00201153745167
9.4 1.19855193639 0.00204394995002
9.5 1.28082611996 0.00209353133907
9.6 1.36873738394 0.00216274901985
9.7 1.46266680099 0.00225458505688
9.8 1.56301996384 0.00237326792116
9.9 1.67022826621 0.00252460599553
10 1.7847495949 0.00271547366385
10.1 1.90706900677 0.00295498763796
10.2 2.03769801334 0.0032567513732
10.3 2.17717646196 0.00363798437372
10.4 2.32606708501 0.004123671649
10.5 2.48495730818 0.00474663934058
10.6 2.65445212608 0.00555259563741
10.7 2.8351575863 0.00661039039423
10.8 3.02766829665 0.00801937014677
10.9 3.23254559076 0.00992219143727
11 3.45025697686 0.0125387141902
11.1 3.68110463074 0.0162052684985
11.2 3.9250958132 0.0214462639567
11.3 4.18171035029 0.0291023251392
11.4 4.44951985312 0.0405410816533
11.5 4.72550933269 0.0580344581178
11.6 5.00390032213 0.0854157204729
11.7 5.2740950904 0.129227125841
11.8 5.51722178216 0.200633116426
11.9 5.70075011725 0.318318491494
12 5.77174420139 0.511779270717
12.1 5.6536087827 0.82147687465
12.2 5.26092253827 1.28615918971
12.3 4.55230218081 1.9057212417
12.4 3.60448080746 2.59606562279
12.5 2.61276204482 3.20367915027
12.6 1.76941621934 3.60253882261
12.7 1.15449807269 3.76562799889
12.8 0.746886356363 3.74149377364
12.9 0.488977235528 3.5976243919
13 0.327907835522 3.38884761636
13.1 0.226605741461 3.15135399905
13.2 0.161744738178 2.90669010862
13.3 0.119249939439 2.66690717946
13.4 0.0907123663351 2.43836033599
13.5 0.0710729397638 2.2241077038
13.6 0.0572403390459 2.02532923213
13.7 0.0472886291478 1.84214786436
13.8 0.0399923462606 1.67410363301
13.9 0.0345548852776 1.52042834819
14 0.0304470440268 1.38020595976
14.1 0.0273107547785 1.2524650387
14.2 0.0248989579553 1.13623351368
14.3 0.0230383631796 1.03056944195
14.4 0.0216050315634 0.934578576584
14.5 0.0205095550626 0.847422052717
14.6 0.019686434214 0.768320194631
14.7 0.0190872020419 0.696552746997
14.8 0.0186756940896 0.631457228134
14.9 0.0184248604922 0.572426239548
15 0.0183141913045 0.518904397076
15.1 0.0183283424645 0.470384662638
15.2 0.0184558189946 0.426404803905
15.3 0.018688257398 0.386543934157
15.4 0.0190196499701 0.350419214714
15.5 0.0194458939456 0.31768259805
15.6 0.0199645021215 0.288017888022
15.7 0.0205742911389 0.261137970024
15.8 0.0212752176552 0.236782287937
15.9 0.0220682036608 0.21471438668
16 0.0229549064419 0.19471936857
16.1 0.0239379563873 0.176603009451
16.2 0.0250205563249 0.160188554246
16.3 0.0262066874471 0.145316335397
16.4 0.0275009161736 0.131841152606
16.5 0.0289084802686 0.119631734633
16.6 0.0304352285748 0.108568902173
16.7 0.0320876452672 0.098544732605
16.8 0.0338728645429 0.0894615066163
16.9 0.0357986637928 0.0812305195131
17 0.0378735190766 0.0737716521585
17.1 0.0401065917907 0.0670120242497
17.2 0.0425078018952 0.0608858935568
17.3 0.0450878330575 0.0553335431728
17.4 0.0478581845383 0.0503008492426
17.5 0.050831229744 0.0457389511863
17.6 0.0540202664357 0.0416037643879
17.7 0.0574395338328 0.0378549264277
17.8 0.0611043161872 0.0344561252523
17.9 0.0650309894545 0.0313744017423
18 0.0692370931946 0.0285798975442
18.1 0.0737414101624 0.0260456315792
18.2 0.078564049086 0.0237471266775
18.3 0.0837265290044 0.0216622859098
18.4 0.0892518754014 0.0197710571416
18.5 0.095164718503 0.018055262553
18.6 0.101491401523 0.0164984517808
18.7 0.108260105537 0.015085735743
18.8 0.1155009612 0.0138036506004
18.9 0.123246196154 0.0126399727127
19 0.131530263774 0.0115836576264
19.1 0.14038998921 0.0106247517955
19.2 0.149864780405 0.0097541825729
19.3 0.159996725069 0.00896373345769
19.4 0.170830797622 0.00824596430976
19.5 0.182415168174 0.00759419450507
19.6 0.194801225859 0.00700232057035
19.7 0.208043924291 0.00646482972449
19.8 0.222202091208 0.00597679136772
19.9 0.237338463964 0.00553368405515
20 0.253520197569 0.00513145191039
