"Time" "Prey" "Predator"
0 12.662668116 1.09192126622
0.1 10.3701102302 3.19899803874
0.2 5.79811178592 6.55029429155
0.3 2.19382209536 8.66446129724
0.4 0.714529089697 8.94873856472
0.5 0.238388584567 8.45412000671
0.6 0.0863719446376 7.76413298963
0.7 0.0343653567672 7.06472931041
0.8 0.0149715324584 6.40726169782
0.9 0.00709481161729 5.80360779777
1 0.00363085646977 5.25402107017
1.1 0.00199266475165 4.7553257342
1.2 0.00116504363521 4.30345686788
1.3 0.000721366639199 3.89428757511
1.4 0.000470517440938 3.52390306184
1.5 0.000321625751628 3.18868368429
1.6 0.000229409280643 2.88531879117
1.7 0.000170059743335 2.61079598256
1.8 0.00013054626117 2.36238086151
1.9 0.000103350828886 2.13759492384
2 8.42113411983e-05 1.93419340144
2.1 7.0420316019e-05 1.75014359039
2.2 6.0277446988e-05 1.58360528968
2.3 5.27117311136e-05 1.43291310759
2.4 4.70109181305e-05 1.2965608114
2.5 4.26406883012e-05 1.17318237142
2.6 3.92775674038e-05 1.06154370233
2.7 3.6696780973e-05 0.960528176125
2.8 3.47266283355e-05 0.869125015782
2.9 3.32452664516e-05 0.786419564684
3 3.21626380021e-05 0.711584236123
3.1 3.141347093e-05 0.643870497664
3.2 3.09468386093e-05 0.582600489982
3.3 3.07199418322e-05 0.527159937499
3.4 3.07036476642e-05 0.476994412359
3.5 3.08902380382e-05 0.431603380189
3.6 3.125564576e-05 0.39053168185
3.7 3.17929296281e-05 0.35336876973
3.8 3.24941735315e-05 0.319742548798
3.9 3.33528600588e-05 0.289316113197
4 3.43671128075e-05 0.261784895388
4.1 3.55359954806e-05 0.236873387849
4.2 3.68610989972e-05 0.214332689663
4.3 3.83450489005e-05 0.193936997085
4.4 3.99921818405e-05 0.175482183274
4.5 4.18078624121e-05 0.158783487353
4.6 4.37986834413e-05 0.143673830406
4.7 4.59723437768e-05 0.130001955906
4.8 4.83376347314e-05 0.117631042552
4.9 5.09045138592e-05 0.106437507171
5 5.36838870126e-05 0.0963091562173
5.1 5.6687824974e-05 0.0871446329329
5.2 5.99295048934e-05 0.0788521848066
5.3 6.34232507604e-05 0.0713488008669
5.4 6.71846122944e-05 0.0645594841828
5.5 7.12303749412e-05 0.0584162085281
5.6 7.5578659372e-05 0.0528575496228
5.7 8.02489698668e-05 0.0478278747985
5.8 8.52622726571e-05 0.0432768082091
5.9 9.06410915964e-05 0.0391588258612
6 9.64095969335e-05 0.0354326793973
6.1 0.000102593709922 0.0320611202522
6.2 0.000109221212715 0.0290104075744
6.3 0.000116321867259 0.0262499898717
6.4 0.000123927544646 0.023752265228
6.5 0.000132072368658 0.0214922100599
6.6 0.000140792857828 0.0194472193975
6.7 0.000150128093645 0.0175968240644
6.8 0.000160119890364 0.0159225002876
6.9 0.000170812974891 0.0144075146723
7 0.000182255195735 0.0130366868766
7.1 0.000194497720326 0.0117963047089
7.2 0.000207595274545 0.0106739523449
7.3 0.000221606381421 0.00965839361568
7.4 0.000236593613064 0.00873947677514
7.5 0.000252623887186 0.00790799555877
7.6 0.000269768741439 0.00715563598342
7.7 0.000288104669403 0.0064748684022
7.8 0.000307713454616 0.00585887610443
7.9 0.000328682522078 0.00530149944457
8 0.000351105359027 0.00479715627306
8.1 0.000375081888446 0.00434080274949
8.2 0.000400718976274 0.00392786390746
8.3 0.000428130854797 0.00355420455176
8.4 0.000457439560441 0.00321610573115
8.5 0.000488775623699 0.00291020037312
8.6 0.000522278757196 0.00263341383724
8.7 0.000558097985433 0.00238296697011
8.8 0.000596392497935 0.00215633556546
8.9 0.000637333174592 0.00195127763547
9 0.000681102174265 0.00176573496908
9.1 0.000727893810437 0.00159781819086
9.2 0.000777916668504 0.00144586786026
9.3 0.000831393545387 0.0013083811619
9.4 0.000888561899549 0.0011839700459
9.5 0.000949676029683 0.00107138903155
9.6 0.00101500844486 0.00096953068525
9.7 0.00108484938001 0.000877365544538
9.8 0.00115951016137 0.000793943797439
9.9 0.00123932030264 0.00071848648092
10 0.00132463792622 0.000650201937936
10.1 0.00141584090753 0.000588403619688
10.2 0.00151333803379 0.000532488852591
10.3 0.00161756382414 0.000481897908301
10.4 0.00172897854773 0.000436114146039
10.5 0.00184807284287 0.000394670831218
10.6 0.00197538873076 0.000357150727889
10.7 0.00211149218706 0.000323186630713
10.8 0.00225697825734 0.000292461265743
10.9 0.00241248526282 0.000264686760592
11 0.00257872746434 0.000239548140396
11.1 0.00275644146952 0.000216796035832
11.2 0.00294640209829 0.000196219238048
11.3 0.00314944860768 0.000177618208539
11.4 0.00336651260933 0.000160778710562
11.5 0.003598552312 0.000145533918237
11.6 0.00384657725218 0.000131741058045
11.7 0.00411169381326 0.0001192617877
11.8 0.00439511219987 0.000107959263722
11.9 0.00469807998532 9.77260820536e-05
12 0.00502191298214 8.84714064368e-05
12.1 0.00536808380022 8.00963274588e-05
12.2 0.0057381698941 7.25083144117e-05
12.3 0.00613379578869 6.56372865535e-05
12.4 0.00655667099985 5.94250646215e-05
12.5 0.00700863341494 5.38183572481e-05
12.6 0.00749180543816 4.87435160568e-05
12.7 0.0080083397685 4.4147637189e-05
12.8 0.00856048995427 3.9987154347e-05
12.9 0.00915062667883 3.62253426468e-05
13 0.00978143886106 3.28212973946e-05
13.1 0.0104558257653 2.97358469539e-05
13.2 0.0111767520614 2.69394961144e-05
13.3 0.011947338856 2.44074371642e-05
13.4 0.012770936134 2.21174666916e-05
13.5 0.0136514056806 2.00418495909e-05
13.6 0.0145926724556 1.81602201932e-05
13.7 0.0155988437957 1.64561543747e-05
13.8 0.0166742397259 1.49163151442e-05
13.9 0.0178237513827 1.35240231116e-05
14 0.019052667992 1.22623602271e-05
14.1 0.0203663923461 1.11192736627e-05
14.2 0.0217706124331 1.00844970616e-05
14.3 0.0232714052321 9.14888188713e-06
14.4 0.024875712872 8.30133000622e-06
14.5 0.026590696447 7.5329564132e-06
14.6 0.0284238771387 6.83618012033e-06
14.7 0.0303833866465 6.2042271961e-06
14.8 0.0324781443287 5.63095177846e-06
14.9 0.0347173815721 5.1113166606e-06
15 0.037110835583 4.64118187153e-06
15.1 0.039669299048 4.21569099407e-06
15.2 0.0424043186524 3.83016058682e-06
15.3 0.0453279010853 3.48094752211e-06
15.4 0.0484527914439 3.16482726785e-06
15.5 0.0517932542867 2.87837373716e-06
15.6 0.0553641925699 2.61865884634e-06
15.7 0.0591812268385 2.38318963785e-06
15.8 0.0632610969442 2.16973597074e-06
15.9 0.0676223395775 1.97613380297e-06
16 0.0722842783003 1.80057842967e-06
16.1 0.0772675113276 1.64146135498e-06
16.2 0.0825944863955 1.49714310726e-06
16.3 0.0882887367114 1.36625921358e-06
16.4 0.0943753348733 1.24759646299e-06
16.5 0.100881754444 1.13994237403e-06
16.6 0.107836772864 1.04226894743e-06
16.7 0.115271003448 9.53666229558e-07
16.8 0.123217996184 8.73248316269e-07
16.9 0.131712931161 8.00260014021e-07
17 0.140793183145 7.34036390887e-07
17.1 0.150499717528 6.73915519368e-07
17.2 0.160875534078 6.19334165624e-07
17.3 0.171966210463 5.69800515416e-07
17.4 0.183821549435 5.24830744131e-07
17.5 0.19649417516 4.84000943572e-07
17.6 0.210040461478 4.46929978316e-07
17.7 0.224520832542 4.13272412392e-07
17.8 0.2399992138 3.82726496231e-07
17.9 0.256544905777 3.55004360568e-07
18 0.274231181144 3.29854575786e-07
18.1 0.293136646076 3.07049016649e-07
18.2 0.313345726088 2.86377616661e-07
18.3 0.334947659082 2.67658457665e-07
18.4 0.358039148176 2.50721036155e-07
18.5 0.382722474707 2.35417005581e-07
18.6 0.409107316392 2.21612981117e-07
18.7 0.437311518429 2.09187268464e-07
18.8 0.467459613542 1.98036146815e-07
18.9 0.499686552955 1.88064327055e-07
19 0.534135109987 1.79190838197e-07
19.1 0.570958035995 1.71346153232e-07
19.2 0.610319672314 1.6446989734e-07
19.3 0.652394811891 1.58513502356e-07
19.4 0.697370865948 1.53438967997e-07
19.5 0.745447246081 1.49219446131e-07
19.6 0.796838337848 1.45839458332e-07
19.7 0.851771923151 1.43295462726e-07
19.8 0.910493039355 1.41598585871e-07
19.9 0.973261858206 1.4077358526e-07
20 1.04035854225 1.40866262931e-07
