"Time" "Prey" "Predator"
0 33.3774912854 0.430945037552
0.1 24.0915680241 8.65059373966
0.2 2.33417527873 23.7224223631
0.3 0.10490593458 23.0533070613
0.4 0.00597554211428 20.9301421383
0.5 0.000448561075674 18.9423385492
0.6 4.33928640247e-05 17.1400285341
0.7 5.24842376238e-06 15.5089674699
0.8 7.68261598821e-07 14.0330983323
0.9 1.38026944476e-07 12.697676195
1 1.20975429081e-08 11.489342227
1.1 9.33325412895e-09 10.3959965475
1.2 -1.16266300887e-08 9.40668187814
1.3 -1.08669883765e-08 8.51150971836
1.4 -1.1486512983e-08 7.701531462
1.5 -1.1486512983e-08 6.96863262647
1.6 -1.1486512983e-08 6.30547792744
1.7 -1.1486512983e-08 5.7054276235
1.8 -1.1486512983e-08 5.16248696455
1.9 -1.1486512983e-08 4.67122164828
2 -1.1486512983e-08 4.22669242772
2.1 -1.1486512983e-08 3.82446961562
2.2 -1.1486512983e-08 3.46052416668
2.3 -1.1486512983e-08 3.13121181562
2.4 -1.1486512983e-08 2.83323762952
2.5 -1.1486512983e-08 2.5636196662
2.6 -1.1486512983e-08 2.31965910551
2.7 -1.1486512983e-08 2.09891453779
2.8 -1.1486512983e-08 1.8991770158
2.9 -1.1486512983e-08 1.71844669392
3 -1.1486512983e-08 1.55491510849
3.1 -1.1486512983e-08 1.40694573102
3.2 -1.1486512983e-08 1.27305728935
3.3 -1.1486512983e-08 1.15191011353
3.4 -1.1486512983e-08 1.04229159838
3.5 -1.1486512983e-08 0.943104551138
3.6 -1.1486512983e-08 0.853356501312
3.7 -1.1486512983e-08 0.772148975364
3.8 -1.1486512983e-08 0.698669366662
3.9 -1.1486512983e-08 0.632181780257
4 -1.1486512983e-08 0.572021359385
4.1 -1.1486512983e-08 0.51758623844
4.2 -1.1486512983e-08 0.468331388174
4.3 -1.1486512983e-08 0.42376379376
4.4 -1.1486512983e-08 0.383437340393
4.5 -1.1486512983e-08 0.346948392407
4.6 -1.1486512983e-08 0.313931878941
4.7 -1.1486512983e-08 0.284057316865
4.8 -1.1486512983e-08 0.257025689768
4.9 -1.1486512983e-08 0.232566430312
5 -1.1486512983e-08 0.210434761584
5.1 -1.1486512983e-08 0.190409072805
5.2 -1.1486512983e-08 0.172289183966
5.3 -1.1486512983e-08 0.155893682681
5.4 -1.1486512983e-08 0.141058397026
5.5 -1.1486512983e-08 0.12763494724
5.6 -1.1486512983e-08 0.115488837511
5.7 -1.1486512983e-08 0.104498611163
5.8 -1.1486512983e-08 0.0945542320067
5.9 -1.1486512983e-08 0.085556156743
6 -1.1486512983e-08 0.0774144303473
6.1 -1.1486512983e-08 0.0700474640081
6.2 -1.1486512983e-08 0.0633815714269
6.3 -1.1486512983e-08 0.057350009666
6.4 -1.1486512983e-08 0.0518924051407
6.5 -1.1486512983e-08 0.0469541947777
6.6 -1.1486512983e-08 0.0424858953441
6.7 -1.1486512983e-08 0.0384428268377
6.8 -1.1486512983e-08 0.0347845093472
6.9 -1.1486512983e-08 0.0314743159832
7 -1.1486512983e-08 0.0284791427139
7.1 -1.1486512983e-08 0.0257689809278
7.2 -1.1486512983e-08 0.0233167349793
7.3 -1.1486512983e-08 0.0210978534212
7.4 -1.1486512983e-08 0.0190901208118
7.5 -1.1486512983e-08 0.0172734593129
7.6 -1.1486512983e-08 0.0156296669922
7.7 -1.1486512983e-08 0.0141423065223
7.8 -1.1486512983e-08 0.0127964862503
7.9 -1.1486512983e-08 0.0115787337691
8 -1.1486512983e-08 0.0104768735969
8.1 -1.1486512983e-08 0.00947986464995
8.2 -1.1486512983e-08 0.00857773422186
8.3 -1.1486512983e-08 0.00776145592635
8.4 -1.1486512983e-08 0.00702285242474
8.5 -1.1486512983e-08 0.00635453589636
8.6 -1.1486512983e-08 0.00574980197871
8.7 -1.1486512983e-08 0.00520261604539
8.8 -1.1486512983e-08 0.00470752898323
8.9 -1.1486512983e-08 0.00425957138382
9 -1.1486512983e-08 0.00385424802722
9.1 -1.1486512983e-08 0.00348748183493
9.2 -1.1486512983e-08 0.00315563222058
9.3 -1.1486512983e-08 0.00285536453105
9.4 -1.1486512983e-08 0.00258363739091
9.5 -1.1486512983e-08 0.00233777123533
9.6 -1.1486512983e-08 0.00211530830995
9.7 -1.1486512983e-08 0.00191400141806
9.8 -1.1486512983e-08 0.00173185989259
9.9 -1.1486512983e-08 0.00156706107671
10 -1.1486512983e-08 0.00141793238766
10.1 -1.1486512983e-08 0.00128299795217
10.2 -1.1486512983e-08 0.00116091067541
10.3 -1.1486512983e-08 0.00105043256537
10.4 -1.1486512983e-08 0.000950472802622
10.5 -1.1486512983e-08 0.000860036148205
10.6 -1.1486512983e-08 0.000778200988399
10.7 -1.1486512983e-08 0.000704137086716
10.8 -1.1486512983e-08 0.000637126964736
10.9 -1.1486512983e-08 0.000576496787422
11 -1.1486512983e-08 0.000521628017658
11.1 -1.1486512983e-08 0.000471981580026
11.2 -1.1486512983e-08 0.000427065816285
11.3 -1.1486512983e-08 0.000386424541005
11.4 -1.1486512983e-08 0.000349646223234
11.5 -1.1486512983e-08 0.000316372977127
11.6 -1.1486512983e-08 0.000286268664073
11.7 -1.1486512983e-08 0.000259023811578
11.8 -1.1486512983e-08 0.000234371016589
11.9 -1.1486512983e-08 0.000212066633323
12 -1.1486512983e-08 0.000191884551181
12.1 -1.1486512983e-08 0.000173617823917
12.2 -1.1486512983e-08 0.000157097319591
12.3 -1.1486512983e-08 0.000142148268093
12.4 -1.1486512983e-08 0.000128619968055
12.5 -1.1486512983e-08 0.00011638184544
12.6 -1.1486512983e-08 0.000105311366705
12.7 -1.1486512983e-08 9.52938967804e-05
12.8 -1.1486512983e-08 8.62250178627e-05
12.9 -1.1486512983e-08 7.8011721695e-05
13 -1.1486512983e-08 7.05733524887e-05
13.1 -1.1486512983e-08 6.3838598209e-05
13.2 -1.1486512983e-08 5.77467456146e-05
13.3 -1.1486512983e-08 5.22460689824e-05
13.4 -1.1486512983e-08 4.72713268002e-05
13.5 -1.1486512983e-08 4.2768561829e-05
13.6 -1.1486512983e-08 3.86953925192e-05
13.7 -1.1486512983e-08 3.50162552491e-05
13.8 -1.1486512983e-08 3.1694854976e-05
13.9 -1.1486512983e-08 2.86881948145e-05
14 -1.1486512983e-08 2.59656267452e-05
14.1 -1.1486512983e-08 2.35009049007e-05
14.2 -1.1486512983e-08 2.12332585461e-05
14.3 -1.1486512983e-08 1.92392689619e-05
14.4 -1.1486512983e-08 1.74185676526e-05
14.5 -1.1486512983e-08 1.57627664145e-05
14.6 -1.1486512983e-08 1.42634770438e-05
14.7 -1.1486512983e-08 1.29092160845e-05
14.8 -1.1486512983e-08 1.16844860719e-05
14.9 -1.1486512983e-08 1.05779397818e-05
15 -1.1486512983e-08 9.57832377853e-06
15.1 -1.1486512983e-08 8.67438462677e-06
15.2 -1.1486512983e-08 7.85529723572e-06
15.3 -1.1486512983e-08 7.11581512745e-06
15.4 -1.1486512983e-08 6.44858222844e-06
15.5 -1.1486512983e-08 5.84486881685e-06
15.6 -1.1486512983e-08 5.29594517083e-06
15.7 -1.1486512983e-08 4.79308156852e-06
15.8 -1.1486512983e-08 4.33227125808e-06
15.9 -1.1486512983e-08 3.91563236469e-06
16 -1.1486512983e-08 3.53895026365e-06
16.1 -1.1486512983e-08 3.1978672201e-06
16.2 -1.1486512983e-08 2.88802549921e-06
16.3 -1.1486512983e-08 2.54772663703e-06
16.4 -1.1486512983e-08 2.3197418029e-06
16.5 -1.1486512983e-08 2.10694387352e-06
16.6 -1.1486512983e-08 1.90933284889e-06
16.7 -1.1486512983e-08 1.72690872902e-06
16.8 -1.1486512983e-08 1.5596715139e-06
16.9 -1.1486512983e-08 1.40681680713e-06
17 -1.1486512983e-08 1.26691914646e-06
17.1 -1.1486512983e-08 1.1399511467e-06
17.2 -1.1486512983e-08 1.02591280784e-06
17.3 -1.1486512983e-08 9.24804129886e-07
17.4 -1.1486512983e-08 8.36597859698e-07
17.5 -1.1486512983e-08 7.57700777815e-07
17.6 -1.1486512983e-08 6.85594782057e-07
17.7 -1.1486512983e-08 6.20279872422e-07
17.8 -1.1486512983e-08 5.61756048911e-07
17.9 -1.1486512983e-08 5.10023311524e-07
18 -1.1486512983e-08 4.6486775244e-07
18.1 -1.1486512983e-08 4.23669152932e-07
18.2 -1.1486512983e-08 3.85651208619e-07
18.3 -1.1486512983e-08 3.50813919502e-07
18.4 -1.1486512983e-08 3.19157285579e-07
18.5 -1.1486512983e-08 2.90681306853e-07
18.6 -1.1486512983e-08 2.65140125183e-07
18.7 -1.1486512983e-08 2.41501705943e-07
18.8 -1.1486512983e-08 2.19651409433e-07
18.9 -1.1486512983e-08 1.99589235652e-07
19 -1.1486512983e-08 1.81315184599e-07
19.1 -1.1486512983e-08 1.64829256276e-07
19.2 -1.1486512983e-08 1.49894701494e-07
19.3 -1.1486512983e-08 1.3609197955e-07
19.4 -1.1486512983e-08 1.23413030464e-07
19.5 -1.1486512983e-08 1.11857854234e-07
19.6 -1.1486512983e-08 1.0142645086e-07
19.7 -1.1486512983e-08 9.21167997702e-08
19.8 -1.1486512983e-08 8.36624964047e-08
19.9 -1.1486512983e-08 7.58768463769e-08
20 -1.1486512983e-08 6.8759849687e-08
