"Time" "Prey" "Predator"
0 20 10.5660626197
0.1 1.80898353131 22.7915060908
0.2 0.0950298794701 21.846037895
0.3 0.00631393408198 19.8306044272
0.4 0.000544946184281 17.9476186978
0.5 5.96864738309e-05 16.2400272304
0.6 8.18968853195e-06 14.6946220744
0.7 1.33849479071e-06 13.296250031
0.8 2.63981602681e-07 12.0309485015
0.9 3.95229283124e-08 10.8860578929
1 1.19063366784e-08 9.85011508073
1.1 -6.93046436376e-10 8.91274679877
1.2 -3.97858633946e-09 8.06458215867
1.3 -3.62533232777e-09 7.29713432568
1.4 -3.80356979009e-09 6.60271871285
1.5 -3.55430128866e-09 5.9743848163
1.6 -2.87675812265e-09 5.40584509381
1.7 -1.58478151609e-09 4.8914186051
1.8 -1.48767514343e-09 4.42593900694
1.9 -1.72143651915e-09 4.00475378446
2 -1.5975315528e-09 3.62365211183
2.1 -1.61972194442e-09 3.27881621173
2.2 -1.61979123356e-09 2.96679562048
2.3 -1.61979123356e-09 2.68446783497
2.4 -1.61979123356e-09 2.42900708102
2.5 -1.61979123356e-09 2.19785662856
2.6 -1.61979123356e-09 1.98870356988
2.7 -1.61979123356e-09 1.79945365528
2.8 -1.61979123356e-09 1.62821338133
2.9 -1.61979123356e-09 1.47326867076
3 -1.61979123356e-09 1.3330688074
3.1 -1.61979123356e-09 1.20621088784
3.2 -1.61979123356e-09 1.09142487997
3.3 -1.61979123356e-09 0.987562266192
3.4 -1.61979123356e-09 0.893583507
3.5 -1.61979123356e-09 0.808547865244
3.6 -1.61979123356e-09 0.731604490033
3.7 -1.61979123356e-09 0.661982893723
3.8 -1.61979123356e-09 0.598986339238
3.9 -1.61979123356e-09 0.541985188965
4 -1.61979123356e-09 0.490408402213
4.1 -1.61979123356e-09 0.443739927868
4.2 -1.61979123356e-09 0.401512493611
4.3 -1.61979123356e-09 0.363303492159
4.4 -1.61979123356e-09 0.328730558412
4.5 -1.61979123356e-09 0.297447717596
4.6 -1.61979123356e-09 0.269141829959
4.7 -1.61979123356e-09 0.24352957307
4.8 -1.61979123356e-09 0.22035464314
4.9 -1.61979123356e-09 0.199384983959
5 -1.61979123356e-09 0.180410854295
5.1 -1.61979123356e-09 0.163242491922
5.2 -1.61979123356e-09 0.147707866513
5.3 -1.61979123356e-09 0.133651627254
5.4 -1.61979123356e-09 0.120932976152
5.5 -1.61979123356e-09 0.109424645037
5.6 -1.61979123356e-09 0.0990115139202
5.7 -1.61979123356e-09 0.0895892673582
5.8 -1.61979123356e-09 0.0810637261563
5.9 -1.61979123356e-09 0.0733494924529
6 -1.61979123356e-09 0.0663693579741
6.1 -1.61979123356e-09 0.060053484624
6.2 -1.61979123356e-09 0.0543386094259
6.3 -1.61979123356e-09 0.0491676061489
6.4 -1.61979123356e-09 0.044488679003
6.5 -1.61979123356e-09 0.0402550088531
6.6 -1.61979123356e-09 0.0364242457067
6.7 -1.61979123356e-09 0.0329580106254
6.8 -1.61979123356e-09 0.0298216439015
6.9 -1.61979123356e-09 0.026983730987
7 -1.61979123356e-09 0.0244158786641
7.1 -1.61979123356e-09 0.0220924034714
7.2 -1.61979123356e-09 0.0199900263279
7.3 -1.61979123356e-09 0.0180877261259
7.4 -1.61979123356e-09 0.0163664487648
7.5 -1.61979123356e-09 0.0148089705355
7.6 -1.61979123356e-09 0.0133997115587
7.7 -1.61979123356e-09 0.0121245541455
7.8 -1.61979123356e-09 0.0109707509347
7.9 -1.61979123356e-09 0.00992674475373
8 -1.61979123356e-09 0.00898208797892
8.1 -1.61979123356e-09 0.00812733002526
8.2 -1.61979123356e-09 0.00735390898766
8.3 -1.61979123356e-09 0.00665409053359
8.4 -1.61979123356e-09 0.00602085474632
8.5 -1.61979123356e-09 0.0054478713131
8.6 -1.61979123356e-09 0.00492943700894
8.7 -1.61979123356e-09 0.0044603577971
8.8 -1.61979123356e-09 0.00403592788166
8.9 -1.61979123356e-09 0.00365187506887
9 -1.61979123356e-09 0.00330437648954
9.1 -1.61979123356e-09 0.00298995695743
9.2 -1.61979123356e-09 0.00270543068155
9.3 -1.61979123356e-09 0.00244797127338
9.4 -1.61979123356e-09 0.00221502145689
9.5 -1.61979123356e-09 0.00200422961136
9.6 -1.61979123356e-09 0.00181349749192
9.7 -1.61979123356e-09 0.00164092882618
9.8 -1.61979123356e-09 0.00148477518034
9.9 -1.61979123356e-09 0.00134347703401
10 -1.61979123356e-09 0.00121563376067
10.1 -1.61979123356e-09 0.00109995140895
10.2 -1.61979123356e-09 0.000995275908604
10.3 -1.61979123356e-09 0.000900574005078
10.4 -1.61979123356e-09 0.000814885422684
10.5 -1.61979123356e-09 0.000737332369927
10.6 -1.61979123356e-09 0.00066716157007
10.7 -1.61979123356e-09 0.000603673200346
10.8 -1.61979123356e-09 0.000546221036954
10.9 -1.61979123356e-09 0.000494232276339
11 -1.61979123356e-09 0.000447197597009
11.1 -1.61979123356e-09 0.000404641568068
11.2 -1.61979123356e-09 0.000366129645452
11.3 -1.61979123356e-09 0.000331286419771
11.4 -1.61979123356e-09 0.000299762886303
11.5 -1.61979123356e-09 0.000271235826578
11.6 -1.61979123356e-09 0.00024542011041
11.7 -1.61979123356e-09 0.00022206369732
11.8 -1.61979123356e-09 0.000200930778188
11.9 -1.61979123356e-09 0.000181801170171
12 -1.61979123356e-09 0.000164502667936
12.1 -1.61979123356e-09 0.000148849021471
12.2 -1.61979123356e-09 0.000134683547954
12.3 -1.61979123356e-09 0.000121867188249
12.4 -1.61979123356e-09 0.000110274279197
12.5 -1.61979123356e-09 9.97851642848e-05
12.6 -1.61979123356e-09 9.02906000561e-05
12.7 -1.61979123356e-09 8.16922904889e-05
12.8 -1.61979123356e-09 7.39051101779e-05
12.9 -1.61979123356e-09 6.68536520148e-05
13 -1.61979123356e-09 6.04731107618e-05
13.1 -1.61979123356e-09 5.47094437913e-05
13.2 -1.61979123356e-09 4.95007585625e-05
13.3 -1.61979123356e-09 4.47859897483e-05
13.4 -1.61979123356e-09 4.05200653764e-05
13.5 -1.61979123356e-09 3.66648629439e-05
13.6 -1.61979123356e-09 3.31858372344e-05
13.7 -1.61979123356e-09 3.00379909418e-05
13.8 -1.61979123356e-09 2.71876605041e-05
13.9 -1.61979123356e-09 2.46069403204e-05
14 -1.61979123356e-09 2.22220590755e-05
14.1 -1.61979123356e-09 2.01405315418e-05
14.2 -1.61979123356e-09 1.82379381647e-05
14.3 -1.61979123356e-09 1.65057292814e-05
14.4 -1.61979123356e-09 1.49353552289e-05
14.5 -1.61979123356e-09 1.35168482001e-05
14.6 -1.61979123356e-09 1.22340562486e-05
14.7 -1.61979123356e-09 1.10748198321e-05
14.8 -1.61979123356e-09 1.00276687048e-05
14.9 -1.61979123356e-09 9.08113262099e-06
15 -1.61979123356e-09 8.22376118701e-06
15.1 -1.61979123356e-09 7.44864049102e-06
15.2 -1.61979123356e-09 6.74956150095e-06
15.3 -1.61979123356e-09 6.11762611965e-06
15.4 -1.61979123356e-09 5.54393624997e-06
15.5 -1.61979123356e-09 5.01959379475e-06
15.6 -1.61979123356e-09 4.53786450632e-06
15.7 -1.61979123356e-09 4.10145009394e-06
15.8 -1.61979123356e-09 3.70696052942e-06
15.9 -1.61979123356e-09 3.34995403382e-06
16 -1.61979123356e-09 3.02598882825e-06
16.1 -1.61979123356e-09 2.66216399521e-06
16.2 -1.61979123356e-09 2.42560861704e-06
16.3 -1.61979123356e-09 2.20453305849e-06
16.4 -1.61979123356e-09 1.99893731956e-06
16.5 -1.61979123356e-09 1.80882140024e-06
16.6 -1.61979123356e-09 1.63418530054e-06
16.7 -1.61979123356e-09 1.47464921486e-06
16.8 -1.61979123356e-09 1.32850032394e-06
16.9 -1.61979123356e-09 1.19553042808e-06
17 -1.61979123356e-09 1.07573952726e-06
17.1 -1.61979123356e-09 9.69127621504e-07
17.2 -1.61979123356e-09 8.75694710797e-07
17.3 -1.61979123356e-09 7.9331361463e-07
17.4 -1.61979123356e-09 7.17950810014e-07
17.5 -1.61979123356e-09 6.49510031631e-07
17.6 -1.61979123356e-09 5.87991279481e-07
17.7 -1.61979123356e-09 5.33394553564e-07
17.8 -1.61979123356e-09 4.8570961811e-07
17.9 -1.61979123356e-09 4.42842447641e-07
18 -1.61979123356e-09 4.03217258155e-07
18.1 -1.61979123356e-09 3.66834049651e-07
18.2 -1.61979123356e-09 3.33692822131e-07
18.3 -1.61979123356e-09 3.03793575594e-07
18.4 -1.61979123356e-09 2.77061540626e-07
18.5 -1.61979123356e-09 2.52475858122e-07
18.6 -1.61979123356e-09 2.29712777614e-07
18.7 -1.61979123356e-09 2.08772299105e-07
18.8 -1.61979123356e-09 1.89654422593e-07
18.9 -1.61979123356e-09 1.72359148078e-07
19 -1.61979123356e-09 1.56774694332e-07
19.1 -1.61979123356e-09 1.42396958588e-07
19.2 -1.61979123356e-09 1.29164665236e-07
19.3 -1.61979123356e-09 1.17077814279e-07
19.4 -1.61979123356e-09 1.06136405714e-07
19.5 -1.61979123356e-09 9.63404395436e-08
19.6 -1.61979123356e-09 8.75322051869e-08
19.7 -1.61979123356e-09 7.94126545651e-08
19.8 -1.61979123356e-09 7.19746505032e-08
19.9 -1.61979123356e-09 6.52181930015e-08
20 -1.61979123356e-09 5.91432820597e-08
