"Time" "Prey" "Predator"
0 1.57745631041e-05 1.51757062923
0.1 1.3908913849e-05 1.37315780796
0.2 1.249070161e-05 1.24248714318
0.3 1.14045301274e-05 1.12425066974
0.4 1.05699313878e-05 1.01726497355
0.5 9.93018035757e-06 0.920459557564
0.6 9.44463056346e-06 0.832866931704
0.7 9.08323443668e-06 0.753609723568
0.8 8.82395487634e-06 0.681894657002
0.9 8.65032563798e-06 0.617003111829
1 8.55040163121e-06 0.558287584062
1.1 8.51567393086e-06 0.50516217328
1.2 8.53822703223e-06 0.457091623694
1.3 8.61217998669e-06 0.413592870242
1.4 8.73526223982e-06 0.374234606568
1.5 8.90456333071e-06 0.338622135788
1.6 9.1181255071e-06 0.306398333613
1.7 9.37507067789e-06 0.277240904761
1.8 9.67498795865e-06 0.250858173967
1.9 1.00179807885e-05 0.226986163727
2 1.04045968485e-05 0.20538580646
2.1 1.08357906956e-05 0.185840982327
2.2 1.13128798566e-05 0.168156176351
2.3 1.18375052272e-05 0.152154265744
2.4 1.24116322111e-05 0.137675119948
2.5 1.30375331581e-05 0.124573804793
2.6 1.37177817887e-05 0.112719248156
2.7 1.44552484651e-05 0.1019927701
2.8 1.52531071774e-05 0.092287069807
2.9 1.61148356787e-05 0.0835049516432
3 1.70442300654e-05 0.0755585758162
3.1 1.80454100201e-05 0.068368365676
3.2 1.91228380757e-05 0.0618624090714
3.3 2.0281330036e-05 0.0559755481102
3.4 2.15260792235e-05 0.0506489232345
3.5 2.286266999e-05 0.0458291732491
3.6 2.42971023973e-05 0.041467953733
3.7 2.58358233918e-05 0.0375216592763
3.8 2.74857535322e-05 0.0339510425101
3.9 2.92543033442e-05 0.0307202374524
4 3.11494164875e-05 0.027796907648
4.1 3.31796022236e-05 0.0251518066456
4.2 3.53539702385e-05 0.0227583966054
4.3 3.76822721836e-05 0.020592731413
4.4 4.01749464829e-05 0.018633120712
4.5 4.28431618924e-05 0.0168599968651
4.6 4.56988673517e-05 0.0152556342044
4.7 4.87548440121e-05 0.0138039486004
4.8 5.20247606466e-05 0.0124903982822
4.9 5.55232397896e-05 0.0113018361014
5 5.92659156296e-05 0.0102263761952
5.1 6.32695107703e-05 0.00925324236861
5.2 6.75519050034e-05 0.0083726957197
5.3 7.2132208029e-05 0.00757597580924
5.4 7.70308717835e-05 0.00685510064739
5.5 8.22697474077e-05 0.00620283469293
5.6 8.78721744461e-05 0.00561262277017
5.7 9.38631616327e-05 0.00507858740622
5.8 0.000100269403691 0.00459537085847
5.9 0.000107119419172 0.0041581028073
6 0.00011444377345 0.00376245325278
6.1 0.00012227507125 0.00340445420981
6.2 0.000130648169784 0.00308051074719
6.3 0.000139600406672 0.00278740932437
6.4 0.000149171599503 0.00252219526951
6.5 0.000159404356275 0.00228220938096
6.6 0.000170344273148 0.00206506958783
6.7 0.000182039982293 0.00186858548011
6.8 0.000194543612992 0.0016908058021
6.9 0.000207910865358 0.00152996306262
7 0.000222201099619 0.00138442190592
7.1 0.000237477760291 0.00125269647021
7.2 0.000253809074683 0.00113351135748
7.3 0.000271267660624 0.00102567280538
7.4 0.000289930958041 0.000928081823761
7.5 0.000309882133781 0.000839773538234
7.6 0.000331210093206 0.000759878861935
7.7 0.000354009530214 0.000687589428718
7.8 0.000378381651893 0.000622170316199
7.9 0.000404435256562 0.00056298475498
8 0.000432286155516 0.000509436781921
8.1 0.000462057846393 0.000460975494729
8.2 0.00049388296333 0.000417121274992
8.3 0.000527903292054 0.00037744376742
8.4 0.000564269844513 0.000341541838751
8.5 0.000603144875432 0.000309044480139
8.6 0.000644699419648 0.000279655014554
8.7 0.000689120462572 0.000253060219678
8.8 0.000736604428981 0.000228993018741
8.9 0.000787364573148 0.000207219269052
9 0.00084162817155 0.000187523068577
9.1 0.000899635393442 0.000169700844546
9.2 0.000961640371341 0.000153566956358
9.3 0.00102791709429 0.000138955104992
9.4 0.00109877178161 0.00012572129227
9.5 0.00117451843999 0.00011373797518
9.6 0.00125548722749 0.000102896066176
9.7 0.0013420261363 9.31041335253e-05
9.8 0.00143453324049 8.42512130883e-05
9.9 0.00153343006917 7.62375144661e-05
10 0.00163915064398 6.89870630003e-05
10.1 0.00175215175467 6.2435849937e-05
10.2 0.00187292848903 5.65228553366e-05
10.3 0.00200204722672 5.11709759433e-05
10.4 0.0021400807684 4.63245238933e-05
10.5 0.00228763045569 4.19364401973e-05
10.6 0.00244532993987 3.79667352455e-05
10.7 0.00261390480261 3.43715921107e-05
10.8 0.00279412360704 3.11123127855e-05
10.9 0.00298677727711 2.81590869513e-05
11 0.00319269821622 2.54874977284e-05
11.1 0.00341278843545 2.30742916905e-05
11.2 0.00364807999139 2.08882900768e-05
11.3 0.00389961664025 1.89081859307e-05
11.4 0.00416849406405 1.71164947836e-05
11.5 0.00445586665024 1.54987569413e-05
11.6 0.00476305615175 1.40360940266e-05
11.7 0.0050914637919 1.27112299883e-05
11.8 0.00544253096425 1.1511183254e-05
11.9 0.00581777468499 1.04248381612e-05
12 0.00621883751663 9.44196245868e-06
12.1 0.00664760038085 8.55098715151e-06
12.2 0.00710596596267 7.74326910421e-06
12.3 0.00759593119129 7.01166461945e-06
12.4 0.00811959959678 6.35031001212e-06
12.5 0.00867937786719 5.75179368139e-06
12.6 0.00927782096486 5.20938447058e-06
12.7 0.00991755580357 4.71812974759e-06
12.8 0.0106013471804 4.27390682274e-06
12.9 0.0113321862875 3.87278812935e-06
13 0.0121135008887 3.50953380626e-06
13.1 0.0129487593811 3.18043142609e-06
13.2 0.013841601175 2.88236089178e-06
13.3 0.0147958592714 2.61266966097e-06
13.4 0.0158159158186 2.36840666171e-06
13.5 0.0169064295524 2.14690955152e-06
13.6 0.0180721879798 1.9461232035e-06
13.7 0.0193182300171 1.76433546879e-06
13.8 0.0206500028543 1.59995309713e-06
13.9 0.0220737530826 1.45094301399e-06
14 0.0235958032725 1.31586572383e-06
14.1 0.0252227862676 1.19354062245e-06
14.2 0.026961684021 1.08299637203e-06
14.3 0.0288203645596 9.83030207667e-07
14.4 0.0308072757796 8.92459243541e-07
14.5 0.032931182621 8.10336176452e-07
14.6 0.0352014284349 7.35818509038e-07
14.7 0.0376283330488 6.6820561007e-07
14.8 0.0402226545561 6.06888606456e-07
14.9 0.0429957096313 5.51361584707e-07
15 0.0459598683345 5.0109656023e-07
15.1 0.0491285708395 4.55538812445e-07
15.2 0.0525157541144 4.14266763284e-07
15.3 0.0561361991055 3.76910147111e-07
15.4 0.060006373334 3.43062936873e-07
15.5 0.0641435453796 3.1237485327e-07
15.6 0.0685658213466 2.84547596342e-07
15.7 0.0732926773993 2.59312810596e-07
15.8 0.0783455298905 2.36419600028e-07
15.9 0.0837467220848 2.15656717402e-07
16 0.0895202088101 1.96830747796e-07
16.1 0.0956919303849 1.79750838006e-07
16.2 0.10228907418 1.64259326886e-07
16.3 0.109340890875 1.50210139841e-07
16.4 0.11687909683 1.37460849243e-07
16.5 0.124936888182 1.25891854267e-07
16.6 0.133550052158 1.15393209581e-07
16.7 0.142757289113 1.05861979162e-07
16.8 0.152599128081 9.72110350995e-08
16.9 0.163119351676 8.93590064989e-08
17 0.174365172389 8.22291141333e-08
17.1 0.186386066463 7.57568785789e-08
17.2 0.1992354229 6.98821728515e-08
17.3 0.212970753286 6.45483655848e-08
17.4 0.227652850438 5.97063399077e-08
17.5 0.243347383008 5.53108248514e-08
17.6 0.260123768979 5.13222826122e-08
17.7 0.278056723758 4.77041951195e-08
17.8 0.297226143882 4.4423275087e-08
17.9 0.317716791372 4.1450419164e-08
18 0.339620394857 3.87583219707e-08
18.1 0.36303361064 3.63234813427e-08
18.2 0.388061401381 3.4123890138e-08
18.3 0.414814596011 3.21405644007e-08
18.4 0.443411598532 3.03566378664e-08
18.5 0.473980113464 2.87567402196e-08
18.6 0.506655902507 2.732741128e-08
18.7 0.541584123499 2.60570740342e-08
18.8 0.578920150179 2.49358869346e-08
18.9 0.618830307715 2.39550410379e-08
19 0.661492055035 2.31078839453e-08
19.1 0.707094940669 2.23892919376e-08
19.2 0.755841537966 2.17955144538e-08
19.3 0.807948812811 2.1324810023e-08
19.4 0.863648304246 2.09770110041e-08
19.5 0.923187533195 2.07540208799e-08
19.6 0.986831518507 2.06604044071e-08
19.7 1.05486298176 2.07029413448e-08
19.8 1.12758445096 2.08920912722e-08
19.9 1.20531947003 2.12424498252e-08
20 1.28841325067 2.17726686991e-08
