"Time" "Prey" "Predator"
0 3.22597849174 1.00326616258
0.1 2.97041079087 1.23826697397
0.2 2.6481307422 1.48453876715
0.3 2.2856680422 1.71943616793
0.4 1.91599022997 1.91937923746
0.5 1.56911894054 2.06672368707
0.6 1.26508094238 2.15386880103
0.7 1.01214547175 2.18298802945
0.8 0.80939885446 2.1627362686
0.9 0.650748199045 2.10443336825
1 0.528285230909 2.01925708595
1.1 0.434309157616 1.9167882926
1.2 0.362223692133 1.8045638133
1.3 0.306758242501 1.68817478813
1.4 0.263861803491 1.57159050272
1.5 0.230486375894 1.45752048314
1.6 0.204363191459 1.3477362148
1.7 0.183808517469 1.24333074429
1.8 0.167572552923 1.14491544393
1.9 0.15472415631 1.05276520848
2 0.144566055816 0.966923828628
2.1 0.136572992676 0.887279662769
2.2 0.130346855769 0.813619408877
2.3 0.125584153495 0.745666151664
2.4 0.122052539083 0.683105941005
2.5 0.119572935167 0.625607306775
2.6 0.118007587819 0.572833210552
2.7 0.117250332968 0.524450463173
2.8 0.117219670356 0.480135609115
2.9 0.117853552038 0.43957872378
3 0.1191054486 0.402485749876
3.1 0.120941514332 0.368579637472
3.2 0.123337818255 0.337601412243
3.3 0.126279285335 0.309309394559
3.4 0.129757868347 0.28347937534
3.5 0.133771849505 0.259903731735
3.6 0.138324887937 0.238390839626
3.7 0.143425413219 0.218764193482
3.8 0.149086301072 0.200861425154
3.9 0.155324422412 0.184533477321
4 0.162160471023 0.169643655445
4.1 0.169618858262 0.156066768724
4.2 0.177727253686 0.143688217317
4.3 0.186517061007 0.132403300126
4.4 0.196023082204 0.122116299117
4.5 0.206283588459 0.112739857953
4.6 0.217340534547 0.104194367882
4.7 0.229239385223 0.0964071165343
4.8 0.242029541598 0.0893120631435
4.9 0.255764191449 0.0828488966069
5 0.270500712448 0.076962917093
5.1 0.286300703879 0.0716043128695
5.2 0.303230248523 0.0667278547514
5.3 0.321360181838 0.0622925950192
5.4 0.340766232233 0.0582613281341
5.5 0.361529438067 0.0546005721684
5.6 0.383736208685 0.051279880792
5.7 0.407478683685 0.0482717150519
5.8 0.432855208798 0.0455515283305
5.9 0.459970583324 0.043097432755
6 0.488936469105 0.0408901648785
6.1 0.519871406832 0.0389123630306
6.2 0.552901356009 0.0371487706672
6.3 0.588160206921 0.035586394339
6.4 0.625789919808 0.034214214535
6.5 0.665940786364 0.0330230871253
6.6 0.708772024096 0.032005902414
6.7 0.754451905549 0.0311575799778
6.8 0.803157595855 0.0304752294241
6.9 0.855075900373 0.0299581625331
7 0.910403248123 0.0296081046519
7.1 0.969344473895 0.0294298749548
7.2 1.03211359646 0.0294313928537
7.3 1.09893366165 0.0296240438096
7.4 1.17003395759 0.0300241521911
7.5 1.2456489184 0.0306537804244
7.6 1.32601703318 0.0315415605724
7.7 1.41137477375 0.0327256593316
7.8 1.50195767698 0.034253651647
7.9 1.59798705751 0.0361887803164
8 1.699663817 0.0386130343847
8.1 1.80715479743 0.0416335200566
8.2 1.92058130782 0.0453879594033
8.3 2.03998545197 0.0500603543714
8.4 2.16530125034 0.0558942185657
8.5 2.29631181692 0.0632123119291
8.6 2.43257592213 0.0724508158021
8.7 2.57334213752 0.0841986258286
8.8 2.71742150221 0.0992561789543
8.9 2.86301404746 0.118714873544
9 3.00746626357 0.14406667147
9.1 3.14696617581 0.177338631326
9.2 3.27614916509 0.221258018026
9.3 3.38765847131 0.279415469576
9.4 3.47174977139 0.356359603351
9.5 3.51616363334 0.457474854679
9.6 3.50669470918 0.588381224047
9.7 3.42902333571 0.753540616984
9.8 3.27229192242 0.953877148834
9.9 3.03409209987 1.18383249852
10 2.72489900836 1.42934777369
10.1 2.36871225685 1.6688968154
10.2 1.99783761306 1.87849691721
10.3 1.6437204231 2.03867074615
10.4 1.32897932749 2.13943579535
10.5 1.06441241846 2.18098813018
10.6 0.850824204923 2.17087567985
10.7 0.682949776606 2.12011160058
10.8 0.553066003538 2.04007503876
10.9 0.453316090426 1.94077071918
11 0.376821050662 1.83019711769
11.1 0.318015611279 1.71435728984
11.2 0.272592988318 1.59755194429
11.3 0.237300507515 1.48274340433
11.4 0.209712314598 1.3718893084
11.5 0.188028200358 1.26621592474
11.6 0.17091227751 1.16642838264
11.7 0.157370184887 1.07286666053
11.8 0.146658225804 0.985619028084
11.9 0.138216955603 0.904603522486
12 0.131622891567 0.829625998659
12.1 0.126553652893 0.760421131435
12.2 0.122762467844 0.696681634455
12.3 0.120059683717 0.638078509624
12.4 0.118299173999 0.584275135829
12.5 0.117368267235 0.534937028202
12.6 0.117180426394 0.489738159782
12.7 0.117669694045 0.448365235303
12.8 0.118786350455 0.410520543721
12.9 0.120493759281 0.37592335425
13 0.122766064936 0.344310464148
13.1 0.125586315844 0.315436344137
13.2 0.128945012658 0.289072937636
13.3 0.132839066963 0.265009012201
13.4 0.137270973371 0.243049435231
13.5 0.142248146407 0.223014392764
13.6 0.147782426163 0.204738498677
13.7 0.153889917717 0.188069661445
13.8 0.160590399453 0.17286857006
13.9 0.167907429018 0.159007483151
14 0.175868037704 0.146369554507
14.1 0.184502796776 0.134847893885
14.2 0.193845719992 0.124344862729
14.3 0.203934337683 0.114771305713
14.4 0.214809722047 0.106045891861
14.5 0.226516589964 0.0980944819141
14.6 0.23910340918 0.0908495244402
14.7 0.252622535013 0.0842495158711
14.8 0.267130381922 0.0782385109505
14.9 0.282687585177 0.0727656393234
15 0.299359219389 0.0677847030657
15.1 0.317215016181 0.0632537854005
15.2 0.336329619956 0.0591349138718
15.3 0.356782822832 0.0553937348094
15.4 0.378659809713 0.051999142097
15.5 0.402051508938 0.0489231385735
15.6 0.427054902179 0.0461406181096
15.7 0.453773230118 0.0436289464428
15.8 0.482316509717 0.0413681365879
15.9 0.512801715981 0.039340384484
16 0.545353174813 0.0375300605634
16.1 0.580102971547 0.0359237346582
16.2 0.617191193642 0.0345098142685
16.3 0.656766316818 0.0332788499358
16.4 0.69898553746 0.032223285709
16.5 0.744014985128 0.0313375409353
16.6 0.792029869618 0.0306183247
16.7 0.843214957495 0.0300643287805
16.8 0.897764423157 0.0296766396597
16.9 0.955881120821 0.0294594194039
17 1.01777743234 0.0294197776146
17.1 1.08367440507 0.0295684474478
17.2 1.15379897547 0.0299208875823
17.3 1.22838514419 0.0304975310564
17.4 1.30767198612 0.0313249176732
17.5 1.39189669887 0.0324389129942
17.6 1.48129426331 0.033885300996
17.7 1.57608815698 0.0357242244113
17.8 1.67648622214 0.0380323494815
17.9 1.78266808736 0.0409088488153
18 1.89476244817 0.0444859007467
18.1 2.01283028522 0.0489365275319
18.2 2.1368382502 0.0544869625633
18.3 2.26660437504 0.0614418680448
18.4 2.40174393639 0.0702090293718
18.5 2.54158445703 0.0813387235122
18.6 2.68505074065 0.0955768471788
18.7 2.83049207533 0.113943858914
18.8 2.97547156986 0.137830620292
18.9 3.11646638829 0.169131538218
19 3.24849482008 0.210402953932
19.1 3.36468311867 0.26503016199
19.2 3.45584245904 0.33734984648
19.3 3.51026211632 0.432586457097
19.4 3.51406621519 0.556395715998
19.5 3.45271914211 0.713667333223
19.6 3.31419349507 0.906363563191
19.7 3.09374780028 1.13061245611
19.8 2.79875176081 1.37429241695
19.9 2.45042960398 1.61724408995
20 2.07995436513 1.83544400384
