"Time" "Prey" "Predator"
0 30.3444588366 20.4220332148
0.1 0.264452107832 39.7581514281
0.2 0.00178422527658 36.1586724867
0.3 1.94051434756e-05 32.7189599019
0.4 3.47445045172e-07 29.6053375535
0.5 -7.81827090449e-08 26.7880420457
0.6 -7.77249654622e-08 24.2388327885
0.7 -7.77249654622e-08 21.9322200108
0.8 -7.77249654622e-08 19.8450934151
0.9 -7.77249654622e-08 17.9565681998
1 -7.77249654622e-08 16.2477683235
1.1 -7.77249654622e-08 14.7015859767
1.2 -7.77249654622e-08 13.3025423239
1.3 -7.77249654622e-08 12.0366319374
1.4 -7.77249654622e-08 10.8911922258
1.5 -7.77249654622e-08 9.85477748329
1.6 -7.77249654622e-08 8.91697065449
1.7 -7.77249654622e-08 8.06840562714
1.8 -7.77249654622e-08 7.30059782006
1.9 -7.77249654622e-08 6.60585433057
2 -7.77249654622e-08 5.97722418657
2.1 -7.77249654622e-08 5.40841644999
2.2 -7.77249654622e-08 4.89373782231
2.3 -7.77249654622e-08 4.42803737187
2.4 -7.77249654622e-08 4.00665506138
2.5 -7.77249654622e-08 3.62537187102
2.6 -7.77249654622e-08 3.28037262879
2.7 -7.77249654622e-08 2.96820455173
2.8 -7.77249654622e-08 2.68574282823
2.9 -7.77249654622e-08 2.43016106416
3 -7.77249654622e-08 2.1989010976
3.1 -7.77249654622e-08 1.98964820437
3.2 -7.77249654622e-08 1.80030851717
3.3 -7.77249654622e-08 1.62898665625
3.4 -7.77249654622e-08 1.47396811364
3.5 -7.77249654622e-08 1.3337006778
3.6 -7.77249654622e-08 1.2067818806
3.7 -7.77249654622e-08 1.09194121075
3.8 -7.77249654622e-08 0.988029324664
3.9 -7.77249654622e-08 0.894005901173
4 -7.77249654622e-08 0.808929971084
4.1 -7.77249654622e-08 0.731950019784
4.2 -7.77249654622e-08 0.662295776811
4.3 -7.77249654622e-08 0.599270004894
4.4 -7.77249654622e-08 0.542241886964
4.5 -7.77249654622e-08 0.490640701865
4.6 -7.77249654622e-08 0.443949790937
4.7 -7.77249654622e-08 0.401702061807
4.8 -7.77249654622e-08 0.363475047474
4.9 -7.77249654622e-08 0.328885695354
5 -7.77249654622e-08 0.297588112021
5.1 -7.77249654622e-08 0.269268834876
5.2 -7.77249654622e-08 0.243644430541
5.3 -7.77249654622e-08 0.220458610724
5.4 -7.77249654622e-08 0.199479082471
5.5 -7.77249654622e-08 0.180496136378
5.6 -7.77249654622e-08 0.163319657938
5.7 -7.77249654622e-08 0.147777711459
5.8 -7.77249654622e-08 0.133714823753
5.9 -7.77249654622e-08 0.120990115457
6 -7.77249654622e-08 0.109476378253
6.1 -7.77249654622e-08 0.099058302428
6.2 -7.77249654622e-08 0.0896316237234
6.3 -7.77249654622e-08 0.0811020647169
6.4 -7.77249654622e-08 0.0733841619374
6.5 -7.77249654622e-08 0.0664007398263
6.6 -7.77249654622e-08 0.0600818596994
6.7 -7.77249654622e-08 0.0543642885536
6.8 -7.77249654622e-08 0.0491908497095
6.9 -7.77249654622e-08 0.0445097055606
7 -7.77249654622e-08 0.0402740502188
7.1 -7.77249654622e-08 0.0364414635476
7.2 -7.77249654622e-08 0.0329735881453
7.3 -7.77249654622e-08 0.0298357395993
7.4 -7.77249654622e-08 0.0269964802887
7.5 -7.77249654622e-08 0.0244274257137
7.6 -7.77249654622e-08 0.0221028467137
7.7 -7.77249654622e-08 0.0199994768787
7.8 -7.77249654622e-08 0.0180962778477
7.9 -7.77249654622e-08 0.0163741820772
8 -7.77249654622e-08 0.0148159726312
8.1 -7.77249654622e-08 0.0134060440629
8.2 -7.77249654622e-08 0.0121302857136
8.3 -7.77249654622e-08 0.0109759383709
8.4 -7.77249654622e-08 0.00993143618451
8.5 -7.77249654622e-08 0.00898633393557
8.6 -7.77249654622e-08 0.00813117105598
8.7 -7.77249654622e-08 0.00735738480484
8.8 -7.77249654622e-08 0.00665723183272
8.9 -7.77249654622e-08 0.00602369118773
9 -7.77249654622e-08 0.00545044418025
9.1 -7.77249654622e-08 0.00493177636266
9.2 -7.77249654622e-08 0.00446248096592
9.3 -7.77249654622e-08 0.00403784645497
9.4 -7.77249654622e-08 0.00365360910436
9.5 -7.77249654622e-08 0.00330595325077
9.6 -7.77249654622e-08 0.00299137653869
9.7 -7.77249654622e-08 0.00270670305525
9.8 -7.77249654622e-08 0.00244912843702
9.9 -7.77249654622e-08 0.00221606755066
10 -7.77249654622e-08 0.00200517128235
10.1 -7.77249654622e-08 0.00181435755725
10.2 -7.77249654622e-08 0.00164170754293
10.3 -7.77249654622e-08 0.0014854730896
10.4 -7.77249654622e-08 0.00134411406161
10.5 -7.77249654622e-08 0.00121621044982
10.6 -7.77249654622e-08 0.00110046857245
10.7 -7.77249654622e-08 0.000995752196416
10.8 -7.77249654622e-08 0.000901009499749
10.9 -7.77249654622e-08 0.000815269281085
11 -7.77249654622e-08 0.000737678677234
11.1 -7.77249654622e-08 0.00066747818517
11.2 -7.77249654622e-08 0.000603958564512
11.3 -7.77249654622e-08 0.00054647379911
11.4 -7.77249654622e-08 0.000494464412166
11.5 -7.77249654622e-08 0.000447410084409
11.6 -7.77249654622e-08 0.000404830388133
11.7 -7.77249654622e-08 0.000366301636049
11.8 -7.77249654622e-08 0.000331444911147
11.9 -7.77249654622e-08 0.000299905981129
12 -7.77249654622e-08 0.000271361701454
12.1 -7.77249654622e-08 0.000245535324095
12.2 -7.77249654622e-08 0.000222168751054
12.3 -7.77249654622e-08 0.00020101328133
12.4 -7.77249654622e-08 0.000181889111374
12.5 -7.77249654622e-08 0.000164581166366
12.6 -7.77249654622e-08 0.000148919687773
12.7 -7.77249654622e-08 0.000134747011797
12.8 -7.77249654622e-08 0.000121927238208
12.9 -7.77249654622e-08 0.000110329754148
13 -7.77249654622e-08 9.98341134486e-05
13.1 -7.77249654622e-08 9.03309079585e-05
13.2 -7.77249654622e-08 8.17241109862e-05
13.3 -7.77249654622e-08 7.39295734897e-05
13.4 -7.77249654622e-08 6.6873669026e-05
13.5 -7.77249654622e-08 6.04942347924e-05
13.6 -7.77249654622e-08 5.47342329454e-05
13.7 -7.77249654622e-08 4.95218921616e-05
13.8 -7.77249654622e-08 4.4804547444e-05
13.9 -7.77249654622e-08 4.05386186944e-05
14 -7.77249654622e-08 3.66877070355e-05
14.1 -7.77249654622e-08 3.32079520854e-05
14.2 -7.77249654622e-08 3.00574283475e-05
14.3 -7.77249654622e-08 2.72046121087e-05
14.4 -7.77249654622e-08 2.462250144e-05
14.5 -7.77249654622e-08 2.2255800924e-05
14.6 -7.77249654622e-08 2.01605435518e-05
14.7 -7.77249654622e-08 1.82495188283e-05
14.8 -7.77249654622e-08 1.65136840903e-05
14.9 -7.77249654622e-08 1.49439220634e-05
15 -7.77249654622e-08 1.35252290983e-05
15.1 -7.77249654622e-08 1.2242605615e-05
15.2 -7.77249654622e-08 1.1083919275e-05
15.3 -7.77249654622e-08 1.00370377399e-05
15.4 -7.77249654622e-08 9.08982867132e-06
15.5 -7.77249654622e-08 8.23176529733e-06
15.6 -7.77249654622e-08 7.45782222083e-06
15.7 -7.77249654622e-08 6.75907237256e-06
15.8 -7.77249654622e-08 6.12610344835e-06
15.9 -7.77249654622e-08 5.54950314406e-06
16 -7.77249654622e-08 5.01997298879e-06
16.1 -7.77249654622e-08 4.5371952567e-06
16.2 -7.77249654622e-08 4.1008460132e-06
16.3 -7.77249654622e-08 3.70622682075e-06
16.4 -7.77249654622e-08 3.34863924183e-06
16.5 -7.77249654622e-08 3.0233848389e-06
16.6 -7.77249654622e-08 2.67459704439e-06
16.7 -7.77249654622e-08 2.43349288036e-06
16.8 -7.77249654622e-08 2.20876307903e-06
16.9 -7.77249654622e-08 2.0004076404e-06
17 -7.77249654622e-08 1.80842656447e-06
17.1 -7.77249654622e-08 1.63279881343e-06
17.2 -7.77249654622e-08 1.472029484e-06
17.3 -7.77249654622e-08 1.32520058777e-06
17.4 -7.77249654622e-08 1.19231212474e-06
17.5 -7.77249654622e-08 1.07336409491e-06
17.6 -7.77249654622e-08 9.68356498273e-07
17.7 -7.77249654622e-08 8.76807746066e-07
17.8 -7.77249654622e-08 7.93846907866e-07
17.9 -7.77249654622e-08 7.18207969266e-07
18 -7.77249654622e-08 6.49890930268e-07
18.1 -7.77249654622e-08 5.88895790871e-07
18.2 -7.77249654622e-08 5.35222551075e-07
18.3 -7.77249654622e-08 4.8809508209e-07
18.4 -7.77249654622e-08 4.44661198168e-07
18.5 -7.77249654622e-08 4.04656576255e-07
18.6 -7.77249654622e-08 3.6808121635e-07
18.7 -7.77249654622e-08 3.34935118453e-07
18.8 -7.77249654622e-08 3.05218282565e-07
18.9 -7.77249654622e-08 2.78347422827e-07
19 -7.77249654622e-08 2.5341500558e-07
19.1 -7.77249654622e-08 2.30410486078e-07
19.2 -7.77249654622e-08 2.0933386432e-07
19.3 -7.77249654622e-08 1.90185140308e-07
19.4 -7.77249654622e-08 1.72958122843e-07
19.5 -7.77249654622e-08 1.57212878097e-07
19.6 -7.77249654622e-08 1.42679252036e-07
19.7 -7.77249654622e-08 1.29357244657e-07
19.8 -7.77249654622e-08 1.17246855963e-07
19.9 -7.77249654622e-08 1.06348085953e-07
20 -7.77249654622e-08 9.66252296568e-08
