"Time" "Prey" "Predator"
0 1.51223455081e-05 1.52468764998
0.1 1.3321802539e-05 1.37959748797
0.2 1.19536857603e-05 1.24831394266
0.3 1.09061475151e-05 1.12952292463
0.4 1.01012589047e-05 1.02203546185
0.5 9.48412837821e-06 0.924776034653
0.6 9.01544887195e-06 0.836772608402
0.7 8.66617869411e-06 0.757143696423
0.8 8.41502872663e-06 0.685092299837
0.9 8.24609744995e-06 0.619896428583
1 8.14785396806e-06 0.560905555423
1.1 8.11208561931e-06 0.507531011796
1.2 8.13112848853e-06 0.459235003741
1.3 8.19931706261e-06 0.415532258721
1.4 8.31445654371e-06 0.375989434238
1.5 8.47371572016e-06 0.340209954293
1.6 8.67519640665e-06 0.307835038777
1.7 8.9180342792e-06 0.278540877387
1.8 9.20181268862e-06 0.252034427839
1.9 9.52660892873e-06 0.228050472995
2 9.8929258069e-06 0.206348823535
2.1 1.03016558509e-05 0.186712347435
2.2 1.07540387437e-05 0.168944613785
2.3 1.12516226233e-05 0.152867663714
2.4 1.17962661963e-05 0.13832062317
2.5 1.23901202433e-05 0.125157871616
2.6 1.30356233415e-05 0.113247728346
2.7 1.37354961534e-05 0.102470951154
2.8 1.44927487847e-05 0.0927197410168
2.9 1.53106800491e-05 0.0838964417183
3 1.61928918584e-05 0.0759128060203
3.1 1.71432935586e-05 0.0686888800594
3.2 1.81661206506e-05 0.0621524181937
3.3 1.92659441939e-05 0.0562379537106
3.4 2.04476941694e-05 0.0508863537649
3.5 2.1716671874e-05 0.0460440027407
3.6 2.30785737668e-05 0.0416623318285
3.7 2.45395208169e-05 0.037697535211
3.8 2.61060838426e-05 0.0341101808741
3.9 2.77852988146e-05 0.0308642274486
4 2.95847083935e-05 0.0279271932329
4.1 3.15123922309e-05 0.0252696898274
4.2 3.35770002729e-05 0.0228650575632
4.3 3.57877921757e-05 0.0206892381103
4.4 3.81546798181e-05 0.0187204395114
4.5 4.06882686085e-05 0.0169390042091
4.6 4.33999048989e-05 0.0153271201343
4.7 4.63017252611e-05 0.0138686286885
4.8 4.94067093203e-05 0.0125489200647
4.9 5.27287423374e-05 0.0113547855481
5 5.6282670302e-05 0.0102742842087
5.1 6.00843729333e-05 0.00929658775297
5.2 6.41508284148e-05 0.00841191388057
5.3 6.85001832586e-05 0.00761146114896
5.4 7.31518589782e-05 0.00688720744953
5.5 7.81266040322e-05 0.00623188377183
5.6 8.34465823929e-05 0.00563890498276
5.7 8.91355430331e-05 0.00510236709548
5.8 9.52188327753e-05 0.00461688451888
5.9 0.000101723535292 0.00417756667359
6 0.00010867867508 0.00378006356144
6.1 0.000116115210496 0.00342038606383
6.2 0.000124066247 0.00309492525421
6.3 0.000132567237405 0.00280045098542
6.4 0.000141655989578 0.00253399305316
6.5 0.00015137297183 0.00229288344905
6.6 0.000161761476213 0.00207472658767
6.7 0.000172867683243 0.00187732142133
6.8 0.000184741105382 0.00169871037365
6.9 0.000197434624256 0.00153711503533
7 0.000211004600928 0.00139089068491
7.1 0.00022551130042 0.00125854763213
7.2 0.000241019510258 0.00113880494469
7.3 0.000257598174951 0.00103046135057
7.4 0.000275320829397 0.000932412301438
7.5 0.000294266478258 0.000843691198486
7.6 0.000314519522396 0.000763423021679
7.7 0.000336169871966 0.000690794864015
7.8 0.000359313660561 0.000625069650144
7.9 0.000384054201099 0.00056560769377
8 0.000410501446995 0.000511809221725
8.1 0.00043877266827 0.000463120474328
8.2 0.00046899386177 0.00041906138909
8.3 0.000501299629147 0.00037919851007
8.4 0.000535833353493 0.000343128503563
8.5 0.000572749077197 0.000310479829595
8.6 0.000612209435053 0.000280952751946
8.7 0.000654391757347 0.000254233663667
8.8 0.00069948263497 0.000230053885356
8.9 0.000747684745536 0.00020817891279
9 0.00079921372669 0.000188390950266
9.1 0.000854297537155 0.000170485341274
9.2 0.000913177347364 0.000154275543793
9.3 0.000976114077776 0.00013959479927
9.4 0.00104339828123 0.000126298655209
9.5 0.00111532768006 0.000114259231251
9.6 0.00119221553234 0.000103367354769
9.7 0.00127439247535 9.35310664966e-05
9.8 0.00136223810425 8.46367414407e-05
9.9 0.00145615125488 7.65856761212e-05
10 0.0015565437556 6.93017812501e-05
10.1 0.00166384897726 6.27210550931e-05
10.2 0.00177853907565 5.67809419269e-05
10.3 0.00190115138795 5.14040408813e-05
10.4 0.00203222878159 4.65349209662e-05
10.5 0.00217234180747 4.21264487252e-05
10.6 0.00232209251511 3.81384507225e-05
10.7 0.0024821728726 3.45263148117e-05
10.8 0.00265331002242 3.12516716568e-05
10.9 0.00283625444364 2.82847045052e-05
11 0.00303179586166 2.56010449147e-05
11.1 0.00324079449969 2.31767551524e-05
11.2 0.00346422950805 2.09805526007e-05
11.3 0.00370309008453 1.89912909898e-05
11.4 0.00395841580642 1.71914848747e-05
11.5 0.00423130346171 1.55665824915e-05
11.6 0.00452301368343 1.40971664272e-05
11.7 0.0048348721088 1.2766182927e-05
11.8 0.00516824641941 1.15606212011e-05
11.9 0.00552457584706 1.04693553345e-05
12 0.00590542681802 9.48197520928e-06
12.1 0.00631258399425 8.58687374082e-06
12.2 0.00674785050426 7.77544400056e-06
12.3 0.00721312101098 7.04054407011e-06
12.4 0.00771039397088 6.37628003926e-06
12.5 0.00824196506312 5.77503459398e-06
12.6 0.00881025129288 5.23016909874e-06
12.7 0.00941774522117 4.73672670691e-06
12.8 0.010067069863 4.29058902843e-06
12.9 0.0107610776702 3.88771795603e-06
13 0.0115030212945 3.52284768435e-06
13.1 0.0122961874707 3.19228902854e-06
13.2 0.0131440292069 2.8929168997e-06
13.3 0.0140501878325 2.62206664909e-06
13.4 0.015018843891 2.37672698354e-06
13.5 0.0160544043119 2.15425949825e-06
13.6 0.0171614117207 1.95260727157e-06
13.7 0.0183446465987 1.77005988918e-06
13.8 0.0196093033041 1.60498497264e-06
13.9 0.0209613098855 1.45534039353e-06
14 0.0224066574278 1.3196971689e-06
14.1 0.0239516390158 1.19687498838e-06
14.2 0.0256028854164 1.08589854323e-06
14.3 0.0273679032914 9.85527161983e-07
14.4 0.0292546927759 8.94589022933e-07
14.5 0.0312715690827 8.12137060621e-07
14.6 0.0334274030482 7.37329934419e-07
14.7 0.0357320062361 6.69458885932e-07
14.8 0.0381955922091 6.07910167683e-07
14.9 0.0408289051223 5.52174011315e-07
15 0.0436436787153 5.01723944038e-07
15.1 0.0466526965173 4.55999460613e-07
15.2 0.0498691969856 4.14577233463e-07
15.3 0.0533071991442 3.7708807634e-07
15.4 0.0569823245187 3.43126445613e-07
15.5 0.0609110112835 3.12336939956e-07
15.6 0.0651104665609 2.84419550868e-07
15.7 0.0695991152996 2.5910607713e-07
15.8 0.0743973208413 2.36143056453e-07
15.9 0.0795263394771 2.15316529319e-07
16 0.0850088575809 1.96434841127e-07
16.1 0.0908695472123 1.79305694625e-07
16.2 0.0971342752148 1.63769592551e-07
16.3 0.103830699601 1.49682526869e-07
16.4 0.110989008633 1.36900368697e-07
16.5 0.118640797825 1.25301948081e-07
16.6 0.126819873378 1.14778205704e-07
16.7 0.135563099323 1.05224876574e-07
16.8 0.144909059879 9.65535832774e-08
16.9 0.154899069797 8.86843690475e-08
17 0.165578142624 8.15391251976e-08
17.1 0.176993388306 7.50524065778e-08
17.2 0.189195186255 6.91651818738e-08
17.3 0.202238336783 6.3819929353e-08
17.4 0.216180559965 5.89671411233e-08
17.5 0.231084133253 5.456141129e-08
17.6 0.247015200934 5.0562537987e-08
17.7 0.264044360433 4.69344407994e-08
17.8 0.282247787668 4.36431541459e-08
17.9 0.30170586897 4.0659422584e-08
18 0.322505601839 3.79558647968e-08
18.1 0.344739270257 3.55083207907e-08
18.2 0.368505488647 3.32952336564e-08
18.3 0.393910573784 3.1296678927e-08
18.4 0.421066583051 2.94956894767e-08
18.5 0.450094635048 2.78766536825e-08
18.6 0.481123825252 2.64257544393e-08
18.7 0.514291956999 2.51308339196e-08
18.8 0.549746502442 2.39816976232e-08
18.9 0.587645349185 2.29691078411e-08
19 0.628157184296 2.20854494563e-08
19.1 0.671461987262 2.13250057468e-08
19.2 0.717752106141 2.06831133581e-08
19.3 0.767233473804 2.01568359889e-08
19.4 0.820126130895 1.97447949371e-08
19.5 0.876664976256 1.94471589696e-08
19.6 0.937101684472 1.92664552982e-08
19.7 1.00170488367 1.9207138942e-08
19.8 1.07076162343 1.92762533689e-08
19.9 1.14457928938 1.94845823808e-08
20 1.223485792 1.98459571791e-08
