"Time" "Prey" "Predator"
0 0.400201840326 1.00326616258
0.1 0.375724132258 0.943667008038
0.2 0.355523455531 0.885632309183
0.3 0.338976827635 0.82964550409
0.4 0.325570495697 0.776039040598
0.5 0.314883862435 0.725024107947
0.6 0.306571574791 0.67672122746
0.7 0.300351983597 0.631179006169
0.8 0.295996382217 0.588391462866
0.9 0.293320311277 0.548311479933
1 0.292174003695 0.510865185565
1.1 0.292439037245 0.475955753745
1.2 0.294021924351 0.443473092308
1.3 0.296850364502 0.413298644939
1.4 0.300869984496 0.385309374281
1.5 0.306041769842 0.359380704929
1.6 0.312339789819 0.3353891728
1.7 0.319749582846 0.313213918012
1.8 0.328266757968 0.29273794069
1.9 0.337896008336 0.273848847956
2 0.348649938 0.256439816662
2.1 0.360548596632 0.240409598673
2.2 0.373618749741 0.225662932464
2.3 0.387893417319 0.212110589819
2.4 0.403411587797 0.199669277906
2.5 0.420217862328 0.188261622581
2.6 0.438362200882 0.177816042059
2.7 0.457899516083 0.168266776324
2.8 0.478890016612 0.159553231874
2.9 0.501398530184 0.151620250793
3 0.525494646749 0.144417762623
3.1 0.551252472479 0.137900647361
3.2 0.578750396184 0.132028648513
3.3 0.608070934706 0.126766246561
3.4 0.639300487992 0.122082528593
3.5 0.67252877427 0.117951360129
3.6 0.707848793693 0.114351124938
3.7 0.745355701087 0.111265156043
3.8 0.78514660208 0.108681627197
3.9 0.827319194168 0.106593995056
4 0.871970408159 0.105001466997
4.1 0.919196621994 0.1039087112
4.2 0.969088429628 0.103327964171
4.3 1.0217309031 0.103278768694
4.4 1.07720172362 0.10378857458
4.5 1.13556214055 0.104896181204
4.6 1.19685666163 0.106651746394
4.7 1.26110451481 0.10911987845
4.8 1.32829584825 0.112381026273
4.9 1.39837613055 0.116537228332
5 1.47124163477 0.121713721162
5.1 1.54671806343 0.128066581736
5.2 1.62454505549 0.135788292954
5.3 1.70435422462 0.145115539402
5.4 1.7856425182 0.156338395933
5.5 1.86773882845 0.16981169889
5.6 1.94976399793 0.185967573399
5.7 2.03059195361 0.205327310025
5.8 2.10879629238 0.228515142302
5.9 2.18260915005 0.256264843907
6 2.2498732447 0.289425367978
6.1 2.30802629168 0.328940998177
6.2 2.35411352607 0.375814038242
6.3 2.38485733665 0.431032927795
6.4 2.39683236204 0.495435745381
6.5 2.38673557647 0.569529986677
6.6 2.35179612306 0.653246076126
6.7 2.2902779887 0.745670399181
6.8 2.20200053783 0.8448161941
6.9 2.08874086351 0.947524208381
7 1.95434064826 1.04959829672
7.1 1.80442902407 1.14619631511
7.2 1.64574708542 1.23244669739
7.3 1.48523873124 1.30413134914
7.4 1.32915786067 1.35824815108
7.5 1.18241890244 1.39330648602
7.6 1.04831300355 1.40931138975
7.7 0.928555154741 1.40750898037
7.8 0.823559225258 1.390002176
7.9 0.732805808675 1.35935370222
8 0.655198534255 1.31825149305
8.1 0.589354883533 1.26927085486
8.2 0.533812329111 1.21472975791
8.3 0.487159100805 1.15662004187
8.4 0.44810598323 1.09659184448
8.5 0.415517725999 1.03597058068
8.6 0.388418828808 0.975791367957
8.7 0.365985074949 0.916840190697
8.8 0.347528394481 0.859695409881
8.9 0.332478645489 0.804766423131
9 0.320366372939 0.752327266596
9.1 0.310806643734 0.702545423489
9.2 0.303484963195 0.655505690467
9.3 0.298145433339 0.611229335023
9.4 0.29457994268 0.569691308453
9.5 0.292620844209 0.530830677072
9.6 0.292134103941 0.494560527661
9.7 0.293013074612 0.460777898884
9.8 0.295174403484 0.429368413793
9.9 0.298554400932 0.40021101509
10 0.303105926729 0.373181719903
10.1 0.308796160714 0.348156231465
10.2 0.315604703757 0.325012017467
10.3 0.323521864982 0.303629853039
10.4 0.332547462384 0.283894904114
10.5 0.342689973574 0.26569714325
10.6 0.353965527419 0.248932202697
10.7 0.366397271971 0.233501667213
10.8 0.380014922964 0.219313010564
10.9 0.394854253081 0.206279766608
11 0.410956842819 0.194321362869
11.1 0.428369718527 0.183363161982
11.2 0.447145213134 0.173336172795
11.3 0.467340699799 0.164177020337
11.4 0.489018500736 0.155827656426
11.5 0.512245658379 0.148235281171
11.6 0.537093851654 0.141352100529
11.7 0.56363915736 0.135135261278
11.8 0.591961822703 0.129546720438
11.9 0.622145983825 0.124553190981
12 0.654279789593 0.120125829325
12.1 0.688454845517 0.116240340425
12.2 0.724764418575 0.112877820514
12.3 0.763304766336 0.110023732561
12.4 0.804174474095 0.107668066095
12.5 0.847471110316 0.105806834256
12.6 0.893290759579 0.104442107489
12.7 0.941727590336 0.103581935523
12.8 0.992869557312 0.103241909038
12.9 1.04679911469 0.103444834516
13 1.10358692543 0.104223157263
13.1 1.16328719218 0.105620733718
13.2 1.22593382981 0.107694013668
13.3 1.29153361146 0.110514493716
13.4 1.36005777253 0.11417191719
13.5 1.43143018695 0.118778635924
13.6 1.50551789406 0.124472907904
13.7 1.58210874936 0.131426916476
13.8 1.66089555688 0.13985244884
13.9 1.7414534425 0.150008878774
14 1.82320495011 0.16221508868
14.1 1.90538991822 0.176859341897
14.2 1.9870214057 0.194413205336
14.3 2.06684090828 0.21544363765
14.4 2.14327248709 0.24062463941
14.5 2.21437344933 0.270742472537
14.6 2.27780205053 0.306693951732
14.7 2.33081170057 0.349455363063
14.8 2.3702845179 0.400036485975
14.9 2.39285028984 0.45937453003
15 2.39509632754 0.52818399621
15.1 2.37390648203 0.606740175726
15.2 2.32691855174 0.69461933004
15.3 2.25304858502 0.790438726886
15.4 2.15297610116 0.891675466115
15.5 2.0294343502 0.994661628713
15.6 1.88714406479 1.09484105814
15.7 1.73234662411 1.18727369141
15.8 1.57199338422 1.26730605332
15.9 1.41281334103 1.33122032231
16 1.26050299202 1.37669306741
16.1 1.11924911694 1.40293419468
16.2 0.991595883979 1.41056172296
16.3 0.87861969793 1.40126485568
16.4 0.780260050706 1.37740381993
16.5 0.695691997347 1.34163439442
16.6 0.623657392575 1.29661633142
16.7 0.56271622066 1.24481994489
16.8 0.511416992359 1.1884185228
16.9 0.468398151173 1.12924671304
17 0.432439139423 1.06880225035
17.1 0.402478343773 1.0082726024
17.2 0.377611085945 0.948573515698
17.3 0.357077895223 0.890390699062
17.4 0.340246846443 0.834220655689
17.5 0.326596097742 0.780406832012
17.6 0.315696817178 0.72917116973
17.7 0.307197985841 0.680640580615
17.8 0.300813310781 0.6348686148
17.9 0.296310074412 0.591853310651
18 0.293499356026 0.551552434705
18.1 0.29223000532 0.513891251025
18.2 0.29238089008 0.478775299745
18.3 0.293856732809 0.446095324019
18.4 0.29658351148 0.415733578351
18.5 0.300505439388 0.387567300855
18.6 0.305582243732 0.361471956769
18.7 0.311786991205 0.337323929067
18.8 0.319104359204 0.315002046345
18.9 0.327529182208 0.294388936291
19 0.337065293462 0.275372017611
19.1 0.347724882166 0.257843599756
19.2 0.359527245491 0.241702239155
19.3 0.372498699586 0.226852054653
19.4 0.386671702937 0.21320342148
19.5 0.402084792372 0.200672482526
19.6 0.418782022646 0.189181487352
19.7 0.436812919954 0.178658341955
19.8 0.456232113544 0.16903670114
19.9 0.477099294662 0.160255617537
20 0.499478941503 0.152259499055
