"Time" "Prey" "Predator"
0 21.764758001 0.977495605096
0.1 15.5930034621 6.28683232685
0.2 3.93762015524 14.4109694744
0.3 0.542874559159 15.5076166594
0.4 0.0786888884177 14.3690851288
0.5 0.0135278916093 13.0492208955
0.6 0.00275944894594 11.8153192502
0.7 0.000658675895896 10.692491951
0.8 0.000181239657171 9.67532095904
0.9 5.6758801655e-05 8.75468542032
1 2.00460219695e-05 7.92159660105
1.1 7.84465915459e-06 7.16776940172
1.2 3.34971338877e-06 6.48567320184
1.3 1.55473504171e-06 5.8684828298
1.4 7.38228110368e-07 5.31001953565
1.5 4.59660824673e-07 4.80470132878
1.6 3.22022680974e-07 4.34747278068
1.7 1.82468388935e-07 3.93375520809
1.8 1.27923502225e-07 3.55940793985
1.9 1.26061444882e-07 3.22068460628
2 1.14884505139e-07 2.91419973187
2.1 7.87119502555e-08 2.63687792683
2.2 5.05520638401e-08 2.38594600998
2.3 4.80562002758e-08 2.1588933796
2.4 4.12265474207e-08 1.95344772778
2.5 3.31697867778e-08 1.76755291232
2.6 2.72026694169e-08 1.59934822006
2.7 2.46327374165e-08 1.44715049301
2.8 2.47732774802e-08 1.30943707503
2.9 2.39408525161e-08 1.18482741279
3 2.66317538184e-08 1.07207407065
3.1 2.65911751328e-08 0.970051851377
3.2 2.27629123631e-08 0.877740176136
3.3 2.17476487695e-08 0.794212319109
3.4 2.24362361933e-08 0.718632505785
3.5 2.1626914144e-08 0.650245498862
3.6 2.08789936464e-08 0.588366487033
3.7 2.08088245902e-08 0.532376157841
3.8 2.08423603028e-08 0.481713896377
3.9 2.09473454627e-08 0.435872596171
4 2.11848607299e-08 0.394393818383
4.1 2.15403569693e-08 0.356862325169
4.2 2.20061546737e-08 0.322902383055
4.3 2.25790792059e-08 0.292174133888
4.4 2.32573327806e-08 0.26436995147
4.5 2.40406276297e-08 0.239211600294
4.6 2.49296581081e-08 0.216447602603
4.7 2.59262196512e-08 0.195849850968
4.8 2.70332745824e-08 0.177212289776
4.9 2.82544011245e-08 0.160348304496
5 2.95939383426e-08 0.145089091469
5.1 3.10570848779e-08 0.131282040288
5.2 3.26497012687e-08 0.118788836394
5.3 3.4378451239e-08 0.107484582913
5.4 3.62506888729e-08 0.0972560753513
5.5 3.82745291038e-08 0.0880009295619
5.6 4.04588552249e-08 0.0796265379487
5.7 4.28133062694e-08 0.072049032261
5.8 4.53483528484e-08 0.0651926594374
5.9 4.80753070154e-08 0.0589887423014
6 5.10063776297e-08 0.0533752117325
6.1 5.41547106721e-08 0.0482958908574
6.2 5.75344393847e-08 0.0436999099036
6.3 6.11607499292e-08 0.0395413172855
6.4 6.50499368675e-08 0.0357784507868
6.5 6.92194759106e-08 0.0323736723019
6.6 7.36880989889e-08 0.0292929126241
6.7 7.84758746173e-08 0.0265053138052
6.8 8.36042937773e-08 0.0239830037242
6.9 8.90963670441e-08 0.0217007133149
7 9.49767210349e-08 0.0196356128351
7.1 1.01271710149e-07 0.0177670377694
7.2 1.08009532716e-07 0.0160762731831
7.3 1.15220350835e-07 0.0145464157858
7.4 1.22936432631e-07 0.0131621386156
7.5 1.31192283213e-07 0.0119095889818
7.6 1.4002481534e-07 0.0107762461414
7.7 1.49473490797e-07 0.00975074617503
7.8 1.59580511821e-07 0.00882283818497
7.9 1.70391016526e-07 0.00798321551169
8 1.81953248013e-07 0.00722348995141
8.1 1.94318779052e-07 0.00653609087503
8.2 2.07542812981e-07 0.00591412402032
8.3 2.21684284841e-07 0.00535134952718
8.4 2.36806184645e-07 0.00484211620051
8.5 2.52976010239e-07 0.00438136048236
8.6 2.70265753597e-07 0.00396444605445
8.7 2.88752377031e-07 0.00358717365219
8.8 3.08518360552e-07 0.00324581475677
8.9 3.29651647228e-07 0.00293693907463
9 3.52246286798e-07 0.00265744495205
9.1 3.76403028965e-07 0.00240456394396
9.2 4.0222928886e-07 0.00217574576644
9.3 4.29839991614e-07 0.00196869224155
9.4 4.59358190218e-07 0.00178135291331
9.5 4.90915081508e-07 0.00161183688828
9.6 5.24651201451e-07 0.00145845264117
9.7 5.60716921551e-07 0.00131968315579
9.8 5.99272437294e-07 0.00119412095971
9.9 6.40488801473e-07 0.00108047862207
10 6.84550037128e-07 0.000977652344391
10.1 7.31652168101e-07 0.000884617453005
10.2 7.8200415381e-07 0.000800427641479
10.3 8.35830095082e-07 0.000724243132399
10.4 8.93370024296e-07 0.000655318156851
10.5 9.54879482826e-07 0.000592956606945
10.6 1.02063134183e-06 0.000536521963143
10.7 1.09091905125e-06 0.000485463668051
10.8 1.16605522061e-06 0.000439270237064
10.9 1.24637308403e-06 0.000397467604359
11 1.33223002953e-06 0.000359637382104
11.1 1.42400885839e-06 0.000325410781113
11.2 1.52211708959e-06 0.000294442452589
11.3 1.62699288966e-06 0.000266409731475
11.4 1.73909558192e-06 0.000241060558881
11.5 1.85893162637e-06 0.000218121751317
11.6 1.98703055582e-06 0.00019736391403
11.7 2.12396605093e-06 0.000178583024
11.8 2.27035270667e-06 0.000161595058916
11.9 2.42683920901e-06 0.00014622466301
12 2.59411228198e-06 0.000132311703549
12.1 2.77290650165e-06 0.00011971203705
12.2 2.96404796239e-06 0.000108300918516
12.3 3.16838787291e-06 9.79678169605e-05
12.4 3.38681884774e-06 8.86176873642e-05
12.5 3.62027993036e-06 8.01712750872e-05
12.6 3.869830534e-06 7.25384675739e-05
12.7 4.13661956088e-06 6.56294237975e-05
12.8 4.42182023101e-06 5.93780619734e-05
12.9 4.72666778137e-06 5.37284727628e-05
13 5.0524854886e-06 4.86302232546e-05
13.1 5.40080045762e-06 4.40174619086e-05
13.2 5.77316754162e-06 3.98406937144e-05
13.3 6.1712125405e-06 3.60589846614e-05
13.4 6.59481752624e-06 3.25633643779e-05
13.5 7.05073844022e-06 2.95136246951e-05
13.6 7.53739535325e-06 2.67258946738e-05
13.7 8.05725820961e-06 2.41876644806e-05
13.8 8.61279695355e-06 2.18864242824e-05
13.9 9.20661887243e-06 1.98076903302e-05
14 9.84196630349e-06 1.79278518408e-05
14.1 1.05216811437e-05 1.62290532209e-05
14.2 1.12485306524e-05 1.46945115782e-05
14.3 1.20252820891e-05 1.33074440201e-05
14.4 1.28547082022e-05 1.20510869463e-05
14.5 1.3741428649e-05 1.091516815e-05
14.6 1.46904308406e-05 9.89070798042e-06
14.7 1.57055521458e-05 8.96468469578e-06
14.8 1.6790629934e-05 8.12407655412e-06
14.9 1.7949501574e-05 7.35586181354e-06
15 1.91867965772e-05 6.65003087917e-06
15.1 2.05108076497e-05 6.01050357788e-06
15.2 2.19275177348e-05 5.43241678534e-06
15.3 2.34424791907e-05 4.90927006371e-06
15.4 2.50612443759e-05 4.43456297513e-06
15.5 2.7004250662e-05 3.90084755365e-06
15.6 2.87535027827e-05 3.55435743064e-06
15.7 3.06681539298e-05 3.23052071601e-06
15.8 3.27482041035e-05 2.92933740977e-06
15.9 3.49936533037e-05 2.65080751191e-06
16 3.74045015304e-05 2.39493102242e-06
16.1 3.99878031373e-05 2.16117842286e-06
16.2 4.27770372331e-05 1.9470366827e-06
16.3 4.57765303324e-05 1.7521810423e-06
16.4 4.89862824351e-05 1.57661150165e-06
16.5 5.24062935414e-05 1.42032806076e-06
16.6 5.60365636511e-05 1.28333071963e-06
16.7 5.99096396078e-05 1.16261016321e-06
16.8 6.40902334994e-05 1.05218304443e-06
16.9 6.85801190131e-05 9.51885366312e-07
17 7.3379296149e-05 8.61717128866e-07
17.1 7.84877649071e-05 7.81678332088e-07
17.2 8.31215612383e-05 7.40504935356e-07
17.3 8.92760834378e-05 6.65056232253e-07
17.4 9.57669976932e-05 5.9874361182e-07
17.5 0.000102619854366 5.40630533448e-07
17.6 0.00010986020382 4.89780456528e-07
17.7 0.000117513596415 4.45256840454e-07
17.8 0.000125609536471 4.06148181447e-07
17.9 0.00013423775981 3.71924367341e-07
18 0.000143461459131 3.41887212407e-07
18.1 0.000153325909852 3.15225076949e-07
18.2 0.000163876387385 2.91126321271e-07
18.3 0.000175158167145 2.68779305677e-07
18.4 0.000187216524549 2.4737239047e-07
18.5 0.000200096735009 2.26093935956e-07
18.6 0.000213845808343 2.04196686049e-07
18.7 0.000228567983381 1.83057810672e-07
18.8 0.000244351973555 1.63478153983e-07
18.9 0.00026126285806 1.45381222058e-07
19 0.000279365716091 1.28690520971e-07
19.1 0.000298725626843 1.13329556797e-07
19.2 0.000319407669511 9.9221835613e-08
19.3 0.000341476923289 8.62908634925e-08
19.4 0.000364999411923 7.44611149699e-08
19.5 0.000390157190081 6.37760324314e-08
19.6 0.00041712763319 5.42742605858e-08
19.7 0.000446020488364 4.59251040418e-08
19.8 0.000476945502712 3.86978674081e-08
19.9 0.000510012423346 3.25618552937e-08
20 0.000545330997377 2.74863723072e-08
