"Time" "Prey" "Predator"
0 24.1813057982 1.09192126622
0.1 15.6033561758 8.20524886953
0.2 2.79051451512 16.8847697694
0.3 0.296526777917 17.0796138909
0.4 0.0356698466949 15.6429498543
0.5 0.00522859536998 14.1764404438
0.6 0.000924808549377 12.8305157586
0.7 0.000194074017641 11.6100670623
0.8 4.75094643299e-05 10.5053312755
0.9 1.34366572882e-05 9.50564281278
1 4.29042515043e-06 8.60107040564
1.1 1.53370228104e-06 7.78257531299
1.2 6.0632842818e-07 7.04196862255
1.3 2.41665370452e-07 6.37183546473
1.4 1.29296352912e-07 5.76547001501
1.5 1.24235613217e-07 5.21681209466
1.6 6.72803490792e-08 4.72036584241
1.7 3.34474730974e-08 4.27116246104
1.8 5.18290374278e-08 3.86470480918
1.9 5.72857258602e-08 3.49693224459
2 4.9366479092e-08 3.16416028643
2.1 2.12292715897e-08 2.86304823564
2.2 2.19111764891e-08 2.5905937855
2.3 2.08890297975e-08 2.34406658337
2.4 1.57811737267e-08 2.12099920273
2.5 1.19629402981e-08 1.91915948051
2.6 1.13452889723e-08 1.73652748671
2.7 9.48793105875e-09 1.57127512436
2.8 8.00856077351e-09 1.42174870279
2.9 6.80129354511e-09 1.28645186837
3 6.39038388081e-09 1.16403001942
3.1 6.00146610049e-09 1.053258088
3.2 5.54141945926e-09 0.953027609827
3.3 5.243790553e-09 0.862335149113
3.4 5.0362730151e-09 0.780273310339
3.5 4.87857342834e-09 0.706020642842
3.6 4.76844628379e-09 0.638833990526
3.7 4.69842866311e-09 0.578041074632
3.8 4.66751097937e-09 0.523033241714
3.9 4.67001350434e-09 0.473260144787
4 4.70081390515e-09 0.428223256557
4.1 4.75860356687e-09 0.387472017584
4.2 4.8422878782e-09 0.350599133132
4.3 4.95034591631e-09 0.317235162494
4.4 5.0828512479e-09 0.28704629451
4.5 5.23893042468e-09 0.259730234005
4.6 5.41855788976e-09 0.235013609153
4.7 5.62194131962e-09 0.212649071743
4.8 5.8495286782e-09 0.192412846292
4.9 6.10197791964e-09 0.174102350098
5 6.38013466958e-09 0.157534307016
5.1 6.68500909477e-09 0.142542917933
5.2 7.01778507192e-09 0.128978090868
5.3 7.37981545939e-09 0.116704087605
5.4 7.77262062896e-09 0.105598227248
5.5 8.1978747232e-09 0.0955492059639
5.6 8.65742944695e-09 0.0864565036064
5.7 9.15330190193e-09 0.0782290794167
5.8 9.68768392358e-09 0.0707845652571
5.9 1.02629542247e-08 0.0640485277211
6 1.08816808301e-08 0.0579534731528
6.1 1.15466353842e-08 0.052438463846
6.2 1.22608006583e-08 0.0474482900391
6.3 1.30273832364e-08 0.0429329809456
6.4 1.38498276518e-08 0.0388473747073
6.5 1.47318295501e-08 0.0351505407829
6.6 1.56773520871e-08 0.0318055180114
6.7 1.66906429094e-08 0.0287788198644
6.8 1.77762523044e-08 0.0260401421052
6.9 1.89390529089e-08 0.0235621007836
7 2.01842615658e-08 0.0213198658914
7.1 2.15174611422e-08 0.0192910118995
7.2 2.29446263242e-08 0.017455226592
7.3 2.44721493142e-08 0.0157941327916
7.4 2.61068676127e-08 0.0142911246858
7.5 2.78560958906e-08 0.012931141015
7.6 2.97276560799e-08 0.0117005803212
7.7 3.17299142044e-08 0.0105871226444
7.8 3.38718164513e-08 0.00957962054425
7.9 3.6162928133e-08 0.00866800021716
8 3.86134787798e-08 0.00784312751722
8.1 4.12344040194e-08 0.00709675450191
8.2 4.40373973177e-08 0.00642140912411
8.3 4.70349604407e-08 0.00581032936507
8.4 5.02404578243e-08 0.00525740407622
8.5 5.36681803593e-08 0.00475709430121
8.6 5.73334028379e-08 0.00430439595144
8.7 6.12524618566e-08 0.00389476881049
8.8 6.54428188669e-08 0.00352411194698
8.9 6.99231279925e-08 0.00318873628355
9 7.47133460786e-08 0.00288529848996
9.1 7.98348280504e-08 0.00261074907456
9.2 8.53103520561e-08 0.0023623298312
9.3 9.11642557527e-08 0.00213753751548
9.4 9.74226624073e-08 0.00193414878543
9.5 1.04113412744e-07 0.00175011943938
9.6 1.11266210057e-07 0.00158357446203
9.7 1.18912947733e-07 0.00143287111217
9.8 1.27087676511e-07 0.00129651617629
9.9 1.35826691224e-07 0.00117313149781
10 1.45168878059e-07 0.00106148388062
10.1 1.55155885852e-07 0.000960473252342
10.2 1.6583207701e-07 0.000869077537851
10.3 1.77245036082e-07 0.000786356110699
10.4 1.89445172624e-07 0.000711534322228
10.5 2.02487189851e-07 0.000643827882524
10.6 2.16428866247e-07 0.000582555294448
10.7 2.31332708304e-07 0.000527119426255
10.8 2.47265111789e-07 0.000476964058831
10.9 2.64296412415e-07 0.000431576510733
11 2.8250166031e-07 0.000390493777813
11.1 3.01963740454e-07 0.000353302290042
11.2 3.22769090755e-07 0.000319638245192
11.3 3.45008628968e-07 0.000289187536605
11.4 3.68780067306e-07 0.00026166313268
11.5 3.94192585008e-07 0.000236752301074
11.6 4.21358681268e-07 0.00021420862851
11.7 4.50396742874e-07 0.00019382301972
11.8 4.81435290753e-07 0.000175396105963
11.9 5.14616638582e-07 0.000158715688865
12 5.50087167861e-07 0.000143616696706
12.1 5.88001131521e-07 0.000129957734351
12.2 6.28499177347e-07 0.00011755392733
12.3 6.71847392506e-07 0.000106401815764
12.4 7.18165188114e-07 9.62797267939e-05
12.5 7.67668016102e-07 8.71205227727e-05
12.6 8.20606431543e-07 7.88411239666e-05
12.7 8.77232359094e-07 7.13578286459e-05
12.8 9.3778159724e-07 6.45942587794e-05
12.9 1.00248994447e-06 5.84740363361e-05
13 1.07160839668e-06 5.29245916943e-05
13.1 1.14553838697e-06 4.79110541527e-05
13.2 1.22462149123e-06 4.33835530493e-05
13.3 1.30916956272e-06 3.92847693604e-05
13.4 1.39949445472e-06 3.55573840621e-05
13.5 1.49597422414e-06 3.21578147526e-05
13.6 1.59919305563e-06 2.90852485586e-05
13.7 1.70959448541e-06 2.63096894069e-05
13.8 1.82760702121e-06 2.37980229588e-05
13.9 1.95365917079e-06 2.15171348753e-05
14 2.09379118252e-06 1.92531276281e-05
14.1 2.234663446e-06 1.75043202501e-05
14.2 2.38719689283e-06 1.58794784899e-05
14.3 2.55139152302e-06 1.43786023475e-05
14.4 2.72730040496e-06 1.30013993494e-05
14.5 2.91690519092e-06 1.17369480972e-05
14.6 3.12121075764e-06 1.05797104553e-05
14.7 3.34021710511e-06 9.52968642371e-06
14.8 3.57392423335e-06 8.58687600246e-06
14.9 3.82233214234e-06 7.75127919154e-06
15 4.08610185905e-06 7.01828502746e-06
15.1 4.37040129043e-06 6.35184501065e-06
15.2 4.67632887003e-06 5.74429706789e-06
15.3 5.00388459785e-06 5.1956411992e-06
15.4 5.35306847388e-06 4.70587740456e-06
15.5 5.72388049814e-06 4.27500568399e-06
15.6 6.11874487272e-06 3.89577715332e-06
15.7 6.54501062641e-06 3.54621664056e-06
15.8 7.00318165303e-06 3.22481739514e-06
15.9 7.49325795257e-06 2.93157941705e-06
16 8.01523952504e-06 2.6665027063e-06
16.1 8.56912637043e-06 2.42958726289e-06
16.2 9.16153407934e-06 2.21529341261e-06
16.3 9.80089213077e-06 2.01656259178e-06
16.4 1.04872305866e-05 1.83336962757e-06
16.5 1.1220549447e-05 1.66571451998e-06
16.6 1.20008487117e-05 1.51359726899e-06
16.7 1.28285156719e-05 1.37691468781e-06
16.8 1.37180172174e-05 1.25181233079e-06
16.9 1.46766902345e-05 1.13633541493e-06
17 1.57045347232e-05 1.03048394024e-06
17.1 1.68015506836e-05 9.3425790672e-07
17.2 1.79677381156e-05 8.47657314366e-07
17.3 1.92062142475e-05 7.70312249043e-07
17.4 2.05413546188e-05 6.99330122923e-07
17.5 2.19783411335e-05 6.3409601164e-07
17.6 2.35171737916e-05 5.74609915194e-07
17.7 2.51578525933e-05 5.20871833584e-07
17.8 2.69003775385e-05 4.72881766811e-07
17.9 2.87560949557e-05 4.30048416223e-07
18 3.07594085615e-05 3.90578878403e-07
18.1 3.29126781069e-05 3.54350178099e-07
18.2 3.52159035921e-05 3.2136231531e-07
18.3 3.76690850169e-05 2.91615290037e-07
18.4 4.02722223814e-05 2.65109102278e-07
18.5 4.30563935351e-05 2.41220003009e-07
18.6 4.60612149603e-05 2.19152868281e-07
18.7 4.92868284519e-05 1.98904852196e-07
18.8 5.273323401e-05 1.80475954754e-07
18.9 5.64004316345e-05 1.63866175954e-07
19 5.9769676357e-05 1.52920517232e-07
19.1 6.41833492338e-05 1.37689085285e-07
19.2 6.8839338443e-05 1.24117231477e-07
19.3 7.37557824968e-05 1.12070510927e-07
19.4 7.89508199072e-05 1.01414478755e-07
19.5 8.44425891864e-05 9.20146900826e-08
19.6 9.02549216659e-05 8.37362989894e-08
19.7 9.645532501e-05 7.64413827109e-08
19.8 0.000103084664703 6.99938953313e-08
19.9 0.000110175066135 6.42584066437e-08
20 0.000117758654693 5.90994864416e-08
