"Time" "Prey" "Predator"
0 1.01065240122 1.00376363217
0.1 0.945072328488 1.00150603999
0.2 0.884388227866 0.992960726902
0.3 0.828862880048 0.978783164215
0.4 0.778555113832 0.959715618375
0.5 0.73336900511 0.936538813706
0.6 0.693103419496 0.910027096459
0.7 0.657487140474 0.88091954542
0.8 0.626210158843 0.849898393873
0.9 0.598948724653 0.817575366984
1 0.575381130222 0.784487210318
1.1 0.555198752379 0.751095191928
1.2 0.538113926422 0.717787400036
1.3 0.523863774206 0.684884197745
1.4 0.512211695751 0.652644784872
1.5 0.502948313164 0.621273806367
1.6 0.495889300036 0.590929115729
1.7 0.490874687506 0.561727988646
1.8 0.487766889616 0.533753597277
1.9 0.486448633348 0.507060584524
2 0.486821163687 0.48168003854
2.1 0.488802334565 0.457624044546
2.2 0.492324870675 0.434889325411
2.3 0.497334838232 0.413460455654
2.4 0.503790016004 0.393313250539
2.5 0.511658856163 0.374416183888
2.6 0.520919200823 0.356732265359
2.7 0.531557234764 0.340221992223
2.8 0.543566634275 0.324843390068
2.9 0.556947569508 0.310553953297
3 0.571706044159 0.297311041715
3.1 0.587853079913 0.285073011146
3.2 0.605404090665 0.273799603664
3.3 0.624378140599 0.263452672966
3.4 0.6447973283 0.253996483818
3.5 0.666686009239 0.24539823187
3.6 0.69007008975 0.237628325952
3.7 0.714976215081 0.230660736125
3.8 0.741431130149 0.224473034702
3.9 0.769460235647 0.219047204248
4 0.799086858818 0.214369616576
4.1 0.830331058272 0.210431299992
4.2 0.863207608611 0.20722869629
4.3 0.897725120165 0.20476363868
4.4 0.933883529081 0.20304413283
4.5 0.971671864324 0.202084943793
4.6 1.01106631061 0.201907974844
4.7 1.05202603516 0.202543401518
4.8 1.09449069046 0.204030253176
4.9 1.13837629616 0.206417410136
5 1.18356960327 0.209764953231
5.1 1.22992451034 0.214145050212
5.2 1.27725492761 0.219643374799
5.3 1.32532847296 0.226360503396
5.4 1.37386012043 0.234413284539
5.5 1.42250380405 0.24393556492
5.6 1.47084443948 0.255079581263
5.7 1.51839169491 0.268015493676
5.8 1.56457148611 0.282931801292
5.9 1.60872293535 0.300031737673
6 1.65009313242 0.319530789466
6.1 1.68784120642 0.341648932224
6.2 1.72104794577 0.366599273571
6.3 1.74873152181 0.394574039675
6.4 1.76987182075 0.425725699611
6.5 1.78345653507 0.460138829154
6.6 1.788528406 0.497802049
6.7 1.78425606395 0.538573250202
6.8 1.77000357327 0.582147934694
6.9 1.74541363082 0.628027637981
7 1.71047176963 0.675507047978
7.1 1.66555462246 0.72367827625
7.2 1.61145667684 0.771448469603
7.3 1.54936260246 0.817598693121
7.4 1.48078819546 0.860854702718
7.5 1.40748011329 0.899977373606
7.6 1.33129135802 0.933857088553
7.7 1.25405455533 0.961592715129
7.8 1.17746408745 0.982552665421
7.9 1.10298574987 0.996404357361
8 1.0318038238 1.00311074887
8.1 0.964800989203 1.00290309715
8.2 0.902567699968 0.99623379502
8.3 0.845435377743 0.983718385046
8.4 0.793520059693 0.966077851845
8.5 0.746769645159 0.944085586337
8.6 0.705011267567 0.918521651632
8.7 0.667991701411 0.890138743341
8.8 0.635410326808 0.859638280032
8.9 0.606945212799 0.827654998516
9 0.582272151 0.794749357238
9.1 0.56107768062 0.761405393269
9.2 0.543066913792 0.728033728454
9.3 0.527969305632 0.694974689745
9.4 0.515539896006 0.662505825079
9.5 0.505560928553 0.630847729022
9.6 0.497840429719 0.600171988976
9.7 0.492211080424 0.570607717403
9.8 0.48852868745 0.542247834051
9.9 0.486669860674 0.515155251335
10 0.486530388641 0.489367808112
10.1 0.488023213199 0.464902994613
10.2 0.491076668125 0.441761900786
10.3 0.495632885614 0.419932634133
10.4 0.501646066919 0.399393182801
10.5 0.509081618537 0.380114019497
10.6 0.517914576594 0.36205987617
10.7 0.52812866444 0.345191926642
10.8 0.539715329697 0.329468731994
10.9 0.552672801677 0.314847904661
11 0.567005395506 0.301286672221
11.1 0.582722639693 0.288743060485
11.2 0.59983868929 0.277176277543
11.3 0.618371539397 0.266547500325
11.4 0.638342435182 0.256820192402
11.5 0.659775105567 0.247960612266
11.6 0.682695091434 0.239938115096
11.7 0.707128888565 0.232725548546
11.8 0.733103195771 0.226299469994
11.9 0.760644144377 0.22064026788
12 0.789775693743 0.215733022059
12.1 0.820519007353 0.211567331744
12.2 0.85289087145 0.208137803125
12.3 0.886901726307 0.205444689664
12.4 0.922554600639 0.20349395604
12.5 0.959842137888 0.202298206398
12.6 0.998744530818 0.201877157062
12.7 1.0392269934 0.202258217444
12.8 1.08123525802 0.203477672896
12.9 1.12469307127 0.205581269187
13 1.1694971291 0.208625417552
13.1 1.21551154042 0.212678496982
13.2 1.26256357442 0.217821886222
13.3 1.31043586459 0.224151357837
13.4 1.35886014802 0.231778534624
13.5 1.40751012064 0.240832173464
13.6 1.45599318279 0.251458489004
13.7 1.50384232129 0.263822511828
13.8 1.55051083712 0.278106594489
13.9 1.59536375817 0.294510566313
14 1.63767827955 0.313245862288
14.1 1.67663938938 0.334532297296
14.2 1.71134936507 0.358587240764
14.3 1.74084378752 0.385610855689
14.4 1.764112704 0.415769507716
14.5 1.7801337468 0.449172848219
14.6 1.78792805185 0.485841952293
14.7 1.78661639594 0.525678970997
14.8 1.77549607656 0.568431922174
14.9 1.75411458476 0.613665338329
15 1.7223442368 0.660739816511
15.1 1.6804387275 0.708806735091
15.2 1.62906279832 0.756826701539
15.3 1.56928687779 0.803612070119
15.4 1.50253323571 0.847896759944
15.5 1.43048971219 0.888420654924
15.6 1.35499154185 0.924024185108
15.7 1.27788790247 0.953736676698
15.8 1.20092805794 0.9768374003
15.9 1.12565713111 0.992899281351
16 1.0533495042 1.00179685885
16.1 0.984981219848 1.00368265649
16.2 0.921230101219 0.998946886171
16.3 0.862503403334 0.988161011684
16.4 0.808977934935 0.972020011871
16.5 0.760648385095 0.951286227402
16.6 0.717374526083 0.926741764577
16.7 0.678923846088 0.899150874559
16.8 0.645007274098 0.869232701599
16.9 0.615307196781 0.8376434873
17 0.589498535933 0.804967234924
17.1 0.567263375664 0.771711550489
17.2 0.548300500932 0.738309146875
17.3 0.532331350745 0.705121549607
17.4 0.519103216341 0.672444684797
17.5 0.50838989975 0.640516085676
17.6 0.499991510008 0.609521794244
17.7 0.493733434218 0.579603183637
17.8 0.489464470622 0.550863766392
17.9 0.487055076845 0.523375093841
18 0.48639536832 0.497182214176
18.1 0.487392999008 0.472308584446
18.2 0.489971817001 0.448759862225
18.3 0.494069805547 0.426527826229
18.4 0.499637690049 0.405593304244
18.5 0.506637541579 0.385928840531
18.6 0.515041539303 0.367500761912
18.7 0.524830837455 0.350271171597
18.8 0.535994587911 0.334199299224
18.9 0.548529023042 0.319242935107
19 0.562436653668 0.305359336394
19.1 0.57772548017 0.29250619881
19.2 0.594408256265 0.28064238874
19.3 0.612501872228 0.269728394636
19.4 0.632026720145 0.259726735992
19.5 0.653005735152 0.250602970975
19.6 0.675464074318 0.242325341178
19.7 0.699428016184 0.234865600417
19.8 0.724924311078 0.228199122848
19.9 0.751979340979 0.222305108999
20 0.780617802342 0.217167229691
