"Time" "Prey" "Predator"
0 0.000559399203202 4.31836557153
0.1 0.000345951269423 3.90759520549
0.2 0.000225284738562 3.5358382091
0.3 0.000153783797181 3.1994193357
0.4 0.0001093970161 2.89499111874
0.5 8.09454615999e-05 2.61951972332
0.6 6.20637760425e-05 2.370255904
0.7 4.90994515102e-05 2.14470774158
0.8 3.99853005504e-05 1.9406190384
0.9 3.3462727268e-05 1.75594985847
1 2.88660427846e-05 1.58885726284
1.1 2.5301935015e-05 1.43766292555
1.2 2.24001361425e-05 1.30085313789
1.3 2.03493727398e-05 1.17706357349
1.4 1.87439162796e-05 1.06505342841
1.5 1.74974870691e-05 0.963701989307
1.6 1.65485357098e-05 0.871995134261
1.7 1.58387224792e-05 0.78901519603
1.8 1.53180902396e-05 0.713931634534
1.9 1.49557920937e-05 0.645993095753
2 1.47287971932e-05 0.584519885773
2.1 1.46188717544e-05 0.528896356657
2.2 1.46127846346e-05 0.478566119504
2.3 1.4699985485e-05 0.433025223354
2.4 1.48734323601e-05 0.39181814457
2.5 1.51277598729e-05 0.354532343113
2.6 1.54593936567e-05 0.320794703261
2.7 1.58660628174e-05 0.290267612477
2.8 1.63466015622e-05 0.262645462388
2.9 1.69008308885e-05 0.237651939767
3 1.75293344811e-05 0.215036763467
3.1 1.82334577282e-05 0.194573731986
3.2 1.90151479161e-05 0.176057831094
3.3 1.98769431072e-05 0.159303724092
3.4 2.08220646965e-05 0.144144190674
3.5 2.18541172661e-05 0.130427286776
3.6 2.29772999997e-05 0.118015779988
3.7 2.41962886808e-05 0.10678537068
3.8 2.55162802297e-05 0.0966236470292
3.9 2.69429962344e-05 0.0874288909007
4 2.84826965337e-05 0.0791091338127
4.1 3.01421895063e-05 0.0715811242182
4.2 3.19288530693e-05 0.064769489412
4.3 3.38506640628e-05 0.0586060443118
4.4 3.59162262811e-05 0.0530291139533
4.5 3.81348038267e-05 0.0479828811966
4.6 4.05163578783e-05 0.0434168277147
4.7 4.30715901938e-05 0.0392853322459
4.8 4.58119824015e-05 0.0355469975765
4.9 4.87498477511e-05 0.0321644086109
5 5.18983842878e-05 0.0291037099537
5.1 5.52717316777e-05 0.0263342514396
5.2 5.88850313962e-05 0.0238283514312
5.3 6.27544952883e-05 0.0215609058551
5.4 6.68974736916e-05 0.0195092347639
5.5 7.13325337161e-05 0.0176528122868
5.6 7.60795413498e-05 0.0159730411512
5.7 8.11597456413e-05 0.0144531212883
5.8 8.65958795088e-05 0.0130778284606
5.9 9.241225186e-05 0.0118334039439
6 9.8634867756e-05 0.0107074134908
6.1 0.000105291527335 0.0096885638029
6.2 0.000112411961429 0.00876667000406
6.3 0.000120027969313 0.00793248795874
6.4 0.000128173538044 0.00717768099515
6.5 0.000136884997889 0.00649472554051
6.6 0.000146201239492 0.00587677645965
6.7 0.000156163784909 0.00531763608655
6.8 0.000166817002958 0.00481168762357
6.9 0.000178208446571 0.00435390153174
7 0.000190388839902 0.003939675417
7.1 0.000203412387904 0.00356483077626
7.2 0.000217337201415 0.00322566504034
7.3 0.000232225245349 0.00291877409072
7.4 0.000248142753334 0.00264107068371
7.5 0.000265160713404 0.00238980740547
7.6 0.000283354812131 0.00216245449932
7.7 0.000302805975071 0.00195672197846
7.8 0.000323600913888 0.00177057630992
7.9 0.000345832072312 0.00160214149935
8 0.000369598382413 0.00144972899764
8.1 0.000395005833203 0.00131183727306
8.2 0.000422167311333 0.00118707108077
8.3 0.000451203282531 0.00107414917674
8.4 0.000482243325319 0.000971969267069
8.5 0.000515425615067 0.000879518438958
8.6 0.000550897404115 0.00079585866297
8.7 0.000588816388968 0.000720149162602
8.8 0.00062935177851 0.00065165245015
8.9 0.000672683646005 0.000589678322195
9 0.000719004166978 0.000533593484595
9.1 0.000768519977656 0.000482848673597
9.2 0.000821451430906 0.000436938284201
9.3 0.000878033356014 0.000395392693599
9.4 0.000938517236783 0.000357792077116
9.5 0.00100317292868 0.000323772078508
9.6 0.00107228760059 0.000292990219394
9.7 0.00114617037552 0.00026512384177
9.8 0.00122514318559 0.00023992619068
9.9 0.00130956432092 0.000217122872159
10 0.00139980669345 0.000196487267419
10.1 0.00149627325804 0.000177814613135
10.2 0.00159939789782 0.00016092403878
10.3 0.00170963807767 0.000145641661541
10.4 0.00182747827339 0.000131808477129
10.5 0.00195343396389 0.000119280834558
10.6 0.00208808569391 0.000107934139278
10.7 0.00223203627858 9.76582006601e-05
10.8 0.00238591576012 8.83577708641e-05
10.9 0.00255038703338 7.99531564155e-05
11 0.00272618548796 7.23605056589e-05
11.1 0.00291412833323 6.54871718113e-05
11.2 0.00311504377853 5.92669289167e-05
11.3 0.00332980391281 5.3643622076e-05
11.4 0.00355933523728 4.85684987978e-05
11.5 0.00380470912378 4.3977714064e-05
11.6 0.00406702883165 3.9820426659e-05
11.7 0.00434744202623 3.60556861037e-05
11.8 0.00464715589589 3.26486733914e-05
11.9 0.00496750987465 2.95649860171e-05
12 0.00530999450093 2.67691559472e-05
12.1 0.00567611912336 2.42350460738e-05
12.2 0.00606747299429 2.19410491275e-05
12.3 0.00648574416204 1.9868857397e-05
12.4 0.0069328846322 1.79927565342e-05
12.5 0.00741090511024 1.62929308827e-05
12.6 0.00792189676225 1.47540528896e-05
12.7 0.00846805916537 1.33634712849e-05
12.8 0.00905183039205 1.21073775976e-05
12.9 0.00967592912226 1.09695651428e-05
13 0.0103431064331 9.93874358934e-06
13.1 0.0110562588888 9.00520628473e-06
13.2 0.0118184604359 8.16053984097e-06
13.3 0.0126332655553 7.39505827284e-06
13.4 0.0135043421556 6.70091016906e-06
13.5 0.0144355019685 6.07182142253e-06
13.6 0.0154307545454 5.50263820899e-06
13.7 0.0164945346156 4.9879192295e-06
13.8 0.0176318009491 4.52132357215e-06
13.9 0.0188475686312 4.09850677499e-06
14 0.0201471173947 3.71583087468e-06
14.1 0.0215360370994 3.37020773051e-06
14.2 0.0230207156419 3.05749758519e-06
14.3 0.0246078317625 2.77417379664e-06
14.4 0.0263043593571 2.51730868654e-06
14.5 0.0281177524281 2.28430687663e-06
14.6 0.0300562972154 2.07292369758e-06
14.7 0.0321285847092 1.8812376128e-06
14.8 0.0343436499706 1.70765750192e-06
14.9 0.0367113047067 1.55060754201e-06
15 0.0392423717896 1.40828408234e-06
15.1 0.0419480069613 1.27935883121e-06
15.2 0.0448399747345 1.16269641244e-06
15.3 0.0479312978311 1.05708657328e-06
15.4 0.0512359615626 9.61364639202e-07
15.5 0.0547684843937 8.74586494551e-07
15.6 0.0585442278986 7.95921903118e-07
15.7 0.0625802520163 7.24581454633e-07
15.8 0.0668946125728 6.59876568411e-07
15.9 0.0715063060598 6.01222453092e-07
16 0.0764360315127 5.48035346247e-07
16.1 0.0817057564301 4.9979582935e-07
16.2 0.0873385986044 4.5606777393e-07
16.3 0.0933598103871 4.16416571263e-07
16.4 0.0997963037914 3.80444269381e-07
16.5 0.106676334216 3.47813595134e-07
16.6 0.114030678414 3.18206470946e-07
16.7 0.121892268882 2.91333778247e-07
16.8 0.130295640734 2.66950147928e-07
16.9 0.139278293355 2.44822172046e-07
17 0.148880522652 2.24732163292e-07
17.1 0.159144536343 2.0649798353e-07
17.2 0.170115856559 1.89949819151e-07
17.3 0.18184368667 1.74924998153e-07
17.4 0.194379899315 1.61283563424e-07
17.5 0.207780573747 1.48896791698e-07
17.6 0.222105072461 1.37651733196e-07
17.7 0.237416961376 1.27445769266e-07
17.8 0.253784707288 1.18182572301e-07
17.9 0.271280551534 1.09779275111e-07
18 0.289982778348 1.02157786727e-07
18.1 0.309974348061 9.52492874508e-08
18.2 0.331343903962 8.89922498152e-08
18.3 0.354187053885 8.33295601439e-08
18.4 0.378604625873 7.82122267581e-08
18.5 0.404705812891 7.35945754649e-08
18.6 0.432606486991 6.94365914552e-08
18.7 0.462430250441 6.57031970988e-08
18.8 0.494310607343 6.23622604111e-08
18.9 0.528388261903 5.93869081295e-08
19 0.564815124311 5.67532917191e-08
19.1 0.603753176786 5.44411422156e-08
19.2 0.645375809251 5.24338772386e-08
19.3 0.68986782359 5.07184593937e-08
19.4 0.737427129072 4.92854808717e-08
19.5 0.788265178924 4.81291253607e-08
19.6 0.842607901758 4.72477150533e-08
19.7 0.9006971556 4.66439113594e-08
19.8 0.962790812835 4.63252941086e-08
19.9 1.02916554213 4.63054998643e-08
20 1.10011546005 4.66042751153e-08
