"Time" "Prey" "Predator"
0 17.3851704236 34.6543564773
0.1 0.0581180174503 43.4875216021
0.2 0.000248160061065 39.389573788
0.3 1.7812324091e-06 35.6413329785
0.4 -1.24086212429e-07 32.2496233065
0.5 -9.73243275885e-08 29.18067182
0.6 -9.73243275885e-08 26.4037719418
0.7 -9.73243275885e-08 23.8911240882
0.8 -9.73243275885e-08 21.6175677469
0.9 -9.73243275885e-08 19.5603773885
1 -9.73243275885e-08 17.6989580131
1.1 -9.73243275885e-08 16.0146761659
1.2 -9.73243275885e-08 14.4906691427
1.3 -9.73243275885e-08 13.1116945636
1.4 -9.73243275885e-08 11.8639780484
1.5 -9.73243275885e-08 10.7349742191
1.6 -9.73243275885e-08 9.71339973634
1.7 -9.73243275885e-08 8.78905169479
1.8 -9.73243275885e-08 7.95266314199
1.9 -9.73243275885e-08 7.19586707414
2 -9.73243275885e-08 6.51109014209
2.1 -9.73243275885e-08 5.89147836974
2.2 -9.73243275885e-08 5.3308303448
2.3 -9.73243275885e-08 4.82353600309
2.4 -9.73243275885e-08 4.36451637345
2.5 -9.73243275885e-08 3.94917839571
2.6 -9.73243275885e-08 3.57336505274
2.7 -9.73243275885e-08 3.23331474292
2.8 -9.73243275885e-08 2.92562473169
2.9 -9.73243275885e-08 2.64721517895
3 -9.73243275885e-08 2.39529960633
3.1 -9.73243275885e-08 2.1673571519
3.2 -9.73243275885e-08 1.96110601831
3.3 -9.73243275885e-08 1.77448217448
3.4 -9.73243275885e-08 1.60561693577
3.5 -9.73243275885e-08 1.45282180672
3.6 -9.73243275885e-08 1.31456731035
3.7 -9.73243275885e-08 1.18946975617
3.8 -9.73243275885e-08 1.07627674028
3.9 -9.73243275885e-08 0.973855440829
4 -9.73243275885e-08 0.881180745334
4.1 -9.73243275885e-08 0.79732532153
4.2 -9.73243275885e-08 0.721449789564
4.3 -9.73243275885e-08 0.652794719047
4.4 -9.73243275885e-08 0.590673028667
4.5 -9.73243275885e-08 0.534462713132
4.6 -9.73243275885e-08 0.483601500257
4.7 -9.73243275885e-08 0.437580715032
4.8 -9.73243275885e-08 0.395939243213
4.9 -9.73243275885e-08 0.358260685622
5 -9.73243275885e-08 0.324167634956
5.1 -9.73243275885e-08 0.293318911491
5.2 -9.73243275885e-08 0.265405936038
5.3 -9.73243275885e-08 0.240149077084
5.4 -9.73243275885e-08 0.217295877867
5.5 -9.73243275885e-08 0.196617435485
5.6 -9.73243275885e-08 0.177906785364
5.7 -9.73243275885e-08 0.160976737597
5.8 -9.73243275885e-08 0.145657701112
5.9 -9.73243275885e-08 0.131796536328
6 -9.73243275885e-08 0.119254408622
6.1 -9.73243275885e-08 0.107905813035
6.2 -9.73243275885e-08 0.0976372368576
6.3 -9.73243275885e-08 0.0883457987651
6.4 -9.73243275885e-08 0.0799385914375
6.5 -9.73243275885e-08 0.0723314091875
6.6 -9.73243275885e-08 0.0654481366638
6.7 -9.73243275885e-08 0.0592199306035
6.8 -9.73243275885e-08 0.05358438913
6.9 -9.73243275885e-08 0.0484851654568
7 -9.73243275885e-08 0.0438711857183
7.1 -9.73243275885e-08 0.0396962777546
7.2 -9.73243275885e-08 0.0359186805702
7.3 -9.73243275885e-08 0.032500549731
7.4 -9.73243275885e-08 0.0294077147665
7.5 -9.73243275885e-08 0.0266091973857
7.6 -9.73243275885e-08 0.0240769911187
7.7 -9.73243275885e-08 0.0217857654052
7.8 -9.73243275885e-08 0.0197125667266
7.9 -9.73243275885e-08 0.0178366685564
8 -9.73243275885e-08 0.0161392817869
8.1 -9.73243275885e-08 0.0146034210588
8.2 -9.73243275885e-08 0.013213723916
8.3 -9.73243275885e-08 0.0119562673762
8.4 -9.73243275885e-08 0.0108184772701
8.5 -9.73243275885e-08 0.00978896236186
8.6 -9.73243275885e-08 0.00885741611926
8.7 -9.73243275885e-08 0.00801451523355
8.8 -9.73243275885e-08 0.00725181022546
8.9 -9.73243275885e-08 0.0065616952431
9 -9.73243275885e-08 0.00593728097353
9.1 -9.73243275885e-08 0.00537230198639
9.2 -9.73243275885e-08 0.00486108245748
9.3 -9.73243275885e-08 0.0043985081914
9.4 -9.73243275885e-08 0.00397996974558
9.5 -9.73243275885e-08 0.00360124023469
9.6 -9.73243275885e-08 0.00325853293571
9.7 -9.73243275885e-08 0.00294844986252
9.8 -9.73243275885e-08 0.00266786597012
9.9 -9.73243275885e-08 0.0024139809392
10 -9.73243275885e-08 0.00218427030411
10.1 -9.73243275885e-08 0.00197641084858
10.2 -9.73243275885e-08 0.00178832876853
10.3 -9.73243275885e-08 0.00161815388766
10.4 -9.73243275885e-08 0.00146416535062
10.5 -9.73243275885e-08 0.00132483638707
10.6 -9.73243275885e-08 0.00119878199227
10.7 -9.73243275885e-08 0.00108471937633
10.8 -9.73243275885e-08 0.000981485457546
10.9 -9.73243275885e-08 0.000888081141284
11 -9.73243275885e-08 0.000803569891711
11.1 -9.73243275885e-08 0.00072709029078
11.2 -9.73243275885e-08 0.000657887432781
11.3 -9.73243275885e-08 0.000595278824541
11.4 -9.73243275885e-08 0.000538630100142
11.5 -9.73243275885e-08 0.000487365586582
11.6 -9.73243275885e-08 0.000440986501973
11.7 -9.73243275885e-08 0.000399025330042
11.8 -9.73243275885e-08 0.000361050397547
11.9 -9.73243275885e-08 0.0003266867689
12 -9.73243275885e-08 0.000295596503685
12.1 -9.73243275885e-08 0.000267465067676
12.2 -9.73243275885e-08 0.000242002327494
12.3 -9.73243275885e-08 0.000218974844948
12.4 -9.73243275885e-08 0.00019813761705
12.5 -9.73243275885e-08 0.000179281010251
12.6 -9.73243275885e-08 0.000162222025708
12.7 -9.73243275885e-08 0.000146791030456
12.8 -9.73243275885e-08 0.000132828369793
12.9 -9.73243275885e-08 0.000120188475164
13 -9.73243275885e-08 0.000108741164501
13.1 -9.73243275885e-08 9.83738070693e-05
13.2 -9.73243275885e-08 8.89866117631e-05
13.3 -9.73243275885e-08 8.04943428241e-05
13.4 -9.73243275885e-08 7.28253116157e-05
13.5 -9.73243275885e-08 6.58913033509e-05
13.6 -9.73243275885e-08 5.96150041312e-05
13.7 -9.73243275885e-08 5.3937003239e-05
13.8 -9.73243275885e-08 4.88073020326e-05
13.9 -9.73243275885e-08 4.41773397731e-05
14 -9.73243275885e-08 3.99867180234e-05
14.1 -9.73243275885e-08 3.6192094514e-05
14.2 -9.73243275885e-08 3.27566617298e-05
14.3 -9.73243275885e-08 2.95910854616e-05
14.4 -9.73243275885e-08 2.6814774194e-05
14.5 -9.73243275885e-08 2.42787655398e-05
14.6 -9.73243275885e-08 2.19714846375e-05
14.7 -9.73243275885e-08 1.98813566256e-05
14.8 -9.73243275885e-08 1.79935115109e-05
14.9 -9.73243275885e-08 1.62861875919e-05
15 -9.73243275885e-08 1.47435140843e-05
15.1 -9.73243275885e-08 1.33499615297e-05
15.2 -9.73243275885e-08 1.20900004698e-05
15.3 -9.73243275885e-08 1.09483984446e-05
15.4 -9.73243275885e-08 9.91727907577e-06
15.5 -9.73243275885e-08 8.98706816486e-06
15.6 -9.73243275885e-08 8.14571650254e-06
15.7 -9.73243275885e-08 7.38117487946e-06
15.8 -9.73243275885e-08 6.68139408629e-06
15.9 -9.73243275885e-08 6.03935298344e-06
16 -9.73243275885e-08 5.45854654942e-06
16.1 -9.73243275885e-08 4.9334807604e-06
16.2 -9.73243275885e-08 4.45814076079e-06
16.3 -9.73243275885e-08 4.026511695e-06
16.4 -9.73243275885e-08 3.54857165502e-06
16.5 -9.73243275885e-08 3.23183428532e-06
16.6 -9.73243275885e-08 2.93605857735e-06
16.7 -9.73243275885e-08 2.66124453111e-06
16.8 -9.73243275885e-08 2.4073921466e-06
16.9 -9.73243275885e-08 2.17450142382e-06
17 -9.73243275885e-08 1.96170648906e-06
17.1 -9.73243275885e-08 1.76685819207e-06
17.2 -9.73243275885e-08 1.58985562374e-06
17.3 -9.73243275885e-08 1.43069878406e-06
17.4 -9.73243275885e-08 1.28938767302e-06
17.5 -9.73243275885e-08 1.16592229065e-06
17.6 -9.73243275885e-08 1.05610427793e-06
17.7 -9.73243275885e-08 9.55659294482e-07
17.8 -9.73243275885e-08 8.64587254558e-07
17.9 -9.73243275885e-08 7.82888158156e-07
18 -9.73243275885e-08 7.10562005276e-07
18.1 -9.73243275885e-08 6.47458628881e-07
18.2 -9.73243275885e-08 5.90163469283e-07
18.3 -9.73243275885e-08 5.37258169459e-07
18.4 -9.73243275885e-08 4.8874272941e-07
18.5 -9.73243275885e-08 4.44617149134e-07
18.6 -9.73243275885e-08 4.04881428634e-07
18.7 -9.73243275885e-08 3.69299633311e-07
18.8 -9.73243275885e-08 3.36430371021e-07
18.9 -9.73243275885e-08 3.06029060442e-07
19 -9.73243275885e-08 2.78095701576e-07
19.1 -9.73243275885e-08 2.52630294422e-07
19.2 -9.73243275885e-08 2.2963283898e-07
19.3 -9.73243275885e-08 2.08848535775e-07
19.4 -9.73243275885e-08 1.89644957293e-07
19.5 -9.73243275885e-08 1.71992409145e-07
19.6 -9.73243275885e-08 1.55890891331e-07
19.7 -9.73243275885e-08 1.41340403852e-07
19.8 -9.73243275885e-08 1.28340946707e-07
19.9 -9.73243275885e-08 1.16581260348e-07
20 -9.73243275885e-08 1.05744452089e-07
