"Time" "Prey" "Predator"
0 0.0114966657527 0
0.1 0.0122896197279 0
0.2 0.0131372494195 0
0.3 0.01404331459 0
0.4 0.0150113615517 0
0.5 0.0160458539826 0
0.6 0.017151986632 0
0.7 0.0183346232072 0
0.8 0.0195987135689 0
0.9 0.0209500474663 0
1 0.0223949087155 0
1.1 0.0239385721571 0
1.2 0.0255891047706 0
1.3 0.0273531990201 0
1.4 0.0292388635976 0
1.5 0.031254496271 0
1.6 0.0334091081517 0
1.7 0.0357122624366 0
1.8 0.0381742271702 0
1.9 0.0408059838512 0
2 0.0436192611862 0
2.1 0.0466264362001 0
2.2 0.0498408837944 0
2.3 0.0532770287697 0
2.4 0.0569498942304 0
2.5 0.0608761352346 0
2.6 0.0650730821845 0
2.7 0.0695592569402 0
2.8 0.0743546741218 0
2.9 0.079480766832 0
3 0.0849602213023 0
3.1 0.0908172702169 0
3.2 0.097078014805 0
3.3 0.103770342916 0
3.4 0.110924081459 0
3.5 0.118571100589 0
3.6 0.126745385437 0
3.7 0.135483247546 0
3.8 0.144823418268 0
3.9 0.154807509517 0
4 0.16547999433 0
4.1 0.176888225234 0
4.2 0.189082765778 0
4.3 0.202118070796 0
4.4 0.216052116033 0
4.5 0.230946692204 0
4.6 0.246867983202 0
4.7 0.263887052674 0
4.8 0.282079481167 0
4.9 0.301525874849 0
5 0.322312923712 0
5.1 0.34453321915 0
5.2 0.368285356713 0
5.3 0.393674656349 0
5.4 0.420814493509 0
5.5 0.449825530366 0
5.6 0.480836376748 0
5.7 0.513984892603 0
5.8 0.549419003993 0
5.9 0.587296049854 0
6 0.627783842852 0
6.1 0.67106267891 0
6.2 0.717325237053 0
6.3 0.766777035393 0
6.4 0.819638180168 0
6.5 0.876143761145 0
6.6 0.936544532151 0
6.7 1.00110933546 0
6.8 1.07012542205 0
6.9 1.14389912551 0
7 1.22275878263 0
7.1 1.30705526193 0
7.2 1.39716274985 0
7.3 1.49348224551 0
7.4 1.59644231432 0
7.5 1.70649997236 0
7.6 1.82414495971 0
7.7 1.94990077343 0
7.8 2.08432563203 0
7.9 2.22801765401 0
8 2.38161628238 0
8.1 2.54580334244 0
8.2 2.72130931292 0
8.3 2.90891526453 0
8.4 3.10945399851 0
8.5 3.32381764193 0
8.6 3.55296026395 0
8.7 3.79789907741 0
8.8 4.05972362686 0
8.9 4.33959929597 0
9 4.63876854619 0
9.1 4.95856202257 0
9.2 5.30040322733 0
9.3 5.66580975201 0
9.4 6.05640669064 0
9.5 6.4739328344 0
9.6 6.92024183364 0
9.7 7.39731838373 0
9.8 7.90728639765 0
9.9 8.45241000659 0
10 9.03511307495 0
10.1 9.6579899376 0
10.2 10.3238061108 0
10.3 11.0355218004 0
10.4 11.7963059563 0
10.5 12.6095365163 0
10.6 13.4788287002 0
10.7 14.4080533431 0
10.8 15.4013364309 0
10.9 16.4630931315 0
11 17.5980516189 0
11.1 18.8112515836 0
11.2 20.1080851698 0
11.3 21.4943277484 0
11.4 22.976135063 0
11.5 24.5600924459 0
11.6 26.2532543573 0
11.7 28.0631397579 0
11.8 29.997791234 0
11.9 32.0658255706 0
12 34.2764268483 0
12.1 36.6394174219 0
12.2 39.1653223451 0
12.3 41.8653595839 0
12.4 44.7515251621 0
12.5 47.8366749363 0
12.6 51.1345111952 0
12.7 54.6596847206 0
12.8 58.4278982514 0
12.9 62.4558885954 0
13 66.7615488718 0
13.1 71.3640590328 0
13.2 76.2838624567 0
13.3 81.542812243 0
13.4 87.1643354306 0
13.5 93.1734028625 0
13.6 99.5967041189 0
13.7 106.462853629 0
13.8 113.802352403 0
13.9 121.647797028 0
14 130.034137781 0
14.1 138.99863062 0
14.2 148.581086643 0
14.3 158.824194661 0
14.4 169.77346162 0
14.5 181.477510081 0
14.6 193.988480571 0
14.7 207.361958407 0
14.8 221.657328091 0
14.9 236.938274271 0
15 253.272692745 0
15.1 270.733112231 0
15.2 289.397317054 0
15.3 309.348239978 0
15.4 330.674463601 0
15.5 353.470993149 0
15.6 377.839128697 0
15.7 403.887060559 0
15.8 431.730826932 0
15.9 461.494163166 0
16 493.309207902 0
16.1 527.317688142 0
16.2 563.670743455 0
16.3 602.52976241 0
16.4 644.067847134 0
16.5 688.469610894 0
16.6 735.932167557 0
16.7 786.666939236 0
16.8 840.899426678 0
16.9 898.870378061 0
17 960.838017424 0
17.1 1027.07778881 0
17.2 1097.88373481 0
17.3 1173.57124056 0
17.4 1254.47675495 0
17.5 1340.95941392 0
17.6 1433.40441552 0
17.7 1532.222725 0
17.8 1637.85298301 0
17.9 1750.76565237 0
18 1871.46271882 0
18.1 2000.47992992 0
18.2 2138.39188478 0
18.3 2285.81174921 0
18.4 2443.39387733 0
18.5 2611.84005242 0
18.6 2791.89924505 0
18.7 2984.37067597 0
18.8 3190.11146112 0
18.9 3410.03645454 0
19 3645.12181833 0
19.1 3896.41437877 0
19.2 4165.03161418 0
19.3 4452.16580484 0
19.4 4759.09547284 0
19.5 5087.18559914 0
19.6 5437.89243402 0
19.7 5812.77747181 0
19.8 6213.50801464 0
19.9 6641.86273038 0
20 7099.74870916 0
