"Time" "Prey" "Predator"
0 0.931359779981 35.8815107588
0.1 0.00976863333606 33.114461604
0.2 0.000156174507804 29.9699775764
0.3 3.73664421105e-06 27.1180650387
0.4 1.85102810337e-07 24.5374527537
0.5 -6.83935926851e-08 22.2024154586
0.6 -1.16391029786e-07 20.0895751367
0.7 -1.29314956402e-07 18.1777961555
0.8 -1.29314956402e-07 16.4479495564
0.9 -1.29314956402e-07 14.8827175427
1 -1.29314956402e-07 13.4664347689
1.1 -1.29314956402e-07 12.1849296634
1.2 -1.29314956402e-07 11.0253762624
1.3 -1.29314956402e-07 9.97616974441
1.4 -1.29314956402e-07 9.02680776448
1.5 -1.29314956402e-07 8.16779235793
1.6 -1.29314956402e-07 7.390528251
1.7 -1.29314956402e-07 6.68723107956
1.8 -1.29314956402e-07 6.05085735989
1.9 -1.29314956402e-07 5.47504230539
2 -1.29314956402e-07 4.95402353649
2.1 -1.29314956402e-07 4.4825864532
2.2 -1.29314956402e-07 4.05601232249
2.3 -1.29314956402e-07 3.67003230044
2.4 -1.29314956402e-07 3.32078379497
2.5 -1.29314956402e-07 3.00476811246
2.6 -1.29314956402e-07 2.71882425058
2.7 -1.29314956402e-07 2.46009337427
2.8 -1.29314956402e-07 2.22598406402
2.9 -1.29314956402e-07 2.01415401144
3 -1.29314956402e-07 1.82248203514
3.1 -1.29314956402e-07 1.64904970457
3.2 -1.29314956402e-07 1.49212167217
3.3 -1.29314956402e-07 1.35012755515
3.4 -1.29314956402e-07 1.22164596906
3.5 -1.29314956402e-07 1.10539088801
3.6 -1.29314956402e-07 1.0001989228
3.7 -1.29314956402e-07 0.905016788828
3.8 -1.29314956402e-07 0.818892425148
3.9 -1.29314956402e-07 0.740964513266
4 -1.29314956402e-07 0.67045221813
4.1 -1.29314956402e-07 0.60665035727
4.2 -1.29314956402e-07 0.548919858237
4.3 -1.29314956402e-07 0.496683075874
4.4 -1.29314956402e-07 0.449417417055
4.5 -1.29314956402e-07 0.406649449293
4.6 -1.29314956402e-07 0.36795167075
4.7 -1.29314956402e-07 0.332936429827
4.8 -1.29314956402e-07 0.301253321126
4.9 -1.29314956402e-07 0.272585285494
5 -1.29314956402e-07 0.246645225981
5.1 -1.29314956402e-07 0.223173835179
5.2 -1.29314956402e-07 0.201935978147
5.3 -1.29314956402e-07 0.182719192745
5.4 -1.29314956402e-07 0.165331183583
5.5 -1.29314956402e-07 0.149597794907
5.6 -1.29314956402e-07 0.135361698008
5.7 -1.29314956402e-07 0.122480280938
5.8 -1.29314956402e-07 0.110824709949
5.9 -1.29314956402e-07 0.100278347975
6 -1.29314956402e-07 0.0907355699362
6.1 -1.29314956402e-07 0.0821009528039
6.2 -1.29314956402e-07 0.0742879905556
6.3 -1.29314956402e-07 0.0672185396806
6.4 -1.29314956402e-07 0.0608218470825
6.5 -1.29314956402e-07 0.0550338551295
6.6 -1.29314956402e-07 0.0497966997388
6.7 -1.29314956402e-07 0.0450579074205
6.8 -1.29314956402e-07 0.0407700762076
6.9 -1.29314956402e-07 0.0368902900185
7 -1.29314956402e-07 0.03337969762
7.1 -1.29314956402e-07 0.0302032032569
7.2 -1.29314956402e-07 0.0273289804326
7.3 -1.29314956402e-07 0.0247282805252
7.4 -1.29314956402e-07 0.0223750744951
7.5 -1.29314956402e-07 0.0202457962422
7.6 -1.29314956402e-07 0.0183191565717
7.7 -1.29314956402e-07 0.0165758525817
7.8 -1.29314956402e-07 0.0149984486528
7.9 -1.29314956402e-07 0.0135711579342
8 -1.29314956402e-07 0.0122796864947
8.1 -1.29314956402e-07 0.0111111216807
8.2 -1.29314956402e-07 0.0100537556686
8.3 -1.29314956402e-07 0.00909700968712
8.4 -1.29314956402e-07 0.00823131732366
8.5 -1.29314956402e-07 0.00744800049149
8.6 -1.29314956402e-07 0.00673922742373
8.7 -1.29314956402e-07 0.00609788763941
8.8 -1.29314956402e-07 0.00551757576764
8.9 -1.29314956402e-07 0.00499251342834
9 -1.29314956402e-07 0.00451743440977
9.1 -1.29314956402e-07 0.00408757269685
9.2 -1.29314956402e-07 0.00369860297799
9.3 -1.29314956402e-07 0.0033466612559
9.4 -1.29314956402e-07 0.00302821643634
9.5 -1.29314956402e-07 0.00274004245353
9.6 -1.29314956402e-07 0.00247929197559
9.7 -1.29314956402e-07 0.00224336226613
9.8 -1.29314956402e-07 0.00202987019824
9.9 -1.29314956402e-07 0.00183670161429
10 -1.29314956402e-07 0.00166192594291
10.1 -1.29314956402e-07 0.0015037702482
10.2 -1.29314956402e-07 0.00136066701446
10.3 -1.29314956402e-07 0.00123118877651
10.4 -1.29314956402e-07 0.00111402316768
10.5 -1.29314956402e-07 0.0010080123565
10.6 -1.29314956402e-07 0.000912101274326
10.7 -1.29314956402e-07 0.000825312770442
10.8 -1.29314956402e-07 0.000746765337949
10.9 -1.29314956402e-07 0.00067569836285
11 -1.29314956402e-07 0.000611397627066
11.1 -1.29314956402e-07 0.000553207262066
11.2 -1.29314956402e-07 0.000500555029104
11.3 -1.29314956402e-07 0.000452919926346
11.4 -1.29314956402e-07 0.000409818372496
11.5 -1.29314956402e-07 0.00037081354242
11.6 -1.29314956402e-07 0.000335525952226
11.7 -1.29314956402e-07 0.000303599257456
11.8 -1.29314956402e-07 0.00027470518532
11.9 -1.29314956402e-07 0.000248559830179
12 -1.29314956402e-07 0.00022490505342
12.1 -1.29314956402e-07 0.000203501166057
12.2 -1.29314956402e-07 0.000184128422159
12.3 -1.29314956402e-07 0.000166607811307
12.4 -1.29314956402e-07 0.000150753768798
12.5 -1.29314956402e-07 0.000136406515878
12.6 -1.29314956402e-07 0.000123427439465
12.7 -1.29314956402e-07 0.000111686766151
12.8 -1.29314956402e-07 0.000101062936353
12.9 -1.29314956402e-07 9.14451997506e-05
13 -1.29314956402e-07 8.27348277663e-05
13.1 -1.29314956402e-07 7.48462631827e-05
13.2 -1.29314956402e-07 6.77038142323e-05
13.3 -1.29314956402e-07 6.12429978437e-05
13.4 -1.29314956402e-07 5.54090488906e-05
13.5 -1.29314956402e-07 5.01331668661e-05
13.6 -1.29314956402e-07 4.53578091052e-05
13.7 -1.29314956402e-07 4.10379750311e-05
13.8 -1.29314956402e-07 3.7135880271e-05
13.9 -1.29314956402e-07 3.36133734915e-05
14 -1.29314956402e-07 3.04247464343e-05
14.1 -1.29314956402e-07 2.75374098593e-05
14.2 -1.29314956402e-07 2.49234925634e-05
14.3 -1.29314956402e-07 2.25178453472e-05
14.4 -1.29314956402e-07 2.04036152955e-05
14.5 -1.29314956402e-07 1.84729694006e-05
14.6 -1.29314956402e-07 1.67170308939e-05
14.7 -1.29314956402e-07 1.51269230067e-05
14.8 -1.29314956402e-07 1.36906542183e-05
14.9 -1.29314956402e-07 1.23917482619e-05
15 -1.29314956402e-07 1.1218168784e-05
15.1 -1.29314956402e-07 1.01580058346e-05
15.2 -1.29314956402e-07 9.1993494639e-06
15.3 -1.29314956402e-07 8.33069033701e-06
15.4 -1.29314956402e-07 7.5463859712e-06
15.5 -1.29314956402e-07 6.83873688457e-06
15.6 -1.29314956402e-07 6.19850335161e-06
15.7 -1.29314956402e-07 5.61644564678e-06
15.8 -1.29314956402e-07 5.08332404456e-06
15.9 -1.29314956402e-07 4.59465072223e-06
16 -1.29314956402e-07 4.15277983975e-06
16.1 -1.29314956402e-07 3.75329197173e-06
16.2 -1.29314956402e-07 3.39157485027e-06
16.3 -1.29314956402e-07 3.06301620748e-06
16.4 -1.29314956402e-07 2.70155809039e-06
16.5 -1.29314956402e-07 2.45993257324e-06
16.6 -1.29314956402e-07 2.23438119332e-06
16.7 -1.29314956402e-07 2.02490395063e-06
16.8 -1.29314956402e-07 1.83150084518e-06
16.9 -1.29314956402e-07 1.65417187697e-06
17 -1.29314956402e-07 1.49210585965e-06
17.1 -1.29314956402e-07 1.34376165794e-06
17.2 -1.29314956402e-07 1.20910227491e-06
17.3 -1.29314956402e-07 1.08812771055e-06
17.4 -1.29314956402e-07 9.80837964875e-07
17.5 -1.29314956402e-07 8.87215238519e-07
17.6 -1.29314956402e-07 8.03565617025e-07
17.7 -1.29314956402e-07 7.27103642287e-07
17.8 -1.29314956402e-07 6.57829314303e-07
17.9 -1.29314956402e-07 5.95742633074e-07
18 -1.29314956402e-07 5.40843598601e-07
18.1 -1.29314956402e-07 4.92931614542e-07
18.2 -1.29314956402e-07 4.49259074527e-07
18.3 -1.29314956402e-07 4.08952920614e-07
18.4 -1.29314956402e-07 3.72013152805e-07
18.5 -1.29314956402e-07 3.38439771099e-07
18.6 -1.29314956402e-07 3.08232775496e-07
18.7 -1.29314956402e-07 2.81149351332e-07
18.8 -1.29314956402e-07 2.56092196475e-07
18.9 -1.29314956402e-07 2.3292759113e-07
19 -1.29314956402e-07 2.11655535297e-07
19.1 -1.29314956402e-07 1.92276028976e-07
19.2 -1.29314956402e-07 1.74789072167e-07
19.3 -1.29314956402e-07 1.58955942929e-07
19.4 -1.29314956402e-07 1.4432310452e-07
19.5 -1.29314956402e-07 1.30879669209e-07
19.6 -1.29314956402e-07 1.18625636997e-07
19.7 -1.29314956402e-07 1.07561007882e-07
19.8 -1.29314956402e-07 9.76844622201e-08
19.9 -1.29314956402e-07 8.87221329989e-08
20 -1.29314956402e-07 8.04675062082e-08
