"Time" "Prey" "Predator"
0 9.44060070265 24.2620132532
0.1 0.237842967601 28.4834350815
0.2 0.00673376030603 25.9365788096
0.3 0.000267788412649 23.4729834464
0.4 1.46573734801e-05 21.2394144994
0.5 1.03004554444e-06 19.2182273104
0.6 9.3470940914e-08 17.3893725201
0.7 4.38194963098e-09 15.734560048
0.8 8.78209874929e-10 14.2372233365
0.9 -1.1662171946e-08 12.8823688512
1 -1.30264124504e-08 11.656440575
1.1 -1.32726350682e-08 10.5471818317
1.2 -1.32726350682e-08 9.54348280522
1.3 -1.32726350682e-08 8.63529713158
1.4 -1.32726350682e-08 7.81353178517
1.5 -1.32726350682e-08 7.06998396809
1.6 -1.32726350682e-08 6.39720109697
1.7 -1.32726350682e-08 5.78841969574
1.8 -1.32726350682e-08 5.23758014704
1.9 -1.32726350682e-08 4.73915975885
2 -1.32726350682e-08 4.28816905109
2.1 -1.32726350682e-08 3.88009580237
2.2 -1.32726350682e-08 3.51085626758
2.3 -1.32726350682e-08 3.17675425376
2.4 -1.32726350682e-08 2.87444639208
2.5 -1.32726350682e-08 2.600907304
2.6 -1.32726350682e-08 2.35339867873
2.7 -1.32726350682e-08 2.12944342384
2.8 -1.32726350682e-08 1.92680052337
2.9 -1.32726350682e-08 1.74344145963
3 -1.32726350682e-08 1.57753128697
3.1 -1.32726350682e-08 1.42740967167
3.2 -1.32726350682e-08 1.29157382683
3.3 -1.32726350682e-08 1.16866450873
3.4 -1.32726350682e-08 1.05745155431
3.5 -1.32726350682e-08 0.95682167281
3.6 -1.32726350682e-08 0.865767358959
3.7 -1.32726350682e-08 0.783378505481
3.8 -1.32726350682e-08 0.70883004206
3.9 -1.32726350682e-08 0.641376010719
4 -1.32726350682e-08 0.580341016034
4.1 -1.32726350682e-08 0.525114244606
4.2 -1.32726350682e-08 0.475142952458
4.3 -1.32726350682e-08 0.429927132395
4.4 -1.32726350682e-08 0.389014162425
4.5 -1.32726350682e-08 0.351994544301
4.6 -1.32726350682e-08 0.318497802637
4.7 -1.32726350682e-08 0.288188552402
4.8 -1.32726350682e-08 0.260763561227
4.9 -1.32726350682e-08 0.235948626724
5 -1.32726350682e-08 0.213495072768
5.1 -1.32726350682e-08 0.193178347824
5.2 -1.32726350682e-08 0.174794986392
5.3 -1.32726350682e-08 0.158160982302
5.4 -1.32726350682e-08 0.143109984745
5.5 -1.32726350682e-08 0.129491193949
5.6 -1.32726350682e-08 0.117168472398
5.7 -1.32726350682e-08 0.10601842189
5.8 -1.32726350682e-08 0.0959294178782
5.9 -1.32726350682e-08 0.0868005413205
6 -1.32726350682e-08 0.0785403382899
6.1 -1.32726350682e-08 0.0710662304294
6.2 -1.32726350682e-08 0.0643033727886
6.3 -1.32726350682e-08 0.0581840741599
6.4 -1.32726350682e-08 0.0526471396963
6.5 -1.32726350682e-08 0.0476370893135
6.6 -1.32726350682e-08 0.0431038225862
6.7 -1.32726350682e-08 0.0390019430537
6.8 -1.32726350682e-08 0.0352903990328
6.9 -1.32726350682e-08 0.0319320786101
7 -1.32726350682e-08 0.0288933299905
7.1 -1.32726350682e-08 0.0261437676124
7.2 -1.32726350682e-08 0.0236558571301
7.3 -1.32726350682e-08 0.0214046965
7.4 -1.32726350682e-08 0.0193677726184
7.5 -1.32726350682e-08 0.0175246769475
7.6 -1.32726350682e-08 0.0158569830584
7.7 -1.32726350682e-08 0.0143479906964
7.8 -1.32726350682e-08 0.0129825948401
7.9 -1.32726350682e-08 0.0117471390941
8 -1.32726350682e-08 0.0106292468186
8.1 -1.32726350682e-08 0.00961773875982
8.2 -1.32726350682e-08 0.00870247473315
8.3 -1.32726350682e-08 0.00787429968345
8.4 -1.32726350682e-08 0.0071249618616
8.5 -1.32726350682e-08 0.00644695383152
8.6 -1.32726350682e-08 0.00583347550753
8.7 -1.32726350682e-08 0.0052783619219
8.8 -1.32726350682e-08 0.0047760897263
8.9 -1.32726350682e-08 0.00432161641566
9 -1.32726350682e-08 0.00391035632596
9.1 -1.32726350682e-08 0.00353824154576
9.2 -1.32726350682e-08 0.00320154020526
9.3 -1.32726350682e-08 0.00289686538207
9.4 -1.32726350682e-08 0.00262119969125
9.5 -1.32726350682e-08 0.00237176781369
9.6 -1.32726350682e-08 0.00214605975351
9.7 -1.32726350682e-08 0.00194184147737
9.8 -1.32726350682e-08 0.00175705395172
9.9 -1.32726350682e-08 0.00158985038727
10 -1.32726350682e-08 0.00143857847093
10.1 -1.32726350682e-08 0.00130170507547
10.2 -1.32726350682e-08 0.00117782565626
10.3 -1.32726350682e-08 0.00106573501713
10.4 -1.32726350682e-08 0.000964318077885
10.5 -1.32726350682e-08 0.00087254406566
10.6 -1.32726350682e-08 0.000789495015209
10.7 -1.32726350682e-08 0.0007143595103
10.8 -1.32726350682e-08 0.000646379353671
10.9 -1.32726350682e-08 0.000584860354495
11 -1.32726350682e-08 0.000529201535814
11.1 -1.32726350682e-08 0.000478846233654
11.2 -1.32726350682e-08 0.000433278077055
11.3 -1.32726350682e-08 0.000392039305976
11.4 -1.32726350682e-08 0.000354728820184
11.5 -1.32726350682e-08 0.00032097038476
11.6 -1.32726350682e-08 0.000290411473819
11.7 -1.32726350682e-08 0.000262778673117
11.8 -1.32726350682e-08 0.000237773137315
11.9 -1.32726350682e-08 0.000215145308376
12 -1.32726350682e-08 0.000194671975018
12.1 -1.32726350682e-08 0.000176153281764
12.2 -1.32726350682e-08 0.000159398189437
12.3 -1.32726350682e-08 0.000144232180281
12.4 -1.32726350682e-08 0.000130497952349
12.5 -1.32726350682e-08 0.000118059274473
12.6 -1.32726350682e-08 0.000106795502303
12.7 -1.32726350682e-08 9.66027144196e-05
12.8 -1.32726350682e-08 8.73941980103e-05
12.9 -1.32726350682e-08 7.90738565093e-05
13 -1.32726350682e-08 7.1542426729e-05
13.1 -1.32726350682e-08 6.47277014016e-05
13.2 -1.32726350682e-08 5.8568512922e-05
13.3 -1.32726350682e-08 5.30104662467e-05
13.4 -1.32726350682e-08 4.79822493879e-05
13.5 -1.32726350682e-08 4.34293333376e-05
13.6 -1.32726350682e-08 3.93069904596e-05
13.7 -1.32726350682e-08 3.5493349586e-05
13.8 -1.32726350682e-08 3.21706696589e-05
13.9 -1.32726350682e-08 2.91329318464e-05
14 -1.32726350682e-08 2.63665593666e-05
14.1 -1.32726350682e-08 2.38579754376e-05
14.2 -1.32726350682e-08 2.159180273e-05
14.3 -1.32726350682e-08 1.95425341698e-05
14.4 -1.32726350682e-08 1.769054948e-05
14.5 -1.32726350682e-08 1.60176361276e-05
14.6 -1.32726350682e-08 1.45055815798e-05
14.7 -1.32726350682e-08 1.31361746751e-05
14.8 -1.32726350682e-08 1.18977005337e-05
14.9 -1.32726350682e-08 1.07808179951e-05
15 -1.32726350682e-08 9.771396301e-06
15.1 -1.32726350682e-08 8.855304693e-06
15.2 -1.32726350682e-08 8.0184124128e-06
15.3 -1.32726350682e-08 7.2493372697e-06
15.4 -1.32726350682e-08 6.55216030692e-06
15.5 -1.32726350682e-08 5.92197626857e-06
15.6 -1.32726350682e-08 5.35173095206e-06
15.7 -1.32726350682e-08 4.83437015484e-06
15.8 -1.32726350682e-08 4.25052498072e-06
15.9 -1.32726350682e-08 3.87341508574e-06
16 -1.32726350682e-08 3.52088802082e-06
16.1 -1.32726350682e-08 3.19294378597e-06
16.2 -1.32726350682e-08 2.88958238117e-06
16.3 -1.32726350682e-08 2.61080380644e-06
16.4 -1.32726350682e-08 2.35612235201e-06
16.5 -1.32726350682e-08 2.12279850365e-06
16.6 -1.32726350682e-08 1.91040361161e-06
16.7 -1.32726350682e-08 1.7189376759e-06
16.8 -1.32726350682e-08 1.5484006965e-06
16.9 -1.32726350682e-08 1.39879267343e-06
17 -1.32726350682e-08 1.26720134793e-06
17.1 -1.32726350682e-08 1.14687532035e-06
17.2 -1.32726350682e-08 1.03754165371e-06
17.3 -1.32726350682e-08 9.39200348007e-07
17.4 -1.32726350682e-08 8.51851403237e-07
17.5 -1.32726350682e-08 7.7549410681e-07
17.6 -1.32726350682e-08 7.07116590872e-07
17.7 -1.32726350682e-08 6.43887375076e-07
17.8 -1.32726350682e-08 5.85806459421e-07
17.9 -1.32726350682e-08 5.32873843906e-07
18 -1.32726350682e-08 4.85089528533e-07
18.1 -1.32726350682e-08 4.42374002273e-07
18.2 -1.32726350682e-08 4.03160611915e-07
18.3 -1.32726350682e-08 3.66841552896e-07
18.4 -1.32726350682e-08 3.33416825216e-07
18.5 -1.32726350682e-08 3.02886428876e-07
18.6 -1.32726350682e-08 2.75250363875e-07
18.7 -1.32726350682e-08 2.50365686179e-07
18.8 -1.32726350682e-08 2.27426158698e-07
18.9 -1.32726350682e-08 2.06305630119e-07
19 -1.32726350682e-08 1.87004100441e-07
19.1 -1.32726350682e-08 1.69521569665e-07
19.2 -1.32726350682e-08 1.53858037789e-07
19.3 -1.32726350682e-08 1.39797594871e-07
19.4 -1.32726350682e-08 1.26839703544e-07
19.5 -1.32726350682e-08 1.14964128721e-07
19.6 -1.32726350682e-08 1.04170870402e-07
19.7 -1.32726350682e-08 9.44599285872e-08
19.8 -1.32726350682e-08 8.58312451975e-08
19.9 -1.32726350682e-08 7.80393424636e-08
20 -1.32726350682e-08 7.0853444829e-08
