"Time" "Prey" "Predator"
0 0.000158514524917 3.51508602656
0.1 0.000108511156784 3.18062645151
0.2 7.74849993775e-05 2.87797701958
0.3 5.74939620361e-05 2.60411948272
0.4 4.41430866664e-05 2.3563158981
0.5 3.49794675661e-05 2.13209008512
0.6 2.85267659159e-05 1.92920069849
0.7 2.38699681812e-05 1.74561724584
0.8 2.04435721268e-05 1.5795018879
0.9 1.78910105945e-05 1.42919288687
1 1.59932110431e-05 1.29319195467
1.1 1.45817180228e-05 1.1701349429
1.2 1.34033513401e-05 1.05878173548
1.3 1.25187199897e-05 0.95802610289
1.4 1.18627577246e-05 0.866859647805
1.5 1.13572832108e-05 0.784368049575
1.6 1.09898924162e-05 0.709726305355
1.7 1.07359639887e-05 0.642187631359
1.8 1.05783022193e-05 0.581076139917
1.9 1.05038677842e-05 0.525780028216
2 1.0503420706e-05 0.475746013415
2.1 1.05699428613e-05 0.430473474831
2.2 1.06980864533e-05 0.389509000541
2.3 1.08842231819e-05 0.352442809498
2.4 1.11257763098e-05 0.318903883783
2.5 1.14211789808e-05 0.28855655091
2.6 1.17696588185e-05 0.261097178902
2.7 1.21710888743e-05 0.236250813628
2.8 1.26259571186e-05 0.213768930049
2.9 1.31352321504e-05 0.193426408102
3 1.37003673778e-05 0.1750197417
3.1 1.43232278003e-05 0.158364690013
3.2 1.50060826126e-05 0.143294566512
3.3 1.57515672193e-05 0.129658340699
3.4 1.6562706296e-05 0.117319643676
3.5 1.74429249437e-05 0.106155351595
3.6 1.83959583717e-05 0.0960534616055
3.7 1.94259562532e-05 0.0869129687889
3.8 2.05374296629e-05 0.0786422881418
3.9 2.17352939017e-05 0.071158643624
4 2.30248761105e-05 0.0643871158937
4.1 2.44119368764e-05 0.0582599938596
4.2 2.59026873044e-05 0.0527159657813
4.3 2.75038131712e-05 0.0476995159798
4.4 2.92225037673e-05 0.043160426326
4.5 3.10664808683e-05 0.0390532736039
4.6 3.30440309126e-05 0.0353369624224
4.7 3.51640400087e-05 0.0319742774202
4.8 3.74360323425e-05 0.0289316224857
4.9 3.98702109372e-05 0.0261785198121
5 4.24775013281e-05 0.023687404593
5.1 4.52696001252e-05 0.0214333479209
5.2 4.82590276425e-05 0.019393773942
5.3 5.14591799336e-05 0.0175482974985
5.4 5.48843913686e-05 0.0158784349944
5.5 5.8549994988e-05 0.0143674776246
5.6 6.24723912341e-05 0.0130003143805
5.7 6.66691226908e-05 0.011763246354
5.8 7.11589469271e-05 0.01064390034
5.9 7.59619261893e-05 0.00963106604508
6 8.10995113475e-05 0.00871461160207
6.1 8.65946383257e-05 0.00788537338074
6.2 9.24718337956e-05 0.00713504280626
6.3 9.87573167362e-05 0.00645611529933
6.4 0.000105479130405 0.00584178267601
6.5 0.000112667246473 0.00528590155651
6.6 0.000120353690529 0.00478293521439
6.7 0.000128572750752 0.00432784921939
6.8 0.000137361054053 0.00391607991406
6.9 0.000146757692248 0.00354348276144
7 0.000156804563835 0.00320634512889
7.1 0.000167546441243 0.00290130168941
7.2 0.000179031069974 0.00262526238644
7.3 0.000191309615364 0.00237547430918
7.4 0.000204436800667 0.00214946533042
7.5 0.000218470961869 0.00194495590807
7.6 0.00023347456847 0.00175990092072
7.7 0.000249514491892 0.0015924688865
7.8 0.000266662004497 0.00144096722316
7.9 0.000284993370311 0.00130387162386
8 0.00030459030292 0.00117983076614
8.1 0.000325539878804 0.00106759226323
8.2 0.000347935243722 0.000966025721222
8.3 0.000371876297922 0.000874135290734
8.4 0.000397469414514 0.000790993351322
8.5 0.000424828071102 0.000715746579624
8.6 0.000454074283464 0.000647656892406
8.7 0.000485338275711 0.00058605140594
8.8 0.000518758796233 0.000530305642331
8.9 0.000554484307327 0.000479856667194
9 0.000592674253972 0.000434213831921
9.1 0.000633498309913 0.000392917731887
9.2 0.000677137493135 0.000355545956784
9.3 0.00072378637866 0.000321731230922
9.4 0.000773652630699 0.000291138064934
9.5 0.000826957511539 0.000263454474411
9.6 0.000883937772368 0.000238399477972
9.7 0.000944847692365 0.000215730463328
9.8 0.00100995785248 0.000195219521571
9.9 0.00107955980931 0.000176650585887
10 0.00115395562307 0.000159860973686
10.1 0.00123348385997 0.000144666380843
10.2 0.00131849571992 0.000130916332092
10.3 0.0014093701151 0.000118473637929
10.4 0.00150651617644 0.000107218459292
10.5 0.00161036517999 9.70352147859e-05
10.6 0.00172137392209 8.7818054088e-05
10.7 0.00184002718078 7.94711713454e-05
10.8 0.00196687028752 7.19111820837e-05
10.9 0.00210247324199 6.50645044972e-05
11 0.00224743027193 5.88673273319e-05
11.1 0.00240236672795 5.32661130302e-05
11.2 0.00256796953641 4.82070402742e-05
11.3 0.00274501178878 4.36274792636e-05
11.4 0.00293427521907 3.94828674479e-05
11.5 0.00313658245323 3.57355292018e-05
11.6 0.00335280403088 3.23533099769e-05
11.7 0.00358394476489 2.9294625817e-05
11.8 0.00383104919868 2.65248304959e-05
11.9 0.00409519978092 2.40165315009e-05
12 0.00437753534937 2.17463901352e-05
12.1 0.00467930697406 1.9692051769e-05
12.2 0.00500192467181 1.78295778995e-05
12.3 0.0053468131447 1.61413763351e-05
12.4 0.00571547149837 1.461291843e-05
12.5 0.00610948589345 1.32321506524e-05
12.6 0.00653068696225 1.1982376889e-05
12.7 0.00698097841968 1.0850007912e-05
12.8 0.00746233259339 9.82476348485e-06
12.9 0.00797682451386 8.89813095566e-06
13 0.00852673169411 8.06131769425e-06
13.1 0.00911462538621 7.30337842777e-06
13.2 0.00974310255256 6.61671542194e-06
13.3 0.0104148954244 5.99483024469e-06
13.4 0.0111328930379 5.43214560914e-06
13.5 0.0119004280986 4.9223084072e-06
13.6 0.0127209734474 4.45998528758e-06
13.7 0.0135981241288 4.04096872761e-06
13.8 0.0145356625786 3.6617914154e-06
13.9 0.0155377327409 3.31897388556e-06
14 0.0166090227567 3.00823512007e-06
14.1 0.0177542672138 2.72664333475e-06
14.2 0.018978446211 2.47175581662e-06
14.3 0.0202868224657 2.24152293745e-06
14.4 0.0216854625082 2.0331722011e-06
14.5 0.0231807014146 1.84435432739e-06
14.6 0.0247790918185 1.67325242423e-06
14.7 0.0264875282016 1.51831586424e-06
14.8 0.028313494819 1.37808982975e-06
14.9 0.030265427967 1.25096624454e-06
15 0.0323519857347 1.13568583817e-06
15.1 0.0345823154272 1.03115922331e-06
15.2 0.0369664713761 9.36358635694e-07
15.3 0.0395151418133 8.50385060765e-07
15.4 0.0422395009167 7.72504596261e-07
15.5 0.0451514899143 7.02056634667e-07
15.6 0.0482644009441 6.3823206104e-07
15.7 0.0515920271114 5.80396136971e-07
15.8 0.055148883951 5.28004762197e-07
15.9 0.058950893947 4.80532582645e-07
16 0.0630152546779 4.3748442922e-07
16.1 0.067359836546 3.9844756663e-07
16.2 0.0720036000643 3.63060058533e-07
16.3 0.0769675384147 3.30965178531e-07
16.4 0.0822737635508 3.01855612916e-07
16.5 0.0879456788924 2.75464804229e-07
16.6 0.0940087910429 2.51525773786e-07
16.7 0.100489969371 2.29808938447e-07
16.8 0.107417731727 2.10113143679e-07
16.9 0.114823290363 1.92240688963e-07
17 0.122739450656 1.76021597893e-07
17.1 0.13120107832 1.61305878396e-07
17.2 0.140246304302 1.47947336132e-07
17.3 0.149915163104 1.35821064427e-07
17.4 0.160250278256 1.24816264051e-07
17.5 0.171298224119 1.14824015534e-07
17.6 0.18310785157 1.05751941102e-07
17.7 0.195731185623 9.75179997883e-08
17.8 0.209224915983 9.00422736534e-08
17.9 0.223648803064 8.32556216164e-08
18 0.239067206228 7.709481391e-08
18.1 0.255548643694 7.15034603421e-08
18.2 0.273166078138 6.64313747295e-08
18.3 0.291998346464 6.18312007455e-08
18.4 0.312128639917 5.76621022331e-08
18.5 0.333646894173 5.38860597723e-08
18.6 0.356648655281 5.04693819601e-08
18.7 0.381235881621 4.73821633228e-08
18.8 0.407518594202 4.45967311953e-08
18.9 0.435612740408 4.2089562788e-08
19 0.465643595357 3.98391116766e-08
19.1 0.497744722568 3.78263601649e-08
19.2 0.532058683197 3.60346572287e-08
19.3 0.568738044565 3.44501472937e-08
19.4 0.607946148745 3.30603895632e-08
19.5 0.64985750454 3.18553134165e-08
19.6 0.694658309964 3.08275848474e-08
19.7 0.74254756072 2.99714703992e-08
19.8 0.793738310814 2.92838565427e-08
19.9 0.848458188134 2.87639863514e-08
20 0.906950217791 2.84135236814e-08
