"Time" "Prey" "Predator"
0 1.01369295845 39.7090464024
0.1 0.00648881806472 36.6357021642
0.2 6.6407150978e-05 33.153864971
0.3 1.02999840631e-06 29.9988930357
0.4 -1.15389772688e-07 27.1441400797
0.5 -7.80509677679e-08 24.5610414232
0.6 -7.80509677679e-08 22.2237598467
0.7 -7.80509677679e-08 20.1088947452
0.8 -7.80509677679e-08 18.195268984
0.9 -7.80509677679e-08 16.4637510964
1 -7.80509677679e-08 14.8970153094
1.1 -7.80509677679e-08 13.4793739776
1.2 -7.80509677679e-08 12.1966376412
1.3 -7.80509677679e-08 11.0359712728
1.4 -7.80509677679e-08 9.98577516026
1.5 -7.80509677679e-08 9.03550208904
1.6 -7.80509677679e-08 8.17565848941
1.7 -7.80509677679e-08 7.39764350305
1.8 -7.80509677679e-08 6.69366492893
1.9 -7.80509677679e-08 6.0566785857
2 -7.80509677679e-08 5.48030976306
2.1 -7.80509677679e-08 4.95878955358
2.2 -7.80509677679e-08 4.48689867487
2.3 -7.80509677679e-08 4.05991502493
2.4 -7.80509677679e-08 3.67356354036
2.5 -7.80509677679e-08 3.32397822587
2.6 -7.80509677679e-08 3.00766059008
2.7 -7.80509677679e-08 2.72144414725
2.8 -7.80509677679e-08 2.46246494835
2.9 -7.80509677679e-08 2.2281309061
3 -7.80509677679e-08 2.01609643185
3.1 -7.80509677679e-08 1.82423987215
3.2 -7.80509677679e-08 1.65064063049
3.3 -7.80509677679e-08 1.49356140853
3.4 -7.80509677679e-08 1.35142939923
3.5 -7.80509677679e-08 1.22282351735
3.6 -7.80509677679e-08 1.10645628277
3.7 -7.80509677679e-08 1.00116311044
3.8 -7.80509677679e-08 0.905889837807
3.9 -7.80509677679e-08 0.81968299872
4 -7.80509677679e-08 0.741679767177
4.1 -7.80509677679e-08 0.671099615153
4.2 -7.80509677679e-08 0.60723604656
4.3 -7.80509677679e-08 0.549449856504
4.4 -7.80509677679e-08 0.497162739238
4.5 -7.80509677679e-08 0.44985115911
4.6 -7.80509677679e-08 0.407041852891
4.7 -7.80509677679e-08 0.368306686558
4.8 -7.80509677679e-08 0.333257538287
4.9 -7.80509677679e-08 0.301543926554
5 -7.80509677679e-08 0.272848196286
5.1 -7.80509677679e-08 0.246883176217
5.2 -7.80509677679e-08 0.223389144402
5.3 -7.80509677679e-08 0.202130735021
5.4 -7.80509677679e-08 0.182895457373
5.5 -7.80509677679e-08 0.165490649733
5.6 -7.80509677679e-08 0.149742108942
5.7 -7.80509677679e-08 0.135492281499
5.8 -7.80509677679e-08 0.122598423285
5.9 -7.80509677679e-08 0.110931638544
6 -7.80509677679e-08 0.100375073516
6.1 -7.80509677679e-08 0.0908230898823
6.2 -7.80509677679e-08 0.0821801469574
6.3 -7.80509677679e-08 0.0743596498344
6.4 -7.80509677679e-08 0.0672833991915
6.5 -7.80509677679e-08 0.0608805209834
6.6 -7.80509677679e-08 0.0550869486914
6.7 -7.80509677679e-08 0.0498447390175
6.8 -7.80509677679e-08 0.0451013683204
6.9 -7.80509677679e-08 0.0408094098674
7 -7.80509677679e-08 0.0369258759699
7.1 -7.80509677679e-08 0.0334119034062
7.2 -7.80509677679e-08 0.0302323431167
7.3 -7.80509677679e-08 0.0273553414785
7.4 -7.80509677679e-08 0.0247521375026
7.5 -7.80509677679e-08 0.0223966575157
7.6 -7.80509677679e-08 0.0202653283426
7.7 -7.80509677679e-08 0.0183368298952
7.8 -7.80509677679e-08 0.016591842259
7.9 -7.80509677679e-08 0.015012920121
8 -7.80509677679e-08 0.0135842491358
8.1 -7.80509677679e-08 0.0122915326433
8.2 -7.80509677679e-08 0.011121840477
8.3 -7.80509677679e-08 0.0100634536935
8.4 -7.80509677679e-08 0.00910578869224
8.5 -7.80509677679e-08 0.00823925781394
8.6 -7.80509677679e-08 0.00745518593449
8.7 -7.80509677679e-08 0.00674572525092
8.8 -7.80509677679e-08 0.00610376280834
8.9 -7.80509677679e-08 0.00552289715265
9 -7.80509677679e-08 0.00499733549566
9.1 -7.80509677679e-08 0.00452180202936
9.2 -7.80509677679e-08 0.00409152148585
9.3 -7.80509677679e-08 0.00370217689788
9.4 -7.80509677679e-08 0.00334990005286
9.5 -7.80509677679e-08 0.00303113926773
9.6 -7.80509677679e-08 0.00274268149017
9.7 -7.80509677679e-08 0.00248168394265
9.8 -7.80509677679e-08 0.0022455242246
9.9 -7.80509677679e-08 0.00203182501739
10 -7.80509677679e-08 0.00183847603284
10.1 -7.80509677679e-08 0.00166353017813
10.2 -7.80509677679e-08 0.00150521881752
10.3 -7.80509677679e-08 0.00136198158244
10.4 -7.80509677679e-08 0.00123237711842
10.5 -7.80509677679e-08 0.00111509696092
10.6 -7.80509677679e-08 0.00100899016847
10.7 -7.80509677679e-08 0.000912988271344
10.8 -7.80509677679e-08 0.000826106000391
10.9 -7.80509677679e-08 0.000747484679855
11 -7.80509677679e-08 0.00067635147687
11.1 -7.80509677679e-08 0.000611986726276
11.2 -7.80509677679e-08 0.000553737464656
11.3 -7.80509677679e-08 0.000501037378873
11.4 -7.80509677679e-08 0.000453357754371
11.5 -7.80509677679e-08 0.00041021126243
11.6 -7.80509677679e-08 0.000371170971499
11.7 -7.80509677679e-08 0.000335851322583
11.8 -7.80509677679e-08 0.000303892712502
11.9 -7.80509677679e-08 0.00027496867846
12 -7.80509677679e-08 0.000248799242074
12.1 -7.80509677679e-08 0.000225122091517
12.2 -7.80509677679e-08 0.000203686360523
12.3 -7.80509677679e-08 0.000184307210187
12.4 -7.80509677679e-08 0.000166769097785
12.5 -7.80509677679e-08 0.000150899254182
12.6 -7.80509677679e-08 0.000136538368931
12.7 -7.80509677679e-08 0.000123548576274
12.8 -7.80509677679e-08 0.000111796960034
12.9 -7.80509677679e-08 0.000101161375385
13 -7.80509677679e-08 9.15310224079e-05
13.1 -7.80509677679e-08 8.28090667327e-05
13.2 -7.80509677679e-08 7.49103608108e-05
13.3 -7.80509677679e-08 6.77606970019e-05
13.4 -7.80509677679e-08 6.12975934987e-05
13.5 -7.80509677679e-08 5.54615724215e-05
13.6 -7.80509677679e-08 5.01797500582e-05
13.7 -7.80509677679e-08 4.53997312401e-05
13.8 -7.80509677679e-08 4.10776466834e-05
13.9 -7.80509677679e-08 3.71766251726e-05
14 -7.80509677679e-08 3.36504669677e-05
14.1 -7.80509677679e-08 3.04578402666e-05
14.2 -7.80509677679e-08 2.75669344757e-05
14.3 -7.80509677679e-08 2.49505638953e-05
14.4 -7.80509677679e-08 2.25549104827e-05
14.5 -7.80509677679e-08 2.04298594353e-05
14.6 -7.80509677679e-08 1.84923817188e-05
14.7 -7.80509677679e-08 1.67332282813e-05
14.8 -7.80509677679e-08 1.51429233932e-05
14.9 -7.80509677679e-08 1.3705404489e-05
15 -7.80509677679e-08 1.24058993512e-05
15.1 -7.80509677679e-08 1.12319986046e-05
15.2 -7.80509677679e-08 1.01712928738e-05
15.3 -7.80509677679e-08 9.2113727835e-06
15.4 -7.80509677679e-08 8.34201840051e-06
15.5 -7.80509677679e-08 7.55802022333e-06
15.6 -7.80509677679e-08 6.85002980484e-06
15.7 -7.80509677679e-08 6.20841973651e-06
15.8 -7.80509677679e-08 5.62356260979e-06
15.9 -7.80509677679e-08 5.08617685111e-06
16 -7.80509677679e-08 4.59703019104e-06
16.1 -7.80509677679e-08 4.15492172146e-06
16.2 -7.80509677679e-08 3.75504562893e-06
16.3 -7.80509677679e-08 3.39259609997e-06
16.4 -7.80509677679e-08 3.06276732114e-06
16.5 -7.80509677679e-08 2.71185124747e-06
16.6 -7.80509677679e-08 2.46680969261e-06
16.7 -7.80509677679e-08 2.23851670758e-06
16.8 -7.80509677679e-08 2.02697229238e-06
16.9 -7.80509677679e-08 1.83217644703e-06
17 -7.80509677679e-08 1.65406596383e-06
17.1 -7.80509677679e-08 1.49096146295e-06
17.2 -7.80509677679e-08 1.34211594366e-06
17.3 -7.80509677679e-08 1.20752940598e-06
17.4 -7.80509677679e-08 1.08720184989e-06
17.5 -7.80509677679e-08 9.81133275393e-07
17.6 -7.80509677679e-08 8.88558875531e-07
17.7 -7.80509677679e-08 8.04405425968e-07
17.8 -7.80509677679e-08 7.27741169316e-07
17.9 -7.80509677679e-08 6.58566105574e-07
18 -7.80509677679e-08 5.96880234743e-07
18.1 -7.80509677679e-08 5.42683556823e-07
18.2 -7.80509677679e-08 4.94928684463e-07
18.3 -7.80509677679e-08 4.50831608253e-07
18.4 -7.80509677679e-08 4.10242145569e-07
18.5 -7.80509677679e-08 3.73160296411e-07
18.6 -7.80509677679e-08 3.39586060778e-07
18.7 -7.80509677679e-08 3.09519438672e-07
18.8 -7.80509677679e-08 2.82230001846e-07
18.9 -7.80509677679e-08 2.56912980607e-07
19 -7.80509677679e-08 2.33567907981e-07
19.1 -7.80509677679e-08 2.12194783968e-07
19.2 -7.80509677679e-08 1.92793608569e-07
19.3 -7.80509677679e-08 1.75345780802e-07
19.4 -7.80509677679e-08 1.59357086796e-07
19.5 -7.80509677679e-08 1.44607696521e-07
19.6 -7.80509677679e-08 1.31097609977e-07
19.7 -7.80509677679e-08 1.18826827164e-07
19.8 -7.80509677679e-08 1.07795348082e-07
19.9 -7.80509677679e-08 9.79464701504e-08
20 -7.80509677679e-08 8.89040658888e-08
