"Time" "Prey" "Predator"
0 2.89293493946 35.9627770063
0.1 0.025808118628 34.5536273543
0.2 0.000343405035886 31.2833338546
0.3 6.98440453916e-06 28.306568617
0.4 2.59337964279e-07 25.6128418988
0.5 -7.69012465102e-08 23.1754790341
0.6 -1.10428878279e-07 20.9700415642
0.7 -1.26623069163e-07 18.9744750671
0.8 -1.26623069163e-07 17.1688144287
0.9 -1.26623069163e-07 15.5349834578
1 -1.26623069163e-07 14.0566291262
1.1 -1.26623069163e-07 12.7189593281
1.2 -1.26623069163e-07 11.5085860463
1.3 -1.26623069163e-07 10.4133960345
1.4 -1.26623069163e-07 9.42242604324
1.5 -1.26623069163e-07 8.52576254019
1.6 -1.26623069163e-07 7.71443264426
1.7 -1.26623069163e-07 6.98031259636
1.8 -1.26623069163e-07 6.31604852981
1.9 -1.26623069163e-07 5.71499714527
2 -1.26623069163e-07 5.17114366618
2.1 -1.26623069163e-07 4.67904493886
2.2 -1.26623069163e-07 4.23377530181
2.3 -1.26623069163e-07 3.83087885874
2.4 -1.26623069163e-07 3.46632387145
2.5 -1.26623069163e-07 3.13645833269
2.6 -1.26623069163e-07 2.83798229547
2.7 -1.26623069163e-07 2.56791204783
2.8 -1.26623069163e-07 2.32354235412
2.9 -1.26623069163e-07 2.10242842348
3 -1.26623069163e-07 1.90235603308
3.1 -1.26623069163e-07 1.72132270259
3.2 -1.26623069163e-07 1.5575169588
3.3 -1.26623069163e-07 1.40929965905
3.4 -1.26623069163e-07 1.27518710394
3.5 -1.26623069163e-07 1.15383691311
3.6 -1.26623069163e-07 1.04403470017
3.7 -1.26623069163e-07 0.944681045636
3.8 -1.26623069163e-07 0.854782087869
3.9 -1.26623069163e-07 0.773438827095
4 -1.26623069163e-07 0.699836188447
4.1 -1.26623069163e-07 0.633238068168
4.2 -1.26623069163e-07 0.572977415946
4.3 -1.26623069163e-07 0.518451243706
4.4 -1.26623069163e-07 0.46911407237
4.5 -1.26623069163e-07 0.424471714447
4.6 -1.26623069163e-07 0.384077921301
4.7 -1.26623069163e-07 0.347528063502
4.8 -1.26623069163e-07 0.314456375624
4.9 -1.26623069163e-07 0.284531902003
5 -1.26623069163e-07 0.257454967588
5.1 -1.26623069163e-07 0.232954894499
5.2 -1.26623069163e-07 0.210786243752
5.3 -1.26623069163e-07 0.19072724542
5.4 -1.26623069163e-07 0.172577167543
5.5 -1.26623069163e-07 0.156154230252
5.6 -1.26623069163e-07 0.141294206502
5.7 -1.26623069163e-07 0.127848233384
5.8 -1.26623069163e-07 0.115681836441
5.9 -1.26623069163e-07 0.104673255882
6 -1.26623069163e-07 0.0947122462504
6.1 -1.26623069163e-07 0.0856991985611
6.2 -1.26623069163e-07 0.0775438140041
6.3 -1.26623069163e-07 0.0701645313895
6.4 -1.26623069163e-07 0.0634874891552
6.5 -1.26623069163e-07 0.0574458273957
6.6 -1.26623069163e-07 0.0519791436478
6.7 -1.26623069163e-07 0.0470326628932
6.8 -1.26623069163e-07 0.0425569096306
6.9 -1.26623069163e-07 0.0385070826185
7 -1.26623069163e-07 0.0348426313183
7.1 -1.26623069163e-07 0.0315269210189
7.2 -1.26623069163e-07 0.0285267291275
7.3 -1.26623069163e-07 0.0258120491175
7.4 -1.26623069163e-07 0.0233557082937
7.5 -1.26623069163e-07 0.021133109916
7.6 -1.26623069163e-07 0.019122031408
7.7 -1.26623069163e-07 0.0173023231977
7.8 -1.26623069163e-07 0.0156557868768
7.9 -1.26623069163e-07 0.0141659418965
8 -1.26623069163e-07 0.012817869123
8.1 -1.26623069163e-07 0.0115980896218
8.2 -1.26623069163e-07 0.0104943820889
8.3 -1.26623069163e-07 0.00949570529946
8.4 -1.26623069163e-07 0.00859207172232
8.5 -1.26623069163e-07 0.00777442446712
8.6 -1.26623069163e-07 0.00703458776983
8.7 -1.26623069163e-07 0.00636513995615
8.8 -1.26623069163e-07 0.00575939618165
8.9 -1.26623069163e-07 0.0052113231446
9 -1.26623069163e-07 0.00471542274431
9.1 -1.26623069163e-07 0.00426671969211
9.2 -1.26623069163e-07 0.00386070161516
9.3 -1.26623069163e-07 0.0034933359061
9.4 -1.26623069163e-07 0.00316093195
9.5 -1.26623069163e-07 0.00286012600219
9.6 -1.26623069163e-07 0.00258794973369
9.7 -1.26623069163e-07 0.00234167992794
9.8 -1.26623069163e-07 0.00211883069689
9.9 -1.26623069163e-07 0.00191719873679
10 -1.26623069163e-07 0.0017347629997
10.1 -1.26623069163e-07 0.00156967422769
10.2 -1.26623069163e-07 0.00142030117316
10.3 -1.26623069163e-07 0.00128514811639
10.4 -1.26623069163e-07 0.00116284646694
10.5 -1.26623069163e-07 0.00105219288158
10.6 -1.26623069163e-07 0.000952079900945
10.7 -1.26623069163e-07 0.000861483656703
10.8 -1.26623069163e-07 0.000779494107785
10.9 -1.26623069163e-07 0.000705313597025
11 -1.26623069163e-07 0.000638194105153
11.1 -1.26623069163e-07 0.000577451614391
11.2 -1.26623069163e-07 0.000522493001093
11.3 -1.26623069163e-07 0.000472770895484
11.4 -1.26623069163e-07 0.000427778832994
11.5 -1.26623069163e-07 0.000387065283502
11.6 -1.26623069163e-07 0.000350232161271
11.7 -1.26623069163e-07 0.000316905990678
11.8 -1.26623069163e-07 0.000286744360482
11.9 -1.26623069163e-07 0.000259453599391
12 -1.26623069163e-07 0.000234762308724
12.1 -1.26623069163e-07 0.000212405985833
12.2 -1.26623069163e-07 0.000192199017808
12.3 -1.26623069163e-07 0.000173910140964
12.4 -1.26623069163e-07 0.000157361084952
12.5 -1.26623069163e-07 0.000142384936519
12.6 -1.26623069163e-07 0.000128837903301
12.7 -1.26623069163e-07 0.000116582945993
12.8 -1.26623069163e-07 0.000105492935641
12.9 -1.26623069163e-07 9.54522236482e-05
13 -1.26623069163e-07 8.6358624774e-05
13.1 -1.26623069163e-07 7.81230977445e-05
13.2 -1.26623069163e-07 7.06672893047e-05
13.3 -1.26623069163e-07 6.39248022528e-05
13.4 -1.26623069163e-07 5.78371593154e-05
13.5 -1.26623069163e-07 5.2329634449e-05
13.6 -1.26623069163e-07 4.73448805152e-05
13.7 -1.26623069163e-07 4.28364426348e-05
13.8 -1.26623069163e-07 3.87655326021e-05
13.9 -1.26623069163e-07 3.50887258965e-05
14 -1.26623069163e-07 3.17599432237e-05
14.1 -1.26623069163e-07 2.87456878572e-05
14.2 -1.26623069163e-07 2.60171784266e-05
14.3 -1.26623069163e-07 2.35122680111e-05
14.4 -1.26623069163e-07 2.13011956696e-05
14.5 -1.26623069163e-07 1.92834963719e-05
14.6 -1.26623069163e-07 1.74497402281e-05
14.7 -1.26623069163e-07 1.57904973479e-05
14.8 -1.26623069163e-07 1.42913674681e-05
14.9 -1.26623069163e-07 1.29358057719e-05
15 -1.26623069163e-07 1.17111598078e-05
15.1 -1.26623069163e-07 1.06047771243e-05
15.2 -1.26623069163e-07 9.60400526994e-06
15.3 -1.26623069163e-07 8.69722674118e-06
15.4 -1.26623069163e-07 7.87905730286e-06
15.5 -1.26623069163e-07 7.14059579332e-06
15.6 -1.26623069163e-07 6.47202595934e-06
15.7 -1.26623069163e-07 5.86353154774e-06
15.8 -1.26623069163e-07 5.3052963056e-06
15.9 -1.26623069163e-07 4.79508656074e-06
16 -1.26623069163e-07 4.33394027724e-06
16.1 -1.26623069163e-07 3.91695739889e-06
16.2 -1.26623069163e-07 3.53923786949e-06
16.3 -1.26623069163e-07 3.19588163284e-06
16.4 -1.26623069163e-07 2.82362676118e-06
16.5 -1.26623069163e-07 2.56993547683e-06
16.6 -1.26623069163e-07 2.3333212884e-06
16.7 -1.26623069163e-07 2.11378419589e-06
16.8 -1.26623069163e-07 1.91132419929e-06
16.9 -1.26623069163e-07 1.72594129855e-06
17 -1.26623069163e-07 1.55636569505e-06
17.1 -1.26623069163e-07 1.40132868452e-06
17.2 -1.26623069163e-07 1.26083026697e-06
17.3 -1.26623069163e-07 1.13487044238e-06
17.4 -1.26623069163e-07 1.02344921076e-06
17.5 -1.26623069163e-07 9.26350494694e-07
17.6 -1.26623069163e-07 8.38828035031e-07
17.7 -1.26623069163e-07 7.58941600441e-07
17.8 -1.26623069163e-07 6.86691190922e-07
17.9 -1.26623069163e-07 6.22076806476e-07
18 -1.26623069163e-07 5.65098447103e-07
18.1 -1.26623069163e-07 5.15248219911e-07
18.2 -1.26623069163e-07 4.69481393857e-07
18.3 -1.26623069163e-07 4.27290951232e-07
18.4 -1.26623069163e-07 3.88676892037e-07
18.5 -1.26623069163e-07 3.5363921627e-07
18.6 -1.26623069163e-07 3.22177923932e-07
18.7 -1.26623069163e-07 2.93852389373e-07
18.8 -1.26623069163e-07 2.67586315447e-07
18.9 -1.26623069163e-07 2.43330856232e-07
19 -1.26623069163e-07 2.21086011729e-07
19.1 -1.26623069163e-07 2.00851781937e-07
19.2 -1.26623069163e-07 1.8262816684e-07
19.3 -1.26623069163e-07 1.66041500379e-07
19.4 -1.26623069163e-07 1.5071843853e-07
19.5 -1.26623069163e-07 1.3665898129e-07
19.6 -1.26623069163e-07 1.23863128661e-07
19.7 -1.26623069163e-07 1.12330880642e-07
19.8 -1.26623069163e-07 1.02046217374e-07
19.9 -1.26623069163e-07 9.26572538386e-08
20 -1.26623069163e-07 8.40201423634e-08
