"Time" "Prey" "Predator"
0 5.73813982168 17.1470604277
0.1 0.489758174643 19.2966725427
0.2 0.0438926638996 17.7810474867
0.3 0.00490214407539 16.1171117938
0.4 0.000677834118441 14.5864302385
0.5 0.00011377535813 13.1987590765
0.6 2.28236498011e-05 11.9427979987
0.7 5.34964572652e-06 10.8063048355
0.8 1.43804762555e-06 9.77795383123
0.9 4.21704458526e-07 8.84746024953
1 1.00397139027e-07 8.00550939187
1.1 1.20859963194e-07 7.24368348278
1.2 6.08447035685e-08 6.55435522746
1.3 1.94300783254e-08 5.93062486267
1.4 5.29397364833e-08 5.36624930432
1.5 4.97118164932e-08 4.85558706532
1.6 1.94356760953e-08 4.39351837731
1.7 1.38092528123e-09 3.97542014081
1.8 1.58976067673e-08 3.59710911864
1.9 1.26286059236e-08 3.25479924399
2 7.05482277541e-09 2.94506443592
2.1 5.31161145156e-09 2.66480475661
2.2 8.02028663316e-09 2.41121570031
2.3 1.01919807631e-08 2.18175882417
2.4 1.1094200883e-08 1.97413566123
2.5 1.25848970162e-08 1.78627042434
2.6 1.3975080356e-08 1.61628382728
2.7 1.48937070924e-08 1.46247389679
2.8 1.2809152904e-08 1.32330134375
2.9 1.13547237505e-08 1.19737265997
3 1.05849801981e-08 1.08342737632
3.1 9.95426006519e-09 0.980325511776
3.2 9.29250979402e-09 0.887035233605
3.3 8.82637014495e-09 0.802622702327
3.4 8.54914146326e-09 0.726242981659
3.5 8.35589339886e-09 0.657131741813
3.6 8.2951543951e-09 0.59459694407
3.7 8.29880145849e-09 0.538013129811
3.8 8.27815974463e-09 0.486814422228
3.9 8.30119533382e-09 0.440487779176
4 8.38660980513e-09 0.398569901745
4.1 8.5251034525e-09 0.360640909902
4.2 8.7077242135e-09 0.326321278256
4.3 8.93033163492e-09 0.29526770014
4.4 9.19413889688e-09 0.267169095288
4.5 9.50006946953e-09 0.24174461041
4.6 9.84796022013e-09 0.218739572732
4.7 1.02385201911e-08 0.197923733463
4.8 1.06730516885e-08 0.179088815899
4.9 1.11527381614e-08 0.162046167084
5 1.16790318078e-08 0.146625432153
5.1 1.225398228e-08 0.132672144937
5.2 1.28800194567e-08 0.120046685945
5.3 1.35598279363e-08 0.108622755704
5.4 1.42962331665e-08 0.0982859050533
5.5 1.50924181719e-08 0.0889327727644
5.6 1.59518688087e-08 0.0804696742077
5.7 1.68783705867e-08 0.0728119401015
5.8 1.7876030206e-08 0.0658829764225
5.9 1.89493057252e-08 0.0596133622115
6 2.01030172374e-08 0.0539404083868
6.1 2.13423344921e-08 0.0488072916208
6.2 2.26728159421e-08 0.0441626499912
6.3 2.41004357169e-08 0.0399600204516
6.4 2.56316108462e-08 0.0361573028805
6.5 2.72732217337e-08 0.0327164829675
6.6 2.90326435836e-08 0.0296030945321
6.7 3.09177789888e-08 0.0267859818636
6.8 3.29370914849e-08 0.0242369613039
6.9 3.50996410814e-08 0.0219304988041
7 3.74151240826e-08 0.0198435368036
7.1 3.9893919339e-08 0.0179551707057
7.2 4.25471307167e-08 0.0162465054673
7.3 4.53866369069e-08 0.0147004483364
7.4 4.84251449426e-08 0.0133015108075
7.5 5.16762434283e-08 0.0120357041572
7.6 5.51544683785e-08 0.0108903542349
7.7 5.88753608129e-08 0.00985399653824
7.8 6.28555423836e-08 0.00891625772189
7.9 6.71127878966e-08 0.00806773961654
8 7.16660919508e-08 0.00729998111056
8.1 7.65357775011e-08 0.00660531154796
8.2 8.17435751044e-08 0.00597676255246
8.3 8.73126813593e-08 0.00540801835955
8.4 9.32679385677e-08 0.00489339984287
8.5 9.96359041835e-08 0.00442776749995
8.6 1.06444912694e-07 0.00400641706445
8.7 1.13725327872e-07 0.00362515554322
8.8 1.21509592231e-07 0.00328018577004
8.9 1.29832323331e-07 0.00296802927899
9 1.38730626538e-07 0.0026855849913
9.1 1.48244124096e-07 0.00243002961967
9.2 1.58415106771e-07 0.00219877865947
9.3 1.69288912359e-07 0.00198953950379
9.4 1.80913929719e-07 0.00180021744022
9.5 1.93341837426e-07 0.00162890170283
9.6 2.06628081973e-07 0.00147390555302
9.7 2.20831759013e-07 0.00133367225054
9.8 2.3601587418e-07 0.00120676420905
9.9 2.52248040253e-07 0.0010919160487
10 2.69600647723e-07 0.000988005625032
10.1 2.88150766803e-07 0.000893983891075
10.2 3.0798071334e-07 0.000808894428732
10.3 3.29179009681e-07 0.000731908740662
10.4 3.51839936822e-07 0.000662257821574
10.5 3.76064007422e-07 0.000599231397502
10.6 4.0195905853e-07 0.000542201145867
10.7 4.29640528499e-07 0.000490606647155
10.8 4.5923132703e-07 0.000443923459268
10.9 4.90862725724e-07 0.000401672360828
11 5.24675901429e-07 0.000363443688761
11.1 5.60821208959e-07 0.000328855959717
11.2 5.99461310846e-07 0.00029754067539
11.3 6.40761478383e-07 0.000269233131916
11.4 6.84911709322e-07 0.000243613666105
11.5 7.32106807815e-07 0.000220431459845
11.6 7.82556269279e-07 0.000199453044797
11.7 8.36487467832e-07 0.000180477130736
11.8 8.94140506472e-07 0.000163310647976
11.9 9.55769630101e-07 0.000147775320925
12 1.02164364236e-06 0.000133709134084
12.1 1.09206136718e-06 0.000120969717591
12.2 1.16734317046e-06 0.00010943249076
12.3 1.24782008709e-06 9.89882812832e-05
12.4 1.33384071593e-06 8.95448349872e-05
12.5 1.42577950332e-06 8.10184358858e-05
12.6 1.52406718653e-06 7.33031084208e-05
12.7 1.62914160766e-06 6.63203760355e-05
12.8 1.74146120936e-06 6.00056083425e-05
12.9 1.86150827971e-06 5.43048814317e-05
13 1.98982995038e-06 4.91542051222e-05
13.1 2.12701571552e-06 4.44909135628e-05
13.2 2.27366860055e-06 4.02682733109e-05
13.3 2.430423445e-06 3.64462198465e-05
13.4 2.5975483869e-06 3.29417054782e-05
13.5 2.77694395517e-06 2.98412804495e-05
13.6 2.96852284694e-06 2.7013109526e-05
13.7 3.17322347927e-06 2.44438496106e-05
13.8 3.39198583173e-06 2.21200945767e-05
13.9 3.62595650644e-06 2.00201036564e-05
14 3.87629903552e-06 1.81214531654e-05
14.1 4.14406479612e-06 1.64062434759e-05
14.2 4.43030516535e-06 1.48565749601e-05
14.3 4.73607152034e-06 1.345454799e-05
14.4 5.06263089969e-06 1.21843908075e-05
14.5 5.41209567115e-06 1.10386722746e-05
14.6 5.78600901822e-06 1.00043452752e-05
14.7 6.18582888855e-06 9.06752169607e-06
14.8 6.61301322977e-06 8.21431342382e-06
14.9 7.06902900061e-06 7.43092853048e-06
15 7.55653499187e-06 6.71629687825e-06
15.1 8.07828768728e-06 6.07039111799e-06
15.2 8.63639661674e-06 5.48627822048e-06
15.3 9.23297131014e-06 4.95702515652e-06
15.4 9.87012129736e-06 4.4756988969e-06
15.5 1.06101497117e-05 3.95817239992e-06
15.6 1.13086120565e-05 3.60164916268e-06
15.7 1.20699150571e-05 3.26928658945e-06
15.8 1.28940587135e-05 2.96108468024e-06
15.9 1.37810430257e-05 2.67704343504e-06
16 1.47309526621e-05 2.41714501369e-06
16.1 1.57538389829e-05 2.17927153245e-06
16.2 1.68566096358e-05 1.96196750724e-06
16.3 1.80392646207e-05 1.76523293806e-06
16.4 1.93018039377e-05 1.58906782493e-06
16.5 2.06442275868e-05 1.43347216783e-06
16.6 2.20688355185e-05 1.29784899847e-06
16.7 2.36029962624e-05 1.17509462299e-06
16.8 2.52546667459e-05 1.06314376513e-06
16.9 2.70238469689e-05 9.61996424866e-07
17 2.89105369315e-05 8.71652602215e-07
17.1 3.09147366335e-05 7.92112297172e-07
17.2 3.304648065e-05 7.22342956203e-07
17.3 3.53470782662e-05 6.58093871182e-07
17.4 3.78210033099e-05 5.98904687126e-07
17.5 4.04682557811e-05 5.44775404034e-07
17.6 4.32888356797e-05 4.95706021907e-07
17.7 4.62827430059e-05 4.51696540743e-07
17.8 4.94893626383e-05 4.12005023855e-07
17.9 5.29772028241e-05 3.75340905331e-07
18 5.67474978577e-05 3.41680933399e-07
18.1 6.08002477389e-05 3.1102510806e-07
18.2 6.51354524678e-05 2.83373429315e-07
18.3 6.97531120443e-05 2.58725897162e-07
18.4 7.46532264685e-05 2.37082511602e-07
18.5 7.98357957404e-05 2.18443272635e-07
18.6 8.5305587379e-05 2.02749476468e-07
18.7 9.11898001883e-05 1.88434888718e-07
18.8 9.75451125506e-05 1.74801612641e-07
18.9 0.000104371524466 1.61849648238e-07
19 0.000111669035934 1.49578995508e-07
19.1 0.000119437646956 1.37989654452e-07
19.2 0.00012767735753 1.27081625069e-07
19.3 0.000136493770175 1.16801708906e-07
19.4 0.000146024863614 1.07080397631e-07
19.5 0.000156271235534 9.79173901521e-08
19.6 0.000167232885935 8.93126864704e-08
19.7 0.000178909814817 8.12662865854e-08
19.8 0.000191302022179 7.37781904973e-08
19.9 0.000204475169799 6.68458112811e-08
20 0.000218667381072 6.04597674161e-08
