"Time" "Prey" "Predator"
0 0.001527121215 4.61918907277
0.1 0.00090857770915 4.18010974646
0.2 0.000571595054613 3.78259433224
0.3 0.000378377325213 3.4227950908
0.4 0.000262138675876 3.0971742357
0.5 0.000189067309322 2.80250169501
0.6 0.000141461422257 2.53584812198
0.7 0.000109626813956 2.2945584843
0.8 8.75755375448e-05 2.0762225051
0.9 7.19235484656e-05 1.87865829408
1 6.06038236857e-05 1.69988964005
1.1 5.23146618544e-05 1.53813305692
1.2 4.62951866085e-05 1.39177050892
1.3 4.1372016468e-05 1.2593309152
1.4 3.76525004333e-05 1.1394939013
1.5 3.48750643359e-05 1.03106085855
1.6 3.27021283291e-05 0.932945716387
1.7 3.10519379745e-05 0.844166893522
1.8 2.98209891935e-05 0.763836153136
1.9 2.89341401483e-05 0.691149664894
2 2.83318707994e-05 0.625379918864
2.1 2.7974840416e-05 0.565868796341
2.2 2.7831689454e-05 0.51202081006
2.3 2.78777841828e-05 0.463296719994
2.4 2.80962853552e-05 0.419209144895
2.5 2.84764993076e-05 0.379317126732
2.6 2.90085819788e-05 0.343221295841
2.7 2.96869171081e-05 0.310560400849
2.8 3.05073401677e-05 0.281007518774
2.9 3.14682142592e-05 0.254266868543
3 3.25696909134e-05 0.230070912963
3.1 3.38133618582e-05 0.208177462645
3.2 3.52021932411e-05 0.188367402837
3.3 3.67402994492e-05 0.170442474861
3.4 3.84328969887e-05 0.154223241169
3.5 4.02862675313e-05 0.139547385322
3.6 4.2307773946e-05 0.126268206787
3.7 4.45056266411e-05 0.114252654957
3.8 4.68891007676e-05 0.103380541765
3.9 4.94684273349e-05 0.0935430372088
4 5.22548178436e-05 0.084641636542
4.1 5.52605445947e-05 0.0765873385936
4.2 5.84989095799e-05 0.0692994500511
4.3 6.19843425976e-05 0.0627051004112
4.4 6.57324213026e-05 0.0567382879676
4.5 6.97599325963e-05 0.0513392613766
4.6 7.40849508985e-05 0.0464540275741
4.7 7.87268976216e-05 0.0420336468838
4.8 8.37066307643e-05 0.0380339183668
4.9 8.90465282558e-05 0.0344148060377
5 9.4770583056e-05 0.0311400757706
5.1 0.00010090450733 0.0281769870145
5.2 0.000107475844092 0.0254958513705
5.3 0.000114514083851 0.0230698551581
5.4 0.000122050798647 0.0208747127924
5.5 0.000130119777911 0.0188884490536
5.6 0.000138757174781 0.0170912077697
5.7 0.00014800167354 0.015464981254
5.8 0.000157894649299 0.0139935069769
5.9 0.000168480361545 0.0126620551352
6 0.00017980614549 0.0114572959094
6.1 0.000191922617485 0.0103671841407
6.2 0.000204883913622 0.00938079836674
6.3 0.000218747911502 0.00848827604346
6.4 0.000233576503181 0.00768068336957
6.5 0.000249435863197 0.00694993489218
6.6 0.000266396735261 0.00628872402099
6.7 0.000284534770563 0.00569042778282
6.8 0.000303930831232 0.00514906240156
6.9 0.000324671399893 0.0046592007532
7 0.000346848918842 0.00421593921119
7.1 0.000370562148443 0.00381486544186
7.2 0.000395916764165 0.00345197721539
7.3 0.000423025794816 0.00312363084805
7.4 0.000452009825086 0.00282652695106
7.5 0.000482997797461 0.00255768056254
7.6 0.000516127975771 0.00231442889233
7.7 0.00055154769534 0.00209432090042
7.8 0.000589414314443 0.00189512283107
7.9 0.00062989678246 0.00171487987713
8 0.000673175200105 0.00155179156285
8.1 0.000719441733538 0.00140420785114
8.2 0.00076890264055 0.00127067060093
8.3 0.00082177808157 0.00114984886017
8.4 0.000878304821864 0.00104048204791
8.5 0.00093872875913 0.000941573810151
8.6 0.00100332429074 0.000852061835389
8.7 0.00107237703471 0.000771058639502
8.8 0.00114619471178 0.000697757169765
8.9 0.001225107682 0.000631437465782
9 0.00130946560326 0.000571425178993
9.1 0.00139963948765 0.000517109629472
9.2 0.00149603644121 0.000467941100271
9.3 0.00159908791561 0.000423433029468
9.4 0.00170924610322 0.000383162682776
9.5 0.00182699312086 0.000346754509053
9.6 0.00195286729105 0.000313805031211
9.7 0.00208742782872 0.000283983767843
9.8 0.00223126238736 0.000257011667036
9.9 0.00238500823686 0.000232624051128
10 0.002549367189 0.000210546728903
10.1 0.00272506390982 0.000190562715482
10.2 0.00291286316984 0.000172485314186
10.3 0.0031136127759 0.000156125487778
10.4 0.00332821764281 0.000141311402361
10.5 0.0035576198627 0.000127903450435
10.6 0.00380282270701 0.000115778988638
10.7 0.00406495996484 0.000104798707599
10.8 0.0043452020192 9.48521863904e-05
10.9 0.00464477220749 8.5849957453e-05
11 0.0049649566403 7.7718744322e-05
11.1 0.00530719424565 7.03748125027e-05
11.2 0.00567307391632 6.37248137584e-05
11.3 0.00606420656665 5.77036516123e-05
11.4 0.0064822886462 5.22556841426e-05
11.5 0.00692912680898 4.73321632329e-05
11.6 0.00740681066778 4.28733691427e-05
11.7 0.0079174829982 3.88323749195e-05
11.8 0.00846337673255 3.51712206571e-05
11.9 0.00904684037361 3.18582853343e-05
12 0.00967049268359 2.88603315502e-05
12.1 0.0103372282781 2.61422178425e-05
12.2 0.0110499832842 2.36789503059e-05
12.3 0.0118118495353 2.14498098216e-05
12.4 0.0126261171691 1.94369308494e-05
12.5 0.0134965918258 1.76147452363e-05
12.6 0.0144271803258 1.59637706446e-05
12.7 0.0154219516384 1.44685815473e-05
12.8 0.0164851853457 1.31161963861e-05
12.9 0.0176216466581 1.18929210922e-05
13 0.0188366156458 1.07840135886e-05
13.1 0.0201354440418 9.77877055379e-06
13.2 0.0215237673795 8.86809262516e-06
13.3 0.02300756591 8.04415535169e-06
13.4 0.0245936762534 7.29767842795e-06
13.5 0.0262892150812 6.62100159458e-06
13.6 0.028101630066 6.00781271221e-06
13.7 0.030038916137 5.45239032075e-06
13.8 0.0321099109779 4.9488432921e-06
13.9 0.0343237665552 4.49247064292e-06
14 0.0366901206138 4.07932036054e-06
14.1 0.0392195552788 3.70532452944e-06
14.2 0.041923555217 3.36637727333e-06
14.3 0.0448140109659 3.05926000092e-06
14.4 0.0479035006388 2.78116727085e-06
14.5 0.0512060639884 2.5291670904e-06
14.6 0.0547365100943 2.30068361731e-06
14.7 0.0585103103782 2.09357175297e-06
14.8 0.0625439475517 1.90593276977e-06
14.9 0.0668557358259 1.73580334969e-06
15 0.071464836465 1.58152881197e-06
15.1 0.07639157533 1.44166135224e-06
15.2 0.081658140129 1.31479420432e-06
15.3 0.0872878582156 1.19972377024e-06
15.4 0.0933054655844 1.09539889147e-06
15.5 0.0997381000264 1.00075897275e-06
15.6 0.106614295936 9.14894272424e-07
15.7 0.113964264638 8.37013213777e-07
15.8 0.121821134031 7.66335880633e-07
15.9 0.130219790381 7.02186781723e-07
16 0.139197128197 6.43979666362e-07
16.1 0.148793582954 5.91139023533e-07
16.2 0.159051800061 5.43164794282e-07
16.3 0.170016803736 4.99626190965e-07
16.4 0.18173772777 4.60101964009e-07
16.5 0.194266730491 4.24216122413e-07
16.6 0.207659413687 3.91635030715e-07
16.7 0.221975635305 3.62052880466e-07
16.8 0.237278579417 3.35204029484e-07
16.9 0.253636671536 3.10836963143e-07
17 0.271122521593 2.88728731569e-07
17.1 0.289813621729 2.68680429608e-07
17.2 0.309793610968 2.50506078921e-07
17.3 0.331150701164 2.34045482302e-07
17.4 0.353980370613 2.19149274761e-07
17.5 0.378383977374 2.0568575004e-07
17.6 0.404469649349 1.93538372149e-07
17.7 0.432354125786 1.82599228197e-07
17.8 0.462160517354 1.72776690554e-07
17.9 0.494022054213 1.63987003201e-07
18 0.528080226646 1.56157923056e-07
18.1 0.564485704413 1.49228102627e-07
18.2 0.603401170052 1.43143624382e-07
18.3 0.644999299844 1.37860911814e-07
18.4 0.689465541292 1.33345510766e-07
18.5 0.736996908947 1.29572543322e-07
18.6 0.787805452539 1.26526962558e-07
18.7 0.842116311355 1.24203726468e-07
18.8 0.900171767383 1.22610416608e-07
18.9 0.962229029375 1.21765918187e-07
19 1.02856511889 1.21707098389e-07
19.1 1.0994737993 1.22484768219e-07
19.2 1.17527085082 1.2417589248e-07
19.3 1.25629316042 1.2688089987e-07
19.4 1.34290057957 1.30734942387e-07
19.5 1.43547840236 1.35920354523e-07
19.6 1.53443893989 1.42668733674e-07
19.7 1.64022202174 1.51299667359e-07
19.8 1.75329767484 1.62215107095e-07
19.9 1.87416868027 1.75968650256e-07
20 2.00337256502 1.9330184769e-07
