"Time" "Prey" "Predator"
0 0.931359779981 36.0999973284
0.1 0.00950055117782 33.3122206192
0.2 0.000148125444516 30.1487327807
0.3 3.40125839924e-06 27.2797951151
0.4 1.62454341463e-07 24.6838010206
0.5 -7.19623671578e-08 22.3348353885
0.6 -1.17275628034e-07 20.2093938992
0.7 -1.30019390796e-07 18.2862126965
0.8 -1.30019390796e-07 16.5460489172
0.9 -1.30019390796e-07 14.9714811374
1 -1.30019390796e-07 13.5467514112
1.1 -1.30019390796e-07 12.2576031914
1.2 -1.30019390796e-07 11.0911340118
1.3 -1.30019390796e-07 10.0356697227
1.4 -1.30019390796e-07 9.08064573087
1.5 -1.30019390796e-07 8.21650698298
1.6 -1.30019390796e-07 7.43460756306
1.7 -1.30019390796e-07 6.7271152971
1.8 -1.30019390796e-07 6.0869460554
1.9 -1.30019390796e-07 5.50769676978
2 -1.30019390796e-07 4.98357052684
2.1 -1.30019390796e-07 4.50932164237
2.2 -1.30019390796e-07 4.08020333777
2.3 -1.30019390796e-07 3.69192129566
2.4 -1.30019390796e-07 3.34058972185
2.5 -1.30019390796e-07 3.02268910704
2.6 -1.30019390796e-07 2.73503994881
2.7 -1.30019390796e-07 2.47476590164
2.8 -1.30019390796e-07 2.2392603823
2.9 -1.30019390796e-07 2.026166909
3 -1.30019390796e-07 1.83335174886
3.1 -1.30019390796e-07 1.65888500046
3.2 -1.30019390796e-07 1.50102104026
3.3 -1.30019390796e-07 1.35818003523
3.4 -1.30019390796e-07 1.22893215319
3.5 -1.30019390796e-07 1.11198369092
3.6 -1.30019390796e-07 1.00616432806
3.7 -1.30019390796e-07 0.910414475419
3.8 -1.30019390796e-07 0.82377650619
3.9 -1.30019390796e-07 0.745383798944
4 -1.30019390796e-07 0.67445095112
4.1 -1.30019390796e-07 0.610268573959
4.2 -1.30019390796e-07 0.552193735024
4.3 -1.30019390796e-07 0.499645423853
4.4 -1.30019390796e-07 0.452097841024
4.5 -1.30019390796e-07 0.409074795181
4.6 -1.30019390796e-07 0.370146229716
4.7 -1.30019390796e-07 0.334922139715
4.8 -1.30019390796e-07 0.303050076572
4.9 -1.30019390796e-07 0.274211044157
5 -1.30019390796e-07 0.248116271574
5.1 -1.30019390796e-07 0.224504898734
5.2 -1.30019390796e-07 0.203140367456
5.3 -1.30019390796e-07 0.183808979906
5.4 -1.30019390796e-07 0.166317257626
5.5 -1.30019390796e-07 0.150490031086
5.6 -1.30019390796e-07 0.136169027822
5.7 -1.30019390796e-07 0.123210777973
5.8 -1.30019390796e-07 0.11148569836
5.9 -1.30019390796e-07 0.100876431105
6 -1.30019390796e-07 0.091276738581
6.1 -1.30019390796e-07 0.08259062308
6.2 -1.30019390796e-07 0.0747310589702
6.3 -1.30019390796e-07 0.0676194483816
6.4 -1.30019390796e-07 0.0611846013345
6.5 -1.30019390796e-07 0.0553620893759
6.6 -1.30019390796e-07 0.0500936995762
6.7 -1.30019390796e-07 0.045326642255
6.8 -1.30019390796e-07 0.0410132396857
6.9 -1.30019390796e-07 0.0371103114873
7 -1.30019390796e-07 0.0335787814389
7.1 -1.30019390796e-07 0.0303833423928
7.2 -1.30019390796e-07 0.0274919760667
7.3 -1.30019390796e-07 0.02487576661
7.4 -1.30019390796e-07 0.0225085243709
7.5 -1.30019390796e-07 0.0203665467281
7.6 -1.30019390796e-07 0.0184284163649
7.7 -1.30019390796e-07 0.0166747142326
7.8 -1.30019390796e-07 0.0150879033535
7.9 -1.30019390796e-07 0.0136520992995
8 -1.30019390796e-07 0.012352925353
8.1 -1.30019390796e-07 0.0111773911044
8.2 -1.30019390796e-07 0.0101137182884
8.3 -1.30019390796e-07 0.00915126714858
8.4 -1.30019390796e-07 0.00828041068809
8.5 -1.30019390796e-07 0.00749242203903
8.6 -1.30019390796e-07 0.00677942107341
8.7 -1.30019390796e-07 0.00613425525642
8.8 -1.30019390796e-07 0.00555048355516
8.9 -1.30019390796e-07 0.00502229165157
9 -1.30019390796e-07 0.00454438006854
9.1 -1.30019390796e-07 0.00411195370984
9.2 -1.30019390796e-07 0.00372066348764
9.3 -1.30019390796e-07 0.00336662395332
9.4 -1.30019390796e-07 0.00304627811679
9.5 -1.30019390796e-07 0.00275638303779
9.6 -1.30019390796e-07 0.00249407874483
9.7 -1.30019390796e-07 0.00225674173135
9.8 -1.30019390796e-07 0.00204197550325
9.9 -1.30019390796e-07 0.00184765658317
10 -1.30019390796e-07 0.00167183852282
10.1 -1.30019390796e-07 0.00151273820154
10.2 -1.30019390796e-07 0.0013687827099
10.3 -1.30019390796e-07 0.00123853221825
10.4 -1.30019390796e-07 0.00112066688378
10.5 -1.30019390796e-07 0.00101402567886
10.6 -1.30019390796e-07 0.000917543425242
10.7 -1.30019390796e-07 0.000830234800138
10.8 -1.30019390796e-07 0.000751218896269
10.9 -1.30019390796e-07 0.000679728787913
11 -1.30019390796e-07 0.000615044252476
11.1 -1.30019390796e-07 0.000556505688313
11.2 -1.30019390796e-07 0.000503540243508
11.3 -1.30019390796e-07 0.000455621553289
11.4 -1.30019390796e-07 0.000412262096129
11.5 -1.30019390796e-07 0.000373025005748
11.6 -1.30019390796e-07 0.000337527579241
11.7 -1.30019390796e-07 0.000305410349081
11.8 -1.30019390796e-07 0.000276343163554
11.9 -1.30019390796e-07 0.000250042189825
12 -1.30019390796e-07 0.000226246502881
12.1 -1.30019390796e-07 0.000204714538965
12.2 -1.30019390796e-07 0.000185227023946
12.3 -1.30019390796e-07 0.000167601673142
12.4 -1.30019390796e-07 0.000151652982913
12.5 -1.30019390796e-07 0.000137220070129
12.6 -1.30019390796e-07 0.000124164135481
12.7 -1.30019390796e-07 0.000112353618858
12.8 -1.30019390796e-07 0.000101666084376
12.9 -1.30019390796e-07 9.1990093866e-05
13 -1.30019390796e-07 8.3226848124e-05
13.1 -1.30019390796e-07 7.52904650748e-05
13.2 -1.30019390796e-07 6.81051955279e-05
13.3 -1.30019390796e-07 6.16067352714e-05
13.4 -1.30019390796e-07 5.57393020055e-05
13.5 -1.30019390796e-07 5.0431699841e-05
13.6 -1.30019390796e-07 4.56277907002e-05
13.7 -1.30019390796e-07 4.12826249473e-05
13.8 -1.30019390796e-07 3.7358595687e-05
13.9 -1.30019390796e-07 3.38151997568e-05
14 -1.30019390796e-07 3.06073023734e-05
14.1 -1.30019390796e-07 2.7702506805e-05
14.2 -1.30019390796e-07 2.50729687959e-05
14.3 -1.30019390796e-07 2.26569222045e-05
14.4 -1.30019390796e-07 2.05274424628e-05
14.5 -1.30019390796e-07 1.8583731395e-05
14.6 -1.30019390796e-07 1.68167568788e-05
14.7 -1.30019390796e-07 1.5217486792e-05
14.8 -1.30019390796e-07 1.37727280652e-05
14.9 -1.30019390796e-07 1.24662421097e-05
15 -1.30019390796e-07 1.12858943605e-05
15.1 -1.30019390796e-07 1.02195663014e-05
15.2 -1.30019390796e-07 9.25513941648e-06
15.3 -1.30019390796e-07 8.38125086392e-06
15.4 -1.30019390796e-07 7.59258999035e-06
15.5 -1.30019390796e-07 6.8808535962e-06
15.6 -1.30019390796e-07 6.23664000217e-06
15.7 -1.30019390796e-07 5.65054752896e-06
15.8 -1.30019390796e-07 5.1131744973e-06
15.9 -1.30019390796e-07 4.62146712456e-06
16 -1.30019390796e-07 4.1770178397e-06
16.1 -1.30019390796e-07 3.77515801711e-06
16.2 -1.30019390796e-07 3.41119454708e-06
16.3 -1.30019390796e-07 3.08043431991e-06
16.4 -1.30019390796e-07 2.71998393599e-06
16.5 -1.30019390796e-07 2.47599250036e-06
16.6 -1.30019390796e-07 2.24835694552e-06
16.7 -1.30019390796e-07 2.03707727146e-06
16.8 -1.30019390796e-07 1.84215347818e-06
16.9 -1.30019390796e-07 1.66358556568e-06
17 -1.30019390796e-07 1.50030336033e-06
17.1 -1.30019390796e-07 1.35095043771e-06
17.2 -1.30019390796e-07 1.21552216603e-06
17.3 -1.30019390796e-07 1.09401854529e-06
17.4 -1.30019390796e-07 9.86439575489e-07
17.5 -1.30019390796e-07 8.92668086846e-07
17.6 -1.30019390796e-07 8.08388211844e-07
17.7 -1.30019390796e-07 7.31421935782e-07
17.8 -1.30019390796e-07 6.6176925866e-07
17.9 -1.30019390796e-07 5.99430180478e-07
18 -1.30019390796e-07 5.44404701236e-07
18.1 -1.30019390796e-07 4.96319390099e-07
18.2 -1.30019390796e-07 4.5227289473e-07
18.3 -1.30019390796e-07 4.11651775044e-07
18.4 -1.30019390796e-07 3.74456031041e-07
18.5 -1.30019390796e-07 3.40685662721e-07
18.6 -1.30019390796e-07 3.10340670083e-07
18.7 -1.30019390796e-07 2.83065843931e-07
18.8 -1.30019390796e-07 2.57789596636e-07
18.9 -1.30019390796e-07 2.34439064284e-07
19 -1.30019390796e-07 2.13014246874e-07
19.1 -1.30019390796e-07 1.93515144406e-07
19.2 -1.30019390796e-07 1.75941756881e-07
19.3 -1.30019390796e-07 1.59979151076e-07
19.4 -1.30019390796e-07 1.45228155216e-07
19.5 -1.30019390796e-07 1.31687406246e-07
19.6 -1.30019390796e-07 1.19356904165e-07
19.7 -1.30019390796e-07 1.08236648973e-07
19.8 -1.30019390796e-07 9.83179537189e-08
19.9 -1.30019390796e-07 8.9280840568e-08
20 -1.30019390796e-07 8.09638318045e-08
