"Time" "Prey" "Predator"
0 35.275668785 22.1732265389
0.1 0.158672714107 44.8097234578
0.2 0.000568478200695 40.6558966302
0.3 3.45807446745e-06 36.7873697859
0.4 -1.15274542954e-07 33.2865987975
0.5 -8.08777536065e-08 30.1189629653
0.6 -8.08777536065e-08 27.2527677489
0.7 -8.08777536065e-08 24.6593187701
0.8 -8.08777536065e-08 22.3126639094
0.9 -8.08777536065e-08 20.1893293105
1 -8.08777536065e-08 18.26805671
1.1 -8.08777536065e-08 16.5296162134
1.2 -8.08777536065e-08 14.9566118231
1.3 -8.08777536065e-08 13.5333204268
1.4 -8.08777536065e-08 12.2454529544
1.5 -8.08777536065e-08 11.0801424275
1.6 -8.08777536065e-08 10.0257293727
1.7 -8.08777536065e-08 9.07165544865
1.8 -8.08777536065e-08 8.20837346993
1.9 -8.08777536065e-08 7.42724393963
2 -8.08777536065e-08 6.72044850398
2.1 -8.08777536065e-08 6.08091358715
2.2 -8.08777536065e-08 5.50223877635
2.3 -8.08777536065e-08 4.9786304428
2.4 -8.08777536065e-08 4.50485035781
2.5 -8.08777536065e-08 4.0761567195
2.6 -8.08777536065e-08 3.68825921563
2.7 -8.08777536065e-08 3.33727494564
2.8 -8.08777536065e-08 3.01969108843
2.9 -8.08777536065e-08 2.73232946985
3 -8.08777536065e-08 2.47231392969
3.1 -8.08777536065e-08 2.23704208934
3.2 -8.08777536065e-08 2.02415924224
3.3 -8.08777536065e-08 1.83153427474
3.4 -8.08777536065e-08 1.65724037337
3.5 -8.08777536065e-08 1.49953281941
3.6 -8.08777536065e-08 1.35683310733
3.7 -8.08777536065e-08 1.22771338609
3.8 -8.08777536065e-08 1.11088071095
3.9 -8.08777536065e-08 1.00516645428
4 -8.08777536065e-08 0.909511925244
4.1 -8.08777536065e-08 0.822960380369
4.2 -8.08777536065e-08 0.744645262252
4.3 -8.08777536065e-08 0.67378282281
4.4 -8.08777536065e-08 0.609663880715
4.5 -8.08777536065e-08 0.551646525571
4.6 -8.08777536065e-08 0.49915042904
4.7 -8.08777536065e-08 0.45164984954
4.8 -8.08777536065e-08 0.408669688426
4.9 -8.08777536065e-08 0.369779562676
5 -8.08777536065e-08 0.334590355576
5.1 -8.08777536065e-08 0.302749840146
5.2 -8.08777536065e-08 0.273939309165
5.3 -8.08777536065e-08 0.24787054204
5.4 -8.08777536065e-08 0.224282478291
5.5 -8.08777536065e-08 0.202939187036
5.6 -8.08777536065e-08 0.183626927874
5.7 -8.08777536065e-08 0.166152505853
5.8 -8.08777536065e-08 0.150340981544
5.9 -8.08777536065e-08 0.136034117942
6 -8.08777536065e-08 0.123088758211
6.1 -8.08777536065e-08 0.111375283682
6.2 -8.08777536065e-08 0.100776519475
6.3 -8.08777536065e-08 0.0911863027426
6.4 -8.08777536065e-08 0.082508754964
6.5 -8.08777536065e-08 0.0746570047076
6.6 -8.08777536065e-08 0.0675524299618
6.7 -8.08777536065e-08 0.0611239801436
6.8 -8.08777536065e-08 0.055307245763
6.9 -8.08777536065e-08 0.0500440600095
7 -8.08777536065e-08 0.0452817310278
7.1 -8.08777536065e-08 0.0409725825562
7.2 -8.08777536065e-08 0.0370735336526
7.3 -8.08777536065e-08 0.0335455136868
7.4 -8.08777536065e-08 0.030353236413
7.5 -8.08777536065e-08 0.0274647413122
7.6 -8.08777536065e-08 0.0248511123623
7.7 -8.08777536065e-08 0.0224862192248
7.8 -8.08777536065e-08 0.020346365035
7.9 -8.08777536065e-08 0.0184101514208
8 -8.08777536065e-08 0.0166581940573
8.1 -8.08777536065e-08 0.0150729519043
8.2 -8.08777536065e-08 0.013638572916
8.3 -8.08777536065e-08 0.0123406856154
8.4 -8.08777536065e-08 0.0111663098499
8.5 -8.08777536065e-08 0.0101036970895
8.6 -8.08777536065e-08 0.00914219986935
8.7 -8.08777536065e-08 0.00827220177932
8.8 -8.08777536065e-08 0.00748497811038
8.9 -8.08777536065e-08 0.00677266988929
9 -8.08777536065e-08 0.00612817477117
9.1 -8.08777536065e-08 0.00554502726532
9.2 -8.08777536065e-08 0.0050173747044
9.3 -8.08777536065e-08 0.00453992363191
9.4 -8.08777536065e-08 0.00410792629544
9.5 -8.08777536065e-08 0.00371702920204
9.6 -8.08777536065e-08 0.00336330116784
9.7 -8.08777536065e-08 0.00304324673705
9.8 -8.08777536065e-08 0.00275364630204
9.9 -8.08777536065e-08 0.00249159483687
10 -8.08777536065e-08 0.00225449640046
10.1 -8.08777536065e-08 0.00203995807881
10.2 -8.08777536065e-08 0.00184582639171
10.3 -8.08777536065e-08 0.00167017907253
10.4 -8.08777536065e-08 0.00151124249571
10.5 -8.08777536065e-08 0.00136743003241
10.6 -8.08777536065e-08 0.00123732036941
10.7 -8.08777536065e-08 0.00111959411862
10.8 -8.08777536065e-08 0.00101304403382
10.9 -8.08777536065e-08 0.000916634873594
11 -8.08777536065e-08 0.000829406235694
11.1 -8.08777536065e-08 0.00075047099068
11.2 -8.08777536065e-08 0.000679041295576
11.3 -8.08777536065e-08 0.00061441811781
11.4 -8.08777536065e-08 0.000555948799373
11.5 -8.08777536065e-08 0.000503036368996
11.6 -8.08777536065e-08 0.000455164552589
11.7 -8.08777536065e-08 0.000411853997361
11.8 -8.08777536065e-08 0.000372660384733
11.9 -8.08777536065e-08 0.000337191178332
12 -8.08777536065e-08 0.000305100716052
12.1 -8.08777536065e-08 0.000276065235289
12.2 -8.08777536065e-08 0.000249782047451
12.3 -8.08777536065e-08 0.000226015069896
12.4 -8.08777536065e-08 0.000204507967107
12.5 -8.08777536065e-08 0.000185045718591
12.6 -8.08777536065e-08 0.000167436907257
12.7 -8.08777536065e-08 0.000151509153083
12.8 -8.08777536065e-08 0.00013709806312
12.9 -8.08777536065e-08 0.000124053502059
13 -8.08777536065e-08 0.000112240288047
13.1 -8.08777536065e-08 0.000101541430205
13.2 -8.08777536065e-08 9.18532724591e-05
13.3 -8.08777536065e-08 8.30866494896e-05
13.4 -8.08777536065e-08 7.5167206188e-05
13.5 -8.08777536065e-08 6.80108167823e-05
13.6 -8.08777536065e-08 6.15330141908e-05
13.7 -8.08777536065e-08 5.56718079843e-05
13.8 -8.08777536065e-08 5.03747358209e-05
13.9 -8.08777536065e-08 4.55946158874e-05
14 -8.08777536065e-08 4.12697835555e-05
14.1 -8.08777536065e-08 3.73537357204e-05
14.2 -8.08777536065e-08 3.3808074323e-05
14.3 -8.08777536065e-08 3.05300968958e-05
14.4 -8.08777536065e-08 2.76710218887e-05
14.5 -8.08777536065e-08 2.50574845463e-05
14.6 -8.08777536065e-08 2.26777680615e-05
14.7 -8.08777536065e-08 2.05201556274e-05
14.8 -8.08777536065e-08 1.85711423932e-05
14.9 -8.08777536065e-08 1.68086254823e-05
15 -8.08777536065e-08 1.52158378623e-05
15.1 -8.08777536065e-08 1.37770586823e-05
15.2 -8.08777536065e-08 1.24765670916e-05
15.3 -8.08777536065e-08 1.12986552853e-05
15.4 -8.08777536065e-08 1.02336042931e-05
15.5 -8.08777536065e-08 9.27307097449e-06
15.6 -8.08777536065e-08 8.40485724763e-06
15.7 -8.08777536065e-08 7.6167650307e-06
15.8 -8.08777536065e-08 6.89659624186e-06
15.9 -8.08777536065e-08 6.23488082079e-06
16 -8.08777536065e-08 5.63526672929e-06
16.1 -8.08777536065e-08 5.09326102266e-06
16.2 -8.08777536065e-08 4.60277459549e-06
16.3 -8.08777536065e-08 4.15771834234e-06
16.4 -8.08777536065e-08 3.65696671867e-06
16.5 -8.08777536065e-08 3.33220628148e-06
16.6 -8.08777536065e-08 3.0286664976e-06
16.7 -8.08777536065e-08 2.74634736703e-06
16.8 -8.08777536065e-08 2.48524888977e-06
16.9 -8.08777536065e-08 2.24537106582e-06
17 -8.08777536065e-08 2.02623374823e-06
17.1 -8.08777536065e-08 1.82547944362e-06
17.2 -8.08777536065e-08 1.64279120976e-06
17.3 -8.08777536065e-08 1.47816904666e-06
17.4 -8.08777536065e-08 1.33161295431e-06
17.5 -8.08777536065e-08 1.20312293272e-06
17.6 -8.08777536065e-08 1.08994227745e-06
17.7 -8.08777536065e-08 9.86418836961e-07
17.8 -8.08777536065e-08 8.92384027215e-07
17.9 -8.08777536065e-08 8.07837848211e-07
18 -8.08777536065e-08 7.32780299948e-07
18.1 -8.08777536065e-08 6.67204631285e-07
18.2 -8.08777536065e-08 6.08341066286e-07
18.3 -8.08777536065e-08 5.53921546532e-07
18.4 -8.08777536065e-08 5.03946072025e-07
18.5 -8.08777536065e-08 4.58414642763e-07
18.6 -8.08777536065e-08 4.17327258749e-07
18.7 -8.08777536065e-08 3.80595350836e-07
18.8 -8.08777536065e-08 3.46836181135e-07
18.9 -8.08777536065e-08 3.15575432879e-07
19 -8.08777536065e-08 2.8681310607e-07
19.1 -8.08777536065e-08 2.60549200706e-07
19.2 -8.08777536065e-08 2.36783716789e-07
19.3 -8.08777536065e-08 2.15375370237e-07
19.4 -8.08777536065e-08 1.95630464482e-07
19.5 -8.08777536065e-08 1.77455738723e-07
19.6 -8.08777536065e-08 1.60851192958e-07
19.7 -8.08777536065e-08 1.45816827189e-07
19.8 -8.08777536065e-08 1.32352641416e-07
19.9 -8.08777536065e-08 1.20254258821e-07
20 -8.08777536065e-08 1.09102639657e-07
