"Time" "Prey" "Predator"
0 31.0347477805 8.32407427081
0.1 1.97471745136 28.6715111719
0.2 0.0481351442997 27.306423455
0.3 0.00160414524739 24.7408865337
0.4 7.42190166429e-05 22.3875694441
0.5 4.6668391513e-06 20.2571604557
0.6 3.70534589893e-07 18.3294404535
0.7 3.77766473192e-08 16.5851645588
0.8 -1.73632581282e-08 15.006878951
0.9 -3.73016091856e-08 13.578777275
1 -4.03968695415e-08 12.2865834992
1.1 -4.03968695415e-08 11.1173584375
1.2 -4.03968695415e-08 10.059399423
1.3 -4.03968695415e-08 9.10211693289
1.4 -4.03968695415e-08 8.23594193231
1.5 -4.03968695415e-08 7.45219395675
1.6 -4.03968695415e-08 6.74302104471
1.7 -4.03968695415e-08 6.10133914024
1.8 -4.03968695415e-08 5.52072027785
1.9 -4.03968695415e-08 4.99535435284
2 -4.03968695415e-08 4.51998370166
2.1 -4.03968695415e-08 4.08985062651
2.2 -4.03968695415e-08 3.70065006033
2.3 -4.03968695415e-08 3.3484870714
2.4 -4.03968695415e-08 3.02983632536
2.5 -4.03968695415e-08 2.74150831435
2.6 -4.03968695415e-08 2.480619096
2.7 -4.03968695415e-08 2.24455686102
2.8 -4.03968695415e-08 2.03095906147
2.9 -4.03968695415e-08 1.83768773322
3 -4.03968695415e-08 1.66280853069
3.1 -4.03968695415e-08 1.50457137279
3.2 -4.03968695415e-08 1.36139247055
3.3 -4.03968695415e-08 1.23183879633
3.4 -4.03968695415e-08 1.11461365064
3.5 -4.03968695415e-08 1.00854357191
3.6 -4.03968695415e-08 0.912567824194
3.7 -4.03968695415e-08 0.825725276535
3.8 -4.03968695415e-08 0.747147006136
3.9 -4.03968695415e-08 0.676046559344
4 -4.03968695415e-08 0.611712037157
4.1 -4.03968695415e-08 0.55349996489
4.2 -4.03968695415e-08 0.50082728021
4.3 -4.03968695415e-08 0.453167243069
4.4 -4.03968695415e-08 0.410042636491
4.5 -4.03968695415e-08 0.371021866731
4.6 -4.03968695415e-08 0.335714471075
4.7 -4.03968695415e-08 0.303766902746
4.8 -4.03968695415e-08 0.274859671055
4.9 -4.03968695415e-08 0.248703238202
5 -4.03968695415e-08 0.225035979768
5.1 -4.03968695415e-08 0.203620958995
5.2 -4.03968695415e-08 0.184243819876
5.3 -4.03968695415e-08 0.166710708275
5.4 -4.03968695415e-08 0.150846029179
5.5 -4.03968695415e-08 0.136491135564
5.6 -4.03968695415e-08 0.123502258471
5.7 -4.03968695415e-08 0.111749452157
5.8 -4.03968695415e-08 0.101115063161
5.9 -4.03968695415e-08 0.0914926316598
6 -4.03968695415e-08 0.0827859644075
6.1 -4.03968695415e-08 0.0749078165435
6.2 -4.03968695415e-08 0.0677793915903
6.3 -4.03968695415e-08 0.0613293302133
6.4 -4.03968695415e-08 0.0554930484731
6.5 -4.03968695415e-08 0.0502121931218
6.6 -4.03968695415e-08 0.0454338525289
6.7 -4.03968695415e-08 0.0411102435251
6.8 -4.03968695415e-08 0.0371980880185
6.9 -4.03968695415e-08 0.0336582105373
7 -4.03968695415e-08 0.0304552137442
7.1 -4.03968695415e-08 0.0275570066418
7.2 -4.03968695415e-08 0.0249346065965
7.3 -4.03968695415e-08 0.0225617639091
7.4 -4.03968695415e-08 0.0204147190102
7.5 -4.03968695415e-08 0.0184720051933
7.6 -4.03968695415e-08 0.0167141569934
7.7 -4.03968695415e-08 0.015123593327
7.8 -4.03968695415e-08 0.0136843922733
7.9 -4.03968695415e-08 0.0123821438727
8 -4.03968695415e-08 0.0112038280805
8.1 -4.03968695415e-08 0.0101376405262
8.2 -4.03968695415e-08 0.00917291532757
8.3 -4.03968695415e-08 0.00829998623472
8.4 -4.03968695415e-08 0.00751011440698
8.5 -4.03968695415e-08 0.00679542763955
8.6 -4.03968695415e-08 0.00614877511194
8.7 -4.03968695415e-08 0.00556367173796
8.8 -4.03968695415e-08 0.00503423501489
8.9 -4.03968695415e-08 0.00455518969311
9 -4.03968695415e-08 0.00412174147528
9.1 -4.03968695415e-08 0.00372950803927
9.2 -4.03968695415e-08 0.00337459922474
9.3 -4.03968695415e-08 0.00305347242889
9.4 -4.03968695415e-08 0.00276288872319
9.5 -4.03968695415e-08 0.00249996731312
9.6 -4.03968695415e-08 0.00226207516321
9.7 -4.03968695415e-08 0.00204680608984
9.8 -4.03968695415e-08 0.00185202956835
9.9 -4.03968695415e-08 0.00167579279439
10 -4.03968695415e-08 0.00151631728868
10.1 -4.03968695415e-08 0.00137203428948
10.2 -4.03968695415e-08 0.00124149298795
10.3 -4.03968695415e-08 0.00112335417614
10.4 -4.03968695415e-08 0.00101644411829
10.5 -4.03968695415e-08 0.000919715873709
10.6 -4.03968695415e-08 0.000832192215681
10.7 -4.03968695415e-08 0.000752983735222
10.8 -4.03968695415e-08 0.000681319824837
10.9 -4.03968695415e-08 0.000616483443169
11 -4.03968695415e-08 0.000557812830297
11.1 -4.03968695415e-08 0.000504724826471
11.2 -4.03968695415e-08 0.000456696670663
11.3 -4.03968695415e-08 0.000413239771947
11.4 -4.03968695415e-08 0.000373908695348
11.5 -4.03968695415e-08 0.000338322530014
11.6 -4.03968695415e-08 0.0003061255443
11.7 -4.03968695415e-08 0.000276975513621
11.8 -4.03968695415e-08 0.000250624035017
11.9 -4.03968695415e-08 0.000226775339819
12 -4.03968695415e-08 0.000205195390925
12.1 -4.03968695415e-08 0.000185667071538
12.2 -4.03968695415e-08 0.000168003025481
12.3 -4.03968695415e-08 0.000152023093733
12.4 -4.03968695415e-08 0.00013756124817
12.5 -4.03968695415e-08 0.000124466696001
12.6 -4.03968695415e-08 0.000112607258207
12.7 -4.03968695415e-08 0.000101867044526
12.8 -4.03968695415e-08 9.21447071783e-05
12.9 -4.03968695415e-08 8.33547245638e-05
13 -4.03968695415e-08 7.54181340119e-05
13.1 -4.03968695415e-08 6.82359541363e-05
13.2 -4.03968695415e-08 6.17358880289e-05
13.3 -4.03968695415e-08 5.58579713853e-05
13.4 -4.03968695415e-08 5.05520871712e-05
13.5 -4.03968695415e-08 4.57573312076e-05
13.6 -4.03968695415e-08 4.14162126012e-05
13.7 -4.03968695415e-08 3.74853194344e-05
13.8 -4.03968695415e-08 3.39274783412e-05
13.9 -4.03968695415e-08 3.06670651501e-05
14 -4.03968695415e-08 2.77795347532e-05
14.1 -4.03968695415e-08 2.51460722933e-05
14.2 -4.03968695415e-08 2.27541976459e-05
14.3 -4.03968695415e-08 2.05912987317e-05
14.4 -4.03968695415e-08 1.86364783033e-05
14.5 -4.03968695415e-08 1.68691819023e-05
14.6 -4.03968695415e-08 1.52726655585e-05
14.7 -4.03968695415e-08 1.3830185302e-05
14.8 -4.03968695415e-08 1.25249971626e-05
14.9 -4.03968695415e-08 1.13426988243e-05
15 -4.03968695415e-08 1.02763472456e-05
15.1 -4.03968695415e-08 9.31356016944e-06
15.2 -4.03968695415e-08 8.44134571922e-06
15.3 -4.03968695415e-08 7.64671201832e-06
15.4 -4.03968695415e-08 6.91686854654e-06
15.5 -4.03968695415e-08 6.25166755085e-06
15.6 -4.03968695415e-08 5.65043819848e-06
15.7 -4.03968695415e-08 5.10669503539e-06
15.8 -4.03968695415e-08 4.61395260754e-06
15.9 -4.03968695415e-08 4.1657254609e-06
16 -4.03968695415e-08 3.68576216239e-06
16.1 -4.03968695415e-08 3.35335863556e-06
16.2 -4.03968695415e-08 3.04355668714e-06
16.3 -4.03968695415e-08 2.75635631715e-06
16.4 -4.03968695415e-08 2.49175752558e-06
16.5 -4.03968695415e-08 2.24972317271e-06
16.6 -4.03968695415e-08 2.02814810836e-06
16.7 -4.03968695415e-08 1.82581488199e-06
16.8 -4.03968695415e-08 1.6427234936e-06
16.9 -4.03968695415e-08 1.47887394319e-06
17 -4.03968695415e-08 1.33426623076e-06
17.1 -4.03968695415e-08 1.20817428327e-06
17.2 -4.03968695415e-08 1.09384012248e-06
17.3 -4.03968695415e-08 9.89612140619e-07
17.4 -4.03968695415e-08 8.95490337692e-07
17.5 -4.03968695415e-08 8.11474713697e-07
17.6 -4.03968695415e-08 7.37565268636e-07
17.7 -4.03968695415e-08 6.72631546056e-07
17.8 -4.03968695415e-08 6.12762651209e-07
17.9 -4.03968695415e-08 5.57627025023e-07
18 -4.03968695415e-08 5.07224667498e-07
18.1 -4.03968695415e-08 4.61555578634e-07
18.2 -4.03968695415e-08 4.2061975843e-07
18.3 -4.03968695415e-08 3.83580386897e-07
18.4 -4.03968695415e-08 3.49212667632e-07
18.5 -4.03968695415e-08 3.17505966112e-07
18.6 -4.03968695415e-08 2.88460282337e-07
18.7 -4.03968695415e-08 2.62075616308e-07
18.8 -4.03968695415e-08 2.38341039149e-07
18.9 -4.03968695415e-08 2.16637081314e-07
19 -4.03968695415e-08 1.96605491151e-07
19.1 -4.03968695415e-08 1.78246268662e-07
19.2 -4.03968695415e-08 1.61559413845e-07
19.3 -4.03968695415e-08 1.46544926701e-07
19.4 -4.03968695415e-08 1.33148977598e-07
19.5 -4.03968695415e-08 1.20870543273e-07
19.6 -4.03968695415e-08 1.09587176766e-07
19.7 -4.03968695415e-08 9.92988780745e-08
19.8 -4.03968695415e-08 9.00056471999e-08
19.9 -4.03968695415e-08 8.17074841419e-08
20 -4.03968695415e-08 7.43122519269e-08
