"Time" "Prey" "Predator"
0 0.791960404647 24.8549235003
0.1 0.0342298143387 23.0289892322
0.2 0.00196513071276 20.8605335535
0.3 0.000148813699641 18.8766937834
0.4 1.45543965831e-05 17.080435634
0.5 1.76927719365e-06 15.4550273507
0.6 2.61221942876e-07 13.9842891667
0.7 4.60940818834e-08 12.6535094245
0.8 3.6454762111e-10 11.4493688697
0.9 -1.15384838778e-08 10.3598104741
1 -1.37163618388e-08 9.37394241269
1.1 -1.39379385826e-08 8.4818920949
1.2 -1.39073523998e-08 7.67473130039
1.3 -1.35247305299e-08 6.94438053558
1.4 -1.30780860791e-08 6.28354153157
1.5 -1.27666131834e-08 5.68558753974
1.6 -1.29471930788e-08 5.14452977293
1.7 -1.2878263983e-08 4.6549643163
1.8 -1.28872172421e-08 4.21198614631
1.9 -1.28887713987e-08 3.81116270631
2 -1.28887713987e-08 3.44848275387
2.1 -1.28887713987e-08 3.12031643201
2.2 -1.28887713987e-08 2.82337921198
2.3 -1.28887713987e-08 2.55469983579
2.4 -1.28887713987e-08 2.31158837889
2.5 -1.28887713987e-08 2.09161221129
2.6 -1.28887713987e-08 1.89256923925
2.7 -1.28887713987e-08 1.7124677492
2.8 -1.28887713987e-08 1.54950531225
2.9 -1.28887713987e-08 1.40205054071
3 -1.28887713987e-08 1.26862808394
3.1 -1.28887713987e-08 1.14790238048
3.2 -1.28887713987e-08 1.03866513554
3.3 -1.28887713987e-08 0.939823220124
3.4 -1.28887713987e-08 0.850387003729
3.5 -1.28887713987e-08 0.769461322518
3.6 -1.28887713987e-08 0.696237312219
3.7 -1.28887713987e-08 0.629981473014
3.8 -1.28887713987e-08 0.570030871414
3.9 -1.28887713987e-08 0.515785262636
4 -1.28887713987e-08 0.466701763487
4.1 -1.28887713987e-08 0.422289181337
4.2 -1.28887713987e-08 0.382103059367
4.3 -1.28887713987e-08 0.345741149603
4.4 -1.28887713987e-08 0.312839496566
4.5 -1.28887713987e-08 0.28306884438
4.6 -1.28887713987e-08 0.256131088746
4.7 -1.28887713987e-08 0.231756841292
4.8 -1.28887713987e-08 0.209702251583
4.9 -1.28887713987e-08 0.189746375434
5 -1.28887713987e-08 0.171689654304
5.1 -1.28887713987e-08 0.155351193192
5.2 -1.28887713987e-08 0.140567536747
5.3 -1.28887713987e-08 0.127190760285
5.4 -1.28887713987e-08 0.11508688691
5.5 -1.28887713987e-08 0.104134934436
5.6 -1.28887713987e-08 0.0942251798719
5.7 -1.28887713987e-08 0.0852584631455
5.8 -1.28887713987e-08 0.0771450510883
5.9 -1.28887713987e-08 0.0698036892541
6 -1.28887713987e-08 0.0631609924704
6.1 -1.28887713987e-08 0.0571504122667
6.2 -1.28887713987e-08 0.0517118192144
6.3 -1.28887713987e-08 0.0467907961575
6.4 -1.28887713987e-08 0.042338049729
6.5 -1.28887713987e-08 0.0383090563352
6.6 -1.28887713987e-08 0.0346634551305
6.7 -1.28887713987e-08 0.0313647803453
6.8 -1.28887713987e-08 0.0283800290793
6.9 -1.28887713987e-08 0.0256793026775
7 -1.28887713987e-08 0.0232355978025
7.1 -1.28887713987e-08 0.0210244338309
7.2 -1.28887713987e-08 0.0190236898713
7.3 -1.28887713987e-08 0.0172133466095
7.4 -1.28887713987e-08 0.0155752718479
7.5 -1.28887713987e-08 0.0140930903796
7.6 -1.28887713987e-08 0.0127519532855
7.7 -1.28887713987e-08 0.0115384377451
7.8 -1.28887713987e-08 0.0104404149939
7.9 -1.28887713987e-08 0.00944687368461
8 -1.28887713987e-08 0.00854788289912
8.1 -1.28887713987e-08 0.00773442595353
8.2 -1.28887713987e-08 0.00699837495012
8.3 -1.28887713987e-08 0.0063323969343
8.4 -1.28887713987e-08 0.00572981318082
8.5 -1.28887713987e-08 0.00518457867276
8.6 -1.28887713987e-08 0.00469121537901
8.7 -1.28887713987e-08 0.00424481843591
8.8 -1.28887713987e-08 0.00384089969158
8.9 -1.28887713987e-08 0.00347538459218
9 -1.28887713987e-08 0.00314466241553
9.1 -1.28887713987e-08 0.00284541384246
9.2 -1.28887713987e-08 0.00257462854101
9.3 -1.28887713987e-08 0.00232962697897
9.4 -1.28887713987e-08 0.00210794184953
9.5 -1.28887713987e-08 0.00190733972426
9.6 -1.28887713987e-08 0.00172583774347
9.7 -1.28887713987e-08 0.00156160653648
9.8 -1.28887713987e-08 0.00141299949417
9.9 -1.28887713987e-08 0.00127855229049
10 -1.28887713987e-08 0.00115690437886
10.1 -1.28887713987e-08 0.00104680643156
10.2 -1.28887713987e-08 0.000947183454174
10.3 -1.28887713987e-08 0.000857047584309
10.4 -1.28887713987e-08 0.000775483986998
10.5 -1.28887713987e-08 0.000701672752047
10.6 -1.28887713987e-08 0.000634894728251
10.7 -1.28887713987e-08 0.000574476858869
10.8 -1.28887713987e-08 0.00051980162519
10.9 -1.28887713987e-08 0.000470333414642
11 -1.28887713987e-08 0.000425579152946
11.1 -1.28887713987e-08 0.000385080881921
11.2 -1.28887713987e-08 0.000348429260024
11.3 -1.28887713987e-08 0.000315268941319
11.4 -1.28887713987e-08 0.000285265927496
11.5 -1.28887713987e-08 0.000258105599833
11.6 -1.28887713987e-08 0.000233547250129
11.7 -1.28887713987e-08 0.000211323397153
11.8 -1.28887713987e-08 0.000191213044023
11.9 -1.28887713987e-08 0.000173016553371
12 -1.28887713987e-08 0.000156557495475
12.1 -1.28887713987e-08 0.000141666315291
12.2 -1.28887713987e-08 0.000128187982127
12.3 -1.28887713987e-08 0.000115982454181
12.4 -1.28887713987e-08 0.000104928243937
12.5 -1.28887713987e-08 9.49179092006e-05
12.6 -1.28887713987e-08 8.58586008599e-05
12.7 -1.28887713987e-08 7.76726435e-05
12.8 -1.28887713987e-08 7.02780245417e-05
12.9 -1.28887713987e-08 6.35845690199e-05
13 -1.28887713987e-08 5.75277452654e-05
13.1 -1.28887713987e-08 5.20528317555e-05
13.2 -1.28887713987e-08 4.71122228617e-05
13.3 -1.28887713987e-08 4.26435508066e-05
13.4 -1.28887713987e-08 3.85973536557e-05
13.5 -1.28887713987e-08 3.49337141801e-05
13.6 -1.28887713987e-08 3.16186970347e-05
13.7 -1.28887713987e-08 2.85890514218e-05
13.8 -1.28887713987e-08 2.58911291758e-05
13.9 -1.28887713987e-08 2.3433398682e-05
14 -1.28887713987e-08 2.12038932802e-05
14.1 -1.28887713987e-08 1.91895334638e-05
14.2 -1.28887713987e-08 1.73681297292e-05
14.3 -1.28887713987e-08 1.57219487581e-05
14.4 -1.28887713987e-08 1.4234936042e-05
14.5 -1.28887713987e-08 1.28910370719e-05
14.6 -1.28887713987e-08 1.1674197339e-05
14.7 -1.28887713987e-08 1.05731634618e-05
14.8 -1.28887713987e-08 9.58031211394e-06
14.9 -1.28887713987e-08 8.68320833195e-06
15 -1.28887713987e-08 7.86939558325e-06
15.1 -1.28887713987e-08 7.12641733525e-06
15.2 -1.28887713987e-08 6.44351532203e-06
15.3 -1.28887713987e-08 5.82383365376e-06
15.4 -1.28887713987e-08 5.26371604676e-06
15.5 -1.28887713987e-08 4.75694425851e-06
15.6 -1.28887713987e-08 4.29730004653e-06
15.7 -1.28887713987e-08 3.87856516832e-06
15.8 -1.28887713987e-08 3.44086963693e-06
15.9 -1.28887713987e-08 3.12833767978e-06
16 -1.28887713987e-08 2.83747598409e-06
16.1 -1.28887713987e-08 2.56828454987e-06
16.2 -1.28887713987e-08 2.32076337712e-06
16.3 -1.28887713987e-08 2.09460951442e-06
16.4 -1.28887713987e-08 1.88742122666e-06
16.5 -1.28887713987e-08 1.69868200991e-06
16.6 -1.28887713987e-08 1.52839186417e-06
16.7 -1.28887713987e-08 1.37655078945e-06
16.8 -1.28887713987e-08 1.24315878575e-06
16.9 -1.28887713987e-08 1.12616859791e-06
17 -1.28887713987e-08 1.01930640248e-06
17.1 -1.28887713987e-08 9.22134048537e-07
17.2 -1.28887713987e-08 8.34651536097e-07
17.3 -1.28887713987e-08 7.56858865157e-07
17.4 -1.28887713987e-08 6.88756035717e-07
17.5 -1.28887713987e-08 6.28097472902e-07
17.6 -1.28887713987e-08 5.71988507067e-07
17.7 -1.28887713987e-08 5.20417817185e-07
17.8 -1.28887713987e-08 4.73385403258e-07
17.9 -1.28887713987e-08 4.30891265285e-07
18 -1.28887713987e-08 3.92901877404e-07
18.1 -1.28887713987e-08 3.58125848319e-07
18.2 -1.28887713987e-08 3.25901207143e-07
18.3 -1.28887713987e-08 2.96227953877e-07
18.4 -1.28887713987e-08 2.69106088521e-07
18.5 -1.28887713987e-08 2.44535611074e-07
18.6 -1.28887713987e-08 2.22427370111e-07
18.7 -1.28887713987e-08 2.02074591853e-07
18.8 -1.28887713987e-08 1.83325281431e-07
18.9 -1.28887713987e-08 1.66179438844e-07
19 -1.28887713987e-08 1.50637064092e-07
19.1 -1.28887713987e-08 1.36698157175e-07
19.2 -1.28887713987e-08 1.24210937921e-07
19.3 -1.28887713987e-08 1.12710275248e-07
19.4 -1.28887713987e-08 1.02163685358e-07
19.5 -1.28887713987e-08 9.2571168253e-08
19.6 -1.28887713987e-08 8.39327239316e-08
19.7 -1.28887713987e-08 7.62483523943e-08
19.8 -1.28887713987e-08 6.93350302646e-08
19.9 -1.28887713987e-08 6.29568303336e-08
20 -1.28887713987e-08 5.71128298921e-08
