"Time" "Prey" "Predator"
0 1.00326813869 1.00326706639
0.1 0.938274446977 1.00030079129
0.2 0.878205816979 0.991122079607
0.3 0.823301248639 0.97639731325
0.4 0.773601420053 0.956873199897
0.5 0.728997568221 0.933330006568
0.6 0.689280339107 0.906537906072
0.7 0.654174095998 0.877229192377
0.8 0.623367277544 0.846077780165
0.9 0.596536490451 0.813686499099
1 0.573361928326 0.780582989132
1.1 0.553537634326 0.747219848682
1.2 0.5367790809 0.713977128679
1.3 0.522826703909 0.681167947756
1.4 0.511447195997 0.649045119245
1.5 0.50243433753 0.617807778624
1.6 0.495606755019 0.587609058572
1.7 0.490807208103 0.558562280027
1.8 0.487900571469 0.530747359499
1.9 0.486771783202 0.504216245444
2 0.487324073073 0.478997876649
2.1 0.489477048793 0.455102667916
2.2 0.493164999873 0.432525992319
2.3 0.498335376958 0.411251428415
2.4 0.50494718334 0.391254037849
2.5 0.512969930509 0.372501895028
2.6 0.522382425279 0.354957657341
2.7 0.533171674363 0.338581623541
2.8 0.545332089388 0.323331817422
2.9 0.558864475046 0.30916579322
3 0.57377538028 0.296041075551
3.1 0.590076283348 0.283916248929
3.2 0.607782979635 0.272751335669
3.3 0.626914819464 0.262508529474
3.4 0.647494122193 0.253152457195
3.5 0.669545356678 0.244650732711
3.6 0.693094489139 0.236974170525
3.7 0.718168055944 0.230097246927
3.8 0.744792579534 0.223998081525
3.9 0.772993257516 0.218659070297
4 0.802792844838 0.214067239088
4.1 0.834210817479 0.210214205201
4.2 0.86726118504 0.207097021081
4.3 0.901951376319 0.204718297212
4.4 0.938280250021 0.203086707097
4.5 0.976235112674 0.202217890616
4.6 1.01579016799 0.202134683528
4.7 1.05690254098 0.202868176187
4.8 1.09950885685 0.204458567605
4.9 1.14352203204 0.206955923435
5 1.18882509096 0.210421620521
5.1 1.23526716274 0.214929339549
5.2 1.28265741813 0.220566342117
5.3 1.33075737319 0.227434868669
5.4 1.37927511284 0.23565362661
5.5 1.42785719479 0.245358507449
5.6 1.47608034232 0.256703494746
5.7 1.52344471271 0.26986081218
5.8 1.56936727753 0.285020103348
5.9 1.61317617257 0.302386525552
6 1.65411073222 0.322174920526
6.1 1.69131933244 0.344605565815
6.2 1.72387676185 0.369888854972
6.3 1.75079684108 0.398212654461
6.4 1.77106081223 0.429721754117
6.5 1.78366125911 0.464490859454
6.6 1.78765517244 0.502493774481
6.7 1.78223198006 0.543571114983
6.8 1.7667875792 0.587395827566
6.9 1.74100079227 0.633448229741
7 1.70490485556 0.680996992552
7.1 1.65892314175 0.729113839937
7.2 1.60389573803 0.776690645639
7.3 1.54104814388 0.82249985388
7.4 1.47192514281 0.865270034303
7.5 1.3982879646 0.903775649674
7.6 1.32198962979 0.936929967103
7.7 1.24484813221 0.963862985039
7.8 1.16853147683 0.983978426892
7.9 1.09447199146 0.996979259407
8 1.02381770245 1.00286108149
8.1 0.957415145705 1.00188268551
8.2 0.895822543996 0.994516970218
8.3 0.839344302299 0.981392931056
8.4 0.788075232963 0.963238419082
8.5 0.741947997682 0.940827878718
8.6 0.700779572931 0.914938128053
8.7 0.66431079838 0.886315521259
8.8 0.632238532824 0.85565312699
8.9 0.604240692186 0.823576393066
9 0.579994574847 0.790636207991
9.1 0.559189349803 0.757307228688
9.2 0.541533198451 0.72399154834
9.3 0.526759068163 0.691021452951
9.4 0.514625555339 0.65866741836
9.5 0.504918153124 0.627144070117
9.6 0.497448179966 0.596617640375
9.7 0.492051207817 0.567212880953
9.8 0.488585718183 0.539019029026
9.9 0.48693077358 0.512095956214
10 0.486984286769 0.486479084698
10.1 0.488661142771 0.462183947699
10.2 0.491891402978 0.439210125055
10.3 0.496618667954 0.417544552899
10.4 0.502798511794 0.397164387603
10.5 0.510397522494 0.378039468388
10.6 0.519391772555 0.360134157019
10.7 0.529765910089 0.343409399405
10.8 0.54151218376 0.327823678157
10.9 0.554629525852 0.31333465663
11 0.569122860598 0.299899679637
11.1 0.585002224413 0.287477010519
11.2 0.602282210123 0.276026109295
11.3 0.620981143414 0.265508511709
11.4 0.641120537858 0.255888030958
11.5 0.662724270355 0.247131366887
11.6 0.685817962427 0.239208304718
11.7 0.71042804587 0.232092205412
11.8 0.736581112237 0.225760091783
11.9 0.764302985207 0.220192922081
12 0.793617172634 0.215376388885
12.1 0.824544314162 0.211300663022
12.2 0.857100299872 0.207961077177
12.3 0.891294636066 0.205358566263
12.4 0.927129108278 0.203499862787
12.5 0.964594701445 0.202398464499
12.6 1.00366983821 0.2020749703
12.7 1.04431736332 0.202557829681
12.8 1.08648026551 0.203884454242
12.9 1.13007919247 0.206101790768
13 1.17500678602 0.209267661143
13.1 1.22112285812 0.213451919277
13.2 1.26824951146 0.218737577045
13.3 1.31616325058 0.225222196252
13.4 1.36458911526 0.23301935758
13.5 1.41319312065 0.242259755491
13.6 1.46157398832 0.253091687967
13.7 1.50925543638 0.265682146664
13.8 1.55568075903 0.280215313052
13.9 1.6002044991 0.296892512624
14 1.64209385013 0.31592567344
14.1 1.68052315177 0.337534868825
14.2 1.71458804564 0.361934897155
14.3 1.74331819353 0.38932229451
14.4 1.76570197191 0.41985699272
14.5 1.78072172394 0.453638589041
14.6 1.78740977355 0.490674327368
14.7 1.78490702794 0.530848955689
14.8 1.7725397716 0.573888744993
14.9 1.74989152082 0.619336047477
15 1.71688514376 0.66652171879
15.1 1.67382151329 0.714576266217
15.2 1.62141464709 0.762442059816
15.3 1.56078028176 0.808919105672
15.4 1.49337546598 0.85274112043
15.5 1.42090825774 0.892658543393
15.6 1.34521827328 0.927532996796
15.7 1.2681469967 0.956422185209
15.8 1.19141730698 0.978643444806
15.9 1.11654059383 0.993807880788
16 1.04475417682 1.00182492709
16.1 0.976994915436 1.00287869205
16.2 0.913905591792 0.997382872999
16.3 0.85586321861 0.985925406292
16.4 0.80302040246 0.969210609725
16.5 0.755353895716 0.948003730523
16.6 0.712711401527 0.923084641008
16.7 0.674852921619 0.895211903774
16.8 0.641485461841 0.865096624226
16.9 0.61229056876 0.83338561531
17 0.586944191648 0.800652699548
17.1 0.565130793272 0.767395585998
17.2 0.54655235022 0.734037621182
17.3 0.530933951094 0.700931742169
17.4 0.518026191792 0.66836649349
17.5 0.507606734398 0.636572349342
17.6 0.499478986181 0.605729690072
17.7 0.493471471025 0.575974984114
17.8 0.489435976658 0.547407554411
17.9 0.48724544387 0.520095653966
18 0.486792381218 0.494081524577
18.1 0.487986704795 0.469386297699
18.2 0.490754046095 0.446013987131
18.3 0.495034135706 0.423955041564
18.4 0.500778996039 0.403189268602
18.5 0.507952072378 0.383688537385
18.6 0.516526669141 0.365418610551
18.7 0.526484947751 0.348341363512
18.8 0.537816961946 0.332415842376
18.9 0.55051970177 0.317599881664
19 0.564596369391 0.303850809196
19.1 0.580055527398 0.291126543689
19.2 0.596910464968 0.279386121922
19.3 0.615178454441 0.268590389196
19.4 0.634880111493 0.258702441822
19.5 0.656038685482 0.249688047074
19.6 0.678679338428 0.24151604293
19.7 0.702828363072 0.234158652677
19.8 0.728512354604 0.227591808662
19.9 0.755757539588 0.221795183493
20 0.784588202549 0.216753044056
