"Time" "Prey" "Predator"
0 32.2719118372 28.4200508271
0.1 0.0750380417317 48.284797105
0.2 0.000174148294121 43.7420550639
0.3 7.25545031479e-07 39.5795582904
0.4 2.30303238691e-08 35.8130646743
0.5 -9.68744872896e-08 32.4050126686
0.6 -1.28847605312e-07 29.3212666601
0.7 -1.38627073596e-07 26.5309724784
0.8 -1.38627073596e-07 24.0062151465
0.9 -1.38627073596e-07 21.7217201029
1 -1.38627073596e-07 19.6546161131
1.1 -1.38627073596e-07 17.7842415519
1.2 -1.38627073596e-07 16.0918557271
1.3 -1.38627073596e-07 14.5605154352
1.4 -1.38627073596e-07 13.1748995967
1.5 -1.38627073596e-07 11.9211430615
1.6 -1.38627073596e-07 10.78669799
1.7 -1.38627073596e-07 9.76020898156
1.8 -1.38627073596e-07 8.83140438121
1.9 -1.38627073596e-07 7.99099178148
2 -1.38627073596e-07 7.23054706592
2.1 -1.38627073596e-07 6.54245795993
2.2 -1.38627073596e-07 5.91985654993
2.3 -1.38627073596e-07 5.35651393814
2.4 -1.38627073596e-07 4.84677359245
2.5 -1.38627073596e-07 4.38553934046
2.6 -1.38627073596e-07 3.96820015813
2.7 -1.38627073596e-07 3.5905765227
2.8 -1.38627073596e-07 3.24888856341
2.9 -1.38627073596e-07 2.93971539987
3 -1.38627073596e-07 2.65996404831
3.1 -1.38627073596e-07 2.40683524816
3.2 -1.38627073596e-07 2.17779462693
3.3 -1.38627073596e-07 1.97054991952
3.4 -1.38627073596e-07 1.7830268382
3.5 -1.38627073596e-07 1.6133487161
3.6 -1.38627073596e-07 1.45981831829
3.7 -1.38627073596e-07 1.32089817225
3.8 -1.38627073596e-07 1.19519813205
3.9 -1.38627073596e-07 1.08145973632
4 -1.38627073596e-07 0.978545191475
4.1 -1.38627073596e-07 0.885424097057
4.2 -1.38627073596e-07 0.801164844908
4.3 -1.38627073596e-07 0.724923875724
4.4 -1.38627073596e-07 0.655938235504
4.5 -1.38627073596e-07 0.593517352318
4.6 -1.38627073596e-07 0.537036635775
4.7 -1.38627073596e-07 0.485930800902
4.8 -1.38627073596e-07 0.439688324606
4.9 -1.38627073596e-07 0.397846434154
5 -1.38627073596e-07 0.359986283829
5.1 -1.38627073596e-07 0.325729046868
5.2 -1.38627073596e-07 0.294731763072
5.3 -1.38627073596e-07 0.266684329474
5.4 -1.38627073596e-07 0.241305918885
5.5 -1.38627073596e-07 0.218342607403
5.6 -1.38627073596e-07 0.197564433112
5.7 -1.38627073596e-07 0.178763630471
5.8 -1.38627073596e-07 0.161752006166
5.9 -1.38627073596e-07 0.146359222709
6 -1.38627073596e-07 0.132431325462
6.1 -1.38627073596e-07 0.119828781357
6.2 -1.38627073596e-07 0.108425558706
6.3 -1.38627073596e-07 0.0981074804272
6.4 -1.38627073596e-07 0.0887712786717
6.5 -1.38627073596e-07 0.080323588133
6.6 -1.38627073596e-07 0.0726797715022
6.7 -1.38627073596e-07 0.0657633823777
6.8 -1.38627073596e-07 0.0595051560626
6.9 -1.38627073596e-07 0.0538424720931
7 -1.38627073596e-07 0.0487186852676
7.1 -1.38627073596e-07 0.044082470779
7.2 -1.38627073596e-07 0.0398874723964
7.3 -1.38627073596e-07 0.0360916682419
7.4 -1.38627073596e-07 0.0326570824568
7.5 -1.38627073596e-07 0.0295493515063
7.6 -1.38627073596e-07 0.0267373459379
7.7 -1.38627073596e-07 0.0241929535154
7.8 -1.38627073596e-07 0.0218906851739
7.9 -1.38627073596e-07 0.0198075064165
8 -1.38627073596e-07 0.0179225744543
8.1 -1.38627073596e-07 0.0162170085481
8.2 -1.38627073596e-07 0.014673757527
8.3 -1.38627073596e-07 0.0132773617408
8.4 -1.38627073596e-07 0.0120138505822
8.5 -1.38627073596e-07 0.0108705825883
8.6 -1.38627073596e-07 0.0098361057179
8.7 -1.38627073596e-07 0.00890007639646
8.8 -1.38627073596e-07 0.00805312107732
8.9 -1.38627073596e-07 0.00728676322892
9 -1.38627073596e-07 0.00659332866482
9.1 -1.38627073596e-07 0.00596586828847
9.2 -1.38627073596e-07 0.0053981275434
9.3 -1.38627073596e-07 0.00488444040173
9.4 -1.38627073596e-07 0.00441965101753
9.5 -1.38627073596e-07 0.00399908988849
9.6 -1.38627073596e-07 0.00361854220857
9.7 -1.38627073596e-07 0.00327422488516
9.8 -1.38627073596e-07 0.00296266313067
9.9 -1.38627073596e-07 0.00268072155872
10 -1.38627073596e-07 0.00242562072338
10.1 -1.38627073596e-07 0.00219479515678
10.2 -1.38627073596e-07 0.00198592364601
10.3 -1.38627073596e-07 0.00179694328009
10.4 -1.38627073596e-07 0.00162594912251
10.5 -1.38627073596e-07 0.00147121402006
10.6 -1.38627073596e-07 0.00133121307672
10.7 -1.38627073596e-07 0.00120453623755
10.8 -1.38627073596e-07 0.00108990550947
10.9 -1.38627073596e-07 0.000986196116286
11 -1.38627073596e-07 0.000892362793456
11.1 -1.38627073596e-07 0.000807442295087
11.2 -1.38627073596e-07 0.000730597368757
11.3 -1.38627073596e-07 0.000661071352107
11.4 -1.38627073596e-07 0.000598160404721
11.5 -1.38627073596e-07 0.000541227088087
11.6 -1.38627073596e-07 0.000489717925348
11.7 -1.38627073596e-07 0.000443115583818
11.8 -1.38627073596e-07 0.000400943578513
11.9 -1.38627073596e-07 0.000362785500981
12 -1.38627073596e-07 0.000328263898719
12.1 -1.38627073596e-07 0.000297027052688
12.2 -1.38627073596e-07 0.000268756388267
12.3 -1.38627073596e-07 0.000243178291394
12.4 -1.38627073596e-07 0.000220036089155
12.5 -1.38627073596e-07 0.000199085010579
12.6 -1.38627073596e-07 0.000180143417123
12.7 -1.38627073596e-07 0.000163001509578
12.8 -1.38627073596e-07 0.000147490119725
12.9 -1.38627073596e-07 0.000133453768321
13 -1.38627073596e-07 0.000120757578187
13.1 -1.38627073596e-07 0.000109271443182
13.2 -1.38627073596e-07 9.88759457029e-05
13.3 -1.38627073596e-07 8.94628300219e-05
13.4 -1.38627073596e-07 8.09376254972e-05
13.5 -1.38627073596e-07 7.32171598133e-05
13.6 -1.38627073596e-07 6.62290620649e-05
13.7 -1.38627073596e-07 5.99124655632e-05
13.8 -1.38627073596e-07 5.4208460301e-05
13.9 -1.38627073596e-07 4.90458980009e-05
14 -1.38627073596e-07 4.4373898661e-05
14.1 -1.38627073596e-07 4.01496999018e-05
14.2 -1.38627073596e-07 3.63372132176e-05
14.3 -1.38627073596e-07 3.2890655379e-05
14.4 -1.38627073596e-07 2.97700656016e-05
14.5 -1.38627073596e-07 2.69444062571e-05
14.6 -1.38627073596e-07 2.43871774243e-05
14.7 -1.38627073596e-07 2.20465726354e-05
14.8 -1.38627073596e-07 1.99687845845e-05
14.9 -1.38627073596e-07 1.80746844359e-05
15 -1.38627073596e-07 1.6355197789e-05
15.1 -1.38627073596e-07 1.48009454821e-05
15.2 -1.38627073596e-07 1.33959226526e-05
15.3 -1.38627073596e-07 1.2125846317e-05
15.4 -1.38627073596e-07 1.09785413517e-05
15.5 -1.38627073596e-07 9.94183263307e-06
15.6 -1.38627073596e-07 9.00354503736e-06
15.7 -1.38627073596e-07 8.15389173752e-06
15.8 -1.38627073596e-07 7.38769430705e-06
15.9 -1.38627073596e-07 6.69571158649e-06
16 -1.38627073596e-07 6.06849799482e-06
16.1 -1.38627073596e-07 5.49660795107e-06
16.2 -1.38627073596e-07 4.97106082544e-06
16.3 -1.38627073596e-07 4.49298433591e-06
16.4 -1.38627073596e-07 4.06087925469e-06
16.5 -1.38627073596e-07 3.67003054694e-06
16.6 -1.38627073596e-07 3.31572317778e-06
16.7 -1.38627073596e-07 2.99324211236e-06
16.8 -1.38627073596e-07 2.65123699281e-06
16.9 -1.38627073596e-07 2.41144525566e-06
17 -1.38627073596e-07 2.1880857725e-06
17.1 -1.38627073596e-07 1.98115854331e-06
17.2 -1.38627073596e-07 1.7906635681e-06
17.3 -1.38627073596e-07 1.61651624669e-06
17.4 -1.38627073596e-07 1.45702162461e-06
17.5 -1.38627073596e-07 1.31151668917e-06
17.6 -1.38627073596e-07 1.18000144036e-06
17.7 -1.38627073596e-07 1.06247587818e-06
17.8 -1.38627073596e-07 9.58940002624e-07
17.9 -1.38627073596e-07 8.68519175023e-07
18 -1.38627073596e-07 7.86233106567e-07
18.1 -1.38627073596e-07 7.11294797819e-07
18.2 -1.38627073596e-07 6.43704248778e-07
18.3 -1.38627073596e-07 5.83461459444e-07
18.4 -1.38627073596e-07 5.30566429819e-07
18.5 -1.38627073596e-07 4.83881490817e-07
18.6 -1.38627073596e-07 4.40747454689e-07
18.7 -1.38627073596e-07 4.01054792877e-07
18.8 -1.38627073596e-07 3.6480350538e-07
18.9 -1.38627073596e-07 3.31993592198e-07
19 -1.38627073596e-07 3.02624922174e-07
19.1 -1.38627073596e-07 2.75924544592e-07
19.2 -1.38627073596e-07 2.51158875723e-07
19.3 -1.38627073596e-07 2.28327915567e-07
19.4 -1.38627073596e-07 2.07431664123e-07
19.5 -1.38627073596e-07 1.88470121393e-07
19.6 -1.38627073596e-07 1.71418390859e-07
19.7 -1.38627073596e-07 1.55777673869e-07
19.8 -1.38627073596e-07 1.41352856127e-07
19.9 -1.38627073596e-07 1.28143937632e-07
20 -1.38627073596e-07 1.16150918384e-07
