"Time" "Prey" "Predator"
0 0.196966948613 10.6861544022
0.1 0.0537812259032 9.77541929843
0.2 0.0165931781209 8.87290708362
0.3 0.00575002600125 8.03668194993
0.4 0.00221667095453 7.27456401724
0.5 0.00094139395985 6.58327053167
0.6 0.000436495381882 5.95717811351
0.7 0.000219112692775 5.39044662326
0.8 0.000118180176394 4.87755706086
0.9 6.79907088207e-05 4.41343593294
1 4.15111259854e-05 3.99346319348
1.1 2.67126631946e-05 3.61344671114
1.2 1.80577037434e-05 3.26958867475
1.3 1.27455954711e-05 2.95845045112
1.4 9.35846641677e-06 2.67691925523
1.5 7.11655339787e-06 2.42217783731
1.6 5.59364969096e-06 2.19167782845
1.7 4.52718392752e-06 1.9831124696
1.8 3.76201396989e-06 1.79439461184
1.9 3.20202386102e-06 1.62363534245
2 2.78615663353e-06 1.46912596238
2.1 2.47339385128e-06 1.32932116687
2.2 2.23613826585e-06 1.20282114706
2.3 2.05210988916e-06 1.08835794263
2.4 1.91066608051e-06 0.984787165786
2.5 1.80261814255e-06 0.891072527045
2.6 1.72098190118e-06 0.80627608771
2.7 1.66074523991e-06 0.729548949011
2.8 1.6183011259e-06 0.660123389551
2.9 1.59098273003e-06 0.597305077418
3 1.57664417189e-06 0.540464805578
3.1 1.57345778008e-06 0.489032292647
3.2 1.58015021244e-06 0.442493193038
3.3 1.59668366374e-06 0.400383905737
3.4 1.6224664117e-06 0.36228303754
3.5 1.65645582155e-06 0.327807561684
3.6 1.69836761247e-06 0.296612283672
3.7 1.74836781559e-06 0.26838578572
3.8 1.80636370186e-06 0.242845485333
3.9 1.87231145496e-06 0.219735801032
4 1.94635746442e-06 0.19882535031
4.1 2.02870428907e-06 0.179904615455
4.2 2.11961445996e-06 0.162784325741
4.3 2.21942169089e-06 0.147293383342
4.4 2.32850210306e-06 0.133276629684
4.5 2.44728982229e-06 0.120593717758
4.6 2.57627947752e-06 0.109117722446
4.7 2.71601940747e-06 0.09873377119
4.8 2.86711268847e-06 0.0893379147559
4.9 3.03022403824e-06 0.080836293682
5 3.20607223364e-06 0.0731437297157
5.1 3.39543766095e-06 0.0661832134918
5.2 3.59916497301e-06 0.0598850823897
5.3 3.81816569359e-06 0.0541862567983
5.4 4.05342210054e-06 0.0490297685668
5.5 4.30599013773e-06 0.0443639653486
5.6 4.57700453344e-06 0.0401421745746
5.7 4.86768328992e-06 0.0363221705987
5.8 5.17933246733e-06 0.0328656763521
5.9 5.51335204915e-06 0.0297381158515
6 5.87124225606e-06 0.0269081635508
6.1 6.25460976144e-06 0.0243475137518
6.2 6.66517475679e-06 0.0220305562094
6.3 7.1047785115e-06 0.0199340772101
6.4 7.57539124085e-06 0.0180371157947
6.5 8.07912127795e-06 0.0163206699504
6.6 8.6182238544e-06 0.0147675629243
6.7 9.19511134608e-06 0.0133622548991
6.8 9.81236418278e-06 0.0120906709263
6.9 1.04727415695e-05 0.0109401013209
7 1.11791948637e-05 0.00989902418693
7.1 1.19348793045e-05 0.0089570169222
7.2 1.27431694386e-05 0.00810464848339
7.3 1.36076737172e-05 0.00733337845352
7.4 1.45322480022e-05 0.00663551348312
7.5 1.55210176147e-05 0.00600408323947
7.6 1.65783941998e-05 0.00543275552143
7.7 1.77090863245e-05 0.00491578973512
7.8 1.89181351702e-05 0.00444801803395
7.9 2.02109332429e-05 0.00402477682267
8 2.15932317813e-05 0.00364178964243
8.1 2.30711908425e-05 0.00329523136277
8.2 2.46513989528e-05 0.00298166367635
8.3 2.63408822614e-05 0.00269792519876
8.4 2.81471675147e-05 0.00244118637794
8.5 3.00783023929e-05 0.0022088932427
8.6 3.21428696298e-05 0.00199869612106
8.7 3.43500651359e-05 0.00180849955078
8.8 3.6709718502e-05 0.00163641130647
8.9 3.92323141181e-05 0.00148069077306
9 4.19290966226e-05 0.00133979502329
9.1 4.48120758016e-05 0.00121232281351
9.2 4.78940501786e-05 0.00109697641828
9.3 5.11887049108e-05 0.000992580575406
9.4 5.47107522444e-05 0.000898125099496
9.5 5.84758481418e-05 0.000812662474681
9.6 6.25006909983e-05 0.000735321583972
9.7 6.68032212224e-05 0.000665339764081
9.8 7.14026040788e-05 0.00060202630249
9.9 7.63192558973e-05 0.00054473944701
10 8.15750064853e-05 0.000492897397826
10.1 8.71933157141e-05 0.000445995796705
10.2 9.31991511429e-05 0.000403561610392
10.3 9.96191418949e-05 0.00036515826809
10.4 0.000106481898984 0.000330407097777
10.5 0.000113817986557 0.00029896607887
10.6 0.000121659962954 0.000270517071342
10.7 0.000130042806745 0.00024476702536
10.8 0.00013900345 0.00022147941867
10.9 0.000148582157255 0.000200406763484
11 0.000158821298884 0.00018133696602
11.1 0.000169766898797 0.000164085185028
11.2 0.000181467920235 0.000148479650145
11.3 0.00019397612503 0.000134358867366
11.4 0.000207346274496 0.000121575608048
11.5 0.000221637626794 0.000109998311383
11.6 0.00023691615267 9.95131597128e-05
11.7 0.000253249450207 9.00193155593e-05
11.8 0.000270708647652 8.14307038547e-05
11.9 0.00028936882821 7.36747932226e-05
12 0.000309316209952 6.66618269089e-05
12.1 0.000330641332095 6.03140225753e-05
12.2 0.00035343770342 5.45713644417e-05
12.3 0.000377803723163 4.93833714087e-05
12.4 0.00040384664665 4.47005932344e-05
12.5 0.000431688470735 4.04619899288e-05
12.6 0.000461452444648 3.66238576014e-05
12.7 0.000493268114175 3.31490118321e-05
12.8 0.00052715257415 2.99479623748e-05
12.9 0.00056358113365 2.71391484932e-05
13 0.000602472930196 2.45735782819e-05
13.1 0.000644022744315 2.22395282708e-05
13.2 0.000688425356534 2.01252749898e-05
13.3 0.000735896059872 1.82155893517e-05
13.4 0.000786689758094 1.64884727316e-05
13.5 0.00084102644124 1.4927893314e-05
13.6 0.000899124340096 1.35181199432e-05
13.7 0.000961201685445 1.22434214636e-05
13.8 0.00102748491937 1.10884097963e-05
13.9 0.00109838074734 1.00452284633e-05
14 0.00117424941062 9.10407966167e-06
14.1 0.00125539355194 8.25275905867e-06
14.2 0.00134211581403 7.47906232144e-06
14.3 0.00143471883961 6.77078511713e-06
14.4 0.00153362284993 6.12103471449e-06
14.5 0.00163947759859 5.53328748958e-06
14.6 0.00175273136974 5.00191845169e-06
14.7 0.00187382209726 4.52083503554e-06
14.8 0.00200318771499 4.08394467585e-06
14.9 0.00214128121946 3.68538566532e-06
15 0.00228890365679 3.32463068728e-06
15.1 0.00244679915832 3.00028011898e-06
15.2 0.00261560761756 2.70933673452e-06
15.3 0.00279596892829 2.4488033078e-06
15.4 0.00298876227408 2.21548003485e-06
15.5 0.00319499521412 2.0060584316e-06
15.6 0.00341550154068 1.81737712142e-06
15.7 0.00365111504607 1.64627472768e-06
15.8 0.00390284953213 1.49049138897e-06
15.9 0.00417212886583 1.34982091285e-06
16 0.00446008002988 1.22257026496e-06
16.1 0.00476781143073 1.10695337836e-06
16.2 0.00509651429868 1.00139126474e-06
16.3 0.00544796539811 9.05768905626e-07
16.4 0.0058237284443 8.19438610832e-07
16.5 0.00622529161248 7.41559949294e-07
16.6 0.00665456008809 6.71329504272e-07
16.7 0.00711359219907 6.07957452131e-07
16.8 0.00760423157236 5.50634912123e-07
16.9 0.00812851972185 4.9865820165e-07
17 0.00868917530754 4.51683613967e-07
17.1 0.00928855725349 4.09176204069e-07
17.2 0.0099290135677 3.70588303685e-07
17.3 0.0106137414839 3.35643108627e-07
17.4 0.0113458935652 3.04049566829e-07
17.5 0.0121283782067 2.75438747767e-07
17.6 0.0129645437088 2.4950447847e-07
17.7 0.0138585352375 2.26054267818e-07
17.8 0.0148140543956 2.04831797101e-07
17.9 0.0158355093907 1.85630452573e-07
18 0.0169275406049 1.68260268679e-07
18.1 0.0180946251256 1.52518420804e-07
18.2 0.0193423775234 1.38272114783e-07
18.3 0.0206761959047 1.25375229568e-07
18.4 0.0221019793404 1.13695823964e-07
18.5 0.0236258797572 1.03111239442e-07
18.6 0.0252549312534 9.35312031386e-08
18.7 0.0269959251856 8.48443765821e-08
18.8 0.0288568667405 7.69698862107e-08
18.9 0.0308460918838 6.98398827897e-08
19 0.0329725304673 6.33911383955e-08
19.1 0.0352455847528 5.7547722062e-08
19.2 0.0376753837236 5.22572684653e-08
19.3 0.0402727423399 4.74727335063e-08
19.4 0.0430492861675 4.31385301061e-08
19.5 0.0460172634616 3.92105821998e-08
19.6 0.0491897038849 3.56502704057e-08
19.7 0.0525809533573 3.2421942743e-08
19.8 0.0562060484336 2.94951061372e-08
19.9 0.0600808180265 2.68441224411e-08
20 0.0642229654401 2.44398842148e-08
