"Time" "Prey" "Predator"
0 23.079466828 15.3366071532
0.1 0.770538102734 29.8516272707
0.2 0.0176352901396 27.5431652512
0.3 0.000571568122133 24.9341892012
0.4 2.58486978002e-05 22.5617758937
0.5 1.56864021368e-06 20.4147568059
0.6 1.22080624198e-07 18.4720374943
0.7 6.42484738559e-09 16.7141916488
0.8 -7.43077403041e-09 15.1236233667
0.9 -8.81700256616e-09 13.6844195
1 -8.88044295419e-09 12.3821741215
1.1 -8.46507204807e-09 11.2038528698
1.2 -7.72623412679e-09 10.1376684648
1.3 -7.62666326208e-09 9.17294225846
1.4 -7.6151051388e-09 8.300021539
1.5 -7.6151051388e-09 7.51017030522
1.6 -7.6151051388e-09 6.79548333057
1.7 -7.6151051388e-09 6.14880808537
1.8 -7.6151051388e-09 5.56367513666
1.9 -7.6151051388e-09 5.03422327546
2 -7.6151051388e-09 4.55514951031
2.1 -7.6151051388e-09 4.12166509061
2.2 -7.6151051388e-09 3.72943814789
2.3 -7.6151051388e-09 3.37453636055
2.4 -7.6151051388e-09 3.05340575755
2.5 -7.6151051388e-09 2.76283535112
2.6 -7.6151051388e-09 2.49991664472
2.7 -7.6151051388e-09 2.26201841908
2.8 -7.6151051388e-09 2.04675908285
2.9 -7.6151051388e-09 1.85198384411
3 -7.6151051388e-09 1.67574414711
3.1 -7.6151051388e-09 1.51627604923
3.2 -7.6151051388e-09 1.3719833104
3.3 -7.6151051388e-09 1.24142176675
3.4 -7.6151051388e-09 1.12328442896
3.5 -7.6151051388e-09 1.01638885513
3.6 -7.6151051388e-09 0.919666530605
3.7 -7.6151051388e-09 0.832148414882
3.8 -7.6151051388e-09 0.752958895594
3.9 -7.6151051388e-09 0.681305462637
4 -7.6151051388e-09 0.616470432051
4.1 -7.6151051388e-09 0.557805558737
4.2 -7.6151051388e-09 0.504723122548
4.3 -7.6151051388e-09 0.456692211267
4.4 -7.6151051388e-09 0.413232262001
4.5 -7.6151051388e-09 0.373907922634
4.6 -7.6151051388e-09 0.338325943976
4.7 -7.6151051388e-09 0.306129879368
4.8 -7.6151051388e-09 0.276997685304
4.9 -7.6151051388e-09 0.250637865983
5 -7.6151051388e-09 0.226786404889
5.1 -7.6151051388e-09 0.205204858127
5.2 -7.6151051388e-09 0.185677008064
5.3 -7.6151051388e-09 0.1680074825
5.4 -7.6151051388e-09 0.152019456779
5.5 -7.6151051388e-09 0.137552814175
5.6 -7.6151051388e-09 0.124462944261
5.7 -7.6151051388e-09 0.112618702942
5.8 -7.6151051388e-09 0.101901599396
5.9 -7.6151051388e-09 0.0922043889061
6 -7.6151051388e-09 0.0834299468569
6.1 -7.6151051388e-09 0.0754905458155
6.2 -7.6151051388e-09 0.0683066474397
6.3 -7.6151051388e-09 0.061806393445
6.4 -7.6151051388e-09 0.0559247422136
6.5 -7.6151051388e-09 0.0506027806193
6.6 -7.6151051388e-09 0.0457872964461
6.7 -7.6151051388e-09 0.0414300476686
6.8 -7.6151051388e-09 0.0374874479728
6.9 -7.6151051388e-09 0.0339200464592
7 -7.6151051388e-09 0.0306921127431
7.1 -7.6151051388e-09 0.0277713759739
7.2 -7.6151051388e-09 0.0251285748534
7.3 -7.6151051388e-09 0.0227372706572
7.4 -7.6151051388e-09 0.0205735339371
7.5 -7.6151051388e-09 0.0186156940682
7.6 -7.6151051388e-09 0.0168441784345
7.7 -7.6151051388e-09 0.0152412390945
7.8 -7.6151051388e-09 0.013790840681
7.9 -7.6151051388e-09 0.0124784695568
8 -7.6151051388e-09 0.0112909813044
8.1 -7.6151051388e-09 0.0102165025735
8.2 -7.6151051388e-09 0.00924427202861
8.3 -7.6151051388e-09 0.00836456113323
8.4 -7.6151051388e-09 0.00756855928779
8.5 -7.6151051388e-09 0.00684829221635
8.6 -7.6151051388e-09 0.0061965809086
8.7 -7.6151051388e-09 0.00560691329041
8.8 -7.6151051388e-09 0.00507337356311
8.9 -7.6151051388e-09 0.0045905986741
9 -7.6151051388e-09 0.00415376585532
9.1 -7.6151051388e-09 0.00375851774024
9.2 -7.6151051388e-09 0.0034008590121
9.3 -7.6151051388e-09 0.00307722098661
9.4 -7.6151051388e-09 0.00278439190029
9.5 -7.6151051388e-09 0.00251941898031
9.6 -7.6151051388e-09 0.00227966091709
9.7 -7.6151051388e-09 0.00206273238454
9.8 -7.6151051388e-09 0.00186643820774
9.9 -7.6151051388e-09 0.00168882144156
10 -7.6151051388e-09 0.00152811573871
10.1 -7.6151051388e-09 0.00138269532427
10.2 -7.6151051388e-09 0.00125111838423
10.3 -7.6151051388e-09 0.0011320774765
10.4 -7.6151051388e-09 0.00102436134482
10.5 -7.6151051388e-09 0.000926871505552
10.6 -7.6151051388e-09 0.000838664388837
10.7 -7.6151051388e-09 0.000758855652298
10.8 -7.6151051388e-09 0.000686631791705
10.9 -7.6151051388e-09 0.00062127972926
11 -7.6151051388e-09 0.000562155010063
11.1 -7.6151051388e-09 0.000508658546453
11.2 -7.6151051388e-09 0.000460246576433
11.3 -7.6151051388e-09 0.000416448111744
11.4 -7.6151051388e-09 0.00037682174377
11.5 -7.6151051388e-09 0.000340959901268
11.6 -7.6151051388e-09 0.000308508409537
11.7 -7.6151051388e-09 0.000279148164211
11.8 -7.6151051388e-09 0.000252582136055
11.9 -7.6151051388e-09 0.000228536251293
12 -7.6151051388e-09 0.00020679016216
12.1 -7.6151051388e-09 0.000187112429587
12.2 -7.6151051388e-09 0.00016930509016
12.3 -7.6151051388e-09 0.000153195298838
12.4 -7.6151051388e-09 0.000138622920533
12.5 -7.6151051388e-09 0.000125437194283
12.6 -7.6151051388e-09 0.000113500656474
12.7 -7.6151051388e-09 0.000102690352828
12.8 -7.6151051388e-09 9.28999067718e-05
12.9 -7.6151051388e-09 8.40350661482e-05
13 -7.6151051388e-09 7.60153150278e-05
13.1 -7.6151051388e-09 6.87729607133e-05
13.2 -7.6151051388e-09 6.22248098955e-05
13.3 -7.6151051388e-09 5.62977653181e-05
13.4 -7.6151051388e-09 5.09357070798e-05
13.5 -7.6151051388e-09 4.60913996252e-05
13.6 -7.6151051388e-09 4.17190525663e-05
13.7 -7.6151051388e-09 3.77616250405e-05
13.8 -7.6151051388e-09 3.41781599863e-05
13.9 -7.6151051388e-09 3.09338908527e-05
14 -7.6151051388e-09 2.79442710988e-05
14.1 -7.6151051388e-09 2.532256459e-05
14.2 -7.6151051388e-09 2.292774234e-05
14.3 -7.6151051388e-09 2.07488783351e-05
14.4 -7.6151051388e-09 1.87750465618e-05
14.5 -7.6151051388e-09 1.69922447173e-05
14.6 -7.6151051388e-09 1.53799196642e-05
14.7 -7.6151051388e-09 1.39230795485e-05
14.8 -7.6151051388e-09 1.26070648047e-05
14.9 -7.6151051388e-09 1.14172158673e-05
15 -7.6151051388e-09 1.03391443493e-05
15.1 -7.6151051388e-09 9.36538766653e-06
15.2 -7.6151051388e-09 8.48693159603e-06
15.3 -7.6151051388e-09 7.69240192808e-06
15.4 -7.6151051388e-09 6.97042445298e-06
15.5 -7.6151051388e-09 6.30962496102e-06
15.6 -7.6151051388e-09 5.70332281376e-06
15.7 -7.6151051388e-09 5.15483214539e-06
15.8 -7.6151051388e-09 4.658982101e-06
15.9 -7.6151051388e-09 4.21009484442e-06
16 -7.6151051388e-09 3.80249253951e-06
16.1 -7.6151051388e-09 3.3510082327e-06
16.2 -7.6151051388e-09 3.05193591802e-06
16.3 -7.6151051388e-09 2.77265100166e-06
16.4 -7.6151051388e-09 2.51315348363e-06
16.5 -7.6151051388e-09 2.27344336391e-06
16.6 -7.6151051388e-09 2.05352064253e-06
16.7 -7.6151051388e-09 1.85257668043e-06
16.8 -7.6151051388e-09 1.66857694774e-06
16.9 -7.6151051388e-09 1.50142316854e-06
17 -7.6151051388e-09 1.35111534283e-06
17.1 -7.6151051388e-09 1.21765347063e-06
17.2 -7.6151051388e-09 1.10103755193e-06
17.3 -7.6151051388e-09 9.97336214181e-07
17.4 -7.6151051388e-09 9.02483006313e-07
17.5 -7.6151051388e-09 8.1647763949e-07
17.6 -7.6151051388e-09 7.39320113712e-07
17.7 -7.6151051388e-09 6.7101042898e-07
17.8 -7.6151051388e-09 6.11411412388e-07
17.9 -7.6151051388e-09 5.57309454463e-07
18 -7.6151051388e-09 5.07351428539e-07
18.1 -7.6151051388e-09 4.61537334616e-07
18.2 -7.6151051388e-09 4.19867172693e-07
18.3 -7.6151051388e-09 3.82340942771e-07
18.4 -7.6151051388e-09 3.48739508782e-07
18.5 -7.6151051388e-09 3.17702323168e-07
18.6 -7.6151051388e-09 2.88994831432e-07
18.7 -7.6151051388e-09 2.62617033573e-07
18.8 -7.6151051388e-09 2.38568929593e-07
18.9 -7.6151051388e-09 2.1685051949e-07
19 -7.6151051388e-09 1.97223851588e-07
19.1 -7.6151051388e-09 1.790902412e-07
19.2 -7.6151051388e-09 1.62420769471e-07
19.3 -7.6151051388e-09 1.47215436401e-07
19.4 -7.6151051388e-09 1.33474241991e-07
19.5 -7.6151051388e-09 1.21197186241e-07
19.6 -7.6151051388e-09 1.10092802976e-07
19.7 -7.6151051388e-09 9.98596115006e-08
19.8 -7.6151051388e-09 9.04975904004e-08
19.9 -7.6151051388e-09 8.20067396754e-08
20 -7.6151051388e-09 7.43870593256e-08
