"Time" "Prey" "Predator"
0 30.605733109 3.43095004037
0.1 6.51350634986 21.2514776226
0.2 0.303528169303 23.6630926456
0.3 0.0157879166898 21.6164958956
0.4 0.00108562934074 19.5699414554
0.5 9.6862320321e-05 17.7083262705
0.6 1.10041126424e-05 16.0232184617
0.7 1.52215790829e-06 14.4984154462
0.8 2.54194342454e-07 13.1187110571
0.9 4.91300413059e-08 11.8703025624
1 4.1645010762e-09 10.7406940839
1.1 -1.05326961658e-08 9.71857449682
1.2 -1.07644077173e-08 8.79372831346
1.3 -1.12924093498e-08 7.95689288433
1.4 -1.12696497619e-08 7.19969251887
1.5 -1.03591349354e-08 6.51454706215
1.6 -9.46513796607e-09 5.89461041643
1.7 -8.25077509604e-09 5.33367094378
1.8 -8.82783476795e-09 4.82610159037
1.9 -8.65982930781e-09 4.36683850144
2 -8.65089269645e-09 3.95127928669
2.1 -8.66271050424e-09 3.57526539026
2.2 -8.66271050424e-09 3.23503398647
2.3 -8.66271050424e-09 2.9271800441
2.4 -8.66271050424e-09 2.64862217567
2.5 -8.66271050424e-09 2.396572864
2.6 -8.66271050424e-09 2.16850929074
2.7 -8.66271050424e-09 1.96214884022
2.8 -8.66271050424e-09 1.77542587783
2.9 -8.66271050424e-09 1.60647212779
3 -8.66271050424e-09 1.45359638444
3.1 -8.66271050424e-09 1.31526857608
3.2 -8.66271050424e-09 1.19010453679
3.3 -8.66271050424e-09 1.07685125559
3.4 -8.66271050424e-09 0.974375473275
3.5 -8.66271050424e-09 0.881651519958
3.6 -8.66271050424e-09 0.797751222573
3.7 -8.66271050424e-09 0.721834549832
3.8 -8.66271050424e-09 0.65314272947
3.9 -8.66271050424e-09 0.590987858741
4 -8.66271050424e-09 0.534747983611
4.1 -8.66271050424e-09 0.483859986966
4.2 -8.66271050424e-09 0.437814608119
4.3 -8.66271050424e-09 0.39615097788
4.4 -8.66271050424e-09 0.358452238043
4.5 -8.66271050424e-09 0.324341002999
4.6 -8.66271050424e-09 0.293475857232
4.7 -8.66271050424e-09 0.265547910496
4.8 -8.66271050424e-09 0.240277555721
4.9 -8.66271050424e-09 0.217411920445
5 -8.66271050424e-09 0.196722436972
5.1 -8.66271050424e-09 0.178001767972
5.2 -8.66271050424e-09 0.161062664199
5.3 -8.66271050424e-09 0.145735526201
5.4 -8.66271050424e-09 0.131866900424
5.5 -8.66271050424e-09 0.119318115978
5.6 -8.66271050424e-09 0.107963438449
5.7 -8.66271050424e-09 0.0976893443556
5.8 -8.66271050424e-09 0.0883929823068
5.9 -8.66271050424e-09 0.0799812615045
6 -8.66271050424e-09 0.072370052018
6.1 -8.66271050424e-09 0.0654831012681
6.2 -8.66271050424e-09 0.0592515494023
6.3 -8.66271050424e-09 0.0536130129365
6.4 -8.66271050424e-09 0.0485110383511
6.5 -8.66271050424e-09 0.0438946129131
6.6 -8.66271050424e-09 0.0397174794602
6.7 -8.66271050424e-09 0.0359378606847
6.8 -8.66271050424e-09 0.0325179164748
6.9 -8.66271050424e-09 0.0294234106989
7 -8.66271050424e-09 0.026623407111
7.1 -8.66271050424e-09 0.0240898480391
7.2 -8.66271050424e-09 0.0217973955805
7.3 -8.66271050424e-09 0.0197230987741
7.4 -8.66271050424e-09 0.0178461902281
7.5 -8.66271050424e-09 0.016147902805
7.6 -8.66271050424e-09 0.0146112203356
7.7 -8.66271050424e-09 0.0132207773662
7.8 -8.66271050424e-09 0.01196265406
7.9 -8.66271050424e-09 0.0108242532837
8 -8.66271050424e-09 0.0097941905993
8.1 -8.66271050424e-09 0.00886214721417
8.2 -8.66271050424e-09 0.00801880089318
8.3 -8.66271050424e-09 0.00725569883112
8.4 -8.66271050424e-09 0.00656520323768
8.5 -8.66271050424e-09 0.00594043629033
8.6 -8.66271050424e-09 0.00537514655782
8.7 -8.66271050424e-09 0.00486366336771
8.8 -8.66271050424e-09 0.00440084235944
8.9 -8.66271050424e-09 0.00398207016472
9 -8.66271050424e-09 0.0036031608069
9.1 -8.66271050424e-09 0.00326028048535
9.2 -8.66271050424e-09 0.00295002176318
9.3 -8.66271050424e-09 0.00266929742288
9.4 -8.66271050424e-09 0.00241527471144
9.5 -8.66271050424e-09 0.0021854293272
9.6 -8.66271050424e-09 0.00197746863084
9.7 -8.66271050424e-09 0.00178928628043
9.8 -8.66271050424e-09 0.00161901273295
9.9 -8.66271050424e-09 0.00146495028706
10 -8.66271050424e-09 0.00132553963671
10.1 -8.66271050424e-09 0.00119940319732
10.2 -8.66271050424e-09 0.00108528365934
10.3 -8.66271050424e-09 0.000982017412175
10.4 -8.66271050424e-09 0.000888556721132
10.5 -8.66271050424e-09 0.00080399657105
10.6 -8.66271050424e-09 0.000727486737255
10.7 -8.66271050424e-09 0.000658247015794
10.8 -8.66271050424e-09 0.000595597384541
10.9 -8.66271050424e-09 0.000538917432744
11 -8.66271050424e-09 0.000487631683813
11.1 -8.66271050424e-09 0.000441221080705
11.2 -8.66271050424e-09 0.00039923378402
11.3 -8.66271050424e-09 0.000361245353178
11.4 -8.66271050424e-09 0.000326864924536
11.5 -8.66271050424e-09 0.000295755252927
11.6 -8.66271050424e-09 0.000267608939105
11.7 -8.66271050424e-09 0.000242140745944
11.8 -8.66271050424e-09 0.000219089715481
11.9 -8.66271050424e-09 0.000198242238665
12 -8.66271050424e-09 0.000179377863616
12.1 -8.66271050424e-09 0.000162306441254
12.2 -8.66271050424e-09 0.000146863200001
12.3 -8.66271050424e-09 0.000132893422082
12.4 -8.66271050424e-09 0.000120252405733
12.5 -8.66271050424e-09 0.000108808336911
12.6 -8.66271050424e-09 9.84438583756e-05
12.7 -8.66271050424e-09 8.90572501911e-05
12.8 -8.66271050424e-09 8.05585487263e-05
12.9 -8.66271050424e-09 7.28711763122e-05
13 -8.66271050424e-09 6.59298398941e-05
13.1 -8.66271050424e-09 5.96520983804e-05
13.2 -8.66271050424e-09 5.39699643677e-05
13.3 -8.66271050424e-09 4.88299820833e-05
13.4 -8.66271050424e-09 4.41873051233e-05
13.5 -8.66271050424e-09 3.99960278684e-05
13.6 -8.66271050424e-09 3.62019113548e-05
13.7 -8.66271050424e-09 3.27662976634e-05
13.8 -8.66271050424e-09 2.96560681122e-05
13.9 -8.66271050424e-09 2.67947248777e-05
14 -8.66271050424e-09 2.42783585479e-05
14.1 -8.66271050424e-09 2.19807158381e-05
14.2 -8.66271050424e-09 1.98912083444e-05
14.3 -8.66271050424e-09 1.7999247663e-05
14.4 -8.66271050424e-09 1.62902871036e-05
14.5 -8.66271050424e-09 1.47447853361e-05
14.6 -8.66271050424e-09 1.33484252906e-05
14.7 -8.66271050424e-09 1.2087000704e-05
14.8 -8.66271050424e-09 1.09463053133e-05
14.9 -8.66271050424e-09 9.91268987369e-06
15 -8.66271050424e-09 8.97955248702e-06
15.1 -8.66271050424e-09 8.13757808264e-06
15.2 -8.66271050424e-09 7.37574444059e-06
15.3 -8.66271050424e-09 6.68302934091e-06
15.4 -8.66271050424e-09 6.04841056361e-06
15.5 -8.66271050424e-09 5.4669053874e-06
15.6 -8.66271050424e-09 4.94115184411e-06
15.7 -8.66271050424e-09 4.46581686078e-06
15.8 -8.66271050424e-09 4.03539829718e-06
15.9 -8.66271050424e-09 3.64439401305e-06
16 -8.66271050424e-09 3.21514067694e-06
16.1 -8.66271050424e-09 2.92739074545e-06
16.2 -8.66271050424e-09 2.65881587072e-06
16.3 -8.66271050424e-09 2.40941605273e-06
16.4 -8.66271050424e-09 2.17919129149e-06
16.5 -8.66271050424e-09 1.968141587e-06
16.6 -8.66271050424e-09 1.77523877264e-06
16.7 -8.66271050424e-09 1.5986930013e-06
16.8 -8.66271050424e-09 1.43847193729e-06
16.9 -8.66271050424e-09 1.29457558059e-06
17 -8.66271050424e-09 1.16700393122e-06
17.1 -8.66271050424e-09 1.05571872171e-06
17.2 -8.66271050424e-09 9.56150993282e-07
17.3 -8.66271050424e-09 8.65157364209e-07
17.4 -8.66271050424e-09 7.82737834488e-07
17.5 -8.66271050424e-09 7.08892404119e-07
17.6 -8.66271050424e-09 6.43621073102e-07
17.7 -8.66271050424e-09 5.86645642792e-07
17.8 -8.66271050424e-09 5.34650756981e-07
17.9 -8.66271050424e-09 4.86671596008e-07
18 -8.66271050424e-09 4.42708159875e-07
18.1 -8.66271050424e-09 4.02760448581e-07
18.2 -8.66271050424e-09 3.66828462125e-07
18.3 -8.66271050424e-09 3.34596402896e-07
18.4 -8.66271050424e-09 3.0476304745e-07
18.5 -8.66271050424e-09 2.77187304475e-07
18.6 -8.66271050424e-09 2.51869173973e-07
18.7 -8.66271050424e-09 2.28808655944e-07
18.8 -8.66271050424e-09 2.08005750386e-07
18.9 -8.66271050424e-09 1.89157897594e-07
19 -8.66271050424e-09 1.7173839732e-07
19.1 -8.66271050424e-09 1.557377341e-07
19.2 -8.66271050424e-09 1.41155907936e-07
19.3 -8.66271050424e-09 1.27992918828e-07
19.4 -8.66271050424e-09 1.1624592967e-07
19.5 -8.66271050424e-09 1.05576203273e-07
19.6 -8.66271050424e-09 9.57506930392e-08
19.7 -8.66271050424e-09 8.6769398969e-08
19.8 -8.66271050424e-09 7.86323210621e-08
19.9 -8.66271050424e-09 7.13394593186e-08
20 -8.66271050424e-09 6.48681393726e-08
