"Time" "Prey" "Predator"
0 2.80906841293 33.5870428546
0.1 0.034218446702 32.3434260256
0.2 0.00060236929256 29.2892490786
0.3 1.56642574545e-05 26.5024237139
0.4 5.78379408503e-07 23.9803758346
0.5 -1.06503658996e-07 21.698377106
0.6 -7.13169438029e-08 19.6335112665
0.7 -1.1634978849e-07 17.7651305781
0.8 -1.2266535353e-07 16.0745526328
0.9 -1.2266535353e-07 14.5448559376
1 -1.2266535353e-07 13.1607263364
1.1 -1.2266535353e-07 11.9083133237
1.2 -1.2266535353e-07 10.7750991233
1.3 -1.2266535353e-07 9.74971586822
1.4 -1.2266535353e-07 8.82190893425
1.5 -1.2266535353e-07 7.98239391785
1.6 -1.2266535353e-07 7.2227694513
1.7 -1.2266535353e-07 6.53543330637
1.8 -1.2266535353e-07 5.91350542357
1.9 -1.2266535353e-07 5.35076199727
2 -1.2266535353e-07 4.84157287608
2.1 -1.2266535353e-07 4.38083511006
2.2 -1.2266535353e-07 3.96393691464
2.3 -1.2266535353e-07 3.58671726351
2.4 -1.2266535353e-07 3.24539925865
2.5 -1.2266535353e-07 2.93655788569
2.6 -1.2266535353e-07 2.65710622158
2.7 -1.2266535353e-07 2.40424921136
2.8 -1.2266535353e-07 2.17545494534
2.9 -1.2266535353e-07 1.96843327833
3 -1.2266535353e-07 1.78111172887
3.1 -1.2266535353e-07 1.61161637553
3.2 -1.2266535353e-07 1.45825093015
3.3 -1.2266535353e-07 1.31947999585
3.4 -1.2266535353e-07 1.19391478831
3.5 -1.2266535353e-07 1.08029835003
3.6 -1.2266535353e-07 0.977493816176
3.7 -1.2266535353e-07 0.884472980521
3.8 -1.2266535353e-07 0.800304122426
3.9 -1.2266535353e-07 0.724145183975
4 -1.2266535353e-07 0.655233508047
4.1 -1.2266535353e-07 0.592879739773
4.2 -1.2266535353e-07 0.536459649714
4.3 -1.2266535353e-07 0.485408648846
4.4 -1.2266535353e-07 0.439215929432
4.5 -1.2266535353e-07 0.397418948853
4.6 -1.2266535353e-07 0.359599548524
4.7 -1.2266535353e-07 0.325379012859
4.8 -1.2266535353e-07 0.294415091303
4.9 -1.2266535353e-07 0.266397738607
5 -1.2266535353e-07 0.241046619501
5.1 -1.2266535353e-07 0.218107991629
5.2 -1.2266535353e-07 0.197352231664
5.3 -1.2266535353e-07 0.178571682069
5.4 -1.2266535353e-07 0.161578283421
5.5 -1.2266535353e-07 0.146202080078
5.6 -1.2266535353e-07 0.132289086279
5.7 -1.2266535353e-07 0.119700109697
5.8 -1.2266535353e-07 0.108309091953
5.9 -1.2266535353e-07 0.0980020504943
6 -1.2266535353e-07 0.0886759292485
6.1 -1.2266535353e-07 0.0802372714209
6.2 -1.2266535353e-07 0.0726016909723
6.3 -1.2266535353e-07 0.0656927221405
6.4 -1.2266535353e-07 0.0594412105586
6.5 -1.2266535353e-07 0.0537846366714
6.6 -1.2266535353e-07 0.0486663259855
6.7 -1.2266535353e-07 0.044035111194
6.8 -1.2266535353e-07 0.0398446156606
6.9 -1.2266535353e-07 0.0360528902702
7 -1.2266535353e-07 0.0326220096429
7.1 -1.2266535353e-07 0.0295176012426
7.2 -1.2266535353e-07 0.0267086284587
7.3 -1.2266535353e-07 0.0241669623924
7.4 -1.2266535353e-07 0.0218671629813
7.5 -1.2266535353e-07 0.0197862314855
7.6 -1.2266535353e-07 0.0179033171962
7.7 -1.2266535353e-07 0.0161995917885
7.8 -1.2266535353e-07 0.0146579940525
7.9 -1.2266535353e-07 0.0132630950985
8 -1.2266535353e-07 0.0120009461486
8.1 -1.2266535353e-07 0.0108589017151
8.2 -1.2266535353e-07 0.00982553989416
8.3 -1.2266535353e-07 0.0088905023422
8.4 -1.2266535353e-07 0.00804443574614
8.5 -1.2266535353e-07 0.00727890748987
8.6 -1.2266535353e-07 0.00658624923876
8.7 -1.2266535353e-07 0.0059595147967
8.8 -1.2266535353e-07 0.00539240658889
8.9 -1.2266535353e-07 0.00487928196544
9 -1.2266535353e-07 0.00441498884475
9.1 -1.2266535353e-07 0.00399484307304
9.2 -1.2266535353e-07 0.00361468879538
9.3 -1.2266535353e-07 0.00327071260421
9.4 -1.2266535353e-07 0.00295945506585
9.5 -1.2266535353e-07 0.00267783336568
9.6 -1.2266535353e-07 0.00242301172105
9.7 -1.2266535353e-07 0.00219242724995
9.8 -1.2266535353e-07 0.00198379685907
9.9 -1.2266535353e-07 0.00179501649575
10 -1.2266535353e-07 0.00162420101496
10.1 -1.2266535353e-07 0.00146966125699
10.2 -1.2266535353e-07 0.0013298303219
10.3 -1.2266535353e-07 0.00120327378273
10.4 -1.2266535353e-07 0.00108876148567
10.5 -1.2266535353e-07 0.000985153309158
10.6 -1.2266535353e-07 0.000891395852602
10.7 -1.2266535353e-07 0.000806552658106
10.8 -1.2266535353e-07 0.000729794003315
10.9 -1.2266535353e-07 0.000660345036765
11 -1.2266535353e-07 0.000597496759698
11.1 -1.2266535353e-07 0.0005406356216
11.2 -1.2266535353e-07 0.000489192431034
11.3 -1.2266535353e-07 0.000442639383813
11.4 -1.2266535353e-07 0.000400509677894
11.5 -1.2266535353e-07 0.000362393114318
11.6 -1.2266535353e-07 0.000327905229339
11.7 -1.2266535353e-07 0.000296686307135
11.8 -1.2266535353e-07 0.000268456320506
11.9 -1.2266535353e-07 0.000242910512906
12 -1.2266535353e-07 0.00021979367895
12.1 -1.2266535353e-07 0.000198878198897
12.2 -1.2266535353e-07 0.000179959506428
12.3 -1.2266535353e-07 0.00016284236991
12.4 -1.2266535353e-07 0.000147348471497
12.5 -1.2266535353e-07 0.000133317189354
12.6 -1.2266535353e-07 0.000120609484654
12.7 -1.2266535353e-07 0.000109102186406
12.8 -1.2266535353e-07 9.86892883901e-05
12.9 -1.2266535353e-07 8.92823788374e-05
13 -1.2266535353e-07 8.07821821049e-05
13.1 -1.2266535353e-07 7.30879729827e-05
13.2 -1.2266535353e-07 6.61260731635e-05
13.3 -1.2266535353e-07 5.98341079801e-05
13.4 -1.2266535353e-07 5.41562219118e-05
13.5 -1.2266535353e-07 4.90193034874e-05
13.6 -1.2266535353e-07 4.43679425231e-05
13.7 -1.2266535353e-07 4.01564973162e-05
13.8 -1.2266535353e-07 3.62620493023e-05
13.9 -1.2266535353e-07 3.28666462812e-05
14 -1.2266535353e-07 2.9762684855e-05
14.1 -1.2266535353e-07 2.69362644788e-05
14.2 -1.2266535353e-07 2.4373484608e-05
14.3 -1.2266535353e-07 2.20584300196e-05
14.4 -1.2266535353e-07 1.99649181464e-05
14.5 -1.2266535353e-07 1.80729874119e-05
14.6 -1.2266535353e-07 1.6363989969e-05
14.7 -1.2266535353e-07 1.48192779706e-05
14.8 -1.2266535353e-07 1.34202120257e-05
14.9 -1.2266535353e-07 1.21550926989e-05
15 -1.2266535353e-07 1.10141460469e-05
15.1 -1.2266535353e-07 9.98290311043e-06
15.2 -1.2266535353e-07 9.04689493041e-06
15.3 -1.2266535353e-07 8.19165254763e-06
15.4 -1.2266535353e-07 7.40578208335e-06
15.5 -1.2266535353e-07 6.69356109931e-06
15.6 -1.2266535353e-07 6.04977182113e-06
15.7 -1.2266535353e-07 5.46719127898e-06
15.8 -1.2266535353e-07 4.93859650303e-06
15.9 -1.2266535353e-07 4.34318917659e-06
16 -1.2266535353e-07 3.95762643648e-06
16.1 -1.2266535353e-07 3.59723488395e-06
16.2 -1.2266535353e-07 3.262014519e-06
16.3 -1.2266535353e-07 2.95196534162e-06
16.4 -1.2266535353e-07 2.66708735182e-06
16.5 -1.2266535353e-07 2.40683852245e-06
16.6 -1.2266535353e-07 2.16841821692e-06
16.7 -1.2266535353e-07 1.95142760905e-06
16.8 -1.2266535353e-07 1.75586669887e-06
16.9 -1.2266535353e-07 1.58173548635e-06
17 -1.2266535353e-07 1.4290339715e-06
17.1 -1.2266535353e-07 1.29460109743e-06
17.2 -1.2266535353e-07 1.17165158529e-06
17.3 -1.2266535353e-07 1.05995738647e-06
17.4 -1.2266535353e-07 9.59518500983e-07
17.5 -1.2266535353e-07 8.70334928823e-07
17.6 -1.2266535353e-07 7.92402287167e-07
17.7 -1.2266535353e-07 7.22508388532e-07
17.8 -1.2266535353e-07 6.57885946659e-07
17.9 -1.2266535353e-07 5.98534961549e-07
18 -1.2266535353e-07 5.444554332e-07
18.1 -1.2266535353e-07 4.95647361614e-07
18.2 -1.2266535353e-07 4.52014852337e-07
18.3 -1.2266535353e-07 4.11930453146e-07
18.4 -1.2266535353e-07 3.74809630943e-07
18.5 -1.2266535353e-07 3.40652385728e-07
18.6 -1.2266535353e-07 3.09458717499e-07
18.7 -1.2266535353e-07 2.81228626258e-07
18.8 -1.2266535353e-07 2.55802602367e-07
18.9 -1.2266535353e-07 2.32356464737e-07
19 -1.2266535353e-07 2.10772845418e-07
19.1 -1.2266535353e-07 1.91051744407e-07
19.2 -1.2266535353e-07 1.73193161706e-07
19.3 -1.2266535353e-07 1.57197097314e-07
19.4 -1.2266535353e-07 1.42829196784e-07
19.5 -1.2266535353e-07 1.29586413085e-07
19.6 -1.2266535353e-07 1.17451839151e-07
19.7 -1.2266535353e-07 1.06425474982e-07
19.8 -1.2266535353e-07 9.65073205763e-08
19.9 -1.2266535353e-07 8.76970187188e-08
20 -1.2266535353e-07 7.97327639822e-08
