"Time" "Prey" "Predator"
0 0.931359779981 1.23951791232
0.1 0.844591745855 1.2256072232
0.2 0.767839974643 1.2019870328
0.3 0.700652964226 1.17037397207
0.4 0.642326597706 1.13247056385
0.5 0.592034321117 1.08986751217
0.6 0.548916085385 1.04398746296
0.7 0.512136852472 0.996058757437
0.8 0.480923240188 0.947110699358
0.9 0.454578313162 0.897984868324
1 0.432488885469 0.84935179579
1.1 0.414123637441 0.801732548576
1.2 0.399028089226 0.755520601812
1.3 0.386816522742 0.711002925627
1.4 0.377164150323 0.668378912874
1.5 0.369799184709 0.62777706629
1.6 0.364495504985 0.589269310522
1.7 0.361066209419 0.552882938733
1.8 0.359357906428 0.518610689858
1.9 0.359245947792 0.48641876282
2 0.360629645702 0.456254869609
2.1 0.363429492941 0.428052071807
2.2 0.367584583549 0.401731933152
2.3 0.37304896045 0.377211801552
2.4 0.379790746731 0.354404307556
2.5 0.387789576801 0.333221440355
2.6 0.397035794025 0.313574909873
2.7 0.407528934525 0.295378129229
2.8 0.41927695556 0.278546835686
2.9 0.432295386599 0.263000061319
3 0.446606614033 0.24866052609
3.1 0.462239302421 0.235455018844
3.2 0.479227846569 0.22331479113
3.3 0.497612112708 0.212175372073
3.4 0.517436887086 0.201976948929
3.5 0.538751433862 0.192664581394
3.6 0.561609381782 0.184187785039
3.7 0.586068010182 0.176500983446
3.8 0.612188182115 0.169563133673
3.9 0.640033632104 0.163338047708
4 0.669670626095 0.157794286536
4.1 0.701167312477 0.152905247131
4.2 0.734592896786 0.148649376993
4.3 0.770017043781 0.145010190259
4.4 0.807508428591 0.141976717961
4.5 0.847133930652 0.139543634614
4.6 0.888956614243 0.137711872627
4.7 0.933034130691 0.136489074981
4.8 0.979416413048 0.135890291557
4.9 1.02814234239 0.135939040166
5 1.07923695029 0.1366681818
5.1 1.13270636845 0.138121545646
5.2 1.1885336852 0.140355274324
5.3 1.24667127912 0.143440307228
5.4 1.30703468896 0.147464383246
5.5 1.36949185336 0.152535459637
5.6 1.43385341932 0.158784852129
5.7 1.49985853546 0.166371607992
5.8 1.56715964722 0.175487238412
5.9 1.63530489982 0.186360789148
6 1.70371594399 0.199264972133
6.1 1.77166706741 0.21452164656
6.2 1.83825899593 0.232506493748
6.3 1.90239342508 0.253655084911
6.4 1.96275522773 0.278458472371
6.5 2.01779473144 0.307459908218
6.6 2.06572769051 0.341239480799
6.7 2.10455436244 0.380384992372
6.8 2.13212223794 0.425438006228
6.9 2.1462156275 0.47682852917
7 2.14471380298 0.534772643745
7.1 2.12579725735 0.599154875872
7.2 2.08820031493 0.66940001221
7.3 2.03147525557 0.744360330788
7.4 1.95620795052 0.82226211182
7.5 1.86413910448 0.900731213885
7.6 1.75812236343 0.97693647362
7.7 1.64189776742 1.0478437329
7.8 1.51971433165 1.11053887573
7.9 1.39587449088 1.1625550832
8 1.27430213746 1.20212966992
8.1 1.1582203648 1.22834005209
8.2 1.04998409003 1.24110420643
8.3 0.951064604615 1.24106883058
8.4 0.862148281249 1.2294289982
8.5 0.783298415432 1.20772667102
8.6 0.714134038418 1.17766470045
8.7 0.653993845757 1.14095757044
8.8 0.602068973738 1.09922572427
8.9 0.557500458274 1.05393062923
9 0.519445010498 1.00634203445
9.1 0.487112830182 0.957532816462
9.2 0.459790178233 0.908382520892
9.3 0.436846111932 0.859596124706
9.4 0.417732107837 0.811724802785
9.5 0.401977930768 0.765187178031
9.6 0.38918407759 0.720290969835
9.7 0.379013477023 0.677252681476
9.8 0.371183725064 0.636214543069
9.9 0.365459714162 0.597259286993
10 0.361646798674 0.560422788579
10.1 0.359584742317 0.525704442534
10.2 0.359143145769 0.493075658754
10.3 0.360216776335 0.462487040655
10.4 0.362722094336 0.433873893492
10.5 0.366594159005 0.407161005581
10.6 0.37178414039 0.382266083703
10.7 0.378257190922 0.359102718828
10.8 0.385990666066 0.33758270766
10.9 0.394972730931 0.31761767867
11 0.405201078975 0.299120582159
11.1 0.416681910788 0.282006735691
11.2 0.429429278242 0.266194236781
11.3 0.443464145725 0.251604987378
11.4 0.458813890897 0.238164933269
11.5 0.475511805171 0.225804257311
11.6 0.493596566767 0.214457691923
11.7 0.513111947824 0.204064452827
11.8 0.534106299557 0.194568540305
11.9 0.556632338121 0.185918516204
12 0.580746609583 0.178067757646
12.1 0.606509263828 0.170974255234
12.2 0.633983445733 0.164600816291
12.3 0.663234973571 0.158914946577
12.4 0.694331580086 0.153889057107
12.5 0.727342385416 0.149500469736
12.6 0.762336750794 0.145731734804
12.7 0.799383854323 0.14257059358
12.8 0.838551219193 0.140010400922
12.9 0.879902172729 0.138051005254
13 0.92349647977 0.136698272153
13.1 0.969386055961 0.135965554914
13.2 1.01761185787 0.135874703678
13.3 1.06820243654 0.136456408284
13.4 1.12116760511 0.137752277696
13.5 1.1764969899 0.139815260996
13.6 1.23414865387 0.142713454382
13.7 1.29404814462 0.146530323314
13.8 1.3560743483 0.151369265727
13.9 1.42005045558 0.157356517004
14 1.48573114557 0.164645126854
14.1 1.55279025606 0.173418806202
14.2 1.62079805939 0.183898646069
14.3 1.68920645206 0.1963472595
14.4 1.75732155263 0.211075841157
14.5 1.82428361746 0.228448328383
14.6 1.88903913678 0.248886732235
14.7 1.95032166295 0.272869666789
14.8 2.00662928853 0.300932928275
14.9 2.05622712975 0.333650196969
15 2.09716194503 0.371607772511
15.1 2.12730165152 0.415366289261
15.2 2.14443603249 0.465384362479
15.3 2.14640849625 0.521933252303
15.4 2.131316326 0.584978190746
15.5 2.0977542701 0.654051830676
15.6 2.04507784138 0.72813708869
15.7 1.9736390782 0.805593863433
15.8 1.8849338666 0.884165295337
15.9 1.7815905546 0.96110102623
16 1.66718846634 1.03338412163
16.1 1.54590554893 1.09804662224
16.2 1.4220719464 1.152501443
16.3 1.29972391462 1.19482051704
16.4 1.18225273993 1.22389872503
16.5 1.07220348133 1.23948208563
16.6 0.971228613874 1.2420771508
16.7 0.880167391116 1.2327800691
16.8 0.799202626895 1.21307368386
16.9 0.728032744386 1.18464115088
17 0.666043290529 1.149204943
17.1 0.612447371328 1.108412056
17.2 0.566390364676 1.06376111595
17.3 0.527021304959 1.01656443627
17.4 0.493537275795 0.96793566621
17.5 0.465207274018 0.918794334607
17.6 0.441382430121 0.869881066102
17.7 0.421497403846 0.821777471846
17.8 0.405065949437 0.774928476435
17.9 0.391674080481 0.729663797487
18 0.380972160701 0.686217771119
18.1 0.372667067811 0.644746940023
18.2 0.366513989307 0.605345700069
18.3 0.362310244824 0.568058751496
18.4 0.359888712242 0.532892724368
18.5 0.359113098275 0.499824276547
18.6 0.359873188293 0.468807811172
18.7 0.362080987874 0.439781741438
18.8 0.365667916628 0.412672549989
18.9 0.370581918826 0.387399175178
19 0.376785239588 0.363876053534
19.1 0.384252854271 0.342015044398
19.2 0.392970608866 0.321727907087
19.3 0.402934417804 0.302926889129
19.4 0.414148780719 0.285526694503
19.5 0.426626157791 0.269444853403
19.6 0.440386045788 0.254602543959
19.7 0.455454519966 0.240924769466
19.8 0.471863631677 0.228340826577
19.9 0.489650966965 0.216784438738
20 0.508859238966 0.20619390125
