"Time" "Prey" "Predator"
0 29.4569459245 1.00326616258
0.1 16.7846506741 11.2962747209
0.2 1.66206913322 21.2191511731
0.3 0.107978729957 20.3124688341
0.4 0.00870980068055 18.4507422585
0.5 0.00089544521782 16.7005554146
0.6 0.000114914132902 15.1118527128
0.7 1.81740818798e-05 13.6738406776
0.8 3.38875890498e-06 12.3726147043
0.9 7.44024593485e-07 11.1952082106
1 1.8925149164e-07 10.1298454044
1.1 3.94328937897e-08 9.1658637226
1.2 -9.47213868531e-09 8.29360979965
1.3 -5.96175469844e-09 7.50436715746
1.4 -7.96808393377e-09 6.79023119314
1.5 -8.2700508549e-09 6.14405361213
1.6 -5.45072280195e-09 5.55936624987
1.7 -2.56843051492e-09 5.03032412414
1.8 2.62809686531e-09 4.55163341356
1.9 -1.42312243498e-09 4.11848547607
2 -8.74438313097e-10 3.72656002206
2.1 -3.93353930972e-10 3.37193160521
2.2 -7.06415839202e-10 3.05104997658
2.3 -6.48405497866e-10 2.76070423184
2.4 -6.48405497866e-10 2.49798871167
2.5 -6.48405497866e-10 2.26027375699
2.6 -6.48405497866e-10 2.04518048665
2.7 -6.48405497866e-10 1.85055642136
2.8 -6.48405497866e-10 1.67445299674
2.9 -6.48405497866e-10 1.51510795003
3 -6.48405497866e-10 1.37092673922
3.1 -6.48405497866e-10 1.24046596145
3.2 -6.48405497866e-10 1.12242025928
3.3 -6.48405497866e-10 1.01560808251
3.4 -6.48405497866e-10 0.918960307663
3.5 -6.48405497866e-10 0.831509893426
3.6 -6.48405497866e-10 0.752381334801
3.7 -6.48405497866e-10 0.68078285803
3.8 -6.48405497866e-10 0.615997413282
3.9 -6.48405497866e-10 0.557377137207
4 -6.48405497866e-10 0.504335603628
4.1 -6.48405497866e-10 0.456341715129
4.2 -6.48405497866e-10 0.412915088858
4.3 -6.48405497866e-10 0.373621026167
4.4 -6.48405497866e-10 0.338066227261
4.5 -6.48405497866e-10 0.305894962406
4.6 -6.48405497866e-10 0.276785213869
4.7 -6.48405497866e-10 0.250445619283
4.8 -6.48405497866e-10 0.226612536948
4.9 -6.48405497866e-10 0.205047459786
5 -6.48405497866e-10 0.185534447331
5.1 -6.48405497866e-10 0.167878437362
5.2 -6.48405497866e-10 0.151902676256
5.3 -6.48405497866e-10 0.137447184994
5.4 -6.48405497866e-10 0.124367386795
5.5 -6.48405497866e-10 0.112532229006
5.6 -6.48405497866e-10 0.101823359568
5.7 -6.48405497866e-10 0.0921335665998
5.8 -6.48405497866e-10 0.0833658485187
5.9 -6.48405497866e-10 0.075432556556
6 -6.48405497866e-10 0.0682541913193
6.1 -6.48405497866e-10 0.061758950237
6.2 -6.48405497866e-10 0.0558818025845
6.3 -6.48405497866e-10 0.0505639167652
6.4 -6.48405497866e-10 0.0457521285707
6.5 -6.48405497866e-10 0.041398221754
6.6 -6.48405497866e-10 0.0374586582937
6.7 -6.48405497866e-10 0.0338939972866
6.8 -6.48405497866e-10 0.0306685474121
6.9 -6.48405497866e-10 0.0277500531496
7 -6.48405497866e-10 0.0251092740766
7.1 -6.48405497866e-10 0.0227198070777
7.2 -6.48405497866e-10 0.0205577310429
7.3 -6.48405497866e-10 0.0186013978983
7.4 -6.48405497866e-10 0.0168312444442
7.5 -6.48405497866e-10 0.0152295347546
7.6 -6.48405497866e-10 0.0137802516683
7.7 -6.48405497866e-10 0.0124688857406
7.8 -6.48405497866e-10 0.0112823086168
7.9 -6.48405497866e-10 0.010208656945
8 -6.48405497866e-10 0.00923717235349
8.1 -6.48405497866e-10 0.00835813691903
8.2 -6.48405497866e-10 0.0075627562949
8.3 -6.48405497866e-10 0.0068430615994
8.4 -6.48405497866e-10 0.00619185474136
8.5 -6.48405497866e-10 0.00560260251399
8.6 -6.48405497866e-10 0.00506942399953
8.7 -6.48405497866e-10 0.00458701083958
8.8 -6.48405497866e-10 0.00415052133377
8.9 -6.48405497866e-10 0.0037555756903
9 -6.48405497866e-10 0.00339819951685
9.1 -6.48405497866e-10 0.00307484517257
9.2 -6.48405497866e-10 0.00278226618378
9.3 -6.48405497866e-10 0.00251749686396
9.4 -6.48405497866e-10 0.00227792379578
9.5 -6.48405497866e-10 0.00206115599155
9.6 -6.48405497866e-10 0.0018650031123
9.7 -6.48405497866e-10 0.00168752292177
9.8 -6.48405497866e-10 0.00152694297851
9.9 -6.48405497866e-10 0.0013816333152
10 -6.48405497866e-10 0.00125015209592
10.1 -6.48405497866e-10 0.00113119023833
10.2 -6.48405497866e-10 0.00102354149283
10.3 -6.48405497866e-10 0.000926138873535
10.4 -6.48405497866e-10 0.000838016322059
10.5 -6.48405497866e-10 0.000758277863385
10.6 -6.48405497866e-10 0.000686110469222
10.7 -6.48405497866e-10 0.000620815182758
10.8 -6.48405497866e-10 0.000561737364771
10.9 -6.48405497866e-10 0.000508274527279
11 -6.48405497866e-10 0.000459898419992
11.1 -6.48405497866e-10 0.000416132078016
11.2 -6.48405497866e-10 0.00037653188048
11.3 -6.48405497866e-10 0.000340695014305
11.4 -6.48405497866e-10 0.000308272989782
11.5 -6.48405497866e-10 0.000278939355798
11.6 -6.48405497866e-10 0.000252392770835
11.7 -6.48405497866e-10 0.000228370846811
11.8 -6.48405497866e-10 0.000206637328241
11.9 -6.48405497866e-10 0.000186972265366
12 -6.48405497866e-10 0.00016917253258
12.1 -6.48405497866e-10 0.000153075256027
12.2 -6.48405497866e-10 0.00013850898661
12.3 -6.48405497866e-10 0.000125327185279
12.4 -6.48405497866e-10 0.00011340185337
12.5 -6.48405497866e-10 0.000102614581615
12.6 -6.48405497866e-10 9.28538185855e-05
12.7 -6.48405497866e-10 8.40178591952e-05
12.8 -6.48405497866e-10 7.6015680783e-05
12.9 -6.48405497866e-10 6.87684612035e-05
13 -6.48405497866e-10 6.22063960172e-05
13.1 -6.48405497866e-10 5.62698324677e-05
13.2 -6.48405497866e-10 5.09086623884e-05
13.3 -6.48405497866e-10 4.60615171989e-05
13.4 -6.48405497866e-10 4.16741238805e-05
13.5 -6.48405497866e-10 3.77049066146e-05
13.6 -6.48405497866e-10 3.41188582209e-05
13.7 -6.48405497866e-10 3.08822079186e-05
13.8 -6.48405497866e-10 2.79527395732e-05
13.9 -6.48405497866e-10 2.53000903698e-05
14 -6.48405497866e-10 2.28985187669e-05
14.1 -6.48405497866e-10 2.06851116809e-05
14.2 -6.48405497866e-10 1.87446261292e-05
14.3 -6.48405497866e-10 1.69720107037e-05
14.4 -6.48405497866e-10 1.5359183149e-05
14.5 -6.48405497866e-10 1.38980612095e-05
14.6 -6.48405497866e-10 1.25783528654e-05
14.7 -6.48405497866e-10 1.13848412542e-05
14.8 -6.48405497866e-10 1.0306418734e-05
14.9 -6.48405497866e-10 9.33224274875e-06
15 -6.48405497866e-10 8.45147074259e-06
15.1 -6.48405497866e-10 7.65344408787e-06
15.2 -6.48405497866e-10 6.93259490002e-06
15.3 -6.48405497866e-10 6.28230434555e-06
15.4 -6.48405497866e-10 5.69416181322e-06
15.5 -6.48405497866e-10 5.15975669179e-06
15.6 -6.48405497866e-10 4.67067837001e-06
15.7 -6.48405497866e-10 4.22188828759e-06
15.8 -6.48405497866e-10 3.8158630831e-06
15.9 -6.48405497866e-10 3.44880881728e-06
16 -6.48405497866e-10 3.11652703534e-06
16.1 -6.48405497866e-10 2.81481928255e-06
16.2 -6.48405497866e-10 2.48034420302e-06
16.3 -6.48405497866e-10 2.25903937086e-06
16.4 -6.48405497866e-10 2.05236630123e-06
16.5 -6.48405497866e-10 1.86032499411e-06
16.6 -6.48405497866e-10 1.68291544951e-06
16.7 -6.48405497866e-10 1.52013766743e-06
16.8 -6.48405497866e-10 1.37141013579e-06
16.9 -6.48405497866e-10 1.23521822539e-06
17 -6.48405497866e-10 1.11148343703e-06
17.1 -6.48405497866e-10 1.00020577069e-06
17.2 -6.48405497866e-10 9.01385226381e-07
17.3 -6.48405497866e-10 8.15021804105e-07
17.4 -6.48405497866e-10 7.38267919837e-07
17.5 -6.48405497866e-10 6.68057998927e-07
17.6 -6.48405497866e-10 6.04391008251e-07
17.7 -6.48405497866e-10 5.47266947808e-07
17.8 -6.48405497866e-10 4.96685817599e-07
17.9 -6.48405497866e-10 4.52554561461e-07
18 -6.48405497866e-10 4.12515435813e-07
18.1 -6.48405497866e-10 3.75540741465e-07
18.2 -6.48405497866e-10 3.41630478417e-07
18.3 -6.48405497866e-10 3.10784646669e-07
18.4 -6.48405497866e-10 2.83003246221e-07
18.5 -6.48405497866e-10 2.58130874746e-07
18.6 -6.48405497866e-10 2.35161760753e-07
18.7 -6.48405497866e-10 2.13915424422e-07
18.8 -6.48405497866e-10 1.94391865754e-07
18.9 -6.48405497866e-10 1.76591084748e-07
19 -6.48405497866e-10 1.60513081405e-07
19.1 -6.48405497866e-10 1.45986696338e-07
19.2 -6.48405497866e-10 1.32566121089e-07
19.3 -6.48405497866e-10 1.20228250589e-07
19.4 -6.48405497866e-10 1.08973084839e-07
19.5 -6.48405497866e-10 9.88006238379e-08
19.6 -6.48405497866e-10 8.97108675863e-08
19.7 -6.48405497866e-10 8.1492692152e-08
19.8 -6.48405497866e-10 7.39188114675e-08
19.9 -6.48405497866e-10 6.69891489354e-08
20 -6.48405497866e-10 6.07037045558e-08
