"Time" "Prey" "Predator"
0 1.89620927768e-05 1.65492832016
0.1 1.6430697313e-05 1.49744496726
0.2 1.45245424164e-05 1.35494724195
0.3 1.30736543611e-05 1.22600913616
0.4 1.19613981038e-05 1.10934009072
0.5 1.11068139291e-05 1.00377275691
0.6 1.04526237672e-05 0.908251994039
0.7 9.95693966625e-06 0.821821074047
0.8 9.58933795387e-06 0.743614899298
0.9 9.32726847319e-06 0.672849855615
1 9.1545067834e-06 0.608820090552
1.1 9.05954220601e-06 0.550886286073
1.2 9.03104345111e-06 0.498464265832
1.3 9.06137882528e-06 0.451028338503
1.4 9.14742604953e-06 0.408107846335
1.5 9.28473979198e-06 0.369271911872
1.6 9.47050936743e-06 0.334131426976
1.7 9.70318342329e-06 0.302334870504
1.8 9.98176597466e-06 0.27356417546
1.9 1.03059021069e-05 0.247531438287
2 1.06757636365e-05 0.223975961525
2.1 1.1092001735e-05 0.202662077931
2.2 1.15556861966e-05 0.183376587038
2.3 1.20682417278e-05 0.165926254624
2.4 1.26314698426e-05 0.15013657302
2.5 1.32474933979e-05 0.135849389681
2.6 1.39187707898e-05 0.12292185711
2.7 1.46480674147e-05 0.111224473952
2.8 1.54384752453e-05 0.100640292088
2.9 1.62933975529e-05 0.0910632605468
3 1.72165716684e-05 0.082397640692
3.1 1.82120641521e-05 0.0745566114441
3.2 1.92842951496e-05 0.0674617852303
3.3 2.04380427478e-05 0.0610420839531
3.4 2.16784697119e-05 0.0552333365343
3.5 2.30111320786e-05 0.0499772894583
3.6 2.44420095572e-05 0.0452212757913
3.7 2.59775334017e-05 0.0409178433379
3.8 2.76246077281e-05 0.0370240798089
3.9 2.93906296863e-05 0.0335008429967
4 3.1283535601e-05 0.0303129420033
4.1 3.33118264862e-05 0.0274284070521
4.2 3.54846073395e-05 0.0248183498315
4.3 3.78116280586e-05 0.0224566443084
4.4 4.03033262537e-05 0.0203196592178
4.5 4.29708716559e-05 0.0183860673666
4.6 4.58262157204e-05 0.0166364893195
4.7 4.88821420028e-05 0.0150533970949
4.8 5.21523285648e-05 0.0136209484855
4.9 5.56514022297e-05 0.0123248011735
5 5.93950078446e-05 0.011151993906
5.1 6.33998789569e-05 0.0100907667803
5.2 6.76839016493e-05 0.00913054113999
5.3 7.22662093497e-05 0.00826173058416
5.4 7.71672639324e-05 0.00747561217708
5.5 8.24089136064e-05 0.00676428953678
5.6 8.80145552529e-05 0.00612066057253
5.7 9.4009193485e-05 0.00553828853416
5.8 0.000100419522028 0.00501130081684
5.9 0.000107274146705 0.00453446309752
6 0.000114603607065 0.00410300645507
6.1 0.000122440527614 0.00371259167011
6.2 0.000130819864552 0.00335934391814
6.3 0.000139778909406 0.00303971071583
6.4 0.000149357541831 0.00275048060214
6.5 0.000159598457552 0.00248878381783
6.6 0.000170547197073 0.00225198321621
6.7 0.00018225256313 0.00203772488356
6.8 0.000194766711855 0.00184387893389
6.9 0.000208145228212 0.00166847550012
7 0.000222447510151 0.00150972224046
7.1 0.000237737440264 0.00136608134953
7.2 0.000254083020824 0.00123611532327
7.3 0.000271556764275 0.0011185000006
7.4 0.000290236528724 0.00101207082249
7.5 0.000310205573732 0.000915781656583
7.6 0.000331552572719 0.000828658906884
7.7 0.000354372280372 0.00074981634765
7.8 0.000378766570646 0.000678486265507
7.9 0.00040484389658 0.0006139509673
8 0.000432719900495 0.000555546560077
8.1 0.000462518752154 0.000502693859063
8.2 0.000494373235463 0.000454874922431
8.3 0.00052842476313 0.000411606497432
8.4 0.000564825288879 0.00037244076117
8.5 0.000603734846219 0.000337021155059
8.6 0.000645328646209 0.000304969546503
8.7 0.000689790587007 0.000275964352089
8.8 0.00073732021075 0.000249722714415
8.9 0.000788130385352 0.000225984898918
9 0.000842446032587 0.000204505732899
9.1 0.000900505174038 0.00018506164552
9.2 0.000962564589476 0.000167452404933
9.3 0.00102891063504 0.000151504439454
9.4 0.00109983715668 0.000137064056992
9.5 0.00117565323001 0.000123999821193
9.6 0.00125668516959 0.000112200752369
9.7 0.00134330701072 0.000101530993255
9.8 0.00143591156752 9.18728530422e-05
9.9 0.00153490488154 8.31350636771e-05
10 0.00164071425278 7.52408357123e-05
10.1 0.00175380731292 6.81135510307e-05
10.2 0.00187471233772 6.16615260371e-05
10.3 0.00200396369068 5.58189356536e-05
10.4 0.00214212352099 5.05295371424e-05
10.5 0.00228978704431 4.57449644449e-05
10.6 0.0024476399432 4.14107854915e-05
10.7 0.00261639441419 3.74820364949e-05
10.8 0.00279678943532 3.39231569703e-05
10.9 0.00298960248388 3.07051434655e-05
11 0.00319569312213 2.77969804727e-05
11.1 0.00341602098019 2.5162104922e-05
11.2 0.00365155744396 2.27757686404e-05
11.3 0.003903325155 2.06172725362e-05
11.4 0.00417240887055 1.8668927004e-05
11.5 0.00446006284691 1.69062422061e-05
11.6 0.004767582707 1.53096332682e-05
11.7 0.00509631432574 1.38636085776e-05
11.8 0.00544767347816 1.25549748817e-05
11.9 0.005823224964 1.1370734806e-05
12 0.00622471961296 1.02971035563e-05
12.1 0.00665392814351 9.32392359087e-06
12.2 0.00711271467094 8.44271137855e-06
12.3 0.0076030557603 7.64629026306e-06
12.4 0.00812723569968 6.92510495406e-06
12.5 0.00868761647808 6.27156287181e-06
12.6 0.00928665088955 5.67978682441e-06
12.7 0.00992691915251 5.14492386996e-06
12.8 0.0106112702535 4.66178688257e-06
12.9 0.0113428960278 4.22414257465e-06
13 0.0121250237708 3.82766576348e-06
13.1 0.012961050776 3.46864634565e-06
13.2 0.0138545778797 3.14387786912e-06
13.3 0.0148097658505 2.84962082162e-06
13.4 0.0158309210239 2.58280798996e-06
13.5 0.0169225135767 2.34099130001e-06
13.6 0.0180892460232 2.1221425681e-06
13.7 0.0193363055547 1.92418105369e-06
13.8 0.0206695108843 1.74469852718e-06
13.9 0.0220947441632 1.58202287364e-06
14 0.0236181969485 1.43475757492e-06
14.1 0.0252464189514 1.30172522395e-06
14.2 0.0269868785173 1.18135691177e-06
14.3 0.0288474109677 1.07229322948e-06
14.4 0.0308362009595 9.73403486313e-07
14.5 0.0329620257445 8.83687796988e-07
14.6 0.0352345633908 8.02296789547e-07
14.7 0.0376638549391 7.28497215292e-07
14.8 0.0402604785969 6.61681978862e-07
14.9 0.0430360871857 6.01189192975e-07
15 0.04600323042 5.46364123036e-07
15.1 0.0491749447769 4.967021374e-07
15.2 0.0525650687199 4.51759292345e-07
15.3 0.056189054002 4.11040832356e-07
15.4 0.0600630595358 3.74125722092e-07
15.5 0.0642040317887 3.40655597495e-07
15.6 0.0686301864028 3.10308120422e-07
15.7 0.073361601176 2.82779020063e-07
15.8 0.0784192088763 2.57812595826e-07
15.9 0.0838254086837 2.35177310631e-07
16 0.0896045204754 2.14643005286e-07
16.1 0.0957820249679 1.96019544486e-07
16.2 0.102385230871 1.79133463469e-07
16.3 0.109443897784 1.63811742134e-07
16.4 0.116989154641 1.49909503209e-07
16.5 0.125054371978 1.37295621694e-07
16.6 0.133675892336 1.25845073961e-07
16.7 0.142891737812 1.15452086709e-07
16.8 0.15274267983 1.06020500515e-07
16.9 0.163273098403 9.74566769869e-08
17 0.174529425762 8.96822904031e-08
17.1 0.186561358742 8.26264608346e-08
17.2 0.199422934606 7.62201455615e-08
17.3 0.213171063521 7.04039709422e-08
17.4 0.227867166344 6.51234519414e-08
17.5 0.243576455328 6.03303916288e-08
17.6 0.260368550777 5.59814917909e-08
17.7 0.278318569172 5.20359861353e-08
17.8 0.297505772321 4.84587714091e-08
17.9 0.318015951178 4.52169687609e-08
18 0.339940108547 4.22815590307e-08
18.1 0.363375470629 3.9626655701e-08
18.2 0.388426895237 3.7228293909e-08
18.3 0.415204870384 3.50660697292e-08
18.4 0.443828817639 3.31211910679e-08
18.5 0.474426047915 3.137699688e-08
18.6 0.507132445023 2.98187947563e-08
18.7 0.54209342355 2.84342385826e-08
18.8 0.57946466756 2.72121184017e-08
18.9 0.619412529446 2.61430954581e-08
19 0.662114481134 2.52201191392e-08
19.1 0.707760194169 2.44373501851e-08
19.2 0.75655272187 2.37909454604e-08
19.3 0.808709057302 2.32788877917e-08
19.4 0.86446082244 2.29009244526e-08
19.5 0.924056179502 2.26594992548e-08
19.6 0.987760038118 2.25592809254e-08
19.7 1.05585542833 2.2607819775e-08
19.8 1.12864546544 2.28169248269e-08
19.9 1.20645351818 2.3201853215e-08
20 1.2896255243 2.37840524554e-08
