"Time" "Prey" "Predator"
0 0.931359779981 0.337568917333
0.1 0.951881553044 0.335602280996
0.2 0.973065933633 0.334343572576
0.3 0.994842194915 0.333805875282
0.4 1.01712767607 0.33400453105
0.5 1.03983230216 0.334956294027
0.6 1.0628552706 0.336679822272
0.7 1.08608144722 0.339195925343
0.8 1.10938309883 0.342527120305
0.9 1.1326187494 0.346697114931
1 1.15563179906 0.351730850129
1.1 1.17825173588 0.357653192195
1.2 1.20029351255 0.364488920969
1.3 1.22155779697 0.372261028337
1.4 1.24183243389 0.380989928585
1.5 1.26089347287 0.390691982969
1.6 1.27850889483 0.401376942386
1.7 1.29443944439 0.413047448919
1.8 1.30844610433 0.425694483995
1.9 1.3202911891 0.439297297665
2 1.32974748354 0.45381865778
2.1 1.336602418 0.469203723241
2.2 1.34066782826 0.485376089589
2.3 1.34178587537 0.502236654472
2.4 1.33983708325 0.51966180036
2.5 1.33474665279 0.537502700648
2.6 1.32649197976 0.555585333168
2.7 1.31510680882 0.573712521974
2.8 1.30068327567 0.591666842361
2.9 1.28337314714 0.609214658228
3 1.26338512825 0.626113097589
3.1 1.24097943308 0.642116610225
3.2 1.21646174056 0.65698392532
3.3 1.19017226359 0.670487927881
3.4 1.16247517627 0.682422735308
3.5 1.13374637519 0.692611267058
3.6 1.10436548056 0.700909365247
3.7 1.07469877665 0.707213218328
3.8 1.0450944539 0.711459567861
3.9 1.01587087398 0.71362773304
4 0.987315026185 0.713736025729
4.1 0.959676581454 0.711840429683
4.2 0.933167892847 0.70802923925
4.3 0.907962794665 0.702419066866
4.4 0.88419870077 0.695148631851
4.5 0.861979799311 0.686373089021
4.6 0.841379546626 0.676258697435
4.7 0.822445439687 0.664977389913
4.8 0.805202403145 0.652702581139
4.9 0.789656877219 0.639604853107
5 0.775800436381 0.62584935193
5.1 0.763612974727 0.611593099458
5.2 0.753066005142 0.596982688812
5.3 0.744124677457 0.582153973366
5.4 0.736750416421 0.567230752858
5.5 0.730902024809 0.552325068359
5.6 0.726537773958 0.537536570564
5.7 0.723615679122 0.522953712482
5.8 0.722095113187 0.508653538137
5.9 0.721936562184 0.494703064122
6 0.723102758423 0.481159515316
6.1 0.725558175104 0.468071648123
6.2 0.729269652818 0.455480304394
6.3 0.734205861664 0.443419492561
6.4 0.740337930671 0.431917069353
6.5 0.747638151713 0.420995717613
6.6 0.756080563746 0.410673751024
6.7 0.765640126211 0.40096566247
6.8 0.776292503187 0.391882969198
6.9 0.788013639913 0.383434814304
7 0.800779050496 0.375628424489
7.1 0.814563609392 0.368469919637
7.2 0.829340581085 0.361964414745
7.3 0.845081374739 0.356116875731
7.4 0.861754521109 0.350932173862
7.5 0.879325202022 0.346415692714
7.6 0.897754260008 0.342573477299
7.7 0.916997490986 0.339412610977
7.8 0.937005067447 0.336941706945
7.9 0.957720363218 0.335170926222
8 0.979078641367 0.3341119064
8.1 1.00100640765 0.333778112157
8.2 1.02342025287 0.334184812651
8.3 1.04622672237 0.335349627363
8.4 1.06932034775 0.337292007487
8.5 1.0925826729 0.340033221331
8.6 1.11588249807 0.343595992266
8.7 1.13907450552 0.348004355974
8.8 1.16199795801 0.353283442606
8.9 1.18447754711 0.359458482856
9 1.20632481864 0.366553485204
9.1 1.22733648756 0.374591067968
9.2 1.24729719708 0.383590552592
9.3 1.2659806794 0.393566584636
9.4 1.2831511501 0.404527646234
9.5 1.298570091 0.416472964661
9.6 1.31199783082 0.429390722771
9.7 1.32319864276 0.443255550215
9.8 1.33194930221 0.458025857391
9.9 1.33804355655 0.47364059056
10 1.34129998686 0.490017516979
10.1 1.34157015764 0.507051573381
10.2 1.33874774412 0.524610631675
10.3 1.33277244218 0.54253833673
10.4 1.32363633418 0.560654905536
10.5 1.31138896565 0.578757398783
10.6 1.29613963575 0.596622904676
10.7 1.27805724673 0.614014037963
10.8 1.25736476892 0.630686846057
10.9 1.23433692175 0.646396254403
11 1.20928925876 0.660904210661
11.1 1.18256997865 0.673988944937
11.2 1.15454844671 0.685451195686
11.3 1.12560158915 0.695124034557
11.4 1.09610623619 0.702873766076
11.5 1.06642310657 0.708608517543
11.6 1.03689397605 0.712276002674
11.7 1.00782867543 0.713866620203
11.8 0.979504670152 0.713409520529
11.9 0.952161108679 0.710969774385
12 0.925999124307 0.706644670008
12.1 0.901182611705 0.700557029665
12.2 0.87783917016 0.692851003473
12.3 0.856064242735 0.683685195791
12.4 0.835923812568 0.67322780412
12.5 0.817458534991 0.661651874406
12.6 0.800688180212 0.64913004016
12.7 0.785614289531 0.635832111904
12.8 0.772225359586 0.621920744221
12.9 0.760498281812 0.60755044797
13 0.750402830156 0.592865039919
13.1 0.741902685901 0.577997054359
13.2 0.734958418632 0.563067175675
13.3 0.729528549382 0.548183760076
13.4 0.725571051894 0.533443586313
13.5 0.723044377774 0.518931587496
13.6 0.721907989047 0.50472215626
13.7 0.722123171875 0.490879201908
13.8 0.723652928716 0.477457766183
13.9 0.726462485503 0.464504273126
14 0.730519256426 0.452057449023
14.1 0.735792528458 0.440149625258
14.2 0.74225372687 0.428807030243
14.3 0.749875687755 0.418051160274
14.4 0.758632745758 0.407899082027
14.5 0.768500111035 0.398364420233
14.6 0.779453558746 0.389457952609
14.7 0.791468974748 0.381188206998
14.8 0.804521760811 0.373562089075
14.9 0.818586388752 0.366585330661
15 0.833635710089 0.360263009332
15.1 0.849640353356 0.354599975837
15.2 0.866568037705 0.349601247078
15.3 0.88438280181 0.345272360163
15.4 0.903044241032 0.341619685415
15.5 0.922506687141 0.33865068671
15.6 0.942718226884 0.336374197472
15.7 0.963619999745 0.33480071156
15.8 0.985145095275 0.333942452438
15.9 1.0072174022 0.333813401625
16 1.02975103944 0.334429767506
16.1 1.05264899161 0.335809444264
16.2 1.07580226642 0.337972367076
16.3 1.09908908689 0.340940452314
16.4 1.12237423848 0.344736616155
16.5 1.14550785817 0.34938552705
16.6 1.16832594721 0.354912125892
16.7 1.19064997801 0.361341063791
16.8 1.21228583802 0.368696889551
16.9 1.23302801249 0.377000741559
17 1.25265706476 0.386271123569
17.1 1.27094238995 0.396521887705
17.2 1.28764905184 0.407758267583
17.3 1.30253685336 0.419976816855
17.4 1.31536755678 0.4331620885
17.5 1.32590736019 0.447284811744
17.6 1.33393779145 0.462297836369
17.7 1.33925790773 0.478134662604
17.8 1.34169601173 0.494706727942
17.9 1.34111389334 0.511901154154
18 1.33741644722 0.529580757645
18.1 1.33055779421 0.547581648592
18.2 1.32054522462 0.565717600132
18.3 1.30744653761 0.583778140369
18.4 1.29138700841 0.601536505416
18.5 1.27255068847 0.618753438975
18.6 1.25117555922 0.635183557312
18.7 1.22754889105 0.650582427874
18.8 1.20199656469 0.66471615201
18.9 1.17487351829 0.677368312671
19 1.14655288363 0.688348127726
19.1 1.11741278933 0.697496662019
19.2 1.08782642304 0.704692323986
19.3 1.05815072738 0.709853669961
19.4 1.02871892205 0.71294053357
19.5 0.99983239018 0.713954584665
19.6 0.971758351502 0.712935012988
19.7 0.944725054909 0.709957059653
19.8 0.918923338636 0.705125326309
19.9 0.894506550004 0.698569521521
20 0.871592773385 0.690438339912
