"Time" "Prey" "Predator"
0 35.7631492605 8.32031567511
0.1 1.60791859735 32.2883160645
0.2 0.0253382767364 30.3312008176
0.3 0.000576191941158 27.4623072446
0.4 1.88893402512e-05 24.8493184998
0.5 8.42451350762e-07 22.4845854472
0.6 -5.37506435839e-08 20.3449273065
0.7 -3.74834369063e-08 18.4088554748
0.8 -3.74834369063e-08 16.6570244432
0.9 -3.74834369063e-08 15.0719016177
1 -3.74834369063e-08 13.6376159695
1.1 -3.74834369063e-08 12.3398185561
1.2 -3.74834369063e-08 11.1655274459
1.3 -3.74834369063e-08 10.1029848331
1.4 -3.74834369063e-08 9.14155535935
1.5 -3.74834369063e-08 8.27161772894
1.6 -3.74834369063e-08 7.48448090462
1.7 -3.74834369063e-08 6.77224036397
1.8 -3.74834369063e-08 6.12777359858
1.9 -3.74834369063e-08 5.54464063676
2 -3.74834369063e-08 5.01699858916
2.1 -3.74834369063e-08 4.5395680622
2.2 -3.74834369063e-08 4.10757125236
2.3 -3.74834369063e-08 3.71668438081
2.4 -3.74834369063e-08 3.36299528557
2.5 -3.74834369063e-08 3.04296486552
2.6 -3.74834369063e-08 2.75338882888
2.7 -3.74834369063e-08 2.49136974824
2.8 -3.74834369063e-08 2.2542849953
2.9 -3.74834369063e-08 2.03976166249
3 -3.74834369063e-08 1.8456531428
3.1 -3.74834369063e-08 1.67001625664
3.2 -3.74834369063e-08 1.51109342369
3.3 -3.74834369063e-08 1.36729420946
3.4 -3.74834369063e-08 1.23717904173
3.5 -3.74834369063e-08 1.11944601844
3.6 -3.74834369063e-08 1.01291618008
3.7 -3.74834369063e-08 0.916523899122
3.8 -3.74834369063e-08 0.829305003352
3.9 -3.74834369063e-08 0.75038617361
4 -3.74834369063e-08 0.678977518186
4.1 -3.74834369063e-08 0.614364264788
4.2 -3.74834369063e-08 0.555899695387
4.3 -3.74834369063e-08 0.502998840438
4.4 -3.74834369063e-08 0.455132175018
4.5 -3.74834369063e-08 0.411820615647
4.6 -3.74834369063e-08 0.372630663716
4.7 -3.74834369063e-08 0.337170060477
4.8 -3.74834369063e-08 0.305083802901
4.9 -3.74834369063e-08 0.27605118131
5 -3.74834369063e-08 0.249781380466
5.1 -3.74834369063e-08 0.226011488679
5.2 -3.74834369063e-08 0.204503689305
5.3 -3.74834369063e-08 0.18504251694
5.4 -3.74834369063e-08 0.167433397399
5.5 -3.74834369063e-08 0.151499949549
5.6 -3.74834369063e-08 0.137082761348
5.7 -3.74834369063e-08 0.12403763797
5.8 -3.74834369063e-08 0.112233872461
5.9 -3.74834369063e-08 0.101553422979
6 -3.74834369063e-08 0.0918893137007
6.1 -3.74834369063e-08 0.0831448536643
6.2 -3.74834369063e-08 0.0752325791754
6.3 -3.74834369063e-08 0.0680732206489
6.4 -3.74834369063e-08 0.061595203582
6.5 -3.74834369063e-08 0.0557336405825
6.6 -3.74834369063e-08 0.0504298723102
6.7 -3.74834369063e-08 0.0456308387166
6.8 -3.74834369063e-08 0.0412884670786
6.9 -3.74834369063e-08 0.0373593506953
7 -3.74834369063e-08 0.0338041331397
7.1 -3.74834369063e-08 0.0305872369478
7.2 -3.74834369063e-08 0.0276764809116
7.3 -3.74834369063e-08 0.0250427054248
7.4 -3.74834369063e-08 0.0226595780922
7.5 -3.74834369063e-08 0.0205032286761
7.6 -3.74834369063e-08 0.018552081441
7.7 -3.74834369063e-08 0.0167866200307
7.8 -3.74834369063e-08 0.0151891566753
7.9 -3.74834369063e-08 0.0137437168125
8 -3.74834369063e-08 0.0124358283127
8.1 -3.74834369063e-08 0.0112523987683
8.2 -3.74834369063e-08 0.0101815842949
8.3 -3.74834369063e-08 0.00921265338257
8.4 -3.74834369063e-08 0.00833594279972
8.5 -3.74834369063e-08 0.00754268976503
8.6 -3.74834369063e-08 0.00682493852276
8.7 -3.74834369063e-08 0.00617547808324
8.8 -3.74834369063e-08 0.0055878293913
8.9 -3.74834369063e-08 0.00505611367692
9 -3.74834369063e-08 0.0045749628751
9.1 -3.74834369063e-08 0.0041396007055
9.2 -3.74834369063e-08 0.00374567566286
9.3 -3.74834369063e-08 0.00338922014763
9.4 -3.74834369063e-08 0.00306669931411
9.5 -3.74834369063e-08 0.00277487517174
9.6 -3.74834369063e-08 0.00251080626245
9.7 -3.74834369063e-08 0.00227187764196
9.8 -3.74834369063e-08 0.00205568468445
9.9 -3.74834369063e-08 0.00186006307639
10 -3.74834369063e-08 0.00168308092311
10.1 -3.74834369063e-08 0.00152294627043
10.2 -3.74834369063e-08 0.00137801472469
10.3 -3.74834369063e-08 0.00124687280182
10.4 -3.74834369063e-08 0.00112821881315
10.5 -3.74834369063e-08 0.00102084803049
10.6 -3.74834369063e-08 0.000923682769932
10.7 -3.74834369063e-08 0.00083577586693
10.8 -3.74834369063e-08 0.000756241247934
10.9 -3.74834369063e-08 0.000684266517087
11 -3.74834369063e-08 0.000619147125293
11.1 -3.74834369063e-08 0.000560233162505
11.2 -3.74834369063e-08 0.000506921140288
11.3 -3.74834369063e-08 0.000458673003235
11.4 -3.74834369063e-08 0.000415020758424
11.5 -3.74834369063e-08 0.000375524575461
11.6 -3.74834369063e-08 0.000339770872325
11.7 -3.74834369063e-08 0.000307441820398
11.8 -3.74834369063e-08 0.000278186141649
11.9 -3.74834369063e-08 0.000251712669032
12 -3.74834369063e-08 0.000227759063343
12.1 -3.74834369063e-08 0.000206092545323
12.2 -3.74834369063e-08 0.000186489805652
12.3 -3.74834369063e-08 0.000168746740368
12.4 -3.74834369063e-08 0.000152679096724
12.5 -3.74834369063e-08 0.000138127089882
12.6 -3.74834369063e-08 0.000124949352492
12.7 -3.74834369063e-08 0.000113023842811
12.8 -3.74834369063e-08 0.000102248543487
12.9 -3.74834369063e-08 9.25142081116e-05
13 -3.74834369063e-08 8.37028308802e-05
13.1 -3.74834369063e-08 7.57296420807e-05
13.2 -3.74834369063e-08 6.85227574851e-05
13.3 -3.74834369063e-08 6.20192589755e-05
13.4 -3.74834369063e-08 5.61365952084e-05
13.5 -3.74834369063e-08 5.08100625363e-05
13.6 -3.74834369063e-08 4.59871794549e-05
13.7 -3.74834369063e-08 4.16233577978e-05
13.8 -3.74834369063e-08 3.76359552194e-05
13.9 -3.74834369063e-08 3.40836445799e-05
14 -3.74834369063e-08 3.08479163767e-05
14.1 -3.74834369063e-08 2.79129732459e-05
14.2 -3.74834369063e-08 2.52613739697e-05
14.3 -3.74834369063e-08 2.28637035574e-05
14.4 -3.74834369063e-08 2.06967438095e-05
14.5 -3.74834369063e-08 1.87393076014e-05
14.6 -3.74834369063e-08 1.69702078086e-05
14.7 -3.74834369063e-08 1.53682573068e-05
14.8 -3.74834369063e-08 1.39189642354e-05
14.9 -3.74834369063e-08 1.26120474374e-05
15 -3.74834369063e-08 1.14310803613e-05
15.1 -3.74834369063e-08 1.03596252162e-05
15.2 -3.74834369063e-08 9.38124421113e-06
15.3 -3.74834369063e-08 8.48201014283e-06
15.4 -3.74834369063e-08 7.66628284272e-06
15.5 -3.74834369063e-08 6.92895804639e-06
15.6 -3.74834369063e-08 6.26182951487e-06
15.7 -3.74834369063e-08 5.65669100915e-06
15.8 -3.74834369063e-08 5.10533629025e-06
15.9 -3.74834369063e-08 4.53023151218e-06
16 -3.74834369063e-08 4.11850659034e-06
16.1 -3.74834369063e-08 3.73537792879e-06
16.2 -3.74834369063e-08 3.38084552755e-06
16.3 -3.74834369063e-08 3.0549093866e-06
16.4 -3.74834369063e-08 2.75712297868e-06
16.5 -3.74834369063e-08 2.48430628039e-06
16.6 -3.74834369063e-08 2.23583600928e-06
16.7 -3.74834369063e-08 2.01171216535e-06
16.8 -3.74834369063e-08 1.8119347486e-06
16.9 -3.74834369063e-08 1.63650375903e-06
17 -3.74834369063e-08 1.48251878901e-06
17.1 -3.74834369063e-08 1.34181263147e-06
17.2 -3.74834369063e-08 1.21389388148e-06
17.3 -3.74834369063e-08 1.09876253906e-06
17.4 -3.74834369063e-08 9.96418604188e-07
17.5 -3.74834369063e-08 9.06862076876e-07
17.6 -3.74834369063e-08 8.26970622533e-07
17.7 -3.74834369063e-08 7.53074039564e-07
17.8 -3.74834369063e-08 6.85166447957e-07
17.9 -3.74834369063e-08 6.23247847711e-07
18 -3.74834369063e-08 5.67318238826e-07
18.1 -3.74834369063e-08 5.1732067782e-07
18.2 -3.74834369063e-08 4.71511566043e-07
18.3 -3.74834369063e-08 4.29069392767e-07
18.4 -3.74834369063e-08 3.89994157991e-07
18.5 -3.74834369063e-08 3.54285861717e-07
18.6 -3.74834369063e-08 3.21944503944e-07
18.7 -3.74834369063e-08 2.92838651392e-07
18.8 -3.74834369063e-08 2.66032278566e-07
18.9 -3.74834369063e-08 2.41341925101e-07
19 -3.74834369063e-08 2.18767590994e-07
19.1 -3.74834369063e-08 1.98309276246e-07
19.2 -3.74834369063e-08 1.79966980858e-07
19.3 -3.74834369063e-08 1.63525672502e-07
19.4 -3.74834369063e-08 1.4837984541e-07
19.5 -3.74834369063e-08 1.34493067483e-07
19.6 -3.74834369063e-08 1.2186533872e-07
19.7 -3.74834369063e-08 1.10496659121e-07
19.8 -3.74834369063e-08 1.00387028686e-07
19.9 -3.74834369063e-08 9.12819691613e-08
20 -3.74834369063e-08 8.28823497328e-08
