"Time" "Prey" "Predator"
0 0.791960404647 23.3674212578
0.1 0.0413898406404 21.6792302881
0.2 0.0028189485226 19.643792563
0.3 0.000249101249294 17.7762860879
0.4 2.79431729071e-05 16.0848084924
0.5 3.87469154033e-06 14.5541548143
0.6 6.42271680524e-07 13.1691473019
0.7 1.22277562316e-07 11.9159401205
0.8 2.71606949932e-08 10.7819909921
0.9 1.10093343564e-09 9.7559461926
1 -7.30513872467e-09 8.82753912018
1.1 -6.89840798394e-09 7.98748623308
1.2 -7.30506290341e-09 7.22737483844
1.3 -7.09474811147e-09 6.53959691149
1.4 -5.80963553906e-09 5.91726774346
1.5 -4.35843264379e-09 5.35417238016
1.6 -3.10387649784e-09 4.84466128652
1.7 -3.88603020377e-09 4.38362699069
1.8 -3.6149092936e-09 3.96647131464
1.9 -3.62843660181e-09 3.58901197525
2 -3.64188136494e-09 3.24747232164
2.1 -3.64188136494e-09 2.93843454688
2.2 -3.64188136494e-09 2.65880576763
2.3 -3.64188136494e-09 2.40578707883
2.4 -3.64188136494e-09 2.17684657
2.5 -3.64188136494e-09 1.96969264058
2.6 -3.64188136494e-09 1.7822520607
2.7 -3.64188136494e-09 1.61264852143
2.8 -3.64188136494e-09 1.45918502749
2.9 -3.64188136494e-09 1.32032550009
3 -3.64188136494e-09 1.19468006402
3.1 -3.64188136494e-09 1.08099149815
3.2 -3.64188136494e-09 0.978121698349
3.3 -3.64188136494e-09 0.885041244667
3.4 -3.64188136494e-09 0.800818577939
3.5 -3.64188136494e-09 0.724610533427
3.6 -3.64188136494e-09 0.655654137642
3.7 -3.64188136494e-09 0.593260246401
3.8 -3.64188136494e-09 0.536803954456
3.9 -3.64188136494e-09 0.485720361359
4 -3.64188136494e-09 0.439497961259
4.1 -3.64188136494e-09 0.397674186411
4.2 -3.64188136494e-09 0.35983042492
4.3 -3.64188136494e-09 0.325588042688
4.4 -3.64188136494e-09 0.294604249927
4.5 -3.64188136494e-09 0.266568931982
4.6 -3.64188136494e-09 0.241201519323
4.7 -3.64188136494e-09 0.218248043096
4.8 -3.64188136494e-09 0.197478808439
4.9 -3.64188136494e-09 0.178686211461
5 -3.64188136494e-09 0.161681923894
5.1 -3.64188136494e-09 0.146295857768
5.2 -3.64188136494e-09 0.132373968472
5.3 -3.64188136494e-09 0.119776867332
5.4 -3.64188136494e-09 0.108378600441
5.5 -3.64188136494e-09 0.0980649613533
5.6 -3.64188136494e-09 0.0887328318439
5.7 -3.64188136494e-09 0.0802887948852
5.8 -3.64188136494e-09 0.0726482912097
5.9 -3.64188136494e-09 0.0657349048721
6 -3.64188136494e-09 0.0594793747458
6.1 -3.64188136494e-09 0.0538191530161
6.2 -3.64188136494e-09 0.0486975785111
6.3 -3.64188136494e-09 0.0440633713133
6.4 -3.64188136494e-09 0.0398701963893
6.5 -3.64188136494e-09 0.0360760379222
6.6 -3.64188136494e-09 0.032642947864
6.7 -3.64188136494e-09 0.0295365567448
6.8 -3.64188136494e-09 0.026725766182
6.9 -3.64188136494e-09 0.0241824769673
7 -3.64188136494e-09 0.0218812039768
7.1 -3.64188136494e-09 0.0197989316389
7.2 -3.64188136494e-09 0.017914814028
7.3 -3.64188136494e-09 0.0162099871289
7.4 -3.64188136494e-09 0.0146674047966
7.5 -3.64188136494e-09 0.0132716110137
7.6 -3.64188136494e-09 0.0120086486969
7.7 -3.64188136494e-09 0.0108658748056
7.8 -3.64188136494e-09 0.00983184670792
7.9 -3.64188136494e-09 0.00889622385085
8 -3.64188136494e-09 0.00804963363967
8.1 -3.64188136494e-09 0.00728360826781
8.2 -3.64188136494e-09 0.00659046971611
8.3 -3.64188136494e-09 0.00596327959995
8.4 -3.64188136494e-09 0.00539579150716
8.5 -3.64188136494e-09 0.00488233012718
8.6 -3.64188136494e-09 0.00441774372316
8.7 -3.64188136494e-09 0.00399735932818
8.8 -3.64188136494e-09 0.00361698087107
8.9 -3.64188136494e-09 0.00327281366261
9 -3.64188136494e-09 0.00296137579456
9.1 -3.64188136494e-09 0.002679558998
9.2 -3.64188136494e-09 0.00242457082328
9.3 -3.64188136494e-09 0.0021938401306
9.4 -3.64188136494e-09 0.00198506303194
9.5 -3.64188136494e-09 0.00179616755831
9.6 -3.64188136494e-09 0.00162524260135
9.7 -3.64188136494e-09 0.00147057671587
9.8 -3.64188136494e-09 0.00133063837561
9.9 -3.64188136494e-09 0.00120401266388
10 -3.64188136494e-09 0.00108943472716
10.1 -3.64188136494e-09 0.000985774032439
10.2 -3.64188136494e-09 0.000891979868996
10.3 -3.64188136494e-09 0.000807090624388
10.4 -3.64188136494e-09 0.00073028103368
10.5 -3.64188136494e-09 0.000660786048019
10.6 -3.64188136494e-09 0.000597898779137
10.7 -3.64188136494e-09 0.000540991062997
10.8 -3.64188136494e-09 0.000489506133848
10.9 -3.64188136494e-09 0.000442923924025
11 -3.64188136494e-09 0.000400768608926
11.1 -3.64188136494e-09 0.000362628863496
11.2 -3.64188136494e-09 0.000328123050778
11.3 -3.64188136494e-09 0.000296897477903
11.4 -3.64188136494e-09 0.000268639250094
11.5 -3.64188136494e-09 0.000243072959899
11.6 -3.64188136494e-09 0.00021994063388
11.7 -3.64188136494e-09 0.000199000909665
11.8 -3.64188136494e-09 0.000180065921776
11.9 -3.64188136494e-09 0.000162931298809
12 -3.64188136494e-09 0.000147425769967
12.1 -3.64188136494e-09 0.000133396733703
12.2 -3.64188136494e-09 0.000120706995689
12.3 -3.64188136494e-09 0.000109225621544
12.4 -3.64188136494e-09 9.8833033824e-05
12.5 -3.64188136494e-09 8.94215354076e-05
12.6 -3.64188136494e-09 8.08978551372e-05
12.7 -3.64188136494e-09 7.31793805692e-05
12.8 -3.64188136494e-09 6.61950267063e-05
12.9 -3.64188136494e-09 5.98855075953e-05
13 -3.64188136494e-09 5.41840871634e-05
13.1 -3.64188136494e-09 4.90232855815e-05
13.2 -3.64188136494e-09 4.43536849239e-05
13.3 -3.64188136494e-09 4.01334503934e-05
13.4 -3.64188136494e-09 3.63250687311e-05
13.5 -3.64188136494e-09 3.2879484707e-05
13.6 -3.64188136494e-09 2.97595772712e-05
13.7 -3.64188136494e-09 2.69347459245e-05
13.8 -3.64188136494e-09 2.43227608208e-05
13.9 -3.64188136494e-09 2.20451830743e-05
14 -3.64188136494e-09 1.99631380416e-05
14.1 -3.64188136494e-09 1.80672980455e-05
14.2 -3.64188136494e-09 1.63483354084e-05
14.3 -3.64188136494e-09 1.4795547099e-05
14.4 -3.64188136494e-09 1.33913528075e-05
14.5 -3.64188136494e-09 1.21223721185e-05
14.6 -3.64188136494e-09 1.09760903541e-05
14.7 -3.64188136494e-09 9.93999283632e-06
14.8 -3.64188136494e-09 9.00157194573e-06
14.9 -3.64188136494e-09 8.15301575549e-06
15 -3.64188136494e-09 7.38774045376e-06
15.1 -3.64188136494e-09 6.69603695615e-06
15.2 -3.64188136494e-09 6.06819617831e-06
15.3 -3.64188136494e-09 5.49450903588e-06
15.4 -3.64188136494e-09 4.96736485518e-06
15.5 -3.64188136494e-09 4.48964579047e-06
15.6 -3.64188136494e-09 4.05782611711e-06
15.7 -3.64188136494e-09 3.6670592337e-06
15.8 -3.64188136494e-09 3.31249853888e-06
15.9 -3.64188136494e-09 2.91326574708e-06
16 -3.64188136494e-09 2.65461426266e-06
16.1 -3.64188136494e-09 2.41285343485e-06
16.2 -3.64188136494e-09 2.18798326365e-06
16.3 -3.64188136494e-09 1.98000374906e-06
16.4 -3.64188136494e-09 1.78891489109e-06
16.5 -3.64188136494e-09 1.61434701019e-06
16.6 -3.64188136494e-09 1.45442166265e-06
16.7 -3.64188136494e-09 1.30887628654e-06
16.8 -3.64188136494e-09 1.17771088187e-06
16.9 -3.64188136494e-09 1.06092544863e-06
17 -3.64188136494e-09 9.58519986835e-07
17.1 -3.64188136494e-09 8.68349663605e-07
17.2 -3.64188136494e-09 7.8587882779e-07
17.3 -3.64188136494e-09 7.10960735191e-07
17.4 -3.64188136494e-09 6.43595385809e-07
17.5 -3.64188136494e-09 5.83782779642e-07
17.6 -3.64188136494e-09 5.31519262153e-07
17.7 -3.64188136494e-09 4.84633144599e-07
17.8 -3.64188136494e-09 4.4128440343e-07
17.9 -3.64188136494e-09 4.01473038647e-07
18 -3.64188136494e-09 3.6519905025e-07
18.1 -3.64188136494e-09 3.32462438239e-07
18.2 -3.64188136494e-09 3.03196877669e-07
18.3 -3.64188136494e-09 2.76307421679e-07
18.4 -3.64188136494e-09 2.5140664594e-07
18.5 -3.64188136494e-09 2.28494550452e-07
18.6 -3.64188136494e-09 2.07571135216e-07
18.7 -3.64188136494e-09 1.88636400231e-07
18.8 -3.64188136494e-09 1.71581553751e-07
18.9 -3.64188136494e-09 1.55853794878e-07
19 -3.64188136494e-09 1.41375855151e-07
19.1 -3.64188136494e-09 1.2814773457e-07
19.2 -3.64188136494e-09 1.16169433134e-07
19.3 -3.64188136494e-09 1.05440950844e-07
19.4 -3.64188136494e-09 9.58032703747e-08
19.5 -3.64188136494e-09 8.69201197827e-08
19.6 -3.64188136494e-09 7.87806194934e-08
19.7 -3.64188136494e-09 7.1384769507e-08
19.8 -3.64188136494e-09 6.47325698233e-08
19.9 -3.64188136494e-09 5.88237225825e-08
20 -3.64188136494e-09 5.34812262903e-08
