"Time" "Prey" "Predator"
0 0.791960404647 12.8097733599
0.1 0.160087717823 12.0541805535
0.2 0.0367869308024 10.9978678414
0.3 0.00972474895134 9.97132051231
0.4 0.00293216033043 9.02748481686
0.5 0.000996962207753 8.16985770088
0.6 0.000377942597988 7.39286073585
0.7 0.000158156439931 6.68950444243
0.8 7.22813987158e-05 6.05297987419
0.9 3.58552233993e-05 5.47699155329
1 1.9178090204e-05 4.95580325623
1.1 1.09324936304e-05 4.48420636311
1.2 6.55320379581e-06 4.05747922837
1.3 4.1663921286e-06 3.67135734141
1.4 2.84515851365e-06 3.32198208058
1.5 1.99474482467e-06 3.00585382147
1.6 1.45367517093e-06 2.71980875982
1.7 1.12380975016e-06 2.46098348577
1.8 9.00720206274e-07 2.22679166276
1.9 7.43697421609e-07 2.01488742693
2 5.85599915136e-07 1.82314447393
2.1 5.02236121719e-07 1.64964972513
2.2 4.38998540043e-07 1.49266509592
2.3 3.86545552537e-07 1.35061934502
2.4 3.46921130406e-07 1.22209100161
2.5 3.18599826759e-07 1.1057938114
2.6 2.95860102712e-07 1.00056369994
2.7 2.78348055713e-07 0.905347603867
2.8 2.64941426406e-07 0.819192797457
2.9 2.55304023225e-07 0.741236442418
3 2.48497088337e-07 0.670698673235
3.1 2.43946068363e-07 0.606873428299
3.2 2.414330581e-07 0.549121897116
3.3 2.40715817931e-07 0.496866243418
3.4 2.41591006284e-07 0.449583237707
3.5 2.43928568982e-07 0.40679989269
3.6 2.47628242297e-07 0.368087839286
3.7 2.52621848499e-07 0.333059728299
3.8 2.58863775215e-07 0.301364989103
3.9 2.66328430283e-07 0.272686325124
4 2.75004984438e-07 0.246736502893
4.1 2.84901451804e-07 0.223256232682
4.2 2.96035574112e-07 0.202010547986
4.3 3.08435478282e-07 0.18278670586
4.4 3.22140158271e-07 0.165392289604
4.5 3.3719715252e-07 0.149653144783
4.6 3.53663478239e-07 0.135411742462
4.7 3.71604784705e-07 0.122525591658
4.8 3.91095238583e-07 0.110865753664
4.9 4.12217355718e-07 0.100315494197
5 4.35062241491e-07 0.0907692077315
5.1 4.59729691818e-07 0.0821313651613
5.2 4.86328447143e-07 0.074315496544
5.3 5.14976550509e-07 0.0672433729089
5.4 5.45801854217e-07 0.060844322721
5.5 5.78942159378e-07 0.0550542175822
5.6 6.14546025978e-07 0.0498151227473
5.7 6.52773262049e-07 0.045074592538
5.8 6.93795565256e-07 0.0407851591209
5.9 7.3779728226e-07 0.0369039420148
6 7.84976139099e-07 0.0333920539398
6.1 8.35544109826e-07 0.0302143752382
6.2 8.89728325669e-07 0.0273391050899
6.3 9.47772047438e-07 0.0247374439803
6.4 1.00993571803e-06 0.0223833711243
6.5 1.07649816027e-06 0.0202533040901
6.6 1.14775772894e-06 0.018325943137
6.7 1.22403367675e-06 0.0165820006036
6.8 1.30566755057e-06 0.0150040104188
6.9 1.39302465679e-06 0.0135761950728
7 1.48649578204e-06 0.0122842490794
7.1 1.58649880023e-06 0.0111152487523
7.2 1.69348062022e-06 0.0100574935797
7.3 1.807919152e-06 0.00910039228457
7.4 1.93032534372e-06 0.00823437741892
7.5 2.06124564084e-06 0.0074507735095
7.6 2.20126416763e-06 0.00674173958549
7.7 2.35100564609e-06 0.00610017150624
7.8 2.51113794643e-06 0.00551964418294
7.9 2.68237464534e-06 0.00499437191683
8 2.86547928443e-06 0.00451910866463
8.1 3.06126835977e-06 0.0040890861743
8.2 3.27061312887e-06 0.00369998212263
8.3 3.49444601159e-06 0.00334789930724
8.4 3.73376540558e-06 0.00302933794665
8.5 3.98963560142e-06 0.0027410812402
8.6 4.26319504405e-06 0.0024802265178
8.7 4.55566400882e-06 0.00224420551092
8.8 4.86834292077e-06 0.00203064499354
8.9 5.20262198556e-06 0.00183739443607
9 5.55999204566e-06 0.00166254780613
9.1 5.94204195036e-06 0.0015043443229
9.2 6.35046934711e-06 0.00136118208326
9.3 6.78709541466e-06 0.00123165166694
9.4 7.25386140455e-06 0.00111445083346
9.5 7.75284094845e-06 0.00100839299515
9.6 8.28626021002e-06 0.000912437830901
9.7 8.85649100859e-06 0.000825621970546
9.8 9.4660620586e-06 0.000747055788219
9.9 1.01176876409e-05 0.000675957413577
10 1.08142727811e-05 0.000611631000166
10.1 1.15589105496e-05 0.000553426661034
10.2 1.23549049877e-05 0.000500752255358
10.3 1.32058090308e-05 0.000453095029497
10.4 1.41154061782e-05 0.000409978223988
10.5 1.50877302143e-05 0.00037096154051
10.6 1.61271099341e-05 0.000335656568016
10.7 1.72381777162e-05 0.000303716285855
10.8 1.84258661251e-05 0.000274816243895
10.9 1.96954440559e-05 0.000248660400412
11 2.10525776458e-05 0.000224995047947
11.1 2.25033005153e-05 0.000203583713931
11.2 2.40541369949e-05 0.00018419838369
11.3 2.57117311665e-05 0.000166674479976
11.4 2.74836990261e-05 0.000150814762302
11.5 2.9377859461e-05 0.000136463709594
11.6 3.14026231015e-05 0.000123476815292
11.7 3.35671152921e-05 0.000111729581873
11.8 3.58809690707e-05 0.000101102378659
11.9 3.83543855075e-05 9.14848552499e-05
12 4.09981514001e-05 8.2776768223e-05
12.1 4.38242790517e-05 7.48900911551e-05
12.2 4.68456084391e-05 6.77477025536e-05
12.3 5.00754203574e-05 6.128210999e-05
12.4 5.35276993141e-05 5.54363171372e-05
12.5 5.72174951482e-05 5.01581581274e-05
12.6 6.11620976004e-05 4.53818950205e-05
12.7 6.53790592254e-05 4.10591937374e-05
12.8 6.98867715308e-05 3.715009743e-05
12.9 7.47045878086e-05 3.36212409204e-05
13 7.98545195329e-05 3.04325653859e-05
13.1 8.53601819075e-05 2.7545576285e-05
13.2 9.12457675513e-05 2.49313809348e-05
13.3 9.75367437682e-05 2.25652278455e-05
13.4 0.000104244353567 2.03962867118e-05
13.5 0.000111443731499 1.84763990789e-05
13.6 0.000119132176169 1.67252699385e-05
13.7 0.000127347286872 1.51346193406e-05
13.8 0.000136126760409 1.36961063802e-05
13.9 0.000145516841511 1.23960462684e-05
14 0.000155563922222 1.12206621215e-05
14.1 0.000166310127942 1.01588444217e-05
14.2 0.000177797584066 9.19948365165e-06
14.3 0.000190068415992 8.33147029378e-06
14.4 0.000203174131313 7.54512968442e-06
14.5 0.000217199417894 6.83586154237e-06
14.6 0.000232205714491 6.19551001364e-06
14.7 0.000248251437331 5.61545699743e-06
14.8 0.000265395002637 5.08708439298e-06
14.9 0.000283695384907 4.60186639062e-06
15 0.000303260838814 4.15942397892e-06
15.1 0.000324200524855 3.7595278932e-06
15.2 0.000346598967628 3.39787616275e-06
15.3 0.000370540691734 3.07016681685e-06
15.4 0.00039611022177 2.77209788476e-06
15.5 0.000423413613157 2.50040831765e-06
15.6 0.000452633212615 2.25552542076e-06
15.7 0.000483897949894 2.03529402019e-06
15.8 0.000517329791462 1.8372222974e-06
15.9 0.000553050703787 1.65881843383e-06
16 0.000591183874628 1.4976066956e-06
16.1 0.000631960266541 1.35253076396e-06
16.2 0.000675610518706 1.22253006121e-06
16.3 0.000722310446823 1.10582197371e-06
16.4 0.00077223586659 1.00062388785e-06
16.5 0.00082556259371 9.05153189983e-07
16.6 0.000882473886269 8.17701559636e-07
16.7 0.000943343492047 7.38462226974e-07
16.8 0.00100849882832 6.67165930943e-07
16.9 0.00107820107558 6.02882206398e-07
17 0.00115271141434 5.44680588188e-07
17.1 0.00123229102511 4.91630611167e-07
17.2 0.00131722194442 4.42893196978e-07
17.3 0.00140804362305 3.98757202756e-07
17.4 0.00150520510455 3.59115340186e-07
17.5 0.00160909674497 3.23603164281e-07
17.6 0.0017201089003 2.91856230059e-07
17.7 0.00183868324529 2.63509535656e-07
17.8 0.00196553722369 2.38195086735e-07
17.9 0.00210123629279 2.15546538221e-07
18 0.00224631114097 1.95197922331e-07
18.1 0.0024012924566 1.7678327128e-07
18.2 0.00256684397882 1.60037426593e-07
18.3 0.00274397239723 1.44955074935e-07
18.4 0.00293343041711 1.31338465295e-07
18.5 0.00313595051388 1.18974518984e-07
18.6 0.00335226516296 1.07650157316e-07
18.7 0.00358335129718 9.72700204336e-08
18.8 0.00383049472821 8.78874895399e-08
18.9 0.00409472199339 7.94310919085e-08
19 0.00437705923752 7.18273928182e-08
19.1 0.00467889851937 6.49916183116e-08
19.2 0.00500170166383 5.88368324619e-08
19.3 0.0053467622268 5.32813137977e-08
19.4 0.00571541924653 4.82465322843e-08
19.5 0.00610961711252 4.36964345535e-08
19.6 0.00653114936384 3.95843822687e-08
19.7 0.00698167958527 3.58546183809e-08
19.8 0.00746301828066 3.24589796955e-08
19.9 0.00797767006844 2.93851799548e-08
20 0.008527848319 2.6605879064e-08
