"Time" "Prey" "Predator"
0 14.318470823 18.9931401627
0.1 0.524987909104 27.0353557429
0.2 0.0175073761535 24.8227076338
0.3 0.0008013842745 22.4724103851
0.4 4.94274356788e-05 20.3344153579
0.5 4.01381545e-06 18.3993728395
0.6 4.05418292287e-07 16.6484443584
0.7 5.12876964923e-08 15.0641365357
0.8 -9.80266546709e-09 13.6305957253
0.9 -2.68031726959e-08 12.3334649668
1 -3.05730458847e-08 11.1597785322
1.1 -3.05730458847e-08 10.0977833518
1.2 -3.05730458847e-08 9.13684991545
1.3 -3.05730458847e-08 8.26735978524
1.4 -3.05730458847e-08 7.48062144861
1.5 -3.05730458847e-08 6.76875222338
1.6 -3.05730458847e-08 6.12461730943
1.7 -3.05730458847e-08 5.54178420377
1.8 -3.05730458847e-08 5.01441403877
1.9 -3.05730458847e-08 4.53722951771
2 -3.05730458847e-08 4.10545518062
2.1 -3.05730458847e-08 3.71476971014
2.2 -3.05730458847e-08 3.3612628
2.3 -3.05730458847e-08 3.04139668802
2.4 -3.05730458847e-08 2.75196953952
2.5 -3.05730458847e-08 2.4900841465
2.6 -3.05730458847e-08 2.25312112119
2.7 -3.05730458847e-08 2.03870817156
2.8 -3.05730458847e-08 1.84469946566
2.9 -3.05730458847e-08 1.66915308741
3 -3.05730458847e-08 1.51031208476
3.1 -3.05730458847e-08 1.36658688367
3.2 -3.05730458847e-08 1.2365389423
3.3 -3.05730458847e-08 1.11886665842
3.4 -3.05730458847e-08 1.01239225702
3.5 -3.05730458847e-08 0.916049876545
3.6 -3.05730458847e-08 0.828876063209
3.7 -3.05730458847e-08 0.74999786068
3.8 -3.05730458847e-08 0.678625990385
3.9 -3.05730458847e-08 0.614046197021
4 -3.05730458847e-08 0.555611799351
4.1 -3.05730458847e-08 0.502738372745
4.2 -3.05730458847e-08 0.454896316106
4.3 -3.05730458847e-08 0.411607171276
4.4 -3.05730458847e-08 0.372437543696
4.5 -3.05730458847e-08 0.336995359262
4.6 -3.05730458847e-08 0.304926029156
4.7 -3.05730458847e-08 0.275908378549
4.8 -3.05730458847e-08 0.249652230264
4.9 -3.05730458847e-08 0.225894616852
5 -3.05730458847e-08 0.204397872468
5.1 -3.05730458847e-08 0.184946838909
5.2 -3.05730458847e-08 0.167346772925
5.3 -3.05730458847e-08 0.151421633559
5.4 -3.05730458847e-08 0.137011910025
5.5 -3.05730458847e-08 0.123973499577
5.6 -3.05730458847e-08 0.112175841957
5.7 -3.05730458847e-08 0.101500878659
5.8 -3.05730458847e-08 0.0918417841796
5.9 -3.05730458847e-08 0.083101828502
6 -3.05730458847e-08 0.0751936458646
6.1 -3.05730458847e-08 0.0680380093131
6.2 -3.05730458847e-08 0.0615633250692
6.3 -3.05730458847e-08 0.0557048060068
6.4 -3.05730458847e-08 0.0504037710056
6.5 -3.05730458847e-08 0.045607222014
6.6 -3.05730458847e-08 0.0412671080959
6.7 -3.05730458847e-08 0.0373400124574
6.8 -3.05730458847e-08 0.0337866444638
6.9 -3.05730458847e-08 0.0305714094984
7 -3.05730458847e-08 0.0276621591164
7.1 -3.05730458847e-08 0.0250297497223
7.2 -3.05730458847e-08 0.0226478473635
7.3 -3.05730458847e-08 0.0204926207247
7.4 -3.05730458847e-08 0.0185424815754
7.5 -3.05730458847e-08 0.0167779333804
7.6 -3.05730458847e-08 0.015181299036
7.7 -3.05730458847e-08 0.0137366045088
7.8 -3.05730458847e-08 0.012429394328
7.9 -3.05730458847e-08 0.0112465753971
8 -3.05730458847e-08 0.0101763220978
8.1 -3.05730458847e-08 0.00920791599387
8.2 -3.05730458847e-08 0.00833166510549
8.3 -3.05730458847e-08 0.00753879479167
8.4 -3.05730458847e-08 0.00682136112809
8.5 -3.05730458847e-08 0.00617221168169
8.6 -3.05730458847e-08 0.00558486219832
8.7 -3.05730458847e-08 0.00505342032274
8.8 -3.05730458847e-08 0.00457254503697
8.9 -3.05730458847e-08 0.00413742915306
9 -3.05730458847e-08 0.00374373556079
9.1 -3.05730458847e-08 0.00338748588313
9.2 -3.05730458847e-08 0.0030651197336
9.3 -3.05730458847e-08 0.00277344186752
9.4 -3.05730458847e-08 0.00250951213594
9.5 -3.05730458847e-08 0.00227069565151
9.6 -3.05730458847e-08 0.00205461968576
9.7 -3.05730458847e-08 0.00185909874776
9.8 -3.05730458847e-08 0.00168217959249
9.9 -3.05730458847e-08 0.00152210567871
10 -3.05730458847e-08 0.00137725811698
10.1 -3.05730458847e-08 0.00124619711325
10.2 -3.05730458847e-08 0.001127623428
10.3 -3.05730458847e-08 0.0010203322719
10.4 -3.05730458847e-08 0.00092322661416
10.5 -3.05730458847e-08 0.000835365763873
10.6 -3.05730458847e-08 0.00075587089471
10.7 -3.05730458847e-08 0.000683932223909
10.8 -3.05730458847e-08 0.000618836572811
10.9 -3.05730458847e-08 0.000559943901736
11 -3.05730458847e-08 0.000506658225873
11.1 -3.05730458847e-08 0.000458436696275
11.2 -3.05730458847e-08 0.000414809938832
11.3 -3.05730458847e-08 0.000375339353439
11.4 -3.05730458847e-08 0.000339619319087
11.5 -3.05730458847e-08 0.000307295208517
11.6 -3.05730458847e-08 0.000278050254467
11.7 -3.05730458847e-08 0.000251588915489
11.8 -3.05730458847e-08 0.000227637004256
11.9 -3.05730458847e-08 0.000205976734595
12 -3.05730458847e-08 0.000186376439973
12.1 -3.05730458847e-08 0.000168639330387
12.2 -3.05730458847e-08 0.000152592429813
12.3 -3.05730458847e-08 0.000138077160909
12.4 -3.05730458847e-08 0.000124943490496
12.5 -3.05730458847e-08 0.000113054531011
12.6 -3.05730458847e-08 0.000102287495948
12.7 -3.05730458847e-08 9.253619244e-05
12.8 -3.05730458847e-08 8.37064895895e-05
12.9 -3.05730458847e-08 7.57177622458e-05
13 -3.05730458847e-08 6.85026044348e-05
13.1 -3.05730458847e-08 6.19804096056e-05
13.2 -3.05730458847e-08 5.60767723579e-05
13.3 -3.05730458847e-08 5.07355525984e-05
13.4 -3.05730458847e-08 4.59093935209e-05
13.5 -3.05730458847e-08 4.1553866306e-05
13.6 -3.05730458847e-08 3.76121946085e-05
13.7 -3.05730458847e-08 3.40430263783e-05
13.8 -3.05730458847e-08 3.08115858248e-05
13.9 -3.05730458847e-08 2.78301239721e-05
14 -3.05730458847e-08 2.52209761754e-05
14.1 -3.05730458847e-08 2.28369440348e-05
14.2 -3.05730458847e-08 2.06672260466e-05
14.3 -3.05730458847e-08 1.87010207073e-05
14.4 -3.05730458847e-08 1.69250876225e-05
14.5 -3.05730458847e-08 1.53189919476e-05
14.6 -3.05730458847e-08 1.3867699672e-05
14.7 -3.05730458847e-08 1.25567177229e-05
14.8 -3.05730458847e-08 1.13715530274e-05
14.9 -3.05730458847e-08 1.02978391989e-05
15 -3.05730458847e-08 9.32764232634e-06
15.1 -3.05730458847e-08 8.45250477939e-06
15.2 -3.05730458847e-08 7.66118140525e-06
15.3 -3.05730458847e-08 6.94242705107e-06
15.4 -3.05730458847e-08 6.284996564e-06
15.5 -3.05730458847e-08 5.68136551548e-06
15.6 -3.05730458847e-08 5.13498518943e-06
15.7 -3.05730458847e-08 4.64106746275e-06
15.8 -3.05730458847e-08 4.19399896865e-06
15.9 -3.05730458847e-08 3.78816634031e-06
16 -3.05730458847e-08 3.33585935543e-06
16.1 -3.05730458847e-08 3.03871907071e-06
16.2 -3.05730458847e-08 2.76114167307e-06
16.3 -3.05730458847e-08 2.50312716251e-06
16.4 -3.05730458847e-08 2.26467553905e-06
16.5 -3.05730458847e-08 2.04578680266e-06
16.6 -3.05730458847e-08 1.84581453663e-06
16.7 -3.05730458847e-08 1.66265849223e-06
16.8 -3.05730458847e-08 1.49615718639e-06
16.9 -3.05730458847e-08 1.34631061911e-06
17 -3.05730458847e-08 1.21311879039e-06
17.1 -3.05730458847e-08 1.09658170023e-06
17.2 -3.05730458847e-08 9.93376562514e-07
17.3 -3.05730458847e-08 8.98946221515e-07
17.4 -3.05730458847e-08 8.13263276049e-07
17.5 -3.05730458847e-08 7.36327726114e-07
17.6 -3.05730458847e-08 6.68139571711e-07
17.7 -3.05730458847e-08 6.08634157918e-07
17.8 -3.05730458847e-08 5.54840070795e-07
17.9 -3.05730458847e-08 5.05142874605e-07
18 -3.05730458847e-08 4.59542569346e-07
18.1 -3.05730458847e-08 4.18039155018e-07
18.2 -3.05730458847e-08 3.80632631622e-07
18.3 -3.05730458847e-08 3.47167238962e-07
18.4 -3.05730458847e-08 3.16310177817e-07
18.5 -3.05730458847e-08 2.8775636738e-07
18.6 -3.05730458847e-08 2.61505807652e-07
18.7 -3.05730458847e-08 2.37558498632e-07
18.8 -3.05730458847e-08 2.15914440321e-07
18.9 -3.05730458847e-08 1.96383422772e-07
19 -3.05730458847e-08 1.78347441876e-07
19.1 -3.05730458847e-08 1.61758980786e-07
19.2 -3.05730458847e-08 1.46618039502e-07
19.3 -3.05730458847e-08 1.32924618022e-07
19.4 -3.05730458847e-08 1.20678716349e-07
19.5 -3.05730458847e-08 1.09633988244e-07
19.6 -3.05730458847e-08 9.94525732168e-08
19.7 -3.05730458847e-08 9.01324397842e-08
19.8 -3.05730458847e-08 8.16735879465e-08
19.9 -3.05730458847e-08 7.40760177037e-08
20 -3.05730458847e-08 6.73344593853e-08
