"Time" "Prey" "Predator"
0 8.86320845953 14.3620832919
0.1 0.913910800603 18.7535098186
0.2 0.0855163879707 17.5652929172
0.3 0.00979197410777 15.9484430149
0.4 0.00138281386339 14.4368512584
0.5 0.000236673499022 13.0638391879
0.6 4.81899422584e-05 11.8207887132
0.7 1.15741650059e-05 10.695919865
0.8 3.16252554655e-06 9.67807658287
0.9 9.80907255728e-07 8.75708999827
1 3.18371358213e-07 7.92374360291
1.1 8.19746715397e-08 7.16969446893
1.2 9.49327651943e-08 6.48740623663
1.3 6.64989195581e-08 5.87004684737
1.4 1.62287402602e-08 5.31143705586
1.5 3.36166563403e-08 4.80598407426
1.6 4.69440017484e-08 4.34863445702
1.7 4.37950229714e-08 3.93481482634
1.8 1.61643931089e-08 3.56036594481
1.9 1.17317423158e-08 3.22155190922
2 1.59821961203e-08 2.9149814942
2.1 1.16322943178e-08 2.63758445414
2.2 7.39141171834e-09 2.38658514314
2.3 7.55633464476e-09 2.15947169954
2.4 6.40743761863e-09 1.95397089896
2.5 4.89988913309e-09 1.76802611639
2.6 3.65959889428e-09 1.59977676466
2.7 3.50633628023e-09 1.4475380807
2.8 3.4449612487e-09 1.30978690184
2.9 3.00225163571e-09 1.1851444701
3 2.71789602897e-09 1.07236320342
3.1 2.56826262154e-09 0.970314640641
3.2 2.43477526408e-09 0.877977118778
3.3 2.33072855971e-09 0.794426699081
3.4 2.24624166226e-09 0.71882719439
3.5 2.19195299332e-09 0.6504218011
3.6 2.16171857138e-09 0.588526100931
3.7 2.14440510955e-09 0.532520237203
3.8 2.14111786769e-09 0.481843745433
3.9 2.15240837193e-09 0.435990193595
4 2.17581690869e-09 0.394500167969
4.1 2.21225392649e-09 0.356958568731
4.2 2.26003954038e-09 0.322989473995
4.3 2.31885050884e-09 0.292252936373
4.4 2.38848255335e-09 0.264441352736
4.5 2.46889103311e-09 0.239276439865
4.6 2.56016946206e-09 0.21650628248
4.7 2.66251113427e-09 0.195902968274
4.8 2.77619132271e-09 0.17726031568
4.9 2.9015783261e-09 0.160391668528
5 3.03912509191e-09 0.145128247463
5.1 3.18936424901e-09 0.131317471633
5.2 3.3528978845e-09 0.118820929897
5.3 3.5304129326e-09 0.107513633527
5.4 3.72266510822e-09 0.0972823550495
5.5 3.93048545925e-09 0.0880246765108
5.6 4.1547856507e-09 0.0796480265809
5.7 4.39655577451e-09 0.0720684740408
5.8 4.65687139744e-09 0.0652102464363
5.9 4.93689427489e-09 0.0590046759884
6 5.23787773223e-09 0.0533896295145
6.1 5.56117201517e-09 0.0483089429098
6.2 5.90822829301e-09 0.0437117168624
6.3 6.28060577982e-09 0.0395519911632
6.4 6.67997781695e-09 0.0357881165102
6.5 7.10813900545e-09 0.032382413616
6.6 7.56701292174e-09 0.0293008267271
6.7 8.05866036088e-09 0.0265124780275
6.8 8.58528816577e-09 0.0239894823522
6.9 9.14925920826e-09 0.0217065770185
7 9.75310246577e-09 0.0196409120261
7.1 1.03995240838e-08 0.0177718351016
7.2 1.109141981e-08 0.0160806166852
7.3 1.18318869592e-08 0.0145503442136
7.4 1.26242389725e-08 0.0131656951179
7.5 1.3472019567e-08 0.0119128086389
7.6 1.43790183106e-08 0.0107791563522
7.7 1.53492883308e-08 0.00975337949501
7.8 1.63871629421e-08 0.00882522218078
7.9 1.74972762128e-08 0.00798539106789
8 1.86845827668e-08 0.00722547834383
8.1 1.99543795538e-08 0.0065378840095
8.2 2.13123309108e-08 0.00591571986332
8.3 2.27644914721e-08 0.00535276356437
8.4 2.43173368712e-08 0.00484336922697
8.5 2.59777885298e-08 0.00438243939835
8.6 2.77532410621e-08 0.00396538681917
8.7 2.96516090531e-08 0.00358804400903
8.8 3.16813537149e-08 0.00324662271064
8.9 3.3851502639e-08 0.00293768909422
9 3.61717164666e-08 0.00265814621923
9.1 3.86523445835e-08 0.0024052201876
9.2 4.13044160098e-08 0.00217635727727
9.3 4.41397196302e-08 0.00196924212559
9.4 4.71709059989e-08 0.00178184312707
9.5 5.04114544278e-08 0.00161228120057
9.6 5.38757581097e-08 0.00145884210556
9.7 5.75792679581e-08 0.00132001408175
9.8 6.15384585175e-08 0.00119440619197
9.9 6.57710071946e-08 0.00108071730745
10 7.02954878136e-08 0.000977890097675
10.1 7.51323046992e-08 0.000884838805852
10.2 8.03028642985e-08 0.000800633468121
10.3 8.58302769047e-08 0.00072444299422
10.4 9.1739213091e-08 0.000655509673123
10.5 9.80558067998e-08 0.000593131963768
10.6 1.04807915379e-07 0.000536675927918
10.7 1.12026158927e-07 0.000485571715312
10.8 1.19742592319e-07 0.000439318054594
10.9 1.27990952924e-07 0.00039748141559
11 1.36807818835e-07 0.000359652043888
11.1 1.46233364786e-07 0.000325412562177
11.2 1.56309136996e-07 0.000294430397223
11.3 1.67079018502e-07 0.00026641911263
11.4 1.78591732279e-07 0.00024107952981
11.5 1.90899036119e-07 0.000218142005826
11.6 2.04054925804e-07 0.00019738509599
11.7 2.18116985141e-07 0.000178612370273
11.8 2.33149470855e-07 0.000161617926788
11.9 2.4921913256e-07 0.000146233121017
12 2.66396135485e-07 0.000132316250478
12.1 2.84757382205e-07 0.000119727656304
12.2 3.0438728036e-07 0.0001083242305
12.3 3.25372241594e-07 9.79987740116e-05
12.4 3.47803225474e-07 8.8661795941e-05
12.5 3.7177685857e-07 8.02365237856e-05
12.6 3.97405128019e-07 7.2616074204e-05
12.7 4.24803291867e-07 6.57168689712e-05
12.8 4.54091205024e-07 5.94727765014e-05
12.9 4.85394942714e-07 5.38279389031e-05
13 5.18854428134e-07 4.87248963881e-05
13.1 5.54625358562e-07 4.41015884864e-05
13.2 5.92865403962e-07 3.99128416103e-05
13.3 6.33740589316e-07 3.61204323298e-05
13.4 6.77427283833e-07 3.26915346182e-05
13.5 7.24129325233e-07 2.95856362624e-05
13.6 7.74056662618e-07 2.67708565055e-05
13.7 8.27427698846e-07 2.42221563909e-05
13.8 8.84472158468e-07 2.19191475501e-05
13.9 9.4534084277e-07 1.98209772773e-05
14 1.01060183725e-06 1.79504635238e-05
14.1 1.0803101606e-06 1.62488826046e-05
14.2 1.15480002494e-06 1.47062339081e-05
14.3 1.23441610569e-06 1.33120470014e-05
14.4 1.31959277403e-06 1.20518239587e-05
14.5 1.41072152608e-06 1.09129920179e-05
14.6 1.50817679897e-06 9.88374439499e-06
14.7 1.61233302982e-06 8.95227430635e-06
14.8 1.72356465575e-06 8.10677496814e-06
14.9 1.84243520344e-06 7.33990787697e-06
15 1.96966087485e-06 6.64794232262e-06
15.1 2.10576203239e-06 6.02251980856e-06
15.2 2.25125790439e-06 5.45525503912e-06
15.3 2.40666771916e-06 4.93776271865e-06
15.4 2.57257106492e-06 4.46272397883e-06
15.5 2.75006496864e-06 4.03196196009e-06
15.6 2.93999912107e-06 3.64292991413e-06
15.7 3.1431248014e-06 3.29134237592e-06
15.8 3.36019328883e-06 2.9729138804e-06
15.9 3.59195586255e-06 2.68335896254e-06
16 3.8569089177e-06 2.37905094487e-06
16.1 4.11291860799e-06 2.16447666168e-06
16.2 4.39130808491e-06 1.96448872709e-06
16.3 4.69207734847e-06 1.77908714112e-06
16.4 5.01522639865e-06 1.60827190375e-06
16.5 5.36130127956e-06 1.45187225615e-06
16.6 5.73481946954e-06 1.30847549315e-06
16.7 6.13678728732e-06 1.17776691889e-06
16.8 6.56720473287e-06 1.05974653338e-06
16.9 7.02607180622e-06 9.54414336611e-07
17 7.51338850735e-06 8.61770328593e-07
17.1 8.03219986982e-06 7.8046419913e-07
17.2 8.59214922343e-06 7.06219645097e-07
17.3 9.19394789805e-06 6.38721229586e-07
17.4 9.83759589367e-06 5.77968952598e-07
17.5 1.05230932103e-05 5.23962814131e-07
17.6 1.12504398479e-05 4.76702814187e-07
17.7 1.20281245131e-05 4.34656263608e-07
17.8 1.28674798807e-05 3.95776976896e-07
17.9 1.37685631311e-05 3.60054629787e-07
18 1.47313742643e-05 3.27489222283e-07
18.1 1.57559132803e-05 2.98080754382e-07
18.2 1.68427228038e-05 2.71809102957e-07
18.3 1.80148428437e-05 2.47819834055e-07
18.4 1.92844773541e-05 2.25660366558e-07
18.5 2.0651626335e-05 2.05330700469e-07
18.6 2.21162897863e-05 1.86830835786e-07
18.7 2.36784677082e-05 1.70160772509e-07
18.8 2.53381601006e-05 1.55320510639e-07
18.9 2.70953669635e-05 1.42310050176e-07
19 2.8956091879e-05 1.3103366275e-07
19.1 3.09706416081e-05 1.20689196568e-07
19.2 3.31503393681e-05 1.1109610057e-07
19.3 3.5495185159e-05 1.02254374754e-07
19.4 3.80051789808e-05 9.41640191218e-08
19.5 4.06803208336e-05 8.68250336721e-08
19.6 4.35206107172e-05 8.02374184052e-08
19.7 4.65260486318e-05 7.44011733213e-08
19.8 4.97221245752e-05 6.92087198232e-08
19.9 5.31911429543e-05 6.43126984238e-08
20 5.69393690153e-05 5.96866671281e-08
