"Time" "Prey" "Predator"
0 0.931359779981 12.5746544137
0.1 0.192682376695 11.9202323419
0.2 0.0449673784064 10.8947095678
0.3 0.0120395181127 9.88233604268
0.4 0.00367097666135 8.94814617253
0.5 0.00126076191344 8.09842658137
0.6 0.000482286895636 7.3283480852
0.7 0.000203450704184 6.63117612448
0.8 9.37014820278e-05 6.00022064916
0.9 4.68165835039e-05 5.42926205106
1 2.51844543568e-05 4.91262013469
1.1 1.44213032898e-05 4.44513370934
1.2 8.69187499159e-06 4.0221253406
1.3 5.59714129534e-06 3.63937007938
1.4 3.7933074735e-06 3.29303923822
1.5 2.66334318368e-06 2.97966558392
1.6 1.96627733677e-06 2.69611265796
1.7 1.51654979281e-06 2.43954413316
1.8 1.22092884647e-06 2.2073934895
1.9 9.64172807524e-07 1.99733271523
2 7.88712471602e-07 1.8072615672
2.1 6.7225134561e-07 1.6352781399
2.2 5.85814218226e-07 1.47966120802
2.3 5.17372196502e-07 1.33885299758
2.4 4.65277557054e-07 1.21144446058
2.5 4.27352740938e-07 1.09616060498
2.6 3.97646809022e-07 0.991847279393
2.7 3.74807564503e-07 0.897460696469
2.8 3.57498514388e-07 0.812056215591
2.9 3.44748355007e-07 0.734778949286
3 3.35740980666e-07 0.664855620203
3.1 3.29849861146e-07 0.601586379847
3.2 3.26678368514e-07 0.54433793842
3.3 3.25898481177e-07 0.492537438435
3.4 3.27263957862e-07 0.445666454125
3.5 3.30594966834e-07 0.403255793841
3.6 3.35756795179e-07 0.36488062909
3.7 3.42663780398e-07 0.330157356399
3.8 3.51259304934e-07 0.298738664136
3.9 3.61508738598e-07 0.270309903457
4 3.73401433647e-07 0.244586573436
4.1 3.86946238216e-07 0.22131110602
4.2 4.02168469107e-07 0.200250540097
4.3 4.19108044136e-07 0.18119415406
4.4 4.37818645127e-07 0.163951267885
4.5 4.58366301742e-07 0.148349257943
4.6 4.80829232126e-07 0.134231953802
4.7 5.05297299589e-07 0.121458083866
4.8 5.31871693167e-07 0.109899759806
4.9 5.60665203413e-07 0.0994413173099
5 5.91802620973e-07 0.089978232285
5.1 6.25419753315e-07 0.0814156626045
5.2 6.61665023978e-07 0.0736679498092
5.3 7.00699346012e-07 0.0666575227097
5.4 7.42696763605e-07 0.060314195369
5.5 7.87845250756e-07 0.0545745480427
5.6 8.36347145704e-07 0.0493810705771
5.7 8.88420212294e-07 0.0446818372278
5.8 9.44298375603e-07 0.0404298080441
5.9 1.00423270449e-06 0.0365824011831
6 1.06849251886e-06 0.033101134791
6.1 1.13736653351e-06 0.0299511333185
6.2 1.21116407998e-06 0.0271009026616
6.3 1.29021647265e-06 0.0245219117658
6.4 1.37487843271e-06 0.0221883371229
6.5 1.46552962898e-06 0.0200768455625
6.6 1.56257641658e-06 0.0181662802371
6.7 1.66645351802e-06 0.016437532036
6.8 1.77762604924e-06 0.0148732942322
6.9 1.89659153009e-06 0.013457907302
7 2.02388203452e-06 0.0121772216759
7.1 2.16006671118e-06 0.0110184061985
7.2 2.3057540742e-06 0.00996986798232
7.3 2.46159502162e-06 0.00902110102203
7.4 2.62828545367e-06 0.00816260883733
7.5 2.80656908986e-06 0.0073858329486
7.6 2.9972419773e-06 0.00668299892715
7.7 3.20115464019e-06 0.00604705948369
7.8 3.41921534756e-06 0.00547162284792
7.9 3.65239744552e-06 0.00495095903297
8 3.9017401207e-06 0.00447984959253
8.1 4.16835297883e-06 0.00405353583084
8.2 4.45342566603e-06 0.00366779601641
8.3 4.7582275866e-06 0.00331876934552
8.4 5.08411463121e-06 0.00300293981442
8.5 5.43254030474e-06 0.00271717930701
8.6 5.80505495738e-06 0.00245861700099
8.7 6.20331535662e-06 0.00222464496471
8.8 6.62909710711e-06 0.00201294878971
8.9 7.0842936212e-06 0.001821397953
9 7.57093050427e-06 0.00164807027241
9.1 8.091178307e-06 0.00149125774741
9.2 8.64734897417e-06 0.00134937458483
9.3 9.24190930608e-06 0.00122096313311
9.4 9.8775123136e-06 0.001104767113
9.5 1.05569881386e-05 0.000999636321732
9.6 1.12833525606e-05 0.000904504588609
9.7 1.20598339654e-05 0.000818413730346
9.8 1.28898980028e-05 0.000740525824913
9.9 1.3777232688e-05 0.000670056599354
10 1.47257733154e-05 0.000606285839151
10.1 1.57397507275e-05 0.000548587756648
10.2 1.68236782698e-05 0.000496388105746
10.3 1.79823653867e-05 0.000449153076214
10.4 1.92209605673e-05 0.000406403870861
10.5 2.05449908837e-05 0.000367726597735
10.6 2.19603377676e-05 0.000332732023697
10.7 2.34733349111e-05 0.000301052543596
10.8 2.5090563943e-05 0.000272408747975
10.9 2.68193719921e-05 0.0002464875186
11 2.86673950412e-05 0.000223031594344
11.1 3.06428784151e-05 0.000201807503463
11.2 3.27547116631e-05 0.000182609970445
11.3 3.5012266213e-05 0.00016524140573
11.4 3.74254675144e-05 0.000149521020059
11.5 4.00048639828e-05 0.000135285344789
11.6 4.27623312806e-05 0.000122392440551
11.7 4.57102331298e-05 0.000110716882421
11.8 4.88614786567e-05 0.000100150102599
11.9 5.22296514023e-05 9.06011613518e-05
12 5.582975928e-05 8.19761576255e-05
12.1 5.96785680729e-05 7.41690731937e-05
12.2 6.37930506217e-05 6.71043487511e-05
12.3 6.81910759007e-05 6.07179659779e-05
12.4 7.28915979751e-05 5.49547315234e-05
12.5 7.79165235076e-05 4.97426000423e-05
12.6 8.32884868077e-05 4.50232657777e-05
12.7 8.90310016033e-05 4.07500757935e-05
12.8 9.51688032154e-05 3.68833253136e-05
12.9 0.000101717618042 3.33482830622e-05
13 0.000108739705742 3.02025065089e-05
13.1 0.000116240191996 2.73363151138e-05
13.2 0.000124255110161 2.47358077127e-05
13.3 0.000132821460586 2.23860245921e-05
13.4 0.000141985911316 2.02614229994e-05
13.5 0.000151790866719 1.83411275473e-05
13.6 0.000162276697723 1.66064888144e-05
13.7 0.000173483775257 1.50388573793e-05
13.8 0.00018545247025 1.36195838205e-05
13.9 0.000198242133263 1.23350996477e-05
14 0.000211930793462 1.11768367153e-05
14.1 0.000226574675908 1.01303898225e-05
14.2 0.000242229763795 9.18128902045e-06
14.3 0.000258952040319 8.31506436006e-06
14.4 0.000276803054034 7.51885769717e-06
14.5 0.000295900119236 6.79596141732e-06
14.6 0.00031633598622 6.14255383171e-06
14.7 0.000338191659237 5.55141143467e-06
14.8 0.000361548142536 5.01531072049e-06
14.9 0.000386486440369 4.52702818346e-06
15 0.000413131133935 4.08303236227e-06
15.1 0.000441649803806 3.68343490431e-06
15.2 0.00047215989707 3.32409991278e-06
15.3 0.000504778300395 3.00084400913e-06
15.4 0.000539621900448 2.70948381481e-06
15.5 0.000576819080177 2.44610746429e-06
15.6 0.000616613673921 2.20952976077e-06
15.7 0.00065919871828 1.99736579379e-06
15.8 0.000704742896706 1.80665549337e-06
15.9 0.000753414892649 1.63443878955e-06
16 0.000805383389561 1.47775561233e-06
16.1 0.000860907715433 1.33522812118e-06
16.2 0.000920337284646 1.20705096239e-06
16.3 0.000983916816427 1.09159129476e-06
16.4 0.00105188983483 9.87195415038e-07
16.5 0.00112449986392 8.92209619966e-07
16.6 0.00120201416342 8.05161992038e-07
16.7 0.0012849407755 7.26424706533e-07
16.8 0.00137368238137 6.55563005466e-07
16.9 0.00146859054837 5.91750662262e-07
17 0.00157001684381 5.34161450347e-07
17.1 0.00167831283504 4.81969143147e-07
17.2 0.00179399161521 4.34702761525e-07
17.3 0.00191774443792 3.92283158757e-07
17.4 0.00205008544923 3.54241671379e-07
17.5 0.00219152663175 3.20104877825e-07
17.6 0.00234261108845 2.89415083109e-07
17.7 0.00250420355403 2.61877127843e-07
17.8 0.00267704952157 2.37135594259e-07
17.9 0.00286183052969 2.14802745395e-07
18 0.003059228117 1.94490844289e-07
18.1 0.00327016788825 1.75995581216e-07
18.2 0.0034958350676 1.59307762739e-07
18.3 0.00373715276452 1.44221203822e-07
18.4 0.003995041231 1.30527571884e-07
18.5 0.00427047183507 1.18034888983e-07
18.6 0.00456494858692 1.06721596566e-07
18.7 0.0048798220234 9.6517032136e-08
18.8 0.00521634705866 8.73199386105e-08
18.9 0.0055760036306 7.90325176464e-08
19 0.00596063888985 7.15626151617e-08
19.1 0.00637183081431 6.48139397416e-08
19.2 0.00681117746888 5.86922402404e-08
19.3 0.00728091132859 5.31525785868e-08
19.4 0.00778320080865 4.81450373024e-08
19.5 0.00832003872417 4.3606049407e-08
19.6 0.00889364846554 3.94823881039e-08
19.7 0.00950696098348 3.57525572381e-08
19.8 0.0101625555266 3.23792885253e-08
19.9 0.0108632211411 2.93268894865e-08
20 0.0116124079346 2.65681468163e-08
