"Time" "Prey" "Predator"
0 37.7637175145 22.1774156868
0.1 0.13841138835 46.5606459029
0.2 0.000397704960091 42.2260709341
0.3 1.94957676271e-06 38.208001516
0.4 3.01029315973e-08 34.5720226175
0.5 3.4973035157e-09 31.2820907031
0.6 -6.72473957763e-09 28.305217153
0.7 -6.72473957763e-09 25.6116255541
0.8 -6.72473957763e-09 23.174348804
0.9 -6.72473957763e-09 20.9690120347
1 -6.72473957763e-09 18.9735452835
1.1 -6.72473957763e-09 17.1679707615
1.2 -6.72473957763e-09 15.5342031326
1.3 -6.72473957763e-09 14.0559252682
1.4 -6.72473957763e-09 12.718365288
1.5 -6.72473957763e-09 11.5080631914
1.6 -6.72473957763e-09 10.4129260149
1.7 -6.72473957763e-09 9.42200509059
1.8 -6.72473957763e-09 8.52538276429
1.9 -6.72473957763e-09 7.71408533332
2 -6.72473957763e-09 6.97999363388
2.1 -6.72473957763e-09 6.31576009128
2.2 -6.72473957763e-09 5.71473541715
2.3 -6.72473957763e-09 5.17090580267
2.4 -6.72473957763e-09 4.67882788934
2.5 -6.72473957763e-09 4.23357826336
2.6 -6.72473957763e-09 3.83069995614
2.7 -6.72473957763e-09 3.46616068133
2.8 -6.72473957763e-09 3.13631155691
2.9 -6.72473957763e-09 2.83785198884
3 -6.72473957763e-09 2.56779449834
3.1 -6.72473957763e-09 2.32343650865
3.2 -6.72473957763e-09 2.10233219845
3.3 -6.72473957763e-09 1.90226847729
3.4 -6.72473957763e-09 1.72124325474
3.5 -6.72473957763e-09 1.55744522411
3.6 -6.72473957763e-09 1.40923451417
3.7 -6.72473957763e-09 1.27512812675
3.8 -6.72473957763e-09 1.15378342045
3.9 -6.72473957763e-09 1.04398639233
4 -6.72473957763e-09 0.944637734966
4.1 -6.72473957763e-09 0.854743569772
4.2 -6.72473957763e-09 0.773403858469
4.3 -6.72473957763e-09 0.699804743049
4.4 -6.72473957763e-09 0.633209405707
4.5 -6.72473957763e-09 0.572951526157
4.6 -6.72473957763e-09 0.51842791093
4.7 -6.72473957763e-09 0.469092934957
4.8 -6.72473957763e-09 0.424452804964
4.9 -6.72473957763e-09 0.384060737532
5 -6.72473957763e-09 0.347512500994
5.1 -6.72473957763e-09 0.314442260317
5.2 -6.72473957763e-09 0.284519115845
5.3 -6.72473957763e-09 0.257443496814
5.4 -6.72473957763e-09 0.232944477208
5.5 -6.72473957763e-09 0.210776732217
5.6 -6.72473957763e-09 0.190718642588
5.7 -6.72473957763e-09 0.172569335936
5.8 -6.72473957763e-09 0.156147162438
5.9 -6.72473957763e-09 0.141287810877
6 -6.72473957763e-09 0.127842449205
6.1 -6.72473957763e-09 0.115676635164
6.2 -6.72473957763e-09 0.104668511863
6.3 -6.72473957763e-09 0.0947079620002
6.4 -6.72473957763e-09 0.0856953145461
6.5 -6.72473957763e-09 0.0775403074197
6.6 -6.72473957763e-09 0.0701613806987
6.7 -6.72473957763e-09 0.0634846197332
6.8 -6.72473957763e-09 0.0574432497616
6.9 -6.72473957763e-09 0.0519767966973
7 -6.72473957763e-09 0.0470305326238
7.1 -6.72473957763e-09 0.0425549908299
7.2 -6.72473957763e-09 0.0385053315025
7.3 -6.72473957763e-09 0.034841061497
7.4 -6.72473957763e-09 0.0315254923214
7.5 -6.72473957763e-09 0.0285254324503
7.6 -6.72473957763e-09 0.0258108834374
7.7 -6.72473957763e-09 0.0233546452928
7.8 -6.72473957763e-09 0.0211321563408
7.9 -6.72473957763e-09 0.0191211638664
8 -6.72473957763e-09 0.0173015367618
8.1 -6.72473957763e-09 0.0156550804834
8.2 -6.72473957763e-09 0.0141652975486
8.3 -6.72473957763e-09 0.0128172908601
8.4 -6.72473957763e-09 0.0115975635243
8.5 -6.72473957763e-09 0.0104939050833
8.6 -6.72473957763e-09 0.00949527903379
8.7 -6.72473957763e-09 0.00859168081857
8.8 -6.72473957763e-09 0.00777407313392
8.9 -6.72473957763e-09 0.00703425983492
9 -6.72473957763e-09 0.00636483783248
9.1 -6.72473957763e-09 0.00575913931846
9.2 -6.72473957763e-09 0.00521110239735
9.3 -6.72473957763e-09 0.00471522985892
9.4 -6.72473957763e-09 0.00426653368319
9.5 -6.72473957763e-09 0.0038605426336
9.6 -6.72473957763e-09 0.00349319800769
9.7 -6.72473957763e-09 0.0031607819636
9.8 -6.72473957763e-09 0.00285999154392
9.9 -6.72473957763e-09 0.00258783449185
10 -6.72473957763e-09 0.00234156409319
10.1 -6.72473957763e-09 0.00211873260393
10.2 -6.72473957763e-09 0.0019171185761
10.3 -6.72473957763e-09 0.00173467968513
10.4 -6.72473957763e-09 0.00156960212844
10.5 -6.72473957763e-09 0.00142024155483
10.6 -6.72473957763e-09 0.00128508586889
10.7 -6.72473957763e-09 0.00116279775438
10.8 -6.72473957763e-09 0.00105216029996
10.9 -6.72473957763e-09 0.000952046581173
11 -6.72473957763e-09 0.000861438301421
11.1 -6.72473957763e-09 0.000779458446342
11.2 -6.72473957763e-09 0.000705283748745
11.3 -6.72473957763e-09 0.000638157856138
11.4 -6.72473957763e-09 0.000577419934545
11.5 -6.72473957763e-09 0.000522469630173
11.6 -6.72473957763e-09 0.000472749500927
11.7 -6.72473957763e-09 0.000427755207263
11.8 -6.72473957763e-09 0.000387048986532
11.9 -6.72473957763e-09 0.000350219936162
12 -6.72473957763e-09 0.00031688920606
12.1 -6.72473957763e-09 0.000286728845887
12.2 -6.72473957763e-09 0.00025944147545
12.3 -6.72473957763e-09 0.000234750770065
12.4 -6.72473957763e-09 0.000212402892999
12.5 -6.72473957763e-09 0.000192191836547
12.6 -6.72473957763e-09 0.000173903249065
12.7 -6.72473957763e-09 0.000157352911368
12.8 -6.72473957763e-09 0.000142380705245
12.9 -6.72473957763e-09 0.000128837171879
13 -6.72473957763e-09 0.000116582105121
13.1 -6.72473957763e-09 0.000105487730797
13.2 -6.72473957763e-09 9.54400336845e-05
13.3 -6.72473957763e-09 8.63402885042e-05
13.4 -6.72473957763e-09 7.81010942987e-05
13.5 -6.72473957763e-09 7.06479336976e-05
13.6 -6.72473957763e-09 6.39177397526e-05
13.7 -6.72473957763e-09 5.7831725581e-05
13.8 -6.72473957763e-09 5.23230584115e-05
13.9 -6.72473957763e-09 4.73397558051e-05
14 -6.72473957763e-09 4.28381399744e-05
14.1 -6.72473957763e-09 3.87746615597e-05
14.2 -6.72473957763e-09 3.50964663382e-05
14.3 -6.72473957763e-09 3.17658295992e-05
14.4 -6.72473957763e-09 2.87505486601e-05
14.5 -6.72473957763e-09 2.59744665032e-05
14.6 -6.72473957763e-09 2.35362493323e-05
14.7 -6.72473957763e-09 2.13095333995e-05
14.8 -6.72473957763e-09 1.92841050663e-05
14.9 -6.72473957763e-09 1.7449750694e-05
15 -6.72473957763e-09 1.57928927043e-05
15.1 -6.72473957763e-09 1.42944811422e-05
15.2 -6.72473957763e-09 1.29406235126e-05
15.3 -6.72473957763e-09 1.17176157867e-05
15.4 -6.72473957763e-09 1.06117539352e-05
15.5 -6.72473957763e-09 9.60972618964e-06
15.6 -6.72473957763e-09 8.70490530434e-06
15.7 -6.72473957763e-09 7.88855572528e-06
15.8 -6.72473957763e-09 7.15004488585e-06
15.9 -6.72473957763e-09 6.47874021948e-06
16 -6.72473957763e-09 5.86400915956e-06
16.1 -6.72473957763e-09 5.30035121612e-06
16.2 -6.72473957763e-09 4.79061463756e-06
16.3 -6.72473957763e-09 4.32977937535e-06
16.4 -6.72473957763e-09 3.91253785427e-06
16.5 -6.72473957763e-09 3.53358249911e-06
16.6 -6.72473957763e-09 3.11583239138e-06
16.7 -6.72473957763e-09 2.83733084165e-06
16.8 -6.72473957763e-09 2.57732648941e-06
16.9 -6.72473957763e-09 2.33581933464e-06
17 -6.72473957763e-09 2.11280937735e-06
17.1 -6.72473957763e-09 1.90829661755e-06
17.2 -6.72473957763e-09 1.7214025292e-06
17.3 -6.72473957763e-09 1.55031131929e-06
17.4 -6.72473957763e-09 1.3949676533e-06
17.5 -6.72473957763e-09 1.25537153124e-06
17.6 -6.72473957763e-09 1.1315229531e-06
17.7 -6.72473957763e-09 1.02341280346e-06
17.8 -6.72473957763e-09 9.26951823802e-07
17.9 -6.72473957763e-09 8.38761798521e-07
18 -6.72473957763e-09 7.58842727621e-07
18.1 -6.72473957763e-09 6.871946111e-07
18.2 -6.72473957763e-09 6.2381744896e-07
18.3 -6.72473957763e-09 5.68514183935e-07
18.4 -6.72473957763e-09 5.18163893039e-07
18.5 -6.72473957763e-09 4.71687352244e-07
18.6 -6.72473957763e-09 4.29084561548e-07
18.7 -6.72473957763e-09 3.90355520952e-07
18.8 -6.72473957763e-09 3.55500230457e-07
18.9 -6.72473957763e-09 3.24262755092e-07
19 -6.72473957763e-09 2.95375265529e-07
19.1 -6.72473957763e-09 2.68665573093e-07
19.2 -6.72473957763e-09 2.44133677785e-07
19.3 -6.72473957763e-09 2.21779579606e-07
19.4 -6.72473957763e-09 2.01603278554e-07
19.5 -6.72473957763e-09 1.83346256684e-07
19.6 -6.72473957763e-09 1.66474192786e-07
19.7 -6.72473957763e-09 1.50970803946e-07
19.8 -6.72473957763e-09 1.36836090164e-07
19.9 -6.72473957763e-09 1.24070051439e-07
20 -6.72473957763e-09 1.12672011964e-07
