"Time" "Prey" "Predator"
0 3.688925903 24.5782061329
0.1 0.13497377395 24.7664833088
0.2 0.00617223401897 22.5013584002
0.3 0.000379569001285 20.3642119107
0.4 3.06468459861e-05 18.4265514406
0.5 3.136679466e-06 16.6730537631
0.6 3.95382860978e-07 15.0864057758
0.7 5.72822353702e-08 13.6507456934
0.8 -1.12546171091e-08 12.3517030496
0.9 -9.19001792608e-09 11.1762825496
1 -1.04274904088e-08 10.1127179484
1.1 -4.76109978613e-09 9.1503619174
1.2 2.31439535094e-09 8.27958902573
1.3 1.20311651043e-08 7.49169056365
1.4 -6.66046970277e-09 6.77876315682
1.5 -9.95880481552e-09 6.1336789471
1.6 -1.57743616991e-09 5.54998279127
1.7 -4.09298862778e-09 5.02183284865
1.8 -5.57016330553e-09 4.5439428682
1.9 -4.91155161518e-09 4.11153014784
2 -4.34766778849e-09 3.72026739994
2.1 -3.00359000726e-09 3.3662390905
2.2 -1.09652931111e-09 3.04589713388
2.3 3.60633184619e-09 2.75603712446
2.4 1.37329614997e-09 2.49376618822
2.5 -1.01196468721e-09 2.25645464484
2.6 9.12556084296e-10 2.04172369819
2.7 1.40263551073e-09 1.84742749127
2.8 4.01885802893e-10 1.6716215908
2.9 4.63342481584e-10 1.51254598513
3 6.07234825333e-10 1.36860830311
3.1 6.05519846117e-10 1.23836771318
3.2 5.38490805561e-10 1.12052139978
3.3 4.46254295284e-10 1.01388976886
3.4 4.44807639848e-10 0.917405376248
3.5 4.48736739286e-10 0.830102640869
3.6 5.08019690725e-10 0.751107487963
3.7 5.81566057043e-10 0.679629628712
3.8 5.60282055597e-10 0.614954303549
3.9 5.26048949184e-10 0.55643348765
4 5.17028198003e-10 0.503481900958
4.1 5.26155770552e-10 0.455569207072
4.2 5.38023054154e-10 0.412215954946
4.3 5.44845341825e-10 0.372988403906
4.4 5.53215741208e-10 0.3374936696
4.5 5.66060361371e-10 0.305376925679
4.6 5.82257927731e-10 0.276316450343
4.7 6.0115822967e-10 0.250021454223
4.8 6.22660053457e-10 0.226228762856
4.9 6.4689978307e-10 0.204700144376
5 6.73747619233e-10 0.1852203594
5.1 7.03346784155e-10 0.16759425479
5.2 7.35949807818e-10 0.151645536293
5.3 7.7171503539e-10 0.137214549955
5.4 8.10718549819e-10 0.12415680455
5.5 8.53072533355e-10 0.112341736842
5.6 8.98978678186e-10 0.101650965964
5.7 9.48636610975e-10 0.0919775839586
5.8 1.00226166072e-09 0.0832247590443
5.9 1.0600938227e-09 0.0753048466456
6 1.12240086576e-09 0.0681386554989
6.1 1.18945576158e-09 0.0616543843729
6.2 1.26155148485e-09 0.0557871870737
6.3 1.33900934478e-09 0.0504783316519
6.4 1.42217971813e-09 0.0456746622319
6.5 1.51143824365e-09 0.0413281507897
6.6 1.60718501682e-09 0.0373952462031
6.7 1.70985069312e-09 0.0338366150848
6.8 1.81989676037e-09 0.0306166339936
6.9 1.93781705894e-09 0.027703062933
7 2.06414017546e-09 0.0250667718914
7.1 2.19943337826e-09 0.02268134572
7.2 2.34430389318e-09 0.0205229283068
7.3 2.49940127485e-09 0.018569913156
7.4 2.66542028138e-09 0.0168027450828
7.5 2.84310421294e-09 0.0152037549111
7.6 3.03324841733e-09 0.0137569214502
7.7 3.23670335281e-09 0.0124477757735
7.8 3.45437870856e-09 0.0112632130466
7.9 3.68724737981e-09 0.0101913723142
8 3.93634963333e-09 0.0092215366079
8.1 4.20279790992e-09 0.00834398858949
8.2 4.48778147474e-09 0.00754995223207
8.3 4.79257204041e-09 0.00683147900802
8.4 5.11852928767e-09 0.00618137504351
8.5 5.46710671413e-09 0.00559314002682
8.6 5.83985860873e-09 0.00506088111026
8.7 6.23844628583e-09 0.00457927382687
8.8 6.66464650953e-09 0.00414348945874
8.9 7.12035848004e-09 0.00374916436298
9 7.60761116196e-09 0.00339237201055
9.1 8.12857506414e-09 0.00306955543586
9.2 8.68557282528e-09 0.00277747162272
9.3 9.28108198991e-09 0.00251318653522
9.4 9.91774988718e-09 0.00227403806518
9.5 1.05984176369e-08 0.00205766004711
9.6 1.1326113232e-08 0.00186187718975
9.7 1.21040677051e-08 0.00168469599963
9.8 1.29357503716e-08 0.00152437035751
9.9 1.38248641078e-08 0.00137930891544
10 1.47753564286e-08 0.00124804466236
10.1 1.57914587521e-08 0.00112926906721
10.2 1.68776994759e-08 0.00102180880194
10.3 1.8038903189e-08 0.000924575509417
10.4 1.92802438719e-08 0.000836574468844
10.5 2.06072152412e-08 0.000756973300746
10.6 2.20257550326e-08 0.000684942430746
10.7 2.35421541835e-08 0.000619756872801
10.8 2.51632130013e-08 0.000560782021118
10.9 2.68961429083e-08 0.000507423170379
11 2.87485854596e-08 0.000459135286444
11.1 3.07287417788e-08 0.000415426838523
11.2 3.28456168667e-08 0.000375859173514
11.3 3.51085722037e-08 0.000340047661761
11.4 3.7527472978e-08 0.000307661320014
11.5 4.01130813497e-08 0.000278379523475
11.6 4.28771996787e-08 0.000251875734817
11.7 4.58320026279e-08 0.000227893378736
11.8 4.8990332103e-08 0.000206212726923
11.9 5.23664312862e-08 0.000186604914974
12 5.59755781876e-08 0.00016885485517
12.1 5.98336280259e-08 0.000152789849922
12.2 6.39506531559e-08 0.000138149113209
12.3 6.83638202336e-08 0.000125080988312
12.4 7.3077759554e-08 0.000113198232507
12.5 7.81152897795e-08 0.000102425910954
12.6 8.34999576841e-08 9.26857210252e-05
12.7 8.92594377712e-08 8.3880267816e-05
12.8 9.54192389897e-08 7.59221729129e-05
12.9 1.02004336282e-07 6.87265278806e-05
13 1.0903970459e-07 6.22084242838e-05
13.1 1.16558397076e-07 5.63046362974e-05
13.2 1.24602340638e-07 5.09757559445e-05
13.3 1.33204469412e-07 4.6158237922e-05
13.4 1.42397604946e-07 4.17882347384e-05
13.5 1.52215501047e-07 3.78039524072e-05
13.6 1.62713930184e-07 3.41920979508e-05
13.7 1.73944540384e-07 3.0930293391e-05
13.8 1.8595211235e-07 2.7981033936e-05
13.9 1.98781426783e-07 2.5306814794e-05
14 2.13141085545e-07 2.26176111706e-05
14.1 2.27422759511e-07 2.05743034264e-05
14.2 2.42907934035e-07 1.86738482782e-05
14.3 2.59596609117e-07 1.6916245726e-05
14.4 2.77488784756e-07 1.53014957699e-05
14.5 2.96737041452e-07 1.38200414406e-05
14.6 3.17500880654e-07 1.24618922708e-05
14.7 3.39780321871e-07 1.12270470387e-05
14.8 3.63575365104e-07 1.01155057442e-05
14.9 3.88886010353e-07 9.12726838731e-06
15 4.15732624595e-07 8.260755239e-06
15.1 4.44602140891e-07 7.47819818693e-06
15.2 4.75701463539e-07 6.7635490607e-06
15.3 5.09030592539e-07 6.11680786034e-06
15.4 5.44589527889e-07 5.53797458583e-06
15.5 5.82378269591e-07 5.02704923717e-06
15.6 6.22523408252e-07 4.57980696997e-06
15.7 6.65819504377e-07 4.16973006237e-06
15.8 7.12404997533e-07 3.79219822197e-06
15.9 7.62279887717e-07 3.44721144878e-06
16 8.15444174932e-07 3.13476974279e-06
16.1 8.71897859176e-07 2.85487310401e-06
16.2 9.32065128168e-07 2.60353671557e-06
16.3 9.97023009326e-07 2.37064298843e-06
16.4 1.06682451473e-06 2.15569392743e-06
16.5 1.14146964438e-06 1.95868953257e-06
16.6 1.22095839828e-06 1.77962980384e-06
16.7 1.30529077643e-06 1.61851474125e-06
16.8 1.39558526397e-06 1.47199926037e-06
16.9 1.49301109634e-06 1.33658649652e-06
17 1.59756841665e-06 1.21227602168e-06
17.1 1.7092572249e-06 1.09906783587e-06
17.2 1.82807752109e-06 9.96961939073e-07
17.3 1.95412536667e-06 9.05830785986e-07
17.4 2.08969748136e-06 8.22624913986e-07
17.5 2.23576978792e-06 7.46048544598e-07
17.6 2.39234228633e-06 6.76101677823e-07
17.7 2.5594149766e-06 6.12784313659e-07
17.8 2.73698785874e-06 5.56096452107e-07
17.9 2.9256534964e-06 5.05692845974e-07
18 3.12913127695e-06 4.59406457196e-07
18.1 3.34806926038e-06 4.16859704572e-07
18.2 3.58246744671e-06 3.78052588104e-07
18.3 3.83232583594e-06 3.4298510779e-07
18.4 4.09764442805e-06 3.11657263632e-07
18.5 4.38041632595e-06 2.83621443054e-07
18.6 4.68570230061e-06 2.57741094228e-07
18.7 5.01375146843e-06 2.33960270403e-07
18.8 5.36456382941e-06 2.12278971578e-07
18.9 5.73813938355e-06 1.92697197755e-07
19 6.13447813085e-06 1.75214948931e-07
19.1 6.55883665459e-06 1.5939595886e-07
19.2 7.01671042603e-06 1.44784134961e-07
19.3 7.50810011986e-06 1.31379421238e-07
19.4 8.0330057361e-06 1.1918181769e-07
19.5 8.59142727474e-06 1.08191324318e-07
19.6 9.18382347304e-06 9.83935235789e-08
19.7 9.82116407478e-06 8.94436500406e-08
19.8 1.0508110699e-05 8.1195194802e-08
19.9 1.12446633458e-05 7.36481578629e-08
20 1.2030822015e-05 6.68025392235e-08
