"Time" "Prey" "Predator"
0 4.95349360257 26.8295457661
0.1 0.123327483869 27.6983459567
0.2 0.00388959186216 25.147191386
0.3 0.000171030653239 22.7567662593
0.4 1.02443572546e-05 20.5912887002
0.5 7.78997247427e-07 18.6317758864
0.6 7.63870191189e-08 16.8587292159
0.7 1.94831272106e-09 15.2544158285
0.8 1.34651072543e-09 13.8027721794
0.9 -1.39685504448e-08 12.4892608652
1 -1.59716836798e-08 11.300741431
1.1 -1.62119258399e-08 10.2253320731
1.2 -1.62119258399e-08 9.2522612036
1.3 -1.62119258399e-08 8.3717898393
1.4 -1.62119258399e-08 7.57510476159
1.5 -1.62119258399e-08 6.8542458508
1.6 -1.62119258399e-08 6.20198217008
1.7 -1.62119258399e-08 5.61178264011
1.8 -1.62119258399e-08 5.07775239955
1.9 -1.62119258399e-08 4.59454064126
2 -1.62119258399e-08 4.15731232004
2.1 -1.62119258399e-08 3.76169189561
2.2 -1.62119258399e-08 3.40371979747
2.3 -1.62119258399e-08 3.07981319417
2.4 -1.62119258399e-08 2.78673097452
2.5 -1.62119258399e-08 2.52153884075
2.6 -1.62119258399e-08 2.28158326167
2.7 -1.62119258399e-08 2.06446220204
2.8 -1.62119258399e-08 1.86800293092
2.9 -1.62119258399e-08 1.69023940404
3 -1.62119258399e-08 1.52939202824
3.1 -1.62119258399e-08 1.38385141451
3.2 -1.62119258399e-08 1.2521608099
3.3 -1.62119258399e-08 1.13300205231
3.4 -1.62119258399e-08 1.02518279758
3.5 -1.62119258399e-08 0.927623466812
3.6 -1.62119258399e-08 0.839347755494
3.7 -1.62119258399e-08 0.759473178102
3.8 -1.62119258399e-08 0.687199671231
3.9 -1.62119258399e-08 0.6218040292
4 -1.62119258399e-08 0.562631553566
4.1 -1.62119258399e-08 0.509090025153
4.2 -1.62119258399e-08 0.460643677481
4.3 -1.62119258399e-08 0.416807640906
4.4 -1.62119258399e-08 0.377143151256
4.5 -1.62119258399e-08 0.341253196836
4.6 -1.62119258399e-08 0.308778606209
4.7 -1.62119258399e-08 0.279394202643
4.8 -1.62119258399e-08 0.252806207396
4.9 -1.62119258399e-08 0.228748489553
5 -1.62119258399e-08 0.206980119923
5.1 -1.62119258399e-08 0.187283401119
5.2 -1.62119258399e-08 0.169460981279
5.3 -1.62119258399e-08 0.153334615547
5.4 -1.62119258399e-08 0.138742875093
5.5 -1.62119258399e-08 0.125539667767
5.6 -1.62119258399e-08 0.113593012056
5.7 -1.62119258399e-08 0.10278319493
5.8 -1.62119258399e-08 0.0930020833134
5.9 -1.62119258399e-08 0.0841517596037
6 -1.62119258399e-08 0.0761436179428
6.1 -1.62119258399e-08 0.068897601331
6.2 -1.62119258399e-08 0.0623411041406
6.3 -1.62119258399e-08 0.0564085579322
6.4 -1.62119258399e-08 0.0510405774968
6.5 -1.62119258399e-08 0.046183409494
6.6 -1.62119258399e-08 0.041788483218
6.7 -1.62119258399e-08 0.0378117662083
6.8 -1.62119258399e-08 0.03421349403
6.9 -1.62119258399e-08 0.0309576493913
7 -1.62119258399e-08 0.0280116292035
7.1 -1.62119258399e-08 0.0253459755114
7.2 -1.62119258399e-08 0.0229339802242
7.3 -1.62119258399e-08 0.0207515209597
7.4 -1.62119258399e-08 0.018776750958
7.5 -1.62119258399e-08 0.0169898979806
7.6 -1.62119258399e-08 0.0153730981293
7.7 -1.62119258399e-08 0.0139101509288
7.8 -1.62119258399e-08 0.0125864207138
7.9 -1.62119258399e-08 0.0113886671505
8 -1.62119258399e-08 0.0103048872499
8.1 -1.62119258399e-08 0.00932424455178
8.2 -1.62119258399e-08 0.0084369040356
8.3 -1.62119258399e-08 0.00763400638466
8.4 -1.62119258399e-08 0.00690754530261
8.5 -1.62119258399e-08 0.00625023232868
8.6 -1.62119258399e-08 0.00565547008951
8.7 -1.62119258399e-08 0.00511729805146
8.8 -1.62119258399e-08 0.00463035801114
8.9 -1.62119258399e-08 0.00418973956535
9 -1.62119258399e-08 0.0037910292673
9.1 -1.62119258399e-08 0.00343027358097
9.2 -1.62119258399e-08 0.00310383896654
9.3 -1.62119258399e-08 0.00280846656199
9.4 -1.62119258399e-08 0.00254121686636
9.5 -1.62119258399e-08 0.00229938874057
9.6 -1.62119258399e-08 0.00208057259685
9.7 -1.62119258399e-08 0.001882587958
9.8 -1.62119258399e-08 0.00170343448071
9.9 -1.62119258399e-08 0.00154134135438
10 -1.62119258399e-08 0.00139469028644
10.1 -1.62119258399e-08 0.00126198483412
10.2 -1.62119258399e-08 0.00114188036705
10.3 -1.62119258399e-08 0.00103321354636
10.4 -1.62119258399e-08 0.000934891208767
10.5 -1.62119258399e-08 0.000845910940385
10.6 -1.62119258399e-08 0.000765399995319
10.7 -1.62119258399e-08 0.0006925605065
10.8 -1.62119258399e-08 0.000626652879508
10.9 -1.62119258399e-08 0.000567011102156
11 -1.62119258399e-08 0.000513054023062
11.1 -1.62119258399e-08 0.000464235634596
11.2 -1.62119258399e-08 0.000420053323358
11.3 -1.62119258399e-08 0.000380074447781
11.4 -1.62119258399e-08 0.000343903621264
11.5 -1.62119258399e-08 0.000311174210306
11.6 -1.62119258399e-08 0.000281551535689
11.7 -1.62119258399e-08 0.00025476028387
11.8 -1.62119258399e-08 0.000230517629737
11.9 -1.62119258399e-08 0.000208579205973
12 -1.62119258399e-08 0.000188733431238
12.1 -1.62119258399e-08 0.000170781079345
12.2 -1.62119258399e-08 0.000154536129087
12.3 -1.62119258399e-08 0.000139829163955
12.4 -1.62119258399e-08 0.000126509540396
12.5 -1.62119258399e-08 0.000114446610115
12.6 -1.62119258399e-08 0.000103524893674
12.7 -1.62119258399e-08 9.36461767787e-05
12.8 -1.62119258399e-08 8.47263366293e-05
12.9 -1.62119258399e-08 7.66587049366e-05
13 -1.62119258399e-08 6.93565434937e-05
13.1 -1.62119258399e-08 6.27512774058e-05
13.2 -1.62119258399e-08 5.67854270736e-05
13.3 -1.62119258399e-08 5.13992822778e-05
13.4 -1.62119258399e-08 4.65233899601e-05
13.5 -1.62119258399e-08 4.21082169703e-05
13.6 -1.62119258399e-08 3.81112664408e-05
13.7 -1.62119258399e-08 3.44355766722e-05
13.8 -1.62119258399e-08 3.12008724985e-05
13.9 -1.62119258399e-08 2.82476311995e-05
14 -1.62119258399e-08 2.55622075543e-05
14.1 -1.62119258399e-08 2.31309563418e-05
14.2 -1.62119258399e-08 2.093479763e-05
14.3 -1.62119258399e-08 1.89487258271e-05
14.4 -1.62119258399e-08 1.71543392804e-05
14.5 -1.62119258399e-08 1.55333337409e-05
14.6 -1.62119258399e-08 1.40674049601e-05
14.7 -1.62119258399e-08 1.27390813793e-05
14.8 -1.62119258399e-08 1.1540017194e-05
14.9 -1.62119258399e-08 1.0458042273e-05
15 -1.62119258399e-08 9.47895470982e-06
15.1 -1.62119258399e-08 8.58855259782e-06
15.2 -1.62119258399e-08 7.77263403038e-06
15.3 -1.62119258399e-08 7.02529338809e-06
15.4 -1.62119258399e-08 6.34967079053e-06
15.5 -1.62119258399e-08 5.73882519998e-06
15.6 -1.62119258399e-08 5.18566688797e-06
15.7 -1.62119258399e-08 4.68310612604e-06
15.8 -1.62119258399e-08 4.13258664075e-06
15.9 -1.62119258399e-08 3.76247562963e-06
16 -1.62119258399e-08 3.4170712218e-06
16.1 -1.62119258399e-08 3.09637341727e-06
16.2 -1.62119258399e-08 2.80038221604e-06
16.3 -1.62119258399e-08 2.5290976181e-06
16.4 -1.62119258399e-08 2.28111141487e-06
16.5 -1.62119258399e-08 2.0541879006e-06
16.6 -1.62119258399e-08 1.84829873058e-06
16.7 -1.62119258399e-08 1.66344390479e-06
16.8 -1.62119258399e-08 1.49962342325e-06
16.9 -1.62119258399e-08 1.35675832206e-06
17 -1.62119258399e-08 1.22875736164e-06
17.1 -1.62119258399e-08 1.11180411609e-06
17.2 -1.62119258399e-08 1.00589858542e-06
17.3 -1.62119258399e-08 9.11040769644e-07
17.4 -1.62119258399e-08 8.27230668746e-07
17.5 -1.62119258399e-08 7.54053641858e-07
17.6 -1.62119258399e-08 6.87195241666e-07
17.7 -1.62119258399e-08 6.25511066164e-07
17.8 -1.62119258399e-08 5.69001115351e-07
17.9 -1.62119258399e-08 5.17665389227e-07
18 -1.62119258399e-08 4.71503887792e-07
18.1 -1.62119258399e-08 4.30073098553e-07
18.2 -1.62119258399e-08 3.91709855693e-07
18.3 -1.62119258399e-08 3.5625551833e-07
18.4 -1.62119258399e-08 3.23710086463e-07
18.5 -1.62119258399e-08 2.94073560094e-07
18.6 -1.62119258399e-08 2.67345939221e-07
18.7 -1.62119258399e-08 2.43112787565e-07
18.8 -1.62119258399e-08 2.20716136143e-07
18.9 -1.62119258399e-08 2.00147643092e-07
19 -1.62119258399e-08 1.81407308412e-07
19.1 -1.62119258399e-08 1.64495132103e-07
19.2 -1.62119258399e-08 1.49405259916e-07
19.3 -1.62119258399e-08 1.35686097623e-07
19.4 -1.62119258399e-08 1.23054701849e-07
19.5 -1.62119258399e-08 1.11511072593e-07
19.6 -1.62119258399e-08 1.01055209856e-07
19.7 -1.62119258399e-08 9.16871136379e-08
19.8 -1.62119258399e-08 8.33729892654e-08
19.9 -1.62119258399e-08 7.57611942846e-08
20 -1.62119258399e-08 6.87584559532e-08
