"Time" "Prey" "Predator"
0 0.931359779981 14.894114598
0.1 0.142911782974 14.0504747253
0.2 0.0254967664431 12.79914319
0.3 0.00536519553481 11.5959204483
0.4 0.00131662815315 10.4954111332
0.5 0.000371592561851 9.4973425263
0.6 0.000118969336399 8.59373972288
0.7 4.27383720111e-05 7.77599461946
0.8 1.71341320277e-05 7.03603320803
0.9 7.467140722e-06 6.36647669487
1 3.55777274951e-06 5.76063475992
1.1 1.82215206793e-06 5.21244412296
1.2 9.9505728174e-07 4.71641534965
1.3 5.69702294539e-07 4.26758493049
1.4 3.69285160631e-07 3.86146900396
1.5 2.47456364376e-07 3.49400102073
1.6 1.67244293314e-07 3.16150217979
1.7 1.23870141249e-07 2.86064344894
1.8 1.04312031762e-07 2.58841413542
1.9 9.24131255163e-08 2.34209892043
2 8.53712577076e-08 2.11922524221
2.1 5.78982364441e-08 1.91755083687
2.2 5.06355661218e-08 1.73507225369
2.3 4.61263744591e-08 1.56995904731
2.4 3.97113317378e-08 1.4205576908
2.5 3.48790444933e-08 1.28537370909
2.6 3.20312993779e-08 1.16305437507
2.7 2.96067400946e-08 1.05237519651
2.8 2.758601382e-08 0.952228519067
2.9 2.6033055409e-08 0.8616123065
3 2.49465126563e-08 0.779619176945
3.1 2.41877544127e-08 0.705428803666
3.2 2.36356174649e-08 0.638298494602
3.3 2.32958376695e-08 0.577556460399
3.4 2.31441303148e-08 0.522594863536
3.5 2.31526580214e-08 0.472863444612
3.6 2.33076196298e-08 0.427864657528
3.7 2.35979782608e-08 0.387148029197
3.8 2.40156868316e-08 0.350306079499
3.9 2.45553305384e-08 0.316970163309
4 2.52134503015e-08 0.28680644257
4.1 2.59882976149e-08 0.259512865392
4.2 2.68799822745e-08 0.234816797775
4.3 2.78895425564e-08 0.212470960478
4.4 2.9019224092e-08 0.192251689581
4.5 3.02722481693e-08 0.173956553326
4.6 3.16527727979e-08 0.15740240722
4.7 3.31658405371e-08 0.142423549835
4.8 3.48173505316e-08 0.128870140075
4.9 3.66140123749e-08 0.116606534999
5 3.85633474542e-08 0.10550996418
5.1 4.06736920097e-08 0.0954693512202
5.2 4.29542117633e-08 0.0863842283784
5.3 4.5414914416e-08 0.0781636301916
5.4 4.80666903813e-08 0.0707253061406
5.5 5.0921349735e-08 0.0639949092021
5.6 5.39916326171e-08 0.0579049806206
5.7 5.72912911182e-08 0.0523946020421
5.8 6.08351256101e-08 0.0474085939566
5.9 6.46390484942e-08 0.0428970483864
6 6.87201520524e-08 0.0388148564772
6.1 7.30967747157e-08 0.0351211148232
6.2 7.77885832399e-08 0.0317788969104
6.3 8.28166550876e-08 0.0287547390737
6.4 8.82035684638e-08 0.026018360805
6.5 9.39735011299e-08 0.023542390198
6.6 1.00152339894e-07 0.0213020234167
6.7 1.0676778772e-07 0.0192748644481
6.8 1.13849491696e-07 0.0174406167197
6.9 1.21429169805e-07 0.0157809170112
7 1.29540750159e-07 0.0142791681377
7.1 1.38220528428e-07 0.0129203227618
7.2 1.47507317043e-07 0.0116907915783
7.3 1.5744262899e-07 0.0105782634258
7.4 1.68070855237e-07 0.00957160299494
7.5 1.79439459402e-07 0.00866074583312
7.6 1.91599201584e-07 0.00783656546658
7.7 2.04604343952e-07 0.00709081753021
7.8 2.18512923735e-07 0.00641602623513
7.9 2.33386978167e-07 0.00580543932971
8 2.49292794482e-07 0.00525297397154
8.1 2.66301328954e-07 0.00475310344874
8.2 2.84488403419e-07 0.00430081421123
8.3 3.03934940955e-07 0.00389155591308
8.4 3.24727646158e-07 0.00352124611311
8.5 3.46959199866e-07 0.00318618956961
8.6 3.70728440871e-07 0.00288299480099
8.7 3.96141272183e-07 0.00260863688659
8.8 4.23310957347e-07 0.00236039790751
8.9 4.52358252104e-07 0.00213577419714
9 4.83412492361e-07 0.00193252208936
9.1 5.16612063611e-07 0.0017486259745
9.2 5.52104486527e-07 0.00158222566075
9.3 5.90047702585e-07 0.00143165284709
9.4 6.30610787335e-07 0.00129541840224
9.5 6.7397395808e-07 0.00117214525913
9.6 7.20330185123e-07 0.00106059875349
9.7 7.69886154962e-07 0.00095968075936
9.8 8.22861981819e-07 0.000868369413272
9.9 8.79492608361e-07 0.000785727835221
10 9.40030777413e-07 0.000710950784231
10.1 1.00474587422e-06 0.000643295108935
10.2 1.07392501233e-06 0.000582073333669
10.3 1.14787584195e-06 0.000526671664561
10.4 1.22692824438e-06 0.000476549290716
10.5 1.31143332347e-06 0.000431200304254
10.6 1.40176585893e-06 0.000390161084785
10.7 1.49832887976e-06 0.000353030485645
10.8 1.60155197375e-06 0.000319437837408
10.9 1.71189300031e-06 0.000289039302021
11 1.82984257602e-06 0.00026152890579
11.1 1.95592678656e-06 0.000236639221568
11.2 2.09070554086e-06 0.000214119292839
11.3 2.234781231e-06 0.000193733441767
11.4 2.38878302765e-06 0.000175299962033
11.5 2.55340833086e-06 0.000158618939113
11.6 2.72938441404e-06 0.000143524049762
11.7 2.91749797788e-06 0.000129866027297
11.8 3.11859439362e-06 0.000117511997075
11.9 3.33356530677e-06 0.000106334591362
12 3.56335488027e-06 9.62174314291e-05
12.1 3.8089697479e-06 8.70555295556e-05
12.2 4.0715434076e-06 7.87578798807e-05
12.3 4.3522486149e-06 7.12439335759e-05
12.4 4.6523129407e-06 6.44442248096e-05
12.5 4.97302778375e-06 5.83007333601e-05
12.6 5.31583614216e-06 5.27503501424e-05
12.7 5.68232538964e-06 4.77262380284e-05
12.8 6.07410888529e-06 4.31801342943e-05
12.9 6.49288559787e-06 3.90711185425e-05
13 6.94046651179e-06 3.53631238453e-05
13.1 7.41894538494e-06 3.20088528723e-05
13.2 7.93046643676e-06 2.89716596151e-05
13.3 8.47726560202e-06 2.62216636386e-05
13.4 9.06169443056e-06 2.37334989459e-05
13.5 9.68538997406e-06 2.14603941792e-05
13.6 1.03539642791e-05 1.94344469763e-05
13.7 1.10681258189e-05 1.75892497006e-05
13.8 1.18312848652e-05 1.5915775402e-05
13.9 1.26469919854e-05 1.44039425706e-05
14 1.35197043443e-05 1.30368550618e-05
14.1 1.44533833318e-05 1.18013433306e-05
14.2 1.54518497265e-05 1.06852947642e-05
14.3 1.65189243075e-05 9.67659674975e-06
14.4 1.76584278534e-05 8.76313667432e-06
14.5 1.8876385241e-05 7.93685240453e-06
14.6 2.0179930461e-05 7.19172003011e-06
14.7 2.15743622927e-05 6.51834306545e-06
14.8 2.30649790283e-05 5.90732413023e-06
14.9 2.46570789603e-05 5.34926584412e-06
15 2.63567694941e-05 4.83637903947e-06
15.1 2.81753875557e-05 4.37126887167e-06
15.2 3.01214105359e-05 3.95085681415e-06
15.3 3.22025046239e-05 3.57045197584e-06
15.4 3.44263360087e-05 3.22536346566e-06
15.5 3.68005708795e-05 2.91090039256e-06
15.6 3.95076921398e-05 2.58362627813e-06
15.7 4.2133831848e-05 2.34867444204e-06
15.8 4.49883394912e-05 2.13007089387e-06
15.9 4.80712150695e-05 1.92781563363e-06
16 5.13824585828e-05 1.7419086613e-06
16.1 5.49293380844e-05 1.57206480474e-06
16.2 5.87582927586e-05 1.4164619581e-06
16.3 6.28775542687e-05 1.27477714066e-06
16.4 6.72871226148e-05 1.1470103524e-06
16.5 7.19869977968e-05 1.03316159334e-06
16.6 7.69771798147e-05 9.33230863466e-07
16.7 8.22945370847e-05 8.45436446234e-07
16.8 8.80341125132e-05 7.65185263405e-07
16.9 9.42007309946e-05 6.92244145372e-07
17 0.000100794392529 6.26613092135e-07
17.1 0.000107815097116 5.68292103693e-07
17.2 0.000115262844756 5.17281180047e-07
17.3 0.000122599431455 4.83891290444e-07
17.4 0.000131524798821 4.35554773113e-07
17.5 0.000140947209108 3.93187255698e-07
17.6 0.000150901940087 3.56112882888e-07
17.7 0.000161424269531 3.23655799374e-07
17.8 0.000172552425659 2.95148445754e-07
17.9 0.000184401959594 2.70140674958e-07
18 0.000197065157354 2.48116924357e-07
18.1 0.000210605498703 2.28480635464e-07
18.2 0.000225086463402 2.10635249791e-07
18.3 0.000240571531215 1.93984208852e-07
18.4 0.000257124181904 1.7793095416e-07
18.5 0.000274807895233 1.61878927226e-07
18.6 0.000293711814088 1.45831780047e-07
18.7 0.000313972085089 1.30892490479e-07
18.8 0.000335677001737 1.17044845029e-07
18.9 0.00035891245032 1.04216330214e-07
19 0.000383764317127 9.2334432552e-08
19.1 0.000410318488445 8.13266385595e-08
19.2 0.000438660850563 7.11204347543e-08
19.3 0.000468885290574 6.16534745652e-08
19.4 0.00050123433643 5.30522947211e-08
19.5 0.000535894506631 4.53722587196e-08
19.6 0.000573004537802 3.86080119095e-08
19.7 0.000612703166572 3.27541996392e-08
19.8 0.000655129129565 2.78054672573e-08
19.9 0.00070042116341 2.37564601125e-08
20 0.000748718004732 2.06018235534e-08
