"Time" "Prey" "Predator"
0 0 4.14447163892
0.1 0 3.75007686871
0.2 0 3.39321059755
0.3 0 3.07030479194
0.4 0 2.77812567707
0.5 0 2.51375096361
0.6 0 2.27453561294
0.7 0 2.05808463185
0.8 0 1.86223007721
0.9 0 1.68501340559
1 0 1.52466696042
1.1 0 1.37957989324
1.2 0 1.24829322717
1.3 0 1.12950260481
1.4 0 1.02201682682
1.5 0 0.924759126281
1.6 0 0.836756613131
1.7 0 0.757128757892
1.8 0 0.685078527105
1.9 0 0.619884737564
2 0 0.560895056698
2.1 0 0.507518999287
2.2 0 0.459222337865
2.3 0 0.415521616234
2.4 0 0.375979649247
2.5 0 0.340200505095
2.6 0 0.307826246224
2.7 0 0.278532776565
2.8 0 0.252026929696
2.9 0 0.228043479205
3 0 0.206342304281
3.1 0 0.186706331789
3.2 0 0.168938827842
3.3 0 0.152861892946
3.4 0 0.138315044236
3.5 0 0.125152579464
3.6 0 0.113242745067
3.7 0 0.102466308688
3.8 0 0.0927153616535
3.9 0 0.083892307116
4 0 0.0759088683731
4.1 0 0.0686851943006
4.2 0 0.062148944188
4.3 0 0.0562346901044
4.4 0 0.0508832366625
4.5 0 0.0460410431039
4.6 0 0.0416596131092
4.7 0 0.037695162281
4.8 0 0.0341079974159
4.9 0 0.0308621924262
5 0 0.0279252738887
5.1 0 0.025267820421
5.2 0 0.0228632647522
5.3 0 0.02068753193
5.4 0 0.0187188428471
5.5 0 0.0169375147568
5.6 0 0.0153256967821
5.7 0 0.0138672654795
5.8 0 0.0125476173292
5.9 0 0.011353545496
6 0 0.0102731134292
6.1 0 0.00929549505031
6.2 0 0.00841091161933
6.3 0 0.00761049688891
6.4 0 0.00688624121982
6.5 0 0.00623092608973
6.6 0 0.00563799288663
6.7 0 0.00510149608132
6.8 0 0.0046160402818
6.9 0 0.00417679081529
7 0 0.00377935177373
7.1 0 0.00341970175931
7.2 0 0.00309427380165
7.3 0 0.00279982305414
7.4 0 0.00253337766469
7.5 0 0.00229229485496
7.6 0 0.00207416480385
7.7 0 0.00187677875612
7.8 0 0.00169818064266
7.9 0 0.00153658478711
8 0 0.00139035645321
8.1 0 0.00125805498811
8.2 0 0.00113835645329
8.3 0 0.00103003684884
8.4 0 0.000932006189657
8.5 0 0.000843311944617
8.6 0 0.000763060175916
8.7 0 0.000690433119516
8.8 0 0.000624721122393
8.9 0 0.000565270314878
9 0 0.0005114755533
9.1 0 0.000462796248342
9.2 0 0.000418756742156
9.3 0 0.000378910504049
9.4 0 0.000342847801992
9.5 0 0.0003102172885
9.6 0 0.000280694814292
9.7 0 0.000253980594848
9.8 0 0.000229803498711
9.9 0 0.000207936304782
10 0 0.000188149368565
10.1 0 0.000170243114406
10.2 0 0.000154045508413
10.3 0 0.000139392886968
10.4 0 0.000126133250356
10.5 0 0.000114128285697
10.6 0 0.000103255673246
10.7 0 9.34089645162e-05
10.8 0 8.44943767278e-05
10.9 0 7.64323932307e-05
11 0 6.91533703657e-05
11.1 0 6.25682861528e-05
11.2 0 5.66082127867e-05
11.3 0 5.12175353315e-05
11.4 0 4.63497866739e-05
11.5 0 4.19536402334e-05
11.6 0 3.79736502068e-05
11.7 0 3.43697203945e-05
11.8 0 3.11073840833e-05
11.9 0 2.81115343536e-05
12 0 2.5468451698e-05
12.1 0 2.30563162472e-05
12.2 0 2.0863879578e-05
12.3 0 1.88798932673e-05
12.4 0 1.70874414921e-05
12.5 0 1.54666056787e-05
12.6 0 1.40022893527e-05
12.7 0 1.26793984036e-05
12.8 0 1.14828387209e-05
12.9 0 1.03986442487e-05
13 0 9.42032918197e-06
13.1 0 8.53736459727e-06
13.2 0 7.73803829993e-06
13.3 0 7.01063809534e-06
13.4 0 6.34345178886e-06
13.5 0 5.73341159214e-06
13.6 0 5.1820297712e-06
13.7 0 4.6834635105e-06
13.8 0 4.23186638907e-06
13.9 0 3.82139198594e-06
14 0 3.3755806328e-06
14.1 0 3.07246168812e-06
14.2 0 2.78971812744e-06
14.3 0 2.52734995074e-06
14.4 0 2.28535715804e-06
14.5 0 2.06373974933e-06
14.6 0 1.86104658949e-06
14.7 0 1.67570032438e-06
14.8 0 1.50770027518e-06
14.9 0 1.35704644191e-06
15 0 1.22373882456e-06
15.1 0 1.10756179917e-06
15.2 0 1.00294417701e-06
15.3 0 9.07437054239e-07
15.4 0 8.21040430862e-07
15.5 0 7.43754306877e-07
15.6 0 6.75578682285e-07
15.7 0 6.15958297703e-07
15.8 0 5.61262665172e-07
15.9 0 5.10833987097e-07
16 0 4.64672263479e-07
16.1 0 4.22777494319e-07
16.2 0 3.85149679615e-07
16.3 0 3.51292663011e-07
16.4 0 3.19903200951e-07
16.5 0 2.90912610366e-07
16.6 0 2.64320891256e-07
16.7 0 2.40128043622e-07
16.8 0 2.18334067462e-07
16.9 0 1.98512003082e-07
17 0 1.8019775403e-07
17.1 0 1.63391120589e-07
17.2 0 1.48092102758e-07
17.3 0 1.34300700539e-07
17.4 0 1.22000928034e-07
17.5 0 1.10779749321e-07
17.6 0 1.00455607946e-07
17.7 0 9.1028503911e-08
17.8 0 8.24984372149e-08
17.9 0 7.4865407858e-08
18 0 6.80841594004e-08
18.1 0 6.18587887651e-08
18.2 0 5.61356821311e-08
18.3 0 5.09148394984e-08
18.4 0 4.6196260867e-08
18.5 0 4.19799462368e-08
18.6 0 3.61268960892e-08
18.7 0 2.98115925424e-08
18.8 0 2.38034192807e-08
18.9 0 1.8102376304e-08
19 0 1.27084636123e-08
19.1 0 7.62168120561e-09
19.2 0 2.84202908398e-09
19.3 0 -1.63049275263e-09
19.4 0 -5.79588430421e-09
19.5 0 -9.65414557077e-09
19.6 0 -1.32052765523e-08
19.7 0 -1.64492772488e-08
19.8 0 -1.93861476603e-08
19.9 0 -2.20158877867e-08
20 0 -2.43384976281e-08
