"Time" "Prey" "Predator"
0 1e-06 9.15533384393
0.1 3.38474903823e-07 8.28409751475
0.2 1.2533578919e-07 7.49576261175
0.3 5.13727093009e-08 6.7824480909
0.4 2.19276899418e-08 6.13701023816
0.5 1.41740266564e-08 5.55299494901
0.6 8.03365277091e-09 5.02455721663
0.7 4.1646570625e-09 4.54640657533
0.8 5.44549372694e-09 4.1137536724
0.9 7.44900826629e-09 3.7222770297
1 1.07677063851e-08 3.36806578687
1.1 7.22457818032e-09 3.04755424078
1.2 2.40816884995e-09 2.75753764205
1.3 4.390450585e-09 2.49512507022
1.4 3.85893755632e-09 2.25768275307
1.5 2.8366539799e-09 2.04283576999
1.6 2.23866263426e-09 1.84843426321
1.7 2.22336238943e-09 1.67253273719
1.8 1.83370202474e-09 1.51337028912
1.9 1.56138813707e-09 1.36935423581
2 1.35861305187e-09 1.23904330966
2.1 1.28424873689e-09 1.12113298878
2.2 1.20381842746e-09 1.01444321124
2.3 1.11636497709e-09 0.917906427423
2.4 1.06335036716e-09 0.830556194325
2.5 1.02528874201e-09 0.751518465948
2.6 9.96382028346e-10 0.680002201239
2.7 9.76922192253e-10 0.615291506474
2.8 9.65631573257e-10 0.556738914073
2.9 9.61912175647e-10 0.50375828831
3 9.64717385726e-10 0.455819422975
3.1 9.73396891813e-10 0.412442154526
3.2 9.8758165135e-10 0.373192780595
3.3 1.00686011513e-09 0.33767872526
3.4 1.03114826583e-09 0.305544326558
3.5 1.06032029755e-09 0.276467978771
3.6 1.09434798915e-09 0.250158579654
3.7 1.13324348554e-09 0.226352803103
3.8 1.17707172508e-09 0.204812462383
3.9 1.2259407342e-09 0.18532198863
4 1.28000065587e-09 0.167686276291
4.1 1.33943857117e-09 0.151728798479
4.2 1.40447742404e-09 0.137289875985
4.3 1.47537412763e-09 0.124224927098
4.4 1.55242089351e-09 0.11240326497
4.5 1.63594417638e-09 0.101706685623
4.6 1.72630219403e-09 0.0920279919085
4.7 1.82388987757e-09 0.0832703855683
4.8 1.92913663833e-09 0.0753461514012
4.9 2.04250916449e-09 0.0681759897233
5 2.16451291853e-09 0.0616881878315
5.1 2.29569313157e-09 0.0558177465972
5.2 2.43663791513e-09 0.0505059872011
5.3 2.58797972579e-09 0.0456997092715
5.4 2.75039828194e-09 0.0413508022822
5.5 2.92462341465e-09 0.0374157575123
5.6 3.11143802695e-09 0.0338551575911
5.7 3.3116815017e-09 0.0306334113382
5.8 3.52625329742e-09 0.0277182512203
5.9 3.75611679207e-09 0.025080502626
6 4.00230351855e-09 0.0226937825356
6.1 4.26591775205e-09 0.0205341778518
6.2 4.54814114253e-09 0.0185800936345
6.3 4.85023823865e-09 0.0168119590296
6.4 5.17356180505e-09 0.0152120819724
6.5 5.51955886158e-09 0.013764463152
6.6 5.88977728888e-09 0.0124545973948
6.7 6.28587225579e-09 0.0112693870268
6.8 6.7096140991e-09 0.0101969616477
6.9 7.16289575311e-09 0.00922658907394
7 7.64774125082e-09 0.00834856375831
7.1 8.16631504646e-09 0.00755408904891
7.2 8.72093096221e-09 0.00683522265135
7.3 9.31406325435e-09 0.00618476471664
7.4 9.94835699852e-09 0.00559620510584
7.5 1.06266399747e-08 0.00506365631135
7.6 1.13519357873e-08 0.00458178365011
7.7 1.21274763365e-08 0.00414576812075
7.8 1.29567183121e-08 0.00375123408087
7.9 1.38433557734e-08 0.00339423598547
8 1.47913350207e-08 0.00307122387978
8.1 1.58048804564e-08 0.00277897076868
8.2 1.68885086284e-08 0.00251454121956
8.3 1.80470374838e-08 0.00227527570587
8.4 1.928561885e-08 0.00205876782806
8.5 2.06097797083e-08 0.00186287665795
8.6 2.20254078614e-08 0.0016856279837
8.7 2.35387882824e-08 0.00152521615275
8.8 2.51566725264e-08 0.00138006724943
8.9 2.68862609285e-08 0.00124873746009
9 2.87352306513e-08 0.00112989732577
9.1 3.07118159499e-08 0.00102236545327
9.2 3.28248238297e-08 0.000925078428229
9.3 3.5083637641e-08 0.000837049699275
9.4 3.74983232314e-08 0.000757378399107
9.5 4.00795649316e-08 0.00068531309791
9.6 4.28389145208e-08 0.000620101285347
9.7 4.57886065252e-08 0.000561086111903
9.8 4.89418742676e-08 0.000507694154197
9.9 5.23127501124e-08 0.000459387311756
10 5.5916101423e-08 0.000415671465761
10.1 5.97678363158e-08 0.000376100787439
10.2 6.38855029451e-08 0.000340277749501
10.3 6.8287351353e-08 0.000307853108239
10.4 7.29925944565e-08 0.000278525908509
10.5 7.80219686085e-08 0.000252016608307
10.6 8.33985696814e-08 0.000228023473624
10.7 8.91461603341e-08 0.000206310861301
10.8 9.52897639559e-08 0.000186678242448
10.9 1.01856650861e-07 0.000168931337368
11 1.08876903986e-07 0.000152866060675
11.1 1.16381466695e-07 0.000138323925962
11.2 1.24382900268e-07 0.000125020237504
11.3 1.32971257673e-07 0.000113222662076
11.4 1.42142470337e-07 0.000102481360206
11.5 1.51941984621e-07 9.27321532391e-05
11.6 1.62415357683e-07 8.39106312633e-05
11.7 1.73615739363e-07 7.59365368562e-05
11.8 1.85596445633e-07 6.87292658391e-05
11.9 1.9840736403e-07 6.22153698936e-05
12 2.12098382093e-07 5.63214007014e-05
12.1 2.26722125358e-07 5.09770045661e-05
12.2 2.42363401011e-07 4.61482010776e-05
12.3 2.59095444259e-07 4.17879306039e-05
12.4 2.76984390103e-07 3.78411085114e-05
12.5 2.96096373543e-07 3.42526501662e-05
12.6 3.16508756525e-07 3.09780154969e-05
12.7 3.38346104564e-07 2.80169989384e-05
12.8 3.61704267261e-07 2.53424243828e-05
12.9 3.86674359723e-07 2.2922668996e-05
13 4.1334749706e-07 2.0726109944e-05
13.1 4.43145015167e-07 1.8523381031e-05
13.2 4.72878875193e-07 1.68461708059e-05
13.3 5.05103894128e-07 1.52866065369e-05
13.4 5.39820071971e-07 1.3844688224e-05
13.5 5.77027836622e-07 1.25204054533e-05
13.6 6.17075229151e-07 1.13052877858e-05
13.7 6.60264381841e-07 1.01919820865e-05
13.8 7.06595294692e-07 9.18048835546e-06
13.9 7.56067967704e-07 8.27080659256e-06
14 8.08682400877e-07 7.46293679786e-06
14.1 8.64499255114e-07 6.75499622831e-06
14.2 9.24561243123e-07 6.11462202759e-06
14.3 9.89245447966e-07 5.53011060293e-06
14.4 1.05855186964e-06 5.00146195432e-06
14.5 1.13248050815e-06 4.52867608177e-06
14.6 1.2110313635e-06 4.11175298527e-06
14.7 1.29452024538e-06 3.74649779311e-06
14.8 1.38459150242e-06 3.41106877133e-06
14.9 1.48148129267e-06 3.10232905411e-06
15 1.58518961611e-06 2.82027864143e-06
15.1 1.69571647276e-06 2.56491753331e-06
15.2 1.81306186261e-06 2.33624572974e-06
15.3 1.93822164104e-06 2.13056662258e-06
15.4 2.07334808965e-06 1.93989095786e-06
15.5 2.21851479701e-06 1.7639455753e-06
15.6 2.37372176312e-06 1.60273047488e-06
15.7 2.53896898799e-06 1.45624565662e-06
15.8 2.71425958946e-06 1.32448743862e-06
15.9 2.90213053647e-06 1.20445989465e-06
16 3.10478421762e-06 1.09356220703e-06
16.1 3.32222063289e-06 9.91794375742e-07
16.2 3.5544397823e-06 8.99156400792e-07
16.3 3.80144166584e-06 8.15648282178e-07
16.4 4.0635123852e-06 7.41119337788e-07
16.5 4.34557011562e-06 6.72979296039e-07
16.6 4.64939351003e-06 6.10291387927e-07
16.7 4.97498256844e-06 5.53055613452e-07
16.8 5.32233729084e-06 5.01271972614e-07
16.9 5.69145767723e-06 4.54940465413e-07
17 6.08382204527e-06 4.13719068412e-07
17.1 6.50712802997e-06 3.75826857462e-07
17.2 6.96248120944e-06 3.41008046114e-07
17.3 7.44988158367e-06 3.09262634367e-07
17.4 7.96932915266e-06 2.80590622223e-07
17.5 8.52082391641e-06 2.54992009682e-07
17.6 9.10904490301e-06 2.32050030082e-07
17.7 9.74410549303e-06 2.10863872451e-07
17.8 1.04263515481e-05 1.91402730479e-07
17.9 1.11557830681e-05 1.73666604165e-07
18 1.19324000532e-05 1.57655493511e-07
18.1 1.27562171279e-05 1.43368917569e-07
18.2 1.36391570707e-05 1.30414782341e-07
18.3 1.45915716769e-05 1.18452657377e-07
18.4 1.56134609464e-05 1.07482542678e-07
18.5 1.67048248794e-05 9.75044382427e-08
18.6 1.78656634757e-05 8.85183440724e-08
18.7 1.90977680188e-05 8.05079927938e-08
18.8 2.04319402889e-05 7.31936609175e-08
18.9 2.18793214707e-05 6.64741708136e-08
19 2.34399115644e-05 6.03495224821e-08
19.1 2.51137105699e-05 5.48197159231e-08
19.2 2.69007184871e-05 4.98847511365e-08
19.3 2.88009353162e-05 4.55446281224e-08
19.4 3.08143610572e-05 4.17993468807e-08
19.5 3.29409957099e-05 3.86489074114e-08
19.6 3.52006148862e-05 3.60042633206e-08
19.7 3.76587032077e-05 3.35705479082e-08
19.8 4.03204497265e-05 3.13243957076e-08
19.9 4.31858544428e-05 2.92658067189e-08
20 4.62549173564e-05 2.73947809421e-08
