"Time" "Prey" "Predator"
0 0.931359779981 26.6954502598
0.1 0.0315161129832 24.7937534226
0.2 0.00144651522785 22.4557280818
0.3 8.94820968405e-05 20.3197531742
0.4 7.31163483531e-06 18.3861322194
0.5 7.40199107467e-07 16.6364658991
0.6 9.35801400237e-08 15.0532982006
0.7 -1.62622831108e-09 13.6207892346
0.8 -2.33396700943e-08 12.32459221
0.9 -2.91910168713e-08 11.1517495015
1 -2.9386413895e-08 10.0905181786
1.1 -2.9386413895e-08 9.13027647614
1.2 -2.9386413895e-08 8.26141241356
1.3 -2.9386413895e-08 7.47523657012
1.4 -2.9386413895e-08 6.76388275756
1.5 -2.9386413895e-08 6.12021114193
1.6 -2.9386413895e-08 5.53779665012
1.7 -2.9386413895e-08 5.01080624483
1.8 -2.9386413895e-08 4.53396510796
1.9 -2.9386413895e-08 4.10250138608
2 -2.9386413895e-08 3.71209706853
2.1 -2.9386413895e-08 3.35884446842
2.2 -2.9386413895e-08 3.03920837153
2.3 -2.9386413895e-08 2.74998969899
2.4 -2.9386413895e-08 2.48829282798
2.5 -2.9386413895e-08 2.25150015552
2.6 -2.9386413895e-08 2.03724136889
2.7 -2.9386413895e-08 1.84337227434
2.8 -2.9386413895e-08 1.66795220866
2.9 -2.9386413895e-08 1.50922547587
3 -2.9386413895e-08 1.36560367832
3.1 -2.9386413895e-08 1.23564930093
3.2 -2.9386413895e-08 1.11806168617
3.3 -2.9386413895e-08 1.01166396074
3.4 -2.9386413895e-08 0.915390951044
3.5 -2.9386413895e-08 0.82827972267
3.6 -2.9386413895e-08 0.749458337628
3.7 -2.9386413895e-08 0.678137705652
3.8 -2.9386413895e-08 0.613604431007
3.9 -2.9386413895e-08 0.555212087623
4 -2.9386413895e-08 0.502376672122
4.1 -2.9386413895e-08 0.454569088666
4.2 -2.9386413895e-08 0.411311008117
4.3 -2.9386413895e-08 0.372169604742
4.4 -2.9386413895e-08 0.336752894831
4.5 -2.9386413895e-08 0.304706651352
4.6 -2.9386413895e-08 0.275709897367
4.7 -2.9386413895e-08 0.249472607688
4.8 -2.9386413895e-08 0.225732115771
4.9 -2.9386413895e-08 0.204250798802
5 -2.9386413895e-08 0.184813782394
5.1 -2.9386413895e-08 0.167226377207
5.2 -2.9386413895e-08 0.151312691027
5.3 -2.9386413895e-08 0.136913349237
5.4 -2.9386413895e-08 0.123884297804
5.5 -2.9386413895e-08 0.112095143455
5.6 -2.9386413895e-08 0.101427846504
5.7 -2.9386413895e-08 0.0917757144525
5.8 -2.9386413895e-08 0.0830420540709
5.9 -2.9386413895e-08 0.0751395429742
6 -2.9386413895e-08 0.0679890653105
6.1 -2.9386413895e-08 0.0615190274792
6.2 -2.9386413895e-08 0.0556647295188
6.3 -2.9386413895e-08 0.0503675132112
6.4 -2.9386413895e-08 0.0455744069046
6.5 -2.9386413895e-08 0.0412374235859
6.6 -2.9386413895e-08 0.0373131453025
6.7 -2.9386413895e-08 0.0337623365746
6.8 -2.9386413895e-08 0.0305494172351
6.9 -2.9386413895e-08 0.0276422553942
7 -2.9386413895e-08 0.0250117448962
7.1 -2.9386413895e-08 0.0226315517202
7.2 -2.9386413895e-08 0.0204778777899
7.3 -2.9386413895e-08 0.0185291431578
7.4 -2.9386413895e-08 0.0167658610615
7.5 -2.9386413895e-08 0.015170378112
7.6 -2.9386413895e-08 0.0137267205171
7.7 -2.9386413895e-08 0.0124204523387
7.8 -2.9386413895e-08 0.0112384854175
7.9 -2.9386413895e-08 0.0101689986018
8 -2.9386413895e-08 0.00920129215026
8.1 -2.9386413895e-08 0.00832567018654
8.2 -2.9386413895e-08 0.00753337488609
8.3 -2.9386413895e-08 0.00681645999232
8.4 -2.9386413895e-08 0.00616776924142
8.5 -2.9386413895e-08 0.00558083714561
8.6 -2.9386413895e-08 0.00504977477376
8.7 -2.9386413895e-08 0.0045692526173
8.8 -2.9386413895e-08 0.0041344450941
8.9 -2.9386413895e-08 0.00374103222939
9 -2.9386413895e-08 0.00338505308716
9.1 -2.9386413895e-08 0.00306291663297
9.2 -2.9386413895e-08 0.00277144521821
9.3 -2.9386413895e-08 0.00250771220283
9.4 -2.9386413895e-08 0.00226906269795
9.5 -2.9386413895e-08 0.00205313810995
9.6 -2.9386413895e-08 0.00185776464841
9.7 -2.9386413895e-08 0.00168096952376
9.8 -2.9386413895e-08 0.00152100821035
9.9 -2.9386413895e-08 0.0013762702595
10 -2.9386413895e-08 0.00124529776666
10.1 -2.9386413895e-08 0.00112680406253
10.2 -2.9386413895e-08 0.00101959362373
10.3 -2.9386413895e-08 0.000922565356081
10.4 -2.9386413895e-08 0.000834764741515
10.5 -2.9386413895e-08 0.000755326089578
10.6 -2.9386413895e-08 0.000683444907956
10.7 -2.9386413895e-08 0.000618393952799
10.8 -2.9386413895e-08 0.000559540774647
10.9 -2.9386413895e-08 0.000506293856653
11 -2.9386413895e-08 0.000458108798251
11.1 -2.9386413895e-08 0.000414510663086
11.2 -2.9386413895e-08 0.00037506744542
11.3 -2.9386413895e-08 0.000339376851372
11.4 -2.9386413895e-08 0.000307075331849
11.5 -2.9386413895e-08 0.000277850369892
11.6 -2.9386413895e-08 0.000251408466133
11.7 -2.9386413895e-08 0.000227470484742
11.8 -2.9386413895e-08 0.000205827908312
11.9 -2.9386413895e-08 0.000186241878618
12 -2.9386413895e-08 0.000168518817371
12.1 -2.9386413895e-08 0.000152481360283
12.2 -2.9386413895e-08 0.000137975193225
12.3 -2.9386413895e-08 0.000124851457148
12.4 -2.9386413895e-08 0.000112973650818
12.5 -2.9386413895e-08 0.000102218103513
12.6 -2.9386413895e-08 9.24770746004e-05
12.7 -2.9386413895e-08 8.36556063089e-05
12.8 -2.9386413895e-08 7.56711820332e-05
12.9 -2.9386413895e-08 6.84544766916e-05
13 -2.9386413895e-08 6.19373103677e-05
13.1 -2.9386413895e-08 5.60385758394e-05
13.2 -2.9386413895e-08 5.07004586624e-05
13.3 -2.9386413895e-08 4.58742276599e-05
13.4 -2.9386413895e-08 4.15185704131e-05
13.5 -2.9386413895e-08 3.75805549291e-05
13.6 -2.9386413895e-08 3.40149606511e-05
13.7 -2.9386413895e-08 3.07863772676e-05
13.8 -2.9386413895e-08 2.78645958192e-05
13.9 -2.9386413895e-08 2.51912015231e-05
14 -2.9386413895e-08 2.28164025282e-05
14.1 -2.9386413895e-08 2.06518437616e-05
14.2 -2.9386413895e-08 1.86871225283e-05
14.3 -2.9386413895e-08 1.69113871821e-05
14.4 -2.9386413895e-08 1.53060539908e-05
14.5 -2.9386413895e-08 1.38549590316e-05
14.6 -2.9386413895e-08 1.25441442201e-05
14.7 -2.9386413895e-08 1.13596514718e-05
14.8 -2.9386413895e-08 1.02875227026e-05
14.9 -2.9386413895e-08 9.31680161141e-06
15 -2.9386413895e-08 8.44145455511e-06
15.1 -2.9386413895e-08 7.65082331224e-06
15.2 -2.9386413895e-08 6.93407797943e-06
15.3 -2.9386413895e-08 6.28038865335e-06
15.4 -2.9386413895e-08 5.67961031715e-06
15.5 -2.9386413895e-08 5.13339346388e-06
15.6 -2.9386413895e-08 4.6396971007e-06
15.7 -2.9386413895e-08 4.1931151678e-06
15.8 -2.9386413895e-08 3.78824160537e-06
15.9 -2.9386413895e-08 3.41967035362e-06
16 -2.9386413895e-08 3.02992541644e-06
16.1 -2.9386413895e-08 2.7556450319e-06
16.2 -2.9386413895e-08 2.50020514458e-06
16.3 -2.9386413895e-08 2.26360575448e-06
16.4 -2.9386413895e-08 2.04584686161e-06
16.5 -2.9386413895e-08 1.8468043414e-06
16.6 -2.9386413895e-08 1.66449222733e-06
16.7 -2.9386413895e-08 1.49821985454e-06
16.8 -2.9386413895e-08 1.34798722301e-06
16.9 -2.9386413895e-08 1.21379433276e-06
17 -2.9386413895e-08 1.09564118378e-06
17.1 -2.9386413895e-08 9.9238549055e-07
17.2 -2.9386413895e-08 8.98333087674e-07
17.3 -2.9386413895e-08 8.12705084518e-07
17.4 -2.9386413895e-08 7.3550148108e-07
17.5 -2.9386413895e-08 6.66722277362e-07
17.6 -2.9386413895e-08 6.06367473361e-07
17.7 -2.9386413895e-08 5.53012020685e-07
17.8 -2.9386413895e-08 5.03693816013e-07
17.9 -2.9386413895e-08 4.58321228634e-07
18 -2.9386413895e-08 4.16894258548e-07
18.1 -2.9386413895e-08 3.79412905755e-07
18.2 -2.9386413895e-08 3.45875203523e-07
18.3 -2.9386413895e-08 3.15338948632e-07
18.4 -2.9386413895e-08 2.87020897805e-07
18.5 -2.9386413895e-08 2.60921051042e-07
18.6 -2.9386413895e-08 2.37039408342e-07
18.7 -2.9386413895e-08 2.15375969706e-07
18.8 -2.9386413895e-08 1.95894210961e-07
18.9 -2.9386413895e-08 1.78009753182e-07
19 -2.9386413895e-08 1.6151936535e-07
19.1 -2.9386413895e-08 1.46423047464e-07
19.2 -2.9386413895e-08 1.32720799525e-07
19.3 -2.9386413895e-08 1.20412621533e-07
19.4 -2.9386413895e-08 1.09413825973e-07
19.5 -2.9386413895e-08 9.93022550626e-08
19.6 -2.9386413895e-08 9.00201628964e-08
19.7 -2.9386413895e-08 8.15675494742e-08
19.8 -2.9386413895e-08 7.39444147959e-08
19.9 -2.9386413895e-08 6.71507588616e-08
20 -2.9386413895e-08 6.10704337195e-08
