"Time" "Prey" "Predator"
0 29.5734365019 13.1517191632
0.1 0.866142913477 32.4864357327
0.2 0.0140696910389 29.9955822084
0.3 0.000334130043853 27.1508372927
0.4 1.14275150572e-05 24.5673225597
0.5 5.38888409836e-07 22.2294089444
0.6 -5.80626661014e-08 20.1140408697
0.7 -3.32978560798e-08 18.1999416319
0.8 -3.32978560798e-08 16.4679905715
0.9 -3.32978560798e-08 14.9008558936
1 -3.32978560798e-08 13.4828432081
1.1 -3.32978560798e-08 12.1997775745
1.2 -3.32978560798e-08 11.0388131052
1.3 -3.32978560798e-08 9.98832909546
1.4 -3.32978560798e-08 9.03780940582
1.5 -3.32978560798e-08 8.1777481564
1.6 -3.32978560798e-08 7.39954566491
1.7 -3.32978560798e-08 6.69538267817
1.8 -3.32978560798e-08 6.0582322776
1.9 -3.32978560798e-08 5.48171650437
2 -3.32978560798e-08 4.96006237303
2.1 -3.32978560798e-08 4.48805010065
2.2 -3.32978560798e-08 4.06095598238
2.3 -3.32978560798e-08 3.67450508395
2.4 -3.32978560798e-08 3.32482999074
2.5 -3.32978560798e-08 3.00843147053
2.6 -3.32978560798e-08 2.72214180321
2.7 -3.32978560798e-08 2.46309609312
2.8 -3.32978560798e-08 2.22870206407
2.9 -3.32978560798e-08 2.0166132626
3 -3.32978560798e-08 1.82470746411
3.1 -3.32978560798e-08 1.65106397086
3.2 -3.32978560798e-08 1.49394462104
3.3 -3.32978560798e-08 1.35177727794
3.4 -3.32978560798e-08 1.22313878504
3.5 -3.32978560798e-08 1.10674175223
3.6 -3.32978560798e-08 1.00142067242
3.7 -3.32978560798e-08 0.906122574885
3.8 -3.32978560798e-08 0.819893459968
3.9 -3.32978560798e-08 0.741870328599
4 -3.32978560798e-08 0.671272035052
4.1 -3.32978560798e-08 0.607392043263
4.2 -3.32978560798e-08 0.549590970805
4.3 -3.32978560798e-08 0.497290485745
4.4 -3.32978560798e-08 0.44996704355
4.5 -3.32978560798e-08 0.407146994013
4.6 -3.32978560798e-08 0.368401801154
4.7 -3.32978560798e-08 0.33334355239
4.8 -3.32978560798e-08 0.301621449659
4.9 -3.32978560798e-08 0.272918367393
5 -3.32978560798e-08 0.246946666423
5.1 -3.32978560798e-08 0.223446590094
5.2 -3.32978560798e-08 0.202182833161
5.3 -3.32978560798e-08 0.182942517305
5.4 -3.32978560798e-08 0.165533249973
5.5 -3.32978560798e-08 0.149780597095
5.6 -3.32978560798e-08 0.135527072426
5.7 -3.32978560798e-08 0.122629974414
5.8 -3.32978560798e-08 0.110960165878
5.9 -3.32978560798e-08 0.100400929146
6 -3.32978560798e-08 0.0908464761875
6.1 -3.32978560798e-08 0.0822012787981
6.2 -3.32978560798e-08 0.0743787828408
6.3 -3.32978560798e-08 0.0673006756098
6.4 -3.32978560798e-08 0.0608961836493
6.5 -3.32978560798e-08 0.0551011325087
6.6 -3.32978560798e-08 0.0498575662435
6.7 -3.32978560798e-08 0.0451129844787
6.8 -3.32978560798e-08 0.0408198937743
6.9 -3.32978560798e-08 0.0369353731231
7 -3.32978560798e-08 0.0334204973225
7.1 -3.32978560798e-08 0.0302401165398
7.2 -3.32978560798e-08 0.0273623879813
7.3 -3.32978560798e-08 0.0247585023622
7.4 -3.32978560798e-08 0.0224024223433
7.5 -3.32978560798e-08 0.0202705409447
7.6 -3.32978560798e-08 0.0183415423002
7.7 -3.32978560798e-08 0.0165961134076
7.8 -3.32978560798e-08 0.0150167792613
7.9 -3.32978560798e-08 0.013587745527
8 -3.32978560798e-08 0.0122946963519
8.1 -3.32978560798e-08 0.0111246995385
8.2 -3.32978560798e-08 0.0100660302833
8.3 -3.32978560798e-08 0.00910809503603
8.4 -3.32978560798e-08 0.00824134560328
8.5 -3.32978560798e-08 0.00745710020621
8.6 -3.32978560798e-08 0.00674749402527
8.7 -3.32978560798e-08 0.00610540023505
8.8 -3.32978560798e-08 0.00552442712505
8.9 -3.32978560798e-08 0.00499873826771
9 -3.32978560798e-08 0.00452304095838
9.1 -3.32978560798e-08 0.00409262459329
9.2 -3.32978560798e-08 0.00370316450056
9.3 -3.32978560798e-08 0.00335075636514
9.4 -3.32978560798e-08 0.0030319007564
9.5 -3.32978560798e-08 0.00274338082517
9.6 -3.32978560798e-08 0.002482312416
9.7 -3.32978560798e-08 0.00224609777643
9.8 -3.32978560798e-08 0.00203235282287
9.9 -3.32978560798e-08 0.00183896120719
10 -3.32978560798e-08 0.00166399384268
10.1 -3.32978560798e-08 0.00150566712589
10.2 -3.32978560798e-08 0.0013623724875
10.3 -3.32978560798e-08 0.00123272288671
10.4 -3.32978560798e-08 0.0011154155507
10.5 -3.32978560798e-08 0.00100925451541
10.6 -3.32978560798e-08 0.000913196341304
10.7 -3.32978560798e-08 0.000826291029807
10.8 -3.32978560798e-08 0.000747657214034
10.9 -3.32978560798e-08 0.000676498647691
11 -3.32978560798e-08 0.000612122377404
11.1 -3.32978560798e-08 0.000553877691502
11.2 -3.32978560798e-08 0.000501164730515
11.3 -3.32978560798e-08 0.000453465854943
11.4 -3.32978560798e-08 0.000410310388152
11.5 -3.32978560798e-08 0.000371261251147
11.6 -3.32978560798e-08 0.000335917849559
11.7 -3.32978560798e-08 0.00030395337747
11.8 -3.32978560798e-08 0.000275029517694
11.9 -3.32978560798e-08 0.000248854944326
12 -3.32978560798e-08 0.000225176616163
12.1 -3.32978560798e-08 0.000203757606441
12.2 -3.32978560798e-08 0.000184376101743
12.3 -3.32978560798e-08 0.000166830010428
12.4 -3.32978560798e-08 0.000150939213045
12.5 -3.32978560798e-08 0.00013654764609
12.6 -3.32978560798e-08 0.0001235172303
12.7 -3.32978560798e-08 0.000111730346684
12.8 -3.32978560798e-08 0.000101087065269
12.9 -3.32978560798e-08 9.1461789269e-05
13 -3.32978560798e-08 8.27496450148e-05
13.1 -3.32978560798e-08 7.48685766552e-05
13.2 -3.32978560798e-08 6.77497033239e-05
13.3 -3.32978560798e-08 6.13233510706e-05
13.4 -3.32978560798e-08 5.5506119261e-05
13.5 -3.32978560798e-08 5.02385668842e-05
13.6 -3.32978560798e-08 4.54698441182e-05
13.7 -3.32978560798e-08 4.10812625678e-05
13.8 -3.32978560798e-08 3.72240175234e-05
13.9 -3.32978560798e-08 3.37017432233e-05
14 -3.32978560798e-08 3.04982347381e-05
14.1 -3.32978560798e-08 2.75972871384e-05
14.2 -3.32978560798e-08 2.49769787632e-05
14.3 -3.32978560798e-08 2.26072721994e-05
14.4 -3.32978560798e-08 2.04662113171e-05
14.5 -3.32978560798e-08 1.8532063216e-05
14.6 -3.32978560798e-08 1.67830949956e-05
14.7 -3.32978560798e-08 1.51983175192e-05
14.8 -3.32978560798e-08 1.3767455784e-05
14.9 -3.32978560798e-08 1.24764369658e-05
15 -3.32978560798e-08 1.13084000587e-05
15.1 -3.32978560798e-08 1.02464840567e-05
15.2 -3.32978560798e-08 9.27382795392e-06
15.3 -3.32978560798e-08 8.38230247619e-06
15.4 -3.32978560798e-08 7.57617434293e-06
15.5 -3.32978560798e-08 6.84736692749e-06
15.6 -3.32978560798e-08 6.18746264281e-06
15.7 -3.32978560798e-08 5.58804390183e-06
15.8 -3.32978560798e-08 4.92875188765e-06
15.9 -3.32978560798e-08 4.48789824462e-06
16 -3.32978560798e-08 4.07637710792e-06
16.1 -3.32978560798e-08 3.69418847757e-06
16.2 -3.32978560798e-08 3.34133235356e-06
16.3 -3.32978560798e-08 3.01780873588e-06
16.4 -3.32978560798e-08 2.72212767913e-06
16.5 -3.32978560798e-08 2.45148538229e-06
16.6 -3.32978560798e-08 2.20581646199e-06
16.7 -3.32978560798e-08 1.98512091824e-06
16.8 -3.32978560798e-08 1.78939875101e-06
16.9 -3.32978560798e-08 1.61861499397e-06
17 -3.32978560798e-08 1.46600066741e-06
17.1 -3.32978560798e-08 1.32650306564e-06
17.2 -3.32978560798e-08 1.20012218868e-06
17.3 -3.32978560798e-08 1.08685803651e-06
17.4 -3.32978560798e-08 9.86710609143e-07
17.5 -3.32978560798e-08 8.99307528553e-07
17.6 -3.32978560798e-08 8.19627862186e-07
17.7 -3.32978560798e-08 7.46091419008e-07
17.8 -3.32978560798e-08 6.78698199021e-07
17.9 -3.32978560798e-08 6.17448202225e-07
18 -3.32978560798e-08 5.62341428618e-07
18.1 -3.32978560798e-08 5.12930469106e-07
18.2 -3.32978560798e-08 4.67214000565e-07
18.3 -3.32978560798e-08 4.2495117285e-07
18.4 -3.32978560798e-08 3.86141985959e-07
18.5 -3.32978560798e-08 3.50786439894e-07
18.6 -3.32978560798e-08 3.18884534653e-07
18.7 -3.32978560798e-08 2.89997697382e-07
18.8 -3.32978560798e-08 2.63300615293e-07
18.9 -3.32978560798e-08 2.38774042461e-07
19 -3.32978560798e-08 2.16417978887e-07
19.1 -3.32978560798e-08 1.96232424569e-07
19.2 -3.32978560798e-08 1.78214787147e-07
19.3 -3.32978560798e-08 1.61863222886e-07
19.4 -3.32978560798e-08 1.46803130477e-07
19.5 -3.32978560798e-08 1.33034509919e-07
19.6 -3.32978560798e-08 1.20557361212e-07
19.7 -3.32978560798e-08 1.09371684355e-07
19.8 -3.32978560798e-08 9.94471296588e-08
19.9 -3.32978560798e-08 9.03744792243e-08
20 -3.32978560798e-08 8.20249437393e-08
