"Time" "Prey" "Predator"
0 0.791960404647 2.13375392865
0.1 0.639300001219 2.07326583544
0.2 0.521180258436 1.98753053848
0.3 0.430271480668 1.88563909872
0.4 0.360319508733 1.77472462898
0.5 0.306326121502 1.6600761526
0.6 0.264443067785 1.5454513558
0.7 0.231767838559 1.43341684386
0.8 0.206132853698 1.32565195935
0.9 0.185923406252 1.22319474139
1 0.169935066697 1.12662644768
1.1 0.157270149661 1.0362030687
1.2 0.147253708802 0.951961625609
1.3 0.139375843877 0.873789993677
1.4 0.133248833291 0.801478799741
1.5 0.128577154141 0.734756305045
1.6 0.125133502207 0.673316174332
1.7 0.122742806424 0.616834475952
1.8 0.121270036109 0.564982185777
1.9 0.120611124188 0.51743394171
2 0.120686095245 0.47387387339
2.1 0.121434326493 0.433998910185
2.2 0.122810320387 0.397521666875
2.3 0.124781131604 0.364171261006
2.4 0.127323865505 0.333694165347
2.5 0.1304241655 0.305853991483
2.6 0.13407490578 0.280431151695
2.7 0.138275111176 0.257222431304
2.8 0.143029268039 0.236040131174
2.9 0.148346724836 0.216711269452
3 0.154241223479 0.199076758782
3.1 0.160730574641 0.182990508713
3.2 0.167836521269 0.168318439721
3.3 0.175584486841 0.154937732264
3.4 0.184003450832 0.142736044138
3.5 0.193126005046 0.131610595498
3.6 0.202988240633 0.121467529469
3.7 0.213629891567 0.112221120062
3.8 0.225094306087 0.103793195525
3.9 0.237428627128 0.0961124714732
4 0.250683847376 0.0891140282424
4.1 0.264915010111 0.0827387720116
4.2 0.280181340154 0.0769329472798
4.3 0.296546462716 0.0716477086426
4.4 0.31407859556 0.0668387071497
4.5 0.332850791335 0.0624657337524
4.6 0.352941174247 0.058492367284
4.7 0.374433217596 0.0548856937401
4.8 0.397416024521 0.0516160333043
4.9 0.421984600192 0.0486566560676
5 0.448240194077 0.0459836216003
5.1 0.476290595494 0.0435755558032
5.2 0.506250474361 0.0414134980199
5.3 0.538241730502 0.039480781729
5.4 0.572393785112 0.037762903969
5.5 0.608843977711 0.0362474637218
5.6 0.647737835108 0.0349241178004
5.7 0.689229366745 0.0337845650442
5.8 0.73348142421 0.0328225590297
5.9 0.780665722121 0.0320340347904
6 0.830963185843 0.0314171696857
6.1 0.884563905921 0.0309726087413
6.2 0.941666822315 0.0307038158855
6.3 1.00247994708 0.0306172548092
6.4 1.06721904812 0.0307231998014
6.5 1.13610729812 0.031036186721
6.6 1.20937402295 0.0315758617758
6.7 1.28725123504 0.0323687739373
6.8 1.36997310647 0.0334489637632
6.9 1.45776921067 0.0348612277188
7 1.55085974132 0.0366635546549
7.1 1.6494505285 0.0389296819295
7.2 1.75371509233 0.0417573331301
7.3 1.86378454853 0.0452730800341
7.4 1.97972381221 0.0496433835966
7.5 2.10150895577 0.0550850690931
7.6 2.228972766 0.0618902373884
7.7 2.36175854124 0.0704474771046
7.8 2.49924015663 0.0812787297044
7.9 2.6404062386 0.0950923714159
8 2.78371502764 0.112849236472
8.1 2.92688645149 0.135856912993
8.2 3.06662875845 0.165890460317
8.3 3.19829241614 0.205339546034
8.4 3.31546326513 0.257366158093
8.5 3.40955702335 0.326026704174
8.6 3.46958379771 0.416241928587
8.7 3.48239428754 0.533423951072
8.8 3.43392490511 0.68245586553
8.9 3.31194178378 0.86578931478
9 3.1103714502 1.08076467724
9.1 2.83402930443 1.31713473797
9.2 2.50099338051 1.55671216875
9.3 2.13995441471 1.7766371294
9.4 1.78262397056 1.9555969576
9.5 1.45511039231 2.07975540697
9.6 1.17285988775 2.14520880848
9.7 0.940612252486 2.15652270469
9.8 0.755549321713 2.12322775445
9.9 0.61103589598 2.05640931489
10 0.499408551566 1.96647235959
10.1 0.413531621005 1.86209222768
10.2 0.347421894003 1.7499819051
10.3 0.296345110796 1.63507058741
10.4 0.256676600722 1.52082897967
10.5 0.22568976136 1.40960810133
10.6 0.201351033823 1.30292939179
10.7 0.182146372335 1.20171681381
10.8 0.166945593553 1.10647149427
10.9 0.154905284591 1.01739459546
11 0.145390658324 0.934485537592
11.1 0.137921747327 0.857607041763
11.2 0.132132924956 0.78653386621
11.3 0.127744846046 0.720985322496
11.4 0.124542836879 0.660649787548
11.5 0.122361482087 0.605201251869
11.6 0.121073163943 0.554310878588
11.7 0.120579758139 0.507654710668
11.8 0.120805612104 0.464919767026
11.9 0.121693698577 0.425806209138
12 0.123201500801 0.390030091041
12.1 0.125298344673 0.357324351064
12.2 0.127963343953 0.327439158512
12.3 0.1311838348 0.300141781593
12.4 0.134954095615 0.275216269085
12.5 0.139274519281 0.252462741975
12.6 0.144150549618 0.231696890378
12.7 0.149592542599 0.21274883777
12.8 0.155615135071 0.195462348614
12.9 0.162237080659 0.179693986714
13 0.169480851146 0.165312227324
13.1 0.17737269367 0.152196617552
13.2 0.185942346628 0.14023691661
13.3 0.1952231921 0.129332376084
13.4 0.205252090621 0.11939091361
13.5 0.216069577892 0.110328541997
13.6 0.227719835952 0.102068634959
13.7 0.240250906594 0.0945414505655
13.8 0.253714527059 0.087683180923
13.9 0.268166611989 0.0814359118536
14 0.283667451601 0.0757471715193
14.1 0.300281529636 0.0705689153814
14.2 0.318078163061 0.0658578413116
14.3 0.337131528976 0.0615746580714
14.4 0.357520797619 0.0576835464645
14.5 0.379330736994 0.0541524887575
14.6 0.402651692257 0.050952429217
14.7 0.427579935137 0.048057133003
14.8 0.454218206178 0.0454434121602
14.9 0.482675727165 0.0430903430123
15 0.513068687578 0.0409794316903
15.1 0.545520649421 0.0390946181296
15.2 0.580162706956 0.0374217384197
15.3 0.617133923816 0.0359488973944
15.4 0.656581652725 0.034666272068
15.5 0.698661854528 0.0335658918453
15.6 0.743539271302 0.0326418702182
15.7 0.79138743669 0.0318906988378
15.8 0.842389366824 0.0313111298812
15.9 0.896737492531 0.0309044847681
16 0.954632211755 0.0306748864981
16.1 1.01628305089 0.0306296149357
16.2 1.0819084034 0.0307794893436
16.3 1.15173271826 0.0311401750522
16.4 1.22598544174 0.0317329492739
16.5 1.30490021343 0.0325854785994
16.6 1.38870848961 0.0337348411092
16.7 1.47764106114 0.0352272241752
16.8 1.57191574251 0.0371236998932
16.9 1.6717300941 0.0395037665227
17 1.77724951553 0.0424709150722
17.1 1.88859605136 0.046157945407
17.2 2.00581703266 0.0507415128537
17.3 2.12885685417 0.0564550301767
17.4 2.25751705226 0.0636069089524
17.5 2.39138843691 0.0726120518884
17.6 2.52976933335 0.084029113998
17.7 2.67154828297 0.0986143359902
17.8 2.81504366153 0.117394746643
17.9 2.95777697347 0.141770084657
18 3.09619254603 0.173636121877
18.1 3.22529073269 0.215538337632
18.2 3.33821504657 0.270826581002
18.3 3.4258654117 0.343756566756
18.4 3.47673635469 0.439402965386
18.5 3.47732819325 0.563177270268
18.6 3.41368712758 0.719624627007
18.7 3.27451472037 0.910322564648
18.8 3.05575241655 1.13112002657
18.9 2.76504804394 1.36996098059
19 2.42322572562 1.60722271611
19.1 2.06039406799 1.81980706107
19.2 1.70771341517 1.98761233459
19.3 1.3892028974 2.09892134703
19.4 1.11782160118 2.15191293377
19.5 0.896330724457 2.152561317
19.6 0.720778353427 2.11099334084
19.7 0.584111245189 2.0382913333
19.8 0.478689413363 1.94453371363
19.9 0.39760200298 1.83796544298
20 0.335141467673 1.72488684317
