"Time" "Prey" "Predator"
0 9.99967415516 5.282859665
0.1 3.91256133116 9.43438956394
0.2 1.06349820677 10.6550547367
0.3 0.280219554303 10.221427948
0.4 0.0808833056035 9.39695485262
0.5 0.0261539923856 8.54365095087
0.6 0.00944611037494 7.74319773905
0.7 0.00377897163776 7.01063565258
0.8 0.0016594642581 6.34510744313
0.9 0.00079304886891 5.74195982594
1 0.000409108868892 5.19583967317
1.1 0.000226197316044 4.70153445527
1.2 0.000133098221634 4.25419859155
1.3 8.29120581259e-05 3.8493986237
1.4 5.43285859421e-05 3.48310303975
1.5 3.73377834055e-05 3.15165580983
1.6 2.67509203572e-05 2.85174486123
1.7 1.9911430231e-05 2.58037111421
1.8 1.53267063779e-05 2.33481942855
1.9 1.21804008578e-05 2.11263405598
2 9.95757058467e-06 1.9115916967
2.1 8.34972297425e-06 1.7296805993
2.2 7.16582586469e-06 1.56508035933
2.3 6.280795619e-06 1.41614386975
2.4 5.6114182051e-06 1.28138083266
2.5 5.10418765904e-06 1.15944366727
2.6 4.70993643898e-06 1.0491086364
2.7 4.40732036836e-06 0.949273186437
2.8 4.17686597926e-06 0.858938363217
2.9 4.00389745836e-06 0.777200006899
3 3.87807347486e-06 0.703240005809
3.1 3.79159193571e-06 0.636318193832
3.2 3.73872532088e-06 0.57576503436
3.3 3.71511534799e-06 0.520974564389
3.4 3.71707658083e-06 0.471397231427
3.5 3.7418913442e-06 0.426536894997
3.6 3.78879964567e-06 0.385946162236
3.7 3.85669922324e-06 0.349219036354
3.8 3.94397574381e-06 0.315986788629
3.9 4.05002305309e-06 0.285916611463
4 4.17494169985e-06 0.258708046307
4.1 4.31867852734e-06 0.234088755557
4.2 4.48131467801e-06 0.2118124017
4.3 4.66322758128e-06 0.191655968747
4.4 4.86494741213e-06 0.173417556944
4.5 5.08714723786e-06 0.156914677143
4.6 5.33065526242e-06 0.141982341879
4.7 5.59641416883e-06 0.128471022137
4.8 5.88550121789e-06 0.11624546054
4.9 6.19912927498e-06 0.105183296575
5 6.53864061354e-06 0.0951738017322
5.1 6.90550864209e-06 0.0861167740358
5.2 7.30134997673e-06 0.0779217163485
5.3 7.72791439366e-06 0.0705065315588
5.4 8.18709919146e-06 0.0637969964316
5.5 8.68095554893e-06 0.0577259706961
5.6 9.21169464115e-06 0.052232642431
5.7 9.78169798485e-06 0.0472620929446
5.8 1.03935249244e-05 0.0427645341647
5.9 1.10499245446e-05 0.0386949734679
6 1.1753846848e-05 0.0350127093804
6.1 1.25084546018e-05 0.0316808456189
6.2 1.33171373805e-05 0.0286660570581
6.3 1.41835267449e-05 0.0259381477388
6.4 1.51115114082e-05 0.0234698288545
6.5 1.61052544183e-05 0.0212364132028
6.6 1.7169211593e-05 0.0192155246738
6.7 1.83081504067e-05 0.0173869592298
6.8 1.95271722544e-05 0.0157324005732
6.9 2.08317337488e-05 0.0142352909285
7 2.22276714353e-05 0.0128806517977
7.1 2.37212282771e-05 0.011654914833
7.2 2.53190795261e-05 0.0105458275902
7.3 2.70283651906e-05 0.00954228450661
7.4 2.88567183676e-05 0.0086342387357
7.5 3.08123024995e-05 0.00781260003807
7.6 3.29038469108e-05 0.00706913470668
7.7 3.51406793202e-05 0.00639642719212
7.8 3.75327784902e-05 0.00578776059519
7.9 4.0090817116e-05 0.0052370299255
8 4.28261856691e-05 0.00473870229215
8.1 4.57510765125e-05 0.00428779233892
8.2 4.88785362288e-05 0.0038798083267
8.3 5.22224776413e-05 0.00351062949435
8.4 5.57977975942e-05 0.00317656148955
8.5 5.9620437138e-05 0.00287429530092
8.6 6.37073931922e-05 0.00260078500037
8.7 6.8076866555e-05 0.00235329764342
8.8 7.27483294786e-05 0.0021293758676
8.9 7.77425443426e-05 0.00192675591709
9 8.30817469596e-05 0.00174341209456
9.1 8.87897221126e-05 0.00157752482205
9.2 9.48918315219e-05 0.00142741688473
9.3 0.000101415260802 0.00129159537347
9.4 0.000108389074799 0.00116871443263
9.5 0.000115844240564 0.00105752586948
9.6 0.000123813841895 0.000956892245485
9.7 0.000132333465617 0.000865838507599
9.8 0.000141440998153 0.000783454467283
9.9 0.000151176835006 0.000708901167593
10 0.000161584337051 0.000641438890058
10.1 0.000172709890886 0.000580404796249
10.2 0.000184602894477 0.000525181455014
10.3 0.000197316122755 0.000475206092483
10.4 0.000210906322128 0.000429992191401
10.5 0.000225433911895 0.000389085472503
10.6 0.000240963311191 0.000352065660409
10.7 0.00025756367024 0.000318564821168
10.8 0.00027530896523 0.000288254962986
10.9 0.000294277972079 0.000260829906206
11 0.000314555348227 0.000236005266525
11.1 0.000336230158826 0.000213555740948
11.2 0.000359400077091 0.000193240973263
11.3 0.000384167522689 0.000174857136487
11.4 0.000410643612871 0.000158224775725
11.5 0.000438947000379 0.000143179778415
11.6 0.000469203013315 0.00012956669095
11.7 0.00050154429056 0.000117243656015
11.8 0.000536113359365 0.000106083353264
11.9 0.000573069995137 9.59756852386e-05
12 0.000612578267627 8.68230499418e-05
12.1 0.000654810528795 7.8541796186e-05
12.2 0.000699948250796 7.1062049918e-05
12.3 0.000748198050187 6.43008667993e-05
12.4 0.000799780646436 5.81807314374e-05
12.5 0.000854922595859 5.26434065915e-05
12.6 0.00091386237493 4.76397410223e-05
12.7 0.000976857191321 4.31239608624e-05
12.8 0.00104420254144 3.90372776066e-05
12.9 0.00111619785614 3.53366819133e-05
13 0.00119315705301 3.19860992896e-05
13.1 0.00127541057365 2.89549284708e-05
13.2 0.00136333501951 2.62102020685e-05
13.3 0.00145733281605 2.37219658697e-05
13.4 0.00155781681384 2.14673521797e-05
13.5 0.00166522157839 1.94275934237e-05
13.6 0.00178001575513 1.75853187532e-05
13.7 0.00190273776868 1.59167490741e-05
13.8 0.00203393322233 1.44053834878e-05
13.9 0.00217417408708 1.30378039703e-05
14 0.00232406240298 1.18029558725e-05
14.1 0.00248428429512 1.06867762916e-05
14.2 0.00265557330801 9.6758402893e-06
14.3 0.00283868179742 8.76020583924e-06
14.4 0.00303440170315 7.93134807646e-06
14.5 0.00324358674351 7.18152716742e-06
14.6 0.00346721807403 6.50191825988e-06
14.7 0.00370629013175 5.88586279507e-06
14.8 0.00396184528172 5.32788172604e-06
14.9 0.00423498061437 4.82349161439e-06
15 0.00452694586044 4.36715572273e-06
15.1 0.00483907816495 3.95364889407e-06
15.2 0.00517274859768 3.57917683998e-06
15.3 0.00552940038193 3.24057619077e-06
15.4 0.00591054842269 2.93531941907e-06
15.5 0.00631809249584 2.65824617506e-06
15.6 0.00675375018143 2.4074815976e-06
15.7 0.00721943745145 2.18046423029e-06
15.8 0.00771715910348 1.97510382853e-06
15.9 0.00824916901096 1.78929038128e-06
16 0.00881788788565 1.62108120256e-06
16.1 0.00942582966202 1.46886391343e-06
16.2 0.0100756724445 1.33111518206e-06
16.3 0.0107702695955 1.20632684848e-06
16.4 0.011512702895 1.0933003429e-06
16.5 0.0123063167707 9.91275399139e-07
16.6 0.0131546466644 8.99132031219e-07
16.7 0.0140614705324 8.15670432082e-07
16.8 0.0150308228182 7.39562347072e-07
16.9 0.0160670183069 6.69668672171e-07
17 0.0171746966302 6.06094880567e-07
17.1 0.018358786237 5.48369001298e-07
17.2 0.019624534806 4.95993515554e-07
17.3 0.0209775263076 4.48520265418e-07
17.4 0.0224237151241 4.05543585765e-07
17.5 0.0239696332392 3.66728635845e-07
17.6 0.0256221901024 3.31756887039e-07
17.7 0.0273887125094 3.00320426368e-07
17.8 0.0292769980553 2.72119020327e-07
17.9 0.0312953401879 2.46851048117e-07
18 0.0334528075216 2.24235805817e-07
18.1 0.0357590986887 2.03983439831e-07
18.2 0.0382244542121 1.85771915727e-07
18.3 0.0408597776162 1.69249803152e-07
18.4 0.0436766649326 1.54027758373e-07
18.5 0.0466876596291 1.39902986652e-07
18.6 0.0499063660795 1.26937504006e-07
18.7 0.0533470866173 1.15044010916e-07
18.8 0.0570250502692 1.04183281819e-07
18.9 0.0609564556225 9.43694569177e-08
19 0.0651586458062 8.56177505791e-08
19.1 0.0696505445707 7.77822415432e-08
19.2 0.0744521603049 7.07860456366e-08
19.3 0.0795848188416 6.45446811853e-08
19.4 0.0850712840774 5.89571983518e-08
19.5 0.0909360851164 5.39635213242e-08
19.6 0.0972053275509 4.94744675229e-08
19.7 0.103906801068 4.53749044519e-08
19.8 0.111070109443 4.15329192306e-08
19.9 0.118727254954 3.79369314061e-08
20 0.126912420905 3.46089611892e-08
