"Time" "Prey" "Predator"
0 15.1401685867 25.1666373422
0.1 0.219470591311 33.3221139573
0.2 0.00336493632372 30.3033364527
0.3 7.68452689507e-05 27.4219168335
0.4 2.47223224528e-06 24.8124194324
0.5 -1.6763127542e-08 22.4512177523
0.6 3.9312795439e-09 20.3147062688
0.7 -1.00015024423e-09 18.3815111538
0.8 -1.00015024423e-09 16.6322812257
0.9 -1.00015024423e-09 15.0494998623
1 -1.00015024423e-09 13.6173460825
1.1 -1.00015024423e-09 12.321481876
1.2 -1.00015024423e-09 11.1489354944
1.3 -1.00015024423e-09 10.0879683004
1.4 -1.00015024423e-09 9.12796884336
1.5 -1.00015024423e-09 8.25934488646
1.6 -1.00015024423e-09 7.47336396097
1.7 -1.00015024423e-09 6.76217631372
1.8 -1.00015024423e-09 6.11867248817
1.9 -1.00015024423e-09 5.53640403711
2 -1.00015024423e-09 5.00954551629
2.1 -1.00015024423e-09 4.53282451462
2.2 -1.00015024423e-09 4.10146945767
2.3 -1.00015024423e-09 3.71116324968
2.4 -1.00015024423e-09 3.35800034548
2.5 -1.00015024423e-09 3.03844473453
2.6 -1.00015024423e-09 2.74929896018
2.7 -1.00015024423e-09 2.48766909209
2.8 -1.00015024423e-09 2.25093632095
2.9 -1.00015024423e-09 2.03673183591
3 -1.00015024423e-09 1.84291150415
3.1 -1.00015024423e-09 1.66753548225
3.2 -1.00015024423e-09 1.50884884591
3.3 -1.00015024423e-09 1.36526300376
3.4 -1.00015024423e-09 1.235341138
3.5 -1.00015024423e-09 1.11778224027
3.6 -1.00015024423e-09 1.01141074764
3.7 -1.00015024423e-09 0.915162134374
3.8 -1.00015024423e-09 0.828072967853
3.9 -1.00015024423e-09 0.749271417636
4 -1.00015024423e-09 0.677968808139
4.1 -1.00015024423e-09 0.613451456164
4.2 -1.00015024423e-09 0.555073840987
4.3 -1.00015024423e-09 0.502251585067
4.4 -1.00015024423e-09 0.454456007191
4.5 -1.00015024423e-09 0.411208764093
4.6 -1.00015024423e-09 0.372076896006
4.7 -1.00015024423e-09 0.336668788345
4.8 -1.00015024423e-09 0.304630500394
4.9 -1.00015024423e-09 0.275640985939
5 -1.00015024423e-09 0.249410268756
5.1 -1.00015024423e-09 0.225675752498
5.2 -1.00015024423e-09 0.204199778817
5.3 -1.00015024423e-09 0.184767617973
5.4 -1.00015024423e-09 0.167184570583
5.5 -1.00015024423e-09 0.15127482459
5.6 -1.00015024423e-09 0.136879135682
5.7 -1.00015024423e-09 0.123853335393
5.8 -1.00015024423e-09 0.112067154458
5.9 -1.00015024423e-09 0.101402513473
6 -1.00015024423e-09 0.0917527688788
6.1 -1.00015024423e-09 0.0830213314171
6.2 -1.00015024423e-09 0.0751207714931
6.3 -1.00015024423e-09 0.0679720996069
6.4 -1.00015024423e-09 0.0615036866825
6.5 -1.00015024423e-09 0.0556508339983
6.6 -1.00015024423e-09 0.0503549521439
6.7 -1.00015024423e-09 0.0455630187179
6.8 -1.00015024423e-09 0.0412271300607
6.9 -1.00015024423e-09 0.0373038395738
7 -1.00015024423e-09 0.0337539078568
7.1 -1.00015024423e-09 0.030541799303
7.2 -1.00015024423e-09 0.0276353511103
7.3 -1.00015024423e-09 0.0250055030384
7.4 -1.00015024423e-09 0.0226259056165
7.5 -1.00015024423e-09 0.0204727627471
7.6 -1.00015024423e-09 0.0185245222007
7.7 -1.00015024423e-09 0.0167616747882
7.8 -1.00015024423e-09 0.0151665922245
7.9 -1.00015024423e-09 0.0137232962279
8 -1.00015024423e-09 0.0124173495957
8.1 -1.00015024423e-09 0.0112356698799
8.2 -1.00015024423e-09 0.0101664281783
8.3 -1.00015024423e-09 0.00919896386449
8.4 -1.00015024423e-09 0.00832358907671
8.5 -1.00015024423e-09 0.00753152588982
8.6 -1.00015024423e-09 0.00681482183423
8.7 -1.00015024423e-09 0.00616633957027
8.8 -1.00015024423e-09 0.00557956358892
8.9 -1.00015024423e-09 0.00504859386171
9 -1.00015024423e-09 0.00456816649733
9.1 -1.00015024423e-09 0.00413345069359
9.2 -1.00015024423e-09 0.00374009802695
9.3 -1.00015024423e-09 0.00338419354976
9.4 -1.00015024423e-09 0.0030621457837
9.5 -1.00015024423e-09 0.0027707454207
9.6 -1.00015024423e-09 0.00250708351495
9.7 -1.00015024423e-09 0.00226850216795
9.8 -1.00015024423e-09 0.00205264655628
9.9 -1.00015024423e-09 0.00185735167848
10 -1.00015024423e-09 0.00168061829616
10.1 -1.00015024423e-09 0.00152067469478
10.2 -1.00015024423e-09 0.00137596303356
10.3 -1.00015024423e-09 0.00124502372875
10.4 -1.00015024423e-09 0.00112652330387
10.5 -1.00015024423e-09 0.00101930619191
10.6 -1.00015024423e-09 0.000922304346734
10.7 -1.00015024423e-09 0.000834530347179
10.8 -1.00015024423e-09 0.000755105359501
10.9 -1.00015024423e-09 0.000683251094023
11 -1.00015024423e-09 0.000618237908505
11.1 -1.00015024423e-09 0.000559397090064
11.2 -1.00015024423e-09 0.000506156879378
11.3 -1.00015024423e-09 0.000457987440496
11.4 -1.00015024423e-09 0.000414373799179
11.5 -1.00015024423e-09 0.000374951868962
11.6 -1.00015024423e-09 0.000339272374588
11.7 -1.00015024423e-09 0.000306987261109
11.8 -1.00015024423e-09 0.000277771112471
11.9 -1.00015024423e-09 0.000251342924497
12 -1.00015024423e-09 0.000227434886646
12.1 -1.00015024423e-09 0.000205799107768
12.2 -1.00015024423e-09 0.000186210288009
12.3 -1.00015024423e-09 0.000168470216729
12.4 -1.00015024423e-09 0.000152405210315
12.5 -1.00015024423e-09 0.000137863144643
12.6 -1.00015024423e-09 0.000124715370158
12.7 -1.00015024423e-09 0.000112841639911
12.8 -1.00015024423e-09 0.00010209573691
12.9 -1.00015024423e-09 9.23705951782e-05
13 -1.00015024423e-09 8.35766980769e-05
13.1 -1.00015024423e-09 7.56382072204e-05
13.2 -1.00015024423e-09 6.8460692928e-05
13.3 -1.00015024423e-09 6.19621246961e-05
13.4 -1.00015024423e-09 5.60781740993e-05
13.5 -1.00015024423e-09 5.07539595415e-05
13.6 -1.00015024423e-09 4.58905093296e-05
13.7 -1.00015024423e-09 4.15584057615e-05
13.8 -1.00015024423e-09 3.7612996546e-05
13.9 -1.00015024423e-09 3.40342588924e-05
14 -1.00015024423e-09 3.08004855224e-05
14.1 -1.00015024423e-09 2.78766367261e-05
14.2 -1.00015024423e-09 2.5234303351e-05
14.3 -1.00015024423e-09 2.28474761487e-05
14.4 -1.00015024423e-09 2.0690145871e-05
14.5 -1.00015024423e-09 1.87363032696e-05
14.6 -1.00015024423e-09 1.69681289365e-05
14.7 -1.00015024423e-09 1.53736914443e-05
14.8 -1.00015024423e-09 1.39330517007e-05
14.9 -1.00015024423e-09 1.26262416651e-05
15 -1.00015024423e-09 1.14332932971e-05
15.1 -1.00015024423e-09 1.03370422907e-05
15.2 -1.00015024423e-09 9.34251541989e-06
15.3 -1.00015024423e-09 8.44370327026e-06
15.4 -1.00015024423e-09 7.63060192213e-06
15.5 -1.00015024423e-09 6.89320745579e-06
15.6 -1.00015024423e-09 6.22151595154e-06
15.7 -1.00015024423e-09 5.51942056629e-06
15.8 -1.00015024423e-09 5.01837991564e-06
15.9 -1.00015024423e-09 4.55201534824e-06
16 -1.00015024423e-09 4.12032686409e-06
16.1 -1.00015024423e-09 3.7233144632e-06
16.2 -1.00015024423e-09 3.36048578116e-06
16.3 -1.00015024423e-09 3.02805683826e-06
16.4 -1.00015024423e-09 2.72523494834e-06
16.5 -1.00015024423e-09 2.4520201114e-06
16.6 -1.00015024423e-09 2.20841232745e-06
16.7 -1.00015024423e-09 1.99441159648e-06
16.8 -1.00015024423e-09 1.80666877661e-06
16.9 -1.00015024423e-09 1.63516589132e-06
17 -1.00015024423e-09 1.47923167174e-06
17.1 -1.00015024423e-09 1.33886611788e-06
17.2 -1.00015024423e-09 1.21406922973e-06
17.3 -1.00015024423e-09 1.1048410073e-06
17.4 -1.00015024423e-09 1.00751746919e-06
17.5 -1.00015024423e-09 9.17497107192e-07
17.6 -1.00015024423e-09 8.34765389312e-07
17.7 -1.00015024423e-09 7.5932231555e-07
17.8 -1.00015024423e-09 6.91167885904e-07
17.9 -1.00015024423e-09 6.30243981392e-07
18 -1.00015024423e-09 5.74460229645e-07
18.1 -1.00015024423e-09 5.22770625006e-07
18.2 -1.00015024423e-09 4.75175167474e-07
18.3 -1.00015024423e-09 4.31673857051e-07
18.4 -1.00015024423e-09 3.92266693735e-07
18.5 -1.00015024423e-09 3.56805938431e-07
18.6 -1.00015024423e-09 3.24156168375e-07
18.7 -1.00015024423e-09 2.94079529782e-07
18.8 -1.00015024423e-09 2.66576022651e-07
18.9 -1.00015024423e-09 2.41645646984e-07
19 -1.00015024423e-09 2.1928840278e-07
19.1 -1.00015024423e-09 1.99255800597e-07
19.2 -1.00015024423e-09 1.8080455709e-07
19.3 -1.00015024423e-09 1.63884867495e-07
19.4 -1.00015024423e-09 1.48496731811e-07
19.5 -1.00015024423e-09 1.34640150039e-07
19.6 -1.00015024423e-09 1.22315122178e-07
19.7 -1.00015024423e-09 1.11223431528e-07
19.8 -1.00015024423e-09 1.00990554736e-07
19.9 -1.00015024423e-09 9.16153090238e-08
20 -1.00015024423e-09 8.30976943899e-08
