"Time" "Prey" "Predator"
0 0.931359779981 3.07484702976
0.1 0.662965352558 3.01064889166
0.2 0.478179073782 2.88241312507
0.3 0.351791531817 2.71754309684
0.4 0.264913812944 2.53526158599
0.5 0.204488977461 2.34805694267
0.6 0.161817040545 2.16362006977
0.7 0.131178800134 1.98645216984
0.8 0.108815194266 1.81901047851
0.9 0.0922347125032 1.66247159656
1 0.0797700049366 1.51721562857
1.1 0.0702864498706 1.38314315743
1.2 0.0630017070975 1.25986836209
1.3 0.0573681140177 1.14684418028
1.4 0.0529971023449 1.04344020982
1.5 0.0496088499879 0.948993128154
1.6 0.046999394974 0.862837379899
1.7 0.0450184085203 0.784324188732
1.8 0.043554022775 0.712833002722
1.9 0.0425223412597 0.647777776126
2 0.0418600153465 0.588610172211
2.1 0.0415192686503 0.534820254383
2.2 0.0414639391752 0.485936400179
2.3 0.0416668819451 0.441523959866
2.4 0.0421079054145 0.401183587561
2.5 0.0427723628259 0.364549155371
2.6 0.0436500877454 0.331285585203
2.7 0.0447345540796 0.301086722237
2.8 0.046022251969 0.273673149276
2.9 0.0475122495232 0.248790097569
3 0.0492058123604 0.226205488433
3.1 0.0511061652705 0.205708038291
3.2 0.0532183944666 0.187105441538
3.3 0.0555490516877 0.170222917821
3.4 0.0581063296776 0.154901534174
3.5 0.060899774345 0.140996895877
3.6 0.0639404005155 0.128377833484
3.7 0.0672405713697 0.116925211407
3.8 0.0708140623938 0.106530877343
3.9 0.0746760381759 0.0970966426467
4 0.0788431027136 0.0885334160989
4.1 0.0833333351063 0.0807603432111
4.2 0.0881663445348 0.0737040689846
4.3 0.0933633399938 0.0672980536705
4.4 0.0989472005015 0.0614819359178
4.5 0.104942566446 0.0562009718472
4.6 0.111375931533 0.0514054989231
4.7 0.118275761836 0.0470505759918
4.8 0.125672596683 0.0430953921076
4.9 0.133599176626 0.0395029136164
5 0.142090589039 0.036239658729
5.1 0.151184414679 0.0332752061416
5.2 0.160920884907 0.0305820001279
5.3 0.171343052235 0.0281351294811
5.4 0.182496986819 0.0259119487419
5.5 0.194431961213 0.0238919845966
5.6 0.207200663868 0.022056727497
5.7 0.220859442699 0.0203893498978
5.8 0.235468523684 0.0188746635297
5.9 0.251092281947 0.017498932707
6 0.267799535214 0.0162497008971
6.1 0.285663805986 0.0151157492659
6.2 0.304763663328 0.0140869363019
6.3 0.325183060943 0.0131540954506
6.4 0.347011665846 0.0123089974238
6.5 0.370345278796 0.0115442243708
6.6 0.395286223147 0.0108531179799
6.7 0.421943756578 0.0102297384295
6.8 0.450434577252 0.00966877752079
6.9 0.480883274233 0.00916553602529
7 0.513422838742 0.00871588855977
7.1 0.548195256821 0.00831623166257
7.2 0.58535203867 0.00796347871466
7.3 0.625054839295 0.00765504161358
7.4 0.667476131456 0.00738881983086
7.5 0.712799836655 0.00716320319743
7.6 0.761222041811 0.00697709222594
7.7 0.812951737486 0.00682992921532
7.8 0.868211571171 0.00672171526829
7.9 0.927238580304 0.00665311827814
8 0.990284994018 0.00662554460268
8.1 1.05761907369 0.0066412059752
8.2 1.12952563844 0.00670342476412
8.3 1.20630695615 0.00681674023232
8.4 1.28828345441 0.00698714310322
8.5 1.37579347852 0.00722284238194
8.6 1.46919435461 0.0075343793345
8.7 1.56886213048 0.00793543759251
8.8 1.67518924478 0.00844469899612
8.9 1.78858592934 0.00908589954461
9 1.9094762526 0.00989052091702
9.1 2.03829109491 0.010901990407
9.2 2.17546655151 0.0121773223407
9.3 2.3214277387 0.0137959488043
9.4 2.47657529787 0.0158672671958
9.5 2.64126205785 0.0185431140544
9.6 2.81575017272 0.0220401950008
9.7 3.00014935199 0.0266722501844
9.8 3.19433392852 0.0328933669307
9.9 3.39778339541 0.0413810578889
10 3.60936187983 0.0531513670294
10.1 3.82695379822 0.0697502770701
10.2 4.04687595398 0.0935623050671
10.3 4.26298644244 0.128277711381
10.4 4.46529945288 0.179609876153
10.5 4.63801689373 0.256283221562
10.6 4.75709794798 0.371149850366
10.7 4.78830807341 0.54173293372
10.8 4.68856647364 0.788314502972
10.9 4.41585854792 1.12630194364
11 3.95193109307 1.55097091727
11.1 3.32955163006 2.02178018433
11.2 2.63688093293 2.46557687367
11.3 1.98027600301 2.8083458014
11.4 1.43381951747 3.01083013785
11.5 1.01999232016 3.07659464798
11.6 0.724722220424 3.03490392506
11.7 0.520502584344 2.92063285205
11.8 0.380768991243 2.76329044087
11.9 0.284921288917 2.58418345234
12 0.218491786796 2.39739220267
12.1 0.171776314639 2.21169953705
12.2 0.13838258636 2.03231975787
12.3 0.114111584571 1.86216429878
12.4 0.0961889931367 1.702691289
12.5 0.0827620335897 1.55445640215
12.6 0.0725760293288 1.41746454944
12.7 0.0647694661928 1.29139083711
12.8 0.0587412764751 1.17572192737
12.9 0.0540663749799 1.06984395601
13 0.0504399098081 0.973098787913
13.1 0.0476403517625 0.884819278978
13.2 0.0455050472746 0.804350772255
13.3 0.0439129179788 0.731064793181
13.4 0.0427735062267 0.664365771287
13.5 0.042018667511 0.603695190694
13.6 0.0415968825284 0.548533054641
13.7 0.0414691935664 0.498397768593
13.8 0.0416062698203 0.452845095791
13.9 0.0419863765736 0.411466471523
14 0.0425932956764 0.373887382529
14.1 0.0434158857407 0.339764695019
14.2 0.044446669295 0.308784850218
14.3 0.0456814038776 0.28066155148
14.4 0.0471185457999 0.255133739517
14.5 0.0487587940919 0.231963519322
14.6 0.0506049190774 0.210934286875
14.7 0.0526614773571 0.191848947
14.8 0.0549346896121 0.174528254139
14.9 0.0574323681055 0.158809369621
15 0.0601635931276 0.144543866221
15.1 0.0631390469561 0.131597373957
15.2 0.0663707554964 0.119847676647
15.3 0.0698720780996 0.109183677434
15.4 0.0736578827543 0.0995049182666
15.5 0.0777443435656 0.0907197220448
15.6 0.0821491937153 0.082745364098
15.7 0.0868916193322 0.0755064463475
15.8 0.0919924083774 0.0689346997109
15.9 0.0974740168424 0.0629682899373
16 0.103360594837 0.0575508885561
16.1 0.109678179176 0.0526317342743
16.2 0.116454685899 0.0481645060566
16.3 0.123720113752 0.0441073671429
16.4 0.131506627844 0.0404223803576
16.5 0.139848680659 0.0370750812343
16.6 0.148783191973 0.0340342267384
16.7 0.158349712337 0.0312716932237
16.8 0.168590567579 0.0287619804168
16.9 0.179551007683 0.0264817134293
17 0.191279459604 0.0244099263628
17.1 0.203827712199 0.0225275533518
17.2 0.217251138032 0.0208173251532
17.3 0.231608932266 0.0192636659187
17.4 0.246964384788 0.0178524356355
17.5 0.263385131898 0.0165708847816
17.6 0.280943453807 0.0154074971896
17.7 0.299716594226 0.0143518263644
17.8 0.319787059624 0.0133944604051
17.9 0.341243032821 0.0125269305432
18 0.364178680297 0.0117416010438
18.1 0.388694593503 0.01103164277
18.2 0.414898234782 0.0103909052158
18.3 0.442904324471 0.00981393019195
18.4 0.472835319555 0.00929589707734
18.5 0.504822105497 0.00883252129673
18.6 0.539004254952 0.00842005512756
18.7 0.575530601984 0.00805525247021
18.8 0.614560328609 0.00773543586054
18.9 0.65626302094 0.00745836991289
19 0.700819356641 0.00722226500872
19.1 0.748422445109 0.00702595285035
19.2 0.799277865792 0.00686872251517
19.3 0.853604435914 0.00675036191335
19.4 0.911635597886 0.00667145584107
19.5 0.973619600451 0.00663319026787
19.6 1.0398202887 0.00663745780868
19.7 1.11051820624 0.00668744487251
19.8 1.18601110512 0.0067873209651
19.9 1.26661461463 0.00694248156852
20 1.352662139 0.00716086370366
