"Time" "Prey" "Predator"
0 39.0695908909 39.3683544321
0.1 0.0111839752028 62.7765613614
0.2 4.16503245484e-06 56.8103244484
0.3 -5.90678465932e-08 51.4041225799
0.4 -1.24748043332e-07 46.5123819007
0.5 -1.24748043332e-07 42.0861680194
0.6 -1.24748043332e-07 38.0811612566
0.7 -1.24748043332e-07 34.4572484483
0.8 -1.24748043332e-07 31.1781807794
0.9 -1.24748043332e-07 28.2111805495
1 -1.24748043332e-07 25.5265269944
1.1 -1.24748043332e-07 23.0973506599
1.2 -1.24748043332e-07 20.8993326886
1.3 -1.24748043332e-07 18.9105148
1.4 -1.24748043332e-07 17.1109642378
1.5 -1.24748043332e-07 15.4826283195
1.6 -1.24748043332e-07 14.009266047
1.7 -1.24748043332e-07 12.6761092195
1.8 -1.24748043332e-07 11.4698179414
1.9 -1.24748043332e-07 10.3783207234
2 -1.24748043332e-07 9.39069362881
2.1 -1.24748043332e-07 8.4970513863
2.2 -1.24748043332e-07 7.68845148247
2.3 -1.24748043332e-07 6.95679963445
2.4 -1.24748043332e-07 6.29477399465
2.5 -1.24748043332e-07 5.69574770948
2.6 -1.24748043332e-07 5.15372633971
2.7 -1.24748043332e-07 4.66328550257
2.8 -1.24748043332e-07 4.21951566064
2.9 -1.24748043332e-07 3.8179762379
3 -1.24748043332e-07 3.45464848637
3.1 -1.24748043332e-07 3.12589538721
3.2 -1.24748043332e-07 2.82842733853
3.3 -1.24748043332e-07 2.55926587978
3.4 -1.24748043332e-07 2.31571851256
3.5 -1.24748043332e-07 2.09534848234
3.6 -1.24748043332e-07 1.89594971684
3.7 -1.24748043332e-07 1.71552625275
3.8 -1.24748043332e-07 1.55227232729
3.9 -1.24748043332e-07 1.40455393096
4 -1.24748043332e-07 1.27089296701
4.1 -1.24748043332e-07 1.14995151175
4.2 -1.24748043332e-07 1.04051909992
4.3 -1.24748043332e-07 0.941500540926
4.4 -1.24748043332e-07 0.851904492708
4.5 -1.24748043332e-07 0.7708346053
4.6 -1.24748043332e-07 0.697479961866
4.7 -1.24748043332e-07 0.631105760088
4.8 -1.24748043332e-07 0.571048168882
4.9 -1.24748043332e-07 0.51670564562
5 -1.24748043332e-07 0.467534523175
5.1 -1.24748043332e-07 0.423042680107
5.2 -1.24748043332e-07 0.38278466094
5.3 -1.24748043332e-07 0.34635792954
5.4 -1.24748043332e-07 0.313397559575
5.5 -1.24748043332e-07 0.28357384637
5.6 -1.24748043332e-07 0.256588186111
5.7 -1.24748043332e-07 0.232170502967
5.8 -1.24748043332e-07 0.210076567087
5.9 -1.24748043332e-07 0.190085065074
6 -1.24748043332e-07 0.171996090459
6.1 -1.24748043332e-07 0.155628475746
6.2 -1.24748043332e-07 0.140818447858
6.3 -1.24748043332e-07 0.127417794876
6.4 -1.24748043332e-07 0.115292336254
6.5 -1.24748043332e-07 0.104320828442
6.6 -1.24748043332e-07 0.0943933642632
6.7 -1.24748043332e-07 0.0854106437349
6.8 -1.24748043332e-07 0.0772827298018
6.9 -1.24748043332e-07 0.0699282647151
7 -1.24748043332e-07 0.0632737178714
7.1 -1.24748043332e-07 0.0572524072426
7.2 -1.24748043332e-07 0.0518041192544
7.3 -1.24748043332e-07 0.0468743040565
7.4 -1.24748043332e-07 0.0424136074201
7.5 -1.24748043332e-07 0.0383774245141
7.6 -1.24748043332e-07 0.0347253144496
7.7 -1.24748043332e-07 0.0314207610343
7.8 -1.24748043332e-07 0.0284306794856
7.9 -1.24748043332e-07 0.0257251336227
8 -1.24748043332e-07 0.0232770677758
8.1 -1.24748043332e-07 0.0210619537841
8.2 -1.24748043332e-07 0.0190576422453
8.3 -1.24748043332e-07 0.0172440660292
8.4 -1.24748043332e-07 0.0156030692295
8.5 -1.24748043332e-07 0.0141182435991
8.6 -1.24748043332e-07 0.0127747111123
8.7 -1.24748043332e-07 0.0115590362482
8.8 -1.24748043332e-07 0.010459047465
8.9 -1.24748043332e-07 0.00946373303708
9 -1.24748043332e-07 0.00856314071209
9.1 -1.24748043332e-07 0.00774824782238
9.2 -1.24748043332e-07 0.00701090366256
9.3 -1.24748043332e-07 0.00634371659774
9.4 -1.24748043332e-07 0.005740009524
9.5 -1.24748043332e-07 0.00519376954408
9.6 -1.24748043332e-07 0.00469953294573
9.7 -1.24748043332e-07 0.00425234162228
9.8 -1.24748043332e-07 0.00384769684409
9.9 -1.24748043332e-07 0.00348156028293
10 -1.24748043332e-07 0.00315027987847
10.1 -1.24748043332e-07 0.00285050329901
10.2 -1.24748043332e-07 0.00257923693725
10.3 -1.24748043332e-07 0.0023337952474
10.4 -1.24748043332e-07 0.00211170359218
10.5 -1.24748043332e-07 0.0019107417563
10.6 -1.24748043332e-07 0.00172891802377
10.7 -1.24748043332e-07 0.00156439374071
10.8 -1.24748043332e-07 0.00141551753014
10.9 -1.24748043332e-07 0.00128081819806
11 -1.24748043332e-07 0.00115893473582
11.1 -1.24748043332e-07 0.00104864491383
11.2 -1.24748043332e-07 0.000948863861939
11.3 -1.24748043332e-07 0.000858581781463
11.4 -1.24748043332e-07 0.000776872109348
11.5 -1.24748043332e-07 0.000702937646714
11.6 -1.24748043332e-07 0.000636044439102
11.7 -1.24748043332e-07 0.000575513081272
11.8 -1.24748043332e-07 0.000520735626975
11.9 -1.24748043332e-07 0.000471177926501
12 -1.24748043332e-07 0.000426340031205
12.1 -1.24748043332e-07 0.000385763452052
12.2 -1.24748043332e-07 0.000349051134047
12.3 -1.24748043332e-07 0.000315837009435
12.4 -1.24748043332e-07 0.000285781339685
12.5 -1.24748043332e-07 0.000258580949887
12.6 -1.24748043332e-07 0.000233971728074
12.7 -1.24748043332e-07 0.000211705647885
12.8 -1.24748043332e-07 0.00019154934321
12.9 -1.24748043332e-07 0.000173323755388
13 -1.24748043332e-07 0.000156830740615
13.1 -1.24748043332e-07 0.000141906075234
13.2 -1.24748043332e-07 0.00012840183779
13.3 -1.24748043332e-07 0.000116186950919
13.4 -1.24748043332e-07 0.000105135548561
13.5 -1.24748043332e-07 9.51325889688e-05
13.6 -1.24748043332e-07 8.60742122647e-05
13.7 -1.24748043332e-07 7.78703198966e-05
13.8 -1.24748043332e-07 7.04412088219e-05
13.9 -1.24748043332e-07 6.37180653468e-05
14 -1.24748043332e-07 5.76433590951e-05
14.1 -1.24748043332e-07 5.21555853325e-05
14.2 -1.24748043332e-07 4.71881534263e-05
14.3 -1.24748043332e-07 4.2693248817e-05
14.4 -1.24748043332e-07 3.86303192272e-05
14.5 -1.24748043332e-07 3.496389672e-05
14.6 -1.24748043332e-07 3.16474884095e-05
14.7 -1.24748043332e-07 2.86445967423e-05
14.8 -1.24748043332e-07 2.5925635359e-05
14.9 -1.24748043332e-07 2.34654686714e-05
15 -1.24748043332e-07 2.12174651342e-05
15.1 -1.24748043332e-07 1.92148623063e-05
15.2 -1.24748043332e-07 1.73907123808e-05
15.3 -1.24748043332e-07 1.57361152154e-05
15.4 -1.24748043332e-07 1.42412556122e-05
15.5 -1.24748043332e-07 1.28895581748e-05
15.6 -1.24748043332e-07 1.16679228013e-05
15.7 -1.24748043332e-07 1.05644079388e-05
15.8 -1.24748043332e-07 9.56707203418e-06
15.9 -1.24748043332e-07 8.66397353457e-06
16 -1.24748043332e-07 7.84691993765e-06
16.1 -1.24748043332e-07 7.11013345628e-06
16.2 -1.24748043332e-07 6.44435705066e-06
16.3 -1.24748043332e-07 5.84032638961e-06
16.4 -1.24748043332e-07 5.28877714196e-06
16.5 -1.24748043332e-07 4.78184093209e-06
16.6 -1.24748043332e-07 4.32196234651e-06
16.7 -1.24748043332e-07 3.90628426645e-06
16.8 -1.24748043332e-07 3.53018215877e-06
16.9 -1.24748043332e-07 3.1890314903e-06
17 -1.24748043332e-07 2.8782077279e-06
17.1 -1.24748043332e-07 2.5539117395e-06
17.2 -1.24748043332e-07 2.32181877755e-06
17.3 -1.24748043332e-07 2.10584275961e-06
17.4 -1.24748043332e-07 1.90598368568e-06
17.5 -1.24748043332e-07 1.72224155576e-06
17.6 -1.24748043332e-07 1.55436797519e-06
17.7 -1.24748043332e-07 1.40057092567e-06
17.8 -1.24748043332e-07 1.26049510102e-06
17.9 -1.24748043332e-07 1.13414050124e-06
18 -1.24748043332e-07 1.02150712633e-06
18.1 -1.24748043332e-07 9.2259497629e-07
18.2 -1.24748043332e-07 8.35783406964e-07
18.3 -1.24748043332e-07 7.56461338662e-07
18.4 -1.24748043332e-07 6.84346028824e-07
18.5 -1.24748043332e-07 6.19437477451e-07
18.6 -1.24748043332e-07 5.61735684543e-07
18.7 -1.24748043332e-07 5.11240650099e-07
18.8 -1.24748043332e-07 4.66203830015e-07
18.9 -1.24748043332e-07 4.2454616308e-07
19 -1.24748043332e-07 3.86263834183e-07
19.1 -1.24748043332e-07 3.51356843324e-07
19.2 -1.24748043332e-07 3.19825190504e-07
19.3 -1.24748043332e-07 2.91637711031e-07
19.4 -1.24748043332e-07 2.65814365045e-07
19.5 -1.24748043332e-07 2.41888602969e-07
19.6 -1.24748043332e-07 2.19860424803e-07
19.7 -1.24748043332e-07 1.99729830548e-07
19.8 -1.24748043332e-07 1.81496820203e-07
19.9 -1.24748043332e-07 1.65088295718e-07
20 -1.24748043332e-07 1.49976898527e-07
