"Time" "Prey" "Predator"
0 0 2.52445416247
0.1 0 2.28422283003
0.2 0 2.06685106428
0.3 0 1.87016480214
0.4 0 1.69219463153
0.5 0 1.53116008026
0.6 0 1.38545073065
0.7 0 1.25360743723
0.8 0 1.13431013476
0.9 0 1.02636438585
1 0 0.92869414502
1.1 0 0.840321134586
1.2 0 0.760353438453
1.3 0 0.687995360768
1.4 0 0.622524597906
1.5 0 0.56328365124
1.6 0 0.509680109272
1.7 0 0.461177618722
1.8 0 0.417290861806
1.9 0 0.377580420612
2 0 0.34164892513
2.1 0 0.309136898767
2.2 0 0.279718720221
2.3 0 0.253100095223
2.4 0 0.229014470193
2.5 0 0.207220967006
2.6 0 0.187501315003
2.7 0 0.169658290442
2.8 0 0.153513203159
2.9 0 0.138904544894
3 0 0.125686069128
3.1 0 0.113725489378
3.2 0 0.102903137407
3.3 0 0.0931106465319
3.4 0 0.0842498600105
3.5 0 0.0762321985148
3.6 0 0.068977718254
3.7 0 0.062413583905
3.8 0 0.0564741776871
3.9 0 0.0510999803472
4 0 0.0462371867425
4.1 0 0.0418371175636
4.2 0 0.0378557606369
4.3 0 0.0342533181974
4.4 0 0.0309936966188
4.5 0 0.0280442609112
4.6 0 0.0253754878009
4.7 0 0.0229606829348
4.8 0 0.0207756543051
4.9 0 0.018798560245
5 0 0.0170096576722
5.1 0 0.0153910117095
5.2 0 0.0139263836871
5.3 0 0.0126011482289
5.4 0 0.0114020232943
5.5 0 0.010316976883
5.6 0 0.00933520471556
5.7 0 0.00844684246218
5.8 0 0.00764302932861
5.9 0 0.00691571453862
6 0 0.00625759568612
6.1 0 0.00566211958349
6.2 0 0.00512330131764
6.3 0 0.00463579760593
6.4 0 0.00419472826843
6.5 0 0.00379559610867
6.6 0 0.00343438228958
6.7 0 0.00310756622456
6.8 0 0.00281185307291
6.9 0 0.00254423210279
7 0 0.00230208900735
7.1 0 0.00208301254146
7.2 0 0.00188477565507
7.3 0 0.00170539872045
7.4 0 0.00154311772779
7.5 0 0.00139628438748
7.6 0 0.00126339399888
7.7 0 0.00114315589511
7.8 0 0.00103436819996
7.9 0 0.000935923726714
8 0 0.000846845369874
8.1 0 0.000766254817928
8.2 0 0.000693336259498
8.3 0 0.000627348920888
8.4 0 0.000567649033853
8.5 0 0.000513635222377
8.6 0 0.000464753136467
8.7 0 0.000420520659772
8.8 0 0.000380501326816
8.9 0 0.000344290004335
9 0 0.000311516077041
9.1 0 0.000281874019992
9.2 0 0.000255051582821
9.3 0 0.000230778581198
9.4 0 0.000208820774651
9.5 0 0.000188957493219
9.6 0 0.000170983146502
9.7 0 0.000154710672511
9.8 0 0.000139973612688
9.9 0 0.000126627042378
10 0 0.00011454326968
10.1 0 0.000103613745178
10.2 0 9.37451856983e-05
10.3 0 8.48190697982e-05
10.4 0 7.67398559315e-05
10.5 0 6.94317302097e-05
10.6 0 6.28311735573e-05
10.7 0 5.68715932306e-05
10.8 0 5.14764312349e-05
10.9 0 4.65910206874e-05
11 0 4.21684414243e-05
11.1 0 3.81024845824e-05
11.2 0 3.45227250296e-05
11.3 0 3.12547245059e-05
11.4 0 2.82833342044e-05
11.5 0 2.55934053184e-05
11.6 0 2.31635308622e-05
11.7 0 2.09661363714e-05
11.8 0 1.89808421286e-05
11.9 0 1.71873485454e-05
12 0 1.55653560337e-05
12.1 0 1.4095579755e-05
12.2 0 1.27689032884e-05
12.3 0 1.15717314027e-05
12.4 0 1.04883270408e-05
12.5 0 9.50295314591e-06
12.6 0 8.59987266104e-06
12.7 0 7.77292253736e-06
12.8 0 7.02537497773e-06
12.9 0 6.34949537831e-06
13 0 5.73742655017e-06
13.1 0 5.18131130441e-06
13.2 0 4.57296382864e-06
13.3 0 4.16325600452e-06
13.4 0 3.78092542641e-06
13.5 0 3.42597209431e-06
13.6 0 3.09839600822e-06
13.7 0 2.79819716813e-06
13.8 0 2.52375485644e-06
13.9 0 2.27264775028e-06
14 0 2.04485254967e-06
14.1 0 1.84036925461e-06
14.2 0 1.6591978651e-06
14.3 0 1.50122533188e-06
14.4 0 1.35956261324e-06
14.5 0 1.23014515755e-06
14.6 0 1.11297296483e-06
14.7 0 1.00804603508e-06
14.8 0 9.15364368293e-07
14.9 0 8.34425384991e-07
15 0 7.60421089729e-07
15.1 0 6.92151897706e-07
15.2 0 6.29617808922e-07
15.3 0 5.72818823379e-07
15.4 0 5.21754941075e-07
15.5 0 4.75907163209e-07
15.6 0 4.3344348002e-07
15.7 0 3.94203816359e-07
15.8 0 3.58188172226e-07
15.9 0 3.2539654762e-07
16 0 2.95828942542e-07
16.1 0 2.69007814109e-07
16.2 0 2.44219721888e-07
16.3 0 2.21457800558e-07
16.4 0 2.0072205012e-07
16.5 0 1.82012470572e-07
16.6 0 1.65320679641e-07
16.7 0 1.50135874847e-07
16.8 0 1.36156681467e-07
16.9 0 1.23383099501e-07
17 0 1.1181512895e-07
17.1 0 1.01452769814e-07
17.2 0 9.22550630244e-08
17.3 0 8.38301680528e-08
17.4 0 7.60803215072e-08
17.5 0 6.90055233876e-08
17.6 0 6.2605773694e-08
17.7 0 5.68810724264e-08
17.8 0 5.17701497517e-08
17.9 0 4.70567297721e-08
18 0 4.27219149917e-08
18.1 0 3.87657054104e-08
18.2 0 3.51881010283e-08
18.3 0 3.19891018454e-08
18.4 0 2.69784658754e-08
18.5 0 2.19439072995e-08
18.6 0 1.71401256244e-08
18.7 0 1.25671208499e-08
18.8 0 8.22489297624e-09
18.9 0 4.11344200327e-09
19 0 2.32767931013e-10
19.1 0 -3.41712924052e-09
19.2 0 -6.83624951133e-09
19.3 0 -1.00245928814e-08
19.4 0 -1.29821593508e-08
19.5 0 -1.57089489194e-08
19.6 0 -1.82049615873e-08
19.7 0 -2.04701973545e-08
19.8 0 -2.2504656221e-08
19.9 0 -2.43083381868e-08
20 0 -2.58812432518e-08
