"Time" "Prey" "Predator"
0 14.7768890187 26.9129381156
0.1 0.173314402751 34.6578113728
0.2 0.00225051507666 31.4800403798
0.3 4.42903731739e-05 28.4858758061
0.4 1.27804169886e-06 25.7751054704
0.5 -4.22627551951e-08 23.3222939744
0.6 -6.69203128473e-09 21.1028882598
0.7 -6.69203128473e-09 19.0946862079
0.8 -6.69203128473e-09 17.2775863774
0.9 -6.69203128473e-09 15.6333950095
1 -6.69203128473e-09 14.1456784177
1.1 -6.69203128473e-09 12.799536687
1.2 -6.69203128473e-09 11.5814966512
1.3 -6.69203128473e-09 10.4793645889
1.4 -6.69203128473e-09 9.48212938156
1.5 -6.69203128473e-09 8.57979614854
1.6 -6.69203128473e-09 7.7633148344
1.7 -6.69203128473e-09 7.02453992648
1.8 -6.69203128473e-09 6.35606712881
1.9 -6.69203128473e-09 5.75120739964
2 -6.69203128473e-09 5.20390779425
2.1 -6.69203128473e-09 4.70869085698
2.2 -6.69203128473e-09 4.26059989838
2.3 -6.69203128473e-09 3.85515093988
2.4 -6.69203128473e-09 3.48828543917
2.5 -6.69203128473e-09 3.1563319535
2.6 -6.69203128473e-09 2.85596755949
2.7 -6.69203128473e-09 2.5841867433
2.8 -6.69203128473e-09 2.3382694081
2.9 -6.69203128473e-09 2.1157538759
3 -6.69203128473e-09 1.91441367746
3.1 -6.69203128473e-09 1.73223343888
3.2 -6.69203128473e-09 1.56738977665
3.3 -6.69203128473e-09 1.41823310574
3.4 -6.69203128473e-09 1.28327003452
3.5 -6.69203128473e-09 1.16114990945
3.6 -6.69203128473e-09 1.05065178457
3.7 -6.69203128473e-09 0.950668955762
3.8 -6.69203128473e-09 0.860200899293
3.9 -6.69203128473e-09 0.778341960443
4 -6.69203128473e-09 0.704272850626
4.1 -6.69203128473e-09 0.637252405673
4.2 -6.69203128473e-09 0.576609824087
4.3 -6.69203128473e-09 0.521738141471
4.4 -6.69203128473e-09 0.472088144122
4.5 -6.69203128473e-09 0.427162913031
4.6 -6.69203128473e-09 0.386512645586
4.7 -6.69203128473e-09 0.349730993875
4.8 -6.69203128473e-09 0.316449626069
4.9 -6.69203128473e-09 0.286335372002
5 -6.69203128473e-09 0.259087016181
5.1 -6.69203128473e-09 0.234431544478
5.2 -6.69203128473e-09 0.212122427261
5.3 -6.69203128473e-09 0.191936257422
5.4 -6.69203128473e-09 0.173671013237
5.5 -6.69203128473e-09 0.157144067064
5.6 -6.69203128473e-09 0.142189804655
5.7 -6.69203128473e-09 0.128658669284
5.8 -6.69203128473e-09 0.116415158619
5.9 -6.69203128473e-09 0.10533673906
6 -6.69203128473e-09 0.0953126325921
6.1 -6.69203128473e-09 0.0862423979229
6.2 -6.69203128473e-09 0.0780353502351
6.3 -6.69203128473e-09 0.0706093033963
6.4 -6.69203128473e-09 0.0638899216576
6.5 -6.69203128473e-09 0.057809999239
6.6 -6.69203128473e-09 0.052308623335
6.7 -6.69203128473e-09 0.0473307967326
6.8 -6.69203128473e-09 0.0428266716489
6.9 -6.69203128473e-09 0.0387511623583
7 -6.69203128473e-09 0.0350635087611
7.1 -6.69203128473e-09 0.0317267631797
7.2 -6.69203128473e-09 0.0287075622137
7.3 -6.69203128473e-09 0.0259756714914
7.4 -6.69203128473e-09 0.0235037486638
7.5 -6.69203128473e-09 0.0212670751787
7.6 -6.69203128473e-09 0.0192432392667
7.7 -6.69203128473e-09 0.0174120036956
7.8 -6.69203128473e-09 0.01575503029
7.9 -6.69203128473e-09 0.0142557347821
8 -6.69203128473e-09 0.0128991240399
8.1 -6.69203128473e-09 0.0116716052154
8.2 -6.69203128473e-09 0.0105609052178
8.3 -6.69203128473e-09 0.0095559014356
8.4 -6.69203128473e-09 0.00864653419363
8.5 -6.69203128473e-09 0.00782370853619
8.6 -6.69203128473e-09 0.00707918136342
8.7 -6.69203128473e-09 0.00640550701337
8.8 -6.69203128473e-09 0.00579592944224
8.9 -6.69203128473e-09 0.00524435076926
9 -6.69203128473e-09 0.00474528022266
9.1 -6.69203128473e-09 0.004293723535
9.2 -6.69203128473e-09 0.00388515008755
9.3 -6.69203128473e-09 0.00351544812077
9.4 -6.69203128473e-09 0.00318092899552
9.5 -6.69203128473e-09 0.00287825669887
9.6 -6.69203128473e-09 0.00260436731571
9.7 -6.69203128473e-09 0.00235652306577
9.8 -6.69203128473e-09 0.00213227418781
9.9 -6.69203128473e-09 0.00192936067499
10 -6.69203128473e-09 0.00174574972258
10.1 -6.69203128473e-09 0.00157962571419
10.2 -6.69203128473e-09 0.00142931013341
10.3 -6.69203128473e-09 0.00129328783351
10.4 -6.69203128473e-09 0.00117021896548
10.5 -6.69203128473e-09 0.00105886179482
10.6 -6.69203128473e-09 0.000958093417559
10.7 -6.69203128473e-09 0.000866925879223
10.8 -6.69203128473e-09 0.000784439579486
10.9 -6.69203128473e-09 0.000709787894733
11 -6.69203128473e-09 0.000642236758187
11.1 -6.69203128473e-09 0.000581119552574
11.2 -6.69203128473e-09 0.000525816970982
11.3 -6.69203128473e-09 0.000475769466455
11.4 -6.69203128473e-09 0.000430490427052
11.5 -6.69203128473e-09 0.000389524463291
11.6 -6.69203128473e-09 0.000352452523929
11.7 -6.69203128473e-09 0.000318909455335
11.8 -6.69203128473e-09 0.000288562892902
11.9 -6.69203128473e-09 0.000261103503093
12 -6.69203128473e-09 0.000236251925283
12.1 -6.69203128473e-09 0.000213767512159
12.2 -6.69203128473e-09 0.000193424318971
12.3 -6.69203128473e-09 0.000175007563318
12.4 -6.69203128473e-09 0.000158356591335
12.5 -6.69203128473e-09 0.000143287868672
12.6 -6.69203128473e-09 0.000129652360281
12.7 -6.69203128473e-09 0.000117313673144
12.8 -6.69203128473e-09 0.000106153071332
12.9 -6.69203128473e-09 9.60560154325e-05
13 -6.69203128473e-09 8.69175192427e-05
13.1 -6.69203128473e-09 7.86424956626e-05
13.2 -6.69203128473e-09 7.11480590867e-05
13.3 -6.69203128473e-09 6.43611413591e-05
13.4 -6.69203128473e-09 5.82182909771e-05
13.5 -6.69203128473e-09 5.26662134832e-05
13.6 -6.69203128473e-09 4.76522295719e-05
13.7 -6.69203128473e-09 4.31139954025e-05
13.8 -6.69203128473e-09 3.90070936028e-05
13.9 -6.69203128473e-09 3.52940533115e-05
14 -6.69203128473e-09 3.19430575417e-05
14.1 -6.69203128473e-09 2.89132534425e-05
14.2 -6.69203128473e-09 2.61699629994e-05
14.3 -6.69203128473e-09 2.3685964156e-05
14.4 -6.69203128473e-09 2.14380430009e-05
14.5 -6.69203128473e-09 1.93814462274e-05
14.6 -6.69203128473e-09 1.75541799177e-05
14.7 -6.69203128473e-09 1.58887589094e-05
14.8 -6.69203128473e-09 1.43771684174e-05
14.9 -6.69203128473e-09 1.30110224922e-05
15 -6.69203128473e-09 1.17759555653e-05
15.1 -6.69203128473e-09 1.06595657512e-05
15.2 -6.69203128473e-09 9.65110091215e-06
15.3 -6.69203128473e-09 8.73980891021e-06
15.4 -6.69203128473e-09 7.91493760756e-06
15.5 -6.69203128473e-09 7.16811379316e-06
15.6 -6.69203128473e-09 6.49466892869e-06
15.7 -6.69203128473e-09 5.88638156688e-06
15.8 -6.69203128473e-09 5.33491125257e-06
15.9 -6.69203128473e-09 4.83191753062e-06
16 -6.69203128473e-09 4.36962631944e-06
16.1 -6.69203128473e-09 3.94938806896e-06
16.2 -6.69203128473e-09 3.56955676924e-06
16.3 -6.69203128473e-09 3.22596899699e-06
16.4 -6.69203128473e-09 2.91446132888e-06
16.5 -6.69203128473e-09 2.63087034161e-06
16.6 -6.69203128473e-09 2.33125364551e-06
16.7 -6.69203128473e-09 2.12016708674e-06
16.8 -6.69203128473e-09 1.92359024391e-06
16.9 -6.69203128473e-09 1.74152311704e-06
17 -6.69203128473e-09 1.57396570611e-06
17.1 -6.69203128473e-09 1.42081551217e-06
17.2 -6.69203128473e-09 1.28053438722e-06
17.3 -6.69203128473e-09 1.15260646836e-06
17.4 -6.69203128473e-09 1.03703175559e-06
17.5 -6.69203128473e-09 9.33810248904e-07
17.6 -6.69203128473e-09 8.4294194831e-07
17.7 -6.69203128473e-09 7.6351276013e-07
17.8 -6.69203128473e-09 6.91143989228e-07
17.9 -6.69203128473e-09 6.25263569076e-07
18 -6.69203128473e-09 5.65871499674e-07
18.1 -6.69203128473e-09 5.12967781023e-07
18.2 -6.69203128473e-09 4.66552413122e-07
18.3 -6.69203128473e-09 4.25498488221e-07
18.4 -6.69203128473e-09 3.87546803333e-07
18.5 -6.69203128473e-09 3.52633988117e-07
18.6 -6.69203128473e-09 3.20760042573e-07
18.7 -6.69203128473e-09 2.91924966701e-07
18.8 -6.69203128473e-09 2.6612649805e-07
18.9 -6.69203128473e-09 2.4262634035e-07
19 -6.69203128473e-09 2.20834590011e-07
19.1 -6.69203128473e-09 2.00751247033e-07
19.2 -6.69203128473e-09 1.82376311418e-07
19.3 -6.69203128473e-09 1.65709783164e-07
19.4 -6.69203128473e-09 1.50721493351e-07
19.5 -6.69203128473e-09 1.3695871283e-07
19.6 -6.69203128473e-09 1.2426960565e-07
19.7 -6.69203128473e-09 1.12654171811e-07
19.8 -6.69203128473e-09 1.02112411311e-07
19.9 -6.69203128473e-09 9.26443241524e-08
20 -6.69203128473e-09 8.41821380862e-08
