"Time" "Prey" "Predator"
0 0.000984710957511 3.56153288499
0.1 0.00067012650529 3.22287372169
0.2 0.000475966510486 2.91634254297
0.3 0.000351456053433 2.63892468243
0.4 0.00026864598172 2.38787065033
0.5 0.000212011488628 2.16068509818
0.6 0.000172277882527 1.95510577364
0.7 0.000143679371927 1.7690803789
0.8 0.000122698873706 1.60075069568
0.9 0.00010707585727 1.44843503084
1 9.5435524094e-05 1.3106133831
1.1 8.64399513289e-05 1.18590348354
1.2 7.95011818468e-05 1.07305900808
1.3 7.41667083943e-05 0.970951410001
1.4 7.00968358602e-05 0.878559593662
1.5 6.70316928873e-05 0.794959311963
1.6 6.47783481012e-05 0.7193137405
1.7 6.32045304227e-05 0.650866244092
1.8 6.220742288e-05 0.588931892563
1.9 6.17078499396e-05 0.532890884498
2 6.16434278162e-05 0.482182213096
2.1 6.19803135996e-05 0.436299089024
2.2 6.26823559695e-05 0.394782105886
2.3 6.37296361901e-05 0.357215913758
2.4 6.51040504063e-05 0.32322441269
2.5 6.67958517748e-05 0.292467460165
2.6 6.87995444365e-05 0.264637263591
2.7 7.11140598323e-05 0.239455376407
2.8 7.37416854324e-05 0.216669755499
2.9 7.6687811434e-05 0.196052361895
3 7.99605474691e-05 0.177396885402
3.1 8.35704459124e-05 0.160516564458
3.2 8.75306058923e-05 0.145242559888
3.3 9.18563592388e-05 0.131422075167
3.4 9.65650483205e-05 0.118916698767
3.5 0.000101676370836 0.10760135928
3.6 0.000107212043875 0.0973627278134
3.7 0.00011319607064 0.088098399702
3.8 0.000119654667483 0.0797156406816
3.9 0.000126616367421 0.072130552324
4 0.000134112136618 0.0652672821304
4.1 0.000142175413446 0.0590570832925
4.2 0.000150842297959 0.0534378453139
4.3 0.000160151652145 0.0483533009385
4.4 0.000170145273439 0.0437525865581
4.5 0.000180868060128 0.0395896703126
4.6 0.000192368194319 0.0358228702998
4.7 0.000204697352981 0.0324145190779
4.8 0.000217910925283 0.0293304756322
4.9 0.000232068249615 0.0265399029147
5 0.000247232877521 0.0240148709977
5.1 0.000263472847263 0.021730098948
5.2 0.00028086097766 0.0196627453023
5.3 0.000299475203267 0.0177920986049
5.4 0.000319398896917 0.016099452852
5.5 0.000340721256718 0.0145678671117
5.6 0.000363537693345 0.0131820086857
5.7 0.000387950241985 0.0119280247113
5.8 0.000414068042905 0.0107933527128
5.9 0.000442007789277 0.00976664650062
6 0.000471894275246 0.008837630678
6.1 0.00050386093928 0.00799700523289
6.2 0.000538050438811 0.00723636695435
6.3 0.000574615334329 0.00654809787982
6.4 0.000613718699956 0.00592531483436
6.5 0.000655534944162 0.00536177712187
6.6 0.000700250505484 0.00485184369385
6.7 0.000748064573402 0.00439043740675
6.8 0.000799190294619 0.00397295217384
6.9 0.000853855601151 0.00359519880384
7 0.000912303691755 0.00325338148031
7.1 0.000974794766498 0.0029440739224
7.2 0.00104160758985 0.00266420726936
7.3 0.00111303926523 0.00241095835227
7.4 0.00118940739558 0.00218176914546
7.5 0.00127105269991 0.00197438953761
7.6 0.00135833825206 0.00178673980395
7.7 0.00145165185614 0.00161692587269
7.8 0.0015514097037 0.00146327531718
7.9 0.00165805547904 0.00132424717739
8 0.00177206478903 0.00119841027932
8.1 0.00189393998759 0.00108458057619
8.2 0.0020242288029 0.000981568507254
8.3 0.0021635083943 0.000888342826535
8.4 0.00231240191539 0.000803987407998
8.5 0.00247157272895 0.000727658507975
8.6 0.00264172389081 0.000658580951789
8.7 0.00282360972612 0.00059605481892
8.8 0.00301805378012 0.000539452072954
8.9 0.00322591514652 0.000488222883044
9 0.00344810084192 0.000441891668893
9.1 0.00368561276986 0.000399975139211
9.2 0.00393951904419 0.000362033040316
9.3 0.0042109342108 0.000327703157585
9.4 0.00450104835094 0.00029666154027
9.5 0.00481118529294 0.00026856369343
9.6 0.0051427203864 0.000243127646137
9.7 0.00549710077728 0.000220113505148
9.8 0.00587591162238 0.000199288312129
9.9 0.00628086713746 0.000180430477478
10 0.00671374814182 0.000163360713998
10.1 0.00717644985768 0.000147921573318
10.2 0.00767110803391 0.000133937967788
10.3 0.0081999320244 0.000121269418762
10.4 0.0087652309727 0.000109801860527
10.5 0.00936943260742 9.94417571387e-05
10.6 0.0100152452145 9.00841201252e-05
10.7 0.0107056723644 8.16096005143e-05
10.8 0.0114437550589 7.39354033617e-05
10.9 0.0122326956683 6.69908156606e-05
11 0.0130758991642 6.07142517547e-05
11.1 0.0139773053327 5.50297933481e-05
11.2 0.0149409645342 4.98771481921e-05
11.3 0.0159710923269 4.52077927463e-05
11.4 0.0170721227603 4.09812086873e-05
11.5 0.0182489789888 3.71557161626e-05
11.6 0.0195071366157 3.36863280774e-05
11.7 0.020852139917 3.05411375146e-05
11.8 0.0222898266342 2.76937031139e-05
11.9 0.0238263835554 2.51217134179e-05
12 0.0254688796668 2.27943068479e-05
12.1 0.0272246945951 2.06856651507e-05
12.2 0.029101545678 1.87743695701e-05
12.3 0.0311077139845 1.70413241258e-05
12.4 0.0332523439065 1.54695022087e-05
12.5 0.0355449122318 1.40443956572e-05
12.6 0.0379953999823 1.27538656099e-05
12.7 0.0406147815398 1.15852765311e-05
12.8 0.0434149301645 1.05260648388e-05
12.9 0.0464081550948 9.56652482241e-06
13 0.049607493107 8.69824056221e-06
13.1 0.0530275039217 7.91172661755e-06
13.2 0.0566834880895 7.19874791276e-06
13.3 0.0605914561082 6.55241133942e-06
13.4 0.0647685183532 5.96655862509e-06
13.5 0.0692336434257 5.43520557856e-06
13.6 0.0740066364234 4.95329759988e-06
13.7 0.0791085738659 4.51636881762e-06
13.8 0.0845624340178 4.12001059233e-06
13.9 0.0903923277663 3.76052546769e-06
14 0.0966239170361 3.43464080318e-06
14.1 0.103285320229 3.13899896186e-06
14.2 0.110406013185 2.87076374573e-06
14.3 0.118017338615 2.62742913708e-06
14.4 0.126153634944 2.40656756351e-06
14.5 0.134850924128 2.20610038906e-06
14.6 0.14414748123 2.02419522765e-06
14.7 0.154085238393 1.85904355181e-06
14.8 0.164708209441 1.70910606452e-06
14.9 0.176063076353 1.57303585612e-06
15 0.188200832743 1.44950242711e-06
15.1 0.201175332205 1.3373427849e-06
15.2 0.215044324102 1.23550959059e-06
15.3 0.229869633926 1.14305733299e-06
15.4 0.245716730575 1.05915735319e-06
15.5 0.262656574824 9.83019715913e-07
15.6 0.280764136441 9.13957132577e-07
15.7 0.30011998287 8.51342275736e-07
15.8 0.320810464225 7.94601322995e-07
15.9 0.342926902727 7.43236865424e-07
16 0.366568559871 6.96778289344e-07
16.1 0.391839827334 6.54824834258e-07
16.2 0.418852933682 6.17012880038e-07
16.3 0.447728341452 5.83012685447e-07
16.4 0.47859426359 5.5253234884e-07
16.5 0.51158786277 5.25322829542e-07
16.6 0.546855969313 5.01162875096e-07
16.7 0.584555693849 4.79854704384e-07
16.8 0.624854571159 4.61247356394e-07
16.9 0.667931642063 4.45213392808e-07
17 0.713978320069 4.31654344229e-07
17.1 0.7631995574 4.2050784852e-07
17.2 0.815813974724 4.11738871721e-07
17.3 0.872055533855 4.05352250853e-07
17.4 0.932174484067 4.01395100864e-07
17.5 0.996437842031 3.99953179076e-07
17.6 1.06513152295 4.01176322119e-07
17.7 1.13856102269 4.05275818969e-07
17.8 1.21705245057 4.12532879157e-07
17.9 1.30095523192 4.23357218757e-07
18 1.3906423255 4.38262688792e-07
18.1 1.48651200939 4.57899921094e-07
18.2 1.58899056153 4.83196507621e-07
18.3 1.69853377367 5.15356197371e-07
18.4 1.81562886541 5.55894851037e-07
18.5 1.94079656718 6.06934454803e-07
18.6 2.07459327357 6.71438954207e-07
18.7 2.21761383206 7.53143605732e-07
18.8 2.37049406151 8.57193638788e-07
18.9 2.53391384493 9.91707835197e-07
19 2.70859966096 1.16708805561e-06
19.1 2.89532780518 1.39739175142e-06
19.2 3.09492870089 1.70751301962e-06
19.3 3.30828985599 2.13169940201e-06
19.4 3.53635953152 2.71552663184e-06
19.5 3.78015163106 3.5448490703e-06
19.6 4.04075015187 4.75899288365e-06
19.7 4.31931314446 6.54311959353e-06
19.8 4.61707808533 9.22748920167e-06
19.9 4.93536847611 1.35432294891e-05
20 5.27559734429 2.04405130292e-05
