"Time" "Prey" "Predator"
0 0.791960404647 11.7924132375
0.1 0.182488209728 11.1192529997
0.2 0.0471845793222 10.1612170508
0.3 0.0138652157573 9.21904276645
0.4 0.00459849341902 8.34867574962
0.5 0.00170396721081 7.55637792206
0.6 0.000698289431435 6.83805820349
0.7 0.000313453859782 6.18762609298
0.8 0.000152786346155 5.59891999285
0.9 8.0230493799e-05 5.06616900273
1 4.50620820779e-05 4.58408698359
1.1 2.69320381562e-05 4.14786778106
1.2 1.70066395308e-05 3.75315384909
1.3 1.12910984962e-05 3.39599859166
1.4 7.83852516772e-06 3.0728290274
1.5 5.67375643323e-06 2.78041212422
1.6 4.26106125301e-06 2.51582178918
1.7 3.30970077225e-06 2.27641024344
1.8 2.65114428195e-06 2.05978092237
1.9 2.18643104678e-06 1.86376762848
2 1.8540795915e-06 1.68640880547
2.1 1.59904442264e-06 1.52592628061
2.2 1.40740504933e-06 1.3807154063
2.3 1.26286425098e-06 1.24932323622
2.4 1.1525102787e-06 1.13043477601
2.5 1.06727415611e-06 1.02285987424
2.6 1.00187491201e-06 0.925522093477
2.7 9.52304843573e-07 0.837447681191
2.8 9.15337079316e-07 0.757754544677
2.9 8.88119114151e-07 0.68564393437
3 8.69046922857e-07 0.620394994394
3.1 8.58785354084e-07 0.561356819807
3.2 8.55166800979e-07 0.507937172636
3.3 8.56892495417e-07 0.45960049966
3.4 8.63911280891e-07 0.415863557226
3.5 8.76068612904e-07 0.376288874507
3.6 8.92838004666e-07 0.340480304861
3.7 9.14024274086e-07 0.308079447163
3.8 9.39575930752e-07 0.278761835154
3.9 9.69442864049e-07 0.252234056477
4 1.00363556008e-06 0.228230828676
4.1 1.04220418291e-06 0.206511833048
4.2 1.08524008467e-06 0.186859655473
4.3 1.13287412201e-06 0.169077613449
4.4 1.18526925251e-06 0.152987693551
4.5 1.24262039459e-06 0.138428858387
4.6 1.30515841801e-06 0.125255612649
4.7 1.37313731001e-06 0.113335956372
4.8 1.44684357309e-06 0.102550625807
4.9 1.52659397195e-06 0.0927916683161
5 1.61273562444e-06 0.0839613503952
5.1 1.70564829588e-06 0.0759713877732
5.2 1.80574338667e-06 0.0687417320415
5.3 1.91346706707e-06 0.0622000831318
5.4 2.02930101857e-06 0.0562809841998
5.5 2.15376403389e-06 0.0509251432285
5.6 2.28741463796e-06 0.0460789945727
5.7 2.43085306133e-06 0.0416939916978
5.8 2.58472386856e-06 0.0377262806049
5.9 2.74971855194e-06 0.0341361579797
6 2.92657843523e-06 0.0308876672017
6.1 3.11609793933e-06 0.0279483312384
6.2 3.31912803919e-06 0.0252887007352
6.3 3.53657985011e-06 0.0228821682863
6.4 3.76942875419e-06 0.0207046483235
6.5 4.01871867098e-06 0.0187343360392
6.6 4.28556650184e-06 0.0169515370505
6.7 4.57116732728e-06 0.0153383885798
6.8 4.87679936525e-06 0.013878753127
6.9 5.20382987711e-06 0.0125580223918
7 5.55372120271e-06 0.0113629697382
7.1 5.92803698534e-06 0.0102816471457
7.2 6.32844960423e-06 0.00930322120996
7.3 6.75674705427e-06 0.00841790609409
7.4 7.21484125519e-06 0.00761684239695
7.5 7.70477651318e-06 0.00689200683406
7.6 8.2287381979e-06 0.00623615112339
7.7 8.78906333075e-06 0.00564270635386
7.8 9.38824988182e-06 0.00510573512691
7.9 1.00289693086e-05 0.00461985634106
8 1.07140775044e-05 0.00418020211654
8.1 1.14466256021e-05 0.00378239323788
8.2 1.2229877039e-05 0.00342246531004
8.3 1.30673243359e-05 0.00309680210458
8.4 1.39626933085e-05 0.00280213300693
8.5 1.49199654195e-05 0.00253549183627
8.6 1.59434122671e-05 0.00229423792064
8.7 1.70375868731e-05 0.00207594505384
8.8 1.82073490171e-05 0.0018783941701
8.9 1.94579163367e-05 0.00169964039705
9 2.0794855112e-05 0.00153790405752
9.1 2.22241015978e-05 0.0013915489949
9.2 2.37520234468e-05 0.00125912266301
9.3 2.53854256831e-05 0.00113931019492
9.4 2.71316434421e-05 0.00103085450555
9.5 2.89982113251e-05 0.000932784087984
9.6 3.09936576751e-05 0.00084402904471
9.7 3.31268003657e-05 0.00076371459879
9.8 3.54071251162e-05 0.000691035728584
9.9 3.78448498975e-05 0.000625282198331
10 4.04507909868e-05 0.000565786502039
10.1 4.32364123962e-05 0.000511942398144
10.2 4.62142141386e-05 0.000463203747252
10.3 4.9397603331e-05 0.00041908520798
10.4 5.28005806041e-05 0.000379163929874
10.5 5.64379786329e-05 0.00034307227492
10.6 6.03263589545e-05 0.000310417916372
10.7 6.44831148898e-05 0.000280863763128
10.8 6.89264489411e-05 0.000254129973458
10.9 7.36758516275e-05 0.000229963866974
11 7.8753070428e-05 0.000208091705769
11.1 8.41806045794e-05 0.000188293599877
11.2 8.99821269283e-05 0.000170382514054
11.3 9.61834574534e-05 0.000154179831431
11.4 0.000102812841843 0.000139508867416
11.5 0.000109899469661 0.000126229371129
11.6 0.000117474190565 0.000114221462583
11.7 0.000125571692427 0.000103352858035
11.8 0.000134228571552 9.35078906575e-05
11.9 0.000143482759329 8.45961326088e-05
12 0.00015337415895 7.65428198866e-05
12.1 0.000163946164754 6.92749799179e-05
12.2 0.000175248384887 6.26965721209e-05
12.3 0.000187330901073 5.67408994016e-05
12.4 0.000200246320737 5.13518711245e-05
12.5 0.000214050120485 4.64819498186e-05
12.6 0.000228805975656 4.2075199849e-05
12.7 0.000244581033624 3.80823212782e-05
12.8 0.000261444509015 3.44651179794e-05
12.9 0.000279469243477 3.1191536581e-05
13 0.000298734389648 2.8231397804e-05
13.1 0.000319330221669 2.55487456965e-05
13.2 0.000341347993852 2.31179766843e-05
13.3 0.000364883566033 2.09180737119e-05
13.4 0.000389946833933 1.88991192325e-05
13.5 0.000416896047479 1.71245114673e-05
13.6 0.000445666722629 1.55064853094e-05
13.7 0.000476403234868 1.40361031354e-05
13.8 0.000509249959676 1.27044273224e-05
13.9 0.00054436527096 1.1501250324e-05
14 0.000581938445472 1.04135611177e-05
14.1 0.000622132880165 9.43069647143e-06
14.2 0.000665110328687 8.54214223168e-06
14.3 0.000711032544687 7.73738424509e-06
14.4 0.000760066067497 7.00614192992e-06
14.5 0.000812508528399 6.34453282549e-06
14.6 0.000868630193938 5.74733889791e-06
14.7 0.000928655377448 5.20709930423e-06
14.8 0.000992808392261 4.7163532015e-06
14.9 0.00106131355171 4.26763974679e-06
15 0.00113447555248 3.85641936438e-06
15.1 0.00121277787423 3.48464975655e-06
15.2 0.00129655469668 3.14886281076e-06
15.3 0.0013861306005 2.84524156973e-06
15.4 0.00148183016637 2.56996907615e-06
15.5 0.00158398881511 2.31934142506e-06
15.6 0.00169324293408 2.09279350357e-06
15.7 0.00181016696792 1.88911419556e-06
15.8 0.00193522929583 1.70598622443e-06
15.9 0.00206889829703 1.54109231356e-06
16 0.00221164235073 1.39211518635e-06
16.1 0.00236406492321 1.25727598249e-06
16.2 0.00252709591772 1.13609692096e-06
16.3 0.00270143643921 1.02718829971e-06
16.4 0.00288777176199 9.29097320506e-07
16.5 0.00308685495301 8.40501538711e-07
16.6 0.00329979570603 7.60764241279e-07
16.7 0.00352752256337 6.88900392328e-07
16.8 0.00377092304949 6.2384608574e-07
16.9 0.00403092482996 5.64601544359e-07
17 0.00430896597316 5.10982405107e-07
17.1 0.00460633269441 4.62561706112e-07
17.2 0.00492419935228 4.18733784311e-07
17.3 0.00526375000437 3.78899331441e-07
17.4 0.00562668569145 3.4279776587e-07
17.5 0.00601476450797 3.10205887433e-07
17.6 0.00642955366862 2.80775431838e-07
17.7 0.00687285383977 2.54190481164e-07
17.8 0.00734690977715 2.3019664919e-07
17.9 0.00785367148723 2.08498710117e-07
18 0.00839516290029 1.88816445633e-07
18.1 0.00897415708166 1.71015155676e-07
18.2 0.00959319632262 1.54915312699e-07
18.3 0.0102547101776 1.40315243993e-07
18.4 0.0109618349458 1.27086791832e-07
18.5 0.0117179709733 1.15129264397e-07
18.6 0.0125261569645 1.04304352253e-07
18.7 0.0133897440611 9.44899667131e-08
18.8 0.0143130407138 8.56137195801e-08
18.9 0.0152999219512 7.75807122313e-08
19 0.0163548438246 7.03105642189e-08
19.1 0.01748268222 6.37341538132e-08
19.2 0.0186880517471 5.77749656336e-08
19.3 0.0199766981047 5.23811823494e-08
19.4 0.0213542603564 4.74986581812e-08
19.5 0.0228268051973 4.307710564e-08
19.6 0.0244006523877 3.90695988114e-08
19.7 0.0260831274474 3.54425717135e-08
19.8 0.027881218365 3.21537263202e-08
19.9 0.0298031923064 2.91724197779e-08
20 0.0318576566193 2.64728701744e-08
