"Time" "Prey" "Predator"
0 11.6923249681 1.09192126622
0.1 9.70754329655 2.93545398624
0.2 5.80633469483 5.81794366333
0.3 2.45035294752 7.8368383854
0.4 0.882624342239 8.27396275213
0.5 0.319173730342 7.91127048635
0.6 0.123568901521 7.30650519267
0.7 0.0520438562799 6.66572457542
0.8 0.0238382723217 6.0530774865
0.9 0.0118129735944 5.48638157854
1 0.00629277542343 4.96861166587
1.1 0.00358044329802 4.4979373746
1.2 0.00216273331516 4.07104134077
1.3 0.00137927768179 3.68426928097
1.4 0.000923818227251 3.33404207973
1.5 0.000646886764542 3.01699964403
1.6 0.000471600409614 2.7300450568
1.7 0.000356570144581 2.47034823647
1.8 0.000278598398785 2.23533398464
1.9 0.000224270641202 2.02266437389
2 0.000185471382115 1.83021972364
2.1 0.000157195591547 1.65607957833
2.2 0.000136210437998 1.498504734
2.3 0.000120400153028 1.35592057443
2.4 0.000108365802519 1.22690174705
2.5 9.9141942483e-05 1.11015816587
2.6 9.20542696168e-05 1.0045222818
2.7 8.66262875604e-05 0.90893749829
2.8 8.25134811191e-05 0.822447672747
2.9 7.9469811187e-05 0.744187837198
3 7.72972115043e-05 0.673374428705
3.1 7.58631520322e-05 0.609299329399
3.2 7.50610295523e-05 0.551321064877
3.3 7.4816446063e-05 0.498859862799
3.4 7.506957713e-05 0.451390563801
3.5 7.57786185502e-05 0.408438274769
3.6 7.69121854505e-05 0.369573187207
3.7 7.84484064717e-05 0.334406310554
3.8 8.03731743796e-05 0.302585879141
3.9 8.26780891907e-05 0.273793279447
4 8.53603387218e-05 0.247740539378
4.1 8.84212574315e-05 0.22416676608
4.2 9.18658134749e-05 0.202835979332
4.3 9.57037104514e-05 0.183535224593
4.4 9.99463706718e-05 0.16607111075
4.5 0.000104608858712 0.150268920529
4.6 0.000109708645206 0.135970416857
4.7 0.000115265989304 0.123032509693
4.8 0.000121303795432 0.111325701323
4.9 0.000127847646924 0.100732905009
5 0.000134925743887 0.0911481078206
5.1 0.000142568992183 0.0824753688694
5.2 0.000150811077901 0.0746278819345
5.3 0.000159688574214 0.0675271366436
5.4 0.000169241049821 0.0611020479043
5.5 0.000179511231224 0.0552883354371
5.6 0.000190545166867 0.0500278857167
5.7 0.000202392364807 0.0452679877705
5.8 0.000215106041631 0.0409610311062
5.9 0.000228743323348 0.0370638892393
6 0.000243365490145 0.0335375708482
6.1 0.00025903823895 0.0303468103159
6.2 0.000275831964332 0.0274596492638
6.3 0.000293822061102 0.0248472279553
6.4 0.000313089260897 0.0224833837854
6.5 0.000333719973129 0.0203444636685
6.6 0.000355806674714 0.018409065551
6.7 0.00037944832086 0.0166578131909
6.8 0.000404750763035 0.0150732026871
6.9 0.000431827250208 0.0136393658705
7 0.000460798887354 0.0123419579614
7.1 0.000491795224875 0.0111679876465
7.2 0.000524954795643 0.0101057039596
7.3 0.00056042567378 0.00914451261169
7.4 0.000598366343271 0.00827479671533
7.5 0.000638946147473 0.00748783964349
7.6 0.0006823459854 0.00677573970005
7.7 0.000728759682928 0.00613140737878
7.8 0.000778394134064 0.00554837762553
7.9 0.000831470423371 0.00502077977925
8 0.000888225457253 0.00454338862743
8.1 0.000948911942286 0.00411141169927
8.2 0.00101380016468 0.00372051828134
8.3 0.0010831794997 0.00336682842678
8.4 0.00115735858243 0.00304677717527
8.5 0.00123666785336 0.00275716699798
8.6 0.00132146065875 0.00249511630737
8.7 0.00141211402987 0.00225798271899
8.8 0.00150903230263 0.00204342103582
8.9 0.00161264703681 0.00184929017532
9 0.00172341825464 0.00167361119582
9.1 0.0018418382725 0.00151460342043
9.2 0.00196843593749 0.00137072848735
9.3 0.0021037739523 0.00124054089915
9.4 0.00224845267751 0.00112271457091
9.5 0.00240311748877 0.00101609414473
9.6 0.00256845713736 0.000919625192863
9.7 0.00274520551278 0.000832329991253
9.8 0.00293414792559 0.000753326713278
9.9 0.00313612772984 0.000681846697307
10 0.00335204236087 0.000617167840476
10.1 0.00358284926125 0.000558624850592
10.2 0.00382957768316 0.000505644649396
10.3 0.00409332607082 0.000457704771945
10.4 0.00437526481003 0.000414320363178
10.5 0.00467665133642 0.00037504785353
10.6 0.0049988158928 0.00033952403996
10.7 0.00534320354689 0.000307374183829
10.8 0.00571133868085 0.000278275090102
10.9 0.00610487722728 0.000251946194923
11 0.00652557703748 0.000228124362794
11.1 0.0069752976163 0.000206563661109
11.2 0.00745600572469 0.000187040125256
11.3 0.00796985052096 0.000169354756527
11.4 0.0085191903204 0.000153334589744
11.5 0.0091064474353 0.000138826901816
11.6 0.00973417360517 0.000125701822205
11.7 0.0104050858478 0.000113845820465
11.8 0.0111223119248 0.000103116186454
11.9 0.0118890656079 9.34012497724e-05
12 0.0127086988465 8.46107058022e-05
12.1 0.0135847375241 7.6669003555e-05
12.2 0.0145211414006 6.94910526331e-05
12.3 0.0155222275012 6.29893829827e-05
12.4 0.0165924002289 5.70993673693e-05
12.5 0.0177362975984 5.17655549842e-05
12.6 0.0189588968933 4.6938409519e-05
12.7 0.0202659174735 4.25618733825e-05
12.8 0.0216631819388 3.85930903466e-05
12.9 0.023156787109 3.49971269344e-05
13 0.0247531508703 3.17455605342e-05
13.1 0.0264594903059 2.88040098725e-05
13.2 0.0282835623709 2.61388981462e-05
13.3 0.0302334075738 2.37241377572e-05
13.4 0.0323175793842 2.15365541545e-05
13.5 0.0345455633201 1.95534824308e-05
13.6 0.0369272606511 1.77557282064e-05
13.7 0.0394730728434 1.61270833535e-05
13.8 0.0421942730393 1.46522207381e-05
13.9 0.0451032681773 1.33152113133e-05
14 0.0482128789017 1.21035979336e-05
14.1 0.0515366460294 1.10067168481e-05
14.2 0.0550896014123 1.0013081943e-05
14.3 0.0588877148555 9.11225270743e-06
14.4 0.0629476484532 8.29566393392e-06
14.5 0.0672871435111 7.55571592412e-06
14.6 0.0719258772245 6.88472937364e-06
14.7 0.0768844621989 6.27616591933e-06
14.8 0.0821847784235 5.72429107911e-06
14.9 0.0878506858437 5.22361385337e-06
15 0.0939072615449 4.76945381216e-06
15.1 0.10038115534 4.35769182819e-06
15.2 0.107301560874 3.98411512554e-06
15.3 0.11469912075 3.64515180123e-06
15.4 0.122606398001 3.33765492059e-06
15.5 0.131059048469 3.05855148603e-06
15.6 0.140094499705 2.80520839187e-06
15.7 0.149752532736 2.57530213429e-06
15.8 0.160076694832 2.36655822548e-06
15.9 0.171112692827 2.17703881935e-06
16 0.182909058045 2.00504107729e-06
16.1 0.195518770551 1.84888620346e-06
16.2 0.208997740502 1.70711294791e-06
16.3 0.223406014561 1.57839861074e-06
16.4 0.238807757723 1.46155307273e-06
16.5 0.255271028082 1.35552873966e-06
16.6 0.27286954774 1.25932971837e-06
16.7 0.291681134558 1.17209346598e-06
16.8 0.311789623364 1.09302608666e-06
16.9 0.333284577619 1.02140943639e-06
17 0.356260980126 9.56616620315e-07
17.1 0.380821883146 8.98057635502e-07
17.2 0.407075672375 8.45231238697e-07
17.3 0.435139131198 7.97680457357e-07
17.4 0.465137279441 7.54995037588e-07
17.5 0.497203320632 7.16812325985e-07
17.6 0.531479774871 6.82826206011e-07
17.7 0.568119215965 6.5276302558e-07
17.8 0.607284834116 6.26384282364e-07
17.9 0.64915064189 6.03512189536e-07
18 0.693902625873 5.83997930993e-07
18.1 0.741739727886 5.67735337632e-07
18.2 0.79287480975 5.54665357474e-07
18.3 0.847534957927 5.44767431632e-07
18.4 0.905963351394 5.38080553618e-07
18.5 0.968419861333 5.34699813061e-07
18.6 1.03518189396 5.34779374875e-07
18.7 1.10654658519 5.38570812671e-07
18.8 1.18283115417 5.46409461341e-07
18.9 1.26437450594 5.58748246521e-07
19 1.35153965837 5.76229813996e-07
19.1 1.44471395531 5.99649394221e-07
19.2 1.54431116144 6.30027551718e-07
19.3 1.65077426264 6.68834409789e-07
19.4 1.76457672798 7.17934913578e-07
19.5 1.88622475218 7.79699050731e-07
19.6 2.01625921623 8.5757681676e-07
19.7 2.15525818446 9.56210910959e-07
19.8 2.30383960879 1.08150590628e-06
19.9 2.46266407026 1.24204659602e-06
20 2.6324378555 1.45095654834e-06
