"Time" "Prey" "Predator"
0 7.4024450387 4.62223180713
0.1 3.55674535944 7.17678149374
0.2 1.34286631761 8.17156908778
0.3 0.483336673023 8.0418259855
0.4 0.1828891769 7.50365148922
0.5 0.0749605225138 6.87166798701
0.6 0.0334226281974 6.24958078913
0.7 0.0161495902174 5.66821394173
0.8 0.00840555649503 5.13486230438
0.9 0.00468245340444 4.64915720446
1 0.00277456514933 4.20825780096
1.1 0.00173886242943 3.80862934793
1.2 0.00114642361637 3.44667848453
1.3 0.000791353659797 3.1189813334
1.4 0.000569542611989 2.82236063128
1.5 0.000425572306505 2.55390331633
1.6 0.00032901297171 2.31095375815
1.7 0.000262317647205 2.09109885116
1.8 0.000215082279112 1.89214931855
1.9 0.000180842055346 1.71212090599
2 0.000155530965671 1.54921644652
2.1 0.000136566286303 1.4018088543
2.2 0.000122186262699 1.26842503321
2.3 0.000111184266038 1.1477312076
2.4 0.000102744739197 1.03852088591
2.5 9.62785759291e-05 0.939702209532
2.6 9.13781298758e-05 0.850287099106
2.7 8.7690966979e-05 0.76937853535
2.8 8.50202476767e-05 0.696168483701
2.9 8.32001740852e-05 0.629924669561
3 8.21048336565e-05 0.569984218367
3.1 8.16424023329e-05 0.515747348614
3.2 8.17431270371e-05 0.466671382097
3.3 8.23555691098e-05 0.422265413655
3.4 8.34427324076e-05 0.38208536744
3.5 8.49744166212e-05 0.34572814378
3.6 8.69290585736e-05 0.31282955843
3.7 8.92991567994e-05 0.283061230895
3.8 9.20890414581e-05 0.256126855947
3.9 9.52927018557e-05 0.231755837794
4 9.89097982224e-05 0.209703390108
4.1 0.000102950906253 0.189749142518
4.2 0.000107430385666 0.17169385185
4.3 0.000112362113193 0.155356683853
4.4 0.000117763931285 0.140574244599
4.5 0.000123657153085 0.127198477039
4.6 0.000130065685296 0.1150953544
4.7 0.00013701654098 0.104143867553
4.8 0.000144539706826 0.0942345977898
4.9 0.000152667799819 0.0852682826633
5 0.000161436493824 0.0771551536239
5.1 0.00017088464205 0.0698140220177
5.2 0.000181054309944 0.0631714201101
5.3 0.000191990921907 0.0571608497409
5.4 0.000203743515866 0.0517222795158
5.5 0.0002163648094 0.0468012430716
5.6 0.000229911466289 0.0423484674827
5.7 0.000244444345982 0.0383193975543
5.8 0.000260028756002 0.0346736822188
5.9 0.000276734722216 0.0313748821558
6 0.000294637289473 0.0283899646835
6.1 0.000313816845359 0.0256890684627
6.2 0.000334359471135 0.0232451920346
6.3 0.000356357319187 0.0210338478087
6.4 0.000379909002765 0.0190329170584
6.5 0.000405120060912 0.0172223643779
6.6 0.00043210340053 0.0155840806047
6.7 0.000460979797684 0.0141016890373
6.8 0.000491878450716 0.0127603392466
6.9 0.000524937515585 0.0115466196796
7 0.000560304786713 0.0104483675028
7.1 0.000598138266613 0.00945460113473
7.2 0.000638606864851 0.00855541073191
7.3 0.000681891377789 0.00774179022352
7.4 0.000728184882268 0.00700558316638
7.5 0.00077769376803 0.00633940583708
7.6 0.0008306391159 0.00573662847344
7.7 0.000887256776765 0.00519118597579
7.8 0.000947799054631 0.00469760659753
7.9 0.00101253607177 0.00425099745082
8 0.00108175593029 0.00384686475157
8.1 0.0011557671045 0.00348117402197
8.2 0.00123489946013 0.00315028534916
8.3 0.00131950493008 0.00285085971161
8.4 0.00140996057215 0.00257991789859
8.5 0.00150666917714 0.00233475593144
8.6 0.00161006077405 0.00211290244045
8.7 0.0017205966556 0.00191217025081
8.8 0.00183876869959 0.00173054810225
8.9 0.00196510129811 0.00156617817376
9 0.00210015668524 0.00141741297972
9.1 0.00224453753589 0.00128280582002
9.2 0.00239888530569 0.00116100063308
9.3 0.00256388482687 0.00105075818372
9.4 0.00274027261144 0.000951004203376
9.5 0.00292883351922 0.000860746399402
9.6 0.00313040414051 0.0007790671359
9.7 0.00334588122788 0.000705148952235
9.8 0.00357622588979 0.000638269114594
9.9 0.00382246114767 0.000577749730044
10 0.0040856791406 0.00052296921861
10.1 0.0043670544745 0.000473395905599
10.2 0.00466783885558 0.000428537692604
10.3 0.00498938908564 0.000387915468965
10.4 0.0053330714977 0.00035119222527
10.5 0.00570047459146 0.000317949147287
10.6 0.00609321885265 0.000287862979868
10.7 0.00651304561078 0.000260631197372
10.8 0.0069618463335 0.00023599287189
10.9 0.00744162141148 0.000213699313145
11 0.00795448843845 0.000193519966887
11.1 0.00850268606399 0.000175245118539
11.2 0.00908868744065 0.000158689698736
11.3 0.00971516870523 0.00014369222604
11.4 0.0103848874318 0.000130110729698
11.5 0.0111007481487 0.000117824947379
11.6 0.0118658578556 0.000106727707185
11.7 0.0126837959428 9.66830277573e-05
11.8 0.0135582154217 8.75880197377e-05
11.9 0.0144929347426 7.93586328062e-05
12 0.0154919701113 7.19247036673e-05
12.1 0.0165598543516 6.52051679266e-05
12.2 0.0177015058926 5.91182449146e-05
12.3 0.01892194582 5.36034339172e-05
12.4 0.0202264608072 4.86088480273e-05
12.5 0.0216207195655 4.40882876284e-05
12.6 0.0231112533536 3.99891646775e-05
12.7 0.0247047092297 3.62712692786e-05
12.8 0.0264080418213 3.29019503001e-05
12.9 0.0282285665799 2.9854787148e-05
13 0.0301744644528 2.70986583302e-05
13.1 0.0322546114891 2.46014322777e-05
13.2 0.0344781930775 2.23383231349e-05
13.3 0.0368549874971 2.02872268716e-05
13.4 0.0393957859928 1.84274255897e-05
13.5 0.0421118617196 1.67412255271e-05
13.6 0.0450150693649 1.52136497809e-05
13.7 0.0481183526974 1.3829970138e-05
13.8 0.0514357759547 1.25755494157e-05
13.9 0.054981930986 1.14388194122e-05
14 0.0587723067206 1.04096485925e-05
14.1 0.0628241441295 9.47692474503e-06
14.2 0.0671554985752 8.63120611059e-06
14.3 0.07178531825 7.86449960441e-06
14.4 0.0767340540268 7.16946367386e-06
14.5 0.0820240914908 6.53899829746e-06
14.6 0.087678797234 5.96715005818e-06
14.7 0.0937233104635 5.44845824556e-06
14.8 0.100184738195 4.97781108214e-06
14.9 0.107091510726 4.55091738467e-06
15 0.114474373367 4.16370464229e-06
15.1 0.122366431897 3.8122932993e-06
15.2 0.130802400127 3.49342385768e-06
15.3 0.139819920183 3.20403322971e-06
15.4 0.14945935809 2.94130430454e-06
15.5 0.159763101782 2.70283804312e-06
15.6 0.170777221865 2.48635395158e-06
15.7 0.182550935468 2.28977817544e-06
15.8 0.19513599026 2.11134723199e-06
15.9 0.208588551894 1.94937712836e-06
16 0.222968615411 1.8023295351e-06
16.1 0.238339927301 1.66885185958e-06
16.2 0.254771202553 1.54770129782e-06
16.3 0.27233501768 1.43779631239e-06
16.4 0.291109838615 1.33812170599e-06
16.5 0.31117901577 1.24777572551e-06
16.6 0.332631559316 1.1659537119e-06
16.7 0.355563358722 1.09191022622e-06
16.8 0.380075617585 1.02500388175e-06
16.9 0.406278259387 9.64632555607e-07
17 0.434287111809 9.10282050589e-07
17.1 0.464226482662 8.614916587e-07
17.2 0.496229903133 8.17847034607e-07
17.3 0.53043946772 7.78986028953e-07
17.4 0.567007196292 7.44605096822e-07
17.5 0.606095826074 7.14441441234e-07
17.6 0.647879478454 6.88268453246e-07
17.7 0.692543827561 6.65926467259e-07
17.8 0.740287308261 6.47292776216e-07
17.9 0.791322109929 6.32293229281e-07
18 0.845875348706 6.20913021306e-07
18.1 0.904189313243 6.13185045044e-07
18.2 0.966523388417 6.09217659261e-07
18.3 1.03315484566 6.09194779617e-07
18.4 1.10437964253 6.13378677629e-07
18.5 1.18051474803 6.22165963762e-07
18.6 1.2618986044 6.36071537764e-07
18.7 1.34889278303 6.55778027793e-07
18.8 1.44188455454 6.82244674763e-07
18.9 1.54128715154 7.16652925546e-07
19 1.64754199465 7.60519495654e-07
19.1 1.76112168633 8.16049995075e-07
19.2 1.88253134139 8.86047577139e-07
19.3 2.01231098865 9.74092053462e-07
19.4 2.15103765185 1.08549949593e-06
19.5 2.299328036 1.22746529435e-06
19.6 2.45784139392 1.40919533774e-06
19.7 2.62728246497 1.6444416585e-06
19.8 2.80840472131 1.95445734433e-06
19.9 3.00201322737 2.36650607418e-06
20 3.20896837362 2.92045848227e-06
