"Time" "Prey" "Predator"
0 21.0913562747 2.58334886178
0.1 9.32617298737 11.5437588968
0.2 1.40838036597 16.234835521
0.3 0.176904247269 15.5819721576
0.4 0.0259270592112 14.2088374392
0.5 0.00456176508976 12.872283457
0.6 0.000952166176199 11.6499724362
0.7 0.00023211059061 10.5418623432
0.8 6.50158501987e-05 9.53879531232
0.9 2.08505881358e-05 8.6310936365
1 7.41728367833e-06 7.80974871324
1.1 2.93224734815e-06 7.06655982572
1.2 1.27203518987e-06 6.39409205767
1.3 5.67351713614e-07 5.78561240466
1.4 3.03005124351e-07 5.23503376547
1.5 2.37421072075e-07 4.73685365951
1.6 1.37382550184e-07 4.28608160816
1.7 7.8246205859e-08 3.87820601146
1.8 8.99858685688e-08 3.50914403177
1.9 9.25958862886e-08 3.17520732292
2 7.55399825981e-08 2.87304945511
2.1 3.88383878549e-08 2.59964116018
2.2 3.96072204491e-08 2.352253177
2.3 3.40787278759e-08 2.12840689518
2.4 2.64713889562e-08 1.92586224742
2.5 2.1548484689e-08 1.74259228136
2.6 1.97534654373e-08 1.57676283837
2.7 1.68759395194e-08 1.4267141025
2.8 1.46787036386e-08 1.29094454672
2.9 1.29869040297e-08 1.16809529399
3 1.22193811564e-08 1.05693661248
3.1 1.14956618027e-08 0.956355928489
3.2 1.08102919126e-08 0.865346909139
3.3 1.03566701876e-08 0.782998375369
3.4 1.00346043257e-08 0.708486401199
3.5 9.80620575498e-09 0.641065175061
3.6 9.66352888183e-09 0.580059840163
3.7 9.59544624271e-09 0.524860019061
3.8 9.59644603411e-09 0.474913027126
3.9 9.65893444189e-09 0.429719157348
4 9.77672325266e-09 0.388825742947
4.1 9.94716352027e-09 0.351823701398
4.2 1.01684034753e-08 0.318343206466
4.3 1.04386558629e-08 0.28804879821
4.4 1.07578303923e-08 0.260637378143
4.5 1.11253869634e-08 0.235834458009
4.6 1.15417752051e-08 0.213391819736
4.7 1.20078852967e-08 0.193084868507
4.8 1.25250483193e-08 0.174710423213
4.9 1.309497945e-08 0.158084535394
5 1.37197634313e-08 0.143040791032
5.1 1.44018204114e-08 0.129428643156
5.2 1.51439133053e-08 0.117111815466
5.3 1.59491466528e-08 0.105967045409
5.4 1.68209728902e-08 0.0958829477442
5.5 1.7763166051e-08 0.0867584618847
5.6 1.87798668254e-08 0.0785023069833
5.7 1.98755726315e-08 0.0710318270845
5.8 2.10551543112e-08 0.0642722242829
5.9 2.23238819057e-08 0.0581559173439
6 2.36874343569e-08 0.0526216230764
6.1 2.51519293185e-08 0.0476140047448
6.2 2.6723943025e-08 0.0430829395824
6.3 2.84105375824e-08 0.0389830491841
6.4 3.02192923434e-08 0.0352733282139
6.5 3.21583348222e-08 0.0319166121751
6.6 3.42363756991e-08 0.0288793376155
6.7 3.64627469464e-08 0.0261311034955
6.8 3.88474419177e-08 0.0236443901232
6.9 4.14011585606e-08 0.0213943340923
7 4.41353481542e-08 0.0193583903913
7.1 4.70622628826e-08 0.0175161949997
7.2 5.01950125792e-08 0.0158493066977
7.3 5.35476216098e-08 0.0143410370536
7.4 5.71350892122e-08 0.0129763080774
7.5 6.09734607059e-08 0.0117414471697
7.6 6.50798919267e-08 0.0106241001313
7.7 6.94727339909e-08 0.00961307296474
7.8 7.41716079039e-08 0.00869824483749
7.9 7.91974837148e-08 0.00787049447239
8 8.45728063557e-08 0.0071215373234
8.1 9.03215574631e-08 0.00644386385064
8.2 9.64693492443e-08 0.00583066441264
8.3 1.03043627574e-07 0.00527583276561
8.4 1.10073692712e-07 0.0047738054254
8.5 1.17590837545e-07 0.00431951541535
8.6 1.25628608086e-07 0.00390846428578
8.7 1.34222794158e-07 0.00353653313912
8.8 1.43411639038e-07 0.00319997946381
8.9 1.53236127266e-07 0.00289546872156
9 1.63739968217e-07 0.00261993718479
9.1 1.7496989957e-07 0.0023706127805
9.2 1.86975982085e-07 0.00214502613487
9.3 1.99811596131e-07 0.00194090307483
9.4 2.13533908879e-07 0.00175620572197
9.5 2.28204093951e-07 0.00158910672787
9.6 2.43887324796e-07 0.00143791168207
9.7 2.60653185874e-07 0.00130106967458
9.8 2.78576537735e-07 0.00117725079544
9.9 2.97737133831e-07 0.00106522205726
10 3.18219987405e-07 0.000963844385947
10.1 3.40116254644e-07 0.000872105542215
10.2 3.63523597654e-07 0.000789108254462
10.3 3.88545982627e-07 0.000714014714052
10.4 4.15294416619e-07 0.00064605842938
10.5 4.43888278627e-07 0.00058457603195
10.6 4.74454758198e-07 0.000528951919754
10.7 5.07129431267e-07 0.000478615261949
10.8 5.42057672484e-07 0.00043306148253
10.9 5.7939523445e-07 0.000391846985445
11 6.19307916726e-07 0.000354556043363
11.1 6.61974011493e-07 0.000320799816849
11.2 7.07580267962e-07 0.000290275355553
11.3 7.56332844931e-07 0.000262653270239
11.4 8.08447163532e-07 0.000237657579006
11.5 8.64156526288e-07 0.000215042245402
11.6 9.23711049338e-07 0.000194585969104
11.7 9.87374680444e-07 0.000176077637762
11.8 1.05542686139e-06 0.000159324437279
11.9 1.12816625937e-06 0.000144152712116
12 1.2059288943e-06 0.000130412144692
12.1 1.28906130304e-06 0.000117969568164
12.2 1.37792673302e-06 0.000106710394444
12.3 1.47290730243e-06 9.65390600335e-05
12.4 1.57443319293e-06 8.7347981303e-05
12.5 1.68297245139e-06 7.90283997218e-05
12.6 1.79900250794e-06 7.15006707029e-05
12.7 1.92302605398e-06 6.46973783063e-05
12.8 2.0555809361e-06 5.85580640527e-05
12.9 2.19728822206e-06 5.30036189627e-05
13 2.3487810438e-06 4.79741936629e-05
13.1 2.51072102038e-06 4.34204487979e-05
13.2 2.68304729585e-06 3.92098259216e-05
13.3 2.86854001393e-06 3.5538250262e-05
13.4 3.066534304e-06 3.21818807426e-05
13.5 3.27803624261e-06 2.91256789824e-05
13.6 3.50405190632e-06 2.63546066004e-05
13.7 3.74563968112e-06 2.38514074335e-05
13.8 4.00411925402e-06 2.15877468411e-05
13.9 4.28065067072e-06 1.9542058556e-05
14 4.57636111208e-06 1.76941696927e-05
14.1 4.89237775897e-06 1.60239073658e-05
14.2 5.2298289007e-06 1.45111101861e-05
14.3 5.59057265429e-06 1.31431863046e-05
14.4 5.97665741804e-06 1.19095174088e-05
14.5 6.38964625658e-06 1.07944514603e-05
14.6 6.83110223454e-06 9.78233642106e-06
14.7 7.30258841656e-06 8.85752025264e-06
14.8 7.80596958805e-06 8.00773643062e-06
14.9 8.34461779852e-06 7.23763096583e-06
15 8.92098425764e-06 6.54151741533e-06
15.1 9.53733059215e-06 5.91158208633e-06
15.2 1.01959184288e-05 5.34001128601e-06
15.3 1.09874038201e-05 4.69643903225e-06
15.4 1.16987124638e-05 4.27947190183e-06
15.5 1.24773925828e-05 3.88973404696e-06
15.6 1.33234441772e-05 3.52722546764e-06
15.7 1.42368672469e-05 3.19194616388e-06
15.8 1.52176617919e-05 2.88389613568e-06
15.9 1.62685203925e-05 2.60247899634e-06
16 1.74031138573e-05 2.34466676233e-06
16.1 1.86233513289e-05 2.1100365726e-06
16.2 1.99292328075e-05 1.89858842715e-06
16.3 2.13207582929e-05 1.71032232596e-06
16.4 2.27979277853e-05 1.54523826906e-06
16.5 2.43734196986e-05 1.39987693147e-06
16.6 2.60740283256e-05 1.26692744878e-06
16.7 2.79006191745e-05 1.14615366573e-06
16.8 2.98531922453e-05 1.03755558234e-06
16.9 3.19317475379e-05 9.41133198594e-07
17 3.41363399089e-05 8.56880580669e-07
17.1 3.6499343048e-05 7.81295862995e-07
17.2 3.90481705825e-05 7.11413710479e-07
17.3 4.17828225126e-05 6.47234123119e-07
17.4 4.47032988381e-05 5.88757100917e-07
17.5 4.78095995592e-05 5.35982643872e-07
17.6 5.11067394176e-05 4.88811444711e-07
17.7 5.46774415166e-05 4.45605332212e-07
17.8 5.85509632716e-05 4.05784919793e-07
17.9 6.27273046827e-05 3.69350207455e-07
18 6.72064657499e-05 3.36301195198e-07
18.1 7.19884464731e-05 3.06637883022e-07
18.2 7.70732468523e-05 2.80360270926e-07
18.3 8.24608668876e-05 2.5746835891e-07
18.4 8.81513065789e-05 2.37962146976e-07
18.5 9.418918861e-05 2.21251351039e-07
18.6 0.000100718847773 2.05426661238e-07
18.7 0.000107751302293 1.90342324725e-07
18.8 0.00011528655217 1.75998341499e-07
18.9 0.000123324597405 1.62394711561e-07
19 0.000131865437997 1.49531434911e-07
19.1 0.000140942907916 1.37397784667e-07
19.2 0.000150746336931 1.25933734833e-07
19.3 0.000161305105701 1.15129970426e-07
19.4 0.000172619214224 1.04986491445e-07
19.5 0.000184688662502 9.55032978919e-08
19.6 0.000197513450533 8.66803897656e-08
19.7 0.00021111617183 7.85164681465e-08
19.8 0.0002257422298 7.09974245866e-08
19.9 0.000241458708362 6.41194023753e-08
20 0.000258265607515 5.78824015126e-08
