"Time" "Prey" "Predator"
0 0.931359779981 9.61365636254
0.1 0.282538078322 9.18271380383
0.2 0.0931099054151 8.45072452871
0.3 0.0339401536076 7.6911231913
0.4 0.013655761874 6.97461682656
0.5 0.00602190120001 6.31673870862
0.6 0.00288758651614 5.7180433585
0.7 0.00149420885828 5.17498722606
0.8 0.000828301736846 4.68304776032
0.9 0.000488771624181 4.23766822708
1 0.000305101511084 3.83454957497
1.1 0.000200462328502 3.4697299692
1.2 0.000137853430972 3.13959355488
1.3 9.88720341566e-05 2.84085437692
1.4 7.37150128014e-05 2.57053272155
1.5 5.68537372479e-05 2.32592877787
1.6 4.52366516233e-05 2.10459764023
1.7 3.70048350745e-05 1.90432543393
1.8 3.10589792868e-05 1.72310997105
1.9 2.66771216625e-05 1.55913819529
2 2.33949190837e-05 1.41076946492
2.1 2.09069645059e-05 1.27651926934
2.2 1.90048316245e-05 1.15504404021
2.3 1.75466584174e-05 1.04512877347
2.4 1.64293146876e-05 0.945673745714
2.5 1.55809282545e-05 0.855683520763
2.6 1.49421309968e-05 0.774255716789
2.7 1.447800561e-05 0.700576551699
2.8 1.41600891224e-05 0.633908860609
2.9 1.39666424314e-05 0.573585388937
3 1.38816088802e-05 0.519002290981
3.1 1.38929856071e-05 0.46961340218
3.2 1.39918608218e-05 0.424924607785
3.3 1.41715877455e-05 0.384488533148
3.4 1.44269863766e-05 0.347899796094
3.5 1.47548738196e-05 0.314792490585
3.6 1.51543441734e-05 0.284836282825
3.7 1.56237414021e-05 0.257730693143
3.8 1.61634258687e-05 0.233204804958
3.9 1.67739442463e-05 0.21101290749
4 1.74566163962e-05 0.190932764288
4.1 1.82134187441e-05 0.172763350943
4.2 1.90468850877e-05 0.156322940822
4.3 1.99601014146e-05 0.141447142507
4.4 2.09566162182e-05 0.127986955288
4.5 2.20405009387e-05 0.115807651557
4.6 2.32162910829e-05 0.104787309244
4.7 2.44890262297e-05 0.0948156837443
4.8 2.58642309108e-05 0.085792904636
4.9 2.73479553181e-05 0.0776287789208
5 2.89467711807e-05 0.0702416366255
5.1 3.0667787553e-05 0.0635574551312
5.2 3.2518695882e-05 0.057509364293
5.3 3.45077833173e-05 0.0520367806195
5.4 3.66439740224e-05 0.0470849744784
5.5 3.89368614518e-05 0.0426044007212
5.6 4.13967469182e-05 0.0385501860887
5.7 4.40346856935e-05 0.0348818079384
5.8 4.68625306968e-05 0.0315625120548
5.9 4.98929842272e-05 0.0285590821815
6 5.31396541945e-05 0.0258414563795
6.1 5.66171132947e-05 0.0233824258951
6.2 6.03409608647e-05 0.0211574177169
6.3 6.43278941275e-05 0.019144138308
6.4 6.85957780965e-05 0.017322446528
6.5 7.31637272634e-05 0.0156741117562
6.6 7.80521899444e-05 0.0141826256095
6.7 8.32830351586e-05 0.0128330748337
6.8 8.88796563812e-05 0.0116119402393
6.9 9.48670663229e-05 0.0105070066673
7 0.000101272020525 0.00950723056838
7.1 0.000108123120147 0.008602586218
7.2 0.000115450950728 0.00778402814521
7.3 0.000123288224786 0.00704334841693
7.4 0.000131669902577 0.00637314659471
7.5 0.000140633352686 0.00576674429811
7.6 0.000150218580696 0.00521806346868
7.7 0.000160468296324 0.00472160106211
7.8 0.000171428125692 0.00427236578592
7.9 0.000183146983236 0.00386589417556
8 0.000195677049268 0.00349810387715
8.1 0.000209074052232 0.00316527567546
8.2 0.00022339776456 0.00286412365807
8.3 0.000238711937613 0.002591633018
8.4 0.000255084653432 0.00234505517634
8.5 0.000272588930625 0.00212195228617
8.6 0.000291302646566 0.00192008588266
8.7 0.00031130896705 0.00173741288689
8.8 0.000332697088773 0.00157212935949
8.9 0.000355562141995 0.00142257705468
9 0.000380005739773 0.00128724464315
9.1 0.000406136935202 0.00116480251322
9.2 0.000434071931391 0.00105402088142
9.3 0.000463934620617 0.000953764091762
9.4 0.00049585798677 0.000863034462381
9.5 0.000529984363409 0.000780944665914
9.6 0.000566465296409 0.000706665811414
9.7 0.000605462667023 0.00063944272161
9.8 0.000647150553363 0.000578621194301
9.9 0.000691714332507 0.000523593180713
10 0.000739351644097 0.000473797180503
10.1 0.000790274577171 0.000428737571782
10.2 0.000844710102087 0.000387971460677
10.3 0.000902899895528 0.00035108464194
10.4 0.000965102108903 0.000317699058315
10.5 0.00103159436074 0.000287491196915
10.6 0.00110267227909 0.000260159471605
10.7 0.00117865555924 0.000235413046247
10.8 0.00125986965534 0.000213042128839
10.9 0.00134668779063 0.000192794869586
11 0.00143949305589 0.00017447290932
11.1 0.00153869752014 0.000157891873313
11.2 0.0016447482994 0.000142892874986
11.3 0.00175811740301 0.000129323268908
11.4 0.00187930466785 0.000117042212777
11.5 0.00200883860643 0.000105921736756
11.6 0.00214730757507 9.58495046171e-05
11.7 0.00229534090824 8.67271424601e-05
11.8 0.00245358937301 7.84685072047e-05
11.9 0.00262273822778 7.10008434434e-05
12 0.00280352449403 6.42577420274e-05
12.1 0.00299679533432 5.81553402634e-05
12.2 0.00320341107223 5.26318591839e-05
12.3 0.0034242729393 4.76362915214e-05
12.4 0.00366032917887 4.31260630231e-05
12.5 0.00391265727225 3.90502788829e-05
12.6 0.00418241518372 3.5359657562e-05
12.7 0.0044707884377 3.20173138008e-05
12.8 0.00477902505194 2.89916409853e-05
12.9 0.00510846706031 2.62542786421e-05
13 0.00546065933898 2.37730956111e-05
13.1 0.00583717008919 2.15237648434e-05
13.2 0.00623964167903 1.94864852619e-05
13.3 0.00666980203933 1.76452610433e-05
13.4 0.00712961383951 1.59799729478e-05
13.5 0.00762118773828 1.44709890297e-05
13.6 0.00814668390171 1.3104398936e-05
13.7 0.0087083763162 1.18685956806e-05
13.8 0.00930870841349 1.07529325154e-05
13.9 0.00995049609723 9.74282061865e-06
14 0.0106365986608 8.82767516524e-06
14.1 0.0113700094744 7.99872557682e-06
14.2 0.012153877253 7.24852899894e-06
14.3 0.0129917719626 6.56912413215e-06
14.4 0.0138875453075 5.95299985897e-06
14.5 0.0148451347739 5.39445575239e-06
14.6 0.0158686855519 4.88875558227e-06
14.7 0.0169626454874 4.43164529166e-06
14.8 0.0181321446022 4.01742636824e-06
14.9 0.0193823976551 3.64198873532e-06
15 0.0207188608289 3.30201533375e-06
15.1 0.0221472723447 2.99477948588e-06
15.2 0.0236740540549 2.71706178086e-06
15.3 0.0253061868588 2.46548608362e-06
15.4 0.027050871266 2.23743501247e-06
15.5 0.0289157360226 2.03057201186e-06
15.6 0.0309092528326 1.84288748743e-06
15.7 0.033040332597 1.67265389026e-06
15.8 0.0353183028478 1.51842320651e-06
15.9 0.0377531391167 1.37890071155e-06
16 0.0403559929891 1.25248252838e-06
16.1 0.0431384040043 1.13794580421e-06
16.2 0.0461125076358 1.03426657142e-06
16.3 0.0492915099538 9.4043885415e-07
16.4 0.052689913142 8.55399051419e-07
16.5 0.0563226891468 7.78303016297e-07
16.6 0.0602056393825 7.0840979702e-07
16.7 0.0643561793022 6.45026665837e-07
16.8 0.0687929682403 5.87534647236e-07
16.9 0.0735355543102 5.35412615509e-07
17 0.0786051431853 4.88152899765e-07
17.1 0.0840244011394 4.45285937681e-07
17.2 0.0898171253267 4.06421843075e-07
17.3 0.0960091740132 3.71182363709e-07
17.4 0.102628307115 3.392106383e-07
17.5 0.109703612475 3.10206361073e-07
17.6 0.117266624632 2.83889775195e-07
17.7 0.125351291145 2.60002440127e-07
17.8 0.133993163451 2.38325669002e-07
17.9 0.143230692108 2.18654410169e-07
18 0.15310538788 2.00794160383e-07
18.1 0.163660693567 1.84582583273e-07
18.2 0.174943347338 1.69869818808e-07
18.3 0.187003983027 1.56511306294e-07
18.4 0.199895946178 1.44382849214e-07
18.5 0.213676886775 1.3337023067e-07
18.6 0.228407883684 1.23372996843e-07
18.7 0.244154278464 1.14300209221e-07
18.8 0.260986491913 1.06066391122e-07
18.9 0.278978825171 9.85979998126e-08
19 0.298211766528 9.18258572265e-08
19.1 0.318770636496 8.56889676449e-08
19.2 0.340746606893 8.01328129322e-08
19.3 0.364237975794 7.51068797103e-08
19.4 0.389348445261 7.05678319632e-08
19.5 0.416190318658 6.64753237589e-08
19.6 0.444882708419 6.27941325841e-08
19.7 0.475552804462 5.94933577516e-08
19.8 0.508337829586 5.65448836168e-08
19.9 0.543382475003 5.39252726532e-08
20 0.580843047286 5.16138300471e-08
