"Time" "Prey" "Predator"
0 14.8988687599 7.32134176547
0.1 3.23615808527 15.2914755724
0.2 0.413229489094 15.8840801321
0.3 0.0575037641213 14.6306600784
0.4 0.0095736810697 13.2733024123
0.5 0.00189850205171 12.0158033343
0.6 0.000441797231966 10.8734215157
0.7 0.000118873843257 9.83891793305
0.8 3.63955983459e-05 8.90268228496
0.9 1.26473148069e-05 8.05549973636
1 4.84896607445e-06 7.28892628029
1.1 2.05302216104e-06 6.59529953301
1.2 9.44628155356e-07 5.96767833904
1.3 4.60403849657e-07 5.39977804079
1.4 2.37859167863e-07 4.88591634656
1.5 1.61867754327e-07 4.42095910463
1.6 1.02999865163e-07 4.00024843704
1.7 6.22397779393e-08 3.61957370099
1.8 5.11118032095e-08 3.27512269909
1.9 5.11848251587e-08 2.96345194959
2 5.65801396946e-08 2.68144975754
2.1 4.51652634156e-08 2.42627876028
2.2 2.56882046747e-08 2.19538482392
2.3 2.7269561771e-08 1.9864677543
2.4 2.34341931913e-08 1.79743054578
2.5 1.92200597807e-08 1.62638236461
2.6 1.64156690724e-08 1.47161163625
2.7 1.51553755657e-08 1.33156946094
2.8 1.350245466e-08 1.20485393969
2.9 1.22710683399e-08 1.09019708274
3 1.13068852478e-08 0.986451412991
3.1 1.07287415792e-08 0.892578359164
3.2 1.02622145749e-08 0.80763841094
3.3 9.88185766505e-09 0.730781670679
3.4 9.62899350736e-09 0.661238689758
3.5 9.46740090456e-09 0.598313640331
3.6 9.38024535825e-09 0.541376707852
3.7 9.36124535455e-09 0.489857964896
3.8 9.40352988169e-09 0.44324194445
3.9 9.50215054637e-09 0.40106195843
4 9.65338540024e-09 0.362895960795
4.1 9.8545427053e-09 0.328361619612
4.2 1.0104085601e-08 0.297113531097
4.3 1.0401055784e-08 0.268839396076
4.4 1.07452312582e-08 0.243255897716
4.5 1.11368918091e-08 0.220107088587
4.6 1.15767784302e-08 0.199161139204
4.7 1.20660710167e-08 0.180208432911
4.8 1.26063204845e-08 0.163059292628
4.9 1.31994534213e-08 0.147542159244
5 1.38477299903e-08 0.133501674967
5.1 1.45537523357e-08 0.120797304629
5.2 1.53204466474e-08 0.109301903677
5.3 1.6151069446e-08 0.0989004094948
5.4 1.70492084879e-08 0.0894886959357
5.5 1.80188026564e-08 0.0809727116465
5.6 1.90641262975e-08 0.0732671312232
5.7 2.01898228326e-08 0.0662948404025
5.8 2.14009149887e-08 0.0599860605344
5.9 2.270281974e-08 0.0542776058371
6 2.41013758191e-08 0.049112409549
6.1 2.56028605044e-08 0.0444387269176
6.2 2.72140192917e-08 0.0402098088595
6.3 2.89420926142e-08 0.0363833479738
6.4 3.07948453131e-08 0.0329210098048
6.5 3.27806009916e-08 0.0297881668733
6.6 3.49082784782e-08 0.0269534376318
6.7 3.71874293032e-08 0.0243884686322
6.8 3.96282801303e-08 0.022067599549
6.9 4.22417776424e-08 0.0199675813284
7 4.50396351427e-08 0.0180674181555
7.1 4.80343871298e-08 0.0163480743143
7.2 5.12394413709e-08 0.0147923469619
7.3 5.46691401998e-08 0.0133846688244
7.4 5.83388246741e-08 0.0121109416362
7.5 6.22648988921e-08 0.0109584328235
7.6 6.64649093576e-08 0.00991559968124
7.7 7.0957614748e-08 0.00897200443424
7.8 7.57630780067e-08 0.00811819837043
7.9 8.0902751754e-08 0.00734562792347
8 8.63995596723e-08 0.00664658909448
8.1 9.22780301985e-08 0.00601409709511
8.2 9.85643890899e-08 0.00544180855826
8.3 1.05286628663e-07 0.00492397186062
8.4 1.12474726429e-07 0.00445541492809
8.5 1.20160736477e-07 0.00403146209545
8.6 1.28378849718e-07 0.00364782817436
8.7 1.3716569903e-07 0.00330068891476
8.8 1.46560446395e-07 0.00298659514907
8.9 1.56604862392e-07 0.00270237912019
9 1.67343707777e-07 0.00244521135423
9.1 1.78824816718e-07 0.00221252940367
9.2 1.91099214337e-07 0.00200197868543
9.3 2.04221588206e-07 0.00181146481509
9.4 2.18250362712e-07 0.00163908877832
9.5 2.33247871834e-07 0.00148310697865
9.6 2.4928099059e-07 0.00134197781729
9.7 2.66421093955e-07 0.00121429382549
9.8 2.84744255155e-07 0.00109875272608
9.9 3.04331885275e-07 0.000994182490882
10 3.25271438633e-07 0.000899570603432
10.1 3.47655966942e-07 0.000813965733226
10.2 3.71584748448e-07 0.000736495084812
10.3 3.97164501632e-07 0.000666398021747
10.4 4.24509117169e-07 0.000602980268995
10.5 4.53739949298e-07 0.000545597947136
10.6 4.8498685621e-07 0.000493670494551
10.7 5.18389291059e-07 0.000446692252896
10.8 5.54095649747e-07 0.000404188177615
10.9 5.92264252393e-07 0.000365720818609
11 6.33065292669e-07 0.000330913006919
11.1 6.76680398874e-07 0.000299420764718
11.2 7.2330309691e-07 0.000270924967855
11.3 7.73141303943e-07 0.000245133792285
11.4 8.26415008036e-07 0.000221808062195
11.5 8.833631205e-07 0.000200701206645
11.6 9.44237726658e-07 0.000181600465976
11.7 1.00931276962e-06 0.000164321521062
11.8 1.07887894589e-06 0.000148691179837
11.9 1.15324374533e-06 0.000134547512786
12 1.23273238261e-06 0.000121743012404
12.1 1.31769909444e-06 0.000110146398363
12.2 1.40853515126e-06 9.96438976932e-05
12.3 1.50564155089e-06 9.01348815279e-05
12.4 1.60944057124e-06 8.15337111077e-05
12.5 1.72037941714e-06 7.37672978027e-05
12.6 1.83897366467e-06 6.67432557958e-05
12.7 1.96575851068e-06 6.03856391278e-05
12.8 2.10128915404e-06 5.46346621917e-05
12.9 2.24614969205e-06 4.94401781608e-05
13 2.4009830768e-06 4.47506879491e-05
13.1 2.56651236001e-06 4.05055454517e-05
13.2 2.74346828512e-06 3.66615241145e-05
13.3 2.93261992144e-06 3.31815772119e-05
13.4 3.1341343175e-06 2.9980367171e-05
13.5 3.35067895877e-06 2.71646916429e-05
13.6 3.58188460944e-06 2.45938098417e-05
13.7 3.82890220371e-06 2.22558692632e-05
13.8 4.09288267579e-06 2.01390174033e-05
13.9 4.37513073368e-06 1.82269054692e-05
14 4.67713908944e-06 1.64976875021e-05
14.1 5.00020114144e-06 1.49353453993e-05
14.2 5.34560636546e-06 1.35239757532e-05
14.3 5.71464423728e-06 1.22476751561e-05
14.4 6.10869447199e-06 1.10911850802e-05
14.5 6.53024193805e-06 1.0047144786e-05
14.6 6.9813375257e-06 9.10509218309e-06
14.7 7.46376935513e-06 8.25268734033e-06
14.8 7.97932554651e-06 7.47759032649e-06
14.9 8.52979422003e-06 6.76746121033e-06
15 9.11785046985e-06 6.11681934991e-06
15.1 9.74725388775e-06 5.52857091396e-06
15.2 1.04206143658e-05 4.99673102937e-06
15.3 1.11405191653e-05 4.51513981106e-06
15.4 1.19095555475e-05 4.07763737396e-06
15.5 1.28152498456e-05 3.59757101988e-06
15.6 1.36530464099e-05 3.2755484332e-06
15.7 1.45679147415e-05 2.97499321802e-06
15.8 1.55598548404e-05 2.69590537432e-06
15.9 1.66288667066e-05 2.43828490212e-06
16 1.77749503401e-05 2.2021318014e-06
16.1 1.90057497693e-05 1.98627905557e-06
16.2 2.03343052911e-05 1.78873579779e-06
16.3 2.17608360521e-05 1.60946857086e-06
16.4 2.32853420523e-05 1.4484773748e-06
16.5 2.49078232916e-05 1.30576220959e-06
16.6 2.66285349551e-05 1.18127509128e-06
16.7 2.84748928127e-05 1.06986086939e-06
16.8 3.04653721755e-05 9.68045521162e-07
16.9 3.25999730436e-05 8.75829046581e-07
17 3.48786954169e-05 7.9321144565e-07
17.1 3.73015392954e-05 7.20192718369e-07
17.2 3.98728216534e-05 6.56451061661e-07
17.3 4.26424496662e-05 5.98266211905e-07
17.4 4.56246576851e-05 5.44577088408e-07
17.5 4.88194457102e-05 4.95383691169e-07
17.6 5.22268137415e-05 4.50686020189e-07
17.7 5.5846761779e-05 4.10484075467e-07
17.8 5.9703185382e-05 3.74440647755e-07
17.9 6.38925362503e-05 3.41194630386e-07
18 6.84249917695e-05 3.10602402177e-07
18.1 7.33005519393e-05 2.82663963129e-07
18.2 7.85192167599e-05 2.57379313242e-07
18.3 8.40809862313e-05 2.34748452515e-07
18.4 8.99858603534e-05 2.14771380949e-07
18.5 9.62338391263e-05 1.97448098543e-07
18.6 0.000102831681526 1.8271676887e-07
18.7 0.000109928363405 1.69214443639e-07
18.8 0.000117584882623 1.56383066457e-07
18.9 0.000125801239179 1.44222637322e-07
19 0.000134577433074 1.32733156236e-07
19.1 0.000143913464307 1.21914623198e-07
19.2 0.000153823301173 1.11762850421e-07
19.3 0.000164499848245 1.0222000383e-07
19.4 0.000176004706951 9.32676149105e-08
19.5 0.000188337877288 8.4905683661e-08
19.6 0.000201499359258 7.71342100818e-08
19.7 0.000215489152861 6.99531941731e-08
19.8 0.000230334845463 6.33573493162e-08
19.9 0.000246297242783 5.72966968272e-08
20 0.000263440839324 5.17588775046e-08
