"Time" "Prey" "Predator"
0 3.11771886633 0.207224555837
0.1 3.2314489759 0.257599714756
0.2 3.32360326057 0.323558250579
0.3 3.38411464289 0.409555358741
0.4 3.40097403455 0.520473466626
0.5 3.36129865635 0.660747542551
0.6 3.25366547188 0.832739683043
0.7 3.07181567986 1.03444141576
0.8 2.81880819728 1.25727258923
0.9 2.50949496583 1.48548016055
1 2.16883737358 1.69858469405
1.1 1.82582565426 1.87654106767
1.2 1.50579862683 2.00518118098
1.3 1.22519710842 2.07905528904
1.4 0.990614478611 2.10079462167
1.5 0.80107072224 2.0782847432
1.6 0.651299008475 2.02153784517
1.7 0.534474176125 1.94041564253
1.8 0.443881466847 1.84342939131
1.9 0.373693385165 1.73734466654
2 0.319186200533 1.62724444828
2.1 0.276677205337 1.51678672664
2.2 0.243358197511 1.40850512008
2.3 0.21711183844 1.30408376906
2.4 0.196349185562 1.20458296821
2.5 0.179878346126 1.11061373009
2.6 0.16680158578 1.0224711136
2.7 0.156442610749 0.940225655735
2.8 0.148287202515 0.863798830047
2.9 0.141942892034 0.793011579143
3 0.137108739548 0.727619998247
3.1 0.133553036166 0.66734172726
3.2 0.131096703738 0.61187406886
3.3 0.129601482992 0.560906421335
3.4 0.12896050136 0.514129710066
3.5 0.129091637379 0.471242210135
3.6 0.129932420678 0.431953433101
3.7 0.131436059097 0.395986814611
3.8 0.133568597438 0.363081048324
3.9 0.136306638406 0.332990824601
4 0.139635591294 0.305486989758
4.1 0.143548333203 0.280356386131
4.2 0.148044146939 0.257401420141
4.3 0.153128197124 0.236439105912
4.4 0.158810531623 0.217300858152
4.5 0.165105948061 0.199831303409
4.6 0.172033435318 0.183887705823
4.7 0.179616117575 0.16933893186
4.8 0.187880941874 0.156064812516
4.9 0.196858699597 0.143955222902
5 0.206583881263 0.132909449996
5.1 0.217094754564 0.122835404272
5.2 0.228433334427 0.113648987148
5.3 0.240645505929 0.105273433972
5.4 0.253781084069 0.0976387575661
5.5 0.267893966425 0.090681186364
5.6 0.283042258937 0.0843426736925
5.7 0.299288512485 0.0785704107894
5.8 0.316699864495 0.0733164587036
5.9 0.335348228766 0.0685372961338
6 0.355310538338 0.0641933818157
6.1 0.376669103128 0.0602491467377
6.2 0.399511706506 0.0566723263546
6.3 0.4239319772 0.0534338873728
6.4 0.450029753126 0.0505079372731
6.5 0.47791119489 0.047871142284
6.6 0.50768928236 0.0455029808519
6.7 0.539484022658 0.0433853151265
6.8 0.573422752964 0.0415022872315
6.9 0.609640514736 0.0398405118651
7 0.648280301049 0.0383886127899
7.1 0.689493236232 0.0371375932223
7.2 0.733438891041 0.0360806975061
7.3 0.780285600546 0.0352132728576
7.4 0.830210196144 0.0345332059081
7.5 0.883397845457 0.0340412765414
7.6 0.940042674576 0.0337411001513
7.7 1.00034686039 0.0336396954735
7.8 1.06451862149 0.0337481611
7.9 1.13277352454 0.0340819704851
8 1.20533265981 0.0346618892602
8.1 1.28241709303 0.0355164752432
8.2 1.3642482712 0.0366823385815
8.3 1.45104057741 0.0382076528325
8.4 1.54299804044 0.0401538803144
8.5 1.64030681803 0.0425994030565
8.6 1.74311573171 0.0456483876631
8.7 1.85152594756 0.0494356000563
8.8 1.96557150717 0.0541352944771
8.9 2.0851823124 0.0599782089673
9 2.21014303362 0.0672701194149
9.1 2.34003895465 0.0764162792934
9.2 2.47417167216 0.0879600084763
9.3 2.61145053074 0.102631512778
9.4 2.75023877213 0.121417059611
9.5 2.88815851727 0.145645504886
9.6 3.02182511277 0.17710284698
9.7 3.14652503525 0.218163766779
9.8 3.25585383051 0.271922542388
9.9 3.34137969278 0.342275644397
10 3.39252382236 0.433825569387
10.1 3.39692929727 0.551453112984
10.2 3.34179973847 0.699270260506
10.3 3.21657570125 0.878812010174
10.4 3.01688278664 1.0866582218
10.5 2.74852835222 1.31244976814
10.6 2.42912706416 1.53895492772
10.7 2.08529605413 1.74526342689
10.8 1.7458125573 1.9123104136
10.9 1.43418942845 2.02790855006
11 1.16442573144 2.08872718533
11.1 0.941008350951 2.09896055218
11.2 0.761628656155 2.06727061164
11.3 0.620435155909 2.00379700537
11.4 0.510517233163 1.91814793718
11.5 0.425330614993 1.81842674502
11.6 0.359308880171 1.71097671426
11.7 0.307991096544 1.6005105619
11.8 0.267922114387 1.49038815278
11.9 0.236476653414 1.38291505565
12 0.211678400279 1.27960660824
12.1 0.19204487453 1.18140072784
12.2 0.176463645539 1.08882129957
12.3 0.164095872587 1.00210260352
12.4 0.154308641924 0.921273893927
12.5 0.146620782341 0.846227600586
12.6 0.140664356589 0.776766332678
12.7 0.136156798054 0.712635258672
12.8 0.132880353942 0.653545501164
12.9 0.130666824129 0.599191557886
13 0.129386045729 0.549262769793
13.1 0.128937753592 0.503451199709
13.2 0.129244955882 0.461457537027
13.3 0.13024926818 0.422994541571
13.4 0.13190726513 0.387789192163
13.5 0.134187687074 0.355584040039
13.6 0.137069395139 0.326137670863
13.7 0.140539722699 0.299224825535
13.8 0.14459318976 0.274636126587
13.9 0.149230584316 0.252177546425
14 0.154458174362 0.231669808138
14.1 0.160287232193 0.212947520705
14.2 0.166733647579 0.195858346051
14.3 0.173817375489 0.180262487062
14.4 0.181562524512 0.166031480725
14.5 0.189996937762 0.153047701582
14.6 0.199152332805 0.141203338164
14.7 0.209064087624 0.130399841357
14.8 0.219771388376 0.120547080477
14.9 0.231317164761 0.111562797577
15 0.243748253177 0.103371915793
15.1 0.257115436612 0.0959059949027
15.2 0.27147362861 0.0891026823591
15.3 0.286881993432 0.0829052341939
15.4 0.303404149342 0.0772620532844
15.5 0.321108345809 0.072126273675
15.6 0.340067723612 0.0674553853925
15.7 0.360360527 0.063210905457
15.8 0.382070330122 0.0593580254086
15.9 0.405286303108 0.0558652570313
16 0.430103595003 0.0527044394728
16.1 0.456623496051 0.0498502175773
16.2 0.484953793574 0.0472799674352
16.3 0.515209160944 0.044973799022
16.4 0.547511323562 0.0429140503658
16.5 0.581989476906 0.0410855736967
16.6 0.618780557408 0.0394754051616
16.7 0.658029502261 0.0380727202263
16.8 0.699889478146 0.0368691186839
16.9 0.744522238309 0.0358582191947
17 0.792097968733 0.0350361671383
17.1 0.842795542808 0.0344016193679
17.2 0.89680276103 0.0339557284033
17.3 0.954315264719 0.033702922659
17.4 1.0155365485 0.0336511820004
17.5 1.08067787863 0.0338123862582
17.6 1.14995531466 0.0342035702442
17.7 1.22358909506 0.0348476023046
17.8 1.30180271903 0.0357740245442
17.9 1.38481595904 0.0370222097763
18 1.47284189245 0.0386429812457
18.1 1.56607931379 0.0407022755133
18.2 1.66470493792 0.0432848319273
18.3 1.76886281301 0.0464991935681
18.4 1.87863817197 0.0504895597341
18.5 1.99403966344 0.0554439262049
18.6 2.11497036626 0.0616073007273
18.7 2.24117194147 0.0693072337353
18.8 2.37216749323 0.078979477098
18.9 2.50717451838 0.0912075653097
19 2.64498823576 0.106775684895
19.1 2.78381100851 0.126744827335
19.2 2.92104736158 0.152543360378
19.3 3.05302241482 0.186087356676
19.4 3.17464613055 0.229914904924
19.5 3.27904979535 0.28731054273
19.6 3.35727922472 0.36236002707
19.7 3.39826325241 0.459791331323
19.8 3.38937064437 0.584421657993
19.9 3.31804733271 0.73993292512
20 3.17484170509 0.926882669269
