"Time" "Prey" "Predator"
0 30.8990390142 19.1669823374
0.1 0.311661371058 39.0155322193
0.2 0.00230228229102 35.519551953
0.3 2.72443216571e-05 32.1410191658
0.4 5.55789315999e-07 29.0824100055
0.5 8.69662154502e-09 26.3148548257
0.6 7.50221038522e-10 23.8106658893
0.7 8.33361042885e-10 21.5447828332
0.8 -8.0795350798e-09 19.4945199935
0.9 -5.82406290678e-09 17.6393692585
1 -6.1464456623e-09 15.9607593786
1.1 -5.37546660242e-09 14.441887227
1.2 -3.95131753532e-09 13.0675581285
1.3 -9.01829932384e-10 11.8240300178
1.4 -1.52063030971e-09 10.6988219669
1.5 -1.58750177731e-09 9.68069420278
1.6 -1.45175744279e-09 8.75945558138
1.7 -1.48388770361e-09 7.92588356305
1.8 -1.48388770361e-09 7.17163623809
1.9 -1.48388770361e-09 6.48916527273
2 -1.48388770361e-09 5.87163981093
2.1 -1.48388770361e-09 5.31287974184
2.2 -1.48388770361e-09 4.80729317819
2.3 -1.48388770361e-09 4.34981773243
2.4 -1.48388770361e-09 3.93587679359
2.5 -1.48388770361e-09 3.56132810392
2.6 -1.48388770361e-09 3.22242297688
2.7 -1.48388770361e-09 2.91576890563
2.8 -1.48388770361e-09 2.63829670269
2.9 -1.48388770361e-09 2.38722947867
3 -1.48388770361e-09 2.16005454371
3.1 -1.48388770361e-09 1.95449816038
3.2 -1.48388770361e-09 1.76850299111
3.3 -1.48388770361e-09 1.60020729074
3.4 -1.48388770361e-09 1.44792665738
3.5 -1.48388770361e-09 1.31013813143
3.6 -1.48388770361e-09 1.18546165292
3.7 -1.48388770361e-09 1.07265005516
3.8 -1.48388770361e-09 0.970573775996
3.9 -1.48388770361e-09 0.878211314234
4 -1.48388770361e-09 0.794638394812
4.1 -1.48388770361e-09 0.719018274072
4.2 -1.48388770361e-09 0.650594686794
4.3 -1.48388770361e-09 0.588682299209
4.4 -1.48388770361e-09 0.532661782301
4.5 -1.48388770361e-09 0.481972219979
4.6 -1.48388770361e-09 0.436106408766
4.7 -1.48388770361e-09 0.394605373316
4.8 -1.48388770361e-09 0.357053591723
4.9 -1.48388770361e-09 0.323075474817
5 -1.48388770361e-09 0.292330707702
5.1 -1.48388770361e-09 0.264511762702
5.2 -1.48388770361e-09 0.239340089502
5.3 -1.48388770361e-09 0.216563826504
5.4 -1.48388770361e-09 0.195955045916
5.5 -1.48388770361e-09 0.177307407388
5.6 -1.48388770361e-09 0.16043437323
5.7 -1.48388770361e-09 0.145166928725
5.8 -1.48388770361e-09 0.131352439942
5.9 -1.48388770361e-09 0.118852592462
6 -1.48388770361e-09 0.107542237038
6.1 -1.48388770361e-09 0.0973082613872
6.2 -1.48388770361e-09 0.088048125419
6.3 -1.48388770361e-09 0.0796692329853
6.4 -1.48388770361e-09 0.0720876909364
6.5 -1.48388770361e-09 0.0652276067215
6.6 -1.48388770361e-09 0.0590203914813
6.7 -1.48388770361e-09 0.0534038456443
6.8 -1.48388770361e-09 0.0483217990219
6.9 -1.48388770361e-09 0.0437233668051
7 -1.48388770361e-09 0.0395625185895
7.1 -1.48388770361e-09 0.035797652005
7.2 -1.48388770361e-09 0.0323910423911
7.3 -1.48388770361e-09 0.0293086262865
7.4 -1.48388770361e-09 0.0265195411542
7.5 -1.48388770361e-09 0.0239958646176
7.6 -1.48388770361e-09 0.0217123594814
7.7 -1.48388770361e-09 0.019646146506
7.8 -1.48388770361e-09 0.017776566879
7.9 -1.48388770361e-09 0.0160849018545
8 -1.48388770361e-09 0.0145542156452
8.1 -1.48388770361e-09 0.0131692014653
8.2 -1.48388770361e-09 0.0119159820054
8.3 -1.48388770361e-09 0.0107820258021
8.4 -1.48388770361e-09 0.00975597920028
8.5 -1.48388770361e-09 0.00882757094418
8.6 -1.48388770361e-09 0.00798751797019
8.7 -1.48388770361e-09 0.0072274028227
8.8 -1.48388770361e-09 0.00653962290516
8.9 -1.48388770361e-09 0.00591729626623
9 -1.48388770361e-09 0.00535418870041
9.1 -1.48388770361e-09 0.00484466678364
9.2 -1.48388770361e-09 0.00438361804786
9.3 -1.48388770361e-09 0.00396644202201
9.4 -1.48388770361e-09 0.0035889890433
9.5 -1.48388770361e-09 0.00324747108015
9.6 -1.48388770361e-09 0.00293846143676
9.7 -1.48388770361e-09 0.00265884519095
9.8 -1.48388770361e-09 0.00240584449605
9.9 -1.48388770361e-09 0.00217692969373
10 -1.48388770361e-09 0.00196977599201
10.1 -1.48388770361e-09 0.0017823202486
10.2 -1.48388770361e-09 0.00161271176051
10.3 -1.48388770361e-09 0.0014592402134
10.4 -1.48388770361e-09 0.00132036529454
10.5 -1.48388770361e-09 0.00119471921971
10.6 -1.48388770361e-09 0.00108103308319
10.7 -1.48388770361e-09 0.000978141171246
10.8 -1.48388770361e-09 0.000885069770821
10.9 -1.48388770361e-09 0.000800849730296
11 -1.48388770361e-09 0.000724634490047
11.1 -1.48388770361e-09 0.000655679215884
11.2 -1.48388770361e-09 0.00059328961783
11.3 -1.48388770361e-09 0.000536829884773
11.4 -1.48388770361e-09 0.000485726460954
11.5 -1.48388770361e-09 0.000439466480183
11.6 -1.48388770361e-09 0.000397601109184
11.7 -1.48388770361e-09 0.000359743867152
11.8 -1.48388770361e-09 0.00032550391635
11.9 -1.48388770361e-09 0.00029451321443
12 -1.48388770361e-09 0.000266474298425
12.1 -1.48388770361e-09 0.000241127935877
12.2 -1.48388770361e-09 0.000218193981926
12.3 -1.48388770361e-09 0.000197434012103
12.4 -1.48388770361e-09 0.000178649192798
12.5 -1.48388770361e-09 0.000161659604521
12.6 -1.48388770361e-09 0.000146277533234
12.7 -1.48388770361e-09 0.000132352652582
12.8 -1.48388770361e-09 0.00011975805527
12.9 -1.48388770361e-09 0.0001083639651
13 -1.48388770361e-09 9.8042537128e-05
13.1 -1.48388770361e-09 8.86974189089e-05
13.2 -1.48388770361e-09 8.02483155824e-05
13.3 -1.48388770361e-09 7.26245120536e-05
13.4 -1.48388770361e-09 6.57273501747e-05
13.5 -1.48388770361e-09 5.94829456464e-05
13.6 -1.48388770361e-09 5.3831684702e-05
13.7 -1.48388770361e-09 4.87233179424e-05
13.8 -1.48388770361e-09 4.4103972429e-05
13.9 -1.48388770361e-09 3.99186670864e-05
14 -1.48388770361e-09 3.61268035483e-05
14.1 -1.48388770361e-09 3.26940778694e-05
14.2 -1.48388770361e-09 2.9590490713e-05
14.3 -1.48388770361e-09 2.67788213492e-05
14.4 -1.48388770361e-09 2.42308208711e-05
14.5 -1.48388770361e-09 2.19239858581e-05
14.6 -1.48388770361e-09 1.97988165141e-05
14.7 -1.48388770361e-09 1.79422696991e-05
14.8 -1.48388770361e-09 1.62483022389e-05
14.9 -1.48388770361e-09 1.4707759296e-05
15 -1.48388770361e-09 1.3311486033e-05
15.1 -1.48388770361e-09 1.20497186202e-05
15.2 -1.48388770361e-09 1.09091337105e-05
15.3 -1.48388770361e-09 9.87844274056e-06
15.4 -1.48388770361e-09 8.94686736203e-06
15.5 -1.48388770361e-09 8.10362922642e-06
15.6 -1.48388770361e-09 7.33795019407e-06
15.7 -1.48388770361e-09 6.64394522361e-06
15.8 -1.48388770361e-09 6.01769548288e-06
15.9 -1.48388770361e-09 5.4515509559e-06
16 -1.48388770361e-09 4.93786162665e-06
16.1 -1.48388770361e-09 4.46897747912e-06
16.2 -1.48388770361e-09 4.03865043652e-06
16.3 -1.48388770361e-09 3.64882666151e-06
16.4 -1.48388770361e-09 3.29676811286e-06
16.5 -1.48388770361e-09 2.97856220172e-06
16.6 -1.48388770361e-09 2.69029633926e-06
16.7 -1.48388770361e-09 2.36244681822e-06
16.8 -1.48388770361e-09 2.15443409231e-06
16.9 -1.48388770361e-09 1.95972807211e-06
17 -1.48388770361e-09 1.77832875764e-06
17.1 -1.48388770361e-09 1.61023614888e-06
17.2 -1.48388770361e-09 1.45545024585e-06
17.3 -1.48388770361e-09 1.31374909258e-06
17.4 -1.48388770361e-09 1.18383737278e-06
17.5 -1.48388770361e-09 1.0655051586e-06
17.6 -1.48388770361e-09 9.58752450051e-07
17.7 -1.48388770361e-09 8.63579247129e-07
17.8 -1.48388770361e-09 7.79985549835e-07
17.9 -1.48388770361e-09 7.0641793184e-07
18 -1.48388770361e-09 6.39167818424e-07
18.1 -1.48388770361e-09 5.78075076265e-07
18.2 -1.48388770361e-09 5.23139705362e-07
18.3 -1.48388770361e-09 4.74361705715e-07
18.4 -1.48388770361e-09 4.31740997882e-07
18.5 -1.48388770361e-09 3.93616835254e-07
18.6 -1.48388770361e-09 3.5837386314e-07
18.7 -1.48388770361e-09 3.26012081541e-07
18.8 -1.48388770361e-09 2.96531490455e-07
18.9 -1.48388770361e-09 2.69932089883e-07
19 -1.48388770361e-09 2.46171824755e-07
19.1 -1.48388770361e-09 2.24370578434e-07
19.2 -1.48388770361e-09 2.04176714554e-07
19.3 -1.48388770361e-09 1.85590233115e-07
19.4 -1.48388770361e-09 1.68611134116e-07
19.5 -1.48388770361e-09 1.53239417558e-07
19.6 -1.48388770361e-09 1.39398197646e-07
19.7 -1.48388770361e-09 1.26638775339e-07
19.8 -1.48388770361e-09 1.14888431397e-07
19.9 -1.48388770361e-09 1.04147165818e-07
20 -1.48388770361e-09 9.44149786044e-08
