"Time" "Prey" "Predator"
0 0.791960404647 11.9444754428
0.1 0.178949082041 11.2591254313
0.2 0.0454601241142 10.2863629802
0.3 0.0131488258706 9.33151056746
0.4 0.00429921988605 8.45012284268
0.5 0.00157271438238 7.64804242338
0.6 0.000637051026303 6.92094573425
0.7 0.000282975788448 6.26260194547
0.8 0.00013659613054 5.66674974657
0.9 7.11300601146e-05 5.12753829383
1 3.96286404324e-05 4.63961325384
1.1 2.3528350798e-05 4.19810840093
1.2 1.47617402889e-05 3.79861252312
1.3 9.7413978552e-06 3.43713061777
1.4 6.72898028039e-06 3.1100464839
1.5 4.84812537237e-06 2.81408770091
1.6 3.62581034803e-06 2.54629267422
1.7 2.80535330682e-06 2.30398123026
1.8 2.24040071128e-06 2.08472793439
1.9 1.84701402276e-06 1.8863416511
2 1.55838222711e-06 1.7068338075
2.1 1.339951828e-06 1.54440754726
2.2 1.17667607354e-06 1.39743794866
2.3 1.05369973828e-06 1.26445439351
2.4 9.59879273793e-07 1.14412598275
2.5 8.87116376381e-07 1.03524819905
2.6 8.31465393644e-07 0.93673160549
2.7 7.89091688735e-07 0.847590756479
2.8 7.57348407096e-07 0.766932044397
2.9 7.3329969836e-07 0.693947551777
3 7.16589734001e-07 0.627908509252
3.1 7.07754012134e-07 0.568155620517
3.2 7.04220107843e-07 0.514088961165
3.3 7.04905753898e-07 0.465166703186
3.4 7.10185434043e-07 0.420900069829
3.5 7.19781118824e-07 0.380846103169
3.6 7.33127223699e-07 0.344603896517
3.7 7.50121525595e-07 0.311810641539
3.8 7.70726690868e-07 0.28213791015
3.9 7.94885395488e-07 0.255288839055
4 8.22603342467e-07 0.230994925206
4.1 8.53915827965e-07 0.209012895496
4.2 8.88894070919e-07 0.189122700228
4.3 9.27643394012e-07 0.171125292334
4.4 9.70293466213e-07 0.154840470891
4.5 1.01700305505e-06 0.140105318459
4.6 1.06795949446e-06 0.126772551527
4.7 1.12336782092e-06 0.114708537833
4.8 1.18346119715e-06 0.103792606121
4.9 1.24849703028e-06 0.0939154426751
5 1.31875831144e-06 0.0849781809981
5.1 1.3945544585e-06 0.0768914503549
5.2 1.47622074891e-06 0.0695742273643
5.3 1.5641212074e-06 0.0629533691081
5.4 1.65864857931e-06 0.0569625801338
5.5 1.7602261691e-06 0.0515418781046
5.6 1.86930970998e-06 0.0466370357049
5.7 1.98638907354e-06 0.0421989190969
5.8 2.11199039903e-06 0.0381831629336
5.9 2.24667810939e-06 0.0345495559993
6 2.39105737665e-06 0.0312617262505
6.1 2.54577676051e-06 0.0282867940015
6.2 2.71153100545e-06 0.0255949505823
6.3 2.8890639782e-06 0.0231592762629
6.4 3.07917208781e-06 0.0209553805792
6.5 3.28270766448e-06 0.0189612074055
6.6 3.50058269923e-06 0.0171568186497
6.7 3.73377300419e-06 0.0155241327368
6.8 3.98332226846e-06 0.014046822727
6.9 4.25034698497e-06 0.0127100950232
7 4.53604118587e-06 0.0115005699677
7.1 4.84168172547e-06 0.0104061519815
7.2 5.16863422105e-06 0.00941587568349
7.3 5.51835866593e-06 0.00851984089964
7.4 5.89241637584e-06 0.0077090750259
7.5 6.29247661833e-06 0.00697546184721
7.6 6.72032400386e-06 0.00631166377359
7.7 7.17786687921e-06 0.00571103113623
7.8 7.66714508683e-06 0.00516755729542
7.9 8.19034032094e-06 0.00467579074493
8 8.74978436203e-06 0.00423081160187
8.1 9.34796839404e-06 0.00382819248724
8.2 9.98755900032e-06 0.00346390904049
8.3 1.06714066267e-05 0.00313430403165
8.4 1.14025524868e-05 0.0028360618324
8.5 1.21842513328e-05 0.00256619316424
8.6 1.3019989851e-05 0.00232202036337
8.7 1.39134835601e-05 0.00210107766873
8.8 1.48687038522e-05 0.00190112901614
8.9 1.58899128201e-05 0.0017202140973
9 1.69816516178e-05 0.00155651928769
9.1 1.81487688129e-05 0.00140838913273
9.2 1.93964696924e-05 0.0012743642234
9.3 2.07303048275e-05 0.00115310258771
9.4 2.2156232669e-05 0.00104334557725
9.5 2.36805002237e-05 0.000944077401732
9.6 2.53099910207e-05 0.000854245902391
9.7 2.70519147199e-05 0.000772954415344
9.8 2.891405308e-05 0.00069939923801
9.9 3.09047230043e-05 0.000632850907798
10 3.30327326925e-05 0.000572631987485
10.1 3.53074548785e-05 0.000518130006219
10.2 3.7739200558e-05 0.00046879427818
10.3 4.0338792207e-05 0.000424139535538
10.4 4.3117607755e-05 0.000383745554133
10.5 4.60879035542e-05 0.000347224738043
10.6 4.92632525376e-05 0.00031417064131
10.7 5.26576820588e-05 0.000284259261293
10.8 5.62859766835e-05 0.00025721369484
10.9 6.01644391998e-05 0.000232753040929
11 6.43106120671e-05 0.000210610772649
11.1 6.8742717399e-05 0.000190571673308
11.2 7.34800802325e-05 0.000172448029039
11.3 7.85442921412e-05 0.000156043332322
11.4 8.39579649415e-05 0.000141191157511
11.5 8.97447891607e-05 0.000127753337021
11.6 9.59303494149e-05 0.000115601617325
11.7 0.00010254326252 0.000104594845509
11.8 0.000109612776564 9.46270958877e-05
11.9 0.000117169629543 8.56104586004e-05
12 0.000125246226412 7.74723415516e-05
12.1 0.000133879843565 7.01161121795e-05
12.2 0.000143109785435 6.345602079e-05
12.3 0.000152976541549 5.74275538335e-05
12.4 0.000163522723796 5.19759221474e-05
12.5 0.000174794643897 4.70492701009e-05
12.6 0.000186845137676 4.25865173861e-05
12.7 0.000199727608292 3.854300232e-05
12.8 0.000213498156276 3.48813122419e-05
12.9 0.000228215940435 3.1570150521e-05
13 0.00024394883848 2.85722741951e-05
13.1 0.000260768425208 2.58551950828e-05
13.2 0.000278748482266 2.33943553484e-05
13.3 0.000297966654213 2.11695985693e-05
13.4 0.000318463582096 1.91400287814e-05
13.5 0.000340454028966 1.73364470835e-05
13.6 0.000363940145497 1.56946984439e-05
13.7 0.000389035963502 1.42052932365e-05
13.8 0.00041585657321 1.28586111114e-05
13.9 0.000444545844444 1.16414771702e-05
14 0.000475241593454 1.05414641874e-05
14.1 0.000508071577683 9.54738729399e-06
14.2 0.000543163554574 8.64806162066e-06
14.3 0.000580645281571 7.83230229823e-06
14.4 0.000620684250051 7.09153371414e-06
14.5 0.000663535894237 6.42295530571e-06
14.6 0.000709382073071 5.81893495287e-06
14.7 0.000758399953519 5.27153242159e-06
14.8 0.000810766702543 4.77280747781e-06
14.9 0.000866665523652 4.31511566707e-06
15 0.000926445509065 3.89894077598e-06
15.1 0.000990421240368 3.52307563395e-06
15.2 0.00105884907455 3.18346017229e-06
15.3 0.00113198536861 2.87603432236e-06
15.4 0.00121008647953 2.59673801547e-06
15.5 0.0012934997508 2.34278923331e-06
15.6 0.00138277509534 2.11425136724e-06
15.7 0.00147829332924 1.90881257479e-06
15.8 0.00158042437861 1.72400804645e-06
15.9 0.00168953816957 1.55737297272e-06
16 0.00180601497822 1.40649693623e-06
16.1 0.00193053054779 1.27052228555e-06
16.2 0.00206372203606 1.14838859145e-06
16.3 0.00220612839998 1.03851935076e-06
16.4 0.00235828859653 9.39338060337e-07
16.5 0.00252087718055 8.49651462193e-07
16.6 0.00269481617309 7.68965720977e-07
16.7 0.00288082791106 6.96222626847e-07
16.8 0.00307962641064 6.30340452773e-07
16.9 0.0032919607031 5.70304457125e-07
17 0.00351903848509 5.15977344746e-07
17.1 0.0037619251432 4.66949575175e-07
17.2 0.00402158126668 4.2261112627e-07
17.3 0.00429896744483 3.82351975889e-07
17.4 0.00459533740887 3.45789089193e-07
17.5 0.00491227621109 3.12795981685e-07
17.6 0.00525109124853 2.83031173333e-07
17.7 0.00561313090123 2.56157947115e-07
17.8 0.00600025342691 2.31918530391e-07
17.9 0.00641418637684 2.10034913239e-07
18 0.00685655910966 1.90213882563e-07
18.1 0.00732931840788 1.72235198218e-07
18.2 0.00783489903816 1.55990803289e-07
18.3 0.00837537255224 1.4128914097e-07
18.4 0.00895285264057 1.27942627604e-07
18.5 0.00957029521812 1.15862862453e-07
18.6 0.0102305098907 1.04944214973e-07
18.7 0.0109361083375 9.5057746161e-08
18.8 0.0116900684532 8.60946906861e-08
18.9 0.0124961816355 7.79910965334e-08
19 0.0133578031481 7.06589860278e-08
19.1 0.0142788190857 6.40242945825e-08
19.2 0.0152635280053 5.8024244713e-08
19.3 0.0163159276468 5.25876969875e-08
19.4 0.0174409888831 4.76660101723e-08
19.5 0.0186437609529 4.32123547905e-08
19.6 0.0199296009204 3.91814848662e-08
19.7 0.0213035009134 3.55231924614e-08
19.8 0.0227725425114 3.22156794408e-08
19.9 0.0243424651611 2.92171019905e-08
20 0.0260205047676 2.64986186767e-08
