"Time" "Prey" "Predator"
0 1.08432605942 0.953939980563
0.1 1.0202364849 0.95891528085
0.2 0.959681665165 0.957922952966
0.3 0.903182224849 0.951343597478
0.4 0.851049757393 0.939688712965
0.5 0.803418327117 0.923558286778
0.6 0.760285323759 0.903595308232
0.7 0.721543721389 0.880453229482
0.8 0.687013406666 0.854768390537
0.9 0.656467958207 0.827139576344
1 0.629658441463 0.798112863003
1.1 0.606325606046 0.768178056791
1.2 0.58621383747 0.737763168309
1.3 0.569078693719 0.707235534889
1.4 0.554692016048 0.676904672981
1.5 0.542844899328 0.647026466087
1.6 0.533349110176 0.617808236297
1.7 0.526036888904 0.589414609415
1.8 0.520760418809 0.561972715096
1.9 0.517391021547 0.53557737603
2 0.515817762014 0.510296113202
2.1 0.515946008629 0.486173444963
2.2 0.517696075289 0.463234860471
2.3 0.521001804796 0.441490218507
2.4 0.525809224365 0.420937076599
2.5 0.532075315591 0.401563286319
2.6 0.539766863272 0.38334864304
2.7 0.548859380395 0.366267581078
2.8 0.55933623538 0.350290184277
2.9 0.571187647756 0.335384056068
3 0.584409971584 0.321515043838
3.1 0.599004818011 0.308648570347
3.2 0.614978400611 0.296750173465
3.3 0.632340740732 0.285786410951
3.4 0.651105020669 0.275725281773
3.5 0.671286796216 0.266536800945
3.6 0.692903298601 0.2581934744
3.7 0.715972596893 0.25067084368
3.8 0.74051269317 0.243947334626
3.9 0.766540791907 0.238005190361
4 0.794071812075 0.232830436804
4.1 0.823117808358 0.228413420285
4.2 0.853685949934 0.224749135236
4.3 0.885777527428 0.221837573023
4.4 0.919386016549 0.219684234612
4.5 0.954494660618 0.218300647911
4.6 0.991075276614 0.217704755858
4.7 1.0290837772 0.217921878614
4.8 1.06845948382 0.21898495529
4.9 1.10911921228 0.220935811397
5 1.15095555449 0.223825597979
5.1 1.19383119141 0.227715909489
5.2 1.23757408411 0.232679780573
5.3 1.28197376055 0.2388023349
5.4 1.32677259701 0.246182009363
5.5 1.37166361847 0.254931123338
5.6 1.416281194 0.265175788528
5.7 1.46019710862 0.27705705689
5.8 1.50291601292 0.290727968936
5.9 1.54386967036 0.306353602777
6 1.58241594575 0.324107981606
6.1 1.61784481182 0.344163919211
6.2 1.64938246447 0.366688265964
6.3 1.67620114325 0.391831950467
6.4 1.6974467247 0.419710392848
6.5 1.71226576919 0.450386577018
6.6 1.71984290863 0.483849926617
6.7 1.71945321037 0.519989373986
6.8 1.71051576286 0.558570148307
6.9 1.69265193397 0.599211794561
7 1.66574198781 0.641373062464
7.1 1.62996703146 0.68435101955
7.2 1.58583512579 0.727292220891
7.3 1.53417431997 0.769228812003
7.4 1.47610452129 0.809123168303
7.5 1.41297288195 0.845934077147
7.6 1.34627005561 0.878685294291
7.7 1.2775341051 0.906532761017
7.8 1.20825558493 0.928819494901
7.9 1.13979538528 0.945112053109
8 1.07332348992 0.955215505111
8.1 1.00978327914 0.959165230892
8.2 0.949881992293 0.957200901444
8.3 0.894100985312 0.949728615736
8.4 0.842719411437 0.937277918017
8.5 0.795847363828 0.920457449315
8.6 0.75346192576 0.899914446581
8.7 0.71544183139 0.876301016235
8.8 0.681597900309 0.850248108487
8.9 0.651698888426 0.822346356794
9 0.625492011122 0.793133838347
9.1 0.602718343043 0.763089491197
9.2 0.583123737106 0.732630996379
9.3 0.566466244068 0.702115731036
9.4 0.552520895398 0.671843783015
9.5 0.541082449566 0.642062346343
9.6 0.531965437736 0.612971845514
9.7 0.525005659007 0.584729932808
9.8 0.520058614522 0.557457915572
9.9 0.516998714917 0.531245688718
10 0.515717889987 0.50615654792
10.1 0.516124153058 0.482231545355
10.2 0.518140175062 0.459493350613
10.3 0.521701955593 0.437949646632
10.4 0.526757470715 0.417596098164
10.5 0.533265312756 0.398418883851
10.6 0.541193892687 0.380396959038
10.7 0.550520091214 0.36350372564
10.8 0.561228488519 0.347708930758
10.9 0.573310425921 0.332979644126
11 0.58676316413 0.319281708568
11.1 0.601589178353 0.30658042201
11.2 0.6177953516 0.29484150775
11.3 0.635392305015 0.284031701222
11.4 0.654393665873 0.27411932296
11.5 0.674815323843 0.26507484264
11.6 0.696674724497 0.256871184064
11.7 0.719989966654 0.249484282538
11.8 0.744779030152 0.242893282471
11.9 0.771058638871 0.237081078318
12 0.79884357321 0.232034290174
12.1 0.828145038854 0.227743987404
12.2 0.858969308552 0.224206084548
12.3 0.891316668372 0.221421369178
12.4 0.925178808167 0.219396394332
12.5 0.960537354543 0.218143716935
12.6 0.997361626892 0.217682413057
12.7 1.03560502248 0.218039071075
12.8 1.07520308996 0.219248121374
12.9 1.1160694334 0.221352771356
13 1.15809128198 0.224405979708
13.1 1.20112626141 0.228471176965
13.2 1.24499637231 0.233623264169
13.3 1.28948296779 0.23994964669
13.4 1.33432139355 0.247551167335
13.5 1.37919478791 0.256542043322
13.6 1.4237274828 0.267051358244
13.7 1.46747960369 0.279222563794
13.8 1.50994411744 0.293210690531
13.9 1.55053983977 0.309182756029
14 1.58861608915 0.327310864002
14.1 1.62344823431 0.347769870314
14.2 1.65425037366 0.370725971262
14.3 1.68019235647 0.396322839597
14.4 1.70041800966 0.424668721274
14.5 1.71407458249 0.455817302074
14.6 1.72035988994 0.48974216383
14.7 1.71856806502 0.526312985766
14.8 1.70814843839 0.565272223199
14.9 1.68876401764 0.606211613244
15 1.66034211377 0.64856360703
15.1 1.62311719563 0.691598772092
15.2 1.57765230173 0.734441682229
15.3 1.52482896305 0.776108070096
15.4 1.46580922963 0.815555679075
15.5 1.4019717146 0.851748601507
15.6 1.33482086284 0.883729591956
15.7 1.26589342388 0.910682133318
15.8 1.1966611479 0.931986578564
15.9 1.12845816299 0.947247334757
16 1.0624171324 0.956309862443
16.1 0.999443228559 0.959244945813
16.2 0.940204802971 0.9563230669
16.3 0.885146995198 0.947974498698
16.4 0.834518400237 0.934744934774
16.5 0.788404402856 0.917252179837
16.6 0.746763219023 0.896146670724
16.7 0.709459839578 0.872078897454
16.8 0.676296271261 0.845674176542
16.9 0.647036348436 0.817514996586
17 0.621425217573 0.788129727563
17.1 0.599204015063 0.757987398161
17.2 0.580120257209 0.727495215115
17.3 0.563934416835 0.69700087736
17.4 0.550424654731 0.66679520123
17.5 0.539388950362 0.63711711727
17.6 0.530645678364 0.608159206981
17.7 0.524033999484 0.580072675727
17.8 0.519412703118 0.552973215637
17.9 0.516659163284 0.526945970417
18 0.515668154971 0.50205016455
18.1 0.51635032044 0.478323472469
18.2 0.518630574096 0.455785873769
18.3 0.522446953654 0.434442875515
18.4 0.527749338025 0.414288300397
18.5 0.534498124881 0.395306982322
18.6 0.542663163557 0.377476776209
18.7 0.552222728588 0.360770456011
18.8 0.563162599448 0.345157132084
18.9 0.575475156016 0.330603690226
19 0.589158606172 0.317075736734
19.1 0.604216188779 0.304538658849
19.2 0.620655492097 0.292958252102
19.3 0.638487671961 0.282301517857
19.4 0.65772679285 0.272537101641
19.5 0.678388996319 0.263635939785
19.6 0.70049195314 0.255571337401
19.7 0.72405385204 0.248319648561
19.8 0.749092443363 0.241860770928
19.9 0.775624421473 0.236178006645
20 0.803663811064 0.231258915622
