"Time" "Prey" "Predator"
0 0.931359779981 38.5378302963
0.1 0.00696549157364 35.5185347506
0.2 8.21192108169e-05 32.143338637
0.3 1.45469051106e-06 29.0845473799
0.4 -8.34807930754e-08 26.3168037882
0.5 -7.87044536606e-08 23.8124348943
0.6 -7.87044536606e-08 21.5464027539
0.7 -7.87044536606e-08 19.4960072892
0.8 -7.87044536606e-08 17.6407142303
0.9 -7.87044536606e-08 15.9619624117
1 -7.87044536606e-08 14.4429779824
1.1 -7.87044536606e-08 13.0685445111
1.2 -7.87044536606e-08 11.8249057785
1.3 -7.87044536606e-08 10.6996102479
1.4 -7.87044536606e-08 9.68140870137
1.5 -7.87044536606e-08 8.76011899052
1.6 -7.87044536606e-08 7.92647886287
1.7 -7.87044536606e-08 7.17217389248
1.8 -7.87044536606e-08 6.48965311668
1.9 -7.87044536606e-08 5.87208110872
2 -7.87044536606e-08 5.31327874911
2.1 -7.87044536606e-08 4.80765382372
2.2 -7.87044536606e-08 4.35014525877
2.3 -7.87044536606e-08 3.93617453325
2.4 -7.87044536606e-08 3.561598982
2.5 -7.87044536606e-08 3.22266853355
2.6 -7.87044536606e-08 2.91599144074
2.7 -7.87044536606e-08 2.638498786
2.8 -7.87044536606e-08 2.3874127212
2.9 -7.87044536606e-08 2.16022070157
3 -7.87044536606e-08 1.95464897003
3.1 -7.87044536606e-08 1.76863971211
3.2 -7.87044536606e-08 1.60033167378
3.3 -7.87044536606e-08 1.44804015087
3.4 -7.87044536606e-08 1.31024086271
3.5 -7.87044536606e-08 1.18555412348
3.6 -7.87044536606e-08 1.07273346704
3.7 -7.87044536606e-08 0.97064920452
3.8 -7.87044536606e-08 0.878279794162
3.9 -7.87044536606e-08 0.794700417491
4 -7.87044536606e-08 0.719074643498
4.1 -7.87044536606e-08 0.650645574476
4.2 -7.87044536606e-08 0.58872847062
4.3 -7.87044536606e-08 0.53270355371
4.4 -7.87044536606e-08 0.482010069191
4.5 -7.87044536606e-08 0.436140698428
4.6 -7.87044536606e-08 0.394636155155
4.7 -7.87044536606e-08 0.357081300667
4.8 -7.87044536606e-08 0.323100509002
4.9 -7.87044536606e-08 0.292353315752
5 -7.87044536606e-08 0.26453225822
5.1 -7.87044536606e-08 0.239358651755
5.2 -7.87044536606e-08 0.216580598594
5.3 -7.87044536606e-08 0.195970231711
5.4 -7.87044536606e-08 0.177321089752
5.5 -7.87044536606e-08 0.160446766651
5.6 -7.87044536606e-08 0.14517823293
5.7 -7.87044536606e-08 0.131362680931
5.8 -7.87044536606e-08 0.118861881862
5.9 -7.87044536606e-08 0.107550621169
6 -7.87044536606e-08 0.0973158265329
6.1 -7.87044536606e-08 0.0880549783428
6.2 -7.87044536606e-08 0.0796754137563
6.3 -7.87044536606e-08 0.0720933092861
6.4 -7.87044536606e-08 0.0652327038635
6.5 -7.87044536606e-08 0.0590249972114
6.6 -7.87044536606e-08 0.0534080102165
6.7 -7.87044536606e-08 0.0483255459433
6.8 -7.87044536606e-08 0.0437267672551
6.9 -7.87044536606e-08 0.0395656004175
7 -7.87044536606e-08 0.0358004402381
7.1 -7.87044536606e-08 0.0323935726454
7.2 -7.87044536606e-08 0.0293109079219
7.3 -7.87044536606e-08 0.0265216079771
7.4 -7.87044536606e-08 0.0239977309139
7.5 -7.87044536606e-08 0.0217140462941
7.6 -7.87044536606e-08 0.0196476788598
7.7 -7.87044536606e-08 0.0177779508149
7.8 -7.87044536606e-08 0.0160861569536
7.9 -7.87044536606e-08 0.0145553499031
8 -7.87044536606e-08 0.0131702258768
8.1 -7.87044536606e-08 0.011916910495
8.2 -7.87044536606e-08 0.0107828631439
8.3 -7.87044536606e-08 0.00975673945778
8.4 -7.87044536606e-08 0.00882825959027
8.5 -7.87044536606e-08 0.00798813922828
8.6 -7.87044536606e-08 0.00722796651944
8.7 -7.87044536606e-08 0.00654013228286
8.8 -7.87044536606e-08 0.00591775001688
8.9 -7.87044536606e-08 0.00535458037713
9 -7.87044536606e-08 0.00484500893081
9.1 -7.87044536606e-08 0.00438395601945
9.2 -7.87044536606e-08 0.00396679218963
9.3 -7.87044536606e-08 0.00358932864431
9.4 -7.87044536606e-08 0.00324777291197
9.5 -7.87044536606e-08 0.00293873612672
9.6 -7.87044536606e-08 0.00265910595706
9.7 -7.87044536606e-08 0.0024060528116
9.8 -7.87044536606e-08 0.0021770867973
9.9 -7.87044536606e-08 0.00196991412673
10 -7.87044536606e-08 0.0017824423868
10.1 -7.87044536606e-08 0.00161282118366
10.2 -7.87044536606e-08 0.00145935000411
10.3 -7.87044536606e-08 0.00132045063149
10.4 -7.87044536606e-08 0.00119480933679
10.5 -7.87044536606e-08 0.0010811157012
10.6 -7.87044536606e-08 0.000978230855473
10.7 -7.87044536606e-08 0.00088514208373
10.8 -7.87044536606e-08 0.000800916113707
10.9 -7.87044536606e-08 0.000724697738704
11 -7.87044536606e-08 0.000655714566567
11.1 -7.87044536606e-08 0.000593274065818
11.2 -7.87044536606e-08 0.000536771078093
11.3 -7.87044536606e-08 0.00048567793716
11.4 -7.87044536606e-08 0.000439449331942
11.5 -7.87044536606e-08 0.000397611204282
11.6 -7.87044536606e-08 0.000359766664569
11.7 -7.87044536606e-08 0.000325545705335
11.8 -7.87044536606e-08 0.000294570747767
11.9 -7.87044536606e-08 0.000266537514319
12 -7.87044536606e-08 0.000241181898205
12.1 -7.87044536606e-08 0.000218234627004
12.2 -7.87044536606e-08 0.000197461403356
12.3 -7.87044536606e-08 0.000178667232722
12.4 -7.87044536606e-08 0.000161667405328
12.5 -7.87044536606e-08 0.000146268762803
12.6 -7.87044536606e-08 0.000132324927206
12.7 -7.87044536606e-08 0.000119713707548
12.8 -7.87044536606e-08 0.000108332584836
12.9 -7.87044536606e-08 9.80416556727e-05
13 -7.87044536606e-08 8.87249363149e-05
13.1 -7.87044536606e-08 8.02928358241e-05
13.2 -7.87044536606e-08 7.2669554802e-05
13.3 -7.87044536606e-08 6.57802761272e-05
13.4 -7.87044536606e-08 5.95395494052e-05
13.5 -7.87044536606e-08 5.38855355105e-05
13.6 -7.87044536606e-08 4.8765997588e-05
13.7 -7.87044536606e-08 4.41367137753e-05
13.8 -7.87044536606e-08 3.99442631204e-05
13.9 -7.87044536606e-08 3.61445211947e-05
14 -7.87044536606e-08 3.2703406249e-05
14.1 -7.87044536606e-08 2.95930773753e-05
14.2 -7.87044536606e-08 2.67574703507e-05
14.3 -7.87044536606e-08 2.42335700711e-05
14.4 -7.87044536606e-08 2.19368168128e-05
14.5 -7.87044536606e-08 1.98539617776e-05
14.6 -7.87044536606e-08 1.79713647716e-05
14.7 -7.87044536606e-08 1.62698270123e-05
14.8 -7.87044536606e-08 1.4732138567e-05
14.9 -7.87044536606e-08 1.33425250238e-05
15 -7.87044536606e-08 1.20852119711e-05
15.1 -7.87044536606e-08 1.0944424997e-05
15.2 -7.87044536606e-08 9.9091206652e-06
15.3 -7.87044536606e-08 8.97488956902e-06
15.4 -7.87044536606e-08 8.1306828533e-06
15.5 -7.87044536606e-08 7.36527307517e-06
15.6 -7.87044536606e-08 6.66743279173e-06
15.7 -7.87044536606e-08 6.02678724098e-06
15.8 -7.87044536606e-08 5.44507141033e-06
15.9 -7.87044536606e-08 4.9196874477e-06
16 -7.87044536606e-08 4.44491012456e-06
16.1 -7.87044536606e-08 4.01501421237e-06
16.2 -7.87044536606e-08 3.62427448261e-06
16.3 -7.87044536606e-08 3.21029944744e-06
16.4 -7.87044536606e-08 2.92137069193e-06
16.5 -7.87044536606e-08 2.65197484429e-06
16.6 -7.87044536606e-08 2.40211190454e-06
16.7 -7.87044536606e-08 2.17178187266e-06
16.8 -7.87044536606e-08 1.96084591292e-06
16.9 -7.87044536606e-08 1.76745725761e-06
17 -7.87044536606e-08 1.59103951433e-06
17.1 -7.87044536606e-08 1.43159268306e-06
17.2 -7.87044536606e-08 1.28911676381e-06
17.3 -7.87044536606e-08 1.16361175658e-06
17.4 -7.87044536606e-08 1.0537439171e-06
17.5 -7.87044536606e-08 9.53599818984e-07
17.6 -7.87044536606e-08 8.62475544196e-07
17.7 -7.87044536606e-08 7.80371092734e-07
17.8 -7.87044536606e-08 7.07286464598e-07
17.9 -7.87044536606e-08 6.43221659787e-07
18 -7.87044536606e-08 5.8652715585e-07
18.1 -7.87044536606e-08 5.34124491238e-07
18.2 -7.87044536606e-08 4.85943691702e-07
18.3 -7.87044536606e-08 4.41984757244e-07
18.4 -7.87044536606e-08 4.02247687862e-07
18.5 -7.87044536606e-08 3.66726630579e-07
18.6 -7.87044536606e-08 3.34352711991e-07
18.7 -7.87044536606e-08 3.04335057834e-07
18.8 -7.87044536606e-08 2.76673668107e-07
18.9 -7.87044536606e-08 2.5136854281e-07
19 -7.87044536606e-08 2.28419681944e-07
19.1 -7.87044536606e-08 2.07779551914e-07
19.2 -7.87044536606e-08 1.888158695e-07
19.3 -7.87044536606e-08 1.71331293562e-07
19.4 -7.87044536606e-08 1.553258241e-07
19.5 -7.87044536606e-08 1.40799461114e-07
19.6 -7.87044536606e-08 1.27752204604e-07
19.7 -7.87044536606e-08 1.16083949707e-07
19.8 -7.87044536606e-08 1.05350861162e-07
19.9 -7.87044536606e-08 9.55001060373e-08
20 -7.87044536606e-08 8.65316843338e-08
