"Time" "Prey" "Predator"
0 28.6189220264 0.758125097161
0.1 19.0025712381 8.89445511062
0.2 2.45233314686 20.1811659549
0.3 0.173046489257 19.8950578389
0.4 0.0146585335915 18.1155882815
0.5 0.00157188548764 16.4011041013
0.6 0.000209683694565 14.8413200462
0.7 3.40825372308e-05 13.4291095891
0.8 6.65633632611e-06 12.1511819678
0.9 1.50617602508e-06 10.9948494318
1 3.86107892361e-07 9.9485531919
1.1 8.40162122955e-08 9.0018206577
1.2 1.00849658907e-07 8.14518357606
1.3 2.7933679627e-08 7.37006633272
1.4 2.34978003823e-08 6.66871047691
1.5 4.01392084566e-08 6.0340986407
1.6 2.56141936149e-08 5.45988137555
1.7 -4.6290312102e-09 4.94030547834
1.8 4.05210786963e-09 4.47017332431
1.9 6.60093038534e-09 4.0447803066
2 2.04596526358e-09 3.65986888272
2.1 1.88716281187e-09 3.31158654014
2.2 3.45506003816e-09 2.99644798026
2.3 4.74922148116e-09 2.71129882583
2.4 7.74510192722e-09 2.45328333393
2.5 9.42322248885e-09 2.2198215765
2.6 1.1089519919e-08 2.00857710138
2.7 1.03777945311e-08 1.81743572572
2.8 8.65246552565e-09 1.6444839592
2.9 7.45776825461e-09 1.48799062358
3 6.66115372881e-09 1.34638935739
3.1 5.93494972138e-09 1.21826347983
3.2 5.3189441406e-09 1.10233038985
3.3 4.97370027983e-09 0.997429758132
3.4 4.7265453468e-09 0.90251169746
3.5 4.5871461375e-09 0.816626007414
3.6 4.55351608634e-09 0.738913144572
3.7 4.43616305362e-09 0.668596223892
3.8 4.33091731164e-09 0.604970699803
3.9 4.27514412629e-09 0.547400117867
4 4.27017784655e-09 0.495308105192
4.1 4.29619660741e-09 0.448173136282
4.2 4.33763263259e-09 0.405523849782
4.3 4.39928630556e-09 0.366932966837
4.4 4.48654746814e-09 0.332014649657
4.5 4.5984954637e-09 0.300419283378
4.6 4.73239408033e-09 0.271830558376
4.7 4.88727782579e-09 0.245962492841
4.8 5.06380396034e-09 0.222555963743
4.9 5.26217509736e-09 0.201376951891
5 5.48287704966e-09 0.182213363038
5.1 5.72676214218e-09 0.164873415388
5.2 5.99485654031e-09 0.14918365419
5.3 6.28804791358e-09 0.134986897585
5.4 6.60742213584e-09 0.122141201151
5.5 6.95430816256e-09 0.110517902255
5.6 7.33020153094e-09 0.100000694164
5.7 7.73673959466e-09 0.0904843827646
5.8 8.17568716073e-09 0.0818736242897
5.9 8.64899402827e-09 0.0740823253352
6 9.15875957168e-09 0.0670324482176
6.1 9.70724847578e-09 0.0606534466686
6.2 1.02969071299e-08 0.0548815141743
6.3 1.09303833967e-08 0.0496588251988
6.4 1.16105258668e-08 0.0449331659649
6.5 1.23403887987e-08 0.0406572038155
6.6 1.31232510004e-08 0.0367881484191
6.7 1.39626303713e-08 0.0332872973676
6.8 1.48622981409e-08 0.0301195785829
6.9 1.58262939605e-08 0.0272533230127
7 1.68589459258e-08 0.0246598218904
7.1 1.79648883368e-08 0.0223131223747
7.2 1.91490816467e-08 0.0201897509703
7.3 2.04168338834e-08 0.0182684347436
7.4 2.17738238702e-08 0.0165299644037
7.5 2.3226128063e-08 0.0149569273141
7.6 2.47802456998e-08 0.0135335827612
7.7 2.64431280451e-08 0.0122456937474
7.8 2.8222210175e-08 0.0110803574156
7.9 3.01254418862e-08 0.0100259227499
8 3.21613254519e-08 0.0090718284486
8.1 3.43389512378e-08 0.00820852711451
8.2 3.66680388201e-08 0.0074273834068
8.3 3.91589815796e-08 0.00672057150597
8.4 4.18228894655e-08 0.00608102407161
8.5 4.46716435405e-08 0.00550233800829
8.6 4.77179430153e-08 0.00497871977715
8.7 5.09753677278e-08 0.0045049268061
8.8 5.44584377908e-08 0.0040762078895
8.9 5.81826661542e-08 0.00368828834542
9 6.21646366792e-08 0.00333730777091
9.1 6.64221083772e-08 0.00301974158373
9.2 7.09740291334e-08 0.00273240282553
9.3 7.58406299525e-08 0.00247239436857
9.4 8.10436212746e-08 0.0022371377945
9.5 8.66061657612e-08 0.00202427702691
9.6 9.25529662333e-08 0.00183164754722
9.7 9.89105211659e-08 0.0016573365882
9.8 1.05707156187e-07 0.00149962162123
9.9 1.12973059737e-07 0.00135691109853
10 1.20740549236e-07 0.00122777400459
10.1 1.29044260821e-07 0.00111093885359
10.2 1.37921088104e-07 0.00100522513762
10.3 1.47410588427e-07 0.000909547030167
10.4 1.57554701874e-07 0.000823002980768
10.5 1.683988872e-07 0.000744689317874
10.6 1.79991208003e-07 0.000673818492295
10.7 1.92383616988e-07 0.000609698488366
10.8 2.05631281541e-07 0.000551684675775
10.9 2.19792659029e-07 0.000499185185048
11 2.34930407648e-07 0.000451665969472
11.1 2.51113312726e-07 0.000408649502585
11.2 2.68412971432e-07 0.000369717019887
11.3 2.86904831123e-07 0.000334507816736
11.4 3.06671294529e-07 0.000302671000912
11.5 3.27802388149e-07 0.000273854748035
11.6 3.50391143161e-07 0.000247780554343
11.7 3.74535792843e-07 0.000224209007001
11.8 4.00345631514e-07 0.000202887476675
11.9 4.27936945803e-07 0.000183586420086
12 4.57430819831e-07 0.000166118962969
12.1 4.88914971162e-07 0.000150223581118
12.2 5.22646482195e-07 0.000135998345859
12.3 5.5868092732e-07 0.000123071614161
12.4 5.97190805086e-07 0.000111359374077
12.5 6.38358517351e-07 0.000100771048988
12.6 6.82392393282e-07 9.119887567e-05
12.7 7.29482318929e-07 8.25473164077e-05
12.8 7.7981669172e-07 7.47218202594e-05
12.9 8.33586020185e-07 6.7628689289e-05
13 8.91078519197e-07 6.1213704471e-05
13.1 9.52578996555e-07 5.54212701297e-05
13.2 1.01833347652e-06 5.01801198356e-05
13.3 1.08858798334e-06 4.54189871587e-05
13.4 1.16363416065e-06 4.10816169899e-05
13.5 1.24391514802e-06 3.71616048315e-05
13.6 1.32977577751e-06 3.3620197542e-05
13.7 1.42154934896e-06 3.04148472218e-05
13.8 1.52600330496e-06 2.71095139988e-05
13.9 1.62733537258e-06 2.46849561122e-05
14 1.73751355514e-06 2.24254272649e-05
14.1 1.85653785264e-06 2.03309274571e-05
14.2 1.98440826508e-06 1.84014566886e-05
14.3 2.12152527681e-06 1.66329938433e-05
14.4 2.26958129785e-06 1.50085460537e-05
14.5 2.42876595291e-06 1.35262093678e-05
14.6 2.59907924198e-06 1.21859837857e-05
14.7 2.78052116506e-06 1.09878693074e-05
14.8 2.97309172216e-06 9.93186593288e-06
14.9 3.17865157527e-06 8.99538092847e-06
15 3.400519191e-06 8.138120446e-06
15.1 3.6387597173e-06 7.35929343907e-06
15.2 3.89337315417e-06 6.65889990769e-06
15.3 4.1643595016e-06 6.03693985185e-06
15.4 4.45175195386e-06 5.49323935506e-06
15.5 4.76009315788e-06 5.00399787861e-06
15.6 5.09258792103e-06 4.55242429984e-06
15.7 5.44923624333e-06 4.13851861875e-06
15.8 5.83003812477e-06 3.76228083533e-06
15.9 6.23499356534e-06 3.4237109496e-06
16 6.6647714251e-06 3.12181803706e-06
16.1 7.12764749752e-06 2.84434140669e-06
16.2 7.62608962492e-06 2.58762491942e-06
16.3 8.16009780729e-06 2.35166857523e-06
16.4 8.72967204463e-06 2.13647237414e-06
16.5 9.33481233695e-06 1.94203631613e-06
16.6 9.97846601125e-06 1.76696902133e-06
16.7 1.06730894054e-05 1.60539007751e-06
16.8 1.14200783528e-05 1.45664053685e-06
16.9 1.22194328535e-05 1.32072039936e-06
17 1.30711529076e-05 1.19762966504e-06
17.1 1.3975238515e-05 1.08736833388e-06
17.2 1.49404652208e-05 9.88102404872e-07
17.3 1.59824860511e-05 8.96560552384e-07
17.4 1.71016084339e-05 8.12678527019e-07
17.5 1.82978323692e-05 7.36456328775e-07
17.6 1.95711578572e-05 6.67893957653e-07
17.7 2.09217401254e-05 6.06977190326e-07
17.8 2.23708417857e-05 5.51757760379e-07
17.9 2.39334659324e-05 5.00860953125e-07
18 2.56096125654e-05 4.54286768563e-07
18.1 2.73992816847e-05 4.12035206693e-07
18.2 2.93024732903e-05 3.74106267515e-07
18.3 3.13223285744e-05 3.40388929776e-07
18.4 3.34977326412e-05 3.09508851244e-07
18.5 3.58402847114e-05 2.81056072898e-07
18.6 3.83499847853e-05 2.55030594738e-07
18.7 4.10268328628e-05 2.31432416764e-07
18.8 4.38708289438e-05 2.10261538977e-07
18.9 4.65817921007e-05 1.95441131488e-07
19 4.99958502994e-05 1.7604354386e-07
19.1 5.359892021e-05 1.58787511924e-07
19.2 5.7404733368e-05 1.43493573414e-07
19.3 6.14270213089e-05 1.29982266065e-07
19.4 6.56795155681e-05 1.1807412761e-07
19.5 7.01924911574e-05 1.07587685656e-07
19.6 7.50151939944e-05 9.83391627351e-08
19.7 8.01724812131e-05 9.01477447559e-08
19.8 8.56886729173e-05 8.28326828809e-08
19.9 9.15880892111e-05 7.6213228272e-08
20 9.78950501981e-05 7.01086320913e-08
