"Time" "Prey" "Predator"
0 1.01369295845 0.780144198478
0.1 0.976523356844 0.779753968911
0.2 0.940940817115 0.776531562453
0.3 0.907208844125 0.770645942494
0.4 0.875518893938 0.762305738569
0.5 0.846004023484 0.751750584771
0.6 0.818744538866 0.73923985415
0.7 0.793777650024 0.725041611316
0.8 0.771105548004 0.709424361598
0.9 0.750702462777 0.692650358853
1 0.73252181622 0.674969988051
1.1 0.716501697094 0.656618045074
1.2 0.702572121753 0.637809374283
1.3 0.690656683547 0.618739703142
1.4 0.680677025513 0.599583802008
1.5 0.672555276564 0.580495639788
1.6 0.666215828519 0.561609284429
1.7 0.661586852754 0.543039812712
1.8 0.658601091709 0.524884774945
1.9 0.657196462393 0.507225660427
2 0.657316703023 0.490129277484
2.1 0.65891049957 0.473649925372
2.2 0.661932296442 0.457830427462
2.3 0.666341439803 0.442703870899
2.4 0.672102249696 0.428294923436
2.5 0.67918333213 0.414621185501
2.6 0.687557316656 0.40169436767
2.7 0.6972002481 0.389521383365
2.8 0.708091110499 0.378105352435
2.9 0.720211215124 0.367446478601
3 0.733543608007 0.35754280214
3.1 0.748072470603 0.348391037251
3.2 0.763782503409 0.33998737918
3.3 0.780658035921 0.332327674757
3.4 0.798682301233 0.325407922111
3.5 0.817836696891 0.319225036128
3.6 0.838100014681 0.3137775885
3.7 0.859447339981 0.30906546251
3.8 0.881848976959 0.305090813852
3.9 0.90526942057 0.301858188323
4 0.929666173855 0.299374782128
4.1 0.954988316072 0.297650968563
4.2 0.981175283556 0.296700395133
4.3 1.00815522949 0.296540298069
4.4 1.03584339307 0.29719174212
4.5 1.06414052096 0.298679796277
4.6 1.09293114285 0.30103360768
4.7 1.12208167575 0.304286568925
4.8 1.15143874871 0.308476217431
4.9 1.18082781959 0.313643830948
5 1.21005090612 0.319834559915
5.1 1.23888647173 0.327096215734
5.2 1.26708805337 0.335478666435
5.3 1.29438318583 0.34503303502
5.4 1.32047677764 0.355808698464
5.5 1.34504934434 0.367852564606
5.6 1.36776084362 0.381205880586
5.7 1.38825801083 0.395899579199
5.8 1.40617768609 0.411951294533
5.9 1.42115498462 0.429360755077
6 1.43283314165 0.448104308432
6.1 1.44087732752 0.468128889041
6.2 1.4449863952 0.489346621141
6.3 1.44490799421 0.511630416478
6.4 1.4404542036 0.534808311301
6.5 1.43151390776 0.558662840674
6.6 1.41806864997 0.582927870448
6.7 1.40019630181 0.607295050481
6.8 1.3780833973 0.631415005288
6.9 1.35201541117 0.654911227385
7 1.32237505072 0.677390028514
7.1 1.28962994376 0.698455222264
7.2 1.25431372457 0.717725029836
7.3 1.21700361922 0.734849800512
7.4 1.17829950434 0.74952493672
7.5 1.13879808537 0.761506005167
7.6 1.09907278216 0.770616314287
7.7 1.05965486126 0.776752683711
7.8 1.02101925899 0.77988562136
7.9 0.983576529174 0.780055979242
8 0.947666974736 0.777368202742
8.1 0.913561874219 0.771981009939
8.2 0.881465627994 0.764096761671
8.3 0.851522407203 0.753949784408
8.4 0.823822381612 0.741796244047
8.5 0.798411262032 0.727902656902
8.6 0.775296929917 0.712538467212
8.7 0.754458561169 0.695967504252
8.8 0.735853094715 0.678442830283
8.9 0.719421606483 0.660202149977
9 0.705094778578 0.641464975398
9.1 0.692797015371 0.622430740931
9.2 0.682450272939 0.603278316295
9.3 0.673976330725 0.584165532778
9.4 0.667299023693 0.565230330187
9.5 0.662345769807 0.54659122754
9.6 0.659048389552 0.528349096635
9.7 0.65734384065 0.510588327131
9.8 0.657174470704 0.49337860976
9.9 0.658488136278 0.476776447524
10 0.661238129515 0.460826743556
10.1 0.665382896958 0.445564348509
10.2 0.67088581867 0.431015425378
10.3 0.677714729437 0.417198836331
10.4 0.685841614486 0.404127271744
10.5 0.695241812571 0.391808555454
10.6 0.705893710834 0.380246516764
10.7 0.717778329267 0.369441788295
10.8 0.730878368629 0.359392806944
10.9 0.745177877661 0.350096521497
11 0.760661446107 0.341548986442
11.1 0.777313517596 0.333746010827
11.2 0.795117668086 0.32668370525
11.3 0.814055806164 0.320358858539
11.4 0.834107229026 0.314769579728
11.5 0.85524779157 0.309915527553
11.6 0.877448825686 0.305798368671
11.7 0.900676024532 0.302422163406
11.8 0.92488836533 0.299793582248
11.9 0.950036650754 0.297922359565
12 0.976062276221 0.296821476857
12.1 1.00289567846 0.296507454515
12.2 1.03045471841 0.297000608924
12.3 1.05864308773 0.298325226774
12.4 1.08734856981 0.300509662233
12.5 1.11644117383 0.303586515906
12.6 1.14577155416 0.307592477397
12.7 1.17516927754 0.312568180674
12.8 1.20444096218 0.318558092659
12.9 1.23336991598 0.325609438405
13 1.26171399989 0.33377203169
13.1 1.28920638686 0.343096576035
13.2 1.31555593733 0.353633054984
13.3 1.3404470108 0.365429356838
13.4 1.36354544972 0.378527201354
13.5 1.38449875177 0.392960304833
13.6 1.40294384415 0.408749745742
13.7 1.41851626692 0.425898731131
13.8 1.43085764337 0.444388265508
13.9 1.43962750461 0.464171528284
14 1.44451658945 0.485168101402
14.1 1.44526242038 0.507258523995
14.2 1.44166330895 0.530279735041
14.3 1.43359247369 0.554023160934
14.4 1.4210126123 0.578232037048
14.5 1.40398243055 0.602605907479
14.6 1.38266816573 0.626802071968
14.7 1.35733548549 0.650449100738
14.8 1.32834946164 0.673155359585
14.9 1.29616297534 0.694523660441
15 1.26129822461 0.714168198757
15.1 1.22432583828 0.731732065583
15.2 1.18584324158 0.746900690553
15.3 1.14644964929 0.759417160141
15.4 1.10672420417 0.769091421366
15.5 1.06720790612 0.775805730087
15.6 1.02838704856 0.779516697198
15.7 0.990685393928 0.780251910639
15.8 0.954456705719 0.778104366051
15.9 0.919985580178 0.77322296408
16 0.887488776841 0.765802691725
16.1 0.857121702359 0.756072408006
16.2 0.828984175212 0.744285077601
16.3 0.803129946921 0.730705813689
16.4 0.779573497638 0.715604215134
16.5 0.758298956725 0.699245666036
16.6 0.739267089928 0.681885673408
16.7 0.722421511839 0.663765200823
16.8 0.707694591969 0.64510742358
16.9 0.695011613887 0.626115764346
17 0.684294818777 0.60697304023
17.1 0.675465773311 0.587841152271
17.2 0.66844783892 0.568861760881
17.3 0.663167614036 0.550157087002
17.4 0.659556054841 0.531831229581
17.5 0.657549043012 0.513971701879
17.6 0.657087928295 0.496650838544
17.7 0.658119458062 0.479927621752
17.8 0.660595934115 0.463849017272
17.9 0.664474789223 0.448451743945
18 0.669718516101 0.433763499543
18.1 0.67629412084 0.419804463153
18.2 0.684172841758 0.40658841046
18.3 0.693329296332 0.394124106089
18.4 0.703741460953 0.382415991353
18.5 0.715389843318 0.371465251598
18.6 0.728256850542 0.361270713165
18.7 0.742326362183 0.35182955053
18.8 0.757582887536 0.343137928464
18.9 0.774010964408 0.335191692776
19 0.791594410959 0.327986812896
19.1 0.810315504511 0.321519935565
19.2 0.83015411964 0.315788893621
19.3 0.851086874165 0.310792977197
19.4 0.873086011995 0.306533488043
19.5 0.896118450443 0.303013954922
19.6 0.920144527662 0.300240540846
19.7 0.945116728142 0.298222373367
19.8 0.97097840965 0.296971762035
19.9 0.997662193474 0.29650454845
20 1.02508851862 0.296840298409
