"Time" "Prey" "Predator"
0 0.791960404647 8.59507306576
0.1 0.275709268942 8.16523478291
0.2 0.103500439455 7.51828186682
0.3 0.0424621878022 6.84924491789
0.4 0.0190071358723 6.21543792419
0.5 0.00922812907346 5.63152851891
0.6 0.00482645466536 5.09905914552
0.7 0.00270118984125 4.61550013605
0.8 0.00160763140659 4.17715297372
0.9 0.00101148275971 3.78012849056
1 0.000669290400492 3.42068400301
1.1 0.000463600214927 3.09533556533
1.2 0.00033460720693 2.80088589451
1.3 0.000250710496839 2.53441980174
1.4 0.000194298372825 2.29328848587
1.5 0.000155274568934 2.07508921584
1.6 0.000127570175425 1.87764448546
1.7 0.000107424898674 1.69898223576
1.8 9.25456707453e-05 1.5373173936
1.9 8.1389247116e-05 1.39103393209
2 7.29148928549e-05 1.25866856202
2.1 6.64387892358e-05 1.13889799191
2.2 6.14712372763e-05 1.03052432239
2.3 5.76821736437e-05 0.932464051815
2.4 5.47808361893e-05 0.843733182892
2.5 5.26141228083e-05 0.76344544772
2.6 5.10506636093e-05 0.690797670999
2.7 4.99911056111e-05 0.625062836609
2.8 4.93634931394e-05 0.565583137056
2.9 4.91129417359e-05 0.511763380179
3 4.91988218497e-05 0.463065175931
3.1 4.95914040638e-05 0.419001483451
3.2 5.02657580807e-05 0.379130215159
3.3 5.12032322322e-05 0.343051976186
3.4 5.23962563129e-05 0.310406626907
3.5 5.3846472791e-05 0.280869188952
3.6 5.55458655066e-05 0.254142895961
3.7 5.74904832977e-05 0.229959280521
3.8 5.96853127579e-05 0.208076706629
3.9 6.21376638725e-05 0.18827665619
4 6.48536757253e-05 0.170360809552
4.1 6.78422593641e-05 0.154149957474
4.2 7.11146687054e-05 0.139481722165
4.3 7.46836779745e-05 0.126209138454
4.4 7.85639779091e-05 0.114199520487
4.5 8.27720249804e-05 0.103332841966
4.6 8.73257948237e-05 0.0935002453123
4.7 9.22450774054e-05 0.084603286895
4.8 9.7551531104e-05 0.0765529367888
4.9 0.000103268664866 0.0692686139647
5 0.000109421931834 0.0626774101614
5.1 0.000116038874728 0.0567134953273
5.2 0.0001231491208 0.0513171123472
5.3 0.000130784563721 0.0464342431352
5.4 0.000138979491511 0.0420160152994
5.5 0.000147770725651 0.0380181871348
5.6 0.000157197774178 0.034400799802
5.7 0.000167302994475 0.0311276182751
5.8 0.00017813177934 0.0281659080728
5.9 0.000189732752995 0.025486044946
6 0.000202157979935 0.023061180456
6.1 0.000215463188809 0.0208670589867
6.2 0.000229708034157 0.0188817061064
6.3 0.000244956337439 0.01708526276
6.4 0.000261276399783 0.0154597821952
6.5 0.000278741258215 0.0139889618693
6.6 0.000297429044359 0.0126581012486
6.7 0.000317423340115 0.0114538603208
6.8 0.000338813498521 0.0103642032707
6.9 0.000361695068169 0.00937825709521
7 0.000386170300538 0.00848614179264
7.1 0.000412348375281 0.00767890863338
7.2 0.000440346111171 0.00694847964918
7.3 0.00047028851009 0.00628756978952
7.4 0.00050230895049 0.00568951658937
7.5 0.000536550289686 0.00514835659936
7.6 0.000573165216423 0.0046586972827
7.7 0.000612316709188 0.00421560799655
7.8 0.000654179407731 0.00381468593129
7.9 0.000698939761006 0.00345191676978
8 0.000746796933296 0.0031236448602
8.1 0.000797964326733 0.00282661577997
8.2 0.0008526696023 0.00255784496821
8.3 0.000911156368946 0.00231464281564
8.4 0.000973685496359 0.00209460686695
8.5 0.00104053490913 0.00189551063625
8.6 0.00111200121453 0.00171531032162
8.7 0.00118840346105 0.00155224824755
8.8 0.00127008183084 0.00140470756516
8.9 0.00135739886801 0.00127119144836
9 0.00145074288618 0.0011503595946
9.1 0.00155053049737 0.00104103559757
9.2 0.00165720507295 0.000942118736902
9.3 0.00177123980655 0.000852599485763
9.4 0.00189314351414 0.000771601695112
9.5 0.00202345873653 0.000698318045334
9.6 0.00216276367265 0.000631998591982
9.7 0.00231167760111 0.000571973716829
9.8 0.00247086496473 0.000517662264828
9.9 0.00264103284733 0.000468517743131
10 0.00282294232554 0.00042402568122
10.1 0.00301738640568 0.000383791935167
10.2 0.00322524705489 0.000347379213896
10.3 0.00344744253206 0.000314425974185
10.4 0.0036849647163 0.000284605370235
10.5 0.00393888098803 0.000257628094496
10.6 0.00421031738744 0.000233216943765
10.7 0.0045004664548 0.000211118659552
10.8 0.00481060382319 0.000191105150308
10.9 0.00514215778641 0.000172978415598
11 0.00549660320495 0.000156563036531
11.1 0.00587548815239 0.000141708061852
11.2 0.00628044502906 0.000128286230767
11.3 0.00671333086965 0.000116147796454
11.4 0.00717611288217 0.000105158196219
11.5 0.00767082180577 9.52134018535e-05
11.6 0.00819959529772 8.62256405943e-05
11.7 0.00876477674196 7.81068297841e-05
11.8 0.0093689950883 7.07551917804e-05
11.9 0.0100149177708 6.40966773792e-05
12 0.0107053526569 5.80678739401e-05
12.1 0.0114432901737 5.26133049797e-05
12.2 0.0122321654672 4.76704308333e-05
12.3 0.0130755097741 4.31895952737e-05
12.4 0.0139770091856 3.91306633512e-05
12.5 0.014940543949 3.54608074742e-05
12.6 0.0159704997846 3.21404460187e-05
12.7 0.0170715879543 2.91313703476e-05
12.8 0.0182486463212 2.64057304676e-05
12.9 0.0195067686696 2.39401939521e-05
13 0.0208514879902 2.17121499869e-05
13.1 0.0222890752587 1.96935214707e-05
13.2 0.0238258935374 1.78641419941e-05
13.3 0.0254686323688 1.6206901395e-05
13.4 0.0272243732963 1.47070604736e-05
13.5 0.0291011568056 1.33481833692e-05
13.6 0.0311074134179 1.21162192832e-05
13.7 0.0332519617751 1.09995162183e-05
13.8 0.0355442910751 9.98750388035e-06
13.9 0.0379948195318 9.06980763784e-06
14 0.0406143569698 8.2380908287e-06
14.1 0.0434143147339 7.48533532959e-06
14.2 0.0464073378127 6.80368031496e-06
14.3 0.049606872828 6.18589925574e-06
14.4 0.0530269535856 5.62613309775e-06
14.5 0.0566825820914 5.11910435971e-06
14.6 0.0605904429107 4.65940479226e-06
14.7 0.0647678529321 4.24254264728e-06
14.8 0.0692330392003 3.86466627325e-06
14.9 0.0740058814868 3.52211054679e-06
15 0.0791078901789 3.21140974694e-06
15.1 0.0845615655885 2.9296711283e-06
15.2 0.0903912483241 2.67416039001e-06
15.3 0.096623010667 2.44234952451e-06
15.4 0.103284239783 2.23210249587e-06
15.5 0.110404695642 2.04137663714e-06
15.6 0.118016232355 1.86829103564e-06
15.7 0.126152303513 1.71125030377e-06
15.8 0.134849306965 1.56873212321e-06
15.9 0.144146108738 1.43935239623e-06
16 0.154083569186 1.32193211003e-06
16.1 0.164706196324 1.21533879794e-06
16.2 0.176061408406 1.11855087057e-06
16.3 0.188199093913 1.03069784448e-06
16.4 0.201173462878 9.50946501062e-07
16.5 0.215042360063 8.78539449905e-07
16.6 0.229867271425 8.12809636266e-07
16.7 0.245714474477 7.53143049481e-07
16.8 0.262653954244 6.99005965822e-07
16.9 0.280761392325 6.49896720934e-07
17 0.300117189496 6.05369230957e-07
17.1 0.320807157394 5.6502594559e-07
17.2 0.342923815339 5.28497392846e-07
17.3 0.366564738518 4.95465941314e-07
17.4 0.391835968763 4.65632512398e-07
17.5 0.418849245702 4.38741178343e-07
17.6 0.447724360867 4.14562661102e-07
17.7 0.478590166253 3.92889243355e-07
17.8 0.511583705146 3.7353877506e-07
17.9 0.546851581308 3.56356827659e-07
18 0.584550729151 3.41209315674e-07
18.1 0.624849091496 3.27978086063e-07
18.2 0.667925768367 3.16576523897e-07
18.3 0.713972146745 3.06935863561e-07
18.4 0.763192829534 2.9900837617e-07
18.5 0.815806888257 2.92773611826e-07
18.6 0.872048023895 2.88232230238e-07
18.7 0.932166326424 2.85416603729e-07
18.8 0.996429280158 2.84393283493e-07
18.9 1.06512231663 2.85261092924e-07
19 1.13855107495 2.88174190167e-07
19.1 1.21704206871 2.93339007804e-07
19.2 1.30094393063 3.01025956951e-07
19.3 1.39063017528 3.11621452249e-07
19.4 1.48649942495 3.25604787181e-07
19.5 1.58897740449 3.4358399764e-07
19.6 1.69851983255 3.66436200003e-07
19.7 1.81561390105 3.9529169459e-07
19.8 1.94078042847 4.31581053511e-07
19.9 2.07457599775 4.77367383064e-07
20 2.21759537533 5.35511642183e-07
