"Time" "Prey" "Predator"
0 29.523317812 8.25653665926
0.1 2.121672059 27.4334648906
0.2 0.0599932812647 26.284005789
0.3 0.00227463773299 23.8237604843
0.4 0.000118251396065 21.5581678951
0.5 8.20472706236e-06 19.5067161487
0.6 7.16819469662e-07 17.6504127283
0.7 7.93723276155e-08 15.9707551181
0.8 3.32884327451e-09 14.450938784
0.9 -1.66374568149e-08 13.0757447218
1 -2.29499442897e-08 11.8314188032
1.1 -2.36051887048e-08 10.7055082524
1.2 -2.36051887048e-08 9.68674230843
1.3 -2.36051887048e-08 8.76492394264
1.4 -2.36051887048e-08 7.93083064124
1.5 -2.36051887048e-08 7.17612250516
1.6 -2.36051887048e-08 6.49322189548
1.7 -2.36051887048e-08 5.87530992695
1.8 -2.36051887048e-08 5.31620113834
1.9 -2.36051887048e-08 4.8102978952
2 -2.36051887048e-08 4.35253763097
2.1 -2.36051887048e-08 3.93833920178
2.2 -2.36051887048e-08 3.56355682553
2.3 -2.36051887048e-08 3.22443974794
2.4 -2.36051887048e-08 2.91759409719
2.5 -2.36051887048e-08 2.63994765235
2.6 -2.36051887048e-08 2.38872297215
2.7 -2.36051887048e-08 2.16140565846
2.8 -2.36051887048e-08 1.95572077377
2.9 -2.36051887048e-08 1.76960933964
3 -2.36051887048e-08 1.60120865756
3.1 -2.36051887048e-08 1.44883348907
3.2 -2.36051887048e-08 1.31095874531
3.3 -2.36051887048e-08 1.18620449819
3.4 -2.36051887048e-08 1.07332215381
3.5 -2.36051887048e-08 0.971181636561
3.6 -2.36051887048e-08 0.878761111557
3.7 -2.36051887048e-08 0.795135832046
3.8 -2.36051887048e-08 0.719468374779
3.9 -2.36051887048e-08 0.651001962041
4 -2.36051887048e-08 0.589050793599
4.1 -2.36051887048e-08 0.532995162932
4.2 -2.36051887048e-08 0.482273878463
4.3 -2.36051887048e-08 0.436379287311
4.4 -2.36051887048e-08 0.394852343253
4.5 -2.36051887048e-08 0.357277083812
4.6 -2.36051887048e-08 0.323277697802
4.7 -2.36051887048e-08 0.292513688459
4.8 -2.36051887048e-08 0.264677283787
4.9 -2.36051887048e-08 0.239489890265
5 -2.36051887048e-08 0.216699334014
5.1 -2.36051887048e-08 0.19607768607
5.2 -2.36051887048e-08 0.177418381242
5.3 -2.36051887048e-08 0.160534790415
5.4 -2.36051887048e-08 0.145257856858
5.5 -2.36051887048e-08 0.131434708823
5.6 -2.36051887048e-08 0.11892704411
5.7 -2.36051887048e-08 0.107609603169
5.8 -2.36051887048e-08 0.0973691992709
5.9 -2.36051887048e-08 0.088103250267
6 -2.36051887048e-08 0.079719092306
6.1 -2.36051887048e-08 0.0721328172112
6.2 -2.36051887048e-08 0.0652684466442
6.3 -2.36051887048e-08 0.0590573441013
6.4 -2.36051887048e-08 0.0534372801172
6.5 -2.36051887048e-08 0.0483520422429
6.6 -2.36051887048e-08 0.0437507350363
6.7 -2.36051887048e-08 0.0395872813575
6.8 -2.36051887048e-08 0.0358200592967
6.9 -2.36051887048e-08 0.0324113231235
7 -2.36051887048e-08 0.0293269751271
7.1 -2.36051887048e-08 0.0265361443162
7.2 -2.36051887048e-08 0.0240108841699
7.3 -2.36051887048e-08 0.0217259490656
7.4 -2.36051887048e-08 0.0196584454388
7.5 -2.36051887048e-08 0.0177876942288
7.6 -2.36051887048e-08 0.0160949721452
7.7 -2.36051887048e-08 0.014563327271
7.8 -2.36051887048e-08 0.0131774453868
7.9 -2.36051887048e-08 0.0119234414819
8 -2.36051887048e-08 0.0107887702401
8.1 -2.36051887048e-08 0.0097620862959
8.2 -2.36051887048e-08 0.00883309740496
8.3 -2.36051887048e-08 0.0079925151486
8.4 -2.36051887048e-08 0.00723190862317
8.5 -2.36051887048e-08 0.00654368083924
8.6 -2.36051887048e-08 0.00592097390061
8.7 -2.36051887048e-08 0.00535754225248
8.8 -2.36051887048e-08 0.00484773318216
8.9 -2.36051887048e-08 0.00438642454232
9 -2.36051887048e-08 0.0039690321054
9.1 -2.36051887048e-08 0.00359135778645
9.2 -2.36051887048e-08 0.00324958953252
9.3 -2.36051887048e-08 0.00294035386707
9.4 -2.36051887048e-08 0.00266054789473
9.5 -2.36051887048e-08 0.00240735428784
9.6 -2.36051887048e-08 0.00217826962792
9.7 -2.36051887048e-08 0.00197098866172
9.8 -2.36051887048e-08 0.00178341894479
9.9 -2.36051887048e-08 0.00161370857173
10 -2.36051887048e-08 0.00146014904174
10.1 -2.36051887048e-08 0.00132119498082
10.2 -2.36051887048e-08 0.00119548042585
10.3 -2.36051887048e-08 0.00108173623873
10.4 -2.36051887048e-08 0.000978794026713
10.5 -2.36051887048e-08 0.000885642513825
10.6 -2.36051887048e-08 0.000801362378154
10.7 -2.36051887048e-08 0.000725099823984
10.8 -2.36051887048e-08 0.000656084042379
10.9 -2.36051887048e-08 0.000593643941628
11 -2.36051887048e-08 0.000537151648534
11.1 -2.36051887048e-08 0.000486029597941
11.2 -2.36051887048e-08 0.00043977447833
11.3 -2.36051887048e-08 0.000397927461039
11.4 -2.36051887048e-08 0.000360061465916
11.5 -2.36051887048e-08 0.000325791179053
11.6 -2.36051887048e-08 0.000294785038016
11.7 -2.36051887048e-08 0.00026673148686
11.8 -2.36051887048e-08 0.000241334728834
11.9 -2.36051887048e-08 0.000218372854766
12 -2.36051887048e-08 0.000197593045732
12.1 -2.36051887048e-08 0.000178789716951
12.2 -2.36051887048e-08 0.000161774912518
12.3 -2.36051887048e-08 0.000146384744153
12.4 -2.36051887048e-08 0.000132461152873
12.5 -2.36051887048e-08 0.000119859287791
12.6 -2.36051887048e-08 0.000108447971118
12.7 -2.36051887048e-08 9.81130261468e-05
12.8 -2.36051887048e-08 8.87537537258e-05
12.9 -2.36051887048e-08 8.02827296919e-05
13 -2.36051887048e-08 7.2626558182e-05
13.1 -2.36051887048e-08 6.5712246983e-05
13.2 -2.36051887048e-08 5.94539304053e-05
13.3 -2.36051887048e-08 5.37904779244e-05
13.4 -2.36051887048e-08 4.86702786223e-05
13.5 -2.36051887048e-08 4.40494266215e-05
13.6 -2.36051887048e-08 3.9871348761e-05
13.7 -2.36051887048e-08 3.60883739449e-05
13.8 -2.36051887048e-08 3.26629731672e-05
13.9 -2.36051887048e-08 2.95631480912e-05
14 -2.36051887048e-08 2.67274523951e-05
14.1 -2.36051887048e-08 2.4207377119e-05
14.2 -2.36051887048e-08 2.19106144816e-05
14.3 -2.36051887048e-08 1.98261023119e-05
14.4 -2.36051887048e-08 1.79422228311e-05
14.5 -2.36051887048e-08 1.62390612547e-05
14.6 -2.36051887048e-08 1.46995740179e-05
14.7 -2.36051887048e-08 1.33089184193e-05
14.8 -2.36051887048e-08 1.20522517575e-05
14.9 -2.36051887048e-08 1.0914731331e-05
15 -2.36051887048e-08 9.88490184383e-06
15.1 -2.36051887048e-08 8.95626646182e-06
15.2 -2.36051887048e-08 8.11745242445e-06
15.3 -2.36051887048e-08 7.35694322302e-06
15.4 -2.36051887048e-08 6.66322234884e-06
15.5 -2.36051887048e-08 6.02562094256e-06
15.6 -2.36051887048e-08 5.44612825541e-06
15.7 -2.36051887048e-08 4.92235313685e-06
15.8 -2.36051887048e-08 4.44854674655e-06
15.9 -2.36051887048e-08 4.01896024415e-06
16 -2.36051887048e-08 3.62784478934e-06
16.1 -2.36051887048e-08 3.21506714499e-06
16.2 -2.36051887048e-08 2.92385968154e-06
16.3 -2.36051887048e-08 2.65268717003e-06
16.4 -2.36051887048e-08 2.40154961044e-06
16.5 -2.36051887048e-08 2.17044700279e-06
16.6 -2.36051887048e-08 1.95922613629e-06
16.7 -2.36051887048e-08 1.76574896072e-06
16.8 -2.36051887048e-08 1.58932841782e-06
16.9 -2.36051887048e-08 1.42996450759e-06
17 -2.36051887048e-08 1.28765723002e-06
17.1 -2.36051887048e-08 1.16240658511e-06
17.2 -2.36051887048e-08 1.05289353722e-06
17.3 -2.36051887048e-08 9.53085007968e-07
17.4 -2.36051887048e-08 8.62234950722e-07
17.5 -2.36051887048e-08 7.80343365485e-07
17.6 -2.36051887048e-08 7.07410252259e-07
17.7 -2.36051887048e-08 6.43435611042e-07
17.8 -2.36051887048e-08 5.86815262134e-07
17.9 -2.36051887048e-08 5.34467170607e-07
18 -2.36051887048e-08 4.86314826606e-07
18.1 -2.36051887048e-08 4.42358230133e-07
18.2 -2.36051887048e-08 4.02597381186e-07
18.3 -2.36051887048e-08 3.6702768165e-07
18.4 -2.36051887048e-08 3.34609895872e-07
18.5 -2.36051887048e-08 3.04550938006e-07
18.6 -2.36051887048e-08 2.76850808052e-07
18.7 -2.36051887048e-08 2.51509506012e-07
18.8 -2.36051887048e-08 2.28527031884e-07
18.9 -2.36051887048e-08 2.07858302946e-07
19 -2.36051887048e-08 1.88874191687e-07
19.1 -2.36051887048e-08 1.71372529201e-07
19.2 -2.36051887048e-08 1.55353315489e-07
19.3 -2.36051887048e-08 1.40816550552e-07
19.4 -2.36051887048e-08 1.27762234388e-07
19.5 -2.36051887048e-08 1.16092575871e-07
19.6 -2.36051887048e-08 1.05360292523e-07
19.7 -2.36051887048e-08 9.55100736766e-08
19.8 -2.36051887048e-08 8.65419193329e-08
19.9 -2.36051887048e-08 7.84558294915e-08
20 -2.36051887048e-08 7.12518041525e-08
