"Time" "Prey" "Predator"
0 1.83592407974 8.65585006641
0.1 0.607670891851 8.75338156604
0.2 0.20880881469 8.21993601139
0.3 0.0780390096478 7.53644044841
0.4 0.0319721137876 6.85428405171
0.5 0.0143077101247 6.21555682204
0.6 0.00694757960535 5.62976426739
0.7 0.00363494011654 5.0966114483
0.8 0.00203503486608 4.61287000755
0.9 0.00121164257043 4.17455683559
1 0.000762583861677 3.7776599872
1.1 0.000504754440736 3.41838083679
1.2 0.000349731739606 3.093209019
1.3 0.000252412189022 2.79893444455
1.4 0.000189127715036 2.53263580529
1.5 0.000146589803374 2.29166165447
1.6 0.00011703741358 2.07360715449
1.7 9.61381239031e-05 1.87629627314
1.8 8.09881946605e-05 1.6977572503
1.9 6.97837059355e-05 1.53620510157
2 6.13745726525e-05 1.39002430276
2.1 5.4991064999e-05 1.25775253828
2.2 5.01177076116e-05 1.1380673451
2.3 4.63807987997e-05 1.02977148073
2.4 4.35268801234e-05 0.931781230115
2.5 4.13418157963e-05 0.843114170272
2.6 3.97094670328e-05 0.762884314318
2.7 3.85321166799e-05 0.690289057554
2.8 3.7734949828e-05 0.624601885464
2.9 3.72632824355e-05 0.565165328467
3 3.70760817207e-05 0.511384700922
3.1 3.71426415312e-05 0.462721954443
3.2 3.74398446727e-05 0.418689994942
3.3 3.79492757321e-05 0.378847475053
3.4 3.86591363064e-05 0.342795974908
3.5 3.95648757862e-05 0.310175691102
3.6 4.06591826931e-05 0.280659478141
3.7 4.19414784905e-05 0.253952330907
3.8 4.34111968067e-05 0.229786658307
3.9 4.50704688553e-05 0.207920532579
4 4.6923151838e-05 0.188135055985
4.1 4.89747975627e-05 0.170232391126
4.2 5.12324187953e-05 0.154033429607
4.3 5.37043783041e-05 0.139375966813
4.4 5.64004241256e-05 0.126113287736
4.5 5.93315681103e-05 0.114112654165
4.6 6.25101560696e-05 0.103253992558
4.7 6.59498108629e-05 0.0934285658798
4.8 6.96655548178e-05 0.0845382090348
4.9 7.36737194453e-05 0.0764938919809
5 7.79920553591e-05 0.0692150646096
5.1 8.2639802928e-05 0.06262889895
5.2 8.76377231534e-05 0.0566694243639
5.3 9.30082135131e-05 0.0512770706292
5.4 9.87753690195e-05 0.0463978409061
5.5 0.000104965090917 0.0419829080488
5.6 0.000111605194535 0.0379881300051
5.7 0.000118725515899 0.0343734769298
5.8 0.000126358046217 0.0311027938862
5.9 0.000134537070989 0.0281433291635
6 0.000143299315209 0.0254654731808
6.1 0.000152684103287 0.0230424561987
6.2 0.00016273353393 0.0208499983485
6.3 0.000173492657523 0.0188661780534
6.4 0.000185009685298 0.0170711300353
6.5 0.000197336193211 0.0154468881303
6.6 0.000210527350797 0.0139772080304
6.7 0.000224642175849 0.0126473676878
6.8 0.000239743775728 0.0114440741648
6.9 0.000255899655951 0.0103552847801
7 0.00027318198674 0.00937009520402
7.1 0.000291667951287 0.0084786484849
7.2 0.000311440093235 0.00767200981193
7.3 0.000332586619755 0.00694213038392
7.4 0.000355201874798 0.00628172700225
7.5 0.000379386790712 0.00568417709273
7.6 0.000405249092683 0.00514348115686
7.7 0.00043290405538 0.00465422671905
7.8 0.000462475063918 0.00421154245442
7.9 0.000494093699251 0.00381096073009
8 0.000527900826872 0.0034484716795
8.1 0.000564047196413 0.00312048427863
8.2 0.00060269355382 0.00282369473412
8.3 0.000644012033774 0.00255513911167
8.4 0.000688186765322 0.00231214934478
8.5 0.000735414102656 0.00209226986677
8.6 0.000785904370712 0.00189330612564
8.7 0.000839882459101 0.00171328092194
8.8 0.00089758822198 0.00155037480149
8.9 0.000959278860259 0.0014029725892
9 0.00102522914352 0.00126960994916
9.1 0.00109573187666 0.00114893050227
9.2 0.00117110007052 0.00103970358723
9.3 0.00125167029543 0.000940872714818
9.4 0.00133780074256 0.000851447886642
9.5 0.00142987341492 0.000770518277563
9.6 0.00152829863886 0.000697285026088
9.7 0.00163351492146 0.000631026742304
9.8 0.00174598935131 0.000571072711163
9.9 0.00186622122798 0.000516813821737
10 0.00199474724383 0.000467722587998
10.1 0.00213213863507 0.000423304775733
10.2 0.00227900458963 0.000383103863082
10.3 0.00243599947819 0.000346722924998
10.4 0.00260382262844 0.000313804842434
10.5 0.00278321892137 0.000284017061986
10.6 0.00297498866041 0.000257052436532
10.7 0.00317997598298 0.00023266452625
10.8 0.0033991027904 0.0002105938973
10.9 0.0036333381326 0.000190618911661
11 0.00388373433277 0.000172545844286
11.1 0.00415141216467 0.000156195531099
11.2 0.00443755614256 0.000141399126288
11.3 0.00474341956351 0.000128002644309
11.4 0.00507035507683 0.000115868256668
11.5 0.00541987306824 0.000104876768629
11.6 0.00579352174813 9.49225324537e-05
11.7 0.00619292931501 8.59152360125e-05
11.8 0.00661981238138 7.77791226824e-05
11.9 0.00707613672157 7.04217281309e-05
12 0.00756398008464 6.37605613001e-05
12.1 0.00808548304751 5.77326627745e-05
12.2 0.00864289839314 5.22850014248e-05
12.3 0.0092386697724 4.73668343818e-05
12.4 0.00987559115673 4.29142202168e-05
12.5 0.0105564872334 3.88810605149e-05
12.6 0.0112843239277 3.52283654083e-05
12.7 0.0120622267789 3.19230031959e-05
12.8 0.0128937765355 2.89285869262e-05
12.9 0.0137827635821 2.62130455887e-05
13 0.014733089172 2.37516691971e-05
13.1 0.0157488590882 2.15242211311e-05
13.2 0.0168345226067 1.95114180816e-05
13.3 0.0179951710808 1.76873666142e-05
13.4 0.0192359532321 1.60343744141e-05
13.5 0.0205622739026 1.45379156982e-05
13.6 0.0219798251059 1.31859877556e-05
13.7 0.0234950471413 1.19634629652e-05
13.8 0.0251148208569 1.08558581257e-05
13.9 0.0268462812251 9.85161789001e-06
14 0.0286970084802 8.94046869565e-06
14.1 0.0306754370927 8.11368597767e-06
14.2 0.0327903776426 7.36378177322e-06
14.3 0.0350510727416 6.68454125983e-06
14.4 0.0374674625052 6.07017108942e-06
14.5 0.0400506148858 5.51348947914e-06
14.6 0.042811950601 5.00918603389e-06
14.7 0.0457634956223 4.55275981949e-06
14.8 0.0489184353431 4.13964502605e-06
14.9 0.0522911136153 3.76521238457e-06
15 0.0558963694161 3.4257448977e-06
15.1 0.0597498801186 3.11797254664e-06
15.2 0.0638689912204 2.83883864764e-06
15.3 0.0682721773669 2.58565162263e-06
15.4 0.0729788312219 2.35613939369e-06
15.5 0.0780100381285 2.14803963514e-06
15.6 0.0833882556026 1.95929262654e-06
15.7 0.0891370881562 1.78818098074e-06
15.8 0.0952822556769 1.63302093221e-06
15.9 0.101851263299 1.49225052575e-06
16 0.108872962157 1.36454807506e-06
16.1 0.116378712361 1.24867532553e-06
16.2 0.124402157214 1.14350006701e-06
16.3 0.132978558232 1.04806276012e-06
16.4 0.14214614543 9.61454401693e-07
16.5 0.151946066106 8.82821000623e-07
16.6 0.162421410457 8.11448732958e-07
16.7 0.173618621818 7.46674154167e-07
16.8 0.185587918659 6.8786177289e-07
16.9 0.198382243655 6.34464633327e-07
17 0.212058825656 5.85979503958e-07
17.1 0.226678249169 5.41964787585e-07
17.2 0.242305401005 5.02019052475e-07
17.3 0.259010141555 4.65766114424e-07
17.4 0.27686620781 4.32882027135e-07
17.5 0.295953502226 4.03061638789e-07
17.6 0.316356665346 3.76036521978e-07
17.7 0.338166214097 3.51566127919e-07
17.8 0.361479680737 3.29427913128e-07
17.9 0.386399976735 3.09430853689e-07
18 0.413038579337 2.91396820692e-07
18.1 0.441513669293 2.75170493147e-07
18.2 0.471951498865 2.60615322952e-07
18.3 0.504488240355 2.4760703275e-07
18.4 0.539267478793 2.36041914533e-07
18.5 0.576444352923 2.25828136048e-07
18.6 0.616184089874 2.1688849634e-07
18.7 0.658663717785 2.09160466183e-07
18.8 0.704071743476 2.02595847203e-07
18.9 0.752610282141 1.97161239028e-07
19 0.804494987914 1.92837917213e-07
19.1 0.859956618133 1.8962451072e-07
19.2 0.919241497968 1.8753669915e-07
19.3 0.982613970858 1.86614083843e-07
19.4 1.05035521806 1.86917095631e-07
19.5 1.12276592765 1.88536087659e-07
19.6 1.20016871538 1.91600752041e-07
19.7 1.2829071979 1.96277456353e-07
19.8 1.37134916978 2.02799007464e-07
19.9 1.46588839048 2.11461966719e-07
20 1.56694554482 2.22664013102e-07
