"Time" "Prey" "Predator"
0 0.700232114012 9.22280357131
0.1 0.225636230091 8.70021673672
0.2 0.0792645654333 7.98232834513
0.3 0.0306823312034 7.25948267391
0.4 0.0130420622098 6.58210937339
0.5 0.00604519915077 5.96112390671
0.6 0.00303254519106 5.39618928872
0.7 0.00163447448821 4.88377227702
0.8 0.000940284451429 4.41957178482
0.9 0.000573689424938 3.99928925959
1 0.000369193003611 3.61887375655
1.1 0.000249342780614 3.27459191401
1.2 0.000175850549962 2.96303532441
1.3 0.000129059200601 2.68110551678
1.4 9.80975682198e-05 2.4259912385
1.5 7.70133788555e-05 2.19514573148
1.6 6.23015427652e-05 1.98626276401
1.7 5.17538523579e-05 1.79725412466
1.8 4.40275408104e-05 1.62622963201
1.9 3.82838406157e-05 1.47147870884
2 3.39569792107e-05 1.3314535298
2.1 3.06653051748e-05 1.20475300978
2.2 2.81614295955e-05 1.09011052888
2.3 2.62166002179e-05 0.986375611979
2.4 2.47284949573e-05 0.892511842922
2.5 2.3604569684e-05 0.807580157673
2.6 2.2774842793e-05 0.730730535031
2.7 2.21895623968e-05 0.661193913249
2.8 2.18107781157e-05 0.598274390971
2.9 2.1610388415e-05 0.541342391971
3 2.1567395135e-05 0.489828308691
3.1 2.16645128762e-05 0.443215751697
3.2 2.18893044991e-05 0.401038284021
3.3 2.22367042113e-05 0.362874976538
3.4 2.26990520166e-05 0.328343352689
3.5 2.32733408705e-05 0.297098045664
3.6 2.39573380009e-05 0.268826198935
3.7 2.47500839405e-05 0.243244662922
3.8 2.56522391998e-05 0.220097363707
3.9 2.66654611293e-05 0.199152745499
4 2.77925016113e-05 0.180201367863
4.1 2.90369018377e-05 0.163053429639
4.2 3.04031246484e-05 0.147537296278
4.3 3.18963556069e-05 0.13349765148
4.4 3.35225940814e-05 0.12079403705
4.5 3.52885620695e-05 0.1092992242
4.6 3.72017917181e-05 0.0988983264734
4.7 3.92705551715e-05 0.0894872619195
4.8 4.15038881113e-05 0.0809717501596
4.9 4.39116593532e-05 0.0732666049186
5 4.65045530243e-05 0.0662946398523
5.1 4.92941398731e-05 0.0599861398881
5.2 5.22929021107e-05 0.054277968234
5.3 5.55142827494e-05 0.0491129704517
5.4 5.89727471647e-05 0.0444395195987
5.5 6.26838290823e-05 0.0402107867767
5.6 6.66642038454e-05 0.0363844630262
5.7 7.09317577561e-05 0.0329222447334
5.8 7.55056640621e-05 0.0297894740529
5.9 8.04064651838e-05 0.0269548424626
6 8.5656162781e-05 0.0243899458097
6.1 9.12783111123e-05 0.0220691301472
6.2 9.72981237704e-05 0.0199691655825
6.3 0.000103742582912 0.018069024119
6.4 0.000110640555442 0.0163497058896
6.5 0.000118022928242 0.0147939866646
6.6 0.000125922733467 0.0133863081484
6.7 0.000134375310746 0.0121125945484
6.8 0.000143418444161 0.0109600783729
6.9 0.000153092544235 0.0099172347983
7 0.000163440834482 0.0089736088434
7.1 0.000174509511711 0.0081197758844
7.2 0.000186347973942 0.00734721918576
7.3 0.000199009084392 0.00664819295613
7.4 0.000212549274848 0.00601568285223
7.5 0.000227028907621 0.00544335142137
7.6 0.0002425126103 0.00492550000434
7.7 0.000259069312029 0.00445690683637
7.8 0.000276772796976 0.00403288073587
7.9 0.000295702018543 0.00364921527681
8 0.000315941183091 0.00330204607422
8.1 0.000337580477516 0.00298790982683
8.2 0.00036071632475 0.00270367863437
8.3 0.000385451586834 0.00244648057577
8.4 0.000411896481947 0.00221375580993
8.5 0.000440168761256 0.0020031830081
8.6 0.000470394095633 0.00181263569773
8.7 0.000502707306166 0.00164023310587
8.8 0.000537252212361 0.00148425126195
8.9 0.000574182123674 0.00134309668844
9 0.000613661250167 0.00121534500318
9.1 0.000655865824967 0.00109975726488
9.2 0.000700983373921 0.00099516966095
9.3 0.00074921403411 0.000900516556934
9.4 0.000800773010704 0.000814872165317
9.5 0.000855889791599 0.000737386138127
9.6 0.000914808950323 0.000667271075852
9.7 0.000977792411379 0.000603820996371
9.8 0.00104512120393 0.000546416918441
9.9 0.00111709439543 0.000494477363178
10 0.00119403115217 0.00044746794099
10.1 0.0012762746858 0.00040493007537
10.2 0.00136419097951 0.000366442259302
10.3 0.00145817006396 0.000331614251562
10.4 0.00155863106683 0.000300091651462
10.5 0.0016660180127 0.000271579829818
10.6 0.00178081177101 0.00024577895491
10.7 0.00190352088284 0.000222429055451
10.8 0.00203469799084 0.000201305617017
10.9 0.0021749284157 0.000182195955147
11 0.00232483155267 0.000164902103597
11.1 0.00248506233902 0.0001492438496
11.2 0.00265633859849 0.000135061407488
11.3 0.00283944672855 0.000122215974766
11.4 0.00303519385841 0.00011058505433
11.5 0.00324443019839 0.00010006463969
11.6 0.00346805923288 9.05646966497e-05
11.7 0.00370712410421 8.19703176933e-05
11.8 0.00396269908549 7.41905251221e-05
11.9 0.00423590214333 6.71526217822e-05
12 0.00452790920858 6.07957737221e-05
12.1 0.00484002580707 5.50548949551e-05
12.2 0.00517370420525 4.98567900974e-05
12.3 0.00553041502946 4.51490370092e-05
12.4 0.00591170681669 4.08865892791e-05
12.5 0.00631922456176 3.70304005869e-05
12.6 0.00675486998033 3.35360257572e-05
12.7 0.0072206017178 3.03678312037e-05
12.8 0.00771845715179 2.74974441913e-05
12.9 0.00825057928304 2.49018401865e-05
13 0.00881934584739 2.25557784041e-05
13.1 0.00942740410767 2.04297634159e-05
13.2 0.0100774338703 1.85039295943e-05
13.3 0.0107722567398 1.67616400801e-05
13.4 0.0115148680207 1.51886123115e-05
13.5 0.012308732263 1.37650441932e-05
13.6 0.013157422012 1.24752384114e-05
13.7 0.0140646507209 1.13067255861e-05
13.8 0.0150343244924 1.02488857857e-05
13.9 0.0160707656435 9.29123559431e-06
14 0.0171788050969 8.42272022153e-06
14.1 0.0183633287323 7.6351893111e-06
14.2 0.0196294803486 6.92184186584e-06
14.3 0.0209827143226 6.27692697158e-06
14.4 0.0224293366324 5.69271861433e-06
14.5 0.0239758661147 5.16308727001e-06
14.6 0.0256290718925 4.68329062367e-06
14.7 0.0273960746689 4.24940717618e-06
14.8 0.0292846611286 3.85738915751e-06
14.9 0.0313035393321 3.50229319062e-06
15 0.033461650458 3.18035356251e-06
15.1 0.0357684611943 2.88818916056e-06
15.2 0.0382344003859 2.62302207242e-06
15.3 0.0408704835101 2.38247457283e-06
15.4 0.0436882522654 2.16453646464e-06
15.5 0.0467001122245 1.96733556577e-06
15.6 0.0499198007424 1.78861874011e-06
15.7 0.053361540732 1.62669046725e-06
15.8 0.0570403366387 1.48009756884e-06
15.9 0.0609727748216 1.34731570278e-06
16 0.0651765395068 1.22692993926e-06
16.1 0.0696700819797 1.11775817065e-06
16.2 0.0744730738251 1.01874985739e-06
16.3 0.0796072730619 9.28924609454e-07
16.4 0.08509546483 8.47447303343e-07
16.5 0.0909619045326 7.73576476738e-07
16.6 0.0972329822593 7.06558845913e-07
16.7 0.10393640102 6.45766162927e-07
16.8 0.111101753178 5.90634098707e-07
16.9 0.118761320617 5.40603173601e-07
17 0.126948917144 4.95200157975e-07
17.1 0.135700748912 4.53998393235e-07
17.2 0.145056223121 4.16592322587e-07
17.3 0.155056604538 3.82638018124e-07
17.4 0.165746192566 3.5182127329e-07
17.5 0.177173077023 3.23838396193e-07
17.6 0.189387610418 2.98434855859e-07
17.7 0.202443862796 2.75377646284e-07
17.8 0.216400376107 2.54443668679e-07
17.9 0.231318904882 2.35440399877e-07
18 0.247266145085 2.18190495213e-07
18.1 0.264312720914 2.02538296126e-07
18.2 0.282534417437 1.88341615617e-07
18.3 0.302012533239 1.75469410501e-07
18.4 0.322833147144 1.63807815488e-07
18.5 0.3450894451 1.53250066309e-07
18.6 0.368879692629 1.43703955882e-07
18.7 0.394310496726 1.35083549891e-07
18.8 0.421494517942 1.27314560749e-07
18.9 0.45055203929 1.20331143481e-07
19 0.481612806985 1.1407344405e-07
19.1 0.514814793517 1.08489128868e-07
19.2 0.550305484877 1.03533161232e-07
19.3 0.588242744562 9.91676705836e-08
19.4 0.628795570386 9.5358874809e-08
19.5 0.672144302091 9.20813962142e-08
19.6 0.718481539857 8.93162663582e-08
19.7 0.768013114437 8.70499948732e-08
19.8 0.820959476592 8.52773014534e-08
19.9 0.877555913222 8.39994435531e-08
20 0.938053909746 8.32261193765e-08
