"Time" "Prey" "Predator"
0 0.0314673281956 4.95443781512
0.1 0.0179250327783 4.49370619862
0.2 0.0108289750674 4.07177638365
0.3 0.00690366360074 3.68749561065
0.4 0.00462156376453 3.3384744424
0.5 0.00323404599639 3.02194671984
0.6 0.00235600871879 2.73512597656
0.7 0.00177994847874 2.47535135226
0.8 0.00138981199556 2.24014279079
0.9 0.00111806705031 2.02721759299
1 0.000924217460677 1.83448858562
1.1 0.000782830510603 1.66005500391
1.2 0.00067789178828 1.50218923931
1.3 0.000598894688913 1.35932357209
1.4 0.000538772061993 1.23003665573
1.5 0.000492700341292 1.11304050161
1.6 0.00045738233201 1.00716868186
1.7 0.000430326541082 0.911364501805
1.8 0.000409812936308 0.824671625907
1.9 0.000394562975476 0.746223858537
2 0.000383689101314 0.675237803803
2.1 0.000376470859164 0.611003730328
2.2 0.000372415329857 0.552879919091
2.3 0.000371123911893 0.500285156336
2.4 0.000372312691671 0.452693661537
2.5 0.000375766740243 0.409629626582
2.6 0.000381328874941 0.370662289093
2.7 0.000388890842207 0.335402129283
2.8 0.000398379376804 0.303496273222
2.9 0.000409747501153 0.274625445688
3 0.00042299144528 0.24850153435
3.1 0.000438114449683 0.224863093425
3.2 0.000455142881987 0.203473639282
3.3 0.000474119736158 0.184119158722
3.4 0.000495102183697 0.166605987293
3.5 0.000518163354201 0.150758930082
3.6 0.000543390188947 0.136419524306
3.7 0.000570883100611 0.123444379088
3.8 0.000600755251501 0.111703647115
3.9 0.00063313302957 0.101079866197
4 0.000668155853644 0.091466772701
4.1 0.000705976597021 0.0827682119586
4.2 0.000746761838583 0.0748971396044
4.3 0.000790692733194 0.067774937561
4.4 0.000837964960203 0.0613302917699
4.5 0.000888789900656 0.0554987362687
4.6 0.000943395331882 0.0502219342626
4.7 0.0010020262718 0.0454470798366
4.8 0.00106494608089 0.0411264668075
4.9 0.00113243744231 0.0372168375496
5 0.00120480362476 0.0336791156457
5.1 0.00128236974993 0.0304779172879
5.2 0.00136548417369 0.027581206048
5.3 0.00145452000194 0.0249600279604
5.4 0.00154987677545 0.022588147006
5.5 0.0016519821319 0.0204418671839
5.6 0.00176129375848 0.0184997206484
5.7 0.00187830136173 0.0167422798225
5.8 0.00200352881252 0.0151519839081
5.9 0.00213753656422 0.0137129163239
6 0.00228092397285 0.0124107000841
6.1 0.00243433212322 0.0112323097365
6.2 0.0025984465565 0.0101659661723
6.3 0.00277400031687 0.00920101802596
6.4 0.00296177733948 0.0083278106
6.5 0.00316261570562 0.00753762093187
6.6 0.00337741181531 0.0068225377596
6.7 0.00360712375889 0.00617542189426
6.8 0.00385277541504 0.00558983632034
6.9 0.00411546294149 0.0050599266971
7 0.0043963570491 0.00458038856972
7.1 0.00469670768253 0.00414640600139
7.2 0.00501785482855 0.00375367030106
7.3 0.00536122911719 0.00339825809667
7.4 0.00572835715087 0.00307657842673
7.5 0.00612087611162 0.00278545107332
7.6 0.0065405340807 0.00252198327951
7.7 0.00698919605054 0.00228352201013
7.8 0.00746886184151 0.00206770817513
7.9 0.00798166704674 0.00187239518642
8 0.00852988983606 0.00169561034718
8.1 0.00911597286181 0.00153560475113
8.2 0.00974252505605 0.00139078993132
8.3 0.0104123294208 0.00125970520831
8.4 0.0111283719355 0.00114106011369
8.5 0.0118938405933 0.00103367967463
8.6 0.0127121327509 0.000936475467771
8.7 0.0135868821321 0.000848463734379
8.8 0.0145219945845 0.000768798049143
8.9 0.0155216259774 0.000696683454829
9 0.0165902091286 0.000631389273558
9.1 0.0177325074525 0.000572276809696
9.2 0.0189536084924 0.000518766645569
9.3 0.0202589319767 0.000470320370244
9.4 0.0216542731474 0.000426450023067
9.5 0.0231458602726 0.000386733007276
9.6 0.024740321454 0.00035077270389
9.7 0.0264447256915 0.000318203050489
9.8 0.0282666682085 0.000288706318692
9.9 0.0302142634583 0.000261995717221
10 0.0322961548442 0.000237804315089
10.1 0.0345215827596 0.00021589010571
10.2 0.0369004799652 0.000196042736823
10.3 0.0394434175611 0.000178065764672
10.4 0.0421616690515 0.00016177808779
10.5 0.045067345398 0.000147021448128
10.6 0.0481733888859 0.000133652904855
10.7 0.0514935835808 0.000121539057727
10.8 0.0550426594784 0.000110558546982
10.9 0.0588364591371 0.000100607571642
11 0.0628918443429 9.15889186466e-05
11.1 0.0672267927851 8.34129877603e-05
11.2 0.0718606041083 7.60007235088e-05
11.3 0.0768139290377 6.92813263128e-05
11.4 0.0821087542719 6.31887098193e-05
11.5 0.0877685610901 5.76624617195e-05
11.6 0.0938186096973 5.26507409583e-05
11.7 0.100285799559 4.81052060841e-05
11.8 0.107198804277 4.3981101203e-05
11.9 0.114588375428 4.02388305622e-05
12 0.122487462128 3.68434970422e-05
12.1 0.130931133389 3.37623981276e-05
12.2 0.13995682394 3.09656087373e-05
12.3 0.149604804837 2.84272144205e-05
12.4 0.159917990218 2.61232638767e-05
12.5 0.170942116349 2.40315612765e-05
12.6 0.182726179408 2.21322941838e-05
12.7 0.195322749867 2.04082015239e-05
12.8 0.208787763096 1.88430442801e-05
12.9 0.223180905139 1.74219270762e-05
13 0.238566369306 1.61320032884e-05
13.1 0.255012620687 1.49615071751e-05
13.2 0.272592611272 1.38995455058e-05
13.3 0.291384415025 1.29363365287e-05
13.4 0.311471894168 1.20634162181e-05
13.5 0.332944270114 1.12728625194e-05
13.6 0.35589671576 1.05574198354e-05
13.7 0.38043154441 9.91087433592e-06
13.8 0.406657987749 9.32763501807e-06
13.9 0.434692407081 8.8025579794e-06
14 0.464659227238 8.33107326911e-06
14.1 0.496692203815 7.90937458107e-06
14.2 0.530933658677 7.53398088268e-06
14.3 0.567535364099 7.20180414532e-06
14.4 0.606660371334 6.91037780834e-06
14.5 0.648482955824 6.65769000363e-06
14.6 0.693188715942 6.44204877367e-06
14.7 0.740975968909 6.26220325224e-06
14.8 0.79205801054 6.11761035352e-06
14.9 0.846661874506 6.00807421034e-06
15 0.905029607218 5.93383690608e-06
15.1 0.967420718546 5.89593944371e-06
15.2 1.03411311588 5.8962579401e-06
15.3 1.10540313496 5.93735040564e-06
15.4 1.18160795441 6.02305809775e-06
15.5 1.26306649256 6.15850060392e-06
15.6 1.35014029825 6.35008730862e-06
15.7 1.44321686441 6.60707991832e-06
15.8 1.54271016876 6.94128370592e-06
15.9 1.64906187155 7.36734372292e-06
16 1.76274535165 7.90682574694e-06
16.1 1.88426607867 8.58686328784e-06
16.2 2.01416350688 9.44189180291e-06
16.3 2.15301587085 1.05253027508e-05
16.4 2.30144030145 1.19040738706e-05
16.5 2.46009560851 1.36670587062e-05
16.6 2.62968798775 1.59614986332e-05
16.7 2.8109708137 1.89719404017e-05
16.8 3.00474855668 2.296094539e-05
16.9 3.2118832517 2.83959654022e-05
17 3.43329413805 3.5862250101e-05
17.1 3.66996280548 4.62848272165e-05
17.2 3.92293989117 6.14234699401e-05
17.3 4.19334508733 8.3479336979e-05
17.4 4.48237211348 0.000116134838104
17.5 4.79129363105 0.000167181619307
17.6 5.12146171615 0.0002482347655
17.7 5.47430513247 0.000381492997109
17.8 5.85132077258 0.000608176423292
17.9 6.25404681748 0.00100868098112
18 6.68400259566 0.00174302972373
18.1 7.14253557171 0.00314869288531
18.2 7.63046767761 0.00596297846492
18.3 8.1472152669 0.0118743983907
18.4 8.68854985773 0.0249304636183
18.5 9.24065949896 0.0552916899871
18.6 9.76402937873 0.129466904467
18.7 10.1502877023 0.317694350252
18.8 10.1219180444 0.796348167419
18.9 9.11928185622 1.90662237415
19 6.69259836886 3.84536600662
19.1 3.72513830746 5.84051574111
19.2 1.68664357755 6.85521063293
19.3 0.713116313932 6.94632474162
19.4 0.308202418802 6.59488324697
19.5 0.141269482457 6.09565246519
19.6 0.0693807542851 5.57129501076
19.7 0.0365031381145 5.06684638985
19.8 0.0204954290556 4.59733895839
19.9 0.0122196116547 4.16647474848
20 0.0076965848635 3.77365678929
