"Time" "Prey" "Predator"
0 26.5066235457 31.8625805277
0.1 0.0613496843258 47.3431503765
0.2 0.00016061209926 42.8805115318
0.3 7.48878466522e-07 38.7999915627
0.4 1.50512552171e-08 35.1076833267
0.5 -9.18780162363e-08 31.7667561883
0.6 -1.23040657417e-07 28.7437484331
0.7 -1.32796450661e-07 26.0084126673
0.8 -1.32796450661e-07 23.5333836
0.9 -1.32796450661e-07 21.2938843081
1 -1.32796450661e-07 19.2674967713
1.1 -1.32796450661e-07 17.4339623241
1.2 -1.32796450661e-07 15.7749053536
1.3 -1.32796450661e-07 14.2737255792
1.4 -1.32796450661e-07 12.9154018094
1.5 -1.32796450661e-07 11.6863399958
1.6 -1.32796450661e-07 10.5742383742
1.7 -1.32796450661e-07 9.56796755615
1.8 -1.32796450661e-07 8.65746240742
1.9 -1.32796450661e-07 7.83360379601
2 -1.32796450661e-07 7.08813066307
2.1 -1.32796450661e-07 6.41358880103
2.2 -1.32796450661e-07 5.8032517218
2.3 -1.32796450661e-07 5.2509994788
2.4 -1.32796450661e-07 4.75130080168
2.5 -1.32796450661e-07 4.29915472658
2.6 -1.32796450661e-07 3.89003607121
2.7 -1.32796450661e-07 3.5198502048
2.8 -1.32796450661e-07 3.18489221241
2.9 -1.32796450661e-07 2.88181029323
3 -1.32796450661e-07 2.60757010859
3.1 -1.32796450661e-07 2.35942635257
3.2 -1.32796450661e-07 2.13489674912
3.3 -1.32796450661e-07 1.931733691
3.4 -1.32796450661e-07 1.74790471139
3.5 -1.32796450661e-07 1.58156964043
3.6 -1.32796450661e-07 1.43106344968
3.7 -1.32796450661e-07 1.29487956528
3.8 -1.32796450661e-07 1.171655415
3.9 -1.32796450661e-07 1.06015756491
4 -1.32796450661e-07 0.959270233486
4.1 -1.32796450661e-07 0.86798354063
4.2 -1.32796450661e-07 0.785383933056
4.3 -1.32796450661e-07 0.710644458921
4.4 -1.32796450661e-07 0.643017562316
4.5 -1.32796450661e-07 0.581826286852
4.6 -1.32796450661e-07 0.526458137105
4.7 -1.32796450661e-07 0.476359020382
4.8 -1.32796450661e-07 0.431027353033
4.9 -1.32796450661e-07 0.390009674494
5 -1.32796450661e-07 0.352895230558
5.1 -1.32796450661e-07 0.319312809531
5.2 -1.32796450661e-07 0.288926143305
5.3 -1.32796450661e-07 0.26143117585
5.4 -1.32796450661e-07 0.23655267776
5.5 -1.32796450661e-07 0.214041662878
5.6 -1.32796450661e-07 0.193672899411
5.7 -1.32796450661e-07 0.175242439488
5.8 -1.32796450661e-07 0.1585659083
5.9 -1.32796450661e-07 0.143476270018
6 -1.32796450661e-07 0.129822660408
6.1 -1.32796450661e-07 0.117468390897
6.2 -1.32796450661e-07 0.106289758007
6.3 -1.32796450661e-07 0.0961749714789
6.4 -1.32796450661e-07 0.0870226846863
6.5 -1.32796450661e-07 0.0787413738868
6.6 -1.32796450661e-07 0.0712481308509
6.7 -1.32796450661e-07 0.0644679401766
6.8 -1.32796450661e-07 0.0583330164253
6.9 -1.32796450661e-07 0.0527818844436
7 -1.32796450661e-07 0.0477590244414
7.1 -1.32796450661e-07 0.0432141485217
7.2 -1.32796450661e-07 0.0391017584566
7.3 -1.32796450661e-07 0.0353807387436
7.4 -1.32796450661e-07 0.0320138041593
7.5 -1.32796450661e-07 0.0289672861119
7.6 -1.32796450661e-07 0.0262106845308
7.7 -1.32796450661e-07 0.0237163996193
7.8 -1.32796450661e-07 0.0214594891111
7.9 -1.32796450661e-07 0.0194173402849
8 -1.32796450661e-07 0.0175695338336
8.1 -1.32796450661e-07 0.0158975709724
8.2 -1.32796450661e-07 0.0143847115747
8.3 -1.32796450661e-07 0.0130158278454
8.4 -1.32796450661e-07 0.0117772041099
8.5 -1.32796450661e-07 0.0106564540876
8.6 -1.32796450661e-07 0.00964235743596
8.7 -1.32796450661e-07 0.00872476161259
8.8 -1.32796450661e-07 0.00789449220581
8.9 -1.32796450661e-07 0.00714322979711
9 -1.32796450661e-07 0.00646345971034
9.1 -1.32796450661e-07 0.0058483812288
9.2 -1.32796450661e-07 0.00529183176141
9.3 -1.32796450661e-07 0.00478824427826
9.4 -1.32796450661e-07 0.00433256537776
9.5 -1.32796450661e-07 0.0039202472438
9.6 -1.32796450661e-07 0.00354718919194
9.7 -1.32796450661e-07 0.00320964832027
9.8 -1.32796450661e-07 0.00290423788631
9.9 -1.32796450661e-07 0.00262787912452
10 -1.32796450661e-07 0.00237782429176
10.1 -1.32796450661e-07 0.00215157587317
10.2 -1.32796450661e-07 0.00194683726864
10.3 -1.32796450661e-07 0.0017615638303
10.4 -1.32796450661e-07 0.00159393001643
10.5 -1.32796450661e-07 0.00144224676947
10.6 -1.32796450661e-07 0.00130498833349
10.7 -1.32796450661e-07 0.00118080464129
10.8 -1.32796450661e-07 0.00106844313659
10.9 -1.32796450661e-07 0.000966747642819
11 -1.32796450661e-07 0.000874761274745
11.1 -1.32796450661e-07 0.000791522597739
11.2 -1.32796450661e-07 0.000716195327556
11.3 -1.32796450661e-07 0.000648042326872
11.4 -1.32796450661e-07 0.000586379593735
11.5 -1.32796450661e-07 0.000530578592001
11.6 -1.32796450661e-07 0.000480072045973
11.7 -1.32796450661e-07 0.000434352036269
11.8 -1.32796450661e-07 0.000392973210022
11.9 -1.32796450661e-07 0.000355551792632
12 -1.32796450661e-07 0.000321712034176
12.1 -1.32796450661e-07 0.000291083065887
12.2 -1.32796450661e-07 0.000263369334554
12.3 -1.32796450661e-07 0.000238315707003
12.4 -1.32796450661e-07 0.000215650725986
12.5 -1.32796450661e-07 0.000195133876755
12.6 -1.32796450661e-07 0.000176567330773
12.7 -1.32796450661e-07 0.00015977588009
12.8 -1.32796450661e-07 0.00014457459276
12.9 -1.32796450661e-07 0.000130812329646
13 -1.32796450661e-07 0.000118362458889
13.1 -1.32796450661e-07 0.000107102836966
13.2 -1.32796450661e-07 9.69033881949e-05
13.3 -1.32796450661e-07 8.76675208734e-05
13.4 -1.32796450661e-07 7.93146838515e-05
13.5 -1.32796450661e-07 7.17770153183e-05
13.6 -1.32796450661e-07 6.4960865383e-05
13.7 -1.32796450661e-07 5.87897267918e-05
13.8 -1.32796450661e-07 5.32041623963e-05
13.9 -1.32796450661e-07 4.81538450856e-05
14 -1.32796450661e-07 4.35888109796e-05
14.1 -1.32796450661e-07 3.94530307626e-05
14.2 -1.32796450661e-07 3.57058460747e-05
14.3 -1.32796450661e-07 3.23129410463e-05
14.4 -1.32796450661e-07 2.92452242415e-05
14.5 -1.32796450661e-07 2.64669878695e-05
14.6 -1.32796450661e-07 2.39491190019e-05
14.7 -1.32796450661e-07 2.16690772527e-05
14.8 -1.32796450661e-07 1.96084451989e-05
14.9 -1.32796450661e-07 1.77303274464e-05
15 -1.32796450661e-07 1.60578872806e-05
15.1 -1.32796450661e-07 1.45361364913e-05
15.2 -1.32796450661e-07 1.31561579612e-05
15.3 -1.32796450661e-07 1.19087556863e-05
15.4 -1.32796450661e-07 1.0781251138e-05
15.5 -1.32796450661e-07 9.76231731549e-06
15.6 -1.32796450661e-07 8.8414645451e-06
15.7 -1.32796450661e-07 8.00820315331e-06
15.8 -1.32796450661e-07 7.25204346654e-06
15.9 -1.32796450661e-07 6.56584763945e-06
16 -1.32796450661e-07 5.94665428144e-06
16.1 -1.32796450661e-07 5.38711007138e-06
16.2 -1.32796450661e-07 4.87977125577e-06
16.3 -1.32796450661e-07 4.41719408107e-06
16.4 -1.32796450661e-07 3.99257958871e-06
16.5 -1.32796450661e-07 3.6071805214e-06
16.6 -1.32796450661e-07 3.25912484928e-06
16.7 -1.32796450661e-07 2.94460461648e-06
16.8 -1.32796450661e-07 2.65981186712e-06
16.9 -1.32796450661e-07 2.40093864531e-06
17 -1.32796450661e-07 2.12712927084e-06
17.1 -1.32796450661e-07 1.93564868168e-06
17.2 -1.32796450661e-07 1.75711583044e-06
17.3 -1.32796450661e-07 1.59153071712e-06
17.4 -1.32796450661e-07 1.43889334172e-06
17.5 -1.32796450661e-07 1.29909983467e-06
17.6 -1.32796450661e-07 1.1709276392e-06
17.7 -1.32796450661e-07 1.05402387378e-06
17.8 -1.32796450661e-07 9.48388538412e-07
17.9 -1.32796450661e-07 8.54021633102e-07
18 -1.32796450661e-07 7.70923157848e-07
18.1 -1.32796450661e-07 6.98137938685e-07
18.2 -1.32796450661e-07 6.31763362351e-07
18.3 -1.32796450661e-07 5.71380944131e-07
18.4 -1.32796450661e-07 5.16990684023e-07
18.5 -1.32796450661e-07 4.68592582029e-07
18.6 -1.32796450661e-07 4.26186638148e-07
18.7 -1.32796450661e-07 3.88616404994e-07
18.8 -1.32796450661e-07 3.53885041396e-07
18.9 -1.32796450661e-07 3.21957495219e-07
19 -1.32796450661e-07 2.92833766464e-07
19.1 -1.32796450661e-07 2.6651385513e-07
19.2 -1.32796450661e-07 2.42991348256e-07
19.3 -1.32796450661e-07 2.21533155862e-07
19.4 -1.32796450661e-07 2.01639136221e-07
19.5 -1.32796450661e-07 1.83309289334e-07
19.6 -1.32796450661e-07 1.66543615201e-07
19.7 -1.32796450661e-07 1.51342113821e-07
19.8 -1.32796450661e-07 1.37668773712e-07
19.9 -1.32796450661e-07 1.25099735557e-07
20 -1.32796450661e-07 1.13512655656e-07
