"Time" "Prey" "Predator"
0 0.931359779981 19.2643705626
0.1 0.0815351466579 18.0422493833
0.2 0.00878969347646 16.3777951792
0.3 0.00117559077928 14.8247611222
0.4 0.000191551530842 13.4147153533
0.5 3.73143979474e-05 12.1382493189
0.6 8.58913304682e-06 10.9831646208
0.7 2.26043886459e-06 9.93798487072
0.8 6.75972214677e-07 8.99226348436
0.9 1.83850437477e-07 8.13653540181
1 1.09144188931e-07 7.36223845098
1.1 1.00159378845e-07 6.6616279335
1.2 2.06879736956e-08 6.02768942357
1.3 3.8343700288e-08 5.4540770156
1.4 5.28532173503e-08 4.93505352274
1.5 3.91133984419e-08 4.46542550748
1.6 5.60242343088e-09 4.0404846571
1.7 7.19832626502e-09 3.65598171192
1.8 1.6300839816e-08 3.30806929609
1.9 9.77807352209e-09 2.9932654471
2 6.27811191109e-09 2.70841876889
2.1 5.93085658855e-09 2.45067889907
2.2 9.67573083912e-09 2.21746697977
2.3 1.02042849125e-08 2.00644720349
2.4 1.25369431744e-08 1.81550651433
2.5 1.28993566405e-08 1.64273723793
2.6 1.51269915203e-08 1.48640947847
2.7 1.49499613572e-08 1.34495894556
2.8 1.31368693331e-08 1.21696942813
2.9 1.19156572667e-08 1.10115956415
3 1.12057667812e-08 0.996370098914
3.1 1.06022007299e-08 0.90155285389
3.2 1.001768074e-08 0.815758796586
3.3 9.62166733398e-09 0.738129125202
3.4 9.39233031068e-09 0.667886775461
3.5 9.24151623297e-09 0.604328864043
3.6 9.20339692124e-09 0.546818947855
3.7 9.23304276254e-09 0.494781821736
3.8 9.26381741757e-09 0.447697133056
3.9 9.34257414934e-09 0.405093026308
4 9.48252880485e-09 0.366543405334
4.1 9.67680037026e-09 0.331662141657
4.2 9.91907925578e-09 0.300100202273
4.3 1.02068499852e-08 0.27154188965
4.4 1.05408107781e-08 0.24570110748
4.5 1.0921482544e-08 0.222319569275
4.6 1.1349335134e-08 0.201163074733
4.7 1.18257124205e-08 0.182019863511
4.8 1.23524586237e-08 0.164698397861
4.9 1.29311536334e-08 0.149025182038
5 1.35637607669e-08 0.134843554852
5.1 1.42528345168e-08 0.122011466571
5.2 1.50013094804e-08 0.110400508319
5.3 1.58124146251e-08 0.0998945331402
5.4 1.6689607039e-08 0.0903882857871
5.5 1.76367408755e-08 0.0817867097197
5.6 1.86579903346e-08 0.0740036508011
5.7 1.97578728204e-08 0.0669612407208
5.8 2.0941279388e-08 0.0605890450163
5.9 2.22135127665e-08 0.0548232178853
6 2.35802903371e-08 0.0496061059101
6.1 2.50477443526e-08 0.0448854534577
6.2 2.66224633481e-08 0.0406140241783
6.3 2.8311522134e-08 0.0367490910807
6.4 3.01225114985e-08 0.0332519354002
6.5 3.20635664199e-08 0.0300875973214
6.6 3.41434052679e-08 0.0272243812704
6.7 3.63713664423e-08 0.0246336334613
6.8 3.87574483339e-08 0.022289435873
6.9 4.13123519489e-08 0.0201683056301
7 4.40475278998e-08 0.0182490381382
7.1 4.69752305717e-08 0.0165124092087
7.2 5.01085686424e-08 0.0149410411453
7.3 5.34615640125e-08 0.013519215374
7.4 5.70492155335e-08 0.0122326875057
7.5 6.08875612986e-08 0.0110685926951
7.6 6.49937565662e-08 0.010015275823
7.7 6.93861417788e-08 0.00906219293786
7.8 7.40843317959e-08 0.00819980466454
7.9 7.91093019441e-08 0.00741946675112
8 8.4483465955e-08 0.00671339799893
8.1 9.02308023041e-08 0.00607454794795
8.2 9.63769553714e-08 0.00549650678478
8.3 1.02949296026e-07 0.00497346682665
8.4 1.09977127175e-07 0.00450019878246
8.5 1.17491793831e-07 0.00407198360695
8.6 1.25526727744e-07 0.00368449568934
8.7 1.34117738181e-07 0.00333386648903
8.8 1.43303120244e-07 0.00301661512973
8.9 1.53123716331e-07 0.00272954334303
9 1.63623283243e-07 0.00246979026384
9.1 1.7484859492e-07 0.00223476934846
9.2 1.86849541964e-07 0.0020221029589
9.3 1.99679587826e-07 0.00182967374208
9.4 2.13395860256e-07 0.00165556473434
9.5 2.28059306285e-07 0.00149801527474
9.6 2.4373530692e-07 0.00135546729372
9.7 2.60493652618e-07 0.00122649981747
9.8 2.784087264e-07 0.00110979800697
9.9 2.97560115815e-07 0.00100417685051
10 3.18033331879e-07 0.000908613883859
10.1 3.39919359624e-07 0.000822148615049
10.2 3.63315265728e-07 0.000743899442471
10.3 3.88325381633e-07 0.00067309745447
10.4 4.15061072703e-07 0.000609041946652
10.5 4.43640996752e-07 0.00055108285401
10.6 4.74192104381e-07 0.000498633309375
10.7 5.06850750074e-07 0.000451182685535
10.8 5.41762033984e-07 0.00040825138601
10.9 5.790807496e-07 0.00036939753518
11 6.18973283653e-07 0.000334239750139
11.1 6.6161723736e-07 0.000302430884807
11.2 7.07201836613e-07 0.000273648696343
11.3 7.55930373733e-07 0.00024759805132
11.4 8.08017861781e-07 0.000224037852679
11.5 8.63697984131e-07 0.000202718798745
11.6 9.2321717323e-07 0.000183426058093
11.7 9.8684321495e-07 0.000165973281267
11.8 1.05486041419e-06 0.000150185759648
11.9 1.12756946601e-06 0.000135899976538
12 1.20528841761e-06 0.000122966958303
12.1 1.28836320185e-06 0.000111253996098
12.2 1.37717660976e-06 0.000100646112427
12.3 1.4721208774e-06 9.10415804394e-05
12.4 1.57360900345e-06 8.23537737967e-05
12.5 1.68207803261e-06 7.45089877019e-05
12.6 1.79803151587e-06 6.74143911451e-05
12.7 1.92199333826e-06 6.09928763611e-05
12.8 2.05450648785e-06 5.51839879531e-05
12.9 2.19614224352e-06 4.99369882565e-05
13 2.34752810624e-06 4.52003030764e-05
13.1 2.50937159164e-06 4.09125313243e-05
13.2 2.68238753907e-06 3.7029912354e-05
13.3 2.86732812206e-06 3.35149860715e-05
13.4 3.0643438032e-06 3.02806964767e-05
13.5 3.27607375129e-06 2.74373065141e-05
13.6 3.5021350569e-06 2.48409317449e-05
13.7 3.74365445432e-06 2.24796214843e-05
13.8 4.00175867785e-06 2.03414250472e-05
13.9 4.27771809429e-06 1.84100682167e-05
14 4.5729973017e-06 1.6663430154e-05
14.1 4.88886356446e-06 1.5085330029e-05
14.2 5.22657924542e-06 1.36597345546e-05
14.3 5.58740670744e-06 1.23706104437e-05
14.4 5.9726872921e-06 1.12025057406e-05
14.5 6.38483903008e-06 1.01478935735e-05
14.6 6.82588437656e-06 9.19633539551e-06
14.7 7.2975738541e-06 8.33539107082e-06
14.8 7.80165798527e-06 7.55262046357e-06
14.9 8.33988729264e-06 6.83558343793e-06
15 8.91484077728e-06 6.17843738391e-06
15.1 9.53021785422e-06 5.58426202303e-06
15.2 1.01885796621e-05 5.04707249921e-06
15.3 1.08924590617e-05 4.56065876723e-06
15.4 1.16443889136e-05 4.11881078189e-06
15.5 1.25309551203e-05 3.63321179647e-06
15.6 1.3349703804e-05 3.3081597937e-06
15.7 1.42439037189e-05 3.00474947528e-06
15.8 1.52135548651e-05 2.72298084121e-06
15.9 1.62586572426e-05 2.46285389149e-06
16 1.73792108512e-05 2.22436862611e-06
16.1 1.85823705132e-05 2.00640029109e-06
16.2 1.98811708857e-05 1.8068998092e-06
16.3 2.12758864353e-05 1.62582403368e-06
16.4 2.2766517162e-05 1.46317296453e-06
16.5 2.43530630659e-05 1.31894660175e-06
16.6 2.60356919325e-05 1.19311245607e-06
16.7 2.78405497285e-05 1.08060773566e-06
16.8 2.9786498673e-05 9.77780042071e-07
16.9 3.18735387659e-05 8.84629375315e-07
17 3.41016700072e-05 8.01155735389e-07
17.1 3.6470892397e-05 7.27359122292e-07
17.2 3.8984992502e-05 6.62948860908e-07
17.3 4.16924354588e-05 6.04204533827e-07
17.4 4.46079886186e-05 5.49992528022e-07
17.5 4.77316519813e-05 5.00312843493e-07
17.6 5.1063425547e-05 4.5516548024e-07
17.7 5.46033093156e-05 4.14550438263e-07
17.8 5.83733744424e-05 3.78149327636e-07
17.9 6.24690374636e-05 3.44585706409e-07
18 6.69013034507e-05 3.13700819693e-07
18.1 7.16701724034e-05 2.85494667487e-07
18.2 7.67756443219e-05 2.59967249791e-07
18.3 8.22177192062e-05 2.37118566606e-07
18.4 8.79963970562e-05 2.16948617931e-07
18.5 9.4111677872e-05 1.99457403766e-07
18.6 0.000100566710549 1.84615198684e-07
18.7 0.000107499167743 1.71122379278e-07
18.8 0.000114982670152 1.58283969589e-07
18.9 0.000123017217778 1.46099969617e-07
19 0.00013160281062 1.34570379361e-07
19.1 0.000140739448679 1.23695198823e-07
19.2 0.000150433131952 1.13472811518e-07
19.3 0.000160861328875 1.03855404937e-07
19.4 0.000172106522604 9.48207569512e-08
19.5 0.000184168713139 8.63688675612e-08
19.6 0.000197047900479 7.84997367667e-08
19.7 0.000210744084626 7.12133645677e-08
19.8 0.000225268511808 6.45079080618e-08
19.9 0.000240862487648 5.83438248723e-08
20 0.000257623574782 5.27051275618e-08
