"Time" "Prey" "Predator"
0 1.01369295845 23.2485110841
0.1 0.0529901846907 21.7216206399
0.2 0.00358663866621 19.689901221
0.3 0.000315180003238 17.8185110919
0.4 3.51057009439e-05 16.1230577722
0.5 4.85106547016e-06 14.5887686473
0.6 8.00734550483e-07 13.2004678036
0.7 1.54906544195e-07 11.9442796651
0.8 3.4214785486e-08 10.8076333659
0.9 -5.29144340439e-10 9.77914792429
1 -9.44673103803e-09 8.84853357497
1.1 -9.47187396706e-09 8.00648273954
1.2 -9.88480658351e-09 7.24456355695
1.3 -9.57681314787e-09 6.55514986329
1.4 -8.2462181037e-09 5.931341534
1.5 -6.32557785047e-09 5.36690760971
1.6 -5.44762970953e-09 4.85618212758
1.7 -6.14292279222e-09 4.3940524356
1.8 -5.85704089708e-09 3.97590453979
1.9 -5.89667925509e-09 3.59754741351
2 -5.90271751896e-09 3.25519550967
2.1 -5.90271751896e-09 2.94542281409
2.2 -5.90271751896e-09 2.66512897065
2.3 -5.90271751896e-09 2.41150854485
2.4 -5.90271751896e-09 2.1820237161
2.5 -5.90271751896e-09 1.9743770385
2.6 -5.90271751896e-09 1.78649069792
2.7 -5.90271751896e-09 1.61648382886
2.8 -5.90271751896e-09 1.46265530656
2.9 -5.90271751896e-09 1.32346559784
3 -5.90271751896e-09 1.19752132693
3.1 -5.90271751896e-09 1.08356236482
3.2 -5.90271751896e-09 0.980447949464
3.3 -5.90271751896e-09 0.887146093828
3.4 -5.90271751896e-09 0.802723125357
3.5 -5.90271751896e-09 0.72633375898
3.6 -5.90271751896e-09 0.657213359362
3.7 -5.90271751896e-09 0.594671145639
3.8 -5.90271751896e-09 0.538080601032
3.9 -5.90271751896e-09 0.486875524835
4 -5.90271751896e-09 0.440543194946
4.1 -5.90271751896e-09 0.398619939
4.2 -5.90271751896e-09 0.360686190376
4.3 -5.90271751896e-09 0.326362369968
4.4 -5.90271751896e-09 0.295304889871
4.5 -5.90271751896e-09 0.267202890252
4.6 -5.90271751896e-09 0.241775146654
4.7 -5.90271751896e-09 0.218767056338
4.8 -5.90271751896e-09 0.197948450698
4.9 -5.90271751896e-09 0.179111166938
5 -5.90271751896e-09 0.162066432958
5.1 -5.90271751896e-09 0.146643791066
5.2 -5.90271751896e-09 0.132688777351
5.3 -5.90271751896e-09 0.120061724668
5.4 -5.90271751896e-09 0.108636346455
5.5 -5.90271751896e-09 0.0982981727293
5.6 -5.90271751896e-09 0.0889438640746
5.7 -5.90271751896e-09 0.0804797386492
5.8 -5.90271751896e-09 0.0728210675918
5.9 -5.90271751896e-09 0.0658912365221
6 -5.90271751896e-09 0.0596208247218
6.1 -5.90271751896e-09 0.0539471493177
6.2 -5.90271751896e-09 0.0488133895677
6.3 -5.90271751896e-09 0.0441681647751
6.4 -5.90271751896e-09 0.0399650173648
6.5 -5.90271751896e-09 0.0361618331491
6.6 -5.90271751896e-09 0.0327205815622
6.7 -5.90271751896e-09 0.0296067991353
6.8 -5.90271751896e-09 0.0267893261669
6.9 -5.90271751896e-09 0.0242399884831
7 -5.90271751896e-09 0.0219332412656
7.1 -5.90271751896e-09 0.0198460190619
7.2 -5.90271751896e-09 0.017957418635
7.3 -5.90271751896e-09 0.016248538327
7.4 -5.90271751896e-09 0.0147022870135
7.5 -5.90271751896e-09 0.0133031728408
7.6 -5.90271751896e-09 0.0120372086257
7.7 -5.90271751896e-09 0.0108917159059
7.8 -5.90271751896e-09 0.0098552292717
7.9 -5.90271751896e-09 0.00891738127189
8 -5.90271751896e-09 0.00806877687475
8.1 -5.90271751896e-09 0.00730092987516
8.2 -5.90271751896e-09 0.0066061400108
8.3 -5.90271751896e-09 0.00597745867131
8.4 -5.90271751896e-09 0.00540862638694
8.5 -5.90271751896e-09 0.00489394624408
8.6 -5.90271751896e-09 0.00442825526315
8.7 -5.90271751896e-09 0.00400686763515
8.8 -5.90271751896e-09 0.00362558779033
8.9 -5.90271751896e-09 0.00328060144999
9 -5.90271751896e-09 0.00296841529819
9.1 -5.90271751896e-09 0.0026859308654
9.2 -5.90271751896e-09 0.00243033728397
9.3 -5.90271751896e-09 0.00219905437034
9.4 -5.90271751896e-09 0.00198978428273
9.5 -5.90271751896e-09 0.00180044098143
9.6 -5.90271751896e-09 0.00162910563134
9.7 -5.90271751896e-09 0.00147407437908
9.8 -5.90271751896e-09 0.00133380410844
9.9 -5.90271751896e-09 0.00120687430296
10 -5.90271751896e-09 0.00109202747977
10.1 -5.90271751896e-09 0.000988122633128
10.2 -5.90271751896e-09 0.000894102438436
10.3 -5.90271751896e-09 0.000809008841087
10.4 -5.90271751896e-09 0.000732018126305
10.5 -5.90271751896e-09 0.00066235799526
10.6 -5.90271751896e-09 0.000599318180077
10.7 -5.90271751896e-09 0.000542276695458
10.8 -5.90271751896e-09 0.000490670657126
10.9 -5.90271751896e-09 0.000443976909708
11 -5.90271751896e-09 0.000401720997036
11.1 -5.90271751896e-09 0.000363491906741
11.2 -5.90271751896e-09 0.00032890427987
11.3 -5.90271751896e-09 0.000297602488064
11.4 -5.90271751896e-09 0.000269277673391
11.5 -5.90271751896e-09 0.000243651059974
11.6 -5.90271751896e-09 0.00022046328491
11.7 -5.90271751896e-09 0.000199475285396
11.8 -5.90271751896e-09 0.000180494473438
11.9 -5.90271751896e-09 0.000163319011687
12 -5.90271751896e-09 0.000147776034661
12.1 -5.90271751896e-09 0.000133714819337
12.2 -5.90271751896e-09 0.000120995459022
12.3 -5.90271751896e-09 0.000109486355695
12.4 -5.90271751896e-09 9.90675397202e-05
12.5 -5.90271751896e-09 8.96317602814e-05
12.6 -5.90271751896e-09 8.10861835738e-05
12.7 -5.90271751896e-09 7.33485853061e-05
12.8 -5.90271751896e-09 6.63487591424e-05
12.9 -5.90271751896e-09 6.00275914137e-05
13 -5.90271751896e-09 5.43121067432e-05
13.1 -5.90271751896e-09 4.91387653513e-05
13.2 -5.90271751896e-09 4.4458621172e-05
13.3 -5.90271751896e-09 4.02304933734e-05
13.4 -5.90271751896e-09 3.64141895222e-05
13.5 -5.90271751896e-09 3.29599516836e-05
13.6 -5.90271751896e-09 2.98321192236e-05
13.7 -5.90271751896e-09 2.70003756384e-05
13.8 -5.90271751896e-09 2.43915148579e-05
13.9 -5.90271751896e-09 2.21028073358e-05
14 -5.90271751896e-09 2.0012286022e-05
14.1 -5.90271751896e-09 1.81103995848e-05
14.2 -5.90271751896e-09 1.63875966927e-05
14.3 -5.90271751896e-09 1.48315259192e-05
14.4 -5.90271751896e-09 1.34242531326e-05
14.5 -5.90271751896e-09 1.21527043458e-05
14.6 -5.90271751896e-09 1.1004064717e-05
14.7 -5.90271751896e-09 9.96551940409e-06
14.8 -5.90271751896e-09 9.02452057641e-06
14.9 -5.90271751896e-09 8.17463290814e-06
15 -5.90271751896e-09 7.40790328461e-06
15.1 -5.90271751896e-09 6.7143895804e-06
15.2 -5.90271751896e-09 6.08414967006e-06
15.3 -5.90271751896e-09 5.50724142816e-06
15.4 -5.90271751896e-09 4.97799487973e-06
15.5 -5.90271751896e-09 4.49925767506e-06
15.6 -5.90271751896e-09 4.06646226198e-06
15.7 -5.90271751896e-09 3.67464570624e-06
15.8 -5.90271751896e-09 3.31884507361e-06
15.9 -5.90271751896e-09 2.9252114445e-06
16 -5.90271751896e-09 2.66404312074e-06
16.1 -5.90271751896e-09 2.42017086426e-06
16.2 -5.90271751896e-09 2.19359467507e-06
16.3 -5.90271751896e-09 1.98431455316e-06
16.4 -5.90271751896e-09 1.79233049853e-06
16.5 -5.90271751896e-09 1.61690770514e-06
16.6 -5.90271751896e-09 1.45628650144e-06
16.7 -5.90271751896e-09 1.31039038782e-06
16.8 -5.90271751896e-09 1.17921936429e-06
16.9 -5.90271751896e-09 1.06277343083e-06
17 -5.90271751896e-09 9.6105245938e-07
17.1 -5.90271751896e-09 8.70518840269e-07
17.2 -5.90271751896e-09 7.87719213894e-07
17.3 -5.90271751896e-09 7.12653580254e-07
17.4 -5.90271751896e-09 6.45321939349e-07
17.5 -5.90271751896e-09 5.8572429118e-07
17.6 -5.90271751896e-09 5.33725846826e-07
17.7 -5.90271751896e-09 4.8648749937e-07
17.8 -5.90271751896e-09 4.42871416055e-07
17.9 -5.90271751896e-09 4.02877596881e-07
18 -5.90271751896e-09 3.66506041848e-07
18.1 -5.90271751896e-09 3.33756750956e-07
18.2 -5.90271751896e-09 3.04426663226e-07
18.3 -5.90271751896e-09 2.77326442823e-07
18.4 -5.90271751896e-09 2.52262627978e-07
18.5 -5.90271751896e-09 2.2923521869e-07
18.6 -5.90271751896e-09 2.08244214959e-07
18.7 -5.90271751896e-09 1.89289616786e-07
18.8 -5.90271751896e-09 1.72155184046e-07
18.9 -5.90271751896e-09 1.5632307723e-07
19 -5.90271751896e-09 1.41770783889e-07
19.1 -5.90271751896e-09 1.28498304023e-07
19.2 -5.90271751896e-09 1.16505637632e-07
19.3 -5.90271751896e-09 1.05792775221e-07
19.4 -5.90271751896e-09 9.60974401139e-08
19.5 -5.90271751896e-09 8.71636018938e-08
19.6 -5.90271751896e-09 7.89912605607e-08
19.7 -5.90271751896e-09 7.15804161145e-08
19.8 -5.90271751896e-09 6.49310685554e-08
19.9 -5.90271751896e-09 5.90322320283e-08
20 -5.90271751896e-09 5.36525075658e-08
