"Time" "Prey" "Predator"
0 6.98072327173 1.00326616258
0.1 6.22674082644 1.76566324803
0.2 4.91906269945 2.80020884112
0.3 3.37140528841 3.83482937635
0.4 2.05259600051 4.53569540433
0.5 1.17195978498 4.80465666258
0.6 0.660654183816 4.75281191539
0.7 0.379990610941 4.52380191898
0.8 0.226704986001 4.21618109147
0.9 0.141205363634 3.88422230784
1 0.0919321007729 3.5550258625
1.1 0.062479520034 3.24125949021
1.2 0.0442171081264 2.94829554071
1.3 0.0324906265842 2.67786857445
1.4 0.0247132015354 2.4299141338
1.5 0.019401291874 2.20349659224
1.6 0.0156765891652 1.99728501033
1.7 0.0130036199931 1.80979875185
1.8 0.0110464634442 1.63953606065
1.9 0.00958915122333 1.48503990433
2 0.00848908973757 1.34493146581
2.1 0.00765016217702 1.21792449083
2.2 0.00700623658891 1.10282999203
2.3 0.0065109700713 0.99855542322
2.4 0.00613126983813 0.904100934403
2.5 0.0058433791361 0.818553789383
2.6 0.00562981043172 0.741082719154
2.7 0.00547766222528 0.670931589031
2.8 0.00537731678177 0.607413353894
2.9 0.00532154329336 0.549904230961
3 0.00530492966655 0.497838213375
3.1 0.0053234319082 0.450701966522
3.2 0.00537405570398 0.408030084401
3.3 0.00545461413608 0.369400747225
3.4 0.00556354135539 0.334431711155
3.5 0.00569990516632 0.302776710277
3.6 0.00586312370943 0.274122037354
3.7 0.00605298036564 0.248183599366
3.8 0.00626962498857 0.224704144022
3.9 0.00651339025854 0.203450612718
4 0.0067849267854 0.184212125361
4.1 0.00708505533513 0.166797579248
4.2 0.00741483432267 0.151034102465
4.3 0.00777550310791 0.136765085212
4.4 0.00816849406319 0.123848803026
4.5 0.00859542810305 0.112156964181
4.6 0.00905810543942 0.101573377485
4.7 0.0095585197889 0.091992955825
4.8 0.0100988498113 0.0833204713309
4.9 0.010681474621 0.0754698220764
5 0.0113089734387 0.0683629795009
5.1 0.0119841398097 0.0619294004236
5.2 0.0127099898429 0.0561052498378
5.3 0.0134897701558 0.0508326358892
5.4 0.0143269757357 0.0460592706783
5.5 0.015225361262 0.0417377507894
5.6 0.0161889576551 0.0378252073428
5.7 0.0172220891289 0.0342828689476
5.8 0.0183293911286 0.0310755760114
5.9 0.0195158305184 0.0281715814561
6 0.0207867273403 0.0255421014523
6.1 0.0221477774503 0.0231610920895
6.2 0.0236050775049 0.0210050059894
6.3 0.0251651528909 0.0190524923373
6.4 0.0268349845282 0.0172842699127
6.5 0.0286220415161 0.0156828627604
6.6 0.0305343131159 0.014232454113
6.7 0.0325803435489 0.0129187487645
6.8 0.0347692721813 0.0117287796513
6.9 0.0371108707782 0.0106508341484
7 0.0396155896402 0.00967430141142
7.1 0.0422946029841 0.00878957585576
7.2 0.0451598568322 0.00798797769626
7.3 0.0482241267266 0.00726163427689
7.4 0.0515010682439 0.00660342972122
7.5 0.0550052856499 0.0060069139652
7.6 0.0587523915587 0.00546625099868
7.7 0.0627590661091 0.00497618668681
7.8 0.0670431545972 0.00453195799537
7.9 0.071623745156 0.00412922919332
8 0.0765212038162 0.00376407275507
8.1 0.0817573131059 0.0034329380963
8.2 0.0873554165113 0.00313264779368
8.3 0.0933403934372 0.00286027960404
8.4 0.0997388328211 0.00261318079096
8.5 0.10657926187 0.00238901697845
8.6 0.113892082665 0.00218563248403
8.7 0.121709762086 0.00200106153723
8.8 0.130067142471 0.00183356841121
8.9 0.139001373157 0.00168155567249
9 0.148552101721 0.00154355894873
9.1 0.158761873815 0.00141829041272
9.2 0.169676084357 0.00130457104725
9.3 0.181343159539 0.00120131726146
9.4 0.193815087761 0.00110757664899
9.5 0.207147355523 0.00102248058621
9.6 0.221399082835 0.000945223760269
9.7 0.236633470007 0.000875076143926
9.8 0.252918519912 0.000811416403511
9.9 0.270326570976 0.000753660656889
10 0.288934745579 0.000701271542707
10.1 0.308825842839 0.000653778128493
10.2 0.330088483417 0.000610762574229
10.3 0.352816997134 0.000571835693753
10.4 0.37711207926 0.000536643297471
10.5 0.403082089922 0.000504886321973
10.6 0.430842459999 0.000476290211743
10.7 0.460516198791 0.000450603829437
10.8 0.492235033506 0.000427608397434
10.9 0.526140407088 0.00040712312859
11 0.562382759196 0.000388982658818
11.1 0.601122546086 0.000373042568135
11.2 0.642532293857 0.000359192639157
11.3 0.686796185308 0.000347344867714
11.4 0.734110378212 0.000337428951383
11.5 0.784684389434 0.000329398512292
11.6 0.838743378311 0.000323246110369
11.7 0.896527333934 0.000318987651883
11.8 0.958292599402 0.000316671309204
11.9 1.0243136214 0.000316391557929
12 1.09488304485 0.000318278734196
12.1 1.17031346955 0.000322517485636
12.2 1.2509399418 0.000329382869515
12.3 1.33711953151 0.000339212327142
12.4 1.42923363031 0.000352453958557
12.5 1.52769070455 0.000369746195559
12.6 1.63292601401 0.000391856649297
12.7 1.74540430145 0.000419814340678
12.8 1.86562276676 0.000455109709768
12.9 1.99411097133 0.000499532500022
13 2.13143373796 0.000555578409751
13.1 2.27819400467 0.00062700210594
13.2 2.43503329306 0.000718338089252
13.3 2.60263373839 0.000836085206276
13.4 2.78171939847 0.000990455385215
13.5 2.97305790006 0.00119488277441
13.6 3.17745584638 0.00147096445584
13.7 3.39576010034 0.00184881379721
13.8 3.62884552683 0.00237693488059
13.9 3.87760117824 0.00313122294569
14 4.14290578477 0.00423046401344
14.1 4.42556348397 0.00587543132589
14.2 4.72621532935 0.00840058902926
14.3 5.04514324639 0.0123887445758
14.4 5.38191188901 0.0188800392771
14.5 5.73467142428 0.0297803977041
14.6 6.09874923389 0.0486910719397
14.7 6.46383335209 0.0825758874456
14.8 6.8082858205 0.145132745991
14.9 7.08809689881 0.26329805752
15 7.21801458967 0.488014131044
15.1 7.05080682225 0.904192351359
15.2 6.39674006458 1.61029663113
15.3 5.17387048197 2.60974161779
15.4 3.6336523989 3.67039447604
15.5 2.25089310011 4.44389910431
15.6 1.29463105233 4.78304482401
15.7 0.729520531305 4.77593906473
15.8 0.417601739079 4.56937253202
15.9 0.247460845552 4.27072232039
16 0.152988504992 3.94069259659
16.1 0.098865275803 3.60999802787
16.2 0.0667147145905 3.29317527977
16.3 0.0469004922625 2.99653419109
16.4 0.0342505639367 2.7222765159
16.5 0.0259049675557 2.47056893871
16.6 0.0202319831958 2.24058668963
16.7 0.0162710870215 2.03104690393
16.8 0.0134391014806 1.84048509763
16.9 0.0113721673598 1.66739820915
17 0.00983712453657 1.51031945744
17.1 0.008680940742 1.36785564126
17.2 0.00780044109874 1.23870482529
17.3 0.00712512138001 1.12166154696
17.4 0.00660568949483 1.01561718492
17.5 0.00620711732029 0.919556521907
17.6 0.00590415400473 0.832552561235
17.7 0.00567847818256 0.753760623899
17.8 0.00551623029515 0.682412367034
17.9 0.00540736534024 0.617809364572
18 0.00534428548198 0.559317480618
18.1 0.00532126857723 0.506361218594
18.2 0.00533407757064 0.458418643501
18.3 0.00537955107062 0.415016543257
18.4 0.00545536929943 0.375725930876
18.5 0.00555991146521 0.340158138287
18.6 0.00569210326894 0.307961098237
18.7 0.00585127408112 0.278815524163
18.8 0.00603713208003 0.252432440629
18.9 0.00624982335281 0.228550545637
19 0.0064896442077 0.206932738658
19.1 0.0067571997892 0.187364509825
19.2 0.00705328584735 0.16965150636
19.3 0.00737891569497 0.153617810044
19.4 0.00773530115756 0.139104152668
19.5 0.00812385021162 0.125966443009
19.6 0.00854615356652 0.114074161657
19.7 0.00900398899597 0.103309157214
19.8 0.00949932044437 0.0935644728244
19.9 0.0100343030897 0.0847433239078
20 0.0106112863628 0.0767580468812
