"Time" "Prey" "Predator"
0 1.61223440973e-05 1.52468656955
0.1 1.42027380557e-05 1.3795966397
0.2 1.27441526279e-05 1.24831327923
0.3 1.16273442532e-05 1.12952240954
0.4 1.07692309858e-05 1.02203506666
0.5 1.01112915528e-05 0.924775736866
0.6 9.61161969764e-06 0.836772390077
0.7 9.23925331715e-06 0.757143543099
0.8 8.97149552555e-06 0.68509219977
0.9 8.79139326104e-06 0.619896371952
1 8.68665312714e-06 0.560905534057
1.1 8.64851950249e-06 0.50753101971
1.2 8.66882220682e-06 0.459235036997
1.3 8.74151980827e-06 0.415532311097
1.4 8.86427295067e-06 0.375989501636
1.5 9.03406359906e-06 0.34021003441
1.6 9.24886764334e-06 0.307835128736
1.7 9.50776371178e-06 0.278540974992
1.8 9.81030761414e-06 0.252034531214
1.9 1.01565817461e-05 0.22805058064
2 1.05471221675e-05 0.206348934203
2.1 1.09828804228e-05 0.186712460032
2.2 1.14651781667e-05 0.168944727342
2.3 1.19956659263e-05 0.152867777651
2.4 1.25763253022e-05 0.138320736748
2.5 1.32094493116e-05 0.125157984443
2.6 1.38976377786e-05 0.113247839908
2.7 1.46437912822e-05 0.102471061201
2.8 1.54511189719e-05 0.0927198492066
2.9 1.63231378067e-05 0.0838965479066
3 1.72636878787e-05 0.0759129099833
3.1 1.82769370506e-05 0.0686889817199
3.2 1.93674009018e-05 0.0621525174126
3.3 2.05399527649e-05 0.0562380504571
3.4 2.17998486244e-05 0.0508864479699
3.5 2.31527403395e-05 0.0460440944426
3.6 2.46047010575e-05 0.0416624210357
3.7 2.61622565076e-05 0.0376976218614
3.8 2.78324120172e-05 0.0341102649204
3.9 2.9622668829e-05 0.0308643089988
4 3.15410683753e-05 0.0279272722808
4.1 3.35962245929e-05 0.0252697664642
4.2 3.57973594236e-05 0.0228651318376
4.3 3.81543448376e-05 0.020689310073
4.4 4.06777481566e-05 0.0187205092136
4.5 4.33788760943e-05 0.0169390716699
4.6 4.62698253038e-05 0.0153271854314
4.7 4.93635349143e-05 0.0138686918849
4.8 5.26738428549e-05 0.0125489812224
4.9 5.6215552579e-05 0.011354844727
5 6.0004491798e-05 0.0102743414572
5.1 6.40575903082e-05 0.00929664314564
5.2 6.83929490159e-05 0.0084119674533
5.3 7.30299144074e-05 0.00761151293374
5.4 7.79891922757e-05 0.00688725752045
5.5 8.32929031358e-05 0.00623193219616
5.6 8.89646765846e-05 0.00563895181429
5.7 9.50298320332e-05 0.00510241237147
5.8 0.000101515392454 0.00461692831677
5.9 0.000108450232444 0.00417760903011
6 0.00011586529581 0.0037801045088
6.1 0.000123793588144 0.00342042566867
6.2 0.000132270403993 0.00309496353897
6.3 0.000141333540609 0.00280048799515
6.4 0.000151023306023 0.00253402885367
6.5 0.000161382844488 0.00229291805581
6.6 0.00017245831092 0.00207476004609
6.7 0.000184298939622 0.00187735377986
6.8 0.000196957517034 0.00169874164373
6.9 0.000210490421846 0.00153714526167
7 0.00022495774222 0.00139091993376
7.1 0.000240423728051 0.0012585759222
7.2 0.000256957451122 0.00113883229274
7.3 0.000274632415228 0.00103048779704
7.4 0.000293527017929 0.000932437889666
7.5 0.000313725487829 0.000843715933797
7.6 0.000335317807319 0.000763446934208
7.7 0.000358399832222 0.000690817993473
7.8 0.000383074052726 0.000625092015405
7.9 0.000409450613611 0.000565629314224
8 0.000437646739498 0.000511830129716
8.1 0.000467787455157 0.000463140704177
8.2 0.000500007088553 0.00041908094941
8.3 0.000534449142737 0.00037921742429
8.4 0.000571266482587 0.000343146799011
8.5 0.000610623337335 0.000310497514503
8.6 0.000652693093066 0.000280969859011
8.7 0.000697664809933 0.000254250209046
8.8 0.000745737416411 0.000230069889096
8.9 0.000797126990145 0.000208194384355
9 0.00085206343123 0.000188405911594
9.1 0.000910789774372 0.000170499815518
9.2 0.000973563140393 0.000154289553793
9.3 0.00104066169033 0.000139608361788
9.4 0.00111239519605 0.000126311783071
9.5 0.00118908107489 0.000114271932356
9.6 0.00127105330428 0.000103379629552
9.7 0.00135866438071 9.35429184906e-05
9.8 0.00145231897415 8.4648208068e-05
9.9 0.00155244232083 7.65967673048e-05
10 0.00165947348804 6.93125021753e-05
10.1 0.00177387451151 6.27314051244e-05
10.2 0.00189614872756 5.67909446344e-05
10.3 0.00202686902027 5.14137161046e-05
10.4 0.00216661417515 4.65442795877e-05
10.5 0.00231599248154 4.21354990249e-05
10.6 0.00247564579076 3.81472017557e-05
10.7 0.00264631177181 3.45347857965e-05
10.8 0.00282876570681 3.12598712086e-05
10.9 0.00302380771415 2.82926382558e-05
11 0.00323227975667 2.56087149127e-05
11.1 0.00345509885762 2.31841755997e-05
11.2 0.00369330894831 2.09877345552e-05
11.3 0.00394796468029 1.89982400605e-05
11.4 0.0042201743939 1.71982047312e-05
11.5 0.00451110737632 1.55730781257e-05
11.6 0.00482210749088 1.4103453082e-05
11.7 0.00515458817643 1.27722675555e-05
11.8 0.00551000758526 1.15665098693e-05
11.9 0.00588990015799 1.0475053043e-05
12 0.00629593567371 9.48749120298e-06
12.1 0.00673001689377 8.59221550082e-06
12.2 0.00719406629811 7.78061649703e-06
12.3 0.00769010389208 7.04555096892e-06
12.4 0.00822026022406 6.38112531366e-06
12.5 0.00878698242715 5.7797275279e-06
12.6 0.00939284769228 5.23471411863e-06
12.7 0.0100405134822 4.7411272681e-06
12.8 0.0107327763574 4.29484744839e-06
12.9 0.0114726768432 3.89184038486e-06
13 0.0122636828598 3.52683986766e-06
13.1 0.0131092987702 3.19615513088e-06
13.2 0.01401320605 2.89666071626e-06
13.3 0.0149792866945 2.62569215827e-06
13.4 0.0160119968408 2.38023993785e-06
13.5 0.0171160356705 2.15766378617e-06
13.6 0.0182962463772 1.95590633435e-06
13.7 0.0195577257801 1.77325663649e-06
13.8 0.0209060104911 1.60808390346e-06
13.9 0.0223474209251 1.45834548222e-06
14 0.0238883450017 1.32261134192e-06
14.1 0.0255354922463 1.19970064563e-06
14.2 0.0272959315727 1.088637998e-06
14.3 0.0291776592197 9.8818655534e-07
14.4 0.031189204864 8.9717183266e-07
14.5 0.0333394372994 8.14641451616e-07
14.6 0.0356378296179 7.39751048911e-07
14.7 0.0380948299188 6.7180053003e-07
14.8 0.040721313002 6.10180447212e-07
14.9 0.0435287276244 5.54385806394e-07
15 0.0465296472623 5.0387132393e-07
15.1 0.0497376397539 4.58088019547e-07
15.2 0.0531668034596 4.16613421939e-07
15.3 0.0568321214095 3.79073398618e-07
15.4 0.0607502912185 3.45056261028e-07
15.5 0.0649387540274 3.14213267577e-07
15.6 0.0694158228442 2.86245340589e-07
15.7 0.0742012802189 2.60881783142e-07
15.8 0.0793167797231 2.37871493726e-07
15.9 0.0847849157109 2.17003322119e-07
16 0.0906299915653 1.98080717565e-07
16.1 0.0968782314609 1.80912945121e-07
16.2 0.103557130283 1.65342277976e-07
16.3 0.110696388628 1.51220142931e-07
16.4 0.118328052764 1.38404375908e-07
16.5 0.126485697422 1.26775189058e-07
16.6 0.135205667149 1.16221220252e-07
16.7 0.144527053458 1.06639719963e-07
16.8 0.154490854199 9.79434402469e-08
16.9 0.165141533516 9.00496851972e-08
17 0.176526775193 8.28819532005e-08
17.1 0.188696631454 7.63756518009e-08
17.2 0.201705299629 7.04697485674e-08
17.3 0.215610897892 6.5107693279e-08
17.4 0.230475011415 6.02401137219e-08
17.5 0.246364121325 5.58215480316e-08
17.6 0.263348442797 5.18124126265e-08
17.7 0.281503744363 4.81757919692e-08
17.8 0.30091077705 4.48784560663e-08
17.9 0.321655451961 4.18910980479e-08
18 0.34383060406 3.91863209562e-08
18.1 0.367534065068 3.6740589684e-08
18.2 0.392872129302 3.45318036925e-08
18.3 0.419956921153 3.25409772934e-08
18.4 0.448908418651 3.0751192153e-08
18.5 0.479855879807 2.91470725182e-08
18.6 0.51293671857 2.77151630924e-08
18.7 0.548297910701 2.64439999587e-08
18.8 0.586096783655 2.53237405263e-08
18.9 0.626501728265 2.43456646429e-08
19 0.669692352244 2.35033421685e-08
19.1 0.715860553017 2.27917682797e-08
19.2 0.765211445084 2.22074396594e-08
19.3 0.817964687567 2.17489162353e-08
19.4 0.874354633849 2.14163509553e-08
19.5 0.934631968904 2.12121872302e-08
19.6 0.999064933632 2.11415254671e-08
19.7 1.06793972513 2.12118385361e-08
19.8 1.14156273134 2.14346702816e-08
19.9 1.22026139735 2.18256574549e-08
20 1.3043852481 2.24050430266e-08
