"Time" "Prey" "Predator"
0 1.28553083639 1.09192126622
0.1 1.18577857062 1.11792405018
0.2 1.09074177778 1.13343644281
0.3 1.00194411069 1.13863572097
0.4 0.920341372455 1.13414710016
0.5 0.846392808547 1.12092293039
0.6 0.780164770496 1.10011608483
0.7 0.721431337942 1.07297400628
0.8 0.669771485056 1.04074832341
0.9 0.624661032221 1.00461955262
1 0.585518045031 0.965673965318
1.1 0.551759338847 0.92486498028
1.2 0.522824623779 0.88301226448
1.3 0.498194889635 0.840802071521
1.4 0.477400702405 0.798796408417
1.5 0.460025876528 0.757444764368
1.6 0.445705902112 0.717098447937
1.7 0.434125315009 0.678024220266
1.8 0.425013589895 0.64041748898
1.9 0.418140564086 0.604414415689
2 0.413311926931 0.570102565568
2.1 0.410364933047 0.53753013662
2.2 0.409164503338 0.506713822955
2.3 0.409599418213 0.477646537991
2.4 0.411579644384 0.45030128939
2.5 0.415033354435 0.424637121355
2.6 0.419904673424 0.400602617415
2.7 0.426151890627 0.378138653817
2.8 0.433745437821 0.357181638552
2.9 0.442666785575 0.337664817297
3 0.45290698927 0.319520405876
3.1 0.46446571069 0.302680722117
3.2 0.477350429263 0.287079009813
3.3 0.491575291192 0.272650919953
3.4 0.507160944125 0.259334112576
3.5 0.524133464751 0.247069615223
3.6 0.542524137327 0.235801588093
3.7 0.562368658768 0.225478090049
3.8 0.58370682828 0.216050881151
3.9 0.606581885902 0.207475929
4 0.631040064733 0.199713319631
4.1 0.657129964168 0.192727567396
4.2 0.684901919209 0.186487643028
4.3 0.714407105012 0.180967224858
4.4 0.745696828159 0.176144835017
4.5 0.778822242702 0.172003966891
4.6 0.813832023298 0.168533588838
4.7 0.850770569982 0.165728552432
4.8 0.889679109674 0.163589364423
4.9 0.930591995003 0.162123187414
5 0.973531956362 0.161345230765
5.1 1.01851099274 0.161278409212
5.2 1.06552447022 0.161955103802
5.3 1.11455004178 0.163417420302
5.4 1.16553933521 0.165719720522
5.5 1.21841409932 0.16892975015
5.6 1.27306112365 0.173130049859
5.7 1.3293190932 0.178421747533
5.8 1.38697382806 0.184925867493
5.9 1.44574622522 0.19278664897
6 1.50528047032 0.202174515871
6.1 1.56512924342 0.21328977032
6.2 1.62473992852 0.226365101681
6.3 1.68343855333 0.241668815563
6.4 1.7404154043 0.259504969559
6.5 1.79470983031 0.280214968991
6.6 1.84520389917 0.304170273615
6.7 1.89061899178 0.331763995212
6.8 1.92952679521 0.363394630463
6.9 1.96037804201 0.399437645302
7 1.98155651583 0.440204696764
7.1 1.99145522158 0.485893488277
7.2 1.98859099682 0.536519519659
7.3 1.97174560604 0.591842399636
7.4 1.94012403543 0.651293080505
7.5 1.89351122332 0.713917370955
7.6 1.83239843972 0.778353346759
7.7 1.75804171138 0.842865416278
7.8 1.67243318559 0.905435514125
7.9 1.57816790866 0.963918765294
8 1.4782240287 1.01623620455
8.1 1.37569233027 1.06057361103
8.2 1.27350584211 1.09554774811
8.3 1.17421743971 1.12031050572
8.4 1.07985672096 1.13457766987
8.5 0.991874678993 1.13858768213
8.6 0.911164523613 1.13300939399
8.7 0.838135257616 1.11882347922
8.8 0.772812111872 1.09720034317
8.9 0.714942104455 1.06939106197
9 0.664090012614 1.03664048845
9.1 0.619717542849 1.00012462108
9.2 0.581243454034 0.960910959376
9.3 0.548085384051 0.919938374376
9.4 0.519687424179 0.878010159234
9.5 0.495536128962 0.835797326851
9.6 0.475168477316 0.793847787937
9.7 0.458174114558 0.752598918787
9.8 0.444194768173 0.712391133178
9.9 0.43292043983 0.673482110043
10 0.424085621194 0.636059625258
10.1 0.417464665641 0.600253508333
10.2 0.412867225624 0.566146213421
10.3 0.410134003523 0.533781923134
10.4 0.409132879862 0.503174281307
10.5 0.409755470877 0.474312963415
10.6 0.411913795214 0.447169926535
10.7 0.415538120321 0.421702472208
10.8 0.420574427998 0.39785768217
10.9 0.426982466937 0.375576107854
11 0.434734138124 0.354793529717
11.1 0.443812070497 0.335443114956
11.2 0.454208381069 0.317457064339
11.3 0.465923709644 0.300767703622
11.4 0.478966287005 0.285308682493
11.5 0.493351204332 0.271015596116
11.6 0.509099688303 0.257826669152
11.7 0.526238471892 0.245683277061
11.8 0.544799378671 0.23453003283
11.9 0.564818698841 0.224315246684
12 0.586336561018 0.214991384552
12.1 0.609396709958 0.206514723725
12.2 0.634045587606 0.198846016815
12.3 0.660332099668 0.191950205976
12.4 0.688306710161 0.185796845231
12.5 0.718020819753 0.180360170844
12.6 0.749525961394 0.175619217004
12.7 0.782872545705 0.171558238157
12.8 0.818109084014 0.16816675205
12.9 0.855280277779 0.165440152428
13 0.894425819521 0.163379949126
13.1 0.935578031876 0.161994448478
13.2 0.97875951066 0.161299424233
13.3 1.02398063892 0.16131880336
13.4 1.07123528704 0.162085951606
13.5 1.12049758683 0.163644601095
13.6 1.17171619471 0.166050528231
13.7 1.2248093707 0.169373013353
13.8 1.27965704065 0.173697122647
13.9 1.33609357396 0.179125825953
14 1.3938976909 0.185782732134
14.1 1.45278179284 0.193815053483
14.2 1.51237980464 0.203396632509
14.3 1.57223267075 0.214731378731
14.4 1.6317743211 0.228056296294
14.5 1.6903156538 0.243643401545
14.6 1.74702821974 0.261802701801
14.7 1.80093455887 0.282877967778
14.8 1.85089667741 0.307244290941
14.9 1.89561826737 0.335296423674
15 1.93365258684 0.367432873853
15.1 1.96344143113 0.404022320495
15.2 1.98336396624 0.445366759984
15.3 1.99182090709 0.49164623011
15.4 1.98735276698 0.542849328965
15.5 1.96878327641 0.598700429068
15.6 1.93537696887 0.658588102788
15.7 1.88700195744 0.72150621306
15.8 1.82423545173 0.786048971737
15.9 1.74842519265 0.850439926214
16 1.66164410427 0.912637007029
16.1 1.56654520639 0.97049308121
16.2 1.46613439199 1.02195054694
16.3 1.36349666102 1.06523925428
16.4 1.2615294992 1.09903560801
16.5 1.16272916385 1.12255834314
16.6 1.06905839136 1.13558793005
16.7 0.981900269687 1.13841895189
16.8 0.902086410566 1.13176347941
16.9 0.829975023185 1.11663092934
17 0.765552998546 1.09420672354
17.1 0.70854096879 1.06574544937
17.2 0.658487649411 1.03248669816
17.3 0.614846711961 0.995595483815
17.4 0.577034549583 0.956125165635
17.5 0.544470783616 0.914998364231
17.6 0.516603810843 0.873002491891
17.7 0.492925908025 0.830793503649
17.8 0.472979851944 0.788905764004
17.9 0.456361891778 0.747764027684
18 0.442719524886 0.707698217387
18.1 0.431748222 0.66895708217
18.2 0.423187537424 0.631720790595
18.3 0.416816295821 0.596112986178
18.4 0.41244804258 0.562211118974
18.5 0.409926957556 0.530055318387
18.6 0.409123968714 0.499656123934
18.7 0.409933055802 0.471000899211
18.8 0.412268795498 0.444059176161
18.9 0.416063361563 0.418787094412
19 0.421264450275 0.3951311079
19.1 0.42783331723 0.373030961587
19.2 0.435743221641 0.352421971767
19.3 0.444977944517 0.333237175464
19.4 0.455530710593 0.315408615878
19.5 0.467403078149 0.298868830928
19.6 0.480604156419 0.283551591846
19.7 0.495149776495 0.269392814737
19.8 0.511061820255 0.256331131722
19.9 0.528367714053 0.244308167812
20 0.547099867839 0.233268906826
