"Time" "Prey" "Predator"
0 39.6331468435 1.00326616258
0.1 14.5999518393 20.5387497845
0.2 0.42081544594 28.6801291876
0.3 0.0114679372257 26.2407121565
0.4 0.000438644737286 23.7514151056
0.5 2.30264666433e-05 21.4914655491
0.6 1.60270894061e-06 19.4462980158
0.7 1.41450685214e-07 17.5957397945
0.8 9.54161920827e-09 15.921285442
0.9 -1.98634046522e-08 14.4061708182
1 -2.85866322742e-08 13.0352386672
1.1 -2.91648544124e-08 11.7947698382
1.2 -2.91648544124e-08 10.6723474593
1.3 -2.91648544124e-08 9.65673523095
1.4 -2.91648544124e-08 8.73777747373
1.5 -2.91648544124e-08 7.90627655593
1.6 -2.91648544124e-08 7.15389189326
1.7 -2.91648544124e-08 6.47310995062
1.8 -2.91648544124e-08 5.85711264461
1.9 -2.91648544124e-08 5.29973483488
2 -2.91648544124e-08 4.7953985284
2.1 -2.91648544124e-08 4.33905634972
2.2 -2.91648544124e-08 3.92614073719
2.3 -2.91648544124e-08 3.55251936993
2.4 -2.91648544124e-08 3.21445276322
2.5 -2.91648544124e-08 2.90855613981
2.6 -2.91648544124e-08 2.63177002433
2.7 -2.91648544124e-08 2.38132368483
2.8 -2.91648544124e-08 2.15471086099
2.9 -2.91648544124e-08 1.94966301907
3 -2.91648544124e-08 1.7641279296
3.1 -2.91648544124e-08 1.59624894318
3.2 -2.91648544124e-08 1.44434576419
3.3 -2.91648544124e-08 1.30689805858
3.4 -2.91648544124e-08 1.18253019789
3.5 -2.91648544124e-08 1.06999712524
3.6 -2.91648544124e-08 0.968172996495
3.7 -2.91648544124e-08 0.876039061963
3.8 -2.91648544124e-08 0.79267263498
3.9 -2.91648544124e-08 0.717239920917
4 -2.91648544124e-08 0.648985368798
4.1 -2.91648544124e-08 0.587226198242
4.2 -2.91648544124e-08 0.531344141727
4.3 -2.91648544124e-08 0.480779880539
4.4 -2.91648544124e-08 0.435027665884
4.5 -2.91648544124e-08 0.39362921501
4.6 -2.91648544124e-08 0.35617046764
4.7 -2.91648544124e-08 0.322276288418
4.8 -2.91648544124e-08 0.291607592937
4.9 -2.91648544124e-08 0.263857438577
5 -2.91648544124e-08 0.238747998617
5.1 -2.91648544124e-08 0.216028144476
5.2 -2.91648544124e-08 0.195470297974
5.3 -2.91648544124e-08 0.176868841172
5.4 -2.91648544124e-08 0.160037511903
5.5 -2.91648544124e-08 0.144807892967
5.6 -2.91648544124e-08 0.131027599792
5.7 -2.91648544124e-08 0.118558636349
5.8 -2.91648544124e-08 0.107276294057
5.9 -2.91648544124e-08 0.0970675524836
6 -2.91648544124e-08 0.0878303282864
6.1 -2.91648544124e-08 0.0794721651831
6.2 -2.91648544124e-08 0.0719093612128
6.3 -2.91648544124e-08 0.0650662939813
6.4 -2.91648544124e-08 0.0588744002566
6.5 -2.91648544124e-08 0.0532717527792
6.6 -2.91648544124e-08 0.0482022715453
6.7 -2.91648544124e-08 0.0436151959728
6.8 -2.91648544124e-08 0.0394646683016
6.9 -2.91648544124e-08 0.0357091005662
7 -2.91648544124e-08 0.0323109283117
7.1 -2.91648544124e-08 0.0292361360243
7.2 -2.91648544124e-08 0.0264539364659
7.3 -2.91648544124e-08 0.0239365146711
7.4 -2.91648544124e-08 0.0216586468042
7.5 -2.91648544124e-08 0.0195975516217
7.6 -2.91648544124e-08 0.0177325985645
7.7 -2.91648544124e-08 0.0160451124484
7.8 -2.91648544124e-08 0.0145182203606
7.9 -2.91648544124e-08 0.0131366240962
8 -2.91648544124e-08 0.0118865034074
8.1 -2.91648544124e-08 0.0107553561259
8.2 -2.91648544124e-08 0.00973184478078
8.3 -2.91648544124e-08 0.00880573513866
8.4 -2.91648544124e-08 0.00796773937793
8.5 -2.91648544124e-08 0.00720948895325
8.6 -2.91648544124e-08 0.00652342429653
8.7 -2.91648544124e-08 0.00590266373701
8.8 -2.91648544124e-08 0.00534097811104
8.9 -2.91648544124e-08 0.00483273219871
9 -2.91648544124e-08 0.00437287079984
9.1 -2.91648544124e-08 0.00395676079459
9.2 -2.91648544124e-08 0.0035802196658
9.3 -2.91648544124e-08 0.00323952351631
9.4 -2.91648544124e-08 0.00293124435872
9.5 -2.91648544124e-08 0.00265229322119
9.6 -2.91648544124e-08 0.00239990335108
9.7 -2.91648544124e-08 0.00217152647543
9.8 -2.91648544124e-08 0.0019648754429
9.9 -2.91648544124e-08 0.0017778998862
10 -2.91648544124e-08 0.00160871102147
10.1 -2.91648544124e-08 0.00145562602131
10.2 -2.91648544124e-08 0.00131712682195
10.3 -2.91648544124e-08 0.00119180637155
10.4 -2.91648544124e-08 0.0010783825308
10.5 -2.91648544124e-08 0.000975756345112
10.6 -2.91648544124e-08 0.000882901865283
10.7 -2.91648544124e-08 0.000798873490552
10.8 -2.91648544124e-08 0.000722837579743
10.9 -2.91648544124e-08 0.000654047069994
11 -2.91648544124e-08 0.000591806161928
11.1 -2.91648544124e-08 0.000535480693905
11.2 -2.91648544124e-08 0.000484522193328
11.3 -2.91648544124e-08 0.000438418498236
11.4 -2.91648544124e-08 0.000396695722181
11.5 -2.91648544124e-08 0.000358939184626
11.6 -2.91648544124e-08 0.000324779225321
11.7 -2.91648544124e-08 0.000293870746415
11.8 -2.91648544124e-08 0.000265893277704
11.9 -2.91648544124e-08 0.000240592794876
12 -2.91648544124e-08 0.000217698449794
12.1 -2.91648544124e-08 0.000196980524364
12.2 -2.91648544124e-08 0.000178236745557
12.3 -2.91648544124e-08 0.000161282070146
12.4 -2.91648544124e-08 0.000145941273881
12.5 -2.91648544124e-08 0.000132054463196
12.6 -2.91648544124e-08 0.000119478141642
12.7 -2.91648544124e-08 0.000108088216166
12.8 -2.91648544124e-08 9.77746820783e-05
12.9 -2.91648544124e-08 8.84432675303e-05
13 -2.91648544124e-08 8.00152154795e-05
13.1 -2.91648544124e-08 7.23969309429e-05
13.2 -2.91648544124e-08 6.55011322226e-05
13.3 -2.91648544124e-08 5.9262195397e-05
13.4 -2.91648544124e-08 5.36247420482e-05
13.5 -2.91648544124e-08 4.85371252296e-05
13.6 -2.91648544124e-08 4.39330663667e-05
13.7 -2.91648544124e-08 3.97641207954e-05
13.8 -2.91648544124e-08 3.59896328878e-05
13.9 -2.91648544124e-08 3.25062608105e-05
14 -2.91648544124e-08 2.94591497839e-05
14.1 -2.91648544124e-08 2.66747844823e-05
14.2 -2.91648544124e-08 2.41405657973e-05
14.3 -2.91648544124e-08 2.18438946204e-05
14.4 -2.91648544124e-08 1.97694570282e-05
14.5 -2.91648544124e-08 1.78934118542e-05
14.6 -2.91648544124e-08 1.61981691332e-05
14.7 -2.91648544124e-08 1.46668254124e-05
14.8 -2.91648544124e-08 1.32824772389e-05
14.9 -2.91648544124e-08 1.20283437107e-05
15 -2.91648544124e-08 1.08950308289e-05
15.1 -2.91648544124e-08 9.87278329838e-06
15.2 -2.91648544124e-08 8.94848550805e-06
15.3 -2.91648544124e-08 8.10902184665e-06
15.4 -2.91648544124e-08 7.34127670294e-06
15.5 -2.91648544124e-08 6.63627723945e-06
15.6 -2.91648544124e-08 5.99806308433e-06
15.7 -2.91648544124e-08 5.4211346111e-06
15.8 -2.91648544124e-08 4.89894458422e-06
15.9 -2.91648544124e-08 4.42494576814e-06
16 -2.91648544124e-08 3.89602263669e-06
16.1 -2.91648544124e-08 3.54912024435e-06
16.2 -2.91648544124e-08 3.22503468549e-06
16.3 -2.91648544124e-08 2.92376596011e-06
16.4 -2.91648544124e-08 2.6453140682e-06
16.5 -2.91648544124e-08 2.38967900976e-06
16.6 -2.91648544124e-08 2.15613986521e-06
16.7 -2.91648544124e-08 1.94223120813e-06
16.8 -2.91648544124e-08 1.74774766455e-06
16.9 -2.91648544124e-08 1.57268923448e-06
17 -2.91648544124e-08 1.4170559179e-06
17.1 -2.91648544124e-08 1.28084771482e-06
17.2 -2.91648544124e-08 1.1603128133e-06
17.3 -2.91648544124e-08 1.05002463878e-06
17.4 -2.91648544124e-08 9.49938905096e-07
17.5 -2.91648544124e-08 8.60055612245e-07
17.6 -2.91648544124e-08 7.80374760229e-07
17.7 -2.91648544124e-08 7.10833688959e-07
17.8 -2.91648544124e-08 6.48021206097e-07
17.9 -2.91648544124e-08 5.8998707537e-07
18 -2.91648544124e-08 5.36731296778e-07
18.1 -2.91648544124e-08 4.8825387032e-07
18.2 -2.91648544124e-08 4.44554795996e-07
18.3 -2.91648544124e-08 4.05465035854e-07
18.4 -2.91648544124e-08 3.69435688905e-07
18.5 -2.91648544124e-08 3.36092704824e-07
18.6 -2.91648544124e-08 3.05436083611e-07
18.7 -2.91648544124e-08 2.77465825268e-07
18.8 -2.91648544124e-08 2.52181929793e-07
18.9 -2.91648544124e-08 2.29372255368e-07
19 -2.91648544124e-08 2.08311311872e-07
19.1 -2.91648544124e-08 1.88938664812e-07
19.2 -2.91648544124e-08 1.71254314189e-07
19.3 -2.91648544124e-08 1.55258260004e-07
19.4 -2.91648544124e-08 1.40950502255e-07
19.5 -2.91648544124e-08 1.28052888984e-07
19.6 -2.91648544124e-08 1.16163104623e-07
19.7 -2.91648544124e-08 1.05277865884e-07
19.8 -2.91648544124e-08 9.53971727652e-08
19.9 -2.91648544124e-08 8.65210252681e-08
20 -2.91648544124e-08 7.8644316333e-08
