"Time" "Prey" "Predator"
0 0.00130022236631 5.3664150701
0.1 0.000703615502443 4.85620039755
0.2 0.00040628091265 4.39430921408
0.3 0.000248960060514 3.97626542277
0.4 0.000160749868158 3.5979484839
0.5 0.000108700308209 3.25560095712
0.6 7.6814433253e-05 2.94581537856
0.7 5.65176217725e-05 2.6655012943
0.8 4.30673022584e-05 2.41185698664
0.9 3.39190014905e-05 2.18234606876
1 2.75587119554e-05 1.97467479276
1.1 2.30172640728e-05 1.78676519294
1.2 1.95945215562e-05 1.6167356917
1.3 1.7050725333e-05 1.46288568138
1.4 1.51420093799e-05 1.32367591438
1.5 1.36879818953e-05 1.19771335034
1.6 1.25656338804e-05 1.0837373859
1.7 1.17064791035e-05 0.980607540164
1.8 1.10505523033e-05 0.887291734298
1.9 1.05561495683e-05 0.802855847925
2 1.01917911635e-05 0.726454885628
2.1 9.93546672844e-06 0.657324463674
2.2 9.77071533909e-06 0.59477243784
2.3 9.68537087128e-06 0.538173065152
2.4 9.66979057955e-06 0.486959700006
2.5 9.71716573854e-06 0.440619882231
2.6 9.82234378798e-06 0.39868987915
2.7 9.98158032155e-06 0.360749917804
2.8 1.01923345603e-05 0.326420436088
2.9 1.04529260095e-05 0.295357636572
3 1.07623788196e-05 0.267250554714
3.1 1.11207112088e-05 0.24181847991
3.2 1.15280994717e-05 0.218806592448
3.3 1.19854134071e-05 0.19798466116
3.4 1.24938397004e-05 0.179144163684
3.5 1.30550095108e-05 0.16209655229
3.6 1.3670919398e-05 0.146671178531
3.7 1.43439378424e-05 0.132713754319
3.8 1.5076765386e-05 0.120084555679
3.9 1.58724484768e-05 0.108657171232
4 1.67343696942e-05 0.0983172157608
4.1 1.76662583948e-05 0.0889612331198
4.2 1.86721910734e-05 0.0804955288859
4.3 1.97566139403e-05 0.0728354569315
4.4 2.092434699e-05 0.0659043845537
4.5 2.21805971919e-05 0.0596328702818
4.6 2.35309884508e-05 0.0539581894604
4.7 2.49815742348e-05 0.0488234945408
4.8 2.65388669785e-05 0.0441774249918
4.9 2.82098629203e-05 0.0399734926591
5 3.00020705531e-05 0.0361695946103
5.1 3.19235438791e-05 0.0327277095253
5.2 3.39829154562e-05 0.0296133536829
5.3 3.61894336402e-05 0.0267953642984
5.4 3.85530037102e-05 0.0242455381923
5.5 4.10842311068e-05 0.0219383429851
5.6 4.37944664483e-05 0.0198507185241
5.7 4.66958578853e-05 0.0179617492355
5.8 4.98014017591e-05 0.0162525386411
5.9 5.31250020644e-05 0.01470598301
6 5.66815319859e-05 0.0133065924577
6.1 6.04868970215e-05 0.0120403745898
6.2 6.45581105271e-05 0.010894644893
6.3 6.89133626624e-05 0.00985794110258
6.4 7.35721103537e-05 0.0089199014665
6.5 7.85551520724e-05 0.00807111956195
6.6 8.38847287727e-05 0.00730310918171
6.7 8.95846276767e-05 0.00660816797352
6.8 9.56802699955e-05 0.00597935260421
6.9 0.000102198826518 0.00541039909147
7 0.000109169386911 0.0048956042849
7.1 0.000116623007939 0.00442980484008
7.2 0.000124592860422 0.00400831540922
7.3 0.000133114510095 0.0036269480496
7.4 0.000142225903383 0.00328187609274
7.5 0.00015196755235 0.00296960616641
7.6 0.000162382914286 0.00268705315533
7.7 0.000173518353854 0.00243139388836
7.8 0.000185423361459 0.00220004714805
7.9 0.000198151021493 0.00199072357704
8 0.000211757976175 0.00180132808143
8.1 0.000226304678455 0.0016299410221
8.2 0.000241855969511 0.00147486685669
8.3 0.000258481045392 0.00133455489306
8.4 0.000276253757672 0.0012075841858
8.5 0.000295253374158 0.001092704125
8.6 0.000315564437009 0.00098876673841
8.7 0.000337277060323 0.000894710276531
8.8 0.000360487778039 0.000809586522571
8.9 0.000385300175222 0.000732569242315
9 0.000411824476254 0.000662882587044
9.1 0.000440178323293 0.000599816240705
9.2 0.000470488217453 0.000542753411236
9.3 0.000502889039893 0.000491126932811
9.4 0.000537524541271 0.000444411603135
9.5 0.000574548691133 0.00040213715486
9.6 0.000614126663675 0.000363891186166
9.7 0.000656434238552 0.000329286356424
9.8 0.000701659018213 0.000297966985283
9.9 0.000750002743582 0.000269627528184
10 0.000801680515567 0.000243986847854
10.1 0.000856921574697 0.000220784738606
10.2 0.000915972274996 0.000199785200262
10.3 0.000979093648264 0.000180791660338
10.4 0.00104656826588 0.000163604395518
10.5 0.00111869507272 0.000148050104245
10.6 0.0011957989236 0.000133979323807
10.7 0.0012782237825 0.000121250248501
10.8 0.00136633366115 0.000109730963062
10.9 0.00146051344275 9.93014024154e-05
11 0.00156118547893 8.98551792335e-05
11.1 0.00166881165647 8.12998115038e-05
11.2 0.00178386625595 7.35537339078e-05
11.3 0.00190684888159 6.65477215676e-05
11.4 0.00203829087452 6.022163888e-05
11.5 0.00217880571851 5.44986737665e-05
11.6 0.00232902427357 4.93184441391e-05
11.7 0.00248960348248 4.4632547397e-05
11.8 0.00266123432248 4.04004957865e-05
11.9 0.00284468550924 3.65785509426e-05
12 0.00304080970977 3.31181366106e-05
12.1 0.00325047101689 2.99843674268e-05
12.2 0.00347457935267 2.71472595541e-05
12.3 0.00371410222149 2.45807577121e-05
12.4 0.00397015816773 2.22551778767e-05
12.5 0.00424389722906 2.01468742266e-05
12.6 0.00453651657267 1.8236974746e-05
12.7 0.00484927537447 1.65101780434e-05
12.8 0.00518357393887 1.49494784751e-05
12.9 0.00554096627557 1.35353276556e-05
13 0.00592302687705 1.22545163365e-05
13.1 0.00633141368033 1.10959767797e-05
13.2 0.0067678888093 1.00501449375e-05
13.3 0.00723449037511 9.10375660319e-06
13.4 0.00773331519675 8.24642882569e-06
13.5 0.00826654511333 7.46986290805e-06
13.6 0.00883647503069 6.76699487362e-06
13.7 0.00944565292548 6.13077666297e-06
13.8 0.0100969131668 5.55388605408e-06
13.9 0.0107931256962 5.03091016815e-06
14 0.0115373124355 4.55733208784e-06
14.1 0.0123326829453 4.12930193311e-06
14.2 0.0131829489112 3.74163263067e-06
14.3 0.0140919341773 3.3902851834e-06
14.4 0.0150636153862 3.0721096719e-06
14.5 0.0161021753957 2.78450482735e-06
14.6 0.0172122505903 2.52463525818e-06
14.7 0.0183990100201 2.28918096452e-06
14.8 0.0196676848943 2.07582655415e-06
14.9 0.0210237830985 1.88258226563e-06
15 0.0224731404038 1.70772873144e-06
15.1 0.0240224257534 1.54931081154e-06
15.2 0.0256786019137 1.40567788113e-06
15.3 0.0274489460694 1.27546319975e-06
15.4 0.0293412519873 1.15744938074e-06
15.5 0.0313641586554 1.05042270697e-06
15.6 0.0335266175224 9.53409300939e-07
15.7 0.035838049697 8.65605439314e-07
15.8 0.0383087449194 7.86176214574e-07
15.9 0.0409499581883 7.14206447377e-07
16 0.0437733144316 6.49003121165e-07
16.1 0.0467910923267 5.89959815631e-07
16.2 0.0500169586624 5.36461766777e-07
16.3 0.0534654300597 4.87955262874e-07
16.4 0.0571516350691 4.43978315398e-07
16.5 0.0610916382504 4.04126173746e-07
16.6 0.0653033039277 3.67990358671e-07
16.7 0.0698053954935 3.35222236255e-07
16.8 0.0746177478531 3.05521309348e-07
16.9 0.0797620145782 2.78586526564e-07
17 0.0852610333207 2.54157170275e-07
17.1 0.0911389391746 2.32008454872e-07
17.2 0.0974221957992 2.11917585358e-07
17.3 0.104138752786 1.93689265245e-07
17.4 0.111318093688 1.77155310015e-07
17.5 0.118992507697 1.62151777232e-07
17.6 0.1271961762 1.48534064403e-07
17.7 0.135965113643 1.36178266614e-07
17.8 0.145338710666 1.24963169611e-07
17.9 0.155358764349 1.14780915595e-07
18 0.166069250955 1.05539704577e-07
18.1 0.177518011556 9.71512242342e-08
18.2 0.189756138778 8.95348287979e-08
18.3 0.202837843478 8.26198624641e-08
18.4 0.216821659828 7.63411356012e-08
18.5 0.231769345926 7.06420554138e-08
18.6 0.247747587601 6.54696523477e-08
18.7 0.264827502301 6.0776037768e-08
18.8 0.283084607303 5.65191784361e-08
18.9 0.302600683604 5.26594317944e-08
19 0.323461974645 4.91625561333e-08
19.1 0.345761511434 4.59970033725e-08
19.2 0.369598586747 4.31344348549e-08
19.3 0.39507857031 4.05501526359e-08
19.4 0.422315596282 3.82210673898e-08
19.5 0.451430053758 3.61274703188e-08
19.6 0.482551719378 3.42515582267e-08
19.7 0.515819230503 3.25776275126e-08
19.8 0.551379485459 3.10924641327e-08
19.9 0.589391422247 2.97843374772e-08
20 0.630023711374 2.86436189638e-08
